[INFO ][2016-02-01 16:37:29,807][com.java.SeleniumDriver] [  213] - Execute Failed Casesfalse
[INFO ][2016-02-01 16:37:29,807][com.java.SeleniumDriver] [  214] - Browser: IE10
[INFO ][2016-02-01 16:37:29,807][com.java.SeleniumDriver] [  215] - [1, 6]
[INFO ][2016-02-01 16:37:29,807][com.java.SeleniumDriver] [  216] - Total TestCases:2
[INFO ][2016-02-01 16:37:29,807][com.java.SeleniumDriver] [  217] -  Reading Properties from Property File 
[DEBUG][2016-02-01 16:37:29,807][com.java.SeleniumDriver] [  238] - url : https://clients-xuat.bankersdashboard.com
[INFO ][2016-02-01 16:37:29,807][com.java.ImportnExport.ExportTestResultsExcel] [  116] - Time Stamp Mon Feb 01 04:37:29 IST 2016
[INFO ][2016-02-01 16:37:29,807][com.java.ImportnExport.ExportTestResultsExcel] [  175] - OUT FILE : D:\BankersDashboard/TestReports/Test Results_BankersDashBoard_020116_163729_IE10_Bank of North Carolina.xls
[INFO ][2016-02-01 16:37:29,839][com.java.ImportnExport.ExportTestResultsExcel] [  180] - Test Result file is created
[DEBUG][2016-02-01 16:37:29,939][com.java.SeleniumDriver] [  426] - Hub ip address is-------172.17.68.34
[INFO ][2016-02-01 16:37:29,939][com.java.SeleniumDriver] [  452] - Grid URL:http://172.17.68.34:4444/wd/hub
[INFO ][2016-02-01 16:37:29,939][com.java.SeleniumDriver] [  453] - Capability:Capabilities [{platform=ANY, ensureCleanSession=true, ignoreProtectedModeSettings=true, acceptSslCerts=true, ignoreZoomSetting=true, browserName=internet explorer, browserstack.ie.noFlash=true, version=null}]
[ERROR][2016-02-01 16:37:31,249][com.java.SeleniumDriver] [  498] - Unable invoke browser in grid:Could not start a new session. Possible causes are invalid address of the remote server or browser start-up failure.
Build info: version: '2.48.2', revision: '41bccdd', time: '2015-10-09 19:59:12'
System info: host: 'FVTIII438F1D', ip: '172.17.68.34', os.name: 'Windows 7', os.arch: 'x86', os.version: '6.1', java.version: '1.7.0_55'
Driver info: driver.version: SeleniumDriver
[INFO ][2016-02-01 16:37:31,249][com.java.SeleniumDriver] [  500] - Executing on local machine
[INFO ][2016-02-01 16:37:41,484][com.java.SeleniumDriver] [  248] - IE10is opened
[INFO ][2016-02-01 16:37:42,314][com.java.SeleniumDriver] [  756] - Test cases to be executed are: [1, 6]
[INFO ][2016-02-01 16:37:42,335][com.java.ImportnExport.ImportTestDataDetailsExcel] [   49] - test data details path===== D:\BankersDashboard\TestInputs\TestData.xls
[INFO ][2016-02-01 16:37:42,435][com.java.SeleniumDriver] [  856] - ------------------------------------------
[INFO ][2016-02-01 16:37:42,435][com.java.SeleniumDriver] [  857] - Test case being Executed: 1
[INFO ][2016-02-01 16:37:42,435][com.java.SeleniumDriver] [  869] - Test step:1
[INFO ][2016-02-01 16:37:42,435][com.java.SeleniumDriver] [  881] - Datavalue is----------Concept#1:1-16
[INFO ][2016-02-01 16:37:42,435][com.java.SeleniumDriver] [  905] - DataField : test
[INFO ][2016-02-01 16:37:42,435][com.java.SeleniumDriver] [  907] - DataValue : Concept#1:1-16
[INFO ][2016-02-01 16:37:42,435][com.java.SeleniumDriver] [  913] - <In Set values of the page>
[INFO ][2016-02-01 16:37:42,435][com.java.SeleniumDriver] [  916] - {Data Fields & Data Values Exist}
[INFO ][2016-02-01 16:37:42,435][com.java.SeleniumDriver] [  918] - --------------------------setting values-----------------------------
[INFO ][2016-02-01 16:37:42,435][com.java.SeleniumDriver] [  921] - Action Type : ExecuteTestCase
[INFO ][2016-02-01 16:37:42,455][com.java.TestType] [  448] - The Concept sheet name is ---------- Concept
[INFO ][2016-02-01 16:37:42,455][com.java.TestType] [  451] - The Concept ID  is ---------- 1
[DEBUG][2016-02-01 16:37:42,455][com.java.TestType] [  455] - Steps being executted in the Concept are: 1:16
[INFO ][2016-02-01 16:37:42,455][com.java.TestType] [  462] - Test data details path ---------- D:\BankersDashboard\TestInputs\TestData.xls
[INFO ][2016-02-01 16:37:42,485][com.java.TestType] [  493] -  str(1) = 1
[INFO ][2016-02-01 16:37:42,485][com.java.TestType] [  496] - Test case Id is---1
[INFO ][2016-02-01 16:37:42,485][com.java.TestType] [  498] - 1
[INFO ][2016-02-01 16:37:42,485][com.java.TestType] [  493] -  str(2) = 1
[INFO ][2016-02-01 16:37:42,495][com.java.TestType] [  493] -  str(1) = 1
[INFO ][2016-02-01 16:37:42,495][com.java.TestType] [  496] - Test case Id is---1
[INFO ][2016-02-01 16:37:42,495][com.java.TestType] [  498] - 1
[INFO ][2016-02-01 16:37:42,495][com.java.TestType] [  493] -  str(2) = 2
[INFO ][2016-02-01 16:37:42,495][com.java.TestType] [  493] -  str(1) = 1
[INFO ][2016-02-01 16:37:42,495][com.java.TestType] [  496] - Test case Id is---1
[INFO ][2016-02-01 16:37:42,495][com.java.TestType] [  498] - 1
[INFO ][2016-02-01 16:37:42,495][com.java.TestType] [  493] -  str(2) = 3
[INFO ][2016-02-01 16:37:42,495][com.java.TestType] [  493] -  str(1) = 1
[INFO ][2016-02-01 16:37:42,495][com.java.TestType] [  496] - Test case Id is---1
[INFO ][2016-02-01 16:37:42,495][com.java.TestType] [  498] - 1
[INFO ][2016-02-01 16:37:42,495][com.java.TestType] [  493] -  str(2) = 4
[INFO ][2016-02-01 16:37:42,495][com.java.TestType] [  493] -  str(1) = 1
[INFO ][2016-02-01 16:37:42,495][com.java.TestType] [  496] - Test case Id is---1
[INFO ][2016-02-01 16:37:42,495][com.java.TestType] [  498] - 1
[INFO ][2016-02-01 16:37:42,495][com.java.TestType] [  493] -  str(2) = 5
[INFO ][2016-02-01 16:37:42,495][com.java.TestType] [  493] -  str(1) = 1
[INFO ][2016-02-01 16:37:42,495][com.java.TestType] [  496] - Test case Id is---1
[INFO ][2016-02-01 16:37:42,495][com.java.TestType] [  498] - 1
[INFO ][2016-02-01 16:37:42,495][com.java.TestType] [  493] -  str(2) = 6
[INFO ][2016-02-01 16:37:42,505][com.java.TestType] [  493] -  str(1) = 1
[INFO ][2016-02-01 16:37:42,505][com.java.TestType] [  496] - Test case Id is---1
[INFO ][2016-02-01 16:37:42,505][com.java.TestType] [  498] - 1
[INFO ][2016-02-01 16:37:42,505][com.java.TestType] [  493] -  str(2) = 7
[INFO ][2016-02-01 16:37:42,505][com.java.TestType] [  493] -  str(1) = 1
[INFO ][2016-02-01 16:37:42,505][com.java.TestType] [  496] - Test case Id is---1
[INFO ][2016-02-01 16:37:42,505][com.java.TestType] [  498] - 1
[INFO ][2016-02-01 16:37:42,505][com.java.TestType] [  493] -  str(2) = 8
[INFO ][2016-02-01 16:37:42,505][com.java.TestType] [  493] -  str(1) = 1
[INFO ][2016-02-01 16:37:42,505][com.java.TestType] [  496] - Test case Id is---1
[INFO ][2016-02-01 16:37:42,505][com.java.TestType] [  498] - 1
[INFO ][2016-02-01 16:37:42,505][com.java.TestType] [  493] -  str(2) = 9
[INFO ][2016-02-01 16:37:42,505][com.java.TestType] [  493] -  str(1) = 1
[INFO ][2016-02-01 16:37:42,505][com.java.TestType] [  496] - Test case Id is---1
[INFO ][2016-02-01 16:37:42,505][com.java.TestType] [  498] - 1
[INFO ][2016-02-01 16:37:42,505][com.java.TestType] [  493] -  str(2) = 10
[INFO ][2016-02-01 16:37:42,505][com.java.TestType] [  493] -  str(1) = 1
[INFO ][2016-02-01 16:37:42,505][com.java.TestType] [  496] - Test case Id is---1
[INFO ][2016-02-01 16:37:42,505][com.java.TestType] [  498] - 1
[INFO ][2016-02-01 16:37:42,505][com.java.TestType] [  493] -  str(2) = 11
[INFO ][2016-02-01 16:37:42,505][com.java.TestType] [  493] -  str(1) = 1
[INFO ][2016-02-01 16:37:42,505][com.java.TestType] [  496] - Test case Id is---1
[INFO ][2016-02-01 16:37:42,505][com.java.TestType] [  498] - 1
[INFO ][2016-02-01 16:37:42,505][com.java.TestType] [  493] -  str(2) = 12
[INFO ][2016-02-01 16:37:42,505][com.java.TestType] [  493] -  str(1) = 1
[INFO ][2016-02-01 16:37:42,505][com.java.TestType] [  496] - Test case Id is---1
[INFO ][2016-02-01 16:37:42,505][com.java.TestType] [  498] - 1
[INFO ][2016-02-01 16:37:42,505][com.java.TestType] [  493] -  str(2) = 13
[INFO ][2016-02-01 16:37:42,505][com.java.TestType] [  493] -  str(1) = 1
[INFO ][2016-02-01 16:37:42,505][com.java.TestType] [  496] - Test case Id is---1
[INFO ][2016-02-01 16:37:42,505][com.java.TestType] [  498] - 1
[INFO ][2016-02-01 16:37:42,505][com.java.TestType] [  493] -  str(2) = 14
[INFO ][2016-02-01 16:37:42,505][com.java.TestType] [  493] -  str(1) = 1
[INFO ][2016-02-01 16:37:42,505][com.java.TestType] [  496] - Test case Id is---1
[INFO ][2016-02-01 16:37:42,505][com.java.TestType] [  498] - 1
[INFO ][2016-02-01 16:37:42,505][com.java.TestType] [  493] -  str(2) = 15
[INFO ][2016-02-01 16:37:42,515][com.java.TestType] [  493] -  str(1) = 1
[INFO ][2016-02-01 16:37:42,515][com.java.TestType] [  496] - Test case Id is---1
[INFO ][2016-02-01 16:37:42,515][com.java.TestType] [  498] - 1
[INFO ][2016-02-01 16:37:42,515][com.java.TestType] [  493] -  str(2) = 16
[INFO ][2016-02-01 16:37:42,515][com.java.TestType] [11822] - Looping 1TCID = 1
[DEBUG][2016-02-01 16:37:42,515][com.java.TestType] [11863] - Concept ID:1 :: Step being Executed: 1::1
[INFO ][2016-02-01 16:37:42,515][com.java.TestType] [11901] - dataFields : TXTusername
[DEBUG][2016-02-01 16:37:42,515][com.java.TestType] [11907] - <In Set values of the page>
[DEBUG][2016-02-01 16:37:42,515][com.java.TestType] [11912] - {Data Fields & Data Values Exist}
[INFO ][2016-02-01 16:37:42,515][com.java.TestType] [11918] - --------------------------setting values-----------------------------
[INFO ][2016-02-01 16:37:42,515][com.java.TestType] [11921] - Action Type : CLEARANDENTER
[INFO ][2016-02-01 16:37:44,806][com.java.TestType] [ 6556] - value = valuelabs.ie10.33527
[INFO ][2016-02-01 16:37:47,229][com.java.TestType] [11940] -  RESULT true
[INFO ][2016-02-01 16:37:47,229][com.java.TestType] [12057] - ?   P A S S   ?
[DEBUG][2016-02-01 16:37:47,229][com.java.TestType] [11863] - Concept ID:1 :: Step being Executed: 1::2
[INFO ][2016-02-01 16:37:47,229][com.java.TestType] [11901] - dataFields : TXTpassword
[DEBUG][2016-02-01 16:37:47,229][com.java.TestType] [11907] - <In Set values of the page>
[DEBUG][2016-02-01 16:37:47,229][com.java.TestType] [11912] - {Data Fields & Data Values Exist}
[INFO ][2016-02-01 16:37:47,229][com.java.TestType] [11918] - --------------------------setting values-----------------------------
[INFO ][2016-02-01 16:37:47,229][com.java.TestType] [11921] - Action Type : CLEARANDENTER
[INFO ][2016-02-01 16:37:49,480][com.java.TestType] [ 6556] - value = Password1*
[INFO ][2016-02-01 16:37:52,056][com.java.TestType] [11940] -  RESULT true
[INFO ][2016-02-01 16:37:52,056][com.java.TestType] [12057] - ?   P A S S   ?
[DEBUG][2016-02-01 16:37:52,056][com.java.TestType] [11863] - Concept ID:1 :: Step being Executed: 1::3
[ERROR][2016-02-01 16:37:52,056][com.java.TestType] [11896] - Exception: null
[INFO ][2016-02-01 16:37:52,056][com.java.TestType] [11901] - dataFields : XPH//button[@type='submit']
[DEBUG][2016-02-01 16:37:52,056][com.java.TestType] [11907] - <In Set values of the page>
[DEBUG][2016-02-01 16:37:52,056][com.java.TestType] [11912] - {Data Fields & Data Values Exist}
[INFO ][2016-02-01 16:37:52,056][com.java.TestType] [11918] - --------------------------setting values-----------------------------
[INFO ][2016-02-01 16:37:52,056][com.java.TestType] [11921] - Action Type : Click
[INFO ][2016-02-01 16:37:52,056][com.java.TestType] [ 6935] - Field ::XPH//button[@type='submit']
[INFO ][2016-02-01 16:37:52,056][com.java.TestType] [ 6556] - value = 
[INFO ][2016-02-01 16:37:53,056][com.java.TestType] [ 7108] - BEFORE CLICK
[INFO ][2016-02-01 16:37:53,909][com.java.TestType] [ 7116] - Unable to click the object Login
[INFO ][2016-02-01 16:37:53,909][com.java.TestType] [11940] -  RESULT true
[INFO ][2016-02-01 16:37:53,909][com.java.TestType] [12057] - ?   P A S S   ?
[DEBUG][2016-02-01 16:37:53,909][com.java.TestType] [11863] - Concept ID:1 :: Step being Executed: 1::4
[INFO ][2016-02-01 16:37:53,909][com.java.TestType] [11901] - dataFields : LNKLogout
[DEBUG][2016-02-01 16:37:53,909][com.java.TestType] [11907] - <In Set values of the page>
[DEBUG][2016-02-01 16:37:53,909][com.java.TestType] [11912] - {Data Fields & Data Values Exist}
[INFO ][2016-02-01 16:37:53,909][com.java.TestType] [11918] - --------------------------setting values-----------------------------
[INFO ][2016-02-01 16:37:53,909][com.java.TestType] [11921] - Action Type : WaitForElement
[INFO ][2016-02-01 16:37:57,387][com.java.TestType] [11940] -  RESULT true
[INFO ][2016-02-01 16:37:57,387][com.java.TestType] [12057] - ?   P A S S   ?
[DEBUG][2016-02-01 16:37:57,387][com.java.TestType] [11863] - Concept ID:1 :: Step being Executed: 1::15
[INFO ][2016-02-01 16:37:57,387][com.java.TestType] [11901] - dataFields : LNK
[DEBUG][2016-02-01 16:37:57,387][com.java.TestType] [11907] - <In Set values of the page>
[DEBUG][2016-02-01 16:37:57,387][com.java.TestType] [11912] - {Data Fields & Data Values Exist}
[INFO ][2016-02-01 16:37:57,387][com.java.TestType] [11918] - --------------------------setting values-----------------------------
[INFO ][2016-02-01 16:37:57,387][com.java.TestType] [11921] - Action Type : Verify
[INFO ][2016-02-01 16:37:57,387][com.java.TestType] [ 8158] - field= LNK value= Logout
[INFO ][2016-02-01 16:37:57,387][com.java.TestType] [ 6556] - value = Logout
[INFO ][2016-02-01 16:37:57,428][com.java.TestType] [11940] -  RESULT true
[INFO ][2016-02-01 16:37:57,428][com.java.TestType] [12057] - ?   P A S S   ?
[DEBUG][2016-02-01 16:37:57,428][com.java.TestType] [11863] - Concept ID:1 :: Step being Executed: 1::16
[INFO ][2016-02-01 16:37:57,428][com.java.TestType] [11901] - dataFields : BTN
[DEBUG][2016-02-01 16:37:57,428][com.java.TestType] [11907] - <In Set values of the page>
[DEBUG][2016-02-01 16:37:57,428][com.java.TestType] [11912] - {Data Fields & Data Values Exist}
[INFO ][2016-02-01 16:37:57,428][com.java.TestType] [11918] - --------------------------setting values-----------------------------
[INFO ][2016-02-01 16:37:57,428][com.java.TestType] [11921] - Action Type : Verify
[INFO ][2016-02-01 16:37:57,428][com.java.TestType] [ 8158] - field= BTN value= //img[contains(@src,'bdlogo.jpg')]
[INFO ][2016-02-01 16:37:57,428][com.java.TestType] [ 6556] - value = //img[contains(@src,'bdlogo.jpg')]
[INFO ][2016-02-01 16:37:57,498][com.java.TestType] [11940] -  RESULT true
[INFO ][2016-02-01 16:37:57,498][com.java.TestType] [12057] - ?   P A S S   ?
[INFO ][2016-02-01 16:37:57,498][com.java.TestType] [12128] - Looping End......
[INFO ][2016-02-01 16:37:57,498][com.java.SeleniumDriver] [  930] -  RESULT true
[INFO ][2016-02-01 16:37:57,498][com.java.SeleniumDriver] [ 1136] - ?   P A S S   ?
[INFO ][2016-02-01 16:37:57,498][com.java.SeleniumDriver] [  856] - ------------------------------------------
[INFO ][2016-02-01 16:37:57,498][com.java.SeleniumDriver] [  857] - Test case being Executed: 1
[INFO ][2016-02-01 16:37:57,498][com.java.SeleniumDriver] [  869] - Test step:2
[INFO ][2016-02-01 16:37:57,498][com.java.SeleniumDriver] [  881] - Datavalue is----------Concept#2:1-2
[INFO ][2016-02-01 16:37:57,498][com.java.SeleniumDriver] [  905] - DataField : test
[INFO ][2016-02-01 16:37:57,498][com.java.SeleniumDriver] [  907] - DataValue : Concept#2:1-2
[INFO ][2016-02-01 16:37:57,498][com.java.SeleniumDriver] [  913] - <In Set values of the page>
[INFO ][2016-02-01 16:37:57,498][com.java.SeleniumDriver] [  916] - {Data Fields & Data Values Exist}
[INFO ][2016-02-01 16:37:57,498][com.java.SeleniumDriver] [  918] - --------------------------setting values-----------------------------
[INFO ][2016-02-01 16:37:57,498][com.java.SeleniumDriver] [  921] - Action Type : ExecuteTestCase
[INFO ][2016-02-01 16:37:57,498][com.java.TestType] [  448] - The Concept sheet name is ---------- Concept
[INFO ][2016-02-01 16:37:57,498][com.java.TestType] [  451] - The Concept ID  is ---------- 2
[DEBUG][2016-02-01 16:37:57,498][com.java.TestType] [  455] - Steps being executted in the Concept are: 1:2
[INFO ][2016-02-01 16:37:57,498][com.java.TestType] [  462] - Test data details path ---------- D:\BankersDashboard\TestInputs\TestData.xls
[INFO ][2016-02-01 16:37:57,528][com.java.TestType] [  493] -  str(1) = 2
[INFO ][2016-02-01 16:37:57,528][com.java.TestType] [  496] - Test case Id is---2
[INFO ][2016-02-01 16:37:57,528][com.java.TestType] [  498] - 2
[INFO ][2016-02-01 16:37:57,528][com.java.TestType] [  493] -  str(2) = 1
[INFO ][2016-02-01 16:37:57,538][com.java.TestType] [  493] -  str(1) = 2
[INFO ][2016-02-01 16:37:57,538][com.java.TestType] [  496] - Test case Id is---2
[INFO ][2016-02-01 16:37:57,538][com.java.TestType] [  498] - 2
[INFO ][2016-02-01 16:37:57,538][com.java.TestType] [  493] -  str(2) = 2
[INFO ][2016-02-01 16:37:57,538][com.java.TestType] [  493] -  str(1) = 2
[INFO ][2016-02-01 16:37:57,538][com.java.TestType] [  496] - Test case Id is---2
[INFO ][2016-02-01 16:37:57,538][com.java.TestType] [  498] - 2
[INFO ][2016-02-01 16:37:57,538][com.java.TestType] [  493] -  str(2) = 3
[INFO ][2016-02-01 16:37:57,538][com.java.TestType] [11822] - Looping 1TCID = 2
[DEBUG][2016-02-01 16:37:57,538][com.java.TestType] [11863] - Concept ID:2 :: Step being Executed: 2::1
[INFO ][2016-02-01 16:37:57,538][com.java.TestType] [11901] - dataFields : BNK//select[@id='bank']
[DEBUG][2016-02-01 16:37:57,538][com.java.TestType] [11907] - <In Set values of the page>
[DEBUG][2016-02-01 16:37:57,538][com.java.TestType] [11912] - {Data Fields & Data Values Exist}
[INFO ][2016-02-01 16:37:57,538][com.java.TestType] [11918] - --------------------------setting values-----------------------------
[INFO ][2016-02-01 16:37:57,538][com.java.TestType] [11921] - Action Type : Select
[INFO ][2016-02-01 16:37:57,538][com.java.TestType] [ 6556] - value = PFC
[INFO ][2016-02-01 16:37:58,438][com.java.TestType] [11940] -  RESULT true
[INFO ][2016-02-01 16:37:58,438][com.java.TestType] [12057] - ?   P A S S   ?
[DEBUG][2016-02-01 16:37:58,438][com.java.TestType] [11863] - Concept ID:2 :: Step being Executed: 2::2
[INFO ][2016-02-01 16:37:58,438][com.java.TestType] [11901] - dataFields : LNKLogout
[DEBUG][2016-02-01 16:37:58,438][com.java.TestType] [11907] - <In Set values of the page>
[DEBUG][2016-02-01 16:37:58,438][com.java.TestType] [11912] - {Data Fields & Data Values Exist}
[INFO ][2016-02-01 16:37:58,438][com.java.TestType] [11918] - --------------------------setting values-----------------------------
[INFO ][2016-02-01 16:37:58,438][com.java.TestType] [11921] - Action Type : WaitTime
[DEBUG][2016-02-01 16:37:58,438][com.java.TestType] [ 6370] - sleepTime: 5000
[INFO ][2016-02-01 16:38:03,439][com.java.TestType] [11940] -  RESULT true
[INFO ][2016-02-01 16:38:03,439][com.java.TestType] [12057] - ?   P A S S   ?
[INFO ][2016-02-01 16:38:03,439][com.java.TestType] [12128] - Looping End......
[INFO ][2016-02-01 16:38:03,439][com.java.SeleniumDriver] [  930] -  RESULT true
[INFO ][2016-02-01 16:38:03,439][com.java.SeleniumDriver] [ 1136] - ?   P A S S   ?
[INFO ][2016-02-01 16:38:03,439][com.java.SeleniumDriver] [  856] - ------------------------------------------
[INFO ][2016-02-01 16:38:03,439][com.java.SeleniumDriver] [  857] - Test case being Executed: 1
[INFO ][2016-02-01 16:38:03,439][com.java.SeleniumDriver] [  869] - Test step:3
[INFO ][2016-02-01 16:38:03,439][com.java.SeleniumDriver] [  881] - Datavalue is----------2
[INFO ][2016-02-01 16:38:03,439][com.java.SeleniumDriver] [  905] - DataField : XPH//button[contains(text(),'Add Content')]
[INFO ][2016-02-01 16:38:03,439][com.java.SeleniumDriver] [  907] - DataValue : 2
[INFO ][2016-02-01 16:38:03,439][com.java.SeleniumDriver] [  913] - <In Set values of the page>
[INFO ][2016-02-01 16:38:03,439][com.java.SeleniumDriver] [  916] - {Data Fields & Data Values Exist}
[INFO ][2016-02-01 16:38:03,439][com.java.SeleniumDriver] [  918] - --------------------------setting values-----------------------------
[INFO ][2016-02-01 16:38:03,439][com.java.SeleniumDriver] [  921] - Action Type : WAITFORELEMENT
[INFO ][2016-02-01 16:38:03,650][com.java.SeleniumDriver] [  930] -  RESULT true
[INFO ][2016-02-01 16:38:03,650][com.java.SeleniumDriver] [ 1136] - ?   P A S S   ?
[DEBUG][2016-02-01 16:38:03,650][com.java.SeleniumDriver] [ 1248] - Case found
[DEBUG][2016-02-01 16:38:03,650][com.java.SeleniumDriver] [ 1253] - Incrementing ReportCounters[0]:1
[INFO ][2016-02-01 16:38:03,650][com.java.SeleniumDriver] [ 1272] - The results are-------------------[1, 1, Valid Login, Pass, , Mon Feb 01 16:37:57 IST 2016, 1, 2, Valid Login, Pass, , Mon Feb 01 16:38:03 IST 2016, 1, 3, Valid Login, Pass, , Mon Feb 01 16:38:03 IST 2016]
[INFO ][2016-02-01 16:38:03,650][com.java.SeleniumDriver] [ 1276] - End time is-------36 sec
[INFO ][2016-02-01 16:38:03,650][com.java.SeleniumDriver] [ 1277] - The results are-------------------[1, 1, Valid Login, Pass, , Mon Feb 01 16:37:57 IST 2016, 1, 2, Valid Login, Pass, , Mon Feb 01 16:38:03 IST 2016, 1, 3, Valid Login, Pass, , Mon Feb 01 16:38:03 IST 2016]
[DEBUG][2016-02-01 16:38:03,650][com.java.ImportnExport.ExportTestResultsExcel] [  222] - testResultPath = D:\BankersDashboard/TestReports/Test Results_BankersDashBoard_020116_163729_IE10_Bank of North Carolina.xls
[DEBUG][2016-02-01 16:38:03,650][com.java.ImportnExport.ExportTestResultsExcel] [  223] - browser is------------IE10
[DEBUG][2016-02-01 16:38:03,700][com.java.ImportnExport.ExportTestResultsExcel] [  270] - result.size() = 18
[DEBUG][2016-02-01 16:38:03,700][com.java.ImportnExport.ExportTestResultsExcel] [  274] - No of rows in sheet=1
[DEBUG][2016-02-01 16:38:03,700][com.java.ImportnExport.ExportTestResultsExcel] [  301] - ..in export..1
[DEBUG][2016-02-01 16:38:03,700][com.java.ImportnExport.ExportTestResultsExcel] [  301] - ..in export..Valid Login
[DEBUG][2016-02-01 16:38:03,700][com.java.ImportnExport.ExportTestResultsExcel] [  301] - ..in export..Pass
[DEBUG][2016-02-01 16:38:03,700][com.java.ImportnExport.ExportTestResultsExcel] [  301] - ..in export..
[DEBUG][2016-02-01 16:38:03,700][com.java.ImportnExport.ExportTestResultsExcel] [  301] - ..in export..Mon Feb 01 16:37:57 IST 2016
[INFO ][2016-02-01 16:38:03,700][com.java.SeleniumDriver] [ 1337] - out loop:0 size:2 TestCases:[1, 6] testcases:[1, 6]
[INFO ][2016-02-01 16:38:03,700][com.java.ImportnExport.ImportTestDataDetailsExcel] [   49] - test data details path===== D:\BankersDashboard\TestInputs\TestData.xls
[INFO ][2016-02-01 16:38:22,569][com.java.SeleniumDriver] [  856] - ------------------------------------------
[INFO ][2016-02-01 16:38:22,569][com.java.SeleniumDriver] [  857] - Test case being Executed: 6
[INFO ][2016-02-01 16:38:22,569][com.java.SeleniumDriver] [  869] - Test step:1
[INFO ][2016-02-01 16:38:22,569][com.java.SeleniumDriver] [  881] - Datavalue is----------Logout
[INFO ][2016-02-01 16:38:22,569][com.java.SeleniumDriver] [  905] - DataField : BTN
[INFO ][2016-02-01 16:38:22,569][com.java.SeleniumDriver] [  907] - DataValue : Logout
[INFO ][2016-02-01 16:38:22,569][com.java.SeleniumDriver] [  913] - <In Set values of the page>
[INFO ][2016-02-01 16:38:22,569][com.java.SeleniumDriver] [  916] - {Data Fields & Data Values Exist}
[INFO ][2016-02-01 16:38:22,569][com.java.SeleniumDriver] [  918] - --------------------------setting values-----------------------------
[INFO ][2016-02-01 16:38:22,569][com.java.SeleniumDriver] [  921] - Action Type : Verify
[INFO ][2016-02-01 16:38:22,569][com.java.TestType] [ 8158] - field= BTN value= Logout
[INFO ][2016-02-01 16:38:22,569][com.java.TestType] [ 6556] - value = Logout
[INFO ][2016-02-01 16:38:23,010][com.java.SeleniumDriver] [  930] -  RESULT true
[INFO ][2016-02-01 16:38:23,010][com.java.SeleniumDriver] [ 1136] - ?   P A S S   ?
[INFO ][2016-02-01 16:38:23,010][com.java.SeleniumDriver] [ 1178] - step change to 3
[INFO ][2016-02-01 16:38:23,010][com.java.SeleniumDriver] [  856] - ------------------------------------------
[INFO ][2016-02-01 16:38:23,010][com.java.SeleniumDriver] [  857] - Test case being Executed: 6
[INFO ][2016-02-01 16:38:23,010][com.java.SeleniumDriver] [  869] - Test step:3
[INFO ][2016-02-01 16:38:23,010][com.java.SeleniumDriver] [  881] - Datavalue is----------Concept#2:1-2
[INFO ][2016-02-01 16:38:23,010][com.java.SeleniumDriver] [  905] - DataField : test
[INFO ][2016-02-01 16:38:23,010][com.java.SeleniumDriver] [  907] - DataValue : Concept#2:1-2
[INFO ][2016-02-01 16:38:23,010][com.java.SeleniumDriver] [  913] - <In Set values of the page>
[INFO ][2016-02-01 16:38:23,010][com.java.SeleniumDriver] [  916] - {Data Fields & Data Values Exist}
[INFO ][2016-02-01 16:38:23,010][com.java.SeleniumDriver] [  918] - --------------------------setting values-----------------------------
[INFO ][2016-02-01 16:38:23,010][com.java.SeleniumDriver] [  921] - Action Type : ExecuteTestCase
[INFO ][2016-02-01 16:38:23,010][com.java.TestType] [  448] - The Concept sheet name is ---------- Concept
[INFO ][2016-02-01 16:38:23,010][com.java.TestType] [  451] - The Concept ID  is ---------- 2
[DEBUG][2016-02-01 16:38:23,010][com.java.TestType] [  455] - Steps being executted in the Concept are: 1:2
[INFO ][2016-02-01 16:38:23,010][com.java.TestType] [  462] - Test data details path ---------- D:\BankersDashboard\TestInputs\TestData.xls
[INFO ][2016-02-01 16:38:23,040][com.java.TestType] [  493] -  str(1) = 2
[INFO ][2016-02-01 16:38:23,040][com.java.TestType] [  496] - Test case Id is---2
[INFO ][2016-02-01 16:38:23,040][com.java.TestType] [  498] - 2
[INFO ][2016-02-01 16:38:23,040][com.java.TestType] [  493] -  str(2) = 1
[INFO ][2016-02-01 16:38:23,040][com.java.TestType] [  493] -  str(1) = 2
[INFO ][2016-02-01 16:38:23,040][com.java.TestType] [  496] - Test case Id is---2
[INFO ][2016-02-01 16:38:23,040][com.java.TestType] [  498] - 2
[INFO ][2016-02-01 16:38:23,040][com.java.TestType] [  493] -  str(2) = 2
[INFO ][2016-02-01 16:38:23,040][com.java.TestType] [  493] -  str(1) = 2
[INFO ][2016-02-01 16:38:23,040][com.java.TestType] [  496] - Test case Id is---2
[INFO ][2016-02-01 16:38:23,040][com.java.TestType] [  498] - 2
[INFO ][2016-02-01 16:38:23,040][com.java.TestType] [  493] -  str(2) = 3
[INFO ][2016-02-01 16:38:23,040][com.java.TestType] [11822] - Looping 1TCID = 2
[DEBUG][2016-02-01 16:38:23,040][com.java.TestType] [11863] - Concept ID:2 :: Step being Executed: 2::1
[INFO ][2016-02-01 16:38:23,040][com.java.TestType] [11901] - dataFields : BNK//select[@id='bank']
[DEBUG][2016-02-01 16:38:23,040][com.java.TestType] [11907] - <In Set values of the page>
[DEBUG][2016-02-01 16:38:23,040][com.java.TestType] [11912] - {Data Fields & Data Values Exist}
[INFO ][2016-02-01 16:38:23,040][com.java.TestType] [11918] - --------------------------setting values-----------------------------
[INFO ][2016-02-01 16:38:23,040][com.java.TestType] [11921] - Action Type : Select
[INFO ][2016-02-01 16:38:23,040][com.java.TestType] [ 6556] - value = PFC
[INFO ][2016-02-01 16:38:24,221][com.java.TestType] [11940] -  RESULT true
[INFO ][2016-02-01 16:38:24,221][com.java.TestType] [12057] - ?   P A S S   ?
[DEBUG][2016-02-01 16:38:24,221][com.java.TestType] [11863] - Concept ID:2 :: Step being Executed: 2::2
[INFO ][2016-02-01 16:38:24,221][com.java.TestType] [11901] - dataFields : LNKLogout
[DEBUG][2016-02-01 16:38:24,221][com.java.TestType] [11907] - <In Set values of the page>
[DEBUG][2016-02-01 16:38:24,221][com.java.TestType] [11912] - {Data Fields & Data Values Exist}
[INFO ][2016-02-01 16:38:24,221][com.java.TestType] [11918] - --------------------------setting values-----------------------------
[INFO ][2016-02-01 16:38:24,221][com.java.TestType] [11921] - Action Type : WaitTime
[DEBUG][2016-02-01 16:38:24,221][com.java.TestType] [ 6370] - sleepTime: 5000
[INFO ][2016-02-01 16:38:29,221][com.java.TestType] [11940] -  RESULT true
[INFO ][2016-02-01 16:38:29,221][com.java.TestType] [12057] - ?   P A S S   ?
[INFO ][2016-02-01 16:38:29,221][com.java.TestType] [12128] - Looping End......
[INFO ][2016-02-01 16:38:29,221][com.java.SeleniumDriver] [  930] -  RESULT true
[INFO ][2016-02-01 16:38:29,221][com.java.SeleniumDriver] [ 1136] - ?   P A S S   ?
[INFO ][2016-02-01 16:38:29,221][com.java.SeleniumDriver] [  856] - ------------------------------------------
[INFO ][2016-02-01 16:38:29,221][com.java.SeleniumDriver] [  857] - Test case being Executed: 6
[INFO ][2016-02-01 16:38:29,221][com.java.SeleniumDriver] [  869] - Test step:4
[INFO ][2016-02-01 16:38:29,221][com.java.SeleniumDriver] [  881] - Datavalue is----------2
[INFO ][2016-02-01 16:38:29,221][com.java.SeleniumDriver] [  905] - DataField : BTNG/L
[INFO ][2016-02-01 16:38:29,221][com.java.SeleniumDriver] [  907] - DataValue : 2
[INFO ][2016-02-01 16:38:29,221][com.java.SeleniumDriver] [  913] - <In Set values of the page>
[INFO ][2016-02-01 16:38:29,221][com.java.SeleniumDriver] [  916] - {Data Fields & Data Values Exist}
[INFO ][2016-02-01 16:38:29,221][com.java.SeleniumDriver] [  918] - --------------------------setting values-----------------------------
[INFO ][2016-02-01 16:38:29,221][com.java.SeleniumDriver] [  921] - Action Type : WAITFORELEMENT
[INFO ][2016-02-01 16:38:29,462][com.java.SeleniumDriver] [  930] -  RESULT true
[INFO ][2016-02-01 16:38:29,462][com.java.SeleniumDriver] [ 1136] - ?   P A S S   ?
[INFO ][2016-02-01 16:38:29,462][com.java.SeleniumDriver] [  856] - ------------------------------------------
[INFO ][2016-02-01 16:38:29,462][com.java.SeleniumDriver] [  857] - Test case being Executed: 6
[INFO ][2016-02-01 16:38:29,462][com.java.SeleniumDriver] [  869] - Test step:5
[INFO ][2016-02-01 16:38:29,462][com.java.SeleniumDriver] [  881] - Datavalue is----------null
[DEBUG][2016-02-01 16:38:29,462][com.java.SeleniumDriver] [  899] - Exception: null
[INFO ][2016-02-01 16:38:29,462][com.java.SeleniumDriver] [  905] - DataField : //span[@class='icon-hammer']&&//a[text()='Custom Calculations']
[INFO ][2016-02-01 16:38:29,462][com.java.SeleniumDriver] [  907] - DataValue : 
[INFO ][2016-02-01 16:38:29,462][com.java.SeleniumDriver] [  913] - <In Set values of the page>
[INFO ][2016-02-01 16:38:29,462][com.java.SeleniumDriver] [  916] - {Data Fields & Data Values Exist}
[INFO ][2016-02-01 16:38:29,462][com.java.SeleniumDriver] [  918] - --------------------------setting values-----------------------------
[INFO ][2016-02-01 16:38:29,462][com.java.SeleniumDriver] [  921] - Action Type : MOUSEOVER
[INFO ][2016-02-01 16:39:13,603][com.java.SeleniumDriver] [  930] -  RESULT true
[INFO ][2016-02-01 16:39:13,603][com.java.SeleniumDriver] [ 1136] - ?   P A S S   ?
[INFO ][2016-02-01 16:39:13,603][com.java.SeleniumDriver] [  856] - ------------------------------------------
[INFO ][2016-02-01 16:39:13,603][com.java.SeleniumDriver] [  857] - Test case being Executed: 6
[INFO ][2016-02-01 16:39:13,603][com.java.SeleniumDriver] [  869] - Test step:6
[INFO ][2016-02-01 16:39:13,603][com.java.SeleniumDriver] [  881] - Datavalue is----------5
[INFO ][2016-02-01 16:39:13,603][com.java.SeleniumDriver] [  905] - DataField : BTN//iframe[@class='frameTabContent']
[INFO ][2016-02-01 16:39:13,603][com.java.SeleniumDriver] [  907] - DataValue : 5
[INFO ][2016-02-01 16:39:13,603][com.java.SeleniumDriver] [  913] - <In Set values of the page>
[INFO ][2016-02-01 16:39:13,603][com.java.SeleniumDriver] [  916] - {Data Fields & Data Values Exist}
[INFO ][2016-02-01 16:39:13,603][com.java.SeleniumDriver] [  918] - --------------------------setting values-----------------------------
[INFO ][2016-02-01 16:39:13,603][com.java.SeleniumDriver] [  921] - Action Type : waitforelement
[INFO ][2016-02-01 16:39:13,944][com.java.SeleniumDriver] [  930] -  RESULT true
[INFO ][2016-02-01 16:39:13,944][com.java.SeleniumDriver] [ 1136] - ?   P A S S   ?
[INFO ][2016-02-01 16:39:13,944][com.java.SeleniumDriver] [  856] - ------------------------------------------
[INFO ][2016-02-01 16:39:13,944][com.java.SeleniumDriver] [  857] - Test case being Executed: 6
[INFO ][2016-02-01 16:39:13,944][com.java.SeleniumDriver] [  869] - Test step:7
[INFO ][2016-02-01 16:39:13,944][com.java.SeleniumDriver] [  881] - Datavalue is----------null
[DEBUG][2016-02-01 16:39:13,944][com.java.SeleniumDriver] [  899] - Exception: null
[INFO ][2016-02-01 16:39:13,944][com.java.SeleniumDriver] [  905] - DataField : BTN//iframe[@class='frameTabContent']
[INFO ][2016-02-01 16:39:13,944][com.java.SeleniumDriver] [  907] - DataValue : 
[INFO ][2016-02-01 16:39:13,944][com.java.SeleniumDriver] [  913] - <In Set values of the page>
[INFO ][2016-02-01 16:39:13,944][com.java.SeleniumDriver] [  916] - {Data Fields & Data Values Exist}
[INFO ][2016-02-01 16:39:13,944][com.java.SeleniumDriver] [  918] - --------------------------setting values-----------------------------
[INFO ][2016-02-01 16:39:13,944][com.java.SeleniumDriver] [  921] - Action Type : selectframe
[INFO ][2016-02-01 16:39:14,724][com.java.SeleniumDriver] [  930] -  RESULT true
[INFO ][2016-02-01 16:39:14,724][com.java.SeleniumDriver] [ 1136] - ?   P A S S   ?
[INFO ][2016-02-01 16:39:14,724][com.java.SeleniumDriver] [  856] - ------------------------------------------
[INFO ][2016-02-01 16:39:14,724][com.java.SeleniumDriver] [  857] - Test case being Executed: 6
[INFO ][2016-02-01 16:39:14,724][com.java.SeleniumDriver] [  869] - Test step:8
[INFO ][2016-02-01 16:39:14,724][com.java.SeleniumDriver] [  881] - Datavalue is----------3
[INFO ][2016-02-01 16:39:14,724][com.java.SeleniumDriver] [  905] - DataField : XPH//span[@class='glyphicon glyphicon-plus']
[INFO ][2016-02-01 16:39:14,724][com.java.SeleniumDriver] [  907] - DataValue : 3
[INFO ][2016-02-01 16:39:14,724][com.java.SeleniumDriver] [  913] - <In Set values of the page>
[INFO ][2016-02-01 16:39:14,724][com.java.SeleniumDriver] [  916] - {Data Fields & Data Values Exist}
[INFO ][2016-02-01 16:39:14,724][com.java.SeleniumDriver] [  918] - --------------------------setting values-----------------------------
[INFO ][2016-02-01 16:39:14,724][com.java.SeleniumDriver] [  921] - Action Type : waitforelement
[INFO ][2016-02-01 16:39:14,945][com.java.SeleniumDriver] [  930] -  RESULT true
[INFO ][2016-02-01 16:39:14,945][com.java.SeleniumDriver] [ 1136] - ?   P A S S   ?
[INFO ][2016-02-01 16:39:14,945][com.java.SeleniumDriver] [  856] - ------------------------------------------
[INFO ][2016-02-01 16:39:14,945][com.java.SeleniumDriver] [  857] - Test case being Executed: 6
[INFO ][2016-02-01 16:39:14,945][com.java.SeleniumDriver] [  869] - Test step:9
[INFO ][2016-02-01 16:39:14,945][com.java.SeleniumDriver] [  881] - Datavalue is----------null
[DEBUG][2016-02-01 16:39:14,945][com.java.SeleniumDriver] [  899] - Exception: null
[INFO ][2016-02-01 16:39:14,945][com.java.SeleniumDriver] [  905] - DataField : HDN//span[@class='glyphicon glyphicon-plus']
[INFO ][2016-02-01 16:39:14,945][com.java.SeleniumDriver] [  907] - DataValue : 
[INFO ][2016-02-01 16:39:14,945][com.java.SeleniumDriver] [  913] - <In Set values of the page>
[INFO ][2016-02-01 16:39:14,945][com.java.SeleniumDriver] [  916] - {Data Fields & Data Values Exist}
[INFO ][2016-02-01 16:39:14,945][com.java.SeleniumDriver] [  918] - --------------------------setting values-----------------------------
[INFO ][2016-02-01 16:39:14,945][com.java.SeleniumDriver] [  921] - Action Type : click
[INFO ][2016-02-01 16:39:14,945][com.java.TestType] [ 6935] - Field ::HDN//span[@class='glyphicon glyphicon-plus']
[INFO ][2016-02-01 16:39:14,945][com.java.TestType] [ 6556] - value = 
[INFO ][2016-02-01 16:39:16,556][com.java.SeleniumDriver] [  930] -  RESULT true
[INFO ][2016-02-01 16:39:16,556][com.java.SeleniumDriver] [ 1136] - ?   P A S S   ?
[INFO ][2016-02-01 16:39:16,556][com.java.SeleniumDriver] [  856] - ------------------------------------------
[INFO ][2016-02-01 16:39:16,556][com.java.SeleniumDriver] [  857] - Test case being Executed: 6
[INFO ][2016-02-01 16:39:16,556][com.java.SeleniumDriver] [  869] - Test step:10
[INFO ][2016-02-01 16:39:16,556][com.java.SeleniumDriver] [  881] - Datavalue is----------3
[INFO ][2016-02-01 16:39:16,556][com.java.SeleniumDriver] [  905] - DataField : XPH//input[@placeholder='Name your Calculation']
[INFO ][2016-02-01 16:39:16,556][com.java.SeleniumDriver] [  907] - DataValue : 3
[INFO ][2016-02-01 16:39:16,556][com.java.SeleniumDriver] [  913] - <In Set values of the page>
[INFO ][2016-02-01 16:39:16,556][com.java.SeleniumDriver] [  916] - {Data Fields & Data Values Exist}
[INFO ][2016-02-01 16:39:16,556][com.java.SeleniumDriver] [  918] - --------------------------setting values-----------------------------
[INFO ][2016-02-01 16:39:16,556][com.java.SeleniumDriver] [  921] - Action Type : waitforelement
[INFO ][2016-02-01 16:39:16,723][com.java.SeleniumDriver] [  930] -  RESULT true
[INFO ][2016-02-01 16:39:16,723][com.java.SeleniumDriver] [ 1136] - ?   P A S S   ?
[INFO ][2016-02-01 16:39:16,723][com.java.SeleniumDriver] [  856] - ------------------------------------------
[INFO ][2016-02-01 16:39:16,723][com.java.SeleniumDriver] [  857] - Test case being Executed: 6
[INFO ][2016-02-01 16:39:16,723][com.java.SeleniumDriver] [  869] - Test step:11
[INFO ][2016-02-01 16:39:16,723][com.java.SeleniumDriver] [  881] - Datavalue is----------RND#_CALVLTest
[INFO ][2016-02-01 16:39:16,723][com.java.SeleniumDriver] [  905] - DataField : TXT//input[@placeholder='Name your Calculation']
[INFO ][2016-02-01 16:39:16,723][com.java.SeleniumDriver] [  907] - DataValue : RND#_CALVLTest
[INFO ][2016-02-01 16:39:16,723][com.java.SeleniumDriver] [  913] - <In Set values of the page>
[INFO ][2016-02-01 16:39:16,723][com.java.SeleniumDriver] [  916] - {Data Fields & Data Values Exist}
[INFO ][2016-02-01 16:39:16,723][com.java.SeleniumDriver] [  918] - --------------------------setting values-----------------------------
[INFO ][2016-02-01 16:39:16,723][com.java.SeleniumDriver] [  921] - Action Type : clearandenter
[INFO ][2016-02-01 16:39:17,343][com.java.TestType] [ 6556] - value = #_CALVLTest28006
[INFO ][2016-02-01 16:39:19,794][com.java.SeleniumDriver] [  930] -  RESULT true
[INFO ][2016-02-01 16:39:19,794][com.java.SeleniumDriver] [ 1136] - ?   P A S S   ?
[INFO ][2016-02-01 16:39:19,794][com.java.SeleniumDriver] [  856] - ------------------------------------------
[INFO ][2016-02-01 16:39:19,794][com.java.SeleniumDriver] [  857] - Test case being Executed: 6
[INFO ][2016-02-01 16:39:19,794][com.java.SeleniumDriver] [  869] - Test step:12
[INFO ][2016-02-01 16:39:19,794][com.java.SeleniumDriver] [  881] - Datavalue is----------calname
[INFO ][2016-02-01 16:39:19,794][com.java.SeleniumDriver] [  905] - DataField : TXT//input[@placeholder='Name your Calculation']
[INFO ][2016-02-01 16:39:19,794][com.java.SeleniumDriver] [  907] - DataValue : calname
[INFO ][2016-02-01 16:39:19,794][com.java.SeleniumDriver] [  913] - <In Set values of the page>
[INFO ][2016-02-01 16:39:19,794][com.java.SeleniumDriver] [  916] - {Data Fields & Data Values Exist}
[INFO ][2016-02-01 16:39:19,794][com.java.SeleniumDriver] [  918] - --------------------------setting values-----------------------------
[INFO ][2016-02-01 16:39:19,794][com.java.SeleniumDriver] [  921] - Action Type : storevalue
[INFO ][2016-02-01 16:39:19,794][com.java.TestType] [ 9587] - field= TXT//input[@placeholder='Name your Calculation']
[DEBUG][2016-02-01 16:39:20,165][com.java.TestType] [ 9601] - Key:: calname  Value:: #_CALVLTest28006
[INFO ][2016-02-01 16:39:20,165][com.java.SeleniumDriver] [  930] -  RESULT true
[INFO ][2016-02-01 16:39:20,165][com.java.SeleniumDriver] [ 1136] - ?   P A S S   ?
[INFO ][2016-02-01 16:39:20,165][com.java.SeleniumDriver] [  856] - ------------------------------------------
[INFO ][2016-02-01 16:39:20,165][com.java.SeleniumDriver] [  857] - Test case being Executed: 6
[INFO ][2016-02-01 16:39:20,165][com.java.SeleniumDriver] [  869] - Test step:13
[INFO ][2016-02-01 16:39:20,165][com.java.SeleniumDriver] [  881] - Datavalue is----------null
[DEBUG][2016-02-01 16:39:20,165][com.java.SeleniumDriver] [  899] - Exception: null
[INFO ][2016-02-01 16:39:20,165][com.java.SeleniumDriver] [  905] - DataField : LNKAssets
[INFO ][2016-02-01 16:39:20,165][com.java.SeleniumDriver] [  907] - DataValue : 
[INFO ][2016-02-01 16:39:20,165][com.java.SeleniumDriver] [  913] - <In Set values of the page>
[INFO ][2016-02-01 16:39:20,165][com.java.SeleniumDriver] [  916] - {Data Fields & Data Values Exist}
[INFO ][2016-02-01 16:39:20,165][com.java.SeleniumDriver] [  918] - --------------------------setting values-----------------------------
[INFO ][2016-02-01 16:39:20,165][com.java.SeleniumDriver] [  921] - Action Type : click
[INFO ][2016-02-01 16:39:20,165][com.java.TestType] [ 6935] - Field ::LNKAssets
[INFO ][2016-02-01 16:39:20,165][com.java.TestType] [ 6556] - value = 
[INFO ][2016-02-01 16:39:21,165][com.java.TestType] [ 7071] - BEFORE CLICK on Assets
[INFO ][2016-02-01 16:39:22,966][com.java.SeleniumDriver] [  930] -  RESULT true
[INFO ][2016-02-01 16:39:22,966][com.java.SeleniumDriver] [ 1136] - ?   P A S S   ?
[INFO ][2016-02-01 16:39:22,966][com.java.SeleniumDriver] [  856] - ------------------------------------------
[INFO ][2016-02-01 16:39:22,966][com.java.SeleniumDriver] [  857] - Test case being Executed: 6
[INFO ][2016-02-01 16:39:22,966][com.java.SeleniumDriver] [  869] - Test step:14
[INFO ][2016-02-01 16:39:22,966][com.java.SeleniumDriver] [  881] - Datavalue is----------//div[contains(@class, 'expression ui-droppable')]/span
[INFO ][2016-02-01 16:39:22,966][com.java.SeleniumDriver] [  905] - DataField : Cash and due from banks
[INFO ][2016-02-01 16:39:22,966][com.java.SeleniumDriver] [  907] - DataValue : //div[contains(@class, 'expression ui-droppable')]/span
[INFO ][2016-02-01 16:39:22,966][com.java.SeleniumDriver] [  913] - <In Set values of the page>
[INFO ][2016-02-01 16:39:22,966][com.java.SeleniumDriver] [  916] - {Data Fields & Data Values Exist}
[INFO ][2016-02-01 16:39:22,966][com.java.SeleniumDriver] [  918] - --------------------------setting values-----------------------------
[INFO ][2016-02-01 16:39:22,966][com.java.SeleniumDriver] [  921] - Action Type : draganddrop
[INFO ][2016-02-01 16:39:24,290][com.java.SeleniumDriver] [  930] -  RESULT true
[INFO ][2016-02-01 16:39:24,290][com.java.SeleniumDriver] [ 1136] - ?   P A S S   ?
[INFO ][2016-02-01 16:39:24,290][com.java.SeleniumDriver] [  856] - ------------------------------------------
[INFO ][2016-02-01 16:39:24,290][com.java.SeleniumDriver] [  857] - Test case being Executed: 6
[INFO ][2016-02-01 16:39:24,290][com.java.SeleniumDriver] [  869] - Test step:15
[INFO ][2016-02-01 16:39:24,290][com.java.SeleniumDriver] [  881] - Datavalue is----------null
[DEBUG][2016-02-01 16:39:24,290][com.java.SeleniumDriver] [  899] - Exception: null
[INFO ][2016-02-01 16:39:24,290][com.java.SeleniumDriver] [  905] - DataField : HDN//button[contains(text(),'+')]
[INFO ][2016-02-01 16:39:24,290][com.java.SeleniumDriver] [  907] - DataValue : 
[INFO ][2016-02-01 16:39:24,290][com.java.SeleniumDriver] [  913] - <In Set values of the page>
[INFO ][2016-02-01 16:39:24,290][com.java.SeleniumDriver] [  916] - {Data Fields & Data Values Exist}
[INFO ][2016-02-01 16:39:24,290][com.java.SeleniumDriver] [  918] - --------------------------setting values-----------------------------
[INFO ][2016-02-01 16:39:24,290][com.java.SeleniumDriver] [  921] - Action Type : click
[INFO ][2016-02-01 16:39:24,290][com.java.TestType] [ 6935] - Field ::HDN//button[contains(text(),'+')]
[INFO ][2016-02-01 16:39:24,290][com.java.TestType] [ 6556] - value = 
[INFO ][2016-02-01 16:39:25,369][com.java.SeleniumDriver] [  930] -  RESULT true
[INFO ][2016-02-01 16:39:25,369][com.java.SeleniumDriver] [ 1136] - ?   P A S S   ?
[INFO ][2016-02-01 16:39:25,369][com.java.SeleniumDriver] [  856] - ------------------------------------------
[INFO ][2016-02-01 16:39:25,369][com.java.SeleniumDriver] [  857] - Test case being Executed: 6
[INFO ][2016-02-01 16:39:25,369][com.java.SeleniumDriver] [  869] - Test step:16
[INFO ][2016-02-01 16:39:25,369][com.java.SeleniumDriver] [  881] - Datavalue is----------//div[contains(@class, 'expression ui-droppable')]/span
[INFO ][2016-02-01 16:39:25,369][com.java.SeleniumDriver] [  905] - DataField : Fed funds sold & repos
[INFO ][2016-02-01 16:39:25,369][com.java.SeleniumDriver] [  907] - DataValue : //div[contains(@class, 'expression ui-droppable')]/span
[INFO ][2016-02-01 16:39:25,369][com.java.SeleniumDriver] [  913] - <In Set values of the page>
[INFO ][2016-02-01 16:39:25,369][com.java.SeleniumDriver] [  916] - {Data Fields & Data Values Exist}
[INFO ][2016-02-01 16:39:25,369][com.java.SeleniumDriver] [  918] - --------------------------setting values-----------------------------
[INFO ][2016-02-01 16:39:25,369][com.java.SeleniumDriver] [  921] - Action Type : draganddrop
[INFO ][2016-02-01 16:39:26,322][com.java.SeleniumDriver] [  930] -  RESULT true
[INFO ][2016-02-01 16:39:26,322][com.java.SeleniumDriver] [ 1136] - ?   P A S S   ?
[INFO ][2016-02-01 16:39:26,322][com.java.SeleniumDriver] [  856] - ------------------------------------------
[INFO ][2016-02-01 16:39:26,322][com.java.SeleniumDriver] [  857] - Test case being Executed: 6
[INFO ][2016-02-01 16:39:26,322][com.java.SeleniumDriver] [  869] - Test step:17
[INFO ][2016-02-01 16:39:26,322][com.java.SeleniumDriver] [  881] - Datavalue is----------null
[DEBUG][2016-02-01 16:39:26,322][com.java.SeleniumDriver] [  899] - Exception: null
[INFO ][2016-02-01 16:39:26,322][com.java.SeleniumDriver] [  905] - DataField : HDN//button[contains(text(),'Save')]
[INFO ][2016-02-01 16:39:26,322][com.java.SeleniumDriver] [  907] - DataValue : 
[INFO ][2016-02-01 16:39:26,322][com.java.SeleniumDriver] [  913] - <In Set values of the page>
[INFO ][2016-02-01 16:39:26,322][com.java.SeleniumDriver] [  916] - {Data Fields & Data Values Exist}
[INFO ][2016-02-01 16:39:26,322][com.java.SeleniumDriver] [  918] - --------------------------setting values-----------------------------
[INFO ][2016-02-01 16:39:26,322][com.java.SeleniumDriver] [  921] - Action Type : click
[INFO ][2016-02-01 16:39:26,322][com.java.TestType] [ 6935] - Field ::HDN//button[contains(text(),'Save')]
[INFO ][2016-02-01 16:39:26,322][com.java.TestType] [ 6556] - value = 
[INFO ][2016-02-01 16:39:27,429][com.java.SeleniumDriver] [  930] -  RESULT true
[INFO ][2016-02-01 16:39:27,429][com.java.SeleniumDriver] [ 1136] - ?   P A S S   ?
[INFO ][2016-02-01 16:39:27,429][com.java.SeleniumDriver] [  856] - ------------------------------------------
[INFO ][2016-02-01 16:39:27,429][com.java.SeleniumDriver] [  857] - Test case being Executed: 6
[INFO ][2016-02-01 16:39:27,429][com.java.SeleniumDriver] [  869] - Test step:18
[INFO ][2016-02-01 16:39:27,429][com.java.SeleniumDriver] [  881] - Datavalue is----------3
[INFO ][2016-02-01 16:39:27,429][com.java.SeleniumDriver] [  905] - DataField : null
[INFO ][2016-02-01 16:39:27,429][com.java.SeleniumDriver] [  907] - DataValue : 3
[INFO ][2016-02-01 16:39:27,429][com.java.SeleniumDriver] [  913] - <In Set values of the page>
[INFO ][2016-02-01 16:39:27,429][com.java.SeleniumDriver] [  916] - {Data Fields & Data Values Exist}
[INFO ][2016-02-01 16:39:27,429][com.java.SeleniumDriver] [  918] - --------------------------setting values-----------------------------
[INFO ][2016-02-01 16:39:27,429][com.java.SeleniumDriver] [  921] - Action Type : waittime
[DEBUG][2016-02-01 16:39:27,429][com.java.TestType] [ 6370] - sleepTime: 3000
[INFO ][2016-02-01 16:39:30,434][com.java.SeleniumDriver] [  930] -  RESULT true
[INFO ][2016-02-01 16:39:30,434][com.java.SeleniumDriver] [ 1136] - ?   P A S S   ?
[INFO ][2016-02-01 16:39:30,434][com.java.SeleniumDriver] [  856] - ------------------------------------------
[INFO ][2016-02-01 16:39:30,434][com.java.SeleniumDriver] [  857] - Test case being Executed: 6
[INFO ][2016-02-01 16:39:30,434][com.java.SeleniumDriver] [  869] - Test step:19
[INFO ][2016-02-01 16:39:30,434][com.java.SeleniumDriver] [  881] - Datavalue is----------null
[DEBUG][2016-02-01 16:39:30,434][com.java.SeleniumDriver] [  899] - Exception: null
[INFO ][2016-02-01 16:39:30,434][com.java.SeleniumDriver] [  905] - DataField : BTNparent
[INFO ][2016-02-01 16:39:30,434][com.java.SeleniumDriver] [  907] - DataValue : 
[INFO ][2016-02-01 16:39:30,434][com.java.SeleniumDriver] [  913] - <In Set values of the page>
[INFO ][2016-02-01 16:39:30,434][com.java.SeleniumDriver] [  916] - {Data Fields & Data Values Exist}
[INFO ][2016-02-01 16:39:30,434][com.java.SeleniumDriver] [  918] - --------------------------setting values-----------------------------
[INFO ][2016-02-01 16:39:30,434][com.java.SeleniumDriver] [  921] - Action Type : selectframe
[INFO ][2016-02-01 16:39:30,435][com.java.SeleniumDriver] [  930] -  RESULT true
[INFO ][2016-02-01 16:39:30,435][com.java.SeleniumDriver] [ 1136] - ?   P A S S   ?
[INFO ][2016-02-01 16:39:30,435][com.java.SeleniumDriver] [  856] - ------------------------------------------
[INFO ][2016-02-01 16:39:30,435][com.java.SeleniumDriver] [  857] - Test case being Executed: 6
[INFO ][2016-02-01 16:39:30,435][com.java.SeleniumDriver] [  869] - Test step:20
[INFO ][2016-02-01 16:39:30,435][com.java.SeleniumDriver] [  881] - Datavalue is----------null
[DEBUG][2016-02-01 16:39:30,435][com.java.SeleniumDriver] [  899] - Exception: null
[INFO ][2016-02-01 16:39:30,435][com.java.SeleniumDriver] [  905] - DataField : BTNcloseAllTabs
[INFO ][2016-02-01 16:39:30,435][com.java.SeleniumDriver] [  907] - DataValue : 
[INFO ][2016-02-01 16:39:30,435][com.java.SeleniumDriver] [  913] - <In Set values of the page>
[INFO ][2016-02-01 16:39:30,435][com.java.SeleniumDriver] [  916] - {Data Fields & Data Values Exist}
[INFO ][2016-02-01 16:39:30,435][com.java.SeleniumDriver] [  918] - --------------------------setting values-----------------------------
[INFO ][2016-02-01 16:39:30,435][com.java.SeleniumDriver] [  921] - Action Type : click
[INFO ][2016-02-01 16:39:30,435][com.java.TestType] [ 6935] - Field ::BTNcloseAllTabs
[INFO ][2016-02-01 16:39:30,435][com.java.TestType] [ 6556] - value = 
[INFO ][2016-02-01 16:39:31,445][com.java.TestType] [ 7087] - BEFORE CLICK
[INFO ][2016-02-01 16:39:33,361][com.java.TestType] [ 7094] - Unable to click the object click on closealltabs button
[INFO ][2016-02-01 16:39:33,361][com.java.SeleniumDriver] [  930] -  RESULT true
[INFO ][2016-02-01 16:39:33,361][com.java.SeleniumDriver] [ 1136] - ?   P A S S   ?
[INFO ][2016-02-01 16:39:33,361][com.java.SeleniumDriver] [  856] - ------------------------------------------
[INFO ][2016-02-01 16:39:33,361][com.java.SeleniumDriver] [  857] - Test case being Executed: 6
[INFO ][2016-02-01 16:39:33,361][com.java.SeleniumDriver] [  869] - Test step:21
[INFO ][2016-02-01 16:39:33,361][com.java.SeleniumDriver] [  881] - Datavalue is----------null
[DEBUG][2016-02-01 16:39:33,361][com.java.SeleniumDriver] [  899] - Exception: null
[INFO ][2016-02-01 16:39:33,361][com.java.SeleniumDriver] [  905] - DataField : //a[starts-with(normalize-space(.), 'Settings')]/span[2]&&//a[starts-with(normalize-space(.), 'Customize')]&&//li[@data-id='MyDashboard']/a[starts-with(text(), 'My Dashboard')]
[INFO ][2016-02-01 16:39:33,361][com.java.SeleniumDriver] [  907] - DataValue : 
[INFO ][2016-02-01 16:39:33,361][com.java.SeleniumDriver] [  913] - <In Set values of the page>
[INFO ][2016-02-01 16:39:33,361][com.java.SeleniumDriver] [  916] - {Data Fields & Data Values Exist}
[INFO ][2016-02-01 16:39:33,361][com.java.SeleniumDriver] [  918] - --------------------------setting values-----------------------------
[INFO ][2016-02-01 16:39:33,361][com.java.SeleniumDriver] [  921] - Action Type : MOUSEOVER
[INFO ][2016-02-01 16:40:22,476][com.java.SeleniumDriver] [  930] -  RESULT true
[INFO ][2016-02-01 16:40:22,476][com.java.SeleniumDriver] [ 1136] - ?   P A S S   ?
[INFO ][2016-02-01 16:40:22,476][com.java.SeleniumDriver] [  856] - ------------------------------------------
[INFO ][2016-02-01 16:40:22,476][com.java.SeleniumDriver] [  857] - Test case being Executed: 6
[INFO ][2016-02-01 16:40:22,476][com.java.SeleniumDriver] [  869] - Test step:22
[INFO ][2016-02-01 16:40:22,476][com.java.SeleniumDriver] [  881] - Datavalue is----------My Dashboard Indicators
[INFO ][2016-02-01 16:40:22,476][com.java.SeleniumDriver] [  905] - DataField : XPH//span[@class='ui-dialog-title']
[INFO ][2016-02-01 16:40:22,476][com.java.SeleniumDriver] [  907] - DataValue : My Dashboard Indicators
[INFO ][2016-02-01 16:40:22,476][com.java.SeleniumDriver] [  913] - <In Set values of the page>
[INFO ][2016-02-01 16:40:22,476][com.java.SeleniumDriver] [  916] - {Data Fields & Data Values Exist}
[INFO ][2016-02-01 16:40:22,476][com.java.SeleniumDriver] [  918] - --------------------------setting values-----------------------------
[INFO ][2016-02-01 16:40:22,476][com.java.SeleniumDriver] [  921] - Action Type : Verify
[INFO ][2016-02-01 16:40:22,476][com.java.TestType] [ 8158] - field= XPH//span[@class='ui-dialog-title'] value= My Dashboard Indicators
[INFO ][2016-02-01 16:40:22,476][com.java.TestType] [ 6556] - value = My Dashboard Indicators
[INFO ][2016-02-01 16:40:23,297][com.java.SeleniumDriver] [  930] -  RESULT true
[INFO ][2016-02-01 16:40:23,297][com.java.SeleniumDriver] [ 1136] - ?   P A S S   ?
[INFO ][2016-02-01 16:40:23,297][com.java.SeleniumDriver] [  856] - ------------------------------------------
[INFO ][2016-02-01 16:40:23,297][com.java.SeleniumDriver] [  857] - Test case being Executed: 6
[INFO ][2016-02-01 16:40:23,297][com.java.SeleniumDriver] [  869] - Test step:23
[INFO ][2016-02-01 16:40:23,297][com.java.SeleniumDriver] [  881] - Datavalue is----------null
[DEBUG][2016-02-01 16:40:23,297][com.java.SeleniumDriver] [  899] - Exception: null
[INFO ][2016-02-01 16:40:23,297][com.java.SeleniumDriver] [  905] - DataField : BTNframeDialogContent
[INFO ][2016-02-01 16:40:23,297][com.java.SeleniumDriver] [  907] - DataValue : 
[INFO ][2016-02-01 16:40:23,297][com.java.SeleniumDriver] [  913] - <In Set values of the page>
[INFO ][2016-02-01 16:40:23,297][com.java.SeleniumDriver] [  916] - {Data Fields & Data Values Exist}
[INFO ][2016-02-01 16:40:23,297][com.java.SeleniumDriver] [  918] - --------------------------setting values-----------------------------
[INFO ][2016-02-01 16:40:23,297][com.java.SeleniumDriver] [  921] - Action Type : selectframe
[INFO ][2016-02-01 16:40:25,428][com.java.SeleniumDriver] [  930] -  RESULT true
[INFO ][2016-02-01 16:40:25,428][com.java.SeleniumDriver] [ 1136] - ?   P A S S   ?
[INFO ][2016-02-01 16:40:25,428][com.java.SeleniumDriver] [  856] - ------------------------------------------
[INFO ][2016-02-01 16:40:25,428][com.java.SeleniumDriver] [  857] - Test case being Executed: 6
[INFO ][2016-02-01 16:40:25,428][com.java.SeleniumDriver] [  869] - Test step:24
[INFO ][2016-02-01 16:40:25,428][com.java.SeleniumDriver] [  881] - Datavalue is----------null
[DEBUG][2016-02-01 16:40:25,428][com.java.SeleniumDriver] [  899] - Exception: null
[INFO ][2016-02-01 16:40:25,428][com.java.SeleniumDriver] [  905] - DataField : BTNbtnAddNew
[INFO ][2016-02-01 16:40:25,428][com.java.SeleniumDriver] [  907] - DataValue : 
[INFO ][2016-02-01 16:40:25,428][com.java.SeleniumDriver] [  913] - <In Set values of the page>
[INFO ][2016-02-01 16:40:25,428][com.java.SeleniumDriver] [  916] - {Data Fields & Data Values Exist}
[INFO ][2016-02-01 16:40:25,428][com.java.SeleniumDriver] [  918] - --------------------------setting values-----------------------------
[INFO ][2016-02-01 16:40:25,428][com.java.SeleniumDriver] [  921] - Action Type : click
[INFO ][2016-02-01 16:40:25,428][com.java.TestType] [ 6935] - Field ::BTNbtnAddNew
[INFO ][2016-02-01 16:40:25,428][com.java.TestType] [ 6556] - value = 
[INFO ][2016-02-01 16:40:26,428][com.java.TestType] [ 7087] - BEFORE CLICK
[INFO ][2016-02-01 16:40:28,829][com.java.TestType] [ 7094] - Unable to click the object Click on Addnewindicator button
[INFO ][2016-02-01 16:40:28,829][com.java.SeleniumDriver] [  930] -  RESULT true
[INFO ][2016-02-01 16:40:28,829][com.java.SeleniumDriver] [ 1136] - ?   P A S S   ?
[INFO ][2016-02-01 16:40:28,829][com.java.SeleniumDriver] [  856] - ------------------------------------------
[INFO ][2016-02-01 16:40:28,829][com.java.SeleniumDriver] [  857] - Test case being Executed: 6
[INFO ][2016-02-01 16:40:28,829][com.java.SeleniumDriver] [  869] - Test step:25
[INFO ][2016-02-01 16:40:28,829][com.java.SeleniumDriver] [  881] - Datavalue is----------null
[DEBUG][2016-02-01 16:40:28,829][com.java.SeleniumDriver] [  899] - Exception: null
[INFO ][2016-02-01 16:40:28,829][com.java.SeleniumDriver] [  905] - DataField : HDN//td[@class='dlg_Info']/label[3]/input
[INFO ][2016-02-01 16:40:28,829][com.java.SeleniumDriver] [  907] - DataValue : 
[INFO ][2016-02-01 16:40:28,829][com.java.SeleniumDriver] [  913] - <In Set values of the page>
[INFO ][2016-02-01 16:40:28,829][com.java.SeleniumDriver] [  916] - {Data Fields & Data Values Exist}
[INFO ][2016-02-01 16:40:28,829][com.java.SeleniumDriver] [  918] - --------------------------setting values-----------------------------
[INFO ][2016-02-01 16:40:28,829][com.java.SeleniumDriver] [  921] - Action Type : click
[INFO ][2016-02-01 16:40:28,829][com.java.TestType] [ 6935] - Field ::HDN//td[@class='dlg_Info']/label[3]/input
[INFO ][2016-02-01 16:40:28,829][com.java.TestType] [ 6556] - value = 
[INFO ][2016-02-01 16:40:30,771][com.java.SeleniumDriver] [  930] -  RESULT true
[INFO ][2016-02-01 16:40:30,771][com.java.SeleniumDriver] [ 1136] - ?   P A S S   ?
[INFO ][2016-02-01 16:40:30,771][com.java.SeleniumDriver] [  856] - ------------------------------------------
[INFO ][2016-02-01 16:40:30,771][com.java.SeleniumDriver] [  857] - Test case being Executed: 6
[INFO ][2016-02-01 16:40:30,771][com.java.SeleniumDriver] [  869] - Test step:26
[INFO ][2016-02-01 16:40:30,771][com.java.SeleniumDriver] [  881] - Datavalue is----------3
[INFO ][2016-02-01 16:40:30,771][com.java.SeleniumDriver] [  905] - DataField : null
[INFO ][2016-02-01 16:40:30,771][com.java.SeleniumDriver] [  907] - DataValue : 3
[INFO ][2016-02-01 16:40:30,771][com.java.SeleniumDriver] [  913] - <In Set values of the page>
[INFO ][2016-02-01 16:40:30,771][com.java.SeleniumDriver] [  916] - {Data Fields & Data Values Exist}
[INFO ][2016-02-01 16:40:30,771][com.java.SeleniumDriver] [  918] - --------------------------setting values-----------------------------
[INFO ][2016-02-01 16:40:30,771][com.java.SeleniumDriver] [  921] - Action Type : waittime
[DEBUG][2016-02-01 16:40:30,771][com.java.TestType] [ 6370] - sleepTime: 3000
[INFO ][2016-02-01 16:40:33,771][com.java.SeleniumDriver] [  930] -  RESULT true
[INFO ][2016-02-01 16:40:33,771][com.java.SeleniumDriver] [ 1136] - ?   P A S S   ?
[INFO ][2016-02-01 16:40:33,771][com.java.SeleniumDriver] [  856] - ------------------------------------------
[INFO ][2016-02-01 16:40:33,771][com.java.SeleniumDriver] [  857] - Test case being Executed: 6
[INFO ][2016-02-01 16:40:33,771][com.java.SeleniumDriver] [  869] - Test step:27
[INFO ][2016-02-01 16:40:33,771][com.java.SeleniumDriver] [  881] - Datavalue is----------HMVcalname
[INFO ][2016-02-01 16:40:33,771][com.java.SeleniumDriver] [  905] - DataField : FCV//a
[INFO ][2016-02-01 16:40:33,771][com.java.SeleniumDriver] [  907] - DataValue : HMVcalname
[INFO ][2016-02-01 16:40:33,771][com.java.SeleniumDriver] [  913] - <In Set values of the page>
[INFO ][2016-02-01 16:40:33,771][com.java.SeleniumDriver] [  916] - {Data Fields & Data Values Exist}
[INFO ][2016-02-01 16:40:33,771][com.java.SeleniumDriver] [  918] - --------------------------setting values-----------------------------
[INFO ][2016-02-01 16:40:33,771][com.java.SeleniumDriver] [  921] - Action Type : click
[INFO ][2016-02-01 16:40:33,771][com.java.TestType] [ 6935] - Field ::FCV//a
[INFO ][2016-02-01 16:40:33,771][com.java.TestType] [ 6556] - value = #_CALVLTest28006
[INFO ][2016-02-01 16:40:34,772][com.java.TestType] [ 6954] - BEFORE CLICK on //a[contains(text(),'#_CALVLTest28006')]
[DEBUG][2016-02-01 16:40:34,772][com.java.TestType] [ 7939] - For SELECT action type the data field should be TXT
[INFO ][2016-02-01 16:40:35,443][com.java.SeleniumDriver] [  930] -  RESULT true
[INFO ][2016-02-01 16:40:35,443][com.java.SeleniumDriver] [ 1136] - ?   P A S S   ?
[INFO ][2016-02-01 16:40:35,443][com.java.SeleniumDriver] [  856] - ------------------------------------------
[INFO ][2016-02-01 16:40:35,443][com.java.SeleniumDriver] [  857] - Test case being Executed: 6
[INFO ][2016-02-01 16:40:35,443][com.java.SeleniumDriver] [  869] - Test step:28
[INFO ][2016-02-01 16:40:35,443][com.java.SeleniumDriver] [  881] - Datavalue is----------5
[INFO ][2016-02-01 16:40:35,443][com.java.SeleniumDriver] [  905] - DataField : null
[INFO ][2016-02-01 16:40:35,443][com.java.SeleniumDriver] [  907] - DataValue : 5
[INFO ][2016-02-01 16:40:35,443][com.java.SeleniumDriver] [  913] - <In Set values of the page>
[INFO ][2016-02-01 16:40:35,443][com.java.SeleniumDriver] [  916] - {Data Fields & Data Values Exist}
[INFO ][2016-02-01 16:40:35,443][com.java.SeleniumDriver] [  918] - --------------------------setting values-----------------------------
[INFO ][2016-02-01 16:40:35,443][com.java.SeleniumDriver] [  921] - Action Type : waittime
[DEBUG][2016-02-01 16:40:35,443][com.java.TestType] [ 6370] - sleepTime: 5000
[INFO ][2016-02-01 16:40:40,443][com.java.SeleniumDriver] [  930] -  RESULT true
[INFO ][2016-02-01 16:40:40,443][com.java.SeleniumDriver] [ 1136] - ?   P A S S   ?
[INFO ][2016-02-01 16:40:40,443][com.java.SeleniumDriver] [  856] - ------------------------------------------
[INFO ][2016-02-01 16:40:40,443][com.java.SeleniumDriver] [  857] - Test case being Executed: 6
[INFO ][2016-02-01 16:40:40,443][com.java.SeleniumDriver] [  869] - Test step:29
[INFO ][2016-02-01 16:40:40,443][com.java.SeleniumDriver] [  881] - Datavalue is----------null
[DEBUG][2016-02-01 16:40:40,443][com.java.SeleniumDriver] [  899] - Exception: null
[INFO ][2016-02-01 16:40:40,443][com.java.SeleniumDriver] [  905] - DataField : BTNbtnNext
[INFO ][2016-02-01 16:40:40,443][com.java.SeleniumDriver] [  907] - DataValue : 
[INFO ][2016-02-01 16:40:40,443][com.java.SeleniumDriver] [  913] - <In Set values of the page>
[INFO ][2016-02-01 16:40:40,443][com.java.SeleniumDriver] [  916] - {Data Fields & Data Values Exist}
[INFO ][2016-02-01 16:40:40,443][com.java.SeleniumDriver] [  918] - --------------------------setting values-----------------------------
[INFO ][2016-02-01 16:40:40,443][com.java.SeleniumDriver] [  921] - Action Type : click
[INFO ][2016-02-01 16:40:40,443][com.java.TestType] [ 6935] - Field ::BTNbtnNext
[INFO ][2016-02-01 16:40:40,443][com.java.TestType] [ 6556] - value = 
[INFO ][2016-02-01 16:40:41,444][com.java.TestType] [ 7087] - BEFORE CLICK
[INFO ][2016-02-01 16:40:47,355][com.java.TestType] [ 7094] - Unable to click the object click on next button
[INFO ][2016-02-01 16:40:47,355][com.java.SeleniumDriver] [  930] -  RESULT true
[INFO ][2016-02-01 16:40:47,355][com.java.SeleniumDriver] [ 1136] - ?   P A S S   ?
[INFO ][2016-02-01 16:40:47,355][com.java.SeleniumDriver] [  856] - ------------------------------------------
[INFO ][2016-02-01 16:40:47,355][com.java.SeleniumDriver] [  857] - Test case being Executed: 6
[INFO ][2016-02-01 16:40:47,355][com.java.SeleniumDriver] [  869] - Test step:30
[INFO ][2016-02-01 16:40:47,355][com.java.SeleniumDriver] [  881] - Datavalue is----------Less Than
[INFO ][2016-02-01 16:40:47,355][com.java.SeleniumDriver] [  905] - DataField : SLBRedCompare
[INFO ][2016-02-01 16:40:47,355][com.java.SeleniumDriver] [  907] - DataValue : Less Than
[INFO ][2016-02-01 16:40:47,355][com.java.SeleniumDriver] [  913] - <In Set values of the page>
[INFO ][2016-02-01 16:40:47,355][com.java.SeleniumDriver] [  916] - {Data Fields & Data Values Exist}
[INFO ][2016-02-01 16:40:47,355][com.java.SeleniumDriver] [  918] - --------------------------setting values-----------------------------
[INFO ][2016-02-01 16:40:47,355][com.java.SeleniumDriver] [  921] - Action Type : select
[INFO ][2016-02-01 16:40:47,355][com.java.TestType] [ 6556] - value = Less Than
[INFO ][2016-02-01 16:40:49,798][com.java.SeleniumDriver] [  930] -  RESULT true
[INFO ][2016-02-01 16:40:49,798][com.java.SeleniumDriver] [ 1136] - ?   P A S S   ?
[INFO ][2016-02-01 16:40:49,798][com.java.SeleniumDriver] [  856] - ------------------------------------------
[INFO ][2016-02-01 16:40:49,798][com.java.SeleniumDriver] [  857] - Test case being Executed: 6
[INFO ][2016-02-01 16:40:49,798][com.java.SeleniumDriver] [  869] - Test step:31
[INFO ][2016-02-01 16:40:49,798][com.java.SeleniumDriver] [  881] - Datavalue is----------100000000
[INFO ][2016-02-01 16:40:49,798][com.java.SeleniumDriver] [  905] - DataField : BTNRedValue
[INFO ][2016-02-01 16:40:49,798][com.java.SeleniumDriver] [  907] - DataValue : 100000000
[INFO ][2016-02-01 16:40:49,798][com.java.SeleniumDriver] [  913] - <In Set values of the page>
[INFO ][2016-02-01 16:40:49,798][com.java.SeleniumDriver] [  916] - {Data Fields & Data Values Exist}
[INFO ][2016-02-01 16:40:49,798][com.java.SeleniumDriver] [  918] - --------------------------setting values-----------------------------
[INFO ][2016-02-01 16:40:49,798][com.java.SeleniumDriver] [  921] - Action Type : clearandenter
[INFO ][2016-02-01 16:40:51,049][com.java.TestType] [ 6556] - value = 100000000
[INFO ][2016-02-01 16:40:52,500][com.java.SeleniumDriver] [  930] -  RESULT true
[INFO ][2016-02-01 16:40:52,500][com.java.SeleniumDriver] [ 1136] - ?   P A S S   ?
[INFO ][2016-02-01 16:40:52,500][com.java.SeleniumDriver] [  856] - ------------------------------------------
[INFO ][2016-02-01 16:40:52,500][com.java.SeleniumDriver] [  857] - Test case being Executed: 6
[INFO ][2016-02-01 16:40:52,500][com.java.SeleniumDriver] [  869] - Test step:32
[INFO ][2016-02-01 16:40:52,500][com.java.SeleniumDriver] [  881] - Datavalue is----------null
[DEBUG][2016-02-01 16:40:52,500][com.java.SeleniumDriver] [  899] - Exception: null
[INFO ][2016-02-01 16:40:52,500][com.java.SeleniumDriver] [  905] - DataField : BTNparent
[INFO ][2016-02-01 16:40:52,500][com.java.SeleniumDriver] [  907] - DataValue : 
[INFO ][2016-02-01 16:40:52,500][com.java.SeleniumDriver] [  913] - <In Set values of the page>
[INFO ][2016-02-01 16:40:52,500][com.java.SeleniumDriver] [  916] - {Data Fields & Data Values Exist}
[INFO ][2016-02-01 16:40:52,500][com.java.SeleniumDriver] [  918] - --------------------------setting values-----------------------------
[INFO ][2016-02-01 16:40:52,500][com.java.SeleniumDriver] [  921] - Action Type : selectframe
[INFO ][2016-02-01 16:40:52,550][com.java.SeleniumDriver] [  930] -  RESULT true
[INFO ][2016-02-01 16:40:52,550][com.java.SeleniumDriver] [ 1136] - ?   P A S S   ?
[INFO ][2016-02-01 16:40:52,550][com.java.SeleniumDriver] [  856] - ------------------------------------------
[INFO ][2016-02-01 16:40:52,550][com.java.SeleniumDriver] [  857] - Test case being Executed: 6
[INFO ][2016-02-01 16:40:52,550][com.java.SeleniumDriver] [  869] - Test step:33
[INFO ][2016-02-01 16:40:52,550][com.java.SeleniumDriver] [  881] - Datavalue is----------null
[DEBUG][2016-02-01 16:40:52,550][com.java.SeleniumDriver] [  899] - Exception: null
[INFO ][2016-02-01 16:40:52,550][com.java.SeleniumDriver] [  905] - DataField : HDN//span[contains(text(),'Finished')]
[INFO ][2016-02-01 16:40:52,550][com.java.SeleniumDriver] [  907] - DataValue : 
[INFO ][2016-02-01 16:40:52,550][com.java.SeleniumDriver] [  913] - <In Set values of the page>
[INFO ][2016-02-01 16:40:52,550][com.java.SeleniumDriver] [  916] - {Data Fields & Data Values Exist}
[INFO ][2016-02-01 16:40:52,550][com.java.SeleniumDriver] [  918] - --------------------------setting values-----------------------------
[INFO ][2016-02-01 16:40:52,550][com.java.SeleniumDriver] [  921] - Action Type : click
[INFO ][2016-02-01 16:40:52,550][com.java.TestType] [ 6935] - Field ::HDN//span[contains(text(),'Finished')]
[INFO ][2016-02-01 16:40:52,550][com.java.TestType] [ 6556] - value = 
[INFO ][2016-02-01 16:40:54,761][com.java.SeleniumDriver] [  930] -  RESULT true
[INFO ][2016-02-01 16:40:54,761][com.java.SeleniumDriver] [ 1136] - ?   P A S S   ?
[INFO ][2016-02-01 16:40:54,761][com.java.SeleniumDriver] [  856] - ------------------------------------------
[INFO ][2016-02-01 16:40:54,761][com.java.SeleniumDriver] [  857] - Test case being Executed: 6
[INFO ][2016-02-01 16:40:54,761][com.java.SeleniumDriver] [  869] - Test step:34
[INFO ][2016-02-01 16:40:54,761][com.java.SeleniumDriver] [  881] - Datavalue is----------3
[INFO ][2016-02-01 16:40:54,761][com.java.SeleniumDriver] [  905] - DataField : null
[INFO ][2016-02-01 16:40:54,761][com.java.SeleniumDriver] [  907] - DataValue : 3
[INFO ][2016-02-01 16:40:54,761][com.java.SeleniumDriver] [  913] - <In Set values of the page>
[INFO ][2016-02-01 16:40:54,761][com.java.SeleniumDriver] [  916] - {Data Fields & Data Values Exist}
[INFO ][2016-02-01 16:40:54,761][com.java.SeleniumDriver] [  918] - --------------------------setting values-----------------------------
[INFO ][2016-02-01 16:40:54,761][com.java.SeleniumDriver] [  921] - Action Type : waittime
[DEBUG][2016-02-01 16:40:54,761][com.java.TestType] [ 6370] - sleepTime: 3000
[INFO ][2016-02-01 16:40:57,761][com.java.SeleniumDriver] [  930] -  RESULT true
[INFO ][2016-02-01 16:40:57,761][com.java.SeleniumDriver] [ 1136] - ?   P A S S   ?
[INFO ][2016-02-01 16:40:57,761][com.java.SeleniumDriver] [  856] - ------------------------------------------
[INFO ][2016-02-01 16:40:57,761][com.java.SeleniumDriver] [  857] - Test case being Executed: 6
[INFO ][2016-02-01 16:40:57,761][com.java.SeleniumDriver] [  869] - Test step:35
[INFO ][2016-02-01 16:40:57,761][com.java.SeleniumDriver] [  881] - Datavalue is----------null
[DEBUG][2016-02-01 16:40:57,761][com.java.SeleniumDriver] [  899] - Exception: null
[INFO ][2016-02-01 16:40:57,761][com.java.SeleniumDriver] [  905] - DataField : HDN//span[contains(text(),'Finished')]
[INFO ][2016-02-01 16:40:57,761][com.java.SeleniumDriver] [  907] - DataValue : 
[INFO ][2016-02-01 16:40:57,761][com.java.SeleniumDriver] [  913] - <In Set values of the page>
[INFO ][2016-02-01 16:40:57,761][com.java.SeleniumDriver] [  916] - {Data Fields & Data Values Exist}
[INFO ][2016-02-01 16:40:57,761][com.java.SeleniumDriver] [  918] - --------------------------setting values-----------------------------
[INFO ][2016-02-01 16:40:57,761][com.java.SeleniumDriver] [  921] - Action Type : click
[INFO ][2016-02-01 16:40:57,761][com.java.TestType] [ 6935] - Field ::HDN//span[contains(text(),'Finished')]
[INFO ][2016-02-01 16:40:57,761][com.java.TestType] [ 6556] - value = 
[INFO ][2016-02-01 16:40:58,933][com.java.SeleniumDriver] [  930] -  RESULT true
[INFO ][2016-02-01 16:40:58,933][com.java.SeleniumDriver] [ 1136] - ?   P A S S   ?
[INFO ][2016-02-01 16:40:58,933][com.java.SeleniumDriver] [  856] - ------------------------------------------
[INFO ][2016-02-01 16:40:58,933][com.java.SeleniumDriver] [  857] - Test case being Executed: 6
[INFO ][2016-02-01 16:40:58,933][com.java.SeleniumDriver] [  869] - Test step:36
[INFO ][2016-02-01 16:40:58,933][com.java.SeleniumDriver] [  881] - Datavalue is----------10
[INFO ][2016-02-01 16:40:58,933][com.java.SeleniumDriver] [  905] - DataField : null
[INFO ][2016-02-01 16:40:58,933][com.java.SeleniumDriver] [  907] - DataValue : 10
[INFO ][2016-02-01 16:40:58,933][com.java.SeleniumDriver] [  913] - <In Set values of the page>
[INFO ][2016-02-01 16:40:58,933][com.java.SeleniumDriver] [  916] - {Data Fields & Data Values Exist}
[INFO ][2016-02-01 16:40:58,933][com.java.SeleniumDriver] [  918] - --------------------------setting values-----------------------------
[INFO ][2016-02-01 16:40:58,933][com.java.SeleniumDriver] [  921] - Action Type : waittime
[DEBUG][2016-02-01 16:40:58,933][com.java.TestType] [ 6370] - sleepTime: 10000
[INFO ][2016-02-01 16:41:08,938][com.java.SeleniumDriver] [  930] -  RESULT true
[INFO ][2016-02-01 16:41:08,938][com.java.SeleniumDriver] [ 1136] - ?   P A S S   ?
[INFO ][2016-02-01 16:41:08,938][com.java.SeleniumDriver] [  856] - ------------------------------------------
[INFO ][2016-02-01 16:41:08,938][com.java.SeleniumDriver] [  857] - Test case being Executed: 6
[INFO ][2016-02-01 16:41:08,938][com.java.SeleniumDriver] [  869] - Test step:37
[INFO ][2016-02-01 16:41:08,938][com.java.SeleniumDriver] [  881] - Datavalue is----------5
[INFO ][2016-02-01 16:41:08,938][com.java.SeleniumDriver] [  905] - DataField : DSP//div[@id='WidgetBodyPanel.0']//table//tr/td
[INFO ][2016-02-01 16:41:08,938][com.java.SeleniumDriver] [  907] - DataValue : 5
[INFO ][2016-02-01 16:41:08,938][com.java.SeleniumDriver] [  913] - <In Set values of the page>
[INFO ][2016-02-01 16:41:08,938][com.java.SeleniumDriver] [  916] - {Data Fields & Data Values Exist}
[INFO ][2016-02-01 16:41:08,938][com.java.SeleniumDriver] [  918] - --------------------------setting values-----------------------------
[INFO ][2016-02-01 16:41:08,938][com.java.SeleniumDriver] [  921] - Action Type : waitforelement
[INFO ][2016-02-01 16:41:10,289][com.java.SeleniumDriver] [  930] -  RESULT true
[INFO ][2016-02-01 16:41:10,289][com.java.SeleniumDriver] [ 1136] - ?   P A S S   ?
[INFO ][2016-02-01 16:41:10,289][com.java.SeleniumDriver] [  856] - ------------------------------------------
[INFO ][2016-02-01 16:41:10,289][com.java.SeleniumDriver] [  857] - Test case being Executed: 6
[INFO ][2016-02-01 16:41:10,289][com.java.SeleniumDriver] [  869] - Test step:38
[INFO ][2016-02-01 16:41:10,289][com.java.SeleniumDriver] [  881] - Datavalue is----------calname::red
[INFO ][2016-02-01 16:41:10,289][com.java.SeleniumDriver] [  905] - DataField : NIM//td[contains(text(),'mytext')]/following::td[2]
[INFO ][2016-02-01 16:41:10,289][com.java.SeleniumDriver] [  907] - DataValue : calname::red
[INFO ][2016-02-01 16:41:10,289][com.java.SeleniumDriver] [  913] - <In Set values of the page>
[INFO ][2016-02-01 16:41:10,289][com.java.SeleniumDriver] [  916] - {Data Fields & Data Values Exist}
[INFO ][2016-02-01 16:41:10,289][com.java.SeleniumDriver] [  918] - --------------------------setting values-----------------------------
[INFO ][2016-02-01 16:41:10,289][com.java.SeleniumDriver] [  921] - Action Type : verify
[INFO ][2016-02-01 16:41:10,289][com.java.TestType] [ 8158] - field= NIM//td[contains(text(),'mytext')]/following::td[2] value= calname::red
[INFO ][2016-02-01 16:41:10,289][com.java.TestType] [ 6556] - value = calname::red
[INFO ][2016-02-01 16:41:11,270][com.java.SeleniumDriver] [  930] -  RESULT true
[INFO ][2016-02-01 16:41:11,270][com.java.SeleniumDriver] [ 1136] - ?   P A S S   ?
[INFO ][2016-02-01 16:41:11,270][com.java.SeleniumDriver] [  856] - ------------------------------------------
[INFO ][2016-02-01 16:41:11,270][com.java.SeleniumDriver] [  857] - Test case being Executed: 6
[INFO ][2016-02-01 16:41:11,270][com.java.SeleniumDriver] [  869] - Test step:39
[INFO ][2016-02-01 16:41:11,270][com.java.SeleniumDriver] [  881] - Datavalue is----------null
[DEBUG][2016-02-01 16:41:11,270][com.java.SeleniumDriver] [  899] - Exception: null
[INFO ][2016-02-01 16:41:11,270][com.java.SeleniumDriver] [  905] - DataField : //a[starts-with(normalize-space(.), 'Settings')]/span[2]&&//a[starts-with(normalize-space(.), 'Customize')]&&//li[@data-id='MyDashboard']/a[starts-with(text(), 'My Dashboard')]
[INFO ][2016-02-01 16:41:11,270][com.java.SeleniumDriver] [  907] - DataValue : 
[INFO ][2016-02-01 16:41:11,270][com.java.SeleniumDriver] [  913] - <In Set values of the page>
[INFO ][2016-02-01 16:41:11,270][com.java.SeleniumDriver] [  916] - {Data Fields & Data Values Exist}
[INFO ][2016-02-01 16:41:11,270][com.java.SeleniumDriver] [  918] - --------------------------setting values-----------------------------
[INFO ][2016-02-01 16:41:11,270][com.java.SeleniumDriver] [  921] - Action Type : MOUSEOVER
[INFO ][2016-02-01 16:42:01,928][com.java.SeleniumDriver] [  930] -  RESULT true
[INFO ][2016-02-01 16:42:01,928][com.java.SeleniumDriver] [ 1136] - ?   P A S S   ?
[INFO ][2016-02-01 16:42:01,928][com.java.SeleniumDriver] [  856] - ------------------------------------------
[INFO ][2016-02-01 16:42:01,928][com.java.SeleniumDriver] [  857] - Test case being Executed: 6
[INFO ][2016-02-01 16:42:01,928][com.java.SeleniumDriver] [  869] - Test step:40
[INFO ][2016-02-01 16:42:01,928][com.java.SeleniumDriver] [  881] - Datavalue is----------My Dashboard Indicators
[INFO ][2016-02-01 16:42:01,928][com.java.SeleniumDriver] [  905] - DataField : XPH//span[@class='ui-dialog-title']
[INFO ][2016-02-01 16:42:01,928][com.java.SeleniumDriver] [  907] - DataValue : My Dashboard Indicators
[INFO ][2016-02-01 16:42:01,928][com.java.SeleniumDriver] [  913] - <In Set values of the page>
[INFO ][2016-02-01 16:42:01,928][com.java.SeleniumDriver] [  916] - {Data Fields & Data Values Exist}
[INFO ][2016-02-01 16:42:01,928][com.java.SeleniumDriver] [  918] - --------------------------setting values-----------------------------
[INFO ][2016-02-01 16:42:01,928][com.java.SeleniumDriver] [  921] - Action Type : Verify
[INFO ][2016-02-01 16:42:01,928][com.java.TestType] [ 8158] - field= XPH//span[@class='ui-dialog-title'] value= My Dashboard Indicators
[INFO ][2016-02-01 16:42:01,928][com.java.TestType] [ 6556] - value = My Dashboard Indicators
[INFO ][2016-02-01 16:42:02,739][com.java.SeleniumDriver] [  930] -  RESULT true
[INFO ][2016-02-01 16:42:02,739][com.java.SeleniumDriver] [ 1136] - ?   P A S S   ?
[INFO ][2016-02-01 16:42:02,739][com.java.SeleniumDriver] [  856] - ------------------------------------------
[INFO ][2016-02-01 16:42:02,739][com.java.SeleniumDriver] [  857] - Test case being Executed: 6
[INFO ][2016-02-01 16:42:02,739][com.java.SeleniumDriver] [  869] - Test step:41
[INFO ][2016-02-01 16:42:02,739][com.java.SeleniumDriver] [  881] - Datavalue is----------null
[DEBUG][2016-02-01 16:42:02,739][com.java.SeleniumDriver] [  899] - Exception: null
[INFO ][2016-02-01 16:42:02,739][com.java.SeleniumDriver] [  905] - DataField : BTNframeDialogContent
[INFO ][2016-02-01 16:42:02,739][com.java.SeleniumDriver] [  907] - DataValue : 
[INFO ][2016-02-01 16:42:02,739][com.java.SeleniumDriver] [  913] - <In Set values of the page>
[INFO ][2016-02-01 16:42:02,739][com.java.SeleniumDriver] [  916] - {Data Fields & Data Values Exist}
[INFO ][2016-02-01 16:42:02,739][com.java.SeleniumDriver] [  918] - --------------------------setting values-----------------------------
[INFO ][2016-02-01 16:42:02,739][com.java.SeleniumDriver] [  921] - Action Type : selectframe
[INFO ][2016-02-01 16:42:04,890][com.java.SeleniumDriver] [  930] -  RESULT true
[INFO ][2016-02-01 16:42:04,890][com.java.SeleniumDriver] [ 1136] - ?   P A S S   ?
[INFO ][2016-02-01 16:42:04,890][com.java.SeleniumDriver] [  856] - ------------------------------------------
[INFO ][2016-02-01 16:42:04,890][com.java.SeleniumDriver] [  857] - Test case being Executed: 6
[INFO ][2016-02-01 16:42:04,890][com.java.SeleniumDriver] [  869] - Test step:42
[INFO ][2016-02-01 16:42:04,890][com.java.SeleniumDriver] [  881] - Datavalue is----------calname
[INFO ][2016-02-01 16:42:04,890][com.java.SeleniumDriver] [  905] - DataField : MNC//td[contains(text(),'mytext')]/following-sibling::td[7]/span[2]
[INFO ][2016-02-01 16:42:04,890][com.java.SeleniumDriver] [  907] - DataValue : calname
[INFO ][2016-02-01 16:42:04,890][com.java.SeleniumDriver] [  913] - <In Set values of the page>
[INFO ][2016-02-01 16:42:04,890][com.java.SeleniumDriver] [  916] - {Data Fields & Data Values Exist}
[INFO ][2016-02-01 16:42:04,890][com.java.SeleniumDriver] [  918] - --------------------------setting values-----------------------------
[INFO ][2016-02-01 16:42:04,890][com.java.SeleniumDriver] [  921] - Action Type : click
[INFO ][2016-02-01 16:42:04,890][com.java.TestType] [ 6935] - Field ::MNC//td[contains(text(),'mytext')]/following-sibling::td[7]/span[2]
[INFO ][2016-02-01 16:42:04,890][com.java.TestType] [ 6556] - value = calname
[INFO ][2016-02-01 16:42:06,141][com.java.SeleniumDriver] [  930] -  RESULT true
[INFO ][2016-02-01 16:42:06,141][com.java.SeleniumDriver] [ 1136] - ?   P A S S   ?
[INFO ][2016-02-01 16:42:06,141][com.java.SeleniumDriver] [  856] - ------------------------------------------
[INFO ][2016-02-01 16:42:06,141][com.java.SeleniumDriver] [  857] - Test case being Executed: 6
[INFO ][2016-02-01 16:42:06,141][com.java.SeleniumDriver] [  869] - Test step:43
[INFO ][2016-02-01 16:42:06,141][com.java.SeleniumDriver] [  881] - Datavalue is----------null
[DEBUG][2016-02-01 16:42:06,141][com.java.SeleniumDriver] [  899] - Exception: null
[INFO ][2016-02-01 16:42:06,141][com.java.SeleniumDriver] [  905] - DataField : HDN//td[@class='dlg_Info']/label[3]/input
[INFO ][2016-02-01 16:42:06,141][com.java.SeleniumDriver] [  907] - DataValue : 
[INFO ][2016-02-01 16:42:06,141][com.java.SeleniumDriver] [  913] - <In Set values of the page>
[INFO ][2016-02-01 16:42:06,141][com.java.SeleniumDriver] [  916] - {Data Fields & Data Values Exist}
[INFO ][2016-02-01 16:42:06,141][com.java.SeleniumDriver] [  918] - --------------------------setting values-----------------------------
[INFO ][2016-02-01 16:42:06,141][com.java.SeleniumDriver] [  921] - Action Type : click
[INFO ][2016-02-01 16:42:06,141][com.java.TestType] [ 6935] - Field ::HDN//td[@class='dlg_Info']/label[3]/input
[INFO ][2016-02-01 16:42:06,141][com.java.TestType] [ 6556] - value = 
[INFO ][2016-02-01 16:42:08,092][com.java.SeleniumDriver] [  930] -  RESULT true
[INFO ][2016-02-01 16:42:08,092][com.java.SeleniumDriver] [ 1136] - ?   P A S S   ?
[INFO ][2016-02-01 16:42:08,092][com.java.SeleniumDriver] [  856] - ------------------------------------------
[INFO ][2016-02-01 16:42:08,092][com.java.SeleniumDriver] [  857] - Test case being Executed: 6
[INFO ][2016-02-01 16:42:08,092][com.java.SeleniumDriver] [  869] - Test step:44
[INFO ][2016-02-01 16:42:08,092][com.java.SeleniumDriver] [  881] - Datavalue is----------3
[INFO ][2016-02-01 16:42:08,092][com.java.SeleniumDriver] [  905] - DataField : null
[INFO ][2016-02-01 16:42:08,092][com.java.SeleniumDriver] [  907] - DataValue : 3
[INFO ][2016-02-01 16:42:08,092][com.java.SeleniumDriver] [  913] - <In Set values of the page>
[INFO ][2016-02-01 16:42:08,092][com.java.SeleniumDriver] [  916] - {Data Fields & Data Values Exist}
[INFO ][2016-02-01 16:42:08,092][com.java.SeleniumDriver] [  918] - --------------------------setting values-----------------------------
[INFO ][2016-02-01 16:42:08,092][com.java.SeleniumDriver] [  921] - Action Type : waittime
[DEBUG][2016-02-01 16:42:08,092][com.java.TestType] [ 6370] - sleepTime: 3000
[INFO ][2016-02-01 16:42:11,092][com.java.SeleniumDriver] [  930] -  RESULT true
[INFO ][2016-02-01 16:42:11,092][com.java.SeleniumDriver] [ 1136] - ?   P A S S   ?
[INFO ][2016-02-01 16:42:11,092][com.java.SeleniumDriver] [  856] - ------------------------------------------
[INFO ][2016-02-01 16:42:11,092][com.java.SeleniumDriver] [  857] - Test case being Executed: 6
[INFO ][2016-02-01 16:42:11,092][com.java.SeleniumDriver] [  869] - Test step:45
[INFO ][2016-02-01 16:42:11,092][com.java.SeleniumDriver] [  881] - Datavalue is----------HMVcalname
[INFO ][2016-02-01 16:42:11,092][com.java.SeleniumDriver] [  905] - DataField : FCV//a
[INFO ][2016-02-01 16:42:11,092][com.java.SeleniumDriver] [  907] - DataValue : HMVcalname
[INFO ][2016-02-01 16:42:11,092][com.java.SeleniumDriver] [  913] - <In Set values of the page>
[INFO ][2016-02-01 16:42:11,092][com.java.SeleniumDriver] [  916] - {Data Fields & Data Values Exist}
[INFO ][2016-02-01 16:42:11,092][com.java.SeleniumDriver] [  918] - --------------------------setting values-----------------------------
[INFO ][2016-02-01 16:42:11,092][com.java.SeleniumDriver] [  921] - Action Type : click
[INFO ][2016-02-01 16:42:11,092][com.java.TestType] [ 6935] - Field ::FCV//a
[INFO ][2016-02-01 16:42:11,092][com.java.TestType] [ 6556] - value = #_CALVLTest28006
[INFO ][2016-02-01 16:42:12,093][com.java.TestType] [ 6954] - BEFORE CLICK on //a[contains(text(),'#_CALVLTest28006')]
[DEBUG][2016-02-01 16:42:12,093][com.java.TestType] [ 7939] - For SELECT action type the data field should be TXT
[INFO ][2016-02-01 16:42:12,894][com.java.SeleniumDriver] [  930] -  RESULT true
[INFO ][2016-02-01 16:42:12,894][com.java.SeleniumDriver] [ 1136] - ?   P A S S   ?
[INFO ][2016-02-01 16:42:12,894][com.java.SeleniumDriver] [  856] - ------------------------------------------
[INFO ][2016-02-01 16:42:12,894][com.java.SeleniumDriver] [  857] - Test case being Executed: 6
[INFO ][2016-02-01 16:42:12,894][com.java.SeleniumDriver] [  869] - Test step:46
[INFO ][2016-02-01 16:42:12,894][com.java.SeleniumDriver] [  881] - Datavalue is----------5
[INFO ][2016-02-01 16:42:12,894][com.java.SeleniumDriver] [  905] - DataField : null
[INFO ][2016-02-01 16:42:12,894][com.java.SeleniumDriver] [  907] - DataValue : 5
[INFO ][2016-02-01 16:42:12,894][com.java.SeleniumDriver] [  913] - <In Set values of the page>
[INFO ][2016-02-01 16:42:12,894][com.java.SeleniumDriver] [  916] - {Data Fields & Data Values Exist}
[INFO ][2016-02-01 16:42:12,894][com.java.SeleniumDriver] [  918] - --------------------------setting values-----------------------------
[INFO ][2016-02-01 16:42:12,894][com.java.SeleniumDriver] [  921] - Action Type : waittime
[DEBUG][2016-02-01 16:42:12,894][com.java.TestType] [ 6370] - sleepTime: 5000
[INFO ][2016-02-01 16:42:17,894][com.java.SeleniumDriver] [  930] -  RESULT true
[INFO ][2016-02-01 16:42:17,894][com.java.SeleniumDriver] [ 1136] - ?   P A S S   ?
[INFO ][2016-02-01 16:42:17,894][com.java.SeleniumDriver] [  856] - ------------------------------------------
[INFO ][2016-02-01 16:42:17,894][com.java.SeleniumDriver] [  857] - Test case being Executed: 6
[INFO ][2016-02-01 16:42:17,894][com.java.SeleniumDriver] [  869] - Test step:47
[INFO ][2016-02-01 16:42:17,894][com.java.SeleniumDriver] [  881] - Datavalue is----------null
[DEBUG][2016-02-01 16:42:17,894][com.java.SeleniumDriver] [  899] - Exception: null
[INFO ][2016-02-01 16:42:17,894][com.java.SeleniumDriver] [  905] - DataField : BTNbtnNext
[INFO ][2016-02-01 16:42:17,894][com.java.SeleniumDriver] [  907] - DataValue : 
[INFO ][2016-02-01 16:42:17,894][com.java.SeleniumDriver] [  913] - <In Set values of the page>
[INFO ][2016-02-01 16:42:17,894][com.java.SeleniumDriver] [  916] - {Data Fields & Data Values Exist}
[INFO ][2016-02-01 16:42:17,894][com.java.SeleniumDriver] [  918] - --------------------------setting values-----------------------------
[INFO ][2016-02-01 16:42:17,894][com.java.SeleniumDriver] [  921] - Action Type : click
[INFO ][2016-02-01 16:42:17,894][com.java.TestType] [ 6935] - Field ::BTNbtnNext
[INFO ][2016-02-01 16:42:17,894][com.java.TestType] [ 6556] - value = 
[INFO ][2016-02-01 16:42:18,895][com.java.TestType] [ 7087] - BEFORE CLICK
[INFO ][2016-02-01 16:42:24,536][com.java.TestType] [ 7094] - Unable to click the object click on next button
[INFO ][2016-02-01 16:42:24,536][com.java.SeleniumDriver] [  930] -  RESULT true
[INFO ][2016-02-01 16:42:24,536][com.java.SeleniumDriver] [ 1136] - ?   P A S S   ?
[INFO ][2016-02-01 16:42:24,536][com.java.SeleniumDriver] [  856] - ------------------------------------------
[INFO ][2016-02-01 16:42:24,536][com.java.SeleniumDriver] [  857] - Test case being Executed: 6
[INFO ][2016-02-01 16:42:24,536][com.java.SeleniumDriver] [  869] - Test step:48
[INFO ][2016-02-01 16:42:24,536][com.java.SeleniumDriver] [  881] - Datavalue is----------Less Than
[INFO ][2016-02-01 16:42:24,536][com.java.SeleniumDriver] [  905] - DataField : SLBYellowCompare
[INFO ][2016-02-01 16:42:24,536][com.java.SeleniumDriver] [  907] - DataValue : Less Than
[INFO ][2016-02-01 16:42:24,536][com.java.SeleniumDriver] [  913] - <In Set values of the page>
[INFO ][2016-02-01 16:42:24,536][com.java.SeleniumDriver] [  916] - {Data Fields & Data Values Exist}
[INFO ][2016-02-01 16:42:24,536][com.java.SeleniumDriver] [  918] - --------------------------setting values-----------------------------
[INFO ][2016-02-01 16:42:24,536][com.java.SeleniumDriver] [  921] - Action Type : select
[INFO ][2016-02-01 16:42:24,536][com.java.TestType] [ 6556] - value = Less Than
[INFO ][2016-02-01 16:42:26,939][com.java.SeleniumDriver] [  930] -  RESULT true
[INFO ][2016-02-01 16:42:26,939][com.java.SeleniumDriver] [ 1136] - ?   P A S S   ?
[INFO ][2016-02-01 16:42:26,939][com.java.SeleniumDriver] [  856] - ------------------------------------------
[INFO ][2016-02-01 16:42:26,939][com.java.SeleniumDriver] [  857] - Test case being Executed: 6
[INFO ][2016-02-01 16:42:26,939][com.java.SeleniumDriver] [  869] - Test step:49
[INFO ][2016-02-01 16:42:26,939][com.java.SeleniumDriver] [  881] - Datavalue is----------100000000
[INFO ][2016-02-01 16:42:26,939][com.java.SeleniumDriver] [  905] - DataField : TXTYellowValue
[INFO ][2016-02-01 16:42:26,939][com.java.SeleniumDriver] [  907] - DataValue : 100000000
[INFO ][2016-02-01 16:42:26,939][com.java.SeleniumDriver] [  913] - <In Set values of the page>
[INFO ][2016-02-01 16:42:26,939][com.java.SeleniumDriver] [  916] - {Data Fields & Data Values Exist}
[INFO ][2016-02-01 16:42:26,939][com.java.SeleniumDriver] [  918] - --------------------------setting values-----------------------------
[INFO ][2016-02-01 16:42:26,939][com.java.SeleniumDriver] [  921] - Action Type : clearandenter
[INFO ][2016-02-01 16:42:28,190][com.java.TestType] [ 6556] - value = 100000000
[INFO ][2016-02-01 16:42:29,641][com.java.SeleniumDriver] [  930] -  RESULT true
[INFO ][2016-02-01 16:42:29,641][com.java.SeleniumDriver] [ 1136] - ?   P A S S   ?
[INFO ][2016-02-01 16:42:29,641][com.java.SeleniumDriver] [  856] - ------------------------------------------
[INFO ][2016-02-01 16:42:29,641][com.java.SeleniumDriver] [  857] - Test case being Executed: 6
[INFO ][2016-02-01 16:42:29,641][com.java.SeleniumDriver] [  869] - Test step:50
[INFO ][2016-02-01 16:42:29,641][com.java.SeleniumDriver] [  881] - Datavalue is----------Ignore
[INFO ][2016-02-01 16:42:29,641][com.java.SeleniumDriver] [  905] - DataField : SLBRedCompare
[INFO ][2016-02-01 16:42:29,641][com.java.SeleniumDriver] [  907] - DataValue : Ignore
[INFO ][2016-02-01 16:42:29,641][com.java.SeleniumDriver] [  913] - <In Set values of the page>
[INFO ][2016-02-01 16:42:29,641][com.java.SeleniumDriver] [  916] - {Data Fields & Data Values Exist}
[INFO ][2016-02-01 16:42:29,641][com.java.SeleniumDriver] [  918] - --------------------------setting values-----------------------------
[INFO ][2016-02-01 16:42:29,641][com.java.SeleniumDriver] [  921] - Action Type : select
[INFO ][2016-02-01 16:42:29,641][com.java.TestType] [ 6556] - value = Ignore
[INFO ][2016-02-01 16:42:32,003][com.java.SeleniumDriver] [  930] -  RESULT true
[INFO ][2016-02-01 16:42:32,003][com.java.SeleniumDriver] [ 1136] - ?   P A S S   ?
[INFO ][2016-02-01 16:42:32,003][com.java.SeleniumDriver] [  856] - ------------------------------------------
[INFO ][2016-02-01 16:42:32,003][com.java.SeleniumDriver] [  857] - Test case being Executed: 6
[INFO ][2016-02-01 16:42:32,003][com.java.SeleniumDriver] [  869] - Test step:51
[INFO ][2016-02-01 16:42:32,003][com.java.SeleniumDriver] [  881] - Datavalue is----------0
[INFO ][2016-02-01 16:42:32,003][com.java.SeleniumDriver] [  905] - DataField : BTNRedValue
[INFO ][2016-02-01 16:42:32,003][com.java.SeleniumDriver] [  907] - DataValue : 0
[INFO ][2016-02-01 16:42:32,003][com.java.SeleniumDriver] [  913] - <In Set values of the page>
[INFO ][2016-02-01 16:42:32,003][com.java.SeleniumDriver] [  916] - {Data Fields & Data Values Exist}
[INFO ][2016-02-01 16:42:32,003][com.java.SeleniumDriver] [  918] - --------------------------setting values-----------------------------
[INFO ][2016-02-01 16:42:32,003][com.java.SeleniumDriver] [  921] - Action Type : clearandenter
[INFO ][2016-02-01 16:42:35,124][com.java.TestType] [ 6556] - value = 0
[INFO ][2016-02-01 16:42:36,486][com.java.SeleniumDriver] [  930] -  RESULT true
[INFO ][2016-02-01 16:42:36,486][com.java.SeleniumDriver] [ 1136] - ?   P A S S   ?
[INFO ][2016-02-01 16:42:36,486][com.java.SeleniumDriver] [  856] - ------------------------------------------
[INFO ][2016-02-01 16:42:36,486][com.java.SeleniumDriver] [  857] - Test case being Executed: 6
[INFO ][2016-02-01 16:42:36,486][com.java.SeleniumDriver] [  869] - Test step:52
[INFO ][2016-02-01 16:42:36,486][com.java.SeleniumDriver] [  881] - Datavalue is----------null
[DEBUG][2016-02-01 16:42:36,486][com.java.SeleniumDriver] [  899] - Exception: null
[INFO ][2016-02-01 16:42:36,486][com.java.SeleniumDriver] [  905] - DataField : BTNparent
[INFO ][2016-02-01 16:42:36,486][com.java.SeleniumDriver] [  907] - DataValue : 
[INFO ][2016-02-01 16:42:36,486][com.java.SeleniumDriver] [  913] - <In Set values of the page>
[INFO ][2016-02-01 16:42:36,486][com.java.SeleniumDriver] [  916] - {Data Fields & Data Values Exist}
[INFO ][2016-02-01 16:42:36,486][com.java.SeleniumDriver] [  918] - --------------------------setting values-----------------------------
[INFO ][2016-02-01 16:42:36,486][com.java.SeleniumDriver] [  921] - Action Type : selectframe
[INFO ][2016-02-01 16:42:36,536][com.java.SeleniumDriver] [  930] -  RESULT true
[INFO ][2016-02-01 16:42:36,536][com.java.SeleniumDriver] [ 1136] - ?   P A S S   ?
[INFO ][2016-02-01 16:42:36,536][com.java.SeleniumDriver] [  856] - ------------------------------------------
[INFO ][2016-02-01 16:42:36,536][com.java.SeleniumDriver] [  857] - Test case being Executed: 6
[INFO ][2016-02-01 16:42:36,536][com.java.SeleniumDriver] [  869] - Test step:53
[INFO ][2016-02-01 16:42:36,536][com.java.SeleniumDriver] [  881] - Datavalue is----------null
[DEBUG][2016-02-01 16:42:36,536][com.java.SeleniumDriver] [  899] - Exception: null
[INFO ][2016-02-01 16:42:36,536][com.java.SeleniumDriver] [  905] - DataField : HDN//span[contains(text(),'Finished')]
[INFO ][2016-02-01 16:42:36,536][com.java.SeleniumDriver] [  907] - DataValue : 
[INFO ][2016-02-01 16:42:36,536][com.java.SeleniumDriver] [  913] - <In Set values of the page>
[INFO ][2016-02-01 16:42:36,536][com.java.SeleniumDriver] [  916] - {Data Fields & Data Values Exist}
[INFO ][2016-02-01 16:42:36,536][com.java.SeleniumDriver] [  918] - --------------------------setting values-----------------------------
[INFO ][2016-02-01 16:42:36,536][com.java.SeleniumDriver] [  921] - Action Type : click
[INFO ][2016-02-01 16:42:36,536][com.java.TestType] [ 6935] - Field ::HDN//span[contains(text(),'Finished')]
[INFO ][2016-02-01 16:42:36,536][com.java.TestType] [ 6556] - value = 
[INFO ][2016-02-01 16:42:38,767][com.java.SeleniumDriver] [  930] -  RESULT true
[INFO ][2016-02-01 16:42:38,767][com.java.SeleniumDriver] [ 1136] - ?   P A S S   ?
[INFO ][2016-02-01 16:42:38,767][com.java.SeleniumDriver] [  856] - ------------------------------------------
[INFO ][2016-02-01 16:42:38,767][com.java.SeleniumDriver] [  857] - Test case being Executed: 6
[INFO ][2016-02-01 16:42:38,767][com.java.SeleniumDriver] [  869] - Test step:54
[INFO ][2016-02-01 16:42:38,767][com.java.SeleniumDriver] [  881] - Datavalue is----------3
[INFO ][2016-02-01 16:42:38,767][com.java.SeleniumDriver] [  905] - DataField : null
[INFO ][2016-02-01 16:42:38,767][com.java.SeleniumDriver] [  907] - DataValue : 3
[INFO ][2016-02-01 16:42:38,767][com.java.SeleniumDriver] [  913] - <In Set values of the page>
[INFO ][2016-02-01 16:42:38,767][com.java.SeleniumDriver] [  916] - {Data Fields & Data Values Exist}
[INFO ][2016-02-01 16:42:38,767][com.java.SeleniumDriver] [  918] - --------------------------setting values-----------------------------
[INFO ][2016-02-01 16:42:38,767][com.java.SeleniumDriver] [  921] - Action Type : waittime
[DEBUG][2016-02-01 16:42:38,767][com.java.TestType] [ 6370] - sleepTime: 3000
[INFO ][2016-02-01 16:42:41,767][com.java.SeleniumDriver] [  930] -  RESULT true
[INFO ][2016-02-01 16:42:41,767][com.java.SeleniumDriver] [ 1136] - ?   P A S S   ?
[INFO ][2016-02-01 16:42:41,767][com.java.SeleniumDriver] [  856] - ------------------------------------------
[INFO ][2016-02-01 16:42:41,767][com.java.SeleniumDriver] [  857] - Test case being Executed: 6
[INFO ][2016-02-01 16:42:41,767][com.java.SeleniumDriver] [  869] - Test step:55
[INFO ][2016-02-01 16:42:41,767][com.java.SeleniumDriver] [  881] - Datavalue is----------null
[DEBUG][2016-02-01 16:42:41,767][com.java.SeleniumDriver] [  899] - Exception: null
[INFO ][2016-02-01 16:42:41,767][com.java.SeleniumDriver] [  905] - DataField : HDN//span[contains(text(),'Finished')]
[INFO ][2016-02-01 16:42:41,767][com.java.SeleniumDriver] [  907] - DataValue : 
[INFO ][2016-02-01 16:42:41,767][com.java.SeleniumDriver] [  913] - <In Set values of the page>
[INFO ][2016-02-01 16:42:41,767][com.java.SeleniumDriver] [  916] - {Data Fields & Data Values Exist}
[INFO ][2016-02-01 16:42:41,767][com.java.SeleniumDriver] [  918] - --------------------------setting values-----------------------------
[INFO ][2016-02-01 16:42:41,767][com.java.SeleniumDriver] [  921] - Action Type : click
[INFO ][2016-02-01 16:42:41,767][com.java.TestType] [ 6935] - Field ::HDN//span[contains(text(),'Finished')]
[INFO ][2016-02-01 16:42:41,767][com.java.TestType] [ 6556] - value = 
[INFO ][2016-02-01 16:42:42,939][com.java.SeleniumDriver] [  930] -  RESULT true
[INFO ][2016-02-01 16:42:42,939][com.java.SeleniumDriver] [ 1136] - ?   P A S S   ?
[INFO ][2016-02-01 16:42:42,939][com.java.SeleniumDriver] [  856] - ------------------------------------------
[INFO ][2016-02-01 16:42:42,939][com.java.SeleniumDriver] [  857] - Test case being Executed: 6
[INFO ][2016-02-01 16:42:42,939][com.java.SeleniumDriver] [  869] - Test step:56
[INFO ][2016-02-01 16:42:42,939][com.java.SeleniumDriver] [  881] - Datavalue is----------10
[INFO ][2016-02-01 16:42:42,939][com.java.SeleniumDriver] [  905] - DataField : null
[INFO ][2016-02-01 16:42:42,939][com.java.SeleniumDriver] [  907] - DataValue : 10
[INFO ][2016-02-01 16:42:42,939][com.java.SeleniumDriver] [  913] - <In Set values of the page>
[INFO ][2016-02-01 16:42:42,939][com.java.SeleniumDriver] [  916] - {Data Fields & Data Values Exist}
[INFO ][2016-02-01 16:42:42,939][com.java.SeleniumDriver] [  918] - --------------------------setting values-----------------------------
[INFO ][2016-02-01 16:42:42,939][com.java.SeleniumDriver] [  921] - Action Type : waittime
[DEBUG][2016-02-01 16:42:42,939][com.java.TestType] [ 6370] - sleepTime: 10000
[INFO ][2016-02-01 16:42:52,941][com.java.SeleniumDriver] [  930] -  RESULT true
[INFO ][2016-02-01 16:42:52,941][com.java.SeleniumDriver] [ 1136] - ?   P A S S   ?
[INFO ][2016-02-01 16:42:52,941][com.java.SeleniumDriver] [  856] - ------------------------------------------
[INFO ][2016-02-01 16:42:52,941][com.java.SeleniumDriver] [  857] - Test case being Executed: 6
[INFO ][2016-02-01 16:42:52,941][com.java.SeleniumDriver] [  869] - Test step:57
[INFO ][2016-02-01 16:42:52,941][com.java.SeleniumDriver] [  881] - Datavalue is----------5
[INFO ][2016-02-01 16:42:52,941][com.java.SeleniumDriver] [  905] - DataField : DSP//div[@id='WidgetBodyPanel.0']//table//tr/td
[INFO ][2016-02-01 16:42:52,941][com.java.SeleniumDriver] [  907] - DataValue : 5
[INFO ][2016-02-01 16:42:52,941][com.java.SeleniumDriver] [  913] - <In Set values of the page>
[INFO ][2016-02-01 16:42:52,941][com.java.SeleniumDriver] [  916] - {Data Fields & Data Values Exist}
[INFO ][2016-02-01 16:42:52,941][com.java.SeleniumDriver] [  918] - --------------------------setting values-----------------------------
[INFO ][2016-02-01 16:42:52,941][com.java.SeleniumDriver] [  921] - Action Type : waitforelement
[INFO ][2016-02-01 16:42:54,232][com.java.SeleniumDriver] [  930] -  RESULT true
[INFO ][2016-02-01 16:42:54,232][com.java.SeleniumDriver] [ 1136] - ?   P A S S   ?
[INFO ][2016-02-01 16:42:54,232][com.java.SeleniumDriver] [  856] - ------------------------------------------
[INFO ][2016-02-01 16:42:54,232][com.java.SeleniumDriver] [  857] - Test case being Executed: 6
[INFO ][2016-02-01 16:42:54,232][com.java.SeleniumDriver] [  869] - Test step:58
[INFO ][2016-02-01 16:42:54,232][com.java.SeleniumDriver] [  881] - Datavalue is----------calname::yellow
[INFO ][2016-02-01 16:42:54,232][com.java.SeleniumDriver] [  905] - DataField : NIM//td[contains(text(),'mytext')]/following::td[2]
[INFO ][2016-02-01 16:42:54,232][com.java.SeleniumDriver] [  907] - DataValue : calname::yellow
[INFO ][2016-02-01 16:42:54,232][com.java.SeleniumDriver] [  913] - <In Set values of the page>
[INFO ][2016-02-01 16:42:54,232][com.java.SeleniumDriver] [  916] - {Data Fields & Data Values Exist}
[INFO ][2016-02-01 16:42:54,232][com.java.SeleniumDriver] [  918] - --------------------------setting values-----------------------------
[INFO ][2016-02-01 16:42:54,232][com.java.SeleniumDriver] [  921] - Action Type : verify
[INFO ][2016-02-01 16:42:54,232][com.java.TestType] [ 8158] - field= NIM//td[contains(text(),'mytext')]/following::td[2] value= calname::yellow
[INFO ][2016-02-01 16:42:54,232][com.java.TestType] [ 6556] - value = calname::yellow
[INFO ][2016-02-01 16:42:55,233][com.java.SeleniumDriver] [  930] -  RESULT false
[INFO ][2016-02-01 16:42:55,233][com.java.SeleniumDriver] [  977] - ?   F A I L   ?
[INFO ][2016-02-01 16:42:55,233][com.java.SeleniumDriver] [  985] - Browser Type : IE10
[INFO ][2016-02-01 16:42:55,233][com.java.SeleniumDriver] [  986] - Adding Failed case6
[INFO ][2016-02-01 16:42:56,144][com.java.SeleniumDriver] [ 1100] - failedCases = 6
[ERROR][2016-02-01 16:42:56,144][com.java.SeleniumDriver] [ 1599] - Platform Errors : Our apologies...::We have encountered an issue with your request.::Our apologies?:We encountered an issue with your request.
[INFO ][2016-02-01 16:42:56,144][com.java.SeleniumDriver] [ 1603] - Length =3
[ERROR][2016-02-01 16:42:56,144][com.java.SeleniumDriver] [ 1606] - Error 0 = Our apologies...
[ERROR][2016-02-01 16:42:56,334][com.java.SeleniumDriver] [ 1606] - Error 1 = We have encountered an issue with your request.
[ERROR][2016-02-01 16:42:56,485][com.java.SeleniumDriver] [ 1606] - Error 2 = Our apologies?:We encountered an issue with your request.
[INFO ][2016-02-01 16:42:56,645][com.java.SeleniumDriver] [ 1617] - strError:
[DEBUG][2016-02-01 16:42:56,655][com.java.SeleniumDriver] [ 1248] - Case found
[DEBUG][2016-02-01 16:42:56,655][com.java.SeleniumDriver] [ 1253] - Incrementing ReportCounters[0]:2
[INFO ][2016-02-01 16:42:56,655][com.java.SeleniumDriver] [ 1272] - The results are-------------------[6, 58, Settings: Customzie My Dashboards: Custom Calculations: Red/Green Flashing Alerts, Fail, 
Test case failed at Step No. :: 58. Screen Shot : D:\BankersDashboard\TestReports\020116\6_020116_164255_IE10.png, Mon Feb 01 16:42:56 IST 2016]
[INFO ][2016-02-01 16:42:56,655][com.java.SeleniumDriver] [ 1276] - End time is-------5 min 29 sec
[INFO ][2016-02-01 16:42:56,655][com.java.SeleniumDriver] [ 1277] - The results are-------------------[6, 58, Settings: Customzie My Dashboards: Custom Calculations: Red/Green Flashing Alerts, Fail, 
Test case failed at Step No. :: 58. Screen Shot : D:\BankersDashboard\TestReports\020116\6_020116_164255_IE10.png, Mon Feb 01 16:42:56 IST 2016]
[DEBUG][2016-02-01 16:42:56,655][com.java.ImportnExport.ExportTestResultsExcel] [  222] - testResultPath = D:\BankersDashboard/TestReports/Test Results_BankersDashBoard_020116_163729_IE10_Bank of North Carolina.xls
[DEBUG][2016-02-01 16:42:56,655][com.java.ImportnExport.ExportTestResultsExcel] [  223] - browser is------------IE10
[DEBUG][2016-02-01 16:42:56,655][com.java.ImportnExport.ExportTestResultsExcel] [  270] - result.size() = 6
[DEBUG][2016-02-01 16:42:56,655][com.java.ImportnExport.ExportTestResultsExcel] [  274] - No of rows in sheet=2
[DEBUG][2016-02-01 16:42:56,655][com.java.ImportnExport.ExportTestResultsExcel] [  301] - ..in export..6
[DEBUG][2016-02-01 16:42:56,655][com.java.ImportnExport.ExportTestResultsExcel] [  301] - ..in export..Settings: Customzie My Dashboards: Custom Calculations: Red/Green Flashing Alerts
[DEBUG][2016-02-01 16:42:56,655][com.java.ImportnExport.ExportTestResultsExcel] [  301] - ..in export..Fail
[DEBUG][2016-02-01 16:42:56,655][com.java.ImportnExport.ExportTestResultsExcel] [  301] - ..in export..
Test case failed at Step No. :: 58. Screen Shot : D:\BankersDashboard\TestReports\020116\6_020116_164255_IE10.png
[DEBUG][2016-02-01 16:42:56,655][com.java.ImportnExport.ExportTestResultsExcel] [  301] - ..in export..Mon Feb 01 16:42:56 IST 2016
[INFO ][2016-02-01 16:42:56,655][com.java.SeleniumDriver] [ 1337] - out loop:1 size:2 TestCases:[1, 6] testcases:[1, 6]
[INFO ][2016-02-01 16:42:58,655][com.java.SeleniumDriver] [ 1380] - Total Number of Cases:2
[INFO ][2016-02-01 16:42:58,655][com.java.TemplateGenerator] [  302] - Executed:2
[INFO ][2016-02-01 16:42:58,655][com.java.TemplateGenerator] [  303] - Passed:1
[INFO ][2016-02-01 16:42:58,655][com.java.TemplateGenerator] [  304] - Failed:1
[INFO ][2016-02-01 16:42:58,655][com.java.TemplateGenerator] [  305] - Skipeed:0
[INFO ][2016-02-01 16:42:58,655][com.java.TemplateGenerator] [  306] - Application URL:https://clients-xuat.bankersdashboard.com
[INFO ][2016-02-01 16:42:58,655][com.java.TemplateGenerator] [  307] - Start Time:020116_163729
[INFO ][2016-02-01 16:42:58,655][com.java.TemplateGenerator] [  308] -  Creating HTML Report 
[ERROR][2016-02-01 16:42:58,655][com.java.TemplateGenerator] [  409] - Unparseable date: "Mon Feb 01 04:37:29 IST 2016"
[INFO ][2016-02-01 16:42:58,655][com.java.TemplateGenerator] [  654] -  Exporting case :: 1
[INFO ][2016-02-01 16:42:58,655][com.java.TemplateGenerator] [  654] -  Exporting case :: 6
[INFO ][2016-02-01 16:42:58,655][com.java.SeleniumDriver] [ 1429] - End Time:020116_164258
[INFO ][2016-02-01 16:42:58,655][com.java.SeleniumDriver] [ 1432] - Data in Test Execution Details:{1=PASS, 6=FAILTest case failed at Step No. :: 58}
[INFO ][2016-02-01 16:42:58,655][com.java.SeleniumDriver] [ 1433] - Data in Failed Execution Deatils:{}
[INFO ][2016-02-01 16:42:58,655][com.java.SeleniumDriver] [ 1435] - ReportCounter:Total:2 :: PASS: 1 ::FAIL: 1
[INFO ][2016-02-01 16:42:58,655][com.java.SeleniumDriver] [ 1436] - FailedReportCounter:Total:0 :: PASS: 0 ::FAIL: 0
[INFO ][2016-02-01 16:42:58,656][com.java.EmailTestReport] [   63] - Sending report mail details:
[INFO ][2016-02-01 16:42:58,656][com.java.EmailTestReport] [   80] - Excel Report Path:D:\BankersDashboard/TestReports/Test Results_BankersDashBoard_020116_163729_IE10_Bank of North Carolina.xls
[INFO ][2016-02-01 16:42:58,656][com.java.EmailTestReport] [   81] - HTML Report Path:D:\BankersDashboard//TestReports//Test Results_BankersDashBoard_020116_163729_IE10_Bank of North Carolina.html
[INFO ][2016-02-01 16:42:58,656][com.java.EmailTestReport] [   82] - smtpHostName:mail01.valuelabs.com
[INFO ][2016-02-01 16:42:58,656][com.java.EmailTestReport] [   83] - Recipient:venkateswararao.gubbala@valuelabs.com;
[INFO ][2016-02-01 16:42:58,656][com.java.EmailTestReport] [   84] - From:venkateswararao.gubbala@valuelabs.com;
[INFO ][2016-02-01 16:42:58,656][com.java.EmailTestReport] [   85] - Subject:Deluxe Corp Bankers Dashboard Automation Test Report - Bank of North Carolina - IE10
[INFO ][2016-02-01 16:42:58,686][com.java.EmailTestReport] [  143] -  Added venkateswararao.gubbala@valuelabs.com
[INFO ][2016-02-01 16:43:01,816][com.java.SeleniumDriver] [  722] - quitting the browser 
[INFO ][2016-02-01 16:43:03,508][com.java.SeleniumDriver] [  264] - Execution Completed Stopping the thread
