[INFO ][2015-10-27 18:05:44,660][com.java.SeleniumDriver] [  213] - Execute Failed Casesfalse
[INFO ][2015-10-27 18:05:44,660][com.java.SeleniumDriver] [  214] - Browser: IE11
[INFO ][2015-10-27 18:05:44,660][com.java.SeleniumDriver] [  215] - [13]
[INFO ][2015-10-27 18:05:44,660][com.java.SeleniumDriver] [  216] - Total TestCases:1
[INFO ][2015-10-27 18:05:44,660][com.java.SeleniumDriver] [  217] -  Reading Properties from Property File 
[DEBUG][2015-10-27 18:05:44,660][com.java.SeleniumDriver] [  238] - url : https://clients.xuat.bankersdashboard.com
[INFO ][2015-10-27 18:05:44,662][com.java.ImportnExport.ExportTestResultsExcel] [  116] - Time Stamp Tue Oct 27 06:05:44 IST 2015
[INFO ][2015-10-27 18:05:44,662][com.java.ImportnExport.ExportTestResultsExcel] [  175] - OUT FILE : D:\BankersDashboard/TestReports/Test Results_BankersDashBoard_102715_180544_IE11_Any Bank USA.xls
[INFO ][2015-10-27 18:05:44,689][com.java.ImportnExport.ExportTestResultsExcel] [  180] - Test Result file is created
[DEBUG][2015-10-27 18:05:44,789][com.java.SeleniumDriver] [  425] - Hub ip address is-------172.17.68.34
[INFO ][2015-10-27 18:05:44,790][com.java.SeleniumDriver] [  451] - Grid URL:http://172.17.68.34:4444/wd/hub
[INFO ][2015-10-27 18:05:44,790][com.java.SeleniumDriver] [  452] - Capability:Capabilities [{platform=ANY, ensureCleanSession=true, ignoreProtectedModeSettings=true, acceptSslCerts=true, ignoreZoomSetting=true, browserName=internet explorer, browserstack.ie.noFlash=true, version=Node1}]
[ERROR][2015-10-27 18:05:46,090][com.java.SeleniumDriver] [  496] - Unable invoke browser in grid:Could not start a new session. Possible causes are invalid address of the remote server or browser start-up failure.
Build info: version: '2.48.2', revision: '41bccdd', time: '2015-10-09 19:59:12'
System info: host: 'FVTIII438F1D', ip: '172.17.68.34', os.name: 'Windows 7', os.arch: 'x86', os.version: '6.1', java.version: '1.7.0_55'
Driver info: driver.version: SeleniumDriver
[INFO ][2015-10-27 18:05:46,090][com.java.SeleniumDriver] [  498] - Executing on local machine
[INFO ][2015-10-27 18:05:55,747][com.java.SeleniumDriver] [  248] - IE11is opened
[INFO ][2015-10-27 18:05:56,663][com.java.SeleniumDriver] [  752] - Test cases to be executed are: [13]
[INFO ][2015-10-27 18:05:56,663][com.java.ImportnExport.ImportTestDataDetailsExcel] [   49] - test data details path===== D:\BankersDashboard\TestInputs\TestData.xls
[INFO ][2015-10-27 18:05:57,639][com.java.SeleniumDriver] [  790] - ------------------------------------------
[INFO ][2015-10-27 18:05:57,639][com.java.SeleniumDriver] [  791] - Test case being Executed: 13
[INFO ][2015-10-27 18:05:57,654][com.java.SeleniumDriver] [  802] - Test step:1
[INFO ][2015-10-27 18:05:57,654][com.java.SeleniumDriver] [  814] - Datavalue is----------Logout
[INFO ][2015-10-27 18:05:57,654][com.java.SeleniumDriver] [  838] - DataField : BTN
[INFO ][2015-10-27 18:05:57,655][com.java.SeleniumDriver] [  840] - DataValue : Logout
[INFO ][2015-10-27 18:05:57,655][com.java.SeleniumDriver] [  846] - <In Set values of the page>
[INFO ][2015-10-27 18:05:57,655][com.java.SeleniumDriver] [  849] - {Data Fields & Data Values Exist}
[INFO ][2015-10-27 18:05:57,655][com.java.SeleniumDriver] [  851] - --------------------------setting values-----------------------------
[INFO ][2015-10-27 18:05:57,655][com.java.SeleniumDriver] [  854] - Action Type : VERIFY
[INFO ][2015-10-27 18:05:57,672][com.java.TestType] [ 3897] - field= BTN value= Logout
[INFO ][2015-10-27 18:05:57,673][com.java.TestType] [ 2981] - value = Logout
[ERROR][2015-10-27 18:06:49,732][com.java.TestType] [ 4232] - Assertion Error: 
[INFO ][2015-10-27 18:06:49,733][com.java.SeleniumDriver] [  863] -  RESULT false
[INFO ][2015-10-27 18:06:49,733][com.java.SeleniumDriver] [  910] - ?   F A I L   ?
[INFO ][2015-10-27 18:06:49,733][com.java.SeleniumDriver] [  913] - Browser Type : IE11
[INFO ][2015-10-27 18:06:49,733][com.java.SeleniumDriver] [  914] - Adding Failed case13
[INFO ][2015-10-27 18:06:50,363][com.java.SeleniumDriver] [  997] - failedCases = 13
[ERROR][2015-10-27 18:06:50,363][com.java.SeleniumDriver] [ 1500] - Platform Errors : Our apologies...::We have encountered an issue with your request.::Our apologies?:We encountered an issue with your request.
[INFO ][2015-10-27 18:06:50,363][com.java.SeleniumDriver] [ 1504] - Length =3
[ERROR][2015-10-27 18:06:50,363][com.java.SeleniumDriver] [ 1507] - Error 0 = Our apologies...
[ERROR][2015-10-27 18:06:50,376][com.java.SeleniumDriver] [ 1507] - Error 1 = We have encountered an issue with your request.
[ERROR][2015-10-27 18:06:50,400][com.java.SeleniumDriver] [ 1507] - Error 2 = Our apologies?:We encountered an issue with your request.
[DEBUG][2015-10-27 18:06:50,413][com.java.SeleniumDriver] [ 1022] -  tdd.getCondition() IF:3:Next
[INFO ][2015-10-27 18:06:50,413][com.java.SeleniumDriver] [ 1026] - Continue next step...
[INFO ][2015-10-27 18:06:50,414][com.java.SeleniumDriver] [  790] - ------------------------------------------
[INFO ][2015-10-27 18:06:50,414][com.java.SeleniumDriver] [  791] - Test case being Executed: 13
[INFO ][2015-10-27 18:06:50,414][com.java.SeleniumDriver] [  802] - Test step:2
[INFO ][2015-10-27 18:06:50,414][com.java.SeleniumDriver] [  814] - Datavalue is----------Concept#1:1-14
[INFO ][2015-10-27 18:06:50,414][com.java.SeleniumDriver] [  838] - DataField : test
[INFO ][2015-10-27 18:06:50,414][com.java.SeleniumDriver] [  840] - DataValue : Concept#1:1-14
[INFO ][2015-10-27 18:06:50,414][com.java.SeleniumDriver] [  846] - <In Set values of the page>
[INFO ][2015-10-27 18:06:50,414][com.java.SeleniumDriver] [  849] - {Data Fields & Data Values Exist}
[INFO ][2015-10-27 18:06:50,415][com.java.SeleniumDriver] [  851] - --------------------------setting values-----------------------------
[INFO ][2015-10-27 18:06:50,415][com.java.SeleniumDriver] [  854] - Action Type : ExecuteTestCase
[INFO ][2015-10-27 18:06:50,415][com.java.TestType] [  353] - The Concept sheet name is ---------- Concept
[INFO ][2015-10-27 18:06:50,415][com.java.TestType] [  355] - The Concept ID  is ---------- 1
[DEBUG][2015-10-27 18:06:50,415][com.java.TestType] [  357] - Steps being executted in the Concept are: 1:14
[INFO ][2015-10-27 18:06:50,415][com.java.TestType] [  361] - Test data details path ---------- D:\BankersDashboard\TestInputs\TestData.xls
[INFO ][2015-10-27 18:06:50,446][com.java.TestType] [  385] -  str(1) = 1
[INFO ][2015-10-27 18:06:50,446][com.java.TestType] [  388] - Test case Id is---1
[INFO ][2015-10-27 18:06:50,446][com.java.TestType] [  390] - 1
[INFO ][2015-10-27 18:06:50,446][com.java.TestType] [  385] -  str(2) = 1
[INFO ][2015-10-27 18:06:50,449][com.java.TestType] [  435] - row values are--------{1=com.java.Objects.TestDataDetails@889fe1}
[INFO ][2015-10-27 18:06:50,450][com.java.TestType] [  385] -  str(1) = 1
[INFO ][2015-10-27 18:06:50,450][com.java.TestType] [  388] - Test case Id is---1
[INFO ][2015-10-27 18:06:50,450][com.java.TestType] [  390] - 1
[INFO ][2015-10-27 18:06:50,450][com.java.TestType] [  385] -  str(2) = 2
[INFO ][2015-10-27 18:06:50,450][com.java.TestType] [  435] - row values are--------{1=com.java.Objects.TestDataDetails@889fe1, 2=com.java.Objects.TestDataDetails@67ebee}
[INFO ][2015-10-27 18:06:50,451][com.java.TestType] [  385] -  str(1) = 1
[INFO ][2015-10-27 18:06:50,451][com.java.TestType] [  388] - Test case Id is---1
[INFO ][2015-10-27 18:06:50,451][com.java.TestType] [  390] - 1
[INFO ][2015-10-27 18:06:50,451][com.java.TestType] [  385] -  str(2) = 3
[INFO ][2015-10-27 18:06:50,452][com.java.TestType] [  435] - row values are--------{1=com.java.Objects.TestDataDetails@889fe1, 2=com.java.Objects.TestDataDetails@67ebee, 3=com.java.Objects.TestDataDetails@a3f5f3}
[INFO ][2015-10-27 18:06:50,452][com.java.TestType] [  385] -  str(1) = 1
[INFO ][2015-10-27 18:06:50,452][com.java.TestType] [  388] - Test case Id is---1
[INFO ][2015-10-27 18:06:50,452][com.java.TestType] [  390] - 1
[INFO ][2015-10-27 18:06:50,452][com.java.TestType] [  385] -  str(2) = 4
[INFO ][2015-10-27 18:06:50,453][com.java.TestType] [  435] - row values are--------{1=com.java.Objects.TestDataDetails@889fe1, 2=com.java.Objects.TestDataDetails@67ebee, 3=com.java.Objects.TestDataDetails@a3f5f3, 4=com.java.Objects.TestDataDetails@15efa6c}
[INFO ][2015-10-27 18:06:50,453][com.java.TestType] [  385] -  str(1) = 1
[INFO ][2015-10-27 18:06:50,453][com.java.TestType] [  388] - Test case Id is---1
[INFO ][2015-10-27 18:06:50,453][com.java.TestType] [  390] - 1
[INFO ][2015-10-27 18:06:50,453][com.java.TestType] [  385] -  str(2) = 5
[INFO ][2015-10-27 18:06:50,454][com.java.TestType] [  435] - row values are--------{1=com.java.Objects.TestDataDetails@889fe1, 2=com.java.Objects.TestDataDetails@67ebee, 3=com.java.Objects.TestDataDetails@a3f5f3, 4=com.java.Objects.TestDataDetails@15efa6c, 5=com.java.Objects.TestDataDetails@1ec7a3}
[INFO ][2015-10-27 18:06:50,454][com.java.TestType] [  385] -  str(1) = 1
[INFO ][2015-10-27 18:06:50,454][com.java.TestType] [  388] - Test case Id is---1
[INFO ][2015-10-27 18:06:50,454][com.java.TestType] [  390] - 1
[INFO ][2015-10-27 18:06:50,454][com.java.TestType] [  385] -  str(2) = 6
[INFO ][2015-10-27 18:06:50,455][com.java.TestType] [  435] - row values are--------{1=com.java.Objects.TestDataDetails@889fe1, 2=com.java.Objects.TestDataDetails@67ebee, 3=com.java.Objects.TestDataDetails@a3f5f3, 4=com.java.Objects.TestDataDetails@15efa6c, 5=com.java.Objects.TestDataDetails@1ec7a3, 6=com.java.Objects.TestDataDetails@18b4b42}
[INFO ][2015-10-27 18:06:50,455][com.java.TestType] [  385] -  str(1) = 1
[INFO ][2015-10-27 18:06:50,455][com.java.TestType] [  388] - Test case Id is---1
[INFO ][2015-10-27 18:06:50,455][com.java.TestType] [  390] - 1
[INFO ][2015-10-27 18:06:50,455][com.java.TestType] [  385] -  str(2) = 7
[INFO ][2015-10-27 18:06:50,456][com.java.TestType] [  435] - row values are--------{1=com.java.Objects.TestDataDetails@889fe1, 2=com.java.Objects.TestDataDetails@67ebee, 3=com.java.Objects.TestDataDetails@a3f5f3, 4=com.java.Objects.TestDataDetails@15efa6c, 5=com.java.Objects.TestDataDetails@1ec7a3, 6=com.java.Objects.TestDataDetails@18b4b42, 7=com.java.Objects.TestDataDetails@1f4cd7}
[INFO ][2015-10-27 18:06:50,456][com.java.TestType] [  385] -  str(1) = 1
[INFO ][2015-10-27 18:06:50,456][com.java.TestType] [  388] - Test case Id is---1
[INFO ][2015-10-27 18:06:50,456][com.java.TestType] [  390] - 1
[INFO ][2015-10-27 18:06:50,456][com.java.TestType] [  385] -  str(2) = 8
[INFO ][2015-10-27 18:06:50,459][com.java.TestType] [  435] - row values are--------{1=com.java.Objects.TestDataDetails@889fe1, 2=com.java.Objects.TestDataDetails@67ebee, 3=com.java.Objects.TestDataDetails@a3f5f3, 4=com.java.Objects.TestDataDetails@15efa6c, 5=com.java.Objects.TestDataDetails@1ec7a3, 6=com.java.Objects.TestDataDetails@18b4b42, 7=com.java.Objects.TestDataDetails@1f4cd7, 8=com.java.Objects.TestDataDetails@1e52bfd}
[INFO ][2015-10-27 18:06:50,459][com.java.TestType] [  385] -  str(1) = 1
[INFO ][2015-10-27 18:06:50,459][com.java.TestType] [  388] - Test case Id is---1
[INFO ][2015-10-27 18:06:50,459][com.java.TestType] [  390] - 1
[INFO ][2015-10-27 18:06:50,459][com.java.TestType] [  385] -  str(2) = 9
[INFO ][2015-10-27 18:06:50,460][com.java.TestType] [  435] - row values are--------{1=com.java.Objects.TestDataDetails@889fe1, 2=com.java.Objects.TestDataDetails@67ebee, 3=com.java.Objects.TestDataDetails@a3f5f3, 4=com.java.Objects.TestDataDetails@15efa6c, 5=com.java.Objects.TestDataDetails@1ec7a3, 6=com.java.Objects.TestDataDetails@18b4b42, 7=com.java.Objects.TestDataDetails@1f4cd7, 8=com.java.Objects.TestDataDetails@1e52bfd, 9=com.java.Objects.TestDataDetails@5c53ff}
[INFO ][2015-10-27 18:06:50,460][com.java.TestType] [  385] -  str(1) = 1
[INFO ][2015-10-27 18:06:50,460][com.java.TestType] [  388] - Test case Id is---1
[INFO ][2015-10-27 18:06:50,460][com.java.TestType] [  390] - 1
[INFO ][2015-10-27 18:06:50,460][com.java.TestType] [  385] -  str(2) = 10
[INFO ][2015-10-27 18:06:50,461][com.java.TestType] [  435] - row values are--------{1=com.java.Objects.TestDataDetails@889fe1, 2=com.java.Objects.TestDataDetails@67ebee, 3=com.java.Objects.TestDataDetails@a3f5f3, 4=com.java.Objects.TestDataDetails@15efa6c, 5=com.java.Objects.TestDataDetails@1ec7a3, 6=com.java.Objects.TestDataDetails@18b4b42, 7=com.java.Objects.TestDataDetails@1f4cd7, 8=com.java.Objects.TestDataDetails@1e52bfd, 9=com.java.Objects.TestDataDetails@5c53ff, 10=com.java.Objects.TestDataDetails@7c8e4c}
[INFO ][2015-10-27 18:06:50,461][com.java.TestType] [  385] -  str(1) = 1
[INFO ][2015-10-27 18:06:50,461][com.java.TestType] [  388] - Test case Id is---1
[INFO ][2015-10-27 18:06:50,461][com.java.TestType] [  390] - 1
[INFO ][2015-10-27 18:06:50,461][com.java.TestType] [  385] -  str(2) = 11
[INFO ][2015-10-27 18:06:50,462][com.java.TestType] [  435] - row values are--------{1=com.java.Objects.TestDataDetails@889fe1, 2=com.java.Objects.TestDataDetails@67ebee, 3=com.java.Objects.TestDataDetails@a3f5f3, 4=com.java.Objects.TestDataDetails@15efa6c, 5=com.java.Objects.TestDataDetails@1ec7a3, 6=com.java.Objects.TestDataDetails@18b4b42, 7=com.java.Objects.TestDataDetails@1f4cd7, 8=com.java.Objects.TestDataDetails@1e52bfd, 9=com.java.Objects.TestDataDetails@5c53ff, 10=com.java.Objects.TestDataDetails@7c8e4c, 11=com.java.Objects.TestDataDetails@108d9c}
[INFO ][2015-10-27 18:06:50,462][com.java.TestType] [  385] -  str(1) = 1
[INFO ][2015-10-27 18:06:50,462][com.java.TestType] [  388] - Test case Id is---1
[INFO ][2015-10-27 18:06:50,462][com.java.TestType] [  390] - 1
[INFO ][2015-10-27 18:06:50,462][com.java.TestType] [  385] -  str(2) = 12
[INFO ][2015-10-27 18:06:50,463][com.java.TestType] [  435] - row values are--------{1=com.java.Objects.TestDataDetails@889fe1, 2=com.java.Objects.TestDataDetails@67ebee, 3=com.java.Objects.TestDataDetails@a3f5f3, 4=com.java.Objects.TestDataDetails@15efa6c, 5=com.java.Objects.TestDataDetails@1ec7a3, 6=com.java.Objects.TestDataDetails@18b4b42, 7=com.java.Objects.TestDataDetails@1f4cd7, 8=com.java.Objects.TestDataDetails@1e52bfd, 9=com.java.Objects.TestDataDetails@5c53ff, 10=com.java.Objects.TestDataDetails@7c8e4c, 11=com.java.Objects.TestDataDetails@108d9c, 12=com.java.Objects.TestDataDetails@146fdc1}
[INFO ][2015-10-27 18:06:50,463][com.java.TestType] [  385] -  str(1) = 1
[INFO ][2015-10-27 18:06:50,463][com.java.TestType] [  388] - Test case Id is---1
[INFO ][2015-10-27 18:06:50,463][com.java.TestType] [  390] - 1
[INFO ][2015-10-27 18:06:50,463][com.java.TestType] [  385] -  str(2) = 13
[INFO ][2015-10-27 18:06:50,464][com.java.TestType] [  435] - row values are--------{1=com.java.Objects.TestDataDetails@889fe1, 2=com.java.Objects.TestDataDetails@67ebee, 3=com.java.Objects.TestDataDetails@a3f5f3, 4=com.java.Objects.TestDataDetails@15efa6c, 5=com.java.Objects.TestDataDetails@1ec7a3, 6=com.java.Objects.TestDataDetails@18b4b42, 7=com.java.Objects.TestDataDetails@1f4cd7, 8=com.java.Objects.TestDataDetails@1e52bfd, 9=com.java.Objects.TestDataDetails@5c53ff, 10=com.java.Objects.TestDataDetails@7c8e4c, 11=com.java.Objects.TestDataDetails@108d9c, 12=com.java.Objects.TestDataDetails@146fdc1, 13=com.java.Objects.TestDataDetails@16af1ba}
[INFO ][2015-10-27 18:06:50,464][com.java.TestType] [  385] -  str(1) = 1
[INFO ][2015-10-27 18:06:50,464][com.java.TestType] [  388] - Test case Id is---1
[INFO ][2015-10-27 18:06:50,464][com.java.TestType] [  390] - 1
[INFO ][2015-10-27 18:06:50,464][com.java.TestType] [  385] -  str(2) = 14
[INFO ][2015-10-27 18:06:50,465][com.java.TestType] [  435] - row values are--------{1=com.java.Objects.TestDataDetails@889fe1, 2=com.java.Objects.TestDataDetails@67ebee, 3=com.java.Objects.TestDataDetails@a3f5f3, 4=com.java.Objects.TestDataDetails@15efa6c, 5=com.java.Objects.TestDataDetails@1ec7a3, 6=com.java.Objects.TestDataDetails@18b4b42, 7=com.java.Objects.TestDataDetails@1f4cd7, 8=com.java.Objects.TestDataDetails@1e52bfd, 9=com.java.Objects.TestDataDetails@5c53ff, 10=com.java.Objects.TestDataDetails@7c8e4c, 11=com.java.Objects.TestDataDetails@108d9c, 12=com.java.Objects.TestDataDetails@146fdc1, 13=com.java.Objects.TestDataDetails@16af1ba, 14=com.java.Objects.TestDataDetails@176ebe5}
[INFO ][2015-10-27 18:06:50,465][com.java.TestType] [ 6337] - Looping 1TCID = 1
[DEBUG][2015-10-27 18:06:50,465][com.java.TestType] [ 6348] - Concept ID:1 :: Step being Executed: 1::1
[INFO ][2015-10-27 18:06:50,465][com.java.TestType] [ 6381] - dataFields : TXTusername
[DEBUG][2015-10-27 18:06:50,466][com.java.TestType] [ 6386] - <In Set values of the page>
[DEBUG][2015-10-27 18:06:50,467][com.java.TestType] [ 6390] - {Data Fields & Data Values Exist}
[INFO ][2015-10-27 18:06:50,467][com.java.TestType] [ 6394] - --------------------------setting values-----------------------------
[INFO ][2015-10-27 18:06:50,468][com.java.TestType] [ 6397] - Action Type : CLEARANDENTER
[INFO ][2015-10-27 18:06:50,468][com.java.TestType] [ 2981] - value = naresh.nayini.00000
[INFO ][2015-10-27 18:06:53,065][com.java.TestType] [ 6408] -  RESULT true
[INFO ][2015-10-27 18:06:53,065][com.java.TestType] [ 6512] - ?   P A S S   ?
[DEBUG][2015-10-27 18:06:53,066][com.java.TestType] [ 6348] - Concept ID:1 :: Step being Executed: 1::2
[INFO ][2015-10-27 18:06:53,066][com.java.TestType] [ 6381] - dataFields : TXTpassword
[DEBUG][2015-10-27 18:06:53,066][com.java.TestType] [ 6386] - <In Set values of the page>
[DEBUG][2015-10-27 18:06:53,066][com.java.TestType] [ 6390] - {Data Fields & Data Values Exist}
[INFO ][2015-10-27 18:06:53,066][com.java.TestType] [ 6394] - --------------------------setting values-----------------------------
[INFO ][2015-10-27 18:06:53,066][com.java.TestType] [ 6397] - Action Type : CLEARANDENTER
[INFO ][2015-10-27 18:06:53,066][com.java.TestType] [ 2981] - value = Password1*
[INFO ][2015-10-27 18:06:55,771][com.java.TestType] [ 6408] -  RESULT true
[INFO ][2015-10-27 18:06:55,771][com.java.TestType] [ 6512] - ?   P A S S   ?
[DEBUG][2015-10-27 18:06:55,771][com.java.TestType] [ 6348] - Concept ID:1 :: Step being Executed: 1::3
[ERROR][2015-10-27 18:06:55,771][com.java.TestType] [ 6376] - Exception: null
[INFO ][2015-10-27 18:06:55,771][com.java.TestType] [ 6381] - dataFields : XPH//button[@type='submit']
[DEBUG][2015-10-27 18:06:55,771][com.java.TestType] [ 6386] - <In Set values of the page>
[DEBUG][2015-10-27 18:06:55,771][com.java.TestType] [ 6390] - {Data Fields & Data Values Exist}
[INFO ][2015-10-27 18:06:55,772][com.java.TestType] [ 6394] - --------------------------setting values-----------------------------
[INFO ][2015-10-27 18:06:55,772][com.java.TestType] [ 6397] - Action Type : Click
[INFO ][2015-10-27 18:06:55,772][com.java.TestType] [ 3258] - Field ::XPH//button[@type='submit']
[INFO ][2015-10-27 18:06:56,772][com.java.TestType] [ 3309] - BEFORE CLICK
[INFO ][2015-10-27 18:06:57,637][com.java.TestType] [ 3315] - Unable to click the object Login
[INFO ][2015-10-27 18:06:57,637][com.java.TestType] [ 6408] -  RESULT true
[INFO ][2015-10-27 18:06:57,637][com.java.TestType] [ 6512] - ?   P A S S   ?
[DEBUG][2015-10-27 18:06:57,637][com.java.TestType] [ 6348] - Concept ID:1 :: Step being Executed: 1::4
[INFO ][2015-10-27 18:06:57,637][com.java.TestType] [ 6381] - dataFields : LNKLogout
[DEBUG][2015-10-27 18:06:57,637][com.java.TestType] [ 6386] - <In Set values of the page>
[DEBUG][2015-10-27 18:06:57,637][com.java.TestType] [ 6390] - {Data Fields & Data Values Exist}
[INFO ][2015-10-27 18:06:57,637][com.java.TestType] [ 6394] - --------------------------setting values-----------------------------
[INFO ][2015-10-27 18:06:57,637][com.java.TestType] [ 6397] - Action Type : WaitForElement
[INFO ][2015-10-27 18:07:02,056][com.java.TestType] [ 6408] -  RESULT true
[INFO ][2015-10-27 18:07:02,056][com.java.TestType] [ 6512] - ?   P A S S   ?
[DEBUG][2015-10-27 18:07:02,056][com.java.TestType] [ 6348] - Concept ID:1 :: Step being Executed: 1::13
[INFO ][2015-10-27 18:07:02,056][com.java.TestType] [ 6381] - dataFields : LGN
[DEBUG][2015-10-27 18:07:02,056][com.java.TestType] [ 6386] - <In Set values of the page>
[DEBUG][2015-10-27 18:07:02,056][com.java.TestType] [ 6390] - {Data Fields & Data Values Exist}
[INFO ][2015-10-27 18:07:02,056][com.java.TestType] [ 6394] - --------------------------setting values-----------------------------
[INFO ][2015-10-27 18:07:02,056][com.java.TestType] [ 6397] - Action Type : Verify
[INFO ][2015-10-27 18:07:02,057][com.java.TestType] [ 3897] - field= LGN value= Username
[INFO ][2015-10-27 18:07:02,057][com.java.TestType] [ 2981] - value = Username
[INFO ][2015-10-27 18:07:02,206][com.java.TestType] [ 6408] -  RESULT true
[INFO ][2015-10-27 18:07:02,206][com.java.TestType] [ 6512] - ?   P A S S   ?
[DEBUG][2015-10-27 18:07:02,206][com.java.TestType] [ 6348] - Concept ID:1 :: Step being Executed: 1::14
[INFO ][2015-10-27 18:07:02,206][com.java.TestType] [ 6381] - dataFields : LNK
[DEBUG][2015-10-27 18:07:02,206][com.java.TestType] [ 6386] - <In Set values of the page>
[DEBUG][2015-10-27 18:07:02,206][com.java.TestType] [ 6390] - {Data Fields & Data Values Exist}
[INFO ][2015-10-27 18:07:02,206][com.java.TestType] [ 6394] - --------------------------setting values-----------------------------
[INFO ][2015-10-27 18:07:02,206][com.java.TestType] [ 6397] - Action Type : Verify
[INFO ][2015-10-27 18:07:02,207][com.java.TestType] [ 3897] - field= LNK value= Logout
[INFO ][2015-10-27 18:07:02,207][com.java.TestType] [ 2981] - value = Logout
[INFO ][2015-10-27 18:07:04,344][com.java.TestType] [ 6408] -  RESULT true
[INFO ][2015-10-27 18:07:04,344][com.java.TestType] [ 6512] - ?   P A S S   ?
[INFO ][2015-10-27 18:07:04,344][com.java.TestType] [ 6565] - Looping End......
[INFO ][2015-10-27 18:07:04,348][com.java.SeleniumDriver] [  863] -  RESULT true
[INFO ][2015-10-27 18:07:04,348][com.java.SeleniumDriver] [ 1052] - ?   P A S S   ?
[INFO ][2015-10-27 18:07:04,348][com.java.SeleniumDriver] [  790] - ------------------------------------------
[INFO ][2015-10-27 18:07:04,348][com.java.SeleniumDriver] [  791] - Test case being Executed: 13
[INFO ][2015-10-27 18:07:04,348][com.java.SeleniumDriver] [  802] - Test step:3
[INFO ][2015-10-27 18:07:04,348][com.java.SeleniumDriver] [  814] - Datavalue is----------2
[INFO ][2015-10-27 18:07:04,348][com.java.SeleniumDriver] [  838] - DataField : BTNG/L
[INFO ][2015-10-27 18:07:04,348][com.java.SeleniumDriver] [  840] - DataValue : 2
[INFO ][2015-10-27 18:07:04,348][com.java.SeleniumDriver] [  846] - <In Set values of the page>
[INFO ][2015-10-27 18:07:04,349][com.java.SeleniumDriver] [  849] - {Data Fields & Data Values Exist}
[INFO ][2015-10-27 18:07:04,349][com.java.SeleniumDriver] [  851] - --------------------------setting values-----------------------------
[INFO ][2015-10-27 18:07:04,349][com.java.SeleniumDriver] [  854] - Action Type : WAITFORELEMENT
[INFO ][2015-10-27 18:07:06,599][com.java.SeleniumDriver] [  863] -  RESULT true
[INFO ][2015-10-27 18:07:06,599][com.java.SeleniumDriver] [ 1052] - ?   P A S S   ?
[INFO ][2015-10-27 18:07:06,599][com.java.SeleniumDriver] [  790] - ------------------------------------------
[INFO ][2015-10-27 18:07:06,599][com.java.SeleniumDriver] [  791] - Test case being Executed: 13
[INFO ][2015-10-27 18:07:06,599][com.java.SeleniumDriver] [  802] - Test step:4
[INFO ][2015-10-27 18:07:06,599][com.java.SeleniumDriver] [  814] - Datavalue is----------null
[DEBUG][2015-10-27 18:07:06,599][com.java.SeleniumDriver] [  832] - Exception: null
[INFO ][2015-10-27 18:07:06,599][com.java.SeleniumDriver] [  838] - DataField : //span[@class='icon-cog2']&&User Settings
[INFO ][2015-10-27 18:07:06,599][com.java.SeleniumDriver] [  840] - DataValue : 
[INFO ][2015-10-27 18:07:06,599][com.java.SeleniumDriver] [  846] - <In Set values of the page>
[INFO ][2015-10-27 18:07:06,600][com.java.SeleniumDriver] [  849] - {Data Fields & Data Values Exist}
[INFO ][2015-10-27 18:07:06,600][com.java.SeleniumDriver] [  851] - --------------------------setting values-----------------------------
[INFO ][2015-10-27 18:07:06,600][com.java.SeleniumDriver] [  854] - Action Type : MOUSEOVER
[INFO ][2015-10-27 18:07:14,144][com.java.SeleniumDriver] [  863] -  RESULT true
[INFO ][2015-10-27 18:07:14,144][com.java.SeleniumDriver] [ 1052] - ?   P A S S   ?
[INFO ][2015-10-27 18:07:14,144][com.java.SeleniumDriver] [  790] - ------------------------------------------
[INFO ][2015-10-27 18:07:14,144][com.java.SeleniumDriver] [  791] - Test case being Executed: 13
[INFO ][2015-10-27 18:07:14,144][com.java.SeleniumDriver] [  802] - Test step:5
[INFO ][2015-10-27 18:07:14,144][com.java.SeleniumDriver] [  814] - Datavalue is----------3
[INFO ][2015-10-27 18:07:14,144][com.java.SeleniumDriver] [  838] - DataField : XPH//span[contains(text(), 'Finished')]
[INFO ][2015-10-27 18:07:14,144][com.java.SeleniumDriver] [  840] - DataValue : 3
[INFO ][2015-10-27 18:07:14,144][com.java.SeleniumDriver] [  846] - <In Set values of the page>
[INFO ][2015-10-27 18:07:14,144][com.java.SeleniumDriver] [  849] - {Data Fields & Data Values Exist}
[INFO ][2015-10-27 18:07:14,144][com.java.SeleniumDriver] [  851] - --------------------------setting values-----------------------------
[INFO ][2015-10-27 18:07:14,144][com.java.SeleniumDriver] [  854] - Action Type : WAITFORELEMENT
[INFO ][2015-10-27 18:07:14,179][com.java.SeleniumDriver] [  863] -  RESULT true
[INFO ][2015-10-27 18:07:14,179][com.java.SeleniumDriver] [ 1052] - ?   P A S S   ?
[INFO ][2015-10-27 18:07:14,179][com.java.SeleniumDriver] [  790] - ------------------------------------------
[INFO ][2015-10-27 18:07:14,179][com.java.SeleniumDriver] [  791] - Test case being Executed: 13
[INFO ][2015-10-27 18:07:14,179][com.java.SeleniumDriver] [  802] - Test step:6
[INFO ][2015-10-27 18:07:14,179][com.java.SeleniumDriver] [  814] - Datavalue is----------frameDialogContent
[INFO ][2015-10-27 18:07:14,179][com.java.SeleniumDriver] [  838] - DataField : BTN
[INFO ][2015-10-27 18:07:14,179][com.java.SeleniumDriver] [  840] - DataValue : frameDialogContent
[INFO ][2015-10-27 18:07:14,179][com.java.SeleniumDriver] [  846] - <In Set values of the page>
[INFO ][2015-10-27 18:07:14,179][com.java.SeleniumDriver] [  849] - {Data Fields & Data Values Exist}
[INFO ][2015-10-27 18:07:14,179][com.java.SeleniumDriver] [  851] - --------------------------setting values-----------------------------
[INFO ][2015-10-27 18:07:14,179][com.java.SeleniumDriver] [  854] - Action Type : SELECTFRAMEBYNAME
[INFO ][2015-10-27 18:07:14,180][com.java.TestType] [ 2981] - value = frameDialogContent
[INFO ][2015-10-27 18:07:14,246][com.java.SeleniumDriver] [  863] -  RESULT true
[INFO ][2015-10-27 18:07:14,246][com.java.SeleniumDriver] [ 1052] - ?   P A S S   ?
[INFO ][2015-10-27 18:07:14,246][com.java.SeleniumDriver] [  790] - ------------------------------------------
[INFO ][2015-10-27 18:07:14,246][com.java.SeleniumDriver] [  791] - Test case being Executed: 13
[INFO ][2015-10-27 18:07:14,246][com.java.SeleniumDriver] [  802] - Test step:7
[INFO ][2015-10-27 18:07:14,246][com.java.SeleniumDriver] [  814] - Datavalue is----------Consolidated
[INFO ][2015-10-27 18:07:14,246][com.java.SeleniumDriver] [  838] - DataField : SLBddlDefaultPC
[INFO ][2015-10-27 18:07:14,246][com.java.SeleniumDriver] [  840] - DataValue : Consolidated
[INFO ][2015-10-27 18:07:14,246][com.java.SeleniumDriver] [  846] - <In Set values of the page>
[INFO ][2015-10-27 18:07:14,246][com.java.SeleniumDriver] [  849] - {Data Fields & Data Values Exist}
[INFO ][2015-10-27 18:07:14,246][com.java.SeleniumDriver] [  851] - --------------------------setting values-----------------------------
[INFO ][2015-10-27 18:07:14,246][com.java.SeleniumDriver] [  854] - Action Type : SELECT
[INFO ][2015-10-27 18:07:14,247][com.java.TestType] [ 2981] - value = Consolidated
[INFO ][2015-10-27 18:07:14,481][com.java.SeleniumDriver] [  863] -  RESULT true
[INFO ][2015-10-27 18:07:14,481][com.java.SeleniumDriver] [ 1052] - ?   P A S S   ?
[INFO ][2015-10-27 18:07:14,481][com.java.SeleniumDriver] [  790] - ------------------------------------------
[INFO ][2015-10-27 18:07:14,481][com.java.SeleniumDriver] [  791] - Test case being Executed: 13
[INFO ][2015-10-27 18:07:14,481][com.java.SeleniumDriver] [  802] - Test step:8
[INFO ][2015-10-27 18:07:14,481][com.java.SeleniumDriver] [  814] - Datavalue is----------null
[DEBUG][2015-10-27 18:07:14,481][com.java.SeleniumDriver] [  832] - Exception: null
[INFO ][2015-10-27 18:07:14,481][com.java.SeleniumDriver] [  838] - DataField : BTNparent
[INFO ][2015-10-27 18:07:14,481][com.java.SeleniumDriver] [  840] - DataValue : 
[INFO ][2015-10-27 18:07:14,481][com.java.SeleniumDriver] [  846] - <In Set values of the page>
[INFO ][2015-10-27 18:07:14,481][com.java.SeleniumDriver] [  849] - {Data Fields & Data Values Exist}
[INFO ][2015-10-27 18:07:14,482][com.java.SeleniumDriver] [  851] - --------------------------setting values-----------------------------
[INFO ][2015-10-27 18:07:14,482][com.java.SeleniumDriver] [  854] - Action Type : SELECTFRAME
[INFO ][2015-10-27 18:07:14,494][com.java.SeleniumDriver] [  863] -  RESULT true
[INFO ][2015-10-27 18:07:14,494][com.java.SeleniumDriver] [ 1052] - ?   P A S S   ?
[INFO ][2015-10-27 18:07:14,494][com.java.SeleniumDriver] [  790] - ------------------------------------------
[INFO ][2015-10-27 18:07:14,494][com.java.SeleniumDriver] [  791] - Test case being Executed: 13
[INFO ][2015-10-27 18:07:14,494][com.java.SeleniumDriver] [  802] - Test step:9
[INFO ][2015-10-27 18:07:14,494][com.java.SeleniumDriver] [  814] - Datavalue is----------null
[DEBUG][2015-10-27 18:07:14,494][com.java.SeleniumDriver] [  832] - Exception: null
[INFO ][2015-10-27 18:07:14,494][com.java.SeleniumDriver] [  838] - DataField : XPH//span[contains(text(), 'Finished')]
[INFO ][2015-10-27 18:07:14,494][com.java.SeleniumDriver] [  840] - DataValue : 
[INFO ][2015-10-27 18:07:14,494][com.java.SeleniumDriver] [  846] - <In Set values of the page>
[INFO ][2015-10-27 18:07:14,495][com.java.SeleniumDriver] [  849] - {Data Fields & Data Values Exist}
[INFO ][2015-10-27 18:07:14,495][com.java.SeleniumDriver] [  851] - --------------------------setting values-----------------------------
[INFO ][2015-10-27 18:07:14,495][com.java.SeleniumDriver] [  854] - Action Type : CLICK
[INFO ][2015-10-27 18:07:14,495][com.java.TestType] [ 3258] - Field ::XPH//span[contains(text(), 'Finished')]
[INFO ][2015-10-27 18:07:15,495][com.java.TestType] [ 3309] - BEFORE CLICK
[INFO ][2015-10-27 18:07:16,404][com.java.TestType] [ 3315] - Unable to click the object Finish button
[INFO ][2015-10-27 18:07:16,404][com.java.SeleniumDriver] [  863] -  RESULT true
[INFO ][2015-10-27 18:07:16,404][com.java.SeleniumDriver] [ 1052] - ?   P A S S   ?
[INFO ][2015-10-27 18:07:16,404][com.java.SeleniumDriver] [  790] - ------------------------------------------
[INFO ][2015-10-27 18:07:16,404][com.java.SeleniumDriver] [  791] - Test case being Executed: 13
[INFO ][2015-10-27 18:07:16,404][com.java.SeleniumDriver] [  802] - Test step:10
[INFO ][2015-10-27 18:07:16,404][com.java.SeleniumDriver] [  814] - Datavalue is----------2
[INFO ][2015-10-27 18:07:16,404][com.java.SeleniumDriver] [  838] - DataField : XPH//td[contains(text(),'Consolidated')]
[INFO ][2015-10-27 18:07:16,404][com.java.SeleniumDriver] [  840] - DataValue : 2
[INFO ][2015-10-27 18:07:16,404][com.java.SeleniumDriver] [  846] - <In Set values of the page>
[INFO ][2015-10-27 18:07:16,404][com.java.SeleniumDriver] [  849] - {Data Fields & Data Values Exist}
[INFO ][2015-10-27 18:07:16,404][com.java.SeleniumDriver] [  851] - --------------------------setting values-----------------------------
[INFO ][2015-10-27 18:07:16,404][com.java.SeleniumDriver] [  854] - Action Type : WAITFORELEMENT
[INFO ][2015-10-27 18:07:19,668][com.java.SeleniumDriver] [  863] -  RESULT true
[INFO ][2015-10-27 18:07:19,668][com.java.SeleniumDriver] [ 1052] - ?   P A S S   ?
[INFO ][2015-10-27 18:07:19,668][com.java.SeleniumDriver] [  790] - ------------------------------------------
[INFO ][2015-10-27 18:07:19,668][com.java.SeleniumDriver] [  791] - Test case being Executed: 13
[INFO ][2015-10-27 18:07:19,668][com.java.SeleniumDriver] [  802] - Test step:11
[INFO ][2015-10-27 18:07:19,668][com.java.SeleniumDriver] [  814] - Datavalue is----------//td[contains(text(),'Consolidated')]
[INFO ][2015-10-27 18:07:19,669][com.java.SeleniumDriver] [  838] - DataField : BTN
[INFO ][2015-10-27 18:07:19,669][com.java.SeleniumDriver] [  840] - DataValue : //td[contains(text(),'Consolidated')]
[INFO ][2015-10-27 18:07:19,669][com.java.SeleniumDriver] [  846] - <In Set values of the page>
[INFO ][2015-10-27 18:07:19,669][com.java.SeleniumDriver] [  849] - {Data Fields & Data Values Exist}
[INFO ][2015-10-27 18:07:19,669][com.java.SeleniumDriver] [  851] - --------------------------setting values-----------------------------
[INFO ][2015-10-27 18:07:19,669][com.java.SeleniumDriver] [  854] - Action Type : VERIFY
[INFO ][2015-10-27 18:07:19,669][com.java.TestType] [ 3897] - field= BTN value= //td[contains(text(),'Consolidated')]
[INFO ][2015-10-27 18:07:19,669][com.java.TestType] [ 2981] - value = //td[contains(text(),'Consolidated')]
[INFO ][2015-10-27 18:07:19,702][com.java.SeleniumDriver] [  863] -  RESULT true
[INFO ][2015-10-27 18:07:19,702][com.java.SeleniumDriver] [ 1052] - ?   P A S S   ?
[DEBUG][2015-10-27 18:07:19,702][com.java.SeleniumDriver] [ 1154] - Case found
[DEBUG][2015-10-27 18:07:19,702][com.java.SeleniumDriver] [ 1159] - Incrementing ReportCounters[0]:1
[INFO ][2015-10-27 18:07:19,702][com.java.SeleniumDriver] [ 1178] - The results are-------------------[13, 1, Verify user changed settings under User Settings in My DashBoard, Fail, 
Test case failed at Step No. :: 1   Error Message ::  . Screen Shot : D:\BankersDashboard\TestReports\102715\13_102715_180649_IE11.png, Tue Oct 27 18:06:50 IST 2015]
[INFO ][2015-10-27 18:07:19,702][com.java.SeleniumDriver] [ 1182] - End time is-------1 min 37 sec
[INFO ][2015-10-27 18:07:19,702][com.java.SeleniumDriver] [ 1183] - The results are-------------------[13, 1, Verify user changed settings under User Settings in My DashBoard, Fail, 
Test case failed at Step No. :: 1   Error Message ::  . Screen Shot : D:\BankersDashboard\TestReports\102715\13_102715_180649_IE11.png, Tue Oct 27 18:06:50 IST 2015]
[DEBUG][2015-10-27 18:07:19,702][com.java.ImportnExport.ExportTestResultsExcel] [  222] - testResultPath = D:\BankersDashboard/TestReports/Test Results_BankersDashBoard_102715_180544_IE11_Any Bank USA.xls
[DEBUG][2015-10-27 18:07:19,703][com.java.ImportnExport.ExportTestResultsExcel] [  223] - browser is------------IE11
[DEBUG][2015-10-27 18:07:19,744][com.java.ImportnExport.ExportTestResultsExcel] [  270] - result.size() = 6
[DEBUG][2015-10-27 18:07:19,744][com.java.ImportnExport.ExportTestResultsExcel] [  274] - No of rows in sheet=1
[DEBUG][2015-10-27 18:07:19,744][com.java.ImportnExport.ExportTestResultsExcel] [  301] - ..in export..13
[DEBUG][2015-10-27 18:07:19,744][com.java.ImportnExport.ExportTestResultsExcel] [  301] - ..in export..Verify user changed settings under User Settings in My DashBoard
[DEBUG][2015-10-27 18:07:19,744][com.java.ImportnExport.ExportTestResultsExcel] [  301] - ..in export..Fail
[DEBUG][2015-10-27 18:07:19,744][com.java.ImportnExport.ExportTestResultsExcel] [  301] - ..in export..
Test case failed at Step No. :: 1   Error Message ::  . Screen Shot : D:\BankersDashboard\TestReports\102715\13_102715_180649_IE11.png
[DEBUG][2015-10-27 18:07:19,744][com.java.ImportnExport.ExportTestResultsExcel] [  301] - ..in export..Tue Oct 27 18:06:50 IST 2015
[INFO ][2015-10-27 18:07:19,746][com.java.SeleniumDriver] [ 1241] - out loop:0 size:1 TestCases:[13] testcases:[13]
[INFO ][2015-10-27 18:07:21,746][com.java.SeleniumDriver] [ 1281] - Total Number of Cases:1
[INFO ][2015-10-27 18:07:21,746][com.java.TemplateGenerator] [  302] - Executed:1
[INFO ][2015-10-27 18:07:21,746][com.java.TemplateGenerator] [  303] - Passed:0
[INFO ][2015-10-27 18:07:21,746][com.java.TemplateGenerator] [  304] - Failed:1
[INFO ][2015-10-27 18:07:21,746][com.java.TemplateGenerator] [  305] - Skipeed:0
[INFO ][2015-10-27 18:07:21,746][com.java.TemplateGenerator] [  306] - Application URL:https://clients.xuat.bankersdashboard.com
[INFO ][2015-10-27 18:07:21,746][com.java.TemplateGenerator] [  307] - Start Time:102715_180544
[INFO ][2015-10-27 18:07:21,746][com.java.TemplateGenerator] [  308] -  Creating HTML Report 
[ERROR][2015-10-27 18:07:21,747][com.java.TemplateGenerator] [  409] - Unparseable date: "Tue Oct 27 06:05:44 IST 2015"
[INFO ][2015-10-27 18:07:21,749][com.java.TemplateGenerator] [  654] -  Exporting case :: 13
[INFO ][2015-10-27 18:07:21,753][com.java.SeleniumDriver] [ 1330] - End Time:102715_180721
[INFO ][2015-10-27 18:07:21,753][com.java.SeleniumDriver] [ 1333] - Data in Test Execution Details:{13=PASS}
[INFO ][2015-10-27 18:07:21,753][com.java.SeleniumDriver] [ 1334] - Data in Failed Execution Deatils:{}
[INFO ][2015-10-27 18:07:21,753][com.java.SeleniumDriver] [ 1336] - ReportCounter:Total:1 :: PASS: 0 ::FAIL: 1
[INFO ][2015-10-27 18:07:21,753][com.java.SeleniumDriver] [ 1337] - FailedReportCounter:Total:0 :: PASS: 0 ::FAIL: 0
[INFO ][2015-10-27 18:07:21,760][com.java.EmailTestReport] [   63] - Sending report mail details:
[INFO ][2015-10-27 18:07:21,760][com.java.EmailTestReport] [   80] - Excel Report Path:D:\BankersDashboard/TestReports/Test Results_BankersDashBoard_102715_180544_IE11_Any Bank USA.xls
[INFO ][2015-10-27 18:07:21,760][com.java.EmailTestReport] [   81] - HTML Report Path:D:\BankersDashboard//TestReports//Test Results_BankersDashBoard_102715_180544_IE11_Any Bank USA.html
[INFO ][2015-10-27 18:07:21,760][com.java.EmailTestReport] [   82] - smtpHostName:mail01.valuelabs.com
[INFO ][2015-10-27 18:07:21,760][com.java.EmailTestReport] [   83] - Recipient:venkateswararao.gubbala@valuelabs.com
[INFO ][2015-10-27 18:07:21,760][com.java.EmailTestReport] [   84] - From:venkateswararao.gubbala@valuelabs.com
[INFO ][2015-10-27 18:07:21,760][com.java.EmailTestReport] [   85] - Subject:DestinationRewards Automation Test Report - Any Bank USA - IE11
[INFO ][2015-10-27 18:07:21,776][com.java.EmailTestReport] [  143] -  Added venkateswararao.gubbala@valuelabs.com
[INFO ][2015-10-27 18:07:30,061][com.java.SeleniumDriver] [  719] - quitting the browser 
[INFO ][2015-10-27 18:07:31,302][com.java.SeleniumDriver] [  263] - Execution Completed Stopping the thread
