[INFO ][2016-01-20 12:14:42,914][com.java.SeleniumDriver] [  213] - Execute Failed Casesfalse
[INFO ][2016-01-20 12:14:42,914][com.java.SeleniumDriver] [  214] - Browser: IE10
[INFO ][2016-01-20 12:14:42,915][com.java.SeleniumDriver] [  215] - [1, 6]
[INFO ][2016-01-20 12:14:42,915][com.java.SeleniumDriver] [  216] - Total TestCases:2
[INFO ][2016-01-20 12:14:42,915][com.java.SeleniumDriver] [  217] -  Reading Properties from Property File 
[DEBUG][2016-01-20 12:14:42,915][com.java.SeleniumDriver] [  238] - url : https://clients-xuat.bankersdashboard.com
[INFO ][2016-01-20 12:14:42,916][com.java.ImportnExport.ExportTestResultsExcel] [  116] - Time Stamp Wed Jan 20 12:14:42 IST 2016
[INFO ][2016-01-20 12:14:42,916][com.java.ImportnExport.ExportTestResultsExcel] [  175] - OUT FILE : D:\BankersDashboard/TestReports/Test Results_BankersDashBoard_012016_121442_IE10_First Bank.xls
[INFO ][2016-01-20 12:14:42,945][com.java.ImportnExport.ExportTestResultsExcel] [  180] - Test Result file is created
[DEBUG][2016-01-20 12:14:43,032][com.java.SeleniumDriver] [  426] - Hub ip address is-------172.17.68.34
[INFO ][2016-01-20 12:14:43,033][com.java.SeleniumDriver] [  452] - Grid URL:http://172.17.68.34:4444/wd/hub
[INFO ][2016-01-20 12:14:43,033][com.java.SeleniumDriver] [  453] - Capability:Capabilities [{platform=ANY, ensureCleanSession=true, ignoreProtectedModeSettings=true, acceptSslCerts=true, ignoreZoomSetting=true, browserName=internet explorer, browserstack.ie.noFlash=true, version=null}]
[ERROR][2016-01-20 12:14:44,334][com.java.SeleniumDriver] [  498] - Unable invoke browser in grid:Could not start a new session. Possible causes are invalid address of the remote server or browser start-up failure.
Build info: version: '2.48.2', revision: '41bccdd', time: '2015-10-09 19:59:12'
System info: host: 'FVTIII438F1D', ip: '172.17.68.34', os.name: 'Windows 7', os.arch: 'x86', os.version: '6.1', java.version: '1.7.0_55'
Driver info: driver.version: SeleniumDriver
[INFO ][2016-01-20 12:14:44,334][com.java.SeleniumDriver] [  500] - Executing on local machine
[INFO ][2016-01-20 12:14:54,852][com.java.SeleniumDriver] [  248] - IE10is opened
[INFO ][2016-01-20 12:14:55,692][com.java.SeleniumDriver] [  756] - Test cases to be executed are: [1, 6]
[INFO ][2016-01-20 12:14:55,714][com.java.ImportnExport.ImportTestDataDetailsExcel] [   49] - test data details path===== D:\BankersDashboard\TestInputs\TestData.xls
[INFO ][2016-01-20 12:14:55,772][com.java.SeleniumDriver] [  856] - ------------------------------------------
[INFO ][2016-01-20 12:14:55,772][com.java.SeleniumDriver] [  857] - Test case being Executed: 1
[INFO ][2016-01-20 12:14:55,772][com.java.SeleniumDriver] [  869] - Test step:1
[INFO ][2016-01-20 12:14:55,772][com.java.SeleniumDriver] [  881] - Datavalue is----------Concept#1:1-14
[INFO ][2016-01-20 12:14:55,773][com.java.SeleniumDriver] [  905] - DataField : test
[INFO ][2016-01-20 12:14:55,773][com.java.SeleniumDriver] [  907] - DataValue : Concept#1:1-14
[INFO ][2016-01-20 12:14:55,773][com.java.SeleniumDriver] [  913] - <In Set values of the page>
[INFO ][2016-01-20 12:14:55,773][com.java.SeleniumDriver] [  916] - {Data Fields & Data Values Exist}
[INFO ][2016-01-20 12:14:55,773][com.java.SeleniumDriver] [  918] - --------------------------setting values-----------------------------
[INFO ][2016-01-20 12:14:55,773][com.java.SeleniumDriver] [  921] - Action Type : ExecuteTestCase
[INFO ][2016-01-20 12:14:55,791][com.java.TestType] [  442] - The Concept sheet name is ---------- Concept
[INFO ][2016-01-20 12:14:55,791][com.java.TestType] [  445] - The Concept ID  is ---------- 1
[DEBUG][2016-01-20 12:14:55,791][com.java.TestType] [  449] - Steps being executted in the Concept are: 1:14
[INFO ][2016-01-20 12:14:55,791][com.java.TestType] [  456] - Test data details path ---------- D:\BankersDashboard\TestInputs\TestData.xls
[INFO ][2016-01-20 12:14:55,799][com.java.TestType] [  487] -  str(1) = 1
[INFO ][2016-01-20 12:14:55,799][com.java.TestType] [  490] - Test case Id is---1
[INFO ][2016-01-20 12:14:55,800][com.java.TestType] [  492] - 1
[INFO ][2016-01-20 12:14:55,800][com.java.TestType] [  487] -  str(2) = 1
[INFO ][2016-01-20 12:14:55,800][com.java.TestType] [  487] -  str(1) = 1
[INFO ][2016-01-20 12:14:55,800][com.java.TestType] [  490] - Test case Id is---1
[INFO ][2016-01-20 12:14:55,800][com.java.TestType] [  492] - 1
[INFO ][2016-01-20 12:14:55,801][com.java.TestType] [  487] -  str(2) = 2
[INFO ][2016-01-20 12:14:55,801][com.java.TestType] [  487] -  str(1) = 1
[INFO ][2016-01-20 12:14:55,801][com.java.TestType] [  490] - Test case Id is---1
[INFO ][2016-01-20 12:14:55,801][com.java.TestType] [  492] - 1
[INFO ][2016-01-20 12:14:55,801][com.java.TestType] [  487] -  str(2) = 3
[INFO ][2016-01-20 12:14:55,801][com.java.TestType] [  487] -  str(1) = 1
[INFO ][2016-01-20 12:14:55,801][com.java.TestType] [  490] - Test case Id is---1
[INFO ][2016-01-20 12:14:55,802][com.java.TestType] [  492] - 1
[INFO ][2016-01-20 12:14:55,802][com.java.TestType] [  487] -  str(2) = 4
[INFO ][2016-01-20 12:14:55,802][com.java.TestType] [  487] -  str(1) = 1
[INFO ][2016-01-20 12:14:55,802][com.java.TestType] [  490] - Test case Id is---1
[INFO ][2016-01-20 12:14:55,802][com.java.TestType] [  492] - 1
[INFO ][2016-01-20 12:14:55,802][com.java.TestType] [  487] -  str(2) = 5
[INFO ][2016-01-20 12:14:55,802][com.java.TestType] [  487] -  str(1) = 1
[INFO ][2016-01-20 12:14:55,803][com.java.TestType] [  490] - Test case Id is---1
[INFO ][2016-01-20 12:14:55,803][com.java.TestType] [  492] - 1
[INFO ][2016-01-20 12:14:55,803][com.java.TestType] [  487] -  str(2) = 6
[INFO ][2016-01-20 12:14:55,803][com.java.TestType] [  487] -  str(1) = 1
[INFO ][2016-01-20 12:14:55,803][com.java.TestType] [  490] - Test case Id is---1
[INFO ][2016-01-20 12:14:55,804][com.java.TestType] [  492] - 1
[INFO ][2016-01-20 12:14:55,804][com.java.TestType] [  487] -  str(2) = 7
[INFO ][2016-01-20 12:14:55,804][com.java.TestType] [  487] -  str(1) = 1
[INFO ][2016-01-20 12:14:55,804][com.java.TestType] [  490] - Test case Id is---1
[INFO ][2016-01-20 12:14:55,804][com.java.TestType] [  492] - 1
[INFO ][2016-01-20 12:14:55,804][com.java.TestType] [  487] -  str(2) = 8
[INFO ][2016-01-20 12:14:55,805][com.java.TestType] [  487] -  str(1) = 1
[INFO ][2016-01-20 12:14:55,805][com.java.TestType] [  490] - Test case Id is---1
[INFO ][2016-01-20 12:14:55,805][com.java.TestType] [  492] - 1
[INFO ][2016-01-20 12:14:55,805][com.java.TestType] [  487] -  str(2) = 9
[INFO ][2016-01-20 12:14:55,805][com.java.TestType] [  487] -  str(1) = 1
[INFO ][2016-01-20 12:14:55,805][com.java.TestType] [  490] - Test case Id is---1
[INFO ][2016-01-20 12:14:55,805][com.java.TestType] [  492] - 1
[INFO ][2016-01-20 12:14:55,805][com.java.TestType] [  487] -  str(2) = 10
[INFO ][2016-01-20 12:14:55,806][com.java.TestType] [  487] -  str(1) = 1
[INFO ][2016-01-20 12:14:55,806][com.java.TestType] [  490] - Test case Id is---1
[INFO ][2016-01-20 12:14:55,806][com.java.TestType] [  492] - 1
[INFO ][2016-01-20 12:14:55,806][com.java.TestType] [  487] -  str(2) = 11
[INFO ][2016-01-20 12:14:55,806][com.java.TestType] [  487] -  str(1) = 1
[INFO ][2016-01-20 12:14:55,806][com.java.TestType] [  490] - Test case Id is---1
[INFO ][2016-01-20 12:14:55,806][com.java.TestType] [  492] - 1
[INFO ][2016-01-20 12:14:55,806][com.java.TestType] [  487] -  str(2) = 12
[INFO ][2016-01-20 12:14:55,807][com.java.TestType] [  487] -  str(1) = 1
[INFO ][2016-01-20 12:14:55,807][com.java.TestType] [  490] - Test case Id is---1
[INFO ][2016-01-20 12:14:55,807][com.java.TestType] [  492] - 1
[INFO ][2016-01-20 12:14:55,807][com.java.TestType] [  487] -  str(2) = 13
[INFO ][2016-01-20 12:14:55,809][com.java.TestType] [  487] -  str(1) = 1
[INFO ][2016-01-20 12:14:55,809][com.java.TestType] [  490] - Test case Id is---1
[INFO ][2016-01-20 12:14:55,809][com.java.TestType] [  492] - 1
[INFO ][2016-01-20 12:14:55,809][com.java.TestType] [  487] -  str(2) = 14
[INFO ][2016-01-20 12:14:55,810][com.java.TestType] [  487] -  str(1) = 1
[INFO ][2016-01-20 12:14:55,810][com.java.TestType] [  490] - Test case Id is---1
[INFO ][2016-01-20 12:14:55,810][com.java.TestType] [  492] - 1
[INFO ][2016-01-20 12:14:55,810][com.java.TestType] [  487] -  str(2) = 15
[INFO ][2016-01-20 12:14:55,810][com.java.TestType] [  487] -  str(1) = 1
[INFO ][2016-01-20 12:14:55,810][com.java.TestType] [  490] - Test case Id is---1
[INFO ][2016-01-20 12:14:55,810][com.java.TestType] [  492] - 1
[INFO ][2016-01-20 12:14:55,810][com.java.TestType] [  487] -  str(2) = 16
[INFO ][2016-01-20 12:14:55,811][com.java.TestType] [11377] - Looping 1TCID = 1
[DEBUG][2016-01-20 12:14:55,811][com.java.TestType] [11418] - Concept ID:1 :: Step being Executed: 1::1
[INFO ][2016-01-20 12:14:55,811][com.java.TestType] [11456] - dataFields : TXTusername
[DEBUG][2016-01-20 12:14:55,811][com.java.TestType] [11462] - <In Set values of the page>
[DEBUG][2016-01-20 12:14:55,811][com.java.TestType] [11467] - {Data Fields & Data Values Exist}
[INFO ][2016-01-20 12:14:55,811][com.java.TestType] [11473] - --------------------------setting values-----------------------------
[INFO ][2016-01-20 12:14:55,811][com.java.TestType] [11476] - Action Type : CLEARANDENTER
[INFO ][2016-01-20 12:14:58,083][com.java.TestType] [ 6201] - value = valuelabs.ie10.15019
[INFO ][2016-01-20 12:15:00,462][com.java.TestType] [11495] -  RESULT true
[INFO ][2016-01-20 12:15:00,463][com.java.TestType] [11612] - ?   P A S S   ?
[DEBUG][2016-01-20 12:15:00,463][com.java.TestType] [11418] - Concept ID:1 :: Step being Executed: 1::2
[INFO ][2016-01-20 12:15:00,463][com.java.TestType] [11456] - dataFields : TXTpassword
[DEBUG][2016-01-20 12:15:00,463][com.java.TestType] [11462] - <In Set values of the page>
[DEBUG][2016-01-20 12:15:00,463][com.java.TestType] [11467] - {Data Fields & Data Values Exist}
[INFO ][2016-01-20 12:15:00,463][com.java.TestType] [11473] - --------------------------setting values-----------------------------
[INFO ][2016-01-20 12:15:00,463][com.java.TestType] [11476] - Action Type : CLEARANDENTER
[INFO ][2016-01-20 12:15:02,711][com.java.TestType] [ 6201] - value = Password1*
[INFO ][2016-01-20 12:15:05,224][com.java.TestType] [11495] -  RESULT true
[INFO ][2016-01-20 12:15:05,224][com.java.TestType] [11612] - ?   P A S S   ?
[DEBUG][2016-01-20 12:15:05,224][com.java.TestType] [11418] - Concept ID:1 :: Step being Executed: 1::3
[ERROR][2016-01-20 12:15:05,224][com.java.TestType] [11451] - Exception: null
[INFO ][2016-01-20 12:15:05,224][com.java.TestType] [11456] - dataFields : XPH//button[@type='submit']
[DEBUG][2016-01-20 12:15:05,225][com.java.TestType] [11462] - <In Set values of the page>
[DEBUG][2016-01-20 12:15:05,225][com.java.TestType] [11467] - {Data Fields & Data Values Exist}
[INFO ][2016-01-20 12:15:05,225][com.java.TestType] [11473] - --------------------------setting values-----------------------------
[INFO ][2016-01-20 12:15:05,225][com.java.TestType] [11476] - Action Type : Click
[INFO ][2016-01-20 12:15:05,225][com.java.TestType] [ 6580] - Field ::XPH//button[@type='submit']
[INFO ][2016-01-20 12:15:05,225][com.java.TestType] [ 6201] - value = 
[INFO ][2016-01-20 12:15:06,227][com.java.TestType] [ 6718] - BEFORE CLICK
[INFO ][2016-01-20 12:15:07,065][com.java.TestType] [ 6726] - Unable to click the object Login
[INFO ][2016-01-20 12:15:07,065][com.java.TestType] [11495] -  RESULT true
[INFO ][2016-01-20 12:15:07,065][com.java.TestType] [11612] - ?   P A S S   ?
[DEBUG][2016-01-20 12:15:07,065][com.java.TestType] [11418] - Concept ID:1 :: Step being Executed: 1::4
[INFO ][2016-01-20 12:15:07,065][com.java.TestType] [11456] - dataFields : LNKLogout
[DEBUG][2016-01-20 12:15:07,065][com.java.TestType] [11462] - <In Set values of the page>
[DEBUG][2016-01-20 12:15:07,065][com.java.TestType] [11467] - {Data Fields & Data Values Exist}
[INFO ][2016-01-20 12:15:07,065][com.java.TestType] [11473] - --------------------------setting values-----------------------------
[INFO ][2016-01-20 12:15:07,065][com.java.TestType] [11476] - Action Type : WaitForElement
[INFO ][2016-01-20 12:15:14,772][com.java.TestType] [11495] -  RESULT true
[INFO ][2016-01-20 12:15:14,772][com.java.TestType] [11612] - ?   P A S S   ?
[INFO ][2016-01-20 12:15:14,773][com.java.TestType] [11683] - Looping End......
[INFO ][2016-01-20 12:15:14,774][com.java.SeleniumDriver] [  930] -  RESULT true
[INFO ][2016-01-20 12:15:14,774][com.java.SeleniumDriver] [ 1136] - ?   P A S S   ?
[INFO ][2016-01-20 12:15:14,775][com.java.SeleniumDriver] [  856] - ------------------------------------------
[INFO ][2016-01-20 12:15:14,775][com.java.SeleniumDriver] [  857] - Test case being Executed: 1
[INFO ][2016-01-20 12:15:14,775][com.java.SeleniumDriver] [  869] - Test step:2
[INFO ][2016-01-20 12:15:14,775][com.java.SeleniumDriver] [  881] - Datavalue is----------Concept#2:1-2
[INFO ][2016-01-20 12:15:14,775][com.java.SeleniumDriver] [  905] - DataField : test
[INFO ][2016-01-20 12:15:14,775][com.java.SeleniumDriver] [  907] - DataValue : Concept#2:1-2
[INFO ][2016-01-20 12:15:14,775][com.java.SeleniumDriver] [  913] - <In Set values of the page>
[INFO ][2016-01-20 12:15:14,775][com.java.SeleniumDriver] [  916] - {Data Fields & Data Values Exist}
[INFO ][2016-01-20 12:15:14,775][com.java.SeleniumDriver] [  918] - --------------------------setting values-----------------------------
[INFO ][2016-01-20 12:15:14,775][com.java.SeleniumDriver] [  921] - Action Type : ExecuteTestCase
[INFO ][2016-01-20 12:15:14,775][com.java.TestType] [  442] - The Concept sheet name is ---------- Concept
[INFO ][2016-01-20 12:15:14,775][com.java.TestType] [  445] - The Concept ID  is ---------- 2
[DEBUG][2016-01-20 12:15:14,776][com.java.TestType] [  449] - Steps being executted in the Concept are: 1:2
[INFO ][2016-01-20 12:15:14,776][com.java.TestType] [  456] - Test data details path ---------- D:\BankersDashboard\TestInputs\TestData.xls
[INFO ][2016-01-20 12:15:14,781][com.java.TestType] [  487] -  str(1) = 2
[INFO ][2016-01-20 12:15:14,781][com.java.TestType] [  490] - Test case Id is---2
[INFO ][2016-01-20 12:15:14,781][com.java.TestType] [  492] - 2
[INFO ][2016-01-20 12:15:14,781][com.java.TestType] [  487] -  str(2) = 1
[INFO ][2016-01-20 12:15:14,781][com.java.TestType] [  487] -  str(1) = 2
[INFO ][2016-01-20 12:15:14,781][com.java.TestType] [  490] - Test case Id is---2
[INFO ][2016-01-20 12:15:14,781][com.java.TestType] [  492] - 2
[INFO ][2016-01-20 12:15:14,781][com.java.TestType] [  487] -  str(2) = 2
[INFO ][2016-01-20 12:15:14,782][com.java.TestType] [  487] -  str(1) = 2
[INFO ][2016-01-20 12:15:14,782][com.java.TestType] [  490] - Test case Id is---2
[INFO ][2016-01-20 12:15:14,782][com.java.TestType] [  492] - 2
[INFO ][2016-01-20 12:15:14,782][com.java.TestType] [  487] -  str(2) = 3
[INFO ][2016-01-20 12:15:14,782][com.java.TestType] [11377] - Looping 1TCID = 2
[DEBUG][2016-01-20 12:15:14,782][com.java.TestType] [11418] - Concept ID:2 :: Step being Executed: 2::1
[INFO ][2016-01-20 12:15:14,782][com.java.TestType] [11456] - dataFields : BNK//select[@id='bank']
[DEBUG][2016-01-20 12:15:14,782][com.java.TestType] [11462] - <In Set values of the page>
[DEBUG][2016-01-20 12:15:14,782][com.java.TestType] [11467] - {Data Fields & Data Values Exist}
[INFO ][2016-01-20 12:15:14,782][com.java.TestType] [11473] - --------------------------setting values-----------------------------
[INFO ][2016-01-20 12:15:14,783][com.java.TestType] [11476] - Action Type : Select
[INFO ][2016-01-20 12:15:14,783][com.java.TestType] [ 6201] - value = PFC
[INFO ][2016-01-20 12:15:15,006][com.java.TestType] [11495] -  RESULT true
[INFO ][2016-01-20 12:15:15,006][com.java.TestType] [11612] - ?   P A S S   ?
[DEBUG][2016-01-20 12:15:15,006][com.java.TestType] [11418] - Concept ID:2 :: Step being Executed: 2::2
[INFO ][2016-01-20 12:15:15,006][com.java.TestType] [11456] - dataFields : LNKLogout
[DEBUG][2016-01-20 12:15:15,006][com.java.TestType] [11462] - <In Set values of the page>
[DEBUG][2016-01-20 12:15:15,006][com.java.TestType] [11467] - {Data Fields & Data Values Exist}
[INFO ][2016-01-20 12:15:15,006][com.java.TestType] [11473] - --------------------------setting values-----------------------------
[INFO ][2016-01-20 12:15:15,007][com.java.TestType] [11476] - Action Type : WaitTime
[DEBUG][2016-01-20 12:15:15,007][com.java.TestType] [ 6015] - sleepTime: 5000
[INFO ][2016-01-20 12:15:20,007][com.java.TestType] [11495] -  RESULT true
[INFO ][2016-01-20 12:15:20,007][com.java.TestType] [11612] - ?   P A S S   ?
[INFO ][2016-01-20 12:15:20,007][com.java.TestType] [11683] - Looping End......
[INFO ][2016-01-20 12:15:20,008][com.java.SeleniumDriver] [  930] -  RESULT true
[INFO ][2016-01-20 12:15:20,008][com.java.SeleniumDriver] [ 1136] - ?   P A S S   ?
[INFO ][2016-01-20 12:15:20,008][com.java.SeleniumDriver] [  856] - ------------------------------------------
[INFO ][2016-01-20 12:15:20,008][com.java.SeleniumDriver] [  857] - Test case being Executed: 1
[INFO ][2016-01-20 12:15:20,008][com.java.SeleniumDriver] [  869] - Test step:3
[INFO ][2016-01-20 12:15:20,008][com.java.SeleniumDriver] [  881] - Datavalue is----------2
[INFO ][2016-01-20 12:15:20,008][com.java.SeleniumDriver] [  905] - DataField : XPH//button[contains(text(),'Add Content')]
[INFO ][2016-01-20 12:15:20,008][com.java.SeleniumDriver] [  907] - DataValue : 2
[INFO ][2016-01-20 12:15:20,009][com.java.SeleniumDriver] [  913] - <In Set values of the page>
[INFO ][2016-01-20 12:15:20,009][com.java.SeleniumDriver] [  916] - {Data Fields & Data Values Exist}
[INFO ][2016-01-20 12:15:20,009][com.java.SeleniumDriver] [  918] - --------------------------setting values-----------------------------
[INFO ][2016-01-20 12:15:20,009][com.java.SeleniumDriver] [  921] - Action Type : WAITFORELEMENT
[INFO ][2016-01-20 12:15:20,044][com.java.SeleniumDriver] [  930] -  RESULT true
[INFO ][2016-01-20 12:15:20,044][com.java.SeleniumDriver] [ 1136] - ?   P A S S   ?
[DEBUG][2016-01-20 12:15:20,044][com.java.SeleniumDriver] [ 1248] - Case found
[DEBUG][2016-01-20 12:15:20,044][com.java.SeleniumDriver] [ 1253] - Incrementing ReportCounters[0]:1
[INFO ][2016-01-20 12:15:20,045][com.java.SeleniumDriver] [ 1272] - The results are-------------------[1, 1, Valid Login, Pass, , Wed Jan 20 12:15:14 IST 2016, 1, 2, Valid Login, Pass, , Wed Jan 20 12:15:20 IST 2016, 1, 3, Valid Login, Pass, , Wed Jan 20 12:15:20 IST 2016]
[INFO ][2016-01-20 12:15:20,045][com.java.SeleniumDriver] [ 1276] - End time is-------39 sec
[INFO ][2016-01-20 12:15:20,045][com.java.SeleniumDriver] [ 1277] - The results are-------------------[1, 1, Valid Login, Pass, , Wed Jan 20 12:15:14 IST 2016, 1, 2, Valid Login, Pass, , Wed Jan 20 12:15:20 IST 2016, 1, 3, Valid Login, Pass, , Wed Jan 20 12:15:20 IST 2016]
[DEBUG][2016-01-20 12:15:20,045][com.java.ImportnExport.ExportTestResultsExcel] [  222] - testResultPath = D:\BankersDashboard/TestReports/Test Results_BankersDashBoard_012016_121442_IE10_First Bank.xls
[DEBUG][2016-01-20 12:15:20,045][com.java.ImportnExport.ExportTestResultsExcel] [  223] - browser is------------IE10
[DEBUG][2016-01-20 12:15:20,089][com.java.ImportnExport.ExportTestResultsExcel] [  270] - result.size() = 18
[DEBUG][2016-01-20 12:15:20,089][com.java.ImportnExport.ExportTestResultsExcel] [  274] - No of rows in sheet=1
[DEBUG][2016-01-20 12:15:20,089][com.java.ImportnExport.ExportTestResultsExcel] [  301] - ..in export..1
[DEBUG][2016-01-20 12:15:20,089][com.java.ImportnExport.ExportTestResultsExcel] [  301] - ..in export..Valid Login
[DEBUG][2016-01-20 12:15:20,089][com.java.ImportnExport.ExportTestResultsExcel] [  301] - ..in export..Pass
[DEBUG][2016-01-20 12:15:20,089][com.java.ImportnExport.ExportTestResultsExcel] [  301] - ..in export..
[DEBUG][2016-01-20 12:15:20,089][com.java.ImportnExport.ExportTestResultsExcel] [  301] - ..in export..Wed Jan 20 12:15:14 IST 2016
[INFO ][2016-01-20 12:15:20,091][com.java.SeleniumDriver] [ 1337] - out loop:0 size:2 TestCases:[1, 6] testcases:[1, 6]
[INFO ][2016-01-20 12:15:20,091][com.java.ImportnExport.ImportTestDataDetailsExcel] [   49] - test data details path===== D:\BankersDashboard\TestInputs\TestData.xls
[INFO ][2016-01-20 12:15:43,829][com.java.SeleniumDriver] [  856] - ------------------------------------------
[INFO ][2016-01-20 12:15:43,829][com.java.SeleniumDriver] [  857] - Test case being Executed: 6
[INFO ][2016-01-20 12:15:43,829][com.java.SeleniumDriver] [  869] - Test step:1
[INFO ][2016-01-20 12:15:43,829][com.java.SeleniumDriver] [  881] - Datavalue is----------Logout
[INFO ][2016-01-20 12:15:43,829][com.java.SeleniumDriver] [  905] - DataField : BTN
[INFO ][2016-01-20 12:15:43,829][com.java.SeleniumDriver] [  907] - DataValue : Logout
[INFO ][2016-01-20 12:15:43,829][com.java.SeleniumDriver] [  913] - <In Set values of the page>
[INFO ][2016-01-20 12:15:43,829][com.java.SeleniumDriver] [  916] - {Data Fields & Data Values Exist}
[INFO ][2016-01-20 12:15:43,829][com.java.SeleniumDriver] [  918] - --------------------------setting values-----------------------------
[INFO ][2016-01-20 12:15:43,829][com.java.SeleniumDriver] [  921] - Action Type : Verify
[INFO ][2016-01-20 12:15:43,829][com.java.TestType] [ 7710] - field= BTN value= Logout
[INFO ][2016-01-20 12:15:43,829][com.java.TestType] [ 6201] - value = Logout
[INFO ][2016-01-20 12:15:43,892][com.java.SeleniumDriver] [  930] -  RESULT true
[INFO ][2016-01-20 12:15:43,892][com.java.SeleniumDriver] [ 1136] - ?   P A S S   ?
[INFO ][2016-01-20 12:15:43,892][com.java.SeleniumDriver] [ 1178] - step change to 3
[INFO ][2016-01-20 12:15:43,892][com.java.SeleniumDriver] [  856] - ------------------------------------------
[INFO ][2016-01-20 12:15:43,892][com.java.SeleniumDriver] [  857] - Test case being Executed: 6
[INFO ][2016-01-20 12:15:43,892][com.java.SeleniumDriver] [  869] - Test step:3
[INFO ][2016-01-20 12:15:43,892][com.java.SeleniumDriver] [  881] - Datavalue is----------Concept#2:1-2
[INFO ][2016-01-20 12:15:43,892][com.java.SeleniumDriver] [  905] - DataField : test
[INFO ][2016-01-20 12:15:43,892][com.java.SeleniumDriver] [  907] - DataValue : Concept#2:1-2
[INFO ][2016-01-20 12:15:43,892][com.java.SeleniumDriver] [  913] - <In Set values of the page>
[INFO ][2016-01-20 12:15:43,892][com.java.SeleniumDriver] [  916] - {Data Fields & Data Values Exist}
[INFO ][2016-01-20 12:15:43,892][com.java.SeleniumDriver] [  918] - --------------------------setting values-----------------------------
[INFO ][2016-01-20 12:15:43,892][com.java.SeleniumDriver] [  921] - Action Type : ExecuteTestCase
[INFO ][2016-01-20 12:15:43,892][com.java.TestType] [  442] - The Concept sheet name is ---------- Concept
[INFO ][2016-01-20 12:15:43,892][com.java.TestType] [  445] - The Concept ID  is ---------- 2
[DEBUG][2016-01-20 12:15:43,892][com.java.TestType] [  449] - Steps being executted in the Concept are: 1:2
[INFO ][2016-01-20 12:15:43,892][com.java.TestType] [  456] - Test data details path ---------- D:\BankersDashboard\TestInputs\TestData.xls
[INFO ][2016-01-20 12:15:43,892][com.java.TestType] [  487] -  str(1) = 2
[INFO ][2016-01-20 12:15:43,892][com.java.TestType] [  490] - Test case Id is---2
[INFO ][2016-01-20 12:15:43,892][com.java.TestType] [  492] - 2
[INFO ][2016-01-20 12:15:43,892][com.java.TestType] [  487] -  str(2) = 1
[INFO ][2016-01-20 12:15:43,892][com.java.TestType] [  487] -  str(1) = 2
[INFO ][2016-01-20 12:15:43,892][com.java.TestType] [  490] - Test case Id is---2
[INFO ][2016-01-20 12:15:43,892][com.java.TestType] [  492] - 2
[INFO ][2016-01-20 12:15:43,892][com.java.TestType] [  487] -  str(2) = 2
[INFO ][2016-01-20 12:15:43,892][com.java.TestType] [  487] -  str(1) = 2
[INFO ][2016-01-20 12:15:43,892][com.java.TestType] [  490] - Test case Id is---2
[INFO ][2016-01-20 12:15:43,892][com.java.TestType] [  492] - 2
[INFO ][2016-01-20 12:15:43,892][com.java.TestType] [  487] -  str(2) = 3
[INFO ][2016-01-20 12:15:43,892][com.java.TestType] [11377] - Looping 1TCID = 2
[DEBUG][2016-01-20 12:15:43,892][com.java.TestType] [11418] - Concept ID:2 :: Step being Executed: 2::1
[INFO ][2016-01-20 12:15:43,892][com.java.TestType] [11456] - dataFields : BNK//select[@id='bank']
[DEBUG][2016-01-20 12:15:43,892][com.java.TestType] [11462] - <In Set values of the page>
[DEBUG][2016-01-20 12:15:43,892][com.java.TestType] [11467] - {Data Fields & Data Values Exist}
[INFO ][2016-01-20 12:15:43,892][com.java.TestType] [11473] - --------------------------setting values-----------------------------
[INFO ][2016-01-20 12:15:43,892][com.java.TestType] [11476] - Action Type : Select
[INFO ][2016-01-20 12:15:43,892][com.java.TestType] [ 6201] - value = PFC
[INFO ][2016-01-20 12:15:44,095][com.java.TestType] [11495] -  RESULT true
[INFO ][2016-01-20 12:15:44,095][com.java.TestType] [11612] - ?   P A S S   ?
[DEBUG][2016-01-20 12:15:44,095][com.java.TestType] [11418] - Concept ID:2 :: Step being Executed: 2::2
[INFO ][2016-01-20 12:15:44,095][com.java.TestType] [11456] - dataFields : LNKLogout
[DEBUG][2016-01-20 12:15:44,095][com.java.TestType] [11462] - <In Set values of the page>
[DEBUG][2016-01-20 12:15:44,095][com.java.TestType] [11467] - {Data Fields & Data Values Exist}
[INFO ][2016-01-20 12:15:44,095][com.java.TestType] [11473] - --------------------------setting values-----------------------------
[INFO ][2016-01-20 12:15:44,095][com.java.TestType] [11476] - Action Type : WaitTime
[DEBUG][2016-01-20 12:15:44,095][com.java.TestType] [ 6015] - sleepTime: 5000
[INFO ][2016-01-20 12:15:49,103][com.java.TestType] [11495] -  RESULT true
[INFO ][2016-01-20 12:15:49,103][com.java.TestType] [11612] - ?   P A S S   ?
[INFO ][2016-01-20 12:15:49,103][com.java.TestType] [11683] - Looping End......
[INFO ][2016-01-20 12:15:49,103][com.java.SeleniumDriver] [  930] -  RESULT true
[INFO ][2016-01-20 12:15:49,103][com.java.SeleniumDriver] [ 1136] - ?   P A S S   ?
[INFO ][2016-01-20 12:15:49,103][com.java.SeleniumDriver] [  856] - ------------------------------------------
[INFO ][2016-01-20 12:15:49,103][com.java.SeleniumDriver] [  857] - Test case being Executed: 6
[INFO ][2016-01-20 12:15:49,103][com.java.SeleniumDriver] [  869] - Test step:4
[INFO ][2016-01-20 12:15:49,103][com.java.SeleniumDriver] [  881] - Datavalue is----------null
[DEBUG][2016-01-20 12:15:49,103][com.java.SeleniumDriver] [  899] - Exception: null
[INFO ][2016-01-20 12:15:49,103][com.java.SeleniumDriver] [  905] - DataField : //span[@class='icon-bars2']&&//a[@data-id='ManageExisting']
[INFO ][2016-01-20 12:15:49,103][com.java.SeleniumDriver] [  907] - DataValue : 
[INFO ][2016-01-20 12:15:49,103][com.java.SeleniumDriver] [  913] - <In Set values of the page>
[INFO ][2016-01-20 12:15:49,103][com.java.SeleniumDriver] [  916] - {Data Fields & Data Values Exist}
[INFO ][2016-01-20 12:15:49,103][com.java.SeleniumDriver] [  918] - --------------------------setting values-----------------------------
[INFO ][2016-01-20 12:15:49,103][com.java.SeleniumDriver] [  921] - Action Type : MOUSEOVER
[INFO ][2016-01-20 12:16:11,972][com.java.SeleniumDriver] [  930] -  RESULT true
[INFO ][2016-01-20 12:16:11,972][com.java.SeleniumDriver] [ 1136] - ?   P A S S   ?
[INFO ][2016-01-20 12:16:11,972][com.java.SeleniumDriver] [  856] - ------------------------------------------
[INFO ][2016-01-20 12:16:11,972][com.java.SeleniumDriver] [  857] - Test case being Executed: 6
[INFO ][2016-01-20 12:16:11,972][com.java.SeleniumDriver] [  869] - Test step:5
[INFO ][2016-01-20 12:16:11,972][com.java.SeleniumDriver] [  881] - Datavalue is----------3
[INFO ][2016-01-20 12:16:11,972][com.java.SeleniumDriver] [  905] - DataField : BTNframeDialogContent
[INFO ][2016-01-20 12:16:11,972][com.java.SeleniumDriver] [  907] - DataValue : 3
[INFO ][2016-01-20 12:16:11,972][com.java.SeleniumDriver] [  913] - <In Set values of the page>
[INFO ][2016-01-20 12:16:11,972][com.java.SeleniumDriver] [  916] - {Data Fields & Data Values Exist}
[INFO ][2016-01-20 12:16:11,972][com.java.SeleniumDriver] [  918] - --------------------------setting values-----------------------------
[INFO ][2016-01-20 12:16:11,972][com.java.SeleniumDriver] [  921] - Action Type : WaitForElement
[INFO ][2016-01-20 12:16:13,206][com.java.SeleniumDriver] [  930] -  RESULT true
[INFO ][2016-01-20 12:16:13,206][com.java.SeleniumDriver] [ 1136] - ?   P A S S   ?
[INFO ][2016-01-20 12:16:13,206][com.java.SeleniumDriver] [  856] - ------------------------------------------
[INFO ][2016-01-20 12:16:13,206][com.java.SeleniumDriver] [  857] - Test case being Executed: 6
[INFO ][2016-01-20 12:16:13,206][com.java.SeleniumDriver] [  869] - Test step:6
[INFO ][2016-01-20 12:16:13,206][com.java.SeleniumDriver] [  881] - Datavalue is----------null
[DEBUG][2016-01-20 12:16:13,206][com.java.SeleniumDriver] [  899] - Exception: null
[INFO ][2016-01-20 12:16:13,206][com.java.SeleniumDriver] [  905] - DataField : BTNframeDialogContent
[INFO ][2016-01-20 12:16:13,206][com.java.SeleniumDriver] [  907] - DataValue : 
[INFO ][2016-01-20 12:16:13,206][com.java.SeleniumDriver] [  913] - <In Set values of the page>
[INFO ][2016-01-20 12:16:13,206][com.java.SeleniumDriver] [  916] - {Data Fields & Data Values Exist}
[INFO ][2016-01-20 12:16:13,206][com.java.SeleniumDriver] [  918] - --------------------------setting values-----------------------------
[INFO ][2016-01-20 12:16:13,206][com.java.SeleniumDriver] [  921] - Action Type : SELECTFRAME
[INFO ][2016-01-20 12:16:14,471][com.java.SeleniumDriver] [  930] -  RESULT true
[INFO ][2016-01-20 12:16:14,471][com.java.SeleniumDriver] [ 1136] - ?   P A S S   ?
[INFO ][2016-01-20 12:16:14,471][com.java.SeleniumDriver] [  856] - ------------------------------------------
[INFO ][2016-01-20 12:16:14,471][com.java.SeleniumDriver] [  857] - Test case being Executed: 6
[INFO ][2016-01-20 12:16:14,471][com.java.SeleniumDriver] [  869] - Test step:7
[INFO ][2016-01-20 12:16:14,471][com.java.SeleniumDriver] [  881] - Datavalue is----------HMVTotemPoleNameNew
[INFO ][2016-01-20 12:16:14,471][com.java.SeleniumDriver] [  905] - DataField : SLBddlTotemPoles
[INFO ][2016-01-20 12:16:14,471][com.java.SeleniumDriver] [  907] - DataValue : HMVTotemPoleNameNew
[INFO ][2016-01-20 12:16:14,471][com.java.SeleniumDriver] [  913] - <In Set values of the page>
[INFO ][2016-01-20 12:16:14,471][com.java.SeleniumDriver] [  916] - {Data Fields & Data Values Exist}
[INFO ][2016-01-20 12:16:14,471][com.java.SeleniumDriver] [  918] - --------------------------setting values-----------------------------
[INFO ][2016-01-20 12:16:14,471][com.java.SeleniumDriver] [  921] - Action Type : Select
[INFO ][2016-01-20 12:16:14,471][com.java.TestType] [ 6201] - value = null
[INFO ][2016-01-20 12:16:16,704][com.java.SeleniumDriver] [  930] -  RESULT false
[INFO ][2016-01-20 12:16:16,704][com.java.SeleniumDriver] [  977] - ?   F A I L   ?
[INFO ][2016-01-20 12:16:16,704][com.java.SeleniumDriver] [  985] - Browser Type : IE10
[INFO ][2016-01-20 12:16:16,704][com.java.SeleniumDriver] [  986] - Adding Failed case6
[DEBUG][2016-01-20 12:16:17,001][com.java.SeleniumDriver] [ 1054] -  tdd.getCondition() IF:9:Next
[INFO ][2016-01-20 12:16:17,001][com.java.SeleniumDriver] [ 1058] - Continue next step...
[INFO ][2016-01-20 12:16:17,001][com.java.SeleniumDriver] [  856] - ------------------------------------------
[INFO ][2016-01-20 12:16:17,001][com.java.SeleniumDriver] [  857] - Test case being Executed: 6
[INFO ][2016-01-20 12:16:17,001][com.java.SeleniumDriver] [  869] - Test step:8
[INFO ][2016-01-20 12:16:17,001][com.java.SeleniumDriver] [  881] - Datavalue is----------index:1
[INFO ][2016-01-20 12:16:17,001][com.java.SeleniumDriver] [  905] - DataField : COBddlTotemPoles
[INFO ][2016-01-20 12:16:17,001][com.java.SeleniumDriver] [  907] - DataValue : index:1
[INFO ][2016-01-20 12:16:17,001][com.java.SeleniumDriver] [  913] - <In Set values of the page>
[INFO ][2016-01-20 12:16:17,001][com.java.SeleniumDriver] [  916] - {Data Fields & Data Values Exist}
[INFO ][2016-01-20 12:16:17,001][com.java.SeleniumDriver] [  918] - --------------------------setting values-----------------------------
[INFO ][2016-01-20 12:16:17,001][com.java.SeleniumDriver] [  921] - Action Type : Select
[INFO ][2016-01-20 12:16:17,001][com.java.TestType] [ 6201] - value = 1
[INFO ][2016-01-20 12:16:18,172][com.java.TestType] [ 6319] -  In COB ddlTotemPoles : 1
[INFO ][2016-01-20 12:16:18,343][com.java.SeleniumDriver] [  930] -  RESULT true
[INFO ][2016-01-20 12:16:18,343][com.java.SeleniumDriver] [ 1136] - ?   P A S S   ?
[INFO ][2016-01-20 12:16:18,343][com.java.SeleniumDriver] [  856] - ------------------------------------------
[INFO ][2016-01-20 12:16:18,343][com.java.SeleniumDriver] [  857] - Test case being Executed: 6
[INFO ][2016-01-20 12:16:18,343][com.java.SeleniumDriver] [  869] - Test step:9
[INFO ][2016-01-20 12:16:18,343][com.java.SeleniumDriver] [  881] - Datavalue is----------null
[DEBUG][2016-01-20 12:16:18,343][com.java.SeleniumDriver] [  899] - Exception: null
[INFO ][2016-01-20 12:16:18,343][com.java.SeleniumDriver] [  905] - DataField : BTNparent
[INFO ][2016-01-20 12:16:18,343][com.java.SeleniumDriver] [  907] - DataValue : 
[INFO ][2016-01-20 12:16:18,343][com.java.SeleniumDriver] [  913] - <In Set values of the page>
[INFO ][2016-01-20 12:16:18,343][com.java.SeleniumDriver] [  916] - {Data Fields & Data Values Exist}
[INFO ][2016-01-20 12:16:18,343][com.java.SeleniumDriver] [  918] - --------------------------setting values-----------------------------
[INFO ][2016-01-20 12:16:18,343][com.java.SeleniumDriver] [  921] - Action Type : SELECTFRAME
[INFO ][2016-01-20 12:16:18,359][com.java.SeleniumDriver] [  930] -  RESULT true
[INFO ][2016-01-20 12:16:18,359][com.java.SeleniumDriver] [ 1136] - ?   P A S S   ?
[INFO ][2016-01-20 12:16:18,359][com.java.SeleniumDriver] [  856] - ------------------------------------------
[INFO ][2016-01-20 12:16:18,359][com.java.SeleniumDriver] [  857] - Test case being Executed: 6
[INFO ][2016-01-20 12:16:18,359][com.java.SeleniumDriver] [  869] - Test step:10
[INFO ][2016-01-20 12:16:18,359][com.java.SeleniumDriver] [  881] - Datavalue is----------null
[DEBUG][2016-01-20 12:16:18,359][com.java.SeleniumDriver] [  899] - Exception: null
[INFO ][2016-01-20 12:16:18,359][com.java.SeleniumDriver] [  905] - DataField : HDN//span[text()='Select']
[INFO ][2016-01-20 12:16:18,359][com.java.SeleniumDriver] [  907] - DataValue : 
[INFO ][2016-01-20 12:16:18,359][com.java.SeleniumDriver] [  913] - <In Set values of the page>
[INFO ][2016-01-20 12:16:18,359][com.java.SeleniumDriver] [  916] - {Data Fields & Data Values Exist}
[INFO ][2016-01-20 12:16:18,359][com.java.SeleniumDriver] [  918] - --------------------------setting values-----------------------------
[INFO ][2016-01-20 12:16:18,359][com.java.SeleniumDriver] [  921] - Action Type : Click
[INFO ][2016-01-20 12:16:18,359][com.java.TestType] [ 6580] - Field ::HDN//span[text()='Select']
[INFO ][2016-01-20 12:16:18,359][com.java.TestType] [ 6201] - value = 
[INFO ][2016-01-20 12:16:19,530][com.java.SeleniumDriver] [  930] -  RESULT true
[INFO ][2016-01-20 12:16:19,530][com.java.SeleniumDriver] [ 1136] - ?   P A S S   ?
[INFO ][2016-01-20 12:16:19,530][com.java.SeleniumDriver] [  856] - ------------------------------------------
[INFO ][2016-01-20 12:16:19,530][com.java.SeleniumDriver] [  857] - Test case being Executed: 6
[INFO ][2016-01-20 12:16:19,530][com.java.SeleniumDriver] [  869] - Test step:11
[INFO ][2016-01-20 12:16:19,530][com.java.SeleniumDriver] [  881] - Datavalue is----------2
[INFO ][2016-01-20 12:16:19,530][com.java.SeleniumDriver] [  905] - DataField : BTNbtnAddItem.BalanceSheet
[INFO ][2016-01-20 12:16:19,530][com.java.SeleniumDriver] [  907] - DataValue : 2
[INFO ][2016-01-20 12:16:19,530][com.java.SeleniumDriver] [  913] - <In Set values of the page>
[INFO ][2016-01-20 12:16:19,530][com.java.SeleniumDriver] [  916] - {Data Fields & Data Values Exist}
[INFO ][2016-01-20 12:16:19,530][com.java.SeleniumDriver] [  918] - --------------------------setting values-----------------------------
[INFO ][2016-01-20 12:16:19,530][com.java.SeleniumDriver] [  921] - Action Type : WaitForElement
[INFO ][2016-01-20 12:16:20,752][com.java.SeleniumDriver] [  930] -  RESULT true
[INFO ][2016-01-20 12:16:20,752][com.java.SeleniumDriver] [ 1136] - ?   P A S S   ?
[INFO ][2016-01-20 12:16:20,752][com.java.SeleniumDriver] [  856] - ------------------------------------------
[INFO ][2016-01-20 12:16:20,752][com.java.SeleniumDriver] [  857] - Test case being Executed: 6
[INFO ][2016-01-20 12:16:20,752][com.java.SeleniumDriver] [  869] - Test step:12
[INFO ][2016-01-20 12:16:20,752][com.java.SeleniumDriver] [  881] - Datavalue is----------null
[DEBUG][2016-01-20 12:16:20,752][com.java.SeleniumDriver] [  899] - Exception: null
[INFO ][2016-01-20 12:16:20,752][com.java.SeleniumDriver] [  905] - DataField : HDNbtnAddItem.BalanceSheet
[INFO ][2016-01-20 12:16:20,752][com.java.SeleniumDriver] [  907] - DataValue : 
[INFO ][2016-01-20 12:16:20,752][com.java.SeleniumDriver] [  913] - <In Set values of the page>
[INFO ][2016-01-20 12:16:20,752][com.java.SeleniumDriver] [  916] - {Data Fields & Data Values Exist}
[INFO ][2016-01-20 12:16:20,752][com.java.SeleniumDriver] [  918] - --------------------------setting values-----------------------------
[INFO ][2016-01-20 12:16:20,752][com.java.SeleniumDriver] [  921] - Action Type : Click
[INFO ][2016-01-20 12:16:20,752][com.java.TestType] [ 6580] - Field ::HDNbtnAddItem.BalanceSheet
[INFO ][2016-01-20 12:16:20,752][com.java.TestType] [ 6201] - value = 
[INFO ][2016-01-20 12:16:23,062][com.java.SeleniumDriver] [  930] -  RESULT true
[INFO ][2016-01-20 12:16:23,062][com.java.SeleniumDriver] [ 1136] - ?   P A S S   ?
[INFO ][2016-01-20 12:16:23,062][com.java.SeleniumDriver] [  856] - ------------------------------------------
[INFO ][2016-01-20 12:16:23,062][com.java.SeleniumDriver] [  857] - Test case being Executed: 6
[INFO ][2016-01-20 12:16:23,062][com.java.SeleniumDriver] [  869] - Test step:13
[INFO ][2016-01-20 12:16:23,062][com.java.SeleniumDriver] [  881] - Datavalue is----------3
[INFO ][2016-01-20 12:16:23,062][com.java.SeleniumDriver] [  905] - DataField : BTNframeDialogContent
[INFO ][2016-01-20 12:16:23,062][com.java.SeleniumDriver] [  907] - DataValue : 3
[INFO ][2016-01-20 12:16:23,062][com.java.SeleniumDriver] [  913] - <In Set values of the page>
[INFO ][2016-01-20 12:16:23,062][com.java.SeleniumDriver] [  916] - {Data Fields & Data Values Exist}
[INFO ][2016-01-20 12:16:23,062][com.java.SeleniumDriver] [  918] - --------------------------setting values-----------------------------
[INFO ][2016-01-20 12:16:23,062][com.java.SeleniumDriver] [  921] - Action Type : WaitForElement
[INFO ][2016-01-20 12:16:24,314][com.java.SeleniumDriver] [  930] -  RESULT true
[INFO ][2016-01-20 12:16:24,314][com.java.SeleniumDriver] [ 1136] - ?   P A S S   ?
[INFO ][2016-01-20 12:16:24,314][com.java.SeleniumDriver] [  856] - ------------------------------------------
[INFO ][2016-01-20 12:16:24,314][com.java.SeleniumDriver] [  857] - Test case being Executed: 6
[INFO ][2016-01-20 12:16:24,314][com.java.SeleniumDriver] [  869] - Test step:14
[INFO ][2016-01-20 12:16:24,314][com.java.SeleniumDriver] [  881] - Datavalue is----------null
[DEBUG][2016-01-20 12:16:24,314][com.java.SeleniumDriver] [  899] - Exception: null
[INFO ][2016-01-20 12:16:24,314][com.java.SeleniumDriver] [  905] - DataField : BTNframeDialogContent
[INFO ][2016-01-20 12:16:24,314][com.java.SeleniumDriver] [  907] - DataValue : 
[INFO ][2016-01-20 12:16:24,314][com.java.SeleniumDriver] [  913] - <In Set values of the page>
[INFO ][2016-01-20 12:16:24,314][com.java.SeleniumDriver] [  916] - {Data Fields & Data Values Exist}
[INFO ][2016-01-20 12:16:24,314][com.java.SeleniumDriver] [  918] - --------------------------setting values-----------------------------
[INFO ][2016-01-20 12:16:24,314][com.java.SeleniumDriver] [  921] - Action Type : SELECTFRAME
[INFO ][2016-01-20 12:16:25,580][com.java.SeleniumDriver] [  930] -  RESULT true
[INFO ][2016-01-20 12:16:25,580][com.java.SeleniumDriver] [ 1136] - ?   P A S S   ?
[INFO ][2016-01-20 12:16:25,580][com.java.SeleniumDriver] [  856] - ------------------------------------------
[INFO ][2016-01-20 12:16:25,580][com.java.SeleniumDriver] [  857] - Test case being Executed: 6
[INFO ][2016-01-20 12:16:25,580][com.java.SeleniumDriver] [  869] - Test step:15
[INFO ][2016-01-20 12:16:25,580][com.java.SeleniumDriver] [  881] - Datavalue is----------3
[INFO ][2016-01-20 12:16:25,580][com.java.SeleniumDriver] [  905] - DataField : BTNtxtItemTitle
[INFO ][2016-01-20 12:16:25,580][com.java.SeleniumDriver] [  907] - DataValue : 3
[INFO ][2016-01-20 12:16:25,580][com.java.SeleniumDriver] [  913] - <In Set values of the page>
[INFO ][2016-01-20 12:16:25,580][com.java.SeleniumDriver] [  916] - {Data Fields & Data Values Exist}
[INFO ][2016-01-20 12:16:25,580][com.java.SeleniumDriver] [  918] - --------------------------setting values-----------------------------
[INFO ][2016-01-20 12:16:25,580][com.java.SeleniumDriver] [  921] - Action Type : WaitForElement
[INFO ][2016-01-20 12:16:26,656][com.java.SeleniumDriver] [  930] -  RESULT true
[INFO ][2016-01-20 12:16:26,656][com.java.SeleniumDriver] [ 1136] - ?   P A S S   ?
[INFO ][2016-01-20 12:16:26,656][com.java.SeleniumDriver] [  856] - ------------------------------------------
[INFO ][2016-01-20 12:16:26,656][com.java.SeleniumDriver] [  857] - Test case being Executed: 6
[INFO ][2016-01-20 12:16:26,656][com.java.SeleniumDriver] [  869] - Test step:16
[INFO ][2016-01-20 12:16:26,656][com.java.SeleniumDriver] [  881] - Datavalue is----------RNDVLBSItem
[INFO ][2016-01-20 12:16:26,656][com.java.SeleniumDriver] [  905] - DataField : TXTtxtItemTitle
[INFO ][2016-01-20 12:16:26,656][com.java.SeleniumDriver] [  907] - DataValue : RNDVLBSItem
[INFO ][2016-01-20 12:16:26,656][com.java.SeleniumDriver] [  913] - <In Set values of the page>
[INFO ][2016-01-20 12:16:26,656][com.java.SeleniumDriver] [  916] - {Data Fields & Data Values Exist}
[INFO ][2016-01-20 12:16:26,656][com.java.SeleniumDriver] [  918] - --------------------------setting values-----------------------------
[INFO ][2016-01-20 12:16:26,656][com.java.SeleniumDriver] [  921] - Action Type : Enter
[INFO ][2016-01-20 12:16:26,656][com.java.TestType] [ 7102] - field = txtItemTitle
[INFO ][2016-01-20 12:16:26,656][com.java.TestType] [ 6201] - value = VLBSItem12790
[INFO ][2016-01-20 12:16:28,842][com.java.SeleniumDriver] [  930] -  RESULT true
[INFO ][2016-01-20 12:16:28,842][com.java.SeleniumDriver] [ 1136] - ?   P A S S   ?
[INFO ][2016-01-20 12:16:28,842][com.java.SeleniumDriver] [  856] - ------------------------------------------
[INFO ][2016-01-20 12:16:28,842][com.java.SeleniumDriver] [  857] - Test case being Executed: 6
[INFO ][2016-01-20 12:16:28,842][com.java.SeleniumDriver] [  869] - Test step:17
[INFO ][2016-01-20 12:16:28,842][com.java.SeleniumDriver] [  881] - Datavalue is----------1
[INFO ][2016-01-20 12:16:28,842][com.java.SeleniumDriver] [  905] - DataField : test
[INFO ][2016-01-20 12:16:28,842][com.java.SeleniumDriver] [  907] - DataValue : 1
[INFO ][2016-01-20 12:16:28,842][com.java.SeleniumDriver] [  913] - <In Set values of the page>
[INFO ][2016-01-20 12:16:28,842][com.java.SeleniumDriver] [  916] - {Data Fields & Data Values Exist}
[INFO ][2016-01-20 12:16:28,842][com.java.SeleniumDriver] [  918] - --------------------------setting values-----------------------------
[INFO ][2016-01-20 12:16:28,842][com.java.SeleniumDriver] [  921] - Action Type : WaitTime
[DEBUG][2016-01-20 12:16:28,842][com.java.TestType] [ 6015] - sleepTime: 1000
[INFO ][2016-01-20 12:16:29,856][com.java.SeleniumDriver] [  930] -  RESULT true
[INFO ][2016-01-20 12:16:29,856][com.java.SeleniumDriver] [ 1136] - ?   P A S S   ?
[INFO ][2016-01-20 12:16:29,856][com.java.SeleniumDriver] [  856] - ------------------------------------------
[INFO ][2016-01-20 12:16:29,856][com.java.SeleniumDriver] [  857] - Test case being Executed: 6
[INFO ][2016-01-20 12:16:29,856][com.java.SeleniumDriver] [  869] - Test step:18
[INFO ][2016-01-20 12:16:29,856][com.java.SeleniumDriver] [  881] - Datavalue is----------BSItemName
[INFO ][2016-01-20 12:16:29,856][com.java.SeleniumDriver] [  905] - DataField : TXTtxtItemTitle
[INFO ][2016-01-20 12:16:29,856][com.java.SeleniumDriver] [  907] - DataValue : BSItemName
[INFO ][2016-01-20 12:16:29,856][com.java.SeleniumDriver] [  913] - <In Set values of the page>
[INFO ][2016-01-20 12:16:29,856][com.java.SeleniumDriver] [  916] - {Data Fields & Data Values Exist}
[INFO ][2016-01-20 12:16:29,856][com.java.SeleniumDriver] [  918] - --------------------------setting values-----------------------------
[INFO ][2016-01-20 12:16:29,856][com.java.SeleniumDriver] [  921] - Action Type : StoreValue
[INFO ][2016-01-20 12:16:29,856][com.java.TestType] [ 9137] - field= TXTtxtItemTitle
[DEBUG][2016-01-20 12:16:30,950][com.java.TestType] [ 9151] - Key:: BSItemName  Value:: VLBSItem12790
[INFO ][2016-01-20 12:16:30,950][com.java.SeleniumDriver] [  930] -  RESULT true
[INFO ][2016-01-20 12:16:30,950][com.java.SeleniumDriver] [ 1136] - ?   P A S S   ?
[INFO ][2016-01-20 12:16:30,950][com.java.SeleniumDriver] [  856] - ------------------------------------------
[INFO ][2016-01-20 12:16:30,950][com.java.SeleniumDriver] [  857] - Test case being Executed: 6
[INFO ][2016-01-20 12:16:30,950][com.java.SeleniumDriver] [  869] - Test step:19
[INFO ][2016-01-20 12:16:30,950][com.java.SeleniumDriver] [  881] - Datavalue is----------40
[INFO ][2016-01-20 12:16:30,950][com.java.SeleniumDriver] [  905] - DataField : TXTtxtItemWeight
[INFO ][2016-01-20 12:16:30,950][com.java.SeleniumDriver] [  907] - DataValue : 40
[INFO ][2016-01-20 12:16:30,950][com.java.SeleniumDriver] [  913] - <In Set values of the page>
[INFO ][2016-01-20 12:16:30,950][com.java.SeleniumDriver] [  916] - {Data Fields & Data Values Exist}
[INFO ][2016-01-20 12:16:30,950][com.java.SeleniumDriver] [  918] - --------------------------setting values-----------------------------
[INFO ][2016-01-20 12:16:30,950][com.java.SeleniumDriver] [  921] - Action Type : ClearAndEnter
[INFO ][2016-01-20 12:16:32,090][com.java.TestType] [ 6201] - value = 40
[INFO ][2016-01-20 12:16:33,308][com.java.SeleniumDriver] [  930] -  RESULT true
[INFO ][2016-01-20 12:16:33,308][com.java.SeleniumDriver] [ 1136] - ?   P A S S   ?
[INFO ][2016-01-20 12:16:33,308][com.java.SeleniumDriver] [  856] - ------------------------------------------
[INFO ][2016-01-20 12:16:33,308][com.java.SeleniumDriver] [  857] - Test case being Executed: 6
[INFO ][2016-01-20 12:16:33,308][com.java.SeleniumDriver] [  869] - Test step:20
[INFO ][2016-01-20 12:16:33,308][com.java.SeleniumDriver] [  881] - Datavalue is----------null
[DEBUG][2016-01-20 12:16:33,308][com.java.SeleniumDriver] [  899] - Exception: null
[INFO ][2016-01-20 12:16:33,308][com.java.SeleniumDriver] [  905] - DataField : HDNchkAvg
[INFO ][2016-01-20 12:16:33,308][com.java.SeleniumDriver] [  907] - DataValue : 
[INFO ][2016-01-20 12:16:33,308][com.java.SeleniumDriver] [  913] - <In Set values of the page>
[INFO ][2016-01-20 12:16:33,308][com.java.SeleniumDriver] [  916] - {Data Fields & Data Values Exist}
[INFO ][2016-01-20 12:16:33,308][com.java.SeleniumDriver] [  918] - --------------------------setting values-----------------------------
[INFO ][2016-01-20 12:16:33,308][com.java.SeleniumDriver] [  921] - Action Type : Click
[INFO ][2016-01-20 12:16:33,308][com.java.TestType] [ 6580] - Field ::HDNchkAvg
[INFO ][2016-01-20 12:16:33,308][com.java.TestType] [ 6201] - value = 
[INFO ][2016-01-20 12:16:35,430][com.java.SeleniumDriver] [  930] -  RESULT true
[INFO ][2016-01-20 12:16:35,430][com.java.SeleniumDriver] [ 1136] - ?   P A S S   ?
[INFO ][2016-01-20 12:16:35,430][com.java.SeleniumDriver] [  856] - ------------------------------------------
[INFO ][2016-01-20 12:16:35,430][com.java.SeleniumDriver] [  857] - Test case being Executed: 6
[INFO ][2016-01-20 12:16:35,430][com.java.SeleniumDriver] [  869] - Test step:21
[INFO ][2016-01-20 12:16:35,430][com.java.SeleniumDriver] [  881] - Datavalue is----------Change
[INFO ][2016-01-20 12:16:35,430][com.java.SeleniumDriver] [  905] - DataField : SLBddlItemVariance
[INFO ][2016-01-20 12:16:35,430][com.java.SeleniumDriver] [  907] - DataValue : Change
[INFO ][2016-01-20 12:16:35,430][com.java.SeleniumDriver] [  913] - <In Set values of the page>
[INFO ][2016-01-20 12:16:35,430][com.java.SeleniumDriver] [  916] - {Data Fields & Data Values Exist}
[INFO ][2016-01-20 12:16:35,430][com.java.SeleniumDriver] [  918] - --------------------------setting values-----------------------------
[INFO ][2016-01-20 12:16:35,430][com.java.SeleniumDriver] [  921] - Action Type : Select
[INFO ][2016-01-20 12:16:35,430][com.java.TestType] [ 6201] - value = Change
[INFO ][2016-01-20 12:16:37,772][com.java.SeleniumDriver] [  930] -  RESULT true
[INFO ][2016-01-20 12:16:37,772][com.java.SeleniumDriver] [ 1136] - ?   P A S S   ?
[INFO ][2016-01-20 12:16:37,772][com.java.SeleniumDriver] [  856] - ------------------------------------------
[INFO ][2016-01-20 12:16:37,772][com.java.SeleniumDriver] [  857] - Test case being Executed: 6
[INFO ][2016-01-20 12:16:37,772][com.java.SeleniumDriver] [  869] - Test step:22
[INFO ][2016-01-20 12:16:37,772][com.java.SeleniumDriver] [  881] - Datavalue is----------3
[INFO ][2016-01-20 12:16:37,772][com.java.SeleniumDriver] [  905] - DataField : test
[INFO ][2016-01-20 12:16:37,772][com.java.SeleniumDriver] [  907] - DataValue : 3
[INFO ][2016-01-20 12:16:37,772][com.java.SeleniumDriver] [  913] - <In Set values of the page>
[INFO ][2016-01-20 12:16:37,772][com.java.SeleniumDriver] [  916] - {Data Fields & Data Values Exist}
[INFO ][2016-01-20 12:16:37,772][com.java.SeleniumDriver] [  918] - --------------------------setting values-----------------------------
[INFO ][2016-01-20 12:16:37,772][com.java.SeleniumDriver] [  921] - Action Type : WaitTime
[DEBUG][2016-01-20 12:16:37,772][com.java.TestType] [ 6015] - sleepTime: 3000
[INFO ][2016-01-20 12:16:40,783][com.java.SeleniumDriver] [  930] -  RESULT true
[INFO ][2016-01-20 12:16:40,783][com.java.SeleniumDriver] [ 1136] - ?   P A S S   ?
[INFO ][2016-01-20 12:16:40,783][com.java.SeleniumDriver] [  856] - ------------------------------------------
[INFO ][2016-01-20 12:16:40,783][com.java.SeleniumDriver] [  857] - Test case being Executed: 6
[INFO ][2016-01-20 12:16:40,783][com.java.SeleniumDriver] [  869] - Test step:23
[INFO ][2016-01-20 12:16:40,783][com.java.SeleniumDriver] [  881] - Datavalue is----------Actual
[INFO ][2016-01-20 12:16:40,783][com.java.SeleniumDriver] [  905] - DataField : SLBddlVarianceSource
[INFO ][2016-01-20 12:16:40,783][com.java.SeleniumDriver] [  907] - DataValue : Actual
[INFO ][2016-01-20 12:16:40,783][com.java.SeleniumDriver] [  913] - <In Set values of the page>
[INFO ][2016-01-20 12:16:40,783][com.java.SeleniumDriver] [  916] - {Data Fields & Data Values Exist}
[INFO ][2016-01-20 12:16:40,783][com.java.SeleniumDriver] [  918] - --------------------------setting values-----------------------------
[INFO ][2016-01-20 12:16:40,783][com.java.SeleniumDriver] [  921] - Action Type : Select
[INFO ][2016-01-20 12:16:40,783][com.java.TestType] [ 6201] - value = Actual
[INFO ][2016-01-20 12:16:43,142][com.java.SeleniumDriver] [  930] -  RESULT true
[INFO ][2016-01-20 12:16:43,142][com.java.SeleniumDriver] [ 1136] - ?   P A S S   ?
[INFO ][2016-01-20 12:16:43,142][com.java.SeleniumDriver] [  856] - ------------------------------------------
[INFO ][2016-01-20 12:16:43,142][com.java.SeleniumDriver] [  857] - Test case being Executed: 6
[INFO ][2016-01-20 12:16:43,142][com.java.SeleniumDriver] [  869] - Test step:24
[INFO ][2016-01-20 12:16:43,142][com.java.SeleniumDriver] [  881] - Datavalue is----------Same Period
[INFO ][2016-01-20 12:16:43,142][com.java.SeleniumDriver] [  905] - DataField : SLBddlVarianceRange
[INFO ][2016-01-20 12:16:43,142][com.java.SeleniumDriver] [  907] - DataValue : Same Period
[INFO ][2016-01-20 12:16:43,142][com.java.SeleniumDriver] [  913] - <In Set values of the page>
[INFO ][2016-01-20 12:16:43,142][com.java.SeleniumDriver] [  916] - {Data Fields & Data Values Exist}
[INFO ][2016-01-20 12:16:43,142][com.java.SeleniumDriver] [  918] - --------------------------setting values-----------------------------
[INFO ][2016-01-20 12:16:43,142][com.java.SeleniumDriver] [  921] - Action Type : Select
[INFO ][2016-01-20 12:16:43,142][com.java.TestType] [ 6201] - value = Same Period
[INFO ][2016-01-20 12:16:45,484][com.java.SeleniumDriver] [  930] -  RESULT true
[INFO ][2016-01-20 12:16:45,484][com.java.SeleniumDriver] [ 1136] - ?   P A S S   ?
[INFO ][2016-01-20 12:16:45,484][com.java.SeleniumDriver] [  856] - ------------------------------------------
[INFO ][2016-01-20 12:16:45,484][com.java.SeleniumDriver] [  857] - Test case being Executed: 6
[INFO ][2016-01-20 12:16:45,484][com.java.SeleniumDriver] [  869] - Test step:25
[INFO ][2016-01-20 12:16:45,484][com.java.SeleniumDriver] [  881] - Datavalue is----------null
[DEBUG][2016-01-20 12:16:45,484][com.java.SeleniumDriver] [  899] - Exception: null
[INFO ][2016-01-20 12:16:45,484][com.java.SeleniumDriver] [  905] - DataField : BTN//select[@id='opGroups']/optgroup[1]/option[2]
[INFO ][2016-01-20 12:16:45,484][com.java.SeleniumDriver] [  907] - DataValue : 
[INFO ][2016-01-20 12:16:45,484][com.java.SeleniumDriver] [  913] - <In Set values of the page>
[INFO ][2016-01-20 12:16:45,484][com.java.SeleniumDriver] [  916] - {Data Fields & Data Values Exist}
[INFO ][2016-01-20 12:16:45,484][com.java.SeleniumDriver] [  918] - --------------------------setting values-----------------------------
[INFO ][2016-01-20 12:16:45,484][com.java.SeleniumDriver] [  921] - Action Type : Click
[INFO ][2016-01-20 12:16:45,484][com.java.TestType] [ 6580] - Field ::BTN//select[@id='opGroups']/optgroup[1]/option[2]
[INFO ][2016-01-20 12:16:45,484][com.java.TestType] [ 6201] - value = 
[INFO ][2016-01-20 12:16:46,498][com.java.TestType] [ 6697] - BEFORE CLICK
[INFO ][2016-01-20 12:16:46,670][com.java.TestType] [ 6704] - Unable to click the object Group option
[INFO ][2016-01-20 12:16:46,670][com.java.SeleniumDriver] [  930] -  RESULT true
[INFO ][2016-01-20 12:16:46,670][com.java.SeleniumDriver] [ 1136] - ?   P A S S   ?
[INFO ][2016-01-20 12:16:46,670][com.java.SeleniumDriver] [ 1178] - step change to 27
[INFO ][2016-01-20 12:16:46,670][com.java.SeleniumDriver] [  856] - ------------------------------------------
[INFO ][2016-01-20 12:16:46,670][com.java.SeleniumDriver] [  857] - Test case being Executed: 6
[INFO ][2016-01-20 12:16:46,670][com.java.SeleniumDriver] [  869] - Test step:27
[INFO ][2016-01-20 12:16:46,670][com.java.SeleniumDriver] [  881] - Datavalue is----------5
[INFO ][2016-01-20 12:16:46,670][com.java.SeleniumDriver] [  905] - DataField : BTN//select[@id='opAccounts']/option[1]
[INFO ][2016-01-20 12:16:46,670][com.java.SeleniumDriver] [  907] - DataValue : 5
[INFO ][2016-01-20 12:16:46,670][com.java.SeleniumDriver] [  913] - <In Set values of the page>
[INFO ][2016-01-20 12:16:46,670][com.java.SeleniumDriver] [  916] - {Data Fields & Data Values Exist}
[INFO ][2016-01-20 12:16:46,670][com.java.SeleniumDriver] [  918] - --------------------------setting values-----------------------------
[INFO ][2016-01-20 12:16:46,670][com.java.SeleniumDriver] [  921] - Action Type : WaitForElement
[INFO ][2016-01-20 12:16:47,762][com.java.SeleniumDriver] [  930] -  RESULT true
[INFO ][2016-01-20 12:16:47,762][com.java.SeleniumDriver] [ 1136] - ?   P A S S   ?
[INFO ][2016-01-20 12:16:47,762][com.java.SeleniumDriver] [  856] - ------------------------------------------
[INFO ][2016-01-20 12:16:47,762][com.java.SeleniumDriver] [  857] - Test case being Executed: 6
[INFO ][2016-01-20 12:16:47,762][com.java.SeleniumDriver] [  869] - Test step:28
[INFO ][2016-01-20 12:16:47,762][com.java.SeleniumDriver] [  881] - Datavalue is----------null
[DEBUG][2016-01-20 12:16:47,762][com.java.SeleniumDriver] [  899] - Exception: null
[INFO ][2016-01-20 12:16:47,762][com.java.SeleniumDriver] [  905] - DataField : DBL//select[@id='opAccounts']/option[1]
[INFO ][2016-01-20 12:16:47,762][com.java.SeleniumDriver] [  907] - DataValue : 
[INFO ][2016-01-20 12:16:47,762][com.java.SeleniumDriver] [  913] - <In Set values of the page>
[INFO ][2016-01-20 12:16:47,762][com.java.SeleniumDriver] [  916] - {Data Fields & Data Values Exist}
[INFO ][2016-01-20 12:16:47,762][com.java.SeleniumDriver] [  918] - --------------------------setting values-----------------------------
[INFO ][2016-01-20 12:16:47,762][com.java.SeleniumDriver] [  921] - Action Type : Click
[INFO ][2016-01-20 12:16:47,762][com.java.TestType] [ 6580] - Field ::DBL//select[@id='opAccounts']/option[1]
[INFO ][2016-01-20 12:16:47,762][com.java.TestType] [ 6201] - value = 
[INFO ][2016-01-20 12:16:49,090][com.java.SeleniumDriver] [  930] -  RESULT true
[INFO ][2016-01-20 12:16:49,090][com.java.SeleniumDriver] [ 1136] - ?   P A S S   ?
[INFO ][2016-01-20 12:16:49,090][com.java.SeleniumDriver] [  856] - ------------------------------------------
[INFO ][2016-01-20 12:16:49,090][com.java.SeleniumDriver] [  857] - Test case being Executed: 6
[INFO ][2016-01-20 12:16:49,090][com.java.SeleniumDriver] [  869] - Test step:29
[INFO ][2016-01-20 12:16:49,090][com.java.SeleniumDriver] [  881] - Datavalue is----------5
[INFO ][2016-01-20 12:16:49,090][com.java.SeleniumDriver] [  905] - DataField : BTN//div[@id="expression"]/span[2]
[INFO ][2016-01-20 12:16:49,090][com.java.SeleniumDriver] [  907] - DataValue : 5
[INFO ][2016-01-20 12:16:49,090][com.java.SeleniumDriver] [  913] - <In Set values of the page>
[INFO ][2016-01-20 12:16:49,090][com.java.SeleniumDriver] [  916] - {Data Fields & Data Values Exist}
[INFO ][2016-01-20 12:16:49,090][com.java.SeleniumDriver] [  918] - --------------------------setting values-----------------------------
[INFO ][2016-01-20 12:16:49,090][com.java.SeleniumDriver] [  921] - Action Type : WaitForElement
[INFO ][2016-01-20 12:17:05,252][com.java.SeleniumDriver] [  930] -  RESULT true
[INFO ][2016-01-20 12:17:05,252][com.java.SeleniumDriver] [ 1136] - ?   P A S S   ?
[INFO ][2016-01-20 12:17:05,252][com.java.SeleniumDriver] [  856] - ------------------------------------------
[INFO ][2016-01-20 12:17:05,252][com.java.SeleniumDriver] [  857] - Test case being Executed: 6
[INFO ][2016-01-20 12:17:05,252][com.java.SeleniumDriver] [  869] - Test step:30
[INFO ][2016-01-20 12:17:05,252][com.java.SeleniumDriver] [  881] - Datavalue is----------HMVBSItemName
[INFO ][2016-01-20 12:17:05,252][com.java.SeleniumDriver] [  905] - DataField : MSG
[INFO ][2016-01-20 12:17:05,252][com.java.SeleniumDriver] [  907] - DataValue : HMVBSItemName
[INFO ][2016-01-20 12:17:05,252][com.java.SeleniumDriver] [  913] - <In Set values of the page>
[INFO ][2016-01-20 12:17:05,252][com.java.SeleniumDriver] [  916] - {Data Fields & Data Values Exist}
[INFO ][2016-01-20 12:17:05,252][com.java.SeleniumDriver] [  918] - --------------------------setting values-----------------------------
[INFO ][2016-01-20 12:17:05,252][com.java.SeleniumDriver] [  921] - Action Type : Verify
[INFO ][2016-01-20 12:17:05,252][com.java.TestType] [ 7710] - field= MSG value= HMVBSItemName
[INFO ][2016-01-20 12:17:05,252][com.java.TestType] [ 6201] - value = VLBSItem12790
[DEBUG][2016-01-20 12:17:05,252][com.java.TestType] [ 8540] - value :: VLBSItem12790
[ERROR][2016-01-20 12:17:05,253][com.java.TestType] [ 8545] - Assertion Error: 
[INFO ][2016-01-20 12:17:05,253][com.java.SeleniumDriver] [  930] -  RESULT false
[INFO ][2016-01-20 12:17:05,253][com.java.SeleniumDriver] [  977] - ?   F A I L   ?
[INFO ][2016-01-20 12:17:05,253][com.java.SeleniumDriver] [  985] - Browser Type : IE10
[INFO ][2016-01-20 12:17:05,253][com.java.SeleniumDriver] [  986] - Adding Failed case6
[INFO ][2016-01-20 12:17:05,409][com.java.SeleniumDriver] [ 1100] - failedCases = 6
[ERROR][2016-01-20 12:17:05,409][com.java.SeleniumDriver] [ 1599] - Platform Errors : Our apologies...::We have encountered an issue with your request.::Our apologies?:We encountered an issue with your request.
[INFO ][2016-01-20 12:17:05,409][com.java.SeleniumDriver] [ 1603] - Length =3
[ERROR][2016-01-20 12:17:05,409][com.java.SeleniumDriver] [ 1606] - Error 0 = Our apologies...
[ERROR][2016-01-20 12:17:05,487][com.java.SeleniumDriver] [ 1606] - Error 1 = We have encountered an issue with your request.
[ERROR][2016-01-20 12:17:05,518][com.java.SeleniumDriver] [ 1606] - Error 2 = Our apologies?:We encountered an issue with your request.
[INFO ][2016-01-20 12:17:05,549][com.java.SeleniumDriver] [ 1617] - strError:
[DEBUG][2016-01-20 12:17:05,565][com.java.SeleniumDriver] [ 1248] - Case found
[DEBUG][2016-01-20 12:17:05,565][com.java.SeleniumDriver] [ 1253] - Incrementing ReportCounters[0]:2
[INFO ][2016-01-20 12:17:05,565][com.java.SeleniumDriver] [ 1272] - The results are-------------------[6, 30, Totem Poles : Manage Existing Totem Pole : Add new item, Fail, 
Test case failed at Step No. :: 30   Error Message ::  . Screen Shot : D:\BankersDashboard\TestReports\012016\6_012016_121705_IE10.png, Wed Jan 20 12:17:05 IST 2016]
[INFO ][2016-01-20 12:17:05,565][com.java.SeleniumDriver] [ 1276] - End time is-------2 min 24 sec
[INFO ][2016-01-20 12:17:05,565][com.java.SeleniumDriver] [ 1277] - The results are-------------------[6, 30, Totem Poles : Manage Existing Totem Pole : Add new item, Fail, 
Test case failed at Step No. :: 30   Error Message ::  . Screen Shot : D:\BankersDashboard\TestReports\012016\6_012016_121705_IE10.png, Wed Jan 20 12:17:05 IST 2016]
[DEBUG][2016-01-20 12:17:05,565][com.java.ImportnExport.ExportTestResultsExcel] [  222] - testResultPath = D:\BankersDashboard/TestReports/Test Results_BankersDashBoard_012016_121442_IE10_First Bank.xls
[DEBUG][2016-01-20 12:17:05,565][com.java.ImportnExport.ExportTestResultsExcel] [  223] - browser is------------IE10
[DEBUG][2016-01-20 12:17:05,565][com.java.ImportnExport.ExportTestResultsExcel] [  270] - result.size() = 6
[DEBUG][2016-01-20 12:17:05,565][com.java.ImportnExport.ExportTestResultsExcel] [  274] - No of rows in sheet=2
[DEBUG][2016-01-20 12:17:05,565][com.java.ImportnExport.ExportTestResultsExcel] [  301] - ..in export..6
[DEBUG][2016-01-20 12:17:05,565][com.java.ImportnExport.ExportTestResultsExcel] [  301] - ..in export..Totem Poles : Manage Existing Totem Pole : Add new item
[DEBUG][2016-01-20 12:17:05,565][com.java.ImportnExport.ExportTestResultsExcel] [  301] - ..in export..Fail
[DEBUG][2016-01-20 12:17:05,565][com.java.ImportnExport.ExportTestResultsExcel] [  301] - ..in export..
Test case failed at Step No. :: 30   Error Message ::  . Screen Shot : D:\BankersDashboard\TestReports\012016\6_012016_121705_IE10.png
[DEBUG][2016-01-20 12:17:05,565][com.java.ImportnExport.ExportTestResultsExcel] [  301] - ..in export..Wed Jan 20 12:17:05 IST 2016
[INFO ][2016-01-20 12:17:05,565][com.java.SeleniumDriver] [ 1337] - out loop:1 size:2 TestCases:[1, 6] testcases:[1, 6]
[INFO ][2016-01-20 12:17:07,577][com.java.SeleniumDriver] [ 1380] - Total Number of Cases:2
[INFO ][2016-01-20 12:17:07,577][com.java.TemplateGenerator] [  302] - Executed:2
[INFO ][2016-01-20 12:17:07,577][com.java.TemplateGenerator] [  303] - Passed:1
[INFO ][2016-01-20 12:17:07,577][com.java.TemplateGenerator] [  304] - Failed:1
[INFO ][2016-01-20 12:17:07,577][com.java.TemplateGenerator] [  305] - Skipeed:0
[INFO ][2016-01-20 12:17:07,577][com.java.TemplateGenerator] [  306] - Application URL:https://clients-xuat.bankersdashboard.com
[INFO ][2016-01-20 12:17:07,577][com.java.TemplateGenerator] [  307] - Start Time:012016_121442
[INFO ][2016-01-20 12:17:07,577][com.java.TemplateGenerator] [  308] -  Creating HTML Report 
[ERROR][2016-01-20 12:17:07,577][com.java.TemplateGenerator] [  409] - Unparseable date: "Wed Jan 20 12:14:42 IST 2016"
[INFO ][2016-01-20 12:17:07,577][com.java.TemplateGenerator] [  654] -  Exporting case :: 1
[INFO ][2016-01-20 12:17:07,577][com.java.TemplateGenerator] [  654] -  Exporting case :: 6
[INFO ][2016-01-20 12:17:07,577][com.java.SeleniumDriver] [ 1429] - End Time:012016_121707
[INFO ][2016-01-20 12:17:07,577][com.java.SeleniumDriver] [ 1432] - Data in Test Execution Details:{1=PASS, 6=FAILTest case failed at Step No. :: 30   Error Message ::  }
[INFO ][2016-01-20 12:17:07,577][com.java.SeleniumDriver] [ 1433] - Data in Failed Execution Deatils:{}
[INFO ][2016-01-20 12:17:07,577][com.java.SeleniumDriver] [ 1435] - ReportCounter:Total:2 :: PASS: 1 ::FAIL: 1
[INFO ][2016-01-20 12:17:07,577][com.java.SeleniumDriver] [ 1436] - FailedReportCounter:Total:0 :: PASS: 0 ::FAIL: 0
[INFO ][2016-01-20 12:17:07,577][com.java.EmailTestReport] [   63] - Sending report mail details:
[INFO ][2016-01-20 12:17:07,577][com.java.EmailTestReport] [   80] - Excel Report Path:D:\BankersDashboard/TestReports/Test Results_BankersDashBoard_012016_121442_IE10_First Bank.xls
[INFO ][2016-01-20 12:17:07,577][com.java.EmailTestReport] [   81] - HTML Report Path:D:\BankersDashboard//TestReports//Test Results_BankersDashBoard_012016_121442_IE10_First Bank.html
[INFO ][2016-01-20 12:17:07,577][com.java.EmailTestReport] [   82] - smtpHostName:mail01.valuelabs.com
[INFO ][2016-01-20 12:17:07,577][com.java.EmailTestReport] [   83] - Recipient:venkateswararao.gubbala@valuelabs.com;naresh.nayini@valuelabs.com
[INFO ][2016-01-20 12:17:07,577][com.java.EmailTestReport] [   84] - From:venkateswararao.gubbala@valuelabs.com;naresh.nayini@valuelabs.com
[INFO ][2016-01-20 12:17:07,577][com.java.EmailTestReport] [   85] - Subject:Deluxe Corp Bankers Dashboard Automation Test Report - First Bank - IE10
[INFO ][2016-01-20 12:17:07,578][com.java.EmailTestReport] [  143] -  Added venkateswararao.gubbala@valuelabs.com
[INFO ][2016-01-20 12:17:07,578][com.java.EmailTestReport] [  143] -  Added naresh.nayini@valuelabs.com
[INFO ][2016-01-20 12:17:10,969][com.java.SeleniumDriver] [  722] - quitting the browser 
[INFO ][2016-01-20 12:17:12,264][com.java.SeleniumDriver] [  264] - Execution Completed Stopping the thread
