[INFO ][2015-11-19 16:28:26,841][com.java.SeleniumDriver] [  213] - Execute Failed Casesfalse
[INFO ][2015-11-19 16:28:26,841][com.java.SeleniumDriver] [  214] - Browser: IE10
[INFO ][2015-11-19 16:28:26,841][com.java.SeleniumDriver] [  215] - [22]
[INFO ][2015-11-19 16:28:26,851][com.java.SeleniumDriver] [  216] - Total TestCases:1
[INFO ][2015-11-19 16:28:26,851][com.java.SeleniumDriver] [  217] -  Reading Properties from Property File 
[DEBUG][2015-11-19 16:28:26,851][com.java.SeleniumDriver] [  238] - url : https://clients-xuat.bankersdashboard.com
[INFO ][2015-11-19 16:28:26,851][com.java.ImportnExport.ExportTestResultsExcel] [  116] - Time Stamp Thu Nov 19 04:28:26 IST 2015
[INFO ][2015-11-19 16:28:26,851][com.java.ImportnExport.ExportTestResultsExcel] [  175] - OUT FILE : D:\BankersDashboard/TestReports/Test Results_BankersDashBoard_111915_162826_IE10_Any Bank USA.xls
[INFO ][2015-11-19 16:28:26,872][com.java.ImportnExport.ExportTestResultsExcel] [  180] - Test Result file is created
[DEBUG][2015-11-19 16:28:26,992][com.java.SeleniumDriver] [  425] - Hub ip address is-------172.17.68.34
[INFO ][2015-11-19 16:28:26,992][com.java.SeleniumDriver] [  451] - Grid URL:http://172.17.68.34:4444/wd/hub
[INFO ][2015-11-19 16:28:26,992][com.java.SeleniumDriver] [  452] - Capability:Capabilities [{platform=ANY, ensureCleanSession=true, ignoreProtectedModeSettings=true, acceptSslCerts=true, ignoreZoomSetting=true, browserName=internet explorer, browserstack.ie.noFlash=true, version=null}]
[ERROR][2015-11-19 16:28:28,333][com.java.SeleniumDriver] [  496] - Unable invoke browser in grid:Could not start a new session. Possible causes are invalid address of the remote server or browser start-up failure.
Build info: version: '2.48.2', revision: '41bccdd', time: '2015-10-09 19:59:12'
System info: host: 'FVTIII438F1D', ip: '172.17.68.34', os.name: 'Windows 7', os.arch: 'x86', os.version: '6.1', java.version: '1.7.0_55'
Driver info: driver.version: SeleniumDriver
[INFO ][2015-11-19 16:28:28,333][com.java.SeleniumDriver] [  498] - Executing on local machine
[INFO ][2015-11-19 16:28:37,648][com.java.SeleniumDriver] [  248] - IE10is opened
[INFO ][2015-11-19 16:28:38,473][com.java.SeleniumDriver] [  753] - Test cases to be executed are: [22]
[INFO ][2015-11-19 16:28:38,514][com.java.ImportnExport.ImportTestDataDetailsExcel] [   49] - test data details path===== D:\BankersDashboard\TestInputs\TestData.xls
[INFO ][2015-11-19 16:28:38,564][com.java.SeleniumDriver] [  796] - ------------------------------------------
[INFO ][2015-11-19 16:28:38,564][com.java.SeleniumDriver] [  797] - Test case being Executed: 22
[INFO ][2015-11-19 16:28:38,574][com.java.SeleniumDriver] [  808] - Test step:1
[INFO ][2015-11-19 16:28:38,574][com.java.SeleniumDriver] [  820] - Datavalue is----------Logout
[INFO ][2015-11-19 16:28:38,574][com.java.SeleniumDriver] [  844] - DataField : BTN
[INFO ][2015-11-19 16:28:38,574][com.java.SeleniumDriver] [  846] - DataValue : Logout
[INFO ][2015-11-19 16:28:38,574][com.java.SeleniumDriver] [  852] - <In Set values of the page>
[INFO ][2015-11-19 16:28:38,574][com.java.SeleniumDriver] [  855] - {Data Fields & Data Values Exist}
[INFO ][2015-11-19 16:28:38,574][com.java.SeleniumDriver] [  857] - --------------------------setting values-----------------------------
[INFO ][2015-11-19 16:28:38,574][com.java.SeleniumDriver] [  860] - Action Type : Verify
[INFO ][2015-11-19 16:28:38,604][com.java.TestType] [ 5614] - field= BTN value= Logout
[INFO ][2015-11-19 16:28:38,604][com.java.TestType] [ 4507] - value = Logout
[ERROR][2015-11-19 16:28:55,711][com.java.TestType] [ 6275] - Assertion Error: 
[INFO ][2015-11-19 16:28:55,711][com.java.SeleniumDriver] [  869] -  RESULT false
[INFO ][2015-11-19 16:28:55,711][com.java.SeleniumDriver] [  916] - ?   F A I L   ?
[INFO ][2015-11-19 16:28:55,711][com.java.SeleniumDriver] [  924] - Browser Type : IE10
[INFO ][2015-11-19 16:28:55,711][com.java.SeleniumDriver] [  925] - Adding Failed case22
[DEBUG][2015-11-19 16:28:56,342][com.java.SeleniumDriver] [  992] -  tdd.getCondition() IF:3:Next
[INFO ][2015-11-19 16:28:56,342][com.java.SeleniumDriver] [  996] - Continue next step...
[INFO ][2015-11-19 16:28:56,342][com.java.SeleniumDriver] [  796] - ------------------------------------------
[INFO ][2015-11-19 16:28:56,342][com.java.SeleniumDriver] [  797] - Test case being Executed: 22
[INFO ][2015-11-19 16:28:56,342][com.java.SeleniumDriver] [  808] - Test step:2
[INFO ][2015-11-19 16:28:56,342][com.java.SeleniumDriver] [  820] - Datavalue is----------Concept#1:1-14
[INFO ][2015-11-19 16:28:56,342][com.java.SeleniumDriver] [  844] - DataField : test
[INFO ][2015-11-19 16:28:56,342][com.java.SeleniumDriver] [  846] - DataValue : Concept#1:1-14
[INFO ][2015-11-19 16:28:56,342][com.java.SeleniumDriver] [  852] - <In Set values of the page>
[INFO ][2015-11-19 16:28:56,342][com.java.SeleniumDriver] [  855] - {Data Fields & Data Values Exist}
[INFO ][2015-11-19 16:28:56,342][com.java.SeleniumDriver] [  857] - --------------------------setting values-----------------------------
[INFO ][2015-11-19 16:28:56,342][com.java.SeleniumDriver] [  860] - Action Type : ExecuteTestCase
[INFO ][2015-11-19 16:28:56,342][com.java.TestType] [  431] - The Concept sheet name is ---------- Concept
[INFO ][2015-11-19 16:28:56,342][com.java.TestType] [  434] - The Concept ID  is ---------- 1
[DEBUG][2015-11-19 16:28:56,342][com.java.TestType] [  438] - Steps being executted in the Concept are: 1:14
[INFO ][2015-11-19 16:28:56,342][com.java.TestType] [  445] - Test data details path ---------- D:\BankersDashboard\TestInputs\TestData.xls
[INFO ][2015-11-19 16:28:56,372][com.java.TestType] [  476] -  str(1) = 1
[INFO ][2015-11-19 16:28:56,372][com.java.TestType] [  479] - Test case Id is---1
[INFO ][2015-11-19 16:28:56,372][com.java.TestType] [  481] - 1
[INFO ][2015-11-19 16:28:56,372][com.java.TestType] [  476] -  str(2) = 1
[INFO ][2015-11-19 16:28:56,372][com.java.TestType] [  528] - row values are--------{1=com.java.Objects.TestDataDetails@1c8704e}
[INFO ][2015-11-19 16:28:56,372][com.java.TestType] [  476] -  str(1) = 1
[INFO ][2015-11-19 16:28:56,372][com.java.TestType] [  479] - Test case Id is---1
[INFO ][2015-11-19 16:28:56,372][com.java.TestType] [  481] - 1
[INFO ][2015-11-19 16:28:56,372][com.java.TestType] [  476] -  str(2) = 2
[INFO ][2015-11-19 16:28:56,382][com.java.TestType] [  528] - row values are--------{1=com.java.Objects.TestDataDetails@1c8704e, 2=com.java.Objects.TestDataDetails@1a7ed63}
[INFO ][2015-11-19 16:28:56,382][com.java.TestType] [  476] -  str(1) = 1
[INFO ][2015-11-19 16:28:56,382][com.java.TestType] [  479] - Test case Id is---1
[INFO ][2015-11-19 16:28:56,382][com.java.TestType] [  481] - 1
[INFO ][2015-11-19 16:28:56,382][com.java.TestType] [  476] -  str(2) = 3
[INFO ][2015-11-19 16:28:56,382][com.java.TestType] [  528] - row values are--------{1=com.java.Objects.TestDataDetails@1c8704e, 2=com.java.Objects.TestDataDetails@1a7ed63, 3=com.java.Objects.TestDataDetails@1dce7a9}
[INFO ][2015-11-19 16:28:56,382][com.java.TestType] [  476] -  str(1) = 1
[INFO ][2015-11-19 16:28:56,382][com.java.TestType] [  479] - Test case Id is---1
[INFO ][2015-11-19 16:28:56,382][com.java.TestType] [  481] - 1
[INFO ][2015-11-19 16:28:56,382][com.java.TestType] [  476] -  str(2) = 4
[INFO ][2015-11-19 16:28:56,382][com.java.TestType] [  528] - row values are--------{1=com.java.Objects.TestDataDetails@1c8704e, 2=com.java.Objects.TestDataDetails@1a7ed63, 3=com.java.Objects.TestDataDetails@1dce7a9, 4=com.java.Objects.TestDataDetails@7fbf5a}
[INFO ][2015-11-19 16:28:56,382][com.java.TestType] [  476] -  str(1) = 1
[INFO ][2015-11-19 16:28:56,382][com.java.TestType] [  479] - Test case Id is---1
[INFO ][2015-11-19 16:28:56,382][com.java.TestType] [  481] - 1
[INFO ][2015-11-19 16:28:56,382][com.java.TestType] [  476] -  str(2) = 5
[INFO ][2015-11-19 16:28:56,382][com.java.TestType] [  528] - row values are--------{1=com.java.Objects.TestDataDetails@1c8704e, 2=com.java.Objects.TestDataDetails@1a7ed63, 3=com.java.Objects.TestDataDetails@1dce7a9, 4=com.java.Objects.TestDataDetails@7fbf5a, 5=com.java.Objects.TestDataDetails@1ccb601}
[INFO ][2015-11-19 16:28:56,382][com.java.TestType] [  476] -  str(1) = 1
[INFO ][2015-11-19 16:28:56,382][com.java.TestType] [  479] - Test case Id is---1
[INFO ][2015-11-19 16:28:56,382][com.java.TestType] [  481] - 1
[INFO ][2015-11-19 16:28:56,382][com.java.TestType] [  476] -  str(2) = 6
[INFO ][2015-11-19 16:28:56,382][com.java.TestType] [  528] - row values are--------{1=com.java.Objects.TestDataDetails@1c8704e, 2=com.java.Objects.TestDataDetails@1a7ed63, 3=com.java.Objects.TestDataDetails@1dce7a9, 4=com.java.Objects.TestDataDetails@7fbf5a, 5=com.java.Objects.TestDataDetails@1ccb601, 6=com.java.Objects.TestDataDetails@1c97413}
[INFO ][2015-11-19 16:28:56,382][com.java.TestType] [  476] -  str(1) = 1
[INFO ][2015-11-19 16:28:56,382][com.java.TestType] [  479] - Test case Id is---1
[INFO ][2015-11-19 16:28:56,382][com.java.TestType] [  481] - 1
[INFO ][2015-11-19 16:28:56,382][com.java.TestType] [  476] -  str(2) = 7
[INFO ][2015-11-19 16:28:56,382][com.java.TestType] [  528] - row values are--------{1=com.java.Objects.TestDataDetails@1c8704e, 2=com.java.Objects.TestDataDetails@1a7ed63, 3=com.java.Objects.TestDataDetails@1dce7a9, 4=com.java.Objects.TestDataDetails@7fbf5a, 5=com.java.Objects.TestDataDetails@1ccb601, 6=com.java.Objects.TestDataDetails@1c97413, 7=com.java.Objects.TestDataDetails@1540673}
[INFO ][2015-11-19 16:28:56,382][com.java.TestType] [  476] -  str(1) = 1
[INFO ][2015-11-19 16:28:56,382][com.java.TestType] [  479] - Test case Id is---1
[INFO ][2015-11-19 16:28:56,382][com.java.TestType] [  481] - 1
[INFO ][2015-11-19 16:28:56,382][com.java.TestType] [  476] -  str(2) = 8
[INFO ][2015-11-19 16:28:56,382][com.java.TestType] [  528] - row values are--------{1=com.java.Objects.TestDataDetails@1c8704e, 2=com.java.Objects.TestDataDetails@1a7ed63, 3=com.java.Objects.TestDataDetails@1dce7a9, 4=com.java.Objects.TestDataDetails@7fbf5a, 5=com.java.Objects.TestDataDetails@1ccb601, 6=com.java.Objects.TestDataDetails@1c97413, 7=com.java.Objects.TestDataDetails@1540673, 8=com.java.Objects.TestDataDetails@4ff48e}
[INFO ][2015-11-19 16:28:56,382][com.java.TestType] [  476] -  str(1) = 1
[INFO ][2015-11-19 16:28:56,382][com.java.TestType] [  479] - Test case Id is---1
[INFO ][2015-11-19 16:28:56,382][com.java.TestType] [  481] - 1
[INFO ][2015-11-19 16:28:56,382][com.java.TestType] [  476] -  str(2) = 9
[INFO ][2015-11-19 16:28:56,382][com.java.TestType] [  528] - row values are--------{1=com.java.Objects.TestDataDetails@1c8704e, 2=com.java.Objects.TestDataDetails@1a7ed63, 3=com.java.Objects.TestDataDetails@1dce7a9, 4=com.java.Objects.TestDataDetails@7fbf5a, 5=com.java.Objects.TestDataDetails@1ccb601, 6=com.java.Objects.TestDataDetails@1c97413, 7=com.java.Objects.TestDataDetails@1540673, 8=com.java.Objects.TestDataDetails@4ff48e, 9=com.java.Objects.TestDataDetails@1ff6a3f}
[INFO ][2015-11-19 16:28:56,382][com.java.TestType] [  476] -  str(1) = 1
[INFO ][2015-11-19 16:28:56,382][com.java.TestType] [  479] - Test case Id is---1
[INFO ][2015-11-19 16:28:56,382][com.java.TestType] [  481] - 1
[INFO ][2015-11-19 16:28:56,382][com.java.TestType] [  476] -  str(2) = 10
[INFO ][2015-11-19 16:28:56,382][com.java.TestType] [  528] - row values are--------{1=com.java.Objects.TestDataDetails@1c8704e, 2=com.java.Objects.TestDataDetails@1a7ed63, 3=com.java.Objects.TestDataDetails@1dce7a9, 4=com.java.Objects.TestDataDetails@7fbf5a, 5=com.java.Objects.TestDataDetails@1ccb601, 6=com.java.Objects.TestDataDetails@1c97413, 7=com.java.Objects.TestDataDetails@1540673, 8=com.java.Objects.TestDataDetails@4ff48e, 9=com.java.Objects.TestDataDetails@1ff6a3f, 10=com.java.Objects.TestDataDetails@181f3d1}
[INFO ][2015-11-19 16:28:56,382][com.java.TestType] [  476] -  str(1) = 1
[INFO ][2015-11-19 16:28:56,382][com.java.TestType] [  479] - Test case Id is---1
[INFO ][2015-11-19 16:28:56,382][com.java.TestType] [  481] - 1
[INFO ][2015-11-19 16:28:56,382][com.java.TestType] [  476] -  str(2) = 11
[INFO ][2015-11-19 16:28:56,382][com.java.TestType] [  528] - row values are--------{1=com.java.Objects.TestDataDetails@1c8704e, 2=com.java.Objects.TestDataDetails@1a7ed63, 3=com.java.Objects.TestDataDetails@1dce7a9, 4=com.java.Objects.TestDataDetails@7fbf5a, 5=com.java.Objects.TestDataDetails@1ccb601, 6=com.java.Objects.TestDataDetails@1c97413, 7=com.java.Objects.TestDataDetails@1540673, 8=com.java.Objects.TestDataDetails@4ff48e, 9=com.java.Objects.TestDataDetails@1ff6a3f, 10=com.java.Objects.TestDataDetails@181f3d1, 11=com.java.Objects.TestDataDetails@76db4c}
[INFO ][2015-11-19 16:28:56,382][com.java.TestType] [  476] -  str(1) = 1
[INFO ][2015-11-19 16:28:56,382][com.java.TestType] [  479] - Test case Id is---1
[INFO ][2015-11-19 16:28:56,382][com.java.TestType] [  481] - 1
[INFO ][2015-11-19 16:28:56,392][com.java.TestType] [  476] -  str(2) = 12
[INFO ][2015-11-19 16:28:56,392][com.java.TestType] [  528] - row values are--------{1=com.java.Objects.TestDataDetails@1c8704e, 2=com.java.Objects.TestDataDetails@1a7ed63, 3=com.java.Objects.TestDataDetails@1dce7a9, 4=com.java.Objects.TestDataDetails@7fbf5a, 5=com.java.Objects.TestDataDetails@1ccb601, 6=com.java.Objects.TestDataDetails@1c97413, 7=com.java.Objects.TestDataDetails@1540673, 8=com.java.Objects.TestDataDetails@4ff48e, 9=com.java.Objects.TestDataDetails@1ff6a3f, 10=com.java.Objects.TestDataDetails@181f3d1, 11=com.java.Objects.TestDataDetails@76db4c, 12=com.java.Objects.TestDataDetails@722c90}
[INFO ][2015-11-19 16:28:56,392][com.java.TestType] [  476] -  str(1) = 1
[INFO ][2015-11-19 16:28:56,392][com.java.TestType] [  479] - Test case Id is---1
[INFO ][2015-11-19 16:28:56,392][com.java.TestType] [  481] - 1
[INFO ][2015-11-19 16:28:56,392][com.java.TestType] [  476] -  str(2) = 13
[INFO ][2015-11-19 16:28:56,392][com.java.TestType] [  528] - row values are--------{1=com.java.Objects.TestDataDetails@1c8704e, 2=com.java.Objects.TestDataDetails@1a7ed63, 3=com.java.Objects.TestDataDetails@1dce7a9, 4=com.java.Objects.TestDataDetails@7fbf5a, 5=com.java.Objects.TestDataDetails@1ccb601, 6=com.java.Objects.TestDataDetails@1c97413, 7=com.java.Objects.TestDataDetails@1540673, 8=com.java.Objects.TestDataDetails@4ff48e, 9=com.java.Objects.TestDataDetails@1ff6a3f, 10=com.java.Objects.TestDataDetails@181f3d1, 11=com.java.Objects.TestDataDetails@76db4c, 12=com.java.Objects.TestDataDetails@722c90, 13=com.java.Objects.TestDataDetails@1210267}
[INFO ][2015-11-19 16:28:56,392][com.java.TestType] [  476] -  str(1) = 1
[INFO ][2015-11-19 16:28:56,392][com.java.TestType] [  479] - Test case Id is---1
[INFO ][2015-11-19 16:28:56,392][com.java.TestType] [  481] - 1
[INFO ][2015-11-19 16:28:56,392][com.java.TestType] [  476] -  str(2) = 14
[INFO ][2015-11-19 16:28:56,392][com.java.TestType] [  528] - row values are--------{1=com.java.Objects.TestDataDetails@1c8704e, 2=com.java.Objects.TestDataDetails@1a7ed63, 3=com.java.Objects.TestDataDetails@1dce7a9, 4=com.java.Objects.TestDataDetails@7fbf5a, 5=com.java.Objects.TestDataDetails@1ccb601, 6=com.java.Objects.TestDataDetails@1c97413, 7=com.java.Objects.TestDataDetails@1540673, 8=com.java.Objects.TestDataDetails@4ff48e, 9=com.java.Objects.TestDataDetails@1ff6a3f, 10=com.java.Objects.TestDataDetails@181f3d1, 11=com.java.Objects.TestDataDetails@76db4c, 12=com.java.Objects.TestDataDetails@722c90, 13=com.java.Objects.TestDataDetails@1210267, 14=com.java.Objects.TestDataDetails@144703b}
[INFO ][2015-11-19 16:28:56,392][com.java.TestType] [ 8852] - Looping 1TCID = 1
[DEBUG][2015-11-19 16:28:56,392][com.java.TestType] [ 8893] - Concept ID:1 :: Step being Executed: 1::1
[INFO ][2015-11-19 16:28:56,392][com.java.TestType] [ 8931] - dataFields : TXTusername
[DEBUG][2015-11-19 16:28:56,392][com.java.TestType] [ 8937] - <In Set values of the page>
[DEBUG][2015-11-19 16:28:56,392][com.java.TestType] [ 8942] - {Data Fields & Data Values Exist}
[INFO ][2015-11-19 16:28:56,392][com.java.TestType] [ 8948] - --------------------------setting values-----------------------------
[INFO ][2015-11-19 16:28:56,392][com.java.TestType] [ 8951] - Action Type : CLEARANDENTER
[INFO ][2015-11-19 16:28:56,392][com.java.TestType] [ 4507] - value = naresh.nayini.00000
[INFO ][2015-11-19 16:29:01,224][com.java.TestType] [ 8970] -  RESULT true
[INFO ][2015-11-19 16:29:01,224][com.java.TestType] [ 9087] - ?   P A S S   ?
[DEBUG][2015-11-19 16:29:01,224][com.java.TestType] [ 8893] - Concept ID:1 :: Step being Executed: 1::2
[INFO ][2015-11-19 16:29:01,224][com.java.TestType] [ 8931] - dataFields : TXTpassword
[DEBUG][2015-11-19 16:29:01,224][com.java.TestType] [ 8937] - <In Set values of the page>
[DEBUG][2015-11-19 16:29:01,224][com.java.TestType] [ 8942] - {Data Fields & Data Values Exist}
[INFO ][2015-11-19 16:29:01,224][com.java.TestType] [ 8948] - --------------------------setting values-----------------------------
[INFO ][2015-11-19 16:29:01,224][com.java.TestType] [ 8951] - Action Type : CLEARANDENTER
[INFO ][2015-11-19 16:29:01,224][com.java.TestType] [ 4507] - value = Password1*
[INFO ][2015-11-19 16:29:06,251][com.java.TestType] [ 8970] -  RESULT true
[INFO ][2015-11-19 16:29:06,251][com.java.TestType] [ 9087] - ?   P A S S   ?
[DEBUG][2015-11-19 16:29:06,251][com.java.TestType] [ 8893] - Concept ID:1 :: Step being Executed: 1::3
[ERROR][2015-11-19 16:29:06,251][com.java.TestType] [ 8926] - Exception: null
[INFO ][2015-11-19 16:29:06,251][com.java.TestType] [ 8931] - dataFields : XPH//button[@type='submit']
[DEBUG][2015-11-19 16:29:06,251][com.java.TestType] [ 8937] - <In Set values of the page>
[DEBUG][2015-11-19 16:29:06,251][com.java.TestType] [ 8942] - {Data Fields & Data Values Exist}
[INFO ][2015-11-19 16:29:06,251][com.java.TestType] [ 8948] - --------------------------setting values-----------------------------
[INFO ][2015-11-19 16:29:06,251][com.java.TestType] [ 8951] - Action Type : Click
[INFO ][2015-11-19 16:29:06,251][com.java.TestType] [ 4820] - Field ::XPH//button[@type='submit']
[INFO ][2015-11-19 16:29:07,251][com.java.TestType] [ 4879] - BEFORE CLICK
[INFO ][2015-11-19 16:29:17,291][com.java.TestType] [ 4887] - Unable to click the object Login
[INFO ][2015-11-19 16:29:17,291][com.java.TestType] [ 8970] -  RESULT true
[INFO ][2015-11-19 16:29:17,291][com.java.TestType] [ 9087] - ?   P A S S   ?
[DEBUG][2015-11-19 16:29:17,291][com.java.TestType] [ 8893] - Concept ID:1 :: Step being Executed: 1::4
[INFO ][2015-11-19 16:29:17,291][com.java.TestType] [ 8931] - dataFields : LNKLogout
[DEBUG][2015-11-19 16:29:17,291][com.java.TestType] [ 8937] - <In Set values of the page>
[DEBUG][2015-11-19 16:29:17,291][com.java.TestType] [ 8942] - {Data Fields & Data Values Exist}
[INFO ][2015-11-19 16:29:17,291][com.java.TestType] [ 8948] - --------------------------setting values-----------------------------
[INFO ][2015-11-19 16:29:17,291][com.java.TestType] [ 8951] - Action Type : WaitForElement
[INFO ][2015-11-19 16:29:17,322][com.java.TestType] [ 8970] -  RESULT true
[INFO ][2015-11-19 16:29:17,322][com.java.TestType] [ 9087] - ?   P A S S   ?
[DEBUG][2015-11-19 16:29:17,322][com.java.TestType] [ 8893] - Concept ID:1 :: Step being Executed: 1::13
[INFO ][2015-11-19 16:29:17,322][com.java.TestType] [ 8931] - dataFields : LNK
[DEBUG][2015-11-19 16:29:17,322][com.java.TestType] [ 8937] - <In Set values of the page>
[DEBUG][2015-11-19 16:29:17,322][com.java.TestType] [ 8942] - {Data Fields & Data Values Exist}
[INFO ][2015-11-19 16:29:17,322][com.java.TestType] [ 8948] - --------------------------setting values-----------------------------
[INFO ][2015-11-19 16:29:17,322][com.java.TestType] [ 8951] - Action Type : Verify
[INFO ][2015-11-19 16:29:17,322][com.java.TestType] [ 5614] - field= LNK value= Logout
[INFO ][2015-11-19 16:29:17,322][com.java.TestType] [ 4507] - value = Logout
[INFO ][2015-11-19 16:29:17,352][com.java.TestType] [ 8970] -  RESULT true
[INFO ][2015-11-19 16:29:17,352][com.java.TestType] [ 9087] - ?   P A S S   ?
[DEBUG][2015-11-19 16:29:17,352][com.java.TestType] [ 8893] - Concept ID:1 :: Step being Executed: 1::14
[INFO ][2015-11-19 16:29:17,352][com.java.TestType] [ 8931] - dataFields : BTN
[DEBUG][2015-11-19 16:29:17,352][com.java.TestType] [ 8937] - <In Set values of the page>
[DEBUG][2015-11-19 16:29:17,352][com.java.TestType] [ 8942] - {Data Fields & Data Values Exist}
[INFO ][2015-11-19 16:29:17,352][com.java.TestType] [ 8948] - --------------------------setting values-----------------------------
[INFO ][2015-11-19 16:29:17,352][com.java.TestType] [ 8951] - Action Type : Verify
[INFO ][2015-11-19 16:29:17,352][com.java.TestType] [ 5614] - field= BTN value= //img[contains(@src,'bdlogo.jpg')]
[INFO ][2015-11-19 16:29:17,352][com.java.TestType] [ 4507] - value = //img[contains(@src,'bdlogo.jpg')]
[INFO ][2015-11-19 16:29:17,382][com.java.TestType] [ 8970] -  RESULT true
[INFO ][2015-11-19 16:29:17,382][com.java.TestType] [ 9087] - ?   P A S S   ?
[INFO ][2015-11-19 16:29:17,382][com.java.TestType] [ 9158] - Looping End......
[INFO ][2015-11-19 16:29:17,382][com.java.SeleniumDriver] [  869] -  RESULT true
[INFO ][2015-11-19 16:29:17,382][com.java.SeleniumDriver] [ 1074] - ?   P A S S   ?
[INFO ][2015-11-19 16:29:17,382][com.java.SeleniumDriver] [  796] - ------------------------------------------
[INFO ][2015-11-19 16:29:17,382][com.java.SeleniumDriver] [  797] - Test case being Executed: 22
[INFO ][2015-11-19 16:29:17,382][com.java.SeleniumDriver] [  808] - Test step:3
[INFO ][2015-11-19 16:29:17,382][com.java.SeleniumDriver] [  820] - Datavalue is----------10
[INFO ][2015-11-19 16:29:17,382][com.java.SeleniumDriver] [  844] - DataField : BTNG/L
[INFO ][2015-11-19 16:29:17,382][com.java.SeleniumDriver] [  846] - DataValue : 10
[INFO ][2015-11-19 16:29:17,382][com.java.SeleniumDriver] [  852] - <In Set values of the page>
[INFO ][2015-11-19 16:29:17,382][com.java.SeleniumDriver] [  855] - {Data Fields & Data Values Exist}
[INFO ][2015-11-19 16:29:17,382][com.java.SeleniumDriver] [  857] - --------------------------setting values-----------------------------
[INFO ][2015-11-19 16:29:17,382][com.java.SeleniumDriver] [  860] - Action Type : WAITFORELEMENT
[INFO ][2015-11-19 16:29:17,422][com.java.SeleniumDriver] [  869] -  RESULT true
[INFO ][2015-11-19 16:29:17,422][com.java.SeleniumDriver] [ 1074] - ?   P A S S   ?
[INFO ][2015-11-19 16:29:17,422][com.java.SeleniumDriver] [  796] - ------------------------------------------
[INFO ][2015-11-19 16:29:17,422][com.java.SeleniumDriver] [  797] - Test case being Executed: 22
[INFO ][2015-11-19 16:29:17,422][com.java.SeleniumDriver] [  808] - Test step:4
[INFO ][2015-11-19 16:29:17,422][com.java.SeleniumDriver] [  820] - Datavalue is----------null
[DEBUG][2015-11-19 16:29:17,422][com.java.SeleniumDriver] [  838] - Exception: null
[INFO ][2015-11-19 16:29:17,422][com.java.SeleniumDriver] [  844] - DataField : //span[@class="icon-coin"]&&//a[contains(text(),"Balance Sheet")]&&//a[@data-id="BHistorical"]
[INFO ][2015-11-19 16:29:17,422][com.java.SeleniumDriver] [  846] - DataValue : 
[INFO ][2015-11-19 16:29:17,422][com.java.SeleniumDriver] [  852] - <In Set values of the page>
[INFO ][2015-11-19 16:29:17,422][com.java.SeleniumDriver] [  855] - {Data Fields & Data Values Exist}
[INFO ][2015-11-19 16:29:17,422][com.java.SeleniumDriver] [  857] - --------------------------setting values-----------------------------
[INFO ][2015-11-19 16:29:17,422][com.java.SeleniumDriver] [  860] - Action Type : MOUSEOVER
[INFO ][2015-11-19 16:29:44,119][com.java.SeleniumDriver] [  869] -  RESULT true
[INFO ][2015-11-19 16:29:44,119][com.java.SeleniumDriver] [ 1074] - ?   P A S S   ?
[INFO ][2015-11-19 16:29:44,119][com.java.SeleniumDriver] [  796] - ------------------------------------------
[INFO ][2015-11-19 16:29:44,119][com.java.SeleniumDriver] [  797] - Test case being Executed: 22
[INFO ][2015-11-19 16:29:44,119][com.java.SeleniumDriver] [  808] - Test step:5
[INFO ][2015-11-19 16:29:44,119][com.java.SeleniumDriver] [  820] - Datavalue is----------frameDialogContent
[INFO ][2015-11-19 16:29:44,119][com.java.SeleniumDriver] [  844] - DataField : BTN
[INFO ][2015-11-19 16:29:44,119][com.java.SeleniumDriver] [  846] - DataValue : frameDialogContent
[INFO ][2015-11-19 16:29:44,119][com.java.SeleniumDriver] [  852] - <In Set values of the page>
[INFO ][2015-11-19 16:29:44,119][com.java.SeleniumDriver] [  855] - {Data Fields & Data Values Exist}
[INFO ][2015-11-19 16:29:44,119][com.java.SeleniumDriver] [  857] - --------------------------setting values-----------------------------
[INFO ][2015-11-19 16:29:44,119][com.java.SeleniumDriver] [  860] - Action Type : SELECTFRAMEBYNAME
[INFO ][2015-11-19 16:29:44,119][com.java.TestType] [ 4507] - value = frameDialogContent
[INFO ][2015-11-19 16:29:44,180][com.java.SeleniumDriver] [  869] -  RESULT true
[INFO ][2015-11-19 16:29:44,180][com.java.SeleniumDriver] [ 1074] - ?   P A S S   ?
[INFO ][2015-11-19 16:29:44,180][com.java.SeleniumDriver] [  796] - ------------------------------------------
[INFO ][2015-11-19 16:29:44,180][com.java.SeleniumDriver] [  797] - Test case being Executed: 22
[INFO ][2015-11-19 16:29:44,180][com.java.SeleniumDriver] [  808] - Test step:6
[INFO ][2015-11-19 16:29:44,180][com.java.SeleniumDriver] [  820] - Datavalue is----------10
[INFO ][2015-11-19 16:29:44,180][com.java.SeleniumDriver] [  844] - DataField : XPH//label[@id='lblRange']
[INFO ][2015-11-19 16:29:44,180][com.java.SeleniumDriver] [  846] - DataValue : 10
[INFO ][2015-11-19 16:29:44,180][com.java.SeleniumDriver] [  852] - <In Set values of the page>
[INFO ][2015-11-19 16:29:44,180][com.java.SeleniumDriver] [  855] - {Data Fields & Data Values Exist}
[INFO ][2015-11-19 16:29:44,180][com.java.SeleniumDriver] [  857] - --------------------------setting values-----------------------------
[INFO ][2015-11-19 16:29:44,180][com.java.SeleniumDriver] [  860] - Action Type : WAITFORELEMENT
[INFO ][2015-11-19 16:29:44,230][com.java.SeleniumDriver] [  869] -  RESULT true
[INFO ][2015-11-19 16:29:44,230][com.java.SeleniumDriver] [ 1074] - ?   P A S S   ?
[INFO ][2015-11-19 16:29:44,230][com.java.SeleniumDriver] [  796] - ------------------------------------------
[INFO ][2015-11-19 16:29:44,230][com.java.SeleniumDriver] [  797] - Test case being Executed: 22
[INFO ][2015-11-19 16:29:44,230][com.java.SeleniumDriver] [  808] - Test step:7
[INFO ][2015-11-19 16:29:44,230][com.java.SeleniumDriver] [  820] - Datavalue is----------null
[DEBUG][2015-11-19 16:29:44,230][com.java.SeleniumDriver] [  838] - Exception: null
[INFO ][2015-11-19 16:29:44,230][com.java.SeleniumDriver] [  844] - DataField : XPH//select[@id='ddlRange']
[INFO ][2015-11-19 16:29:44,230][com.java.SeleniumDriver] [  846] - DataValue : 
[INFO ][2015-11-19 16:29:44,230][com.java.SeleniumDriver] [  852] - <In Set values of the page>
[INFO ][2015-11-19 16:29:44,230][com.java.SeleniumDriver] [  855] - {Data Fields & Data Values Exist}
[INFO ][2015-11-19 16:29:44,230][com.java.SeleniumDriver] [  857] - --------------------------setting values-----------------------------
[INFO ][2015-11-19 16:29:44,230][com.java.SeleniumDriver] [  860] - Action Type : CLICK
[INFO ][2015-11-19 16:29:44,230][com.java.TestType] [ 4820] - Field ::XPH//select[@id='ddlRange']
[INFO ][2015-11-19 16:29:45,232][com.java.TestType] [ 4879] - BEFORE CLICK
[INFO ][2015-11-19 16:29:45,972][com.java.TestType] [ 4887] - Unable to click the object click on the dropdwon range
[INFO ][2015-11-19 16:29:45,972][com.java.SeleniumDriver] [  869] -  RESULT true
[INFO ][2015-11-19 16:29:45,972][com.java.SeleniumDriver] [ 1074] - ?   P A S S   ?
[INFO ][2015-11-19 16:29:45,972][com.java.SeleniumDriver] [  796] - ------------------------------------------
[INFO ][2015-11-19 16:29:45,972][com.java.SeleniumDriver] [  797] - Test case being Executed: 22
[INFO ][2015-11-19 16:29:45,972][com.java.SeleniumDriver] [  808] - Test step:8
[INFO ][2015-11-19 16:29:45,972][com.java.SeleniumDriver] [  820] - Datavalue is----------10
[INFO ][2015-11-19 16:29:45,972][com.java.SeleniumDriver] [  844] - DataField : XPH//select[@id='ddlRange']/option[text()='Calendar']
[INFO ][2015-11-19 16:29:45,972][com.java.SeleniumDriver] [  846] - DataValue : 10
[INFO ][2015-11-19 16:29:45,972][com.java.SeleniumDriver] [  852] - <In Set values of the page>
[INFO ][2015-11-19 16:29:45,972][com.java.SeleniumDriver] [  855] - {Data Fields & Data Values Exist}
[INFO ][2015-11-19 16:29:45,972][com.java.SeleniumDriver] [  857] - --------------------------setting values-----------------------------
[INFO ][2015-11-19 16:29:45,972][com.java.SeleniumDriver] [  860] - Action Type : WAITFORELEMENT
[INFO ][2015-11-19 16:29:46,003][com.java.SeleniumDriver] [  869] -  RESULT true
[INFO ][2015-11-19 16:29:46,003][com.java.SeleniumDriver] [ 1074] - ?   P A S S   ?
[INFO ][2015-11-19 16:29:46,003][com.java.SeleniumDriver] [  796] - ------------------------------------------
[INFO ][2015-11-19 16:29:46,003][com.java.SeleniumDriver] [  797] - Test case being Executed: 22
[INFO ][2015-11-19 16:29:46,003][com.java.SeleniumDriver] [  808] - Test step:9
[INFO ][2015-11-19 16:29:46,003][com.java.SeleniumDriver] [  820] - Datavalue is----------null
[DEBUG][2015-11-19 16:29:46,003][com.java.SeleniumDriver] [  838] - Exception: null
[INFO ][2015-11-19 16:29:46,003][com.java.SeleniumDriver] [  844] - DataField : XPH//select[@id='ddlRange']/option[text()='Calendar']
[INFO ][2015-11-19 16:29:46,003][com.java.SeleniumDriver] [  846] - DataValue : 
[INFO ][2015-11-19 16:29:46,003][com.java.SeleniumDriver] [  852] - <In Set values of the page>
[INFO ][2015-11-19 16:29:46,003][com.java.SeleniumDriver] [  855] - {Data Fields & Data Values Exist}
[INFO ][2015-11-19 16:29:46,003][com.java.SeleniumDriver] [  857] - --------------------------setting values-----------------------------
[INFO ][2015-11-19 16:29:46,003][com.java.SeleniumDriver] [  860] - Action Type : CLICK
[INFO ][2015-11-19 16:29:46,003][com.java.TestType] [ 4820] - Field ::XPH//select[@id='ddlRange']/option[text()='Calendar']
[INFO ][2015-11-19 16:29:47,003][com.java.TestType] [ 4879] - BEFORE CLICK
[INFO ][2015-11-19 16:29:47,673][com.java.TestType] [ 4887] - Unable to click the object select the calendar option
[INFO ][2015-11-19 16:29:47,673][com.java.SeleniumDriver] [  869] -  RESULT true
[INFO ][2015-11-19 16:29:47,673][com.java.SeleniumDriver] [ 1074] - ?   P A S S   ?
[INFO ][2015-11-19 16:29:47,673][com.java.SeleniumDriver] [  796] - ------------------------------------------
[INFO ][2015-11-19 16:29:47,673][com.java.SeleniumDriver] [  797] - Test case being Executed: 22
[INFO ][2015-11-19 16:29:47,673][com.java.SeleniumDriver] [  808] - Test step:10
[INFO ][2015-11-19 16:29:47,673][com.java.SeleniumDriver] [  820] - Datavalue is----------null
[DEBUG][2015-11-19 16:29:47,673][com.java.SeleniumDriver] [  838] - Exception: null
[INFO ][2015-11-19 16:29:47,673][com.java.SeleniumDriver] [  844] - DataField : BTNparent
[INFO ][2015-11-19 16:29:47,673][com.java.SeleniumDriver] [  846] - DataValue : 
[INFO ][2015-11-19 16:29:47,673][com.java.SeleniumDriver] [  852] - <In Set values of the page>
[INFO ][2015-11-19 16:29:47,673][com.java.SeleniumDriver] [  855] - {Data Fields & Data Values Exist}
[INFO ][2015-11-19 16:29:47,673][com.java.SeleniumDriver] [  857] - --------------------------setting values-----------------------------
[INFO ][2015-11-19 16:29:47,673][com.java.SeleniumDriver] [  860] - Action Type : SELECTFRAME
[INFO ][2015-11-19 16:29:47,674][com.java.SeleniumDriver] [  869] -  RESULT true
[INFO ][2015-11-19 16:29:47,674][com.java.SeleniumDriver] [ 1074] - ?   P A S S   ?
[INFO ][2015-11-19 16:29:47,674][com.java.SeleniumDriver] [  796] - ------------------------------------------
[INFO ][2015-11-19 16:29:47,674][com.java.SeleniumDriver] [  797] - Test case being Executed: 22
[INFO ][2015-11-19 16:29:47,674][com.java.SeleniumDriver] [  808] - Test step:11
[INFO ][2015-11-19 16:29:47,674][com.java.SeleniumDriver] [  820] - Datavalue is----------date
[INFO ][2015-11-19 16:29:47,674][com.java.SeleniumDriver] [  844] - DataField : SLB//*[@id='ddlDate1']
[INFO ][2015-11-19 16:29:47,674][com.java.SeleniumDriver] [  846] - DataValue : date
[INFO ][2015-11-19 16:29:47,674][com.java.SeleniumDriver] [  852] - <In Set values of the page>
[INFO ][2015-11-19 16:29:47,674][com.java.SeleniumDriver] [  855] - {Data Fields & Data Values Exist}
[INFO ][2015-11-19 16:29:47,674][com.java.SeleniumDriver] [  857] - --------------------------setting values-----------------------------
[INFO ][2015-11-19 16:29:47,674][com.java.SeleniumDriver] [  860] - Action Type : STOREVALUE
[INFO ][2015-11-19 16:29:47,674][com.java.TestType] [ 6740] - field= SLB//*[@id='ddlDate1']
[DEBUG][2015-11-19 16:30:08,302][com.java.TestType] [ 6827] - Error occured while storing the value form:: //*[@id='ddlDate1']
[INFO ][2015-11-19 16:30:08,302][com.java.SeleniumDriver] [  869] -  RESULT false
[INFO ][2015-11-19 16:30:08,302][com.java.SeleniumDriver] [  916] - ?   F A I L   ?
[INFO ][2015-11-19 16:30:08,302][com.java.SeleniumDriver] [  924] - Browser Type : IE10
[INFO ][2015-11-19 16:30:08,302][com.java.SeleniumDriver] [  925] - Adding Failed case22
[INFO ][2015-11-19 16:30:09,003][com.java.SeleniumDriver] [ 1038] - failedCases = 22
[ERROR][2015-11-19 16:30:09,003][com.java.SeleniumDriver] [ 1525] - Platform Errors : Our apologies...::We have encountered an issue with your request.::Our apologies?:We encountered an issue with your request.
[INFO ][2015-11-19 16:30:09,003][com.java.SeleniumDriver] [ 1529] - Length =3
[ERROR][2015-11-19 16:30:09,003][com.java.SeleniumDriver] [ 1532] - Error 0 = Our apologies...
[ERROR][2015-11-19 16:30:09,053][com.java.SeleniumDriver] [ 1532] - Error 1 = We have encountered an issue with your request.
[ERROR][2015-11-19 16:30:09,093][com.java.SeleniumDriver] [ 1532] - Error 2 = Our apologies?:We encountered an issue with your request.
[DEBUG][2015-11-19 16:30:09,133][com.java.SeleniumDriver] [ 1176] - Case found
[DEBUG][2015-11-19 16:30:09,133][com.java.SeleniumDriver] [ 1181] - Incrementing ReportCounters[0]:1
[INFO ][2015-11-19 16:30:09,133][com.java.SeleniumDriver] [ 1200] - The results are-------------------[22, 11, GL: Balance Sheet: Balance Sheet : Modal Dialog, Fail, 
Test case failed at Step No. :: 11   Error Message ::  Error occured while storing the value form:: //*[@id='ddlDate1']. Screen Shot : D:\BankersDashboard\TestReports\111915\22_111915_163008_IE10.png, Thu Nov 19 16:30:09 IST 2015]
[INFO ][2015-11-19 16:30:09,133][com.java.SeleniumDriver] [ 1204] - End time is-------1 min 44 sec
[INFO ][2015-11-19 16:30:09,133][com.java.SeleniumDriver] [ 1205] - The results are-------------------[22, 11, GL: Balance Sheet: Balance Sheet : Modal Dialog, Fail, 
Test case failed at Step No. :: 11   Error Message ::  Error occured while storing the value form:: //*[@id='ddlDate1']. Screen Shot : D:\BankersDashboard\TestReports\111915\22_111915_163008_IE10.png, Thu Nov 19 16:30:09 IST 2015]
[DEBUG][2015-11-19 16:30:09,133][com.java.ImportnExport.ExportTestResultsExcel] [  222] - testResultPath = D:\BankersDashboard/TestReports/Test Results_BankersDashBoard_111915_162826_IE10_Any Bank USA.xls
[DEBUG][2015-11-19 16:30:09,133][com.java.ImportnExport.ExportTestResultsExcel] [  223] - browser is------------IE10
[DEBUG][2015-11-19 16:30:09,183][com.java.ImportnExport.ExportTestResultsExcel] [  270] - result.size() = 6
[DEBUG][2015-11-19 16:30:09,183][com.java.ImportnExport.ExportTestResultsExcel] [  274] - No of rows in sheet=1
[DEBUG][2015-11-19 16:30:09,183][com.java.ImportnExport.ExportTestResultsExcel] [  301] - ..in export..22
[DEBUG][2015-11-19 16:30:09,183][com.java.ImportnExport.ExportTestResultsExcel] [  301] - ..in export..GL: Balance Sheet: Balance Sheet : Modal Dialog
[DEBUG][2015-11-19 16:30:09,183][com.java.ImportnExport.ExportTestResultsExcel] [  301] - ..in export..Fail
[DEBUG][2015-11-19 16:30:09,183][com.java.ImportnExport.ExportTestResultsExcel] [  301] - ..in export..
Test case failed at Step No. :: 11   Error Message ::  Error occured while storing the value form:: //*[@id='ddlDate1']. Screen Shot : D:\BankersDashboard\TestReports\111915\22_111915_163008_IE10.png
[DEBUG][2015-11-19 16:30:09,183][com.java.ImportnExport.ExportTestResultsExcel] [  301] - ..in export..Thu Nov 19 16:30:09 IST 2015
[INFO ][2015-11-19 16:30:09,183][com.java.SeleniumDriver] [ 1263] - out loop:0 size:1 TestCases:[22] testcases:[22]
[INFO ][2015-11-19 16:30:11,183][com.java.SeleniumDriver] [ 1306] - Total Number of Cases:1
[INFO ][2015-11-19 16:30:11,183][com.java.TemplateGenerator] [  302] - Executed:1
[INFO ][2015-11-19 16:30:11,183][com.java.TemplateGenerator] [  303] - Passed:0
[INFO ][2015-11-19 16:30:11,183][com.java.TemplateGenerator] [  304] - Failed:1
[INFO ][2015-11-19 16:30:11,183][com.java.TemplateGenerator] [  305] - Skipeed:0
[INFO ][2015-11-19 16:30:11,183][com.java.TemplateGenerator] [  306] - Application URL:https://clients-xuat.bankersdashboard.com
[INFO ][2015-11-19 16:30:11,183][com.java.TemplateGenerator] [  307] - Start Time:111915_162826
[INFO ][2015-11-19 16:30:11,183][com.java.TemplateGenerator] [  308] -  Creating HTML Report 
[ERROR][2015-11-19 16:30:11,183][com.java.TemplateGenerator] [  409] - Unparseable date: "Thu Nov 19 04:28:26 IST 2015"
[INFO ][2015-11-19 16:30:11,183][com.java.TemplateGenerator] [  654] -  Exporting case :: 22
[INFO ][2015-11-19 16:30:11,183][com.java.SeleniumDriver] [ 1355] - End Time:111915_163011
[INFO ][2015-11-19 16:30:11,183][com.java.SeleniumDriver] [ 1358] - Data in Test Execution Details:{22=FAILTest case failed at Step No. :: 11   Error Message ::  Error occured while storing the value form:: //*[@id='ddlDate1']}
[INFO ][2015-11-19 16:30:11,183][com.java.SeleniumDriver] [ 1359] - Data in Failed Execution Deatils:{}
[INFO ][2015-11-19 16:30:11,183][com.java.SeleniumDriver] [ 1361] - ReportCounter:Total:1 :: PASS: 0 ::FAIL: 1
[INFO ][2015-11-19 16:30:11,183][com.java.SeleniumDriver] [ 1362] - FailedReportCounter:Total:0 :: PASS: 0 ::FAIL: 0
[INFO ][2015-11-19 16:30:11,184][com.java.EmailTestReport] [   63] - Sending report mail details:
[INFO ][2015-11-19 16:30:11,184][com.java.EmailTestReport] [   80] - Excel Report Path:D:\BankersDashboard/TestReports/Test Results_BankersDashBoard_111915_162826_IE10_Any Bank USA.xls
[INFO ][2015-11-19 16:30:11,184][com.java.EmailTestReport] [   81] - HTML Report Path:D:\BankersDashboard//TestReports//Test Results_BankersDashBoard_111915_162826_IE10_Any Bank USA.html
[INFO ][2015-11-19 16:30:11,184][com.java.EmailTestReport] [   82] - smtpHostName:mail01.valuelabs.com
[INFO ][2015-11-19 16:30:11,184][com.java.EmailTestReport] [   83] - Recipient:venkateswararao.gubbala@valuelabs.com;
[INFO ][2015-11-19 16:30:11,184][com.java.EmailTestReport] [   84] - From:venkateswararao.gubbala@valuelabs.com;
[INFO ][2015-11-19 16:30:11,184][com.java.EmailTestReport] [   85] - Subject:Deluxe Corp Bankers Dashboard Automation Test Report - Any Bank USA - IE10
[INFO ][2015-11-19 16:30:11,214][com.java.EmailTestReport] [  143] -  Added venkateswararao.gubbala@valuelabs.com
[INFO ][2015-11-19 16:30:14,324][com.java.SeleniumDriver] [  719] - quitting the browser 
[INFO ][2015-11-19 16:30:15,564][com.java.SeleniumDriver] [  263] - Execution Completed Stopping the thread
