[INFO ][2015-12-14 19:13:45,899][com.java.SeleniumDriver] [  213] - Execute Failed Casesfalse
[INFO ][2015-12-14 19:13:45,899][com.java.SeleniumDriver] [  214] - Browser: IE10
[INFO ][2015-12-14 19:13:45,909][com.java.SeleniumDriver] [  215] - [23]
[INFO ][2015-12-14 19:13:45,909][com.java.SeleniumDriver] [  216] - Total TestCases:1
[INFO ][2015-12-14 19:13:45,909][com.java.SeleniumDriver] [  217] -  Reading Properties from Property File 
[DEBUG][2015-12-14 19:13:45,909][com.java.SeleniumDriver] [  238] - url : https://clients-xuat.bankersdashboard.com
[INFO ][2015-12-14 19:13:45,909][com.java.ImportnExport.ExportTestResultsExcel] [  116] - Time Stamp Mon Dec 14 07:13:45 IST 2015
[INFO ][2015-12-14 19:13:45,909][com.java.ImportnExport.ExportTestResultsExcel] [  175] - OUT FILE : D:\BankersDashboard/TestReports/Test Results_BankersDashBoard_121415_191345_IE10_Any Bank USA.xls
[INFO ][2015-12-14 19:13:45,931][com.java.ImportnExport.ExportTestResultsExcel] [  180] - Test Result file is created
[DEBUG][2015-12-14 19:13:46,031][com.java.SeleniumDriver] [  426] - Hub ip address is-------172.17.68.34
[INFO ][2015-12-14 19:13:46,031][com.java.SeleniumDriver] [  452] - Grid URL:http://172.17.68.34:4444/wd/hub
[INFO ][2015-12-14 19:13:46,031][com.java.SeleniumDriver] [  453] - Capability:Capabilities [{platform=ANY, ensureCleanSession=true, ignoreProtectedModeSettings=true, acceptSslCerts=true, ignoreZoomSetting=true, browserName=internet explorer, browserstack.ie.noFlash=true, version=null}]
[ERROR][2015-12-14 19:13:47,341][com.java.SeleniumDriver] [  497] - Unable invoke browser in grid:Could not start a new session. Possible causes are invalid address of the remote server or browser start-up failure.
Build info: version: '2.48.2', revision: '41bccdd', time: '2015-10-09 19:59:12'
System info: host: 'FVTIII438F1D', ip: '172.17.68.34', os.name: 'Windows 7', os.arch: 'x86', os.version: '6.1', java.version: '1.7.0_55'
Driver info: driver.version: SeleniumDriver
[INFO ][2015-12-14 19:13:47,341][com.java.SeleniumDriver] [  499] - Executing on local machine
[INFO ][2015-12-14 19:13:56,540][com.java.SeleniumDriver] [  248] - IE10is opened
[INFO ][2015-12-14 19:13:57,418][com.java.SeleniumDriver] [  754] - Test cases to be executed are: [23]
[INFO ][2015-12-14 19:13:57,429][com.java.ImportnExport.ImportTestDataDetailsExcel] [   49] - test data details path===== D:\BankersDashboard\TestInputs\TestData.xls
[INFO ][2015-12-14 19:13:57,559][com.java.SeleniumDriver] [  821] - ------------------------------------------
[INFO ][2015-12-14 19:13:57,559][com.java.SeleniumDriver] [  822] - Test case being Executed: 23
[INFO ][2015-12-14 19:13:57,559][com.java.SeleniumDriver] [  833] - Test step:1
[INFO ][2015-12-14 19:13:57,559][com.java.SeleniumDriver] [  845] - Datavalue is----------dt:Logout
[INFO ][2015-12-14 19:13:57,559][com.java.SeleniumDriver] [  869] - DataField : BTN
[INFO ][2015-12-14 19:13:57,559][com.java.SeleniumDriver] [  871] - DataValue : dt:Logout
[INFO ][2015-12-14 19:13:57,559][com.java.SeleniumDriver] [  877] - <In Set values of the page>
[INFO ][2015-12-14 19:13:57,559][com.java.SeleniumDriver] [  880] - {Data Fields & Data Values Exist}
[INFO ][2015-12-14 19:13:57,559][com.java.SeleniumDriver] [  882] - --------------------------setting values-----------------------------
[INFO ][2015-12-14 19:13:57,559][com.java.SeleniumDriver] [  885] - Action Type : Verify
[INFO ][2015-12-14 19:13:57,579][com.java.TestType] [ 6801] - field= BTN value= dt:Logout
[INFO ][2015-12-14 19:13:57,579][com.java.TestType] [ 5495] - ERROR : Unable to find the value for the Parameter 'dt:Logout1' in the Hasp Map.
[INFO ][2015-12-14 19:13:57,579][com.java.TestType] [ 5502] - value = dt:Logout1
[DEBUG][2015-12-14 19:14:33,588][com.java.TestType] [ 6489] - dt:Logout1   :: Element not Found
[ERROR][2015-12-14 19:14:50,585][com.java.TestType] [ 7514] - Assertion Error: 
[INFO ][2015-12-14 19:14:50,585][com.java.SeleniumDriver] [  894] -  RESULT false
[INFO ][2015-12-14 19:14:50,585][com.java.SeleniumDriver] [  941] - ?   F A I L   ?
[INFO ][2015-12-14 19:14:50,585][com.java.SeleniumDriver] [  949] - Browser Type : IE10
[INFO ][2015-12-14 19:14:50,585][com.java.SeleniumDriver] [  950] - Adding Failed case23
[INFO ][2015-12-14 19:14:50,585][com.java.SeleniumDriver] [  969] - Directory Created
[DEBUG][2015-12-14 19:14:51,276][com.java.SeleniumDriver] [ 1018] -  tdd.getCondition() IF:3:Next
[INFO ][2015-12-14 19:14:51,276][com.java.SeleniumDriver] [ 1022] - Continue next step...
[INFO ][2015-12-14 19:14:51,276][com.java.SeleniumDriver] [  821] - ------------------------------------------
[INFO ][2015-12-14 19:14:51,276][com.java.SeleniumDriver] [  822] - Test case being Executed: 23
[INFO ][2015-12-14 19:14:51,276][com.java.SeleniumDriver] [  833] - Test step:2
[INFO ][2015-12-14 19:14:51,276][com.java.SeleniumDriver] [  845] - Datavalue is----------Concept#1:1-14
[INFO ][2015-12-14 19:14:51,276][com.java.SeleniumDriver] [  869] - DataField : test
[INFO ][2015-12-14 19:14:51,276][com.java.SeleniumDriver] [  871] - DataValue : Concept#1:1-14
[INFO ][2015-12-14 19:14:51,276][com.java.SeleniumDriver] [  877] - <In Set values of the page>
[INFO ][2015-12-14 19:14:51,276][com.java.SeleniumDriver] [  880] - {Data Fields & Data Values Exist}
[INFO ][2015-12-14 19:14:51,276][com.java.SeleniumDriver] [  882] - --------------------------setting values-----------------------------
[INFO ][2015-12-14 19:14:51,276][com.java.SeleniumDriver] [  885] - Action Type : ExecuteTestCase
[INFO ][2015-12-14 19:14:51,276][com.java.TestType] [  437] - The Concept sheet name is ---------- Concept
[INFO ][2015-12-14 19:14:51,276][com.java.TestType] [  440] - The Concept ID  is ---------- 1
[DEBUG][2015-12-14 19:14:51,276][com.java.TestType] [  444] - Steps being executted in the Concept are: 1:14
[INFO ][2015-12-14 19:14:51,276][com.java.TestType] [  451] - Test data details path ---------- D:\BankersDashboard\TestInputs\TestData.xls
[INFO ][2015-12-14 19:14:51,306][com.java.TestType] [  482] -  str(1) = 1
[INFO ][2015-12-14 19:14:51,306][com.java.TestType] [  485] - Test case Id is---1
[INFO ][2015-12-14 19:14:51,306][com.java.TestType] [  487] - 1
[INFO ][2015-12-14 19:14:51,306][com.java.TestType] [  482] -  str(2) = 1
[INFO ][2015-12-14 19:14:51,306][com.java.TestType] [  534] - row values are--------{1=com.java.Objects.TestDataDetails@46f8d0}
[INFO ][2015-12-14 19:14:51,306][com.java.TestType] [  482] -  str(1) = 1
[INFO ][2015-12-14 19:14:51,306][com.java.TestType] [  485] - Test case Id is---1
[INFO ][2015-12-14 19:14:51,306][com.java.TestType] [  487] - 1
[INFO ][2015-12-14 19:14:51,306][com.java.TestType] [  482] -  str(2) = 2
[INFO ][2015-12-14 19:14:51,306][com.java.TestType] [  534] - row values are--------{1=com.java.Objects.TestDataDetails@46f8d0, 2=com.java.Objects.TestDataDetails@34037e}
[INFO ][2015-12-14 19:14:51,306][com.java.TestType] [  482] -  str(1) = 1
[INFO ][2015-12-14 19:14:51,306][com.java.TestType] [  485] - Test case Id is---1
[INFO ][2015-12-14 19:14:51,316][com.java.TestType] [  487] - 1
[INFO ][2015-12-14 19:14:51,316][com.java.TestType] [  482] -  str(2) = 3
[INFO ][2015-12-14 19:14:51,316][com.java.TestType] [  534] - row values are--------{1=com.java.Objects.TestDataDetails@46f8d0, 2=com.java.Objects.TestDataDetails@34037e, 3=com.java.Objects.TestDataDetails@10ec203}
[INFO ][2015-12-14 19:14:51,316][com.java.TestType] [  482] -  str(1) = 1
[INFO ][2015-12-14 19:14:51,316][com.java.TestType] [  485] - Test case Id is---1
[INFO ][2015-12-14 19:14:51,316][com.java.TestType] [  487] - 1
[INFO ][2015-12-14 19:14:51,316][com.java.TestType] [  482] -  str(2) = 4
[INFO ][2015-12-14 19:14:51,316][com.java.TestType] [  534] - row values are--------{1=com.java.Objects.TestDataDetails@46f8d0, 2=com.java.Objects.TestDataDetails@34037e, 3=com.java.Objects.TestDataDetails@10ec203, 4=com.java.Objects.TestDataDetails@1c2936}
[INFO ][2015-12-14 19:14:51,316][com.java.TestType] [  482] -  str(1) = 1
[INFO ][2015-12-14 19:14:51,316][com.java.TestType] [  485] - Test case Id is---1
[INFO ][2015-12-14 19:14:51,316][com.java.TestType] [  487] - 1
[INFO ][2015-12-14 19:14:51,316][com.java.TestType] [  482] -  str(2) = 5
[INFO ][2015-12-14 19:14:51,316][com.java.TestType] [  534] - row values are--------{1=com.java.Objects.TestDataDetails@46f8d0, 2=com.java.Objects.TestDataDetails@34037e, 3=com.java.Objects.TestDataDetails@10ec203, 4=com.java.Objects.TestDataDetails@1c2936, 5=com.java.Objects.TestDataDetails@a5586d}
[INFO ][2015-12-14 19:14:51,316][com.java.TestType] [  482] -  str(1) = 1
[INFO ][2015-12-14 19:14:51,316][com.java.TestType] [  485] - Test case Id is---1
[INFO ][2015-12-14 19:14:51,316][com.java.TestType] [  487] - 1
[INFO ][2015-12-14 19:14:51,316][com.java.TestType] [  482] -  str(2) = 6
[INFO ][2015-12-14 19:14:51,316][com.java.TestType] [  534] - row values are--------{1=com.java.Objects.TestDataDetails@46f8d0, 2=com.java.Objects.TestDataDetails@34037e, 3=com.java.Objects.TestDataDetails@10ec203, 4=com.java.Objects.TestDataDetails@1c2936, 5=com.java.Objects.TestDataDetails@a5586d, 6=com.java.Objects.TestDataDetails@4f51e8}
[INFO ][2015-12-14 19:14:51,316][com.java.TestType] [  482] -  str(1) = 1
[INFO ][2015-12-14 19:14:51,316][com.java.TestType] [  485] - Test case Id is---1
[INFO ][2015-12-14 19:14:51,316][com.java.TestType] [  487] - 1
[INFO ][2015-12-14 19:14:51,316][com.java.TestType] [  482] -  str(2) = 7
[INFO ][2015-12-14 19:14:51,316][com.java.TestType] [  534] - row values are--------{1=com.java.Objects.TestDataDetails@46f8d0, 2=com.java.Objects.TestDataDetails@34037e, 3=com.java.Objects.TestDataDetails@10ec203, 4=com.java.Objects.TestDataDetails@1c2936, 5=com.java.Objects.TestDataDetails@a5586d, 6=com.java.Objects.TestDataDetails@4f51e8, 7=com.java.Objects.TestDataDetails@1ec068c}
[INFO ][2015-12-14 19:14:51,316][com.java.TestType] [  482] -  str(1) = 1
[INFO ][2015-12-14 19:14:51,316][com.java.TestType] [  485] - Test case Id is---1
[INFO ][2015-12-14 19:14:51,316][com.java.TestType] [  487] - 1
[INFO ][2015-12-14 19:14:51,316][com.java.TestType] [  482] -  str(2) = 8
[INFO ][2015-12-14 19:14:51,316][com.java.TestType] [  534] - row values are--------{1=com.java.Objects.TestDataDetails@46f8d0, 2=com.java.Objects.TestDataDetails@34037e, 3=com.java.Objects.TestDataDetails@10ec203, 4=com.java.Objects.TestDataDetails@1c2936, 5=com.java.Objects.TestDataDetails@a5586d, 6=com.java.Objects.TestDataDetails@4f51e8, 7=com.java.Objects.TestDataDetails@1ec068c, 8=com.java.Objects.TestDataDetails@321097}
[INFO ][2015-12-14 19:14:51,316][com.java.TestType] [  482] -  str(1) = 1
[INFO ][2015-12-14 19:14:51,316][com.java.TestType] [  485] - Test case Id is---1
[INFO ][2015-12-14 19:14:51,316][com.java.TestType] [  487] - 1
[INFO ][2015-12-14 19:14:51,316][com.java.TestType] [  482] -  str(2) = 9
[INFO ][2015-12-14 19:14:51,316][com.java.TestType] [  534] - row values are--------{1=com.java.Objects.TestDataDetails@46f8d0, 2=com.java.Objects.TestDataDetails@34037e, 3=com.java.Objects.TestDataDetails@10ec203, 4=com.java.Objects.TestDataDetails@1c2936, 5=com.java.Objects.TestDataDetails@a5586d, 6=com.java.Objects.TestDataDetails@4f51e8, 7=com.java.Objects.TestDataDetails@1ec068c, 8=com.java.Objects.TestDataDetails@321097, 9=com.java.Objects.TestDataDetails@1e34235}
[INFO ][2015-12-14 19:14:51,326][com.java.TestType] [  482] -  str(1) = 1
[INFO ][2015-12-14 19:14:51,326][com.java.TestType] [  485] - Test case Id is---1
[INFO ][2015-12-14 19:14:51,326][com.java.TestType] [  487] - 1
[INFO ][2015-12-14 19:14:51,326][com.java.TestType] [  482] -  str(2) = 10
[INFO ][2015-12-14 19:14:51,326][com.java.TestType] [  534] - row values are--------{1=com.java.Objects.TestDataDetails@46f8d0, 2=com.java.Objects.TestDataDetails@34037e, 3=com.java.Objects.TestDataDetails@10ec203, 4=com.java.Objects.TestDataDetails@1c2936, 5=com.java.Objects.TestDataDetails@a5586d, 6=com.java.Objects.TestDataDetails@4f51e8, 7=com.java.Objects.TestDataDetails@1ec068c, 8=com.java.Objects.TestDataDetails@321097, 9=com.java.Objects.TestDataDetails@1e34235, 10=com.java.Objects.TestDataDetails@13278bf}
[INFO ][2015-12-14 19:14:51,326][com.java.TestType] [  482] -  str(1) = 1
[INFO ][2015-12-14 19:14:51,326][com.java.TestType] [  485] - Test case Id is---1
[INFO ][2015-12-14 19:14:51,326][com.java.TestType] [  487] - 1
[INFO ][2015-12-14 19:14:51,326][com.java.TestType] [  482] -  str(2) = 11
[INFO ][2015-12-14 19:14:51,326][com.java.TestType] [  534] - row values are--------{1=com.java.Objects.TestDataDetails@46f8d0, 2=com.java.Objects.TestDataDetails@34037e, 3=com.java.Objects.TestDataDetails@10ec203, 4=com.java.Objects.TestDataDetails@1c2936, 5=com.java.Objects.TestDataDetails@a5586d, 6=com.java.Objects.TestDataDetails@4f51e8, 7=com.java.Objects.TestDataDetails@1ec068c, 8=com.java.Objects.TestDataDetails@321097, 9=com.java.Objects.TestDataDetails@1e34235, 10=com.java.Objects.TestDataDetails@13278bf, 11=com.java.Objects.TestDataDetails@33a21}
[INFO ][2015-12-14 19:14:51,326][com.java.TestType] [  482] -  str(1) = 1
[INFO ][2015-12-14 19:14:51,326][com.java.TestType] [  485] - Test case Id is---1
[INFO ][2015-12-14 19:14:51,326][com.java.TestType] [  487] - 1
[INFO ][2015-12-14 19:14:51,326][com.java.TestType] [  482] -  str(2) = 12
[INFO ][2015-12-14 19:14:51,326][com.java.TestType] [  534] - row values are--------{1=com.java.Objects.TestDataDetails@46f8d0, 2=com.java.Objects.TestDataDetails@34037e, 3=com.java.Objects.TestDataDetails@10ec203, 4=com.java.Objects.TestDataDetails@1c2936, 5=com.java.Objects.TestDataDetails@a5586d, 6=com.java.Objects.TestDataDetails@4f51e8, 7=com.java.Objects.TestDataDetails@1ec068c, 8=com.java.Objects.TestDataDetails@321097, 9=com.java.Objects.TestDataDetails@1e34235, 10=com.java.Objects.TestDataDetails@13278bf, 11=com.java.Objects.TestDataDetails@33a21, 12=com.java.Objects.TestDataDetails@10f3863}
[INFO ][2015-12-14 19:14:51,326][com.java.TestType] [  482] -  str(1) = 1
[INFO ][2015-12-14 19:14:51,326][com.java.TestType] [  485] - Test case Id is---1
[INFO ][2015-12-14 19:14:51,326][com.java.TestType] [  487] - 1
[INFO ][2015-12-14 19:14:51,326][com.java.TestType] [  482] -  str(2) = 13
[INFO ][2015-12-14 19:14:51,326][com.java.TestType] [  534] - row values are--------{1=com.java.Objects.TestDataDetails@46f8d0, 2=com.java.Objects.TestDataDetails@34037e, 3=com.java.Objects.TestDataDetails@10ec203, 4=com.java.Objects.TestDataDetails@1c2936, 5=com.java.Objects.TestDataDetails@a5586d, 6=com.java.Objects.TestDataDetails@4f51e8, 7=com.java.Objects.TestDataDetails@1ec068c, 8=com.java.Objects.TestDataDetails@321097, 9=com.java.Objects.TestDataDetails@1e34235, 10=com.java.Objects.TestDataDetails@13278bf, 11=com.java.Objects.TestDataDetails@33a21, 12=com.java.Objects.TestDataDetails@10f3863, 13=com.java.Objects.TestDataDetails@1c61075}
[INFO ][2015-12-14 19:14:51,326][com.java.TestType] [  482] -  str(1) = 1
[INFO ][2015-12-14 19:14:51,326][com.java.TestType] [  485] - Test case Id is---1
[INFO ][2015-12-14 19:14:51,326][com.java.TestType] [  487] - 1
[INFO ][2015-12-14 19:14:51,326][com.java.TestType] [  482] -  str(2) = 14
[INFO ][2015-12-14 19:14:51,326][com.java.TestType] [  534] - row values are--------{1=com.java.Objects.TestDataDetails@46f8d0, 2=com.java.Objects.TestDataDetails@34037e, 3=com.java.Objects.TestDataDetails@10ec203, 4=com.java.Objects.TestDataDetails@1c2936, 5=com.java.Objects.TestDataDetails@a5586d, 6=com.java.Objects.TestDataDetails@4f51e8, 7=com.java.Objects.TestDataDetails@1ec068c, 8=com.java.Objects.TestDataDetails@321097, 9=com.java.Objects.TestDataDetails@1e34235, 10=com.java.Objects.TestDataDetails@13278bf, 11=com.java.Objects.TestDataDetails@33a21, 12=com.java.Objects.TestDataDetails@10f3863, 13=com.java.Objects.TestDataDetails@1c61075, 14=com.java.Objects.TestDataDetails@e3a004}
[INFO ][2015-12-14 19:14:51,326][com.java.TestType] [10115] - Looping 1TCID = 1
[DEBUG][2015-12-14 19:14:51,326][com.java.TestType] [10156] - Concept ID:1 :: Step being Executed: 1::1
[INFO ][2015-12-14 19:14:51,326][com.java.TestType] [10194] - dataFields : TXTusername
[DEBUG][2015-12-14 19:14:51,326][com.java.TestType] [10200] - <In Set values of the page>
[DEBUG][2015-12-14 19:14:51,326][com.java.TestType] [10205] - {Data Fields & Data Values Exist}
[INFO ][2015-12-14 19:14:51,326][com.java.TestType] [10211] - --------------------------setting values-----------------------------
[INFO ][2015-12-14 19:14:51,326][com.java.TestType] [10214] - Action Type : CLEARANDENTER
[INFO ][2015-12-14 19:14:51,326][com.java.TestType] [ 5502] - value = naresh.nayini.00000
[INFO ][2015-12-14 19:14:56,091][com.java.TestType] [10233] -  RESULT true
[INFO ][2015-12-14 19:14:56,091][com.java.TestType] [10350] - ?   P A S S   ?
[DEBUG][2015-12-14 19:14:56,091][com.java.TestType] [10156] - Concept ID:1 :: Step being Executed: 1::2
[INFO ][2015-12-14 19:14:56,091][com.java.TestType] [10194] - dataFields : TXTpassword
[DEBUG][2015-12-14 19:14:56,091][com.java.TestType] [10200] - <In Set values of the page>
[DEBUG][2015-12-14 19:14:56,091][com.java.TestType] [10205] - {Data Fields & Data Values Exist}
[INFO ][2015-12-14 19:14:56,091][com.java.TestType] [10211] - --------------------------setting values-----------------------------
[INFO ][2015-12-14 19:14:56,091][com.java.TestType] [10214] - Action Type : CLEARANDENTER
[INFO ][2015-12-14 19:14:56,091][com.java.TestType] [ 5502] - value = Password1*
[INFO ][2015-12-14 19:15:00,968][com.java.TestType] [10233] -  RESULT true
[INFO ][2015-12-14 19:15:00,968][com.java.TestType] [10350] - ?   P A S S   ?
[DEBUG][2015-12-14 19:15:00,968][com.java.TestType] [10156] - Concept ID:1 :: Step being Executed: 1::3
[ERROR][2015-12-14 19:15:00,968][com.java.TestType] [10189] - Exception: null
[INFO ][2015-12-14 19:15:00,968][com.java.TestType] [10194] - dataFields : XPH//button[@type='submit']
[DEBUG][2015-12-14 19:15:00,968][com.java.TestType] [10200] - <In Set values of the page>
[DEBUG][2015-12-14 19:15:00,968][com.java.TestType] [10205] - {Data Fields & Data Values Exist}
[INFO ][2015-12-14 19:15:00,968][com.java.TestType] [10211] - --------------------------setting values-----------------------------
[INFO ][2015-12-14 19:15:00,968][com.java.TestType] [10214] - Action Type : Click
[INFO ][2015-12-14 19:15:00,968][com.java.TestType] [ 5858] - Field ::XPH//button[@type='submit']
[INFO ][2015-12-14 19:15:00,968][com.java.TestType] [ 5502] - value = 
[INFO ][2015-12-14 19:15:01,968][com.java.TestType] [ 5995] - BEFORE CLICK
[INFO ][2015-12-14 19:15:02,828][com.java.TestType] [ 6003] - Unable to click the object Login
[INFO ][2015-12-14 19:15:02,828][com.java.TestType] [10233] -  RESULT true
[INFO ][2015-12-14 19:15:02,828][com.java.TestType] [10350] - ?   P A S S   ?
[DEBUG][2015-12-14 19:15:02,828][com.java.TestType] [10156] - Concept ID:1 :: Step being Executed: 1::4
[INFO ][2015-12-14 19:15:02,828][com.java.TestType] [10194] - dataFields : LNKLogout
[DEBUG][2015-12-14 19:15:02,828][com.java.TestType] [10200] - <In Set values of the page>
[DEBUG][2015-12-14 19:15:02,828][com.java.TestType] [10205] - {Data Fields & Data Values Exist}
[INFO ][2015-12-14 19:15:02,828][com.java.TestType] [10211] - --------------------------setting values-----------------------------
[INFO ][2015-12-14 19:15:02,828][com.java.TestType] [10214] - Action Type : WaitForElement
[INFO ][2015-12-14 19:15:14,558][com.java.TestType] [10233] -  RESULT true
[INFO ][2015-12-14 19:15:14,558][com.java.TestType] [10350] - ?   P A S S   ?
[DEBUG][2015-12-14 19:15:14,558][com.java.TestType] [10156] - Concept ID:1 :: Step being Executed: 1::13
[INFO ][2015-12-14 19:15:14,558][com.java.TestType] [10194] - dataFields : LNK
[DEBUG][2015-12-14 19:15:14,558][com.java.TestType] [10200] - <In Set values of the page>
[DEBUG][2015-12-14 19:15:14,558][com.java.TestType] [10205] - {Data Fields & Data Values Exist}
[INFO ][2015-12-14 19:15:14,558][com.java.TestType] [10211] - --------------------------setting values-----------------------------
[INFO ][2015-12-14 19:15:14,558][com.java.TestType] [10214] - Action Type : Verify
[INFO ][2015-12-14 19:15:14,558][com.java.TestType] [ 6801] - field= LNK value= Logout
[INFO ][2015-12-14 19:15:14,558][com.java.TestType] [ 5502] - value = Logout
[INFO ][2015-12-14 19:15:14,589][com.java.TestType] [10233] -  RESULT true
[INFO ][2015-12-14 19:15:14,589][com.java.TestType] [10350] - ?   P A S S   ?
[DEBUG][2015-12-14 19:15:14,589][com.java.TestType] [10156] - Concept ID:1 :: Step being Executed: 1::14
[INFO ][2015-12-14 19:15:14,589][com.java.TestType] [10194] - dataFields : BTN
[DEBUG][2015-12-14 19:15:14,589][com.java.TestType] [10200] - <In Set values of the page>
[DEBUG][2015-12-14 19:15:14,589][com.java.TestType] [10205] - {Data Fields & Data Values Exist}
[INFO ][2015-12-14 19:15:14,589][com.java.TestType] [10211] - --------------------------setting values-----------------------------
[INFO ][2015-12-14 19:15:14,589][com.java.TestType] [10214] - Action Type : Verify
[INFO ][2015-12-14 19:15:14,589][com.java.TestType] [ 6801] - field= BTN value= //img[contains(@src,'bdlogo.jpg')]
[INFO ][2015-12-14 19:15:14,589][com.java.TestType] [ 5502] - value = //img[contains(@src,'bdlogo.jpg')]
[INFO ][2015-12-14 19:15:14,699][com.java.TestType] [10233] -  RESULT true
[INFO ][2015-12-14 19:15:14,699][com.java.TestType] [10350] - ?   P A S S   ?
[INFO ][2015-12-14 19:15:14,699][com.java.TestType] [10421] - Looping End......
[INFO ][2015-12-14 19:15:14,699][com.java.SeleniumDriver] [  894] -  RESULT true
[INFO ][2015-12-14 19:15:14,699][com.java.SeleniumDriver] [ 1100] - ?   P A S S   ?
[INFO ][2015-12-14 19:15:14,699][com.java.SeleniumDriver] [  821] - ------------------------------------------
[INFO ][2015-12-14 19:15:14,699][com.java.SeleniumDriver] [  822] - Test case being Executed: 23
[INFO ][2015-12-14 19:15:14,699][com.java.SeleniumDriver] [  833] - Test step:3
[INFO ][2015-12-14 19:15:14,699][com.java.SeleniumDriver] [  845] - Datavalue is----------Concept#2:1-2
[INFO ][2015-12-14 19:15:14,699][com.java.SeleniumDriver] [  869] - DataField : test
[INFO ][2015-12-14 19:15:14,699][com.java.SeleniumDriver] [  871] - DataValue : Concept#2:1-2
[INFO ][2015-12-14 19:15:14,699][com.java.SeleniumDriver] [  877] - <In Set values of the page>
[INFO ][2015-12-14 19:15:14,699][com.java.SeleniumDriver] [  880] - {Data Fields & Data Values Exist}
[INFO ][2015-12-14 19:15:14,699][com.java.SeleniumDriver] [  882] - --------------------------setting values-----------------------------
[INFO ][2015-12-14 19:15:14,699][com.java.SeleniumDriver] [  885] - Action Type : ExecuteTestCase
[INFO ][2015-12-14 19:15:14,699][com.java.TestType] [  437] - The Concept sheet name is ---------- Concept
[INFO ][2015-12-14 19:15:14,699][com.java.TestType] [  440] - The Concept ID  is ---------- 2
[DEBUG][2015-12-14 19:15:14,699][com.java.TestType] [  444] - Steps being executted in the Concept are: 1:2
[INFO ][2015-12-14 19:15:14,699][com.java.TestType] [  451] - Test data details path ---------- D:\BankersDashboard\TestInputs\TestData.xls
[INFO ][2015-12-14 19:15:14,729][com.java.TestType] [  482] -  str(1) = 2
[INFO ][2015-12-14 19:15:14,729][com.java.TestType] [  485] - Test case Id is---2
[INFO ][2015-12-14 19:15:14,729][com.java.TestType] [  487] - 2
[INFO ][2015-12-14 19:15:14,729][com.java.TestType] [  482] -  str(2) = 1
[INFO ][2015-12-14 19:15:14,729][com.java.TestType] [  534] - row values are--------{1=com.java.Objects.TestDataDetails@78751e}
[INFO ][2015-12-14 19:15:14,729][com.java.TestType] [  482] -  str(1) = 2
[INFO ][2015-12-14 19:15:14,729][com.java.TestType] [  485] - Test case Id is---2
[INFO ][2015-12-14 19:15:14,729][com.java.TestType] [  487] - 2
[INFO ][2015-12-14 19:15:14,729][com.java.TestType] [  482] -  str(2) = 2
[INFO ][2015-12-14 19:15:14,729][com.java.TestType] [  534] - row values are--------{1=com.java.Objects.TestDataDetails@78751e, 2=com.java.Objects.TestDataDetails@784fce}
[INFO ][2015-12-14 19:15:14,729][com.java.TestType] [  482] -  str(1) = 2
[INFO ][2015-12-14 19:15:14,729][com.java.TestType] [  485] - Test case Id is---2
[INFO ][2015-12-14 19:15:14,729][com.java.TestType] [  487] - 2
[INFO ][2015-12-14 19:15:14,729][com.java.TestType] [  482] -  str(2) = 3
[INFO ][2015-12-14 19:15:14,739][com.java.TestType] [  534] - row values are--------{1=com.java.Objects.TestDataDetails@78751e, 2=com.java.Objects.TestDataDetails@784fce, 3=com.java.Objects.TestDataDetails@14584ce}
[INFO ][2015-12-14 19:15:14,739][com.java.TestType] [10115] - Looping 1TCID = 2
[DEBUG][2015-12-14 19:15:14,739][com.java.TestType] [10156] - Concept ID:2 :: Step being Executed: 2::1
[INFO ][2015-12-14 19:15:14,739][com.java.TestType] [10194] - dataFields : BNK//select[@id='bank']
[DEBUG][2015-12-14 19:15:14,739][com.java.TestType] [10200] - <In Set values of the page>
[DEBUG][2015-12-14 19:15:14,739][com.java.TestType] [10205] - {Data Fields & Data Values Exist}
[INFO ][2015-12-14 19:15:14,739][com.java.TestType] [10211] - --------------------------setting values-----------------------------
[INFO ][2015-12-14 19:15:14,739][com.java.TestType] [10214] - Action Type : Select
[INFO ][2015-12-14 19:15:14,739][com.java.TestType] [ 5502] - value = PFC
[INFO ][2015-12-14 19:15:14,974][com.java.TestType] [10233] -  RESULT true
[INFO ][2015-12-14 19:15:14,974][com.java.TestType] [10350] - ?   P A S S   ?
[DEBUG][2015-12-14 19:15:14,974][com.java.TestType] [10156] - Concept ID:2 :: Step being Executed: 2::2
[INFO ][2015-12-14 19:15:14,974][com.java.TestType] [10194] - dataFields : LNKLogout
[DEBUG][2015-12-14 19:15:14,974][com.java.TestType] [10200] - <In Set values of the page>
[DEBUG][2015-12-14 19:15:14,974][com.java.TestType] [10205] - {Data Fields & Data Values Exist}
[INFO ][2015-12-14 19:15:14,974][com.java.TestType] [10211] - --------------------------setting values-----------------------------
[INFO ][2015-12-14 19:15:14,974][com.java.TestType] [10214] - Action Type : WaitTime
[DEBUG][2015-12-14 19:15:14,974][com.java.TestType] [ 5322] - sleepTime: 5000
[INFO ][2015-12-14 19:15:19,994][com.java.TestType] [10233] -  RESULT true
[INFO ][2015-12-14 19:15:19,994][com.java.TestType] [10350] - ?   P A S S   ?
[INFO ][2015-12-14 19:15:19,994][com.java.TestType] [10421] - Looping End......
[INFO ][2015-12-14 19:15:19,994][com.java.SeleniumDriver] [  894] -  RESULT true
[INFO ][2015-12-14 19:15:19,994][com.java.SeleniumDriver] [ 1100] - ?   P A S S   ?
[INFO ][2015-12-14 19:15:19,994][com.java.SeleniumDriver] [  821] - ------------------------------------------
[INFO ][2015-12-14 19:15:19,994][com.java.SeleniumDriver] [  822] - Test case being Executed: 23
[INFO ][2015-12-14 19:15:19,994][com.java.SeleniumDriver] [  833] - Test step:4
[INFO ][2015-12-14 19:15:19,994][com.java.SeleniumDriver] [  845] - Datavalue is----------2
[INFO ][2015-12-14 19:15:19,994][com.java.SeleniumDriver] [  869] - DataField : BTNG/L
[INFO ][2015-12-14 19:15:19,994][com.java.SeleniumDriver] [  871] - DataValue : 2
[INFO ][2015-12-14 19:15:19,994][com.java.SeleniumDriver] [  877] - <In Set values of the page>
[INFO ][2015-12-14 19:15:19,994][com.java.SeleniumDriver] [  880] - {Data Fields & Data Values Exist}
[INFO ][2015-12-14 19:15:19,994][com.java.SeleniumDriver] [  882] - --------------------------setting values-----------------------------
[INFO ][2015-12-14 19:15:19,994][com.java.SeleniumDriver] [  885] - Action Type : WAITFORELEMENT
[INFO ][2015-12-14 19:15:20,035][com.java.SeleniumDriver] [  894] -  RESULT true
[INFO ][2015-12-14 19:15:20,035][com.java.SeleniumDriver] [ 1100] - ?   P A S S   ?
[INFO ][2015-12-14 19:15:20,035][com.java.SeleniumDriver] [  821] - ------------------------------------------
[INFO ][2015-12-14 19:15:20,035][com.java.SeleniumDriver] [  822] - Test case being Executed: 23
[INFO ][2015-12-14 19:15:20,035][com.java.SeleniumDriver] [  833] - Test step:5
[INFO ][2015-12-14 19:15:20,035][com.java.SeleniumDriver] [  845] - Datavalue is----------null
[DEBUG][2015-12-14 19:15:20,035][com.java.SeleniumDriver] [  863] - Exception: null
[INFO ][2015-12-14 19:15:20,035][com.java.SeleniumDriver] [  869] - DataField : //span[@class='icon-hammer']&&//a[text()='Custom Calculations']
[INFO ][2015-12-14 19:15:20,035][com.java.SeleniumDriver] [  871] - DataValue : 
[INFO ][2015-12-14 19:15:20,035][com.java.SeleniumDriver] [  877] - <In Set values of the page>
[INFO ][2015-12-14 19:15:20,035][com.java.SeleniumDriver] [  880] - {Data Fields & Data Values Exist}
[INFO ][2015-12-14 19:15:20,035][com.java.SeleniumDriver] [  882] - --------------------------setting values-----------------------------
[INFO ][2015-12-14 19:15:20,035][com.java.SeleniumDriver] [  885] - Action Type : MOUSEOVER
[INFO ][2015-12-14 19:15:43,007][com.java.SeleniumDriver] [  894] -  RESULT true
[INFO ][2015-12-14 19:15:43,007][com.java.SeleniumDriver] [ 1100] - ?   P A S S   ?
[INFO ][2015-12-14 19:15:43,007][com.java.SeleniumDriver] [  821] - ------------------------------------------
[INFO ][2015-12-14 19:15:43,007][com.java.SeleniumDriver] [  822] - Test case being Executed: 23
[INFO ][2015-12-14 19:15:43,007][com.java.SeleniumDriver] [  833] - Test step:6
[INFO ][2015-12-14 19:15:43,007][com.java.SeleniumDriver] [  845] - Datavalue is----------null
[DEBUG][2015-12-14 19:15:43,007][com.java.SeleniumDriver] [  863] - Exception: null
[INFO ][2015-12-14 19:15:43,007][com.java.SeleniumDriver] [  869] - DataField : BTN//iframe[@class='frameTabContent']
[INFO ][2015-12-14 19:15:43,007][com.java.SeleniumDriver] [  871] - DataValue : 
[INFO ][2015-12-14 19:15:43,007][com.java.SeleniumDriver] [  877] - <In Set values of the page>
[INFO ][2015-12-14 19:15:43,007][com.java.SeleniumDriver] [  880] - {Data Fields & Data Values Exist}
[INFO ][2015-12-14 19:15:43,007][com.java.SeleniumDriver] [  882] - --------------------------setting values-----------------------------
[INFO ][2015-12-14 19:15:43,007][com.java.SeleniumDriver] [  885] - Action Type : SELECTFRAME
[INFO ][2015-12-14 19:15:43,108][com.java.SeleniumDriver] [  894] -  RESULT true
[INFO ][2015-12-14 19:15:43,108][com.java.SeleniumDriver] [ 1100] - ?   P A S S   ?
[INFO ][2015-12-14 19:15:43,108][com.java.SeleniumDriver] [  821] - ------------------------------------------
[INFO ][2015-12-14 19:15:43,108][com.java.SeleniumDriver] [  822] - Test case being Executed: 23
[INFO ][2015-12-14 19:15:43,108][com.java.SeleniumDriver] [  833] - Test step:7
[INFO ][2015-12-14 19:15:43,108][com.java.SeleniumDriver] [  845] - Datavalue is----------Custom Calculations
[INFO ][2015-12-14 19:15:43,108][com.java.SeleniumDriver] [  869] - DataField : MSG
[INFO ][2015-12-14 19:15:43,108][com.java.SeleniumDriver] [  871] - DataValue : Custom Calculations
[INFO ][2015-12-14 19:15:43,108][com.java.SeleniumDriver] [  877] - <In Set values of the page>
[INFO ][2015-12-14 19:15:43,108][com.java.SeleniumDriver] [  880] - {Data Fields & Data Values Exist}
[INFO ][2015-12-14 19:15:43,108][com.java.SeleniumDriver] [  882] - --------------------------setting values-----------------------------
[INFO ][2015-12-14 19:15:43,108][com.java.SeleniumDriver] [  885] - Action Type : VERIFY
[INFO ][2015-12-14 19:15:43,108][com.java.TestType] [ 6801] - field= MSG value= Custom Calculations
[INFO ][2015-12-14 19:15:43,108][com.java.TestType] [ 5502] - value = Custom Calculations
[DEBUG][2015-12-14 19:15:43,108][com.java.TestType] [ 7622] - value :: Custom Calculations
[INFO ][2015-12-14 19:15:43,128][com.java.SeleniumDriver] [  894] -  RESULT true
[INFO ][2015-12-14 19:15:43,128][com.java.SeleniumDriver] [ 1100] - ?   P A S S   ?
[INFO ][2015-12-14 19:15:43,128][com.java.SeleniumDriver] [  821] - ------------------------------------------
[INFO ][2015-12-14 19:15:43,128][com.java.SeleniumDriver] [  822] - Test case being Executed: 23
[INFO ][2015-12-14 19:15:43,128][com.java.SeleniumDriver] [  833] - Test step:8
[INFO ][2015-12-14 19:15:43,128][com.java.SeleniumDriver] [  845] - Datavalue is----------RND$_PRECUSCAL
[INFO ][2015-12-14 19:15:43,128][com.java.SeleniumDriver] [  869] - DataField : TXT//*[contains(@id,'_filter')]/label/input
[INFO ][2015-12-14 19:15:43,128][com.java.SeleniumDriver] [  871] - DataValue : RND$_PRECUSCAL
[INFO ][2015-12-14 19:15:43,128][com.java.SeleniumDriver] [  877] - <In Set values of the page>
[INFO ][2015-12-14 19:15:43,128][com.java.SeleniumDriver] [  880] - {Data Fields & Data Values Exist}
[INFO ][2015-12-14 19:15:43,128][com.java.SeleniumDriver] [  882] - --------------------------setting values-----------------------------
[INFO ][2015-12-14 19:15:43,128][com.java.SeleniumDriver] [  885] - Action Type : CLEARENTER
[DEBUG][2015-12-14 19:15:43,128][com.java.TestType] [  872] - Unable to perform actionTXT//*[contains(@id,'_filter')]/label/input
[ERROR][2015-12-14 19:15:43,128][com.java.TestType] [  873] - Exception: No enum constant com.java.TestType.ActionTypes.CLEARENTER
[INFO ][2015-12-14 19:15:43,128][com.java.SeleniumDriver] [  894] -  RESULT false
[INFO ][2015-12-14 19:15:43,128][com.java.SeleniumDriver] [  941] - ?   F A I L   ?
[INFO ][2015-12-14 19:15:43,128][com.java.SeleniumDriver] [  949] - Browser Type : IE10
[INFO ][2015-12-14 19:15:43,128][com.java.SeleniumDriver] [  950] - Adding Failed case23
[INFO ][2015-12-14 19:15:53,585][com.java.SeleniumDriver] [ 1064] - failedCases = 23
[ERROR][2015-12-14 19:15:53,585][com.java.SeleniumDriver] [ 1561] - Platform Errors : Our apologies...::We have encountered an issue with your request.::Our apologies?:We encountered an issue with your request.
[INFO ][2015-12-14 19:15:53,585][com.java.SeleniumDriver] [ 1565] - Length =3
[ERROR][2015-12-14 19:15:53,585][com.java.SeleniumDriver] [ 1568] - Error 0 = Our apologies...
[ERROR][2015-12-14 19:15:53,616][com.java.SeleniumDriver] [ 1568] - Error 1 = We have encountered an issue with your request.
[ERROR][2015-12-14 19:15:53,626][com.java.SeleniumDriver] [ 1568] - Error 2 = Our apologies?:We encountered an issue with your request.
[INFO ][2015-12-14 19:15:53,636][com.java.SeleniumDriver] [ 1579] - strError:
[DEBUG][2015-12-14 19:15:53,646][com.java.SeleniumDriver] [ 1212] - Case found
[DEBUG][2015-12-14 19:15:53,646][com.java.SeleniumDriver] [ 1217] - Incrementing ReportCounters[0]:1
[INFO ][2015-12-14 19:15:53,646][com.java.SeleniumDriver] [ 1236] - The results are-------------------[23, 8, Customize My Dashboard, Fail, 
Test case failed at Step No. :: 8   Error Message ::  No enum constant com.java.TestType.ActionTypes.CLEARENTER. Screen Shot : D:\BankersDashboard\TestReports\121415\23_121415_191543_IE10.png, Mon Dec 14 19:15:53 IST 2015]
[INFO ][2015-12-14 19:15:53,646][com.java.SeleniumDriver] [ 1240] - End time is-------2 min 9 sec
[INFO ][2015-12-14 19:15:53,646][com.java.SeleniumDriver] [ 1241] - The results are-------------------[23, 8, Customize My Dashboard, Fail, 
Test case failed at Step No. :: 8   Error Message ::  No enum constant com.java.TestType.ActionTypes.CLEARENTER. Screen Shot : D:\BankersDashboard\TestReports\121415\23_121415_191543_IE10.png, Mon Dec 14 19:15:53 IST 2015]
[DEBUG][2015-12-14 19:15:53,646][com.java.ImportnExport.ExportTestResultsExcel] [  222] - testResultPath = D:\BankersDashboard/TestReports/Test Results_BankersDashBoard_121415_191345_IE10_Any Bank USA.xls
[DEBUG][2015-12-14 19:15:53,646][com.java.ImportnExport.ExportTestResultsExcel] [  223] - browser is------------IE10
[DEBUG][2015-12-14 19:15:53,686][com.java.ImportnExport.ExportTestResultsExcel] [  270] - result.size() = 6
[DEBUG][2015-12-14 19:15:53,686][com.java.ImportnExport.ExportTestResultsExcel] [  274] - No of rows in sheet=1
[DEBUG][2015-12-14 19:15:53,686][com.java.ImportnExport.ExportTestResultsExcel] [  301] - ..in export..23
[DEBUG][2015-12-14 19:15:53,686][com.java.ImportnExport.ExportTestResultsExcel] [  301] - ..in export..Customize My Dashboard
[DEBUG][2015-12-14 19:15:53,686][com.java.ImportnExport.ExportTestResultsExcel] [  301] - ..in export..Fail
[DEBUG][2015-12-14 19:15:53,686][com.java.ImportnExport.ExportTestResultsExcel] [  301] - ..in export..
Test case failed at Step No. :: 8   Error Message ::  No enum constant com.java.TestType.ActionTypes.CLEARENTER. Screen Shot : D:\BankersDashboard\TestReports\121415\23_121415_191543_IE10.png
[DEBUG][2015-12-14 19:15:53,686][com.java.ImportnExport.ExportTestResultsExcel] [  301] - ..in export..Mon Dec 14 19:15:53 IST 2015
[INFO ][2015-12-14 19:15:53,686][com.java.SeleniumDriver] [ 1299] - out loop:0 size:1 TestCases:[23] testcases:[23]
[INFO ][2015-12-14 19:15:55,686][com.java.SeleniumDriver] [ 1342] - Total Number of Cases:1
[INFO ][2015-12-14 19:15:55,686][com.java.TemplateGenerator] [  302] - Executed:1
[INFO ][2015-12-14 19:15:55,686][com.java.TemplateGenerator] [  303] - Passed:0
[INFO ][2015-12-14 19:15:55,686][com.java.TemplateGenerator] [  304] - Failed:1
[INFO ][2015-12-14 19:15:55,686][com.java.TemplateGenerator] [  305] - Skipeed:0
[INFO ][2015-12-14 19:15:55,686][com.java.TemplateGenerator] [  306] - Application URL:https://clients-xuat.bankersdashboard.com
[INFO ][2015-12-14 19:15:55,686][com.java.TemplateGenerator] [  307] - Start Time:121415_191345
[INFO ][2015-12-14 19:15:55,686][com.java.TemplateGenerator] [  308] -  Creating HTML Report 
[ERROR][2015-12-14 19:15:55,686][com.java.TemplateGenerator] [  409] - Unparseable date: "Mon Dec 14 07:13:45 IST 2015"
[INFO ][2015-12-14 19:15:55,686][com.java.TemplateGenerator] [  654] -  Exporting case :: 23
[INFO ][2015-12-14 19:15:55,717][com.java.SeleniumDriver] [ 1391] - End Time:121415_191555
[INFO ][2015-12-14 19:15:55,717][com.java.SeleniumDriver] [ 1394] - Data in Test Execution Details:{23=FAILTest case failed at Step No. :: 8   Error Message ::  No enum constant com.java.TestType.ActionTypes.CLEARENTER}
[INFO ][2015-12-14 19:15:55,717][com.java.SeleniumDriver] [ 1395] - Data in Failed Execution Deatils:{}
[INFO ][2015-12-14 19:15:55,717][com.java.SeleniumDriver] [ 1397] - ReportCounter:Total:1 :: PASS: 0 ::FAIL: 1
[INFO ][2015-12-14 19:15:55,717][com.java.SeleniumDriver] [ 1398] - FailedReportCounter:Total:0 :: PASS: 0 ::FAIL: 0
[INFO ][2015-12-14 19:15:55,727][com.java.EmailTestReport] [   63] - Sending report mail details:
[INFO ][2015-12-14 19:15:55,727][com.java.EmailTestReport] [   80] - Excel Report Path:D:\BankersDashboard/TestReports/Test Results_BankersDashBoard_121415_191345_IE10_Any Bank USA.xls
[INFO ][2015-12-14 19:15:55,727][com.java.EmailTestReport] [   81] - HTML Report Path:D:\BankersDashboard//TestReports//Test Results_BankersDashBoard_121415_191345_IE10_Any Bank USA.html
[INFO ][2015-12-14 19:15:55,727][com.java.EmailTestReport] [   82] - smtpHostName:mail01.valuelabs.com
[INFO ][2015-12-14 19:15:55,727][com.java.EmailTestReport] [   83] - Recipient:venkateswararao.gubbala@valuelabs.com;
[INFO ][2015-12-14 19:15:55,727][com.java.EmailTestReport] [   84] - From:venkateswararao.gubbala@valuelabs.com;
[INFO ][2015-12-14 19:15:55,727][com.java.EmailTestReport] [   85] - Subject:Deluxe Corp Bankers Dashboard Automation Test Report - Any Bank USA - IE10
[INFO ][2015-12-14 19:15:55,747][com.java.EmailTestReport] [  143] -  Added venkateswararao.gubbala@valuelabs.com
[INFO ][2015-12-14 19:15:59,177][com.java.SeleniumDriver] [  720] - quitting the browser 
[INFO ][2015-12-14 19:16:01,076][com.java.SeleniumDriver] [  264] - Execution Completed Stopping the thread
