[INFO ][2015-11-19 12:21:48,387][com.java.SeleniumDriver] [  213] - Execute Failed Casesfalse
[INFO ][2015-11-19 12:21:48,387][com.java.SeleniumDriver] [  214] - Browser: IE10
[INFO ][2015-11-19 12:21:48,387][com.java.SeleniumDriver] [  215] - [1, 6]
[INFO ][2015-11-19 12:21:48,387][com.java.SeleniumDriver] [  216] - Total TestCases:2
[INFO ][2015-11-19 12:21:48,387][com.java.SeleniumDriver] [  217] -  Reading Properties from Property File 
[DEBUG][2015-11-19 12:21:48,387][com.java.SeleniumDriver] [  238] - url : https://clients-xuat.bankersdashboard.com
[INFO ][2015-11-19 12:21:48,387][com.java.ImportnExport.ExportTestResultsExcel] [  116] - Time Stamp Thu Nov 19 12:21:48 IST 2015
[INFO ][2015-11-19 12:21:48,387][com.java.ImportnExport.ExportTestResultsExcel] [  175] - OUT FILE : D:\BankersDashboard/TestReports/Test Results_BankersDashBoard_111915_122148_IE10_Simmons First National Bank.xls
[INFO ][2015-11-19 12:21:48,418][com.java.ImportnExport.ExportTestResultsExcel] [  180] - Test Result file is created
[DEBUG][2015-11-19 12:21:48,518][com.java.SeleniumDriver] [  425] - Hub ip address is-------172.17.68.34
[INFO ][2015-11-19 12:21:48,518][com.java.SeleniumDriver] [  451] - Grid URL:http://172.17.68.34:4444/wd/hub
[INFO ][2015-11-19 12:21:48,518][com.java.SeleniumDriver] [  452] - Capability:Capabilities [{platform=ANY, ensureCleanSession=true, ignoreProtectedModeSettings=true, acceptSslCerts=true, ignoreZoomSetting=true, browserName=internet explorer, browserstack.ie.noFlash=true, version=null}]
[ERROR][2015-11-19 12:21:49,808][com.java.SeleniumDriver] [  496] - Unable invoke browser in grid:Could not start a new session. Possible causes are invalid address of the remote server or browser start-up failure.
Build info: version: '2.48.2', revision: '41bccdd', time: '2015-10-09 19:59:12'
System info: host: 'FVTIII438F1D', ip: '172.17.68.34', os.name: 'Windows 7', os.arch: 'x86', os.version: '6.1', java.version: '1.7.0_55'
Driver info: driver.version: SeleniumDriver
[INFO ][2015-11-19 12:21:49,808][com.java.SeleniumDriver] [  498] - Executing on local machine
[INFO ][2015-11-19 12:21:59,163][com.java.SeleniumDriver] [  248] - IE10is opened
[INFO ][2015-11-19 12:21:59,823][com.java.SeleniumDriver] [  753] - Test cases to be executed are: [1, 6]
[INFO ][2015-11-19 12:21:59,824][com.java.ImportnExport.ImportTestDataDetailsExcel] [   49] - test data details path===== D:\BankersDashboard\TestInputs\TestData.xls
[INFO ][2015-11-19 12:21:59,884][com.java.SeleniumDriver] [  796] - ------------------------------------------
[INFO ][2015-11-19 12:21:59,884][com.java.SeleniumDriver] [  797] - Test case being Executed: 1
[INFO ][2015-11-19 12:21:59,884][com.java.SeleniumDriver] [  808] - Test step:1
[INFO ][2015-11-19 12:21:59,884][com.java.SeleniumDriver] [  820] - Datavalue is----------Concept#1:1-14
[INFO ][2015-11-19 12:21:59,884][com.java.SeleniumDriver] [  844] - DataField : test
[INFO ][2015-11-19 12:21:59,884][com.java.SeleniumDriver] [  846] - DataValue : Concept#1:1-14
[INFO ][2015-11-19 12:21:59,884][com.java.SeleniumDriver] [  852] - <In Set values of the page>
[INFO ][2015-11-19 12:21:59,884][com.java.SeleniumDriver] [  855] - {Data Fields & Data Values Exist}
[INFO ][2015-11-19 12:21:59,884][com.java.SeleniumDriver] [  857] - --------------------------setting values-----------------------------
[INFO ][2015-11-19 12:21:59,884][com.java.SeleniumDriver] [  860] - Action Type : ExecuteTestCase
[INFO ][2015-11-19 12:21:59,894][com.java.TestType] [  426] - The Concept sheet name is ---------- Concept
[INFO ][2015-11-19 12:21:59,894][com.java.TestType] [  429] - The Concept ID  is ---------- 1
[DEBUG][2015-11-19 12:21:59,904][com.java.TestType] [  433] - Steps being executted in the Concept are: 1:14
[INFO ][2015-11-19 12:21:59,904][com.java.TestType] [  440] - Test data details path ---------- D:\BankersDashboard\TestInputs\TestData.xls
[INFO ][2015-11-19 12:21:59,934][com.java.TestType] [  471] -  str(1) = 1
[INFO ][2015-11-19 12:21:59,934][com.java.TestType] [  474] - Test case Id is---1
[INFO ][2015-11-19 12:21:59,934][com.java.TestType] [  476] - 1
[INFO ][2015-11-19 12:21:59,934][com.java.TestType] [  471] -  str(2) = 1
[INFO ][2015-11-19 12:21:59,934][com.java.TestType] [  523] - row values are--------{1=com.java.Objects.TestDataDetails@13fce4d}
[INFO ][2015-11-19 12:21:59,934][com.java.TestType] [  471] -  str(1) = 1
[INFO ][2015-11-19 12:21:59,934][com.java.TestType] [  474] - Test case Id is---1
[INFO ][2015-11-19 12:21:59,934][com.java.TestType] [  476] - 1
[INFO ][2015-11-19 12:21:59,934][com.java.TestType] [  471] -  str(2) = 2
[INFO ][2015-11-19 12:21:59,934][com.java.TestType] [  523] - row values are--------{1=com.java.Objects.TestDataDetails@13fce4d, 2=com.java.Objects.TestDataDetails@1921eac}
[INFO ][2015-11-19 12:21:59,934][com.java.TestType] [  471] -  str(1) = 1
[INFO ][2015-11-19 12:21:59,934][com.java.TestType] [  474] - Test case Id is---1
[INFO ][2015-11-19 12:21:59,934][com.java.TestType] [  476] - 1
[INFO ][2015-11-19 12:21:59,934][com.java.TestType] [  471] -  str(2) = 3
[INFO ][2015-11-19 12:21:59,944][com.java.TestType] [  523] - row values are--------{1=com.java.Objects.TestDataDetails@13fce4d, 2=com.java.Objects.TestDataDetails@1921eac, 3=com.java.Objects.TestDataDetails@1c9b12c}
[INFO ][2015-11-19 12:21:59,944][com.java.TestType] [  471] -  str(1) = 1
[INFO ][2015-11-19 12:21:59,944][com.java.TestType] [  474] - Test case Id is---1
[INFO ][2015-11-19 12:21:59,944][com.java.TestType] [  476] - 1
[INFO ][2015-11-19 12:21:59,944][com.java.TestType] [  471] -  str(2) = 4
[INFO ][2015-11-19 12:21:59,944][com.java.TestType] [  523] - row values are--------{1=com.java.Objects.TestDataDetails@13fce4d, 2=com.java.Objects.TestDataDetails@1921eac, 3=com.java.Objects.TestDataDetails@1c9b12c, 4=com.java.Objects.TestDataDetails@1ff9980}
[INFO ][2015-11-19 12:21:59,944][com.java.TestType] [  471] -  str(1) = 1
[INFO ][2015-11-19 12:21:59,944][com.java.TestType] [  474] - Test case Id is---1
[INFO ][2015-11-19 12:21:59,944][com.java.TestType] [  476] - 1
[INFO ][2015-11-19 12:21:59,944][com.java.TestType] [  471] -  str(2) = 5
[INFO ][2015-11-19 12:21:59,944][com.java.TestType] [  523] - row values are--------{1=com.java.Objects.TestDataDetails@13fce4d, 2=com.java.Objects.TestDataDetails@1921eac, 3=com.java.Objects.TestDataDetails@1c9b12c, 4=com.java.Objects.TestDataDetails@1ff9980, 5=com.java.Objects.TestDataDetails@7eaba4}
[INFO ][2015-11-19 12:21:59,944][com.java.TestType] [  471] -  str(1) = 1
[INFO ][2015-11-19 12:21:59,944][com.java.TestType] [  474] - Test case Id is---1
[INFO ][2015-11-19 12:21:59,944][com.java.TestType] [  476] - 1
[INFO ][2015-11-19 12:21:59,944][com.java.TestType] [  471] -  str(2) = 6
[INFO ][2015-11-19 12:21:59,944][com.java.TestType] [  523] - row values are--------{1=com.java.Objects.TestDataDetails@13fce4d, 2=com.java.Objects.TestDataDetails@1921eac, 3=com.java.Objects.TestDataDetails@1c9b12c, 4=com.java.Objects.TestDataDetails@1ff9980, 5=com.java.Objects.TestDataDetails@7eaba4, 6=com.java.Objects.TestDataDetails@1658567}
[INFO ][2015-11-19 12:21:59,944][com.java.TestType] [  471] -  str(1) = 1
[INFO ][2015-11-19 12:21:59,944][com.java.TestType] [  474] - Test case Id is---1
[INFO ][2015-11-19 12:21:59,944][com.java.TestType] [  476] - 1
[INFO ][2015-11-19 12:21:59,944][com.java.TestType] [  471] -  str(2) = 7
[INFO ][2015-11-19 12:21:59,944][com.java.TestType] [  523] - row values are--------{1=com.java.Objects.TestDataDetails@13fce4d, 2=com.java.Objects.TestDataDetails@1921eac, 3=com.java.Objects.TestDataDetails@1c9b12c, 4=com.java.Objects.TestDataDetails@1ff9980, 5=com.java.Objects.TestDataDetails@7eaba4, 6=com.java.Objects.TestDataDetails@1658567, 7=com.java.Objects.TestDataDetails@1b81acf}
[INFO ][2015-11-19 12:21:59,944][com.java.TestType] [  471] -  str(1) = 1
[INFO ][2015-11-19 12:21:59,944][com.java.TestType] [  474] - Test case Id is---1
[INFO ][2015-11-19 12:21:59,944][com.java.TestType] [  476] - 1
[INFO ][2015-11-19 12:21:59,944][com.java.TestType] [  471] -  str(2) = 8
[INFO ][2015-11-19 12:21:59,944][com.java.TestType] [  523] - row values are--------{1=com.java.Objects.TestDataDetails@13fce4d, 2=com.java.Objects.TestDataDetails@1921eac, 3=com.java.Objects.TestDataDetails@1c9b12c, 4=com.java.Objects.TestDataDetails@1ff9980, 5=com.java.Objects.TestDataDetails@7eaba4, 6=com.java.Objects.TestDataDetails@1658567, 7=com.java.Objects.TestDataDetails@1b81acf, 8=com.java.Objects.TestDataDetails@1e244b5}
[INFO ][2015-11-19 12:21:59,944][com.java.TestType] [  471] -  str(1) = 1
[INFO ][2015-11-19 12:21:59,944][com.java.TestType] [  474] - Test case Id is---1
[INFO ][2015-11-19 12:21:59,944][com.java.TestType] [  476] - 1
[INFO ][2015-11-19 12:21:59,944][com.java.TestType] [  471] -  str(2) = 9
[INFO ][2015-11-19 12:21:59,944][com.java.TestType] [  523] - row values are--------{1=com.java.Objects.TestDataDetails@13fce4d, 2=com.java.Objects.TestDataDetails@1921eac, 3=com.java.Objects.TestDataDetails@1c9b12c, 4=com.java.Objects.TestDataDetails@1ff9980, 5=com.java.Objects.TestDataDetails@7eaba4, 6=com.java.Objects.TestDataDetails@1658567, 7=com.java.Objects.TestDataDetails@1b81acf, 8=com.java.Objects.TestDataDetails@1e244b5, 9=com.java.Objects.TestDataDetails@13fba84}
[INFO ][2015-11-19 12:21:59,944][com.java.TestType] [  471] -  str(1) = 1
[INFO ][2015-11-19 12:21:59,944][com.java.TestType] [  474] - Test case Id is---1
[INFO ][2015-11-19 12:21:59,954][com.java.TestType] [  476] - 1
[INFO ][2015-11-19 12:21:59,954][com.java.TestType] [  471] -  str(2) = 10
[INFO ][2015-11-19 12:21:59,954][com.java.TestType] [  523] - row values are--------{1=com.java.Objects.TestDataDetails@13fce4d, 2=com.java.Objects.TestDataDetails@1921eac, 3=com.java.Objects.TestDataDetails@1c9b12c, 4=com.java.Objects.TestDataDetails@1ff9980, 5=com.java.Objects.TestDataDetails@7eaba4, 6=com.java.Objects.TestDataDetails@1658567, 7=com.java.Objects.TestDataDetails@1b81acf, 8=com.java.Objects.TestDataDetails@1e244b5, 9=com.java.Objects.TestDataDetails@13fba84, 10=com.java.Objects.TestDataDetails@1ff8e70}
[INFO ][2015-11-19 12:21:59,954][com.java.TestType] [  471] -  str(1) = 1
[INFO ][2015-11-19 12:21:59,954][com.java.TestType] [  474] - Test case Id is---1
[INFO ][2015-11-19 12:21:59,954][com.java.TestType] [  476] - 1
[INFO ][2015-11-19 12:21:59,954][com.java.TestType] [  471] -  str(2) = 11
[INFO ][2015-11-19 12:21:59,954][com.java.TestType] [  523] - row values are--------{1=com.java.Objects.TestDataDetails@13fce4d, 2=com.java.Objects.TestDataDetails@1921eac, 3=com.java.Objects.TestDataDetails@1c9b12c, 4=com.java.Objects.TestDataDetails@1ff9980, 5=com.java.Objects.TestDataDetails@7eaba4, 6=com.java.Objects.TestDataDetails@1658567, 7=com.java.Objects.TestDataDetails@1b81acf, 8=com.java.Objects.TestDataDetails@1e244b5, 9=com.java.Objects.TestDataDetails@13fba84, 10=com.java.Objects.TestDataDetails@1ff8e70, 11=com.java.Objects.TestDataDetails@1b40e7e}
[INFO ][2015-11-19 12:21:59,954][com.java.TestType] [  471] -  str(1) = 1
[INFO ][2015-11-19 12:21:59,954][com.java.TestType] [  474] - Test case Id is---1
[INFO ][2015-11-19 12:21:59,954][com.java.TestType] [  476] - 1
[INFO ][2015-11-19 12:21:59,954][com.java.TestType] [  471] -  str(2) = 12
[INFO ][2015-11-19 12:21:59,954][com.java.TestType] [  523] - row values are--------{1=com.java.Objects.TestDataDetails@13fce4d, 2=com.java.Objects.TestDataDetails@1921eac, 3=com.java.Objects.TestDataDetails@1c9b12c, 4=com.java.Objects.TestDataDetails@1ff9980, 5=com.java.Objects.TestDataDetails@7eaba4, 6=com.java.Objects.TestDataDetails@1658567, 7=com.java.Objects.TestDataDetails@1b81acf, 8=com.java.Objects.TestDataDetails@1e244b5, 9=com.java.Objects.TestDataDetails@13fba84, 10=com.java.Objects.TestDataDetails@1ff8e70, 11=com.java.Objects.TestDataDetails@1b40e7e, 12=com.java.Objects.TestDataDetails@77d66}
[INFO ][2015-11-19 12:21:59,954][com.java.TestType] [  471] -  str(1) = 1
[INFO ][2015-11-19 12:21:59,954][com.java.TestType] [  474] - Test case Id is---1
[INFO ][2015-11-19 12:21:59,954][com.java.TestType] [  476] - 1
[INFO ][2015-11-19 12:21:59,954][com.java.TestType] [  471] -  str(2) = 13
[INFO ][2015-11-19 12:21:59,954][com.java.TestType] [  523] - row values are--------{1=com.java.Objects.TestDataDetails@13fce4d, 2=com.java.Objects.TestDataDetails@1921eac, 3=com.java.Objects.TestDataDetails@1c9b12c, 4=com.java.Objects.TestDataDetails@1ff9980, 5=com.java.Objects.TestDataDetails@7eaba4, 6=com.java.Objects.TestDataDetails@1658567, 7=com.java.Objects.TestDataDetails@1b81acf, 8=com.java.Objects.TestDataDetails@1e244b5, 9=com.java.Objects.TestDataDetails@13fba84, 10=com.java.Objects.TestDataDetails@1ff8e70, 11=com.java.Objects.TestDataDetails@1b40e7e, 12=com.java.Objects.TestDataDetails@77d66, 13=com.java.Objects.TestDataDetails@19a12cb}
[INFO ][2015-11-19 12:21:59,954][com.java.TestType] [  471] -  str(1) = 1
[INFO ][2015-11-19 12:21:59,954][com.java.TestType] [  474] - Test case Id is---1
[INFO ][2015-11-19 12:21:59,954][com.java.TestType] [  476] - 1
[INFO ][2015-11-19 12:21:59,954][com.java.TestType] [  471] -  str(2) = 14
[INFO ][2015-11-19 12:21:59,954][com.java.TestType] [  523] - row values are--------{1=com.java.Objects.TestDataDetails@13fce4d, 2=com.java.Objects.TestDataDetails@1921eac, 3=com.java.Objects.TestDataDetails@1c9b12c, 4=com.java.Objects.TestDataDetails@1ff9980, 5=com.java.Objects.TestDataDetails@7eaba4, 6=com.java.Objects.TestDataDetails@1658567, 7=com.java.Objects.TestDataDetails@1b81acf, 8=com.java.Objects.TestDataDetails@1e244b5, 9=com.java.Objects.TestDataDetails@13fba84, 10=com.java.Objects.TestDataDetails@1ff8e70, 11=com.java.Objects.TestDataDetails@1b40e7e, 12=com.java.Objects.TestDataDetails@77d66, 13=com.java.Objects.TestDataDetails@19a12cb, 14=com.java.Objects.TestDataDetails@e18cef}
[INFO ][2015-11-19 12:21:59,954][com.java.TestType] [ 8806] - Looping 1TCID = 1
[DEBUG][2015-11-19 12:21:59,954][com.java.TestType] [ 8847] - Concept ID:1 :: Step being Executed: 1::1
[INFO ][2015-11-19 12:21:59,954][com.java.TestType] [ 8885] - dataFields : TXTusername
[DEBUG][2015-11-19 12:21:59,954][com.java.TestType] [ 8891] - <In Set values of the page>
[DEBUG][2015-11-19 12:21:59,954][com.java.TestType] [ 8896] - {Data Fields & Data Values Exist}
[INFO ][2015-11-19 12:21:59,954][com.java.TestType] [ 8902] - --------------------------setting values-----------------------------
[INFO ][2015-11-19 12:21:59,954][com.java.TestType] [ 8905] - Action Type : CLEARANDENTER
[INFO ][2015-11-19 12:21:59,954][com.java.TestType] [ 4461] - value = valuelabs.ie10.03890
[INFO ][2015-11-19 12:22:04,751][com.java.TestType] [ 8924] -  RESULT true
[INFO ][2015-11-19 12:22:04,751][com.java.TestType] [ 9041] - ?   P A S S   ?
[DEBUG][2015-11-19 12:22:04,751][com.java.TestType] [ 8847] - Concept ID:1 :: Step being Executed: 1::2
[INFO ][2015-11-19 12:22:04,751][com.java.TestType] [ 8885] - dataFields : TXTpassword
[DEBUG][2015-11-19 12:22:04,751][com.java.TestType] [ 8891] - <In Set values of the page>
[DEBUG][2015-11-19 12:22:04,751][com.java.TestType] [ 8896] - {Data Fields & Data Values Exist}
[INFO ][2015-11-19 12:22:04,751][com.java.TestType] [ 8902] - --------------------------setting values-----------------------------
[INFO ][2015-11-19 12:22:04,751][com.java.TestType] [ 8905] - Action Type : CLEARANDENTER
[INFO ][2015-11-19 12:22:04,751][com.java.TestType] [ 4461] - value = Password1*
[INFO ][2015-11-19 12:22:09,646][com.java.TestType] [ 8924] -  RESULT true
[INFO ][2015-11-19 12:22:09,646][com.java.TestType] [ 9041] - ?   P A S S   ?
[DEBUG][2015-11-19 12:22:09,646][com.java.TestType] [ 8847] - Concept ID:1 :: Step being Executed: 1::3
[ERROR][2015-11-19 12:22:09,646][com.java.TestType] [ 8880] - Exception: null
[INFO ][2015-11-19 12:22:09,646][com.java.TestType] [ 8885] - dataFields : XPH//button[@type='submit']
[DEBUG][2015-11-19 12:22:09,646][com.java.TestType] [ 8891] - <In Set values of the page>
[DEBUG][2015-11-19 12:22:09,646][com.java.TestType] [ 8896] - {Data Fields & Data Values Exist}
[INFO ][2015-11-19 12:22:09,646][com.java.TestType] [ 8902] - --------------------------setting values-----------------------------
[INFO ][2015-11-19 12:22:09,646][com.java.TestType] [ 8905] - Action Type : Click
[INFO ][2015-11-19 12:22:09,646][com.java.TestType] [ 4774] - Field ::XPH//button[@type='submit']
[INFO ][2015-11-19 12:22:10,646][com.java.TestType] [ 4833] - BEFORE CLICK
[INFO ][2015-11-19 12:22:11,489][com.java.TestType] [ 4841] - Unable to click the object Login
[INFO ][2015-11-19 12:22:11,489][com.java.TestType] [ 8924] -  RESULT true
[INFO ][2015-11-19 12:22:11,489][com.java.TestType] [ 9041] - ?   P A S S   ?
[DEBUG][2015-11-19 12:22:11,489][com.java.TestType] [ 8847] - Concept ID:1 :: Step being Executed: 1::4
[INFO ][2015-11-19 12:22:11,489][com.java.TestType] [ 8885] - dataFields : LNKLogout
[DEBUG][2015-11-19 12:22:11,489][com.java.TestType] [ 8891] - <In Set values of the page>
[DEBUG][2015-11-19 12:22:11,489][com.java.TestType] [ 8896] - {Data Fields & Data Values Exist}
[INFO ][2015-11-19 12:22:11,489][com.java.TestType] [ 8902] - --------------------------setting values-----------------------------
[INFO ][2015-11-19 12:22:11,489][com.java.TestType] [ 8905] - Action Type : WaitForElement
[INFO ][2015-11-19 12:22:28,981][com.java.TestType] [ 8924] -  RESULT true
[INFO ][2015-11-19 12:22:28,981][com.java.TestType] [ 9041] - ?   P A S S   ?
[DEBUG][2015-11-19 12:22:28,981][com.java.TestType] [ 8847] - Concept ID:1 :: Step being Executed: 1::13
[INFO ][2015-11-19 12:22:28,981][com.java.TestType] [ 8885] - dataFields : LNK
[DEBUG][2015-11-19 12:22:28,981][com.java.TestType] [ 8891] - <In Set values of the page>
[DEBUG][2015-11-19 12:22:28,981][com.java.TestType] [ 8896] - {Data Fields & Data Values Exist}
[INFO ][2015-11-19 12:22:28,981][com.java.TestType] [ 8902] - --------------------------setting values-----------------------------
[INFO ][2015-11-19 12:22:28,981][com.java.TestType] [ 8905] - Action Type : Verify
[INFO ][2015-11-19 12:22:28,981][com.java.TestType] [ 5568] - field= LNK value= Logout
[INFO ][2015-11-19 12:22:28,981][com.java.TestType] [ 4461] - value = Logout
[INFO ][2015-11-19 12:22:29,012][com.java.TestType] [ 8924] -  RESULT true
[INFO ][2015-11-19 12:22:29,012][com.java.TestType] [ 9041] - ?   P A S S   ?
[DEBUG][2015-11-19 12:22:29,012][com.java.TestType] [ 8847] - Concept ID:1 :: Step being Executed: 1::14
[INFO ][2015-11-19 12:22:29,012][com.java.TestType] [ 8885] - dataFields : BTN
[DEBUG][2015-11-19 12:22:29,012][com.java.TestType] [ 8891] - <In Set values of the page>
[DEBUG][2015-11-19 12:22:29,012][com.java.TestType] [ 8896] - {Data Fields & Data Values Exist}
[INFO ][2015-11-19 12:22:29,012][com.java.TestType] [ 8902] - --------------------------setting values-----------------------------
[INFO ][2015-11-19 12:22:29,012][com.java.TestType] [ 8905] - Action Type : Verify
[INFO ][2015-11-19 12:22:29,012][com.java.TestType] [ 5568] - field= BTN value= //img[contains(@src,'bdlogo.jpg')]
[INFO ][2015-11-19 12:22:29,012][com.java.TestType] [ 4461] - value = //img[contains(@src,'bdlogo.jpg')]
[INFO ][2015-11-19 12:22:29,042][com.java.TestType] [ 8924] -  RESULT true
[INFO ][2015-11-19 12:22:29,042][com.java.TestType] [ 9041] - ?   P A S S   ?
[INFO ][2015-11-19 12:22:29,042][com.java.TestType] [ 9112] - Looping End......
[INFO ][2015-11-19 12:22:29,042][com.java.SeleniumDriver] [  869] -  RESULT true
[INFO ][2015-11-19 12:22:29,042][com.java.SeleniumDriver] [ 1074] - ?   P A S S   ?
[INFO ][2015-11-19 12:22:29,042][com.java.SeleniumDriver] [  796] - ------------------------------------------
[INFO ][2015-11-19 12:22:29,042][com.java.SeleniumDriver] [  797] - Test case being Executed: 1
[INFO ][2015-11-19 12:22:29,042][com.java.SeleniumDriver] [  808] - Test step:2
[INFO ][2015-11-19 12:22:29,042][com.java.SeleniumDriver] [  820] - Datavalue is----------Concept#2:1-2
[INFO ][2015-11-19 12:22:29,042][com.java.SeleniumDriver] [  844] - DataField : test
[INFO ][2015-11-19 12:22:29,042][com.java.SeleniumDriver] [  846] - DataValue : Concept#2:1-2
[INFO ][2015-11-19 12:22:29,042][com.java.SeleniumDriver] [  852] - <In Set values of the page>
[INFO ][2015-11-19 12:22:29,042][com.java.SeleniumDriver] [  855] - {Data Fields & Data Values Exist}
[INFO ][2015-11-19 12:22:29,042][com.java.SeleniumDriver] [  857] - --------------------------setting values-----------------------------
[INFO ][2015-11-19 12:22:29,042][com.java.SeleniumDriver] [  860] - Action Type : ExecuteTestCase
[INFO ][2015-11-19 12:22:29,042][com.java.TestType] [  426] - The Concept sheet name is ---------- Concept
[INFO ][2015-11-19 12:22:29,042][com.java.TestType] [  429] - The Concept ID  is ---------- 2
[DEBUG][2015-11-19 12:22:29,042][com.java.TestType] [  433] - Steps being executted in the Concept are: 1:2
[INFO ][2015-11-19 12:22:29,042][com.java.TestType] [  440] - Test data details path ---------- D:\BankersDashboard\TestInputs\TestData.xls
[INFO ][2015-11-19 12:22:29,322][com.java.TestType] [  471] -  str(1) = 2
[INFO ][2015-11-19 12:22:29,322][com.java.TestType] [  474] - Test case Id is---2
[INFO ][2015-11-19 12:22:29,322][com.java.TestType] [  476] - 2
[INFO ][2015-11-19 12:22:29,322][com.java.TestType] [  471] -  str(2) = 1
[INFO ][2015-11-19 12:22:29,322][com.java.TestType] [  523] - row values are--------{1=com.java.Objects.TestDataDetails@1b393a0}
[INFO ][2015-11-19 12:22:29,322][com.java.TestType] [  471] -  str(1) = 2
[INFO ][2015-11-19 12:22:29,322][com.java.TestType] [  474] - Test case Id is---2
[INFO ][2015-11-19 12:22:29,322][com.java.TestType] [  476] - 2
[INFO ][2015-11-19 12:22:29,322][com.java.TestType] [  471] -  str(2) = 2
[INFO ][2015-11-19 12:22:29,322][com.java.TestType] [  523] - row values are--------{1=com.java.Objects.TestDataDetails@1b393a0, 2=com.java.Objects.TestDataDetails@20f49e}
[INFO ][2015-11-19 12:22:29,322][com.java.TestType] [  471] -  str(1) = 2
[INFO ][2015-11-19 12:22:29,322][com.java.TestType] [  474] - Test case Id is---2
[INFO ][2015-11-19 12:22:29,322][com.java.TestType] [  476] - 2
[INFO ][2015-11-19 12:22:29,322][com.java.TestType] [  471] -  str(2) = 3
[INFO ][2015-11-19 12:22:29,322][com.java.TestType] [  523] - row values are--------{1=com.java.Objects.TestDataDetails@1b393a0, 2=com.java.Objects.TestDataDetails@20f49e, 3=com.java.Objects.TestDataDetails@19bc302}
[INFO ][2015-11-19 12:22:29,322][com.java.TestType] [ 8806] - Looping 1TCID = 2
[DEBUG][2015-11-19 12:22:29,322][com.java.TestType] [ 8847] - Concept ID:2 :: Step being Executed: 2::1
[INFO ][2015-11-19 12:22:29,322][com.java.TestType] [ 8885] - dataFields : BNK//select[@id='bank']
[DEBUG][2015-11-19 12:22:29,332][com.java.TestType] [ 8891] - <In Set values of the page>
[DEBUG][2015-11-19 12:22:29,332][com.java.TestType] [ 8896] - {Data Fields & Data Values Exist}
[INFO ][2015-11-19 12:22:29,332][com.java.TestType] [ 8902] - --------------------------setting values-----------------------------
[INFO ][2015-11-19 12:22:29,332][com.java.TestType] [ 8905] - Action Type : Select
[INFO ][2015-11-19 12:22:29,332][com.java.TestType] [ 4461] - value = PFC
[INFO ][2015-11-19 12:22:29,610][com.java.TestType] [ 8924] -  RESULT true
[INFO ][2015-11-19 12:22:29,610][com.java.TestType] [ 9041] - ?   P A S S   ?
[DEBUG][2015-11-19 12:22:29,610][com.java.TestType] [ 8847] - Concept ID:2 :: Step being Executed: 2::2
[INFO ][2015-11-19 12:22:29,610][com.java.TestType] [ 8885] - dataFields : LNKLogout
[DEBUG][2015-11-19 12:22:29,610][com.java.TestType] [ 8891] - <In Set values of the page>
[DEBUG][2015-11-19 12:22:29,610][com.java.TestType] [ 8896] - {Data Fields & Data Values Exist}
[INFO ][2015-11-19 12:22:29,610][com.java.TestType] [ 8902] - --------------------------setting values-----------------------------
[INFO ][2015-11-19 12:22:29,610][com.java.TestType] [ 8905] - Action Type : WaitTime
[DEBUG][2015-11-19 12:22:29,610][com.java.TestType] [ 4296] - sleepTime: 5000
[INFO ][2015-11-19 12:22:34,610][com.java.TestType] [ 8924] -  RESULT true
[INFO ][2015-11-19 12:22:34,610][com.java.TestType] [ 9041] - ?   P A S S   ?
[INFO ][2015-11-19 12:22:34,610][com.java.TestType] [ 9112] - Looping End......
[INFO ][2015-11-19 12:22:34,610][com.java.SeleniumDriver] [  869] -  RESULT true
[INFO ][2015-11-19 12:22:34,610][com.java.SeleniumDriver] [ 1074] - ?   P A S S   ?
[INFO ][2015-11-19 12:22:34,610][com.java.SeleniumDriver] [  796] - ------------------------------------------
[INFO ][2015-11-19 12:22:34,610][com.java.SeleniumDriver] [  797] - Test case being Executed: 1
[INFO ][2015-11-19 12:22:34,610][com.java.SeleniumDriver] [  808] - Test step:3
[INFO ][2015-11-19 12:22:34,610][com.java.SeleniumDriver] [  820] - Datavalue is----------2
[INFO ][2015-11-19 12:22:34,610][com.java.SeleniumDriver] [  844] - DataField : XPH//button[contains(text(),'Add Content')]
[INFO ][2015-11-19 12:22:34,610][com.java.SeleniumDriver] [  846] - DataValue : 2
[INFO ][2015-11-19 12:22:34,610][com.java.SeleniumDriver] [  852] - <In Set values of the page>
[INFO ][2015-11-19 12:22:34,610][com.java.SeleniumDriver] [  855] - {Data Fields & Data Values Exist}
[INFO ][2015-11-19 12:22:34,610][com.java.SeleniumDriver] [  857] - --------------------------setting values-----------------------------
[INFO ][2015-11-19 12:22:34,610][com.java.SeleniumDriver] [  860] - Action Type : WAITFORELEMENT
[INFO ][2015-11-19 12:22:34,641][com.java.SeleniumDriver] [  869] -  RESULT true
[INFO ][2015-11-19 12:22:34,641][com.java.SeleniumDriver] [ 1074] - ?   P A S S   ?
[DEBUG][2015-11-19 12:22:34,641][com.java.SeleniumDriver] [ 1176] - Case found
[DEBUG][2015-11-19 12:22:34,641][com.java.SeleniumDriver] [ 1181] - Incrementing ReportCounters[0]:1
[INFO ][2015-11-19 12:22:34,641][com.java.SeleniumDriver] [ 1200] - The results are-------------------[1, 1, Valid Login, Pass, , Thu Nov 19 12:22:29 IST 2015, 1, 2, Valid Login, Pass, , Thu Nov 19 12:22:34 IST 2015, 1, 3, Valid Login, Pass, , Thu Nov 19 12:22:34 IST 2015]
[INFO ][2015-11-19 12:22:34,641][com.java.SeleniumDriver] [ 1204] - End time is-------48 sec
[INFO ][2015-11-19 12:22:34,641][com.java.SeleniumDriver] [ 1205] - The results are-------------------[1, 1, Valid Login, Pass, , Thu Nov 19 12:22:29 IST 2015, 1, 2, Valid Login, Pass, , Thu Nov 19 12:22:34 IST 2015, 1, 3, Valid Login, Pass, , Thu Nov 19 12:22:34 IST 2015]
[DEBUG][2015-11-19 12:22:34,641][com.java.ImportnExport.ExportTestResultsExcel] [  222] - testResultPath = D:\BankersDashboard/TestReports/Test Results_BankersDashBoard_111915_122148_IE10_Simmons First National Bank.xls
[DEBUG][2015-11-19 12:22:34,641][com.java.ImportnExport.ExportTestResultsExcel] [  223] - browser is------------IE10
[DEBUG][2015-11-19 12:22:34,681][com.java.ImportnExport.ExportTestResultsExcel] [  270] - result.size() = 18
[DEBUG][2015-11-19 12:22:34,681][com.java.ImportnExport.ExportTestResultsExcel] [  274] - No of rows in sheet=1
[DEBUG][2015-11-19 12:22:34,681][com.java.ImportnExport.ExportTestResultsExcel] [  301] - ..in export..1
[DEBUG][2015-11-19 12:22:34,681][com.java.ImportnExport.ExportTestResultsExcel] [  301] - ..in export..Valid Login
[DEBUG][2015-11-19 12:22:34,681][com.java.ImportnExport.ExportTestResultsExcel] [  301] - ..in export..Pass
[DEBUG][2015-11-19 12:22:34,681][com.java.ImportnExport.ExportTestResultsExcel] [  301] - ..in export..
[DEBUG][2015-11-19 12:22:34,681][com.java.ImportnExport.ExportTestResultsExcel] [  301] - ..in export..Thu Nov 19 12:22:29 IST 2015
[INFO ][2015-11-19 12:22:34,681][com.java.SeleniumDriver] [ 1263] - out loop:0 size:2 TestCases:[1, 6] testcases:[1, 6]
[INFO ][2015-11-19 12:22:34,681][com.java.ImportnExport.ImportTestDataDetailsExcel] [   49] - test data details path===== D:\BankersDashboard\TestInputs\TestData.xls
[INFO ][2015-11-19 12:23:30,432][com.java.SeleniumDriver] [  796] - ------------------------------------------
[INFO ][2015-11-19 12:23:30,432][com.java.SeleniumDriver] [  797] - Test case being Executed: 6
[INFO ][2015-11-19 12:23:30,432][com.java.SeleniumDriver] [  808] - Test step:1
[INFO ][2015-11-19 12:23:30,432][com.java.SeleniumDriver] [  820] - Datavalue is----------Logout
[INFO ][2015-11-19 12:23:30,432][com.java.SeleniumDriver] [  844] - DataField : BTN
[INFO ][2015-11-19 12:23:30,432][com.java.SeleniumDriver] [  846] - DataValue : Logout
[INFO ][2015-11-19 12:23:30,432][com.java.SeleniumDriver] [  852] - <In Set values of the page>
[INFO ][2015-11-19 12:23:30,432][com.java.SeleniumDriver] [  855] - {Data Fields & Data Values Exist}
[INFO ][2015-11-19 12:23:30,432][com.java.SeleniumDriver] [  857] - --------------------------setting values-----------------------------
[INFO ][2015-11-19 12:23:30,432][com.java.SeleniumDriver] [  860] - Action Type : Verify
[INFO ][2015-11-19 12:23:30,432][com.java.TestType] [ 5568] - field= BTN value= Logout
[INFO ][2015-11-19 12:23:30,432][com.java.TestType] [ 4461] - value = Logout
[INFO ][2015-11-19 12:23:30,463][com.java.SeleniumDriver] [  869] -  RESULT true
[INFO ][2015-11-19 12:23:30,463][com.java.SeleniumDriver] [ 1074] - ?   P A S S   ?
[INFO ][2015-11-19 12:23:30,463][com.java.SeleniumDriver] [ 1116] - step change to 3
[INFO ][2015-11-19 12:23:30,463][com.java.SeleniumDriver] [  796] - ------------------------------------------
[INFO ][2015-11-19 12:23:30,463][com.java.SeleniumDriver] [  797] - Test case being Executed: 6
[INFO ][2015-11-19 12:23:30,463][com.java.SeleniumDriver] [  808] - Test step:3
[INFO ][2015-11-19 12:23:30,463][com.java.SeleniumDriver] [  820] - Datavalue is----------Concept#2:1-2
[INFO ][2015-11-19 12:23:30,463][com.java.SeleniumDriver] [  844] - DataField : test
[INFO ][2015-11-19 12:23:30,463][com.java.SeleniumDriver] [  846] - DataValue : Concept#2:1-2
[INFO ][2015-11-19 12:23:30,463][com.java.SeleniumDriver] [  852] - <In Set values of the page>
[INFO ][2015-11-19 12:23:30,463][com.java.SeleniumDriver] [  855] - {Data Fields & Data Values Exist}
[INFO ][2015-11-19 12:23:30,463][com.java.SeleniumDriver] [  857] - --------------------------setting values-----------------------------
[INFO ][2015-11-19 12:23:30,463][com.java.SeleniumDriver] [  860] - Action Type : ExecuteTestCase
[INFO ][2015-11-19 12:23:30,463][com.java.TestType] [  426] - The Concept sheet name is ---------- Concept
[INFO ][2015-11-19 12:23:30,463][com.java.TestType] [  429] - The Concept ID  is ---------- 2
[DEBUG][2015-11-19 12:23:30,463][com.java.TestType] [  433] - Steps being executted in the Concept are: 1:2
[INFO ][2015-11-19 12:23:30,463][com.java.TestType] [  440] - Test data details path ---------- D:\BankersDashboard\TestInputs\TestData.xls
[INFO ][2015-11-19 12:23:30,493][com.java.TestType] [  471] -  str(1) = 2
[INFO ][2015-11-19 12:23:30,493][com.java.TestType] [  474] - Test case Id is---2
[INFO ][2015-11-19 12:23:30,493][com.java.TestType] [  476] - 2
[INFO ][2015-11-19 12:23:30,493][com.java.TestType] [  471] -  str(2) = 1
[INFO ][2015-11-19 12:23:30,493][com.java.TestType] [  523] - row values are--------{1=com.java.Objects.TestDataDetails@ee6618}
[INFO ][2015-11-19 12:23:30,493][com.java.TestType] [  471] -  str(1) = 2
[INFO ][2015-11-19 12:23:30,493][com.java.TestType] [  474] - Test case Id is---2
[INFO ][2015-11-19 12:23:30,493][com.java.TestType] [  476] - 2
[INFO ][2015-11-19 12:23:30,493][com.java.TestType] [  471] -  str(2) = 2
[INFO ][2015-11-19 12:23:30,493][com.java.TestType] [  523] - row values are--------{1=com.java.Objects.TestDataDetails@ee6618, 2=com.java.Objects.TestDataDetails@e6ecc0}
[INFO ][2015-11-19 12:23:30,493][com.java.TestType] [  471] -  str(1) = 2
[INFO ][2015-11-19 12:23:30,493][com.java.TestType] [  474] - Test case Id is---2
[INFO ][2015-11-19 12:23:30,493][com.java.TestType] [  476] - 2
[INFO ][2015-11-19 12:23:30,493][com.java.TestType] [  471] -  str(2) = 3
[INFO ][2015-11-19 12:23:30,493][com.java.TestType] [  523] - row values are--------{1=com.java.Objects.TestDataDetails@ee6618, 2=com.java.Objects.TestDataDetails@e6ecc0, 3=com.java.Objects.TestDataDetails@7ae138}
[INFO ][2015-11-19 12:23:30,493][com.java.TestType] [ 8806] - Looping 1TCID = 2
[DEBUG][2015-11-19 12:23:30,493][com.java.TestType] [ 8847] - Concept ID:2 :: Step being Executed: 2::1
[INFO ][2015-11-19 12:23:30,493][com.java.TestType] [ 8885] - dataFields : BNK//select[@id='bank']
[DEBUG][2015-11-19 12:23:30,493][com.java.TestType] [ 8891] - <In Set values of the page>
[DEBUG][2015-11-19 12:23:30,493][com.java.TestType] [ 8896] - {Data Fields & Data Values Exist}
[INFO ][2015-11-19 12:23:30,493][com.java.TestType] [ 8902] - --------------------------setting values-----------------------------
[INFO ][2015-11-19 12:23:30,493][com.java.TestType] [ 8905] - Action Type : Select
[INFO ][2015-11-19 12:23:30,493][com.java.TestType] [ 4461] - value = PFC
[INFO ][2015-11-19 12:23:30,781][com.java.TestType] [ 8924] -  RESULT true
[INFO ][2015-11-19 12:23:30,781][com.java.TestType] [ 9041] - ?   P A S S   ?
[DEBUG][2015-11-19 12:23:30,781][com.java.TestType] [ 8847] - Concept ID:2 :: Step being Executed: 2::2
[INFO ][2015-11-19 12:23:30,781][com.java.TestType] [ 8885] - dataFields : LNKLogout
[DEBUG][2015-11-19 12:23:30,781][com.java.TestType] [ 8891] - <In Set values of the page>
[DEBUG][2015-11-19 12:23:30,781][com.java.TestType] [ 8896] - {Data Fields & Data Values Exist}
[INFO ][2015-11-19 12:23:30,781][com.java.TestType] [ 8902] - --------------------------setting values-----------------------------
[INFO ][2015-11-19 12:23:30,781][com.java.TestType] [ 8905] - Action Type : WaitTime
[DEBUG][2015-11-19 12:23:30,781][com.java.TestType] [ 4296] - sleepTime: 5000
[INFO ][2015-11-19 12:23:35,781][com.java.TestType] [ 8924] -  RESULT true
[INFO ][2015-11-19 12:23:35,781][com.java.TestType] [ 9041] - ?   P A S S   ?
[INFO ][2015-11-19 12:23:35,781][com.java.TestType] [ 9112] - Looping End......
[INFO ][2015-11-19 12:23:35,781][com.java.SeleniumDriver] [  869] -  RESULT true
[INFO ][2015-11-19 12:23:35,781][com.java.SeleniumDriver] [ 1074] - ?   P A S S   ?
[INFO ][2015-11-19 12:23:35,781][com.java.SeleniumDriver] [  796] - ------------------------------------------
[INFO ][2015-11-19 12:23:35,781][com.java.SeleniumDriver] [  797] - Test case being Executed: 6
[INFO ][2015-11-19 12:23:35,781][com.java.SeleniumDriver] [  808] - Test step:4
[INFO ][2015-11-19 12:23:35,781][com.java.SeleniumDriver] [  820] - Datavalue is----------5
[INFO ][2015-11-19 12:23:35,781][com.java.SeleniumDriver] [  844] - DataField : LNKSettings
[INFO ][2015-11-19 12:23:35,781][com.java.SeleniumDriver] [  846] - DataValue : 5
[INFO ][2015-11-19 12:23:35,781][com.java.SeleniumDriver] [  852] - <In Set values of the page>
[INFO ][2015-11-19 12:23:35,781][com.java.SeleniumDriver] [  855] - {Data Fields & Data Values Exist}
[INFO ][2015-11-19 12:23:35,781][com.java.SeleniumDriver] [  857] - --------------------------setting values-----------------------------
[INFO ][2015-11-19 12:23:35,781][com.java.SeleniumDriver] [  860] - Action Type : WAITFORELEMENT
[INFO ][2015-11-19 12:23:35,872][com.java.SeleniumDriver] [  869] -  RESULT true
[INFO ][2015-11-19 12:23:35,872][com.java.SeleniumDriver] [ 1074] - ?   P A S S   ?
[INFO ][2015-11-19 12:23:35,872][com.java.SeleniumDriver] [  796] - ------------------------------------------
[INFO ][2015-11-19 12:23:35,872][com.java.SeleniumDriver] [  797] - Test case being Executed: 6
[INFO ][2015-11-19 12:23:35,872][com.java.SeleniumDriver] [  808] - Test step:5
[INFO ][2015-11-19 12:23:35,872][com.java.SeleniumDriver] [  820] - Datavalue is----------null
[DEBUG][2015-11-19 12:23:35,872][com.java.SeleniumDriver] [  838] - Exception: null
[INFO ][2015-11-19 12:23:35,872][com.java.SeleniumDriver] [  844] - DataField : //span[@class='icon-hammer']&&//a[text()='Custom Calculations']
[INFO ][2015-11-19 12:23:35,872][com.java.SeleniumDriver] [  846] - DataValue : 
[INFO ][2015-11-19 12:23:35,872][com.java.SeleniumDriver] [  852] - <In Set values of the page>
[INFO ][2015-11-19 12:23:35,872][com.java.SeleniumDriver] [  855] - {Data Fields & Data Values Exist}
[INFO ][2015-11-19 12:23:35,872][com.java.SeleniumDriver] [  857] - --------------------------setting values-----------------------------
[INFO ][2015-11-19 12:23:35,872][com.java.SeleniumDriver] [  860] - Action Type : MOUSEOVER
[ERROR][2015-11-19 12:23:44,198][com.java.TestType] [ 1527] - exception value : Error setting arguments for script (WARNING: The server did not provide any stacktrace information)
Command duration or timeout: 20 milliseconds
For documentation on this error, please visit: http://seleniumhq.org/exceptions/stale_element_reference.html
Build info: version: '2.48.2', revision: '41bccdd', time: '2015-10-09 19:59:12'
System info: host: 'FVTIII438F1D', ip: '172.17.68.34', os.name: 'Windows 7', os.arch: 'x86', os.version: '6.1', java.version: '1.7.0_55'
Session ID: 8b0959d4-40d7-4535-8d78-213a36b4a4d1
Driver info: org.openqa.selenium.ie.InternetExplorerDriver
Capabilities [{platform=WINDOWS, javascriptEnabled=true, elementScrollBehavior=0, ignoreZoomSetting=false, enablePersistentHover=true, ie.ensureCleanSession=false, browserName=internet explorer, enableElementCacheCleanup=true, unexpectedAlertBehaviour=dismiss, version=10, ie.usePerProcessProxy=false, ignoreProtectedModeSettings=true, cssSelectorsEnabled=true, requireWindowFocus=false, initialBrowserUrl=http://localhost:16945/, handlesAlerts=true, ie.forceCreateProcessApi=false, nativeEvents=true, browserAttachTimeout=0, ie.browserCommandLineSwitches=, takesScreenshot=true}]
[INFO ][2015-11-19 12:23:44,198][com.java.SeleniumDriver] [  869] -  RESULT false
[INFO ][2015-11-19 12:23:44,198][com.java.SeleniumDriver] [  916] - ?   F A I L   ?
[INFO ][2015-11-19 12:23:44,198][com.java.SeleniumDriver] [  924] - Browser Type : IE10
[INFO ][2015-11-19 12:23:44,198][com.java.SeleniumDriver] [  925] - Adding Failed case6
[INFO ][2015-11-19 12:24:02,438][com.java.SeleniumDriver] [ 1038] - failedCases = 6
[ERROR][2015-11-19 12:24:02,438][com.java.SeleniumDriver] [ 1525] - Platform Errors : Our apologies...::We have encountered an issue with your request.::Our apologies?:We encountered an issue with your request.
[INFO ][2015-11-19 12:24:02,438][com.java.SeleniumDriver] [ 1529] - Length =3
[ERROR][2015-11-19 12:24:02,438][com.java.SeleniumDriver] [ 1532] - Error 0 = Our apologies...
[ERROR][2015-11-19 12:24:02,469][com.java.SeleniumDriver] [ 1532] - Error 1 = We have encountered an issue with your request.
[ERROR][2015-11-19 12:24:02,499][com.java.SeleniumDriver] [ 1532] - Error 2 = Our apologies?:We encountered an issue with your request.
[DEBUG][2015-11-19 12:24:02,549][com.java.SeleniumDriver] [ 1176] - Case found
[DEBUG][2015-11-19 12:24:02,549][com.java.SeleniumDriver] [ 1181] - Incrementing ReportCounters[0]:2
[INFO ][2015-11-19 12:24:02,549][com.java.SeleniumDriver] [ 1200] - The results are-------------------[6, 5, Add Custom Calculation, Fail, 
Test case failed at Step No. :: 5   Error Message ::  Element: //a[text()='Custom Calculations'] is not found. Screen Shot : D:\BankersDashboard\TestReports\111915\6_111915_122344_IE10.png, Thu Nov 19 12:24:02 IST 2015]
[INFO ][2015-11-19 12:24:02,549][com.java.SeleniumDriver] [ 1204] - End time is-------2 min 16 sec
[INFO ][2015-11-19 12:24:02,549][com.java.SeleniumDriver] [ 1205] - The results are-------------------[6, 5, Add Custom Calculation, Fail, 
Test case failed at Step No. :: 5   Error Message ::  Element: //a[text()='Custom Calculations'] is not found. Screen Shot : D:\BankersDashboard\TestReports\111915\6_111915_122344_IE10.png, Thu Nov 19 12:24:02 IST 2015]
[DEBUG][2015-11-19 12:24:02,549][com.java.ImportnExport.ExportTestResultsExcel] [  222] - testResultPath = D:\BankersDashboard/TestReports/Test Results_BankersDashBoard_111915_122148_IE10_Simmons First National Bank.xls
[DEBUG][2015-11-19 12:24:02,549][com.java.ImportnExport.ExportTestResultsExcel] [  223] - browser is------------IE10
[DEBUG][2015-11-19 12:24:02,549][com.java.ImportnExport.ExportTestResultsExcel] [  270] - result.size() = 6
[DEBUG][2015-11-19 12:24:02,549][com.java.ImportnExport.ExportTestResultsExcel] [  274] - No of rows in sheet=2
[DEBUG][2015-11-19 12:24:02,549][com.java.ImportnExport.ExportTestResultsExcel] [  301] - ..in export..6
[DEBUG][2015-11-19 12:24:02,549][com.java.ImportnExport.ExportTestResultsExcel] [  301] - ..in export..Add Custom Calculation
[DEBUG][2015-11-19 12:24:02,549][com.java.ImportnExport.ExportTestResultsExcel] [  301] - ..in export..Fail
[DEBUG][2015-11-19 12:24:02,549][com.java.ImportnExport.ExportTestResultsExcel] [  301] - ..in export..
Test case failed at Step No. :: 5   Error Message ::  Element: //a[text()='Custom Calculations'] is not found. Screen Shot : D:\BankersDashboard\TestReports\111915\6_111915_122344_IE10.png
[DEBUG][2015-11-19 12:24:02,549][com.java.ImportnExport.ExportTestResultsExcel] [  301] - ..in export..Thu Nov 19 12:24:02 IST 2015
[INFO ][2015-11-19 12:24:02,549][com.java.SeleniumDriver] [ 1263] - out loop:1 size:2 TestCases:[1, 6] testcases:[1, 6]
[INFO ][2015-11-19 12:24:04,534][com.java.SeleniumDriver] [ 1306] - Total Number of Cases:2
[INFO ][2015-11-19 12:24:04,534][com.java.TemplateGenerator] [  302] - Executed:2
[INFO ][2015-11-19 12:24:04,534][com.java.TemplateGenerator] [  303] - Passed:1
[INFO ][2015-11-19 12:24:04,534][com.java.TemplateGenerator] [  304] - Failed:1
[INFO ][2015-11-19 12:24:04,534][com.java.TemplateGenerator] [  305] - Skipeed:0
[INFO ][2015-11-19 12:24:04,534][com.java.TemplateGenerator] [  306] - Application URL:https://clients-xuat.bankersdashboard.com
[INFO ][2015-11-19 12:24:04,534][com.java.TemplateGenerator] [  307] - Start Time:111915_122148
[INFO ][2015-11-19 12:24:04,534][com.java.TemplateGenerator] [  308] -  Creating HTML Report 
[ERROR][2015-11-19 12:24:04,534][com.java.TemplateGenerator] [  409] - Unparseable date: "Thu Nov 19 12:21:48 IST 2015"
[INFO ][2015-11-19 12:24:04,534][com.java.TemplateGenerator] [  654] -  Exporting case :: 1
[INFO ][2015-11-19 12:24:04,534][com.java.TemplateGenerator] [  654] -  Exporting case :: 6
[INFO ][2015-11-19 12:24:04,539][com.java.SeleniumDriver] [ 1355] - End Time:111915_122404
[INFO ][2015-11-19 12:24:04,539][com.java.SeleniumDriver] [ 1358] - Data in Test Execution Details:{1=PASS, 6=FAILTest case failed at Step No. :: 5   Error Message ::  Element: //a[text()='Custom Calculations'] is not found}
[INFO ][2015-11-19 12:24:04,539][com.java.SeleniumDriver] [ 1359] - Data in Failed Execution Deatils:{}
[INFO ][2015-11-19 12:24:04,539][com.java.SeleniumDriver] [ 1361] - ReportCounter:Total:2 :: PASS: 1 ::FAIL: 1
[INFO ][2015-11-19 12:24:04,539][com.java.SeleniumDriver] [ 1362] - FailedReportCounter:Total:0 :: PASS: 0 ::FAIL: 0
[INFO ][2015-11-19 12:24:04,560][com.java.EmailTestReport] [   63] - Sending report mail details:
[INFO ][2015-11-19 12:24:04,560][com.java.EmailTestReport] [   80] - Excel Report Path:D:\BankersDashboard/TestReports/Test Results_BankersDashBoard_111915_122148_IE10_Simmons First National Bank.xls
[INFO ][2015-11-19 12:24:04,560][com.java.EmailTestReport] [   81] - HTML Report Path:D:\BankersDashboard//TestReports//Test Results_BankersDashBoard_111915_122148_IE10_Simmons First National Bank.html
[INFO ][2015-11-19 12:24:04,560][com.java.EmailTestReport] [   82] - smtpHostName:mail01.valuelabs.com
[INFO ][2015-11-19 12:24:04,560][com.java.EmailTestReport] [   83] - Recipient:venkateswararao.gubbala@valuelabs.com;
[INFO ][2015-11-19 12:24:04,560][com.java.EmailTestReport] [   84] - From:venkateswararao.gubbala@valuelabs.com;
[INFO ][2015-11-19 12:24:04,560][com.java.EmailTestReport] [   85] - Subject:Deluxe Corp Bankers Dashboard Automation Test Report - Simmons First National Bank - IE10
[INFO ][2015-11-19 12:24:04,570][com.java.EmailTestReport] [  143] -  Added venkateswararao.gubbala@valuelabs.com
[INFO ][2015-11-19 12:24:08,632][com.java.SeleniumDriver] [  719] - quitting the browser 
[INFO ][2015-11-19 12:24:10,324][com.java.SeleniumDriver] [  263] - Execution Completed Stopping the thread
