[INFO ][2016-01-05 17:48:06,402][com.java.SeleniumDriver] [  213] - Execute Failed Casesfalse
[INFO ][2016-01-05 17:48:06,402][com.java.SeleniumDriver] [  214] - Browser: IE10
[INFO ][2016-01-05 17:48:06,402][com.java.SeleniumDriver] [  215] - [1, 2, 3, 4, 5]
[INFO ][2016-01-05 17:48:06,403][com.java.SeleniumDriver] [  216] - Total TestCases:5
[INFO ][2016-01-05 17:48:06,403][com.java.SeleniumDriver] [  217] -  Reading Properties from Property File 
[DEBUG][2016-01-05 17:48:06,403][com.java.SeleniumDriver] [  238] - url : https://clients-xuat.bankersdashboard.com
[INFO ][2016-01-05 17:48:06,404][com.java.ImportnExport.ExportTestResultsExcel] [  116] - Time Stamp Tue Jan 05 05:48:06 IST 2016
[INFO ][2016-01-05 17:48:06,404][com.java.ImportnExport.ExportTestResultsExcel] [  175] - OUT FILE : D:\BankersDashboard/TestReports/Test Results_BankersDashBoard_010516_174806_IE10_United Bank.xls
[INFO ][2016-01-05 17:48:06,435][com.java.ImportnExport.ExportTestResultsExcel] [  180] - Test Result file is created
[DEBUG][2016-01-05 17:48:06,542][com.java.SeleniumDriver] [  426] - Hub ip address is-------172.17.68.34
[INFO ][2016-01-05 17:48:06,543][com.java.SeleniumDriver] [  452] - Grid URL:http://172.17.68.34:4444/wd/hub
[INFO ][2016-01-05 17:48:06,543][com.java.SeleniumDriver] [  453] - Capability:Capabilities [{platform=ANY, ensureCleanSession=true, ignoreProtectedModeSettings=true, acceptSslCerts=true, ignoreZoomSetting=true, browserName=internet explorer, browserstack.ie.noFlash=true, version=null}]
[ERROR][2016-01-05 17:48:07,871][com.java.SeleniumDriver] [  498] - Unable invoke browser in grid:Could not start a new session. Possible causes are invalid address of the remote server or browser start-up failure.
Build info: version: '2.48.2', revision: '41bccdd', time: '2015-10-09 19:59:12'
System info: host: 'FVTIII438F1D', ip: '172.17.68.34', os.name: 'Windows 7', os.arch: 'x86', os.version: '6.1', java.version: '1.7.0_55'
Driver info: driver.version: SeleniumDriver
[INFO ][2016-01-05 17:48:07,872][com.java.SeleniumDriver] [  500] - Executing on local machine
[INFO ][2016-01-05 17:48:18,390][com.java.SeleniumDriver] [  248] - IE10is opened
[INFO ][2016-01-05 17:48:19,225][com.java.SeleniumDriver] [  756] - Test cases to be executed are: [1, 2, 3, 4, 5]
[INFO ][2016-01-05 17:48:19,246][com.java.ImportnExport.ImportTestDataDetailsExcel] [   49] - test data details path===== D:\BankersDashboard\TestInputs\TestData.xls
[INFO ][2016-01-05 17:48:19,343][com.java.SeleniumDriver] [  832] - ------------------------------------------
[INFO ][2016-01-05 17:48:19,343][com.java.SeleniumDriver] [  833] - Test case being Executed: 1
[INFO ][2016-01-05 17:48:19,343][com.java.SeleniumDriver] [  845] - Test step:1
[INFO ][2016-01-05 17:48:19,343][com.java.SeleniumDriver] [  857] - Datavalue is----------Concept#1:1-16
[INFO ][2016-01-05 17:48:19,343][com.java.SeleniumDriver] [  881] - DataField : test
[INFO ][2016-01-05 17:48:19,344][com.java.SeleniumDriver] [  883] - DataValue : Concept#1:1-16
[INFO ][2016-01-05 17:48:19,344][com.java.SeleniumDriver] [  889] - <In Set values of the page>
[INFO ][2016-01-05 17:48:19,344][com.java.SeleniumDriver] [  892] - {Data Fields & Data Values Exist}
[INFO ][2016-01-05 17:48:19,344][com.java.SeleniumDriver] [  894] - --------------------------setting values-----------------------------
[INFO ][2016-01-05 17:48:19,344][com.java.SeleniumDriver] [  897] - Action Type : ExecuteTestCase
[INFO ][2016-01-05 17:48:19,363][com.java.TestType] [  437] - The Concept sheet name is ---------- Concept
[INFO ][2016-01-05 17:48:19,365][com.java.TestType] [  440] - The Concept ID  is ---------- 1
[DEBUG][2016-01-05 17:48:19,365][com.java.TestType] [  444] - Steps being executted in the Concept are: 1:16
[INFO ][2016-01-05 17:48:19,365][com.java.TestType] [  451] - Test data details path ---------- D:\BankersDashboard\TestInputs\TestData.xls
[INFO ][2016-01-05 17:48:19,397][com.java.TestType] [  482] -  str(1) = 1
[INFO ][2016-01-05 17:48:19,397][com.java.TestType] [  485] - Test case Id is---1
[INFO ][2016-01-05 17:48:19,397][com.java.TestType] [  487] - 1
[INFO ][2016-01-05 17:48:19,397][com.java.TestType] [  482] -  str(2) = 1
[INFO ][2016-01-05 17:48:19,400][com.java.TestType] [  482] -  str(1) = 1
[INFO ][2016-01-05 17:48:19,400][com.java.TestType] [  485] - Test case Id is---1
[INFO ][2016-01-05 17:48:19,400][com.java.TestType] [  487] - 1
[INFO ][2016-01-05 17:48:19,400][com.java.TestType] [  482] -  str(2) = 2
[INFO ][2016-01-05 17:48:19,402][com.java.TestType] [  482] -  str(1) = 1
[INFO ][2016-01-05 17:48:19,402][com.java.TestType] [  485] - Test case Id is---1
[INFO ][2016-01-05 17:48:19,402][com.java.TestType] [  487] - 1
[INFO ][2016-01-05 17:48:19,402][com.java.TestType] [  482] -  str(2) = 3
[INFO ][2016-01-05 17:48:19,405][com.java.TestType] [  482] -  str(1) = 1
[INFO ][2016-01-05 17:48:19,405][com.java.TestType] [  485] - Test case Id is---1
[INFO ][2016-01-05 17:48:19,405][com.java.TestType] [  487] - 1
[INFO ][2016-01-05 17:48:19,405][com.java.TestType] [  482] -  str(2) = 4
[INFO ][2016-01-05 17:48:19,407][com.java.TestType] [  482] -  str(1) = 1
[INFO ][2016-01-05 17:48:19,407][com.java.TestType] [  485] - Test case Id is---1
[INFO ][2016-01-05 17:48:19,407][com.java.TestType] [  487] - 1
[INFO ][2016-01-05 17:48:19,407][com.java.TestType] [  482] -  str(2) = 5
[INFO ][2016-01-05 17:48:19,408][com.java.TestType] [  482] -  str(1) = 1
[INFO ][2016-01-05 17:48:19,408][com.java.TestType] [  485] - Test case Id is---1
[INFO ][2016-01-05 17:48:19,408][com.java.TestType] [  487] - 1
[INFO ][2016-01-05 17:48:19,409][com.java.TestType] [  482] -  str(2) = 6
[INFO ][2016-01-05 17:48:19,411][com.java.TestType] [  482] -  str(1) = 1
[INFO ][2016-01-05 17:48:19,411][com.java.TestType] [  485] - Test case Id is---1
[INFO ][2016-01-05 17:48:19,411][com.java.TestType] [  487] - 1
[INFO ][2016-01-05 17:48:19,411][com.java.TestType] [  482] -  str(2) = 7
[INFO ][2016-01-05 17:48:19,412][com.java.TestType] [  482] -  str(1) = 1
[INFO ][2016-01-05 17:48:19,412][com.java.TestType] [  485] - Test case Id is---1
[INFO ][2016-01-05 17:48:19,412][com.java.TestType] [  487] - 1
[INFO ][2016-01-05 17:48:19,412][com.java.TestType] [  482] -  str(2) = 8
[INFO ][2016-01-05 17:48:19,413][com.java.TestType] [  482] -  str(1) = 1
[INFO ][2016-01-05 17:48:19,413][com.java.TestType] [  485] - Test case Id is---1
[INFO ][2016-01-05 17:48:19,413][com.java.TestType] [  487] - 1
[INFO ][2016-01-05 17:48:19,413][com.java.TestType] [  482] -  str(2) = 9
[INFO ][2016-01-05 17:48:19,416][com.java.TestType] [  482] -  str(1) = 1
[INFO ][2016-01-05 17:48:19,416][com.java.TestType] [  485] - Test case Id is---1
[INFO ][2016-01-05 17:48:19,416][com.java.TestType] [  487] - 1
[INFO ][2016-01-05 17:48:19,416][com.java.TestType] [  482] -  str(2) = 10
[INFO ][2016-01-05 17:48:19,417][com.java.TestType] [  482] -  str(1) = 1
[INFO ][2016-01-05 17:48:19,417][com.java.TestType] [  485] - Test case Id is---1
[INFO ][2016-01-05 17:48:19,417][com.java.TestType] [  487] - 1
[INFO ][2016-01-05 17:48:19,417][com.java.TestType] [  482] -  str(2) = 11
[INFO ][2016-01-05 17:48:19,418][com.java.TestType] [  482] -  str(1) = 1
[INFO ][2016-01-05 17:48:19,418][com.java.TestType] [  485] - Test case Id is---1
[INFO ][2016-01-05 17:48:19,418][com.java.TestType] [  487] - 1
[INFO ][2016-01-05 17:48:19,418][com.java.TestType] [  482] -  str(2) = 12
[INFO ][2016-01-05 17:48:19,419][com.java.TestType] [  482] -  str(1) = 1
[INFO ][2016-01-05 17:48:19,419][com.java.TestType] [  485] - Test case Id is---1
[INFO ][2016-01-05 17:48:19,419][com.java.TestType] [  487] - 1
[INFO ][2016-01-05 17:48:19,419][com.java.TestType] [  482] -  str(2) = 13
[INFO ][2016-01-05 17:48:19,420][com.java.TestType] [  482] -  str(1) = 1
[INFO ][2016-01-05 17:48:19,420][com.java.TestType] [  485] - Test case Id is---1
[INFO ][2016-01-05 17:48:19,420][com.java.TestType] [  487] - 1
[INFO ][2016-01-05 17:48:19,420][com.java.TestType] [  482] -  str(2) = 14
[INFO ][2016-01-05 17:48:19,421][com.java.TestType] [  482] -  str(1) = 1
[INFO ][2016-01-05 17:48:19,421][com.java.TestType] [  485] - Test case Id is---1
[INFO ][2016-01-05 17:48:19,421][com.java.TestType] [  487] - 1
[INFO ][2016-01-05 17:48:19,421][com.java.TestType] [  482] -  str(2) = 15
[INFO ][2016-01-05 17:48:19,422][com.java.TestType] [  482] -  str(1) = 1
[INFO ][2016-01-05 17:48:19,422][com.java.TestType] [  485] - Test case Id is---1
[INFO ][2016-01-05 17:48:19,422][com.java.TestType] [  487] - 1
[INFO ][2016-01-05 17:48:19,422][com.java.TestType] [  482] -  str(2) = 16
[INFO ][2016-01-05 17:48:19,424][com.java.TestType] [10614] - Looping 1TCID = 1
[DEBUG][2016-01-05 17:48:19,424][com.java.TestType] [10655] - Concept ID:1 :: Step being Executed: 1::1
[INFO ][2016-01-05 17:48:19,424][com.java.TestType] [10693] - dataFields : TXTusername
[DEBUG][2016-01-05 17:48:19,424][com.java.TestType] [10699] - <In Set values of the page>
[DEBUG][2016-01-05 17:48:19,424][com.java.TestType] [10704] - {Data Fields & Data Values Exist}
[INFO ][2016-01-05 17:48:19,424][com.java.TestType] [10710] - --------------------------setting values-----------------------------
[INFO ][2016-01-05 17:48:19,424][com.java.TestType] [10713] - Action Type : CLEARANDENTER
[INFO ][2016-01-05 17:48:19,425][com.java.TestType] [ 5705] - value = valuelabs.ie10.00058
[INFO ][2016-01-05 17:48:24,150][com.java.TestType] [10732] -  RESULT true
[INFO ][2016-01-05 17:48:24,150][com.java.TestType] [10849] - ?   P A S S   ?
[DEBUG][2016-01-05 17:48:24,151][com.java.TestType] [10655] - Concept ID:1 :: Step being Executed: 1::2
[INFO ][2016-01-05 17:48:24,151][com.java.TestType] [10693] - dataFields : TXTpassword
[DEBUG][2016-01-05 17:48:24,151][com.java.TestType] [10699] - <In Set values of the page>
[DEBUG][2016-01-05 17:48:24,151][com.java.TestType] [10704] - {Data Fields & Data Values Exist}
[INFO ][2016-01-05 17:48:24,151][com.java.TestType] [10710] - --------------------------setting values-----------------------------
[INFO ][2016-01-05 17:48:24,152][com.java.TestType] [10713] - Action Type : CLEARANDENTER
[INFO ][2016-01-05 17:48:24,152][com.java.TestType] [ 5705] - value = Password1*
[INFO ][2016-01-05 17:48:28,993][com.java.TestType] [10732] -  RESULT true
[INFO ][2016-01-05 17:48:28,993][com.java.TestType] [10849] - ?   P A S S   ?
[DEBUG][2016-01-05 17:48:28,993][com.java.TestType] [10655] - Concept ID:1 :: Step being Executed: 1::3
[ERROR][2016-01-05 17:48:28,993][com.java.TestType] [10688] - Exception: null
[INFO ][2016-01-05 17:48:28,993][com.java.TestType] [10693] - dataFields : XPH//button[@type='submit']
[DEBUG][2016-01-05 17:48:28,993][com.java.TestType] [10699] - <In Set values of the page>
[DEBUG][2016-01-05 17:48:28,994][com.java.TestType] [10704] - {Data Fields & Data Values Exist}
[INFO ][2016-01-05 17:48:28,994][com.java.TestType] [10710] - --------------------------setting values-----------------------------
[INFO ][2016-01-05 17:48:28,994][com.java.TestType] [10713] - Action Type : Click
[INFO ][2016-01-05 17:48:28,994][com.java.TestType] [ 6084] - Field ::XPH//button[@type='submit']
[INFO ][2016-01-05 17:48:28,994][com.java.TestType] [ 5705] - value = 
[INFO ][2016-01-05 17:48:29,994][com.java.TestType] [ 6221] - BEFORE CLICK
[INFO ][2016-01-05 17:48:30,850][com.java.TestType] [ 6229] - Unable to click the object Login
[INFO ][2016-01-05 17:48:30,850][com.java.TestType] [10732] -  RESULT true
[INFO ][2016-01-05 17:48:30,850][com.java.TestType] [10849] - ?   P A S S   ?
[DEBUG][2016-01-05 17:48:30,850][com.java.TestType] [10655] - Concept ID:1 :: Step being Executed: 1::4
[INFO ][2016-01-05 17:48:30,850][com.java.TestType] [10693] - dataFields : LNKLogout
[DEBUG][2016-01-05 17:48:30,850][com.java.TestType] [10699] - <In Set values of the page>
[DEBUG][2016-01-05 17:48:30,850][com.java.TestType] [10704] - {Data Fields & Data Values Exist}
[INFO ][2016-01-05 17:48:30,850][com.java.TestType] [10710] - --------------------------setting values-----------------------------
[INFO ][2016-01-05 17:48:30,850][com.java.TestType] [10713] - Action Type : WaitForElement
[INFO ][2016-01-05 17:48:34,973][com.java.TestType] [10732] -  RESULT true
[INFO ][2016-01-05 17:48:34,973][com.java.TestType] [10849] - ?   P A S S   ?
[DEBUG][2016-01-05 17:48:34,973][com.java.TestType] [10655] - Concept ID:1 :: Step being Executed: 1::15
[INFO ][2016-01-05 17:48:34,973][com.java.TestType] [10693] - dataFields : LNK
[DEBUG][2016-01-05 17:48:34,973][com.java.TestType] [10699] - <In Set values of the page>
[DEBUG][2016-01-05 17:48:34,974][com.java.TestType] [10704] - {Data Fields & Data Values Exist}
[INFO ][2016-01-05 17:48:34,974][com.java.TestType] [10710] - --------------------------setting values-----------------------------
[INFO ][2016-01-05 17:48:34,974][com.java.TestType] [10713] - Action Type : Verify
[INFO ][2016-01-05 17:48:34,974][com.java.TestType] [ 7081] - field= LNK value= Logout
[INFO ][2016-01-05 17:48:34,975][com.java.TestType] [ 5705] - value = Logout
[INFO ][2016-01-05 17:48:35,011][com.java.TestType] [10732] -  RESULT true
[INFO ][2016-01-05 17:48:35,011][com.java.TestType] [10849] - ?   P A S S   ?
[DEBUG][2016-01-05 17:48:35,011][com.java.TestType] [10655] - Concept ID:1 :: Step being Executed: 1::16
[INFO ][2016-01-05 17:48:35,011][com.java.TestType] [10693] - dataFields : BTN
[DEBUG][2016-01-05 17:48:35,012][com.java.TestType] [10699] - <In Set values of the page>
[DEBUG][2016-01-05 17:48:35,012][com.java.TestType] [10704] - {Data Fields & Data Values Exist}
[INFO ][2016-01-05 17:48:35,012][com.java.TestType] [10710] - --------------------------setting values-----------------------------
[INFO ][2016-01-05 17:48:35,012][com.java.TestType] [10713] - Action Type : Verify
[INFO ][2016-01-05 17:48:35,012][com.java.TestType] [ 7081] - field= BTN value= //img[contains(@src,'bdlogo.jpg')]
[INFO ][2016-01-05 17:48:35,012][com.java.TestType] [ 5705] - value = //img[contains(@src,'bdlogo.jpg')]
[INFO ][2016-01-05 17:48:35,081][com.java.TestType] [10732] -  RESULT true
[INFO ][2016-01-05 17:48:35,081][com.java.TestType] [10849] - ?   P A S S   ?
[INFO ][2016-01-05 17:48:35,081][com.java.TestType] [10920] - Looping End......
[INFO ][2016-01-05 17:48:35,084][com.java.SeleniumDriver] [  906] -  RESULT true
[INFO ][2016-01-05 17:48:35,084][com.java.SeleniumDriver] [ 1112] - ?   P A S S   ?
[INFO ][2016-01-05 17:48:35,085][com.java.SeleniumDriver] [  832] - ------------------------------------------
[INFO ][2016-01-05 17:48:35,085][com.java.SeleniumDriver] [  833] - Test case being Executed: 1
[INFO ][2016-01-05 17:48:35,085][com.java.SeleniumDriver] [  845] - Test step:2
[INFO ][2016-01-05 17:48:35,085][com.java.SeleniumDriver] [  857] - Datavalue is----------Concept#2:1-2
[INFO ][2016-01-05 17:48:35,085][com.java.SeleniumDriver] [  881] - DataField : test
[INFO ][2016-01-05 17:48:35,085][com.java.SeleniumDriver] [  883] - DataValue : Concept#2:1-2
[INFO ][2016-01-05 17:48:35,085][com.java.SeleniumDriver] [  889] - <In Set values of the page>
[INFO ][2016-01-05 17:48:35,085][com.java.SeleniumDriver] [  892] - {Data Fields & Data Values Exist}
[INFO ][2016-01-05 17:48:35,085][com.java.SeleniumDriver] [  894] - --------------------------setting values-----------------------------
[INFO ][2016-01-05 17:48:35,085][com.java.SeleniumDriver] [  897] - Action Type : ExecuteTestCase
[INFO ][2016-01-05 17:48:35,086][com.java.TestType] [  437] - The Concept sheet name is ---------- Concept
[INFO ][2016-01-05 17:48:35,086][com.java.TestType] [  440] - The Concept ID  is ---------- 2
[DEBUG][2016-01-05 17:48:35,086][com.java.TestType] [  444] - Steps being executted in the Concept are: 1:2
[INFO ][2016-01-05 17:48:35,086][com.java.TestType] [  451] - Test data details path ---------- D:\BankersDashboard\TestInputs\TestData.xls
[INFO ][2016-01-05 17:48:35,113][com.java.TestType] [  482] -  str(1) = 2
[INFO ][2016-01-05 17:48:35,114][com.java.TestType] [  485] - Test case Id is---2
[INFO ][2016-01-05 17:48:35,114][com.java.TestType] [  487] - 2
[INFO ][2016-01-05 17:48:35,114][com.java.TestType] [  482] -  str(2) = 1
[INFO ][2016-01-05 17:48:35,115][com.java.TestType] [  482] -  str(1) = 2
[INFO ][2016-01-05 17:48:35,116][com.java.TestType] [  485] - Test case Id is---2
[INFO ][2016-01-05 17:48:35,116][com.java.TestType] [  487] - 2
[INFO ][2016-01-05 17:48:35,116][com.java.TestType] [  482] -  str(2) = 2
[INFO ][2016-01-05 17:48:35,116][com.java.TestType] [  482] -  str(1) = 2
[INFO ][2016-01-05 17:48:35,116][com.java.TestType] [  485] - Test case Id is---2
[INFO ][2016-01-05 17:48:35,117][com.java.TestType] [  487] - 2
[INFO ][2016-01-05 17:48:35,117][com.java.TestType] [  482] -  str(2) = 3
[INFO ][2016-01-05 17:48:35,117][com.java.TestType] [10614] - Looping 1TCID = 2
[DEBUG][2016-01-05 17:48:35,117][com.java.TestType] [10655] - Concept ID:2 :: Step being Executed: 2::1
[INFO ][2016-01-05 17:48:35,117][com.java.TestType] [10693] - dataFields : BNK//select[@id='bank']
[DEBUG][2016-01-05 17:48:35,118][com.java.TestType] [10699] - <In Set values of the page>
[DEBUG][2016-01-05 17:48:35,118][com.java.TestType] [10704] - {Data Fields & Data Values Exist}
[INFO ][2016-01-05 17:48:35,118][com.java.TestType] [10710] - --------------------------setting values-----------------------------
[INFO ][2016-01-05 17:48:35,118][com.java.TestType] [10713] - Action Type : Select
[INFO ][2016-01-05 17:48:35,118][com.java.TestType] [ 5705] - value = PFC
[INFO ][2016-01-05 17:48:35,331][com.java.TestType] [10732] -  RESULT true
[INFO ][2016-01-05 17:48:35,331][com.java.TestType] [10849] - ?   P A S S   ?
[DEBUG][2016-01-05 17:48:35,331][com.java.TestType] [10655] - Concept ID:2 :: Step being Executed: 2::2
[INFO ][2016-01-05 17:48:35,331][com.java.TestType] [10693] - dataFields : LNKLogout
[DEBUG][2016-01-05 17:48:35,331][com.java.TestType] [10699] - <In Set values of the page>
[DEBUG][2016-01-05 17:48:35,331][com.java.TestType] [10704] - {Data Fields & Data Values Exist}
[INFO ][2016-01-05 17:48:35,331][com.java.TestType] [10710] - --------------------------setting values-----------------------------
[INFO ][2016-01-05 17:48:35,331][com.java.TestType] [10713] - Action Type : WaitTime
[DEBUG][2016-01-05 17:48:35,332][com.java.TestType] [ 5525] - sleepTime: 5000
[INFO ][2016-01-05 17:48:40,332][com.java.TestType] [10732] -  RESULT true
[INFO ][2016-01-05 17:48:40,332][com.java.TestType] [10849] - ?   P A S S   ?
[INFO ][2016-01-05 17:48:40,332][com.java.TestType] [10920] - Looping End......
[INFO ][2016-01-05 17:48:40,335][com.java.SeleniumDriver] [  906] -  RESULT true
[INFO ][2016-01-05 17:48:40,336][com.java.SeleniumDriver] [ 1112] - ?   P A S S   ?
[INFO ][2016-01-05 17:48:40,336][com.java.SeleniumDriver] [  832] - ------------------------------------------
[INFO ][2016-01-05 17:48:40,336][com.java.SeleniumDriver] [  833] - Test case being Executed: 1
[INFO ][2016-01-05 17:48:40,336][com.java.SeleniumDriver] [  845] - Test step:3
[INFO ][2016-01-05 17:48:40,336][com.java.SeleniumDriver] [  857] - Datavalue is----------2
[INFO ][2016-01-05 17:48:40,336][com.java.SeleniumDriver] [  881] - DataField : XPH//button[contains(text(),'Add Content')]
[INFO ][2016-01-05 17:48:40,336][com.java.SeleniumDriver] [  883] - DataValue : 2
[INFO ][2016-01-05 17:48:40,336][com.java.SeleniumDriver] [  889] - <In Set values of the page>
[INFO ][2016-01-05 17:48:40,336][com.java.SeleniumDriver] [  892] - {Data Fields & Data Values Exist}
[INFO ][2016-01-05 17:48:40,336][com.java.SeleniumDriver] [  894] - --------------------------setting values-----------------------------
[INFO ][2016-01-05 17:48:40,336][com.java.SeleniumDriver] [  897] - Action Type : WAITFORELEMENT
[INFO ][2016-01-05 17:48:40,373][com.java.SeleniumDriver] [  906] -  RESULT true
[INFO ][2016-01-05 17:48:40,373][com.java.SeleniumDriver] [ 1112] - ?   P A S S   ?
[DEBUG][2016-01-05 17:48:40,373][com.java.SeleniumDriver] [ 1224] - Case found
[DEBUG][2016-01-05 17:48:40,373][com.java.SeleniumDriver] [ 1229] - Incrementing ReportCounters[0]:1
[INFO ][2016-01-05 17:48:40,373][com.java.SeleniumDriver] [ 1248] - The results are-------------------[1, 1, Valid Login, Pass, , Tue Jan 05 17:48:35 IST 2016, 1, 2, Valid Login, Pass, , Tue Jan 05 17:48:40 IST 2016, 1, 3, Valid Login, Pass, , Tue Jan 05 17:48:40 IST 2016]
[INFO ][2016-01-05 17:48:40,373][com.java.SeleniumDriver] [ 1252] - End time is-------36 sec
[INFO ][2016-01-05 17:48:40,374][com.java.SeleniumDriver] [ 1253] - The results are-------------------[1, 1, Valid Login, Pass, , Tue Jan 05 17:48:35 IST 2016, 1, 2, Valid Login, Pass, , Tue Jan 05 17:48:40 IST 2016, 1, 3, Valid Login, Pass, , Tue Jan 05 17:48:40 IST 2016]
[DEBUG][2016-01-05 17:48:40,374][com.java.ImportnExport.ExportTestResultsExcel] [  222] - testResultPath = D:\BankersDashboard/TestReports/Test Results_BankersDashBoard_010516_174806_IE10_United Bank.xls
[DEBUG][2016-01-05 17:48:40,374][com.java.ImportnExport.ExportTestResultsExcel] [  223] - browser is------------IE10
[DEBUG][2016-01-05 17:48:40,422][com.java.ImportnExport.ExportTestResultsExcel] [  270] - result.size() = 18
[DEBUG][2016-01-05 17:48:40,422][com.java.ImportnExport.ExportTestResultsExcel] [  274] - No of rows in sheet=1
[DEBUG][2016-01-05 17:48:40,422][com.java.ImportnExport.ExportTestResultsExcel] [  301] - ..in export..1
[DEBUG][2016-01-05 17:48:40,422][com.java.ImportnExport.ExportTestResultsExcel] [  301] - ..in export..Valid Login
[DEBUG][2016-01-05 17:48:40,422][com.java.ImportnExport.ExportTestResultsExcel] [  301] - ..in export..Pass
[DEBUG][2016-01-05 17:48:40,422][com.java.ImportnExport.ExportTestResultsExcel] [  301] - ..in export..
[DEBUG][2016-01-05 17:48:40,422][com.java.ImportnExport.ExportTestResultsExcel] [  301] - ..in export..Tue Jan 05 17:48:35 IST 2016
[INFO ][2016-01-05 17:48:40,424][com.java.SeleniumDriver] [ 1313] - out loop:0 size:5 TestCases:[1, 2, 3, 4, 5] testcases:[1, 2, 3, 4, 5]
[INFO ][2016-01-05 17:48:40,424][com.java.ImportnExport.ImportTestDataDetailsExcel] [   49] - test data details path===== D:\BankersDashboard\TestInputs\TestData.xls
[INFO ][2016-01-05 17:49:22,217][com.java.SeleniumDriver] [  832] - ------------------------------------------
[INFO ][2016-01-05 17:49:22,217][com.java.SeleniumDriver] [  833] - Test case being Executed: 2
[INFO ][2016-01-05 17:49:22,217][com.java.SeleniumDriver] [  845] - Test step:1
[INFO ][2016-01-05 17:49:22,217][com.java.SeleniumDriver] [  857] - Datavalue is----------Logout
[INFO ][2016-01-05 17:49:22,217][com.java.SeleniumDriver] [  881] - DataField : BTN
[INFO ][2016-01-05 17:49:22,217][com.java.SeleniumDriver] [  883] - DataValue : Logout
[INFO ][2016-01-05 17:49:22,217][com.java.SeleniumDriver] [  889] - <In Set values of the page>
[INFO ][2016-01-05 17:49:22,217][com.java.SeleniumDriver] [  892] - {Data Fields & Data Values Exist}
[INFO ][2016-01-05 17:49:22,217][com.java.SeleniumDriver] [  894] - --------------------------setting values-----------------------------
[INFO ][2016-01-05 17:49:22,217][com.java.SeleniumDriver] [  897] - Action Type : Verify
[INFO ][2016-01-05 17:49:22,217][com.java.TestType] [ 7081] - field= BTN value= Logout
[INFO ][2016-01-05 17:49:22,218][com.java.TestType] [ 5705] - value = Logout
[INFO ][2016-01-05 17:49:22,438][com.java.SeleniumDriver] [  906] -  RESULT true
[INFO ][2016-01-05 17:49:22,438][com.java.SeleniumDriver] [ 1112] - ?   P A S S   ?
[INFO ][2016-01-05 17:49:22,438][com.java.SeleniumDriver] [ 1154] - step change to 3
[INFO ][2016-01-05 17:49:22,439][com.java.SeleniumDriver] [  832] - ------------------------------------------
[INFO ][2016-01-05 17:49:22,439][com.java.SeleniumDriver] [  833] - Test case being Executed: 2
[INFO ][2016-01-05 17:49:22,439][com.java.SeleniumDriver] [  845] - Test step:3
[INFO ][2016-01-05 17:49:22,439][com.java.SeleniumDriver] [  857] - Datavalue is----------null
[DEBUG][2016-01-05 17:49:22,439][com.java.SeleniumDriver] [  875] - Exception: null
[INFO ][2016-01-05 17:49:22,439][com.java.SeleniumDriver] [  881] - DataField : //span[@class='icon-user4']&&//a[text()='Users']&&//a[@data-id="ModifyUsers"]
[INFO ][2016-01-05 17:49:22,439][com.java.SeleniumDriver] [  883] - DataValue : 
[INFO ][2016-01-05 17:49:22,439][com.java.SeleniumDriver] [  889] - <In Set values of the page>
[INFO ][2016-01-05 17:49:22,441][com.java.SeleniumDriver] [  892] - {Data Fields & Data Values Exist}
[INFO ][2016-01-05 17:49:22,441][com.java.SeleniumDriver] [  894] - --------------------------setting values-----------------------------
[INFO ][2016-01-05 17:49:22,441][com.java.SeleniumDriver] [  897] - Action Type : MouseOver
[INFO ][2016-01-05 17:49:51,775][com.java.SeleniumDriver] [  906] -  RESULT true
[INFO ][2016-01-05 17:49:51,775][com.java.SeleniumDriver] [ 1112] - ?   P A S S   ?
[INFO ][2016-01-05 17:49:51,775][com.java.SeleniumDriver] [  832] - ------------------------------------------
[INFO ][2016-01-05 17:49:51,775][com.java.SeleniumDriver] [  833] - Test case being Executed: 2
[INFO ][2016-01-05 17:49:51,775][com.java.SeleniumDriver] [  845] - Test step:4
[INFO ][2016-01-05 17:49:51,775][com.java.SeleniumDriver] [  857] - Datavalue is----------2
[INFO ][2016-01-05 17:49:51,775][com.java.SeleniumDriver] [  881] - DataField : BTNframeDialogContent
[INFO ][2016-01-05 17:49:51,775][com.java.SeleniumDriver] [  883] - DataValue : 2
[INFO ][2016-01-05 17:49:51,775][com.java.SeleniumDriver] [  889] - <In Set values of the page>
[INFO ][2016-01-05 17:49:51,775][com.java.SeleniumDriver] [  892] - {Data Fields & Data Values Exist}
[INFO ][2016-01-05 17:49:51,775][com.java.SeleniumDriver] [  894] - --------------------------setting values-----------------------------
[INFO ][2016-01-05 17:49:51,775][com.java.SeleniumDriver] [  897] - Action Type : WaitForElement
[INFO ][2016-01-05 17:49:53,003][com.java.SeleniumDriver] [  906] -  RESULT true
[INFO ][2016-01-05 17:49:53,003][com.java.SeleniumDriver] [ 1112] - ?   P A S S   ?
[INFO ][2016-01-05 17:49:53,003][com.java.SeleniumDriver] [  832] - ------------------------------------------
[INFO ][2016-01-05 17:49:53,005][com.java.SeleniumDriver] [  833] - Test case being Executed: 2
[INFO ][2016-01-05 17:49:53,005][com.java.SeleniumDriver] [  845] - Test step:5
[INFO ][2016-01-05 17:49:53,005][com.java.SeleniumDriver] [  857] - Datavalue is----------null
[DEBUG][2016-01-05 17:49:53,005][com.java.SeleniumDriver] [  875] - Exception: null
[INFO ][2016-01-05 17:49:53,005][com.java.SeleniumDriver] [  881] - DataField : BTNframeDialogContent
[INFO ][2016-01-05 17:49:53,005][com.java.SeleniumDriver] [  883] - DataValue : 
[INFO ][2016-01-05 17:49:53,005][com.java.SeleniumDriver] [  889] - <In Set values of the page>
[INFO ][2016-01-05 17:49:53,006][com.java.SeleniumDriver] [  892] - {Data Fields & Data Values Exist}
[INFO ][2016-01-05 17:49:53,006][com.java.SeleniumDriver] [  894] - --------------------------setting values-----------------------------
[INFO ][2016-01-05 17:49:53,006][com.java.SeleniumDriver] [  897] - Action Type : SelectFrame
[INFO ][2016-01-05 17:49:54,280][com.java.SeleniumDriver] [  906] -  RESULT true
[INFO ][2016-01-05 17:49:54,280][com.java.SeleniumDriver] [ 1112] - ?   P A S S   ?
[INFO ][2016-01-05 17:49:54,280][com.java.SeleniumDriver] [  832] - ------------------------------------------
[INFO ][2016-01-05 17:49:54,280][com.java.SeleniumDriver] [  833] - Test case being Executed: 2
[INFO ][2016-01-05 17:49:54,280][com.java.SeleniumDriver] [  845] - Test step:6
[INFO ][2016-01-05 17:49:54,280][com.java.SeleniumDriver] [  857] - Datavalue is----------2
[INFO ][2016-01-05 17:49:54,281][com.java.SeleniumDriver] [  881] - DataField : BTNbtnAddUser
[INFO ][2016-01-05 17:49:54,281][com.java.SeleniumDriver] [  883] - DataValue : 2
[INFO ][2016-01-05 17:49:54,281][com.java.SeleniumDriver] [  889] - <In Set values of the page>
[INFO ][2016-01-05 17:49:54,281][com.java.SeleniumDriver] [  892] - {Data Fields & Data Values Exist}
[INFO ][2016-01-05 17:49:54,281][com.java.SeleniumDriver] [  894] - --------------------------setting values-----------------------------
[INFO ][2016-01-05 17:49:54,281][com.java.SeleniumDriver] [  897] - Action Type : WaitForElement
[INFO ][2016-01-05 17:49:55,553][com.java.SeleniumDriver] [  906] -  RESULT true
[INFO ][2016-01-05 17:49:55,555][com.java.SeleniumDriver] [ 1112] - ?   P A S S   ?
[INFO ][2016-01-05 17:49:55,555][com.java.SeleniumDriver] [  832] - ------------------------------------------
[INFO ][2016-01-05 17:49:55,555][com.java.SeleniumDriver] [  833] - Test case being Executed: 2
[INFO ][2016-01-05 17:49:55,555][com.java.SeleniumDriver] [  845] - Test step:7
[INFO ][2016-01-05 17:49:55,555][com.java.SeleniumDriver] [  857] - Datavalue is----------null
[DEBUG][2016-01-05 17:49:55,555][com.java.SeleniumDriver] [  875] - Exception: null
[INFO ][2016-01-05 17:49:55,555][com.java.SeleniumDriver] [  881] - DataField : BTNbtnAddUser
[INFO ][2016-01-05 17:49:55,555][com.java.SeleniumDriver] [  883] - DataValue : 
[INFO ][2016-01-05 17:49:55,555][com.java.SeleniumDriver] [  889] - <In Set values of the page>
[INFO ][2016-01-05 17:49:55,555][com.java.SeleniumDriver] [  892] - {Data Fields & Data Values Exist}
[INFO ][2016-01-05 17:49:55,555][com.java.SeleniumDriver] [  894] - --------------------------setting values-----------------------------
[INFO ][2016-01-05 17:49:55,556][com.java.SeleniumDriver] [  897] - Action Type : Click
[INFO ][2016-01-05 17:49:55,556][com.java.TestType] [ 6084] - Field ::BTNbtnAddUser
[INFO ][2016-01-05 17:49:55,556][com.java.TestType] [ 5705] - value = 
[INFO ][2016-01-05 17:49:56,556][com.java.TestType] [ 6200] - BEFORE CLICK
[INFO ][2016-01-05 17:49:57,960][com.java.TestType] [ 6207] - Unable to click the object Add user button
[INFO ][2016-01-05 17:49:57,960][com.java.SeleniumDriver] [  906] -  RESULT true
[INFO ][2016-01-05 17:49:57,960][com.java.SeleniumDriver] [ 1112] - ?   P A S S   ?
[INFO ][2016-01-05 17:49:57,960][com.java.SeleniumDriver] [  832] - ------------------------------------------
[INFO ][2016-01-05 17:49:57,960][com.java.SeleniumDriver] [  833] - Test case being Executed: 2
[INFO ][2016-01-05 17:49:57,960][com.java.SeleniumDriver] [  845] - Test step:8
[INFO ][2016-01-05 17:49:57,960][com.java.SeleniumDriver] [  857] - Datavalue is----------2
[INFO ][2016-01-05 17:49:57,961][com.java.SeleniumDriver] [  881] - DataField : BTNtxtUserName
[INFO ][2016-01-05 17:49:57,961][com.java.SeleniumDriver] [  883] - DataValue : 2
[INFO ][2016-01-05 17:49:57,961][com.java.SeleniumDriver] [  889] - <In Set values of the page>
[INFO ][2016-01-05 17:49:57,961][com.java.SeleniumDriver] [  892] - {Data Fields & Data Values Exist}
[INFO ][2016-01-05 17:49:57,961][com.java.SeleniumDriver] [  894] - --------------------------setting values-----------------------------
[INFO ][2016-01-05 17:49:57,961][com.java.SeleniumDriver] [  897] - Action Type : WaitForElement
[INFO ][2016-01-05 17:50:01,297][com.java.SeleniumDriver] [  906] -  RESULT true
[INFO ][2016-01-05 17:50:01,297][com.java.SeleniumDriver] [ 1112] - ?   P A S S   ?
[INFO ][2016-01-05 17:50:01,297][com.java.SeleniumDriver] [  832] - ------------------------------------------
[INFO ][2016-01-05 17:50:01,297][com.java.SeleniumDriver] [  833] - Test case being Executed: 2
[INFO ][2016-01-05 17:50:01,297][com.java.SeleniumDriver] [  845] - Test step:9
[INFO ][2016-01-05 17:50:01,297][com.java.SeleniumDriver] [  857] - Datavalue is----------5
[INFO ][2016-01-05 17:50:01,298][com.java.SeleniumDriver] [  881] - DataField : TXTtxtUserName
[INFO ][2016-01-05 17:50:01,298][com.java.SeleniumDriver] [  883] - DataValue : 5
[INFO ][2016-01-05 17:50:01,298][com.java.SeleniumDriver] [  889] - <In Set values of the page>
[INFO ][2016-01-05 17:50:01,298][com.java.SeleniumDriver] [  892] - {Data Fields & Data Values Exist}
[INFO ][2016-01-05 17:50:01,298][com.java.SeleniumDriver] [  894] - --------------------------setting values-----------------------------
[INFO ][2016-01-05 17:50:01,298][com.java.SeleniumDriver] [  897] - Action Type : WaitForElement
[INFO ][2016-01-05 17:50:02,382][com.java.SeleniumDriver] [  906] -  RESULT true
[INFO ][2016-01-05 17:50:02,382][com.java.SeleniumDriver] [ 1112] - ?   P A S S   ?
[INFO ][2016-01-05 17:50:02,382][com.java.SeleniumDriver] [  832] - ------------------------------------------
[INFO ][2016-01-05 17:50:02,382][com.java.SeleniumDriver] [  833] - Test case being Executed: 2
[INFO ][2016-01-05 17:50:02,382][com.java.SeleniumDriver] [  845] - Test step:10
[INFO ][2016-01-05 17:50:02,382][com.java.SeleniumDriver] [  857] - Datavalue is----------RNDvltest.robot
[INFO ][2016-01-05 17:50:02,383][com.java.SeleniumDriver] [  881] - DataField : TXTtxtUserName
[INFO ][2016-01-05 17:50:02,383][com.java.SeleniumDriver] [  883] - DataValue : RNDvltest.robot
[INFO ][2016-01-05 17:50:02,383][com.java.SeleniumDriver] [  889] - <In Set values of the page>
[INFO ][2016-01-05 17:50:02,383][com.java.SeleniumDriver] [  892] - {Data Fields & Data Values Exist}
[INFO ][2016-01-05 17:50:02,383][com.java.SeleniumDriver] [  894] - --------------------------setting values-----------------------------
[INFO ][2016-01-05 17:50:02,383][com.java.SeleniumDriver] [  897] - Action Type : CLEARANDENTER
[INFO ][2016-01-05 17:50:02,383][com.java.TestType] [ 5705] - value = vltest.robot69744
[INFO ][2016-01-05 17:50:04,828][com.java.SeleniumDriver] [  906] -  RESULT true
[INFO ][2016-01-05 17:50:04,828][com.java.SeleniumDriver] [ 1112] - ?   P A S S   ?
[INFO ][2016-01-05 17:50:04,828][com.java.SeleniumDriver] [  832] - ------------------------------------------
[INFO ][2016-01-05 17:50:04,828][com.java.SeleniumDriver] [  833] - Test case being Executed: 2
[INFO ][2016-01-05 17:50:04,828][com.java.SeleniumDriver] [  845] - Test step:11
[INFO ][2016-01-05 17:50:04,828][com.java.SeleniumDriver] [  857] - Datavalue is----------5
[INFO ][2016-01-05 17:50:04,830][com.java.SeleniumDriver] [  881] - DataField : TXTtxtFirstName
[INFO ][2016-01-05 17:50:04,830][com.java.SeleniumDriver] [  883] - DataValue : 5
[INFO ][2016-01-05 17:50:04,830][com.java.SeleniumDriver] [  889] - <In Set values of the page>
[INFO ][2016-01-05 17:50:04,830][com.java.SeleniumDriver] [  892] - {Data Fields & Data Values Exist}
[INFO ][2016-01-05 17:50:04,830][com.java.SeleniumDriver] [  894] - --------------------------setting values-----------------------------
[INFO ][2016-01-05 17:50:04,830][com.java.SeleniumDriver] [  897] - Action Type : WaitForElement
[INFO ][2016-01-05 17:50:05,913][com.java.SeleniumDriver] [  906] -  RESULT true
[INFO ][2016-01-05 17:50:05,913][com.java.SeleniumDriver] [ 1112] - ?   P A S S   ?
[INFO ][2016-01-05 17:50:05,913][com.java.SeleniumDriver] [  832] - ------------------------------------------
[INFO ][2016-01-05 17:50:05,913][com.java.SeleniumDriver] [  833] - Test case being Executed: 2
[INFO ][2016-01-05 17:50:05,913][com.java.SeleniumDriver] [  845] - Test step:12
[INFO ][2016-01-05 17:50:05,914][com.java.SeleniumDriver] [  857] - Datavalue is----------GivenNewUserName
[INFO ][2016-01-05 17:50:05,914][com.java.SeleniumDriver] [  881] - DataField : TXTtxtUserName
[INFO ][2016-01-05 17:50:05,914][com.java.SeleniumDriver] [  883] - DataValue : GivenNewUserName
[INFO ][2016-01-05 17:50:05,914][com.java.SeleniumDriver] [  889] - <In Set values of the page>
[INFO ][2016-01-05 17:50:05,914][com.java.SeleniumDriver] [  892] - {Data Fields & Data Values Exist}
[INFO ][2016-01-05 17:50:05,914][com.java.SeleniumDriver] [  894] - --------------------------setting values-----------------------------
[INFO ][2016-01-05 17:50:05,914][com.java.SeleniumDriver] [  897] - Action Type : STOREVALUE
[INFO ][2016-01-05 17:50:05,914][com.java.TestType] [ 8399] - field= TXTtxtUserName
[DEBUG][2016-01-05 17:50:07,039][com.java.TestType] [ 8413] - Key:: GivenNewUserName  Value:: vltest.robot69744
[INFO ][2016-01-05 17:50:07,039][com.java.SeleniumDriver] [  906] -  RESULT true
[INFO ][2016-01-05 17:50:07,039][com.java.SeleniumDriver] [ 1112] - ?   P A S S   ?
[INFO ][2016-01-05 17:50:07,039][com.java.SeleniumDriver] [  832] - ------------------------------------------
[INFO ][2016-01-05 17:50:07,039][com.java.SeleniumDriver] [  833] - Test case being Executed: 2
[INFO ][2016-01-05 17:50:07,039][com.java.SeleniumDriver] [  845] - Test step:13
[INFO ][2016-01-05 17:50:07,039][com.java.SeleniumDriver] [  857] - Datavalue is----------VLTest
[INFO ][2016-01-05 17:50:07,040][com.java.SeleniumDriver] [  881] - DataField : TXTtxtFirstName
[INFO ][2016-01-05 17:50:07,040][com.java.SeleniumDriver] [  883] - DataValue : VLTest
[INFO ][2016-01-05 17:50:07,040][com.java.SeleniumDriver] [  889] - <In Set values of the page>
[INFO ][2016-01-05 17:50:07,040][com.java.SeleniumDriver] [  892] - {Data Fields & Data Values Exist}
[INFO ][2016-01-05 17:50:07,040][com.java.SeleniumDriver] [  894] - --------------------------setting values-----------------------------
[INFO ][2016-01-05 17:50:07,040][com.java.SeleniumDriver] [  897] - Action Type : Enter
[INFO ][2016-01-05 17:50:07,040][com.java.TestType] [ 6508] - field = txtFirstName
[INFO ][2016-01-05 17:50:07,040][com.java.TestType] [ 5705] - value = VLTest
[INFO ][2016-01-05 17:50:08,658][com.java.SeleniumDriver] [  906] -  RESULT true
[INFO ][2016-01-05 17:50:08,659][com.java.SeleniumDriver] [ 1112] - ?   P A S S   ?
[INFO ][2016-01-05 17:50:08,659][com.java.SeleniumDriver] [  832] - ------------------------------------------
[INFO ][2016-01-05 17:50:08,659][com.java.SeleniumDriver] [  833] - Test case being Executed: 2
[INFO ][2016-01-05 17:50:08,659][com.java.SeleniumDriver] [  845] - Test step:14
[INFO ][2016-01-05 17:50:08,659][com.java.SeleniumDriver] [  857] - Datavalue is----------5
[INFO ][2016-01-05 17:50:08,659][com.java.SeleniumDriver] [  881] - DataField : TXTtxtLastName
[INFO ][2016-01-05 17:50:08,659][com.java.SeleniumDriver] [  883] - DataValue : 5
[INFO ][2016-01-05 17:50:08,659][com.java.SeleniumDriver] [  889] - <In Set values of the page>
[INFO ][2016-01-05 17:50:08,659][com.java.SeleniumDriver] [  892] - {Data Fields & Data Values Exist}
[INFO ][2016-01-05 17:50:08,659][com.java.SeleniumDriver] [  894] - --------------------------setting values-----------------------------
[INFO ][2016-01-05 17:50:08,659][com.java.SeleniumDriver] [  897] - Action Type : WaitForElement
[INFO ][2016-01-05 17:50:09,760][com.java.SeleniumDriver] [  906] -  RESULT true
[INFO ][2016-01-05 17:50:09,760][com.java.SeleniumDriver] [ 1112] - ?   P A S S   ?
[INFO ][2016-01-05 17:50:09,760][com.java.SeleniumDriver] [  832] - ------------------------------------------
[INFO ][2016-01-05 17:50:09,760][com.java.SeleniumDriver] [  833] - Test case being Executed: 2
[INFO ][2016-01-05 17:50:09,760][com.java.SeleniumDriver] [  845] - Test step:15
[INFO ][2016-01-05 17:50:09,760][com.java.SeleniumDriver] [  857] - Datavalue is----------Robot
[INFO ][2016-01-05 17:50:09,760][com.java.SeleniumDriver] [  881] - DataField : TXTtxtLastName
[INFO ][2016-01-05 17:50:09,761][com.java.SeleniumDriver] [  883] - DataValue : Robot
[INFO ][2016-01-05 17:50:09,761][com.java.SeleniumDriver] [  889] - <In Set values of the page>
[INFO ][2016-01-05 17:50:09,761][com.java.SeleniumDriver] [  892] - {Data Fields & Data Values Exist}
[INFO ][2016-01-05 17:50:09,761][com.java.SeleniumDriver] [  894] - --------------------------setting values-----------------------------
[INFO ][2016-01-05 17:50:09,761][com.java.SeleniumDriver] [  897] - Action Type : Enter
[INFO ][2016-01-05 17:50:09,761][com.java.TestType] [ 6508] - field = txtLastName
[INFO ][2016-01-05 17:50:09,761][com.java.TestType] [ 5705] - value = Robot
[INFO ][2016-01-05 17:50:11,161][com.java.SeleniumDriver] [  906] -  RESULT true
[INFO ][2016-01-05 17:50:11,161][com.java.SeleniumDriver] [ 1112] - ?   P A S S   ?
[INFO ][2016-01-05 17:50:11,161][com.java.SeleniumDriver] [  832] - ------------------------------------------
[INFO ][2016-01-05 17:50:11,161][com.java.SeleniumDriver] [  833] - Test case being Executed: 2
[INFO ][2016-01-05 17:50:11,161][com.java.SeleniumDriver] [  845] - Test step:16
[INFO ][2016-01-05 17:50:11,161][com.java.SeleniumDriver] [  857] - Datavalue is----------5
[INFO ][2016-01-05 17:50:11,161][com.java.SeleniumDriver] [  881] - DataField : TXTtxtCompany
[INFO ][2016-01-05 17:50:11,161][com.java.SeleniumDriver] [  883] - DataValue : 5
[INFO ][2016-01-05 17:50:11,161][com.java.SeleniumDriver] [  889] - <In Set values of the page>
[INFO ][2016-01-05 17:50:11,161][com.java.SeleniumDriver] [  892] - {Data Fields & Data Values Exist}
[INFO ][2016-01-05 17:50:11,162][com.java.SeleniumDriver] [  894] - --------------------------setting values-----------------------------
[INFO ][2016-01-05 17:50:11,162][com.java.SeleniumDriver] [  897] - Action Type : WaitForElement
[INFO ][2016-01-05 17:50:12,251][com.java.SeleniumDriver] [  906] -  RESULT true
[INFO ][2016-01-05 17:50:12,251][com.java.SeleniumDriver] [ 1112] - ?   P A S S   ?
[INFO ][2016-01-05 17:50:12,251][com.java.SeleniumDriver] [  832] - ------------------------------------------
[INFO ][2016-01-05 17:50:12,251][com.java.SeleniumDriver] [  833] - Test case being Executed: 2
[INFO ][2016-01-05 17:50:12,251][com.java.SeleniumDriver] [  845] - Test step:17
[INFO ][2016-01-05 17:50:12,251][com.java.SeleniumDriver] [  857] - Datavalue is----------ValueLabs
[INFO ][2016-01-05 17:50:12,251][com.java.SeleniumDriver] [  881] - DataField : TXTtxtCompany
[INFO ][2016-01-05 17:50:12,251][com.java.SeleniumDriver] [  883] - DataValue : ValueLabs
[INFO ][2016-01-05 17:50:12,251][com.java.SeleniumDriver] [  889] - <In Set values of the page>
[INFO ][2016-01-05 17:50:12,252][com.java.SeleniumDriver] [  892] - {Data Fields & Data Values Exist}
[INFO ][2016-01-05 17:50:12,252][com.java.SeleniumDriver] [  894] - --------------------------setting values-----------------------------
[INFO ][2016-01-05 17:50:12,252][com.java.SeleniumDriver] [  897] - Action Type : Enter
[INFO ][2016-01-05 17:50:12,252][com.java.TestType] [ 6508] - field = txtCompany
[INFO ][2016-01-05 17:50:12,252][com.java.TestType] [ 5705] - value = ValueLabs
[INFO ][2016-01-05 17:50:13,787][com.java.SeleniumDriver] [  906] -  RESULT true
[INFO ][2016-01-05 17:50:13,788][com.java.SeleniumDriver] [ 1112] - ?   P A S S   ?
[INFO ][2016-01-05 17:50:13,788][com.java.SeleniumDriver] [  832] - ------------------------------------------
[INFO ][2016-01-05 17:50:13,788][com.java.SeleniumDriver] [  833] - Test case being Executed: 2
[INFO ][2016-01-05 17:50:13,788][com.java.SeleniumDriver] [  845] - Test step:18
[INFO ][2016-01-05 17:50:13,788][com.java.SeleniumDriver] [  857] - Datavalue is----------5
[INFO ][2016-01-05 17:50:13,788][com.java.SeleniumDriver] [  881] - DataField : TXTtxtLocation
[INFO ][2016-01-05 17:50:13,788][com.java.SeleniumDriver] [  883] - DataValue : 5
[INFO ][2016-01-05 17:50:13,788][com.java.SeleniumDriver] [  889] - <In Set values of the page>
[INFO ][2016-01-05 17:50:13,788][com.java.SeleniumDriver] [  892] - {Data Fields & Data Values Exist}
[INFO ][2016-01-05 17:50:13,788][com.java.SeleniumDriver] [  894] - --------------------------setting values-----------------------------
[INFO ][2016-01-05 17:50:13,788][com.java.SeleniumDriver] [  897] - Action Type : WaitForElement
[INFO ][2016-01-05 17:50:14,874][com.java.SeleniumDriver] [  906] -  RESULT true
[INFO ][2016-01-05 17:50:14,874][com.java.SeleniumDriver] [ 1112] - ?   P A S S   ?
[INFO ][2016-01-05 17:50:14,874][com.java.SeleniumDriver] [  832] - ------------------------------------------
[INFO ][2016-01-05 17:50:14,874][com.java.SeleniumDriver] [  833] - Test case being Executed: 2
[INFO ][2016-01-05 17:50:14,874][com.java.SeleniumDriver] [  845] - Test step:19
[INFO ][2016-01-05 17:50:14,874][com.java.SeleniumDriver] [  857] - Datavalue is----------India
[INFO ][2016-01-05 17:50:14,875][com.java.SeleniumDriver] [  881] - DataField : TXTtxtLocation
[INFO ][2016-01-05 17:50:14,875][com.java.SeleniumDriver] [  883] - DataValue : India
[INFO ][2016-01-05 17:50:14,875][com.java.SeleniumDriver] [  889] - <In Set values of the page>
[INFO ][2016-01-05 17:50:14,875][com.java.SeleniumDriver] [  892] - {Data Fields & Data Values Exist}
[INFO ][2016-01-05 17:50:14,875][com.java.SeleniumDriver] [  894] - --------------------------setting values-----------------------------
[INFO ][2016-01-05 17:50:14,875][com.java.SeleniumDriver] [  897] - Action Type : Enter
[INFO ][2016-01-05 17:50:14,875][com.java.TestType] [ 6508] - field = txtLocation
[INFO ][2016-01-05 17:50:14,875][com.java.TestType] [ 5705] - value = India
[INFO ][2016-01-05 17:50:16,271][com.java.SeleniumDriver] [  906] -  RESULT true
[INFO ][2016-01-05 17:50:16,271][com.java.SeleniumDriver] [ 1112] - ?   P A S S   ?
[INFO ][2016-01-05 17:50:16,271][com.java.SeleniumDriver] [  832] - ------------------------------------------
[INFO ][2016-01-05 17:50:16,271][com.java.SeleniumDriver] [  833] - Test case being Executed: 2
[INFO ][2016-01-05 17:50:16,271][com.java.SeleniumDriver] [  845] - Test step:20
[INFO ][2016-01-05 17:50:16,271][com.java.SeleniumDriver] [  857] - Datavalue is----------5
[INFO ][2016-01-05 17:50:16,272][com.java.SeleniumDriver] [  881] - DataField : TXTtxtEMail
[INFO ][2016-01-05 17:50:16,272][com.java.SeleniumDriver] [  883] - DataValue : 5
[INFO ][2016-01-05 17:50:16,272][com.java.SeleniumDriver] [  889] - <In Set values of the page>
[INFO ][2016-01-05 17:50:16,272][com.java.SeleniumDriver] [  892] - {Data Fields & Data Values Exist}
[INFO ][2016-01-05 17:50:16,273][com.java.SeleniumDriver] [  894] - --------------------------setting values-----------------------------
[INFO ][2016-01-05 17:50:16,273][com.java.SeleniumDriver] [  897] - Action Type : WaitForElement
[INFO ][2016-01-05 17:50:17,363][com.java.SeleniumDriver] [  906] -  RESULT true
[INFO ][2016-01-05 17:50:17,363][com.java.SeleniumDriver] [ 1112] - ?   P A S S   ?
[INFO ][2016-01-05 17:50:17,363][com.java.SeleniumDriver] [  832] - ------------------------------------------
[INFO ][2016-01-05 17:50:17,363][com.java.SeleniumDriver] [  833] - Test case being Executed: 2
[INFO ][2016-01-05 17:50:17,363][com.java.SeleniumDriver] [  845] - Test step:21
[INFO ][2016-01-05 17:50:17,363][com.java.SeleniumDriver] [  857] - Datavalue is----------vltest.robot@valuelabs.com
[INFO ][2016-01-05 17:50:17,363][com.java.SeleniumDriver] [  881] - DataField : TXTtxtEMail
[INFO ][2016-01-05 17:50:17,363][com.java.SeleniumDriver] [  883] - DataValue : vltest.robot@valuelabs.com
[INFO ][2016-01-05 17:50:17,364][com.java.SeleniumDriver] [  889] - <In Set values of the page>
[INFO ][2016-01-05 17:50:17,364][com.java.SeleniumDriver] [  892] - {Data Fields & Data Values Exist}
[INFO ][2016-01-05 17:50:17,364][com.java.SeleniumDriver] [  894] - --------------------------setting values-----------------------------
[INFO ][2016-01-05 17:50:17,364][com.java.SeleniumDriver] [  897] - Action Type : Enter
[INFO ][2016-01-05 17:50:17,364][com.java.TestType] [ 6508] - field = txtEMail
[INFO ][2016-01-05 17:50:17,364][com.java.TestType] [ 5705] - value = vltest.robot@valuelabs.com
[INFO ][2016-01-05 17:50:18,890][com.java.SeleniumDriver] [  906] -  RESULT true
[INFO ][2016-01-05 17:50:18,890][com.java.SeleniumDriver] [ 1112] - ?   P A S S   ?
[INFO ][2016-01-05 17:50:18,890][com.java.SeleniumDriver] [  832] - ------------------------------------------
[INFO ][2016-01-05 17:50:18,890][com.java.SeleniumDriver] [  833] - Test case being Executed: 2
[INFO ][2016-01-05 17:50:18,890][com.java.SeleniumDriver] [  845] - Test step:22
[INFO ][2016-01-05 17:50:18,890][com.java.SeleniumDriver] [  857] - Datavalue is----------5
[INFO ][2016-01-05 17:50:18,890][com.java.SeleniumDriver] [  881] - DataField : TXTtxtPhone
[INFO ][2016-01-05 17:50:18,890][com.java.SeleniumDriver] [  883] - DataValue : 5
[INFO ][2016-01-05 17:50:18,890][com.java.SeleniumDriver] [  889] - <In Set values of the page>
[INFO ][2016-01-05 17:50:18,890][com.java.SeleniumDriver] [  892] - {Data Fields & Data Values Exist}
[INFO ][2016-01-05 17:50:18,891][com.java.SeleniumDriver] [  894] - --------------------------setting values-----------------------------
[INFO ][2016-01-05 17:50:18,891][com.java.SeleniumDriver] [  897] - Action Type : WaitForElement
[INFO ][2016-01-05 17:50:19,980][com.java.SeleniumDriver] [  906] -  RESULT true
[INFO ][2016-01-05 17:50:19,980][com.java.SeleniumDriver] [ 1112] - ?   P A S S   ?
[INFO ][2016-01-05 17:50:19,980][com.java.SeleniumDriver] [  832] - ------------------------------------------
[INFO ][2016-01-05 17:50:19,980][com.java.SeleniumDriver] [  833] - Test case being Executed: 2
[INFO ][2016-01-05 17:50:19,980][com.java.SeleniumDriver] [  845] - Test step:23
[INFO ][2016-01-05 17:50:19,981][com.java.SeleniumDriver] [  857] - Datavalue is----------12345678901
[INFO ][2016-01-05 17:50:19,981][com.java.SeleniumDriver] [  881] - DataField : TXTtxtPhone
[INFO ][2016-01-05 17:50:19,981][com.java.SeleniumDriver] [  883] - DataValue : 12345678901
[INFO ][2016-01-05 17:50:19,981][com.java.SeleniumDriver] [  889] - <In Set values of the page>
[INFO ][2016-01-05 17:50:19,981][com.java.SeleniumDriver] [  892] - {Data Fields & Data Values Exist}
[INFO ][2016-01-05 17:50:19,981][com.java.SeleniumDriver] [  894] - --------------------------setting values-----------------------------
[INFO ][2016-01-05 17:50:19,981][com.java.SeleniumDriver] [  897] - Action Type : Enter
[INFO ][2016-01-05 17:50:19,981][com.java.TestType] [ 6508] - field = txtPhone
[INFO ][2016-01-05 17:50:19,981][com.java.TestType] [ 5705] - value = 12345678901
[INFO ][2016-01-05 17:50:21,336][com.java.SeleniumDriver] [  906] -  RESULT true
[INFO ][2016-01-05 17:50:21,336][com.java.SeleniumDriver] [ 1112] - ?   P A S S   ?
[INFO ][2016-01-05 17:50:21,336][com.java.SeleniumDriver] [  832] - ------------------------------------------
[INFO ][2016-01-05 17:50:21,336][com.java.SeleniumDriver] [  833] - Test case being Executed: 2
[INFO ][2016-01-05 17:50:21,336][com.java.SeleniumDriver] [  845] - Test step:24
[INFO ][2016-01-05 17:50:21,336][com.java.SeleniumDriver] [  857] - Datavalue is----------5
[INFO ][2016-01-05 17:50:21,336][com.java.SeleniumDriver] [  881] - DataField : TXTtxtPassword
[INFO ][2016-01-05 17:50:21,336][com.java.SeleniumDriver] [  883] - DataValue : 5
[INFO ][2016-01-05 17:50:21,336][com.java.SeleniumDriver] [  889] - <In Set values of the page>
[INFO ][2016-01-05 17:50:21,336][com.java.SeleniumDriver] [  892] - {Data Fields & Data Values Exist}
[INFO ][2016-01-05 17:50:21,336][com.java.SeleniumDriver] [  894] - --------------------------setting values-----------------------------
[INFO ][2016-01-05 17:50:21,337][com.java.SeleniumDriver] [  897] - Action Type : WaitForElement
[INFO ][2016-01-05 17:50:22,424][com.java.SeleniumDriver] [  906] -  RESULT true
[INFO ][2016-01-05 17:50:22,424][com.java.SeleniumDriver] [ 1112] - ?   P A S S   ?
[INFO ][2016-01-05 17:50:22,424][com.java.SeleniumDriver] [  832] - ------------------------------------------
[INFO ][2016-01-05 17:50:22,424][com.java.SeleniumDriver] [  833] - Test case being Executed: 2
[INFO ][2016-01-05 17:50:22,424][com.java.SeleniumDriver] [  845] - Test step:25
[INFO ][2016-01-05 17:50:22,425][com.java.SeleniumDriver] [  857] - Datavalue is----------dt:NewUserPswd
[INFO ][2016-01-05 17:50:22,425][com.java.SeleniumDriver] [  881] - DataField : TXTtxtPassword
[INFO ][2016-01-05 17:50:22,425][com.java.SeleniumDriver] [  883] - DataValue : dt:NewUserPswd
[INFO ][2016-01-05 17:50:22,425][com.java.SeleniumDriver] [  889] - <In Set values of the page>
[INFO ][2016-01-05 17:50:22,425][com.java.SeleniumDriver] [  892] - {Data Fields & Data Values Exist}
[INFO ][2016-01-05 17:50:22,425][com.java.SeleniumDriver] [  894] - --------------------------setting values-----------------------------
[INFO ][2016-01-05 17:50:22,425][com.java.SeleniumDriver] [  897] - Action Type : CLEARANDENTER
[INFO ][2016-01-05 17:50:22,425][com.java.TestType] [ 5705] - value = Password1*
[INFO ][2016-01-05 17:50:25,019][com.java.SeleniumDriver] [  906] -  RESULT true
[INFO ][2016-01-05 17:50:25,019][com.java.SeleniumDriver] [ 1112] - ?   P A S S   ?
[INFO ][2016-01-05 17:50:25,019][com.java.SeleniumDriver] [  832] - ------------------------------------------
[INFO ][2016-01-05 17:50:25,019][com.java.SeleniumDriver] [  833] - Test case being Executed: 2
[INFO ][2016-01-05 17:50:25,019][com.java.SeleniumDriver] [  845] - Test step:26
[INFO ][2016-01-05 17:50:25,019][com.java.SeleniumDriver] [  857] - Datavalue is----------5
[INFO ][2016-01-05 17:50:25,019][com.java.SeleniumDriver] [  881] - DataField : TXTtxtPasswordConfirm
[INFO ][2016-01-05 17:50:25,019][com.java.SeleniumDriver] [  883] - DataValue : 5
[INFO ][2016-01-05 17:50:25,019][com.java.SeleniumDriver] [  889] - <In Set values of the page>
[INFO ][2016-01-05 17:50:25,019][com.java.SeleniumDriver] [  892] - {Data Fields & Data Values Exist}
[INFO ][2016-01-05 17:50:25,020][com.java.SeleniumDriver] [  894] - --------------------------setting values-----------------------------
[INFO ][2016-01-05 17:50:25,020][com.java.SeleniumDriver] [  897] - Action Type : WaitForElement
[INFO ][2016-01-05 17:50:26,112][com.java.SeleniumDriver] [  906] -  RESULT true
[INFO ][2016-01-05 17:50:26,112][com.java.SeleniumDriver] [ 1112] - ?   P A S S   ?
[INFO ][2016-01-05 17:50:26,112][com.java.SeleniumDriver] [  832] - ------------------------------------------
[INFO ][2016-01-05 17:50:26,112][com.java.SeleniumDriver] [  833] - Test case being Executed: 2
[INFO ][2016-01-05 17:50:26,112][com.java.SeleniumDriver] [  845] - Test step:27
[INFO ][2016-01-05 17:50:26,113][com.java.SeleniumDriver] [  857] - Datavalue is----------dt:NewUserPswd
[INFO ][2016-01-05 17:50:26,113][com.java.SeleniumDriver] [  881] - DataField : TXTtxtPasswordConfirm
[INFO ][2016-01-05 17:50:26,113][com.java.SeleniumDriver] [  883] - DataValue : dt:NewUserPswd
[INFO ][2016-01-05 17:50:26,113][com.java.SeleniumDriver] [  889] - <In Set values of the page>
[INFO ][2016-01-05 17:50:26,113][com.java.SeleniumDriver] [  892] - {Data Fields & Data Values Exist}
[INFO ][2016-01-05 17:50:26,113][com.java.SeleniumDriver] [  894] - --------------------------setting values-----------------------------
[INFO ][2016-01-05 17:50:26,113][com.java.SeleniumDriver] [  897] - Action Type : CLEARANDENTER
[INFO ][2016-01-05 17:50:26,113][com.java.TestType] [ 5705] - value = Password1*
[INFO ][2016-01-05 17:50:28,713][com.java.SeleniumDriver] [  906] -  RESULT true
[INFO ][2016-01-05 17:50:28,713][com.java.SeleniumDriver] [ 1112] - ?   P A S S   ?
[INFO ][2016-01-05 17:50:28,714][com.java.SeleniumDriver] [  832] - ------------------------------------------
[INFO ][2016-01-05 17:50:28,714][com.java.SeleniumDriver] [  833] - Test case being Executed: 2
[INFO ][2016-01-05 17:50:28,714][com.java.SeleniumDriver] [  845] - Test step:28
[INFO ][2016-01-05 17:50:28,714][com.java.SeleniumDriver] [  857] - Datavalue is----------5
[INFO ][2016-01-05 17:50:28,715][com.java.SeleniumDriver] [  881] - DataField : test
[INFO ][2016-01-05 17:50:28,715][com.java.SeleniumDriver] [  883] - DataValue : 5
[INFO ][2016-01-05 17:50:28,715][com.java.SeleniumDriver] [  889] - <In Set values of the page>
[INFO ][2016-01-05 17:50:28,715][com.java.SeleniumDriver] [  892] - {Data Fields & Data Values Exist}
[INFO ][2016-01-05 17:50:28,715][com.java.SeleniumDriver] [  894] - --------------------------setting values-----------------------------
[INFO ][2016-01-05 17:50:28,715][com.java.SeleniumDriver] [  897] - Action Type : WaitTime
[DEBUG][2016-01-05 17:50:28,715][com.java.TestType] [ 5525] - sleepTime: 5000
[INFO ][2016-01-05 17:50:33,716][com.java.SeleniumDriver] [  906] -  RESULT true
[INFO ][2016-01-05 17:50:33,716][com.java.SeleniumDriver] [ 1112] - ?   P A S S   ?
[INFO ][2016-01-05 17:50:33,716][com.java.SeleniumDriver] [  832] - ------------------------------------------
[INFO ][2016-01-05 17:50:33,716][com.java.SeleniumDriver] [  833] - Test case being Executed: 2
[INFO ][2016-01-05 17:50:33,716][com.java.SeleniumDriver] [  845] - Test step:29
[INFO ][2016-01-05 17:50:33,716][com.java.SeleniumDriver] [  857] - Datavalue is----------null
[DEBUG][2016-01-05 17:50:33,716][com.java.SeleniumDriver] [  875] - Exception: null
[INFO ][2016-01-05 17:50:33,716][com.java.SeleniumDriver] [  881] - DataField : BTNparent
[INFO ][2016-01-05 17:50:33,718][com.java.SeleniumDriver] [  883] - DataValue : 
[INFO ][2016-01-05 17:50:33,718][com.java.SeleniumDriver] [  889] - <In Set values of the page>
[INFO ][2016-01-05 17:50:33,718][com.java.SeleniumDriver] [  892] - {Data Fields & Data Values Exist}
[INFO ][2016-01-05 17:50:33,718][com.java.SeleniumDriver] [  894] - --------------------------setting values-----------------------------
[INFO ][2016-01-05 17:50:33,718][com.java.SeleniumDriver] [  897] - Action Type : SelectFrame
[INFO ][2016-01-05 17:50:33,733][com.java.SeleniumDriver] [  906] -  RESULT true
[INFO ][2016-01-05 17:50:33,733][com.java.SeleniumDriver] [ 1112] - ?   P A S S   ?
[INFO ][2016-01-05 17:50:33,733][com.java.SeleniumDriver] [  832] - ------------------------------------------
[INFO ][2016-01-05 17:50:33,733][com.java.SeleniumDriver] [  833] - Test case being Executed: 2
[INFO ][2016-01-05 17:50:33,733][com.java.SeleniumDriver] [  845] - Test step:30
[INFO ][2016-01-05 17:50:33,733][com.java.SeleniumDriver] [  857] - Datavalue is----------null
[DEBUG][2016-01-05 17:50:33,733][com.java.SeleniumDriver] [  875] - Exception: null
[INFO ][2016-01-05 17:50:33,734][com.java.SeleniumDriver] [  881] - DataField : XPH//span[contains(text(), 'Finished')]
[INFO ][2016-01-05 17:50:33,734][com.java.SeleniumDriver] [  883] - DataValue : 
[INFO ][2016-01-05 17:50:33,734][com.java.SeleniumDriver] [  889] - <In Set values of the page>
[INFO ][2016-01-05 17:50:33,734][com.java.SeleniumDriver] [  892] - {Data Fields & Data Values Exist}
[INFO ][2016-01-05 17:50:33,734][com.java.SeleniumDriver] [  894] - --------------------------setting values-----------------------------
[INFO ][2016-01-05 17:50:33,734][com.java.SeleniumDriver] [  897] - Action Type : Click
[INFO ][2016-01-05 17:50:33,734][com.java.TestType] [ 6084] - Field ::XPH//span[contains(text(), 'Finished')]
[INFO ][2016-01-05 17:50:33,734][com.java.TestType] [ 5705] - value = 
[INFO ][2016-01-05 17:50:34,734][com.java.TestType] [ 6221] - BEFORE CLICK
[INFO ][2016-01-05 17:50:35,635][com.java.TestType] [ 6229] - Unable to click the object Finished button
[INFO ][2016-01-05 17:50:35,635][com.java.SeleniumDriver] [  906] -  RESULT true
[INFO ][2016-01-05 17:50:35,635][com.java.SeleniumDriver] [ 1112] - ?   P A S S   ?
[INFO ][2016-01-05 17:50:35,635][com.java.SeleniumDriver] [  832] - ------------------------------------------
[INFO ][2016-01-05 17:50:35,635][com.java.SeleniumDriver] [  833] - Test case being Executed: 2
[INFO ][2016-01-05 17:50:35,635][com.java.SeleniumDriver] [  845] - Test step:31
[INFO ][2016-01-05 17:50:35,635][com.java.SeleniumDriver] [  857] - Datavalue is----------5
[INFO ][2016-01-05 17:50:35,635][com.java.SeleniumDriver] [  881] - DataField : test
[INFO ][2016-01-05 17:50:35,635][com.java.SeleniumDriver] [  883] - DataValue : 5
[INFO ][2016-01-05 17:50:35,635][com.java.SeleniumDriver] [  889] - <In Set values of the page>
[INFO ][2016-01-05 17:50:35,635][com.java.SeleniumDriver] [  892] - {Data Fields & Data Values Exist}
[INFO ][2016-01-05 17:50:35,635][com.java.SeleniumDriver] [  894] - --------------------------setting values-----------------------------
[INFO ][2016-01-05 17:50:35,635][com.java.SeleniumDriver] [  897] - Action Type : WaitTime
[DEBUG][2016-01-05 17:50:35,636][com.java.TestType] [ 5525] - sleepTime: 5000
[INFO ][2016-01-05 17:50:40,636][com.java.SeleniumDriver] [  906] -  RESULT true
[INFO ][2016-01-05 17:50:40,636][com.java.SeleniumDriver] [ 1112] - ?   P A S S   ?
[INFO ][2016-01-05 17:50:40,636][com.java.SeleniumDriver] [  832] - ------------------------------------------
[INFO ][2016-01-05 17:50:40,636][com.java.SeleniumDriver] [  833] - Test case being Executed: 2
[INFO ][2016-01-05 17:50:40,636][com.java.SeleniumDriver] [  845] - Test step:32
[INFO ][2016-01-05 17:50:40,636][com.java.SeleniumDriver] [  857] - Datavalue is----------null
[DEBUG][2016-01-05 17:50:40,636][com.java.SeleniumDriver] [  875] - Exception: null
[INFO ][2016-01-05 17:50:40,636][com.java.SeleniumDriver] [  881] - DataField : BTNframeDialogContent
[INFO ][2016-01-05 17:50:40,636][com.java.SeleniumDriver] [  883] - DataValue : 
[INFO ][2016-01-05 17:50:40,636][com.java.SeleniumDriver] [  889] - <In Set values of the page>
[INFO ][2016-01-05 17:50:40,636][com.java.SeleniumDriver] [  892] - {Data Fields & Data Values Exist}
[INFO ][2016-01-05 17:50:40,636][com.java.SeleniumDriver] [  894] - --------------------------setting values-----------------------------
[INFO ][2016-01-05 17:50:40,637][com.java.SeleniumDriver] [  897] - Action Type : SelectFrame
[INFO ][2016-01-05 17:50:41,950][com.java.SeleniumDriver] [  906] -  RESULT true
[INFO ][2016-01-05 17:50:41,950][com.java.SeleniumDriver] [ 1112] - ?   P A S S   ?
[INFO ][2016-01-05 17:50:41,950][com.java.SeleniumDriver] [  832] - ------------------------------------------
[INFO ][2016-01-05 17:50:41,950][com.java.SeleniumDriver] [  833] - Test case being Executed: 2
[INFO ][2016-01-05 17:50:41,950][com.java.SeleniumDriver] [  845] - Test step:33
[INFO ][2016-01-05 17:50:41,950][com.java.SeleniumDriver] [  857] - Datavalue is----------null
[DEBUG][2016-01-05 17:50:41,950][com.java.SeleniumDriver] [  875] - Exception: null
[INFO ][2016-01-05 17:50:41,950][com.java.SeleniumDriver] [  881] - DataField : BTNchkGlobalPrivsUserAdmin
[INFO ][2016-01-05 17:50:41,950][com.java.SeleniumDriver] [  883] - DataValue : 
[INFO ][2016-01-05 17:50:41,951][com.java.SeleniumDriver] [  889] - <In Set values of the page>
[INFO ][2016-01-05 17:50:41,951][com.java.SeleniumDriver] [  892] - {Data Fields & Data Values Exist}
[INFO ][2016-01-05 17:50:41,951][com.java.SeleniumDriver] [  894] - --------------------------setting values-----------------------------
[INFO ][2016-01-05 17:50:41,951][com.java.SeleniumDriver] [  897] - Action Type : Click
[INFO ][2016-01-05 17:50:41,951][com.java.TestType] [ 6084] - Field ::BTNchkGlobalPrivsUserAdmin
[INFO ][2016-01-05 17:50:41,951][com.java.TestType] [ 5705] - value = 
[INFO ][2016-01-05 17:50:42,951][com.java.TestType] [ 6200] - BEFORE CLICK
[INFO ][2016-01-05 17:50:44,185][com.java.TestType] [ 6207] - Unable to click the object User Admin check box
[INFO ][2016-01-05 17:50:44,185][com.java.SeleniumDriver] [  906] -  RESULT true
[INFO ][2016-01-05 17:50:44,185][com.java.SeleniumDriver] [ 1112] - ?   P A S S   ?
[INFO ][2016-01-05 17:50:44,185][com.java.SeleniumDriver] [  832] - ------------------------------------------
[INFO ][2016-01-05 17:50:44,185][com.java.SeleniumDriver] [  833] - Test case being Executed: 2
[INFO ][2016-01-05 17:50:44,185][com.java.SeleniumDriver] [  845] - Test step:34
[INFO ][2016-01-05 17:50:44,185][com.java.SeleniumDriver] [  857] - Datavalue is----------index:1
[INFO ][2016-01-05 17:50:44,185][com.java.SeleniumDriver] [  881] - DataField : COBddlEntityAccess
[INFO ][2016-01-05 17:50:44,185][com.java.SeleniumDriver] [  883] - DataValue : index:1
[INFO ][2016-01-05 17:50:44,185][com.java.SeleniumDriver] [  889] - <In Set values of the page>
[INFO ][2016-01-05 17:50:44,186][com.java.SeleniumDriver] [  892] - {Data Fields & Data Values Exist}
[INFO ][2016-01-05 17:50:44,186][com.java.SeleniumDriver] [  894] - --------------------------setting values-----------------------------
[INFO ][2016-01-05 17:50:44,186][com.java.SeleniumDriver] [  897] - Action Type : select
[INFO ][2016-01-05 17:50:44,186][com.java.TestType] [ 5705] - value = 1
[INFO ][2016-01-05 17:50:45,324][com.java.TestType] [ 5823] -  In COB ddlEntityAccess : 1
[INFO ][2016-01-05 17:50:46,035][com.java.SeleniumDriver] [  906] -  RESULT true
[INFO ][2016-01-05 17:50:46,035][com.java.SeleniumDriver] [ 1112] - ?   P A S S   ?
[INFO ][2016-01-05 17:50:46,035][com.java.SeleniumDriver] [ 1154] - step change to 36
[INFO ][2016-01-05 17:50:46,035][com.java.SeleniumDriver] [  832] - ------------------------------------------
[INFO ][2016-01-05 17:50:46,035][com.java.SeleniumDriver] [  833] - Test case being Executed: 2
[INFO ][2016-01-05 17:50:46,035][com.java.SeleniumDriver] [  845] - Test step:36
[INFO ][2016-01-05 17:50:46,035][com.java.SeleniumDriver] [  857] - Datavalue is----------null
[DEBUG][2016-01-05 17:50:46,035][com.java.SeleniumDriver] [  875] - Exception: null
[INFO ][2016-01-05 17:50:46,036][com.java.SeleniumDriver] [  881] - DataField : BTNrdoEnableEntity_Enable
[INFO ][2016-01-05 17:50:46,036][com.java.SeleniumDriver] [  883] - DataValue : 
[INFO ][2016-01-05 17:50:46,036][com.java.SeleniumDriver] [  889] - <In Set values of the page>
[INFO ][2016-01-05 17:50:46,036][com.java.SeleniumDriver] [  892] - {Data Fields & Data Values Exist}
[INFO ][2016-01-05 17:50:46,036][com.java.SeleniumDriver] [  894] - --------------------------setting values-----------------------------
[INFO ][2016-01-05 17:50:46,036][com.java.SeleniumDriver] [  897] - Action Type : Click
[INFO ][2016-01-05 17:50:46,036][com.java.TestType] [ 6084] - Field ::BTNrdoEnableEntity_Enable
[INFO ][2016-01-05 17:50:46,036][com.java.TestType] [ 5705] - value = 
[INFO ][2016-01-05 17:50:47,036][com.java.TestType] [ 6200] - BEFORE CLICK
[INFO ][2016-01-05 17:50:48,263][com.java.TestType] [ 6207] - Unable to click the object Enable radio button
[INFO ][2016-01-05 17:50:48,263][com.java.SeleniumDriver] [  906] -  RESULT true
[INFO ][2016-01-05 17:50:48,263][com.java.SeleniumDriver] [ 1112] - ?   P A S S   ?
[INFO ][2016-01-05 17:50:48,263][com.java.SeleniumDriver] [  832] - ------------------------------------------
[INFO ][2016-01-05 17:50:48,263][com.java.SeleniumDriver] [  833] - Test case being Executed: 2
[INFO ][2016-01-05 17:50:48,263][com.java.SeleniumDriver] [  845] - Test step:37
[INFO ][2016-01-05 17:50:48,263][com.java.SeleniumDriver] [  857] - Datavalue is----------null
[DEBUG][2016-01-05 17:50:48,263][com.java.SeleniumDriver] [  875] - Exception: null
[INFO ][2016-01-05 17:50:48,263][com.java.SeleniumDriver] [  881] - DataField : BTNchkProfitCenterAll
[INFO ][2016-01-05 17:50:48,263][com.java.SeleniumDriver] [  883] - DataValue : 
[INFO ][2016-01-05 17:50:48,264][com.java.SeleniumDriver] [  889] - <In Set values of the page>
[INFO ][2016-01-05 17:50:48,264][com.java.SeleniumDriver] [  892] - {Data Fields & Data Values Exist}
[INFO ][2016-01-05 17:50:48,264][com.java.SeleniumDriver] [  894] - --------------------------setting values-----------------------------
[INFO ][2016-01-05 17:50:48,264][com.java.SeleniumDriver] [  897] - Action Type : Click
[INFO ][2016-01-05 17:50:48,264][com.java.TestType] [ 6084] - Field ::BTNchkProfitCenterAll
[INFO ][2016-01-05 17:50:48,264][com.java.TestType] [ 5705] - value = 
[INFO ][2016-01-05 17:50:49,264][com.java.TestType] [ 6200] - BEFORE CLICK
[INFO ][2016-01-05 17:50:50,491][com.java.TestType] [ 6207] - Unable to click the object All Check box
[INFO ][2016-01-05 17:50:50,491][com.java.SeleniumDriver] [  906] -  RESULT true
[INFO ][2016-01-05 17:50:50,491][com.java.SeleniumDriver] [ 1112] - ?   P A S S   ?
[INFO ][2016-01-05 17:50:50,491][com.java.SeleniumDriver] [  832] - ------------------------------------------
[INFO ][2016-01-05 17:50:50,491][com.java.SeleniumDriver] [  833] - Test case being Executed: 2
[INFO ][2016-01-05 17:50:50,491][com.java.SeleniumDriver] [  845] - Test step:38
[INFO ][2016-01-05 17:50:50,491][com.java.SeleniumDriver] [  857] - Datavalue is----------null
[DEBUG][2016-01-05 17:50:50,491][com.java.SeleniumDriver] [  875] - Exception: null
[INFO ][2016-01-05 17:50:50,491][com.java.SeleniumDriver] [  881] - DataField : BTNchkPrivsAccessGL
[INFO ][2016-01-05 17:50:50,492][com.java.SeleniumDriver] [  883] - DataValue : 
[INFO ][2016-01-05 17:50:50,492][com.java.SeleniumDriver] [  889] - <In Set values of the page>
[INFO ][2016-01-05 17:50:50,492][com.java.SeleniumDriver] [  892] - {Data Fields & Data Values Exist}
[INFO ][2016-01-05 17:50:50,492][com.java.SeleniumDriver] [  894] - --------------------------setting values-----------------------------
[INFO ][2016-01-05 17:50:50,492][com.java.SeleniumDriver] [  897] - Action Type : Click
[INFO ][2016-01-05 17:50:50,492][com.java.TestType] [ 6084] - Field ::BTNchkPrivsAccessGL
[INFO ][2016-01-05 17:50:50,492][com.java.TestType] [ 5705] - value = 
[INFO ][2016-01-05 17:50:51,493][com.java.TestType] [ 6200] - BEFORE CLICK
[INFO ][2016-01-05 17:50:52,697][com.java.TestType] [ 6207] - Unable to click the object GL check box
[INFO ][2016-01-05 17:50:52,697][com.java.SeleniumDriver] [  906] -  RESULT true
[INFO ][2016-01-05 17:50:52,697][com.java.SeleniumDriver] [ 1112] - ?   P A S S   ?
[INFO ][2016-01-05 17:50:52,697][com.java.SeleniumDriver] [  832] - ------------------------------------------
[INFO ][2016-01-05 17:50:52,697][com.java.SeleniumDriver] [  833] - Test case being Executed: 2
[INFO ][2016-01-05 17:50:52,697][com.java.SeleniumDriver] [  845] - Test step:39
[INFO ][2016-01-05 17:50:52,697][com.java.SeleniumDriver] [  857] - Datavalue is----------null
[DEBUG][2016-01-05 17:50:52,697][com.java.SeleniumDriver] [  875] - Exception: null
[INFO ][2016-01-05 17:50:52,697][com.java.SeleniumDriver] [  881] - DataField : BTNparent
[INFO ][2016-01-05 17:50:52,698][com.java.SeleniumDriver] [  883] - DataValue : 
[INFO ][2016-01-05 17:50:52,698][com.java.SeleniumDriver] [  889] - <In Set values of the page>
[INFO ][2016-01-05 17:50:52,698][com.java.SeleniumDriver] [  892] - {Data Fields & Data Values Exist}
[INFO ][2016-01-05 17:50:52,698][com.java.SeleniumDriver] [  894] - --------------------------setting values-----------------------------
[INFO ][2016-01-05 17:50:52,698][com.java.SeleniumDriver] [  897] - Action Type : SelectFrame
[INFO ][2016-01-05 17:50:52,713][com.java.SeleniumDriver] [  906] -  RESULT true
[INFO ][2016-01-05 17:50:52,713][com.java.SeleniumDriver] [ 1112] - ?   P A S S   ?
[INFO ][2016-01-05 17:50:52,713][com.java.SeleniumDriver] [  832] - ------------------------------------------
[INFO ][2016-01-05 17:50:52,713][com.java.SeleniumDriver] [  833] - Test case being Executed: 2
[INFO ][2016-01-05 17:50:52,713][com.java.SeleniumDriver] [  845] - Test step:40
[INFO ][2016-01-05 17:50:52,713][com.java.SeleniumDriver] [  857] - Datavalue is----------5
[INFO ][2016-01-05 17:50:52,713][com.java.SeleniumDriver] [  881] - DataField : test
[INFO ][2016-01-05 17:50:52,713][com.java.SeleniumDriver] [  883] - DataValue : 5
[INFO ][2016-01-05 17:50:52,713][com.java.SeleniumDriver] [  889] - <In Set values of the page>
[INFO ][2016-01-05 17:50:52,713][com.java.SeleniumDriver] [  892] - {Data Fields & Data Values Exist}
[INFO ][2016-01-05 17:50:52,714][com.java.SeleniumDriver] [  894] - --------------------------setting values-----------------------------
[INFO ][2016-01-05 17:50:52,714][com.java.SeleniumDriver] [  897] - Action Type : WaitTime
[DEBUG][2016-01-05 17:50:52,714][com.java.TestType] [ 5525] - sleepTime: 5000
[INFO ][2016-01-05 17:50:57,714][com.java.SeleniumDriver] [  906] -  RESULT true
[INFO ][2016-01-05 17:50:57,714][com.java.SeleniumDriver] [ 1112] - ?   P A S S   ?
[INFO ][2016-01-05 17:50:57,714][com.java.SeleniumDriver] [  832] - ------------------------------------------
[INFO ][2016-01-05 17:50:57,714][com.java.SeleniumDriver] [  833] - Test case being Executed: 2
[INFO ][2016-01-05 17:50:57,714][com.java.SeleniumDriver] [  845] - Test step:41
[INFO ][2016-01-05 17:50:57,714][com.java.SeleniumDriver] [  857] - Datavalue is----------null
[DEBUG][2016-01-05 17:50:57,714][com.java.SeleniumDriver] [  875] - Exception: null
[INFO ][2016-01-05 17:50:57,714][com.java.SeleniumDriver] [  881] - DataField : XPH//span[contains(text(), 'Finished')]
[INFO ][2016-01-05 17:50:57,714][com.java.SeleniumDriver] [  883] - DataValue : 
[INFO ][2016-01-05 17:50:57,714][com.java.SeleniumDriver] [  889] - <In Set values of the page>
[INFO ][2016-01-05 17:50:57,714][com.java.SeleniumDriver] [  892] - {Data Fields & Data Values Exist}
[INFO ][2016-01-05 17:50:57,714][com.java.SeleniumDriver] [  894] - --------------------------setting values-----------------------------
[INFO ][2016-01-05 17:50:57,714][com.java.SeleniumDriver] [  897] - Action Type : Click
[INFO ][2016-01-05 17:50:57,715][com.java.TestType] [ 6084] - Field ::XPH//span[contains(text(), 'Finished')]
[INFO ][2016-01-05 17:50:57,715][com.java.TestType] [ 5705] - value = 
[INFO ][2016-01-05 17:50:58,715][com.java.TestType] [ 6221] - BEFORE CLICK
[INFO ][2016-01-05 17:51:07,528][com.java.TestType] [ 6229] - Unable to click the object Finished button
[INFO ][2016-01-05 17:51:07,528][com.java.SeleniumDriver] [  906] -  RESULT true
[INFO ][2016-01-05 17:51:07,528][com.java.SeleniumDriver] [ 1112] - ?   P A S S   ?
[INFO ][2016-01-05 17:51:07,528][com.java.SeleniumDriver] [  832] - ------------------------------------------
[INFO ][2016-01-05 17:51:07,528][com.java.SeleniumDriver] [  833] - Test case being Executed: 2
[INFO ][2016-01-05 17:51:07,528][com.java.SeleniumDriver] [  845] - Test step:42
[INFO ][2016-01-05 17:51:07,528][com.java.SeleniumDriver] [  857] - Datavalue is----------5
[INFO ][2016-01-05 17:51:07,528][com.java.SeleniumDriver] [  881] - DataField : BTNframeDialogContent
[INFO ][2016-01-05 17:51:07,528][com.java.SeleniumDriver] [  883] - DataValue : 5
[INFO ][2016-01-05 17:51:07,528][com.java.SeleniumDriver] [  889] - <In Set values of the page>
[INFO ][2016-01-05 17:51:07,528][com.java.SeleniumDriver] [  892] - {Data Fields & Data Values Exist}
[INFO ][2016-01-05 17:51:07,529][com.java.SeleniumDriver] [  894] - --------------------------setting values-----------------------------
[INFO ][2016-01-05 17:51:07,529][com.java.SeleniumDriver] [  897] - Action Type : WaitForElement
[INFO ][2016-01-05 17:51:08,757][com.java.SeleniumDriver] [  906] -  RESULT true
[INFO ][2016-01-05 17:51:08,757][com.java.SeleniumDriver] [ 1112] - ?   P A S S   ?
[INFO ][2016-01-05 17:51:08,757][com.java.SeleniumDriver] [  832] - ------------------------------------------
[INFO ][2016-01-05 17:51:08,757][com.java.SeleniumDriver] [  833] - Test case being Executed: 2
[INFO ][2016-01-05 17:51:08,757][com.java.SeleniumDriver] [  845] - Test step:43
[INFO ][2016-01-05 17:51:08,757][com.java.SeleniumDriver] [  857] - Datavalue is----------null
[DEBUG][2016-01-05 17:51:08,758][com.java.SeleniumDriver] [  875] - Exception: null
[INFO ][2016-01-05 17:51:08,758][com.java.SeleniumDriver] [  881] - DataField : BTNframeDialogContent
[INFO ][2016-01-05 17:51:08,758][com.java.SeleniumDriver] [  883] - DataValue : 
[INFO ][2016-01-05 17:51:08,758][com.java.SeleniumDriver] [  889] - <In Set values of the page>
[INFO ][2016-01-05 17:51:08,758][com.java.SeleniumDriver] [  892] - {Data Fields & Data Values Exist}
[INFO ][2016-01-05 17:51:08,758][com.java.SeleniumDriver] [  894] - --------------------------setting values-----------------------------
[INFO ][2016-01-05 17:51:08,758][com.java.SeleniumDriver] [  897] - Action Type : SelectFrame
[INFO ][2016-01-05 17:51:10,010][com.java.SeleniumDriver] [  906] -  RESULT true
[INFO ][2016-01-05 17:51:10,010][com.java.SeleniumDriver] [ 1112] - ?   P A S S   ?
[INFO ][2016-01-05 17:51:10,010][com.java.SeleniumDriver] [  832] - ------------------------------------------
[INFO ][2016-01-05 17:51:10,010][com.java.SeleniumDriver] [  833] - Test case being Executed: 2
[INFO ][2016-01-05 17:51:10,010][com.java.SeleniumDriver] [  845] - Test step:44
[INFO ][2016-01-05 17:51:10,010][com.java.SeleniumDriver] [  857] - Datavalue is----------null
[DEBUG][2016-01-05 17:51:10,010][com.java.SeleniumDriver] [  875] - Exception: null
[INFO ][2016-01-05 17:51:10,010][com.java.SeleniumDriver] [  881] - DataField : XPH//table[@id="tblUserListing"]//td[contains(text(),'vltest.robot')]
[INFO ][2016-01-05 17:51:10,010][com.java.SeleniumDriver] [  883] - DataValue : 
[INFO ][2016-01-05 17:51:10,010][com.java.SeleniumDriver] [  889] - <In Set values of the page>
[INFO ][2016-01-05 17:51:10,010][com.java.SeleniumDriver] [  892] - {Data Fields & Data Values Exist}
[INFO ][2016-01-05 17:51:10,010][com.java.SeleniumDriver] [  894] - --------------------------setting values-----------------------------
[INFO ][2016-01-05 17:51:10,011][com.java.SeleniumDriver] [  897] - Action Type : WaitForElement
[INFO ][2016-01-05 17:51:10,046][com.java.SeleniumDriver] [  906] -  RESULT true
[INFO ][2016-01-05 17:51:10,046][com.java.SeleniumDriver] [ 1112] - ?   P A S S   ?
[INFO ][2016-01-05 17:51:10,046][com.java.SeleniumDriver] [  832] - ------------------------------------------
[INFO ][2016-01-05 17:51:10,046][com.java.SeleniumDriver] [  833] - Test case being Executed: 2
[INFO ][2016-01-05 17:51:10,047][com.java.SeleniumDriver] [  845] - Test step:45
[INFO ][2016-01-05 17:51:10,047][com.java.SeleniumDriver] [  857] - Datavalue is----------HMVGivenNewUserName
[INFO ][2016-01-05 17:51:10,047][com.java.SeleniumDriver] [  881] - DataField : USR
[INFO ][2016-01-05 17:51:10,047][com.java.SeleniumDriver] [  883] - DataValue : HMVGivenNewUserName
[INFO ][2016-01-05 17:51:10,047][com.java.SeleniumDriver] [  889] - <In Set values of the page>
[INFO ][2016-01-05 17:51:10,047][com.java.SeleniumDriver] [  892] - {Data Fields & Data Values Exist}
[INFO ][2016-01-05 17:51:10,047][com.java.SeleniumDriver] [  894] - --------------------------setting values-----------------------------
[INFO ][2016-01-05 17:51:10,047][com.java.SeleniumDriver] [  897] - Action Type : Verify
[INFO ][2016-01-05 17:51:10,047][com.java.TestType] [ 7081] - field= USR value= HMVGivenNewUserName
[INFO ][2016-01-05 17:51:10,047][com.java.TestType] [ 5705] - value = vltest.robot69744
[INFO ][2016-01-05 17:51:10,097][com.java.SeleniumDriver] [  906] -  RESULT true
[INFO ][2016-01-05 17:51:10,097][com.java.SeleniumDriver] [ 1112] - ?   P A S S   ?
[INFO ][2016-01-05 17:51:10,097][com.java.SeleniumDriver] [  832] - ------------------------------------------
[INFO ][2016-01-05 17:51:10,097][com.java.SeleniumDriver] [  833] - Test case being Executed: 2
[INFO ][2016-01-05 17:51:10,097][com.java.SeleniumDriver] [  845] - Test step:46
[INFO ][2016-01-05 17:51:10,097][com.java.SeleniumDriver] [  857] - Datavalue is----------GivenNewUserName::Login_username
[INFO ][2016-01-05 17:51:10,097][com.java.SeleniumDriver] [  881] - DataField : PVP//table[@id="tblUserListing"]//td[contains(text(),'mytext')]
[INFO ][2016-01-05 17:51:10,098][com.java.SeleniumDriver] [  883] - DataValue : GivenNewUserName::Login_username
[INFO ][2016-01-05 17:51:10,098][com.java.SeleniumDriver] [  889] - <In Set values of the page>
[INFO ][2016-01-05 17:51:10,098][com.java.SeleniumDriver] [  892] - {Data Fields & Data Values Exist}
[INFO ][2016-01-05 17:51:10,098][com.java.SeleniumDriver] [  894] - --------------------------setting values-----------------------------
[INFO ][2016-01-05 17:51:10,098][com.java.SeleniumDriver] [  897] - Action Type : STOREVALUE
[INFO ][2016-01-05 17:51:10,098][com.java.TestType] [ 8399] - field= PVP//table[@id="tblUserListing"]//td[contains(text(),'mytext')]
[DEBUG][2016-01-05 17:51:10,202][com.java.TestType] [ 8695] - Key:: GivenNewUserName::Login_username  Value:: vltest.robot69744.00058
[INFO ][2016-01-05 17:51:10,203][com.java.SeleniumDriver] [  906] -  RESULT true
[INFO ][2016-01-05 17:51:10,203][com.java.SeleniumDriver] [ 1112] - ?   P A S S   ?
[INFO ][2016-01-05 17:51:10,203][com.java.SeleniumDriver] [  832] - ------------------------------------------
[INFO ][2016-01-05 17:51:10,203][com.java.SeleniumDriver] [  833] - Test case being Executed: 2
[INFO ][2016-01-05 17:51:10,203][com.java.SeleniumDriver] [  845] - Test step:47
[INFO ][2016-01-05 17:51:10,203][com.java.SeleniumDriver] [  857] - Datavalue is----------null
[DEBUG][2016-01-05 17:51:10,203][com.java.SeleniumDriver] [  875] - Exception: null
[INFO ][2016-01-05 17:51:10,203][com.java.SeleniumDriver] [  881] - DataField : BTNparent
[INFO ][2016-01-05 17:51:10,203][com.java.SeleniumDriver] [  883] - DataValue : 
[INFO ][2016-01-05 17:51:10,204][com.java.SeleniumDriver] [  889] - <In Set values of the page>
[INFO ][2016-01-05 17:51:10,204][com.java.SeleniumDriver] [  892] - {Data Fields & Data Values Exist}
[INFO ][2016-01-05 17:51:10,204][com.java.SeleniumDriver] [  894] - --------------------------setting values-----------------------------
[INFO ][2016-01-05 17:51:10,204][com.java.SeleniumDriver] [  897] - Action Type : SelectFrame
[INFO ][2016-01-05 17:51:10,219][com.java.SeleniumDriver] [  906] -  RESULT true
[INFO ][2016-01-05 17:51:10,219][com.java.SeleniumDriver] [ 1112] - ?   P A S S   ?
[INFO ][2016-01-05 17:51:10,219][com.java.SeleniumDriver] [  832] - ------------------------------------------
[INFO ][2016-01-05 17:51:10,219][com.java.SeleniumDriver] [  833] - Test case being Executed: 2
[INFO ][2016-01-05 17:51:10,219][com.java.SeleniumDriver] [  845] - Test step:48
[INFO ][2016-01-05 17:51:10,219][com.java.SeleniumDriver] [  857] - Datavalue is----------null
[DEBUG][2016-01-05 17:51:10,219][com.java.SeleniumDriver] [  875] - Exception: null
[INFO ][2016-01-05 17:51:10,220][com.java.SeleniumDriver] [  881] - DataField : XPH//span[contains(text(), 'Finished')]
[INFO ][2016-01-05 17:51:10,220][com.java.SeleniumDriver] [  883] - DataValue : 
[INFO ][2016-01-05 17:51:10,220][com.java.SeleniumDriver] [  889] - <In Set values of the page>
[INFO ][2016-01-05 17:51:10,220][com.java.SeleniumDriver] [  892] - {Data Fields & Data Values Exist}
[INFO ][2016-01-05 17:51:10,220][com.java.SeleniumDriver] [  894] - --------------------------setting values-----------------------------
[INFO ][2016-01-05 17:51:10,220][com.java.SeleniumDriver] [  897] - Action Type : Click
[INFO ][2016-01-05 17:51:10,220][com.java.TestType] [ 6084] - Field ::XPH//span[contains(text(), 'Finished')]
[INFO ][2016-01-05 17:51:10,220][com.java.TestType] [ 5705] - value = 
[INFO ][2016-01-05 17:51:11,220][com.java.TestType] [ 6221] - BEFORE CLICK
[INFO ][2016-01-05 17:51:12,484][com.java.TestType] [ 6229] - Unable to click the object Finished button
[INFO ][2016-01-05 17:51:12,484][com.java.SeleniumDriver] [  906] -  RESULT true
[INFO ][2016-01-05 17:51:12,484][com.java.SeleniumDriver] [ 1112] - ?   P A S S   ?
[INFO ][2016-01-05 17:51:12,484][com.java.SeleniumDriver] [  832] - ------------------------------------------
[INFO ][2016-01-05 17:51:12,484][com.java.SeleniumDriver] [  833] - Test case being Executed: 2
[INFO ][2016-01-05 17:51:12,484][com.java.SeleniumDriver] [  845] - Test step:49
[INFO ][2016-01-05 17:51:12,484][com.java.SeleniumDriver] [  857] - Datavalue is----------3
[INFO ][2016-01-05 17:51:12,484][com.java.SeleniumDriver] [  881] - DataField : XPH//div[contains(text(), 'My Dashboard')]
[INFO ][2016-01-05 17:51:12,484][com.java.SeleniumDriver] [  883] - DataValue : 3
[INFO ][2016-01-05 17:51:12,484][com.java.SeleniumDriver] [  889] - <In Set values of the page>
[INFO ][2016-01-05 17:51:12,484][com.java.SeleniumDriver] [  892] - {Data Fields & Data Values Exist}
[INFO ][2016-01-05 17:51:12,484][com.java.SeleniumDriver] [  894] - --------------------------setting values-----------------------------
[INFO ][2016-01-05 17:51:12,484][com.java.SeleniumDriver] [  897] - Action Type : WAITFORELEMENT
[INFO ][2016-01-05 17:51:12,569][com.java.SeleniumDriver] [  906] -  RESULT true
[INFO ][2016-01-05 17:51:12,569][com.java.SeleniumDriver] [ 1112] - ?   P A S S   ?
[INFO ][2016-01-05 17:51:12,569][com.java.SeleniumDriver] [  832] - ------------------------------------------
[INFO ][2016-01-05 17:51:12,569][com.java.SeleniumDriver] [  833] - Test case being Executed: 2
[INFO ][2016-01-05 17:51:12,569][com.java.SeleniumDriver] [  845] - Test step:50
[INFO ][2016-01-05 17:51:12,569][com.java.SeleniumDriver] [  857] - Datavalue is----------Concept#3:1-2
[INFO ][2016-01-05 17:51:12,569][com.java.SeleniumDriver] [  881] - DataField : test
[INFO ][2016-01-05 17:51:12,569][com.java.SeleniumDriver] [  883] - DataValue : Concept#3:1-2
[INFO ][2016-01-05 17:51:12,570][com.java.SeleniumDriver] [  889] - <In Set values of the page>
[INFO ][2016-01-05 17:51:12,570][com.java.SeleniumDriver] [  892] - {Data Fields & Data Values Exist}
[INFO ][2016-01-05 17:51:12,570][com.java.SeleniumDriver] [  894] - --------------------------setting values-----------------------------
[INFO ][2016-01-05 17:51:12,570][com.java.SeleniumDriver] [  897] - Action Type : ExecuteTestCase
[INFO ][2016-01-05 17:51:12,570][com.java.TestType] [  437] - The Concept sheet name is ---------- Concept
[INFO ][2016-01-05 17:51:12,570][com.java.TestType] [  440] - The Concept ID  is ---------- 3
[DEBUG][2016-01-05 17:51:12,570][com.java.TestType] [  444] - Steps being executted in the Concept are: 1:2
[INFO ][2016-01-05 17:51:12,570][com.java.TestType] [  451] - Test data details path ---------- D:\BankersDashboard\TestInputs\TestData.xls
[INFO ][2016-01-05 17:51:12,598][com.java.TestType] [  482] -  str(1) = 3
[INFO ][2016-01-05 17:51:12,598][com.java.TestType] [  485] - Test case Id is---3
[INFO ][2016-01-05 17:51:12,599][com.java.TestType] [  487] - 3
[INFO ][2016-01-05 17:51:12,599][com.java.TestType] [  482] -  str(2) = 1
[INFO ][2016-01-05 17:51:12,600][com.java.TestType] [  482] -  str(1) = 3
[INFO ][2016-01-05 17:51:12,600][com.java.TestType] [  485] - Test case Id is---3
[INFO ][2016-01-05 17:51:12,600][com.java.TestType] [  487] - 3
[INFO ][2016-01-05 17:51:12,600][com.java.TestType] [  482] -  str(2) = 2
[INFO ][2016-01-05 17:51:12,601][com.java.TestType] [10614] - Looping 1TCID = 3
[DEBUG][2016-01-05 17:51:12,601][com.java.TestType] [10655] - Concept ID:3 :: Step being Executed: 3::1
[INFO ][2016-01-05 17:51:12,601][com.java.TestType] [10693] - dataFields : test
[DEBUG][2016-01-05 17:51:12,601][com.java.TestType] [10699] - <In Set values of the page>
[DEBUG][2016-01-05 17:51:12,601][com.java.TestType] [10704] - {Data Fields & Data Values Exist}
[INFO ][2016-01-05 17:51:12,601][com.java.TestType] [10710] - --------------------------setting values-----------------------------
[INFO ][2016-01-05 17:51:12,601][com.java.TestType] [10713] - Action Type : Logout
[INFO ][2016-01-05 17:51:14,953][com.java.TestType] [ 6084] - Field ::CNF
[INFO ][2016-01-05 17:51:14,953][com.java.TestType] [ 5705] - value = OK
[INFO ][2016-01-05 17:51:17,266][com.java.TestType] [ 6217] - Click the object confirmation
[INFO ][2016-01-05 17:51:17,266][com.java.TestType] [ 6218] - Unable to click the object confirmation
[DEBUG][2016-01-05 17:51:18,484][com.java.SeleniumDriver] [  426] - Hub ip address is-------172.17.68.34
[INFO ][2016-01-05 17:51:18,484][com.java.SeleniumDriver] [  452] - Grid URL:http://172.17.68.34:4444/wd/hub
[INFO ][2016-01-05 17:51:18,484][com.java.SeleniumDriver] [  453] - Capability:Capabilities [{platform=ANY, ensureCleanSession=true, ignoreProtectedModeSettings=true, acceptSslCerts=true, ignoreZoomSetting=true, browserName=internet explorer, browserstack.ie.noFlash=true, version=null}]
[ERROR][2016-01-05 17:51:19,496][com.java.SeleniumDriver] [  498] - Unable invoke browser in grid:Could not start a new session. Possible causes are invalid address of the remote server or browser start-up failure.
Build info: version: '2.48.2', revision: '41bccdd', time: '2015-10-09 19:59:12'
System info: host: 'FVTIII438F1D', ip: '172.17.68.34', os.name: 'Windows 7', os.arch: 'x86', os.version: '6.1', java.version: '1.7.0_55'
Driver info: driver.version: SeleniumDriver
[INFO ][2016-01-05 17:51:19,496][com.java.SeleniumDriver] [  500] - Executing on local machine
[INFO ][2016-01-05 17:51:29,839][com.java.TestType] [10732] -  RESULT true
[INFO ][2016-01-05 17:51:29,839][com.java.TestType] [10849] - ?   P A S S   ?
[DEBUG][2016-01-05 17:51:29,839][com.java.TestType] [10655] - Concept ID:3 :: Step being Executed: 3::2
[INFO ][2016-01-05 17:51:29,839][com.java.TestType] [10693] - dataFields : test
[DEBUG][2016-01-05 17:51:29,839][com.java.TestType] [10699] - <In Set values of the page>
[DEBUG][2016-01-05 17:51:29,839][com.java.TestType] [10704] - {Data Fields & Data Values Exist}
[INFO ][2016-01-05 17:51:29,839][com.java.TestType] [10710] - --------------------------setting values-----------------------------
[INFO ][2016-01-05 17:51:29,840][com.java.TestType] [10713] - Action Type : WaitTime
[DEBUG][2016-01-05 17:51:29,840][com.java.TestType] [ 5525] - sleepTime: 2000
[INFO ][2016-01-05 17:51:31,841][com.java.TestType] [10732] -  RESULT true
[INFO ][2016-01-05 17:51:31,841][com.java.TestType] [10849] - ?   P A S S   ?
[INFO ][2016-01-05 17:51:31,841][com.java.TestType] [10920] - Looping End......
[INFO ][2016-01-05 17:51:31,844][com.java.SeleniumDriver] [  906] -  RESULT true
[INFO ][2016-01-05 17:51:31,844][com.java.SeleniumDriver] [ 1112] - ?   P A S S   ?
[INFO ][2016-01-05 17:51:31,844][com.java.SeleniumDriver] [  832] - ------------------------------------------
[INFO ][2016-01-05 17:51:31,844][com.java.SeleniumDriver] [  833] - Test case being Executed: 2
[INFO ][2016-01-05 17:51:31,844][com.java.SeleniumDriver] [  845] - Test step:51
[INFO ][2016-01-05 17:51:31,844][com.java.SeleniumDriver] [  857] - Datavalue is----------dt:HTTPSURL
[INFO ][2016-01-05 17:51:31,845][com.java.SeleniumDriver] [  881] - DataField : test
[INFO ][2016-01-05 17:51:31,845][com.java.SeleniumDriver] [  883] - DataValue : dt:HTTPSURL
[INFO ][2016-01-05 17:51:31,845][com.java.SeleniumDriver] [  889] - <In Set values of the page>
[INFO ][2016-01-05 17:51:31,845][com.java.SeleniumDriver] [  892] - {Data Fields & Data Values Exist}
[INFO ][2016-01-05 17:51:31,845][com.java.SeleniumDriver] [  894] - --------------------------setting values-----------------------------
[INFO ][2016-01-05 17:51:31,845][com.java.SeleniumDriver] [  897] - Action Type : OpenURL
[INFO ][2016-01-05 17:51:31,845][com.java.TestType] [ 5705] - value = https://clients-xuat.bankersdashboard.com
[INFO ][2016-01-05 17:51:31,845][com.java.TestType] [  353] - Open URL : https://clients-xuat.bankersdashboard.com
[INFO ][2016-01-05 17:51:32,673][com.java.SeleniumDriver] [  906] -  RESULT true
[INFO ][2016-01-05 17:51:32,673][com.java.SeleniumDriver] [ 1112] - ?   P A S S   ?
[INFO ][2016-01-05 17:51:32,673][com.java.SeleniumDriver] [  832] - ------------------------------------------
[INFO ][2016-01-05 17:51:32,673][com.java.SeleniumDriver] [  833] - Test case being Executed: 2
[INFO ][2016-01-05 17:51:32,674][com.java.SeleniumDriver] [  845] - Test step:52
[INFO ][2016-01-05 17:51:32,674][com.java.SeleniumDriver] [  857] - Datavalue is----------HMVLogin_username
[INFO ][2016-01-05 17:51:32,674][com.java.SeleniumDriver] [  881] - DataField : TXTusername
[INFO ][2016-01-05 17:51:32,674][com.java.SeleniumDriver] [  883] - DataValue : HMVLogin_username
[INFO ][2016-01-05 17:51:32,674][com.java.SeleniumDriver] [  889] - <In Set values of the page>
[INFO ][2016-01-05 17:51:32,674][com.java.SeleniumDriver] [  892] - {Data Fields & Data Values Exist}
[INFO ][2016-01-05 17:51:32,674][com.java.SeleniumDriver] [  894] - --------------------------setting values-----------------------------
[INFO ][2016-01-05 17:51:32,674][com.java.SeleniumDriver] [  897] - Action Type : CLEARANDENTER
[INFO ][2016-01-05 17:51:32,674][com.java.TestType] [ 5705] - value = vltest.robot69744.00058
[INFO ][2016-01-05 17:51:37,410][com.java.SeleniumDriver] [  906] -  RESULT true
[INFO ][2016-01-05 17:51:37,410][com.java.SeleniumDriver] [ 1112] - ?   P A S S   ?
[INFO ][2016-01-05 17:51:37,410][com.java.SeleniumDriver] [  832] - ------------------------------------------
[INFO ][2016-01-05 17:51:37,410][com.java.SeleniumDriver] [  833] - Test case being Executed: 2
[INFO ][2016-01-05 17:51:37,410][com.java.SeleniumDriver] [  845] - Test step:53
[INFO ][2016-01-05 17:51:37,410][com.java.SeleniumDriver] [  857] - Datavalue is----------dt:NewUserPswd
[INFO ][2016-01-05 17:51:37,410][com.java.SeleniumDriver] [  881] - DataField : TXTpassword
[INFO ][2016-01-05 17:51:37,410][com.java.SeleniumDriver] [  883] - DataValue : dt:NewUserPswd
[INFO ][2016-01-05 17:51:37,410][com.java.SeleniumDriver] [  889] - <In Set values of the page>
[INFO ][2016-01-05 17:51:37,410][com.java.SeleniumDriver] [  892] - {Data Fields & Data Values Exist}
[INFO ][2016-01-05 17:51:37,410][com.java.SeleniumDriver] [  894] - --------------------------setting values-----------------------------
[INFO ][2016-01-05 17:51:37,410][com.java.SeleniumDriver] [  897] - Action Type : CLEARANDENTER
[INFO ][2016-01-05 17:51:37,411][com.java.TestType] [ 5705] - value = Password1*
[INFO ][2016-01-05 17:51:42,245][com.java.SeleniumDriver] [  906] -  RESULT true
[INFO ][2016-01-05 17:51:42,245][com.java.SeleniumDriver] [ 1112] - ?   P A S S   ?
[INFO ][2016-01-05 17:51:42,245][com.java.SeleniumDriver] [  832] - ------------------------------------------
[INFO ][2016-01-05 17:51:42,245][com.java.SeleniumDriver] [  833] - Test case being Executed: 2
[INFO ][2016-01-05 17:51:42,245][com.java.SeleniumDriver] [  845] - Test step:54
[INFO ][2016-01-05 17:51:42,245][com.java.SeleniumDriver] [  857] - Datavalue is----------null
[DEBUG][2016-01-05 17:51:42,245][com.java.SeleniumDriver] [  875] - Exception: null
[INFO ][2016-01-05 17:51:42,245][com.java.SeleniumDriver] [  881] - DataField : XPH//button[@type='submit']
[INFO ][2016-01-05 17:51:42,245][com.java.SeleniumDriver] [  883] - DataValue : 
[INFO ][2016-01-05 17:51:42,245][com.java.SeleniumDriver] [  889] - <In Set values of the page>
[INFO ][2016-01-05 17:51:42,245][com.java.SeleniumDriver] [  892] - {Data Fields & Data Values Exist}
[INFO ][2016-01-05 17:51:42,246][com.java.SeleniumDriver] [  894] - --------------------------setting values-----------------------------
[INFO ][2016-01-05 17:51:42,246][com.java.SeleniumDriver] [  897] - Action Type : Click
[INFO ][2016-01-05 17:51:42,246][com.java.TestType] [ 6084] - Field ::XPH//button[@type='submit']
[INFO ][2016-01-05 17:51:42,246][com.java.TestType] [ 5705] - value = 
[INFO ][2016-01-05 17:51:43,247][com.java.TestType] [ 6221] - BEFORE CLICK
[INFO ][2016-01-05 17:51:44,056][com.java.TestType] [ 6229] - Unable to click the object Login
[INFO ][2016-01-05 17:51:44,056][com.java.SeleniumDriver] [  906] -  RESULT true
[INFO ][2016-01-05 17:51:44,056][com.java.SeleniumDriver] [ 1112] - ?   P A S S   ?
[INFO ][2016-01-05 17:51:44,056][com.java.SeleniumDriver] [  832] - ------------------------------------------
[INFO ][2016-01-05 17:51:44,056][com.java.SeleniumDriver] [  833] - Test case being Executed: 2
[INFO ][2016-01-05 17:51:44,056][com.java.SeleniumDriver] [  845] - Test step:55
[INFO ][2016-01-05 17:51:44,056][com.java.SeleniumDriver] [  857] - Datavalue is----------Concept#1:4-16
[INFO ][2016-01-05 17:51:44,056][com.java.SeleniumDriver] [  881] - DataField : test
[INFO ][2016-01-05 17:51:44,056][com.java.SeleniumDriver] [  883] - DataValue : Concept#1:4-16
[INFO ][2016-01-05 17:51:44,057][com.java.SeleniumDriver] [  889] - <In Set values of the page>
[INFO ][2016-01-05 17:51:44,057][com.java.SeleniumDriver] [  892] - {Data Fields & Data Values Exist}
[INFO ][2016-01-05 17:51:44,057][com.java.SeleniumDriver] [  894] - --------------------------setting values-----------------------------
[INFO ][2016-01-05 17:51:44,057][com.java.SeleniumDriver] [  897] - Action Type : ExecuteTestCase
[INFO ][2016-01-05 17:51:44,057][com.java.TestType] [  437] - The Concept sheet name is ---------- Concept
[INFO ][2016-01-05 17:51:44,057][com.java.TestType] [  440] - The Concept ID  is ---------- 1
[DEBUG][2016-01-05 17:51:44,057][com.java.TestType] [  444] - Steps being executted in the Concept are: 4:16
[INFO ][2016-01-05 17:51:44,058][com.java.TestType] [  451] - Test data details path ---------- D:\BankersDashboard\TestInputs\TestData.xls
[INFO ][2016-01-05 17:51:44,090][com.java.TestType] [  482] -  str(1) = 1
[INFO ][2016-01-05 17:51:44,090][com.java.TestType] [  485] - Test case Id is---1
[INFO ][2016-01-05 17:51:44,090][com.java.TestType] [  487] - 1
[INFO ][2016-01-05 17:51:44,090][com.java.TestType] [  482] -  str(2) = 1
[INFO ][2016-01-05 17:51:44,091][com.java.TestType] [  482] -  str(1) = 1
[INFO ][2016-01-05 17:51:44,091][com.java.TestType] [  485] - Test case Id is---1
[INFO ][2016-01-05 17:51:44,091][com.java.TestType] [  487] - 1
[INFO ][2016-01-05 17:51:44,091][com.java.TestType] [  482] -  str(2) = 2
[INFO ][2016-01-05 17:51:44,092][com.java.TestType] [  482] -  str(1) = 1
[INFO ][2016-01-05 17:51:44,092][com.java.TestType] [  485] - Test case Id is---1
[INFO ][2016-01-05 17:51:44,092][com.java.TestType] [  487] - 1
[INFO ][2016-01-05 17:51:44,092][com.java.TestType] [  482] -  str(2) = 3
[INFO ][2016-01-05 17:51:44,093][com.java.TestType] [  482] -  str(1) = 1
[INFO ][2016-01-05 17:51:44,093][com.java.TestType] [  485] - Test case Id is---1
[INFO ][2016-01-05 17:51:44,093][com.java.TestType] [  487] - 1
[INFO ][2016-01-05 17:51:44,093][com.java.TestType] [  482] -  str(2) = 4
[INFO ][2016-01-05 17:51:44,094][com.java.TestType] [  482] -  str(1) = 1
[INFO ][2016-01-05 17:51:44,094][com.java.TestType] [  485] - Test case Id is---1
[INFO ][2016-01-05 17:51:44,095][com.java.TestType] [  487] - 1
[INFO ][2016-01-05 17:51:44,095][com.java.TestType] [  482] -  str(2) = 5
[INFO ][2016-01-05 17:51:44,095][com.java.TestType] [  482] -  str(1) = 1
[INFO ][2016-01-05 17:51:44,095][com.java.TestType] [  485] - Test case Id is---1
[INFO ][2016-01-05 17:51:44,095][com.java.TestType] [  487] - 1
[INFO ][2016-01-05 17:51:44,096][com.java.TestType] [  482] -  str(2) = 6
[INFO ][2016-01-05 17:51:44,096][com.java.TestType] [  482] -  str(1) = 1
[INFO ][2016-01-05 17:51:44,096][com.java.TestType] [  485] - Test case Id is---1
[INFO ][2016-01-05 17:51:44,096][com.java.TestType] [  487] - 1
[INFO ][2016-01-05 17:51:44,096][com.java.TestType] [  482] -  str(2) = 7
[INFO ][2016-01-05 17:51:44,097][com.java.TestType] [  482] -  str(1) = 1
[INFO ][2016-01-05 17:51:44,098][com.java.TestType] [  485] - Test case Id is---1
[INFO ][2016-01-05 17:51:44,098][com.java.TestType] [  487] - 1
[INFO ][2016-01-05 17:51:44,098][com.java.TestType] [  482] -  str(2) = 8
[INFO ][2016-01-05 17:51:44,098][com.java.TestType] [  482] -  str(1) = 1
[INFO ][2016-01-05 17:51:44,099][com.java.TestType] [  485] - Test case Id is---1
[INFO ][2016-01-05 17:51:44,099][com.java.TestType] [  487] - 1
[INFO ][2016-01-05 17:51:44,099][com.java.TestType] [  482] -  str(2) = 9
[INFO ][2016-01-05 17:51:44,099][com.java.TestType] [  482] -  str(1) = 1
[INFO ][2016-01-05 17:51:44,099][com.java.TestType] [  485] - Test case Id is---1
[INFO ][2016-01-05 17:51:44,099][com.java.TestType] [  487] - 1
[INFO ][2016-01-05 17:51:44,099][com.java.TestType] [  482] -  str(2) = 10
[INFO ][2016-01-05 17:51:44,100][com.java.TestType] [  482] -  str(1) = 1
[INFO ][2016-01-05 17:51:44,100][com.java.TestType] [  485] - Test case Id is---1
[INFO ][2016-01-05 17:51:44,100][com.java.TestType] [  487] - 1
[INFO ][2016-01-05 17:51:44,100][com.java.TestType] [  482] -  str(2) = 11
[INFO ][2016-01-05 17:51:44,101][com.java.TestType] [  482] -  str(1) = 1
[INFO ][2016-01-05 17:51:44,101][com.java.TestType] [  485] - Test case Id is---1
[INFO ][2016-01-05 17:51:44,101][com.java.TestType] [  487] - 1
[INFO ][2016-01-05 17:51:44,101][com.java.TestType] [  482] -  str(2) = 12
[INFO ][2016-01-05 17:51:44,102][com.java.TestType] [  482] -  str(1) = 1
[INFO ][2016-01-05 17:51:44,102][com.java.TestType] [  485] - Test case Id is---1
[INFO ][2016-01-05 17:51:44,103][com.java.TestType] [  487] - 1
[INFO ][2016-01-05 17:51:44,103][com.java.TestType] [  482] -  str(2) = 13
[INFO ][2016-01-05 17:51:44,103][com.java.TestType] [  482] -  str(1) = 1
[INFO ][2016-01-05 17:51:44,103][com.java.TestType] [  485] - Test case Id is---1
[INFO ][2016-01-05 17:51:44,104][com.java.TestType] [  487] - 1
[INFO ][2016-01-05 17:51:44,104][com.java.TestType] [  482] -  str(2) = 14
[INFO ][2016-01-05 17:51:44,104][com.java.TestType] [  482] -  str(1) = 1
[INFO ][2016-01-05 17:51:44,104][com.java.TestType] [  485] - Test case Id is---1
[INFO ][2016-01-05 17:51:44,104][com.java.TestType] [  487] - 1
[INFO ][2016-01-05 17:51:44,104][com.java.TestType] [  482] -  str(2) = 15
[INFO ][2016-01-05 17:51:44,105][com.java.TestType] [  482] -  str(1) = 1
[INFO ][2016-01-05 17:51:44,105][com.java.TestType] [  485] - Test case Id is---1
[INFO ][2016-01-05 17:51:44,105][com.java.TestType] [  487] - 1
[INFO ][2016-01-05 17:51:44,105][com.java.TestType] [  482] -  str(2) = 16
[INFO ][2016-01-05 17:51:44,106][com.java.TestType] [10614] - Looping 1TCID = 1
[DEBUG][2016-01-05 17:51:44,106][com.java.TestType] [10655] - Concept ID:1 :: Step being Executed: 1::4
[INFO ][2016-01-05 17:51:44,106][com.java.TestType] [10693] - dataFields : LNKLogout
[DEBUG][2016-01-05 17:51:44,106][com.java.TestType] [10699] - <In Set values of the page>
[DEBUG][2016-01-05 17:51:44,106][com.java.TestType] [10704] - {Data Fields & Data Values Exist}
[INFO ][2016-01-05 17:51:44,106][com.java.TestType] [10710] - --------------------------setting values-----------------------------
[INFO ][2016-01-05 17:51:44,106][com.java.TestType] [10713] - Action Type : WaitForElement
[DEBUG][2016-01-05 17:53:18,304][com.java.TestType] [ 6765] - link=Logout   :: Link not Found
[INFO ][2016-01-05 17:53:18,304][com.java.TestType] [10732] -  RESULT false
[INFO ][2016-01-05 17:53:18,304][com.java.TestType] [10770] - ?   F A I L   ?
[DEBUG][2016-01-05 17:53:18,304][com.java.TestType] [10773] - Browser Type : IE10
[DEBUG][2016-01-05 17:53:18,305][com.java.TestType] [10655] - Concept ID:1 :: Step being Executed: 1::5
[INFO ][2016-01-05 17:53:18,305][com.java.TestType] [10693] - dataFields : TTL
[DEBUG][2016-01-05 17:53:18,305][com.java.TestType] [10699] - <In Set values of the page>
[DEBUG][2016-01-05 17:53:18,305][com.java.TestType] [10704] - {Data Fields & Data Values Exist}
[INFO ][2016-01-05 17:53:18,305][com.java.TestType] [10710] - --------------------------setting values-----------------------------
[INFO ][2016-01-05 17:53:18,305][com.java.TestType] [10713] - Action Type : CLOSEWINDOW
[INFO ][2016-01-05 17:53:18,686][com.java.TestType] [10732] -  RESULT true
[INFO ][2016-01-05 17:53:18,686][com.java.TestType] [10849] - ?   P A S S   ?
[DEBUG][2016-01-05 17:53:18,686][com.java.TestType] [10655] - Concept ID:1 :: Step being Executed: 1::6
[INFO ][2016-01-05 17:53:18,686][com.java.TestType] [10693] - dataFields : LNKLogout
[DEBUG][2016-01-05 17:53:18,686][com.java.TestType] [10699] - <In Set values of the page>
[DEBUG][2016-01-05 17:53:18,686][com.java.TestType] [10704] - {Data Fields & Data Values Exist}
[INFO ][2016-01-05 17:53:18,686][com.java.TestType] [10710] - --------------------------setting values-----------------------------
[INFO ][2016-01-05 17:53:18,687][com.java.TestType] [10713] - Action Type : WaitTime
[DEBUG][2016-01-05 17:53:18,687][com.java.TestType] [ 5525] - sleepTime: 3000
[INFO ][2016-01-05 17:53:21,688][com.java.TestType] [10732] -  RESULT true
[INFO ][2016-01-05 17:53:21,688][com.java.TestType] [10849] - ?   P A S S   ?
[DEBUG][2016-01-05 17:53:21,688][com.java.TestType] [10655] - Concept ID:1 :: Step being Executed: 1::7
[INFO ][2016-01-05 17:53:21,688][com.java.TestType] [10693] - dataFields : TTL
[DEBUG][2016-01-05 17:53:21,688][com.java.TestType] [10699] - <In Set values of the page>
[DEBUG][2016-01-05 17:53:21,688][com.java.TestType] [10704] - {Data Fields & Data Values Exist}
[INFO ][2016-01-05 17:53:21,688][com.java.TestType] [10710] - --------------------------setting values-----------------------------
[INFO ][2016-01-05 17:53:21,688][com.java.TestType] [10713] - Action Type : SelectWindow
[INFO ][2016-01-05 17:53:34,152][com.java.TestType] [10732] -  RESULT true
[INFO ][2016-01-05 17:53:34,153][com.java.TestType] [10849] - ?   P A S S   ?
[DEBUG][2016-01-05 17:53:34,153][com.java.TestType] [10655] - Concept ID:1 :: Step being Executed: 1::8
[INFO ][2016-01-05 17:53:34,153][com.java.TestType] [10693] - dataFields : test
[DEBUG][2016-01-05 17:53:34,153][com.java.TestType] [10699] - <In Set values of the page>
[DEBUG][2016-01-05 17:53:34,153][com.java.TestType] [10704] - {Data Fields & Data Values Exist}
[INFO ][2016-01-05 17:53:34,153][com.java.TestType] [10710] - --------------------------setting values-----------------------------
[INFO ][2016-01-05 17:53:34,153][com.java.TestType] [10713] - Action Type : WaitTime
[DEBUG][2016-01-05 17:53:34,153][com.java.TestType] [ 5525] - sleepTime: 20000
[INFO ][2016-01-05 17:53:54,154][com.java.TestType] [10732] -  RESULT true
[INFO ][2016-01-05 17:53:54,154][com.java.TestType] [10849] - ?   P A S S   ?
[DEBUG][2016-01-05 17:53:54,154][com.java.TestType] [10655] - Concept ID:1 :: Step being Executed: 1::9
[ERROR][2016-01-05 17:53:54,154][com.java.TestType] [10688] - Exception: null
[INFO ][2016-01-05 17:53:54,154][com.java.TestType] [10693] - dataFields : //span[@class='icon-cog2']&&//a[@data-id="UserSettings"]
[DEBUG][2016-01-05 17:53:54,154][com.java.TestType] [10699] - <In Set values of the page>
[DEBUG][2016-01-05 17:53:54,154][com.java.TestType] [10704] - {Data Fields & Data Values Exist}
[INFO ][2016-01-05 17:53:54,154][com.java.TestType] [10710] - --------------------------setting values-----------------------------
[INFO ][2016-01-05 17:53:54,154][com.java.TestType] [10713] - Action Type : MouseOver
[INFO ][2016-01-05 17:54:18,301][com.java.TestType] [10732] -  RESULT true
[INFO ][2016-01-05 17:54:18,301][com.java.TestType] [10849] - ?   P A S S   ?
[DEBUG][2016-01-05 17:54:18,301][com.java.TestType] [10655] - Concept ID:1 :: Step being Executed: 1::10
[INFO ][2016-01-05 17:54:18,301][com.java.TestType] [10693] - dataFields : BTNframeDialogContent
[DEBUG][2016-01-05 17:54:18,301][com.java.TestType] [10699] - <In Set values of the page>
[DEBUG][2016-01-05 17:54:18,301][com.java.TestType] [10704] - {Data Fields & Data Values Exist}
[INFO ][2016-01-05 17:54:18,301][com.java.TestType] [10710] - --------------------------setting values-----------------------------
[INFO ][2016-01-05 17:54:18,301][com.java.TestType] [10713] - Action Type : WaitForElement
[INFO ][2016-01-05 17:54:19,507][com.java.TestType] [10732] -  RESULT true
[INFO ][2016-01-05 17:54:19,507][com.java.TestType] [10849] - ?   P A S S   ?
[DEBUG][2016-01-05 17:54:19,507][com.java.TestType] [10655] - Concept ID:1 :: Step being Executed: 1::11
[INFO ][2016-01-05 17:54:19,507][com.java.TestType] [10693] - dataFields : BTN
[DEBUG][2016-01-05 17:54:19,507][com.java.TestType] [10699] - <In Set values of the page>
[DEBUG][2016-01-05 17:54:19,508][com.java.TestType] [10704] - {Data Fields & Data Values Exist}
[INFO ][2016-01-05 17:54:19,508][com.java.TestType] [10710] - --------------------------setting values-----------------------------
[INFO ][2016-01-05 17:54:19,508][com.java.TestType] [10713] - Action Type : SELECTFRAMEBYNAME
[INFO ][2016-01-05 17:54:19,508][com.java.TestType] [ 5705] - value = frameDialogContent
[INFO ][2016-01-05 17:54:19,592][com.java.TestType] [10732] -  RESULT true
[INFO ][2016-01-05 17:54:19,593][com.java.TestType] [10849] - ?   P A S S   ?
[DEBUG][2016-01-05 17:54:19,593][com.java.TestType] [10655] - Concept ID:1 :: Step being Executed: 1::12
[INFO ][2016-01-05 17:54:19,593][com.java.TestType] [10693] - dataFields : SLBddlOpenBDInNewWindow
[DEBUG][2016-01-05 17:54:19,593][com.java.TestType] [10699] - <In Set values of the page>
[DEBUG][2016-01-05 17:54:19,593][com.java.TestType] [10704] - {Data Fields & Data Values Exist}
[INFO ][2016-01-05 17:54:19,593][com.java.TestType] [10710] - --------------------------setting values-----------------------------
[INFO ][2016-01-05 17:54:19,593][com.java.TestType] [10713] - Action Type : Select
[INFO ][2016-01-05 17:54:19,593][com.java.TestType] [ 5705] - value = No
[INFO ][2016-01-05 17:54:21,906][com.java.TestType] [10732] -  RESULT true
[INFO ][2016-01-05 17:54:21,906][com.java.TestType] [10849] - ?   P A S S   ?
[DEBUG][2016-01-05 17:54:21,906][com.java.TestType] [10655] - Concept ID:1 :: Step being Executed: 1::13
[ERROR][2016-01-05 17:54:21,906][com.java.TestType] [10688] - Exception: null
[INFO ][2016-01-05 17:54:21,906][com.java.TestType] [10693] - dataFields : BTNparent
[DEBUG][2016-01-05 17:54:21,906][com.java.TestType] [10699] - <In Set values of the page>
[DEBUG][2016-01-05 17:54:21,906][com.java.TestType] [10704] - {Data Fields & Data Values Exist}
[INFO ][2016-01-05 17:54:21,906][com.java.TestType] [10710] - --------------------------setting values-----------------------------
[INFO ][2016-01-05 17:54:21,906][com.java.TestType] [10713] - Action Type : SELECTFRAME
[INFO ][2016-01-05 17:54:21,922][com.java.TestType] [10732] -  RESULT true
[INFO ][2016-01-05 17:54:21,922][com.java.TestType] [10849] - ?   P A S S   ?
[DEBUG][2016-01-05 17:54:21,922][com.java.TestType] [10655] - Concept ID:1 :: Step being Executed: 1::14
[ERROR][2016-01-05 17:54:21,922][com.java.TestType] [10688] - Exception: null
[INFO ][2016-01-05 17:54:21,922][com.java.TestType] [10693] - dataFields : BTN//span[text()='Finished']
[DEBUG][2016-01-05 17:54:21,922][com.java.TestType] [10699] - <In Set values of the page>
[DEBUG][2016-01-05 17:54:21,922][com.java.TestType] [10704] - {Data Fields & Data Values Exist}
[INFO ][2016-01-05 17:54:21,922][com.java.TestType] [10710] - --------------------------setting values-----------------------------
[INFO ][2016-01-05 17:54:21,922][com.java.TestType] [10713] - Action Type : Click
[INFO ][2016-01-05 17:54:21,923][com.java.TestType] [ 6084] - Field ::BTN//span[text()='Finished']
[INFO ][2016-01-05 17:54:21,923][com.java.TestType] [ 5705] - value = 
[INFO ][2016-01-05 17:54:22,923][com.java.TestType] [ 6200] - BEFORE CLICK
[INFO ][2016-01-05 17:54:23,300][com.java.TestType] [ 6207] - Unable to click the object Finished button
[INFO ][2016-01-05 17:54:23,300][com.java.TestType] [10732] -  RESULT true
[INFO ][2016-01-05 17:54:23,300][com.java.TestType] [10849] - ?   P A S S   ?
[DEBUG][2016-01-05 17:54:23,301][com.java.TestType] [10655] - Concept ID:1 :: Step being Executed: 1::15
[INFO ][2016-01-05 17:54:23,301][com.java.TestType] [10693] - dataFields : LNK
[DEBUG][2016-01-05 17:54:23,301][com.java.TestType] [10699] - <In Set values of the page>
[DEBUG][2016-01-05 17:54:23,301][com.java.TestType] [10704] - {Data Fields & Data Values Exist}
[INFO ][2016-01-05 17:54:23,301][com.java.TestType] [10710] - --------------------------setting values-----------------------------
[INFO ][2016-01-05 17:54:23,301][com.java.TestType] [10713] - Action Type : Verify
[INFO ][2016-01-05 17:54:23,301][com.java.TestType] [ 7081] - field= LNK value= Logout
[INFO ][2016-01-05 17:54:23,301][com.java.TestType] [ 5705] - value = Logout
[INFO ][2016-01-05 17:54:23,528][com.java.TestType] [10732] -  RESULT true
[INFO ][2016-01-05 17:54:23,528][com.java.TestType] [10849] - ?   P A S S   ?
[DEBUG][2016-01-05 17:54:23,528][com.java.TestType] [10655] - Concept ID:1 :: Step being Executed: 1::16
[INFO ][2016-01-05 17:54:23,528][com.java.TestType] [10693] - dataFields : BTN
[DEBUG][2016-01-05 17:54:23,528][com.java.TestType] [10699] - <In Set values of the page>
[DEBUG][2016-01-05 17:54:23,528][com.java.TestType] [10704] - {Data Fields & Data Values Exist}
[INFO ][2016-01-05 17:54:23,528][com.java.TestType] [10710] - --------------------------setting values-----------------------------
[INFO ][2016-01-05 17:54:23,528][com.java.TestType] [10713] - Action Type : Verify
[INFO ][2016-01-05 17:54:23,529][com.java.TestType] [ 7081] - field= BTN value= //img[contains(@src,'bdlogo.jpg')]
[INFO ][2016-01-05 17:54:23,529][com.java.TestType] [ 5705] - value = //img[contains(@src,'bdlogo.jpg')]
[INFO ][2016-01-05 17:54:23,713][com.java.TestType] [10732] -  RESULT true
[INFO ][2016-01-05 17:54:23,713][com.java.TestType] [10849] - ?   P A S S   ?
[INFO ][2016-01-05 17:54:23,713][com.java.TestType] [10920] - Looping End......
[INFO ][2016-01-05 17:54:23,717][com.java.SeleniumDriver] [  906] -  RESULT true
[INFO ][2016-01-05 17:54:23,717][com.java.SeleniumDriver] [ 1112] - ?   P A S S   ?
[INFO ][2016-01-05 17:54:23,717][com.java.SeleniumDriver] [  832] - ------------------------------------------
[INFO ][2016-01-05 17:54:23,717][com.java.SeleniumDriver] [  833] - Test case being Executed: 2
[INFO ][2016-01-05 17:54:23,717][com.java.SeleniumDriver] [  845] - Test step:56
[INFO ][2016-01-05 17:54:23,717][com.java.SeleniumDriver] [  857] - Datavalue is----------10
[INFO ][2016-01-05 17:54:23,717][com.java.SeleniumDriver] [  881] - DataField : XPH//div[contains(text(), 'My Dashboard')]
[INFO ][2016-01-05 17:54:23,717][com.java.SeleniumDriver] [  883] - DataValue : 10
[INFO ][2016-01-05 17:54:23,717][com.java.SeleniumDriver] [  889] - <In Set values of the page>
[INFO ][2016-01-05 17:54:23,717][com.java.SeleniumDriver] [  892] - {Data Fields & Data Values Exist}
[INFO ][2016-01-05 17:54:23,718][com.java.SeleniumDriver] [  894] - --------------------------setting values-----------------------------
[INFO ][2016-01-05 17:54:23,718][com.java.SeleniumDriver] [  897] - Action Type : WAITFORELEMENT
[INFO ][2016-01-05 17:54:23,822][com.java.SeleniumDriver] [  906] -  RESULT true
[INFO ][2016-01-05 17:54:23,822][com.java.SeleniumDriver] [ 1112] - ?   P A S S   ?
[INFO ][2016-01-05 17:54:23,822][com.java.SeleniumDriver] [  832] - ------------------------------------------
[INFO ][2016-01-05 17:54:23,822][com.java.SeleniumDriver] [  833] - Test case being Executed: 2
[INFO ][2016-01-05 17:54:23,823][com.java.SeleniumDriver] [  845] - Test step:57
[INFO ][2016-01-05 17:54:23,823][com.java.SeleniumDriver] [  857] - Datavalue is----------//div[contains(text(), 'My Dashboard')]
[INFO ][2016-01-05 17:54:23,823][com.java.SeleniumDriver] [  881] - DataField : BTN
[INFO ][2016-01-05 17:54:23,823][com.java.SeleniumDriver] [  883] - DataValue : //div[contains(text(), 'My Dashboard')]
[INFO ][2016-01-05 17:54:23,823][com.java.SeleniumDriver] [  889] - <In Set values of the page>
[INFO ][2016-01-05 17:54:23,823][com.java.SeleniumDriver] [  892] - {Data Fields & Data Values Exist}
[INFO ][2016-01-05 17:54:23,823][com.java.SeleniumDriver] [  894] - --------------------------setting values-----------------------------
[INFO ][2016-01-05 17:54:23,823][com.java.SeleniumDriver] [  897] - Action Type : VERIFY
[INFO ][2016-01-05 17:54:23,823][com.java.TestType] [ 7081] - field= BTN value= //div[contains(text(), 'My Dashboard')]
[INFO ][2016-01-05 17:54:23,823][com.java.TestType] [ 5705] - value = //div[contains(text(), 'My Dashboard')]
[INFO ][2016-01-05 17:54:23,992][com.java.SeleniumDriver] [  906] -  RESULT true
[INFO ][2016-01-05 17:54:23,993][com.java.SeleniumDriver] [ 1112] - ?   P A S S   ?
[INFO ][2016-01-05 17:54:23,993][com.java.SeleniumDriver] [  832] - ------------------------------------------
[INFO ][2016-01-05 17:54:23,993][com.java.SeleniumDriver] [  833] - Test case being Executed: 2
[INFO ][2016-01-05 17:54:23,993][com.java.SeleniumDriver] [  845] - Test step:58
[INFO ][2016-01-05 17:54:23,993][com.java.SeleniumDriver] [  857] - Datavalue is----------Concept#3:1-2
[INFO ][2016-01-05 17:54:23,993][com.java.SeleniumDriver] [  881] - DataField : test
[INFO ][2016-01-05 17:54:23,993][com.java.SeleniumDriver] [  883] - DataValue : Concept#3:1-2
[INFO ][2016-01-05 17:54:23,993][com.java.SeleniumDriver] [  889] - <In Set values of the page>
[INFO ][2016-01-05 17:54:23,993][com.java.SeleniumDriver] [  892] - {Data Fields & Data Values Exist}
[INFO ][2016-01-05 17:54:23,993][com.java.SeleniumDriver] [  894] - --------------------------setting values-----------------------------
[INFO ][2016-01-05 17:54:23,993][com.java.SeleniumDriver] [  897] - Action Type : ExecuteTestCase
[INFO ][2016-01-05 17:54:23,993][com.java.TestType] [  437] - The Concept sheet name is ---------- Concept
[INFO ][2016-01-05 17:54:23,993][com.java.TestType] [  440] - The Concept ID  is ---------- 3
[DEBUG][2016-01-05 17:54:23,994][com.java.TestType] [  444] - Steps being executted in the Concept are: 1:2
[INFO ][2016-01-05 17:54:23,994][com.java.TestType] [  451] - Test data details path ---------- D:\BankersDashboard\TestInputs\TestData.xls
[INFO ][2016-01-05 17:54:24,020][com.java.TestType] [  482] -  str(1) = 3
[INFO ][2016-01-05 17:54:24,021][com.java.TestType] [  485] - Test case Id is---3
[INFO ][2016-01-05 17:54:24,021][com.java.TestType] [  487] - 3
[INFO ][2016-01-05 17:54:24,021][com.java.TestType] [  482] -  str(2) = 1
[INFO ][2016-01-05 17:54:24,022][com.java.TestType] [  482] -  str(1) = 3
[INFO ][2016-01-05 17:54:24,022][com.java.TestType] [  485] - Test case Id is---3
[INFO ][2016-01-05 17:54:24,022][com.java.TestType] [  487] - 3
[INFO ][2016-01-05 17:54:24,022][com.java.TestType] [  482] -  str(2) = 2
[INFO ][2016-01-05 17:54:24,023][com.java.TestType] [10614] - Looping 1TCID = 3
[DEBUG][2016-01-05 17:54:24,023][com.java.TestType] [10655] - Concept ID:3 :: Step being Executed: 3::1
[INFO ][2016-01-05 17:54:24,023][com.java.TestType] [10693] - dataFields : test
[DEBUG][2016-01-05 17:54:24,023][com.java.TestType] [10699] - <In Set values of the page>
[DEBUG][2016-01-05 17:54:24,023][com.java.TestType] [10704] - {Data Fields & Data Values Exist}
[INFO ][2016-01-05 17:54:24,023][com.java.TestType] [10710] - --------------------------setting values-----------------------------
[INFO ][2016-01-05 17:54:24,023][com.java.TestType] [10713] - Action Type : Logout
[INFO ][2016-01-05 17:54:26,927][com.java.TestType] [ 6084] - Field ::CNF
[INFO ][2016-01-05 17:54:26,927][com.java.TestType] [ 5705] - value = OK
[ERROR][2016-01-05 17:54:27,943][com.java.TestType] [ 6420] - Exception in click:: Unable to get browser (WARNING: The server did not provide any stacktrace information)
Command duration or timeout: 15 milliseconds
Build info: version: '2.48.2', revision: '41bccdd', time: '2015-10-09 19:59:12'
System info: host: 'FVTIII438F1D', ip: '172.17.68.34', os.name: 'Windows 7', os.arch: 'x86', os.version: '6.1', java.version: '1.7.0_55'
Session ID: fd5bb3e4-4df8-48c9-80de-e1ed6b3d5d89
Driver info: org.openqa.selenium.ie.InternetExplorerDriver
Capabilities [{platform=WINDOWS, javascriptEnabled=true, elementScrollBehavior=0, ignoreZoomSetting=false, enablePersistentHover=true, ie.ensureCleanSession=false, browserName=internet explorer, enableElementCacheCleanup=true, unexpectedAlertBehaviour=dismiss, version=10, ie.usePerProcessProxy=false, ignoreProtectedModeSettings=true, cssSelectorsEnabled=true, requireWindowFocus=false, initialBrowserUrl=http://localhost:18667/, handlesAlerts=true, ie.forceCreateProcessApi=false, nativeEvents=true, browserAttachTimeout=0, ie.browserCommandLineSwitches=, takesScreenshot=true}]
[INFO ][2016-01-05 17:54:27,943][com.java.TestType] [ 6424] - Element :::: not found
[DEBUG][2016-01-05 17:54:29,072][com.java.SeleniumDriver] [  426] - Hub ip address is-------172.17.68.34
[INFO ][2016-01-05 17:54:29,073][com.java.SeleniumDriver] [  452] - Grid URL:http://172.17.68.34:4444/wd/hub
[INFO ][2016-01-05 17:54:29,073][com.java.SeleniumDriver] [  453] - Capability:Capabilities [{platform=ANY, ensureCleanSession=true, ignoreProtectedModeSettings=true, acceptSslCerts=true, ignoreZoomSetting=true, browserName=internet explorer, browserstack.ie.noFlash=true, version=null}]
[ERROR][2016-01-05 17:54:30,076][com.java.SeleniumDriver] [  498] - Unable invoke browser in grid:Could not start a new session. Possible causes are invalid address of the remote server or browser start-up failure.
Build info: version: '2.48.2', revision: '41bccdd', time: '2015-10-09 19:59:12'
System info: host: 'FVTIII438F1D', ip: '172.17.68.34', os.name: 'Windows 7', os.arch: 'x86', os.version: '6.1', java.version: '1.7.0_55'
Driver info: driver.version: SeleniumDriver
[INFO ][2016-01-05 17:54:30,077][com.java.SeleniumDriver] [  500] - Executing on local machine
[INFO ][2016-01-05 17:54:40,235][com.java.TestType] [10732] -  RESULT true
[INFO ][2016-01-05 17:54:40,235][com.java.TestType] [10849] - ?   P A S S   ?
[DEBUG][2016-01-05 17:54:40,236][com.java.TestType] [10655] - Concept ID:3 :: Step being Executed: 3::2
[INFO ][2016-01-05 17:54:40,236][com.java.TestType] [10693] - dataFields : test
[DEBUG][2016-01-05 17:54:40,236][com.java.TestType] [10699] - <In Set values of the page>
[DEBUG][2016-01-05 17:54:40,236][com.java.TestType] [10704] - {Data Fields & Data Values Exist}
[INFO ][2016-01-05 17:54:40,236][com.java.TestType] [10710] - --------------------------setting values-----------------------------
[INFO ][2016-01-05 17:54:40,236][com.java.TestType] [10713] - Action Type : WaitTime
[DEBUG][2016-01-05 17:54:40,236][com.java.TestType] [ 5525] - sleepTime: 2000
[INFO ][2016-01-05 17:54:42,237][com.java.TestType] [10732] -  RESULT true
[INFO ][2016-01-05 17:54:42,237][com.java.TestType] [10849] - ?   P A S S   ?
[INFO ][2016-01-05 17:54:42,237][com.java.TestType] [10920] - Looping End......
[INFO ][2016-01-05 17:54:42,240][com.java.SeleniumDriver] [  906] -  RESULT true
[INFO ][2016-01-05 17:54:42,241][com.java.SeleniumDriver] [ 1112] - ?   P A S S   ?
[INFO ][2016-01-05 17:54:42,241][com.java.SeleniumDriver] [  832] - ------------------------------------------
[INFO ][2016-01-05 17:54:42,241][com.java.SeleniumDriver] [  833] - Test case being Executed: 2
[INFO ][2016-01-05 17:54:42,241][com.java.SeleniumDriver] [  845] - Test step:59
[INFO ][2016-01-05 17:54:42,241][com.java.SeleniumDriver] [  857] - Datavalue is----------Concept#1:1-16
[INFO ][2016-01-05 17:54:42,241][com.java.SeleniumDriver] [  881] - DataField : test
[INFO ][2016-01-05 17:54:42,241][com.java.SeleniumDriver] [  883] - DataValue : Concept#1:1-16
[INFO ][2016-01-05 17:54:42,241][com.java.SeleniumDriver] [  889] - <In Set values of the page>
[INFO ][2016-01-05 17:54:42,241][com.java.SeleniumDriver] [  892] - {Data Fields & Data Values Exist}
[INFO ][2016-01-05 17:54:42,241][com.java.SeleniumDriver] [  894] - --------------------------setting values-----------------------------
[INFO ][2016-01-05 17:54:42,241][com.java.SeleniumDriver] [  897] - Action Type : ExecuteTestCase
[INFO ][2016-01-05 17:54:42,241][com.java.TestType] [  437] - The Concept sheet name is ---------- Concept
[INFO ][2016-01-05 17:54:42,241][com.java.TestType] [  440] - The Concept ID  is ---------- 1
[DEBUG][2016-01-05 17:54:42,241][com.java.TestType] [  444] - Steps being executted in the Concept are: 1:16
[INFO ][2016-01-05 17:54:42,242][com.java.TestType] [  451] - Test data details path ---------- D:\BankersDashboard\TestInputs\TestData.xls
[INFO ][2016-01-05 17:54:42,275][com.java.TestType] [  482] -  str(1) = 1
[INFO ][2016-01-05 17:54:42,275][com.java.TestType] [  485] - Test case Id is---1
[INFO ][2016-01-05 17:54:42,275][com.java.TestType] [  487] - 1
[INFO ][2016-01-05 17:54:42,275][com.java.TestType] [  482] -  str(2) = 1
[INFO ][2016-01-05 17:54:42,276][com.java.TestType] [  482] -  str(1) = 1
[INFO ][2016-01-05 17:54:42,276][com.java.TestType] [  485] - Test case Id is---1
[INFO ][2016-01-05 17:54:42,276][com.java.TestType] [  487] - 1
[INFO ][2016-01-05 17:54:42,277][com.java.TestType] [  482] -  str(2) = 2
[INFO ][2016-01-05 17:54:42,277][com.java.TestType] [  482] -  str(1) = 1
[INFO ][2016-01-05 17:54:42,277][com.java.TestType] [  485] - Test case Id is---1
[INFO ][2016-01-05 17:54:42,277][com.java.TestType] [  487] - 1
[INFO ][2016-01-05 17:54:42,277][com.java.TestType] [  482] -  str(2) = 3
[INFO ][2016-01-05 17:54:42,278][com.java.TestType] [  482] -  str(1) = 1
[INFO ][2016-01-05 17:54:42,278][com.java.TestType] [  485] - Test case Id is---1
[INFO ][2016-01-05 17:54:42,278][com.java.TestType] [  487] - 1
[INFO ][2016-01-05 17:54:42,278][com.java.TestType] [  482] -  str(2) = 4
[INFO ][2016-01-05 17:54:42,279][com.java.TestType] [  482] -  str(1) = 1
[INFO ][2016-01-05 17:54:42,279][com.java.TestType] [  485] - Test case Id is---1
[INFO ][2016-01-05 17:54:42,279][com.java.TestType] [  487] - 1
[INFO ][2016-01-05 17:54:42,279][com.java.TestType] [  482] -  str(2) = 5
[INFO ][2016-01-05 17:54:42,280][com.java.TestType] [  482] -  str(1) = 1
[INFO ][2016-01-05 17:54:42,280][com.java.TestType] [  485] - Test case Id is---1
[INFO ][2016-01-05 17:54:42,280][com.java.TestType] [  487] - 1
[INFO ][2016-01-05 17:54:42,280][com.java.TestType] [  482] -  str(2) = 6
[INFO ][2016-01-05 17:54:42,281][com.java.TestType] [  482] -  str(1) = 1
[INFO ][2016-01-05 17:54:42,281][com.java.TestType] [  485] - Test case Id is---1
[INFO ][2016-01-05 17:54:42,281][com.java.TestType] [  487] - 1
[INFO ][2016-01-05 17:54:42,281][com.java.TestType] [  482] -  str(2) = 7
[INFO ][2016-01-05 17:54:42,282][com.java.TestType] [  482] -  str(1) = 1
[INFO ][2016-01-05 17:54:42,282][com.java.TestType] [  485] - Test case Id is---1
[INFO ][2016-01-05 17:54:42,282][com.java.TestType] [  487] - 1
[INFO ][2016-01-05 17:54:42,282][com.java.TestType] [  482] -  str(2) = 8
[INFO ][2016-01-05 17:54:42,283][com.java.TestType] [  482] -  str(1) = 1
[INFO ][2016-01-05 17:54:42,283][com.java.TestType] [  485] - Test case Id is---1
[INFO ][2016-01-05 17:54:42,283][com.java.TestType] [  487] - 1
[INFO ][2016-01-05 17:54:42,283][com.java.TestType] [  482] -  str(2) = 9
[INFO ][2016-01-05 17:54:42,283][com.java.TestType] [  482] -  str(1) = 1
[INFO ][2016-01-05 17:54:42,283][com.java.TestType] [  485] - Test case Id is---1
[INFO ][2016-01-05 17:54:42,284][com.java.TestType] [  487] - 1
[INFO ][2016-01-05 17:54:42,284][com.java.TestType] [  482] -  str(2) = 10
[INFO ][2016-01-05 17:54:42,284][com.java.TestType] [  482] -  str(1) = 1
[INFO ][2016-01-05 17:54:42,284][com.java.TestType] [  485] - Test case Id is---1
[INFO ][2016-01-05 17:54:42,284][com.java.TestType] [  487] - 1
[INFO ][2016-01-05 17:54:42,284][com.java.TestType] [  482] -  str(2) = 11
[INFO ][2016-01-05 17:54:42,285][com.java.TestType] [  482] -  str(1) = 1
[INFO ][2016-01-05 17:54:42,285][com.java.TestType] [  485] - Test case Id is---1
[INFO ][2016-01-05 17:54:42,285][com.java.TestType] [  487] - 1
[INFO ][2016-01-05 17:54:42,285][com.java.TestType] [  482] -  str(2) = 12
[INFO ][2016-01-05 17:54:42,286][com.java.TestType] [  482] -  str(1) = 1
[INFO ][2016-01-05 17:54:42,286][com.java.TestType] [  485] - Test case Id is---1
[INFO ][2016-01-05 17:54:42,286][com.java.TestType] [  487] - 1
[INFO ][2016-01-05 17:54:42,286][com.java.TestType] [  482] -  str(2) = 13
[INFO ][2016-01-05 17:54:42,287][com.java.TestType] [  482] -  str(1) = 1
[INFO ][2016-01-05 17:54:42,287][com.java.TestType] [  485] - Test case Id is---1
[INFO ][2016-01-05 17:54:42,287][com.java.TestType] [  487] - 1
[INFO ][2016-01-05 17:54:42,287][com.java.TestType] [  482] -  str(2) = 14
[INFO ][2016-01-05 17:54:42,287][com.java.TestType] [  482] -  str(1) = 1
[INFO ][2016-01-05 17:54:42,287][com.java.TestType] [  485] - Test case Id is---1
[INFO ][2016-01-05 17:54:42,287][com.java.TestType] [  487] - 1
[INFO ][2016-01-05 17:54:42,287][com.java.TestType] [  482] -  str(2) = 15
[INFO ][2016-01-05 17:54:42,288][com.java.TestType] [  482] -  str(1) = 1
[INFO ][2016-01-05 17:54:42,288][com.java.TestType] [  485] - Test case Id is---1
[INFO ][2016-01-05 17:54:42,288][com.java.TestType] [  487] - 1
[INFO ][2016-01-05 17:54:42,288][com.java.TestType] [  482] -  str(2) = 16
[INFO ][2016-01-05 17:54:42,290][com.java.TestType] [10614] - Looping 1TCID = 1
[DEBUG][2016-01-05 17:54:42,290][com.java.TestType] [10655] - Concept ID:1 :: Step being Executed: 1::1
[INFO ][2016-01-05 17:54:42,290][com.java.TestType] [10693] - dataFields : TXTusername
[DEBUG][2016-01-05 17:54:42,290][com.java.TestType] [10699] - <In Set values of the page>
[DEBUG][2016-01-05 17:54:42,290][com.java.TestType] [10704] - {Data Fields & Data Values Exist}
[INFO ][2016-01-05 17:54:42,290][com.java.TestType] [10710] - --------------------------setting values-----------------------------
[INFO ][2016-01-05 17:54:42,290][com.java.TestType] [10713] - Action Type : CLEARANDENTER
[INFO ][2016-01-05 17:54:42,290][com.java.TestType] [ 5705] - value = valuelabs.ie10.00058
[INFO ][2016-01-05 17:54:47,019][com.java.TestType] [10732] -  RESULT true
[INFO ][2016-01-05 17:54:47,019][com.java.TestType] [10849] - ?   P A S S   ?
[DEBUG][2016-01-05 17:54:47,019][com.java.TestType] [10655] - Concept ID:1 :: Step being Executed: 1::2
[INFO ][2016-01-05 17:54:47,019][com.java.TestType] [10693] - dataFields : TXTpassword
[DEBUG][2016-01-05 17:54:47,019][com.java.TestType] [10699] - <In Set values of the page>
[DEBUG][2016-01-05 17:54:47,019][com.java.TestType] [10704] - {Data Fields & Data Values Exist}
[INFO ][2016-01-05 17:54:47,019][com.java.TestType] [10710] - --------------------------setting values-----------------------------
[INFO ][2016-01-05 17:54:47,019][com.java.TestType] [10713] - Action Type : CLEARANDENTER
[INFO ][2016-01-05 17:54:47,020][com.java.TestType] [ 5705] - value = Password1*
[INFO ][2016-01-05 17:54:51,852][com.java.TestType] [10732] -  RESULT true
[INFO ][2016-01-05 17:54:51,852][com.java.TestType] [10849] - ?   P A S S   ?
[DEBUG][2016-01-05 17:54:51,852][com.java.TestType] [10655] - Concept ID:1 :: Step being Executed: 1::3
[ERROR][2016-01-05 17:54:51,852][com.java.TestType] [10688] - Exception: null
[INFO ][2016-01-05 17:54:51,852][com.java.TestType] [10693] - dataFields : XPH//button[@type='submit']
[DEBUG][2016-01-05 17:54:51,852][com.java.TestType] [10699] - <In Set values of the page>
[DEBUG][2016-01-05 17:54:51,852][com.java.TestType] [10704] - {Data Fields & Data Values Exist}
[INFO ][2016-01-05 17:54:51,852][com.java.TestType] [10710] - --------------------------setting values-----------------------------
[INFO ][2016-01-05 17:54:51,853][com.java.TestType] [10713] - Action Type : Click
[INFO ][2016-01-05 17:54:51,853][com.java.TestType] [ 6084] - Field ::XPH//button[@type='submit']
[INFO ][2016-01-05 17:54:51,853][com.java.TestType] [ 5705] - value = 
[INFO ][2016-01-05 17:54:52,853][com.java.TestType] [ 6221] - BEFORE CLICK
[INFO ][2016-01-05 17:54:56,353][com.java.TestType] [ 6229] - Unable to click the object Login
[INFO ][2016-01-05 17:54:56,353][com.java.TestType] [10732] -  RESULT true
[INFO ][2016-01-05 17:54:56,353][com.java.TestType] [10849] - ?   P A S S   ?
[DEBUG][2016-01-05 17:54:56,353][com.java.TestType] [10655] - Concept ID:1 :: Step being Executed: 1::4
[INFO ][2016-01-05 17:54:56,354][com.java.TestType] [10693] - dataFields : LNKLogout
[DEBUG][2016-01-05 17:54:56,354][com.java.TestType] [10699] - <In Set values of the page>
[DEBUG][2016-01-05 17:54:56,354][com.java.TestType] [10704] - {Data Fields & Data Values Exist}
[INFO ][2016-01-05 17:54:56,354][com.java.TestType] [10710] - --------------------------setting values-----------------------------
[INFO ][2016-01-05 17:54:56,354][com.java.TestType] [10713] - Action Type : WaitForElement
[INFO ][2016-01-05 17:54:56,511][com.java.TestType] [10732] -  RESULT true
[INFO ][2016-01-05 17:54:56,511][com.java.TestType] [10849] - ?   P A S S   ?
[DEBUG][2016-01-05 17:54:56,511][com.java.TestType] [10655] - Concept ID:1 :: Step being Executed: 1::15
[INFO ][2016-01-05 17:54:56,511][com.java.TestType] [10693] - dataFields : LNK
[DEBUG][2016-01-05 17:54:56,511][com.java.TestType] [10699] - <In Set values of the page>
[DEBUG][2016-01-05 17:54:56,511][com.java.TestType] [10704] - {Data Fields & Data Values Exist}
[INFO ][2016-01-05 17:54:56,511][com.java.TestType] [10710] - --------------------------setting values-----------------------------
[INFO ][2016-01-05 17:54:56,511][com.java.TestType] [10713] - Action Type : Verify
[INFO ][2016-01-05 17:54:56,512][com.java.TestType] [ 7081] - field= LNK value= Logout
[INFO ][2016-01-05 17:54:56,512][com.java.TestType] [ 5705] - value = Logout
[INFO ][2016-01-05 17:54:56,548][com.java.TestType] [10732] -  RESULT true
[INFO ][2016-01-05 17:54:56,548][com.java.TestType] [10849] - ?   P A S S   ?
[DEBUG][2016-01-05 17:54:56,548][com.java.TestType] [10655] - Concept ID:1 :: Step being Executed: 1::16
[INFO ][2016-01-05 17:54:56,548][com.java.TestType] [10693] - dataFields : BTN
[DEBUG][2016-01-05 17:54:56,548][com.java.TestType] [10699] - <In Set values of the page>
[DEBUG][2016-01-05 17:54:56,548][com.java.TestType] [10704] - {Data Fields & Data Values Exist}
[INFO ][2016-01-05 17:54:56,549][com.java.TestType] [10710] - --------------------------setting values-----------------------------
[INFO ][2016-01-05 17:54:56,549][com.java.TestType] [10713] - Action Type : Verify
[INFO ][2016-01-05 17:54:56,549][com.java.TestType] [ 7081] - field= BTN value= //img[contains(@src,'bdlogo.jpg')]
[INFO ][2016-01-05 17:54:56,549][com.java.TestType] [ 5705] - value = //img[contains(@src,'bdlogo.jpg')]
[INFO ][2016-01-05 17:54:56,623][com.java.TestType] [10732] -  RESULT true
[INFO ][2016-01-05 17:54:56,623][com.java.TestType] [10849] - ?   P A S S   ?
[INFO ][2016-01-05 17:54:56,623][com.java.TestType] [10920] - Looping End......
[INFO ][2016-01-05 17:54:56,626][com.java.SeleniumDriver] [  906] -  RESULT true
[INFO ][2016-01-05 17:54:56,626][com.java.SeleniumDriver] [ 1112] - ?   P A S S   ?
[INFO ][2016-01-05 17:54:56,627][com.java.SeleniumDriver] [  832] - ------------------------------------------
[INFO ][2016-01-05 17:54:56,627][com.java.SeleniumDriver] [  833] - Test case being Executed: 2
[INFO ][2016-01-05 17:54:56,627][com.java.SeleniumDriver] [  845] - Test step:60
[INFO ][2016-01-05 17:54:56,627][com.java.SeleniumDriver] [  857] - Datavalue is----------null
[DEBUG][2016-01-05 17:54:56,627][com.java.SeleniumDriver] [  875] - Exception: null
[INFO ][2016-01-05 17:54:56,627][com.java.SeleniumDriver] [  881] - DataField : //span[@class='icon-user4']&&//a[text()='Users']&&//a[@data-id="ModifyUsers"]
[INFO ][2016-01-05 17:54:56,627][com.java.SeleniumDriver] [  883] - DataValue : 
[INFO ][2016-01-05 17:54:56,627][com.java.SeleniumDriver] [  889] - <In Set values of the page>
[INFO ][2016-01-05 17:54:56,627][com.java.SeleniumDriver] [  892] - {Data Fields & Data Values Exist}
[INFO ][2016-01-05 17:54:56,627][com.java.SeleniumDriver] [  894] - --------------------------setting values-----------------------------
[INFO ][2016-01-05 17:54:56,627][com.java.SeleniumDriver] [  897] - Action Type : MouseOver
[INFO ][2016-01-05 17:55:24,633][com.java.SeleniumDriver] [  906] -  RESULT true
[INFO ][2016-01-05 17:55:24,633][com.java.SeleniumDriver] [ 1112] - ?   P A S S   ?
[INFO ][2016-01-05 17:55:24,633][com.java.SeleniumDriver] [  832] - ------------------------------------------
[INFO ][2016-01-05 17:55:24,633][com.java.SeleniumDriver] [  833] - Test case being Executed: 2
[INFO ][2016-01-05 17:55:24,633][com.java.SeleniumDriver] [  845] - Test step:61
[INFO ][2016-01-05 17:55:24,633][com.java.SeleniumDriver] [  857] - Datavalue is----------2
[INFO ][2016-01-05 17:55:24,633][com.java.SeleniumDriver] [  881] - DataField : BTNframeDialogContent
[INFO ][2016-01-05 17:55:24,633][com.java.SeleniumDriver] [  883] - DataValue : 2
[INFO ][2016-01-05 17:55:24,633][com.java.SeleniumDriver] [  889] - <In Set values of the page>
[INFO ][2016-01-05 17:55:24,633][com.java.SeleniumDriver] [  892] - {Data Fields & Data Values Exist}
[INFO ][2016-01-05 17:55:24,633][com.java.SeleniumDriver] [  894] - --------------------------setting values-----------------------------
[INFO ][2016-01-05 17:55:24,633][com.java.SeleniumDriver] [  897] - Action Type : WaitForElement
[INFO ][2016-01-05 17:55:25,859][com.java.SeleniumDriver] [  906] -  RESULT true
[INFO ][2016-01-05 17:55:25,859][com.java.SeleniumDriver] [ 1112] - ?   P A S S   ?
[INFO ][2016-01-05 17:55:25,859][com.java.SeleniumDriver] [  832] - ------------------------------------------
[INFO ][2016-01-05 17:55:25,859][com.java.SeleniumDriver] [  833] - Test case being Executed: 2
[INFO ][2016-01-05 17:55:25,859][com.java.SeleniumDriver] [  845] - Test step:62
[INFO ][2016-01-05 17:55:25,859][com.java.SeleniumDriver] [  857] - Datavalue is----------null
[DEBUG][2016-01-05 17:55:25,859][com.java.SeleniumDriver] [  875] - Exception: null
[INFO ][2016-01-05 17:55:25,860][com.java.SeleniumDriver] [  881] - DataField : BTNframeDialogContent
[INFO ][2016-01-05 17:55:25,860][com.java.SeleniumDriver] [  883] - DataValue : 
[INFO ][2016-01-05 17:55:25,860][com.java.SeleniumDriver] [  889] - <In Set values of the page>
[INFO ][2016-01-05 17:55:25,860][com.java.SeleniumDriver] [  892] - {Data Fields & Data Values Exist}
[INFO ][2016-01-05 17:55:25,860][com.java.SeleniumDriver] [  894] - --------------------------setting values-----------------------------
[INFO ][2016-01-05 17:55:25,860][com.java.SeleniumDriver] [  897] - Action Type : SelectFrame
[INFO ][2016-01-05 17:55:27,120][com.java.SeleniumDriver] [  906] -  RESULT true
[INFO ][2016-01-05 17:55:27,120][com.java.SeleniumDriver] [ 1112] - ?   P A S S   ?
[INFO ][2016-01-05 17:55:27,120][com.java.SeleniumDriver] [  832] - ------------------------------------------
[INFO ][2016-01-05 17:55:27,120][com.java.SeleniumDriver] [  833] - Test case being Executed: 2
[INFO ][2016-01-05 17:55:27,120][com.java.SeleniumDriver] [  845] - Test step:63
[INFO ][2016-01-05 17:55:27,120][com.java.SeleniumDriver] [  857] - Datavalue is----------Login_username
[INFO ][2016-01-05 17:55:27,121][com.java.SeleniumDriver] [  881] - DataField : MNC//div[@id="divUserListing"]//td//a[@id='modifyUser.mytext']
[INFO ][2016-01-05 17:55:27,121][com.java.SeleniumDriver] [  883] - DataValue : Login_username
[INFO ][2016-01-05 17:55:27,121][com.java.SeleniumDriver] [  889] - <In Set values of the page>
[INFO ][2016-01-05 17:55:27,121][com.java.SeleniumDriver] [  892] - {Data Fields & Data Values Exist}
[INFO ][2016-01-05 17:55:27,121][com.java.SeleniumDriver] [  894] - --------------------------setting values-----------------------------
[INFO ][2016-01-05 17:55:27,121][com.java.SeleniumDriver] [  897] - Action Type : Click
[INFO ][2016-01-05 17:55:27,121][com.java.TestType] [ 6084] - Field ::MNC//div[@id="divUserListing"]//td//a[@id='modifyUser.mytext']
[INFO ][2016-01-05 17:55:27,121][com.java.TestType] [ 5705] - value = Login_username
[INFO ][2016-01-05 17:55:28,374][com.java.SeleniumDriver] [  906] -  RESULT true
[INFO ][2016-01-05 17:55:28,374][com.java.SeleniumDriver] [ 1112] - ?   P A S S   ?
[INFO ][2016-01-05 17:55:28,374][com.java.SeleniumDriver] [  832] - ------------------------------------------
[INFO ][2016-01-05 17:55:28,374][com.java.SeleniumDriver] [  833] - Test case being Executed: 2
[INFO ][2016-01-05 17:55:28,374][com.java.SeleniumDriver] [  845] - Test step:64
[INFO ][2016-01-05 17:55:28,374][com.java.SeleniumDriver] [  857] - Datavalue is----------2
[INFO ][2016-01-05 17:55:28,374][com.java.SeleniumDriver] [  881] - DataField : BTNtxtFirstName
[INFO ][2016-01-05 17:55:28,374][com.java.SeleniumDriver] [  883] - DataValue : 2
[INFO ][2016-01-05 17:55:28,374][com.java.SeleniumDriver] [  889] - <In Set values of the page>
[INFO ][2016-01-05 17:55:28,375][com.java.SeleniumDriver] [  892] - {Data Fields & Data Values Exist}
[INFO ][2016-01-05 17:55:28,375][com.java.SeleniumDriver] [  894] - --------------------------setting values-----------------------------
[INFO ][2016-01-05 17:55:28,375][com.java.SeleniumDriver] [  897] - Action Type : WaitForElement
[INFO ][2016-01-05 17:55:31,928][com.java.SeleniumDriver] [  906] -  RESULT true
[INFO ][2016-01-05 17:55:31,928][com.java.SeleniumDriver] [ 1112] - ?   P A S S   ?
[INFO ][2016-01-05 17:55:31,928][com.java.SeleniumDriver] [  832] - ------------------------------------------
[INFO ][2016-01-05 17:55:31,928][com.java.SeleniumDriver] [  833] - Test case being Executed: 2
[INFO ][2016-01-05 17:55:31,928][com.java.SeleniumDriver] [  845] - Test step:65
[INFO ][2016-01-05 17:55:31,928][com.java.SeleniumDriver] [  857] - Datavalue is----------dt:ResetNewPswd
[INFO ][2016-01-05 17:55:31,928][com.java.SeleniumDriver] [  881] - DataField : TXTtxtPassword
[INFO ][2016-01-05 17:55:31,929][com.java.SeleniumDriver] [  883] - DataValue : dt:ResetNewPswd
[INFO ][2016-01-05 17:55:31,929][com.java.SeleniumDriver] [  889] - <In Set values of the page>
[INFO ][2016-01-05 17:55:31,929][com.java.SeleniumDriver] [  892] - {Data Fields & Data Values Exist}
[INFO ][2016-01-05 17:55:31,929][com.java.SeleniumDriver] [  894] - --------------------------setting values-----------------------------
[INFO ][2016-01-05 17:55:31,929][com.java.SeleniumDriver] [  897] - Action Type : CLEARANDENTER
[INFO ][2016-01-05 17:55:31,929][com.java.TestType] [ 5705] - value = Password#1
[INFO ][2016-01-05 17:55:34,528][com.java.SeleniumDriver] [  906] -  RESULT true
[INFO ][2016-01-05 17:55:34,528][com.java.SeleniumDriver] [ 1112] - ?   P A S S   ?
[INFO ][2016-01-05 17:55:34,528][com.java.SeleniumDriver] [  832] - ------------------------------------------
[INFO ][2016-01-05 17:55:34,528][com.java.SeleniumDriver] [  833] - Test case being Executed: 2
[INFO ][2016-01-05 17:55:34,528][com.java.SeleniumDriver] [  845] - Test step:66
[INFO ][2016-01-05 17:55:34,528][com.java.SeleniumDriver] [  857] - Datavalue is----------5
[INFO ][2016-01-05 17:55:34,528][com.java.SeleniumDriver] [  881] - DataField : TXTtxtPasswordConfirm
[INFO ][2016-01-05 17:55:34,528][com.java.SeleniumDriver] [  883] - DataValue : 5
[INFO ][2016-01-05 17:55:34,528][com.java.SeleniumDriver] [  889] - <In Set values of the page>
[INFO ][2016-01-05 17:55:34,528][com.java.SeleniumDriver] [  892] - {Data Fields & Data Values Exist}
[INFO ][2016-01-05 17:55:34,528][com.java.SeleniumDriver] [  894] - --------------------------setting values-----------------------------
[INFO ][2016-01-05 17:55:34,529][com.java.SeleniumDriver] [  897] - Action Type : WaitForElement
[INFO ][2016-01-05 17:55:35,643][com.java.SeleniumDriver] [  906] -  RESULT true
[INFO ][2016-01-05 17:55:35,643][com.java.SeleniumDriver] [ 1112] - ?   P A S S   ?
[INFO ][2016-01-05 17:55:35,643][com.java.SeleniumDriver] [  832] - ------------------------------------------
[INFO ][2016-01-05 17:55:35,643][com.java.SeleniumDriver] [  833] - Test case being Executed: 2
[INFO ][2016-01-05 17:55:35,643][com.java.SeleniumDriver] [  845] - Test step:67
[INFO ][2016-01-05 17:55:35,643][com.java.SeleniumDriver] [  857] - Datavalue is----------dt:ResetNewPswd
[INFO ][2016-01-05 17:55:35,644][com.java.SeleniumDriver] [  881] - DataField : TXTtxtPasswordConfirm
[INFO ][2016-01-05 17:55:35,644][com.java.SeleniumDriver] [  883] - DataValue : dt:ResetNewPswd
[INFO ][2016-01-05 17:55:35,644][com.java.SeleniumDriver] [  889] - <In Set values of the page>
[INFO ][2016-01-05 17:55:35,644][com.java.SeleniumDriver] [  892] - {Data Fields & Data Values Exist}
[INFO ][2016-01-05 17:55:35,644][com.java.SeleniumDriver] [  894] - --------------------------setting values-----------------------------
[INFO ][2016-01-05 17:55:35,644][com.java.SeleniumDriver] [  897] - Action Type : CLEARANDENTER
[INFO ][2016-01-05 17:55:35,644][com.java.TestType] [ 5705] - value = Password#1
[INFO ][2016-01-05 17:55:38,236][com.java.SeleniumDriver] [  906] -  RESULT true
[INFO ][2016-01-05 17:55:38,236][com.java.SeleniumDriver] [ 1112] - ?   P A S S   ?
[INFO ][2016-01-05 17:55:38,236][com.java.SeleniumDriver] [  832] - ------------------------------------------
[INFO ][2016-01-05 17:55:38,236][com.java.SeleniumDriver] [  833] - Test case being Executed: 2
[INFO ][2016-01-05 17:55:38,236][com.java.SeleniumDriver] [  845] - Test step:68
[INFO ][2016-01-05 17:55:38,236][com.java.SeleniumDriver] [  857] - Datavalue is----------5
[INFO ][2016-01-05 17:55:38,236][com.java.SeleniumDriver] [  881] - DataField : test
[INFO ][2016-01-05 17:55:38,236][com.java.SeleniumDriver] [  883] - DataValue : 5
[INFO ][2016-01-05 17:55:38,236][com.java.SeleniumDriver] [  889] - <In Set values of the page>
[INFO ][2016-01-05 17:55:38,236][com.java.SeleniumDriver] [  892] - {Data Fields & Data Values Exist}
[INFO ][2016-01-05 17:55:38,236][com.java.SeleniumDriver] [  894] - --------------------------setting values-----------------------------
[INFO ][2016-01-05 17:55:38,236][com.java.SeleniumDriver] [  897] - Action Type : WaitTime
[DEBUG][2016-01-05 17:55:38,237][com.java.TestType] [ 5525] - sleepTime: 5000
[INFO ][2016-01-05 17:55:43,238][com.java.SeleniumDriver] [  906] -  RESULT true
[INFO ][2016-01-05 17:55:43,238][com.java.SeleniumDriver] [ 1112] - ?   P A S S   ?
[INFO ][2016-01-05 17:55:43,238][com.java.SeleniumDriver] [  832] - ------------------------------------------
[INFO ][2016-01-05 17:55:43,238][com.java.SeleniumDriver] [  833] - Test case being Executed: 2
[INFO ][2016-01-05 17:55:43,238][com.java.SeleniumDriver] [  845] - Test step:69
[INFO ][2016-01-05 17:55:43,238][com.java.SeleniumDriver] [  857] - Datavalue is----------null
[DEBUG][2016-01-05 17:55:43,238][com.java.SeleniumDriver] [  875] - Exception: null
[INFO ][2016-01-05 17:55:43,238][com.java.SeleniumDriver] [  881] - DataField : BTNrdoResendYes
[INFO ][2016-01-05 17:55:43,240][com.java.SeleniumDriver] [  883] - DataValue : 
[INFO ][2016-01-05 17:55:43,240][com.java.SeleniumDriver] [  889] - <In Set values of the page>
[INFO ][2016-01-05 17:55:43,240][com.java.SeleniumDriver] [  892] - {Data Fields & Data Values Exist}
[INFO ][2016-01-05 17:55:43,240][com.java.SeleniumDriver] [  894] - --------------------------setting values-----------------------------
[INFO ][2016-01-05 17:55:43,240][com.java.SeleniumDriver] [  897] - Action Type : Click
[INFO ][2016-01-05 17:55:43,240][com.java.TestType] [ 6084] - Field ::BTNrdoResendYes
[INFO ][2016-01-05 17:55:43,240][com.java.TestType] [ 5705] - value = 
[INFO ][2016-01-05 17:55:44,240][com.java.TestType] [ 6200] - BEFORE CLICK
[INFO ][2016-01-05 17:55:45,494][com.java.TestType] [ 6207] - Unable to click the object Yes Radio button
[INFO ][2016-01-05 17:55:45,494][com.java.SeleniumDriver] [  906] -  RESULT true
[INFO ][2016-01-05 17:55:45,494][com.java.SeleniumDriver] [ 1112] - ?   P A S S   ?
[INFO ][2016-01-05 17:55:45,494][com.java.SeleniumDriver] [  832] - ------------------------------------------
[INFO ][2016-01-05 17:55:45,494][com.java.SeleniumDriver] [  833] - Test case being Executed: 2
[INFO ][2016-01-05 17:55:45,494][com.java.SeleniumDriver] [  845] - Test step:70
[INFO ][2016-01-05 17:55:45,494][com.java.SeleniumDriver] [  857] - Datavalue is----------null
[DEBUG][2016-01-05 17:55:45,494][com.java.SeleniumDriver] [  875] - Exception: null
[INFO ][2016-01-05 17:55:45,495][com.java.SeleniumDriver] [  881] - DataField : BTNparent
[INFO ][2016-01-05 17:55:45,495][com.java.SeleniumDriver] [  883] - DataValue : 
[INFO ][2016-01-05 17:55:45,495][com.java.SeleniumDriver] [  889] - <In Set values of the page>
[INFO ][2016-01-05 17:55:45,495][com.java.SeleniumDriver] [  892] - {Data Fields & Data Values Exist}
[INFO ][2016-01-05 17:55:45,495][com.java.SeleniumDriver] [  894] - --------------------------setting values-----------------------------
[INFO ][2016-01-05 17:55:45,495][com.java.SeleniumDriver] [  897] - Action Type : SelectFrame
[INFO ][2016-01-05 17:55:45,510][com.java.SeleniumDriver] [  906] -  RESULT true
[INFO ][2016-01-05 17:55:45,510][com.java.SeleniumDriver] [ 1112] - ?   P A S S   ?
[INFO ][2016-01-05 17:55:45,510][com.java.SeleniumDriver] [  832] - ------------------------------------------
[INFO ][2016-01-05 17:55:45,510][com.java.SeleniumDriver] [  833] - Test case being Executed: 2
[INFO ][2016-01-05 17:55:45,510][com.java.SeleniumDriver] [  845] - Test step:71
[INFO ][2016-01-05 17:55:45,511][com.java.SeleniumDriver] [  857] - Datavalue is----------null
[DEBUG][2016-01-05 17:55:45,511][com.java.SeleniumDriver] [  875] - Exception: null
[INFO ][2016-01-05 17:55:45,511][com.java.SeleniumDriver] [  881] - DataField : XPH//span[contains(text(), 'Finished')]
[INFO ][2016-01-05 17:55:45,511][com.java.SeleniumDriver] [  883] - DataValue : 
[INFO ][2016-01-05 17:55:45,511][com.java.SeleniumDriver] [  889] - <In Set values of the page>
[INFO ][2016-01-05 17:55:45,511][com.java.SeleniumDriver] [  892] - {Data Fields & Data Values Exist}
[INFO ][2016-01-05 17:55:45,511][com.java.SeleniumDriver] [  894] - --------------------------setting values-----------------------------
[INFO ][2016-01-05 17:55:45,511][com.java.SeleniumDriver] [  897] - Action Type : Click
[INFO ][2016-01-05 17:55:45,511][com.java.TestType] [ 6084] - Field ::XPH//span[contains(text(), 'Finished')]
[INFO ][2016-01-05 17:55:45,511][com.java.TestType] [ 5705] - value = 
[INFO ][2016-01-05 17:55:46,511][com.java.TestType] [ 6221] - BEFORE CLICK
[INFO ][2016-01-05 17:55:47,555][com.java.TestType] [ 6229] - Unable to click the object Finished button
[INFO ][2016-01-05 17:55:47,555][com.java.SeleniumDriver] [  906] -  RESULT true
[INFO ][2016-01-05 17:55:47,555][com.java.SeleniumDriver] [ 1112] - ?   P A S S   ?
[INFO ][2016-01-05 17:55:47,555][com.java.SeleniumDriver] [  832] - ------------------------------------------
[INFO ][2016-01-05 17:55:47,555][com.java.SeleniumDriver] [  833] - Test case being Executed: 2
[INFO ][2016-01-05 17:55:47,555][com.java.SeleniumDriver] [  845] - Test step:72
[INFO ][2016-01-05 17:55:47,555][com.java.SeleniumDriver] [  857] - Datavalue is----------10
[INFO ][2016-01-05 17:55:47,555][com.java.SeleniumDriver] [  881] - DataField : test
[INFO ][2016-01-05 17:55:47,555][com.java.SeleniumDriver] [  883] - DataValue : 10
[INFO ][2016-01-05 17:55:47,555][com.java.SeleniumDriver] [  889] - <In Set values of the page>
[INFO ][2016-01-05 17:55:47,555][com.java.SeleniumDriver] [  892] - {Data Fields & Data Values Exist}
[INFO ][2016-01-05 17:55:47,555][com.java.SeleniumDriver] [  894] - --------------------------setting values-----------------------------
[INFO ][2016-01-05 17:55:47,555][com.java.SeleniumDriver] [  897] - Action Type : WaitTime
[DEBUG][2016-01-05 17:55:47,556][com.java.TestType] [ 5525] - sleepTime: 10000
[INFO ][2016-01-05 17:55:57,557][com.java.SeleniumDriver] [  906] -  RESULT true
[INFO ][2016-01-05 17:55:57,557][com.java.SeleniumDriver] [ 1112] - ?   P A S S   ?
[INFO ][2016-01-05 17:55:57,557][com.java.SeleniumDriver] [  832] - ------------------------------------------
[INFO ][2016-01-05 17:55:57,557][com.java.SeleniumDriver] [  833] - Test case being Executed: 2
[INFO ][2016-01-05 17:55:57,557][com.java.SeleniumDriver] [  845] - Test step:73
[INFO ][2016-01-05 17:55:57,557][com.java.SeleniumDriver] [  857] - Datavalue is----------5
[INFO ][2016-01-05 17:55:57,557][com.java.SeleniumDriver] [  881] - DataField : XPH//span[contains(text(), 'Finished')]
[INFO ][2016-01-05 17:55:57,557][com.java.SeleniumDriver] [  883] - DataValue : 5
[INFO ][2016-01-05 17:55:57,557][com.java.SeleniumDriver] [  889] - <In Set values of the page>
[INFO ][2016-01-05 17:55:57,557][com.java.SeleniumDriver] [  892] - {Data Fields & Data Values Exist}
[INFO ][2016-01-05 17:55:57,557][com.java.SeleniumDriver] [  894] - --------------------------setting values-----------------------------
[INFO ][2016-01-05 17:55:57,557][com.java.SeleniumDriver] [  897] - Action Type : WaitForElement
[INFO ][2016-01-05 17:55:57,596][com.java.SeleniumDriver] [  906] -  RESULT true
[INFO ][2016-01-05 17:55:57,596][com.java.SeleniumDriver] [ 1112] - ?   P A S S   ?
[INFO ][2016-01-05 17:55:57,596][com.java.SeleniumDriver] [  832] - ------------------------------------------
[INFO ][2016-01-05 17:55:57,596][com.java.SeleniumDriver] [  833] - Test case being Executed: 2
[INFO ][2016-01-05 17:55:57,597][com.java.SeleniumDriver] [  845] - Test step:74
[INFO ][2016-01-05 17:55:57,597][com.java.SeleniumDriver] [  857] - Datavalue is----------null
[DEBUG][2016-01-05 17:55:57,597][com.java.SeleniumDriver] [  875] - Exception: null
[INFO ][2016-01-05 17:55:57,597][com.java.SeleniumDriver] [  881] - DataField : XPH//span[contains(text(), 'Finished')]
[INFO ][2016-01-05 17:55:57,597][com.java.SeleniumDriver] [  883] - DataValue : 
[INFO ][2016-01-05 17:55:57,598][com.java.SeleniumDriver] [  889] - <In Set values of the page>
[INFO ][2016-01-05 17:55:57,598][com.java.SeleniumDriver] [  892] - {Data Fields & Data Values Exist}
[INFO ][2016-01-05 17:55:57,598][com.java.SeleniumDriver] [  894] - --------------------------setting values-----------------------------
[INFO ][2016-01-05 17:55:57,599][com.java.SeleniumDriver] [  897] - Action Type : Click
[INFO ][2016-01-05 17:55:57,599][com.java.TestType] [ 6084] - Field ::XPH//span[contains(text(), 'Finished')]
[INFO ][2016-01-05 17:55:57,599][com.java.TestType] [ 5705] - value = 
[INFO ][2016-01-05 17:55:58,599][com.java.TestType] [ 6221] - BEFORE CLICK
[INFO ][2016-01-05 17:55:59,851][com.java.TestType] [ 6229] - Unable to click the object Finished button
[INFO ][2016-01-05 17:55:59,851][com.java.SeleniumDriver] [  906] -  RESULT true
[INFO ][2016-01-05 17:55:59,851][com.java.SeleniumDriver] [ 1112] - ?   P A S S   ?
[INFO ][2016-01-05 17:55:59,851][com.java.SeleniumDriver] [  832] - ------------------------------------------
[INFO ][2016-01-05 17:55:59,851][com.java.SeleniumDriver] [  833] - Test case being Executed: 2
[INFO ][2016-01-05 17:55:59,851][com.java.SeleniumDriver] [  845] - Test step:75
[INFO ][2016-01-05 17:55:59,851][com.java.SeleniumDriver] [  857] - Datavalue is----------10
[INFO ][2016-01-05 17:55:59,851][com.java.SeleniumDriver] [  881] - DataField : XPH//div[contains(text(), 'My Dashboard')]
[INFO ][2016-01-05 17:55:59,851][com.java.SeleniumDriver] [  883] - DataValue : 10
[INFO ][2016-01-05 17:55:59,851][com.java.SeleniumDriver] [  889] - <In Set values of the page>
[INFO ][2016-01-05 17:55:59,851][com.java.SeleniumDriver] [  892] - {Data Fields & Data Values Exist}
[INFO ][2016-01-05 17:55:59,851][com.java.SeleniumDriver] [  894] - --------------------------setting values-----------------------------
[INFO ][2016-01-05 17:55:59,851][com.java.SeleniumDriver] [  897] - Action Type : WAITFORELEMENT
[INFO ][2016-01-05 17:55:59,937][com.java.SeleniumDriver] [  906] -  RESULT true
[INFO ][2016-01-05 17:55:59,938][com.java.SeleniumDriver] [ 1112] - ?   P A S S   ?
[INFO ][2016-01-05 17:55:59,938][com.java.SeleniumDriver] [  832] - ------------------------------------------
[INFO ][2016-01-05 17:55:59,938][com.java.SeleniumDriver] [  833] - Test case being Executed: 2
[INFO ][2016-01-05 17:55:59,938][com.java.SeleniumDriver] [  845] - Test step:76
[INFO ][2016-01-05 17:55:59,938][com.java.SeleniumDriver] [  857] - Datavalue is----------Concept#3:1-2
[INFO ][2016-01-05 17:55:59,938][com.java.SeleniumDriver] [  881] - DataField : test
[INFO ][2016-01-05 17:55:59,938][com.java.SeleniumDriver] [  883] - DataValue : Concept#3:1-2
[INFO ][2016-01-05 17:55:59,938][com.java.SeleniumDriver] [  889] - <In Set values of the page>
[INFO ][2016-01-05 17:55:59,938][com.java.SeleniumDriver] [  892] - {Data Fields & Data Values Exist}
[INFO ][2016-01-05 17:55:59,938][com.java.SeleniumDriver] [  894] - --------------------------setting values-----------------------------
[INFO ][2016-01-05 17:55:59,938][com.java.SeleniumDriver] [  897] - Action Type : ExecuteTestCase
[INFO ][2016-01-05 17:55:59,938][com.java.TestType] [  437] - The Concept sheet name is ---------- Concept
[INFO ][2016-01-05 17:55:59,938][com.java.TestType] [  440] - The Concept ID  is ---------- 3
[DEBUG][2016-01-05 17:55:59,938][com.java.TestType] [  444] - Steps being executted in the Concept are: 1:2
[INFO ][2016-01-05 17:55:59,939][com.java.TestType] [  451] - Test data details path ---------- D:\BankersDashboard\TestInputs\TestData.xls
[INFO ][2016-01-05 17:55:59,966][com.java.TestType] [  482] -  str(1) = 3
[INFO ][2016-01-05 17:55:59,966][com.java.TestType] [  485] - Test case Id is---3
[INFO ][2016-01-05 17:55:59,966][com.java.TestType] [  487] - 3
[INFO ][2016-01-05 17:55:59,966][com.java.TestType] [  482] -  str(2) = 1
[INFO ][2016-01-05 17:55:59,968][com.java.TestType] [  482] -  str(1) = 3
[INFO ][2016-01-05 17:55:59,968][com.java.TestType] [  485] - Test case Id is---3
[INFO ][2016-01-05 17:55:59,968][com.java.TestType] [  487] - 3
[INFO ][2016-01-05 17:55:59,968][com.java.TestType] [  482] -  str(2) = 2
[INFO ][2016-01-05 17:55:59,968][com.java.TestType] [10614] - Looping 1TCID = 3
[DEBUG][2016-01-05 17:55:59,968][com.java.TestType] [10655] - Concept ID:3 :: Step being Executed: 3::1
[INFO ][2016-01-05 17:55:59,968][com.java.TestType] [10693] - dataFields : test
[DEBUG][2016-01-05 17:55:59,969][com.java.TestType] [10699] - <In Set values of the page>
[DEBUG][2016-01-05 17:55:59,969][com.java.TestType] [10704] - {Data Fields & Data Values Exist}
[INFO ][2016-01-05 17:55:59,969][com.java.TestType] [10710] - --------------------------setting values-----------------------------
[INFO ][2016-01-05 17:55:59,969][com.java.TestType] [10713] - Action Type : Logout
[INFO ][2016-01-05 17:56:02,324][com.java.TestType] [ 6084] - Field ::CNF
[INFO ][2016-01-05 17:56:02,324][com.java.TestType] [ 5705] - value = OK
[INFO ][2016-01-05 17:56:04,635][com.java.TestType] [ 6217] - Click the object confirmation
[INFO ][2016-01-05 17:56:04,635][com.java.TestType] [ 6218] - Unable to click the object confirmation
[DEBUG][2016-01-05 17:56:05,814][com.java.SeleniumDriver] [  426] - Hub ip address is-------172.17.68.34
[INFO ][2016-01-05 17:56:05,814][com.java.SeleniumDriver] [  452] - Grid URL:http://172.17.68.34:4444/wd/hub
[INFO ][2016-01-05 17:56:05,814][com.java.SeleniumDriver] [  453] - Capability:Capabilities [{platform=ANY, ensureCleanSession=true, ignoreProtectedModeSettings=true, acceptSslCerts=true, ignoreZoomSetting=true, browserName=internet explorer, browserstack.ie.noFlash=true, version=null}]
[ERROR][2016-01-05 17:56:06,826][com.java.SeleniumDriver] [  498] - Unable invoke browser in grid:Could not start a new session. Possible causes are invalid address of the remote server or browser start-up failure.
Build info: version: '2.48.2', revision: '41bccdd', time: '2015-10-09 19:59:12'
System info: host: 'FVTIII438F1D', ip: '172.17.68.34', os.name: 'Windows 7', os.arch: 'x86', os.version: '6.1', java.version: '1.7.0_55'
Driver info: driver.version: SeleniumDriver
[INFO ][2016-01-05 17:56:06,826][com.java.SeleniumDriver] [  500] - Executing on local machine
