[INFO ][2015-11-06 15:52:38,843][com.java.SeleniumDriver] [  213] - Execute Failed Casesfalse
[INFO ][2015-11-06 15:52:38,844][com.java.SeleniumDriver] [  214] - Browser: IE11
[INFO ][2015-11-06 15:52:38,844][com.java.SeleniumDriver] [  215] - [1, 4]
[INFO ][2015-11-06 15:52:38,844][com.java.SeleniumDriver] [  216] - Total TestCases:2
[INFO ][2015-11-06 15:52:38,844][com.java.SeleniumDriver] [  217] -  Reading Properties from Property File 
[DEBUG][2015-11-06 15:52:38,844][com.java.SeleniumDriver] [  238] - url : https://clients-xuat.bankersdashboard.com
[INFO ][2015-11-06 15:52:38,847][com.java.ImportnExport.ExportTestResultsExcel] [  116] - Time Stamp Fri Nov 06 03:52:38 IST 2015
[INFO ][2015-11-06 15:52:38,847][com.java.ImportnExport.ExportTestResultsExcel] [  175] - OUT FILE : D:\BankersDashboard/TestReports/Test Results_BankersDashBoard_110615_155238_IE11_Any Bank USA.xls
[INFO ][2015-11-06 15:52:38,877][com.java.ImportnExport.ExportTestResultsExcel] [  180] - Test Result file is created
[DEBUG][2015-11-06 15:52:38,987][com.java.SeleniumDriver] [  425] - Hub ip address is-------172.17.68.34
[INFO ][2015-11-06 15:52:38,988][com.java.SeleniumDriver] [  451] - Grid URL:http://172.17.68.34:4444/wd/hub
[INFO ][2015-11-06 15:52:38,988][com.java.SeleniumDriver] [  452] - Capability:Capabilities [{platform=ANY, ensureCleanSession=true, ignoreProtectedModeSettings=true, acceptSslCerts=true, ignoreZoomSetting=true, browserName=internet explorer, browserstack.ie.noFlash=true, version=Node1}]
[ERROR][2015-11-06 15:52:40,365][com.java.SeleniumDriver] [  496] - Unable invoke browser in grid:Could not start a new session. Possible causes are invalid address of the remote server or browser start-up failure.
Build info: version: '2.48.2', revision: '41bccdd', time: '2015-10-09 19:59:12'
System info: host: 'FVTIII438F1D', ip: '172.17.68.34', os.name: 'Windows 7', os.arch: 'x86', os.version: '6.1', java.version: '1.7.0_55'
Driver info: driver.version: SeleniumDriver
[INFO ][2015-11-06 15:52:40,365][com.java.SeleniumDriver] [  498] - Executing on local machine
[INFO ][2015-11-06 15:52:50,082][com.java.SeleniumDriver] [  248] - IE11is opened
[INFO ][2015-11-06 15:52:50,913][com.java.SeleniumDriver] [  752] - Test cases to be executed are: [1, 4]
[INFO ][2015-11-06 15:52:50,914][com.java.ImportnExport.ImportTestDataDetailsExcel] [   49] - test data details path===== D:\BankersDashboard\TestInputs\TestData.xls
[INFO ][2015-11-06 15:53:01,679][com.java.SeleniumDriver] [  788] - ------------------------------------------
[INFO ][2015-11-06 15:53:01,679][com.java.SeleniumDriver] [  789] - Test case being Executed: 1
[INFO ][2015-11-06 15:53:01,726][com.java.SeleniumDriver] [  800] - Test step:1
[INFO ][2015-11-06 15:53:01,726][com.java.SeleniumDriver] [  812] - Datavalue is----------Concept#1:1-14
[INFO ][2015-11-06 15:53:01,727][com.java.SeleniumDriver] [  836] - DataField : test
[INFO ][2015-11-06 15:53:01,727][com.java.SeleniumDriver] [  838] - DataValue : Concept#1:1-14
[INFO ][2015-11-06 15:53:01,727][com.java.SeleniumDriver] [  844] - <In Set values of the page>
[INFO ][2015-11-06 15:53:01,727][com.java.SeleniumDriver] [  847] - {Data Fields & Data Values Exist}
[INFO ][2015-11-06 15:53:01,727][com.java.SeleniumDriver] [  849] - --------------------------setting values-----------------------------
[INFO ][2015-11-06 15:53:01,727][com.java.SeleniumDriver] [  852] - Action Type : ExecuteTestCase
[INFO ][2015-11-06 15:53:01,832][com.java.TestType] [  414] - The Concept sheet name is ---------- Concept
[INFO ][2015-11-06 15:53:01,832][com.java.TestType] [  417] - The Concept ID  is ---------- 1
[DEBUG][2015-11-06 15:53:01,832][com.java.TestType] [  421] - Steps being executted in the Concept are: 1:14
[INFO ][2015-11-06 15:53:01,832][com.java.TestType] [  428] - Test data details path ---------- D:\BankersDashboard\TestInputs\TestData.xls
[INFO ][2015-11-06 15:53:01,867][com.java.TestType] [  459] -  str(1) = 1
[INFO ][2015-11-06 15:53:01,868][com.java.TestType] [  462] - Test case Id is---1
[INFO ][2015-11-06 15:53:01,868][com.java.TestType] [  464] - 1
[INFO ][2015-11-06 15:53:01,868][com.java.TestType] [  459] -  str(2) = 1
[INFO ][2015-11-06 15:53:01,870][com.java.TestType] [  511] - row values are--------{1=com.java.Objects.TestDataDetails@1391cbb}
[INFO ][2015-11-06 15:53:01,871][com.java.TestType] [  459] -  str(1) = 1
[INFO ][2015-11-06 15:53:01,871][com.java.TestType] [  462] - Test case Id is---1
[INFO ][2015-11-06 15:53:01,874][com.java.TestType] [  464] - 1
[INFO ][2015-11-06 15:53:01,875][com.java.TestType] [  459] -  str(2) = 2
[INFO ][2015-11-06 15:53:01,876][com.java.TestType] [  511] - row values are--------{1=com.java.Objects.TestDataDetails@1391cbb, 2=com.java.Objects.TestDataDetails@1e16eb2}
[INFO ][2015-11-06 15:53:01,876][com.java.TestType] [  459] -  str(1) = 1
[INFO ][2015-11-06 15:53:01,876][com.java.TestType] [  462] - Test case Id is---1
[INFO ][2015-11-06 15:53:01,876][com.java.TestType] [  464] - 1
[INFO ][2015-11-06 15:53:01,877][com.java.TestType] [  459] -  str(2) = 3
[INFO ][2015-11-06 15:53:01,878][com.java.TestType] [  511] - row values are--------{1=com.java.Objects.TestDataDetails@1391cbb, 2=com.java.Objects.TestDataDetails@1e16eb2, 3=com.java.Objects.TestDataDetails@1aa9431}
[INFO ][2015-11-06 15:53:01,878][com.java.TestType] [  459] -  str(1) = 1
[INFO ][2015-11-06 15:53:01,878][com.java.TestType] [  462] - Test case Id is---1
[INFO ][2015-11-06 15:53:01,878][com.java.TestType] [  464] - 1
[INFO ][2015-11-06 15:53:01,878][com.java.TestType] [  459] -  str(2) = 4
[INFO ][2015-11-06 15:53:01,880][com.java.TestType] [  511] - row values are--------{1=com.java.Objects.TestDataDetails@1391cbb, 2=com.java.Objects.TestDataDetails@1e16eb2, 3=com.java.Objects.TestDataDetails@1aa9431, 4=com.java.Objects.TestDataDetails@11dd4ca}
[INFO ][2015-11-06 15:53:01,880][com.java.TestType] [  459] -  str(1) = 1
[INFO ][2015-11-06 15:53:01,880][com.java.TestType] [  462] - Test case Id is---1
[INFO ][2015-11-06 15:53:01,880][com.java.TestType] [  464] - 1
[INFO ][2015-11-06 15:53:01,880][com.java.TestType] [  459] -  str(2) = 5
[INFO ][2015-11-06 15:53:01,882][com.java.TestType] [  511] - row values are--------{1=com.java.Objects.TestDataDetails@1391cbb, 2=com.java.Objects.TestDataDetails@1e16eb2, 3=com.java.Objects.TestDataDetails@1aa9431, 4=com.java.Objects.TestDataDetails@11dd4ca, 5=com.java.Objects.TestDataDetails@156db07}
[INFO ][2015-11-06 15:53:01,882][com.java.TestType] [  459] -  str(1) = 1
[INFO ][2015-11-06 15:53:01,883][com.java.TestType] [  462] - Test case Id is---1
[INFO ][2015-11-06 15:53:01,883][com.java.TestType] [  464] - 1
[INFO ][2015-11-06 15:53:01,883][com.java.TestType] [  459] -  str(2) = 6
[INFO ][2015-11-06 15:53:01,884][com.java.TestType] [  511] - row values are--------{1=com.java.Objects.TestDataDetails@1391cbb, 2=com.java.Objects.TestDataDetails@1e16eb2, 3=com.java.Objects.TestDataDetails@1aa9431, 4=com.java.Objects.TestDataDetails@11dd4ca, 5=com.java.Objects.TestDataDetails@156db07, 6=com.java.Objects.TestDataDetails@b61346}
[INFO ][2015-11-06 15:53:01,884][com.java.TestType] [  459] -  str(1) = 1
[INFO ][2015-11-06 15:53:01,884][com.java.TestType] [  462] - Test case Id is---1
[INFO ][2015-11-06 15:53:01,884][com.java.TestType] [  464] - 1
[INFO ][2015-11-06 15:53:01,884][com.java.TestType] [  459] -  str(2) = 7
[INFO ][2015-11-06 15:53:01,885][com.java.TestType] [  511] - row values are--------{1=com.java.Objects.TestDataDetails@1391cbb, 2=com.java.Objects.TestDataDetails@1e16eb2, 3=com.java.Objects.TestDataDetails@1aa9431, 4=com.java.Objects.TestDataDetails@11dd4ca, 5=com.java.Objects.TestDataDetails@156db07, 6=com.java.Objects.TestDataDetails@b61346, 7=com.java.Objects.TestDataDetails@1f56400}
[INFO ][2015-11-06 15:53:01,885][com.java.TestType] [  459] -  str(1) = 1
[INFO ][2015-11-06 15:53:01,885][com.java.TestType] [  462] - Test case Id is---1
[INFO ][2015-11-06 15:53:01,886][com.java.TestType] [  464] - 1
[INFO ][2015-11-06 15:53:01,886][com.java.TestType] [  459] -  str(2) = 8
[INFO ][2015-11-06 15:53:01,886][com.java.TestType] [  511] - row values are--------{1=com.java.Objects.TestDataDetails@1391cbb, 2=com.java.Objects.TestDataDetails@1e16eb2, 3=com.java.Objects.TestDataDetails@1aa9431, 4=com.java.Objects.TestDataDetails@11dd4ca, 5=com.java.Objects.TestDataDetails@156db07, 6=com.java.Objects.TestDataDetails@b61346, 7=com.java.Objects.TestDataDetails@1f56400, 8=com.java.Objects.TestDataDetails@18ee871}
[INFO ][2015-11-06 15:53:01,887][com.java.TestType] [  459] -  str(1) = 1
[INFO ][2015-11-06 15:53:01,887][com.java.TestType] [  462] - Test case Id is---1
[INFO ][2015-11-06 15:53:01,887][com.java.TestType] [  464] - 1
[INFO ][2015-11-06 15:53:01,887][com.java.TestType] [  459] -  str(2) = 9
[INFO ][2015-11-06 15:53:01,888][com.java.TestType] [  511] - row values are--------{1=com.java.Objects.TestDataDetails@1391cbb, 2=com.java.Objects.TestDataDetails@1e16eb2, 3=com.java.Objects.TestDataDetails@1aa9431, 4=com.java.Objects.TestDataDetails@11dd4ca, 5=com.java.Objects.TestDataDetails@156db07, 6=com.java.Objects.TestDataDetails@b61346, 7=com.java.Objects.TestDataDetails@1f56400, 8=com.java.Objects.TestDataDetails@18ee871, 9=com.java.Objects.TestDataDetails@4fc9a}
[INFO ][2015-11-06 15:53:01,888][com.java.TestType] [  459] -  str(1) = 1
[INFO ][2015-11-06 15:53:01,888][com.java.TestType] [  462] - Test case Id is---1
[INFO ][2015-11-06 15:53:01,888][com.java.TestType] [  464] - 1
[INFO ][2015-11-06 15:53:01,888][com.java.TestType] [  459] -  str(2) = 10
[INFO ][2015-11-06 15:53:01,889][com.java.TestType] [  511] - row values are--------{1=com.java.Objects.TestDataDetails@1391cbb, 2=com.java.Objects.TestDataDetails@1e16eb2, 3=com.java.Objects.TestDataDetails@1aa9431, 4=com.java.Objects.TestDataDetails@11dd4ca, 5=com.java.Objects.TestDataDetails@156db07, 6=com.java.Objects.TestDataDetails@b61346, 7=com.java.Objects.TestDataDetails@1f56400, 8=com.java.Objects.TestDataDetails@18ee871, 9=com.java.Objects.TestDataDetails@4fc9a, 10=com.java.Objects.TestDataDetails@21dc93}
[INFO ][2015-11-06 15:53:01,890][com.java.TestType] [  459] -  str(1) = 1
[INFO ][2015-11-06 15:53:01,890][com.java.TestType] [  462] - Test case Id is---1
[INFO ][2015-11-06 15:53:01,890][com.java.TestType] [  464] - 1
[INFO ][2015-11-06 15:53:01,890][com.java.TestType] [  459] -  str(2) = 11
[INFO ][2015-11-06 15:53:01,891][com.java.TestType] [  511] - row values are--------{1=com.java.Objects.TestDataDetails@1391cbb, 2=com.java.Objects.TestDataDetails@1e16eb2, 3=com.java.Objects.TestDataDetails@1aa9431, 4=com.java.Objects.TestDataDetails@11dd4ca, 5=com.java.Objects.TestDataDetails@156db07, 6=com.java.Objects.TestDataDetails@b61346, 7=com.java.Objects.TestDataDetails@1f56400, 8=com.java.Objects.TestDataDetails@18ee871, 9=com.java.Objects.TestDataDetails@4fc9a, 10=com.java.Objects.TestDataDetails@21dc93, 11=com.java.Objects.TestDataDetails@10433ed}
[INFO ][2015-11-06 15:53:01,891][com.java.TestType] [  459] -  str(1) = 1
[INFO ][2015-11-06 15:53:01,891][com.java.TestType] [  462] - Test case Id is---1
[INFO ][2015-11-06 15:53:01,891][com.java.TestType] [  464] - 1
[INFO ][2015-11-06 15:53:01,891][com.java.TestType] [  459] -  str(2) = 12
[INFO ][2015-11-06 15:53:01,892][com.java.TestType] [  511] - row values are--------{1=com.java.Objects.TestDataDetails@1391cbb, 2=com.java.Objects.TestDataDetails@1e16eb2, 3=com.java.Objects.TestDataDetails@1aa9431, 4=com.java.Objects.TestDataDetails@11dd4ca, 5=com.java.Objects.TestDataDetails@156db07, 6=com.java.Objects.TestDataDetails@b61346, 7=com.java.Objects.TestDataDetails@1f56400, 8=com.java.Objects.TestDataDetails@18ee871, 9=com.java.Objects.TestDataDetails@4fc9a, 10=com.java.Objects.TestDataDetails@21dc93, 11=com.java.Objects.TestDataDetails@10433ed, 12=com.java.Objects.TestDataDetails@ad92b8}
[INFO ][2015-11-06 15:53:01,892][com.java.TestType] [  459] -  str(1) = 1
[INFO ][2015-11-06 15:53:01,892][com.java.TestType] [  462] - Test case Id is---1
[INFO ][2015-11-06 15:53:01,892][com.java.TestType] [  464] - 1
[INFO ][2015-11-06 15:53:01,892][com.java.TestType] [  459] -  str(2) = 13
[INFO ][2015-11-06 15:53:01,895][com.java.TestType] [  511] - row values are--------{1=com.java.Objects.TestDataDetails@1391cbb, 2=com.java.Objects.TestDataDetails@1e16eb2, 3=com.java.Objects.TestDataDetails@1aa9431, 4=com.java.Objects.TestDataDetails@11dd4ca, 5=com.java.Objects.TestDataDetails@156db07, 6=com.java.Objects.TestDataDetails@b61346, 7=com.java.Objects.TestDataDetails@1f56400, 8=com.java.Objects.TestDataDetails@18ee871, 9=com.java.Objects.TestDataDetails@4fc9a, 10=com.java.Objects.TestDataDetails@21dc93, 11=com.java.Objects.TestDataDetails@10433ed, 12=com.java.Objects.TestDataDetails@ad92b8, 13=com.java.Objects.TestDataDetails@48a09f}
[INFO ][2015-11-06 15:53:01,895][com.java.TestType] [  459] -  str(1) = 1
[INFO ][2015-11-06 15:53:01,895][com.java.TestType] [  462] - Test case Id is---1
[INFO ][2015-11-06 15:53:01,896][com.java.TestType] [  464] - 1
[INFO ][2015-11-06 15:53:01,896][com.java.TestType] [  459] -  str(2) = 14
[INFO ][2015-11-06 15:53:01,896][com.java.TestType] [  511] - row values are--------{1=com.java.Objects.TestDataDetails@1391cbb, 2=com.java.Objects.TestDataDetails@1e16eb2, 3=com.java.Objects.TestDataDetails@1aa9431, 4=com.java.Objects.TestDataDetails@11dd4ca, 5=com.java.Objects.TestDataDetails@156db07, 6=com.java.Objects.TestDataDetails@b61346, 7=com.java.Objects.TestDataDetails@1f56400, 8=com.java.Objects.TestDataDetails@18ee871, 9=com.java.Objects.TestDataDetails@4fc9a, 10=com.java.Objects.TestDataDetails@21dc93, 11=com.java.Objects.TestDataDetails@10433ed, 12=com.java.Objects.TestDataDetails@ad92b8, 13=com.java.Objects.TestDataDetails@48a09f, 14=com.java.Objects.TestDataDetails@810908}
[INFO ][2015-11-06 15:53:01,897][com.java.TestType] [ 8027] - Looping 1TCID = 1
[DEBUG][2015-11-06 15:53:01,897][com.java.TestType] [ 8068] - Concept ID:1 :: Step being Executed: 1::1
[INFO ][2015-11-06 15:53:01,897][com.java.TestType] [ 8106] - dataFields : TXTusername
[DEBUG][2015-11-06 15:53:01,897][com.java.TestType] [ 8112] - <In Set values of the page>
[DEBUG][2015-11-06 15:53:01,897][com.java.TestType] [ 8117] - {Data Fields & Data Values Exist}
[INFO ][2015-11-06 15:53:01,897][com.java.TestType] [ 8123] - --------------------------setting values-----------------------------
[INFO ][2015-11-06 15:53:01,897][com.java.TestType] [ 8126] - Action Type : CLEARANDENTER
[INFO ][2015-11-06 15:53:01,897][com.java.TestType] [ 3878] - value = naresh.nayini.00000
[INFO ][2015-11-06 15:53:06,785][com.java.TestType] [ 8145] -  RESULT true
[INFO ][2015-11-06 15:53:06,786][com.java.TestType] [ 8262] - ?   P A S S   ?
[DEBUG][2015-11-06 15:53:06,786][com.java.TestType] [ 8068] - Concept ID:1 :: Step being Executed: 1::2
[INFO ][2015-11-06 15:53:06,786][com.java.TestType] [ 8106] - dataFields : TXTpassword
[DEBUG][2015-11-06 15:53:06,786][com.java.TestType] [ 8112] - <In Set values of the page>
[DEBUG][2015-11-06 15:53:06,787][com.java.TestType] [ 8117] - {Data Fields & Data Values Exist}
[INFO ][2015-11-06 15:53:06,787][com.java.TestType] [ 8123] - --------------------------setting values-----------------------------
[INFO ][2015-11-06 15:53:06,787][com.java.TestType] [ 8126] - Action Type : CLEARANDENTER
[INFO ][2015-11-06 15:53:06,787][com.java.TestType] [ 3878] - value = Password1*
[INFO ][2015-11-06 15:53:13,697][com.java.TestType] [ 8145] -  RESULT true
[INFO ][2015-11-06 15:53:13,697][com.java.TestType] [ 8262] - ?   P A S S   ?
[DEBUG][2015-11-06 15:53:13,697][com.java.TestType] [ 8068] - Concept ID:1 :: Step being Executed: 1::3
[ERROR][2015-11-06 15:53:13,698][com.java.TestType] [ 8101] - Exception: null
[INFO ][2015-11-06 15:53:13,698][com.java.TestType] [ 8106] - dataFields : XPH//button[@type='submit']
[DEBUG][2015-11-06 15:53:13,698][com.java.TestType] [ 8112] - <In Set values of the page>
[DEBUG][2015-11-06 15:53:13,698][com.java.TestType] [ 8117] - {Data Fields & Data Values Exist}
[INFO ][2015-11-06 15:53:13,698][com.java.TestType] [ 8123] - --------------------------setting values-----------------------------
[INFO ][2015-11-06 15:53:13,698][com.java.TestType] [ 8126] - Action Type : Click
[INFO ][2015-11-06 15:53:13,698][com.java.TestType] [ 4191] - Field ::XPH//button[@type='submit']
[INFO ][2015-11-06 15:53:14,703][com.java.TestType] [ 4250] - BEFORE CLICK
[INFO ][2015-11-06 15:53:20,678][com.java.TestType] [ 4258] - Unable to click the object Login
[INFO ][2015-11-06 15:53:20,678][com.java.TestType] [ 8145] -  RESULT true
[INFO ][2015-11-06 15:53:20,678][com.java.TestType] [ 8262] - ?   P A S S   ?
[DEBUG][2015-11-06 15:53:20,678][com.java.TestType] [ 8068] - Concept ID:1 :: Step being Executed: 1::4
[INFO ][2015-11-06 15:53:20,678][com.java.TestType] [ 8106] - dataFields : LNKLogout
[DEBUG][2015-11-06 15:53:20,678][com.java.TestType] [ 8112] - <In Set values of the page>
[DEBUG][2015-11-06 15:53:20,679][com.java.TestType] [ 8117] - {Data Fields & Data Values Exist}
[INFO ][2015-11-06 15:53:20,679][com.java.TestType] [ 8123] - --------------------------setting values-----------------------------
[INFO ][2015-11-06 15:53:20,679][com.java.TestType] [ 8126] - Action Type : WaitForElement
[INFO ][2015-11-06 15:53:20,718][com.java.TestType] [ 8145] -  RESULT true
[INFO ][2015-11-06 15:53:20,719][com.java.TestType] [ 8262] - ?   P A S S   ?
[DEBUG][2015-11-06 15:53:20,719][com.java.TestType] [ 8068] - Concept ID:1 :: Step being Executed: 1::13
[INFO ][2015-11-06 15:53:20,719][com.java.TestType] [ 8106] - dataFields : LNK
[DEBUG][2015-11-06 15:53:20,719][com.java.TestType] [ 8112] - <In Set values of the page>
[DEBUG][2015-11-06 15:53:20,719][com.java.TestType] [ 8117] - {Data Fields & Data Values Exist}
[INFO ][2015-11-06 15:53:20,719][com.java.TestType] [ 8123] - --------------------------setting values-----------------------------
[INFO ][2015-11-06 15:53:20,719][com.java.TestType] [ 8126] - Action Type : Verify
[INFO ][2015-11-06 15:53:20,719][com.java.TestType] [ 5004] - field= LNK value= Logout
[INFO ][2015-11-06 15:53:20,723][com.java.TestType] [ 3878] - value = Logout
[INFO ][2015-11-06 15:53:20,758][com.java.TestType] [ 8145] -  RESULT true
[INFO ][2015-11-06 15:53:20,758][com.java.TestType] [ 8262] - ?   P A S S   ?
[DEBUG][2015-11-06 15:53:20,758][com.java.TestType] [ 8068] - Concept ID:1 :: Step being Executed: 1::14
[INFO ][2015-11-06 15:53:20,758][com.java.TestType] [ 8106] - dataFields : BTN
[DEBUG][2015-11-06 15:53:20,758][com.java.TestType] [ 8112] - <In Set values of the page>
[DEBUG][2015-11-06 15:53:20,759][com.java.TestType] [ 8117] - {Data Fields & Data Values Exist}
[INFO ][2015-11-06 15:53:20,759][com.java.TestType] [ 8123] - --------------------------setting values-----------------------------
[INFO ][2015-11-06 15:53:20,759][com.java.TestType] [ 8126] - Action Type : Verify
[INFO ][2015-11-06 15:53:20,759][com.java.TestType] [ 5004] - field= BTN value= //img[contains(@src,'bdlogo.jpg')]
[INFO ][2015-11-06 15:53:20,759][com.java.TestType] [ 3878] - value = //img[contains(@src,'bdlogo.jpg')]
[INFO ][2015-11-06 15:53:20,793][com.java.TestType] [ 8145] -  RESULT true
[INFO ][2015-11-06 15:53:20,794][com.java.TestType] [ 8262] - ?   P A S S   ?
[INFO ][2015-11-06 15:53:20,794][com.java.TestType] [ 8333] - Looping End......
[INFO ][2015-11-06 15:53:20,797][com.java.SeleniumDriver] [  861] -  RESULT true
[INFO ][2015-11-06 15:53:20,798][com.java.SeleniumDriver] [ 1066] - ?   P A S S   ?
[INFO ][2015-11-06 15:53:20,798][com.java.SeleniumDriver] [  788] - ------------------------------------------
[INFO ][2015-11-06 15:53:20,798][com.java.SeleniumDriver] [  789] - Test case being Executed: 1
[INFO ][2015-11-06 15:53:20,798][com.java.SeleniumDriver] [  800] - Test step:2
[INFO ][2015-11-06 15:53:20,798][com.java.SeleniumDriver] [  812] - Datavalue is----------Concept#2:1-2
[INFO ][2015-11-06 15:53:20,798][com.java.SeleniumDriver] [  836] - DataField : test
[INFO ][2015-11-06 15:53:20,798][com.java.SeleniumDriver] [  838] - DataValue : Concept#2:1-2
[INFO ][2015-11-06 15:53:20,798][com.java.SeleniumDriver] [  844] - <In Set values of the page>
[INFO ][2015-11-06 15:53:20,798][com.java.SeleniumDriver] [  847] - {Data Fields & Data Values Exist}
[INFO ][2015-11-06 15:53:20,798][com.java.SeleniumDriver] [  849] - --------------------------setting values-----------------------------
[INFO ][2015-11-06 15:53:20,798][com.java.SeleniumDriver] [  852] - Action Type : ExecuteTestCase
[INFO ][2015-11-06 15:53:20,798][com.java.TestType] [  414] - The Concept sheet name is ---------- Concept
[INFO ][2015-11-06 15:53:20,798][com.java.TestType] [  417] - The Concept ID  is ---------- 2
[DEBUG][2015-11-06 15:53:20,799][com.java.TestType] [  421] - Steps being executted in the Concept are: 1:2
[INFO ][2015-11-06 15:53:20,799][com.java.TestType] [  428] - Test data details path ---------- D:\BankersDashboard\TestInputs\TestData.xls
[INFO ][2015-11-06 15:53:20,829][com.java.TestType] [  459] -  str(1) = 2
[INFO ][2015-11-06 15:53:20,829][com.java.TestType] [  462] - Test case Id is---2
[INFO ][2015-11-06 15:53:20,829][com.java.TestType] [  464] - 2
[INFO ][2015-11-06 15:53:20,829][com.java.TestType] [  459] -  str(2) = 1
[INFO ][2015-11-06 15:53:20,831][com.java.TestType] [  511] - row values are--------{1=com.java.Objects.TestDataDetails@12923c6}
[INFO ][2015-11-06 15:53:20,831][com.java.TestType] [  459] -  str(1) = 2
[INFO ][2015-11-06 15:53:20,831][com.java.TestType] [  462] - Test case Id is---2
[INFO ][2015-11-06 15:53:20,831][com.java.TestType] [  464] - 2
[INFO ][2015-11-06 15:53:20,831][com.java.TestType] [  459] -  str(2) = 2
[INFO ][2015-11-06 15:53:20,832][com.java.TestType] [  511] - row values are--------{1=com.java.Objects.TestDataDetails@12923c6, 2=com.java.Objects.TestDataDetails@17f9e6c}
[INFO ][2015-11-06 15:53:20,832][com.java.TestType] [  459] -  str(1) = 2
[INFO ][2015-11-06 15:53:20,834][com.java.TestType] [  462] - Test case Id is---2
[INFO ][2015-11-06 15:53:20,834][com.java.TestType] [  464] - 2
[INFO ][2015-11-06 15:53:20,834][com.java.TestType] [  459] -  str(2) = 3
[INFO ][2015-11-06 15:53:20,835][com.java.TestType] [  511] - row values are--------{1=com.java.Objects.TestDataDetails@12923c6, 2=com.java.Objects.TestDataDetails@17f9e6c, 3=com.java.Objects.TestDataDetails@e865f7}
[INFO ][2015-11-06 15:53:20,835][com.java.TestType] [ 8027] - Looping 1TCID = 2
[DEBUG][2015-11-06 15:53:20,835][com.java.TestType] [ 8068] - Concept ID:2 :: Step being Executed: 2::1
[INFO ][2015-11-06 15:53:20,835][com.java.TestType] [ 8106] - dataFields : BNK//select[@id='bank']
[DEBUG][2015-11-06 15:53:20,835][com.java.TestType] [ 8112] - <In Set values of the page>
[DEBUG][2015-11-06 15:53:20,835][com.java.TestType] [ 8117] - {Data Fields & Data Values Exist}
[INFO ][2015-11-06 15:53:20,835][com.java.TestType] [ 8123] - --------------------------setting values-----------------------------
[INFO ][2015-11-06 15:53:20,835][com.java.TestType] [ 8126] - Action Type : Select
[INFO ][2015-11-06 15:53:20,835][com.java.TestType] [ 3878] - value = PFC
[INFO ][2015-11-06 15:53:21,056][com.java.TestType] [ 8145] -  RESULT true
[INFO ][2015-11-06 15:53:21,056][com.java.TestType] [ 8262] - ?   P A S S   ?
[DEBUG][2015-11-06 15:53:21,057][com.java.TestType] [ 8068] - Concept ID:2 :: Step being Executed: 2::2
[INFO ][2015-11-06 15:53:21,057][com.java.TestType] [ 8106] - dataFields : LNKLogout
[DEBUG][2015-11-06 15:53:21,057][com.java.TestType] [ 8112] - <In Set values of the page>
[DEBUG][2015-11-06 15:53:21,057][com.java.TestType] [ 8117] - {Data Fields & Data Values Exist}
[INFO ][2015-11-06 15:53:21,057][com.java.TestType] [ 8123] - --------------------------setting values-----------------------------
[INFO ][2015-11-06 15:53:21,057][com.java.TestType] [ 8126] - Action Type : WaitTime
[DEBUG][2015-11-06 15:53:21,057][com.java.TestType] [ 3777] - sleepTime: 5000
[INFO ][2015-11-06 15:53:26,057][com.java.TestType] [ 8145] -  RESULT true
[INFO ][2015-11-06 15:53:26,057][com.java.TestType] [ 8262] - ?   P A S S   ?
[INFO ][2015-11-06 15:53:26,057][com.java.TestType] [ 8333] - Looping End......
[INFO ][2015-11-06 15:53:26,061][com.java.SeleniumDriver] [  861] -  RESULT true
[INFO ][2015-11-06 15:53:26,061][com.java.SeleniumDriver] [ 1066] - ?   P A S S   ?
[INFO ][2015-11-06 15:53:26,061][com.java.SeleniumDriver] [  788] - ------------------------------------------
[INFO ][2015-11-06 15:53:26,061][com.java.SeleniumDriver] [  789] - Test case being Executed: 1
[INFO ][2015-11-06 15:53:26,061][com.java.SeleniumDriver] [  800] - Test step:3
[INFO ][2015-11-06 15:53:26,061][com.java.SeleniumDriver] [  812] - Datavalue is----------2
[INFO ][2015-11-06 15:53:26,061][com.java.SeleniumDriver] [  836] - DataField : XPH//button[contains(text(),'Add Content')]
[INFO ][2015-11-06 15:53:26,061][com.java.SeleniumDriver] [  838] - DataValue : 2
[INFO ][2015-11-06 15:53:26,061][com.java.SeleniumDriver] [  844] - <In Set values of the page>
[INFO ][2015-11-06 15:53:26,061][com.java.SeleniumDriver] [  847] - {Data Fields & Data Values Exist}
[INFO ][2015-11-06 15:53:26,061][com.java.SeleniumDriver] [  849] - --------------------------setting values-----------------------------
[INFO ][2015-11-06 15:53:26,061][com.java.SeleniumDriver] [  852] - Action Type : WAITFORELEMENT
[INFO ][2015-11-06 15:53:26,097][com.java.SeleniumDriver] [  861] -  RESULT true
[INFO ][2015-11-06 15:53:26,098][com.java.SeleniumDriver] [ 1066] - ?   P A S S   ?
[DEBUG][2015-11-06 15:53:26,098][com.java.SeleniumDriver] [ 1168] - Case found
[DEBUG][2015-11-06 15:53:26,098][com.java.SeleniumDriver] [ 1173] - Incrementing ReportCounters[0]:1
[INFO ][2015-11-06 15:53:26,098][com.java.SeleniumDriver] [ 1192] - The results are-------------------[1, 1, Valid Login, Pass, , Fri Nov 06 15:53:20 IST 2015, 1, 2, Valid Login, Pass, , Fri Nov 06 15:53:26 IST 2015, 1, 3, Valid Login, Pass, , Fri Nov 06 15:53:26 IST 2015]
[INFO ][2015-11-06 15:53:26,099][com.java.SeleniumDriver] [ 1196] - End time is-------49 sec
[INFO ][2015-11-06 15:53:26,099][com.java.SeleniumDriver] [ 1197] - The results are-------------------[1, 1, Valid Login, Pass, , Fri Nov 06 15:53:20 IST 2015, 1, 2, Valid Login, Pass, , Fri Nov 06 15:53:26 IST 2015, 1, 3, Valid Login, Pass, , Fri Nov 06 15:53:26 IST 2015]
[DEBUG][2015-11-06 15:53:26,099][com.java.ImportnExport.ExportTestResultsExcel] [  222] - testResultPath = D:\BankersDashboard/TestReports/Test Results_BankersDashBoard_110615_155238_IE11_Any Bank USA.xls
[DEBUG][2015-11-06 15:53:26,100][com.java.ImportnExport.ExportTestResultsExcel] [  223] - browser is------------IE11
[DEBUG][2015-11-06 15:53:26,149][com.java.ImportnExport.ExportTestResultsExcel] [  270] - result.size() = 18
[DEBUG][2015-11-06 15:53:26,149][com.java.ImportnExport.ExportTestResultsExcel] [  274] - No of rows in sheet=1
[DEBUG][2015-11-06 15:53:26,149][com.java.ImportnExport.ExportTestResultsExcel] [  301] - ..in export..1
[DEBUG][2015-11-06 15:53:26,149][com.java.ImportnExport.ExportTestResultsExcel] [  301] - ..in export..Valid Login
[DEBUG][2015-11-06 15:53:26,150][com.java.ImportnExport.ExportTestResultsExcel] [  301] - ..in export..Pass
[DEBUG][2015-11-06 15:53:26,150][com.java.ImportnExport.ExportTestResultsExcel] [  301] - ..in export..
[DEBUG][2015-11-06 15:53:26,150][com.java.ImportnExport.ExportTestResultsExcel] [  301] - ..in export..Fri Nov 06 15:53:20 IST 2015
[INFO ][2015-11-06 15:53:26,155][com.java.SeleniumDriver] [ 1255] - out loop:0 size:2 TestCases:[1, 4] testcases:[1, 4]
[INFO ][2015-11-06 15:53:26,155][com.java.ImportnExport.ImportTestDataDetailsExcel] [   49] - test data details path===== D:\BankersDashboard\TestInputs\TestData.xls
[INFO ][2015-11-06 15:53:47,329][com.java.SeleniumDriver] [  788] - ------------------------------------------
[INFO ][2015-11-06 15:53:47,329][com.java.SeleniumDriver] [  789] - Test case being Executed: 4
[INFO ][2015-11-06 15:53:47,329][com.java.SeleniumDriver] [  800] - Test step:1
[INFO ][2015-11-06 15:53:47,329][com.java.SeleniumDriver] [  812] - Datavalue is----------null
[DEBUG][2015-11-06 15:53:47,332][com.java.SeleniumDriver] [  830] - Exception: null
[INFO ][2015-11-06 15:53:47,332][com.java.SeleniumDriver] [  836] - DataField : LNKG/L
[INFO ][2015-11-06 15:53:47,332][com.java.SeleniumDriver] [  838] - DataValue : 
[INFO ][2015-11-06 15:53:47,332][com.java.SeleniumDriver] [  844] - <In Set values of the page>
[INFO ][2015-11-06 15:53:47,332][com.java.SeleniumDriver] [  847] - {Data Fields & Data Values Exist}
[INFO ][2015-11-06 15:53:47,332][com.java.SeleniumDriver] [  849] - --------------------------setting values-----------------------------
[INFO ][2015-11-06 15:53:47,333][com.java.SeleniumDriver] [  852] - Action Type : WAITFORELEMENT
[INFO ][2015-11-06 15:53:47,378][com.java.SeleniumDriver] [  861] -  RESULT true
[INFO ][2015-11-06 15:53:47,378][com.java.SeleniumDriver] [ 1066] - ?   P A S S   ?
[INFO ][2015-11-06 15:53:47,378][com.java.SeleniumDriver] [  788] - ------------------------------------------
[INFO ][2015-11-06 15:53:47,378][com.java.SeleniumDriver] [  789] - Test case being Executed: 4
[INFO ][2015-11-06 15:53:47,378][com.java.SeleniumDriver] [  800] - Test step:2
[INFO ][2015-11-06 15:53:47,378][com.java.SeleniumDriver] [  812] - Datavalue is----------null
[DEBUG][2015-11-06 15:53:47,378][com.java.SeleniumDriver] [  830] - Exception: null
[INFO ][2015-11-06 15:53:47,378][com.java.SeleniumDriver] [  836] - DataField : XPH//div[@class="menu"]//span[@class="icon-plus"]
[INFO ][2015-11-06 15:53:47,378][com.java.SeleniumDriver] [  838] - DataValue : 
[INFO ][2015-11-06 15:53:47,378][com.java.SeleniumDriver] [  844] - <In Set values of the page>
[INFO ][2015-11-06 15:53:47,378][com.java.SeleniumDriver] [  847] - {Data Fields & Data Values Exist}
[INFO ][2015-11-06 15:53:47,378][com.java.SeleniumDriver] [  849] - --------------------------setting values-----------------------------
[INFO ][2015-11-06 15:53:47,378][com.java.SeleniumDriver] [  852] - Action Type : CLICK
[INFO ][2015-11-06 15:53:47,379][com.java.TestType] [ 4191] - Field ::XPH//div[@class="menu"]//span[@class="icon-plus"]
[INFO ][2015-11-06 15:53:48,379][com.java.TestType] [ 4250] - BEFORE CLICK
[INFO ][2015-11-06 15:53:49,800][com.java.TestType] [ 4258] - Unable to click the object Add Content
[INFO ][2015-11-06 15:53:49,800][com.java.SeleniumDriver] [  861] -  RESULT true
[INFO ][2015-11-06 15:53:49,800][com.java.SeleniumDriver] [ 1066] - ?   P A S S   ?
[INFO ][2015-11-06 15:53:49,800][com.java.SeleniumDriver] [  788] - ------------------------------------------
[INFO ][2015-11-06 15:53:49,800][com.java.SeleniumDriver] [  789] - Test case being Executed: 4
[INFO ][2015-11-06 15:53:49,800][com.java.SeleniumDriver] [  800] - Test step:3
[INFO ][2015-11-06 15:53:49,800][com.java.SeleniumDriver] [  812] - Datavalue is----------null
[DEBUG][2015-11-06 15:53:49,802][com.java.SeleniumDriver] [  830] - Exception: null
[INFO ][2015-11-06 15:53:49,802][com.java.SeleniumDriver] [  836] - DataField : BTNframeDialogContent
[INFO ][2015-11-06 15:53:49,802][com.java.SeleniumDriver] [  838] - DataValue : 
[INFO ][2015-11-06 15:53:49,802][com.java.SeleniumDriver] [  844] - <In Set values of the page>
[INFO ][2015-11-06 15:53:49,802][com.java.SeleniumDriver] [  847] - {Data Fields & Data Values Exist}
[INFO ][2015-11-06 15:53:49,802][com.java.SeleniumDriver] [  849] - --------------------------setting values-----------------------------
[INFO ][2015-11-06 15:53:49,802][com.java.SeleniumDriver] [  852] - Action Type : SELECTFRAME
[INFO ][2015-11-06 15:53:51,100][com.java.SeleniumDriver] [  861] -  RESULT true
[INFO ][2015-11-06 15:53:51,100][com.java.SeleniumDriver] [ 1066] - ?   P A S S   ?
[INFO ][2015-11-06 15:53:51,101][com.java.SeleniumDriver] [  788] - ------------------------------------------
[INFO ][2015-11-06 15:53:51,101][com.java.SeleniumDriver] [  789] - Test case being Executed: 4
[INFO ][2015-11-06 15:53:51,101][com.java.SeleniumDriver] [  800] - Test step:4
[INFO ][2015-11-06 15:53:51,101][com.java.SeleniumDriver] [  812] - Datavalue is----------null
[DEBUG][2015-11-06 15:53:51,101][com.java.SeleniumDriver] [  830] - Exception: null
[INFO ][2015-11-06 15:53:51,101][com.java.SeleniumDriver] [  836] - DataField : BTNnextButton
[INFO ][2015-11-06 15:53:51,101][com.java.SeleniumDriver] [  838] - DataValue : 
[INFO ][2015-11-06 15:53:51,101][com.java.SeleniumDriver] [  844] - <In Set values of the page>
[INFO ][2015-11-06 15:53:51,101][com.java.SeleniumDriver] [  847] - {Data Fields & Data Values Exist}
[INFO ][2015-11-06 15:53:51,101][com.java.SeleniumDriver] [  849] - --------------------------setting values-----------------------------
[INFO ][2015-11-06 15:53:51,101][com.java.SeleniumDriver] [  852] - Action Type : WAITFORELEMENT
[INFO ][2015-11-06 15:53:52,163][com.java.SeleniumDriver] [  861] -  RESULT true
[INFO ][2015-11-06 15:53:52,163][com.java.SeleniumDriver] [ 1066] - ?   P A S S   ?
[INFO ][2015-11-06 15:53:52,163][com.java.SeleniumDriver] [  788] - ------------------------------------------
[INFO ][2015-11-06 15:53:52,163][com.java.SeleniumDriver] [  789] - Test case being Executed: 4
[INFO ][2015-11-06 15:53:52,163][com.java.SeleniumDriver] [  800] - Test step:5
[INFO ][2015-11-06 15:53:52,163][com.java.SeleniumDriver] [  812] - Datavalue is----------null
[DEBUG][2015-11-06 15:53:52,163][com.java.SeleniumDriver] [  830] - Exception: null
[INFO ][2015-11-06 15:53:52,163][com.java.SeleniumDriver] [  836] - DataField : XPH//label[contains(text(),'indicator')]/preceding-sibling::input
[INFO ][2015-11-06 15:53:52,164][com.java.SeleniumDriver] [  838] - DataValue : 
[INFO ][2015-11-06 15:53:52,164][com.java.SeleniumDriver] [  844] - <In Set values of the page>
[INFO ][2015-11-06 15:53:52,164][com.java.SeleniumDriver] [  847] - {Data Fields & Data Values Exist}
[INFO ][2015-11-06 15:53:52,164][com.java.SeleniumDriver] [  849] - --------------------------setting values-----------------------------
[INFO ][2015-11-06 15:53:52,164][com.java.SeleniumDriver] [  852] - Action Type : CLICK
[INFO ][2015-11-06 15:53:52,164][com.java.TestType] [ 4191] - Field ::XPH//label[contains(text(),'indicator')]/preceding-sibling::input
[INFO ][2015-11-06 15:53:53,164][com.java.TestType] [ 4250] - BEFORE CLICK
[INFO ][2015-11-06 15:53:53,974][com.java.TestType] [ 4258] - Unable to click the object Radio button
[INFO ][2015-11-06 15:53:53,974][com.java.SeleniumDriver] [  861] -  RESULT true
[INFO ][2015-11-06 15:53:53,974][com.java.SeleniumDriver] [ 1066] - ?   P A S S   ?
[INFO ][2015-11-06 15:53:53,974][com.java.SeleniumDriver] [  788] - ------------------------------------------
[INFO ][2015-11-06 15:53:53,974][com.java.SeleniumDriver] [  789] - Test case being Executed: 4
[INFO ][2015-11-06 15:53:53,974][com.java.SeleniumDriver] [  800] - Test step:6
[INFO ][2015-11-06 15:53:53,974][com.java.SeleniumDriver] [  812] - Datavalue is----------null
[DEBUG][2015-11-06 15:53:53,976][com.java.SeleniumDriver] [  830] - Exception: null
[INFO ][2015-11-06 15:53:53,976][com.java.SeleniumDriver] [  836] - DataField : BTNnextButton
[INFO ][2015-11-06 15:53:53,976][com.java.SeleniumDriver] [  838] - DataValue : 
[INFO ][2015-11-06 15:53:53,976][com.java.SeleniumDriver] [  844] - <In Set values of the page>
[INFO ][2015-11-06 15:53:53,976][com.java.SeleniumDriver] [  847] - {Data Fields & Data Values Exist}
[INFO ][2015-11-06 15:53:53,976][com.java.SeleniumDriver] [  849] - --------------------------setting values-----------------------------
[INFO ][2015-11-06 15:53:53,976][com.java.SeleniumDriver] [  852] - Action Type : CLICK
[INFO ][2015-11-06 15:53:53,976][com.java.TestType] [ 4191] - Field ::BTNnextButton
[INFO ][2015-11-06 15:53:54,976][com.java.TestType] [ 4229] - BEFORE CLICK
[INFO ][2015-11-06 15:53:56,209][com.java.TestType] [ 4236] - Unable to click the object Next
[INFO ][2015-11-06 15:53:56,209][com.java.SeleniumDriver] [  861] -  RESULT true
[INFO ][2015-11-06 15:53:56,210][com.java.SeleniumDriver] [ 1066] - ?   P A S S   ?
[INFO ][2015-11-06 15:53:56,210][com.java.SeleniumDriver] [  788] - ------------------------------------------
[INFO ][2015-11-06 15:53:56,210][com.java.SeleniumDriver] [  789] - Test case being Executed: 4
[INFO ][2015-11-06 15:53:56,210][com.java.SeleniumDriver] [  800] - Test step:7
[INFO ][2015-11-06 15:53:56,210][com.java.SeleniumDriver] [  812] - Datavalue is----------null
[DEBUG][2015-11-06 15:53:56,210][com.java.SeleniumDriver] [  830] - Exception: null
[INFO ][2015-11-06 15:53:56,210][com.java.SeleniumDriver] [  836] - DataField : XPH//label[contains(text(),'Balances')]/preceding-sibling::input
[INFO ][2015-11-06 15:53:56,210][com.java.SeleniumDriver] [  838] - DataValue : 
[INFO ][2015-11-06 15:53:56,210][com.java.SeleniumDriver] [  844] - <In Set values of the page>
[INFO ][2015-11-06 15:53:56,210][com.java.SeleniumDriver] [  847] - {Data Fields & Data Values Exist}
[INFO ][2015-11-06 15:53:56,210][com.java.SeleniumDriver] [  849] - --------------------------setting values-----------------------------
[INFO ][2015-11-06 15:53:56,210][com.java.SeleniumDriver] [  852] - Action Type : WAITFORELEMENT
[INFO ][2015-11-06 15:53:56,234][com.java.SeleniumDriver] [  861] -  RESULT true
[INFO ][2015-11-06 15:53:56,235][com.java.SeleniumDriver] [ 1066] - ?   P A S S   ?
[INFO ][2015-11-06 15:53:56,235][com.java.SeleniumDriver] [  788] - ------------------------------------------
[INFO ][2015-11-06 15:53:56,235][com.java.SeleniumDriver] [  789] - Test case being Executed: 4
[INFO ][2015-11-06 15:53:56,235][com.java.SeleniumDriver] [  800] - Test step:8
[INFO ][2015-11-06 15:53:56,235][com.java.SeleniumDriver] [  812] - Datavalue is----------null
[DEBUG][2015-11-06 15:53:56,235][com.java.SeleniumDriver] [  830] - Exception: null
[INFO ][2015-11-06 15:53:56,235][com.java.SeleniumDriver] [  836] - DataField : XPH//label[contains(text(),'Balances')]/preceding-sibling::input
[INFO ][2015-11-06 15:53:56,235][com.java.SeleniumDriver] [  838] - DataValue : 
[INFO ][2015-11-06 15:53:56,235][com.java.SeleniumDriver] [  844] - <In Set values of the page>
[INFO ][2015-11-06 15:53:56,235][com.java.SeleniumDriver] [  847] - {Data Fields & Data Values Exist}
[INFO ][2015-11-06 15:53:56,235][com.java.SeleniumDriver] [  849] - --------------------------setting values-----------------------------
[INFO ][2015-11-06 15:53:56,235][com.java.SeleniumDriver] [  852] - Action Type : CLICK
[INFO ][2015-11-06 15:53:56,235][com.java.TestType] [ 4191] - Field ::XPH//label[contains(text(),'Balances')]/preceding-sibling::input
[INFO ][2015-11-06 15:53:57,235][com.java.TestType] [ 4250] - BEFORE CLICK
[INFO ][2015-11-06 15:53:57,991][com.java.TestType] [ 4258] - Unable to click the object Radio button
[INFO ][2015-11-06 15:53:57,991][com.java.SeleniumDriver] [  861] -  RESULT true
[INFO ][2015-11-06 15:53:57,991][com.java.SeleniumDriver] [ 1066] - ?   P A S S   ?
[INFO ][2015-11-06 15:53:57,991][com.java.SeleniumDriver] [  788] - ------------------------------------------
[INFO ][2015-11-06 15:53:57,991][com.java.SeleniumDriver] [  789] - Test case being Executed: 4
[INFO ][2015-11-06 15:53:57,991][com.java.SeleniumDriver] [  800] - Test step:9
[INFO ][2015-11-06 15:53:57,991][com.java.SeleniumDriver] [  812] - Datavalue is----------null
[DEBUG][2015-11-06 15:53:57,993][com.java.SeleniumDriver] [  830] - Exception: null
[INFO ][2015-11-06 15:53:57,993][com.java.SeleniumDriver] [  836] - DataField : BTNnextButton
[INFO ][2015-11-06 15:53:57,993][com.java.SeleniumDriver] [  838] - DataValue : 
[INFO ][2015-11-06 15:53:57,993][com.java.SeleniumDriver] [  844] - <In Set values of the page>
[INFO ][2015-11-06 15:53:57,993][com.java.SeleniumDriver] [  847] - {Data Fields & Data Values Exist}
[INFO ][2015-11-06 15:53:57,993][com.java.SeleniumDriver] [  849] - --------------------------setting values-----------------------------
[INFO ][2015-11-06 15:53:57,993][com.java.SeleniumDriver] [  852] - Action Type : CLICK
[INFO ][2015-11-06 15:53:57,993][com.java.TestType] [ 4191] - Field ::BTNnextButton
[INFO ][2015-11-06 15:53:58,993][com.java.TestType] [ 4229] - BEFORE CLICK
[INFO ][2015-11-06 15:54:00,227][com.java.TestType] [ 4236] - Unable to click the object Next
[INFO ][2015-11-06 15:54:00,227][com.java.SeleniumDriver] [  861] -  RESULT true
[INFO ][2015-11-06 15:54:00,227][com.java.SeleniumDriver] [ 1066] - ?   P A S S   ?
[INFO ][2015-11-06 15:54:00,228][com.java.SeleniumDriver] [  788] - ------------------------------------------
[INFO ][2015-11-06 15:54:00,228][com.java.SeleniumDriver] [  789] - Test case being Executed: 4
[INFO ][2015-11-06 15:54:00,228][com.java.SeleniumDriver] [  800] - Test step:10
[INFO ][2015-11-06 15:54:00,228][com.java.SeleniumDriver] [  812] - Datavalue is----------null
[DEBUG][2015-11-06 15:54:00,228][com.java.SeleniumDriver] [  830] - Exception: null
[INFO ][2015-11-06 15:54:00,228][com.java.SeleniumDriver] [  836] - DataField : TXTtitle
[INFO ][2015-11-06 15:54:00,228][com.java.SeleniumDriver] [  838] - DataValue : 
[INFO ][2015-11-06 15:54:00,228][com.java.SeleniumDriver] [  844] - <In Set values of the page>
[INFO ][2015-11-06 15:54:00,228][com.java.SeleniumDriver] [  847] - {Data Fields & Data Values Exist}
[INFO ][2015-11-06 15:54:00,228][com.java.SeleniumDriver] [  849] - --------------------------setting values-----------------------------
[INFO ][2015-11-06 15:54:00,228][com.java.SeleniumDriver] [  852] - Action Type : WAITFORELEMENT
[INFO ][2015-11-06 15:54:01,290][com.java.SeleniumDriver] [  861] -  RESULT true
[INFO ][2015-11-06 15:54:01,290][com.java.SeleniumDriver] [ 1066] - ?   P A S S   ?
[INFO ][2015-11-06 15:54:01,290][com.java.SeleniumDriver] [  788] - ------------------------------------------
[INFO ][2015-11-06 15:54:01,290][com.java.SeleniumDriver] [  789] - Test case being Executed: 4
[INFO ][2015-11-06 15:54:01,290][com.java.SeleniumDriver] [  800] - Test step:11
[INFO ][2015-11-06 15:54:01,292][com.java.SeleniumDriver] [  812] - Datavalue is----------RNDBalances
[INFO ][2015-11-06 15:54:01,292][com.java.SeleniumDriver] [  836] - DataField : TXTtitle
[INFO ][2015-11-06 15:54:01,292][com.java.SeleniumDriver] [  838] - DataValue : RNDBalances
[INFO ][2015-11-06 15:54:01,292][com.java.SeleniumDriver] [  844] - <In Set values of the page>
[INFO ][2015-11-06 15:54:01,292][com.java.SeleniumDriver] [  847] - {Data Fields & Data Values Exist}
[INFO ][2015-11-06 15:54:01,292][com.java.SeleniumDriver] [  849] - --------------------------setting values-----------------------------
[INFO ][2015-11-06 15:54:01,292][com.java.SeleniumDriver] [  852] - Action Type : CLEARANDENTER
[INFO ][2015-11-06 15:54:01,292][com.java.TestType] [ 3878] - value = Balances25386
[INFO ][2015-11-06 15:54:03,804][com.java.SeleniumDriver] [  861] -  RESULT true
[INFO ][2015-11-06 15:54:03,805][com.java.SeleniumDriver] [ 1066] - ?   P A S S   ?
[INFO ][2015-11-06 15:54:03,805][com.java.SeleniumDriver] [  788] - ------------------------------------------
[INFO ][2015-11-06 15:54:03,805][com.java.SeleniumDriver] [  789] - Test case being Executed: 4
[INFO ][2015-11-06 15:54:03,805][com.java.SeleniumDriver] [  800] - Test step:12
[INFO ][2015-11-06 15:54:03,805][com.java.SeleniumDriver] [  812] - Datavalue is----------EnteredModuleName
[INFO ][2015-11-06 15:54:03,805][com.java.SeleniumDriver] [  836] - DataField : TXTtitle
[INFO ][2015-11-06 15:54:03,805][com.java.SeleniumDriver] [  838] - DataValue : EnteredModuleName
[INFO ][2015-11-06 15:54:03,805][com.java.SeleniumDriver] [  844] - <In Set values of the page>
[INFO ][2015-11-06 15:54:03,805][com.java.SeleniumDriver] [  847] - {Data Fields & Data Values Exist}
[INFO ][2015-11-06 15:54:03,805][com.java.SeleniumDriver] [  849] - --------------------------setting values-----------------------------
[INFO ][2015-11-06 15:54:03,805][com.java.SeleniumDriver] [  852] - Action Type : STOREVALUE
[INFO ][2015-11-06 15:54:03,805][com.java.TestType] [ 5938] - field= TXTtitle
[DEBUG][2015-11-06 15:54:04,919][com.java.TestType] [ 5952] - Key:: EnteredModuleName  Value:: Balances25386
[INFO ][2015-11-06 15:54:04,919][com.java.SeleniumDriver] [  861] -  RESULT true
[INFO ][2015-11-06 15:54:04,919][com.java.SeleniumDriver] [ 1066] - ?   P A S S   ?
[INFO ][2015-11-06 15:54:04,920][com.java.SeleniumDriver] [  788] - ------------------------------------------
[INFO ][2015-11-06 15:54:04,920][com.java.SeleniumDriver] [  789] - Test case being Executed: 4
[INFO ][2015-11-06 15:54:04,920][com.java.SeleniumDriver] [  800] - Test step:13
[INFO ][2015-11-06 15:54:04,920][com.java.SeleniumDriver] [  812] - Datavalue is----------index:1
[INFO ][2015-11-06 15:54:04,920][com.java.SeleniumDriver] [  836] - DataField : COBcomparator
[INFO ][2015-11-06 15:54:04,920][com.java.SeleniumDriver] [  838] - DataValue : index:1
[INFO ][2015-11-06 15:54:04,920][com.java.SeleniumDriver] [  844] - <In Set values of the page>
[INFO ][2015-11-06 15:54:04,920][com.java.SeleniumDriver] [  847] - {Data Fields & Data Values Exist}
[INFO ][2015-11-06 15:54:04,920][com.java.SeleniumDriver] [  849] - --------------------------setting values-----------------------------
[INFO ][2015-11-06 15:54:04,920][com.java.SeleniumDriver] [  852] - Action Type : SELECT
[INFO ][2015-11-06 15:54:04,920][com.java.TestType] [ 3878] - value = 1
[INFO ][2015-11-06 15:54:06,063][com.java.TestType] [ 3996] -  In COB comparator : 1
[INFO ][2015-11-06 15:54:06,260][com.java.SeleniumDriver] [  861] -  RESULT true
[INFO ][2015-11-06 15:54:06,260][com.java.SeleniumDriver] [ 1066] - ?   P A S S   ?
[INFO ][2015-11-06 15:54:06,260][com.java.SeleniumDriver] [  788] - ------------------------------------------
[INFO ][2015-11-06 15:54:06,260][com.java.SeleniumDriver] [  789] - Test case being Executed: 4
[INFO ][2015-11-06 15:54:06,260][com.java.SeleniumDriver] [  800] - Test step:14
[INFO ][2015-11-06 15:54:06,260][com.java.SeleniumDriver] [  812] - Datavalue is----------index:1
[INFO ][2015-11-06 15:54:06,260][com.java.SeleniumDriver] [  836] - DataField : COBprofitCenter
[INFO ][2015-11-06 15:54:06,260][com.java.SeleniumDriver] [  838] - DataValue : index:1
[INFO ][2015-11-06 15:54:06,260][com.java.SeleniumDriver] [  844] - <In Set values of the page>
[INFO ][2015-11-06 15:54:06,260][com.java.SeleniumDriver] [  847] - {Data Fields & Data Values Exist}
[INFO ][2015-11-06 15:54:06,260][com.java.SeleniumDriver] [  849] - --------------------------setting values-----------------------------
[INFO ][2015-11-06 15:54:06,260][com.java.SeleniumDriver] [  852] - Action Type : SELECT
[INFO ][2015-11-06 15:54:06,260][com.java.TestType] [ 3878] - value = 1
[INFO ][2015-11-06 15:54:07,394][com.java.TestType] [ 3996] -  In COB profitCenter : 1
[INFO ][2015-11-06 15:54:07,621][com.java.SeleniumDriver] [  861] -  RESULT true
[INFO ][2015-11-06 15:54:07,621][com.java.SeleniumDriver] [ 1066] - ?   P A S S   ?
[INFO ][2015-11-06 15:54:07,622][com.java.SeleniumDriver] [  788] - ------------------------------------------
[INFO ][2015-11-06 15:54:07,622][com.java.SeleniumDriver] [  789] - Test case being Executed: 4
[INFO ][2015-11-06 15:54:07,622][com.java.SeleniumDriver] [  800] - Test step:15
[INFO ][2015-11-06 15:54:07,622][com.java.SeleniumDriver] [  812] - Datavalue is----------index:5
[INFO ][2015-11-06 15:54:07,622][com.java.SeleniumDriver] [  836] - DataField : COBgroup
[INFO ][2015-11-06 15:54:07,622][com.java.SeleniumDriver] [  838] - DataValue : index:5
[INFO ][2015-11-06 15:54:07,622][com.java.SeleniumDriver] [  844] - <In Set values of the page>
[INFO ][2015-11-06 15:54:07,622][com.java.SeleniumDriver] [  847] - {Data Fields & Data Values Exist}
[INFO ][2015-11-06 15:54:07,622][com.java.SeleniumDriver] [  849] - --------------------------setting values-----------------------------
[INFO ][2015-11-06 15:54:07,622][com.java.SeleniumDriver] [  852] - Action Type : SELECT
[INFO ][2015-11-06 15:54:07,622][com.java.TestType] [ 3878] - value = 5
[INFO ][2015-11-06 15:54:08,756][com.java.TestType] [ 3996] -  In COB group : 5
[INFO ][2015-11-06 15:54:09,516][com.java.SeleniumDriver] [  861] -  RESULT true
[INFO ][2015-11-06 15:54:09,516][com.java.SeleniumDriver] [ 1066] - ?   P A S S   ?
[INFO ][2015-11-06 15:54:09,516][com.java.SeleniumDriver] [  788] - ------------------------------------------
[INFO ][2015-11-06 15:54:09,516][com.java.SeleniumDriver] [  789] - Test case being Executed: 4
[INFO ][2015-11-06 15:54:09,516][com.java.SeleniumDriver] [  800] - Test step:16
[INFO ][2015-11-06 15:54:09,516][com.java.SeleniumDriver] [  812] - Datavalue is----------Index:1
[INFO ][2015-11-06 15:54:09,516][com.java.SeleniumDriver] [  836] - DataField : COBaccount
[INFO ][2015-11-06 15:54:09,517][com.java.SeleniumDriver] [  838] - DataValue : Index:1
[INFO ][2015-11-06 15:54:09,517][com.java.SeleniumDriver] [  844] - <In Set values of the page>
[INFO ][2015-11-06 15:54:09,517][com.java.SeleniumDriver] [  847] - {Data Fields & Data Values Exist}
[INFO ][2015-11-06 15:54:09,517][com.java.SeleniumDriver] [  849] - --------------------------setting values-----------------------------
[INFO ][2015-11-06 15:54:09,517][com.java.SeleniumDriver] [  852] - Action Type : SELECT
[INFO ][2015-11-06 15:54:09,517][com.java.TestType] [ 3878] - value = 1
[INFO ][2015-11-06 15:54:10,650][com.java.TestType] [ 3996] -  In COB account : 1
[INFO ][2015-11-06 15:54:10,855][com.java.SeleniumDriver] [  861] -  RESULT true
[INFO ][2015-11-06 15:54:10,855][com.java.SeleniumDriver] [ 1066] - ?   P A S S   ?
[INFO ][2015-11-06 15:54:10,856][com.java.SeleniumDriver] [  788] - ------------------------------------------
[INFO ][2015-11-06 15:54:10,856][com.java.SeleniumDriver] [  789] - Test case being Executed: 4
[INFO ][2015-11-06 15:54:10,856][com.java.SeleniumDriver] [  800] - Test step:17
[INFO ][2015-11-06 15:54:10,856][com.java.SeleniumDriver] [  812] - Datavalue is----------null
[DEBUG][2015-11-06 15:54:10,856][com.java.SeleniumDriver] [  830] - Exception: null
[INFO ][2015-11-06 15:54:10,856][com.java.SeleniumDriver] [  836] - DataField : BTNnextButton
[INFO ][2015-11-06 15:54:10,856][com.java.SeleniumDriver] [  838] - DataValue : 
[INFO ][2015-11-06 15:54:10,856][com.java.SeleniumDriver] [  844] - <In Set values of the page>
[INFO ][2015-11-06 15:54:10,856][com.java.SeleniumDriver] [  847] - {Data Fields & Data Values Exist}
[INFO ][2015-11-06 15:54:10,856][com.java.SeleniumDriver] [  849] - --------------------------setting values-----------------------------
[INFO ][2015-11-06 15:54:10,856][com.java.SeleniumDriver] [  852] - Action Type : CLICK
[INFO ][2015-11-06 15:54:10,856][com.java.TestType] [ 4191] - Field ::BTNnextButton
[INFO ][2015-11-06 15:54:11,856][com.java.TestType] [ 4229] - BEFORE CLICK
[INFO ][2015-11-06 15:54:13,262][com.java.TestType] [ 4236] - Unable to click the object Next
[INFO ][2015-11-06 15:54:13,262][com.java.SeleniumDriver] [  861] -  RESULT true
[INFO ][2015-11-06 15:54:13,263][com.java.SeleniumDriver] [ 1066] - ?   P A S S   ?
[INFO ][2015-11-06 15:54:13,263][com.java.SeleniumDriver] [  788] - ------------------------------------------
[INFO ][2015-11-06 15:54:13,263][com.java.SeleniumDriver] [  789] - Test case being Executed: 4
[INFO ][2015-11-06 15:54:13,263][com.java.SeleniumDriver] [  800] - Test step:18
[INFO ][2015-11-06 15:54:13,263][com.java.SeleniumDriver] [  812] - Datavalue is----------null
[DEBUG][2015-11-06 15:54:13,263][com.java.SeleniumDriver] [  830] - Exception: null
[INFO ][2015-11-06 15:54:13,263][com.java.SeleniumDriver] [  836] - DataField : XPH//input[@id='meterStyle2']
[INFO ][2015-11-06 15:54:13,263][com.java.SeleniumDriver] [  838] - DataValue : 
[INFO ][2015-11-06 15:54:13,263][com.java.SeleniumDriver] [  844] - <In Set values of the page>
[INFO ][2015-11-06 15:54:13,263][com.java.SeleniumDriver] [  847] - {Data Fields & Data Values Exist}
[INFO ][2015-11-06 15:54:13,263][com.java.SeleniumDriver] [  849] - --------------------------setting values-----------------------------
[INFO ][2015-11-06 15:54:13,263][com.java.SeleniumDriver] [  852] - Action Type : WAITFORELEMENT
[INFO ][2015-11-06 15:54:13,288][com.java.SeleniumDriver] [  861] -  RESULT true
[INFO ][2015-11-06 15:54:13,288][com.java.SeleniumDriver] [ 1066] - ?   P A S S   ?
[INFO ][2015-11-06 15:54:13,289][com.java.SeleniumDriver] [  788] - ------------------------------------------
[INFO ][2015-11-06 15:54:13,289][com.java.SeleniumDriver] [  789] - Test case being Executed: 4
[INFO ][2015-11-06 15:54:13,289][com.java.SeleniumDriver] [  800] - Test step:19
[INFO ][2015-11-06 15:54:13,289][com.java.SeleniumDriver] [  812] - Datavalue is----------null
[DEBUG][2015-11-06 15:54:13,289][com.java.SeleniumDriver] [  830] - Exception: null
[INFO ][2015-11-06 15:54:13,289][com.java.SeleniumDriver] [  836] - DataField : XPH//input[@id='meterStyle2']
[INFO ][2015-11-06 15:54:13,289][com.java.SeleniumDriver] [  838] - DataValue : 
[INFO ][2015-11-06 15:54:13,289][com.java.SeleniumDriver] [  844] - <In Set values of the page>
[INFO ][2015-11-06 15:54:13,289][com.java.SeleniumDriver] [  847] - {Data Fields & Data Values Exist}
[INFO ][2015-11-06 15:54:13,289][com.java.SeleniumDriver] [  849] - --------------------------setting values-----------------------------
[INFO ][2015-11-06 15:54:13,289][com.java.SeleniumDriver] [  852] - Action Type : CLICK
[INFO ][2015-11-06 15:54:13,289][com.java.TestType] [ 4191] - Field ::XPH//input[@id='meterStyle2']
[INFO ][2015-11-06 15:54:14,289][com.java.TestType] [ 4250] - BEFORE CLICK
[INFO ][2015-11-06 15:54:15,046][com.java.TestType] [ 4258] - Unable to click the object Radio button
[INFO ][2015-11-06 15:54:15,046][com.java.SeleniumDriver] [  861] -  RESULT true
[INFO ][2015-11-06 15:54:15,046][com.java.SeleniumDriver] [ 1066] - ?   P A S S   ?
[INFO ][2015-11-06 15:54:15,046][com.java.SeleniumDriver] [  788] - ------------------------------------------
[INFO ][2015-11-06 15:54:15,046][com.java.SeleniumDriver] [  789] - Test case being Executed: 4
[INFO ][2015-11-06 15:54:15,046][com.java.SeleniumDriver] [  800] - Test step:20
[INFO ][2015-11-06 15:54:15,046][com.java.SeleniumDriver] [  812] - Datavalue is----------null
[DEBUG][2015-11-06 15:54:15,048][com.java.SeleniumDriver] [  830] - Exception: null
[INFO ][2015-11-06 15:54:15,048][com.java.SeleniumDriver] [  836] - DataField : BTNnextButton
[INFO ][2015-11-06 15:54:15,048][com.java.SeleniumDriver] [  838] - DataValue : 
[INFO ][2015-11-06 15:54:15,048][com.java.SeleniumDriver] [  844] - <In Set values of the page>
[INFO ][2015-11-06 15:54:15,048][com.java.SeleniumDriver] [  847] - {Data Fields & Data Values Exist}
[INFO ][2015-11-06 15:54:15,048][com.java.SeleniumDriver] [  849] - --------------------------setting values-----------------------------
[INFO ][2015-11-06 15:54:15,048][com.java.SeleniumDriver] [  852] - Action Type : CLICK
[INFO ][2015-11-06 15:54:15,048][com.java.TestType] [ 4191] - Field ::BTNnextButton
[INFO ][2015-11-06 15:54:16,048][com.java.TestType] [ 4229] - BEFORE CLICK
[INFO ][2015-11-06 15:54:17,278][com.java.TestType] [ 4236] - Unable to click the object Next
[INFO ][2015-11-06 15:54:17,278][com.java.SeleniumDriver] [  861] -  RESULT true
[INFO ][2015-11-06 15:54:17,278][com.java.SeleniumDriver] [ 1066] - ?   P A S S   ?
[INFO ][2015-11-06 15:54:17,278][com.java.SeleniumDriver] [  788] - ------------------------------------------
[INFO ][2015-11-06 15:54:17,278][com.java.SeleniumDriver] [  789] - Test case being Executed: 4
[INFO ][2015-11-06 15:54:17,279][com.java.SeleniumDriver] [  800] - Test step:21
[INFO ][2015-11-06 15:54:17,279][com.java.SeleniumDriver] [  812] - Datavalue is----------null
[DEBUG][2015-11-06 15:54:17,279][com.java.SeleniumDriver] [  830] - Exception: null
[INFO ][2015-11-06 15:54:17,279][com.java.SeleniumDriver] [  836] - DataField : BTNchkReverse
[INFO ][2015-11-06 15:54:17,279][com.java.SeleniumDriver] [  838] - DataValue : 
[INFO ][2015-11-06 15:54:17,279][com.java.SeleniumDriver] [  844] - <In Set values of the page>
[INFO ][2015-11-06 15:54:17,279][com.java.SeleniumDriver] [  847] - {Data Fields & Data Values Exist}
[INFO ][2015-11-06 15:54:17,280][com.java.SeleniumDriver] [  849] - --------------------------setting values-----------------------------
[INFO ][2015-11-06 15:54:17,280][com.java.SeleniumDriver] [  852] - Action Type : WAITFORELEMENT
[INFO ][2015-11-06 15:54:18,352][com.java.SeleniumDriver] [  861] -  RESULT true
[INFO ][2015-11-06 15:54:18,352][com.java.SeleniumDriver] [ 1066] - ?   P A S S   ?
[INFO ][2015-11-06 15:54:18,352][com.java.SeleniumDriver] [  788] - ------------------------------------------
[INFO ][2015-11-06 15:54:18,352][com.java.SeleniumDriver] [  789] - Test case being Executed: 4
[INFO ][2015-11-06 15:54:18,352][com.java.SeleniumDriver] [  800] - Test step:22
[INFO ][2015-11-06 15:54:18,352][com.java.SeleniumDriver] [  812] - Datavalue is----------null
[DEBUG][2015-11-06 15:54:18,352][com.java.SeleniumDriver] [  830] - Exception: null
[INFO ][2015-11-06 15:54:18,352][com.java.SeleniumDriver] [  836] - DataField : BTNchkReverse
[INFO ][2015-11-06 15:54:18,352][com.java.SeleniumDriver] [  838] - DataValue : 
[INFO ][2015-11-06 15:54:18,352][com.java.SeleniumDriver] [  844] - <In Set values of the page>
[INFO ][2015-11-06 15:54:18,352][com.java.SeleniumDriver] [  847] - {Data Fields & Data Values Exist}
[INFO ][2015-11-06 15:54:18,352][com.java.SeleniumDriver] [  849] - --------------------------setting values-----------------------------
[INFO ][2015-11-06 15:54:18,353][com.java.SeleniumDriver] [  852] - Action Type : CLICK
[INFO ][2015-11-06 15:54:18,353][com.java.TestType] [ 4191] - Field ::BTNchkReverse
[INFO ][2015-11-06 15:54:19,353][com.java.TestType] [ 4229] - BEFORE CLICK
[INFO ][2015-11-06 15:54:20,568][com.java.TestType] [ 4236] - Unable to click the object Checkbox
[INFO ][2015-11-06 15:54:20,568][com.java.SeleniumDriver] [  861] -  RESULT true
[INFO ][2015-11-06 15:54:20,568][com.java.SeleniumDriver] [ 1066] - ?   P A S S   ?
[INFO ][2015-11-06 15:54:20,568][com.java.SeleniumDriver] [  788] - ------------------------------------------
[INFO ][2015-11-06 15:54:20,569][com.java.SeleniumDriver] [  789] - Test case being Executed: 4
[INFO ][2015-11-06 15:54:20,569][com.java.SeleniumDriver] [  800] - Test step:23
[INFO ][2015-11-06 15:54:20,569][com.java.SeleniumDriver] [  812] - Datavalue is----------null
[DEBUG][2015-11-06 15:54:20,569][com.java.SeleniumDriver] [  830] - Exception: null
[INFO ][2015-11-06 15:54:20,569][com.java.SeleniumDriver] [  836] - DataField : BTNsaveButton
[INFO ][2015-11-06 15:54:20,569][com.java.SeleniumDriver] [  838] - DataValue : 
[INFO ][2015-11-06 15:54:20,569][com.java.SeleniumDriver] [  844] - <In Set values of the page>
[INFO ][2015-11-06 15:54:20,569][com.java.SeleniumDriver] [  847] - {Data Fields & Data Values Exist}
[INFO ][2015-11-06 15:54:20,569][com.java.SeleniumDriver] [  849] - --------------------------setting values-----------------------------
[INFO ][2015-11-06 15:54:20,569][com.java.SeleniumDriver] [  852] - Action Type : CLICK
[INFO ][2015-11-06 15:54:20,569][com.java.TestType] [ 4191] - Field ::BTNsaveButton
[INFO ][2015-11-06 15:54:21,569][com.java.TestType] [ 4229] - BEFORE CLICK
[INFO ][2015-11-06 15:54:23,351][com.java.TestType] [ 4236] - Unable to click the object Save
[INFO ][2015-11-06 15:54:23,351][com.java.SeleniumDriver] [  861] -  RESULT true
[INFO ][2015-11-06 15:54:23,351][com.java.SeleniumDriver] [ 1066] - ?   P A S S   ?
[INFO ][2015-11-06 15:54:23,352][com.java.SeleniumDriver] [  788] - ------------------------------------------
[INFO ][2015-11-06 15:54:23,352][com.java.SeleniumDriver] [  789] - Test case being Executed: 4
[INFO ][2015-11-06 15:54:23,352][com.java.SeleniumDriver] [  800] - Test step:24
[INFO ][2015-11-06 15:54:23,352][com.java.SeleniumDriver] [  812] - Datavalue is----------null
[DEBUG][2015-11-06 15:54:23,352][com.java.SeleniumDriver] [  830] - Exception: null
[INFO ][2015-11-06 15:54:23,352][com.java.SeleniumDriver] [  836] - DataField : BTNparent
[INFO ][2015-11-06 15:54:23,352][com.java.SeleniumDriver] [  838] - DataValue : 
[INFO ][2015-11-06 15:54:23,353][com.java.SeleniumDriver] [  844] - <In Set values of the page>
[INFO ][2015-11-06 15:54:23,353][com.java.SeleniumDriver] [  847] - {Data Fields & Data Values Exist}
[INFO ][2015-11-06 15:54:23,353][com.java.SeleniumDriver] [  849] - --------------------------setting values-----------------------------
[INFO ][2015-11-06 15:54:23,353][com.java.SeleniumDriver] [  852] - Action Type : SELECTFRAME
[INFO ][2015-11-06 15:54:23,368][com.java.SeleniumDriver] [  861] -  RESULT true
[INFO ][2015-11-06 15:54:23,368][com.java.SeleniumDriver] [ 1066] - ?   P A S S   ?
[INFO ][2015-11-06 15:54:23,368][com.java.SeleniumDriver] [  788] - ------------------------------------------
[INFO ][2015-11-06 15:54:23,368][com.java.SeleniumDriver] [  789] - Test case being Executed: 4
[INFO ][2015-11-06 15:54:23,368][com.java.SeleniumDriver] [  800] - Test step:25
[INFO ][2015-11-06 15:54:23,368][com.java.SeleniumDriver] [  812] - Datavalue is----------null
[DEBUG][2015-11-06 15:54:23,368][com.java.SeleniumDriver] [  830] - Exception: null
[INFO ][2015-11-06 15:54:23,368][com.java.SeleniumDriver] [  836] - DataField : LNKG/L
[INFO ][2015-11-06 15:54:23,368][com.java.SeleniumDriver] [  838] - DataValue : 
[INFO ][2015-11-06 15:54:23,368][com.java.SeleniumDriver] [  844] - <In Set values of the page>
[INFO ][2015-11-06 15:54:23,368][com.java.SeleniumDriver] [  847] - {Data Fields & Data Values Exist}
[INFO ][2015-11-06 15:54:23,368][com.java.SeleniumDriver] [  849] - --------------------------setting values-----------------------------
[INFO ][2015-11-06 15:54:23,368][com.java.SeleniumDriver] [  852] - Action Type : WAITFORELEMENT
[INFO ][2015-11-06 15:54:23,411][com.java.SeleniumDriver] [  861] -  RESULT true
[INFO ][2015-11-06 15:54:23,411][com.java.SeleniumDriver] [ 1066] - ?   P A S S   ?
[INFO ][2015-11-06 15:54:23,411][com.java.SeleniumDriver] [  788] - ------------------------------------------
[INFO ][2015-11-06 15:54:23,411][com.java.SeleniumDriver] [  789] - Test case being Executed: 4
[INFO ][2015-11-06 15:54:23,411][com.java.SeleniumDriver] [  800] - Test step:26
[INFO ][2015-11-06 15:54:23,411][com.java.SeleniumDriver] [  812] - Datavalue is----------HMVEnteredModuleName
[INFO ][2015-11-06 15:54:23,411][com.java.SeleniumDriver] [  836] - DataField : MSG
[INFO ][2015-11-06 15:54:23,411][com.java.SeleniumDriver] [  838] - DataValue : HMVEnteredModuleName
[INFO ][2015-11-06 15:54:23,411][com.java.SeleniumDriver] [  844] - <In Set values of the page>
[INFO ][2015-11-06 15:54:23,411][com.java.SeleniumDriver] [  847] - {Data Fields & Data Values Exist}
[INFO ][2015-11-06 15:54:23,411][com.java.SeleniumDriver] [  849] - --------------------------setting values-----------------------------
[INFO ][2015-11-06 15:54:23,412][com.java.SeleniumDriver] [  852] - Action Type : VERIFY
[INFO ][2015-11-06 15:54:23,412][com.java.TestType] [ 5004] - field= MSG value= HMVEnteredModuleName
[INFO ][2015-11-06 15:54:23,412][com.java.TestType] [ 3878] - value = Balances25386
[DEBUG][2015-11-06 15:54:23,412][com.java.TestType] [ 5581] - value :: Balances25386
[INFO ][2015-11-06 15:54:23,458][com.java.SeleniumDriver] [  861] -  RESULT true
[INFO ][2015-11-06 15:54:23,458][com.java.SeleniumDriver] [ 1066] - ?   P A S S   ?
[INFO ][2015-11-06 15:54:23,458][com.java.SeleniumDriver] [  788] - ------------------------------------------
[INFO ][2015-11-06 15:54:23,458][com.java.SeleniumDriver] [  789] - Test case being Executed: 4
[INFO ][2015-11-06 15:54:23,458][com.java.SeleniumDriver] [  800] - Test step:27
[INFO ][2015-11-06 15:54:23,458][com.java.SeleniumDriver] [  812] - Datavalue is----------Concept#5:1-8
[INFO ][2015-11-06 15:54:23,458][com.java.SeleniumDriver] [  836] - DataField : test
[INFO ][2015-11-06 15:54:23,458][com.java.SeleniumDriver] [  838] - DataValue : Concept#5:1-8
[INFO ][2015-11-06 15:54:23,459][com.java.SeleniumDriver] [  844] - <In Set values of the page>
[INFO ][2015-11-06 15:54:23,459][com.java.SeleniumDriver] [  847] - {Data Fields & Data Values Exist}
[INFO ][2015-11-06 15:54:23,459][com.java.SeleniumDriver] [  849] - --------------------------setting values-----------------------------
[INFO ][2015-11-06 15:54:23,459][com.java.SeleniumDriver] [  852] - Action Type : ExecuteTestCase
[INFO ][2015-11-06 15:54:23,459][com.java.TestType] [  414] - The Concept sheet name is ---------- Concept
[INFO ][2015-11-06 15:54:23,459][com.java.TestType] [  417] - The Concept ID  is ---------- 5
[DEBUG][2015-11-06 15:54:23,459][com.java.TestType] [  421] - Steps being executted in the Concept are: 1:8
[INFO ][2015-11-06 15:54:23,459][com.java.TestType] [  428] - Test data details path ---------- D:\BankersDashboard\TestInputs\TestData.xls
[INFO ][2015-11-06 15:54:23,489][com.java.TestType] [  459] -  str(1) = 5
[INFO ][2015-11-06 15:54:23,489][com.java.TestType] [  462] - Test case Id is---5
[INFO ][2015-11-06 15:54:23,489][com.java.TestType] [  464] - 5
[INFO ][2015-11-06 15:54:23,489][com.java.TestType] [  459] -  str(2) = 1
[INFO ][2015-11-06 15:54:23,490][com.java.TestType] [  511] - row values are--------{1=com.java.Objects.TestDataDetails@155ae9}
[INFO ][2015-11-06 15:54:23,491][com.java.TestType] [  459] -  str(1) = 5
[INFO ][2015-11-06 15:54:23,491][com.java.TestType] [  462] - Test case Id is---5
[INFO ][2015-11-06 15:54:23,491][com.java.TestType] [  464] - 5
[INFO ][2015-11-06 15:54:23,491][com.java.TestType] [  459] -  str(2) = 2
[INFO ][2015-11-06 15:54:23,491][com.java.TestType] [  511] - row values are--------{1=com.java.Objects.TestDataDetails@155ae9, 2=com.java.Objects.TestDataDetails@157f820}
[INFO ][2015-11-06 15:54:23,492][com.java.TestType] [  459] -  str(1) = 5
[INFO ][2015-11-06 15:54:23,492][com.java.TestType] [  462] - Test case Id is---5
[INFO ][2015-11-06 15:54:23,492][com.java.TestType] [  464] - 5
[INFO ][2015-11-06 15:54:23,492][com.java.TestType] [  459] -  str(2) = 3
[INFO ][2015-11-06 15:54:23,492][com.java.TestType] [  511] - row values are--------{1=com.java.Objects.TestDataDetails@155ae9, 2=com.java.Objects.TestDataDetails@157f820, 3=com.java.Objects.TestDataDetails@b2c4e7}
[INFO ][2015-11-06 15:54:23,492][com.java.TestType] [  459] -  str(1) = 5
[INFO ][2015-11-06 15:54:23,493][com.java.TestType] [  462] - Test case Id is---5
[INFO ][2015-11-06 15:54:23,493][com.java.TestType] [  464] - 5
[INFO ][2015-11-06 15:54:23,493][com.java.TestType] [  459] -  str(2) = 4
[INFO ][2015-11-06 15:54:23,493][com.java.TestType] [  511] - row values are--------{1=com.java.Objects.TestDataDetails@155ae9, 2=com.java.Objects.TestDataDetails@157f820, 3=com.java.Objects.TestDataDetails@b2c4e7, 4=com.java.Objects.TestDataDetails@16a4128}
[INFO ][2015-11-06 15:54:23,493][com.java.TestType] [  459] -  str(1) = 5
[INFO ][2015-11-06 15:54:23,493][com.java.TestType] [  462] - Test case Id is---5
[INFO ][2015-11-06 15:54:23,494][com.java.TestType] [  464] - 5
[INFO ][2015-11-06 15:54:23,494][com.java.TestType] [  459] -  str(2) = 5
[INFO ][2015-11-06 15:54:23,494][com.java.TestType] [  511] - row values are--------{1=com.java.Objects.TestDataDetails@155ae9, 2=com.java.Objects.TestDataDetails@157f820, 3=com.java.Objects.TestDataDetails@b2c4e7, 4=com.java.Objects.TestDataDetails@16a4128, 5=com.java.Objects.TestDataDetails@b0f65d}
[INFO ][2015-11-06 15:54:23,494][com.java.TestType] [  459] -  str(1) = 5
[INFO ][2015-11-06 15:54:23,494][com.java.TestType] [  462] - Test case Id is---5
[INFO ][2015-11-06 15:54:23,494][com.java.TestType] [  464] - 5
[INFO ][2015-11-06 15:54:23,495][com.java.TestType] [  459] -  str(2) = 6
[INFO ][2015-11-06 15:54:23,495][com.java.TestType] [  511] - row values are--------{1=com.java.Objects.TestDataDetails@155ae9, 2=com.java.Objects.TestDataDetails@157f820, 3=com.java.Objects.TestDataDetails@b2c4e7, 4=com.java.Objects.TestDataDetails@16a4128, 5=com.java.Objects.TestDataDetails@b0f65d, 6=com.java.Objects.TestDataDetails@1a1b30b}
[INFO ][2015-11-06 15:54:23,495][com.java.TestType] [  459] -  str(1) = 5
[INFO ][2015-11-06 15:54:23,495][com.java.TestType] [  462] - Test case Id is---5
[INFO ][2015-11-06 15:54:23,495][com.java.TestType] [  464] - 5
[INFO ][2015-11-06 15:54:23,495][com.java.TestType] [  459] -  str(2) = 7
[INFO ][2015-11-06 15:54:23,496][com.java.TestType] [  511] - row values are--------{1=com.java.Objects.TestDataDetails@155ae9, 2=com.java.Objects.TestDataDetails@157f820, 3=com.java.Objects.TestDataDetails@b2c4e7, 4=com.java.Objects.TestDataDetails@16a4128, 5=com.java.Objects.TestDataDetails@b0f65d, 6=com.java.Objects.TestDataDetails@1a1b30b, 7=com.java.Objects.TestDataDetails@5ecefb}
[INFO ][2015-11-06 15:54:23,496][com.java.TestType] [  459] -  str(1) = 5
[INFO ][2015-11-06 15:54:23,496][com.java.TestType] [  462] - Test case Id is---5
[INFO ][2015-11-06 15:54:23,496][com.java.TestType] [  464] - 5
[INFO ][2015-11-06 15:54:23,496][com.java.TestType] [  459] -  str(2) = 8
[INFO ][2015-11-06 15:54:23,497][com.java.TestType] [  511] - row values are--------{1=com.java.Objects.TestDataDetails@155ae9, 2=com.java.Objects.TestDataDetails@157f820, 3=com.java.Objects.TestDataDetails@b2c4e7, 4=com.java.Objects.TestDataDetails@16a4128, 5=com.java.Objects.TestDataDetails@b0f65d, 6=com.java.Objects.TestDataDetails@1a1b30b, 7=com.java.Objects.TestDataDetails@5ecefb, 8=com.java.Objects.TestDataDetails@aa21f}
[INFO ][2015-11-06 15:54:23,497][com.java.TestType] [ 8027] - Looping 1TCID = 5
[DEBUG][2015-11-06 15:54:23,499][com.java.TestType] [ 8068] - Concept ID:5 :: Step being Executed: 5::1
[ERROR][2015-11-06 15:54:23,501][com.java.TestType] [ 8101] - Exception: null
[INFO ][2015-11-06 15:54:23,501][com.java.TestType] [ 8106] - dataFields : LNKG/L
[DEBUG][2015-11-06 15:54:23,501][com.java.TestType] [ 8112] - <In Set values of the page>
[DEBUG][2015-11-06 15:54:23,501][com.java.TestType] [ 8117] - {Data Fields & Data Values Exist}
[INFO ][2015-11-06 15:54:23,501][com.java.TestType] [ 8123] - --------------------------setting values-----------------------------
[INFO ][2015-11-06 15:54:23,501][com.java.TestType] [ 8126] - Action Type : WAITFORELEMENT
[INFO ][2015-11-06 15:54:23,546][com.java.TestType] [ 8145] -  RESULT true
[INFO ][2015-11-06 15:54:23,546][com.java.TestType] [ 8262] - ?   P A S S   ?
[DEBUG][2015-11-06 15:54:23,547][com.java.TestType] [ 8068] - Concept ID:5 :: Step being Executed: 5::2
[ERROR][2015-11-06 15:54:23,547][com.java.TestType] [ 8101] - Exception: null
[INFO ][2015-11-06 15:54:23,547][com.java.TestType] [ 8106] - dataFields : XPH//div[@class="menu"]//span[@class="icon-pencil2"]
[DEBUG][2015-11-06 15:54:23,547][com.java.TestType] [ 8112] - <In Set values of the page>
[DEBUG][2015-11-06 15:54:23,547][com.java.TestType] [ 8117] - {Data Fields & Data Values Exist}
[INFO ][2015-11-06 15:54:23,547][com.java.TestType] [ 8123] - --------------------------setting values-----------------------------
[INFO ][2015-11-06 15:54:23,547][com.java.TestType] [ 8126] - Action Type : CLICK
[INFO ][2015-11-06 15:54:23,547][com.java.TestType] [ 4191] - Field ::XPH//div[@class="menu"]//span[@class="icon-pencil2"]
[INFO ][2015-11-06 15:54:24,547][com.java.TestType] [ 4250] - BEFORE CLICK
[INFO ][2015-11-06 15:54:25,422][com.java.TestType] [ 4258] - Unable to click the object Edit Content
[INFO ][2015-11-06 15:54:25,422][com.java.TestType] [ 8145] -  RESULT true
[INFO ][2015-11-06 15:54:25,422][com.java.TestType] [ 8262] - ?   P A S S   ?
[DEBUG][2015-11-06 15:54:25,422][com.java.TestType] [ 8068] - Concept ID:5 :: Step being Executed: 5::3
[ERROR][2015-11-06 15:54:25,424][com.java.TestType] [ 8101] - Exception: null
[INFO ][2015-11-06 15:54:25,424][com.java.TestType] [ 8106] - dataFields : test
[DEBUG][2015-11-06 15:54:25,424][com.java.TestType] [ 8112] - <In Set values of the page>
[DEBUG][2015-11-06 15:54:25,424][com.java.TestType] [ 8117] - {Data Fields & Data Values Exist}
[INFO ][2015-11-06 15:54:25,424][com.java.TestType] [ 8123] - --------------------------setting values-----------------------------
[INFO ][2015-11-06 15:54:25,424][com.java.TestType] [ 8126] - Action Type : WaitTime
[DEBUG][2015-11-06 15:54:25,424][com.java.TestType] [ 3777] - sleepTime: 10000
[INFO ][2015-11-06 15:54:35,423][com.java.TestType] [ 8145] -  RESULT true
[INFO ][2015-11-06 15:54:35,423][com.java.TestType] [ 8262] - ?   P A S S   ?
[DEBUG][2015-11-06 15:54:35,423][com.java.TestType] [ 8068] - Concept ID:5 :: Step being Executed: 5::4
[INFO ][2015-11-06 15:54:35,423][com.java.TestType] [ 8106] - dataFields : MSG
[DEBUG][2015-11-06 15:54:35,423][com.java.TestType] [ 8112] - <In Set values of the page>
[DEBUG][2015-11-06 15:54:35,423][com.java.TestType] [ 8117] - {Data Fields & Data Values Exist}
[INFO ][2015-11-06 15:54:35,423][com.java.TestType] [ 8123] - --------------------------setting values-----------------------------
[INFO ][2015-11-06 15:54:35,423][com.java.TestType] [ 8126] - Action Type : VERIFY
[INFO ][2015-11-06 15:54:35,423][com.java.TestType] [ 5004] - field= MSG value= HMVEnteredModuleName
[INFO ][2015-11-06 15:54:35,423][com.java.TestType] [ 3878] - value = Balances25386
[DEBUG][2015-11-06 15:54:35,424][com.java.TestType] [ 5581] - value :: Balances25386
[INFO ][2015-11-06 15:54:35,470][com.java.TestType] [ 8145] -  RESULT true
[INFO ][2015-11-06 15:54:35,470][com.java.TestType] [ 8262] - ?   P A S S   ?
[DEBUG][2015-11-06 15:54:35,471][com.java.TestType] [ 8068] - Concept ID:5 :: Step being Executed: 5::5
[INFO ][2015-11-06 15:54:35,471][com.java.TestType] [ 8106] - dataFields : null
[DEBUG][2015-11-06 15:54:35,471][com.java.TestType] [ 8112] - <In Set values of the page>
[INFO ][2015-11-06 15:54:35,471][com.java.TestType] [ 8262] - ?   P A S S   ?
[DEBUG][2015-11-06 15:54:35,471][com.java.TestType] [ 8068] - Concept ID:5 :: Step being Executed: 5::6
[ERROR][2015-11-06 15:54:35,471][com.java.TestType] [ 8101] - Exception: null
[INFO ][2015-11-06 15:54:35,471][com.java.TestType] [ 8106] - dataFields : XPH//span[contains(text(),'Yes')]
[DEBUG][2015-11-06 15:54:35,471][com.java.TestType] [ 8112] - <In Set values of the page>
[DEBUG][2015-11-06 15:54:35,471][com.java.TestType] [ 8117] - {Data Fields & Data Values Exist}
[INFO ][2015-11-06 15:54:35,471][com.java.TestType] [ 8123] - --------------------------setting values-----------------------------
[INFO ][2015-11-06 15:54:35,471][com.java.TestType] [ 8126] - Action Type : CLICK
[INFO ][2015-11-06 15:54:35,471][com.java.TestType] [ 4191] - Field ::XPH//span[contains(text(),'Yes')]
[INFO ][2015-11-06 15:54:36,470][com.java.TestType] [ 4250] - BEFORE CLICK
[ERROR][2015-11-06 15:54:36,848][com.java.TestType] [ 4424] - Exception in click:: Element //span[contains(text(),'Yes')] not found
[INFO ][2015-11-06 15:54:36,848][com.java.TestType] [ 4428] - Element :://span[contains(text(),'Yes')]:: not found
[INFO ][2015-11-06 15:54:36,848][com.java.TestType] [ 8145] -  RESULT false
[INFO ][2015-11-06 15:54:36,848][com.java.TestType] [ 8183] - ?   F A I L   ?
[DEBUG][2015-11-06 15:54:36,848][com.java.TestType] [ 8186] - Browser Type : IE11
[INFO ][2015-11-06 15:54:36,852][com.java.SeleniumDriver] [  861] -  RESULT false
[INFO ][2015-11-06 15:54:36,852][com.java.SeleniumDriver] [  908] - ?   F A I L   ?
[INFO ][2015-11-06 15:54:36,852][com.java.SeleniumDriver] [  916] - Browser Type : IE11
[INFO ][2015-11-06 15:54:36,852][com.java.SeleniumDriver] [  917] - Adding Failed case4
[INFO ][2015-11-06 15:54:37,623][com.java.SeleniumDriver] [ 1030] - failedCases = 4
[ERROR][2015-11-06 15:54:37,623][com.java.SeleniumDriver] [ 1516] - Platform Errors : Our apologies...::We have encountered an issue with your request.::Our apologies?:We encountered an issue with your request.
[INFO ][2015-11-06 15:54:37,623][com.java.SeleniumDriver] [ 1520] - Length =3
[ERROR][2015-11-06 15:54:37,623][com.java.SeleniumDriver] [ 1523] - Error 0 = Our apologies...
[ERROR][2015-11-06 15:54:37,659][com.java.SeleniumDriver] [ 1523] - Error 1 = We have encountered an issue with your request.
[ERROR][2015-11-06 15:54:37,696][com.java.SeleniumDriver] [ 1523] - Error 2 = Our apologies?:We encountered an issue with your request.
[DEBUG][2015-11-06 15:54:37,742][com.java.SeleniumDriver] [ 1168] - Case found
[DEBUG][2015-11-06 15:54:37,743][com.java.SeleniumDriver] [ 1173] - Incrementing ReportCounters[0]:2
[INFO ][2015-11-06 15:54:37,743][com.java.SeleniumDriver] [ 1192] - The results are-------------------[4, 27, Add content, Fail, 
Test case failed at Step No. :: 27   Error Message ::  In CONCEPT: Test case failed at Step No. :: 6   Error Message ::  Element :://span[contains(text(),'Yes')]:: not found. Screen Shot : D:\BankersDashboard\TestReports\110615\4_110615_155436_IE11.png, Fri Nov 06 15:54:37 IST 2015]
[INFO ][2015-11-06 15:54:37,743][com.java.SeleniumDriver] [ 1196] - End time is-------2 min 1 sec
[INFO ][2015-11-06 15:54:37,743][com.java.SeleniumDriver] [ 1197] - The results are-------------------[4, 27, Add content, Fail, 
Test case failed at Step No. :: 27   Error Message ::  In CONCEPT: Test case failed at Step No. :: 6   Error Message ::  Element :://span[contains(text(),'Yes')]:: not found. Screen Shot : D:\BankersDashboard\TestReports\110615\4_110615_155436_IE11.png, Fri Nov 06 15:54:37 IST 2015]
[DEBUG][2015-11-06 15:54:37,743][com.java.ImportnExport.ExportTestResultsExcel] [  222] - testResultPath = D:\BankersDashboard/TestReports/Test Results_BankersDashBoard_110615_155238_IE11_Any Bank USA.xls
[DEBUG][2015-11-06 15:54:37,743][com.java.ImportnExport.ExportTestResultsExcel] [  223] - browser is------------IE11
[DEBUG][2015-11-06 15:54:37,745][com.java.ImportnExport.ExportTestResultsExcel] [  270] - result.size() = 6
[DEBUG][2015-11-06 15:54:37,745][com.java.ImportnExport.ExportTestResultsExcel] [  274] - No of rows in sheet=2
[DEBUG][2015-11-06 15:54:37,745][com.java.ImportnExport.ExportTestResultsExcel] [  301] - ..in export..4
[DEBUG][2015-11-06 15:54:37,745][com.java.ImportnExport.ExportTestResultsExcel] [  301] - ..in export..Add content
[DEBUG][2015-11-06 15:54:37,746][com.java.ImportnExport.ExportTestResultsExcel] [  301] - ..in export..Fail
[DEBUG][2015-11-06 15:54:37,746][com.java.ImportnExport.ExportTestResultsExcel] [  301] - ..in export..
Test case failed at Step No. :: 27   Error Message ::  In CONCEPT: Test case failed at Step No. :: 6   Error Message ::  Element :://span[contains(text(),'Yes')]:: not found. Screen Shot : D:\BankersDashboard\TestReports\110615\4_110615_155436_IE11.png
[DEBUG][2015-11-06 15:54:37,746][com.java.ImportnExport.ExportTestResultsExcel] [  301] - ..in export..Fri Nov 06 15:54:37 IST 2015
[INFO ][2015-11-06 15:54:37,747][com.java.SeleniumDriver] [ 1255] - out loop:1 size:2 TestCases:[1, 4] testcases:[1, 4]
[INFO ][2015-11-06 15:54:39,748][com.java.SeleniumDriver] [ 1297] - Total Number of Cases:2
[INFO ][2015-11-06 15:54:39,748][com.java.TemplateGenerator] [  302] - Executed:2
[INFO ][2015-11-06 15:54:39,748][com.java.TemplateGenerator] [  303] - Passed:1
[INFO ][2015-11-06 15:54:39,748][com.java.TemplateGenerator] [  304] - Failed:1
[INFO ][2015-11-06 15:54:39,748][com.java.TemplateGenerator] [  305] - Skipeed:0
[INFO ][2015-11-06 15:54:39,748][com.java.TemplateGenerator] [  306] - Application URL:https://clients-xuat.bankersdashboard.com
[INFO ][2015-11-06 15:54:39,748][com.java.TemplateGenerator] [  307] - Start Time:110615_155238
[INFO ][2015-11-06 15:54:39,748][com.java.TemplateGenerator] [  308] -  Creating HTML Report 
[ERROR][2015-11-06 15:54:39,751][com.java.TemplateGenerator] [  409] - Unparseable date: "Fri Nov 06 03:52:38 IST 2015"
[INFO ][2015-11-06 15:54:39,751][com.java.TemplateGenerator] [  654] -  Exporting case :: 1
[INFO ][2015-11-06 15:54:39,751][com.java.TemplateGenerator] [  654] -  Exporting case :: 4
[INFO ][2015-11-06 15:54:39,755][com.java.SeleniumDriver] [ 1346] - End Time:110615_155439
[INFO ][2015-11-06 15:54:39,756][com.java.SeleniumDriver] [ 1349] - Data in Test Execution Details:{1=PASS, 4=FAILTest case failed at Step No. :: 27   Error Message ::  In CONCEPT: Test case failed at Step No. :: 6   Error Message ::  Element :://span[contains(text(),'Yes')]:: not found}
[INFO ][2015-11-06 15:54:39,756][com.java.SeleniumDriver] [ 1350] - Data in Failed Execution Deatils:{}
[INFO ][2015-11-06 15:54:39,756][com.java.SeleniumDriver] [ 1352] - ReportCounter:Total:2 :: PASS: 1 ::FAIL: 1
[INFO ][2015-11-06 15:54:39,756][com.java.SeleniumDriver] [ 1353] - FailedReportCounter:Total:0 :: PASS: 0 ::FAIL: 0
[INFO ][2015-11-06 15:54:39,762][com.java.EmailTestReport] [   63] - Sending report mail details:
[INFO ][2015-11-06 15:54:39,762][com.java.EmailTestReport] [   80] - Excel Report Path:D:\BankersDashboard/TestReports/Test Results_BankersDashBoard_110615_155238_IE11_Any Bank USA.xls
[INFO ][2015-11-06 15:54:39,762][com.java.EmailTestReport] [   81] - HTML Report Path:D:\BankersDashboard//TestReports//Test Results_BankersDashBoard_110615_155238_IE11_Any Bank USA.html
[INFO ][2015-11-06 15:54:39,762][com.java.EmailTestReport] [   82] - smtpHostName:mail01.valuelabs.com
[INFO ][2015-11-06 15:54:39,763][com.java.EmailTestReport] [   83] - Recipient:venkateswararao.gubbala@valuelabs.com
[INFO ][2015-11-06 15:54:39,763][com.java.EmailTestReport] [   84] - From:venkateswararao.gubbala@valuelabs.com
[INFO ][2015-11-06 15:54:39,763][com.java.EmailTestReport] [   85] - Subject:Deluxe Corp Bankers Dashboard Automation Test Report - Any Bank USA - IE11
[INFO ][2015-11-06 15:54:39,791][com.java.EmailTestReport] [  143] -  Added venkateswararao.gubbala@valuelabs.com
[INFO ][2015-11-06 15:54:43,180][com.java.SeleniumDriver] [  719] - quitting the browser 
[INFO ][2015-11-06 15:54:44,446][com.java.SeleniumDriver] [  263] - Execution Completed Stopping the thread
