[INFO ][2015-11-19 11:02:23,170][com.java.SeleniumDriver] [  213] - Execute Failed Casesfalse
[INFO ][2015-11-19 11:02:23,170][com.java.SeleniumDriver] [  214] - Browser: IE10
[INFO ][2015-11-19 11:02:23,170][com.java.SeleniumDriver] [  215] - [1, 6]
[INFO ][2015-11-19 11:02:23,170][com.java.SeleniumDriver] [  216] - Total TestCases:2
[INFO ][2015-11-19 11:02:23,170][com.java.SeleniumDriver] [  217] -  Reading Properties from Property File 
[DEBUG][2015-11-19 11:02:23,170][com.java.SeleniumDriver] [  238] - url : https://clients-xuat.bankersdashboard.com
[INFO ][2015-11-19 11:02:23,170][com.java.ImportnExport.ExportTestResultsExcel] [  116] - Time Stamp Thu Nov 19 11:02:23 IST 2015
[INFO ][2015-11-19 11:02:23,170][com.java.ImportnExport.ExportTestResultsExcel] [  175] - OUT FILE : D:\BankersDashboard/TestReports/Test Results_BankersDashBoard_111915_110223_IE10_Simmons First National Bank.xls
[INFO ][2015-11-19 11:02:23,201][com.java.ImportnExport.ExportTestResultsExcel] [  180] - Test Result file is created
[DEBUG][2015-11-19 11:02:23,301][com.java.SeleniumDriver] [  425] - Hub ip address is-------172.17.68.34
[INFO ][2015-11-19 11:02:23,301][com.java.SeleniumDriver] [  451] - Grid URL:http://172.17.68.34:4444/wd/hub
[INFO ][2015-11-19 11:02:23,301][com.java.SeleniumDriver] [  452] - Capability:Capabilities [{platform=ANY, ensureCleanSession=true, ignoreProtectedModeSettings=true, acceptSslCerts=true, ignoreZoomSetting=true, browserName=internet explorer, browserstack.ie.noFlash=true, version=null}]
[ERROR][2015-11-19 11:02:24,591][com.java.SeleniumDriver] [  496] - Unable invoke browser in grid:Could not start a new session. Possible causes are invalid address of the remote server or browser start-up failure.
Build info: version: '2.48.2', revision: '41bccdd', time: '2015-10-09 19:59:12'
System info: host: 'FVTIII438F1D', ip: '172.17.68.34', os.name: 'Windows 7', os.arch: 'x86', os.version: '6.1', java.version: '1.7.0_55'
Driver info: driver.version: SeleniumDriver
[INFO ][2015-11-19 11:02:24,591][com.java.SeleniumDriver] [  498] - Executing on local machine
[INFO ][2015-11-19 11:02:33,936][com.java.SeleniumDriver] [  248] - IE10is opened
[INFO ][2015-11-19 11:02:34,564][com.java.SeleniumDriver] [  753] - Test cases to be executed are: [1, 6]
[INFO ][2015-11-19 11:02:34,565][com.java.ImportnExport.ImportTestDataDetailsExcel] [   49] - test data details path===== D:\BankersDashboard\TestInputs\TestData.xls
[INFO ][2015-11-19 11:02:34,625][com.java.SeleniumDriver] [  796] - ------------------------------------------
[INFO ][2015-11-19 11:02:34,625][com.java.SeleniumDriver] [  797] - Test case being Executed: 1
[INFO ][2015-11-19 11:02:34,625][com.java.SeleniumDriver] [  808] - Test step:1
[INFO ][2015-11-19 11:02:34,625][com.java.SeleniumDriver] [  820] - Datavalue is----------Concept#1:1-14
[INFO ][2015-11-19 11:02:34,625][com.java.SeleniumDriver] [  844] - DataField : test
[INFO ][2015-11-19 11:02:34,625][com.java.SeleniumDriver] [  846] - DataValue : Concept#1:1-14
[INFO ][2015-11-19 11:02:34,625][com.java.SeleniumDriver] [  852] - <In Set values of the page>
[INFO ][2015-11-19 11:02:34,625][com.java.SeleniumDriver] [  855] - {Data Fields & Data Values Exist}
[INFO ][2015-11-19 11:02:34,625][com.java.SeleniumDriver] [  857] - --------------------------setting values-----------------------------
[INFO ][2015-11-19 11:02:34,625][com.java.SeleniumDriver] [  860] - Action Type : ExecuteTestCase
[INFO ][2015-11-19 11:02:34,645][com.java.TestType] [  426] - The Concept sheet name is ---------- Concept
[INFO ][2015-11-19 11:02:34,645][com.java.TestType] [  429] - The Concept ID  is ---------- 1
[DEBUG][2015-11-19 11:02:34,645][com.java.TestType] [  433] - Steps being executted in the Concept are: 1:14
[INFO ][2015-11-19 11:02:34,645][com.java.TestType] [  440] - Test data details path ---------- D:\BankersDashboard\TestInputs\TestData.xls
[INFO ][2015-11-19 11:02:34,675][com.java.TestType] [  471] -  str(1) = 1
[INFO ][2015-11-19 11:02:34,675][com.java.TestType] [  474] - Test case Id is---1
[INFO ][2015-11-19 11:02:34,675][com.java.TestType] [  476] - 1
[INFO ][2015-11-19 11:02:34,675][com.java.TestType] [  471] -  str(2) = 1
[INFO ][2015-11-19 11:02:34,685][com.java.TestType] [  523] - row values are--------{1=com.java.Objects.TestDataDetails@196e48c}
[INFO ][2015-11-19 11:02:34,685][com.java.TestType] [  471] -  str(1) = 1
[INFO ][2015-11-19 11:02:34,685][com.java.TestType] [  474] - Test case Id is---1
[INFO ][2015-11-19 11:02:34,685][com.java.TestType] [  476] - 1
[INFO ][2015-11-19 11:02:34,685][com.java.TestType] [  471] -  str(2) = 2
[INFO ][2015-11-19 11:02:34,685][com.java.TestType] [  523] - row values are--------{1=com.java.Objects.TestDataDetails@196e48c, 2=com.java.Objects.TestDataDetails@13fce4d}
[INFO ][2015-11-19 11:02:34,685][com.java.TestType] [  471] -  str(1) = 1
[INFO ][2015-11-19 11:02:34,685][com.java.TestType] [  474] - Test case Id is---1
[INFO ][2015-11-19 11:02:34,685][com.java.TestType] [  476] - 1
[INFO ][2015-11-19 11:02:34,685][com.java.TestType] [  471] -  str(2) = 3
[INFO ][2015-11-19 11:02:34,685][com.java.TestType] [  523] - row values are--------{1=com.java.Objects.TestDataDetails@196e48c, 2=com.java.Objects.TestDataDetails@13fce4d, 3=com.java.Objects.TestDataDetails@514cef}
[INFO ][2015-11-19 11:02:34,685][com.java.TestType] [  471] -  str(1) = 1
[INFO ][2015-11-19 11:02:34,685][com.java.TestType] [  474] - Test case Id is---1
[INFO ][2015-11-19 11:02:34,685][com.java.TestType] [  476] - 1
[INFO ][2015-11-19 11:02:34,685][com.java.TestType] [  471] -  str(2) = 4
[INFO ][2015-11-19 11:02:34,685][com.java.TestType] [  523] - row values are--------{1=com.java.Objects.TestDataDetails@196e48c, 2=com.java.Objects.TestDataDetails@13fce4d, 3=com.java.Objects.TestDataDetails@514cef, 4=com.java.Objects.TestDataDetails@1da11d8}
[INFO ][2015-11-19 11:02:34,685][com.java.TestType] [  471] -  str(1) = 1
[INFO ][2015-11-19 11:02:34,685][com.java.TestType] [  474] - Test case Id is---1
[INFO ][2015-11-19 11:02:34,685][com.java.TestType] [  476] - 1
[INFO ][2015-11-19 11:02:34,685][com.java.TestType] [  471] -  str(2) = 5
[INFO ][2015-11-19 11:02:34,695][com.java.TestType] [  523] - row values are--------{1=com.java.Objects.TestDataDetails@196e48c, 2=com.java.Objects.TestDataDetails@13fce4d, 3=com.java.Objects.TestDataDetails@514cef, 4=com.java.Objects.TestDataDetails@1da11d8, 5=com.java.Objects.TestDataDetails@1ff9980}
[INFO ][2015-11-19 11:02:34,695][com.java.TestType] [  471] -  str(1) = 1
[INFO ][2015-11-19 11:02:34,695][com.java.TestType] [  474] - Test case Id is---1
[INFO ][2015-11-19 11:02:34,695][com.java.TestType] [  476] - 1
[INFO ][2015-11-19 11:02:34,695][com.java.TestType] [  471] -  str(2) = 6
[INFO ][2015-11-19 11:02:34,695][com.java.TestType] [  523] - row values are--------{1=com.java.Objects.TestDataDetails@196e48c, 2=com.java.Objects.TestDataDetails@13fce4d, 3=com.java.Objects.TestDataDetails@514cef, 4=com.java.Objects.TestDataDetails@1da11d8, 5=com.java.Objects.TestDataDetails@1ff9980, 6=com.java.Objects.TestDataDetails@470c64}
[INFO ][2015-11-19 11:02:34,695][com.java.TestType] [  471] -  str(1) = 1
[INFO ][2015-11-19 11:02:34,695][com.java.TestType] [  474] - Test case Id is---1
[INFO ][2015-11-19 11:02:34,695][com.java.TestType] [  476] - 1
[INFO ][2015-11-19 11:02:34,695][com.java.TestType] [  471] -  str(2) = 7
[INFO ][2015-11-19 11:02:34,695][com.java.TestType] [  523] - row values are--------{1=com.java.Objects.TestDataDetails@196e48c, 2=com.java.Objects.TestDataDetails@13fce4d, 3=com.java.Objects.TestDataDetails@514cef, 4=com.java.Objects.TestDataDetails@1da11d8, 5=com.java.Objects.TestDataDetails@1ff9980, 6=com.java.Objects.TestDataDetails@470c64, 7=com.java.Objects.TestDataDetails@1eba425}
[INFO ][2015-11-19 11:02:34,695][com.java.TestType] [  471] -  str(1) = 1
[INFO ][2015-11-19 11:02:34,695][com.java.TestType] [  474] - Test case Id is---1
[INFO ][2015-11-19 11:02:34,695][com.java.TestType] [  476] - 1
[INFO ][2015-11-19 11:02:34,695][com.java.TestType] [  471] -  str(2) = 8
[INFO ][2015-11-19 11:02:34,695][com.java.TestType] [  523] - row values are--------{1=com.java.Objects.TestDataDetails@196e48c, 2=com.java.Objects.TestDataDetails@13fce4d, 3=com.java.Objects.TestDataDetails@514cef, 4=com.java.Objects.TestDataDetails@1da11d8, 5=com.java.Objects.TestDataDetails@1ff9980, 6=com.java.Objects.TestDataDetails@470c64, 7=com.java.Objects.TestDataDetails@1eba425, 8=com.java.Objects.TestDataDetails@1b81acf}
[INFO ][2015-11-19 11:02:34,695][com.java.TestType] [  471] -  str(1) = 1
[INFO ][2015-11-19 11:02:34,695][com.java.TestType] [  474] - Test case Id is---1
[INFO ][2015-11-19 11:02:34,695][com.java.TestType] [  476] - 1
[INFO ][2015-11-19 11:02:34,695][com.java.TestType] [  471] -  str(2) = 9
[INFO ][2015-11-19 11:02:34,695][com.java.TestType] [  523] - row values are--------{1=com.java.Objects.TestDataDetails@196e48c, 2=com.java.Objects.TestDataDetails@13fce4d, 3=com.java.Objects.TestDataDetails@514cef, 4=com.java.Objects.TestDataDetails@1da11d8, 5=com.java.Objects.TestDataDetails@1ff9980, 6=com.java.Objects.TestDataDetails@470c64, 7=com.java.Objects.TestDataDetails@1eba425, 8=com.java.Objects.TestDataDetails@1b81acf, 9=com.java.Objects.TestDataDetails@1b9e6d7}
[INFO ][2015-11-19 11:02:34,695][com.java.TestType] [  471] -  str(1) = 1
[INFO ][2015-11-19 11:02:34,695][com.java.TestType] [  474] - Test case Id is---1
[INFO ][2015-11-19 11:02:34,695][com.java.TestType] [  476] - 1
[INFO ][2015-11-19 11:02:34,695][com.java.TestType] [  471] -  str(2) = 10
[INFO ][2015-11-19 11:02:34,695][com.java.TestType] [  523] - row values are--------{1=com.java.Objects.TestDataDetails@196e48c, 2=com.java.Objects.TestDataDetails@13fce4d, 3=com.java.Objects.TestDataDetails@514cef, 4=com.java.Objects.TestDataDetails@1da11d8, 5=com.java.Objects.TestDataDetails@1ff9980, 6=com.java.Objects.TestDataDetails@470c64, 7=com.java.Objects.TestDataDetails@1eba425, 8=com.java.Objects.TestDataDetails@1b81acf, 9=com.java.Objects.TestDataDetails@1b9e6d7, 10=com.java.Objects.TestDataDetails@dc8b55}
[INFO ][2015-11-19 11:02:34,695][com.java.TestType] [  471] -  str(1) = 1
[INFO ][2015-11-19 11:02:34,695][com.java.TestType] [  474] - Test case Id is---1
[INFO ][2015-11-19 11:02:34,695][com.java.TestType] [  476] - 1
[INFO ][2015-11-19 11:02:34,695][com.java.TestType] [  471] -  str(2) = 11
[INFO ][2015-11-19 11:02:34,695][com.java.TestType] [  523] - row values are--------{1=com.java.Objects.TestDataDetails@196e48c, 2=com.java.Objects.TestDataDetails@13fce4d, 3=com.java.Objects.TestDataDetails@514cef, 4=com.java.Objects.TestDataDetails@1da11d8, 5=com.java.Objects.TestDataDetails@1ff9980, 6=com.java.Objects.TestDataDetails@470c64, 7=com.java.Objects.TestDataDetails@1eba425, 8=com.java.Objects.TestDataDetails@1b81acf, 9=com.java.Objects.TestDataDetails@1b9e6d7, 10=com.java.Objects.TestDataDetails@dc8b55, 11=com.java.Objects.TestDataDetails@b8460f}
[INFO ][2015-11-19 11:02:34,695][com.java.TestType] [  471] -  str(1) = 1
[INFO ][2015-11-19 11:02:34,705][com.java.TestType] [  474] - Test case Id is---1
[INFO ][2015-11-19 11:02:34,705][com.java.TestType] [  476] - 1
[INFO ][2015-11-19 11:02:34,705][com.java.TestType] [  471] -  str(2) = 12
[INFO ][2015-11-19 11:02:34,705][com.java.TestType] [  523] - row values are--------{1=com.java.Objects.TestDataDetails@196e48c, 2=com.java.Objects.TestDataDetails@13fce4d, 3=com.java.Objects.TestDataDetails@514cef, 4=com.java.Objects.TestDataDetails@1da11d8, 5=com.java.Objects.TestDataDetails@1ff9980, 6=com.java.Objects.TestDataDetails@470c64, 7=com.java.Objects.TestDataDetails@1eba425, 8=com.java.Objects.TestDataDetails@1b81acf, 9=com.java.Objects.TestDataDetails@1b9e6d7, 10=com.java.Objects.TestDataDetails@dc8b55, 11=com.java.Objects.TestDataDetails@b8460f, 12=com.java.Objects.TestDataDetails@f30883}
[INFO ][2015-11-19 11:02:34,705][com.java.TestType] [  471] -  str(1) = 1
[INFO ][2015-11-19 11:02:34,705][com.java.TestType] [  474] - Test case Id is---1
[INFO ][2015-11-19 11:02:34,705][com.java.TestType] [  476] - 1
[INFO ][2015-11-19 11:02:34,705][com.java.TestType] [  471] -  str(2) = 13
[INFO ][2015-11-19 11:02:34,705][com.java.TestType] [  523] - row values are--------{1=com.java.Objects.TestDataDetails@196e48c, 2=com.java.Objects.TestDataDetails@13fce4d, 3=com.java.Objects.TestDataDetails@514cef, 4=com.java.Objects.TestDataDetails@1da11d8, 5=com.java.Objects.TestDataDetails@1ff9980, 6=com.java.Objects.TestDataDetails@470c64, 7=com.java.Objects.TestDataDetails@1eba425, 8=com.java.Objects.TestDataDetails@1b81acf, 9=com.java.Objects.TestDataDetails@1b9e6d7, 10=com.java.Objects.TestDataDetails@dc8b55, 11=com.java.Objects.TestDataDetails@b8460f, 12=com.java.Objects.TestDataDetails@f30883, 13=com.java.Objects.TestDataDetails@abd854}
[INFO ][2015-11-19 11:02:34,705][com.java.TestType] [  471] -  str(1) = 1
[INFO ][2015-11-19 11:02:34,705][com.java.TestType] [  474] - Test case Id is---1
[INFO ][2015-11-19 11:02:34,705][com.java.TestType] [  476] - 1
[INFO ][2015-11-19 11:02:34,705][com.java.TestType] [  471] -  str(2) = 14
[INFO ][2015-11-19 11:02:34,705][com.java.TestType] [  523] - row values are--------{1=com.java.Objects.TestDataDetails@196e48c, 2=com.java.Objects.TestDataDetails@13fce4d, 3=com.java.Objects.TestDataDetails@514cef, 4=com.java.Objects.TestDataDetails@1da11d8, 5=com.java.Objects.TestDataDetails@1ff9980, 6=com.java.Objects.TestDataDetails@470c64, 7=com.java.Objects.TestDataDetails@1eba425, 8=com.java.Objects.TestDataDetails@1b81acf, 9=com.java.Objects.TestDataDetails@1b9e6d7, 10=com.java.Objects.TestDataDetails@dc8b55, 11=com.java.Objects.TestDataDetails@b8460f, 12=com.java.Objects.TestDataDetails@f30883, 13=com.java.Objects.TestDataDetails@abd854, 14=com.java.Objects.TestDataDetails@19a12cb}
[INFO ][2015-11-19 11:02:34,705][com.java.TestType] [ 8806] - Looping 1TCID = 1
[DEBUG][2015-11-19 11:02:34,705][com.java.TestType] [ 8847] - Concept ID:1 :: Step being Executed: 1::1
[INFO ][2015-11-19 11:02:34,705][com.java.TestType] [ 8885] - dataFields : TXTusername
[DEBUG][2015-11-19 11:02:34,705][com.java.TestType] [ 8891] - <In Set values of the page>
[DEBUG][2015-11-19 11:02:34,705][com.java.TestType] [ 8896] - {Data Fields & Data Values Exist}
[INFO ][2015-11-19 11:02:34,705][com.java.TestType] [ 8902] - --------------------------setting values-----------------------------
[INFO ][2015-11-19 11:02:34,705][com.java.TestType] [ 8905] - Action Type : CLEARANDENTER
[INFO ][2015-11-19 11:02:34,705][com.java.TestType] [ 4461] - value = valuelabs.ie10.03890
[INFO ][2015-11-19 11:02:39,539][com.java.TestType] [ 8924] -  RESULT true
[INFO ][2015-11-19 11:02:39,539][com.java.TestType] [ 9041] - ?   P A S S   ?
[DEBUG][2015-11-19 11:02:39,539][com.java.TestType] [ 8847] - Concept ID:1 :: Step being Executed: 1::2
[INFO ][2015-11-19 11:02:39,539][com.java.TestType] [ 8885] - dataFields : TXTpassword
[DEBUG][2015-11-19 11:02:39,539][com.java.TestType] [ 8891] - <In Set values of the page>
[DEBUG][2015-11-19 11:02:39,539][com.java.TestType] [ 8896] - {Data Fields & Data Values Exist}
[INFO ][2015-11-19 11:02:39,539][com.java.TestType] [ 8902] - --------------------------setting values-----------------------------
[INFO ][2015-11-19 11:02:39,539][com.java.TestType] [ 8905] - Action Type : CLEARANDENTER
[INFO ][2015-11-19 11:02:39,539][com.java.TestType] [ 4461] - value = Password1*
[INFO ][2015-11-19 11:02:44,446][com.java.TestType] [ 8924] -  RESULT true
[INFO ][2015-11-19 11:02:44,446][com.java.TestType] [ 9041] - ?   P A S S   ?
[DEBUG][2015-11-19 11:02:44,446][com.java.TestType] [ 8847] - Concept ID:1 :: Step being Executed: 1::3
[ERROR][2015-11-19 11:02:44,446][com.java.TestType] [ 8880] - Exception: null
[INFO ][2015-11-19 11:02:44,446][com.java.TestType] [ 8885] - dataFields : XPH//button[@type='submit']
[DEBUG][2015-11-19 11:02:44,446][com.java.TestType] [ 8891] - <In Set values of the page>
[DEBUG][2015-11-19 11:02:44,446][com.java.TestType] [ 8896] - {Data Fields & Data Values Exist}
[INFO ][2015-11-19 11:02:44,446][com.java.TestType] [ 8902] - --------------------------setting values-----------------------------
[INFO ][2015-11-19 11:02:44,446][com.java.TestType] [ 8905] - Action Type : Click
[INFO ][2015-11-19 11:02:44,446][com.java.TestType] [ 4774] - Field ::XPH//button[@type='submit']
[INFO ][2015-11-19 11:02:45,446][com.java.TestType] [ 4833] - BEFORE CLICK
[INFO ][2015-11-19 11:02:46,327][com.java.TestType] [ 4841] - Unable to click the object Login
[INFO ][2015-11-19 11:02:46,327][com.java.TestType] [ 8924] -  RESULT true
[INFO ][2015-11-19 11:02:46,327][com.java.TestType] [ 9041] - ?   P A S S   ?
[DEBUG][2015-11-19 11:02:46,327][com.java.TestType] [ 8847] - Concept ID:1 :: Step being Executed: 1::4
[INFO ][2015-11-19 11:02:46,327][com.java.TestType] [ 8885] - dataFields : LNKLogout
[DEBUG][2015-11-19 11:02:46,327][com.java.TestType] [ 8891] - <In Set values of the page>
[DEBUG][2015-11-19 11:02:46,327][com.java.TestType] [ 8896] - {Data Fields & Data Values Exist}
[INFO ][2015-11-19 11:02:46,327][com.java.TestType] [ 8902] - --------------------------setting values-----------------------------
[INFO ][2015-11-19 11:02:46,327][com.java.TestType] [ 8905] - Action Type : WaitForElement
[INFO ][2015-11-19 11:03:01,453][com.java.TestType] [ 8924] -  RESULT true
[INFO ][2015-11-19 11:03:01,453][com.java.TestType] [ 9041] - ?   P A S S   ?
[DEBUG][2015-11-19 11:03:01,453][com.java.TestType] [ 8847] - Concept ID:1 :: Step being Executed: 1::13
[INFO ][2015-11-19 11:03:01,453][com.java.TestType] [ 8885] - dataFields : LNK
[DEBUG][2015-11-19 11:03:01,453][com.java.TestType] [ 8891] - <In Set values of the page>
[DEBUG][2015-11-19 11:03:01,453][com.java.TestType] [ 8896] - {Data Fields & Data Values Exist}
[INFO ][2015-11-19 11:03:01,453][com.java.TestType] [ 8902] - --------------------------setting values-----------------------------
[INFO ][2015-11-19 11:03:01,453][com.java.TestType] [ 8905] - Action Type : Verify
[INFO ][2015-11-19 11:03:01,453][com.java.TestType] [ 5568] - field= LNK value= Logout
[INFO ][2015-11-19 11:03:01,453][com.java.TestType] [ 4461] - value = Logout
[INFO ][2015-11-19 11:03:01,484][com.java.TestType] [ 8924] -  RESULT true
[INFO ][2015-11-19 11:03:01,484][com.java.TestType] [ 9041] - ?   P A S S   ?
[DEBUG][2015-11-19 11:03:01,484][com.java.TestType] [ 8847] - Concept ID:1 :: Step being Executed: 1::14
[INFO ][2015-11-19 11:03:01,484][com.java.TestType] [ 8885] - dataFields : BTN
[DEBUG][2015-11-19 11:03:01,484][com.java.TestType] [ 8891] - <In Set values of the page>
[DEBUG][2015-11-19 11:03:01,484][com.java.TestType] [ 8896] - {Data Fields & Data Values Exist}
[INFO ][2015-11-19 11:03:01,484][com.java.TestType] [ 8902] - --------------------------setting values-----------------------------
[INFO ][2015-11-19 11:03:01,484][com.java.TestType] [ 8905] - Action Type : Verify
[INFO ][2015-11-19 11:03:01,484][com.java.TestType] [ 5568] - field= BTN value= //img[contains(@src,'bdlogo.jpg')]
[INFO ][2015-11-19 11:03:01,484][com.java.TestType] [ 4461] - value = //img[contains(@src,'bdlogo.jpg')]
[INFO ][2015-11-19 11:03:01,514][com.java.TestType] [ 8924] -  RESULT true
[INFO ][2015-11-19 11:03:01,514][com.java.TestType] [ 9041] - ?   P A S S   ?
[INFO ][2015-11-19 11:03:01,514][com.java.TestType] [ 9112] - Looping End......
[INFO ][2015-11-19 11:03:01,514][com.java.SeleniumDriver] [  869] -  RESULT true
[INFO ][2015-11-19 11:03:01,514][com.java.SeleniumDriver] [ 1074] - ?   P A S S   ?
[INFO ][2015-11-19 11:03:01,514][com.java.SeleniumDriver] [  796] - ------------------------------------------
[INFO ][2015-11-19 11:03:01,514][com.java.SeleniumDriver] [  797] - Test case being Executed: 1
[INFO ][2015-11-19 11:03:01,514][com.java.SeleniumDriver] [  808] - Test step:2
[INFO ][2015-11-19 11:03:01,514][com.java.SeleniumDriver] [  820] - Datavalue is----------Concept#2:1-2
[INFO ][2015-11-19 11:03:01,514][com.java.SeleniumDriver] [  844] - DataField : test
[INFO ][2015-11-19 11:03:01,514][com.java.SeleniumDriver] [  846] - DataValue : Concept#2:1-2
[INFO ][2015-11-19 11:03:01,514][com.java.SeleniumDriver] [  852] - <In Set values of the page>
[INFO ][2015-11-19 11:03:01,514][com.java.SeleniumDriver] [  855] - {Data Fields & Data Values Exist}
[INFO ][2015-11-19 11:03:01,514][com.java.SeleniumDriver] [  857] - --------------------------setting values-----------------------------
[INFO ][2015-11-19 11:03:01,514][com.java.SeleniumDriver] [  860] - Action Type : ExecuteTestCase
[INFO ][2015-11-19 11:03:01,514][com.java.TestType] [  426] - The Concept sheet name is ---------- Concept
[INFO ][2015-11-19 11:03:01,514][com.java.TestType] [  429] - The Concept ID  is ---------- 2
[DEBUG][2015-11-19 11:03:01,514][com.java.TestType] [  433] - Steps being executted in the Concept are: 1:2
[INFO ][2015-11-19 11:03:01,514][com.java.TestType] [  440] - Test data details path ---------- D:\BankersDashboard\TestInputs\TestData.xls
[INFO ][2015-11-19 11:03:01,544][com.java.TestType] [  471] -  str(1) = 2
[INFO ][2015-11-19 11:03:01,544][com.java.TestType] [  474] - Test case Id is---2
[INFO ][2015-11-19 11:03:01,544][com.java.TestType] [  476] - 2
[INFO ][2015-11-19 11:03:01,544][com.java.TestType] [  471] -  str(2) = 1
[INFO ][2015-11-19 11:03:01,544][com.java.TestType] [  523] - row values are--------{1=com.java.Objects.TestDataDetails@6c7ea0}
[INFO ][2015-11-19 11:03:01,544][com.java.TestType] [  471] -  str(1) = 2
[INFO ][2015-11-19 11:03:01,544][com.java.TestType] [  474] - Test case Id is---2
[INFO ][2015-11-19 11:03:01,544][com.java.TestType] [  476] - 2
[INFO ][2015-11-19 11:03:01,544][com.java.TestType] [  471] -  str(2) = 2
[INFO ][2015-11-19 11:03:01,554][com.java.TestType] [  523] - row values are--------{1=com.java.Objects.TestDataDetails@6c7ea0, 2=com.java.Objects.TestDataDetails@1438980}
[INFO ][2015-11-19 11:03:01,554][com.java.TestType] [  471] -  str(1) = 2
[INFO ][2015-11-19 11:03:01,554][com.java.TestType] [  474] - Test case Id is---2
[INFO ][2015-11-19 11:03:01,554][com.java.TestType] [  476] - 2
[INFO ][2015-11-19 11:03:01,554][com.java.TestType] [  471] -  str(2) = 3
[INFO ][2015-11-19 11:03:01,554][com.java.TestType] [  523] - row values are--------{1=com.java.Objects.TestDataDetails@6c7ea0, 2=com.java.Objects.TestDataDetails@1438980, 3=com.java.Objects.TestDataDetails@175e41}
[INFO ][2015-11-19 11:03:01,554][com.java.TestType] [ 8806] - Looping 1TCID = 2
[DEBUG][2015-11-19 11:03:01,554][com.java.TestType] [ 8847] - Concept ID:2 :: Step being Executed: 2::1
[INFO ][2015-11-19 11:03:01,554][com.java.TestType] [ 8885] - dataFields : BNK//select[@id='bank']
[DEBUG][2015-11-19 11:03:01,554][com.java.TestType] [ 8891] - <In Set values of the page>
[DEBUG][2015-11-19 11:03:01,554][com.java.TestType] [ 8896] - {Data Fields & Data Values Exist}
[INFO ][2015-11-19 11:03:01,554][com.java.TestType] [ 8902] - --------------------------setting values-----------------------------
[INFO ][2015-11-19 11:03:01,554][com.java.TestType] [ 8905] - Action Type : Select
[INFO ][2015-11-19 11:03:01,554][com.java.TestType] [ 4461] - value = PFC
[INFO ][2015-11-19 11:03:01,734][com.java.TestType] [ 8924] -  RESULT true
[INFO ][2015-11-19 11:03:01,734][com.java.TestType] [ 9041] - ?   P A S S   ?
[DEBUG][2015-11-19 11:03:01,734][com.java.TestType] [ 8847] - Concept ID:2 :: Step being Executed: 2::2
[INFO ][2015-11-19 11:03:01,734][com.java.TestType] [ 8885] - dataFields : LNKLogout
[DEBUG][2015-11-19 11:03:01,734][com.java.TestType] [ 8891] - <In Set values of the page>
[DEBUG][2015-11-19 11:03:01,734][com.java.TestType] [ 8896] - {Data Fields & Data Values Exist}
[INFO ][2015-11-19 11:03:01,734][com.java.TestType] [ 8902] - --------------------------setting values-----------------------------
[INFO ][2015-11-19 11:03:01,734][com.java.TestType] [ 8905] - Action Type : WaitTime
[DEBUG][2015-11-19 11:03:01,734][com.java.TestType] [ 4296] - sleepTime: 5000
[INFO ][2015-11-19 11:03:06,734][com.java.TestType] [ 8924] -  RESULT true
[INFO ][2015-11-19 11:03:06,734][com.java.TestType] [ 9041] - ?   P A S S   ?
[INFO ][2015-11-19 11:03:06,734][com.java.TestType] [ 9112] - Looping End......
[INFO ][2015-11-19 11:03:06,734][com.java.SeleniumDriver] [  869] -  RESULT true
[INFO ][2015-11-19 11:03:06,734][com.java.SeleniumDriver] [ 1074] - ?   P A S S   ?
[INFO ][2015-11-19 11:03:06,734][com.java.SeleniumDriver] [  796] - ------------------------------------------
[INFO ][2015-11-19 11:03:06,734][com.java.SeleniumDriver] [  797] - Test case being Executed: 1
[INFO ][2015-11-19 11:03:06,734][com.java.SeleniumDriver] [  808] - Test step:3
[INFO ][2015-11-19 11:03:06,734][com.java.SeleniumDriver] [  820] - Datavalue is----------2
[INFO ][2015-11-19 11:03:06,734][com.java.SeleniumDriver] [  844] - DataField : XPH//button[contains(text(),'Add Content')]
[INFO ][2015-11-19 11:03:06,734][com.java.SeleniumDriver] [  846] - DataValue : 2
[INFO ][2015-11-19 11:03:06,734][com.java.SeleniumDriver] [  852] - <In Set values of the page>
[INFO ][2015-11-19 11:03:06,734][com.java.SeleniumDriver] [  855] - {Data Fields & Data Values Exist}
[INFO ][2015-11-19 11:03:06,734][com.java.SeleniumDriver] [  857] - --------------------------setting values-----------------------------
[INFO ][2015-11-19 11:03:06,734][com.java.SeleniumDriver] [  860] - Action Type : WAITFORELEMENT
[INFO ][2015-11-19 11:03:06,775][com.java.SeleniumDriver] [  869] -  RESULT true
[INFO ][2015-11-19 11:03:06,775][com.java.SeleniumDriver] [ 1074] - ?   P A S S   ?
[DEBUG][2015-11-19 11:03:06,775][com.java.SeleniumDriver] [ 1176] - Case found
[DEBUG][2015-11-19 11:03:06,775][com.java.SeleniumDriver] [ 1181] - Incrementing ReportCounters[0]:1
[INFO ][2015-11-19 11:03:06,775][com.java.SeleniumDriver] [ 1200] - The results are-------------------[1, 1, Valid Login, Pass, , Thu Nov 19 11:03:01 IST 2015, 1, 2, Valid Login, Pass, , Thu Nov 19 11:03:06 IST 2015, 1, 3, Valid Login, Pass, , Thu Nov 19 11:03:06 IST 2015]
[INFO ][2015-11-19 11:03:06,775][com.java.SeleniumDriver] [ 1204] - End time is-------45 sec
[INFO ][2015-11-19 11:03:06,775][com.java.SeleniumDriver] [ 1205] - The results are-------------------[1, 1, Valid Login, Pass, , Thu Nov 19 11:03:01 IST 2015, 1, 2, Valid Login, Pass, , Thu Nov 19 11:03:06 IST 2015, 1, 3, Valid Login, Pass, , Thu Nov 19 11:03:06 IST 2015]
[DEBUG][2015-11-19 11:03:06,775][com.java.ImportnExport.ExportTestResultsExcel] [  222] - testResultPath = D:\BankersDashboard/TestReports/Test Results_BankersDashBoard_111915_110223_IE10_Simmons First National Bank.xls
[DEBUG][2015-11-19 11:03:06,775][com.java.ImportnExport.ExportTestResultsExcel] [  223] - browser is------------IE10
[DEBUG][2015-11-19 11:03:06,815][com.java.ImportnExport.ExportTestResultsExcel] [  270] - result.size() = 18
[DEBUG][2015-11-19 11:03:06,815][com.java.ImportnExport.ExportTestResultsExcel] [  274] - No of rows in sheet=1
[DEBUG][2015-11-19 11:03:06,815][com.java.ImportnExport.ExportTestResultsExcel] [  301] - ..in export..1
[DEBUG][2015-11-19 11:03:06,815][com.java.ImportnExport.ExportTestResultsExcel] [  301] - ..in export..Valid Login
[DEBUG][2015-11-19 11:03:06,815][com.java.ImportnExport.ExportTestResultsExcel] [  301] - ..in export..Pass
[DEBUG][2015-11-19 11:03:06,815][com.java.ImportnExport.ExportTestResultsExcel] [  301] - ..in export..
[DEBUG][2015-11-19 11:03:06,815][com.java.ImportnExport.ExportTestResultsExcel] [  301] - ..in export..Thu Nov 19 11:03:01 IST 2015
[INFO ][2015-11-19 11:03:06,825][com.java.SeleniumDriver] [ 1263] - out loop:0 size:2 TestCases:[1, 6] testcases:[1, 6]
[INFO ][2015-11-19 11:03:06,825][com.java.ImportnExport.ImportTestDataDetailsExcel] [   49] - test data details path===== D:\BankersDashboard\TestInputs\TestData.xls
[INFO ][2015-11-19 11:04:34,573][com.java.SeleniumDriver] [  796] - ------------------------------------------
[INFO ][2015-11-19 11:04:34,573][com.java.SeleniumDriver] [  797] - Test case being Executed: 6
[INFO ][2015-11-19 11:04:34,573][com.java.SeleniumDriver] [  808] - Test step:1
[INFO ][2015-11-19 11:04:34,573][com.java.SeleniumDriver] [  820] - Datavalue is----------Logout
[INFO ][2015-11-19 11:04:34,573][com.java.SeleniumDriver] [  844] - DataField : BTN
[INFO ][2015-11-19 11:04:34,573][com.java.SeleniumDriver] [  846] - DataValue : Logout
[INFO ][2015-11-19 11:04:34,573][com.java.SeleniumDriver] [  852] - <In Set values of the page>
[INFO ][2015-11-19 11:04:34,573][com.java.SeleniumDriver] [  855] - {Data Fields & Data Values Exist}
[INFO ][2015-11-19 11:04:34,573][com.java.SeleniumDriver] [  857] - --------------------------setting values-----------------------------
[INFO ][2015-11-19 11:04:34,573][com.java.SeleniumDriver] [  860] - Action Type : Verify
[INFO ][2015-11-19 11:04:34,573][com.java.TestType] [ 5568] - field= BTN value= Logout
[INFO ][2015-11-19 11:04:34,573][com.java.TestType] [ 4461] - value = Logout
[INFO ][2015-11-19 11:04:34,664][com.java.SeleniumDriver] [  869] -  RESULT true
[INFO ][2015-11-19 11:04:34,664][com.java.SeleniumDriver] [ 1074] - ?   P A S S   ?
[INFO ][2015-11-19 11:04:34,664][com.java.SeleniumDriver] [ 1116] - step change to 3
[INFO ][2015-11-19 11:04:34,664][com.java.SeleniumDriver] [  796] - ------------------------------------------
[INFO ][2015-11-19 11:04:34,664][com.java.SeleniumDriver] [  797] - Test case being Executed: 6
[INFO ][2015-11-19 11:04:34,664][com.java.SeleniumDriver] [  808] - Test step:3
[INFO ][2015-11-19 11:04:34,664][com.java.SeleniumDriver] [  820] - Datavalue is----------Concept#2:1-2
[INFO ][2015-11-19 11:04:34,664][com.java.SeleniumDriver] [  844] - DataField : test
[INFO ][2015-11-19 11:04:34,664][com.java.SeleniumDriver] [  846] - DataValue : Concept#2:1-2
[INFO ][2015-11-19 11:04:34,664][com.java.SeleniumDriver] [  852] - <In Set values of the page>
[INFO ][2015-11-19 11:04:34,664][com.java.SeleniumDriver] [  855] - {Data Fields & Data Values Exist}
[INFO ][2015-11-19 11:04:34,664][com.java.SeleniumDriver] [  857] - --------------------------setting values-----------------------------
[INFO ][2015-11-19 11:04:34,664][com.java.SeleniumDriver] [  860] - Action Type : ExecuteTestCase
[INFO ][2015-11-19 11:04:34,664][com.java.TestType] [  426] - The Concept sheet name is ---------- Concept
[INFO ][2015-11-19 11:04:34,664][com.java.TestType] [  429] - The Concept ID  is ---------- 2
[DEBUG][2015-11-19 11:04:34,664][com.java.TestType] [  433] - Steps being executted in the Concept are: 1:2
[INFO ][2015-11-19 11:04:34,664][com.java.TestType] [  440] - Test data details path ---------- D:\BankersDashboard\TestInputs\TestData.xls
[INFO ][2015-11-19 11:04:34,694][com.java.TestType] [  471] -  str(1) = 2
[INFO ][2015-11-19 11:04:34,694][com.java.TestType] [  474] - Test case Id is---2
[INFO ][2015-11-19 11:04:34,694][com.java.TestType] [  476] - 2
[INFO ][2015-11-19 11:04:34,694][com.java.TestType] [  471] -  str(2) = 1
[INFO ][2015-11-19 11:04:34,694][com.java.TestType] [  523] - row values are--------{1=com.java.Objects.TestDataDetails@6f258a}
[INFO ][2015-11-19 11:04:34,694][com.java.TestType] [  471] -  str(1) = 2
[INFO ][2015-11-19 11:04:34,694][com.java.TestType] [  474] - Test case Id is---2
[INFO ][2015-11-19 11:04:34,694][com.java.TestType] [  476] - 2
[INFO ][2015-11-19 11:04:34,694][com.java.TestType] [  471] -  str(2) = 2
[INFO ][2015-11-19 11:04:34,694][com.java.TestType] [  523] - row values are--------{1=com.java.Objects.TestDataDetails@6f258a, 2=com.java.Objects.TestDataDetails@76a451}
[INFO ][2015-11-19 11:04:34,694][com.java.TestType] [  471] -  str(1) = 2
[INFO ][2015-11-19 11:04:34,694][com.java.TestType] [  474] - Test case Id is---2
[INFO ][2015-11-19 11:04:34,694][com.java.TestType] [  476] - 2
[INFO ][2015-11-19 11:04:34,694][com.java.TestType] [  471] -  str(2) = 3
[INFO ][2015-11-19 11:04:34,694][com.java.TestType] [  523] - row values are--------{1=com.java.Objects.TestDataDetails@6f258a, 2=com.java.Objects.TestDataDetails@76a451, 3=com.java.Objects.TestDataDetails@1c08a22}
[INFO ][2015-11-19 11:04:34,694][com.java.TestType] [ 8806] - Looping 1TCID = 2
[DEBUG][2015-11-19 11:04:34,694][com.java.TestType] [ 8847] - Concept ID:2 :: Step being Executed: 2::1
[INFO ][2015-11-19 11:04:34,694][com.java.TestType] [ 8885] - dataFields : BNK//select[@id='bank']
[DEBUG][2015-11-19 11:04:34,694][com.java.TestType] [ 8891] - <In Set values of the page>
[DEBUG][2015-11-19 11:04:34,694][com.java.TestType] [ 8896] - {Data Fields & Data Values Exist}
[INFO ][2015-11-19 11:04:34,694][com.java.TestType] [ 8902] - --------------------------setting values-----------------------------
[INFO ][2015-11-19 11:04:34,694][com.java.TestType] [ 8905] - Action Type : Select
[INFO ][2015-11-19 11:04:34,694][com.java.TestType] [ 4461] - value = PFC
[INFO ][2015-11-19 11:04:35,164][com.java.TestType] [ 8924] -  RESULT true
[INFO ][2015-11-19 11:04:35,164][com.java.TestType] [ 9041] - ?   P A S S   ?
[DEBUG][2015-11-19 11:04:35,164][com.java.TestType] [ 8847] - Concept ID:2 :: Step being Executed: 2::2
[INFO ][2015-11-19 11:04:35,164][com.java.TestType] [ 8885] - dataFields : LNKLogout
[DEBUG][2015-11-19 11:04:35,164][com.java.TestType] [ 8891] - <In Set values of the page>
[DEBUG][2015-11-19 11:04:35,164][com.java.TestType] [ 8896] - {Data Fields & Data Values Exist}
[INFO ][2015-11-19 11:04:35,164][com.java.TestType] [ 8902] - --------------------------setting values-----------------------------
[INFO ][2015-11-19 11:04:35,164][com.java.TestType] [ 8905] - Action Type : WaitTime
[DEBUG][2015-11-19 11:04:35,164][com.java.TestType] [ 4296] - sleepTime: 5000
[INFO ][2015-11-19 11:04:40,164][com.java.TestType] [ 8924] -  RESULT true
[INFO ][2015-11-19 11:04:40,164][com.java.TestType] [ 9041] - ?   P A S S   ?
[INFO ][2015-11-19 11:04:40,164][com.java.TestType] [ 9112] - Looping End......
[INFO ][2015-11-19 11:04:40,164][com.java.SeleniumDriver] [  869] -  RESULT true
[INFO ][2015-11-19 11:04:40,164][com.java.SeleniumDriver] [ 1074] - ?   P A S S   ?
[INFO ][2015-11-19 11:04:40,164][com.java.SeleniumDriver] [  796] - ------------------------------------------
[INFO ][2015-11-19 11:04:40,164][com.java.SeleniumDriver] [  797] - Test case being Executed: 6
[INFO ][2015-11-19 11:04:40,164][com.java.SeleniumDriver] [  808] - Test step:4
[INFO ][2015-11-19 11:04:40,164][com.java.SeleniumDriver] [  820] - Datavalue is----------null
[DEBUG][2015-11-19 11:04:40,164][com.java.SeleniumDriver] [  838] - Exception: null
[INFO ][2015-11-19 11:04:40,164][com.java.SeleniumDriver] [  844] - DataField : //span[@class='icon-hammer']&&//a[text()='Custom Calculations']
[INFO ][2015-11-19 11:04:40,164][com.java.SeleniumDriver] [  846] - DataValue : 
[INFO ][2015-11-19 11:04:40,164][com.java.SeleniumDriver] [  852] - <In Set values of the page>
[INFO ][2015-11-19 11:04:40,164][com.java.SeleniumDriver] [  855] - {Data Fields & Data Values Exist}
[INFO ][2015-11-19 11:04:40,164][com.java.SeleniumDriver] [  857] - --------------------------setting values-----------------------------
[INFO ][2015-11-19 11:04:40,164][com.java.SeleniumDriver] [  860] - Action Type : MOUSEOVER
[INFO ][2015-11-19 11:05:09,713][com.java.SeleniumDriver] [  869] -  RESULT true
[INFO ][2015-11-19 11:05:09,713][com.java.SeleniumDriver] [ 1074] - ?   P A S S   ?
[INFO ][2015-11-19 11:05:09,713][com.java.SeleniumDriver] [  796] - ------------------------------------------
[INFO ][2015-11-19 11:05:09,713][com.java.SeleniumDriver] [  797] - Test case being Executed: 6
[INFO ][2015-11-19 11:05:09,713][com.java.SeleniumDriver] [  808] - Test step:5
[INFO ][2015-11-19 11:05:09,713][com.java.SeleniumDriver] [  820] - Datavalue is----------5
[INFO ][2015-11-19 11:05:09,713][com.java.SeleniumDriver] [  844] - DataField : BTN//iframe[@class='frameTabContent']
[INFO ][2015-11-19 11:05:09,713][com.java.SeleniumDriver] [  846] - DataValue : 5
[INFO ][2015-11-19 11:05:09,713][com.java.SeleniumDriver] [  852] - <In Set values of the page>
[INFO ][2015-11-19 11:05:09,713][com.java.SeleniumDriver] [  855] - {Data Fields & Data Values Exist}
[INFO ][2015-11-19 11:05:09,713][com.java.SeleniumDriver] [  857] - --------------------------setting values-----------------------------
[INFO ][2015-11-19 11:05:09,713][com.java.SeleniumDriver] [  860] - Action Type : waitforelement
[INFO ][2015-11-19 11:05:09,834][com.java.SeleniumDriver] [  869] -  RESULT true
[INFO ][2015-11-19 11:05:09,834][com.java.SeleniumDriver] [ 1074] - ?   P A S S   ?
[INFO ][2015-11-19 11:05:09,834][com.java.SeleniumDriver] [  796] - ------------------------------------------
[INFO ][2015-11-19 11:05:09,834][com.java.SeleniumDriver] [  797] - Test case being Executed: 6
[INFO ][2015-11-19 11:05:09,834][com.java.SeleniumDriver] [  808] - Test step:6
[INFO ][2015-11-19 11:05:09,834][com.java.SeleniumDriver] [  820] - Datavalue is----------null
[DEBUG][2015-11-19 11:05:09,834][com.java.SeleniumDriver] [  838] - Exception: null
[INFO ][2015-11-19 11:05:09,834][com.java.SeleniumDriver] [  844] - DataField : BTN//iframe[@class='frameTabContent']
[INFO ][2015-11-19 11:05:09,834][com.java.SeleniumDriver] [  846] - DataValue : 
[INFO ][2015-11-19 11:05:09,834][com.java.SeleniumDriver] [  852] - <In Set values of the page>
[INFO ][2015-11-19 11:05:09,834][com.java.SeleniumDriver] [  855] - {Data Fields & Data Values Exist}
[INFO ][2015-11-19 11:05:09,834][com.java.SeleniumDriver] [  857] - --------------------------setting values-----------------------------
[INFO ][2015-11-19 11:05:09,834][com.java.SeleniumDriver] [  860] - Action Type : SELECTFRAME
[INFO ][2015-11-19 11:05:10,134][com.java.SeleniumDriver] [  869] -  RESULT true
[INFO ][2015-11-19 11:05:10,134][com.java.SeleniumDriver] [ 1074] - ?   P A S S   ?
[INFO ][2015-11-19 11:05:10,134][com.java.SeleniumDriver] [  796] - ------------------------------------------
[INFO ][2015-11-19 11:05:10,134][com.java.SeleniumDriver] [  797] - Test case being Executed: 6
[INFO ][2015-11-19 11:05:10,134][com.java.SeleniumDriver] [  808] - Test step:7
[INFO ][2015-11-19 11:05:10,134][com.java.SeleniumDriver] [  820] - Datavalue is----------5
[INFO ][2015-11-19 11:05:10,134][com.java.SeleniumDriver] [  844] - DataField : XPH//h1[contains(text(), 'Custom Calculations')]
[INFO ][2015-11-19 11:05:10,134][com.java.SeleniumDriver] [  846] - DataValue : 5
[INFO ][2015-11-19 11:05:10,134][com.java.SeleniumDriver] [  852] - <In Set values of the page>
[INFO ][2015-11-19 11:05:10,134][com.java.SeleniumDriver] [  855] - {Data Fields & Data Values Exist}
[INFO ][2015-11-19 11:05:10,134][com.java.SeleniumDriver] [  857] - --------------------------setting values-----------------------------
[INFO ][2015-11-19 11:05:10,134][com.java.SeleniumDriver] [  860] - Action Type : waitforelement
[INFO ][2015-11-19 11:05:10,234][com.java.SeleniumDriver] [  869] -  RESULT true
[INFO ][2015-11-19 11:05:10,234][com.java.SeleniumDriver] [ 1074] - ?   P A S S   ?
[INFO ][2015-11-19 11:05:10,234][com.java.SeleniumDriver] [  796] - ------------------------------------------
[INFO ][2015-11-19 11:05:10,234][com.java.SeleniumDriver] [  797] - Test case being Executed: 6
[INFO ][2015-11-19 11:05:10,234][com.java.SeleniumDriver] [  808] - Test step:8
[INFO ][2015-11-19 11:05:10,234][com.java.SeleniumDriver] [  820] - Datavalue is----------Custom Calculations
[INFO ][2015-11-19 11:05:10,234][com.java.SeleniumDriver] [  844] - DataField : MSG
[INFO ][2015-11-19 11:05:10,234][com.java.SeleniumDriver] [  846] - DataValue : Custom Calculations
[INFO ][2015-11-19 11:05:10,234][com.java.SeleniumDriver] [  852] - <In Set values of the page>
[INFO ][2015-11-19 11:05:10,234][com.java.SeleniumDriver] [  855] - {Data Fields & Data Values Exist}
[INFO ][2015-11-19 11:05:10,234][com.java.SeleniumDriver] [  857] - --------------------------setting values-----------------------------
[INFO ][2015-11-19 11:05:10,234][com.java.SeleniumDriver] [  860] - Action Type : Verify
[INFO ][2015-11-19 11:05:10,234][com.java.TestType] [ 5568] - field= MSG value= Custom Calculations
[INFO ][2015-11-19 11:05:10,234][com.java.TestType] [ 4461] - value = Custom Calculations
[DEBUG][2015-11-19 11:05:10,234][com.java.TestType] [ 6337] - value :: Custom Calculations
[INFO ][2015-11-19 11:05:10,274][com.java.SeleniumDriver] [  869] -  RESULT true
[INFO ][2015-11-19 11:05:10,274][com.java.SeleniumDriver] [ 1074] - ?   P A S S   ?
[INFO ][2015-11-19 11:05:10,274][com.java.SeleniumDriver] [  796] - ------------------------------------------
[INFO ][2015-11-19 11:05:10,274][com.java.SeleniumDriver] [  797] - Test case being Executed: 6
[INFO ][2015-11-19 11:05:10,274][com.java.SeleniumDriver] [  808] - Test step:9
[INFO ][2015-11-19 11:05:10,274][com.java.SeleniumDriver] [  820] - Datavalue is----------5
[INFO ][2015-11-19 11:05:10,274][com.java.SeleniumDriver] [  844] - DataField : XPH//a[contains(text(), 'Add Calculation')]
[INFO ][2015-11-19 11:05:10,274][com.java.SeleniumDriver] [  846] - DataValue : 5
[INFO ][2015-11-19 11:05:10,274][com.java.SeleniumDriver] [  852] - <In Set values of the page>
[INFO ][2015-11-19 11:05:10,274][com.java.SeleniumDriver] [  855] - {Data Fields & Data Values Exist}
[INFO ][2015-11-19 11:05:10,274][com.java.SeleniumDriver] [  857] - --------------------------setting values-----------------------------
[INFO ][2015-11-19 11:05:10,274][com.java.SeleniumDriver] [  860] - Action Type : waitforelement
[INFO ][2015-11-19 11:05:10,364][com.java.SeleniumDriver] [  869] -  RESULT true
[INFO ][2015-11-19 11:05:10,364][com.java.SeleniumDriver] [ 1074] - ?   P A S S   ?
[INFO ][2015-11-19 11:05:10,364][com.java.SeleniumDriver] [  796] - ------------------------------------------
[INFO ][2015-11-19 11:05:10,364][com.java.SeleniumDriver] [  797] - Test case being Executed: 6
[INFO ][2015-11-19 11:05:10,364][com.java.SeleniumDriver] [  808] - Test step:10
[INFO ][2015-11-19 11:05:10,364][com.java.SeleniumDriver] [  820] - Datavalue is----------null
[DEBUG][2015-11-19 11:05:10,364][com.java.SeleniumDriver] [  838] - Exception: null
[INFO ][2015-11-19 11:05:10,364][com.java.SeleniumDriver] [  844] - DataField : HDN//a[contains(text(), 'Add Calculation')]
[INFO ][2015-11-19 11:05:10,364][com.java.SeleniumDriver] [  846] - DataValue : 
[INFO ][2015-11-19 11:05:10,364][com.java.SeleniumDriver] [  852] - <In Set values of the page>
[INFO ][2015-11-19 11:05:10,364][com.java.SeleniumDriver] [  855] - {Data Fields & Data Values Exist}
[INFO ][2015-11-19 11:05:10,364][com.java.SeleniumDriver] [  857] - --------------------------setting values-----------------------------
[INFO ][2015-11-19 11:05:10,364][com.java.SeleniumDriver] [  860] - Action Type : click
[INFO ][2015-11-19 11:05:10,364][com.java.TestType] [ 4774] - Field ::HDN//a[contains(text(), 'Add Calculation')]
[INFO ][2015-11-19 11:05:11,985][com.java.SeleniumDriver] [  869] -  RESULT true
[INFO ][2015-11-19 11:05:11,985][com.java.SeleniumDriver] [ 1074] - ?   P A S S   ?
[INFO ][2015-11-19 11:05:11,985][com.java.SeleniumDriver] [  796] - ------------------------------------------
[INFO ][2015-11-19 11:05:11,985][com.java.SeleniumDriver] [  797] - Test case being Executed: 6
[INFO ][2015-11-19 11:05:11,985][com.java.SeleniumDriver] [  808] - Test step:11
[INFO ][2015-11-19 11:05:11,985][com.java.SeleniumDriver] [  820] - Datavalue is----------3
[INFO ][2015-11-19 11:05:11,985][com.java.SeleniumDriver] [  844] - DataField : XPH//label[contains(text(), 'Dashboard Groups:')]
[INFO ][2015-11-19 11:05:11,985][com.java.SeleniumDriver] [  846] - DataValue : 3
[INFO ][2015-11-19 11:05:11,985][com.java.SeleniumDriver] [  852] - <In Set values of the page>
[INFO ][2015-11-19 11:05:11,985][com.java.SeleniumDriver] [  855] - {Data Fields & Data Values Exist}
[INFO ][2015-11-19 11:05:11,985][com.java.SeleniumDriver] [  857] - --------------------------setting values-----------------------------
[INFO ][2015-11-19 11:05:11,985][com.java.SeleniumDriver] [  860] - Action Type : waitforelement
[INFO ][2015-11-19 11:05:12,130][com.java.SeleniumDriver] [  869] -  RESULT true
[INFO ][2015-11-19 11:05:12,130][com.java.SeleniumDriver] [ 1074] - ?   P A S S   ?
[INFO ][2015-11-19 11:05:12,130][com.java.SeleniumDriver] [  796] - ------------------------------------------
[INFO ][2015-11-19 11:05:12,130][com.java.SeleniumDriver] [  797] - Test case being Executed: 6
[INFO ][2015-11-19 11:05:12,130][com.java.SeleniumDriver] [  808] - Test step:12
[INFO ][2015-11-19 11:05:12,130][com.java.SeleniumDriver] [  820] - Datavalue is----------null
[DEBUG][2015-11-19 11:05:12,130][com.java.SeleniumDriver] [  838] - Exception: null
[INFO ][2015-11-19 11:05:12,130][com.java.SeleniumDriver] [  844] - DataField : XPH//button[contains(text(), 'Save')]
[INFO ][2015-11-19 11:05:12,130][com.java.SeleniumDriver] [  846] - DataValue : 
[INFO ][2015-11-19 11:05:12,130][com.java.SeleniumDriver] [  852] - <In Set values of the page>
[INFO ][2015-11-19 11:05:12,130][com.java.SeleniumDriver] [  855] - {Data Fields & Data Values Exist}
[INFO ][2015-11-19 11:05:12,130][com.java.SeleniumDriver] [  857] - --------------------------setting values-----------------------------
[INFO ][2015-11-19 11:05:12,130][com.java.SeleniumDriver] [  860] - Action Type : ISDISABLED
[INFO ][2015-11-19 11:05:12,130][com.java.TestType] [ 6619] - field= XPH//button[contains(text(), 'Save')]
[INFO ][2015-11-19 11:05:12,350][com.java.SeleniumDriver] [  869] -  RESULT true
[INFO ][2015-11-19 11:05:12,350][com.java.SeleniumDriver] [ 1074] - ?   P A S S   ?
[INFO ][2015-11-19 11:05:12,350][com.java.SeleniumDriver] [  796] - ------------------------------------------
[INFO ][2015-11-19 11:05:12,350][com.java.SeleniumDriver] [  797] - Test case being Executed: 6
[INFO ][2015-11-19 11:05:12,350][com.java.SeleniumDriver] [  808] - Test step:13
[INFO ][2015-11-19 11:05:12,350][com.java.SeleniumDriver] [  820] - Datavalue is----------3
[INFO ][2015-11-19 11:05:12,350][com.java.SeleniumDriver] [  844] - DataField : XPH//select[contains(@class,'mber-select form-control')]
[INFO ][2015-11-19 11:05:12,350][com.java.SeleniumDriver] [  846] - DataValue : 3
[INFO ][2015-11-19 11:05:12,350][com.java.SeleniumDriver] [  852] - <In Set values of the page>
[INFO ][2015-11-19 11:05:12,350][com.java.SeleniumDriver] [  855] - {Data Fields & Data Values Exist}
[INFO ][2015-11-19 11:05:12,350][com.java.SeleniumDriver] [  857] - --------------------------setting values-----------------------------
[INFO ][2015-11-19 11:05:12,350][com.java.SeleniumDriver] [  860] - Action Type : waitforelement
[INFO ][2015-11-19 11:05:12,480][com.java.SeleniumDriver] [  869] -  RESULT true
[INFO ][2015-11-19 11:05:12,480][com.java.SeleniumDriver] [ 1074] - ?   P A S S   ?
[INFO ][2015-11-19 11:05:12,480][com.java.SeleniumDriver] [  796] - ------------------------------------------
[INFO ][2015-11-19 11:05:12,480][com.java.SeleniumDriver] [  797] - Test case being Executed: 6
[INFO ][2015-11-19 11:05:12,480][com.java.SeleniumDriver] [  808] - Test step:14
[INFO ][2015-11-19 11:05:12,480][com.java.SeleniumDriver] [  820] - Datavalue is----------null
[DEBUG][2015-11-19 11:05:12,480][com.java.SeleniumDriver] [  838] - Exception: null
[INFO ][2015-11-19 11:05:12,480][com.java.SeleniumDriver] [  844] - DataField : XPH//select[contains(@class,'mber-select form-control')]
[INFO ][2015-11-19 11:05:12,480][com.java.SeleniumDriver] [  846] - DataValue : 
[INFO ][2015-11-19 11:05:12,480][com.java.SeleniumDriver] [  852] - <In Set values of the page>
[INFO ][2015-11-19 11:05:12,480][com.java.SeleniumDriver] [  855] - {Data Fields & Data Values Exist}
[INFO ][2015-11-19 11:05:12,480][com.java.SeleniumDriver] [  857] - --------------------------setting values-----------------------------
[INFO ][2015-11-19 11:05:12,480][com.java.SeleniumDriver] [  860] - Action Type : click
[INFO ][2015-11-19 11:05:12,480][com.java.TestType] [ 4774] - Field ::XPH//select[contains(@class,'mber-select form-control')]
[INFO ][2015-11-19 11:05:13,481][com.java.TestType] [ 4833] - BEFORE CLICK
[INFO ][2015-11-19 11:05:14,681][com.java.TestType] [ 4841] - Unable to click the object dollar value dropdown
[INFO ][2015-11-19 11:05:14,681][com.java.SeleniumDriver] [  869] -  RESULT true
[INFO ][2015-11-19 11:05:14,681][com.java.SeleniumDriver] [ 1074] - ?   P A S S   ?
[INFO ][2015-11-19 11:05:14,681][com.java.SeleniumDriver] [  796] - ------------------------------------------
[INFO ][2015-11-19 11:05:14,681][com.java.SeleniumDriver] [  797] - Test case being Executed: 6
[INFO ][2015-11-19 11:05:14,681][com.java.SeleniumDriver] [  808] - Test step:15
[INFO ][2015-11-19 11:05:14,681][com.java.SeleniumDriver] [  820] - Datavalue is----------3
[INFO ][2015-11-19 11:05:14,681][com.java.SeleniumDriver] [  844] - DataField : XPH//select/option[contains(text(), 'Dollar ($)')]
[INFO ][2015-11-19 11:05:14,681][com.java.SeleniumDriver] [  846] - DataValue : 3
[INFO ][2015-11-19 11:05:14,681][com.java.SeleniumDriver] [  852] - <In Set values of the page>
[INFO ][2015-11-19 11:05:14,681][com.java.SeleniumDriver] [  855] - {Data Fields & Data Values Exist}
[INFO ][2015-11-19 11:05:14,681][com.java.SeleniumDriver] [  857] - --------------------------setting values-----------------------------
[INFO ][2015-11-19 11:05:14,681][com.java.SeleniumDriver] [  860] - Action Type : waitforelement
[INFO ][2015-11-19 11:05:14,712][com.java.SeleniumDriver] [  869] -  RESULT true
[INFO ][2015-11-19 11:05:14,712][com.java.SeleniumDriver] [ 1074] - ?   P A S S   ?
[INFO ][2015-11-19 11:05:14,712][com.java.SeleniumDriver] [  796] - ------------------------------------------
[INFO ][2015-11-19 11:05:14,712][com.java.SeleniumDriver] [  797] - Test case being Executed: 6
[INFO ][2015-11-19 11:05:14,712][com.java.SeleniumDriver] [  808] - Test step:16
[INFO ][2015-11-19 11:05:14,712][com.java.SeleniumDriver] [  820] - Datavalue is----------null
[DEBUG][2015-11-19 11:05:14,712][com.java.SeleniumDriver] [  838] - Exception: null
[INFO ][2015-11-19 11:05:14,712][com.java.SeleniumDriver] [  844] - DataField : XPH//select/option[contains(text(), 'Dollar ($)')]
[INFO ][2015-11-19 11:05:14,712][com.java.SeleniumDriver] [  846] - DataValue : 
[INFO ][2015-11-19 11:05:14,712][com.java.SeleniumDriver] [  852] - <In Set values of the page>
[INFO ][2015-11-19 11:05:14,712][com.java.SeleniumDriver] [  855] - {Data Fields & Data Values Exist}
[INFO ][2015-11-19 11:05:14,712][com.java.SeleniumDriver] [  857] - --------------------------setting values-----------------------------
[INFO ][2015-11-19 11:05:14,712][com.java.SeleniumDriver] [  860] - Action Type : click
[INFO ][2015-11-19 11:05:14,712][com.java.TestType] [ 4774] - Field ::XPH//select/option[contains(text(), 'Dollar ($)')]
[INFO ][2015-11-19 11:05:15,712][com.java.TestType] [ 4833] - BEFORE CLICK
[INFO ][2015-11-19 11:05:16,422][com.java.TestType] [ 4841] - Unable to click the object dollar value dropdown
[INFO ][2015-11-19 11:05:16,422][com.java.SeleniumDriver] [  869] -  RESULT true
[INFO ][2015-11-19 11:05:16,422][com.java.SeleniumDriver] [ 1074] - ?   P A S S   ?
[INFO ][2015-11-19 11:05:16,422][com.java.SeleniumDriver] [  796] - ------------------------------------------
[INFO ][2015-11-19 11:05:16,422][com.java.SeleniumDriver] [  797] - Test case being Executed: 6
[INFO ][2015-11-19 11:05:16,422][com.java.SeleniumDriver] [  808] - Test step:17
[INFO ][2015-11-19 11:05:16,422][com.java.SeleniumDriver] [  820] - Datavalue is----------RNDA_VLTest
[INFO ][2015-11-19 11:05:16,422][com.java.SeleniumDriver] [  844] - DataField : TXT//input[contains(@placeholder, 'Name your Calcu')]
[INFO ][2015-11-19 11:05:16,422][com.java.SeleniumDriver] [  846] - DataValue : RNDA_VLTest
[INFO ][2015-11-19 11:05:16,422][com.java.SeleniumDriver] [  852] - <In Set values of the page>
[INFO ][2015-11-19 11:05:16,422][com.java.SeleniumDriver] [  855] - {Data Fields & Data Values Exist}
[INFO ][2015-11-19 11:05:16,422][com.java.SeleniumDriver] [  857] - --------------------------setting values-----------------------------
[INFO ][2015-11-19 11:05:16,422][com.java.SeleniumDriver] [  860] - Action Type : enter
[INFO ][2015-11-19 11:05:16,422][com.java.TestType] [ 5094] - field = //input[contains(@placeholder, 'Name your Calcu')]
[INFO ][2015-11-19 11:05:16,422][com.java.TestType] [ 4461] - value = A_VLTest58399
[INFO ][2015-11-19 11:05:17,513][com.java.SeleniumDriver] [  869] -  RESULT true
[INFO ][2015-11-19 11:05:17,513][com.java.SeleniumDriver] [ 1074] - ?   P A S S   ?
[INFO ][2015-11-19 11:05:17,513][com.java.SeleniumDriver] [  796] - ------------------------------------------
[INFO ][2015-11-19 11:05:17,513][com.java.SeleniumDriver] [  797] - Test case being Executed: 6
[INFO ][2015-11-19 11:05:17,513][com.java.SeleniumDriver] [  808] - Test step:18
[INFO ][2015-11-19 11:05:17,513][com.java.SeleniumDriver] [  820] - Datavalue is----------Calusing_Keys
[INFO ][2015-11-19 11:05:17,513][com.java.SeleniumDriver] [  844] - DataField : TXT//input[contains(@placeholder, 'Name your Calcu')]
[INFO ][2015-11-19 11:05:17,513][com.java.SeleniumDriver] [  846] - DataValue : Calusing_Keys
[INFO ][2015-11-19 11:05:17,513][com.java.SeleniumDriver] [  852] - <In Set values of the page>
[INFO ][2015-11-19 11:05:17,513][com.java.SeleniumDriver] [  855] - {Data Fields & Data Values Exist}
[INFO ][2015-11-19 11:05:17,513][com.java.SeleniumDriver] [  857] - --------------------------setting values-----------------------------
[INFO ][2015-11-19 11:05:17,513][com.java.SeleniumDriver] [  860] - Action Type : STOREVALUE
[INFO ][2015-11-19 11:05:17,513][com.java.TestType] [ 6694] - field= TXT//input[contains(@placeholder, 'Name your Calcu')]
[DEBUG][2015-11-19 11:05:17,574][com.java.TestType] [ 6708] - Key:: Calusing_Keys  Value:: A_VLTest58399
[INFO ][2015-11-19 11:05:17,574][com.java.SeleniumDriver] [  869] -  RESULT true
[INFO ][2015-11-19 11:05:17,574][com.java.SeleniumDriver] [ 1074] - ?   P A S S   ?
[INFO ][2015-11-19 11:05:17,574][com.java.SeleniumDriver] [  796] - ------------------------------------------
[INFO ][2015-11-19 11:05:17,574][com.java.SeleniumDriver] [  797] - Test case being Executed: 6
[INFO ][2015-11-19 11:05:17,574][com.java.SeleniumDriver] [  808] - Test step:19
[INFO ][2015-11-19 11:05:17,574][com.java.SeleniumDriver] [  820] - Datavalue is----------//div[@id='group-list']/ul/li//a
[INFO ][2015-11-19 11:05:17,574][com.java.SeleniumDriver] [  844] - DataField : BTN
[INFO ][2015-11-19 11:05:17,574][com.java.SeleniumDriver] [  846] - DataValue : //div[@id='group-list']/ul/li//a
[INFO ][2015-11-19 11:05:17,574][com.java.SeleniumDriver] [  852] - <In Set values of the page>
[INFO ][2015-11-19 11:05:17,574][com.java.SeleniumDriver] [  855] - {Data Fields & Data Values Exist}
[INFO ][2015-11-19 11:05:17,574][com.java.SeleniumDriver] [  857] - --------------------------setting values-----------------------------
[INFO ][2015-11-19 11:05:17,574][com.java.SeleniumDriver] [  860] - Action Type : verify
[INFO ][2015-11-19 11:05:17,574][com.java.TestType] [ 5568] - field= BTN value= //div[@id='group-list']/ul/li//a
[INFO ][2015-11-19 11:05:17,574][com.java.TestType] [ 4461] - value = //div[@id='group-list']/ul/li//a
[INFO ][2015-11-19 11:05:17,604][com.java.SeleniumDriver] [  869] -  RESULT true
[INFO ][2015-11-19 11:05:17,604][com.java.SeleniumDriver] [ 1074] - ?   P A S S   ?
[INFO ][2015-11-19 11:05:17,604][com.java.SeleniumDriver] [  796] - ------------------------------------------
[INFO ][2015-11-19 11:05:17,604][com.java.SeleniumDriver] [  797] - Test case being Executed: 6
[INFO ][2015-11-19 11:05:17,604][com.java.SeleniumDriver] [  808] - Test step:20
[INFO ][2015-11-19 11:05:17,604][com.java.SeleniumDriver] [  820] - Datavalue is----------5
[INFO ][2015-11-19 11:05:17,604][com.java.SeleniumDriver] [  844] - DataField : TXT//div[contains(@class, 'input-group btn-')]/input[contains(@class ,'ember-text-field form-')]
[INFO ][2015-11-19 11:05:17,604][com.java.SeleniumDriver] [  846] - DataValue : 5
[INFO ][2015-11-19 11:05:17,604][com.java.SeleniumDriver] [  852] - <In Set values of the page>
[INFO ][2015-11-19 11:05:17,604][com.java.SeleniumDriver] [  855] - {Data Fields & Data Values Exist}
[INFO ][2015-11-19 11:05:17,604][com.java.SeleniumDriver] [  857] - --------------------------setting values-----------------------------
[INFO ][2015-11-19 11:05:17,604][com.java.SeleniumDriver] [  860] - Action Type : enter
[INFO ][2015-11-19 11:05:17,604][com.java.TestType] [ 5094] - field = //div[contains(@class, 'input-group btn-')]/input[contains(@class ,'ember-text-field form-')]
[INFO ][2015-11-19 11:05:17,604][com.java.TestType] [ 4461] - value = 5
[INFO ][2015-11-19 11:05:18,004][com.java.SeleniumDriver] [  869] -  RESULT true
[INFO ][2015-11-19 11:05:18,004][com.java.SeleniumDriver] [ 1074] - ?   P A S S   ?
[INFO ][2015-11-19 11:05:18,004][com.java.SeleniumDriver] [  796] - ------------------------------------------
[INFO ][2015-11-19 11:05:18,004][com.java.SeleniumDriver] [  797] - Test case being Executed: 6
[INFO ][2015-11-19 11:05:18,004][com.java.SeleniumDriver] [  808] - Test step:21
[INFO ][2015-11-19 11:05:18,004][com.java.SeleniumDriver] [  820] - Datavalue is----------5
[INFO ][2015-11-19 11:05:18,004][com.java.SeleniumDriver] [  844] - DataField : XPH//button[text()='Constant']
[INFO ][2015-11-19 11:05:18,004][com.java.SeleniumDriver] [  846] - DataValue : 5
[INFO ][2015-11-19 11:05:18,004][com.java.SeleniumDriver] [  852] - <In Set values of the page>
[INFO ][2015-11-19 11:05:18,004][com.java.SeleniumDriver] [  855] - {Data Fields & Data Values Exist}
[INFO ][2015-11-19 11:05:18,004][com.java.SeleniumDriver] [  857] - --------------------------setting values-----------------------------
[INFO ][2015-11-19 11:05:18,004][com.java.SeleniumDriver] [  860] - Action Type : waitforelement
[INFO ][2015-11-19 11:05:18,044][com.java.SeleniumDriver] [  869] -  RESULT true
[INFO ][2015-11-19 11:05:18,044][com.java.SeleniumDriver] [ 1074] - ?   P A S S   ?
[INFO ][2015-11-19 11:05:18,044][com.java.SeleniumDriver] [  796] - ------------------------------------------
[INFO ][2015-11-19 11:05:18,044][com.java.SeleniumDriver] [  797] - Test case being Executed: 6
[INFO ][2015-11-19 11:05:18,044][com.java.SeleniumDriver] [  808] - Test step:22
[INFO ][2015-11-19 11:05:18,044][com.java.SeleniumDriver] [  820] - Datavalue is----------null
[DEBUG][2015-11-19 11:05:18,044][com.java.SeleniumDriver] [  838] - Exception: null
[INFO ][2015-11-19 11:05:18,044][com.java.SeleniumDriver] [  844] - DataField : XPH//button[text()='Constant']
[INFO ][2015-11-19 11:05:18,044][com.java.SeleniumDriver] [  846] - DataValue : 
[INFO ][2015-11-19 11:05:18,044][com.java.SeleniumDriver] [  852] - <In Set values of the page>
[INFO ][2015-11-19 11:05:18,044][com.java.SeleniumDriver] [  855] - {Data Fields & Data Values Exist}
[INFO ][2015-11-19 11:05:18,044][com.java.SeleniumDriver] [  857] - --------------------------setting values-----------------------------
[INFO ][2015-11-19 11:05:18,044][com.java.SeleniumDriver] [  860] - Action Type : click
[INFO ][2015-11-19 11:05:18,044][com.java.TestType] [ 4774] - Field ::XPH//button[text()='Constant']
[INFO ][2015-11-19 11:05:19,044][com.java.TestType] [ 4833] - BEFORE CLICK
[INFO ][2015-11-19 11:05:19,894][com.java.TestType] [ 4841] - Unable to click the object click on constant
[INFO ][2015-11-19 11:05:19,894][com.java.SeleniumDriver] [  869] -  RESULT true
[INFO ][2015-11-19 11:05:19,894][com.java.SeleniumDriver] [ 1074] - ?   P A S S   ?
[INFO ][2015-11-19 11:05:19,894][com.java.SeleniumDriver] [  796] - ------------------------------------------
[INFO ][2015-11-19 11:05:19,894][com.java.SeleniumDriver] [  797] - Test case being Executed: 6
[INFO ][2015-11-19 11:05:19,894][com.java.SeleniumDriver] [  808] - Test step:23
[INFO ][2015-11-19 11:05:19,894][com.java.SeleniumDriver] [  820] - Datavalue is----------3
[INFO ][2015-11-19 11:05:19,894][com.java.SeleniumDriver] [  844] - DataField : XPH//button[text()='Constant']
[INFO ][2015-11-19 11:05:19,894][com.java.SeleniumDriver] [  846] - DataValue : 3
[INFO ][2015-11-19 11:05:19,894][com.java.SeleniumDriver] [  852] - <In Set values of the page>
[INFO ][2015-11-19 11:05:19,894][com.java.SeleniumDriver] [  855] - {Data Fields & Data Values Exist}
[INFO ][2015-11-19 11:05:19,894][com.java.SeleniumDriver] [  857] - --------------------------setting values-----------------------------
[INFO ][2015-11-19 11:05:19,894][com.java.SeleniumDriver] [  860] - Action Type : waitforelement
[INFO ][2015-11-19 11:05:19,915][com.java.SeleniumDriver] [  869] -  RESULT true
[INFO ][2015-11-19 11:05:19,915][com.java.SeleniumDriver] [ 1074] - ?   P A S S   ?
[INFO ][2015-11-19 11:05:19,915][com.java.SeleniumDriver] [  796] - ------------------------------------------
[INFO ][2015-11-19 11:05:19,915][com.java.SeleniumDriver] [  797] - Test case being Executed: 6
[INFO ][2015-11-19 11:05:19,915][com.java.SeleniumDriver] [  808] - Test step:24
[INFO ][2015-11-19 11:05:19,915][com.java.SeleniumDriver] [  820] - Datavalue is----------null
[DEBUG][2015-11-19 11:05:19,915][com.java.SeleniumDriver] [  838] - Exception: null
[INFO ][2015-11-19 11:05:19,915][com.java.SeleniumDriver] [  844] - DataField : XPH//button[text()='+']
[INFO ][2015-11-19 11:05:19,915][com.java.SeleniumDriver] [  846] - DataValue : 
[INFO ][2015-11-19 11:05:19,915][com.java.SeleniumDriver] [  852] - <In Set values of the page>
[INFO ][2015-11-19 11:05:19,915][com.java.SeleniumDriver] [  855] - {Data Fields & Data Values Exist}
[INFO ][2015-11-19 11:05:19,915][com.java.SeleniumDriver] [  857] - --------------------------setting values-----------------------------
[INFO ][2015-11-19 11:05:19,915][com.java.SeleniumDriver] [  860] - Action Type : click
[INFO ][2015-11-19 11:05:19,915][com.java.TestType] [ 4774] - Field ::XPH//button[text()='+']
[INFO ][2015-11-19 11:05:20,915][com.java.TestType] [ 4833] - BEFORE CLICK
[INFO ][2015-11-19 11:05:21,665][com.java.TestType] [ 4841] - Unable to click the object enter operator
[INFO ][2015-11-19 11:05:21,665][com.java.SeleniumDriver] [  869] -  RESULT true
[INFO ][2015-11-19 11:05:21,665][com.java.SeleniumDriver] [ 1074] - ?   P A S S   ?
[INFO ][2015-11-19 11:05:21,665][com.java.SeleniumDriver] [  796] - ------------------------------------------
[INFO ][2015-11-19 11:05:21,665][com.java.SeleniumDriver] [  797] - Test case being Executed: 6
[INFO ][2015-11-19 11:05:21,665][com.java.SeleniumDriver] [  808] - Test step:25
[INFO ][2015-11-19 11:05:21,665][com.java.SeleniumDriver] [  820] - Datavalue is----------5
[INFO ][2015-11-19 11:05:21,665][com.java.SeleniumDriver] [  844] - DataField : TXT//div[contains(@class, 'input-group btn-')]/input[contains(@class ,'ember-text-field form-')]
[INFO ][2015-11-19 11:05:21,665][com.java.SeleniumDriver] [  846] - DataValue : 5
[INFO ][2015-11-19 11:05:21,665][com.java.SeleniumDriver] [  852] - <In Set values of the page>
[INFO ][2015-11-19 11:05:21,665][com.java.SeleniumDriver] [  855] - {Data Fields & Data Values Exist}
[INFO ][2015-11-19 11:05:21,665][com.java.SeleniumDriver] [  857] - --------------------------setting values-----------------------------
[INFO ][2015-11-19 11:05:21,665][com.java.SeleniumDriver] [  860] - Action Type : enter
[INFO ][2015-11-19 11:05:21,665][com.java.TestType] [ 5094] - field = //div[contains(@class, 'input-group btn-')]/input[contains(@class ,'ember-text-field form-')]
[INFO ][2015-11-19 11:05:21,665][com.java.TestType] [ 4461] - value = 5
[INFO ][2015-11-19 11:05:22,026][com.java.SeleniumDriver] [  869] -  RESULT true
[INFO ][2015-11-19 11:05:22,026][com.java.SeleniumDriver] [ 1074] - ?   P A S S   ?
[INFO ][2015-11-19 11:05:22,026][com.java.SeleniumDriver] [  796] - ------------------------------------------
[INFO ][2015-11-19 11:05:22,026][com.java.SeleniumDriver] [  797] - Test case being Executed: 6
[INFO ][2015-11-19 11:05:22,026][com.java.SeleniumDriver] [  808] - Test step:26
[INFO ][2015-11-19 11:05:22,026][com.java.SeleniumDriver] [  820] - Datavalue is----------3
[INFO ][2015-11-19 11:05:22,026][com.java.SeleniumDriver] [  844] - DataField : XPH//button[text()='Constant']
[INFO ][2015-11-19 11:05:22,026][com.java.SeleniumDriver] [  846] - DataValue : 3
[INFO ][2015-11-19 11:05:22,026][com.java.SeleniumDriver] [  852] - <In Set values of the page>
[INFO ][2015-11-19 11:05:22,026][com.java.SeleniumDriver] [  855] - {Data Fields & Data Values Exist}
[INFO ][2015-11-19 11:05:22,026][com.java.SeleniumDriver] [  857] - --------------------------setting values-----------------------------
[INFO ][2015-11-19 11:05:22,026][com.java.SeleniumDriver] [  860] - Action Type : waitforelement
[INFO ][2015-11-19 11:05:22,056][com.java.SeleniumDriver] [  869] -  RESULT true
[INFO ][2015-11-19 11:05:22,056][com.java.SeleniumDriver] [ 1074] - ?   P A S S   ?
[INFO ][2015-11-19 11:05:22,056][com.java.SeleniumDriver] [  796] - ------------------------------------------
[INFO ][2015-11-19 11:05:22,056][com.java.SeleniumDriver] [  797] - Test case being Executed: 6
[INFO ][2015-11-19 11:05:22,056][com.java.SeleniumDriver] [  808] - Test step:27
[INFO ][2015-11-19 11:05:22,056][com.java.SeleniumDriver] [  820] - Datavalue is----------null
[DEBUG][2015-11-19 11:05:22,056][com.java.SeleniumDriver] [  838] - Exception: null
[INFO ][2015-11-19 11:05:22,056][com.java.SeleniumDriver] [  844] - DataField : XPH//button[text()='Constant']
[INFO ][2015-11-19 11:05:22,056][com.java.SeleniumDriver] [  846] - DataValue : 
[INFO ][2015-11-19 11:05:22,056][com.java.SeleniumDriver] [  852] - <In Set values of the page>
[INFO ][2015-11-19 11:05:22,056][com.java.SeleniumDriver] [  855] - {Data Fields & Data Values Exist}
[INFO ][2015-11-19 11:05:22,056][com.java.SeleniumDriver] [  857] - --------------------------setting values-----------------------------
[INFO ][2015-11-19 11:05:22,056][com.java.SeleniumDriver] [  860] - Action Type : click
[INFO ][2015-11-19 11:05:22,056][com.java.TestType] [ 4774] - Field ::XPH//button[text()='Constant']
[INFO ][2015-11-19 11:05:23,056][com.java.TestType] [ 4833] - BEFORE CLICK
[INFO ][2015-11-19 11:05:23,826][com.java.TestType] [ 4841] - Unable to click the object click constant
[INFO ][2015-11-19 11:05:23,826][com.java.SeleniumDriver] [  869] -  RESULT true
[INFO ][2015-11-19 11:05:23,826][com.java.SeleniumDriver] [ 1074] - ?   P A S S   ?
[INFO ][2015-11-19 11:05:23,826][com.java.SeleniumDriver] [  796] - ------------------------------------------
[INFO ][2015-11-19 11:05:23,826][com.java.SeleniumDriver] [  797] - Test case being Executed: 6
[INFO ][2015-11-19 11:05:23,826][com.java.SeleniumDriver] [  808] - Test step:28
[INFO ][2015-11-19 11:05:23,826][com.java.SeleniumDriver] [  820] - Datavalue is----------3
[INFO ][2015-11-19 11:05:23,826][com.java.SeleniumDriver] [  844] - DataField : XPH//button[text()='-']
[INFO ][2015-11-19 11:05:23,826][com.java.SeleniumDriver] [  846] - DataValue : 3
[INFO ][2015-11-19 11:05:23,826][com.java.SeleniumDriver] [  852] - <In Set values of the page>
[INFO ][2015-11-19 11:05:23,826][com.java.SeleniumDriver] [  855] - {Data Fields & Data Values Exist}
[INFO ][2015-11-19 11:05:23,826][com.java.SeleniumDriver] [  857] - --------------------------setting values-----------------------------
[INFO ][2015-11-19 11:05:23,826][com.java.SeleniumDriver] [  860] - Action Type : waitforelement
[INFO ][2015-11-19 11:05:23,838][com.java.SeleniumDriver] [  869] -  RESULT true
[INFO ][2015-11-19 11:05:23,838][com.java.SeleniumDriver] [ 1074] - ?   P A S S   ?
[INFO ][2015-11-19 11:05:23,838][com.java.SeleniumDriver] [  796] - ------------------------------------------
[INFO ][2015-11-19 11:05:23,838][com.java.SeleniumDriver] [  797] - Test case being Executed: 6
[INFO ][2015-11-19 11:05:23,838][com.java.SeleniumDriver] [  808] - Test step:29
[INFO ][2015-11-19 11:05:23,838][com.java.SeleniumDriver] [  820] - Datavalue is----------null
[DEBUG][2015-11-19 11:05:23,848][com.java.SeleniumDriver] [  838] - Exception: null
[INFO ][2015-11-19 11:05:23,848][com.java.SeleniumDriver] [  844] - DataField : XPH//button[text()='-']
[INFO ][2015-11-19 11:05:23,848][com.java.SeleniumDriver] [  846] - DataValue : 
[INFO ][2015-11-19 11:05:23,848][com.java.SeleniumDriver] [  852] - <In Set values of the page>
[INFO ][2015-11-19 11:05:23,848][com.java.SeleniumDriver] [  855] - {Data Fields & Data Values Exist}
[INFO ][2015-11-19 11:05:23,848][com.java.SeleniumDriver] [  857] - --------------------------setting values-----------------------------
[INFO ][2015-11-19 11:05:23,848][com.java.SeleniumDriver] [  860] - Action Type : click
[INFO ][2015-11-19 11:05:23,848][com.java.TestType] [ 4774] - Field ::XPH//button[text()='-']
[INFO ][2015-11-19 11:05:24,848][com.java.TestType] [ 4833] - BEFORE CLICK
[INFO ][2015-11-19 11:05:25,599][com.java.TestType] [ 4841] - Unable to click the object enter operator
[INFO ][2015-11-19 11:05:25,599][com.java.SeleniumDriver] [  869] -  RESULT true
[INFO ][2015-11-19 11:05:25,599][com.java.SeleniumDriver] [ 1074] - ?   P A S S   ?
[INFO ][2015-11-19 11:05:25,599][com.java.SeleniumDriver] [  796] - ------------------------------------------
[INFO ][2015-11-19 11:05:25,599][com.java.SeleniumDriver] [  797] - Test case being Executed: 6
[INFO ][2015-11-19 11:05:25,599][com.java.SeleniumDriver] [  808] - Test step:30
[INFO ][2015-11-19 11:05:25,599][com.java.SeleniumDriver] [  820] - Datavalue is----------3
[INFO ][2015-11-19 11:05:25,599][com.java.SeleniumDriver] [  844] - DataField : XPH//div[contains(@class, 'input-group btn-')]/input[contains(@class ,'ember-text-field form-')]
[INFO ][2015-11-19 11:05:25,599][com.java.SeleniumDriver] [  846] - DataValue : 3
[INFO ][2015-11-19 11:05:25,599][com.java.SeleniumDriver] [  852] - <In Set values of the page>
[INFO ][2015-11-19 11:05:25,599][com.java.SeleniumDriver] [  855] - {Data Fields & Data Values Exist}
[INFO ][2015-11-19 11:05:25,599][com.java.SeleniumDriver] [  857] - --------------------------setting values-----------------------------
[INFO ][2015-11-19 11:05:25,599][com.java.SeleniumDriver] [  860] - Action Type : waitforelement
[INFO ][2015-11-19 11:05:25,620][com.java.SeleniumDriver] [  869] -  RESULT true
[INFO ][2015-11-19 11:05:25,620][com.java.SeleniumDriver] [ 1074] - ?   P A S S   ?
[INFO ][2015-11-19 11:05:25,620][com.java.SeleniumDriver] [  796] - ------------------------------------------
[INFO ][2015-11-19 11:05:25,620][com.java.SeleniumDriver] [  797] - Test case being Executed: 6
[INFO ][2015-11-19 11:05:25,620][com.java.SeleniumDriver] [  808] - Test step:31
[INFO ][2015-11-19 11:05:25,620][com.java.SeleniumDriver] [  820] - Datavalue is----------5
[INFO ][2015-11-19 11:05:25,620][com.java.SeleniumDriver] [  844] - DataField : TXT//div[contains(@class, 'input-group btn-')]/input[contains(@class ,'ember-text-field form-')]
[INFO ][2015-11-19 11:05:25,620][com.java.SeleniumDriver] [  846] - DataValue : 5
[INFO ][2015-11-19 11:05:25,620][com.java.SeleniumDriver] [  852] - <In Set values of the page>
[INFO ][2015-11-19 11:05:25,620][com.java.SeleniumDriver] [  855] - {Data Fields & Data Values Exist}
[INFO ][2015-11-19 11:05:25,620][com.java.SeleniumDriver] [  857] - --------------------------setting values-----------------------------
[INFO ][2015-11-19 11:05:25,620][com.java.SeleniumDriver] [  860] - Action Type : enter
[INFO ][2015-11-19 11:05:25,620][com.java.TestType] [ 5094] - field = //div[contains(@class, 'input-group btn-')]/input[contains(@class ,'ember-text-field form-')]
[INFO ][2015-11-19 11:05:25,620][com.java.TestType] [ 4461] - value = 5
[INFO ][2015-11-19 11:05:25,990][com.java.SeleniumDriver] [  869] -  RESULT true
[INFO ][2015-11-19 11:05:25,990][com.java.SeleniumDriver] [ 1074] - ?   P A S S   ?
[INFO ][2015-11-19 11:05:25,990][com.java.SeleniumDriver] [  796] - ------------------------------------------
[INFO ][2015-11-19 11:05:25,990][com.java.SeleniumDriver] [  797] - Test case being Executed: 6
[INFO ][2015-11-19 11:05:25,990][com.java.SeleniumDriver] [  808] - Test step:32
[INFO ][2015-11-19 11:05:25,990][com.java.SeleniumDriver] [  820] - Datavalue is----------3
[INFO ][2015-11-19 11:05:25,990][com.java.SeleniumDriver] [  844] - DataField : XPH//button[text()='Constant']
[INFO ][2015-11-19 11:05:25,990][com.java.SeleniumDriver] [  846] - DataValue : 3
[INFO ][2015-11-19 11:05:25,990][com.java.SeleniumDriver] [  852] - <In Set values of the page>
[INFO ][2015-11-19 11:05:25,990][com.java.SeleniumDriver] [  855] - {Data Fields & Data Values Exist}
[INFO ][2015-11-19 11:05:25,990][com.java.SeleniumDriver] [  857] - --------------------------setting values-----------------------------
[INFO ][2015-11-19 11:05:25,990][com.java.SeleniumDriver] [  860] - Action Type : waitforelement
[INFO ][2015-11-19 11:05:26,010][com.java.SeleniumDriver] [  869] -  RESULT true
[INFO ][2015-11-19 11:05:26,010][com.java.SeleniumDriver] [ 1074] - ?   P A S S   ?
[INFO ][2015-11-19 11:05:26,010][com.java.SeleniumDriver] [  796] - ------------------------------------------
[INFO ][2015-11-19 11:05:26,010][com.java.SeleniumDriver] [  797] - Test case being Executed: 6
[INFO ][2015-11-19 11:05:26,010][com.java.SeleniumDriver] [  808] - Test step:33
[INFO ][2015-11-19 11:05:26,010][com.java.SeleniumDriver] [  820] - Datavalue is----------null
[DEBUG][2015-11-19 11:05:26,010][com.java.SeleniumDriver] [  838] - Exception: null
[INFO ][2015-11-19 11:05:26,010][com.java.SeleniumDriver] [  844] - DataField : XPH//button[text()='Constant']
[INFO ][2015-11-19 11:05:26,010][com.java.SeleniumDriver] [  846] - DataValue : 
[INFO ][2015-11-19 11:05:26,010][com.java.SeleniumDriver] [  852] - <In Set values of the page>
[INFO ][2015-11-19 11:05:26,010][com.java.SeleniumDriver] [  855] - {Data Fields & Data Values Exist}
[INFO ][2015-11-19 11:05:26,010][com.java.SeleniumDriver] [  857] - --------------------------setting values-----------------------------
[INFO ][2015-11-19 11:05:26,010][com.java.SeleniumDriver] [  860] - Action Type : click
[INFO ][2015-11-19 11:05:26,010][com.java.TestType] [ 4774] - Field ::XPH//button[text()='Constant']
[INFO ][2015-11-19 11:05:27,010][com.java.TestType] [ 4833] - BEFORE CLICK
[INFO ][2015-11-19 11:05:27,750][com.java.TestType] [ 4841] - Unable to click the object click constant
[INFO ][2015-11-19 11:05:27,750][com.java.SeleniumDriver] [  869] -  RESULT true
[INFO ][2015-11-19 11:05:27,750][com.java.SeleniumDriver] [ 1074] - ?   P A S S   ?
[INFO ][2015-11-19 11:05:27,750][com.java.SeleniumDriver] [  796] - ------------------------------------------
[INFO ][2015-11-19 11:05:27,750][com.java.SeleniumDriver] [  797] - Test case being Executed: 6
[INFO ][2015-11-19 11:05:27,750][com.java.SeleniumDriver] [  808] - Test step:34
[INFO ][2015-11-19 11:05:27,750][com.java.SeleniumDriver] [  820] - Datavalue is----------3
[INFO ][2015-11-19 11:05:27,750][com.java.SeleniumDriver] [  844] - DataField : XPH//button[contains(text(), 'Save')]
[INFO ][2015-11-19 11:05:27,750][com.java.SeleniumDriver] [  846] - DataValue : 3
[INFO ][2015-11-19 11:05:27,750][com.java.SeleniumDriver] [  852] - <In Set values of the page>
[INFO ][2015-11-19 11:05:27,750][com.java.SeleniumDriver] [  855] - {Data Fields & Data Values Exist}
[INFO ][2015-11-19 11:05:27,750][com.java.SeleniumDriver] [  857] - --------------------------setting values-----------------------------
[INFO ][2015-11-19 11:05:27,750][com.java.SeleniumDriver] [  860] - Action Type : waitforelement
[INFO ][2015-11-19 11:05:27,771][com.java.SeleniumDriver] [  869] -  RESULT true
[INFO ][2015-11-19 11:05:27,771][com.java.SeleniumDriver] [ 1074] - ?   P A S S   ?
[INFO ][2015-11-19 11:05:27,771][com.java.SeleniumDriver] [  796] - ------------------------------------------
[INFO ][2015-11-19 11:05:27,771][com.java.SeleniumDriver] [  797] - Test case being Executed: 6
[INFO ][2015-11-19 11:05:27,771][com.java.SeleniumDriver] [  808] - Test step:35
[INFO ][2015-11-19 11:05:27,771][com.java.SeleniumDriver] [  820] - Datavalue is----------null
[DEBUG][2015-11-19 11:05:27,771][com.java.SeleniumDriver] [  838] - Exception: null
[INFO ][2015-11-19 11:05:27,771][com.java.SeleniumDriver] [  844] - DataField : XPH//button[contains(text(), 'Save')]
[INFO ][2015-11-19 11:05:27,771][com.java.SeleniumDriver] [  846] - DataValue : 
[INFO ][2015-11-19 11:05:27,771][com.java.SeleniumDriver] [  852] - <In Set values of the page>
[INFO ][2015-11-19 11:05:27,771][com.java.SeleniumDriver] [  855] - {Data Fields & Data Values Exist}
[INFO ][2015-11-19 11:05:27,771][com.java.SeleniumDriver] [  857] - --------------------------setting values-----------------------------
[INFO ][2015-11-19 11:05:27,771][com.java.SeleniumDriver] [  860] - Action Type : ISENABLED
[INFO ][2015-11-19 11:05:27,771][com.java.TestType] [ 6655] - field= XPH//button[contains(text(), 'Save')]
[INFO ][2015-11-19 11:05:27,831][com.java.SeleniumDriver] [  869] -  RESULT true
[INFO ][2015-11-19 11:05:27,831][com.java.SeleniumDriver] [ 1074] - ?   P A S S   ?
[INFO ][2015-11-19 11:05:27,831][com.java.SeleniumDriver] [  796] - ------------------------------------------
[INFO ][2015-11-19 11:05:27,831][com.java.SeleniumDriver] [  797] - Test case being Executed: 6
[INFO ][2015-11-19 11:05:27,831][com.java.SeleniumDriver] [  808] - Test step:36
[INFO ][2015-11-19 11:05:27,831][com.java.SeleniumDriver] [  820] - Datavalue is----------null
[DEBUG][2015-11-19 11:05:27,831][com.java.SeleniumDriver] [  838] - Exception: null
[INFO ][2015-11-19 11:05:27,831][com.java.SeleniumDriver] [  844] - DataField : XPH//button[contains(text(), 'Save')]
[INFO ][2015-11-19 11:05:27,831][com.java.SeleniumDriver] [  846] - DataValue : 
[INFO ][2015-11-19 11:05:27,831][com.java.SeleniumDriver] [  852] - <In Set values of the page>
[INFO ][2015-11-19 11:05:27,831][com.java.SeleniumDriver] [  855] - {Data Fields & Data Values Exist}
[INFO ][2015-11-19 11:05:27,831][com.java.SeleniumDriver] [  857] - --------------------------setting values-----------------------------
[INFO ][2015-11-19 11:05:27,831][com.java.SeleniumDriver] [  860] - Action Type : click
[INFO ][2015-11-19 11:05:27,831][com.java.TestType] [ 4774] - Field ::XPH//button[contains(text(), 'Save')]
[INFO ][2015-11-19 11:05:28,831][com.java.TestType] [ 4833] - BEFORE CLICK
[INFO ][2015-11-19 11:05:29,611][com.java.TestType] [ 4841] - Unable to click the object save button
[INFO ][2015-11-19 11:05:29,611][com.java.SeleniumDriver] [  869] -  RESULT true
[INFO ][2015-11-19 11:05:29,611][com.java.SeleniumDriver] [ 1074] - ?   P A S S   ?
[INFO ][2015-11-19 11:05:29,611][com.java.SeleniumDriver] [  796] - ------------------------------------------
[INFO ][2015-11-19 11:05:29,611][com.java.SeleniumDriver] [  797] - Test case being Executed: 6
[INFO ][2015-11-19 11:05:29,611][com.java.SeleniumDriver] [  808] - Test step:37
[INFO ][2015-11-19 11:05:29,611][com.java.SeleniumDriver] [  820] - Datavalue is----------3
[INFO ][2015-11-19 11:05:29,611][com.java.SeleniumDriver] [  844] - DataField : XPH//a[contains(text(), 'Add Calculation')]
[INFO ][2015-11-19 11:05:29,611][com.java.SeleniumDriver] [  846] - DataValue : 3
[INFO ][2015-11-19 11:05:29,611][com.java.SeleniumDriver] [  852] - <In Set values of the page>
[INFO ][2015-11-19 11:05:29,611][com.java.SeleniumDriver] [  855] - {Data Fields & Data Values Exist}
[INFO ][2015-11-19 11:05:29,611][com.java.SeleniumDriver] [  857] - --------------------------setting values-----------------------------
[INFO ][2015-11-19 11:05:29,611][com.java.SeleniumDriver] [  860] - Action Type : waitforelement
[INFO ][2015-11-19 11:05:30,697][com.java.SeleniumDriver] [  869] -  RESULT true
[INFO ][2015-11-19 11:05:30,697][com.java.SeleniumDriver] [ 1074] - ?   P A S S   ?
[INFO ][2015-11-19 11:05:30,697][com.java.SeleniumDriver] [  796] - ------------------------------------------
[INFO ][2015-11-19 11:05:30,697][com.java.SeleniumDriver] [  797] - Test case being Executed: 6
[INFO ][2015-11-19 11:05:30,697][com.java.SeleniumDriver] [  808] - Test step:38
[INFO ][2015-11-19 11:05:30,697][com.java.SeleniumDriver] [  820] - Datavalue is----------HMVCalusing_Keys
[INFO ][2015-11-19 11:05:30,697][com.java.SeleniumDriver] [  844] - DataField : MSG
[INFO ][2015-11-19 11:05:30,697][com.java.SeleniumDriver] [  846] - DataValue : HMVCalusing_Keys
[INFO ][2015-11-19 11:05:30,697][com.java.SeleniumDriver] [  852] - <In Set values of the page>
[INFO ][2015-11-19 11:05:30,697][com.java.SeleniumDriver] [  855] - {Data Fields & Data Values Exist}
[INFO ][2015-11-19 11:05:30,697][com.java.SeleniumDriver] [  857] - --------------------------setting values-----------------------------
[INFO ][2015-11-19 11:05:30,697][com.java.SeleniumDriver] [  860] - Action Type : verify
[INFO ][2015-11-19 11:05:30,697][com.java.TestType] [ 5568] - field= MSG value= HMVCalusing_Keys
[INFO ][2015-11-19 11:05:30,697][com.java.TestType] [ 4461] - value = A_VLTest58399
[DEBUG][2015-11-19 11:05:30,697][com.java.TestType] [ 6337] - value :: A_VLTest58399
[INFO ][2015-11-19 11:05:30,698][com.java.SeleniumDriver] [  869] -  RESULT true
[INFO ][2015-11-19 11:05:30,698][com.java.SeleniumDriver] [ 1074] - ?   P A S S   ?
[INFO ][2015-11-19 11:05:30,698][com.java.SeleniumDriver] [  796] - ------------------------------------------
[INFO ][2015-11-19 11:05:30,698][com.java.SeleniumDriver] [  797] - Test case being Executed: 6
[INFO ][2015-11-19 11:05:30,698][com.java.SeleniumDriver] [  808] - Test step:39
[INFO ][2015-11-19 11:05:30,698][com.java.SeleniumDriver] [  820] - Datavalue is----------null
[DEBUG][2015-11-19 11:05:30,698][com.java.SeleniumDriver] [  838] - Exception: null
[INFO ][2015-11-19 11:05:30,698][com.java.SeleniumDriver] [  844] - DataField : HDN//a[contains(text(), 'Add Calculation')]
[INFO ][2015-11-19 11:05:30,698][com.java.SeleniumDriver] [  846] - DataValue : 
[INFO ][2015-11-19 11:05:30,698][com.java.SeleniumDriver] [  852] - <In Set values of the page>
[INFO ][2015-11-19 11:05:30,698][com.java.SeleniumDriver] [  855] - {Data Fields & Data Values Exist}
[INFO ][2015-11-19 11:05:30,698][com.java.SeleniumDriver] [  857] - --------------------------setting values-----------------------------
[INFO ][2015-11-19 11:05:30,698][com.java.SeleniumDriver] [  860] - Action Type : click
[INFO ][2015-11-19 11:05:30,698][com.java.TestType] [ 4774] - Field ::HDN//a[contains(text(), 'Add Calculation')]
[INFO ][2015-11-19 11:05:31,819][com.java.SeleniumDriver] [  869] -  RESULT true
[INFO ][2015-11-19 11:05:31,819][com.java.SeleniumDriver] [ 1074] - ?   P A S S   ?
[INFO ][2015-11-19 11:05:31,819][com.java.SeleniumDriver] [  796] - ------------------------------------------
[INFO ][2015-11-19 11:05:31,819][com.java.SeleniumDriver] [  797] - Test case being Executed: 6
[INFO ][2015-11-19 11:05:31,819][com.java.SeleniumDriver] [  808] - Test step:40
[INFO ][2015-11-19 11:05:31,819][com.java.SeleniumDriver] [  820] - Datavalue is----------3
[INFO ][2015-11-19 11:05:31,819][com.java.SeleniumDriver] [  844] - DataField : XPH//label[contains(text(), 'Dashboard Groups:')]
[INFO ][2015-11-19 11:05:31,819][com.java.SeleniumDriver] [  846] - DataValue : 3
[INFO ][2015-11-19 11:05:31,819][com.java.SeleniumDriver] [  852] - <In Set values of the page>
[INFO ][2015-11-19 11:05:31,819][com.java.SeleniumDriver] [  855] - {Data Fields & Data Values Exist}
[INFO ][2015-11-19 11:05:31,819][com.java.SeleniumDriver] [  857] - --------------------------setting values-----------------------------
[INFO ][2015-11-19 11:05:31,819][com.java.SeleniumDriver] [  860] - Action Type : waitforelement
[INFO ][2015-11-19 11:05:31,849][com.java.SeleniumDriver] [  869] -  RESULT true
[INFO ][2015-11-19 11:05:31,849][com.java.SeleniumDriver] [ 1074] - ?   P A S S   ?
[INFO ][2015-11-19 11:05:31,849][com.java.SeleniumDriver] [  796] - ------------------------------------------
[INFO ][2015-11-19 11:05:31,849][com.java.SeleniumDriver] [  797] - Test case being Executed: 6
[INFO ][2015-11-19 11:05:31,849][com.java.SeleniumDriver] [  808] - Test step:41
[INFO ][2015-11-19 11:05:31,849][com.java.SeleniumDriver] [  820] - Datavalue is----------null
[DEBUG][2015-11-19 11:05:31,849][com.java.SeleniumDriver] [  838] - Exception: null
[INFO ][2015-11-19 11:05:31,849][com.java.SeleniumDriver] [  844] - DataField : XPH//button[contains(text(), 'Save')]
[INFO ][2015-11-19 11:05:31,849][com.java.SeleniumDriver] [  846] - DataValue : 
[INFO ][2015-11-19 11:05:31,849][com.java.SeleniumDriver] [  852] - <In Set values of the page>
[INFO ][2015-11-19 11:05:31,849][com.java.SeleniumDriver] [  855] - {Data Fields & Data Values Exist}
[INFO ][2015-11-19 11:05:31,849][com.java.SeleniumDriver] [  857] - --------------------------setting values-----------------------------
[INFO ][2015-11-19 11:05:31,849][com.java.SeleniumDriver] [  860] - Action Type : ISDISABLED
[INFO ][2015-11-19 11:05:31,849][com.java.TestType] [ 6619] - field= XPH//button[contains(text(), 'Save')]
[INFO ][2015-11-19 11:05:31,919][com.java.SeleniumDriver] [  869] -  RESULT true
[INFO ][2015-11-19 11:05:31,919][com.java.SeleniumDriver] [ 1074] - ?   P A S S   ?
[INFO ][2015-11-19 11:05:31,919][com.java.SeleniumDriver] [  796] - ------------------------------------------
[INFO ][2015-11-19 11:05:31,919][com.java.SeleniumDriver] [  797] - Test case being Executed: 6
[INFO ][2015-11-19 11:05:31,919][com.java.SeleniumDriver] [  808] - Test step:42
[INFO ][2015-11-19 11:05:31,919][com.java.SeleniumDriver] [  820] - Datavalue is----------3
[INFO ][2015-11-19 11:05:31,919][com.java.SeleniumDriver] [  844] - DataField : XPH//select[contains(@class,'mber-select form-control')]
[INFO ][2015-11-19 11:05:31,919][com.java.SeleniumDriver] [  846] - DataValue : 3
[INFO ][2015-11-19 11:05:31,919][com.java.SeleniumDriver] [  852] - <In Set values of the page>
[INFO ][2015-11-19 11:05:31,919][com.java.SeleniumDriver] [  855] - {Data Fields & Data Values Exist}
[INFO ][2015-11-19 11:05:31,919][com.java.SeleniumDriver] [  857] - --------------------------setting values-----------------------------
[INFO ][2015-11-19 11:05:31,919][com.java.SeleniumDriver] [  860] - Action Type : waitforelement
[INFO ][2015-11-19 11:05:31,949][com.java.SeleniumDriver] [  869] -  RESULT true
[INFO ][2015-11-19 11:05:31,949][com.java.SeleniumDriver] [ 1074] - ?   P A S S   ?
[INFO ][2015-11-19 11:05:31,949][com.java.SeleniumDriver] [  796] - ------------------------------------------
[INFO ][2015-11-19 11:05:31,949][com.java.SeleniumDriver] [  797] - Test case being Executed: 6
[INFO ][2015-11-19 11:05:31,949][com.java.SeleniumDriver] [  808] - Test step:43
[INFO ][2015-11-19 11:05:31,949][com.java.SeleniumDriver] [  820] - Datavalue is----------null
[DEBUG][2015-11-19 11:05:31,949][com.java.SeleniumDriver] [  838] - Exception: null
[INFO ][2015-11-19 11:05:31,949][com.java.SeleniumDriver] [  844] - DataField : XPH//select[contains(@class,'mber-select form-control')]
[INFO ][2015-11-19 11:05:31,949][com.java.SeleniumDriver] [  846] - DataValue : 
[INFO ][2015-11-19 11:05:31,949][com.java.SeleniumDriver] [  852] - <In Set values of the page>
[INFO ][2015-11-19 11:05:31,949][com.java.SeleniumDriver] [  855] - {Data Fields & Data Values Exist}
[INFO ][2015-11-19 11:05:31,949][com.java.SeleniumDriver] [  857] - --------------------------setting values-----------------------------
[INFO ][2015-11-19 11:05:31,949][com.java.SeleniumDriver] [  860] - Action Type : click
[INFO ][2015-11-19 11:05:31,949][com.java.TestType] [ 4774] - Field ::XPH//select[contains(@class,'mber-select form-control')]
[INFO ][2015-11-19 11:05:32,958][com.java.TestType] [ 4833] - BEFORE CLICK
[INFO ][2015-11-19 11:05:33,728][com.java.TestType] [ 4841] - Unable to click the object dollar value dropdown
[INFO ][2015-11-19 11:05:33,728][com.java.SeleniumDriver] [  869] -  RESULT true
[INFO ][2015-11-19 11:05:33,728][com.java.SeleniumDriver] [ 1074] - ?   P A S S   ?
[INFO ][2015-11-19 11:05:33,728][com.java.SeleniumDriver] [  796] - ------------------------------------------
[INFO ][2015-11-19 11:05:33,728][com.java.SeleniumDriver] [  797] - Test case being Executed: 6
[INFO ][2015-11-19 11:05:33,728][com.java.SeleniumDriver] [  808] - Test step:44
[INFO ][2015-11-19 11:05:33,728][com.java.SeleniumDriver] [  820] - Datavalue is----------3
[INFO ][2015-11-19 11:05:33,728][com.java.SeleniumDriver] [  844] - DataField : XPH//select/option[contains(text(), 'Dollar ($)')]
[INFO ][2015-11-19 11:05:33,728][com.java.SeleniumDriver] [  846] - DataValue : 3
[INFO ][2015-11-19 11:05:33,728][com.java.SeleniumDriver] [  852] - <In Set values of the page>
[INFO ][2015-11-19 11:05:33,728][com.java.SeleniumDriver] [  855] - {Data Fields & Data Values Exist}
[INFO ][2015-11-19 11:05:33,728][com.java.SeleniumDriver] [  857] - --------------------------setting values-----------------------------
[INFO ][2015-11-19 11:05:33,728][com.java.SeleniumDriver] [  860] - Action Type : waitforelement
[INFO ][2015-11-19 11:05:33,740][com.java.SeleniumDriver] [  869] -  RESULT true
[INFO ][2015-11-19 11:05:33,740][com.java.SeleniumDriver] [ 1074] - ?   P A S S   ?
[INFO ][2015-11-19 11:05:33,740][com.java.SeleniumDriver] [  796] - ------------------------------------------
[INFO ][2015-11-19 11:05:33,740][com.java.SeleniumDriver] [  797] - Test case being Executed: 6
[INFO ][2015-11-19 11:05:33,740][com.java.SeleniumDriver] [  808] - Test step:45
[INFO ][2015-11-19 11:05:33,740][com.java.SeleniumDriver] [  820] - Datavalue is----------null
[DEBUG][2015-11-19 11:05:33,750][com.java.SeleniumDriver] [  838] - Exception: null
[INFO ][2015-11-19 11:05:33,750][com.java.SeleniumDriver] [  844] - DataField : XPH//select/option[contains(text(), 'Dollar ($)')]
[INFO ][2015-11-19 11:05:33,750][com.java.SeleniumDriver] [  846] - DataValue : 
[INFO ][2015-11-19 11:05:33,750][com.java.SeleniumDriver] [  852] - <In Set values of the page>
[INFO ][2015-11-19 11:05:33,750][com.java.SeleniumDriver] [  855] - {Data Fields & Data Values Exist}
[INFO ][2015-11-19 11:05:33,750][com.java.SeleniumDriver] [  857] - --------------------------setting values-----------------------------
[INFO ][2015-11-19 11:05:33,750][com.java.SeleniumDriver] [  860] - Action Type : click
[INFO ][2015-11-19 11:05:33,750][com.java.TestType] [ 4774] - Field ::XPH//select/option[contains(text(), 'Dollar ($)')]
[INFO ][2015-11-19 11:05:34,750][com.java.TestType] [ 4833] - BEFORE CLICK
[INFO ][2015-11-19 11:05:35,470][com.java.TestType] [ 4841] - Unable to click the object dollar value dropdown
[INFO ][2015-11-19 11:05:35,470][com.java.SeleniumDriver] [  869] -  RESULT true
[INFO ][2015-11-19 11:05:35,470][com.java.SeleniumDriver] [ 1074] - ?   P A S S   ?
[INFO ][2015-11-19 11:05:35,470][com.java.SeleniumDriver] [  796] - ------------------------------------------
[INFO ][2015-11-19 11:05:35,470][com.java.SeleniumDriver] [  797] - Test case being Executed: 6
[INFO ][2015-11-19 11:05:35,470][com.java.SeleniumDriver] [  808] - Test step:46
[INFO ][2015-11-19 11:05:35,470][com.java.SeleniumDriver] [  820] - Datavalue is----------RNDA_VLTest
[INFO ][2015-11-19 11:05:35,470][com.java.SeleniumDriver] [  844] - DataField : TXT//input[contains(@placeholder, 'Name your Calcu')]
[INFO ][2015-11-19 11:05:35,470][com.java.SeleniumDriver] [  846] - DataValue : RNDA_VLTest
[INFO ][2015-11-19 11:05:35,470][com.java.SeleniumDriver] [  852] - <In Set values of the page>
[INFO ][2015-11-19 11:05:35,470][com.java.SeleniumDriver] [  855] - {Data Fields & Data Values Exist}
[INFO ][2015-11-19 11:05:35,470][com.java.SeleniumDriver] [  857] - --------------------------setting values-----------------------------
[INFO ][2015-11-19 11:05:35,470][com.java.SeleniumDriver] [  860] - Action Type : enter
[INFO ][2015-11-19 11:05:35,470][com.java.TestType] [ 5094] - field = //input[contains(@placeholder, 'Name your Calcu')]
[INFO ][2015-11-19 11:05:35,470][com.java.TestType] [ 4461] - value = A_VLTest94735
[INFO ][2015-11-19 11:05:36,581][com.java.SeleniumDriver] [  869] -  RESULT true
[INFO ][2015-11-19 11:05:36,581][com.java.SeleniumDriver] [ 1074] - ?   P A S S   ?
[INFO ][2015-11-19 11:05:36,581][com.java.SeleniumDriver] [  796] - ------------------------------------------
[INFO ][2015-11-19 11:05:36,581][com.java.SeleniumDriver] [  797] - Test case being Executed: 6
[INFO ][2015-11-19 11:05:36,581][com.java.SeleniumDriver] [  808] - Test step:47
[INFO ][2015-11-19 11:05:36,581][com.java.SeleniumDriver] [  820] - Datavalue is----------Cal_Using_Precustoms
[INFO ][2015-11-19 11:05:36,581][com.java.SeleniumDriver] [  844] - DataField : TXT//input[contains(@placeholder, 'Name your Calcu')]
[INFO ][2015-11-19 11:05:36,581][com.java.SeleniumDriver] [  846] - DataValue : Cal_Using_Precustoms
[INFO ][2015-11-19 11:05:36,581][com.java.SeleniumDriver] [  852] - <In Set values of the page>
[INFO ][2015-11-19 11:05:36,581][com.java.SeleniumDriver] [  855] - {Data Fields & Data Values Exist}
[INFO ][2015-11-19 11:05:36,581][com.java.SeleniumDriver] [  857] - --------------------------setting values-----------------------------
[INFO ][2015-11-19 11:05:36,581][com.java.SeleniumDriver] [  860] - Action Type : STOREVALUE
[INFO ][2015-11-19 11:05:36,581][com.java.TestType] [ 6694] - field= TXT//input[contains(@placeholder, 'Name your Calcu')]
[DEBUG][2015-11-19 11:05:36,662][com.java.TestType] [ 6708] - Key:: Cal_Using_Precustoms  Value:: A_VLTest94735
[INFO ][2015-11-19 11:05:36,662][com.java.SeleniumDriver] [  869] -  RESULT true
[INFO ][2015-11-19 11:05:36,662][com.java.SeleniumDriver] [ 1074] - ?   P A S S   ?
[INFO ][2015-11-19 11:05:36,662][com.java.SeleniumDriver] [  796] - ------------------------------------------
[INFO ][2015-11-19 11:05:36,662][com.java.SeleniumDriver] [  797] - Test case being Executed: 6
[INFO ][2015-11-19 11:05:36,662][com.java.SeleniumDriver] [  808] - Test step:48
[INFO ][2015-11-19 11:05:36,662][com.java.SeleniumDriver] [  820] - Datavalue is----------//div[@id='group-list']/ul/li[2]//a
[INFO ][2015-11-19 11:05:36,662][com.java.SeleniumDriver] [  844] - DataField : BTN
[INFO ][2015-11-19 11:05:36,662][com.java.SeleniumDriver] [  846] - DataValue : //div[@id='group-list']/ul/li[2]//a
[INFO ][2015-11-19 11:05:36,662][com.java.SeleniumDriver] [  852] - <In Set values of the page>
[INFO ][2015-11-19 11:05:36,662][com.java.SeleniumDriver] [  855] - {Data Fields & Data Values Exist}
[INFO ][2015-11-19 11:05:36,662][com.java.SeleniumDriver] [  857] - --------------------------setting values-----------------------------
[INFO ][2015-11-19 11:05:36,662][com.java.SeleniumDriver] [  860] - Action Type : verify
[INFO ][2015-11-19 11:05:36,662][com.java.TestType] [ 5568] - field= BTN value= //div[@id='group-list']/ul/li[2]//a
[INFO ][2015-11-19 11:05:36,662][com.java.TestType] [ 4461] - value = //div[@id='group-list']/ul/li[2]//a
[INFO ][2015-11-19 11:05:36,692][com.java.SeleniumDriver] [  869] -  RESULT true
[INFO ][2015-11-19 11:05:36,692][com.java.SeleniumDriver] [ 1074] - ?   P A S S   ?
[INFO ][2015-11-19 11:05:36,692][com.java.SeleniumDriver] [  796] - ------------------------------------------
[INFO ][2015-11-19 11:05:36,692][com.java.SeleniumDriver] [  797] - Test case being Executed: 6
[INFO ][2015-11-19 11:05:36,692][com.java.SeleniumDriver] [  808] - Test step:49
[INFO ][2015-11-19 11:05:36,692][com.java.SeleniumDriver] [  820] - Datavalue is----------null
[DEBUG][2015-11-19 11:05:36,692][com.java.SeleniumDriver] [  838] - Exception: null
[INFO ][2015-11-19 11:05:36,692][com.java.SeleniumDriver] [  844] - DataField : XPH//div[@id='group-list']/ul/li[2]//a
[INFO ][2015-11-19 11:05:36,692][com.java.SeleniumDriver] [  846] - DataValue : 
[INFO ][2015-11-19 11:05:36,692][com.java.SeleniumDriver] [  852] - <In Set values of the page>
[INFO ][2015-11-19 11:05:36,692][com.java.SeleniumDriver] [  855] - {Data Fields & Data Values Exist}
[INFO ][2015-11-19 11:05:36,692][com.java.SeleniumDriver] [  857] - --------------------------setting values-----------------------------
[INFO ][2015-11-19 11:05:36,692][com.java.SeleniumDriver] [  860] - Action Type : CLICK
[INFO ][2015-11-19 11:05:36,692][com.java.TestType] [ 4774] - Field ::XPH//div[@id='group-list']/ul/li[2]//a
[INFO ][2015-11-19 11:05:37,692][com.java.TestType] [ 4833] - BEFORE CLICK
[INFO ][2015-11-19 11:05:38,632][com.java.TestType] [ 4841] - Unable to click the object calculation name field
[INFO ][2015-11-19 11:05:38,632][com.java.SeleniumDriver] [  869] -  RESULT true
[INFO ][2015-11-19 11:05:38,632][com.java.SeleniumDriver] [ 1074] - ?   P A S S   ?
[INFO ][2015-11-19 11:05:38,632][com.java.SeleniumDriver] [  796] - ------------------------------------------
[INFO ][2015-11-19 11:05:38,632][com.java.SeleniumDriver] [  797] - Test case being Executed: 6
[INFO ][2015-11-19 11:05:38,632][com.java.SeleniumDriver] [  808] - Test step:50
[INFO ][2015-11-19 11:05:38,632][com.java.SeleniumDriver] [  820] - Datavalue is----------3
[INFO ][2015-11-19 11:05:38,632][com.java.SeleniumDriver] [  844] - DataField : XPH//a[contains(text(),'Non-Interest Bearing Deposits')]
[INFO ][2015-11-19 11:05:38,632][com.java.SeleniumDriver] [  846] - DataValue : 3
[INFO ][2015-11-19 11:05:38,632][com.java.SeleniumDriver] [  852] - <In Set values of the page>
[INFO ][2015-11-19 11:05:38,632][com.java.SeleniumDriver] [  855] - {Data Fields & Data Values Exist}
[INFO ][2015-11-19 11:05:38,632][com.java.SeleniumDriver] [  857] - --------------------------setting values-----------------------------
[INFO ][2015-11-19 11:05:38,632][com.java.SeleniumDriver] [  860] - Action Type : waitforelement
[INFO ][2015-11-19 11:05:38,683][com.java.SeleniumDriver] [  869] -  RESULT true
[INFO ][2015-11-19 11:05:38,683][com.java.SeleniumDriver] [ 1074] - ?   P A S S   ?
[INFO ][2015-11-19 11:05:38,683][com.java.SeleniumDriver] [  796] - ------------------------------------------
[INFO ][2015-11-19 11:05:38,683][com.java.SeleniumDriver] [  797] - Test case being Executed: 6
[INFO ][2015-11-19 11:05:38,683][com.java.SeleniumDriver] [  808] - Test step:51
[INFO ][2015-11-19 11:05:38,683][com.java.SeleniumDriver] [  820] - Datavalue is----------//div[contains(@class, 'expression ui-droppable')]/span
[INFO ][2015-11-19 11:05:38,683][com.java.SeleniumDriver] [  844] - DataField : //a[contains(text(),'Non-Interest Bearing Deposits')]
[INFO ][2015-11-19 11:05:38,683][com.java.SeleniumDriver] [  846] - DataValue : //div[contains(@class, 'expression ui-droppable')]/span
[INFO ][2015-11-19 11:05:38,683][com.java.SeleniumDriver] [  852] - <In Set values of the page>
[INFO ][2015-11-19 11:05:38,683][com.java.SeleniumDriver] [  855] - {Data Fields & Data Values Exist}
[INFO ][2015-11-19 11:05:38,683][com.java.SeleniumDriver] [  857] - --------------------------setting values-----------------------------
[INFO ][2015-11-19 11:05:38,683][com.java.SeleniumDriver] [  860] - Action Type : DRAGANDDROP
[INFO ][2015-11-19 11:05:39,843][com.java.SeleniumDriver] [  869] -  RESULT true
[INFO ][2015-11-19 11:05:39,843][com.java.SeleniumDriver] [ 1074] - ?   P A S S   ?
[INFO ][2015-11-19 11:05:39,843][com.java.SeleniumDriver] [  796] - ------------------------------------------
[INFO ][2015-11-19 11:05:39,843][com.java.SeleniumDriver] [  797] - Test case being Executed: 6
[INFO ][2015-11-19 11:05:39,843][com.java.SeleniumDriver] [  808] - Test step:52
[INFO ][2015-11-19 11:05:39,843][com.java.SeleniumDriver] [  820] - Datavalue is----------null
[DEBUG][2015-11-19 11:05:39,843][com.java.SeleniumDriver] [  838] - Exception: null
[INFO ][2015-11-19 11:05:39,843][com.java.SeleniumDriver] [  844] - DataField : XPH//button[text()='+']
[INFO ][2015-11-19 11:05:39,843][com.java.SeleniumDriver] [  846] - DataValue : 
[INFO ][2015-11-19 11:05:39,843][com.java.SeleniumDriver] [  852] - <In Set values of the page>
[INFO ][2015-11-19 11:05:39,843][com.java.SeleniumDriver] [  855] - {Data Fields & Data Values Exist}
[INFO ][2015-11-19 11:05:39,843][com.java.SeleniumDriver] [  857] - --------------------------setting values-----------------------------
[INFO ][2015-11-19 11:05:39,843][com.java.SeleniumDriver] [  860] - Action Type : click
[INFO ][2015-11-19 11:05:39,843][com.java.TestType] [ 4774] - Field ::XPH//button[text()='+']
[INFO ][2015-11-19 11:05:40,852][com.java.TestType] [ 4833] - BEFORE CLICK
[INFO ][2015-11-19 11:05:41,602][com.java.TestType] [ 4841] - Unable to click the object enter operator
[INFO ][2015-11-19 11:05:41,602][com.java.SeleniumDriver] [  869] -  RESULT true
[INFO ][2015-11-19 11:05:41,602][com.java.SeleniumDriver] [ 1074] - ?   P A S S   ?
[INFO ][2015-11-19 11:05:41,602][com.java.SeleniumDriver] [  796] - ------------------------------------------
[INFO ][2015-11-19 11:05:41,602][com.java.SeleniumDriver] [  797] - Test case being Executed: 6
[INFO ][2015-11-19 11:05:41,602][com.java.SeleniumDriver] [  808] - Test step:53
[INFO ][2015-11-19 11:05:41,602][com.java.SeleniumDriver] [  820] - Datavalue is----------//div[@class="ember-view alert alert-info expression ui-droppable"]
[INFO ][2015-11-19 11:05:41,602][com.java.SeleniumDriver] [  844] - DataField : //a[contains(text(),'Interest bearing demand deposits')]
[INFO ][2015-11-19 11:05:41,602][com.java.SeleniumDriver] [  846] - DataValue : //div[@class="ember-view alert alert-info expression ui-droppable"]
[INFO ][2015-11-19 11:05:41,602][com.java.SeleniumDriver] [  852] - <In Set values of the page>
[INFO ][2015-11-19 11:05:41,602][com.java.SeleniumDriver] [  855] - {Data Fields & Data Values Exist}
[INFO ][2015-11-19 11:05:41,602][com.java.SeleniumDriver] [  857] - --------------------------setting values-----------------------------
[INFO ][2015-11-19 11:05:41,602][com.java.SeleniumDriver] [  860] - Action Type : DRAGANDDROP
[INFO ][2015-11-19 11:05:42,525][com.java.SeleniumDriver] [  869] -  RESULT true
[INFO ][2015-11-19 11:05:42,525][com.java.SeleniumDriver] [ 1074] - ?   P A S S   ?
[INFO ][2015-11-19 11:05:42,525][com.java.SeleniumDriver] [  796] - ------------------------------------------
[INFO ][2015-11-19 11:05:42,525][com.java.SeleniumDriver] [  797] - Test case being Executed: 6
[INFO ][2015-11-19 11:05:42,525][com.java.SeleniumDriver] [  808] - Test step:54
[INFO ][2015-11-19 11:05:42,525][com.java.SeleniumDriver] [  820] - Datavalue is----------3
[INFO ][2015-11-19 11:05:42,525][com.java.SeleniumDriver] [  844] - DataField : XPH//button[contains(text(), 'Save')]
[INFO ][2015-11-19 11:05:42,525][com.java.SeleniumDriver] [  846] - DataValue : 3
[INFO ][2015-11-19 11:05:42,525][com.java.SeleniumDriver] [  852] - <In Set values of the page>
[INFO ][2015-11-19 11:05:42,525][com.java.SeleniumDriver] [  855] - {Data Fields & Data Values Exist}
[INFO ][2015-11-19 11:05:42,525][com.java.SeleniumDriver] [  857] - --------------------------setting values-----------------------------
[INFO ][2015-11-19 11:05:42,525][com.java.SeleniumDriver] [  860] - Action Type : waitforelement
[INFO ][2015-11-19 11:05:42,573][com.java.SeleniumDriver] [  869] -  RESULT true
[INFO ][2015-11-19 11:05:42,573][com.java.SeleniumDriver] [ 1074] - ?   P A S S   ?
[INFO ][2015-11-19 11:05:42,573][com.java.SeleniumDriver] [  796] - ------------------------------------------
[INFO ][2015-11-19 11:05:42,573][com.java.SeleniumDriver] [  797] - Test case being Executed: 6
[INFO ][2015-11-19 11:05:42,573][com.java.SeleniumDriver] [  808] - Test step:55
[INFO ][2015-11-19 11:05:42,573][com.java.SeleniumDriver] [  820] - Datavalue is----------null
[DEBUG][2015-11-19 11:05:42,573][com.java.SeleniumDriver] [  838] - Exception: null
[INFO ][2015-11-19 11:05:42,573][com.java.SeleniumDriver] [  844] - DataField : XPH//button[contains(text(), 'Save')]
[INFO ][2015-11-19 11:05:42,573][com.java.SeleniumDriver] [  846] - DataValue : 
[INFO ][2015-11-19 11:05:42,573][com.java.SeleniumDriver] [  852] - <In Set values of the page>
[INFO ][2015-11-19 11:05:42,573][com.java.SeleniumDriver] [  855] - {Data Fields & Data Values Exist}
[INFO ][2015-11-19 11:05:42,573][com.java.SeleniumDriver] [  857] - --------------------------setting values-----------------------------
[INFO ][2015-11-19 11:05:42,573][com.java.SeleniumDriver] [  860] - Action Type : ISENABLED
[INFO ][2015-11-19 11:05:42,573][com.java.TestType] [ 6655] - field= XPH//button[contains(text(), 'Save')]
[INFO ][2015-11-19 11:05:42,633][com.java.SeleniumDriver] [  869] -  RESULT true
[INFO ][2015-11-19 11:05:42,633][com.java.SeleniumDriver] [ 1074] - ?   P A S S   ?
[INFO ][2015-11-19 11:05:42,633][com.java.SeleniumDriver] [  796] - ------------------------------------------
[INFO ][2015-11-19 11:05:42,633][com.java.SeleniumDriver] [  797] - Test case being Executed: 6
[INFO ][2015-11-19 11:05:42,633][com.java.SeleniumDriver] [  808] - Test step:56
[INFO ][2015-11-19 11:05:42,633][com.java.SeleniumDriver] [  820] - Datavalue is----------null
[DEBUG][2015-11-19 11:05:42,633][com.java.SeleniumDriver] [  838] - Exception: null
[INFO ][2015-11-19 11:05:42,633][com.java.SeleniumDriver] [  844] - DataField : XPH//button[contains(text(), 'Save')]
[INFO ][2015-11-19 11:05:42,633][com.java.SeleniumDriver] [  846] - DataValue : 
[INFO ][2015-11-19 11:05:42,633][com.java.SeleniumDriver] [  852] - <In Set values of the page>
[INFO ][2015-11-19 11:05:42,633][com.java.SeleniumDriver] [  855] - {Data Fields & Data Values Exist}
[INFO ][2015-11-19 11:05:42,633][com.java.SeleniumDriver] [  857] - --------------------------setting values-----------------------------
[INFO ][2015-11-19 11:05:42,633][com.java.SeleniumDriver] [  860] - Action Type : click
[INFO ][2015-11-19 11:05:42,633][com.java.TestType] [ 4774] - Field ::XPH//button[contains(text(), 'Save')]
[INFO ][2015-11-19 11:05:43,634][com.java.TestType] [ 4833] - BEFORE CLICK
[INFO ][2015-11-19 11:05:44,401][com.java.TestType] [ 4841] - Unable to click the object save button
[INFO ][2015-11-19 11:05:44,401][com.java.SeleniumDriver] [  869] -  RESULT true
[INFO ][2015-11-19 11:05:44,401][com.java.SeleniumDriver] [ 1074] - ?   P A S S   ?
[INFO ][2015-11-19 11:05:44,401][com.java.SeleniumDriver] [  796] - ------------------------------------------
[INFO ][2015-11-19 11:05:44,401][com.java.SeleniumDriver] [  797] - Test case being Executed: 6
[INFO ][2015-11-19 11:05:44,401][com.java.SeleniumDriver] [  808] - Test step:57
[INFO ][2015-11-19 11:05:44,401][com.java.SeleniumDriver] [  820] - Datavalue is----------3
[INFO ][2015-11-19 11:05:44,401][com.java.SeleniumDriver] [  844] - DataField : XPH//a[contains(text(), 'Add Calculation')]
[INFO ][2015-11-19 11:05:44,401][com.java.SeleniumDriver] [  846] - DataValue : 3
[INFO ][2015-11-19 11:05:44,401][com.java.SeleniumDriver] [  852] - <In Set values of the page>
[INFO ][2015-11-19 11:05:44,401][com.java.SeleniumDriver] [  855] - {Data Fields & Data Values Exist}
[INFO ][2015-11-19 11:05:44,401][com.java.SeleniumDriver] [  857] - --------------------------setting values-----------------------------
[INFO ][2015-11-19 11:05:44,401][com.java.SeleniumDriver] [  860] - Action Type : waitforelement
[INFO ][2015-11-19 11:05:44,432][com.java.SeleniumDriver] [  869] -  RESULT true
[INFO ][2015-11-19 11:05:44,432][com.java.SeleniumDriver] [ 1074] - ?   P A S S   ?
[INFO ][2015-11-19 11:05:44,432][com.java.SeleniumDriver] [  796] - ------------------------------------------
[INFO ][2015-11-19 11:05:44,432][com.java.SeleniumDriver] [  797] - Test case being Executed: 6
[INFO ][2015-11-19 11:05:44,432][com.java.SeleniumDriver] [  808] - Test step:58
[INFO ][2015-11-19 11:05:44,432][com.java.SeleniumDriver] [  820] - Datavalue is----------HMVCal_Using_Precustoms
[INFO ][2015-11-19 11:05:44,432][com.java.SeleniumDriver] [  844] - DataField : MSG
[INFO ][2015-11-19 11:05:44,432][com.java.SeleniumDriver] [  846] - DataValue : HMVCal_Using_Precustoms
[INFO ][2015-11-19 11:05:44,432][com.java.SeleniumDriver] [  852] - <In Set values of the page>
[INFO ][2015-11-19 11:05:44,432][com.java.SeleniumDriver] [  855] - {Data Fields & Data Values Exist}
[INFO ][2015-11-19 11:05:44,432][com.java.SeleniumDriver] [  857] - --------------------------setting values-----------------------------
[INFO ][2015-11-19 11:05:44,432][com.java.SeleniumDriver] [  860] - Action Type : verify
[INFO ][2015-11-19 11:05:44,432][com.java.TestType] [ 5568] - field= MSG value= HMVCal_Using_Precustoms
[INFO ][2015-11-19 11:05:44,432][com.java.TestType] [ 4461] - value = A_VLTest94735
[DEBUG][2015-11-19 11:05:44,432][com.java.TestType] [ 6337] - value :: A_VLTest94735
[INFO ][2015-11-19 11:05:44,442][com.java.SeleniumDriver] [  869] -  RESULT true
[INFO ][2015-11-19 11:05:44,442][com.java.SeleniumDriver] [ 1074] - ?   P A S S   ?
[INFO ][2015-11-19 11:05:44,442][com.java.SeleniumDriver] [  796] - ------------------------------------------
[INFO ][2015-11-19 11:05:44,442][com.java.SeleniumDriver] [  797] - Test case being Executed: 6
[INFO ][2015-11-19 11:05:44,442][com.java.SeleniumDriver] [  808] - Test step:59
[INFO ][2015-11-19 11:05:44,442][com.java.SeleniumDriver] [  820] - Datavalue is----------null
[DEBUG][2015-11-19 11:05:44,442][com.java.SeleniumDriver] [  838] - Exception: null
[INFO ][2015-11-19 11:05:44,442][com.java.SeleniumDriver] [  844] - DataField : BTNparent
[INFO ][2015-11-19 11:05:44,442][com.java.SeleniumDriver] [  846] - DataValue : 
[INFO ][2015-11-19 11:05:44,442][com.java.SeleniumDriver] [  852] - <In Set values of the page>
[INFO ][2015-11-19 11:05:44,442][com.java.SeleniumDriver] [  855] - {Data Fields & Data Values Exist}
[INFO ][2015-11-19 11:05:44,442][com.java.SeleniumDriver] [  857] - --------------------------setting values-----------------------------
[INFO ][2015-11-19 11:05:44,442][com.java.SeleniumDriver] [  860] - Action Type : SELECTFRAME
[INFO ][2015-11-19 11:05:44,452][com.java.SeleniumDriver] [  869] -  RESULT true
[INFO ][2015-11-19 11:05:44,452][com.java.SeleniumDriver] [ 1074] - ?   P A S S   ?
[INFO ][2015-11-19 11:05:44,452][com.java.SeleniumDriver] [  796] - ------------------------------------------
[INFO ][2015-11-19 11:05:44,452][com.java.SeleniumDriver] [  797] - Test case being Executed: 6
[INFO ][2015-11-19 11:05:44,452][com.java.SeleniumDriver] [  808] - Test step:60
[INFO ][2015-11-19 11:05:44,452][com.java.SeleniumDriver] [  820] - Datavalue is----------CNS
[INFO ][2015-11-19 11:05:44,452][com.java.SeleniumDriver] [  844] - DataField : BNK//select[@id='bank']
[INFO ][2015-11-19 11:05:44,452][com.java.SeleniumDriver] [  846] - DataValue : CNS
[INFO ][2015-11-19 11:05:44,452][com.java.SeleniumDriver] [  852] - <In Set values of the page>
[INFO ][2015-11-19 11:05:44,452][com.java.SeleniumDriver] [  855] - {Data Fields & Data Values Exist}
[INFO ][2015-11-19 11:05:44,452][com.java.SeleniumDriver] [  857] - --------------------------setting values-----------------------------
[INFO ][2015-11-19 11:05:44,452][com.java.SeleniumDriver] [  860] - Action Type : SELECT
[INFO ][2015-11-19 11:05:44,452][com.java.TestType] [ 4461] - value = CNS
[INFO ][2015-11-19 11:05:44,807][com.java.SeleniumDriver] [  869] -  RESULT true
[INFO ][2015-11-19 11:05:44,807][com.java.SeleniumDriver] [ 1074] - ?   P A S S   ?
[INFO ][2015-11-19 11:05:44,807][com.java.SeleniumDriver] [  796] - ------------------------------------------
[INFO ][2015-11-19 11:05:44,807][com.java.SeleniumDriver] [  797] - Test case being Executed: 6
[INFO ][2015-11-19 11:05:44,807][com.java.SeleniumDriver] [  808] - Test step:61
[INFO ][2015-11-19 11:05:44,807][com.java.SeleniumDriver] [  820] - Datavalue is----------3
[INFO ][2015-11-19 11:05:44,807][com.java.SeleniumDriver] [  844] - DataField : XPH//div[contains(text(),'My Dashboard')]
[INFO ][2015-11-19 11:05:44,807][com.java.SeleniumDriver] [  846] - DataValue : 3
[INFO ][2015-11-19 11:05:44,807][com.java.SeleniumDriver] [  852] - <In Set values of the page>
[INFO ][2015-11-19 11:05:44,807][com.java.SeleniumDriver] [  855] - {Data Fields & Data Values Exist}
[INFO ][2015-11-19 11:05:44,807][com.java.SeleniumDriver] [  857] - --------------------------setting values-----------------------------
[INFO ][2015-11-19 11:05:44,807][com.java.SeleniumDriver] [  860] - Action Type : waitforelement
[INFO ][2015-11-19 11:05:44,877][com.java.SeleniumDriver] [  869] -  RESULT true
[INFO ][2015-11-19 11:05:44,877][com.java.SeleniumDriver] [ 1074] - ?   P A S S   ?
[INFO ][2015-11-19 11:05:44,877][com.java.SeleniumDriver] [  796] - ------------------------------------------
[INFO ][2015-11-19 11:05:44,877][com.java.SeleniumDriver] [  797] - Test case being Executed: 6
[INFO ][2015-11-19 11:05:44,877][com.java.SeleniumDriver] [  808] - Test step:62
[INFO ][2015-11-19 11:05:44,877][com.java.SeleniumDriver] [  820] - Datavalue is----------My Dashboard
[INFO ][2015-11-19 11:05:44,877][com.java.SeleniumDriver] [  844] - DataField : MSG
[INFO ][2015-11-19 11:05:44,877][com.java.SeleniumDriver] [  846] - DataValue : My Dashboard
[INFO ][2015-11-19 11:05:44,877][com.java.SeleniumDriver] [  852] - <In Set values of the page>
[INFO ][2015-11-19 11:05:44,877][com.java.SeleniumDriver] [  855] - {Data Fields & Data Values Exist}
[INFO ][2015-11-19 11:05:44,877][com.java.SeleniumDriver] [  857] - --------------------------setting values-----------------------------
[INFO ][2015-11-19 11:05:44,877][com.java.SeleniumDriver] [  860] - Action Type : Verify
[INFO ][2015-11-19 11:05:44,877][com.java.TestType] [ 5568] - field= MSG value= My Dashboard
[INFO ][2015-11-19 11:05:44,877][com.java.TestType] [ 4461] - value = My Dashboard
[DEBUG][2015-11-19 11:05:44,877][com.java.TestType] [ 6337] - value :: My Dashboard
[INFO ][2015-11-19 11:05:44,947][com.java.SeleniumDriver] [  869] -  RESULT true
[INFO ][2015-11-19 11:05:44,947][com.java.SeleniumDriver] [ 1074] - ?   P A S S   ?
[INFO ][2015-11-19 11:05:44,947][com.java.SeleniumDriver] [  796] - ------------------------------------------
[INFO ][2015-11-19 11:05:44,947][com.java.SeleniumDriver] [  797] - Test case being Executed: 6
[INFO ][2015-11-19 11:05:44,947][com.java.SeleniumDriver] [  808] - Test step:63
[INFO ][2015-11-19 11:05:44,947][com.java.SeleniumDriver] [  820] - Datavalue is----------null
[DEBUG][2015-11-19 11:05:44,947][com.java.SeleniumDriver] [  838] - Exception: null
[INFO ][2015-11-19 11:05:44,947][com.java.SeleniumDriver] [  844] - DataField : //span[@class='icon-hammer']&&//a[text()='Custom Calculations']
[INFO ][2015-11-19 11:05:44,947][com.java.SeleniumDriver] [  846] - DataValue : 
[INFO ][2015-11-19 11:05:44,947][com.java.SeleniumDriver] [  852] - <In Set values of the page>
[INFO ][2015-11-19 11:05:44,947][com.java.SeleniumDriver] [  855] - {Data Fields & Data Values Exist}
[INFO ][2015-11-19 11:05:44,947][com.java.SeleniumDriver] [  857] - --------------------------setting values-----------------------------
[INFO ][2015-11-19 11:05:44,947][com.java.SeleniumDriver] [  860] - Action Type : MOUSEOVER
[INFO ][2015-11-19 11:06:14,253][com.java.SeleniumDriver] [  869] -  RESULT true
[INFO ][2015-11-19 11:06:14,253][com.java.SeleniumDriver] [ 1074] - ?   P A S S   ?
[INFO ][2015-11-19 11:06:14,253][com.java.SeleniumDriver] [  796] - ------------------------------------------
[INFO ][2015-11-19 11:06:14,253][com.java.SeleniumDriver] [  797] - Test case being Executed: 6
[INFO ][2015-11-19 11:06:14,253][com.java.SeleniumDriver] [  808] - Test step:64
[INFO ][2015-11-19 11:06:14,253][com.java.SeleniumDriver] [  820] - Datavalue is----------null
[DEBUG][2015-11-19 11:06:14,253][com.java.SeleniumDriver] [  838] - Exception: null
[INFO ][2015-11-19 11:06:14,253][com.java.SeleniumDriver] [  844] - DataField : BTN//iframe[@class='frameTabContent']
[INFO ][2015-11-19 11:06:14,253][com.java.SeleniumDriver] [  846] - DataValue : 
[INFO ][2015-11-19 11:06:14,253][com.java.SeleniumDriver] [  852] - <In Set values of the page>
[INFO ][2015-11-19 11:06:14,253][com.java.SeleniumDriver] [  855] - {Data Fields & Data Values Exist}
[INFO ][2015-11-19 11:06:14,253][com.java.SeleniumDriver] [  857] - --------------------------setting values-----------------------------
[INFO ][2015-11-19 11:06:14,253][com.java.SeleniumDriver] [  860] - Action Type : SELECTFRAME
[INFO ][2015-11-19 11:06:14,334][com.java.SeleniumDriver] [  869] -  RESULT true
[INFO ][2015-11-19 11:06:14,334][com.java.SeleniumDriver] [ 1074] - ?   P A S S   ?
[INFO ][2015-11-19 11:06:14,334][com.java.SeleniumDriver] [  796] - ------------------------------------------
[INFO ][2015-11-19 11:06:14,334][com.java.SeleniumDriver] [  797] - Test case being Executed: 6
[INFO ][2015-11-19 11:06:14,334][com.java.SeleniumDriver] [  808] - Test step:65
[INFO ][2015-11-19 11:06:14,334][com.java.SeleniumDriver] [  820] - Datavalue is----------Custom Calculations
[INFO ][2015-11-19 11:06:14,334][com.java.SeleniumDriver] [  844] - DataField : MSG
[INFO ][2015-11-19 11:06:14,334][com.java.SeleniumDriver] [  846] - DataValue : Custom Calculations
[INFO ][2015-11-19 11:06:14,334][com.java.SeleniumDriver] [  852] - <In Set values of the page>
[INFO ][2015-11-19 11:06:14,334][com.java.SeleniumDriver] [  855] - {Data Fields & Data Values Exist}
[INFO ][2015-11-19 11:06:14,334][com.java.SeleniumDriver] [  857] - --------------------------setting values-----------------------------
[INFO ][2015-11-19 11:06:14,334][com.java.SeleniumDriver] [  860] - Action Type : Verify
[INFO ][2015-11-19 11:06:14,334][com.java.TestType] [ 5568] - field= MSG value= Custom Calculations
[INFO ][2015-11-19 11:06:14,334][com.java.TestType] [ 4461] - value = Custom Calculations
[DEBUG][2015-11-19 11:06:14,334][com.java.TestType] [ 6337] - value :: Custom Calculations
[ERROR][2015-11-19 11:06:14,354][com.java.TestType] [ 6342] - Assertion Error: 
[INFO ][2015-11-19 11:06:14,354][com.java.SeleniumDriver] [  869] -  RESULT false
[INFO ][2015-11-19 11:06:14,354][com.java.SeleniumDriver] [  916] - ?   F A I L   ?
[INFO ][2015-11-19 11:06:14,354][com.java.SeleniumDriver] [  924] - Browser Type : IE10
[INFO ][2015-11-19 11:06:14,354][com.java.SeleniumDriver] [  925] - Adding Failed case6
[INFO ][2015-11-19 11:06:14,364][com.java.SeleniumDriver] [ 1038] - failedCases = 6
[ERROR][2015-11-19 11:06:14,364][com.java.SeleniumDriver] [ 1525] - Platform Errors : Our apologies...::We have encountered an issue with your request.::Our apologies?:We encountered an issue with your request.
[INFO ][2015-11-19 11:06:14,364][com.java.SeleniumDriver] [ 1529] - Length =3
[ERROR][2015-11-19 11:06:14,364][com.java.SeleniumDriver] [ 1532] - Error 0 = Our apologies...
[ERROR][2015-11-19 11:06:14,384][com.java.SeleniumDriver] [ 1532] - Error 1 = We have encountered an issue with your request.
[ERROR][2015-11-19 11:06:14,394][com.java.SeleniumDriver] [ 1532] - Error 2 = Our apologies?:We encountered an issue with your request.
[DEBUG][2015-11-19 11:06:14,414][com.java.SeleniumDriver] [ 1176] - Case found
[DEBUG][2015-11-19 11:06:14,414][com.java.SeleniumDriver] [ 1181] - Incrementing ReportCounters[0]:2
[INFO ][2015-11-19 11:06:14,414][com.java.SeleniumDriver] [ 1200] - The results are-------------------[6, 65, Add Custom Calculation, Fail, 
Test case failed at Step No. :: 65   Error Message ::  . Screen Shot : D:\BankersDashboard\TestReports\111915\6_111915_110614_IE10.png, Thu Nov 19 11:06:14 IST 2015]
[INFO ][2015-11-19 11:06:14,414][com.java.SeleniumDriver] [ 1204] - End time is-------3 min 53 sec
[INFO ][2015-11-19 11:06:14,414][com.java.SeleniumDriver] [ 1205] - The results are-------------------[6, 65, Add Custom Calculation, Fail, 
Test case failed at Step No. :: 65   Error Message ::  . Screen Shot : D:\BankersDashboard\TestReports\111915\6_111915_110614_IE10.png, Thu Nov 19 11:06:14 IST 2015]
[DEBUG][2015-11-19 11:06:14,414][com.java.ImportnExport.ExportTestResultsExcel] [  222] - testResultPath = D:\BankersDashboard/TestReports/Test Results_BankersDashBoard_111915_110223_IE10_Simmons First National Bank.xls
[DEBUG][2015-11-19 11:06:14,414][com.java.ImportnExport.ExportTestResultsExcel] [  223] - browser is------------IE10
[DEBUG][2015-11-19 11:06:14,414][com.java.ImportnExport.ExportTestResultsExcel] [  270] - result.size() = 6
[DEBUG][2015-11-19 11:06:14,414][com.java.ImportnExport.ExportTestResultsExcel] [  274] - No of rows in sheet=2
[DEBUG][2015-11-19 11:06:14,414][com.java.ImportnExport.ExportTestResultsExcel] [  301] - ..in export..6
[DEBUG][2015-11-19 11:06:14,414][com.java.ImportnExport.ExportTestResultsExcel] [  301] - ..in export..Add Custom Calculation
[DEBUG][2015-11-19 11:06:14,414][com.java.ImportnExport.ExportTestResultsExcel] [  301] - ..in export..Fail
[DEBUG][2015-11-19 11:06:14,414][com.java.ImportnExport.ExportTestResultsExcel] [  301] - ..in export..
Test case failed at Step No. :: 65   Error Message ::  . Screen Shot : D:\BankersDashboard\TestReports\111915\6_111915_110614_IE10.png
[DEBUG][2015-11-19 11:06:14,414][com.java.ImportnExport.ExportTestResultsExcel] [  301] - ..in export..Thu Nov 19 11:06:14 IST 2015
[INFO ][2015-11-19 11:06:14,414][com.java.SeleniumDriver] [ 1263] - out loop:1 size:2 TestCases:[1, 6] testcases:[1, 6]
[INFO ][2015-11-19 11:06:16,414][com.java.SeleniumDriver] [ 1306] - Total Number of Cases:2
[INFO ][2015-11-19 11:06:16,414][com.java.TemplateGenerator] [  302] - Executed:2
[INFO ][2015-11-19 11:06:16,414][com.java.TemplateGenerator] [  303] - Passed:1
[INFO ][2015-11-19 11:06:16,414][com.java.TemplateGenerator] [  304] - Failed:1
[INFO ][2015-11-19 11:06:16,414][com.java.TemplateGenerator] [  305] - Skipeed:0
[INFO ][2015-11-19 11:06:16,414][com.java.TemplateGenerator] [  306] - Application URL:https://clients-xuat.bankersdashboard.com
[INFO ][2015-11-19 11:06:16,414][com.java.TemplateGenerator] [  307] - Start Time:111915_110223
[INFO ][2015-11-19 11:06:16,414][com.java.TemplateGenerator] [  308] -  Creating HTML Report 
[ERROR][2015-11-19 11:06:16,414][com.java.TemplateGenerator] [  409] - Unparseable date: "Thu Nov 19 11:02:23 IST 2015"
[INFO ][2015-11-19 11:06:16,414][com.java.TemplateGenerator] [  654] -  Exporting case :: 1
[INFO ][2015-11-19 11:06:16,414][com.java.TemplateGenerator] [  654] -  Exporting case :: 6
[INFO ][2015-11-19 11:06:16,414][com.java.SeleniumDriver] [ 1355] - End Time:111915_110616
[INFO ][2015-11-19 11:06:16,414][com.java.SeleniumDriver] [ 1358] - Data in Test Execution Details:{1=PASS, 6=FAILTest case failed at Step No. :: 65   Error Message ::  }
[INFO ][2015-11-19 11:06:16,414][com.java.SeleniumDriver] [ 1359] - Data in Failed Execution Deatils:{}
[INFO ][2015-11-19 11:06:16,414][com.java.SeleniumDriver] [ 1361] - ReportCounter:Total:2 :: PASS: 1 ::FAIL: 1
[INFO ][2015-11-19 11:06:16,414][com.java.SeleniumDriver] [ 1362] - FailedReportCounter:Total:0 :: PASS: 0 ::FAIL: 0
[INFO ][2015-11-19 11:06:16,415][com.java.EmailTestReport] [   63] - Sending report mail details:
[INFO ][2015-11-19 11:06:16,415][com.java.EmailTestReport] [   80] - Excel Report Path:D:\BankersDashboard/TestReports/Test Results_BankersDashBoard_111915_110223_IE10_Simmons First National Bank.xls
[INFO ][2015-11-19 11:06:16,415][com.java.EmailTestReport] [   81] - HTML Report Path:D:\BankersDashboard//TestReports//Test Results_BankersDashBoard_111915_110223_IE10_Simmons First National Bank.html
[INFO ][2015-11-19 11:06:16,415][com.java.EmailTestReport] [   82] - smtpHostName:mail01.valuelabs.com
[INFO ][2015-11-19 11:06:16,415][com.java.EmailTestReport] [   83] - Recipient:venkateswararao.gubbala@valuelabs.com;
[INFO ][2015-11-19 11:06:16,415][com.java.EmailTestReport] [   84] - From:venkateswararao.gubbala@valuelabs.com;
[INFO ][2015-11-19 11:06:16,415][com.java.EmailTestReport] [   85] - Subject:Deluxe Corp Bankers Dashboard Automation Test Report - Simmons First National Bank - IE10
[INFO ][2015-11-19 11:06:16,435][com.java.EmailTestReport] [  143] -  Added venkateswararao.gubbala@valuelabs.com
[INFO ][2015-11-19 11:06:19,548][com.java.SeleniumDriver] [  719] - quitting the browser 
[INFO ][2015-11-19 11:06:21,242][com.java.SeleniumDriver] [  263] - Execution Completed Stopping the thread
