[INFO ][2016-01-18 12:59:17,050][com.java.SeleniumDriver] [  213] - Execute Failed Casesfalse
[INFO ][2016-01-18 12:59:17,050][com.java.SeleniumDriver] [  214] - Browser: IE10
[INFO ][2016-01-18 12:59:17,050][com.java.SeleniumDriver] [  215] - [1, 29]
[INFO ][2016-01-18 12:59:17,050][com.java.SeleniumDriver] [  216] - Total TestCases:2
[INFO ][2016-01-18 12:59:17,050][com.java.SeleniumDriver] [  217] -  Reading Properties from Property File 
[DEBUG][2016-01-18 12:59:17,051][com.java.SeleniumDriver] [  238] - url : https://clients-xuat.bankersdashboard.com
[INFO ][2016-01-18 12:59:17,052][com.java.ImportnExport.ExportTestResultsExcel] [  116] - Time Stamp Mon Jan 18 12:59:17 IST 2016
[INFO ][2016-01-18 12:59:17,052][com.java.ImportnExport.ExportTestResultsExcel] [  175] - OUT FILE : D:\BankersDashboard/TestReports/Test Results_BankersDashBoard_011816_125917_IE10_Any Bank USA.xls
[INFO ][2016-01-18 12:59:17,097][com.java.ImportnExport.ExportTestResultsExcel] [  180] - Test Result file is created
[DEBUG][2016-01-18 12:59:17,186][com.java.SeleniumDriver] [  426] - Hub ip address is-------172.17.68.34
[INFO ][2016-01-18 12:59:17,187][com.java.SeleniumDriver] [  452] - Grid URL:http://172.17.68.34:4444/wd/hub
[INFO ][2016-01-18 12:59:17,187][com.java.SeleniumDriver] [  453] - Capability:Capabilities [{platform=ANY, ensureCleanSession=true, ignoreProtectedModeSettings=true, acceptSslCerts=true, ignoreZoomSetting=true, browserName=internet explorer, browserstack.ie.noFlash=true, version=null}]
[ERROR][2016-01-18 12:59:18,514][com.java.SeleniumDriver] [  498] - Unable invoke browser in grid:Could not start a new session. Possible causes are invalid address of the remote server or browser start-up failure.
Build info: version: '2.48.2', revision: '41bccdd', time: '2015-10-09 19:59:12'
System info: host: 'FVTIII438F1D', ip: '172.17.68.34', os.name: 'Windows 7', os.arch: 'x86', os.version: '6.1', java.version: '1.7.0_55'
Driver info: driver.version: SeleniumDriver
[INFO ][2016-01-18 12:59:18,514][com.java.SeleniumDriver] [  500] - Executing on local machine
[INFO ][2016-01-18 12:59:30,250][com.java.SeleniumDriver] [  248] - IE10is opened
[INFO ][2016-01-18 12:59:31,084][com.java.SeleniumDriver] [  756] - Test cases to be executed are: [1, 29]
[INFO ][2016-01-18 12:59:31,107][com.java.ImportnExport.ImportTestDataDetailsExcel] [   49] - test data details path===== D:\BankersDashboard\TestInputs\TestData.xls
[INFO ][2016-01-18 12:59:31,197][com.java.SeleniumDriver] [  856] - ------------------------------------------
[INFO ][2016-01-18 12:59:31,197][com.java.SeleniumDriver] [  857] - Test case being Executed: 1
[INFO ][2016-01-18 12:59:31,197][com.java.SeleniumDriver] [  869] - Test step:1
[INFO ][2016-01-18 12:59:31,197][com.java.SeleniumDriver] [  881] - Datavalue is----------Concept#1:1-16
[INFO ][2016-01-18 12:59:31,197][com.java.SeleniumDriver] [  905] - DataField : test
[INFO ][2016-01-18 12:59:31,197][com.java.SeleniumDriver] [  907] - DataValue : Concept#1:1-16
[INFO ][2016-01-18 12:59:31,197][com.java.SeleniumDriver] [  913] - <In Set values of the page>
[INFO ][2016-01-18 12:59:31,197][com.java.SeleniumDriver] [  916] - {Data Fields & Data Values Exist}
[INFO ][2016-01-18 12:59:31,197][com.java.SeleniumDriver] [  918] - --------------------------setting values-----------------------------
[INFO ][2016-01-18 12:59:31,197][com.java.SeleniumDriver] [  921] - Action Type : ExecuteTestCase
[INFO ][2016-01-18 12:59:31,217][com.java.TestType] [  437] - The Concept sheet name is ---------- Concept
[INFO ][2016-01-18 12:59:31,217][com.java.TestType] [  440] - The Concept ID  is ---------- 1
[DEBUG][2016-01-18 12:59:31,217][com.java.TestType] [  444] - Steps being executted in the Concept are: 1:16
[INFO ][2016-01-18 12:59:31,217][com.java.TestType] [  451] - Test data details path ---------- D:\BankersDashboard\TestInputs\TestData.xls
[INFO ][2016-01-18 12:59:31,247][com.java.TestType] [  482] -  str(1) = 1
[INFO ][2016-01-18 12:59:31,247][com.java.TestType] [  485] - Test case Id is---1
[INFO ][2016-01-18 12:59:31,247][com.java.TestType] [  487] - 1
[INFO ][2016-01-18 12:59:31,247][com.java.TestType] [  482] -  str(2) = 1
[INFO ][2016-01-18 12:59:31,257][com.java.TestType] [  482] -  str(1) = 1
[INFO ][2016-01-18 12:59:31,257][com.java.TestType] [  485] - Test case Id is---1
[INFO ][2016-01-18 12:59:31,257][com.java.TestType] [  487] - 1
[INFO ][2016-01-18 12:59:31,257][com.java.TestType] [  482] -  str(2) = 2
[INFO ][2016-01-18 12:59:31,257][com.java.TestType] [  482] -  str(1) = 1
[INFO ][2016-01-18 12:59:31,257][com.java.TestType] [  485] - Test case Id is---1
[INFO ][2016-01-18 12:59:31,257][com.java.TestType] [  487] - 1
[INFO ][2016-01-18 12:59:31,257][com.java.TestType] [  482] -  str(2) = 3
[INFO ][2016-01-18 12:59:31,257][com.java.TestType] [  482] -  str(1) = 1
[INFO ][2016-01-18 12:59:31,257][com.java.TestType] [  485] - Test case Id is---1
[INFO ][2016-01-18 12:59:31,257][com.java.TestType] [  487] - 1
[INFO ][2016-01-18 12:59:31,257][com.java.TestType] [  482] -  str(2) = 4
[INFO ][2016-01-18 12:59:31,257][com.java.TestType] [  482] -  str(1) = 1
[INFO ][2016-01-18 12:59:31,257][com.java.TestType] [  485] - Test case Id is---1
[INFO ][2016-01-18 12:59:31,257][com.java.TestType] [  487] - 1
[INFO ][2016-01-18 12:59:31,257][com.java.TestType] [  482] -  str(2) = 5
[INFO ][2016-01-18 12:59:31,257][com.java.TestType] [  482] -  str(1) = 1
[INFO ][2016-01-18 12:59:31,257][com.java.TestType] [  485] - Test case Id is---1
[INFO ][2016-01-18 12:59:31,257][com.java.TestType] [  487] - 1
[INFO ][2016-01-18 12:59:31,267][com.java.TestType] [  482] -  str(2) = 6
[INFO ][2016-01-18 12:59:31,267][com.java.TestType] [  482] -  str(1) = 1
[INFO ][2016-01-18 12:59:31,267][com.java.TestType] [  485] - Test case Id is---1
[INFO ][2016-01-18 12:59:31,267][com.java.TestType] [  487] - 1
[INFO ][2016-01-18 12:59:31,267][com.java.TestType] [  482] -  str(2) = 7
[INFO ][2016-01-18 12:59:31,267][com.java.TestType] [  482] -  str(1) = 1
[INFO ][2016-01-18 12:59:31,267][com.java.TestType] [  485] - Test case Id is---1
[INFO ][2016-01-18 12:59:31,267][com.java.TestType] [  487] - 1
[INFO ][2016-01-18 12:59:31,267][com.java.TestType] [  482] -  str(2) = 8
[INFO ][2016-01-18 12:59:31,267][com.java.TestType] [  482] -  str(1) = 1
[INFO ][2016-01-18 12:59:31,267][com.java.TestType] [  485] - Test case Id is---1
[INFO ][2016-01-18 12:59:31,267][com.java.TestType] [  487] - 1
[INFO ][2016-01-18 12:59:31,267][com.java.TestType] [  482] -  str(2) = 9
[INFO ][2016-01-18 12:59:31,267][com.java.TestType] [  482] -  str(1) = 1
[INFO ][2016-01-18 12:59:31,267][com.java.TestType] [  485] - Test case Id is---1
[INFO ][2016-01-18 12:59:31,267][com.java.TestType] [  487] - 1
[INFO ][2016-01-18 12:59:31,267][com.java.TestType] [  482] -  str(2) = 10
[INFO ][2016-01-18 12:59:31,267][com.java.TestType] [  482] -  str(1) = 1
[INFO ][2016-01-18 12:59:31,267][com.java.TestType] [  485] - Test case Id is---1
[INFO ][2016-01-18 12:59:31,267][com.java.TestType] [  487] - 1
[INFO ][2016-01-18 12:59:31,267][com.java.TestType] [  482] -  str(2) = 11
[INFO ][2016-01-18 12:59:31,267][com.java.TestType] [  482] -  str(1) = 1
[INFO ][2016-01-18 12:59:31,267][com.java.TestType] [  485] - Test case Id is---1
[INFO ][2016-01-18 12:59:31,267][com.java.TestType] [  487] - 1
[INFO ][2016-01-18 12:59:31,267][com.java.TestType] [  482] -  str(2) = 12
[INFO ][2016-01-18 12:59:31,267][com.java.TestType] [  482] -  str(1) = 1
[INFO ][2016-01-18 12:59:31,267][com.java.TestType] [  485] - Test case Id is---1
[INFO ][2016-01-18 12:59:31,267][com.java.TestType] [  487] - 1
[INFO ][2016-01-18 12:59:31,267][com.java.TestType] [  482] -  str(2) = 13
[INFO ][2016-01-18 12:59:31,277][com.java.TestType] [  482] -  str(1) = 1
[INFO ][2016-01-18 12:59:31,277][com.java.TestType] [  485] - Test case Id is---1
[INFO ][2016-01-18 12:59:31,277][com.java.TestType] [  487] - 1
[INFO ][2016-01-18 12:59:31,277][com.java.TestType] [  482] -  str(2) = 14
[INFO ][2016-01-18 12:59:31,277][com.java.TestType] [  482] -  str(1) = 1
[INFO ][2016-01-18 12:59:31,277][com.java.TestType] [  485] - Test case Id is---1
[INFO ][2016-01-18 12:59:31,277][com.java.TestType] [  487] - 1
[INFO ][2016-01-18 12:59:31,277][com.java.TestType] [  482] -  str(2) = 15
[INFO ][2016-01-18 12:59:31,277][com.java.TestType] [  482] -  str(1) = 1
[INFO ][2016-01-18 12:59:31,277][com.java.TestType] [  485] - Test case Id is---1
[INFO ][2016-01-18 12:59:31,277][com.java.TestType] [  487] - 1
[INFO ][2016-01-18 12:59:31,277][com.java.TestType] [  482] -  str(2) = 16
[INFO ][2016-01-18 12:59:31,277][com.java.TestType] [11314] - Looping 1TCID = 1
[DEBUG][2016-01-18 12:59:31,277][com.java.TestType] [11355] - Concept ID:1 :: Step being Executed: 1::1
[INFO ][2016-01-18 12:59:31,277][com.java.TestType] [11393] - dataFields : TXTusername
[DEBUG][2016-01-18 12:59:31,277][com.java.TestType] [11399] - <In Set values of the page>
[DEBUG][2016-01-18 12:59:31,277][com.java.TestType] [11404] - {Data Fields & Data Values Exist}
[INFO ][2016-01-18 12:59:31,277][com.java.TestType] [11410] - --------------------------setting values-----------------------------
[INFO ][2016-01-18 12:59:31,277][com.java.TestType] [11413] - Action Type : CLEARANDENTER
[INFO ][2016-01-18 12:59:33,575][com.java.TestType] [ 6140] - value = naresh.nayini.00000
[INFO ][2016-01-18 12:59:35,988][com.java.TestType] [11432] -  RESULT true
[INFO ][2016-01-18 12:59:35,988][com.java.TestType] [11549] - ?   P A S S   ?
[DEBUG][2016-01-18 12:59:35,988][com.java.TestType] [11355] - Concept ID:1 :: Step being Executed: 1::2
[INFO ][2016-01-18 12:59:35,988][com.java.TestType] [11393] - dataFields : TXTpassword
[DEBUG][2016-01-18 12:59:35,988][com.java.TestType] [11399] - <In Set values of the page>
[DEBUG][2016-01-18 12:59:35,988][com.java.TestType] [11404] - {Data Fields & Data Values Exist}
[INFO ][2016-01-18 12:59:35,988][com.java.TestType] [11410] - --------------------------setting values-----------------------------
[INFO ][2016-01-18 12:59:35,988][com.java.TestType] [11413] - Action Type : CLEARANDENTER
[INFO ][2016-01-18 12:59:38,240][com.java.TestType] [ 6140] - value = Password1*
[INFO ][2016-01-18 12:59:40,802][com.java.TestType] [11432] -  RESULT true
[INFO ][2016-01-18 12:59:40,802][com.java.TestType] [11549] - ?   P A S S   ?
[DEBUG][2016-01-18 12:59:40,802][com.java.TestType] [11355] - Concept ID:1 :: Step being Executed: 1::3
[ERROR][2016-01-18 12:59:40,802][com.java.TestType] [11388] - Exception: null
[INFO ][2016-01-18 12:59:40,802][com.java.TestType] [11393] - dataFields : XPH//button[@type='submit']
[DEBUG][2016-01-18 12:59:40,802][com.java.TestType] [11399] - <In Set values of the page>
[DEBUG][2016-01-18 12:59:40,802][com.java.TestType] [11404] - {Data Fields & Data Values Exist}
[INFO ][2016-01-18 12:59:40,802][com.java.TestType] [11410] - --------------------------setting values-----------------------------
[INFO ][2016-01-18 12:59:40,802][com.java.TestType] [11413] - Action Type : Click
[INFO ][2016-01-18 12:59:40,802][com.java.TestType] [ 6519] - Field ::XPH//button[@type='submit']
[INFO ][2016-01-18 12:59:40,802][com.java.TestType] [ 6140] - value = 
[INFO ][2016-01-18 12:59:41,805][com.java.TestType] [ 6656] - BEFORE CLICK
[INFO ][2016-01-18 12:59:44,938][com.java.TestType] [ 6664] - Unable to click the object Login
[INFO ][2016-01-18 12:59:44,938][com.java.TestType] [11432] -  RESULT true
[INFO ][2016-01-18 12:59:44,938][com.java.TestType] [11549] - ?   P A S S   ?
[DEBUG][2016-01-18 12:59:44,938][com.java.TestType] [11355] - Concept ID:1 :: Step being Executed: 1::4
[INFO ][2016-01-18 12:59:44,938][com.java.TestType] [11393] - dataFields : LNKLogout
[DEBUG][2016-01-18 12:59:44,938][com.java.TestType] [11399] - <In Set values of the page>
[DEBUG][2016-01-18 12:59:44,938][com.java.TestType] [11404] - {Data Fields & Data Values Exist}
[INFO ][2016-01-18 12:59:44,938][com.java.TestType] [11410] - --------------------------setting values-----------------------------
[INFO ][2016-01-18 12:59:44,938][com.java.TestType] [11413] - Action Type : WaitForElement
[INFO ][2016-01-18 12:59:44,969][com.java.TestType] [11432] -  RESULT true
[INFO ][2016-01-18 12:59:44,969][com.java.TestType] [11549] - ?   P A S S   ?
[DEBUG][2016-01-18 12:59:44,969][com.java.TestType] [11355] - Concept ID:1 :: Step being Executed: 1::15
[INFO ][2016-01-18 12:59:44,969][com.java.TestType] [11393] - dataFields : LNK
[DEBUG][2016-01-18 12:59:44,969][com.java.TestType] [11399] - <In Set values of the page>
[DEBUG][2016-01-18 12:59:44,969][com.java.TestType] [11404] - {Data Fields & Data Values Exist}
[INFO ][2016-01-18 12:59:44,969][com.java.TestType] [11410] - --------------------------setting values-----------------------------
[INFO ][2016-01-18 12:59:44,969][com.java.TestType] [11413] - Action Type : Verify
[INFO ][2016-01-18 12:59:44,969][com.java.TestType] [ 7647] - field= LNK value= Logout
[INFO ][2016-01-18 12:59:44,969][com.java.TestType] [ 6140] - value = Logout
[INFO ][2016-01-18 12:59:45,009][com.java.TestType] [11432] -  RESULT true
[INFO ][2016-01-18 12:59:45,009][com.java.TestType] [11549] - ?   P A S S   ?
[DEBUG][2016-01-18 12:59:45,009][com.java.TestType] [11355] - Concept ID:1 :: Step being Executed: 1::16
[INFO ][2016-01-18 12:59:45,009][com.java.TestType] [11393] - dataFields : BTN
[DEBUG][2016-01-18 12:59:45,009][com.java.TestType] [11399] - <In Set values of the page>
[DEBUG][2016-01-18 12:59:45,009][com.java.TestType] [11404] - {Data Fields & Data Values Exist}
[INFO ][2016-01-18 12:59:45,009][com.java.TestType] [11410] - --------------------------setting values-----------------------------
[INFO ][2016-01-18 12:59:45,009][com.java.TestType] [11413] - Action Type : Verify
[INFO ][2016-01-18 12:59:45,009][com.java.TestType] [ 7647] - field= BTN value= //img[contains(@src,'bdlogo.jpg')]
[INFO ][2016-01-18 12:59:45,009][com.java.TestType] [ 6140] - value = //img[contains(@src,'bdlogo.jpg')]
[INFO ][2016-01-18 12:59:45,079][com.java.TestType] [11432] -  RESULT true
[INFO ][2016-01-18 12:59:45,079][com.java.TestType] [11549] - ?   P A S S   ?
[INFO ][2016-01-18 12:59:45,079][com.java.TestType] [11620] - Looping End......
[INFO ][2016-01-18 12:59:45,079][com.java.SeleniumDriver] [  930] -  RESULT true
[INFO ][2016-01-18 12:59:45,079][com.java.SeleniumDriver] [ 1136] - ?   P A S S   ?
[INFO ][2016-01-18 12:59:45,079][com.java.SeleniumDriver] [  856] - ------------------------------------------
[INFO ][2016-01-18 12:59:45,079][com.java.SeleniumDriver] [  857] - Test case being Executed: 1
[INFO ][2016-01-18 12:59:45,079][com.java.SeleniumDriver] [  869] - Test step:2
[INFO ][2016-01-18 12:59:45,079][com.java.SeleniumDriver] [  881] - Datavalue is----------Concept#2:1-2
[INFO ][2016-01-18 12:59:45,079][com.java.SeleniumDriver] [  905] - DataField : test
[INFO ][2016-01-18 12:59:45,079][com.java.SeleniumDriver] [  907] - DataValue : Concept#2:1-2
[INFO ][2016-01-18 12:59:45,079][com.java.SeleniumDriver] [  913] - <In Set values of the page>
[INFO ][2016-01-18 12:59:45,079][com.java.SeleniumDriver] [  916] - {Data Fields & Data Values Exist}
[INFO ][2016-01-18 12:59:45,079][com.java.SeleniumDriver] [  918] - --------------------------setting values-----------------------------
[INFO ][2016-01-18 12:59:45,079][com.java.SeleniumDriver] [  921] - Action Type : ExecuteTestCase
[INFO ][2016-01-18 12:59:45,079][com.java.TestType] [  437] - The Concept sheet name is ---------- Concept
[INFO ][2016-01-18 12:59:45,079][com.java.TestType] [  440] - The Concept ID  is ---------- 2
[DEBUG][2016-01-18 12:59:45,079][com.java.TestType] [  444] - Steps being executted in the Concept are: 1:2
[INFO ][2016-01-18 12:59:45,079][com.java.TestType] [  451] - Test data details path ---------- D:\BankersDashboard\TestInputs\TestData.xls
[INFO ][2016-01-18 12:59:45,119][com.java.TestType] [  482] -  str(1) = 2
[INFO ][2016-01-18 12:59:45,119][com.java.TestType] [  485] - Test case Id is---2
[INFO ][2016-01-18 12:59:45,119][com.java.TestType] [  487] - 2
[INFO ][2016-01-18 12:59:45,119][com.java.TestType] [  482] -  str(2) = 1
[INFO ][2016-01-18 12:59:45,119][com.java.TestType] [  482] -  str(1) = 2
[INFO ][2016-01-18 12:59:45,119][com.java.TestType] [  485] - Test case Id is---2
[INFO ][2016-01-18 12:59:45,119][com.java.TestType] [  487] - 2
[INFO ][2016-01-18 12:59:45,119][com.java.TestType] [  482] -  str(2) = 2
[INFO ][2016-01-18 12:59:45,119][com.java.TestType] [  482] -  str(1) = 2
[INFO ][2016-01-18 12:59:45,119][com.java.TestType] [  485] - Test case Id is---2
[INFO ][2016-01-18 12:59:45,119][com.java.TestType] [  487] - 2
[INFO ][2016-01-18 12:59:45,119][com.java.TestType] [  482] -  str(2) = 3
[INFO ][2016-01-18 12:59:45,119][com.java.TestType] [11314] - Looping 1TCID = 2
[DEBUG][2016-01-18 12:59:45,119][com.java.TestType] [11355] - Concept ID:2 :: Step being Executed: 2::1
[INFO ][2016-01-18 12:59:45,119][com.java.TestType] [11393] - dataFields : BNK//select[@id='bank']
[DEBUG][2016-01-18 12:59:45,119][com.java.TestType] [11399] - <In Set values of the page>
[DEBUG][2016-01-18 12:59:45,119][com.java.TestType] [11404] - {Data Fields & Data Values Exist}
[INFO ][2016-01-18 12:59:45,119][com.java.TestType] [11410] - --------------------------setting values-----------------------------
[INFO ][2016-01-18 12:59:45,119][com.java.TestType] [11413] - Action Type : Select
[INFO ][2016-01-18 12:59:45,119][com.java.TestType] [ 6140] - value = PFC
[INFO ][2016-01-18 12:59:45,409][com.java.TestType] [11432] -  RESULT true
[INFO ][2016-01-18 12:59:45,409][com.java.TestType] [11549] - ?   P A S S   ?
[DEBUG][2016-01-18 12:59:45,409][com.java.TestType] [11355] - Concept ID:2 :: Step being Executed: 2::2
[INFO ][2016-01-18 12:59:45,409][com.java.TestType] [11393] - dataFields : LNKLogout
[DEBUG][2016-01-18 12:59:45,409][com.java.TestType] [11399] - <In Set values of the page>
[DEBUG][2016-01-18 12:59:45,409][com.java.TestType] [11404] - {Data Fields & Data Values Exist}
[INFO ][2016-01-18 12:59:45,409][com.java.TestType] [11410] - --------------------------setting values-----------------------------
[INFO ][2016-01-18 12:59:45,409][com.java.TestType] [11413] - Action Type : WaitTime
[DEBUG][2016-01-18 12:59:45,409][com.java.TestType] [ 5954] - sleepTime: 5000
[INFO ][2016-01-18 12:59:50,416][com.java.TestType] [11432] -  RESULT true
[INFO ][2016-01-18 12:59:50,416][com.java.TestType] [11549] - ?   P A S S   ?
[INFO ][2016-01-18 12:59:50,416][com.java.TestType] [11620] - Looping End......
[INFO ][2016-01-18 12:59:50,416][com.java.SeleniumDriver] [  930] -  RESULT true
[INFO ][2016-01-18 12:59:50,416][com.java.SeleniumDriver] [ 1136] - ?   P A S S   ?
[INFO ][2016-01-18 12:59:50,416][com.java.SeleniumDriver] [  856] - ------------------------------------------
[INFO ][2016-01-18 12:59:50,416][com.java.SeleniumDriver] [  857] - Test case being Executed: 1
[INFO ][2016-01-18 12:59:50,416][com.java.SeleniumDriver] [  869] - Test step:3
[INFO ][2016-01-18 12:59:50,416][com.java.SeleniumDriver] [  881] - Datavalue is----------2
[INFO ][2016-01-18 12:59:50,416][com.java.SeleniumDriver] [  905] - DataField : XPH//button[contains(text(),'Add Content')]
[INFO ][2016-01-18 12:59:50,416][com.java.SeleniumDriver] [  907] - DataValue : 2
[INFO ][2016-01-18 12:59:50,416][com.java.SeleniumDriver] [  913] - <In Set values of the page>
[INFO ][2016-01-18 12:59:50,416][com.java.SeleniumDriver] [  916] - {Data Fields & Data Values Exist}
[INFO ][2016-01-18 12:59:50,416][com.java.SeleniumDriver] [  918] - --------------------------setting values-----------------------------
[INFO ][2016-01-18 12:59:50,416][com.java.SeleniumDriver] [  921] - Action Type : WAITFORELEMENT
[INFO ][2016-01-18 12:59:50,457][com.java.SeleniumDriver] [  930] -  RESULT true
[INFO ][2016-01-18 12:59:50,457][com.java.SeleniumDriver] [ 1136] - ?   P A S S   ?
[DEBUG][2016-01-18 12:59:50,457][com.java.SeleniumDriver] [ 1248] - Case found
[DEBUG][2016-01-18 12:59:50,457][com.java.SeleniumDriver] [ 1253] - Incrementing ReportCounters[0]:1
[INFO ][2016-01-18 12:59:50,457][com.java.SeleniumDriver] [ 1272] - The results are-------------------[1, 1, Valid Login, Pass, , Mon Jan 18 12:59:45 IST 2016, 1, 2, Valid Login, Pass, , Mon Jan 18 12:59:50 IST 2016, 1, 3, Valid Login, Pass, , Mon Jan 18 12:59:50 IST 2016]
[INFO ][2016-01-18 12:59:50,457][com.java.SeleniumDriver] [ 1276] - End time is-------35 sec
[INFO ][2016-01-18 12:59:50,457][com.java.SeleniumDriver] [ 1277] - The results are-------------------[1, 1, Valid Login, Pass, , Mon Jan 18 12:59:45 IST 2016, 1, 2, Valid Login, Pass, , Mon Jan 18 12:59:50 IST 2016, 1, 3, Valid Login, Pass, , Mon Jan 18 12:59:50 IST 2016]
[DEBUG][2016-01-18 12:59:50,457][com.java.ImportnExport.ExportTestResultsExcel] [  222] - testResultPath = D:\BankersDashboard/TestReports/Test Results_BankersDashBoard_011816_125917_IE10_Any Bank USA.xls
[DEBUG][2016-01-18 12:59:50,457][com.java.ImportnExport.ExportTestResultsExcel] [  223] - browser is------------IE10
[DEBUG][2016-01-18 12:59:50,507][com.java.ImportnExport.ExportTestResultsExcel] [  270] - result.size() = 18
[DEBUG][2016-01-18 12:59:50,507][com.java.ImportnExport.ExportTestResultsExcel] [  274] - No of rows in sheet=1
[DEBUG][2016-01-18 12:59:50,507][com.java.ImportnExport.ExportTestResultsExcel] [  301] - ..in export..1
[DEBUG][2016-01-18 12:59:50,507][com.java.ImportnExport.ExportTestResultsExcel] [  301] - ..in export..Valid Login
[DEBUG][2016-01-18 12:59:50,507][com.java.ImportnExport.ExportTestResultsExcel] [  301] - ..in export..Pass
[DEBUG][2016-01-18 12:59:50,507][com.java.ImportnExport.ExportTestResultsExcel] [  301] - ..in export..
[DEBUG][2016-01-18 12:59:50,507][com.java.ImportnExport.ExportTestResultsExcel] [  301] - ..in export..Mon Jan 18 12:59:45 IST 2016
[INFO ][2016-01-18 12:59:50,507][com.java.SeleniumDriver] [ 1337] - out loop:0 size:2 TestCases:[1, 29] testcases:[1, 29]
[INFO ][2016-01-18 12:59:50,507][com.java.ImportnExport.ImportTestDataDetailsExcel] [   49] - test data details path===== D:\BankersDashboard\TestInputs\TestData.xls
[INFO ][2016-01-18 13:00:05,766][com.java.SeleniumDriver] [  856] - ------------------------------------------
[INFO ][2016-01-18 13:00:05,766][com.java.SeleniumDriver] [  857] - Test case being Executed: 29
[INFO ][2016-01-18 13:00:05,766][com.java.SeleniumDriver] [  869] - Test step:1
[INFO ][2016-01-18 13:00:05,766][com.java.SeleniumDriver] [  881] - Datavalue is----------Logout
[INFO ][2016-01-18 13:00:05,766][com.java.SeleniumDriver] [  905] - DataField : BTN
[INFO ][2016-01-18 13:00:05,766][com.java.SeleniumDriver] [  907] - DataValue : Logout
[INFO ][2016-01-18 13:00:05,766][com.java.SeleniumDriver] [  913] - <In Set values of the page>
[INFO ][2016-01-18 13:00:05,766][com.java.SeleniumDriver] [  916] - {Data Fields & Data Values Exist}
[INFO ][2016-01-18 13:00:05,766][com.java.SeleniumDriver] [  918] - --------------------------setting values-----------------------------
[INFO ][2016-01-18 13:00:05,766][com.java.SeleniumDriver] [  921] - Action Type : Verify
[INFO ][2016-01-18 13:00:05,766][com.java.TestType] [ 7647] - field= BTN value= Logout
[INFO ][2016-01-18 13:00:05,766][com.java.TestType] [ 6140] - value = Logout
[INFO ][2016-01-18 13:00:05,847][com.java.SeleniumDriver] [  930] -  RESULT true
[INFO ][2016-01-18 13:00:05,847][com.java.SeleniumDriver] [ 1136] - ?   P A S S   ?
[INFO ][2016-01-18 13:00:05,847][com.java.SeleniumDriver] [ 1178] - step change to 3
[INFO ][2016-01-18 13:00:05,847][com.java.SeleniumDriver] [  856] - ------------------------------------------
[INFO ][2016-01-18 13:00:05,847][com.java.SeleniumDriver] [  857] - Test case being Executed: 29
[INFO ][2016-01-18 13:00:05,847][com.java.SeleniumDriver] [  869] - Test step:3
[INFO ][2016-01-18 13:00:05,847][com.java.SeleniumDriver] [  881] - Datavalue is----------Concept#2:1-2
[INFO ][2016-01-18 13:00:05,847][com.java.SeleniumDriver] [  905] - DataField : test
[INFO ][2016-01-18 13:00:05,847][com.java.SeleniumDriver] [  907] - DataValue : Concept#2:1-2
[INFO ][2016-01-18 13:00:05,847][com.java.SeleniumDriver] [  913] - <In Set values of the page>
[INFO ][2016-01-18 13:00:05,847][com.java.SeleniumDriver] [  916] - {Data Fields & Data Values Exist}
[INFO ][2016-01-18 13:00:05,847][com.java.SeleniumDriver] [  918] - --------------------------setting values-----------------------------
[INFO ][2016-01-18 13:00:05,847][com.java.SeleniumDriver] [  921] - Action Type : ExecuteTestCase
[INFO ][2016-01-18 13:00:05,847][com.java.TestType] [  437] - The Concept sheet name is ---------- Concept
[INFO ][2016-01-18 13:00:05,847][com.java.TestType] [  440] - The Concept ID  is ---------- 2
[DEBUG][2016-01-18 13:00:05,847][com.java.TestType] [  444] - Steps being executted in the Concept are: 1:2
[INFO ][2016-01-18 13:00:05,847][com.java.TestType] [  451] - Test data details path ---------- D:\BankersDashboard\TestInputs\TestData.xls
[INFO ][2016-01-18 13:00:05,877][com.java.TestType] [  482] -  str(1) = 2
[INFO ][2016-01-18 13:00:05,877][com.java.TestType] [  485] - Test case Id is---2
[INFO ][2016-01-18 13:00:05,877][com.java.TestType] [  487] - 2
[INFO ][2016-01-18 13:00:05,877][com.java.TestType] [  482] -  str(2) = 1
[INFO ][2016-01-18 13:00:05,877][com.java.TestType] [  482] -  str(1) = 2
[INFO ][2016-01-18 13:00:05,877][com.java.TestType] [  485] - Test case Id is---2
[INFO ][2016-01-18 13:00:05,877][com.java.TestType] [  487] - 2
[INFO ][2016-01-18 13:00:05,877][com.java.TestType] [  482] -  str(2) = 2
[INFO ][2016-01-18 13:00:05,887][com.java.TestType] [  482] -  str(1) = 2
[INFO ][2016-01-18 13:00:05,887][com.java.TestType] [  485] - Test case Id is---2
[INFO ][2016-01-18 13:00:05,887][com.java.TestType] [  487] - 2
[INFO ][2016-01-18 13:00:05,887][com.java.TestType] [  482] -  str(2) = 3
[INFO ][2016-01-18 13:00:05,887][com.java.TestType] [11314] - Looping 1TCID = 2
[DEBUG][2016-01-18 13:00:05,887][com.java.TestType] [11355] - Concept ID:2 :: Step being Executed: 2::1
[INFO ][2016-01-18 13:00:05,887][com.java.TestType] [11393] - dataFields : BNK//select[@id='bank']
[DEBUG][2016-01-18 13:00:05,887][com.java.TestType] [11399] - <In Set values of the page>
[DEBUG][2016-01-18 13:00:05,887][com.java.TestType] [11404] - {Data Fields & Data Values Exist}
[INFO ][2016-01-18 13:00:05,887][com.java.TestType] [11410] - --------------------------setting values-----------------------------
[INFO ][2016-01-18 13:00:05,887][com.java.TestType] [11413] - Action Type : Select
[INFO ][2016-01-18 13:00:05,887][com.java.TestType] [ 6140] - value = PFC
[INFO ][2016-01-18 13:00:06,067][com.java.TestType] [11432] -  RESULT true
[INFO ][2016-01-18 13:00:06,067][com.java.TestType] [11549] - ?   P A S S   ?
[DEBUG][2016-01-18 13:00:06,067][com.java.TestType] [11355] - Concept ID:2 :: Step being Executed: 2::2
[INFO ][2016-01-18 13:00:06,067][com.java.TestType] [11393] - dataFields : LNKLogout
[DEBUG][2016-01-18 13:00:06,067][com.java.TestType] [11399] - <In Set values of the page>
[DEBUG][2016-01-18 13:00:06,067][com.java.TestType] [11404] - {Data Fields & Data Values Exist}
[INFO ][2016-01-18 13:00:06,067][com.java.TestType] [11410] - --------------------------setting values-----------------------------
[INFO ][2016-01-18 13:00:06,067][com.java.TestType] [11413] - Action Type : WaitTime
[DEBUG][2016-01-18 13:00:06,067][com.java.TestType] [ 5954] - sleepTime: 5000
[INFO ][2016-01-18 13:00:11,071][com.java.TestType] [11432] -  RESULT true
[INFO ][2016-01-18 13:00:11,071][com.java.TestType] [11549] - ?   P A S S   ?
[INFO ][2016-01-18 13:00:11,071][com.java.TestType] [11620] - Looping End......
[INFO ][2016-01-18 13:00:11,071][com.java.SeleniumDriver] [  930] -  RESULT true
[INFO ][2016-01-18 13:00:11,071][com.java.SeleniumDriver] [ 1136] - ?   P A S S   ?
[INFO ][2016-01-18 13:00:11,071][com.java.SeleniumDriver] [  856] - ------------------------------------------
[INFO ][2016-01-18 13:00:11,071][com.java.SeleniumDriver] [  857] - Test case being Executed: 29
[INFO ][2016-01-18 13:00:11,071][com.java.SeleniumDriver] [  869] - Test step:4
[INFO ][2016-01-18 13:00:11,071][com.java.SeleniumDriver] [  881] - Datavalue is----------2
[INFO ][2016-01-18 13:00:11,071][com.java.SeleniumDriver] [  905] - DataField : XPH//button[contains(text(),'Add Content')]
[INFO ][2016-01-18 13:00:11,071][com.java.SeleniumDriver] [  907] - DataValue : 2
[INFO ][2016-01-18 13:00:11,071][com.java.SeleniumDriver] [  913] - <In Set values of the page>
[INFO ][2016-01-18 13:00:11,071][com.java.SeleniumDriver] [  916] - {Data Fields & Data Values Exist}
[INFO ][2016-01-18 13:00:11,071][com.java.SeleniumDriver] [  918] - --------------------------setting values-----------------------------
[INFO ][2016-01-18 13:00:11,071][com.java.SeleniumDriver] [  921] - Action Type : WAITFORELEMENT
[INFO ][2016-01-18 13:00:11,112][com.java.SeleniumDriver] [  930] -  RESULT true
[INFO ][2016-01-18 13:00:11,112][com.java.SeleniumDriver] [ 1136] - ?   P A S S   ?
[INFO ][2016-01-18 13:00:11,112][com.java.SeleniumDriver] [  856] - ------------------------------------------
[INFO ][2016-01-18 13:00:11,112][com.java.SeleniumDriver] [  857] - Test case being Executed: 29
[INFO ][2016-01-18 13:00:11,112][com.java.SeleniumDriver] [  869] - Test step:5
[INFO ][2016-01-18 13:00:11,112][com.java.SeleniumDriver] [  881] - Datavalue is----------null
[DEBUG][2016-01-18 13:00:11,112][com.java.SeleniumDriver] [  899] - Exception: null
[INFO ][2016-01-18 13:00:11,112][com.java.SeleniumDriver] [  905] - DataField : //span[@class='icon-user4']&&//ul[@id='Admin']/li[2]/a&&//ul[@id='GLMapping']/li[3]/a
[INFO ][2016-01-18 13:00:11,112][com.java.SeleniumDriver] [  907] - DataValue : 
[INFO ][2016-01-18 13:00:11,112][com.java.SeleniumDriver] [  913] - <In Set values of the page>
[INFO ][2016-01-18 13:00:11,112][com.java.SeleniumDriver] [  916] - {Data Fields & Data Values Exist}
[INFO ][2016-01-18 13:00:11,112][com.java.SeleniumDriver] [  918] - --------------------------setting values-----------------------------
[INFO ][2016-01-18 13:00:11,112][com.java.SeleniumDriver] [  921] - Action Type : mouseover
[INFO ][2016-01-18 13:00:37,858][com.java.SeleniumDriver] [  930] -  RESULT true
[INFO ][2016-01-18 13:00:37,858][com.java.SeleniumDriver] [ 1136] - ?   P A S S   ?
[INFO ][2016-01-18 13:00:37,858][com.java.SeleniumDriver] [  856] - ------------------------------------------
[INFO ][2016-01-18 13:00:37,858][com.java.SeleniumDriver] [  857] - Test case being Executed: 29
[INFO ][2016-01-18 13:00:37,858][com.java.SeleniumDriver] [  869] - Test step:6
[INFO ][2016-01-18 13:00:37,858][com.java.SeleniumDriver] [  881] - Datavalue is----------Loan Concentration
[INFO ][2016-01-18 13:00:37,858][com.java.SeleniumDriver] [  905] - DataField : XPH//span[@class='ui-dialog-title']
[INFO ][2016-01-18 13:00:37,858][com.java.SeleniumDriver] [  907] - DataValue : Loan Concentration
[INFO ][2016-01-18 13:00:37,858][com.java.SeleniumDriver] [  913] - <In Set values of the page>
[INFO ][2016-01-18 13:00:37,858][com.java.SeleniumDriver] [  916] - {Data Fields & Data Values Exist}
[INFO ][2016-01-18 13:00:37,858][com.java.SeleniumDriver] [  918] - --------------------------setting values-----------------------------
[INFO ][2016-01-18 13:00:37,858][com.java.SeleniumDriver] [  921] - Action Type : verify
[INFO ][2016-01-18 13:00:37,858][com.java.TestType] [ 7647] - field= XPH//span[@class='ui-dialog-title'] value= Loan Concentration
[INFO ][2016-01-18 13:00:37,858][com.java.TestType] [ 6140] - value = Loan Concentration
[INFO ][2016-01-18 13:00:37,989][com.java.SeleniumDriver] [  930] -  RESULT true
[INFO ][2016-01-18 13:00:37,989][com.java.SeleniumDriver] [ 1136] - ?   P A S S   ?
[INFO ][2016-01-18 13:00:37,989][com.java.SeleniumDriver] [  856] - ------------------------------------------
[INFO ][2016-01-18 13:00:37,989][com.java.SeleniumDriver] [  857] - Test case being Executed: 29
[INFO ][2016-01-18 13:00:37,989][com.java.SeleniumDriver] [  869] - Test step:7
[INFO ][2016-01-18 13:00:37,989][com.java.SeleniumDriver] [  881] - Datavalue is----------null
[DEBUG][2016-01-18 13:00:37,989][com.java.SeleniumDriver] [  899] - Exception: null
[INFO ][2016-01-18 13:00:37,989][com.java.SeleniumDriver] [  905] - DataField : BTNframeDialogContent
[INFO ][2016-01-18 13:00:37,989][com.java.SeleniumDriver] [  907] - DataValue : 
[INFO ][2016-01-18 13:00:37,989][com.java.SeleniumDriver] [  913] - <In Set values of the page>
[INFO ][2016-01-18 13:00:37,989][com.java.SeleniumDriver] [  916] - {Data Fields & Data Values Exist}
[INFO ][2016-01-18 13:00:37,989][com.java.SeleniumDriver] [  918] - --------------------------setting values-----------------------------
[INFO ][2016-01-18 13:00:37,989][com.java.SeleniumDriver] [  921] - Action Type : selectframe
[INFO ][2016-01-18 13:00:39,240][com.java.SeleniumDriver] [  930] -  RESULT true
[INFO ][2016-01-18 13:00:39,240][com.java.SeleniumDriver] [ 1136] - ?   P A S S   ?
[INFO ][2016-01-18 13:00:39,240][com.java.SeleniumDriver] [  856] - ------------------------------------------
[INFO ][2016-01-18 13:00:39,240][com.java.SeleniumDriver] [  857] - Test case being Executed: 29
[INFO ][2016-01-18 13:00:39,240][com.java.SeleniumDriver] [  869] - Test step:8
[INFO ][2016-01-18 13:00:39,240][com.java.SeleniumDriver] [  881] - Datavalue is----------null
[DEBUG][2016-01-18 13:00:39,240][com.java.SeleniumDriver] [  899] - Exception: null
[INFO ][2016-01-18 13:00:39,240][com.java.SeleniumDriver] [  905] - DataField : BTNbtnAddCategory
[INFO ][2016-01-18 13:00:39,240][com.java.SeleniumDriver] [  907] - DataValue : 
[INFO ][2016-01-18 13:00:39,240][com.java.SeleniumDriver] [  913] - <In Set values of the page>
[INFO ][2016-01-18 13:00:39,240][com.java.SeleniumDriver] [  916] - {Data Fields & Data Values Exist}
[INFO ][2016-01-18 13:00:39,240][com.java.SeleniumDriver] [  918] - --------------------------setting values-----------------------------
[INFO ][2016-01-18 13:00:39,240][com.java.SeleniumDriver] [  921] - Action Type : click
[INFO ][2016-01-18 13:00:39,240][com.java.TestType] [ 6519] - Field ::BTNbtnAddCategory
[INFO ][2016-01-18 13:00:39,240][com.java.TestType] [ 6140] - value = 
[INFO ][2016-01-18 13:00:40,240][com.java.TestType] [ 6635] - BEFORE CLICK
[INFO ][2016-01-18 13:00:41,443][com.java.TestType] [ 6642] - Unable to click the object click on Add new category button
[INFO ][2016-01-18 13:00:41,443][com.java.SeleniumDriver] [  930] -  RESULT true
[INFO ][2016-01-18 13:00:41,443][com.java.SeleniumDriver] [ 1136] - ?   P A S S   ?
[INFO ][2016-01-18 13:00:41,443][com.java.SeleniumDriver] [  856] - ------------------------------------------
[INFO ][2016-01-18 13:00:41,443][com.java.SeleniumDriver] [  857] - Test case being Executed: 29
[INFO ][2016-01-18 13:00:41,443][com.java.SeleniumDriver] [  869] - Test step:9
[INFO ][2016-01-18 13:00:41,443][com.java.SeleniumDriver] [  881] - Datavalue is----------10
[INFO ][2016-01-18 13:00:41,443][com.java.SeleniumDriver] [  905] - DataField : DSPddlGroup
[INFO ][2016-01-18 13:00:41,443][com.java.SeleniumDriver] [  907] - DataValue : 10
[INFO ][2016-01-18 13:00:41,443][com.java.SeleniumDriver] [  913] - <In Set values of the page>
[INFO ][2016-01-18 13:00:41,443][com.java.SeleniumDriver] [  916] - {Data Fields & Data Values Exist}
[INFO ][2016-01-18 13:00:41,443][com.java.SeleniumDriver] [  918] - --------------------------setting values-----------------------------
[INFO ][2016-01-18 13:00:41,443][com.java.SeleniumDriver] [  921] - Action Type : waitforelement
[INFO ][2016-01-18 13:00:42,554][com.java.SeleniumDriver] [  930] -  RESULT true
[INFO ][2016-01-18 13:00:42,554][com.java.SeleniumDriver] [ 1136] - ?   P A S S   ?
[INFO ][2016-01-18 13:00:42,554][com.java.SeleniumDriver] [  856] - ------------------------------------------
[INFO ][2016-01-18 13:00:42,554][com.java.SeleniumDriver] [  857] - Test case being Executed: 29
[INFO ][2016-01-18 13:00:42,554][com.java.SeleniumDriver] [  869] - Test step:10
[INFO ][2016-01-18 13:00:42,554][com.java.SeleniumDriver] [  881] - Datavalue is----------Primary Group
[INFO ][2016-01-18 13:00:42,554][com.java.SeleniumDriver] [  905] - DataField : MSG
[INFO ][2016-01-18 13:00:42,554][com.java.SeleniumDriver] [  907] - DataValue : Primary Group
[INFO ][2016-01-18 13:00:42,554][com.java.SeleniumDriver] [  913] - <In Set values of the page>
[INFO ][2016-01-18 13:00:42,554][com.java.SeleniumDriver] [  916] - {Data Fields & Data Values Exist}
[INFO ][2016-01-18 13:00:42,554][com.java.SeleniumDriver] [  918] - --------------------------setting values-----------------------------
[INFO ][2016-01-18 13:00:42,554][com.java.SeleniumDriver] [  921] - Action Type : verify
[INFO ][2016-01-18 13:00:42,554][com.java.TestType] [ 7647] - field= MSG value= Primary Group
[INFO ][2016-01-18 13:00:42,554][com.java.TestType] [ 6140] - value = Primary Group
[DEBUG][2016-01-18 13:00:42,554][com.java.TestType] [ 8477] - value :: Primary Group
[INFO ][2016-01-18 13:00:42,574][com.java.SeleniumDriver] [  930] -  RESULT true
[INFO ][2016-01-18 13:00:42,574][com.java.SeleniumDriver] [ 1136] - ?   P A S S   ?
[INFO ][2016-01-18 13:00:42,574][com.java.SeleniumDriver] [  856] - ------------------------------------------
[INFO ][2016-01-18 13:00:42,574][com.java.SeleniumDriver] [  857] - Test case being Executed: 29
[INFO ][2016-01-18 13:00:42,574][com.java.SeleniumDriver] [  869] - Test step:11
[INFO ][2016-01-18 13:00:42,574][com.java.SeleniumDriver] [  881] - Datavalue is----------Category
[INFO ][2016-01-18 13:00:42,574][com.java.SeleniumDriver] [  905] - DataField : MSG
[INFO ][2016-01-18 13:00:42,574][com.java.SeleniumDriver] [  907] - DataValue : Category
[INFO ][2016-01-18 13:00:42,574][com.java.SeleniumDriver] [  913] - <In Set values of the page>
[INFO ][2016-01-18 13:00:42,574][com.java.SeleniumDriver] [  916] - {Data Fields & Data Values Exist}
[INFO ][2016-01-18 13:00:42,574][com.java.SeleniumDriver] [  918] - --------------------------setting values-----------------------------
[INFO ][2016-01-18 13:00:42,574][com.java.SeleniumDriver] [  921] - Action Type : verify
[INFO ][2016-01-18 13:00:42,574][com.java.TestType] [ 7647] - field= MSG value= Category
[INFO ][2016-01-18 13:00:42,574][com.java.TestType] [ 6140] - value = Category
[DEBUG][2016-01-18 13:00:42,574][com.java.TestType] [ 8477] - value :: Category
[INFO ][2016-01-18 13:00:42,594][com.java.SeleniumDriver] [  930] -  RESULT true
[INFO ][2016-01-18 13:00:42,594][com.java.SeleniumDriver] [ 1136] - ?   P A S S   ?
[INFO ][2016-01-18 13:00:42,594][com.java.SeleniumDriver] [  856] - ------------------------------------------
[INFO ][2016-01-18 13:00:42,594][com.java.SeleniumDriver] [  857] - Test case being Executed: 29
[INFO ][2016-01-18 13:00:42,594][com.java.SeleniumDriver] [  869] - Test step:12
[INFO ][2016-01-18 13:00:42,594][com.java.SeleniumDriver] [  881] - Datavalue is----------Approved Capital %
[INFO ][2016-01-18 13:00:42,594][com.java.SeleniumDriver] [  905] - DataField : MSG
[INFO ][2016-01-18 13:00:42,594][com.java.SeleniumDriver] [  907] - DataValue : Approved Capital %
[INFO ][2016-01-18 13:00:42,594][com.java.SeleniumDriver] [  913] - <In Set values of the page>
[INFO ][2016-01-18 13:00:42,594][com.java.SeleniumDriver] [  916] - {Data Fields & Data Values Exist}
[INFO ][2016-01-18 13:00:42,594][com.java.SeleniumDriver] [  918] - --------------------------setting values-----------------------------
[INFO ][2016-01-18 13:00:42,594][com.java.SeleniumDriver] [  921] - Action Type : verify
[INFO ][2016-01-18 13:00:42,594][com.java.TestType] [ 7647] - field= MSG value= Approved Capital %
[INFO ][2016-01-18 13:00:42,594][com.java.TestType] [ 6140] - value = Approved Capital %
[DEBUG][2016-01-18 13:00:42,594][com.java.TestType] [ 8477] - value :: Approved Capital %
[INFO ][2016-01-18 13:00:42,614][com.java.SeleniumDriver] [  930] -  RESULT true
[INFO ][2016-01-18 13:00:42,614][com.java.SeleniumDriver] [ 1136] - ?   P A S S   ?
[INFO ][2016-01-18 13:00:42,614][com.java.SeleniumDriver] [  856] - ------------------------------------------
[INFO ][2016-01-18 13:00:42,614][com.java.SeleniumDriver] [  857] - Test case being Executed: 29
[INFO ][2016-01-18 13:00:42,614][com.java.SeleniumDriver] [  869] - Test step:13
[INFO ][2016-01-18 13:00:42,614][com.java.SeleniumDriver] [  881] - Datavalue is----------Approved Loan %
[INFO ][2016-01-18 13:00:42,614][com.java.SeleniumDriver] [  905] - DataField : MSG
[INFO ][2016-01-18 13:00:42,614][com.java.SeleniumDriver] [  907] - DataValue : Approved Loan %
[INFO ][2016-01-18 13:00:42,614][com.java.SeleniumDriver] [  913] - <In Set values of the page>
[INFO ][2016-01-18 13:00:42,614][com.java.SeleniumDriver] [  916] - {Data Fields & Data Values Exist}
[INFO ][2016-01-18 13:00:42,614][com.java.SeleniumDriver] [  918] - --------------------------setting values-----------------------------
[INFO ][2016-01-18 13:00:42,614][com.java.SeleniumDriver] [  921] - Action Type : verify
[INFO ][2016-01-18 13:00:42,614][com.java.TestType] [ 7647] - field= MSG value= Approved Loan %
[INFO ][2016-01-18 13:00:42,614][com.java.TestType] [ 6140] - value = Approved Loan %
[DEBUG][2016-01-18 13:00:42,614][com.java.TestType] [ 8477] - value :: Approved Loan %
[INFO ][2016-01-18 13:00:42,634][com.java.SeleniumDriver] [  930] -  RESULT true
[INFO ][2016-01-18 13:00:42,634][com.java.SeleniumDriver] [ 1136] - ?   P A S S   ?
[INFO ][2016-01-18 13:00:42,634][com.java.SeleniumDriver] [  856] - ------------------------------------------
[INFO ][2016-01-18 13:00:42,634][com.java.SeleniumDriver] [  857] - Test case being Executed: 29
[INFO ][2016-01-18 13:00:42,634][com.java.SeleniumDriver] [  869] - Test step:14
[INFO ][2016-01-18 13:00:42,634][com.java.SeleniumDriver] [  881] - Datavalue is----------2
[INFO ][2016-01-18 13:00:42,634][com.java.SeleniumDriver] [  905] - DataField : null
[INFO ][2016-01-18 13:00:42,634][com.java.SeleniumDriver] [  907] - DataValue : 2
[INFO ][2016-01-18 13:00:42,634][com.java.SeleniumDriver] [  913] - <In Set values of the page>
[INFO ][2016-01-18 13:00:42,634][com.java.SeleniumDriver] [  916] - {Data Fields & Data Values Exist}
[INFO ][2016-01-18 13:00:42,634][com.java.SeleniumDriver] [  918] - --------------------------setting values-----------------------------
[INFO ][2016-01-18 13:00:42,634][com.java.SeleniumDriver] [  921] - Action Type : waittime
[DEBUG][2016-01-18 13:00:42,634][com.java.TestType] [ 5954] - sleepTime: 2000
[INFO ][2016-01-18 13:00:44,634][com.java.SeleniumDriver] [  930] -  RESULT true
[INFO ][2016-01-18 13:00:44,634][com.java.SeleniumDriver] [ 1136] - ?   P A S S   ?
[INFO ][2016-01-18 13:00:44,634][com.java.SeleniumDriver] [  856] - ------------------------------------------
[INFO ][2016-01-18 13:00:44,634][com.java.SeleniumDriver] [  857] - Test case being Executed: 29
[INFO ][2016-01-18 13:00:44,634][com.java.SeleniumDriver] [  869] - Test step:15
[INFO ][2016-01-18 13:00:44,634][com.java.SeleniumDriver] [  881] - Datavalue is----------null
[DEBUG][2016-01-18 13:00:44,634][com.java.SeleniumDriver] [  899] - Exception: null
[INFO ][2016-01-18 13:00:44,634][com.java.SeleniumDriver] [  905] - DataField : BTNddlGroup
[INFO ][2016-01-18 13:00:44,634][com.java.SeleniumDriver] [  907] - DataValue : 
[INFO ][2016-01-18 13:00:44,634][com.java.SeleniumDriver] [  913] - <In Set values of the page>
[INFO ][2016-01-18 13:00:44,634][com.java.SeleniumDriver] [  916] - {Data Fields & Data Values Exist}
[INFO ][2016-01-18 13:00:44,634][com.java.SeleniumDriver] [  918] - --------------------------setting values-----------------------------
[INFO ][2016-01-18 13:00:44,634][com.java.SeleniumDriver] [  921] - Action Type : click
[INFO ][2016-01-18 13:00:44,634][com.java.TestType] [ 6519] - Field ::BTNddlGroup
[INFO ][2016-01-18 13:00:44,634][com.java.TestType] [ 6140] - value = 
[INFO ][2016-01-18 13:00:45,640][com.java.TestType] [ 6635] - BEFORE CLICK
[INFO ][2016-01-18 13:00:46,811][com.java.TestType] [ 6642] - Unable to click the object Click on Primary Group
[INFO ][2016-01-18 13:00:46,811][com.java.SeleniumDriver] [  930] -  RESULT true
[INFO ][2016-01-18 13:00:46,811][com.java.SeleniumDriver] [ 1136] - ?   P A S S   ?
[INFO ][2016-01-18 13:00:46,811][com.java.SeleniumDriver] [  856] - ------------------------------------------
[INFO ][2016-01-18 13:00:46,811][com.java.SeleniumDriver] [  857] - Test case being Executed: 29
[INFO ][2016-01-18 13:00:46,811][com.java.SeleniumDriver] [  869] - Test step:16
[INFO ][2016-01-18 13:00:46,811][com.java.SeleniumDriver] [  881] - Datavalue is----------index:1
[INFO ][2016-01-18 13:00:46,811][com.java.SeleniumDriver] [  905] - DataField : COBddlGroup
[INFO ][2016-01-18 13:00:46,811][com.java.SeleniumDriver] [  907] - DataValue : index:1
[INFO ][2016-01-18 13:00:46,811][com.java.SeleniumDriver] [  913] - <In Set values of the page>
[INFO ][2016-01-18 13:00:46,811][com.java.SeleniumDriver] [  916] - {Data Fields & Data Values Exist}
[INFO ][2016-01-18 13:00:46,811][com.java.SeleniumDriver] [  918] - --------------------------setting values-----------------------------
[INFO ][2016-01-18 13:00:46,811][com.java.SeleniumDriver] [  921] - Action Type : select
[INFO ][2016-01-18 13:00:46,811][com.java.TestType] [ 6140] - value = 1
[INFO ][2016-01-18 13:00:47,912][com.java.TestType] [ 6258] -  In COB ddlGroup : 1
[INFO ][2016-01-18 13:00:48,062][com.java.SeleniumDriver] [  930] -  RESULT true
[INFO ][2016-01-18 13:00:48,062][com.java.SeleniumDriver] [ 1136] - ?   P A S S   ?
[INFO ][2016-01-18 13:00:48,062][com.java.SeleniumDriver] [  856] - ------------------------------------------
[INFO ][2016-01-18 13:00:48,062][com.java.SeleniumDriver] [  857] - Test case being Executed: 29
[INFO ][2016-01-18 13:00:48,062][com.java.SeleniumDriver] [  869] - Test step:17
[INFO ][2016-01-18 13:00:48,062][com.java.SeleniumDriver] [  881] - Datavalue is----------RNDVLTest
[INFO ][2016-01-18 13:00:48,062][com.java.SeleniumDriver] [  905] - DataField : TXTtxtCategoryName
[INFO ][2016-01-18 13:00:48,062][com.java.SeleniumDriver] [  907] - DataValue : RNDVLTest
[INFO ][2016-01-18 13:00:48,062][com.java.SeleniumDriver] [  913] - <In Set values of the page>
[INFO ][2016-01-18 13:00:48,062][com.java.SeleniumDriver] [  916] - {Data Fields & Data Values Exist}
[INFO ][2016-01-18 13:00:48,062][com.java.SeleniumDriver] [  918] - --------------------------setting values-----------------------------
[INFO ][2016-01-18 13:00:48,062][com.java.SeleniumDriver] [  921] - Action Type : clearandenter
[INFO ][2016-01-18 13:00:49,203][com.java.TestType] [ 6140] - value = VLTest22039
[INFO ][2016-01-18 13:00:50,794][com.java.SeleniumDriver] [  930] -  RESULT true
[INFO ][2016-01-18 13:00:50,794][com.java.SeleniumDriver] [ 1136] - ?   P A S S   ?
[INFO ][2016-01-18 13:00:50,794][com.java.SeleniumDriver] [  856] - ------------------------------------------
[INFO ][2016-01-18 13:00:50,794][com.java.SeleniumDriver] [  857] - Test case being Executed: 29
[INFO ][2016-01-18 13:00:50,794][com.java.SeleniumDriver] [  869] - Test step:18
[INFO ][2016-01-18 13:00:50,794][com.java.SeleniumDriver] [  881] - Datavalue is----------1
[INFO ][2016-01-18 13:00:50,794][com.java.SeleniumDriver] [  905] - DataField : null
[INFO ][2016-01-18 13:00:50,794][com.java.SeleniumDriver] [  907] - DataValue : 1
[INFO ][2016-01-18 13:00:50,794][com.java.SeleniumDriver] [  913] - <In Set values of the page>
[INFO ][2016-01-18 13:00:50,794][com.java.SeleniumDriver] [  916] - {Data Fields & Data Values Exist}
[INFO ][2016-01-18 13:00:50,794][com.java.SeleniumDriver] [  918] - --------------------------setting values-----------------------------
[INFO ][2016-01-18 13:00:50,794][com.java.SeleniumDriver] [  921] - Action Type : waittime
[DEBUG][2016-01-18 13:00:50,794][com.java.TestType] [ 5954] - sleepTime: 1000
[INFO ][2016-01-18 13:00:51,794][com.java.SeleniumDriver] [  930] -  RESULT true
[INFO ][2016-01-18 13:00:51,794][com.java.SeleniumDriver] [ 1136] - ?   P A S S   ?
[INFO ][2016-01-18 13:00:51,794][com.java.SeleniumDriver] [  856] - ------------------------------------------
[INFO ][2016-01-18 13:00:51,794][com.java.SeleniumDriver] [  857] - Test case being Executed: 29
[INFO ][2016-01-18 13:00:51,794][com.java.SeleniumDriver] [  869] - Test step:19
[INFO ][2016-01-18 13:00:51,794][com.java.SeleniumDriver] [  881] - Datavalue is----------Description
[INFO ][2016-01-18 13:00:51,794][com.java.SeleniumDriver] [  905] - DataField : TXTtxtCategoryName
[INFO ][2016-01-18 13:00:51,794][com.java.SeleniumDriver] [  907] - DataValue : Description
[INFO ][2016-01-18 13:00:51,794][com.java.SeleniumDriver] [  913] - <In Set values of the page>
[INFO ][2016-01-18 13:00:51,794][com.java.SeleniumDriver] [  916] - {Data Fields & Data Values Exist}
[INFO ][2016-01-18 13:00:51,794][com.java.SeleniumDriver] [  918] - --------------------------setting values-----------------------------
[INFO ][2016-01-18 13:00:51,794][com.java.SeleniumDriver] [  921] - Action Type : storevalue
[INFO ][2016-01-18 13:00:51,794][com.java.TestType] [ 9074] - field= TXTtxtCategoryName
[DEBUG][2016-01-18 13:00:52,886][com.java.TestType] [ 9088] - Key:: Description  Value:: VLTest22039
[INFO ][2016-01-18 13:00:52,886][com.java.SeleniumDriver] [  930] -  RESULT true
[INFO ][2016-01-18 13:00:52,886][com.java.SeleniumDriver] [ 1136] - ?   P A S S   ?
[INFO ][2016-01-18 13:00:52,886][com.java.SeleniumDriver] [  856] - ------------------------------------------
[INFO ][2016-01-18 13:00:52,886][com.java.SeleniumDriver] [  857] - Test case being Executed: 29
[INFO ][2016-01-18 13:00:52,886][com.java.SeleniumDriver] [  869] - Test step:20
[INFO ][2016-01-18 13:00:52,886][com.java.SeleniumDriver] [  881] - Datavalue is----------50
[INFO ][2016-01-18 13:00:52,886][com.java.SeleniumDriver] [  905] - DataField : TXTtxtAppsPerc
[INFO ][2016-01-18 13:00:52,886][com.java.SeleniumDriver] [  907] - DataValue : 50
[INFO ][2016-01-18 13:00:52,886][com.java.SeleniumDriver] [  913] - <In Set values of the page>
[INFO ][2016-01-18 13:00:52,886][com.java.SeleniumDriver] [  916] - {Data Fields & Data Values Exist}
[INFO ][2016-01-18 13:00:52,886][com.java.SeleniumDriver] [  918] - --------------------------setting values-----------------------------
[INFO ][2016-01-18 13:00:52,886][com.java.SeleniumDriver] [  921] - Action Type : clearandenter
[INFO ][2016-01-18 13:00:54,017][com.java.TestType] [ 6140] - value = 50
[INFO ][2016-01-18 13:00:55,178][com.java.SeleniumDriver] [  930] -  RESULT true
[INFO ][2016-01-18 13:00:55,178][com.java.SeleniumDriver] [ 1136] - ?   P A S S   ?
[INFO ][2016-01-18 13:00:55,178][com.java.SeleniumDriver] [  856] - ------------------------------------------
[INFO ][2016-01-18 13:00:55,178][com.java.SeleniumDriver] [  857] - Test case being Executed: 29
[INFO ][2016-01-18 13:00:55,178][com.java.SeleniumDriver] [  869] - Test step:21
[INFO ][2016-01-18 13:00:55,178][com.java.SeleniumDriver] [  881] - Datavalue is----------50
[INFO ][2016-01-18 13:00:55,178][com.java.SeleniumDriver] [  905] - DataField : TXTtxtLoansPerc
[INFO ][2016-01-18 13:00:55,178][com.java.SeleniumDriver] [  907] - DataValue : 50
[INFO ][2016-01-18 13:00:55,178][com.java.SeleniumDriver] [  913] - <In Set values of the page>
[INFO ][2016-01-18 13:00:55,178][com.java.SeleniumDriver] [  916] - {Data Fields & Data Values Exist}
[INFO ][2016-01-18 13:00:55,178][com.java.SeleniumDriver] [  918] - --------------------------setting values-----------------------------
[INFO ][2016-01-18 13:00:55,178][com.java.SeleniumDriver] [  921] - Action Type : clearandenter
[INFO ][2016-01-18 13:00:56,329][com.java.TestType] [ 6140] - value = 50
[INFO ][2016-01-18 13:00:57,480][com.java.SeleniumDriver] [  930] -  RESULT true
[INFO ][2016-01-18 13:00:57,480][com.java.SeleniumDriver] [ 1136] - ?   P A S S   ?
[INFO ][2016-01-18 13:00:57,480][com.java.SeleniumDriver] [  856] - ------------------------------------------
[INFO ][2016-01-18 13:00:57,480][com.java.SeleniumDriver] [  857] - Test case being Executed: 29
[INFO ][2016-01-18 13:00:57,480][com.java.SeleniumDriver] [  869] - Test step:22
[INFO ][2016-01-18 13:00:57,480][com.java.SeleniumDriver] [  881] - Datavalue is----------null
[DEBUG][2016-01-18 13:00:57,480][com.java.SeleniumDriver] [  899] - Exception: null
[INFO ][2016-01-18 13:00:57,480][com.java.SeleniumDriver] [  905] - DataField : BTNparent
[INFO ][2016-01-18 13:00:57,480][com.java.SeleniumDriver] [  907] - DataValue : 
[INFO ][2016-01-18 13:00:57,480][com.java.SeleniumDriver] [  913] - <In Set values of the page>
[INFO ][2016-01-18 13:00:57,480][com.java.SeleniumDriver] [  916] - {Data Fields & Data Values Exist}
[INFO ][2016-01-18 13:00:57,480][com.java.SeleniumDriver] [  918] - --------------------------setting values-----------------------------
[INFO ][2016-01-18 13:00:57,480][com.java.SeleniumDriver] [  921] - Action Type : selectframe
[INFO ][2016-01-18 13:00:57,490][com.java.SeleniumDriver] [  930] -  RESULT true
[INFO ][2016-01-18 13:00:57,490][com.java.SeleniumDriver] [ 1136] - ?   P A S S   ?
[INFO ][2016-01-18 13:00:57,490][com.java.SeleniumDriver] [  856] - ------------------------------------------
[INFO ][2016-01-18 13:00:57,490][com.java.SeleniumDriver] [  857] - Test case being Executed: 29
[INFO ][2016-01-18 13:00:57,490][com.java.SeleniumDriver] [  869] - Test step:23
[INFO ][2016-01-18 13:00:57,490][com.java.SeleniumDriver] [  881] - Datavalue is----------null
[DEBUG][2016-01-18 13:00:57,490][com.java.SeleniumDriver] [  899] - Exception: null
[INFO ][2016-01-18 13:00:57,490][com.java.SeleniumDriver] [  905] - DataField : XPH//span[contains(text(),'Finished')]
[INFO ][2016-01-18 13:00:57,490][com.java.SeleniumDriver] [  907] - DataValue : 
[INFO ][2016-01-18 13:00:57,490][com.java.SeleniumDriver] [  913] - <In Set values of the page>
[INFO ][2016-01-18 13:00:57,490][com.java.SeleniumDriver] [  916] - {Data Fields & Data Values Exist}
[INFO ][2016-01-18 13:00:57,490][com.java.SeleniumDriver] [  918] - --------------------------setting values-----------------------------
[INFO ][2016-01-18 13:00:57,490][com.java.SeleniumDriver] [  921] - Action Type : click
[INFO ][2016-01-18 13:00:57,490][com.java.TestType] [ 6519] - Field ::XPH//span[contains(text(),'Finished')]
[INFO ][2016-01-18 13:00:57,490][com.java.TestType] [ 6140] - value = 
[INFO ][2016-01-18 13:00:58,495][com.java.TestType] [ 6656] - BEFORE CLICK
[INFO ][2016-01-18 13:01:00,207][com.java.TestType] [ 6664] - Unable to click the object click on finished button
[INFO ][2016-01-18 13:01:00,207][com.java.SeleniumDriver] [  930] -  RESULT true
[INFO ][2016-01-18 13:01:00,207][com.java.SeleniumDriver] [ 1136] - ?   P A S S   ?
[INFO ][2016-01-18 13:01:00,207][com.java.SeleniumDriver] [  856] - ------------------------------------------
[INFO ][2016-01-18 13:01:00,207][com.java.SeleniumDriver] [  857] - Test case being Executed: 29
[INFO ][2016-01-18 13:01:00,207][com.java.SeleniumDriver] [  869] - Test step:24
[INFO ][2016-01-18 13:01:00,207][com.java.SeleniumDriver] [  881] - Datavalue is----------null
[DEBUG][2016-01-18 13:01:00,207][com.java.SeleniumDriver] [  899] - Exception: null
[INFO ][2016-01-18 13:01:00,207][com.java.SeleniumDriver] [  905] - DataField : BTNframeDialogContent
[INFO ][2016-01-18 13:01:00,207][com.java.SeleniumDriver] [  907] - DataValue : 
[INFO ][2016-01-18 13:01:00,207][com.java.SeleniumDriver] [  913] - <In Set values of the page>
[INFO ][2016-01-18 13:01:00,207][com.java.SeleniumDriver] [  916] - {Data Fields & Data Values Exist}
[INFO ][2016-01-18 13:01:00,207][com.java.SeleniumDriver] [  918] - --------------------------setting values-----------------------------
[INFO ][2016-01-18 13:01:00,207][com.java.SeleniumDriver] [  921] - Action Type : selectframe
[INFO ][2016-01-18 13:01:01,449][com.java.SeleniumDriver] [  930] -  RESULT true
[INFO ][2016-01-18 13:01:01,449][com.java.SeleniumDriver] [ 1136] - ?   P A S S   ?
[INFO ][2016-01-18 13:01:01,449][com.java.SeleniumDriver] [  856] - ------------------------------------------
[INFO ][2016-01-18 13:01:01,449][com.java.SeleniumDriver] [  857] - Test case being Executed: 29
[INFO ][2016-01-18 13:01:01,449][com.java.SeleniumDriver] [  869] - Test step:25
[INFO ][2016-01-18 13:01:01,449][com.java.SeleniumDriver] [  881] - Datavalue is----------10
[INFO ][2016-01-18 13:01:01,449][com.java.SeleniumDriver] [  905] - DataField : BTNbtnAddCategory
[INFO ][2016-01-18 13:01:01,449][com.java.SeleniumDriver] [  907] - DataValue : 10
[INFO ][2016-01-18 13:01:01,449][com.java.SeleniumDriver] [  913] - <In Set values of the page>
[INFO ][2016-01-18 13:01:01,449][com.java.SeleniumDriver] [  916] - {Data Fields & Data Values Exist}
[INFO ][2016-01-18 13:01:01,449][com.java.SeleniumDriver] [  918] - --------------------------setting values-----------------------------
[INFO ][2016-01-18 13:01:01,449][com.java.SeleniumDriver] [  921] - Action Type : waitforelement
[INFO ][2016-01-18 13:01:02,490][com.java.SeleniumDriver] [  930] -  RESULT true
[INFO ][2016-01-18 13:01:02,490][com.java.SeleniumDriver] [ 1136] - ?   P A S S   ?
[INFO ][2016-01-18 13:01:02,490][com.java.SeleniumDriver] [  856] - ------------------------------------------
[INFO ][2016-01-18 13:01:02,490][com.java.SeleniumDriver] [  857] - Test case being Executed: 29
[INFO ][2016-01-18 13:01:02,490][com.java.SeleniumDriver] [  869] - Test step:26
[INFO ][2016-01-18 13:01:02,490][com.java.SeleniumDriver] [  881] - Datavalue is----------Description
[INFO ][2016-01-18 13:01:02,490][com.java.SeleniumDriver] [  905] - DataField : MNC//td[contains(text(),'mytext')]/following::span[2]
[INFO ][2016-01-18 13:01:02,490][com.java.SeleniumDriver] [  907] - DataValue : Description
[INFO ][2016-01-18 13:01:02,490][com.java.SeleniumDriver] [  913] - <In Set values of the page>
[INFO ][2016-01-18 13:01:02,490][com.java.SeleniumDriver] [  916] - {Data Fields & Data Values Exist}
[INFO ][2016-01-18 13:01:02,490][com.java.SeleniumDriver] [  918] - --------------------------setting values-----------------------------
[INFO ][2016-01-18 13:01:02,490][com.java.SeleniumDriver] [  921] - Action Type : click
[INFO ][2016-01-18 13:01:02,490][com.java.TestType] [ 6519] - Field ::MNC//td[contains(text(),'mytext')]/following::span[2]
[INFO ][2016-01-18 13:01:02,490][com.java.TestType] [ 6140] - value = Description
[INFO ][2016-01-18 13:01:03,647][com.java.SeleniumDriver] [  930] -  RESULT true
[INFO ][2016-01-18 13:01:03,647][com.java.SeleniumDriver] [ 1136] - ?   P A S S   ?
[INFO ][2016-01-18 13:01:03,647][com.java.SeleniumDriver] [  856] - ------------------------------------------
[INFO ][2016-01-18 13:01:03,647][com.java.SeleniumDriver] [  857] - Test case being Executed: 29
[INFO ][2016-01-18 13:01:03,647][com.java.SeleniumDriver] [  869] - Test step:27
[INFO ][2016-01-18 13:01:03,647][com.java.SeleniumDriver] [  881] - Datavalue is----------10
[INFO ][2016-01-18 13:01:03,647][com.java.SeleniumDriver] [  905] - DataField : BTNulAcct_From
[INFO ][2016-01-18 13:01:03,647][com.java.SeleniumDriver] [  907] - DataValue : 10
[INFO ][2016-01-18 13:01:03,647][com.java.SeleniumDriver] [  913] - <In Set values of the page>
[INFO ][2016-01-18 13:01:03,647][com.java.SeleniumDriver] [  916] - {Data Fields & Data Values Exist}
[INFO ][2016-01-18 13:01:03,647][com.java.SeleniumDriver] [  918] - --------------------------setting values-----------------------------
[INFO ][2016-01-18 13:01:03,647][com.java.SeleniumDriver] [  921] - Action Type : waitforelement
[INFO ][2016-01-18 13:01:04,687][com.java.SeleniumDriver] [  930] -  RESULT true
[INFO ][2016-01-18 13:01:04,687][com.java.SeleniumDriver] [ 1136] - ?   P A S S   ?
[INFO ][2016-01-18 13:01:04,687][com.java.SeleniumDriver] [  856] - ------------------------------------------
[INFO ][2016-01-18 13:01:04,687][com.java.SeleniumDriver] [  857] - Test case being Executed: 29
[INFO ][2016-01-18 13:01:04,687][com.java.SeleniumDriver] [  869] - Test step:28
[INFO ][2016-01-18 13:01:04,687][com.java.SeleniumDriver] [  881] - Datavalue is----------//ul[@id='ulAcct_To']
[INFO ][2016-01-18 13:01:04,687][com.java.SeleniumDriver] [  905] - DataField : //ul[@id='ulAcct_From']/li[2]
[INFO ][2016-01-18 13:01:04,687][com.java.SeleniumDriver] [  907] - DataValue : //ul[@id='ulAcct_To']
[INFO ][2016-01-18 13:01:04,687][com.java.SeleniumDriver] [  913] - <In Set values of the page>
[INFO ][2016-01-18 13:01:04,687][com.java.SeleniumDriver] [  916] - {Data Fields & Data Values Exist}
[INFO ][2016-01-18 13:01:04,687][com.java.SeleniumDriver] [  918] - --------------------------setting values-----------------------------
[INFO ][2016-01-18 13:01:04,687][com.java.SeleniumDriver] [  921] - Action Type : draganddrop
[INFO ][2016-01-18 13:01:20,058][com.java.SeleniumDriver] [  930] -  RESULT true
[INFO ][2016-01-18 13:01:20,058][com.java.SeleniumDriver] [ 1136] - ?   P A S S   ?
[INFO ][2016-01-18 13:01:20,058][com.java.SeleniumDriver] [ 1178] - step change to 29
[INFO ][2016-01-18 13:01:20,058][com.java.SeleniumDriver] [  856] - ------------------------------------------
[INFO ][2016-01-18 13:01:20,058][com.java.SeleniumDriver] [  857] - Test case being Executed: 29
[INFO ][2016-01-18 13:01:20,058][com.java.SeleniumDriver] [  869] - Test step:29
[INFO ][2016-01-18 13:01:20,058][com.java.SeleniumDriver] [  881] - Datavalue is----------//ul[@id='ulAcct_From']
[INFO ][2016-01-18 13:01:20,058][com.java.SeleniumDriver] [  905] - DataField : //ul[@id='ulAcct_To']/li[1]
[INFO ][2016-01-18 13:01:20,058][com.java.SeleniumDriver] [  907] - DataValue : //ul[@id='ulAcct_From']
[INFO ][2016-01-18 13:01:20,058][com.java.SeleniumDriver] [  913] - <In Set values of the page>
[INFO ][2016-01-18 13:01:20,058][com.java.SeleniumDriver] [  916] - {Data Fields & Data Values Exist}
[INFO ][2016-01-18 13:01:20,058][com.java.SeleniumDriver] [  918] - --------------------------setting values-----------------------------
[INFO ][2016-01-18 13:01:20,058][com.java.SeleniumDriver] [  921] - Action Type : draganddrop
[INFO ][2016-01-18 13:01:20,535][com.java.SeleniumDriver] [  930] -  RESULT true
[INFO ][2016-01-18 13:01:20,535][com.java.SeleniumDriver] [ 1136] - ?   P A S S   ?
[INFO ][2016-01-18 13:01:20,535][com.java.SeleniumDriver] [  856] - ------------------------------------------
[INFO ][2016-01-18 13:01:20,535][com.java.SeleniumDriver] [  857] - Test case being Executed: 29
[INFO ][2016-01-18 13:01:20,535][com.java.SeleniumDriver] [  869] - Test step:30
[INFO ][2016-01-18 13:01:20,535][com.java.SeleniumDriver] [  881] - Datavalue is----------//ul[@id='ulAcct_From']
[INFO ][2016-01-18 13:01:20,535][com.java.SeleniumDriver] [  905] - DataField : //ul[@id='ulAcct_To']/li[2]
[INFO ][2016-01-18 13:01:20,535][com.java.SeleniumDriver] [  907] - DataValue : //ul[@id='ulAcct_From']
[INFO ][2016-01-18 13:01:20,535][com.java.SeleniumDriver] [  913] - <In Set values of the page>
[INFO ][2016-01-18 13:01:20,535][com.java.SeleniumDriver] [  916] - {Data Fields & Data Values Exist}
[INFO ][2016-01-18 13:01:20,535][com.java.SeleniumDriver] [  918] - --------------------------setting values-----------------------------
[INFO ][2016-01-18 13:01:20,535][com.java.SeleniumDriver] [  921] - Action Type : draganddrop
[DEBUG][2016-01-18 13:01:40,975][com.java.TestType] [  902] - Unable to perform action//ul[@id='ulAcct_To']/li[2]
[ERROR][2016-01-18 13:01:40,975][com.java.TestType] [  903] - Exception: null
[INFO ][2016-01-18 13:01:40,975][com.java.SeleniumDriver] [  930] -  RESULT false
[INFO ][2016-01-18 13:01:40,975][com.java.SeleniumDriver] [  977] - ?   F A I L   ?
[INFO ][2016-01-18 13:01:40,975][com.java.SeleniumDriver] [  985] - Browser Type : IE10
[INFO ][2016-01-18 13:01:40,975][com.java.SeleniumDriver] [  986] - Adding Failed case29
[INFO ][2016-01-18 13:01:41,216][com.java.SeleniumDriver] [ 1100] - failedCases = 29
[ERROR][2016-01-18 13:01:41,216][com.java.SeleniumDriver] [ 1599] - Platform Errors : Our apologies...::We have encountered an issue with your request.::Our apologies?:We encountered an issue with your request.
[INFO ][2016-01-18 13:01:41,216][com.java.SeleniumDriver] [ 1603] - Length =3
[ERROR][2016-01-18 13:01:41,216][com.java.SeleniumDriver] [ 1606] - Error 0 = Our apologies...
[ERROR][2016-01-18 13:01:41,296][com.java.SeleniumDriver] [ 1606] - Error 1 = We have encountered an issue with your request.
[ERROR][2016-01-18 13:01:41,316][com.java.SeleniumDriver] [ 1606] - Error 2 = Our apologies?:We encountered an issue with your request.
[INFO ][2016-01-18 13:01:41,336][com.java.SeleniumDriver] [ 1617] - strError:
[DEBUG][2016-01-18 13:01:41,346][com.java.SeleniumDriver] [ 1248] - Case found
[DEBUG][2016-01-18 13:01:41,346][com.java.SeleniumDriver] [ 1253] - Incrementing ReportCounters[0]:2
[INFO ][2016-01-18 13:01:41,346][com.java.SeleniumDriver] [ 1272] - The results are-------------------[29, 30, Admin: GL Mapping: Loan Concentration: Add & Delete New Category, Fail, 
Test case failed at Step No. :: 30. Screen Shot : D:\BankersDashboard\TestReports\011816\29_011816_130140_IE10.png, Mon Jan 18 13:01:41 IST 2016]
[INFO ][2016-01-18 13:01:41,346][com.java.SeleniumDriver] [ 1276] - End time is-------2 min 26 sec
[INFO ][2016-01-18 13:01:41,346][com.java.SeleniumDriver] [ 1277] - The results are-------------------[29, 30, Admin: GL Mapping: Loan Concentration: Add & Delete New Category, Fail, 
Test case failed at Step No. :: 30. Screen Shot : D:\BankersDashboard\TestReports\011816\29_011816_130140_IE10.png, Mon Jan 18 13:01:41 IST 2016]
[DEBUG][2016-01-18 13:01:41,346][com.java.ImportnExport.ExportTestResultsExcel] [  222] - testResultPath = D:\BankersDashboard/TestReports/Test Results_BankersDashBoard_011816_125917_IE10_Any Bank USA.xls
[DEBUG][2016-01-18 13:01:41,346][com.java.ImportnExport.ExportTestResultsExcel] [  223] - browser is------------IE10
[DEBUG][2016-01-18 13:01:41,346][com.java.ImportnExport.ExportTestResultsExcel] [  270] - result.size() = 6
[DEBUG][2016-01-18 13:01:41,346][com.java.ImportnExport.ExportTestResultsExcel] [  274] - No of rows in sheet=2
[DEBUG][2016-01-18 13:01:41,346][com.java.ImportnExport.ExportTestResultsExcel] [  301] - ..in export..29
[DEBUG][2016-01-18 13:01:41,346][com.java.ImportnExport.ExportTestResultsExcel] [  301] - ..in export..Admin: GL Mapping: Loan Concentration: Add & Delete New Category
[DEBUG][2016-01-18 13:01:41,346][com.java.ImportnExport.ExportTestResultsExcel] [  301] - ..in export..Fail
[DEBUG][2016-01-18 13:01:41,346][com.java.ImportnExport.ExportTestResultsExcel] [  301] - ..in export..
Test case failed at Step No. :: 30. Screen Shot : D:\BankersDashboard\TestReports\011816\29_011816_130140_IE10.png
[DEBUG][2016-01-18 13:01:41,346][com.java.ImportnExport.ExportTestResultsExcel] [  301] - ..in export..Mon Jan 18 13:01:41 IST 2016
[INFO ][2016-01-18 13:01:41,346][com.java.SeleniumDriver] [ 1337] - out loop:1 size:2 TestCases:[1, 29] testcases:[1, 29]
[INFO ][2016-01-18 13:01:43,351][com.java.SeleniumDriver] [ 1380] - Total Number of Cases:2
[INFO ][2016-01-18 13:01:43,351][com.java.TemplateGenerator] [  302] - Executed:2
[INFO ][2016-01-18 13:01:43,351][com.java.TemplateGenerator] [  303] - Passed:1
[INFO ][2016-01-18 13:01:43,351][com.java.TemplateGenerator] [  304] - Failed:1
[INFO ][2016-01-18 13:01:43,351][com.java.TemplateGenerator] [  305] - Skipeed:0
[INFO ][2016-01-18 13:01:43,351][com.java.TemplateGenerator] [  306] - Application URL:https://clients-xuat.bankersdashboard.com
[INFO ][2016-01-18 13:01:43,351][com.java.TemplateGenerator] [  307] - Start Time:011816_125917
[INFO ][2016-01-18 13:01:43,351][com.java.TemplateGenerator] [  308] -  Creating HTML Report 
[ERROR][2016-01-18 13:01:43,351][com.java.TemplateGenerator] [  409] - Unparseable date: "Mon Jan 18 12:59:17 IST 2016"
[INFO ][2016-01-18 13:01:43,351][com.java.TemplateGenerator] [  654] -  Exporting case :: 1
[INFO ][2016-01-18 13:01:43,351][com.java.TemplateGenerator] [  654] -  Exporting case :: 29
[INFO ][2016-01-18 13:01:43,351][com.java.SeleniumDriver] [ 1429] - End Time:011816_130143
[INFO ][2016-01-18 13:01:43,351][com.java.SeleniumDriver] [ 1432] - Data in Test Execution Details:{1=PASS, 29=FAILTest case failed at Step No. :: 30}
[INFO ][2016-01-18 13:01:43,351][com.java.SeleniumDriver] [ 1433] - Data in Failed Execution Deatils:{}
[INFO ][2016-01-18 13:01:43,351][com.java.SeleniumDriver] [ 1435] - ReportCounter:Total:2 :: PASS: 1 ::FAIL: 1
[INFO ][2016-01-18 13:01:43,351][com.java.SeleniumDriver] [ 1436] - FailedReportCounter:Total:0 :: PASS: 0 ::FAIL: 0
[INFO ][2016-01-18 13:01:43,352][com.java.EmailTestReport] [   63] - Sending report mail details:
[INFO ][2016-01-18 13:01:43,352][com.java.EmailTestReport] [   80] - Excel Report Path:D:\BankersDashboard/TestReports/Test Results_BankersDashBoard_011816_125917_IE10_Any Bank USA.xls
[INFO ][2016-01-18 13:01:43,352][com.java.EmailTestReport] [   81] - HTML Report Path:D:\BankersDashboard//TestReports//Test Results_BankersDashBoard_011816_125917_IE10_Any Bank USA.html
[INFO ][2016-01-18 13:01:43,352][com.java.EmailTestReport] [   82] - smtpHostName:mail01.valuelabs.com
[INFO ][2016-01-18 13:01:43,352][com.java.EmailTestReport] [   83] - Recipient:venkateswararao.gubbala@valuelabs.com;
[INFO ][2016-01-18 13:01:43,352][com.java.EmailTestReport] [   84] - From:venkateswararao.gubbala@valuelabs.com;
[INFO ][2016-01-18 13:01:43,352][com.java.EmailTestReport] [   85] - Subject:Deluxe Corp Bankers Dashboard Automation Test Report - Any Bank USA - IE10
[INFO ][2016-01-18 13:01:43,382][com.java.EmailTestReport] [  143] -  Added venkateswararao.gubbala@valuelabs.com
[INFO ][2016-01-18 13:01:46,510][com.java.SeleniumDriver] [  722] - quitting the browser 
[INFO ][2016-01-18 13:01:47,770][com.java.SeleniumDriver] [  264] - Execution Completed Stopping the thread
