[INFO ][2016-01-25 15:29:59,051][com.java.SeleniumDriver] [  213] - Execute Failed Casesfalse
[INFO ][2016-01-25 15:29:59,061][com.java.SeleniumDriver] [  214] - Browser: IE10
[INFO ][2016-01-25 15:29:59,061][com.java.SeleniumDriver] [  215] - [1, 2, 3, 4, 5, 6]
[INFO ][2016-01-25 15:29:59,061][com.java.SeleniumDriver] [  216] - Total TestCases:6
[INFO ][2016-01-25 15:29:59,061][com.java.SeleniumDriver] [  217] -  Reading Properties from Property File 
[DEBUG][2016-01-25 15:29:59,061][com.java.SeleniumDriver] [  238] - url : https://clients-xuat.bankersdashboard.com
[INFO ][2016-01-25 15:29:59,061][com.java.ImportnExport.ExportTestResultsExcel] [  116] - Time Stamp Mon Jan 25 03:29:59 IST 2016
[INFO ][2016-01-25 15:29:59,061][com.java.ImportnExport.ExportTestResultsExcel] [  175] - OUT FILE : D:\BankersDashboard/TestReports/Test Results_BankersDashBoard_012516_152959_IE10_Any Bank USA.xls
[INFO ][2016-01-25 15:29:59,082][com.java.ImportnExport.ExportTestResultsExcel] [  180] - Test Result file is created
[DEBUG][2016-01-25 15:29:59,172][com.java.SeleniumDriver] [  426] - Hub ip address is-------172.17.68.34
[INFO ][2016-01-25 15:29:59,172][com.java.SeleniumDriver] [  452] - Grid URL:http://172.17.68.34:4444/wd/hub
[INFO ][2016-01-25 15:29:59,172][com.java.SeleniumDriver] [  453] - Capability:Capabilities [{platform=ANY, ensureCleanSession=true, ignoreProtectedModeSettings=true, acceptSslCerts=true, ignoreZoomSetting=true, browserName=internet explorer, browserstack.ie.noFlash=true, version=null}]
[ERROR][2016-01-25 15:30:00,482][com.java.SeleniumDriver] [  498] - Unable invoke browser in grid:Could not start a new session. Possible causes are invalid address of the remote server or browser start-up failure.
Build info: version: '2.48.2', revision: '41bccdd', time: '2015-10-09 19:59:12'
System info: host: 'FVTIII438F1D', ip: '172.17.68.34', os.name: 'Windows 7', os.arch: 'x86', os.version: '6.1', java.version: '1.7.0_55'
Driver info: driver.version: SeleniumDriver
[INFO ][2016-01-25 15:30:00,482][com.java.SeleniumDriver] [  500] - Executing on local machine
[INFO ][2016-01-25 15:30:11,387][com.java.SeleniumDriver] [  248] - IE10is opened
[INFO ][2016-01-25 15:30:12,230][com.java.SeleniumDriver] [  756] - Test cases to be executed are: [1, 2, 3, 4, 5, 6]
[INFO ][2016-01-25 15:30:12,252][com.java.ImportnExport.ImportTestDataDetailsExcel] [   49] - test data details path===== D:\BankersDashboard\TestInputs\TestData.xls
[INFO ][2016-01-25 15:30:12,312][com.java.SeleniumDriver] [  856] - ------------------------------------------
[INFO ][2016-01-25 15:30:12,312][com.java.SeleniumDriver] [  857] - Test case being Executed: 1
[INFO ][2016-01-25 15:30:12,312][com.java.SeleniumDriver] [  869] - Test step:1
[INFO ][2016-01-25 15:30:12,312][com.java.SeleniumDriver] [  881] - Datavalue is----------Concept#1:1-14
[INFO ][2016-01-25 15:30:12,312][com.java.SeleniumDriver] [  905] - DataField : test
[INFO ][2016-01-25 15:30:12,312][com.java.SeleniumDriver] [  907] - DataValue : Concept#1:1-14
[INFO ][2016-01-25 15:30:12,312][com.java.SeleniumDriver] [  913] - <In Set values of the page>
[INFO ][2016-01-25 15:30:12,312][com.java.SeleniumDriver] [  916] - {Data Fields & Data Values Exist}
[INFO ][2016-01-25 15:30:12,312][com.java.SeleniumDriver] [  918] - --------------------------setting values-----------------------------
[INFO ][2016-01-25 15:30:12,312][com.java.SeleniumDriver] [  921] - Action Type : ExecuteTestCase
[INFO ][2016-01-25 15:30:12,332][com.java.TestType] [  442] - The Concept sheet name is ---------- Concept
[INFO ][2016-01-25 15:30:12,332][com.java.TestType] [  445] - The Concept ID  is ---------- 1
[DEBUG][2016-01-25 15:30:12,332][com.java.TestType] [  449] - Steps being executted in the Concept are: 1:14
[INFO ][2016-01-25 15:30:12,332][com.java.TestType] [  456] - Test data details path ---------- D:\BankersDashboard\TestInputs\TestData.xls
[INFO ][2016-01-25 15:30:12,352][com.java.TestType] [  487] -  str(1) = 1
[INFO ][2016-01-25 15:30:12,352][com.java.TestType] [  490] - Test case Id is---1
[INFO ][2016-01-25 15:30:12,352][com.java.TestType] [  492] - 1
[INFO ][2016-01-25 15:30:12,352][com.java.TestType] [  487] -  str(2) = 1
[INFO ][2016-01-25 15:30:12,352][com.java.TestType] [  487] -  str(1) = 1
[INFO ][2016-01-25 15:30:12,352][com.java.TestType] [  490] - Test case Id is---1
[INFO ][2016-01-25 15:30:12,352][com.java.TestType] [  492] - 1
[INFO ][2016-01-25 15:30:12,352][com.java.TestType] [  487] -  str(2) = 2
[INFO ][2016-01-25 15:30:12,352][com.java.TestType] [  487] -  str(1) = 1
[INFO ][2016-01-25 15:30:12,352][com.java.TestType] [  490] - Test case Id is---1
[INFO ][2016-01-25 15:30:12,352][com.java.TestType] [  492] - 1
[INFO ][2016-01-25 15:30:12,352][com.java.TestType] [  487] -  str(2) = 3
[INFO ][2016-01-25 15:30:12,352][com.java.TestType] [  487] -  str(1) = 1
[INFO ][2016-01-25 15:30:12,352][com.java.TestType] [  490] - Test case Id is---1
[INFO ][2016-01-25 15:30:12,352][com.java.TestType] [  492] - 1
[INFO ][2016-01-25 15:30:12,352][com.java.TestType] [  487] -  str(2) = 4
[INFO ][2016-01-25 15:30:12,352][com.java.TestType] [  487] -  str(1) = 1
[INFO ][2016-01-25 15:30:12,352][com.java.TestType] [  490] - Test case Id is---1
[INFO ][2016-01-25 15:30:12,352][com.java.TestType] [  492] - 1
[INFO ][2016-01-25 15:30:12,352][com.java.TestType] [  487] -  str(2) = 5
[INFO ][2016-01-25 15:30:12,352][com.java.TestType] [  487] -  str(1) = 1
[INFO ][2016-01-25 15:30:12,352][com.java.TestType] [  490] - Test case Id is---1
[INFO ][2016-01-25 15:30:12,352][com.java.TestType] [  492] - 1
[INFO ][2016-01-25 15:30:12,352][com.java.TestType] [  487] -  str(2) = 6
[INFO ][2016-01-25 15:30:12,362][com.java.TestType] [  487] -  str(1) = 1
[INFO ][2016-01-25 15:30:12,362][com.java.TestType] [  490] - Test case Id is---1
[INFO ][2016-01-25 15:30:12,362][com.java.TestType] [  492] - 1
[INFO ][2016-01-25 15:30:12,362][com.java.TestType] [  487] -  str(2) = 7
[INFO ][2016-01-25 15:30:12,362][com.java.TestType] [  487] -  str(1) = 1
[INFO ][2016-01-25 15:30:12,362][com.java.TestType] [  490] - Test case Id is---1
[INFO ][2016-01-25 15:30:12,362][com.java.TestType] [  492] - 1
[INFO ][2016-01-25 15:30:12,362][com.java.TestType] [  487] -  str(2) = 8
[INFO ][2016-01-25 15:30:12,362][com.java.TestType] [  487] -  str(1) = 1
[INFO ][2016-01-25 15:30:12,362][com.java.TestType] [  490] - Test case Id is---1
[INFO ][2016-01-25 15:30:12,362][com.java.TestType] [  492] - 1
[INFO ][2016-01-25 15:30:12,362][com.java.TestType] [  487] -  str(2) = 9
[INFO ][2016-01-25 15:30:12,362][com.java.TestType] [  487] -  str(1) = 1
[INFO ][2016-01-25 15:30:12,362][com.java.TestType] [  490] - Test case Id is---1
[INFO ][2016-01-25 15:30:12,362][com.java.TestType] [  492] - 1
[INFO ][2016-01-25 15:30:12,362][com.java.TestType] [  487] -  str(2) = 10
[INFO ][2016-01-25 15:30:12,362][com.java.TestType] [  487] -  str(1) = 1
[INFO ][2016-01-25 15:30:12,362][com.java.TestType] [  490] - Test case Id is---1
[INFO ][2016-01-25 15:30:12,362][com.java.TestType] [  492] - 1
[INFO ][2016-01-25 15:30:12,362][com.java.TestType] [  487] -  str(2) = 11
[INFO ][2016-01-25 15:30:12,362][com.java.TestType] [  487] -  str(1) = 1
[INFO ][2016-01-25 15:30:12,362][com.java.TestType] [  490] - Test case Id is---1
[INFO ][2016-01-25 15:30:12,362][com.java.TestType] [  492] - 1
[INFO ][2016-01-25 15:30:12,362][com.java.TestType] [  487] -  str(2) = 12
[INFO ][2016-01-25 15:30:12,362][com.java.TestType] [  487] -  str(1) = 1
[INFO ][2016-01-25 15:30:12,362][com.java.TestType] [  490] - Test case Id is---1
[INFO ][2016-01-25 15:30:12,362][com.java.TestType] [  492] - 1
[INFO ][2016-01-25 15:30:12,362][com.java.TestType] [  487] -  str(2) = 13
[INFO ][2016-01-25 15:30:12,362][com.java.TestType] [  487] -  str(1) = 1
[INFO ][2016-01-25 15:30:12,362][com.java.TestType] [  490] - Test case Id is---1
[INFO ][2016-01-25 15:30:12,372][com.java.TestType] [  492] - 1
[INFO ][2016-01-25 15:30:12,372][com.java.TestType] [  487] -  str(2) = 14
[INFO ][2016-01-25 15:30:12,372][com.java.TestType] [11650] - Looping 1TCID = 1
[DEBUG][2016-01-25 15:30:12,372][com.java.TestType] [11691] - Concept ID:1 :: Step being Executed: 1::1
[INFO ][2016-01-25 15:30:12,372][com.java.TestType] [11729] - dataFields : TXTusername
[DEBUG][2016-01-25 15:30:12,372][com.java.TestType] [11735] - <In Set values of the page>
[DEBUG][2016-01-25 15:30:12,372][com.java.TestType] [11740] - {Data Fields & Data Values Exist}
[INFO ][2016-01-25 15:30:12,372][com.java.TestType] [11746] - --------------------------setting values-----------------------------
[INFO ][2016-01-25 15:30:12,372][com.java.TestType] [11749] - Action Type : CLEARANDENTER
[INFO ][2016-01-25 15:30:14,663][com.java.TestType] [ 6395] - value = naresh.nayini.00000
[INFO ][2016-01-25 15:30:17,387][com.java.TestType] [11768] -  RESULT true
[INFO ][2016-01-25 15:30:17,387][com.java.TestType] [11885] - ?   P A S S   ?
[DEBUG][2016-01-25 15:30:17,387][com.java.TestType] [11691] - Concept ID:1 :: Step being Executed: 1::2
[INFO ][2016-01-25 15:30:17,387][com.java.TestType] [11729] - dataFields : TXTpassword
[DEBUG][2016-01-25 15:30:17,387][com.java.TestType] [11735] - <In Set values of the page>
[DEBUG][2016-01-25 15:30:17,387][com.java.TestType] [11740] - {Data Fields & Data Values Exist}
[INFO ][2016-01-25 15:30:17,387][com.java.TestType] [11746] - --------------------------setting values-----------------------------
[INFO ][2016-01-25 15:30:17,387][com.java.TestType] [11749] - Action Type : CLEARANDENTER
[INFO ][2016-01-25 15:30:19,631][com.java.TestType] [ 6395] - value = Password1*
[INFO ][2016-01-25 15:30:22,192][com.java.TestType] [11768] -  RESULT true
[INFO ][2016-01-25 15:30:22,192][com.java.TestType] [11885] - ?   P A S S   ?
[DEBUG][2016-01-25 15:30:22,192][com.java.TestType] [11691] - Concept ID:1 :: Step being Executed: 1::3
[ERROR][2016-01-25 15:30:22,192][com.java.TestType] [11724] - Exception: null
[INFO ][2016-01-25 15:30:22,192][com.java.TestType] [11729] - dataFields : XPH//button[@type='submit']
[DEBUG][2016-01-25 15:30:22,192][com.java.TestType] [11735] - <In Set values of the page>
[DEBUG][2016-01-25 15:30:22,192][com.java.TestType] [11740] - {Data Fields & Data Values Exist}
[INFO ][2016-01-25 15:30:22,192][com.java.TestType] [11746] - --------------------------setting values-----------------------------
[INFO ][2016-01-25 15:30:22,192][com.java.TestType] [11749] - Action Type : Click
[INFO ][2016-01-25 15:30:22,192][com.java.TestType] [ 6774] - Field ::XPH//button[@type='submit']
[INFO ][2016-01-25 15:30:22,192][com.java.TestType] [ 6395] - value = 
[INFO ][2016-01-25 15:30:23,192][com.java.TestType] [ 6947] - BEFORE CLICK
[INFO ][2016-01-25 15:30:24,065][com.java.TestType] [ 6955] - Unable to click the object Login
[INFO ][2016-01-25 15:30:24,065][com.java.TestType] [11768] -  RESULT true
[INFO ][2016-01-25 15:30:24,065][com.java.TestType] [11885] - ?   P A S S   ?
[DEBUG][2016-01-25 15:30:24,065][com.java.TestType] [11691] - Concept ID:1 :: Step being Executed: 1::4
[INFO ][2016-01-25 15:30:24,065][com.java.TestType] [11729] - dataFields : LNKLogout
[DEBUG][2016-01-25 15:30:24,065][com.java.TestType] [11735] - <In Set values of the page>
[DEBUG][2016-01-25 15:30:24,065][com.java.TestType] [11740] - {Data Fields & Data Values Exist}
[INFO ][2016-01-25 15:30:24,065][com.java.TestType] [11746] - --------------------------setting values-----------------------------
[INFO ][2016-01-25 15:30:24,065][com.java.TestType] [11749] - Action Type : WaitForElement
[INFO ][2016-01-25 15:30:27,486][com.java.TestType] [11768] -  RESULT true
[INFO ][2016-01-25 15:30:27,486][com.java.TestType] [11885] - ?   P A S S   ?
[DEBUG][2016-01-25 15:30:27,486][com.java.TestType] [11691] - Concept ID:1 :: Step being Executed: 1::13
[INFO ][2016-01-25 15:30:27,486][com.java.TestType] [11729] - dataFields : LNK
[DEBUG][2016-01-25 15:30:27,486][com.java.TestType] [11735] - <In Set values of the page>
[DEBUG][2016-01-25 15:30:27,486][com.java.TestType] [11740] - {Data Fields & Data Values Exist}
[INFO ][2016-01-25 15:30:27,486][com.java.TestType] [11746] - --------------------------setting values-----------------------------
[INFO ][2016-01-25 15:30:27,486][com.java.TestType] [11749] - Action Type : Verify
[INFO ][2016-01-25 15:30:27,486][com.java.TestType] [ 7985] - field= LNK value= Logout
[INFO ][2016-01-25 15:30:27,486][com.java.TestType] [ 6395] - value = Logout
[INFO ][2016-01-25 15:30:27,517][com.java.TestType] [11768] -  RESULT true
[INFO ][2016-01-25 15:30:27,517][com.java.TestType] [11885] - ?   P A S S   ?
[DEBUG][2016-01-25 15:30:27,517][com.java.TestType] [11691] - Concept ID:1 :: Step being Executed: 1::14
[INFO ][2016-01-25 15:30:27,517][com.java.TestType] [11729] - dataFields : BTN
[DEBUG][2016-01-25 15:30:27,517][com.java.TestType] [11735] - <In Set values of the page>
[DEBUG][2016-01-25 15:30:27,517][com.java.TestType] [11740] - {Data Fields & Data Values Exist}
[INFO ][2016-01-25 15:30:27,517][com.java.TestType] [11746] - --------------------------setting values-----------------------------
[INFO ][2016-01-25 15:30:27,517][com.java.TestType] [11749] - Action Type : Verify
[INFO ][2016-01-25 15:30:27,517][com.java.TestType] [ 7985] - field= BTN value= //img[contains(@src,'bdlogo.jpg')]
[INFO ][2016-01-25 15:30:27,517][com.java.TestType] [ 6395] - value = //img[contains(@src,'bdlogo.jpg')]
[INFO ][2016-01-25 15:30:27,577][com.java.TestType] [11768] -  RESULT true
[INFO ][2016-01-25 15:30:27,577][com.java.TestType] [11885] - ?   P A S S   ?
[INFO ][2016-01-25 15:30:27,577][com.java.TestType] [11956] - Looping End......
[INFO ][2016-01-25 15:30:27,577][com.java.SeleniumDriver] [  930] -  RESULT true
[INFO ][2016-01-25 15:30:27,577][com.java.SeleniumDriver] [ 1136] - ?   P A S S   ?
[INFO ][2016-01-25 15:30:27,577][com.java.SeleniumDriver] [  856] - ------------------------------------------
[INFO ][2016-01-25 15:30:27,577][com.java.SeleniumDriver] [  857] - Test case being Executed: 1
[INFO ][2016-01-25 15:30:27,577][com.java.SeleniumDriver] [  869] - Test step:2
[INFO ][2016-01-25 15:30:27,577][com.java.SeleniumDriver] [  881] - Datavalue is----------Concept#2:1-2
[INFO ][2016-01-25 15:30:27,577][com.java.SeleniumDriver] [  905] - DataField : test
[INFO ][2016-01-25 15:30:27,577][com.java.SeleniumDriver] [  907] - DataValue : Concept#2:1-2
[INFO ][2016-01-25 15:30:27,577][com.java.SeleniumDriver] [  913] - <In Set values of the page>
[INFO ][2016-01-25 15:30:27,577][com.java.SeleniumDriver] [  916] - {Data Fields & Data Values Exist}
[INFO ][2016-01-25 15:30:27,577][com.java.SeleniumDriver] [  918] - --------------------------setting values-----------------------------
[INFO ][2016-01-25 15:30:27,577][com.java.SeleniumDriver] [  921] - Action Type : ExecuteTestCase
[INFO ][2016-01-25 15:30:27,577][com.java.TestType] [  442] - The Concept sheet name is ---------- Concept
[INFO ][2016-01-25 15:30:27,577][com.java.TestType] [  445] - The Concept ID  is ---------- 2
[DEBUG][2016-01-25 15:30:27,577][com.java.TestType] [  449] - Steps being executted in the Concept are: 1:2
[INFO ][2016-01-25 15:30:27,577][com.java.TestType] [  456] - Test data details path ---------- D:\BankersDashboard\TestInputs\TestData.xls
[INFO ][2016-01-25 15:30:27,597][com.java.TestType] [  487] -  str(1) = 2
[INFO ][2016-01-25 15:30:27,597][com.java.TestType] [  490] - Test case Id is---2
[INFO ][2016-01-25 15:30:27,597][com.java.TestType] [  492] - 2
[INFO ][2016-01-25 15:30:27,597][com.java.TestType] [  487] -  str(2) = 1
[INFO ][2016-01-25 15:30:27,597][com.java.TestType] [  487] -  str(1) = 2
[INFO ][2016-01-25 15:30:27,597][com.java.TestType] [  490] - Test case Id is---2
[INFO ][2016-01-25 15:30:27,597][com.java.TestType] [  492] - 2
[INFO ][2016-01-25 15:30:27,597][com.java.TestType] [  487] -  str(2) = 2
[INFO ][2016-01-25 15:30:27,597][com.java.TestType] [  487] -  str(1) = 2
[INFO ][2016-01-25 15:30:27,597][com.java.TestType] [  490] - Test case Id is---2
[INFO ][2016-01-25 15:30:27,597][com.java.TestType] [  492] - 2
[INFO ][2016-01-25 15:30:27,597][com.java.TestType] [  487] -  str(2) = 3
[INFO ][2016-01-25 15:30:27,597][com.java.TestType] [11650] - Looping 1TCID = 2
[DEBUG][2016-01-25 15:30:27,597][com.java.TestType] [11691] - Concept ID:2 :: Step being Executed: 2::1
[INFO ][2016-01-25 15:30:27,597][com.java.TestType] [11729] - dataFields : BNK//select[@id='bank']
[DEBUG][2016-01-25 15:30:27,597][com.java.TestType] [11735] - <In Set values of the page>
[DEBUG][2016-01-25 15:30:27,597][com.java.TestType] [11740] - {Data Fields & Data Values Exist}
[INFO ][2016-01-25 15:30:27,597][com.java.TestType] [11746] - --------------------------setting values-----------------------------
[INFO ][2016-01-25 15:30:27,597][com.java.TestType] [11749] - Action Type : Select
[INFO ][2016-01-25 15:30:27,597][com.java.TestType] [ 6395] - value = PFC
[INFO ][2016-01-25 15:30:28,197][com.java.TestType] [11768] -  RESULT true
[INFO ][2016-01-25 15:30:28,197][com.java.TestType] [11885] - ?   P A S S   ?
[DEBUG][2016-01-25 15:30:28,197][com.java.TestType] [11691] - Concept ID:2 :: Step being Executed: 2::2
[INFO ][2016-01-25 15:30:28,197][com.java.TestType] [11729] - dataFields : LNKLogout
[DEBUG][2016-01-25 15:30:28,197][com.java.TestType] [11735] - <In Set values of the page>
[DEBUG][2016-01-25 15:30:28,197][com.java.TestType] [11740] - {Data Fields & Data Values Exist}
[INFO ][2016-01-25 15:30:28,197][com.java.TestType] [11746] - --------------------------setting values-----------------------------
[INFO ][2016-01-25 15:30:28,197][com.java.TestType] [11749] - Action Type : WaitTime
[DEBUG][2016-01-25 15:30:28,197][com.java.TestType] [ 6209] - sleepTime: 5000
[INFO ][2016-01-25 15:30:33,218][com.java.TestType] [11768] -  RESULT true
[INFO ][2016-01-25 15:30:33,218][com.java.TestType] [11885] - ?   P A S S   ?
[INFO ][2016-01-25 15:30:33,218][com.java.TestType] [11956] - Looping End......
[INFO ][2016-01-25 15:30:33,218][com.java.SeleniumDriver] [  930] -  RESULT true
[INFO ][2016-01-25 15:30:33,218][com.java.SeleniumDriver] [ 1136] - ?   P A S S   ?
[INFO ][2016-01-25 15:30:33,218][com.java.SeleniumDriver] [  856] - ------------------------------------------
[INFO ][2016-01-25 15:30:33,218][com.java.SeleniumDriver] [  857] - Test case being Executed: 1
[INFO ][2016-01-25 15:30:33,218][com.java.SeleniumDriver] [  869] - Test step:3
[INFO ][2016-01-25 15:30:33,218][com.java.SeleniumDriver] [  881] - Datavalue is----------2
[INFO ][2016-01-25 15:30:33,218][com.java.SeleniumDriver] [  905] - DataField : XPH//button[contains(text(),'Add Content')]
[INFO ][2016-01-25 15:30:33,218][com.java.SeleniumDriver] [  907] - DataValue : 2
[INFO ][2016-01-25 15:30:33,218][com.java.SeleniumDriver] [  913] - <In Set values of the page>
[INFO ][2016-01-25 15:30:33,218][com.java.SeleniumDriver] [  916] - {Data Fields & Data Values Exist}
[INFO ][2016-01-25 15:30:33,218][com.java.SeleniumDriver] [  918] - --------------------------setting values-----------------------------
[INFO ][2016-01-25 15:30:33,218][com.java.SeleniumDriver] [  921] - Action Type : WAITFORELEMENT
[INFO ][2016-01-25 15:30:33,404][com.java.SeleniumDriver] [  930] -  RESULT true
[INFO ][2016-01-25 15:30:33,404][com.java.SeleniumDriver] [ 1136] - ?   P A S S   ?
[DEBUG][2016-01-25 15:30:33,404][com.java.SeleniumDriver] [ 1248] - Case found
[DEBUG][2016-01-25 15:30:33,404][com.java.SeleniumDriver] [ 1253] - Incrementing ReportCounters[0]:1
[INFO ][2016-01-25 15:30:33,404][com.java.SeleniumDriver] [ 1272] - The results are-------------------[1, 1, Valid Login, Pass, , Mon Jan 25 15:30:27 IST 2016, 1, 2, Valid Login, Pass, , Mon Jan 25 15:30:33 IST 2016, 1, 3, Valid Login, Pass, , Mon Jan 25 15:30:33 IST 2016]
[INFO ][2016-01-25 15:30:33,404][com.java.SeleniumDriver] [ 1276] - End time is-------36 sec
[INFO ][2016-01-25 15:30:33,404][com.java.SeleniumDriver] [ 1277] - The results are-------------------[1, 1, Valid Login, Pass, , Mon Jan 25 15:30:27 IST 2016, 1, 2, Valid Login, Pass, , Mon Jan 25 15:30:33 IST 2016, 1, 3, Valid Login, Pass, , Mon Jan 25 15:30:33 IST 2016]
[DEBUG][2016-01-25 15:30:33,404][com.java.ImportnExport.ExportTestResultsExcel] [  222] - testResultPath = D:\BankersDashboard/TestReports/Test Results_BankersDashBoard_012516_152959_IE10_Any Bank USA.xls
[DEBUG][2016-01-25 15:30:33,404][com.java.ImportnExport.ExportTestResultsExcel] [  223] - browser is------------IE10
[DEBUG][2016-01-25 15:30:33,464][com.java.ImportnExport.ExportTestResultsExcel] [  270] - result.size() = 18
[DEBUG][2016-01-25 15:30:33,464][com.java.ImportnExport.ExportTestResultsExcel] [  274] - No of rows in sheet=1
[DEBUG][2016-01-25 15:30:33,464][com.java.ImportnExport.ExportTestResultsExcel] [  301] - ..in export..1
[DEBUG][2016-01-25 15:30:33,464][com.java.ImportnExport.ExportTestResultsExcel] [  301] - ..in export..Valid Login
[DEBUG][2016-01-25 15:30:33,464][com.java.ImportnExport.ExportTestResultsExcel] [  301] - ..in export..Pass
[DEBUG][2016-01-25 15:30:33,464][com.java.ImportnExport.ExportTestResultsExcel] [  301] - ..in export..
[DEBUG][2016-01-25 15:30:33,464][com.java.ImportnExport.ExportTestResultsExcel] [  301] - ..in export..Mon Jan 25 15:30:27 IST 2016
[INFO ][2016-01-25 15:30:33,464][com.java.SeleniumDriver] [ 1337] - out loop:0 size:6 TestCases:[1, 2, 3, 4, 5, 6] testcases:[1, 2, 3, 4, 5, 6]
[INFO ][2016-01-25 15:30:33,464][com.java.ImportnExport.ImportTestDataDetailsExcel] [   49] - test data details path===== D:\BankersDashboard\TestInputs\TestData.xls
[INFO ][2016-01-25 15:30:50,971][com.java.SeleniumDriver] [  856] - ------------------------------------------
[INFO ][2016-01-25 15:30:50,971][com.java.SeleniumDriver] [  857] - Test case being Executed: 2
[INFO ][2016-01-25 15:30:50,971][com.java.SeleniumDriver] [  869] - Test step:1
[INFO ][2016-01-25 15:30:50,971][com.java.SeleniumDriver] [  881] - Datavalue is----------Logout
[INFO ][2016-01-25 15:30:50,971][com.java.SeleniumDriver] [  905] - DataField : BTN
[INFO ][2016-01-25 15:30:50,971][com.java.SeleniumDriver] [  907] - DataValue : Logout
[INFO ][2016-01-25 15:30:50,971][com.java.SeleniumDriver] [  913] - <In Set values of the page>
[INFO ][2016-01-25 15:30:50,971][com.java.SeleniumDriver] [  916] - {Data Fields & Data Values Exist}
[INFO ][2016-01-25 15:30:50,971][com.java.SeleniumDriver] [  918] - --------------------------setting values-----------------------------
[INFO ][2016-01-25 15:30:50,971][com.java.SeleniumDriver] [  921] - Action Type : Verify
[INFO ][2016-01-25 15:30:50,971][com.java.TestType] [ 7985] - field= BTN value= Logout
[INFO ][2016-01-25 15:30:50,971][com.java.TestType] [ 6395] - value = Logout
[INFO ][2016-01-25 15:30:51,042][com.java.SeleniumDriver] [  930] -  RESULT true
[INFO ][2016-01-25 15:30:51,042][com.java.SeleniumDriver] [ 1136] - ?   P A S S   ?
[INFO ][2016-01-25 15:30:51,042][com.java.SeleniumDriver] [ 1178] - step change to 3
[INFO ][2016-01-25 15:30:51,042][com.java.SeleniumDriver] [  856] - ------------------------------------------
[INFO ][2016-01-25 15:30:51,042][com.java.SeleniumDriver] [  857] - Test case being Executed: 2
[INFO ][2016-01-25 15:30:51,042][com.java.SeleniumDriver] [  869] - Test step:3
[INFO ][2016-01-25 15:30:51,042][com.java.SeleniumDriver] [  881] - Datavalue is----------Concept#2:1-2
[INFO ][2016-01-25 15:30:51,042][com.java.SeleniumDriver] [  905] - DataField : test
[INFO ][2016-01-25 15:30:51,042][com.java.SeleniumDriver] [  907] - DataValue : Concept#2:1-2
[INFO ][2016-01-25 15:30:51,042][com.java.SeleniumDriver] [  913] - <In Set values of the page>
[INFO ][2016-01-25 15:30:51,042][com.java.SeleniumDriver] [  916] - {Data Fields & Data Values Exist}
[INFO ][2016-01-25 15:30:51,042][com.java.SeleniumDriver] [  918] - --------------------------setting values-----------------------------
[INFO ][2016-01-25 15:30:51,042][com.java.SeleniumDriver] [  921] - Action Type : ExecuteTestCase
[INFO ][2016-01-25 15:30:51,042][com.java.TestType] [  442] - The Concept sheet name is ---------- Concept
[INFO ][2016-01-25 15:30:51,042][com.java.TestType] [  445] - The Concept ID  is ---------- 2
[DEBUG][2016-01-25 15:30:51,042][com.java.TestType] [  449] - Steps being executted in the Concept are: 1:2
[INFO ][2016-01-25 15:30:51,042][com.java.TestType] [  456] - Test data details path ---------- D:\BankersDashboard\TestInputs\TestData.xls
[INFO ][2016-01-25 15:30:51,052][com.java.TestType] [  487] -  str(1) = 2
[INFO ][2016-01-25 15:30:51,052][com.java.TestType] [  490] - Test case Id is---2
[INFO ][2016-01-25 15:30:51,052][com.java.TestType] [  492] - 2
[INFO ][2016-01-25 15:30:51,052][com.java.TestType] [  487] -  str(2) = 1
[INFO ][2016-01-25 15:30:51,062][com.java.TestType] [  487] -  str(1) = 2
[INFO ][2016-01-25 15:30:51,062][com.java.TestType] [  490] - Test case Id is---2
[INFO ][2016-01-25 15:30:51,062][com.java.TestType] [  492] - 2
[INFO ][2016-01-25 15:30:51,062][com.java.TestType] [  487] -  str(2) = 2
[INFO ][2016-01-25 15:30:51,062][com.java.TestType] [  487] -  str(1) = 2
[INFO ][2016-01-25 15:30:51,062][com.java.TestType] [  490] - Test case Id is---2
[INFO ][2016-01-25 15:30:51,062][com.java.TestType] [  492] - 2
[INFO ][2016-01-25 15:30:51,062][com.java.TestType] [  487] -  str(2) = 3
[INFO ][2016-01-25 15:30:51,062][com.java.TestType] [11650] - Looping 1TCID = 2
[DEBUG][2016-01-25 15:30:51,062][com.java.TestType] [11691] - Concept ID:2 :: Step being Executed: 2::1
[INFO ][2016-01-25 15:30:51,062][com.java.TestType] [11729] - dataFields : BNK//select[@id='bank']
[DEBUG][2016-01-25 15:30:51,062][com.java.TestType] [11735] - <In Set values of the page>
[DEBUG][2016-01-25 15:30:51,062][com.java.TestType] [11740] - {Data Fields & Data Values Exist}
[INFO ][2016-01-25 15:30:51,062][com.java.TestType] [11746] - --------------------------setting values-----------------------------
[INFO ][2016-01-25 15:30:51,062][com.java.TestType] [11749] - Action Type : Select
[INFO ][2016-01-25 15:30:51,062][com.java.TestType] [ 6395] - value = PFC
[INFO ][2016-01-25 15:30:51,242][com.java.TestType] [11768] -  RESULT true
[INFO ][2016-01-25 15:30:51,242][com.java.TestType] [11885] - ?   P A S S   ?
[DEBUG][2016-01-25 15:30:51,242][com.java.TestType] [11691] - Concept ID:2 :: Step being Executed: 2::2
[INFO ][2016-01-25 15:30:51,242][com.java.TestType] [11729] - dataFields : LNKLogout
[DEBUG][2016-01-25 15:30:51,242][com.java.TestType] [11735] - <In Set values of the page>
[DEBUG][2016-01-25 15:30:51,242][com.java.TestType] [11740] - {Data Fields & Data Values Exist}
[INFO ][2016-01-25 15:30:51,242][com.java.TestType] [11746] - --------------------------setting values-----------------------------
[INFO ][2016-01-25 15:30:51,242][com.java.TestType] [11749] - Action Type : WaitTime
[DEBUG][2016-01-25 15:30:51,242][com.java.TestType] [ 6209] - sleepTime: 5000
[INFO ][2016-01-25 15:30:56,243][com.java.TestType] [11768] -  RESULT true
[INFO ][2016-01-25 15:30:56,243][com.java.TestType] [11885] - ?   P A S S   ?
[INFO ][2016-01-25 15:30:56,243][com.java.TestType] [11956] - Looping End......
[INFO ][2016-01-25 15:30:56,243][com.java.SeleniumDriver] [  930] -  RESULT true
[INFO ][2016-01-25 15:30:56,243][com.java.SeleniumDriver] [ 1136] - ?   P A S S   ?
[INFO ][2016-01-25 15:30:56,243][com.java.SeleniumDriver] [  856] - ------------------------------------------
[INFO ][2016-01-25 15:30:56,243][com.java.SeleniumDriver] [  857] - Test case being Executed: 2
[INFO ][2016-01-25 15:30:56,243][com.java.SeleniumDriver] [  869] - Test step:4
[INFO ][2016-01-25 15:30:56,243][com.java.SeleniumDriver] [  881] - Datavalue is----------2
[INFO ][2016-01-25 15:30:56,243][com.java.SeleniumDriver] [  905] - DataField : XPH//span[@class='icon-compass']
[INFO ][2016-01-25 15:30:56,243][com.java.SeleniumDriver] [  907] - DataValue : 2
[INFO ][2016-01-25 15:30:56,243][com.java.SeleniumDriver] [  913] - <In Set values of the page>
[INFO ][2016-01-25 15:30:56,243][com.java.SeleniumDriver] [  916] - {Data Fields & Data Values Exist}
[INFO ][2016-01-25 15:30:56,243][com.java.SeleniumDriver] [  918] - --------------------------setting values-----------------------------
[INFO ][2016-01-25 15:30:56,243][com.java.SeleniumDriver] [  921] - Action Type : WaitForElement
[INFO ][2016-01-25 15:30:56,277][com.java.SeleniumDriver] [  930] -  RESULT true
[INFO ][2016-01-25 15:30:56,277][com.java.SeleniumDriver] [ 1136] - ?   P A S S   ?
[INFO ][2016-01-25 15:30:56,277][com.java.SeleniumDriver] [  856] - ------------------------------------------
[INFO ][2016-01-25 15:30:56,277][com.java.SeleniumDriver] [  857] - Test case being Executed: 2
[INFO ][2016-01-25 15:30:56,277][com.java.SeleniumDriver] [  869] - Test step:5
[INFO ][2016-01-25 15:30:56,277][com.java.SeleniumDriver] [  881] - Datavalue is----------null
[DEBUG][2016-01-25 15:30:56,277][com.java.SeleniumDriver] [  899] - Exception: null
[INFO ][2016-01-25 15:30:56,277][com.java.SeleniumDriver] [  905] - DataField : //span[@class='icon-question']&&//a[text()='Open New Case']
[INFO ][2016-01-25 15:30:56,277][com.java.SeleniumDriver] [  907] - DataValue : 
[INFO ][2016-01-25 15:30:56,277][com.java.SeleniumDriver] [  913] - <In Set values of the page>
[INFO ][2016-01-25 15:30:56,277][com.java.SeleniumDriver] [  916] - {Data Fields & Data Values Exist}
[INFO ][2016-01-25 15:30:56,277][com.java.SeleniumDriver] [  918] - --------------------------setting values-----------------------------
[INFO ][2016-01-25 15:30:56,277][com.java.SeleniumDriver] [  921] - Action Type : MOUSEOVER
[INFO ][2016-01-25 15:31:19,255][com.java.SeleniumDriver] [  930] -  RESULT true
[INFO ][2016-01-25 15:31:19,255][com.java.SeleniumDriver] [ 1136] - ?   P A S S   ?
[INFO ][2016-01-25 15:31:19,255][com.java.SeleniumDriver] [  856] - ------------------------------------------
[INFO ][2016-01-25 15:31:19,255][com.java.SeleniumDriver] [  857] - Test case being Executed: 2
[INFO ][2016-01-25 15:31:19,255][com.java.SeleniumDriver] [  869] - Test step:6
[INFO ][2016-01-25 15:31:19,255][com.java.SeleniumDriver] [  881] - Datavalue is----------5
[INFO ][2016-01-25 15:31:19,255][com.java.SeleniumDriver] [  905] - DataField : BTNframeDialogContent
[INFO ][2016-01-25 15:31:19,255][com.java.SeleniumDriver] [  907] - DataValue : 5
[INFO ][2016-01-25 15:31:19,255][com.java.SeleniumDriver] [  913] - <In Set values of the page>
[INFO ][2016-01-25 15:31:19,255][com.java.SeleniumDriver] [  916] - {Data Fields & Data Values Exist}
[INFO ][2016-01-25 15:31:19,255][com.java.SeleniumDriver] [  918] - --------------------------setting values-----------------------------
[INFO ][2016-01-25 15:31:19,255][com.java.SeleniumDriver] [  921] - Action Type : WAITFORELEMENT
[INFO ][2016-01-25 15:31:20,456][com.java.SeleniumDriver] [  930] -  RESULT true
[INFO ][2016-01-25 15:31:20,456][com.java.SeleniumDriver] [ 1136] - ?   P A S S   ?
[INFO ][2016-01-25 15:31:20,456][com.java.SeleniumDriver] [  856] - ------------------------------------------
[INFO ][2016-01-25 15:31:20,456][com.java.SeleniumDriver] [  857] - Test case being Executed: 2
[INFO ][2016-01-25 15:31:20,456][com.java.SeleniumDriver] [  869] - Test step:7
[INFO ][2016-01-25 15:31:20,456][com.java.SeleniumDriver] [  881] - Datavalue is----------5
[INFO ][2016-01-25 15:31:20,456][com.java.SeleniumDriver] [  905] - DataField : XPH//div[contains(@class,'ui-dialog-titlebar')]//span[contains(text(),'Support Request')]
[INFO ][2016-01-25 15:31:20,456][com.java.SeleniumDriver] [  907] - DataValue : 5
[INFO ][2016-01-25 15:31:20,456][com.java.SeleniumDriver] [  913] - <In Set values of the page>
[INFO ][2016-01-25 15:31:20,456][com.java.SeleniumDriver] [  916] - {Data Fields & Data Values Exist}
[INFO ][2016-01-25 15:31:20,456][com.java.SeleniumDriver] [  918] - --------------------------setting values-----------------------------
[INFO ][2016-01-25 15:31:20,456][com.java.SeleniumDriver] [  921] - Action Type : WaitForElement
[INFO ][2016-01-25 15:31:20,487][com.java.SeleniumDriver] [  930] -  RESULT true
[INFO ][2016-01-25 15:31:20,487][com.java.SeleniumDriver] [ 1136] - ?   P A S S   ?
[INFO ][2016-01-25 15:31:20,487][com.java.SeleniumDriver] [  856] - ------------------------------------------
[INFO ][2016-01-25 15:31:20,487][com.java.SeleniumDriver] [  857] - Test case being Executed: 2
[INFO ][2016-01-25 15:31:20,487][com.java.SeleniumDriver] [  869] - Test step:8
[INFO ][2016-01-25 15:31:20,487][com.java.SeleniumDriver] [  881] - Datavalue is----------Support Request
[INFO ][2016-01-25 15:31:20,487][com.java.SeleniumDriver] [  905] - DataField : XPH//div[contains(@class,'ui-dialog-titlebar')]//span[contains(text(),'Support Request')]
[INFO ][2016-01-25 15:31:20,487][com.java.SeleniumDriver] [  907] - DataValue : Support Request
[INFO ][2016-01-25 15:31:20,487][com.java.SeleniumDriver] [  913] - <In Set values of the page>
[INFO ][2016-01-25 15:31:20,487][com.java.SeleniumDriver] [  916] - {Data Fields & Data Values Exist}
[INFO ][2016-01-25 15:31:20,487][com.java.SeleniumDriver] [  918] - --------------------------setting values-----------------------------
[INFO ][2016-01-25 15:31:20,487][com.java.SeleniumDriver] [  921] - Action Type : Verify
[INFO ][2016-01-25 15:31:20,487][com.java.TestType] [ 7985] - field= XPH//div[contains(@class,'ui-dialog-titlebar')]//span[contains(text(),'Support Request')] value= Support Request
[INFO ][2016-01-25 15:31:20,487][com.java.TestType] [ 6395] - value = Support Request
[INFO ][2016-01-25 15:31:20,587][com.java.SeleniumDriver] [  930] -  RESULT true
[INFO ][2016-01-25 15:31:20,587][com.java.SeleniumDriver] [ 1136] - ?   P A S S   ?
[INFO ][2016-01-25 15:31:20,587][com.java.SeleniumDriver] [  856] - ------------------------------------------
[INFO ][2016-01-25 15:31:20,587][com.java.SeleniumDriver] [  857] - Test case being Executed: 2
[INFO ][2016-01-25 15:31:20,587][com.java.SeleniumDriver] [  869] - Test step:9
[INFO ][2016-01-25 15:31:20,587][com.java.SeleniumDriver] [  881] - Datavalue is----------null
[DEBUG][2016-01-25 15:31:20,587][com.java.SeleniumDriver] [  899] - Exception: null
[INFO ][2016-01-25 15:31:20,587][com.java.SeleniumDriver] [  905] - DataField : BTNframeDialogContent
[INFO ][2016-01-25 15:31:20,587][com.java.SeleniumDriver] [  907] - DataValue : 
[INFO ][2016-01-25 15:31:20,587][com.java.SeleniumDriver] [  913] - <In Set values of the page>
[INFO ][2016-01-25 15:31:20,587][com.java.SeleniumDriver] [  916] - {Data Fields & Data Values Exist}
[INFO ][2016-01-25 15:31:20,587][com.java.SeleniumDriver] [  918] - --------------------------setting values-----------------------------
[INFO ][2016-01-25 15:31:20,587][com.java.SeleniumDriver] [  921] - Action Type : SELECTFRAME
[INFO ][2016-01-25 15:31:21,818][com.java.SeleniumDriver] [  930] -  RESULT true
[INFO ][2016-01-25 15:31:21,818][com.java.SeleniumDriver] [ 1136] - ?   P A S S   ?
[INFO ][2016-01-25 15:31:21,818][com.java.SeleniumDriver] [  856] - ------------------------------------------
[INFO ][2016-01-25 15:31:21,818][com.java.SeleniumDriver] [  857] - Test case being Executed: 2
[INFO ][2016-01-25 15:31:21,818][com.java.SeleniumDriver] [  869] - Test step:10
[INFO ][2016-01-25 15:31:21,818][com.java.SeleniumDriver] [  881] - Datavalue is----------1234567890
[INFO ][2016-01-25 15:31:21,818][com.java.SeleniumDriver] [  905] - DataField : TXTtxtPhoneNumber
[INFO ][2016-01-25 15:31:21,818][com.java.SeleniumDriver] [  907] - DataValue : 1234567890
[INFO ][2016-01-25 15:31:21,818][com.java.SeleniumDriver] [  913] - <In Set values of the page>
[INFO ][2016-01-25 15:31:21,818][com.java.SeleniumDriver] [  916] - {Data Fields & Data Values Exist}
[INFO ][2016-01-25 15:31:21,818][com.java.SeleniumDriver] [  918] - --------------------------setting values-----------------------------
[INFO ][2016-01-25 15:31:21,818][com.java.SeleniumDriver] [  921] - Action Type : CLEARANDENTER
[INFO ][2016-01-25 15:31:22,949][com.java.TestType] [ 6395] - value = 1234567890
[INFO ][2016-01-25 15:31:24,210][com.java.SeleniumDriver] [  930] -  RESULT true
[INFO ][2016-01-25 15:31:24,210][com.java.SeleniumDriver] [ 1136] - ?   P A S S   ?
[INFO ][2016-01-25 15:31:24,210][com.java.SeleniumDriver] [  856] - ------------------------------------------
[INFO ][2016-01-25 15:31:24,210][com.java.SeleniumDriver] [  857] - Test case being Executed: 2
[INFO ][2016-01-25 15:31:24,210][com.java.SeleniumDriver] [  869] - Test step:11
[INFO ][2016-01-25 15:31:24,210][com.java.SeleniumDriver] [  881] - Datavalue is----------index:1
[INFO ][2016-01-25 15:31:24,210][com.java.SeleniumDriver] [  905] - DataField : COBddlCategory
[INFO ][2016-01-25 15:31:24,210][com.java.SeleniumDriver] [  907] - DataValue : index:1
[INFO ][2016-01-25 15:31:24,210][com.java.SeleniumDriver] [  913] - <In Set values of the page>
[INFO ][2016-01-25 15:31:24,210][com.java.SeleniumDriver] [  916] - {Data Fields & Data Values Exist}
[INFO ][2016-01-25 15:31:24,210][com.java.SeleniumDriver] [  918] - --------------------------setting values-----------------------------
[INFO ][2016-01-25 15:31:24,210][com.java.SeleniumDriver] [  921] - Action Type : SELECT
[INFO ][2016-01-25 15:31:24,210][com.java.TestType] [ 6395] - value = 1
[INFO ][2016-01-25 15:31:25,312][com.java.TestType] [ 6513] -  In COB ddlCategory : 1
[INFO ][2016-01-25 15:31:25,462][com.java.SeleniumDriver] [  930] -  RESULT true
[INFO ][2016-01-25 15:31:25,462][com.java.SeleniumDriver] [ 1136] - ?   P A S S   ?
[INFO ][2016-01-25 15:31:25,462][com.java.SeleniumDriver] [  856] - ------------------------------------------
[INFO ][2016-01-25 15:31:25,462][com.java.SeleniumDriver] [  857] - Test case being Executed: 2
[INFO ][2016-01-25 15:31:25,462][com.java.SeleniumDriver] [  869] - Test step:12
[INFO ][2016-01-25 15:31:25,462][com.java.SeleniumDriver] [  881] - Datavalue is----------Subject
[INFO ][2016-01-25 15:31:25,462][com.java.SeleniumDriver] [  905] - DataField : XPH//td[contains(text(),'Subject')]
[INFO ][2016-01-25 15:31:25,462][com.java.SeleniumDriver] [  907] - DataValue : Subject
[INFO ][2016-01-25 15:31:25,462][com.java.SeleniumDriver] [  913] - <In Set values of the page>
[INFO ][2016-01-25 15:31:25,462][com.java.SeleniumDriver] [  916] - {Data Fields & Data Values Exist}
[INFO ][2016-01-25 15:31:25,462][com.java.SeleniumDriver] [  918] - --------------------------setting values-----------------------------
[INFO ][2016-01-25 15:31:25,462][com.java.SeleniumDriver] [  921] - Action Type : Verify
[INFO ][2016-01-25 15:31:25,462][com.java.TestType] [ 7985] - field= XPH//td[contains(text(),'Subject')] value= Subject
[INFO ][2016-01-25 15:31:25,462][com.java.TestType] [ 6395] - value = Subject
[INFO ][2016-01-25 15:31:25,602][com.java.SeleniumDriver] [  930] -  RESULT true
[INFO ][2016-01-25 15:31:25,602][com.java.SeleniumDriver] [ 1136] - ?   P A S S   ?
[INFO ][2016-01-25 15:31:25,602][com.java.SeleniumDriver] [  856] - ------------------------------------------
[INFO ][2016-01-25 15:31:25,602][com.java.SeleniumDriver] [  857] - Test case being Executed: 2
[WARN ][2016-01-25 15:31:25,602][com.java.SeleniumDriver] [  861] - -----------------------Step Skipped:: 	TestCaseNo:  2	 StepNo: 13  	::	Action Type:  Verify 	::		ClientName In TestData:  "SKIP" 	::	ClientName in config:  "Any Bank USA"-----------------------------
[INFO ][2016-01-25 15:31:25,602][com.java.SeleniumDriver] [  856] - ------------------------------------------
[INFO ][2016-01-25 15:31:25,602][com.java.SeleniumDriver] [  857] - Test case being Executed: 2
[WARN ][2016-01-25 15:31:25,602][com.java.SeleniumDriver] [  861] - -----------------------Step Skipped:: 	TestCaseNo:  2	 StepNo: 14  	::	Action Type:  CLEARANDENTER 	::		ClientName In TestData:  "SKIP" 	::	ClientName in config:  "Any Bank USA"-----------------------------
[INFO ][2016-01-25 15:31:25,602][com.java.SeleniumDriver] [  856] - ------------------------------------------
[INFO ][2016-01-25 15:31:25,602][com.java.SeleniumDriver] [  857] - Test case being Executed: 2
[WARN ][2016-01-25 15:31:25,602][com.java.SeleniumDriver] [  861] - -----------------------Step Skipped:: 	TestCaseNo:  2	 StepNo: 15  	::	Action Type:  Verify 	::		ClientName In TestData:  "SKIP" 	::	ClientName in config:  "Any Bank USA"-----------------------------
[INFO ][2016-01-25 15:31:25,602][com.java.SeleniumDriver] [  856] - ------------------------------------------
[INFO ][2016-01-25 15:31:25,602][com.java.SeleniumDriver] [  857] - Test case being Executed: 2
[INFO ][2016-01-25 15:31:25,602][com.java.SeleniumDriver] [  869] - Test step:16
[INFO ][2016-01-25 15:31:25,602][com.java.SeleniumDriver] [  881] - Datavalue is----------How to enter case
[INFO ][2016-01-25 15:31:25,602][com.java.SeleniumDriver] [  905] - DataField : TXTtxtSubject
[INFO ][2016-01-25 15:31:25,602][com.java.SeleniumDriver] [  907] - DataValue : How to enter case
[INFO ][2016-01-25 15:31:25,602][com.java.SeleniumDriver] [  913] - <In Set values of the page>
[INFO ][2016-01-25 15:31:25,602][com.java.SeleniumDriver] [  916] - {Data Fields & Data Values Exist}
[INFO ][2016-01-25 15:31:25,602][com.java.SeleniumDriver] [  918] - --------------------------setting values-----------------------------
[INFO ][2016-01-25 15:31:25,602][com.java.SeleniumDriver] [  921] - Action Type : CLEARANDENTER
[INFO ][2016-01-25 15:31:26,743][com.java.TestType] [ 6395] - value = How to enter case
[INFO ][2016-01-25 15:31:28,165][com.java.SeleniumDriver] [  930] -  RESULT true
[INFO ][2016-01-25 15:31:28,165][com.java.SeleniumDriver] [ 1136] - ?   P A S S   ?
[INFO ][2016-01-25 15:31:28,165][com.java.SeleniumDriver] [  856] - ------------------------------------------
[INFO ][2016-01-25 15:31:28,165][com.java.SeleniumDriver] [  857] - Test case being Executed: 2
[INFO ][2016-01-25 15:31:28,165][com.java.SeleniumDriver] [  869] - Test step:17
[INFO ][2016-01-25 15:31:28,165][com.java.SeleniumDriver] [  881] - Datavalue is----------What all information we need to fill in to log our case.
[INFO ][2016-01-25 15:31:28,165][com.java.SeleniumDriver] [  905] - DataField : TXTtxtIssue
[INFO ][2016-01-25 15:31:28,165][com.java.SeleniumDriver] [  907] - DataValue : What all information we need to fill in to log our case.
[INFO ][2016-01-25 15:31:28,165][com.java.SeleniumDriver] [  913] - <In Set values of the page>
[INFO ][2016-01-25 15:31:28,165][com.java.SeleniumDriver] [  916] - {Data Fields & Data Values Exist}
[INFO ][2016-01-25 15:31:28,165][com.java.SeleniumDriver] [  918] - --------------------------setting values-----------------------------
[INFO ][2016-01-25 15:31:28,165][com.java.SeleniumDriver] [  921] - Action Type : CLEARANDENTER
[INFO ][2016-01-25 15:31:29,286][com.java.TestType] [ 6395] - value = What all information we need to fill in to log our case.
[INFO ][2016-01-25 15:31:31,097][com.java.SeleniumDriver] [  930] -  RESULT true
[INFO ][2016-01-25 15:31:31,097][com.java.SeleniumDriver] [ 1136] - ?   P A S S   ?
[INFO ][2016-01-25 15:31:31,097][com.java.SeleniumDriver] [  856] - ------------------------------------------
[INFO ][2016-01-25 15:31:31,097][com.java.SeleniumDriver] [  857] - Test case being Executed: 2
[INFO ][2016-01-25 15:31:31,097][com.java.SeleniumDriver] [  869] - Test step:18
[INFO ][2016-01-25 15:31:31,097][com.java.SeleniumDriver] [  881] - Datavalue is----------null
[DEBUG][2016-01-25 15:31:31,097][com.java.SeleniumDriver] [  899] - Exception: null
[INFO ][2016-01-25 15:31:31,097][com.java.SeleniumDriver] [  905] - DataField : BTNparent
[INFO ][2016-01-25 15:31:31,097][com.java.SeleniumDriver] [  907] - DataValue : 
[INFO ][2016-01-25 15:31:31,097][com.java.SeleniumDriver] [  913] - <In Set values of the page>
[INFO ][2016-01-25 15:31:31,097][com.java.SeleniumDriver] [  916] - {Data Fields & Data Values Exist}
[INFO ][2016-01-25 15:31:31,097][com.java.SeleniumDriver] [  918] - --------------------------setting values-----------------------------
[INFO ][2016-01-25 15:31:31,097][com.java.SeleniumDriver] [  921] - Action Type : SELECTFRAME
[INFO ][2016-01-25 15:31:31,107][com.java.SeleniumDriver] [  930] -  RESULT true
[INFO ][2016-01-25 15:31:31,107][com.java.SeleniumDriver] [ 1136] - ?   P A S S   ?
[INFO ][2016-01-25 15:31:31,107][com.java.SeleniumDriver] [  856] - ------------------------------------------
[INFO ][2016-01-25 15:31:31,107][com.java.SeleniumDriver] [  857] - Test case being Executed: 2
[INFO ][2016-01-25 15:31:31,107][com.java.SeleniumDriver] [  869] - Test step:19
[INFO ][2016-01-25 15:31:31,107][com.java.SeleniumDriver] [  881] - Datavalue is----------null
[DEBUG][2016-01-25 15:31:31,107][com.java.SeleniumDriver] [  899] - Exception: null
[INFO ][2016-01-25 15:31:31,107][com.java.SeleniumDriver] [  905] - DataField : BTN//span[@class="ui-button-text" and contains(text(),'Cancel')]
[INFO ][2016-01-25 15:31:31,107][com.java.SeleniumDriver] [  907] - DataValue : 
[INFO ][2016-01-25 15:31:31,107][com.java.SeleniumDriver] [  913] - <In Set values of the page>
[INFO ][2016-01-25 15:31:31,107][com.java.SeleniumDriver] [  916] - {Data Fields & Data Values Exist}
[INFO ][2016-01-25 15:31:31,107][com.java.SeleniumDriver] [  918] - --------------------------setting values-----------------------------
[INFO ][2016-01-25 15:31:31,107][com.java.SeleniumDriver] [  921] - Action Type : CLICK
[INFO ][2016-01-25 15:31:31,107][com.java.TestType] [ 6774] - Field ::BTN//span[@class="ui-button-text" and contains(text(),'Cancel')]
[INFO ][2016-01-25 15:31:31,107][com.java.TestType] [ 6395] - value = 
[INFO ][2016-01-25 15:31:32,107][com.java.TestType] [ 6926] - BEFORE CLICK
[INFO ][2016-01-25 15:31:32,328][com.java.TestType] [ 6933] - Unable to click the object Cancel button
[INFO ][2016-01-25 15:31:32,328][com.java.SeleniumDriver] [  930] -  RESULT true
[INFO ][2016-01-25 15:31:32,328][com.java.SeleniumDriver] [ 1136] - ?   P A S S   ?
[DEBUG][2016-01-25 15:31:32,328][com.java.SeleniumDriver] [ 1248] - Case found
[DEBUG][2016-01-25 15:31:32,328][com.java.SeleniumDriver] [ 1253] - Incrementing ReportCounters[0]:2
[INFO ][2016-01-25 15:31:32,328][com.java.SeleniumDriver] [ 1272] - The results are-------------------[2, 1, Support : Open New Case :Cancel, Pass, , Mon Jan 25 15:30:51 IST 2016, 2, 3, Support : Open New Case :Cancel, Pass, , Mon Jan 25 15:30:56 IST 2016, 2, 4, Support : Open New Case :Cancel, Pass, , Mon Jan 25 15:30:56 IST 2016, 2, 5, Support : Open New Case :Cancel, Pass, , Mon Jan 25 15:31:19 IST 2016, 2, 6, Support : Open New Case :Cancel, Pass, , Mon Jan 25 15:31:20 IST 2016, 2, 7, Support : Open New Case :Cancel, Pass, , Mon Jan 25 15:31:20 IST 2016, 2, 8, Support : Open New Case :Cancel, Pass, , Mon Jan 25 15:31:20 IST 2016, 2, 9, Support : Open New Case :Cancel, Pass, , Mon Jan 25 15:31:21 IST 2016, 2, 10, Support : Open New Case :Cancel, Pass, , Mon Jan 25 15:31:24 IST 2016, 2, 11, Support : Open New Case :Cancel, Pass, , Mon Jan 25 15:31:25 IST 2016, 2, 12, Support : Open New Case :Cancel, Pass, , Mon Jan 25 15:31:25 IST 2016, 2, 16, Support : Open New Case :Cancel, Pass, , Mon Jan 25 15:31:28 IST 2016, 2, 17, Support : Open New Case :Cancel, Pass, , Mon Jan 25 15:31:31 IST 2016, 2, 18, Support : Open New Case :Cancel, Pass, , Mon Jan 25 15:31:31 IST 2016, 2, 19, Support : Open New Case :Cancel, Pass, , Mon Jan 25 15:31:32 IST 2016]
[INFO ][2016-01-25 15:31:32,328][com.java.SeleniumDriver] [ 1276] - End time is-------1 min 35 sec
[INFO ][2016-01-25 15:31:32,328][com.java.SeleniumDriver] [ 1277] - The results are-------------------[2, 1, Support : Open New Case :Cancel, Pass, , Mon Jan 25 15:30:51 IST 2016, 2, 3, Support : Open New Case :Cancel, Pass, , Mon Jan 25 15:30:56 IST 2016, 2, 4, Support : Open New Case :Cancel, Pass, , Mon Jan 25 15:30:56 IST 2016, 2, 5, Support : Open New Case :Cancel, Pass, , Mon Jan 25 15:31:19 IST 2016, 2, 6, Support : Open New Case :Cancel, Pass, , Mon Jan 25 15:31:20 IST 2016, 2, 7, Support : Open New Case :Cancel, Pass, , Mon Jan 25 15:31:20 IST 2016, 2, 8, Support : Open New Case :Cancel, Pass, , Mon Jan 25 15:31:20 IST 2016, 2, 9, Support : Open New Case :Cancel, Pass, , Mon Jan 25 15:31:21 IST 2016, 2, 10, Support : Open New Case :Cancel, Pass, , Mon Jan 25 15:31:24 IST 2016, 2, 11, Support : Open New Case :Cancel, Pass, , Mon Jan 25 15:31:25 IST 2016, 2, 12, Support : Open New Case :Cancel, Pass, , Mon Jan 25 15:31:25 IST 2016, 2, 16, Support : Open New Case :Cancel, Pass, , Mon Jan 25 15:31:28 IST 2016, 2, 17, Support : Open New Case :Cancel, Pass, , Mon Jan 25 15:31:31 IST 2016, 2, 18, Support : Open New Case :Cancel, Pass, , Mon Jan 25 15:31:31 IST 2016, 2, 19, Support : Open New Case :Cancel, Pass, , Mon Jan 25 15:31:32 IST 2016]
[DEBUG][2016-01-25 15:31:32,328][com.java.ImportnExport.ExportTestResultsExcel] [  222] - testResultPath = D:\BankersDashboard/TestReports/Test Results_BankersDashBoard_012516_152959_IE10_Any Bank USA.xls
[DEBUG][2016-01-25 15:31:32,328][com.java.ImportnExport.ExportTestResultsExcel] [  223] - browser is------------IE10
[DEBUG][2016-01-25 15:31:32,328][com.java.ImportnExport.ExportTestResultsExcel] [  270] - result.size() = 90
[DEBUG][2016-01-25 15:31:32,328][com.java.ImportnExport.ExportTestResultsExcel] [  274] - No of rows in sheet=2
[DEBUG][2016-01-25 15:31:32,328][com.java.ImportnExport.ExportTestResultsExcel] [  301] - ..in export..2
[DEBUG][2016-01-25 15:31:32,328][com.java.ImportnExport.ExportTestResultsExcel] [  301] - ..in export..Support : Open New Case :Cancel
[DEBUG][2016-01-25 15:31:32,328][com.java.ImportnExport.ExportTestResultsExcel] [  301] - ..in export..Pass
[DEBUG][2016-01-25 15:31:32,328][com.java.ImportnExport.ExportTestResultsExcel] [  301] - ..in export..
[DEBUG][2016-01-25 15:31:32,328][com.java.ImportnExport.ExportTestResultsExcel] [  301] - ..in export..Mon Jan 25 15:30:51 IST 2016
[INFO ][2016-01-25 15:31:32,328][com.java.SeleniumDriver] [ 1337] - out loop:1 size:6 TestCases:[1, 2, 3, 4, 5, 6] testcases:[1, 2, 3, 4, 5, 6]
[INFO ][2016-01-25 15:31:32,328][com.java.ImportnExport.ImportTestDataDetailsExcel] [   49] - test data details path===== D:\BankersDashboard\TestInputs\TestData.xls
[INFO ][2016-01-25 15:31:47,405][com.java.SeleniumDriver] [  856] - ------------------------------------------
[INFO ][2016-01-25 15:31:47,405][com.java.SeleniumDriver] [  857] - Test case being Executed: 3
[INFO ][2016-01-25 15:31:47,405][com.java.SeleniumDriver] [  869] - Test step:1
[INFO ][2016-01-25 15:31:47,405][com.java.SeleniumDriver] [  881] - Datavalue is----------Logout
[INFO ][2016-01-25 15:31:47,405][com.java.SeleniumDriver] [  905] - DataField : BTN
[INFO ][2016-01-25 15:31:47,405][com.java.SeleniumDriver] [  907] - DataValue : Logout
[INFO ][2016-01-25 15:31:47,405][com.java.SeleniumDriver] [  913] - <In Set values of the page>
[INFO ][2016-01-25 15:31:47,405][com.java.SeleniumDriver] [  916] - {Data Fields & Data Values Exist}
[INFO ][2016-01-25 15:31:47,405][com.java.SeleniumDriver] [  918] - --------------------------setting values-----------------------------
[INFO ][2016-01-25 15:31:47,405][com.java.SeleniumDriver] [  921] - Action Type : Verify
[INFO ][2016-01-25 15:31:47,405][com.java.TestType] [ 7985] - field= BTN value= Logout
[INFO ][2016-01-25 15:31:47,405][com.java.TestType] [ 6395] - value = Logout
[INFO ][2016-01-25 15:31:47,466][com.java.SeleniumDriver] [  930] -  RESULT true
[INFO ][2016-01-25 15:31:47,466][com.java.SeleniumDriver] [ 1136] - ?   P A S S   ?
[INFO ][2016-01-25 15:31:47,466][com.java.SeleniumDriver] [ 1178] - step change to 3
[INFO ][2016-01-25 15:31:47,466][com.java.SeleniumDriver] [  856] - ------------------------------------------
[INFO ][2016-01-25 15:31:47,466][com.java.SeleniumDriver] [  857] - Test case being Executed: 3
[INFO ][2016-01-25 15:31:47,466][com.java.SeleniumDriver] [  869] - Test step:3
[INFO ][2016-01-25 15:31:47,466][com.java.SeleniumDriver] [  881] - Datavalue is----------Concept#2:1-2
[INFO ][2016-01-25 15:31:47,466][com.java.SeleniumDriver] [  905] - DataField : test
[INFO ][2016-01-25 15:31:47,466][com.java.SeleniumDriver] [  907] - DataValue : Concept#2:1-2
[INFO ][2016-01-25 15:31:47,466][com.java.SeleniumDriver] [  913] - <In Set values of the page>
[INFO ][2016-01-25 15:31:47,466][com.java.SeleniumDriver] [  916] - {Data Fields & Data Values Exist}
[INFO ][2016-01-25 15:31:47,466][com.java.SeleniumDriver] [  918] - --------------------------setting values-----------------------------
[INFO ][2016-01-25 15:31:47,466][com.java.SeleniumDriver] [  921] - Action Type : ExecuteTestCase
[INFO ][2016-01-25 15:31:47,466][com.java.TestType] [  442] - The Concept sheet name is ---------- Concept
[INFO ][2016-01-25 15:31:47,466][com.java.TestType] [  445] - The Concept ID  is ---------- 2
[DEBUG][2016-01-25 15:31:47,466][com.java.TestType] [  449] - Steps being executted in the Concept are: 1:2
[INFO ][2016-01-25 15:31:47,466][com.java.TestType] [  456] - Test data details path ---------- D:\BankersDashboard\TestInputs\TestData.xls
[INFO ][2016-01-25 15:31:47,476][com.java.TestType] [  487] -  str(1) = 2
[INFO ][2016-01-25 15:31:47,476][com.java.TestType] [  490] - Test case Id is---2
[INFO ][2016-01-25 15:31:47,476][com.java.TestType] [  492] - 2
[INFO ][2016-01-25 15:31:47,476][com.java.TestType] [  487] -  str(2) = 1
[INFO ][2016-01-25 15:31:47,486][com.java.TestType] [  487] -  str(1) = 2
[INFO ][2016-01-25 15:31:47,486][com.java.TestType] [  490] - Test case Id is---2
[INFO ][2016-01-25 15:31:47,486][com.java.TestType] [  492] - 2
[INFO ][2016-01-25 15:31:47,486][com.java.TestType] [  487] -  str(2) = 2
[INFO ][2016-01-25 15:31:47,486][com.java.TestType] [  487] -  str(1) = 2
[INFO ][2016-01-25 15:31:47,486][com.java.TestType] [  490] - Test case Id is---2
[INFO ][2016-01-25 15:31:47,486][com.java.TestType] [  492] - 2
[INFO ][2016-01-25 15:31:47,486][com.java.TestType] [  487] -  str(2) = 3
[INFO ][2016-01-25 15:31:47,486][com.java.TestType] [11650] - Looping 1TCID = 2
[DEBUG][2016-01-25 15:31:47,486][com.java.TestType] [11691] - Concept ID:2 :: Step being Executed: 2::1
[INFO ][2016-01-25 15:31:47,486][com.java.TestType] [11729] - dataFields : BNK//select[@id='bank']
[DEBUG][2016-01-25 15:31:47,486][com.java.TestType] [11735] - <In Set values of the page>
[DEBUG][2016-01-25 15:31:47,486][com.java.TestType] [11740] - {Data Fields & Data Values Exist}
[INFO ][2016-01-25 15:31:47,486][com.java.TestType] [11746] - --------------------------setting values-----------------------------
[INFO ][2016-01-25 15:31:47,486][com.java.TestType] [11749] - Action Type : Select
[INFO ][2016-01-25 15:31:47,486][com.java.TestType] [ 6395] - value = PFC
[INFO ][2016-01-25 15:31:47,676][com.java.TestType] [11768] -  RESULT true
[INFO ][2016-01-25 15:31:47,676][com.java.TestType] [11885] - ?   P A S S   ?
[DEBUG][2016-01-25 15:31:47,676][com.java.TestType] [11691] - Concept ID:2 :: Step being Executed: 2::2
[INFO ][2016-01-25 15:31:47,676][com.java.TestType] [11729] - dataFields : LNKLogout
[DEBUG][2016-01-25 15:31:47,676][com.java.TestType] [11735] - <In Set values of the page>
[DEBUG][2016-01-25 15:31:47,676][com.java.TestType] [11740] - {Data Fields & Data Values Exist}
[INFO ][2016-01-25 15:31:47,676][com.java.TestType] [11746] - --------------------------setting values-----------------------------
[INFO ][2016-01-25 15:31:47,676][com.java.TestType] [11749] - Action Type : WaitTime
[DEBUG][2016-01-25 15:31:47,676][com.java.TestType] [ 6209] - sleepTime: 5000
[INFO ][2016-01-25 15:31:52,677][com.java.TestType] [11768] -  RESULT true
[INFO ][2016-01-25 15:31:52,677][com.java.TestType] [11885] - ?   P A S S   ?
[INFO ][2016-01-25 15:31:52,677][com.java.TestType] [11956] - Looping End......
[INFO ][2016-01-25 15:31:52,677][com.java.SeleniumDriver] [  930] -  RESULT true
[INFO ][2016-01-25 15:31:52,677][com.java.SeleniumDriver] [ 1136] - ?   P A S S   ?
[INFO ][2016-01-25 15:31:52,677][com.java.SeleniumDriver] [  856] - ------------------------------------------
[INFO ][2016-01-25 15:31:52,677][com.java.SeleniumDriver] [  857] - Test case being Executed: 3
[INFO ][2016-01-25 15:31:52,677][com.java.SeleniumDriver] [  869] - Test step:4
[INFO ][2016-01-25 15:31:52,677][com.java.SeleniumDriver] [  881] - Datavalue is----------2
[INFO ][2016-01-25 15:31:52,677][com.java.SeleniumDriver] [  905] - DataField : XPH//span[@class='icon-compass']
[INFO ][2016-01-25 15:31:52,677][com.java.SeleniumDriver] [  907] - DataValue : 2
[INFO ][2016-01-25 15:31:52,677][com.java.SeleniumDriver] [  913] - <In Set values of the page>
[INFO ][2016-01-25 15:31:52,677][com.java.SeleniumDriver] [  916] - {Data Fields & Data Values Exist}
[INFO ][2016-01-25 15:31:52,677][com.java.SeleniumDriver] [  918] - --------------------------setting values-----------------------------
[INFO ][2016-01-25 15:31:52,677][com.java.SeleniumDriver] [  921] - Action Type : WaitForElement
[INFO ][2016-01-25 15:31:52,708][com.java.SeleniumDriver] [  930] -  RESULT true
[INFO ][2016-01-25 15:31:52,708][com.java.SeleniumDriver] [ 1136] - ?   P A S S   ?
[INFO ][2016-01-25 15:31:52,708][com.java.SeleniumDriver] [  856] - ------------------------------------------
[INFO ][2016-01-25 15:31:52,708][com.java.SeleniumDriver] [  857] - Test case being Executed: 3
[INFO ][2016-01-25 15:31:52,708][com.java.SeleniumDriver] [  869] - Test step:5
[INFO ][2016-01-25 15:31:52,708][com.java.SeleniumDriver] [  881] - Datavalue is----------null
[DEBUG][2016-01-25 15:31:52,708][com.java.SeleniumDriver] [  899] - Exception: null
[INFO ][2016-01-25 15:31:52,708][com.java.SeleniumDriver] [  905] - DataField : //span[@class='icon-question']&&//a[text()='Open New Case']
[INFO ][2016-01-25 15:31:52,708][com.java.SeleniumDriver] [  907] - DataValue : 
[INFO ][2016-01-25 15:31:52,708][com.java.SeleniumDriver] [  913] - <In Set values of the page>
[INFO ][2016-01-25 15:31:52,708][com.java.SeleniumDriver] [  916] - {Data Fields & Data Values Exist}
[INFO ][2016-01-25 15:31:52,708][com.java.SeleniumDriver] [  918] - --------------------------setting values-----------------------------
[INFO ][2016-01-25 15:31:52,708][com.java.SeleniumDriver] [  921] - Action Type : MOUSEOVER
[INFO ][2016-01-25 15:32:15,698][com.java.SeleniumDriver] [  930] -  RESULT true
[INFO ][2016-01-25 15:32:15,698][com.java.SeleniumDriver] [ 1136] - ?   P A S S   ?
[INFO ][2016-01-25 15:32:15,698][com.java.SeleniumDriver] [  856] - ------------------------------------------
[INFO ][2016-01-25 15:32:15,698][com.java.SeleniumDriver] [  857] - Test case being Executed: 3
[INFO ][2016-01-25 15:32:15,698][com.java.SeleniumDriver] [  869] - Test step:6
[INFO ][2016-01-25 15:32:15,698][com.java.SeleniumDriver] [  881] - Datavalue is----------5
[INFO ][2016-01-25 15:32:15,698][com.java.SeleniumDriver] [  905] - DataField : BTNframeDialogContent
[INFO ][2016-01-25 15:32:15,698][com.java.SeleniumDriver] [  907] - DataValue : 5
[INFO ][2016-01-25 15:32:15,698][com.java.SeleniumDriver] [  913] - <In Set values of the page>
[INFO ][2016-01-25 15:32:15,698][com.java.SeleniumDriver] [  916] - {Data Fields & Data Values Exist}
[INFO ][2016-01-25 15:32:15,698][com.java.SeleniumDriver] [  918] - --------------------------setting values-----------------------------
[INFO ][2016-01-25 15:32:15,698][com.java.SeleniumDriver] [  921] - Action Type : WAITFORELEMENT
[INFO ][2016-01-25 15:32:16,900][com.java.SeleniumDriver] [  930] -  RESULT true
[INFO ][2016-01-25 15:32:16,900][com.java.SeleniumDriver] [ 1136] - ?   P A S S   ?
[INFO ][2016-01-25 15:32:16,900][com.java.SeleniumDriver] [  856] - ------------------------------------------
[INFO ][2016-01-25 15:32:16,900][com.java.SeleniumDriver] [  857] - Test case being Executed: 3
[INFO ][2016-01-25 15:32:16,900][com.java.SeleniumDriver] [  869] - Test step:7
[INFO ][2016-01-25 15:32:16,900][com.java.SeleniumDriver] [  881] - Datavalue is----------5
[INFO ][2016-01-25 15:32:16,900][com.java.SeleniumDriver] [  905] - DataField : XPH//div[contains(@class,'ui-dialog-titlebar')]//span[contains(text(),'Support Request')]
[INFO ][2016-01-25 15:32:16,900][com.java.SeleniumDriver] [  907] - DataValue : 5
[INFO ][2016-01-25 15:32:16,900][com.java.SeleniumDriver] [  913] - <In Set values of the page>
[INFO ][2016-01-25 15:32:16,900][com.java.SeleniumDriver] [  916] - {Data Fields & Data Values Exist}
[INFO ][2016-01-25 15:32:16,900][com.java.SeleniumDriver] [  918] - --------------------------setting values-----------------------------
[INFO ][2016-01-25 15:32:16,900][com.java.SeleniumDriver] [  921] - Action Type : WaitForElement
[INFO ][2016-01-25 15:32:16,941][com.java.SeleniumDriver] [  930] -  RESULT true
[INFO ][2016-01-25 15:32:16,941][com.java.SeleniumDriver] [ 1136] - ?   P A S S   ?
[INFO ][2016-01-25 15:32:16,941][com.java.SeleniumDriver] [  856] - ------------------------------------------
[INFO ][2016-01-25 15:32:16,941][com.java.SeleniumDriver] [  857] - Test case being Executed: 3
[INFO ][2016-01-25 15:32:16,941][com.java.SeleniumDriver] [  869] - Test step:8
[INFO ][2016-01-25 15:32:16,941][com.java.SeleniumDriver] [  881] - Datavalue is----------Support Request
[INFO ][2016-01-25 15:32:16,941][com.java.SeleniumDriver] [  905] - DataField : XPH//div[contains(@class,'ui-dialog-titlebar')]//span[contains(text(),'Support Request')]
[INFO ][2016-01-25 15:32:16,941][com.java.SeleniumDriver] [  907] - DataValue : Support Request
[INFO ][2016-01-25 15:32:16,941][com.java.SeleniumDriver] [  913] - <In Set values of the page>
[INFO ][2016-01-25 15:32:16,941][com.java.SeleniumDriver] [  916] - {Data Fields & Data Values Exist}
[INFO ][2016-01-25 15:32:16,941][com.java.SeleniumDriver] [  918] - --------------------------setting values-----------------------------
[INFO ][2016-01-25 15:32:16,941][com.java.SeleniumDriver] [  921] - Action Type : Verify
[INFO ][2016-01-25 15:32:16,941][com.java.TestType] [ 7985] - field= XPH//div[contains(@class,'ui-dialog-titlebar')]//span[contains(text(),'Support Request')] value= Support Request
[INFO ][2016-01-25 15:32:16,941][com.java.TestType] [ 6395] - value = Support Request
[INFO ][2016-01-25 15:32:17,041][com.java.SeleniumDriver] [  930] -  RESULT true
[INFO ][2016-01-25 15:32:17,041][com.java.SeleniumDriver] [ 1136] - ?   P A S S   ?
[INFO ][2016-01-25 15:32:17,041][com.java.SeleniumDriver] [  856] - ------------------------------------------
[INFO ][2016-01-25 15:32:17,041][com.java.SeleniumDriver] [  857] - Test case being Executed: 3
[INFO ][2016-01-25 15:32:17,041][com.java.SeleniumDriver] [  869] - Test step:9
[INFO ][2016-01-25 15:32:17,041][com.java.SeleniumDriver] [  881] - Datavalue is----------null
[DEBUG][2016-01-25 15:32:17,041][com.java.SeleniumDriver] [  899] - Exception: null
[INFO ][2016-01-25 15:32:17,041][com.java.SeleniumDriver] [  905] - DataField : BTNframeDialogContent
[INFO ][2016-01-25 15:32:17,041][com.java.SeleniumDriver] [  907] - DataValue : 
[INFO ][2016-01-25 15:32:17,041][com.java.SeleniumDriver] [  913] - <In Set values of the page>
[INFO ][2016-01-25 15:32:17,041][com.java.SeleniumDriver] [  916] - {Data Fields & Data Values Exist}
[INFO ][2016-01-25 15:32:17,041][com.java.SeleniumDriver] [  918] - --------------------------setting values-----------------------------
[INFO ][2016-01-25 15:32:17,041][com.java.SeleniumDriver] [  921] - Action Type : SELECTFRAME
[INFO ][2016-01-25 15:32:18,282][com.java.SeleniumDriver] [  930] -  RESULT true
[INFO ][2016-01-25 15:32:18,282][com.java.SeleniumDriver] [ 1136] - ?   P A S S   ?
[INFO ][2016-01-25 15:32:18,282][com.java.SeleniumDriver] [  856] - ------------------------------------------
[INFO ][2016-01-25 15:32:18,282][com.java.SeleniumDriver] [  857] - Test case being Executed: 3
[INFO ][2016-01-25 15:32:18,282][com.java.SeleniumDriver] [  869] - Test step:10
[INFO ][2016-01-25 15:32:18,282][com.java.SeleniumDriver] [  881] - Datavalue is----------1234567890
[INFO ][2016-01-25 15:32:18,282][com.java.SeleniumDriver] [  905] - DataField : TXTtxtPhoneNumber
[INFO ][2016-01-25 15:32:18,282][com.java.SeleniumDriver] [  907] - DataValue : 1234567890
[INFO ][2016-01-25 15:32:18,282][com.java.SeleniumDriver] [  913] - <In Set values of the page>
[INFO ][2016-01-25 15:32:18,282][com.java.SeleniumDriver] [  916] - {Data Fields & Data Values Exist}
[INFO ][2016-01-25 15:32:18,282][com.java.SeleniumDriver] [  918] - --------------------------setting values-----------------------------
[INFO ][2016-01-25 15:32:18,282][com.java.SeleniumDriver] [  921] - Action Type : CLEARANDENTER
[INFO ][2016-01-25 15:32:19,413][com.java.TestType] [ 6395] - value = 1234567890
[INFO ][2016-01-25 15:32:20,654][com.java.SeleniumDriver] [  930] -  RESULT true
[INFO ][2016-01-25 15:32:20,654][com.java.SeleniumDriver] [ 1136] - ?   P A S S   ?
[INFO ][2016-01-25 15:32:20,654][com.java.SeleniumDriver] [  856] - ------------------------------------------
[INFO ][2016-01-25 15:32:20,654][com.java.SeleniumDriver] [  857] - Test case being Executed: 3
[INFO ][2016-01-25 15:32:20,654][com.java.SeleniumDriver] [  869] - Test step:11
[INFO ][2016-01-25 15:32:20,654][com.java.SeleniumDriver] [  881] - Datavalue is----------index:1
[INFO ][2016-01-25 15:32:20,654][com.java.SeleniumDriver] [  905] - DataField : COBddlCategory
[INFO ][2016-01-25 15:32:20,654][com.java.SeleniumDriver] [  907] - DataValue : index:1
[INFO ][2016-01-25 15:32:20,654][com.java.SeleniumDriver] [  913] - <In Set values of the page>
[INFO ][2016-01-25 15:32:20,654][com.java.SeleniumDriver] [  916] - {Data Fields & Data Values Exist}
[INFO ][2016-01-25 15:32:20,654][com.java.SeleniumDriver] [  918] - --------------------------setting values-----------------------------
[INFO ][2016-01-25 15:32:20,654][com.java.SeleniumDriver] [  921] - Action Type : SELECT
[INFO ][2016-01-25 15:32:20,654][com.java.TestType] [ 6395] - value = 1
[INFO ][2016-01-25 15:32:21,745][com.java.TestType] [ 6513] -  In COB ddlCategory : 1
[INFO ][2016-01-25 15:32:21,895][com.java.SeleniumDriver] [  930] -  RESULT true
[INFO ][2016-01-25 15:32:21,895][com.java.SeleniumDriver] [ 1136] - ?   P A S S   ?
[INFO ][2016-01-25 15:32:21,895][com.java.SeleniumDriver] [  856] - ------------------------------------------
[INFO ][2016-01-25 15:32:21,895][com.java.SeleniumDriver] [  857] - Test case being Executed: 3
[WARN ][2016-01-25 15:32:21,895][com.java.SeleniumDriver] [  861] - -----------------------Step Skipped:: 	TestCaseNo:  3	 StepNo: 12  	::	Action Type:  Verify 	::		ClientName In TestData:  "SKIP" 	::	ClientName in config:  "Any Bank USA"-----------------------------
[INFO ][2016-01-25 15:32:21,895][com.java.SeleniumDriver] [  856] - ------------------------------------------
[INFO ][2016-01-25 15:32:21,895][com.java.SeleniumDriver] [  857] - Test case being Executed: 3
[WARN ][2016-01-25 15:32:21,895][com.java.SeleniumDriver] [  861] - -----------------------Step Skipped:: 	TestCaseNo:  3	 StepNo: 13  	::	Action Type:  CLEARANDENTER 	::		ClientName In TestData:  "SKIP" 	::	ClientName in config:  "Any Bank USA"-----------------------------
[INFO ][2016-01-25 15:32:21,895][com.java.SeleniumDriver] [  856] - ------------------------------------------
[INFO ][2016-01-25 15:32:21,895][com.java.SeleniumDriver] [  857] - Test case being Executed: 3
[WARN ][2016-01-25 15:32:21,895][com.java.SeleniumDriver] [  861] - -----------------------Step Skipped:: 	TestCaseNo:  3	 StepNo: 14  	::	Action Type:  Verify 	::		ClientName In TestData:  "SKIP" 	::	ClientName in config:  "Any Bank USA"-----------------------------
[INFO ][2016-01-25 15:32:21,895][com.java.SeleniumDriver] [  856] - ------------------------------------------
[INFO ][2016-01-25 15:32:21,895][com.java.SeleniumDriver] [  857] - Test case being Executed: 3
[WARN ][2016-01-25 15:32:21,895][com.java.SeleniumDriver] [  861] - -----------------------Step Skipped:: 	TestCaseNo:  3	 StepNo: 15  	::	Action Type:  CLEARANDENTER 	::		ClientName In TestData:  "SKIP" 	::	ClientName in config:  "Any Bank USA"-----------------------------
[INFO ][2016-01-25 15:32:21,895][com.java.SeleniumDriver] [  856] - ------------------------------------------
[INFO ][2016-01-25 15:32:21,895][com.java.SeleniumDriver] [  857] - Test case being Executed: 3
[INFO ][2016-01-25 15:32:21,895][com.java.SeleniumDriver] [  869] - Test step:16
[INFO ][2016-01-25 15:32:21,895][com.java.SeleniumDriver] [  881] - Datavalue is----------How to enter case
[INFO ][2016-01-25 15:32:21,895][com.java.SeleniumDriver] [  905] - DataField : TXTtxtSubject
[INFO ][2016-01-25 15:32:21,895][com.java.SeleniumDriver] [  907] - DataValue : How to enter case
[INFO ][2016-01-25 15:32:21,895][com.java.SeleniumDriver] [  913] - <In Set values of the page>
[INFO ][2016-01-25 15:32:21,895][com.java.SeleniumDriver] [  916] - {Data Fields & Data Values Exist}
[INFO ][2016-01-25 15:32:21,895][com.java.SeleniumDriver] [  918] - --------------------------setting values-----------------------------
[INFO ][2016-01-25 15:32:21,895][com.java.SeleniumDriver] [  921] - Action Type : CLEARANDENTER
[INFO ][2016-01-25 15:32:23,046][com.java.TestType] [ 6395] - value = How to enter case
[INFO ][2016-01-25 15:32:24,468][com.java.SeleniumDriver] [  930] -  RESULT true
[INFO ][2016-01-25 15:32:24,468][com.java.SeleniumDriver] [ 1136] - ?   P A S S   ?
[INFO ][2016-01-25 15:32:24,468][com.java.SeleniumDriver] [  856] - ------------------------------------------
[INFO ][2016-01-25 15:32:24,468][com.java.SeleniumDriver] [  857] - Test case being Executed: 3
[INFO ][2016-01-25 15:32:24,468][com.java.SeleniumDriver] [  869] - Test step:17
[INFO ][2016-01-25 15:32:24,468][com.java.SeleniumDriver] [  881] - Datavalue is----------What all information we need to fill in to log our case.
[INFO ][2016-01-25 15:32:24,468][com.java.SeleniumDriver] [  905] - DataField : TXTtxtIssue
[INFO ][2016-01-25 15:32:24,468][com.java.SeleniumDriver] [  907] - DataValue : What all information we need to fill in to log our case.
[INFO ][2016-01-25 15:32:24,468][com.java.SeleniumDriver] [  913] - <In Set values of the page>
[INFO ][2016-01-25 15:32:24,468][com.java.SeleniumDriver] [  916] - {Data Fields & Data Values Exist}
[INFO ][2016-01-25 15:32:24,468][com.java.SeleniumDriver] [  918] - --------------------------setting values-----------------------------
[INFO ][2016-01-25 15:32:24,468][com.java.SeleniumDriver] [  921] - Action Type : CLEARANDENTER
[INFO ][2016-01-25 15:32:25,589][com.java.TestType] [ 6395] - value = What all information we need to fill in to log our case.
[INFO ][2016-01-25 15:32:27,380][com.java.SeleniumDriver] [  930] -  RESULT true
[INFO ][2016-01-25 15:32:27,380][com.java.SeleniumDriver] [ 1136] - ?   P A S S   ?
[INFO ][2016-01-25 15:32:27,380][com.java.SeleniumDriver] [  856] - ------------------------------------------
[INFO ][2016-01-25 15:32:27,380][com.java.SeleniumDriver] [  857] - Test case being Executed: 3
[INFO ][2016-01-25 15:32:27,380][com.java.SeleniumDriver] [  869] - Test step:18
[INFO ][2016-01-25 15:32:27,380][com.java.SeleniumDriver] [  881] - Datavalue is----------null
[DEBUG][2016-01-25 15:32:27,380][com.java.SeleniumDriver] [  899] - Exception: null
[INFO ][2016-01-25 15:32:27,380][com.java.SeleniumDriver] [  905] - DataField : BTNparent
[INFO ][2016-01-25 15:32:27,380][com.java.SeleniumDriver] [  907] - DataValue : 
[INFO ][2016-01-25 15:32:27,380][com.java.SeleniumDriver] [  913] - <In Set values of the page>
[INFO ][2016-01-25 15:32:27,380][com.java.SeleniumDriver] [  916] - {Data Fields & Data Values Exist}
[INFO ][2016-01-25 15:32:27,380][com.java.SeleniumDriver] [  918] - --------------------------setting values-----------------------------
[INFO ][2016-01-25 15:32:27,380][com.java.SeleniumDriver] [  921] - Action Type : SELECTFRAME
[INFO ][2016-01-25 15:32:27,390][com.java.SeleniumDriver] [  930] -  RESULT true
[INFO ][2016-01-25 15:32:27,390][com.java.SeleniumDriver] [ 1136] - ?   P A S S   ?
[INFO ][2016-01-25 15:32:27,390][com.java.SeleniumDriver] [  856] - ------------------------------------------
[INFO ][2016-01-25 15:32:27,390][com.java.SeleniumDriver] [  857] - Test case being Executed: 3
[INFO ][2016-01-25 15:32:27,390][com.java.SeleniumDriver] [  869] - Test step:19
[INFO ][2016-01-25 15:32:27,390][com.java.SeleniumDriver] [  881] - Datavalue is----------null
[DEBUG][2016-01-25 15:32:27,390][com.java.SeleniumDriver] [  899] - Exception: null
[INFO ][2016-01-25 15:32:27,390][com.java.SeleniumDriver] [  905] - DataField : BTN//span[@class="ui-button-text" and contains(text(),'Open Case')]
[INFO ][2016-01-25 15:32:27,390][com.java.SeleniumDriver] [  907] - DataValue : 
[INFO ][2016-01-25 15:32:27,390][com.java.SeleniumDriver] [  913] - <In Set values of the page>
[INFO ][2016-01-25 15:32:27,390][com.java.SeleniumDriver] [  916] - {Data Fields & Data Values Exist}
[INFO ][2016-01-25 15:32:27,390][com.java.SeleniumDriver] [  918] - --------------------------setting values-----------------------------
[INFO ][2016-01-25 15:32:27,390][com.java.SeleniumDriver] [  921] - Action Type : CLICK
[INFO ][2016-01-25 15:32:27,390][com.java.TestType] [ 6774] - Field ::BTN//span[@class="ui-button-text" and contains(text(),'Open Case')]
[INFO ][2016-01-25 15:32:27,390][com.java.TestType] [ 6395] - value = 
[INFO ][2016-01-25 15:32:28,391][com.java.TestType] [ 6926] - BEFORE CLICK
[INFO ][2016-01-25 15:32:28,662][com.java.TestType] [ 6933] - Unable to click the object Cancel button
[INFO ][2016-01-25 15:32:28,662][com.java.SeleniumDriver] [  930] -  RESULT true
[INFO ][2016-01-25 15:32:28,662][com.java.SeleniumDriver] [ 1136] - ?   P A S S   ?
[INFO ][2016-01-25 15:32:28,662][com.java.SeleniumDriver] [  856] - ------------------------------------------
[INFO ][2016-01-25 15:32:28,662][com.java.SeleniumDriver] [  857] - Test case being Executed: 3
[WARN ][2016-01-25 15:32:28,662][com.java.SeleniumDriver] [  861] - -----------------------Step Skipped:: 	TestCaseNo:  3	 StepNo: 20  	::	Action Type:  CLICK 	::		ClientName In TestData:  "SKIP" 	::	ClientName in config:  "Any Bank USA"-----------------------------
[DEBUG][2016-01-25 15:32:28,662][com.java.SeleniumDriver] [ 1248] - Case found
[DEBUG][2016-01-25 15:32:28,662][com.java.SeleniumDriver] [ 1253] - Incrementing ReportCounters[0]:3
[INFO ][2016-01-25 15:32:28,662][com.java.SeleniumDriver] [ 1272] - The results are-------------------[3, 1, Support : Open New Case : Open Case, Pass, , Mon Jan 25 15:31:47 IST 2016, 3, 3, Support : Open New Case : Open Case, Pass, , Mon Jan 25 15:31:52 IST 2016, 3, 4, Support : Open New Case : Open Case, Pass, , Mon Jan 25 15:31:52 IST 2016, 3, 5, Support : Open New Case : Open Case, Pass, , Mon Jan 25 15:32:15 IST 2016, 3, 6, Support : Open New Case : Open Case, Pass, , Mon Jan 25 15:32:16 IST 2016, 3, 7, Support : Open New Case : Open Case, Pass, , Mon Jan 25 15:32:16 IST 2016, 3, 8, Support : Open New Case : Open Case, Pass, , Mon Jan 25 15:32:17 IST 2016, 3, 9, Support : Open New Case : Open Case, Pass, , Mon Jan 25 15:32:18 IST 2016, 3, 10, Support : Open New Case : Open Case, Pass, , Mon Jan 25 15:32:20 IST 2016, 3, 11, Support : Open New Case : Open Case, Pass, , Mon Jan 25 15:32:21 IST 2016, 3, 16, Support : Open New Case : Open Case, Pass, , Mon Jan 25 15:32:24 IST 2016, 3, 17, Support : Open New Case : Open Case, Pass, , Mon Jan 25 15:32:27 IST 2016, 3, 18, Support : Open New Case : Open Case, Pass, , Mon Jan 25 15:32:27 IST 2016, 3, 19, Support : Open New Case : Open Case, Pass, , Mon Jan 25 15:32:28 IST 2016]
[INFO ][2016-01-25 15:32:28,662][com.java.SeleniumDriver] [ 1276] - End time is-------2 min 31 sec
[INFO ][2016-01-25 15:32:28,662][com.java.SeleniumDriver] [ 1277] - The results are-------------------[3, 1, Support : Open New Case : Open Case, Pass, , Mon Jan 25 15:31:47 IST 2016, 3, 3, Support : Open New Case : Open Case, Pass, , Mon Jan 25 15:31:52 IST 2016, 3, 4, Support : Open New Case : Open Case, Pass, , Mon Jan 25 15:31:52 IST 2016, 3, 5, Support : Open New Case : Open Case, Pass, , Mon Jan 25 15:32:15 IST 2016, 3, 6, Support : Open New Case : Open Case, Pass, , Mon Jan 25 15:32:16 IST 2016, 3, 7, Support : Open New Case : Open Case, Pass, , Mon Jan 25 15:32:16 IST 2016, 3, 8, Support : Open New Case : Open Case, Pass, , Mon Jan 25 15:32:17 IST 2016, 3, 9, Support : Open New Case : Open Case, Pass, , Mon Jan 25 15:32:18 IST 2016, 3, 10, Support : Open New Case : Open Case, Pass, , Mon Jan 25 15:32:20 IST 2016, 3, 11, Support : Open New Case : Open Case, Pass, , Mon Jan 25 15:32:21 IST 2016, 3, 16, Support : Open New Case : Open Case, Pass, , Mon Jan 25 15:32:24 IST 2016, 3, 17, Support : Open New Case : Open Case, Pass, , Mon Jan 25 15:32:27 IST 2016, 3, 18, Support : Open New Case : Open Case, Pass, , Mon Jan 25 15:32:27 IST 2016, 3, 19, Support : Open New Case : Open Case, Pass, , Mon Jan 25 15:32:28 IST 2016]
[DEBUG][2016-01-25 15:32:28,662][com.java.ImportnExport.ExportTestResultsExcel] [  222] - testResultPath = D:\BankersDashboard/TestReports/Test Results_BankersDashBoard_012516_152959_IE10_Any Bank USA.xls
[DEBUG][2016-01-25 15:32:28,662][com.java.ImportnExport.ExportTestResultsExcel] [  223] - browser is------------IE10
[DEBUG][2016-01-25 15:32:28,662][com.java.ImportnExport.ExportTestResultsExcel] [  270] - result.size() = 84
[DEBUG][2016-01-25 15:32:28,662][com.java.ImportnExport.ExportTestResultsExcel] [  274] - No of rows in sheet=3
[DEBUG][2016-01-25 15:32:28,662][com.java.ImportnExport.ExportTestResultsExcel] [  301] - ..in export..3
[DEBUG][2016-01-25 15:32:28,662][com.java.ImportnExport.ExportTestResultsExcel] [  301] - ..in export..Support : Open New Case : Open Case
[DEBUG][2016-01-25 15:32:28,662][com.java.ImportnExport.ExportTestResultsExcel] [  301] - ..in export..Pass
[DEBUG][2016-01-25 15:32:28,662][com.java.ImportnExport.ExportTestResultsExcel] [  301] - ..in export..
[DEBUG][2016-01-25 15:32:28,662][com.java.ImportnExport.ExportTestResultsExcel] [  301] - ..in export..Mon Jan 25 15:31:47 IST 2016
[INFO ][2016-01-25 15:32:28,662][com.java.SeleniumDriver] [ 1337] - out loop:2 size:6 TestCases:[1, 2, 3, 4, 5, 6] testcases:[1, 2, 3, 4, 5, 6]
[INFO ][2016-01-25 15:32:28,662][com.java.ImportnExport.ImportTestDataDetailsExcel] [   49] - test data details path===== D:\BankersDashboard\TestInputs\TestData.xls
[INFO ][2016-01-25 15:32:44,172][com.java.SeleniumDriver] [  856] - ------------------------------------------
[INFO ][2016-01-25 15:32:44,172][com.java.SeleniumDriver] [  857] - Test case being Executed: 4
[INFO ][2016-01-25 15:32:44,172][com.java.SeleniumDriver] [  869] - Test step:1
[INFO ][2016-01-25 15:32:44,172][com.java.SeleniumDriver] [  881] - Datavalue is----------Logout
[INFO ][2016-01-25 15:32:44,172][com.java.SeleniumDriver] [  905] - DataField : BTN
[INFO ][2016-01-25 15:32:44,172][com.java.SeleniumDriver] [  907] - DataValue : Logout
[INFO ][2016-01-25 15:32:44,172][com.java.SeleniumDriver] [  913] - <In Set values of the page>
[INFO ][2016-01-25 15:32:44,172][com.java.SeleniumDriver] [  916] - {Data Fields & Data Values Exist}
[INFO ][2016-01-25 15:32:44,172][com.java.SeleniumDriver] [  918] - --------------------------setting values-----------------------------
[INFO ][2016-01-25 15:32:44,172][com.java.SeleniumDriver] [  921] - Action Type : Verify
[INFO ][2016-01-25 15:32:44,172][com.java.TestType] [ 7985] - field= BTN value= Logout
[INFO ][2016-01-25 15:32:44,172][com.java.TestType] [ 6395] - value = Logout
[INFO ][2016-01-25 15:32:44,243][com.java.SeleniumDriver] [  930] -  RESULT true
[INFO ][2016-01-25 15:32:44,243][com.java.SeleniumDriver] [ 1136] - ?   P A S S   ?
[INFO ][2016-01-25 15:32:44,243][com.java.SeleniumDriver] [ 1178] - step change to 3
[INFO ][2016-01-25 15:32:44,243][com.java.SeleniumDriver] [  856] - ------------------------------------------
[INFO ][2016-01-25 15:32:44,243][com.java.SeleniumDriver] [  857] - Test case being Executed: 4
[INFO ][2016-01-25 15:32:44,243][com.java.SeleniumDriver] [  869] - Test step:3
[INFO ][2016-01-25 15:32:44,243][com.java.SeleniumDriver] [  881] - Datavalue is----------Concept#2:1-2
[INFO ][2016-01-25 15:32:44,243][com.java.SeleniumDriver] [  905] - DataField : test
[INFO ][2016-01-25 15:32:44,243][com.java.SeleniumDriver] [  907] - DataValue : Concept#2:1-2
[INFO ][2016-01-25 15:32:44,243][com.java.SeleniumDriver] [  913] - <In Set values of the page>
[INFO ][2016-01-25 15:32:44,243][com.java.SeleniumDriver] [  916] - {Data Fields & Data Values Exist}
[INFO ][2016-01-25 15:32:44,243][com.java.SeleniumDriver] [  918] - --------------------------setting values-----------------------------
[INFO ][2016-01-25 15:32:44,243][com.java.SeleniumDriver] [  921] - Action Type : ExecuteTestCase
[INFO ][2016-01-25 15:32:44,243][com.java.TestType] [  442] - The Concept sheet name is ---------- Concept
[INFO ][2016-01-25 15:32:44,243][com.java.TestType] [  445] - The Concept ID  is ---------- 2
[DEBUG][2016-01-25 15:32:44,243][com.java.TestType] [  449] - Steps being executted in the Concept are: 1:2
[INFO ][2016-01-25 15:32:44,243][com.java.TestType] [  456] - Test data details path ---------- D:\BankersDashboard\TestInputs\TestData.xls
[INFO ][2016-01-25 15:32:44,253][com.java.TestType] [  487] -  str(1) = 2
[INFO ][2016-01-25 15:32:44,253][com.java.TestType] [  490] - Test case Id is---2
[INFO ][2016-01-25 15:32:44,253][com.java.TestType] [  492] - 2
[INFO ][2016-01-25 15:32:44,253][com.java.TestType] [  487] -  str(2) = 1
[INFO ][2016-01-25 15:32:44,263][com.java.TestType] [  487] -  str(1) = 2
[INFO ][2016-01-25 15:32:44,263][com.java.TestType] [  490] - Test case Id is---2
[INFO ][2016-01-25 15:32:44,263][com.java.TestType] [  492] - 2
[INFO ][2016-01-25 15:32:44,263][com.java.TestType] [  487] -  str(2) = 2
[INFO ][2016-01-25 15:32:44,263][com.java.TestType] [  487] -  str(1) = 2
[INFO ][2016-01-25 15:32:44,263][com.java.TestType] [  490] - Test case Id is---2
[INFO ][2016-01-25 15:32:44,263][com.java.TestType] [  492] - 2
[INFO ][2016-01-25 15:32:44,263][com.java.TestType] [  487] -  str(2) = 3
[INFO ][2016-01-25 15:32:44,263][com.java.TestType] [11650] - Looping 1TCID = 2
[DEBUG][2016-01-25 15:32:44,263][com.java.TestType] [11691] - Concept ID:2 :: Step being Executed: 2::1
[INFO ][2016-01-25 15:32:44,263][com.java.TestType] [11729] - dataFields : BNK//select[@id='bank']
[DEBUG][2016-01-25 15:32:44,263][com.java.TestType] [11735] - <In Set values of the page>
[DEBUG][2016-01-25 15:32:44,263][com.java.TestType] [11740] - {Data Fields & Data Values Exist}
[INFO ][2016-01-25 15:32:44,263][com.java.TestType] [11746] - --------------------------setting values-----------------------------
[INFO ][2016-01-25 15:32:44,263][com.java.TestType] [11749] - Action Type : Select
[INFO ][2016-01-25 15:32:44,263][com.java.TestType] [ 6395] - value = PFC
[INFO ][2016-01-25 15:32:44,453][com.java.TestType] [11768] -  RESULT true
[INFO ][2016-01-25 15:32:44,453][com.java.TestType] [11885] - ?   P A S S   ?
[DEBUG][2016-01-25 15:32:44,453][com.java.TestType] [11691] - Concept ID:2 :: Step being Executed: 2::2
[INFO ][2016-01-25 15:32:44,453][com.java.TestType] [11729] - dataFields : LNKLogout
[DEBUG][2016-01-25 15:32:44,453][com.java.TestType] [11735] - <In Set values of the page>
[DEBUG][2016-01-25 15:32:44,453][com.java.TestType] [11740] - {Data Fields & Data Values Exist}
[INFO ][2016-01-25 15:32:44,453][com.java.TestType] [11746] - --------------------------setting values-----------------------------
[INFO ][2016-01-25 15:32:44,453][com.java.TestType] [11749] - Action Type : WaitTime
[DEBUG][2016-01-25 15:32:44,453][com.java.TestType] [ 6209] - sleepTime: 5000
[INFO ][2016-01-25 15:32:49,453][com.java.TestType] [11768] -  RESULT true
[INFO ][2016-01-25 15:32:49,453][com.java.TestType] [11885] - ?   P A S S   ?
[INFO ][2016-01-25 15:32:49,453][com.java.TestType] [11956] - Looping End......
[INFO ][2016-01-25 15:32:49,453][com.java.SeleniumDriver] [  930] -  RESULT true
[INFO ][2016-01-25 15:32:49,453][com.java.SeleniumDriver] [ 1136] - ?   P A S S   ?
[INFO ][2016-01-25 15:32:49,453][com.java.SeleniumDriver] [  856] - ------------------------------------------
[INFO ][2016-01-25 15:32:49,453][com.java.SeleniumDriver] [  857] - Test case being Executed: 4
[INFO ][2016-01-25 15:32:49,453][com.java.SeleniumDriver] [  869] - Test step:4
[INFO ][2016-01-25 15:32:49,453][com.java.SeleniumDriver] [  881] - Datavalue is----------null
[DEBUG][2016-01-25 15:32:49,453][com.java.SeleniumDriver] [  899] - Exception: null
[INFO ][2016-01-25 15:32:49,453][com.java.SeleniumDriver] [  905] - DataField : BNK//select[@id='bank']
[INFO ][2016-01-25 15:32:49,453][com.java.SeleniumDriver] [  907] - DataValue : 
[INFO ][2016-01-25 15:32:49,453][com.java.SeleniumDriver] [  913] - <In Set values of the page>
[INFO ][2016-01-25 15:32:49,453][com.java.SeleniumDriver] [  916] - {Data Fields & Data Values Exist}
[INFO ][2016-01-25 15:32:49,453][com.java.SeleniumDriver] [  918] - --------------------------setting values-----------------------------
[INFO ][2016-01-25 15:32:49,453][com.java.SeleniumDriver] [  921] - Action Type : Select
[INFO ][2016-01-25 15:32:49,453][com.java.TestType] [ 6395] - value = 
[INFO ][2016-01-25 15:32:49,729][com.java.SeleniumDriver] [  930] -  RESULT true
[INFO ][2016-01-25 15:32:49,729][com.java.SeleniumDriver] [ 1136] - ?   P A S S   ?
[INFO ][2016-01-25 15:32:49,729][com.java.SeleniumDriver] [ 1173] - Continue next step...
[INFO ][2016-01-25 15:32:49,729][com.java.SeleniumDriver] [  856] - ------------------------------------------
[INFO ][2016-01-25 15:32:49,729][com.java.SeleniumDriver] [  857] - Test case being Executed: 4
[INFO ][2016-01-25 15:32:49,729][com.java.SeleniumDriver] [  869] - Test step:5
[INFO ][2016-01-25 15:32:49,729][com.java.SeleniumDriver] [  881] - Datavalue is----------2
[INFO ][2016-01-25 15:32:49,729][com.java.SeleniumDriver] [  905] - DataField : XPH//span[@class='icon-compass']
[INFO ][2016-01-25 15:32:49,729][com.java.SeleniumDriver] [  907] - DataValue : 2
[INFO ][2016-01-25 15:32:49,729][com.java.SeleniumDriver] [  913] - <In Set values of the page>
[INFO ][2016-01-25 15:32:49,729][com.java.SeleniumDriver] [  916] - {Data Fields & Data Values Exist}
[INFO ][2016-01-25 15:32:49,729][com.java.SeleniumDriver] [  918] - --------------------------setting values-----------------------------
[INFO ][2016-01-25 15:32:49,729][com.java.SeleniumDriver] [  921] - Action Type : WaitForElement
[INFO ][2016-01-25 15:32:49,776][com.java.SeleniumDriver] [  930] -  RESULT true
[INFO ][2016-01-25 15:32:49,776][com.java.SeleniumDriver] [ 1136] - ?   P A S S   ?
[INFO ][2016-01-25 15:32:49,776][com.java.SeleniumDriver] [  856] - ------------------------------------------
[INFO ][2016-01-25 15:32:49,776][com.java.SeleniumDriver] [  857] - Test case being Executed: 4
[INFO ][2016-01-25 15:32:49,776][com.java.SeleniumDriver] [  869] - Test step:6
[INFO ][2016-01-25 15:32:49,776][com.java.SeleniumDriver] [  881] - Datavalue is----------null
[DEBUG][2016-01-25 15:32:49,776][com.java.SeleniumDriver] [  899] - Exception: null
[INFO ][2016-01-25 15:32:49,776][com.java.SeleniumDriver] [  905] - DataField : //span[@class='icon-question']&&//a[text()='Open New Case']
[INFO ][2016-01-25 15:32:49,776][com.java.SeleniumDriver] [  907] - DataValue : 
[INFO ][2016-01-25 15:32:49,776][com.java.SeleniumDriver] [  913] - <In Set values of the page>
[INFO ][2016-01-25 15:32:49,776][com.java.SeleniumDriver] [  916] - {Data Fields & Data Values Exist}
[INFO ][2016-01-25 15:32:49,776][com.java.SeleniumDriver] [  918] - --------------------------setting values-----------------------------
[INFO ][2016-01-25 15:32:49,776][com.java.SeleniumDriver] [  921] - Action Type : MOUSEOVER
[INFO ][2016-01-25 15:33:14,534][com.java.SeleniumDriver] [  930] -  RESULT true
[INFO ][2016-01-25 15:33:14,534][com.java.SeleniumDriver] [ 1136] - ?   P A S S   ?
[INFO ][2016-01-25 15:33:14,534][com.java.SeleniumDriver] [  856] - ------------------------------------------
[INFO ][2016-01-25 15:33:14,534][com.java.SeleniumDriver] [  857] - Test case being Executed: 4
[INFO ][2016-01-25 15:33:14,534][com.java.SeleniumDriver] [  869] - Test step:7
[INFO ][2016-01-25 15:33:14,534][com.java.SeleniumDriver] [  881] - Datavalue is----------5
[INFO ][2016-01-25 15:33:14,534][com.java.SeleniumDriver] [  905] - DataField : XPH//div[contains(@class,'ui-dialog-titlebar')]//span[contains(text(),'Support Request')]
[INFO ][2016-01-25 15:33:14,534][com.java.SeleniumDriver] [  907] - DataValue : 5
[INFO ][2016-01-25 15:33:14,534][com.java.SeleniumDriver] [  913] - <In Set values of the page>
[INFO ][2016-01-25 15:33:14,534][com.java.SeleniumDriver] [  916] - {Data Fields & Data Values Exist}
[INFO ][2016-01-25 15:33:14,534][com.java.SeleniumDriver] [  918] - --------------------------setting values-----------------------------
[INFO ][2016-01-25 15:33:14,534][com.java.SeleniumDriver] [  921] - Action Type : WaitForElement
[INFO ][2016-01-25 15:33:14,565][com.java.SeleniumDriver] [  930] -  RESULT true
[INFO ][2016-01-25 15:33:14,565][com.java.SeleniumDriver] [ 1136] - ?   P A S S   ?
[INFO ][2016-01-25 15:33:14,565][com.java.SeleniumDriver] [  856] - ------------------------------------------
[INFO ][2016-01-25 15:33:14,565][com.java.SeleniumDriver] [  857] - Test case being Executed: 4
[INFO ][2016-01-25 15:33:14,565][com.java.SeleniumDriver] [  869] - Test step:8
[INFO ][2016-01-25 15:33:14,565][com.java.SeleniumDriver] [  881] - Datavalue is----------null
[DEBUG][2016-01-25 15:33:14,565][com.java.SeleniumDriver] [  899] - Exception: null
[INFO ][2016-01-25 15:33:14,565][com.java.SeleniumDriver] [  905] - DataField : BTNframeDialogContent
[INFO ][2016-01-25 15:33:14,565][com.java.SeleniumDriver] [  907] - DataValue : 
[INFO ][2016-01-25 15:33:14,565][com.java.SeleniumDriver] [  913] - <In Set values of the page>
[INFO ][2016-01-25 15:33:14,565][com.java.SeleniumDriver] [  916] - {Data Fields & Data Values Exist}
[INFO ][2016-01-25 15:33:14,565][com.java.SeleniumDriver] [  918] - --------------------------setting values-----------------------------
[INFO ][2016-01-25 15:33:14,565][com.java.SeleniumDriver] [  921] - Action Type : SELECTFRAME
[INFO ][2016-01-25 15:33:15,806][com.java.SeleniumDriver] [  930] -  RESULT true
[INFO ][2016-01-25 15:33:15,806][com.java.SeleniumDriver] [ 1136] - ?   P A S S   ?
[INFO ][2016-01-25 15:33:15,806][com.java.SeleniumDriver] [  856] - ------------------------------------------
[INFO ][2016-01-25 15:33:15,806][com.java.SeleniumDriver] [  857] - Test case being Executed: 4
[INFO ][2016-01-25 15:33:15,806][com.java.SeleniumDriver] [  869] - Test step:9
[INFO ][2016-01-25 15:33:15,806][com.java.SeleniumDriver] [  881] - Datavalue is----------Support Request
[INFO ][2016-01-25 15:33:15,806][com.java.SeleniumDriver] [  905] - DataField : XPH//div[contains(@class,'ui-dialog-titlebar')]//span[contains(text(),'Support Request')]
[INFO ][2016-01-25 15:33:15,806][com.java.SeleniumDriver] [  907] - DataValue : Support Request
[INFO ][2016-01-25 15:33:15,806][com.java.SeleniumDriver] [  913] - <In Set values of the page>
[INFO ][2016-01-25 15:33:15,806][com.java.SeleniumDriver] [  916] - {Data Fields & Data Values Exist}
[INFO ][2016-01-25 15:33:15,806][com.java.SeleniumDriver] [  918] - --------------------------setting values-----------------------------
[INFO ][2016-01-25 15:33:15,806][com.java.SeleniumDriver] [  921] - Action Type : Verify
[INFO ][2016-01-25 15:33:15,806][com.java.TestType] [ 7985] - field= XPH//div[contains(@class,'ui-dialog-titlebar')]//span[contains(text(),'Support Request')] value= Support Request
[INFO ][2016-01-25 15:33:15,806][com.java.TestType] [ 6395] - value = Support Request
[ERROR][2016-01-25 15:33:36,207][com.java.TestType] [ 8491] - Element  not found ://div[contains(@class,'ui-dialog-titlebar')]//span[contains(text(),'Support Request')]
[INFO ][2016-01-25 15:33:36,207][com.java.SeleniumDriver] [  930] -  RESULT false
[INFO ][2016-01-25 15:33:36,207][com.java.SeleniumDriver] [  977] - ?   F A I L   ?
[INFO ][2016-01-25 15:33:36,207][com.java.SeleniumDriver] [  985] - Browser Type : IE10
[INFO ][2016-01-25 15:33:36,207][com.java.SeleniumDriver] [  986] - Adding Failed case4
[INFO ][2016-01-25 15:33:36,468][com.java.SeleniumDriver] [ 1100] - failedCases = 4
[ERROR][2016-01-25 15:33:36,468][com.java.SeleniumDriver] [ 1599] - Platform Errors : Our apologies...::We have encountered an issue with your request.::Our apologies?:We encountered an issue with your request.
[INFO ][2016-01-25 15:33:36,468][com.java.SeleniumDriver] [ 1603] - Length =3
[ERROR][2016-01-25 15:33:36,468][com.java.SeleniumDriver] [ 1606] - Error 0 = Our apologies...
[ERROR][2016-01-25 15:33:36,558][com.java.SeleniumDriver] [ 1606] - Error 1 = We have encountered an issue with your request.
[ERROR][2016-01-25 15:33:36,568][com.java.SeleniumDriver] [ 1606] - Error 2 = Our apologies?:We encountered an issue with your request.
[INFO ][2016-01-25 15:33:36,578][com.java.SeleniumDriver] [ 1617] - strError:
[DEBUG][2016-01-25 15:33:36,588][com.java.SeleniumDriver] [ 1248] - Case found
[DEBUG][2016-01-25 15:33:36,588][com.java.SeleniumDriver] [ 1253] - Incrementing ReportCounters[0]:4
[INFO ][2016-01-25 15:33:36,588][com.java.SeleniumDriver] [ 1272] - The results are-------------------[4, 9, Support : Open New Case : Open Case :Consolidated Bank Entity, Fail, 
Test case failed at Step No. :: 9   Error Message ::  Element not found://div[contains(@class,'ui-dialog-titlebar')]//span[contains(text(),'Support Request')]. Screen Shot : D:\BankersDashboard\TestReports\012516\4_012516_153336_IE10.png, Mon Jan 25 15:33:36 IST 2016]
[INFO ][2016-01-25 15:33:36,588][com.java.SeleniumDriver] [ 1276] - End time is-------3 min 39 sec
[INFO ][2016-01-25 15:33:36,588][com.java.SeleniumDriver] [ 1277] - The results are-------------------[4, 9, Support : Open New Case : Open Case :Consolidated Bank Entity, Fail, 
Test case failed at Step No. :: 9   Error Message ::  Element not found://div[contains(@class,'ui-dialog-titlebar')]//span[contains(text(),'Support Request')]. Screen Shot : D:\BankersDashboard\TestReports\012516\4_012516_153336_IE10.png, Mon Jan 25 15:33:36 IST 2016]
[DEBUG][2016-01-25 15:33:36,588][com.java.ImportnExport.ExportTestResultsExcel] [  222] - testResultPath = D:\BankersDashboard/TestReports/Test Results_BankersDashBoard_012516_152959_IE10_Any Bank USA.xls
[DEBUG][2016-01-25 15:33:36,588][com.java.ImportnExport.ExportTestResultsExcel] [  223] - browser is------------IE10
[DEBUG][2016-01-25 15:33:36,588][com.java.ImportnExport.ExportTestResultsExcel] [  270] - result.size() = 6
[DEBUG][2016-01-25 15:33:36,588][com.java.ImportnExport.ExportTestResultsExcel] [  274] - No of rows in sheet=4
[DEBUG][2016-01-25 15:33:36,588][com.java.ImportnExport.ExportTestResultsExcel] [  301] - ..in export..4
[DEBUG][2016-01-25 15:33:36,588][com.java.ImportnExport.ExportTestResultsExcel] [  301] - ..in export..Support : Open New Case : Open Case :Consolidated Bank Entity
[DEBUG][2016-01-25 15:33:36,588][com.java.ImportnExport.ExportTestResultsExcel] [  301] - ..in export..Fail
[DEBUG][2016-01-25 15:33:36,588][com.java.ImportnExport.ExportTestResultsExcel] [  301] - ..in export..
Test case failed at Step No. :: 9   Error Message ::  Element not found://div[contains(@class,'ui-dialog-titlebar')]//span[contains(text(),'Support Request')]. Screen Shot : D:\BankersDashboard\TestReports\012516\4_012516_153336_IE10.png
[DEBUG][2016-01-25 15:33:36,588][com.java.ImportnExport.ExportTestResultsExcel] [  301] - ..in export..Mon Jan 25 15:33:36 IST 2016
[INFO ][2016-01-25 15:33:36,588][com.java.SeleniumDriver] [ 1337] - out loop:3 size:6 TestCases:[1, 2, 3, 4, 5, 6] testcases:[1, 2, 3, 4, 5, 6]
[INFO ][2016-01-25 15:33:36,588][com.java.ImportnExport.ImportTestDataDetailsExcel] [   49] - test data details path===== D:\BankersDashboard\TestInputs\TestData.xls
[DEBUG][2016-01-25 15:33:36,608][com.java.ImportnExport.ImportTestDataDetailsExcel] [  188] - Unable to read the data from the TestData: null
[INFO ][2016-01-25 15:33:52,562][com.java.SeleniumDriver] [ 1284] - ? S K I P P E D ?
[INFO ][2016-01-25 15:33:52,562][com.java.SeleniumDriver] [ 1286] - Test case:4
[INFO ][2016-01-25 15:33:52,562][com.java.SeleniumDriver] [ 1287] - Support : Open New Case : Open Case :Consolidated Bank Entity
[INFO ][2016-01-25 15:33:52,562][com.java.SeleniumDriver] [ 1288] -  No Test Steps Available
[INFO ][2016-01-25 15:33:52,562][com.java.SeleniumDriver] [ 1304] - The results are-------------------[5, 9, Testcase does not exist in TestData sheet, Skipped,  No Test Steps Available, Mon Jan 25 15:33:52 IST 2016]
[INFO ][2016-01-25 15:33:52,562][com.java.SeleniumDriver] [ 1308] - End time is-------3 min 55 sec
[INFO ][2016-01-25 15:33:52,562][com.java.SeleniumDriver] [ 1309] - The results are-------------------[5, 9, Testcase does not exist in TestData sheet, Skipped,  No Test Steps Available, Mon Jan 25 15:33:52 IST 2016]
[DEBUG][2016-01-25 15:33:52,562][com.java.ImportnExport.ExportTestResultsExcel] [  222] - testResultPath = D:\BankersDashboard/TestReports/Test Results_BankersDashBoard_012516_152959_IE10_Any Bank USA.xls
[DEBUG][2016-01-25 15:33:52,562][com.java.ImportnExport.ExportTestResultsExcel] [  223] - browser is------------IE10
[DEBUG][2016-01-25 15:33:52,562][com.java.ImportnExport.ExportTestResultsExcel] [  270] - result.size() = 6
[DEBUG][2016-01-25 15:33:52,562][com.java.ImportnExport.ExportTestResultsExcel] [  274] - No of rows in sheet=5
[DEBUG][2016-01-25 15:33:52,562][com.java.ImportnExport.ExportTestResultsExcel] [  301] - ..in export..5
[DEBUG][2016-01-25 15:33:52,562][com.java.ImportnExport.ExportTestResultsExcel] [  301] - ..in export..Testcase does not exist in TestData sheet
[DEBUG][2016-01-25 15:33:52,562][com.java.ImportnExport.ExportTestResultsExcel] [  301] - ..in export..Skipped
[DEBUG][2016-01-25 15:33:52,562][com.java.ImportnExport.ExportTestResultsExcel] [  301] - ..in export.. No Test Steps Available
[DEBUG][2016-01-25 15:33:52,562][com.java.ImportnExport.ExportTestResultsExcel] [  301] - ..in export..Mon Jan 25 15:33:52 IST 2016
[INFO ][2016-01-25 15:33:52,562][com.java.SeleniumDriver] [ 1337] - out loop:4 size:6 TestCases:[1, 2, 3, 4, 5, 6] testcases:[1, 2, 3, 4, 5, 6]
[INFO ][2016-01-25 15:33:52,562][com.java.ImportnExport.ImportTestDataDetailsExcel] [   49] - test data details path===== D:\BankersDashboard\TestInputs\TestData.xls
[INFO ][2016-01-25 15:34:08,730][com.java.SeleniumDriver] [  856] - ------------------------------------------
[INFO ][2016-01-25 15:34:08,730][com.java.SeleniumDriver] [  857] - Test case being Executed: 6
[INFO ][2016-01-25 15:34:08,730][com.java.SeleniumDriver] [  869] - Test step:1
[INFO ][2016-01-25 15:34:08,730][com.java.SeleniumDriver] [  881] - Datavalue is----------Logout
[INFO ][2016-01-25 15:34:08,730][com.java.SeleniumDriver] [  905] - DataField : BTN
[INFO ][2016-01-25 15:34:08,730][com.java.SeleniumDriver] [  907] - DataValue : Logout
[INFO ][2016-01-25 15:34:08,730][com.java.SeleniumDriver] [  913] - <In Set values of the page>
[INFO ][2016-01-25 15:34:08,730][com.java.SeleniumDriver] [  916] - {Data Fields & Data Values Exist}
[INFO ][2016-01-25 15:34:08,730][com.java.SeleniumDriver] [  918] - --------------------------setting values-----------------------------
[INFO ][2016-01-25 15:34:08,730][com.java.SeleniumDriver] [  921] - Action Type : Verify
[INFO ][2016-01-25 15:34:08,730][com.java.TestType] [ 7985] - field= BTN value= Logout
[INFO ][2016-01-25 15:34:08,730][com.java.TestType] [ 6395] - value = Logout
[INFO ][2016-01-25 15:34:08,801][com.java.SeleniumDriver] [  930] -  RESULT true
[INFO ][2016-01-25 15:34:08,801][com.java.SeleniumDriver] [ 1136] - ?   P A S S   ?
[INFO ][2016-01-25 15:34:08,801][com.java.SeleniumDriver] [ 1178] - step change to 3
[INFO ][2016-01-25 15:34:08,801][com.java.SeleniumDriver] [  856] - ------------------------------------------
[INFO ][2016-01-25 15:34:08,801][com.java.SeleniumDriver] [  857] - Test case being Executed: 6
[INFO ][2016-01-25 15:34:08,801][com.java.SeleniumDriver] [  869] - Test step:3
[INFO ][2016-01-25 15:34:08,801][com.java.SeleniumDriver] [  881] - Datavalue is----------Concept#2:1-2
[INFO ][2016-01-25 15:34:08,801][com.java.SeleniumDriver] [  905] - DataField : test
[INFO ][2016-01-25 15:34:08,801][com.java.SeleniumDriver] [  907] - DataValue : Concept#2:1-2
[INFO ][2016-01-25 15:34:08,801][com.java.SeleniumDriver] [  913] - <In Set values of the page>
[INFO ][2016-01-25 15:34:08,801][com.java.SeleniumDriver] [  916] - {Data Fields & Data Values Exist}
[INFO ][2016-01-25 15:34:08,801][com.java.SeleniumDriver] [  918] - --------------------------setting values-----------------------------
[INFO ][2016-01-25 15:34:08,801][com.java.SeleniumDriver] [  921] - Action Type : ExecuteTestCase
[INFO ][2016-01-25 15:34:08,801][com.java.TestType] [  442] - The Concept sheet name is ---------- Concept
[INFO ][2016-01-25 15:34:08,801][com.java.TestType] [  445] - The Concept ID  is ---------- 2
[DEBUG][2016-01-25 15:34:08,801][com.java.TestType] [  449] - Steps being executted in the Concept are: 1:2
[INFO ][2016-01-25 15:34:08,801][com.java.TestType] [  456] - Test data details path ---------- D:\BankersDashboard\TestInputs\TestData.xls
[INFO ][2016-01-25 15:34:08,811][com.java.TestType] [  487] -  str(1) = 2
[INFO ][2016-01-25 15:34:08,811][com.java.TestType] [  490] - Test case Id is---2
[INFO ][2016-01-25 15:34:08,811][com.java.TestType] [  492] - 2
[INFO ][2016-01-25 15:34:08,811][com.java.TestType] [  487] -  str(2) = 1
[INFO ][2016-01-25 15:34:08,821][com.java.TestType] [  487] -  str(1) = 2
[INFO ][2016-01-25 15:34:08,821][com.java.TestType] [  490] - Test case Id is---2
[INFO ][2016-01-25 15:34:08,821][com.java.TestType] [  492] - 2
[INFO ][2016-01-25 15:34:08,821][com.java.TestType] [  487] -  str(2) = 2
[INFO ][2016-01-25 15:34:08,821][com.java.TestType] [  487] -  str(1) = 2
[INFO ][2016-01-25 15:34:08,821][com.java.TestType] [  490] - Test case Id is---2
[INFO ][2016-01-25 15:34:08,821][com.java.TestType] [  492] - 2
[INFO ][2016-01-25 15:34:08,821][com.java.TestType] [  487] -  str(2) = 3
[INFO ][2016-01-25 15:34:08,821][com.java.TestType] [11650] - Looping 1TCID = 2
[DEBUG][2016-01-25 15:34:08,821][com.java.TestType] [11691] - Concept ID:2 :: Step being Executed: 2::1
[INFO ][2016-01-25 15:34:08,821][com.java.TestType] [11729] - dataFields : BNK//select[@id='bank']
[DEBUG][2016-01-25 15:34:08,821][com.java.TestType] [11735] - <In Set values of the page>
[DEBUG][2016-01-25 15:34:08,821][com.java.TestType] [11740] - {Data Fields & Data Values Exist}
[INFO ][2016-01-25 15:34:08,821][com.java.TestType] [11746] - --------------------------setting values-----------------------------
[INFO ][2016-01-25 15:34:08,821][com.java.TestType] [11749] - Action Type : Select
[INFO ][2016-01-25 15:34:08,821][com.java.TestType] [ 6395] - value = PFC
[INFO ][2016-01-25 15:34:09,093][com.java.TestType] [11768] -  RESULT true
[INFO ][2016-01-25 15:34:09,093][com.java.TestType] [11885] - ?   P A S S   ?
[DEBUG][2016-01-25 15:34:09,093][com.java.TestType] [11691] - Concept ID:2 :: Step being Executed: 2::2
[INFO ][2016-01-25 15:34:09,093][com.java.TestType] [11729] - dataFields : LNKLogout
[DEBUG][2016-01-25 15:34:09,093][com.java.TestType] [11735] - <In Set values of the page>
[DEBUG][2016-01-25 15:34:09,093][com.java.TestType] [11740] - {Data Fields & Data Values Exist}
[INFO ][2016-01-25 15:34:09,093][com.java.TestType] [11746] - --------------------------setting values-----------------------------
[INFO ][2016-01-25 15:34:09,093][com.java.TestType] [11749] - Action Type : WaitTime
[DEBUG][2016-01-25 15:34:09,093][com.java.TestType] [ 6209] - sleepTime: 5000
[INFO ][2016-01-25 15:34:14,103][com.java.TestType] [11768] -  RESULT true
[INFO ][2016-01-25 15:34:14,103][com.java.TestType] [11885] - ?   P A S S   ?
[INFO ][2016-01-25 15:34:14,103][com.java.TestType] [11956] - Looping End......
[INFO ][2016-01-25 15:34:14,103][com.java.SeleniumDriver] [  930] -  RESULT true
[INFO ][2016-01-25 15:34:14,103][com.java.SeleniumDriver] [ 1136] - ?   P A S S   ?
[INFO ][2016-01-25 15:34:14,103][com.java.SeleniumDriver] [  856] - ------------------------------------------
[INFO ][2016-01-25 15:34:14,103][com.java.SeleniumDriver] [  857] - Test case being Executed: 6
[INFO ][2016-01-25 15:34:14,103][com.java.SeleniumDriver] [  869] - Test step:4
[INFO ][2016-01-25 15:34:14,103][com.java.SeleniumDriver] [  881] - Datavalue is----------null
[DEBUG][2016-01-25 15:34:14,103][com.java.SeleniumDriver] [  899] - Exception: null
[INFO ][2016-01-25 15:34:14,103][com.java.SeleniumDriver] [  905] - DataField : //span[@class='icon-question']&&//a[text()='Tip Sheets & Webinars']
[INFO ][2016-01-25 15:34:14,103][com.java.SeleniumDriver] [  907] - DataValue : 
[INFO ][2016-01-25 15:34:14,103][com.java.SeleniumDriver] [  913] - <In Set values of the page>
[INFO ][2016-01-25 15:34:14,103][com.java.SeleniumDriver] [  916] - {Data Fields & Data Values Exist}
[INFO ][2016-01-25 15:34:14,103][com.java.SeleniumDriver] [  918] - --------------------------setting values-----------------------------
[INFO ][2016-01-25 15:34:14,103][com.java.SeleniumDriver] [  921] - Action Type : MOUSEOVER
[INFO ][2016-01-25 15:34:37,109][com.java.SeleniumDriver] [  930] -  RESULT true
[INFO ][2016-01-25 15:34:37,109][com.java.SeleniumDriver] [ 1136] - ?   P A S S   ?
[INFO ][2016-01-25 15:34:37,109][com.java.SeleniumDriver] [  856] - ------------------------------------------
[INFO ][2016-01-25 15:34:37,109][com.java.SeleniumDriver] [  857] - Test case being Executed: 6
[INFO ][2016-01-25 15:34:37,109][com.java.SeleniumDriver] [  869] - Test step:5
[INFO ][2016-01-25 15:34:37,109][com.java.SeleniumDriver] [  881] - Datavalue is----------5
[INFO ][2016-01-25 15:34:37,109][com.java.SeleniumDriver] [  905] - DataField : BTN//iframe[@class='frameTabContent']
[INFO ][2016-01-25 15:34:37,109][com.java.SeleniumDriver] [  907] - DataValue : 5
[INFO ][2016-01-25 15:34:37,109][com.java.SeleniumDriver] [  913] - <In Set values of the page>
[INFO ][2016-01-25 15:34:37,109][com.java.SeleniumDriver] [  916] - {Data Fields & Data Values Exist}
[INFO ][2016-01-25 15:34:37,109][com.java.SeleniumDriver] [  918] - --------------------------setting values-----------------------------
[INFO ][2016-01-25 15:34:37,109][com.java.SeleniumDriver] [  921] - Action Type : WAITFORELEMENT
[INFO ][2016-01-25 15:34:37,150][com.java.SeleniumDriver] [  930] -  RESULT true
[INFO ][2016-01-25 15:34:37,150][com.java.SeleniumDriver] [ 1136] - ?   P A S S   ?
[INFO ][2016-01-25 15:34:37,150][com.java.SeleniumDriver] [  856] - ------------------------------------------
[INFO ][2016-01-25 15:34:37,150][com.java.SeleniumDriver] [  857] - Test case being Executed: 6
[INFO ][2016-01-25 15:34:37,150][com.java.SeleniumDriver] [  869] - Test step:6
[INFO ][2016-01-25 15:34:37,150][com.java.SeleniumDriver] [  881] - Datavalue is----------2
[INFO ][2016-01-25 15:34:37,150][com.java.SeleniumDriver] [  905] - DataField : XPH//li[@class='inactiveTab']//a[@title='Tip Sheets & Webinars']
[INFO ][2016-01-25 15:34:37,150][com.java.SeleniumDriver] [  907] - DataValue : 2
[INFO ][2016-01-25 15:34:37,150][com.java.SeleniumDriver] [  913] - <In Set values of the page>
[INFO ][2016-01-25 15:34:37,150][com.java.SeleniumDriver] [  916] - {Data Fields & Data Values Exist}
[INFO ][2016-01-25 15:34:37,150][com.java.SeleniumDriver] [  918] - --------------------------setting values-----------------------------
[INFO ][2016-01-25 15:34:37,150][com.java.SeleniumDriver] [  921] - Action Type : WAITFORELEMENT
[INFO ][2016-01-25 15:34:37,180][com.java.SeleniumDriver] [  930] -  RESULT true
[INFO ][2016-01-25 15:34:37,180][com.java.SeleniumDriver] [ 1136] - ?   P A S S   ?
[INFO ][2016-01-25 15:34:37,180][com.java.SeleniumDriver] [ 1173] - Continue next step...
[INFO ][2016-01-25 15:34:37,180][com.java.SeleniumDriver] [  856] - ------------------------------------------
[INFO ][2016-01-25 15:34:37,180][com.java.SeleniumDriver] [  857] - Test case being Executed: 6
[INFO ][2016-01-25 15:34:37,180][com.java.SeleniumDriver] [  869] - Test step:7
[INFO ][2016-01-25 15:34:37,180][com.java.SeleniumDriver] [  881] - Datavalue is----------null
[DEBUG][2016-01-25 15:34:37,180][com.java.SeleniumDriver] [  899] - Exception: null
[INFO ][2016-01-25 15:34:37,180][com.java.SeleniumDriver] [  905] - DataField : XPH//li[@class='inactiveTab']//a[@title='Tip Sheets & Webinars']
[INFO ][2016-01-25 15:34:37,180][com.java.SeleniumDriver] [  907] - DataValue : 
[INFO ][2016-01-25 15:34:37,180][com.java.SeleniumDriver] [  913] - <In Set values of the page>
[INFO ][2016-01-25 15:34:37,180][com.java.SeleniumDriver] [  916] - {Data Fields & Data Values Exist}
[INFO ][2016-01-25 15:34:37,180][com.java.SeleniumDriver] [  918] - --------------------------setting values-----------------------------
[INFO ][2016-01-25 15:34:37,180][com.java.SeleniumDriver] [  921] - Action Type : CLICK
[INFO ][2016-01-25 15:34:37,180][com.java.TestType] [ 6774] - Field ::XPH//li[@class='inactiveTab']//a[@title='Tip Sheets & Webinars']
[INFO ][2016-01-25 15:34:37,180][com.java.TestType] [ 6395] - value = 
[INFO ][2016-01-25 15:34:38,180][com.java.TestType] [ 6947] - BEFORE CLICK
[INFO ][2016-01-25 15:34:39,040][com.java.TestType] [ 6955] - Unable to click the object Click Tip Sheets & Webinars tab
[INFO ][2016-01-25 15:34:39,040][com.java.SeleniumDriver] [  930] -  RESULT true
[INFO ][2016-01-25 15:34:39,040][com.java.SeleniumDriver] [ 1136] - ?   P A S S   ?
[INFO ][2016-01-25 15:34:39,040][com.java.SeleniumDriver] [  856] - ------------------------------------------
[INFO ][2016-01-25 15:34:39,040][com.java.SeleniumDriver] [  857] - Test case being Executed: 6
[INFO ][2016-01-25 15:34:39,040][com.java.SeleniumDriver] [  869] - Test step:8
[INFO ][2016-01-25 15:34:39,040][com.java.SeleniumDriver] [  881] - Datavalue is----------null
[DEBUG][2016-01-25 15:34:39,040][com.java.SeleniumDriver] [  899] - Exception: null
[INFO ][2016-01-25 15:34:39,040][com.java.SeleniumDriver] [  905] - DataField : XPH//li[@class='inactiveTab']//a[@title='Tip Sheets & Webinars']//span[@class='closeimg icon-close icon-xs']
[INFO ][2016-01-25 15:34:39,040][com.java.SeleniumDriver] [  907] - DataValue : 
[INFO ][2016-01-25 15:34:39,040][com.java.SeleniumDriver] [  913] - <In Set values of the page>
[INFO ][2016-01-25 15:34:39,040][com.java.SeleniumDriver] [  916] - {Data Fields & Data Values Exist}
[INFO ][2016-01-25 15:34:39,040][com.java.SeleniumDriver] [  918] - --------------------------setting values-----------------------------
[INFO ][2016-01-25 15:34:39,040][com.java.SeleniumDriver] [  921] - Action Type : CLICK
[INFO ][2016-01-25 15:34:39,040][com.java.TestType] [ 6774] - Field ::XPH//li[@class='inactiveTab']//a[@title='Tip Sheets & Webinars']//span[@class='closeimg icon-close icon-xs']
[INFO ][2016-01-25 15:34:39,040][com.java.TestType] [ 6395] - value = 
[INFO ][2016-01-25 15:34:40,041][com.java.TestType] [ 6947] - BEFORE CLICK
[INFO ][2016-01-25 15:34:40,911][com.java.TestType] [ 6955] - Unable to click the object Close Tip Sheets & Webinars tab
[INFO ][2016-01-25 15:34:40,911][com.java.SeleniumDriver] [  930] -  RESULT true
[INFO ][2016-01-25 15:34:40,911][com.java.SeleniumDriver] [ 1136] - ?   P A S S   ?
[INFO ][2016-01-25 15:34:40,911][com.java.SeleniumDriver] [  856] - ------------------------------------------
[INFO ][2016-01-25 15:34:40,911][com.java.SeleniumDriver] [  857] - Test case being Executed: 6
[INFO ][2016-01-25 15:34:40,911][com.java.SeleniumDriver] [  869] - Test step:9
[INFO ][2016-01-25 15:34:40,911][com.java.SeleniumDriver] [  881] - Datavalue is----------null
[DEBUG][2016-01-25 15:34:40,911][com.java.SeleniumDriver] [  899] - Exception: null
[INFO ][2016-01-25 15:34:40,911][com.java.SeleniumDriver] [  905] - DataField : BTN//iframe[@class='frameTabContent']
[INFO ][2016-01-25 15:34:40,911][com.java.SeleniumDriver] [  907] - DataValue : 
[INFO ][2016-01-25 15:34:40,911][com.java.SeleniumDriver] [  913] - <In Set values of the page>
[INFO ][2016-01-25 15:34:40,911][com.java.SeleniumDriver] [  916] - {Data Fields & Data Values Exist}
[INFO ][2016-01-25 15:34:40,911][com.java.SeleniumDriver] [  918] - --------------------------setting values-----------------------------
[INFO ][2016-01-25 15:34:40,911][com.java.SeleniumDriver] [  921] - Action Type : SELECTFRAME
[INFO ][2016-01-25 15:34:40,992][com.java.SeleniumDriver] [  930] -  RESULT true
[INFO ][2016-01-25 15:34:40,992][com.java.SeleniumDriver] [ 1136] - ?   P A S S   ?
[INFO ][2016-01-25 15:34:40,992][com.java.SeleniumDriver] [  856] - ------------------------------------------
[INFO ][2016-01-25 15:34:40,992][com.java.SeleniumDriver] [  857] - Test case being Executed: 6
[INFO ][2016-01-25 15:34:40,992][com.java.SeleniumDriver] [  869] - Test step:10
[INFO ][2016-01-25 15:34:40,992][com.java.SeleniumDriver] [  881] - Datavalue is----------null
[DEBUG][2016-01-25 15:34:40,992][com.java.SeleniumDriver] [  899] - Exception: null
[INFO ][2016-01-25 15:34:40,992][com.java.SeleniumDriver] [  905] - DataField : BTN//a[contains(text(),'Recorded Webinars')]
[INFO ][2016-01-25 15:34:40,992][com.java.SeleniumDriver] [  907] - DataValue : 
[INFO ][2016-01-25 15:34:40,992][com.java.SeleniumDriver] [  913] - <In Set values of the page>
[INFO ][2016-01-25 15:34:40,992][com.java.SeleniumDriver] [  916] - {Data Fields & Data Values Exist}
[INFO ][2016-01-25 15:34:40,992][com.java.SeleniumDriver] [  918] - --------------------------setting values-----------------------------
[INFO ][2016-01-25 15:34:40,992][com.java.SeleniumDriver] [  921] - Action Type : CLICK
[INFO ][2016-01-25 15:34:40,992][com.java.TestType] [ 6774] - Field ::BTN//a[contains(text(),'Recorded Webinars')]
[INFO ][2016-01-25 15:34:40,992][com.java.TestType] [ 6395] - value = 
[INFO ][2016-01-25 15:34:41,992][com.java.TestType] [ 6926] - BEFORE CLICK
[INFO ][2016-01-25 15:34:42,784][com.java.TestType] [ 6933] - Unable to click the object Recorded Webinars
[INFO ][2016-01-25 15:34:42,784][com.java.SeleniumDriver] [  930] -  RESULT true
[INFO ][2016-01-25 15:34:42,784][com.java.SeleniumDriver] [ 1136] - ?   P A S S   ?
[INFO ][2016-01-25 15:34:42,784][com.java.SeleniumDriver] [  856] - ------------------------------------------
[INFO ][2016-01-25 15:34:42,784][com.java.SeleniumDriver] [  857] - Test case being Executed: 6
[INFO ][2016-01-25 15:34:42,784][com.java.SeleniumDriver] [  869] - Test step:11
[INFO ][2016-01-25 15:34:42,784][com.java.SeleniumDriver] [  881] - Datavalue is----------null
[DEBUG][2016-01-25 15:34:42,784][com.java.SeleniumDriver] [  899] - Exception: null
[INFO ][2016-01-25 15:34:42,784][com.java.SeleniumDriver] [  905] - DataField : BTN//a[contains(text(),'Tip Sheets')]
[INFO ][2016-01-25 15:34:42,784][com.java.SeleniumDriver] [  907] - DataValue : 
[INFO ][2016-01-25 15:34:42,784][com.java.SeleniumDriver] [  913] - <In Set values of the page>
[INFO ][2016-01-25 15:34:42,784][com.java.SeleniumDriver] [  916] - {Data Fields & Data Values Exist}
[INFO ][2016-01-25 15:34:42,784][com.java.SeleniumDriver] [  918] - --------------------------setting values-----------------------------
[INFO ][2016-01-25 15:34:42,784][com.java.SeleniumDriver] [  921] - Action Type : CLICK
[INFO ][2016-01-25 15:34:42,784][com.java.TestType] [ 6774] - Field ::BTN//a[contains(text(),'Tip Sheets')]
[INFO ][2016-01-25 15:34:42,784][com.java.TestType] [ 6395] - value = 
[INFO ][2016-01-25 15:34:43,784][com.java.TestType] [ 6926] - BEFORE CLICK
[INFO ][2016-01-25 15:34:44,479][com.java.TestType] [ 6933] - Unable to click the object Tip Sheets 
[INFO ][2016-01-25 15:34:44,479][com.java.SeleniumDriver] [  930] -  RESULT true
[INFO ][2016-01-25 15:34:44,479][com.java.SeleniumDriver] [ 1136] - ?   P A S S   ?
[INFO ][2016-01-25 15:34:44,479][com.java.SeleniumDriver] [  856] - ------------------------------------------
[INFO ][2016-01-25 15:34:44,479][com.java.SeleniumDriver] [  857] - Test case being Executed: 6
[INFO ][2016-01-25 15:34:44,479][com.java.SeleniumDriver] [  869] - Test step:12
[INFO ][2016-01-25 15:34:44,479][com.java.SeleniumDriver] [  881] - Datavalue is----------keys
[INFO ][2016-01-25 15:34:44,479][com.java.SeleniumDriver] [  905] - DataField : XPH//div[@class='dataTables_info']
[INFO ][2016-01-25 15:34:44,479][com.java.SeleniumDriver] [  907] - DataValue : keys
[INFO ][2016-01-25 15:34:44,479][com.java.SeleniumDriver] [  913] - <In Set values of the page>
[INFO ][2016-01-25 15:34:44,479][com.java.SeleniumDriver] [  916] - {Data Fields & Data Values Exist}
[INFO ][2016-01-25 15:34:44,479][com.java.SeleniumDriver] [  918] - --------------------------setting values-----------------------------
[INFO ][2016-01-25 15:34:44,479][com.java.SeleniumDriver] [  921] - Action Type : storevalue
[INFO ][2016-01-25 15:34:44,479][com.java.TestType] [ 9410] - field= XPH//div[@class='dataTables_info']
[DEBUG][2016-01-25 15:34:44,549][com.java.TestType] [ 9465] - Key:: keys   Value:: Showing 1 to 13 of 13 entries
[INFO ][2016-01-25 15:34:44,549][com.java.SeleniumDriver] [  930] -  RESULT true
[INFO ][2016-01-25 15:34:44,549][com.java.SeleniumDriver] [ 1136] - ?   P A S S   ?
[INFO ][2016-01-25 15:34:44,549][com.java.SeleniumDriver] [  856] - ------------------------------------------
[INFO ][2016-01-25 15:34:44,549][com.java.SeleniumDriver] [  857] - Test case being Executed: 6
[INFO ][2016-01-25 15:34:44,549][com.java.SeleniumDriver] [  869] - Test step:13
[INFO ][2016-01-25 15:34:44,549][com.java.SeleniumDriver] [  881] - Datavalue is----------Loan
[INFO ][2016-01-25 15:34:44,549][com.java.SeleniumDriver] [  905] - DataField : TXT//input[@type='search']
[INFO ][2016-01-25 15:34:44,549][com.java.SeleniumDriver] [  907] - DataValue : Loan
[INFO ][2016-01-25 15:34:44,549][com.java.SeleniumDriver] [  913] - <In Set values of the page>
[INFO ][2016-01-25 15:34:44,549][com.java.SeleniumDriver] [  916] - {Data Fields & Data Values Exist}
[INFO ][2016-01-25 15:34:44,549][com.java.SeleniumDriver] [  918] - --------------------------setting values-----------------------------
[INFO ][2016-01-25 15:34:44,549][com.java.SeleniumDriver] [  921] - Action Type : CLEARANDENTER
[INFO ][2016-01-25 15:34:44,649][com.java.TestType] [ 6395] - value = Loan
[INFO ][2016-01-25 15:34:44,929][com.java.SeleniumDriver] [  930] -  RESULT true
[INFO ][2016-01-25 15:34:44,929][com.java.SeleniumDriver] [ 1136] - ?   P A S S   ?
[INFO ][2016-01-25 15:34:44,929][com.java.SeleniumDriver] [  856] - ------------------------------------------
[INFO ][2016-01-25 15:34:44,929][com.java.SeleniumDriver] [  857] - Test case being Executed: 6
[INFO ][2016-01-25 15:34:44,929][com.java.SeleniumDriver] [  869] - Test step:14
[INFO ][2016-01-25 15:34:44,929][com.java.SeleniumDriver] [  881] - Datavalue is----------HMVkeys
[INFO ][2016-01-25 15:34:44,929][com.java.SeleniumDriver] [  905] - DataField : MSG
[INFO ][2016-01-25 15:34:44,929][com.java.SeleniumDriver] [  907] - DataValue : HMVkeys
[INFO ][2016-01-25 15:34:44,929][com.java.SeleniumDriver] [  913] - <In Set values of the page>
[INFO ][2016-01-25 15:34:44,929][com.java.SeleniumDriver] [  916] - {Data Fields & Data Values Exist}
[INFO ][2016-01-25 15:34:44,929][com.java.SeleniumDriver] [  918] - --------------------------setting values-----------------------------
[INFO ][2016-01-25 15:34:44,929][com.java.SeleniumDriver] [  921] - Action Type : verifynotpresent
[INFO ][2016-01-25 15:34:44,929][com.java.TestType] [ 9734] - field= MSG value= HMVkeys
[INFO ][2016-01-25 15:34:44,943][com.java.SeleniumDriver] [  930] -  RESULT true
[INFO ][2016-01-25 15:34:44,943][com.java.SeleniumDriver] [ 1136] - ?   P A S S   ?
[INFO ][2016-01-25 15:34:44,943][com.java.SeleniumDriver] [  856] - ------------------------------------------
[INFO ][2016-01-25 15:34:44,943][com.java.SeleniumDriver] [  857] - Test case being Executed: 6
[INFO ][2016-01-25 15:34:44,943][com.java.SeleniumDriver] [  869] - Test step:15
[INFO ][2016-01-25 15:34:44,943][com.java.SeleniumDriver] [  881] - Datavalue is----------null
[DEBUG][2016-01-25 15:34:44,953][com.java.SeleniumDriver] [  899] - Exception: null
[INFO ][2016-01-25 15:34:44,953][com.java.SeleniumDriver] [  905] - DataField : BTN//a[contains(text(),'Recorded Webinars')]
[INFO ][2016-01-25 15:34:44,953][com.java.SeleniumDriver] [  907] - DataValue : 
[INFO ][2016-01-25 15:34:44,953][com.java.SeleniumDriver] [  913] - <In Set values of the page>
[INFO ][2016-01-25 15:34:44,953][com.java.SeleniumDriver] [  916] - {Data Fields & Data Values Exist}
[INFO ][2016-01-25 15:34:44,953][com.java.SeleniumDriver] [  918] - --------------------------setting values-----------------------------
[INFO ][2016-01-25 15:34:44,953][com.java.SeleniumDriver] [  921] - Action Type : CLICK
[INFO ][2016-01-25 15:34:44,953][com.java.TestType] [ 6774] - Field ::BTN//a[contains(text(),'Recorded Webinars')]
[INFO ][2016-01-25 15:34:44,953][com.java.TestType] [ 6395] - value = 
[INFO ][2016-01-25 15:34:45,953][com.java.TestType] [ 6926] - BEFORE CLICK
[INFO ][2016-01-25 15:34:46,624][com.java.TestType] [ 6933] - Unable to click the object Recorded Webinars
[INFO ][2016-01-25 15:34:46,624][com.java.SeleniumDriver] [  930] -  RESULT true
[INFO ][2016-01-25 15:34:46,624][com.java.SeleniumDriver] [ 1136] - ?   P A S S   ?
[INFO ][2016-01-25 15:34:46,624][com.java.SeleniumDriver] [  856] - ------------------------------------------
[INFO ][2016-01-25 15:34:46,624][com.java.SeleniumDriver] [  857] - Test case being Executed: 6
[INFO ][2016-01-25 15:34:46,624][com.java.SeleniumDriver] [  869] - Test step:16
[INFO ][2016-01-25 15:34:46,624][com.java.SeleniumDriver] [  881] - Datavalue is----------keys
[INFO ][2016-01-25 15:34:46,624][com.java.SeleniumDriver] [  905] - DataField : XPH//div[@class='dataTables_info']
[INFO ][2016-01-25 15:34:46,624][com.java.SeleniumDriver] [  907] - DataValue : keys
[INFO ][2016-01-25 15:34:46,624][com.java.SeleniumDriver] [  913] - <In Set values of the page>
[INFO ][2016-01-25 15:34:46,624][com.java.SeleniumDriver] [  916] - {Data Fields & Data Values Exist}
[INFO ][2016-01-25 15:34:46,624][com.java.SeleniumDriver] [  918] - --------------------------setting values-----------------------------
[INFO ][2016-01-25 15:34:46,624][com.java.SeleniumDriver] [  921] - Action Type : storevalue
[INFO ][2016-01-25 15:34:46,624][com.java.TestType] [ 9410] - field= XPH//div[@class='dataTables_info']
[DEBUG][2016-01-25 15:34:46,694][com.java.TestType] [ 9465] - Key:: keys   Value:: Showing 1 to 8 of 8 entries
[INFO ][2016-01-25 15:34:46,694][com.java.SeleniumDriver] [  930] -  RESULT true
[INFO ][2016-01-25 15:34:46,694][com.java.SeleniumDriver] [ 1136] - ?   P A S S   ?
[INFO ][2016-01-25 15:34:46,694][com.java.SeleniumDriver] [  856] - ------------------------------------------
[INFO ][2016-01-25 15:34:46,694][com.java.SeleniumDriver] [  857] - Test case being Executed: 6
[INFO ][2016-01-25 15:34:46,694][com.java.SeleniumDriver] [  869] - Test step:17
[INFO ][2016-01-25 15:34:46,694][com.java.SeleniumDriver] [  881] - Datavalue is----------Loan
[INFO ][2016-01-25 15:34:46,694][com.java.SeleniumDriver] [  905] - DataField : TXT//input[@type='search']
[INFO ][2016-01-25 15:34:46,694][com.java.SeleniumDriver] [  907] - DataValue : Loan
[INFO ][2016-01-25 15:34:46,694][com.java.SeleniumDriver] [  913] - <In Set values of the page>
[INFO ][2016-01-25 15:34:46,694][com.java.SeleniumDriver] [  916] - {Data Fields & Data Values Exist}
[INFO ][2016-01-25 15:34:46,694][com.java.SeleniumDriver] [  918] - --------------------------setting values-----------------------------
[INFO ][2016-01-25 15:34:46,694][com.java.SeleniumDriver] [  921] - Action Type : CLEARANDENTER
[INFO ][2016-01-25 15:34:46,784][com.java.TestType] [ 6395] - value = Loan
[INFO ][2016-01-25 15:34:47,034][com.java.SeleniumDriver] [  930] -  RESULT true
[INFO ][2016-01-25 15:34:47,034][com.java.SeleniumDriver] [ 1136] - ?   P A S S   ?
[INFO ][2016-01-25 15:34:47,034][com.java.SeleniumDriver] [  856] - ------------------------------------------
[INFO ][2016-01-25 15:34:47,034][com.java.SeleniumDriver] [  857] - Test case being Executed: 6
[INFO ][2016-01-25 15:34:47,034][com.java.SeleniumDriver] [  869] - Test step:18
[INFO ][2016-01-25 15:34:47,034][com.java.SeleniumDriver] [  881] - Datavalue is----------HMVkeys
[INFO ][2016-01-25 15:34:47,034][com.java.SeleniumDriver] [  905] - DataField : MSG
[INFO ][2016-01-25 15:34:47,034][com.java.SeleniumDriver] [  907] - DataValue : HMVkeys
[INFO ][2016-01-25 15:34:47,034][com.java.SeleniumDriver] [  913] - <In Set values of the page>
[INFO ][2016-01-25 15:34:47,034][com.java.SeleniumDriver] [  916] - {Data Fields & Data Values Exist}
[INFO ][2016-01-25 15:34:47,034][com.java.SeleniumDriver] [  918] - --------------------------setting values-----------------------------
[INFO ][2016-01-25 15:34:47,034][com.java.SeleniumDriver] [  921] - Action Type : verifynotpresent
[INFO ][2016-01-25 15:34:47,034][com.java.TestType] [ 9734] - field= MSG value= HMVkeys
[INFO ][2016-01-25 15:34:47,055][com.java.SeleniumDriver] [  930] -  RESULT true
[INFO ][2016-01-25 15:34:47,055][com.java.SeleniumDriver] [ 1136] - ?   P A S S   ?
[DEBUG][2016-01-25 15:34:47,055][com.java.SeleniumDriver] [ 1248] - Case found
[DEBUG][2016-01-25 15:34:47,055][com.java.SeleniumDriver] [ 1253] - Incrementing ReportCounters[0]:5
[INFO ][2016-01-25 15:34:47,055][com.java.SeleniumDriver] [ 1272] - The results are-------------------[6, 1, Support:Tip Sheets and Webinars:Search, Pass, , Mon Jan 25 15:34:08 IST 2016, 6, 3, Support:Tip Sheets and Webinars:Search, Pass, , Mon Jan 25 15:34:14 IST 2016, 6, 4, Support:Tip Sheets and Webinars:Search, Pass, , Mon Jan 25 15:34:37 IST 2016, 6, 5, Support:Tip Sheets and Webinars:Search, Pass, , Mon Jan 25 15:34:37 IST 2016, 6, 6, Support:Tip Sheets and Webinars:Search, Pass, , Mon Jan 25 15:34:37 IST 2016, 6, 7, Support:Tip Sheets and Webinars:Search, Pass, , Mon Jan 25 15:34:39 IST 2016, 6, 8, Support:Tip Sheets and Webinars:Search, Pass, , Mon Jan 25 15:34:40 IST 2016, 6, 9, Support:Tip Sheets and Webinars:Search, Pass, , Mon Jan 25 15:34:40 IST 2016, 6, 10, Support:Tip Sheets and Webinars:Search, Pass, , Mon Jan 25 15:34:42 IST 2016, 6, 11, Support:Tip Sheets and Webinars:Search, Pass, , Mon Jan 25 15:34:44 IST 2016, 6, 12, Support:Tip Sheets and Webinars:Search, Pass, , Mon Jan 25 15:34:44 IST 2016, 6, 13, Support:Tip Sheets and Webinars:Search, Pass, , Mon Jan 25 15:34:44 IST 2016, 6, 14, Support:Tip Sheets and Webinars:Search, Pass, , Mon Jan 25 15:34:44 IST 2016, 6, 15, Support:Tip Sheets and Webinars:Search, Pass, , Mon Jan 25 15:34:46 IST 2016, 6, 16, Support:Tip Sheets and Webinars:Search, Pass, , Mon Jan 25 15:34:46 IST 2016, 6, 17, Support:Tip Sheets and Webinars:Search, Pass, , Mon Jan 25 15:34:47 IST 2016, 6, 18, Support:Tip Sheets and Webinars:Search, Pass, , Mon Jan 25 15:34:47 IST 2016]
[INFO ][2016-01-25 15:34:47,055][com.java.SeleniumDriver] [ 1276] - End time is-------4 min 50 sec
[INFO ][2016-01-25 15:34:47,055][com.java.SeleniumDriver] [ 1277] - The results are-------------------[6, 1, Support:Tip Sheets and Webinars:Search, Pass, , Mon Jan 25 15:34:08 IST 2016, 6, 3, Support:Tip Sheets and Webinars:Search, Pass, , Mon Jan 25 15:34:14 IST 2016, 6, 4, Support:Tip Sheets and Webinars:Search, Pass, , Mon Jan 25 15:34:37 IST 2016, 6, 5, Support:Tip Sheets and Webinars:Search, Pass, , Mon Jan 25 15:34:37 IST 2016, 6, 6, Support:Tip Sheets and Webinars:Search, Pass, , Mon Jan 25 15:34:37 IST 2016, 6, 7, Support:Tip Sheets and Webinars:Search, Pass, , Mon Jan 25 15:34:39 IST 2016, 6, 8, Support:Tip Sheets and Webinars:Search, Pass, , Mon Jan 25 15:34:40 IST 2016, 6, 9, Support:Tip Sheets and Webinars:Search, Pass, , Mon Jan 25 15:34:40 IST 2016, 6, 10, Support:Tip Sheets and Webinars:Search, Pass, , Mon Jan 25 15:34:42 IST 2016, 6, 11, Support:Tip Sheets and Webinars:Search, Pass, , Mon Jan 25 15:34:44 IST 2016, 6, 12, Support:Tip Sheets and Webinars:Search, Pass, , Mon Jan 25 15:34:44 IST 2016, 6, 13, Support:Tip Sheets and Webinars:Search, Pass, , Mon Jan 25 15:34:44 IST 2016, 6, 14, Support:Tip Sheets and Webinars:Search, Pass, , Mon Jan 25 15:34:44 IST 2016, 6, 15, Support:Tip Sheets and Webinars:Search, Pass, , Mon Jan 25 15:34:46 IST 2016, 6, 16, Support:Tip Sheets and Webinars:Search, Pass, , Mon Jan 25 15:34:46 IST 2016, 6, 17, Support:Tip Sheets and Webinars:Search, Pass, , Mon Jan 25 15:34:47 IST 2016, 6, 18, Support:Tip Sheets and Webinars:Search, Pass, , Mon Jan 25 15:34:47 IST 2016]
[DEBUG][2016-01-25 15:34:47,055][com.java.ImportnExport.ExportTestResultsExcel] [  222] - testResultPath = D:\BankersDashboard/TestReports/Test Results_BankersDashBoard_012516_152959_IE10_Any Bank USA.xls
[DEBUG][2016-01-25 15:34:47,055][com.java.ImportnExport.ExportTestResultsExcel] [  223] - browser is------------IE10
[DEBUG][2016-01-25 15:34:47,055][com.java.ImportnExport.ExportTestResultsExcel] [  270] - result.size() = 102
[DEBUG][2016-01-25 15:34:47,055][com.java.ImportnExport.ExportTestResultsExcel] [  274] - No of rows in sheet=6
[DEBUG][2016-01-25 15:34:47,055][com.java.ImportnExport.ExportTestResultsExcel] [  301] - ..in export..6
[DEBUG][2016-01-25 15:34:47,055][com.java.ImportnExport.ExportTestResultsExcel] [  301] - ..in export..Support:Tip Sheets and Webinars:Search
[DEBUG][2016-01-25 15:34:47,055][com.java.ImportnExport.ExportTestResultsExcel] [  301] - ..in export..Pass
[DEBUG][2016-01-25 15:34:47,055][com.java.ImportnExport.ExportTestResultsExcel] [  301] - ..in export..
[DEBUG][2016-01-25 15:34:47,055][com.java.ImportnExport.ExportTestResultsExcel] [  301] - ..in export..Mon Jan 25 15:34:08 IST 2016
[INFO ][2016-01-25 15:34:47,055][com.java.SeleniumDriver] [ 1337] - out loop:5 size:6 TestCases:[1, 2, 3, 4, 5, 6] testcases:[1, 2, 3, 4, 5, 6]
[INFO ][2016-01-25 15:34:49,055][com.java.SeleniumDriver] [ 1380] - Total Number of Cases:6
[INFO ][2016-01-25 15:34:49,055][com.java.TemplateGenerator] [  302] - Executed:5
[INFO ][2016-01-25 15:34:49,055][com.java.TemplateGenerator] [  303] - Passed:4
[INFO ][2016-01-25 15:34:49,055][com.java.TemplateGenerator] [  304] - Failed:1
[INFO ][2016-01-25 15:34:49,055][com.java.TemplateGenerator] [  305] - Skipeed:1
[INFO ][2016-01-25 15:34:49,055][com.java.TemplateGenerator] [  306] - Application URL:https://clients-xuat.bankersdashboard.com
[INFO ][2016-01-25 15:34:49,055][com.java.TemplateGenerator] [  307] - Start Time:012516_152959
[INFO ][2016-01-25 15:34:49,055][com.java.TemplateGenerator] [  308] -  Creating HTML Report 
[ERROR][2016-01-25 15:34:49,055][com.java.TemplateGenerator] [  409] - Unparseable date: "Mon Jan 25 03:29:59 IST 2016"
[INFO ][2016-01-25 15:34:49,055][com.java.TemplateGenerator] [  654] -  Exporting case :: 1
[INFO ][2016-01-25 15:34:49,055][com.java.TemplateGenerator] [  654] -  Exporting case :: 2
[INFO ][2016-01-25 15:34:49,055][com.java.TemplateGenerator] [  654] -  Exporting case :: 3
[INFO ][2016-01-25 15:34:49,055][com.java.TemplateGenerator] [  654] -  Exporting case :: 4
[INFO ][2016-01-25 15:34:49,055][com.java.TemplateGenerator] [  654] -  Exporting case :: 5
[INFO ][2016-01-25 15:34:49,055][com.java.TemplateGenerator] [  654] -  Exporting case :: 6
[INFO ][2016-01-25 15:34:49,055][com.java.SeleniumDriver] [ 1429] - End Time:012516_153449
[INFO ][2016-01-25 15:34:49,055][com.java.SeleniumDriver] [ 1432] - Data in Test Execution Details:{1=PASS, 2=PASS, 3=PASS, 4=FAILTest case failed at Step No. :: 9   Error Message ::  Element not found://div[contains(@class,'ui-dialog-titlebar')]//span[contains(text(),'Support Request')], 5=SKIPPED, 6=PASS}
[INFO ][2016-01-25 15:34:49,055][com.java.SeleniumDriver] [ 1433] - Data in Failed Execution Deatils:{}
[INFO ][2016-01-25 15:34:49,055][com.java.SeleniumDriver] [ 1435] - ReportCounter:Total:5 :: PASS: 4 ::FAIL: 1
[INFO ][2016-01-25 15:34:49,055][com.java.SeleniumDriver] [ 1436] - FailedReportCounter:Total:0 :: PASS: 0 ::FAIL: 0
[INFO ][2016-01-25 15:34:49,056][com.java.EmailTestReport] [   63] - Sending report mail details:
[INFO ][2016-01-25 15:34:49,056][com.java.EmailTestReport] [   80] - Excel Report Path:D:\BankersDashboard/TestReports/Test Results_BankersDashBoard_012516_152959_IE10_Any Bank USA.xls
[INFO ][2016-01-25 15:34:49,056][com.java.EmailTestReport] [   81] - HTML Report Path:D:\BankersDashboard//TestReports//Test Results_BankersDashBoard_012516_152959_IE10_Any Bank USA.html
[INFO ][2016-01-25 15:34:49,056][com.java.EmailTestReport] [   82] - smtpHostName:mail01.valuelabs.com
[INFO ][2016-01-25 15:34:49,056][com.java.EmailTestReport] [   83] - Recipient:venkateswararao.gubbala@valuelabs.com;
[INFO ][2016-01-25 15:34:49,056][com.java.EmailTestReport] [   84] - From:venkateswararao.gubbala@valuelabs.com;
[INFO ][2016-01-25 15:34:49,056][com.java.EmailTestReport] [   85] - Subject:Deluxe Corp Bankers Dashboard Automation Test Report - Any Bank USA - IE10
[INFO ][2016-01-25 15:34:49,086][com.java.EmailTestReport] [  143] -  Added venkateswararao.gubbala@valuelabs.com
[INFO ][2016-01-25 15:34:52,236][com.java.SeleniumDriver] [  722] - quitting the browser 
[INFO ][2016-01-25 15:34:53,916][com.java.SeleniumDriver] [  264] - Execution Completed Stopping the thread
