[INFO ][2016-01-21 17:15:32,787][com.java.SeleniumDriver] [  213] - Execute Failed Casesfalse
[INFO ][2016-01-21 17:15:32,787][com.java.SeleniumDriver] [  214] - Browser: IE10
[INFO ][2016-01-21 17:15:32,788][com.java.SeleniumDriver] [  215] - [1, 4]
[INFO ][2016-01-21 17:15:32,788][com.java.SeleniumDriver] [  216] - Total TestCases:2
[INFO ][2016-01-21 17:15:32,788][com.java.SeleniumDriver] [  217] -  Reading Properties from Property File 
[DEBUG][2016-01-21 17:15:32,788][com.java.SeleniumDriver] [  238] - url : https://clients-xuat.bankersdashboard.com
[INFO ][2016-01-21 17:15:32,789][com.java.ImportnExport.ExportTestResultsExcel] [  116] - Time Stamp Thu Jan 21 05:15:32 IST 2016
[INFO ][2016-01-21 17:15:32,789][com.java.ImportnExport.ExportTestResultsExcel] [  175] - OUT FILE : D:\BankersDashboard/TestReports/Test Results_BankersDashBoard_012116_171532_IE10_Any Bank USA.xls
[INFO ][2016-01-21 17:15:32,818][com.java.ImportnExport.ExportTestResultsExcel] [  180] - Test Result file is created
[DEBUG][2016-01-21 17:15:32,915][com.java.SeleniumDriver] [  426] - Hub ip address is-------172.17.68.34
[INFO ][2016-01-21 17:15:32,916][com.java.SeleniumDriver] [  452] - Grid URL:http://172.17.68.34:4444/wd/hub
[INFO ][2016-01-21 17:15:32,916][com.java.SeleniumDriver] [  453] - Capability:Capabilities [{platform=ANY, ensureCleanSession=true, ignoreProtectedModeSettings=true, acceptSslCerts=true, ignoreZoomSetting=true, browserName=internet explorer, browserstack.ie.noFlash=true, version=null}]
[ERROR][2016-01-21 17:15:34,237][com.java.SeleniumDriver] [  498] - Unable invoke browser in grid:Could not start a new session. Possible causes are invalid address of the remote server or browser start-up failure.
Build info: version: '2.48.2', revision: '41bccdd', time: '2015-10-09 19:59:12'
System info: host: 'FVTIII438F1D', ip: '172.17.68.34', os.name: 'Windows 7', os.arch: 'x86', os.version: '6.1', java.version: '1.7.0_55'
Driver info: driver.version: SeleniumDriver
[INFO ][2016-01-21 17:15:34,238][com.java.SeleniumDriver] [  500] - Executing on local machine
[INFO ][2016-01-21 17:15:44,980][com.java.SeleniumDriver] [  248] - IE10is opened
[INFO ][2016-01-21 17:15:45,824][com.java.SeleniumDriver] [  756] - Test cases to be executed are: [1, 4]
[INFO ][2016-01-21 17:15:45,847][com.java.ImportnExport.ImportTestDataDetailsExcel] [   49] - test data details path===== D:\BankersDashboard\TestInputs\TestData.xls
[INFO ][2016-01-21 17:15:45,975][com.java.SeleniumDriver] [  856] - ------------------------------------------
[INFO ][2016-01-21 17:15:45,975][com.java.SeleniumDriver] [  857] - Test case being Executed: 1
[INFO ][2016-01-21 17:15:45,975][com.java.SeleniumDriver] [  869] - Test step:1
[INFO ][2016-01-21 17:15:45,975][com.java.SeleniumDriver] [  881] - Datavalue is----------Concept#1:1-14
[INFO ][2016-01-21 17:15:45,976][com.java.SeleniumDriver] [  905] - DataField : test
[INFO ][2016-01-21 17:15:45,976][com.java.SeleniumDriver] [  907] - DataValue : Concept#1:1-14
[INFO ][2016-01-21 17:15:45,976][com.java.SeleniumDriver] [  913] - <In Set values of the page>
[INFO ][2016-01-21 17:15:45,976][com.java.SeleniumDriver] [  916] - {Data Fields & Data Values Exist}
[INFO ][2016-01-21 17:15:45,976][com.java.SeleniumDriver] [  918] - --------------------------setting values-----------------------------
[INFO ][2016-01-21 17:15:45,976][com.java.SeleniumDriver] [  921] - Action Type : ExecuteTestCase
[INFO ][2016-01-21 17:15:46,000][com.java.TestType] [  442] - The Concept sheet name is ---------- Concept
[INFO ][2016-01-21 17:15:46,000][com.java.TestType] [  445] - The Concept ID  is ---------- 1
[DEBUG][2016-01-21 17:15:46,000][com.java.TestType] [  449] - Steps being executted in the Concept are: 1:14
[INFO ][2016-01-21 17:15:46,000][com.java.TestType] [  456] - Test data details path ---------- D:\BankersDashboard\TestInputs\TestData.xls
[INFO ][2016-01-21 17:15:46,611][com.java.TestType] [  487] -  str(1) = 1
[INFO ][2016-01-21 17:15:46,611][com.java.TestType] [  490] - Test case Id is---1
[INFO ][2016-01-21 17:15:46,611][com.java.TestType] [  492] - 1
[INFO ][2016-01-21 17:15:46,611][com.java.TestType] [  487] -  str(2) = 1
[INFO ][2016-01-21 17:15:46,615][com.java.TestType] [  487] -  str(1) = 1
[INFO ][2016-01-21 17:15:46,615][com.java.TestType] [  490] - Test case Id is---1
[INFO ][2016-01-21 17:15:46,615][com.java.TestType] [  492] - 1
[INFO ][2016-01-21 17:15:46,615][com.java.TestType] [  487] -  str(2) = 2
[INFO ][2016-01-21 17:15:46,617][com.java.TestType] [  487] -  str(1) = 1
[INFO ][2016-01-21 17:15:46,617][com.java.TestType] [  490] - Test case Id is---1
[INFO ][2016-01-21 17:15:46,617][com.java.TestType] [  492] - 1
[INFO ][2016-01-21 17:15:46,617][com.java.TestType] [  487] -  str(2) = 3
[INFO ][2016-01-21 17:15:46,618][com.java.TestType] [  487] -  str(1) = 1
[INFO ][2016-01-21 17:15:46,618][com.java.TestType] [  490] - Test case Id is---1
[INFO ][2016-01-21 17:15:46,619][com.java.TestType] [  492] - 1
[INFO ][2016-01-21 17:15:46,619][com.java.TestType] [  487] -  str(2) = 4
[INFO ][2016-01-21 17:15:46,620][com.java.TestType] [  487] -  str(1) = 1
[INFO ][2016-01-21 17:15:46,620][com.java.TestType] [  490] - Test case Id is---1
[INFO ][2016-01-21 17:15:46,620][com.java.TestType] [  492] - 1
[INFO ][2016-01-21 17:15:46,621][com.java.TestType] [  487] -  str(2) = 5
[INFO ][2016-01-21 17:15:46,622][com.java.TestType] [  487] -  str(1) = 1
[INFO ][2016-01-21 17:15:46,622][com.java.TestType] [  490] - Test case Id is---1
[INFO ][2016-01-21 17:15:46,622][com.java.TestType] [  492] - 1
[INFO ][2016-01-21 17:15:46,622][com.java.TestType] [  487] -  str(2) = 6
[INFO ][2016-01-21 17:15:46,623][com.java.TestType] [  487] -  str(1) = 1
[INFO ][2016-01-21 17:15:46,623][com.java.TestType] [  490] - Test case Id is---1
[INFO ][2016-01-21 17:15:46,625][com.java.TestType] [  492] - 1
[INFO ][2016-01-21 17:15:46,625][com.java.TestType] [  487] -  str(2) = 7
[INFO ][2016-01-21 17:15:46,626][com.java.TestType] [  487] -  str(1) = 1
[INFO ][2016-01-21 17:15:46,626][com.java.TestType] [  490] - Test case Id is---1
[INFO ][2016-01-21 17:15:46,626][com.java.TestType] [  492] - 1
[INFO ][2016-01-21 17:15:46,626][com.java.TestType] [  487] -  str(2) = 8
[INFO ][2016-01-21 17:15:46,627][com.java.TestType] [  487] -  str(1) = 1
[INFO ][2016-01-21 17:15:46,627][com.java.TestType] [  490] - Test case Id is---1
[INFO ][2016-01-21 17:15:46,627][com.java.TestType] [  492] - 1
[INFO ][2016-01-21 17:15:46,627][com.java.TestType] [  487] -  str(2) = 9
[INFO ][2016-01-21 17:15:46,628][com.java.TestType] [  487] -  str(1) = 1
[INFO ][2016-01-21 17:15:46,628][com.java.TestType] [  490] - Test case Id is---1
[INFO ][2016-01-21 17:15:46,628][com.java.TestType] [  492] - 1
[INFO ][2016-01-21 17:15:46,628][com.java.TestType] [  487] -  str(2) = 10
[INFO ][2016-01-21 17:15:46,629][com.java.TestType] [  487] -  str(1) = 1
[INFO ][2016-01-21 17:15:46,629][com.java.TestType] [  490] - Test case Id is---1
[INFO ][2016-01-21 17:15:46,629][com.java.TestType] [  492] - 1
[INFO ][2016-01-21 17:15:46,629][com.java.TestType] [  487] -  str(2) = 11
[INFO ][2016-01-21 17:15:46,630][com.java.TestType] [  487] -  str(1) = 1
[INFO ][2016-01-21 17:15:46,630][com.java.TestType] [  490] - Test case Id is---1
[INFO ][2016-01-21 17:15:46,630][com.java.TestType] [  492] - 1
[INFO ][2016-01-21 17:15:46,630][com.java.TestType] [  487] -  str(2) = 12
[INFO ][2016-01-21 17:15:46,631][com.java.TestType] [  487] -  str(1) = 1
[INFO ][2016-01-21 17:15:46,631][com.java.TestType] [  490] - Test case Id is---1
[INFO ][2016-01-21 17:15:46,631][com.java.TestType] [  492] - 1
[INFO ][2016-01-21 17:15:46,631][com.java.TestType] [  487] -  str(2) = 13
[INFO ][2016-01-21 17:15:46,632][com.java.TestType] [  487] -  str(1) = 1
[INFO ][2016-01-21 17:15:46,632][com.java.TestType] [  490] - Test case Id is---1
[INFO ][2016-01-21 17:15:46,632][com.java.TestType] [  492] - 1
[INFO ][2016-01-21 17:15:46,632][com.java.TestType] [  487] -  str(2) = 14
[INFO ][2016-01-21 17:15:46,633][com.java.TestType] [11632] - Looping 1TCID = 1
[DEBUG][2016-01-21 17:15:46,635][com.java.TestType] [11673] - Concept ID:1 :: Step being Executed: 1::1
[INFO ][2016-01-21 17:15:46,635][com.java.TestType] [11711] - dataFields : TXTusername
[DEBUG][2016-01-21 17:15:46,635][com.java.TestType] [11717] - <In Set values of the page>
[DEBUG][2016-01-21 17:15:46,635][com.java.TestType] [11722] - {Data Fields & Data Values Exist}
[INFO ][2016-01-21 17:15:46,635][com.java.TestType] [11728] - --------------------------setting values-----------------------------
[INFO ][2016-01-21 17:15:46,635][com.java.TestType] [11731] - Action Type : CLEARANDENTER
[INFO ][2016-01-21 17:15:48,937][com.java.TestType] [ 6375] - value = naresh.nayini.00000
[INFO ][2016-01-21 17:15:51,323][com.java.TestType] [11750] -  RESULT true
[INFO ][2016-01-21 17:15:51,323][com.java.TestType] [11867] - ?   P A S S   ?
[DEBUG][2016-01-21 17:15:51,324][com.java.TestType] [11673] - Concept ID:1 :: Step being Executed: 1::2
[INFO ][2016-01-21 17:15:51,324][com.java.TestType] [11711] - dataFields : TXTpassword
[DEBUG][2016-01-21 17:15:51,324][com.java.TestType] [11717] - <In Set values of the page>
[DEBUG][2016-01-21 17:15:51,324][com.java.TestType] [11722] - {Data Fields & Data Values Exist}
[INFO ][2016-01-21 17:15:51,324][com.java.TestType] [11728] - --------------------------setting values-----------------------------
[INFO ][2016-01-21 17:15:51,324][com.java.TestType] [11731] - Action Type : CLEARANDENTER
[INFO ][2016-01-21 17:15:53,602][com.java.TestType] [ 6375] - value = Password1*
[INFO ][2016-01-21 17:15:56,148][com.java.TestType] [11750] -  RESULT true
[INFO ][2016-01-21 17:15:56,148][com.java.TestType] [11867] - ?   P A S S   ?
[DEBUG][2016-01-21 17:15:56,148][com.java.TestType] [11673] - Concept ID:1 :: Step being Executed: 1::3
[ERROR][2016-01-21 17:15:56,148][com.java.TestType] [11706] - Exception: null
[INFO ][2016-01-21 17:15:56,148][com.java.TestType] [11711] - dataFields : XPH//button[@type='submit']
[DEBUG][2016-01-21 17:15:56,149][com.java.TestType] [11717] - <In Set values of the page>
[DEBUG][2016-01-21 17:15:56,149][com.java.TestType] [11722] - {Data Fields & Data Values Exist}
[INFO ][2016-01-21 17:15:56,149][com.java.TestType] [11728] - --------------------------setting values-----------------------------
[INFO ][2016-01-21 17:15:56,149][com.java.TestType] [11731] - Action Type : Click
[INFO ][2016-01-21 17:15:56,149][com.java.TestType] [ 6754] - Field ::XPH//button[@type='submit']
[INFO ][2016-01-21 17:15:56,149][com.java.TestType] [ 6375] - value = 
[INFO ][2016-01-21 17:15:57,149][com.java.TestType] [ 6927] - BEFORE CLICK
[INFO ][2016-01-21 17:16:00,641][com.java.TestType] [ 6935] - Unable to click the object Login
[INFO ][2016-01-21 17:16:00,641][com.java.TestType] [11750] -  RESULT true
[INFO ][2016-01-21 17:16:00,641][com.java.TestType] [11867] - ?   P A S S   ?
[DEBUG][2016-01-21 17:16:00,641][com.java.TestType] [11673] - Concept ID:1 :: Step being Executed: 1::4
[INFO ][2016-01-21 17:16:00,641][com.java.TestType] [11711] - dataFields : LNKLogout
[DEBUG][2016-01-21 17:16:00,641][com.java.TestType] [11717] - <In Set values of the page>
[DEBUG][2016-01-21 17:16:00,642][com.java.TestType] [11722] - {Data Fields & Data Values Exist}
[INFO ][2016-01-21 17:16:00,642][com.java.TestType] [11728] - --------------------------setting values-----------------------------
[INFO ][2016-01-21 17:16:00,642][com.java.TestType] [11731] - Action Type : WaitForElement
[INFO ][2016-01-21 17:16:00,758][com.java.TestType] [11750] -  RESULT true
[INFO ][2016-01-21 17:16:00,759][com.java.TestType] [11867] - ?   P A S S   ?
[DEBUG][2016-01-21 17:16:00,759][com.java.TestType] [11673] - Concept ID:1 :: Step being Executed: 1::13
[INFO ][2016-01-21 17:16:00,759][com.java.TestType] [11711] - dataFields : LNK
[DEBUG][2016-01-21 17:16:00,759][com.java.TestType] [11717] - <In Set values of the page>
[DEBUG][2016-01-21 17:16:00,759][com.java.TestType] [11722] - {Data Fields & Data Values Exist}
[INFO ][2016-01-21 17:16:00,759][com.java.TestType] [11728] - --------------------------setting values-----------------------------
[INFO ][2016-01-21 17:16:00,759][com.java.TestType] [11731] - Action Type : Verify
[INFO ][2016-01-21 17:16:00,759][com.java.TestType] [ 7965] - field= LNK value= Logout
[INFO ][2016-01-21 17:16:00,762][com.java.TestType] [ 6375] - value = Logout
[INFO ][2016-01-21 17:16:00,799][com.java.TestType] [11750] -  RESULT true
[INFO ][2016-01-21 17:16:00,799][com.java.TestType] [11867] - ?   P A S S   ?
[DEBUG][2016-01-21 17:16:00,799][com.java.TestType] [11673] - Concept ID:1 :: Step being Executed: 1::14
[INFO ][2016-01-21 17:16:00,799][com.java.TestType] [11711] - dataFields : BTN
[DEBUG][2016-01-21 17:16:00,800][com.java.TestType] [11717] - <In Set values of the page>
[DEBUG][2016-01-21 17:16:00,800][com.java.TestType] [11722] - {Data Fields & Data Values Exist}
[INFO ][2016-01-21 17:16:00,800][com.java.TestType] [11728] - --------------------------setting values-----------------------------
[INFO ][2016-01-21 17:16:00,800][com.java.TestType] [11731] - Action Type : Verify
[INFO ][2016-01-21 17:16:00,800][com.java.TestType] [ 7965] - field= BTN value= //img[contains(@src,'bdlogo.jpg')]
[INFO ][2016-01-21 17:16:00,800][com.java.TestType] [ 6375] - value = //img[contains(@src,'bdlogo.jpg')]
[INFO ][2016-01-21 17:16:00,872][com.java.TestType] [11750] -  RESULT true
[INFO ][2016-01-21 17:16:00,872][com.java.TestType] [11867] - ?   P A S S   ?
[INFO ][2016-01-21 17:16:00,872][com.java.TestType] [11938] - Looping End......
[INFO ][2016-01-21 17:16:00,873][com.java.SeleniumDriver] [  930] -  RESULT true
[INFO ][2016-01-21 17:16:00,873][com.java.SeleniumDriver] [ 1136] - ?   P A S S   ?
[INFO ][2016-01-21 17:16:00,874][com.java.SeleniumDriver] [  856] - ------------------------------------------
[INFO ][2016-01-21 17:16:00,874][com.java.SeleniumDriver] [  857] - Test case being Executed: 1
[INFO ][2016-01-21 17:16:00,874][com.java.SeleniumDriver] [  869] - Test step:2
[INFO ][2016-01-21 17:16:00,874][com.java.SeleniumDriver] [  881] - Datavalue is----------Concept#2:1-2
[INFO ][2016-01-21 17:16:00,874][com.java.SeleniumDriver] [  905] - DataField : test
[INFO ][2016-01-21 17:16:00,874][com.java.SeleniumDriver] [  907] - DataValue : Concept#2:1-2
[INFO ][2016-01-21 17:16:00,874][com.java.SeleniumDriver] [  913] - <In Set values of the page>
[INFO ][2016-01-21 17:16:00,874][com.java.SeleniumDriver] [  916] - {Data Fields & Data Values Exist}
[INFO ][2016-01-21 17:16:00,874][com.java.SeleniumDriver] [  918] - --------------------------setting values-----------------------------
[INFO ][2016-01-21 17:16:00,874][com.java.SeleniumDriver] [  921] - Action Type : ExecuteTestCase
[INFO ][2016-01-21 17:16:00,874][com.java.TestType] [  442] - The Concept sheet name is ---------- Concept
[INFO ][2016-01-21 17:16:00,875][com.java.TestType] [  445] - The Concept ID  is ---------- 2
[DEBUG][2016-01-21 17:16:00,875][com.java.TestType] [  449] - Steps being executted in the Concept are: 1:2
[INFO ][2016-01-21 17:16:00,875][com.java.TestType] [  456] - Test data details path ---------- D:\BankersDashboard\TestInputs\TestData.xls
[INFO ][2016-01-21 17:16:01,702][com.java.TestType] [  487] -  str(1) = 2
[INFO ][2016-01-21 17:16:01,702][com.java.TestType] [  490] - Test case Id is---2
[INFO ][2016-01-21 17:16:01,702][com.java.TestType] [  492] - 2
[INFO ][2016-01-21 17:16:01,702][com.java.TestType] [  487] -  str(2) = 1
[INFO ][2016-01-21 17:16:01,704][com.java.TestType] [  487] -  str(1) = 2
[INFO ][2016-01-21 17:16:01,704][com.java.TestType] [  490] - Test case Id is---2
[INFO ][2016-01-21 17:16:01,704][com.java.TestType] [  492] - 2
[INFO ][2016-01-21 17:16:01,704][com.java.TestType] [  487] -  str(2) = 2
[INFO ][2016-01-21 17:16:01,705][com.java.TestType] [  487] -  str(1) = 2
[INFO ][2016-01-21 17:16:01,705][com.java.TestType] [  490] - Test case Id is---2
[INFO ][2016-01-21 17:16:01,705][com.java.TestType] [  492] - 2
[INFO ][2016-01-21 17:16:01,705][com.java.TestType] [  487] -  str(2) = 3
[INFO ][2016-01-21 17:16:01,706][com.java.TestType] [11632] - Looping 1TCID = 2
[DEBUG][2016-01-21 17:16:01,706][com.java.TestType] [11673] - Concept ID:2 :: Step being Executed: 2::1
[INFO ][2016-01-21 17:16:01,706][com.java.TestType] [11711] - dataFields : BNK//select[@id='bank']
[DEBUG][2016-01-21 17:16:01,706][com.java.TestType] [11717] - <In Set values of the page>
[DEBUG][2016-01-21 17:16:01,706][com.java.TestType] [11722] - {Data Fields & Data Values Exist}
[INFO ][2016-01-21 17:16:01,706][com.java.TestType] [11728] - --------------------------setting values-----------------------------
[INFO ][2016-01-21 17:16:01,706][com.java.TestType] [11731] - Action Type : Select
[INFO ][2016-01-21 17:16:01,707][com.java.TestType] [ 6375] - value = PFC
[INFO ][2016-01-21 17:16:01,940][com.java.TestType] [11750] -  RESULT true
[INFO ][2016-01-21 17:16:01,940][com.java.TestType] [11867] - ?   P A S S   ?
[DEBUG][2016-01-21 17:16:01,940][com.java.TestType] [11673] - Concept ID:2 :: Step being Executed: 2::2
[INFO ][2016-01-21 17:16:01,940][com.java.TestType] [11711] - dataFields : LNKLogout
[DEBUG][2016-01-21 17:16:01,940][com.java.TestType] [11717] - <In Set values of the page>
[DEBUG][2016-01-21 17:16:01,940][com.java.TestType] [11722] - {Data Fields & Data Values Exist}
[INFO ][2016-01-21 17:16:01,940][com.java.TestType] [11728] - --------------------------setting values-----------------------------
[INFO ][2016-01-21 17:16:01,940][com.java.TestType] [11731] - Action Type : WaitTime
[DEBUG][2016-01-21 17:16:01,941][com.java.TestType] [ 6189] - sleepTime: 5000
[INFO ][2016-01-21 17:16:06,941][com.java.TestType] [11750] -  RESULT true
[INFO ][2016-01-21 17:16:06,941][com.java.TestType] [11867] - ?   P A S S   ?
[INFO ][2016-01-21 17:16:06,941][com.java.TestType] [11938] - Looping End......
[INFO ][2016-01-21 17:16:06,944][com.java.SeleniumDriver] [  930] -  RESULT true
[INFO ][2016-01-21 17:16:06,944][com.java.SeleniumDriver] [ 1136] - ?   P A S S   ?
[INFO ][2016-01-21 17:16:06,944][com.java.SeleniumDriver] [  856] - ------------------------------------------
[INFO ][2016-01-21 17:16:06,944][com.java.SeleniumDriver] [  857] - Test case being Executed: 1
[INFO ][2016-01-21 17:16:06,945][com.java.SeleniumDriver] [  869] - Test step:3
[INFO ][2016-01-21 17:16:06,945][com.java.SeleniumDriver] [  881] - Datavalue is----------2
[INFO ][2016-01-21 17:16:06,945][com.java.SeleniumDriver] [  905] - DataField : XPH//button[contains(text(),'Add Content')]
[INFO ][2016-01-21 17:16:06,945][com.java.SeleniumDriver] [  907] - DataValue : 2
[INFO ][2016-01-21 17:16:06,945][com.java.SeleniumDriver] [  913] - <In Set values of the page>
[INFO ][2016-01-21 17:16:06,945][com.java.SeleniumDriver] [  916] - {Data Fields & Data Values Exist}
[INFO ][2016-01-21 17:16:06,945][com.java.SeleniumDriver] [  918] - --------------------------setting values-----------------------------
[INFO ][2016-01-21 17:16:06,945][com.java.SeleniumDriver] [  921] - Action Type : WAITFORELEMENT
[INFO ][2016-01-21 17:16:06,982][com.java.SeleniumDriver] [  930] -  RESULT true
[INFO ][2016-01-21 17:16:06,982][com.java.SeleniumDriver] [ 1136] - ?   P A S S   ?
[DEBUG][2016-01-21 17:16:06,982][com.java.SeleniumDriver] [ 1248] - Case found
[DEBUG][2016-01-21 17:16:06,982][com.java.SeleniumDriver] [ 1253] - Incrementing ReportCounters[0]:1
[INFO ][2016-01-21 17:16:06,983][com.java.SeleniumDriver] [ 1272] - The results are-------------------[1, 1, Valid Login, Pass, , Thu Jan 21 17:16:00 IST 2016, 1, 2, Valid Login, Pass, , Thu Jan 21 17:16:06 IST 2016, 1, 3, Valid Login, Pass, , Thu Jan 21 17:16:06 IST 2016]
[INFO ][2016-01-21 17:16:06,983][com.java.SeleniumDriver] [ 1276] - End time is-------36 sec
[INFO ][2016-01-21 17:16:06,983][com.java.SeleniumDriver] [ 1277] - The results are-------------------[1, 1, Valid Login, Pass, , Thu Jan 21 17:16:00 IST 2016, 1, 2, Valid Login, Pass, , Thu Jan 21 17:16:06 IST 2016, 1, 3, Valid Login, Pass, , Thu Jan 21 17:16:06 IST 2016]
[DEBUG][2016-01-21 17:16:06,983][com.java.ImportnExport.ExportTestResultsExcel] [  222] - testResultPath = D:\BankersDashboard/TestReports/Test Results_BankersDashBoard_012116_171532_IE10_Any Bank USA.xls
[DEBUG][2016-01-21 17:16:06,983][com.java.ImportnExport.ExportTestResultsExcel] [  223] - browser is------------IE10
[DEBUG][2016-01-21 17:16:07,030][com.java.ImportnExport.ExportTestResultsExcel] [  270] - result.size() = 18
[DEBUG][2016-01-21 17:16:07,030][com.java.ImportnExport.ExportTestResultsExcel] [  274] - No of rows in sheet=1
[DEBUG][2016-01-21 17:16:07,030][com.java.ImportnExport.ExportTestResultsExcel] [  301] - ..in export..1
[DEBUG][2016-01-21 17:16:07,030][com.java.ImportnExport.ExportTestResultsExcel] [  301] - ..in export..Valid Login
[DEBUG][2016-01-21 17:16:07,030][com.java.ImportnExport.ExportTestResultsExcel] [  301] - ..in export..Pass
[DEBUG][2016-01-21 17:16:07,031][com.java.ImportnExport.ExportTestResultsExcel] [  301] - ..in export..
[DEBUG][2016-01-21 17:16:07,031][com.java.ImportnExport.ExportTestResultsExcel] [  301] - ..in export..Thu Jan 21 17:16:00 IST 2016
[INFO ][2016-01-21 17:16:07,034][com.java.SeleniumDriver] [ 1337] - out loop:0 size:2 TestCases:[1, 4] testcases:[1, 4]
[INFO ][2016-01-21 17:16:07,034][com.java.ImportnExport.ImportTestDataDetailsExcel] [   49] - test data details path===== D:\BankersDashboard\TestInputs\TestData.xls
[INFO ][2016-01-21 17:16:22,580][com.java.SeleniumDriver] [  856] - ------------------------------------------
[INFO ][2016-01-21 17:16:22,580][com.java.SeleniumDriver] [  857] - Test case being Executed: 4
[INFO ][2016-01-21 17:16:22,580][com.java.SeleniumDriver] [  869] - Test step:1
[INFO ][2016-01-21 17:16:22,580][com.java.SeleniumDriver] [  881] - Datavalue is----------Logout
[INFO ][2016-01-21 17:16:22,580][com.java.SeleniumDriver] [  905] - DataField : BTN
[INFO ][2016-01-21 17:16:22,580][com.java.SeleniumDriver] [  907] - DataValue : Logout
[INFO ][2016-01-21 17:16:22,580][com.java.SeleniumDriver] [  913] - <In Set values of the page>
[INFO ][2016-01-21 17:16:22,580][com.java.SeleniumDriver] [  916] - {Data Fields & Data Values Exist}
[INFO ][2016-01-21 17:16:22,580][com.java.SeleniumDriver] [  918] - --------------------------setting values-----------------------------
[INFO ][2016-01-21 17:16:22,580][com.java.SeleniumDriver] [  921] - Action Type : Verify
[INFO ][2016-01-21 17:16:22,580][com.java.TestType] [ 7965] - field= BTN value= Logout
[INFO ][2016-01-21 17:16:22,580][com.java.TestType] [ 6375] - value = Logout
[INFO ][2016-01-21 17:16:22,661][com.java.SeleniumDriver] [  930] -  RESULT true
[INFO ][2016-01-21 17:16:22,661][com.java.SeleniumDriver] [ 1136] - ?   P A S S   ?
[INFO ][2016-01-21 17:16:22,661][com.java.SeleniumDriver] [ 1178] - step change to 3
[INFO ][2016-01-21 17:16:22,661][com.java.SeleniumDriver] [  856] - ------------------------------------------
[INFO ][2016-01-21 17:16:22,661][com.java.SeleniumDriver] [  857] - Test case being Executed: 4
[INFO ][2016-01-21 17:16:22,661][com.java.SeleniumDriver] [  869] - Test step:3
[INFO ][2016-01-21 17:16:22,661][com.java.SeleniumDriver] [  881] - Datavalue is----------Concept#2:1-2
[INFO ][2016-01-21 17:16:22,661][com.java.SeleniumDriver] [  905] - DataField : test
[INFO ][2016-01-21 17:16:22,661][com.java.SeleniumDriver] [  907] - DataValue : Concept#2:1-2
[INFO ][2016-01-21 17:16:22,661][com.java.SeleniumDriver] [  913] - <In Set values of the page>
[INFO ][2016-01-21 17:16:22,661][com.java.SeleniumDriver] [  916] - {Data Fields & Data Values Exist}
[INFO ][2016-01-21 17:16:22,661][com.java.SeleniumDriver] [  918] - --------------------------setting values-----------------------------
[INFO ][2016-01-21 17:16:22,661][com.java.SeleniumDriver] [  921] - Action Type : ExecuteTestCase
[INFO ][2016-01-21 17:16:22,661][com.java.TestType] [  442] - The Concept sheet name is ---------- Concept
[INFO ][2016-01-21 17:16:22,661][com.java.TestType] [  445] - The Concept ID  is ---------- 2
[DEBUG][2016-01-21 17:16:22,661][com.java.TestType] [  449] - Steps being executted in the Concept are: 1:2
[INFO ][2016-01-21 17:16:22,661][com.java.TestType] [  456] - Test data details path ---------- D:\BankersDashboard\TestInputs\TestData.xls
[INFO ][2016-01-21 17:16:23,241][com.java.TestType] [  487] -  str(1) = 2
[INFO ][2016-01-21 17:16:23,241][com.java.TestType] [  490] - Test case Id is---2
[INFO ][2016-01-21 17:16:23,241][com.java.TestType] [  492] - 2
[INFO ][2016-01-21 17:16:23,241][com.java.TestType] [  487] -  str(2) = 1
[INFO ][2016-01-21 17:16:23,251][com.java.TestType] [  487] -  str(1) = 2
[INFO ][2016-01-21 17:16:23,251][com.java.TestType] [  490] - Test case Id is---2
[INFO ][2016-01-21 17:16:23,251][com.java.TestType] [  492] - 2
[INFO ][2016-01-21 17:16:23,251][com.java.TestType] [  487] -  str(2) = 2
[INFO ][2016-01-21 17:16:23,251][com.java.TestType] [  487] -  str(1) = 2
[INFO ][2016-01-21 17:16:23,251][com.java.TestType] [  490] - Test case Id is---2
[INFO ][2016-01-21 17:16:23,251][com.java.TestType] [  492] - 2
[INFO ][2016-01-21 17:16:23,251][com.java.TestType] [  487] -  str(2) = 3
[INFO ][2016-01-21 17:16:23,251][com.java.TestType] [11632] - Looping 1TCID = 2
[DEBUG][2016-01-21 17:16:23,251][com.java.TestType] [11673] - Concept ID:2 :: Step being Executed: 2::1
[INFO ][2016-01-21 17:16:23,251][com.java.TestType] [11711] - dataFields : BNK//select[@id='bank']
[DEBUG][2016-01-21 17:16:23,251][com.java.TestType] [11717] - <In Set values of the page>
[DEBUG][2016-01-21 17:16:23,251][com.java.TestType] [11722] - {Data Fields & Data Values Exist}
[INFO ][2016-01-21 17:16:23,251][com.java.TestType] [11728] - --------------------------setting values-----------------------------
[INFO ][2016-01-21 17:16:23,251][com.java.TestType] [11731] - Action Type : Select
[INFO ][2016-01-21 17:16:23,251][com.java.TestType] [ 6375] - value = PFC
[INFO ][2016-01-21 17:16:23,431][com.java.TestType] [11750] -  RESULT true
[INFO ][2016-01-21 17:16:23,431][com.java.TestType] [11867] - ?   P A S S   ?
[DEBUG][2016-01-21 17:16:23,431][com.java.TestType] [11673] - Concept ID:2 :: Step being Executed: 2::2
[INFO ][2016-01-21 17:16:23,431][com.java.TestType] [11711] - dataFields : LNKLogout
[DEBUG][2016-01-21 17:16:23,431][com.java.TestType] [11717] - <In Set values of the page>
[DEBUG][2016-01-21 17:16:23,431][com.java.TestType] [11722] - {Data Fields & Data Values Exist}
[INFO ][2016-01-21 17:16:23,431][com.java.TestType] [11728] - --------------------------setting values-----------------------------
[INFO ][2016-01-21 17:16:23,431][com.java.TestType] [11731] - Action Type : WaitTime
[DEBUG][2016-01-21 17:16:23,431][com.java.TestType] [ 6189] - sleepTime: 5000
[INFO ][2016-01-21 17:16:28,433][com.java.TestType] [11750] -  RESULT true
[INFO ][2016-01-21 17:16:28,433][com.java.TestType] [11867] - ?   P A S S   ?
[INFO ][2016-01-21 17:16:28,433][com.java.TestType] [11938] - Looping End......
[INFO ][2016-01-21 17:16:28,433][com.java.SeleniumDriver] [  930] -  RESULT true
[INFO ][2016-01-21 17:16:28,433][com.java.SeleniumDriver] [ 1136] - ?   P A S S   ?
[INFO ][2016-01-21 17:16:28,433][com.java.SeleniumDriver] [  856] - ------------------------------------------
[INFO ][2016-01-21 17:16:28,433][com.java.SeleniumDriver] [  857] - Test case being Executed: 4
[INFO ][2016-01-21 17:16:28,433][com.java.SeleniumDriver] [  869] - Test step:4
[INFO ][2016-01-21 17:16:28,433][com.java.SeleniumDriver] [  881] - Datavalue is----------2
[INFO ][2016-01-21 17:16:28,433][com.java.SeleniumDriver] [  905] - DataField : BTNG/L
[INFO ][2016-01-21 17:16:28,433][com.java.SeleniumDriver] [  907] - DataValue : 2
[INFO ][2016-01-21 17:16:28,433][com.java.SeleniumDriver] [  913] - <In Set values of the page>
[INFO ][2016-01-21 17:16:28,433][com.java.SeleniumDriver] [  916] - {Data Fields & Data Values Exist}
[INFO ][2016-01-21 17:16:28,433][com.java.SeleniumDriver] [  918] - --------------------------setting values-----------------------------
[INFO ][2016-01-21 17:16:28,433][com.java.SeleniumDriver] [  921] - Action Type : WAITFORELEMENT
[INFO ][2016-01-21 17:16:28,484][com.java.SeleniumDriver] [  930] -  RESULT true
[INFO ][2016-01-21 17:16:28,484][com.java.SeleniumDriver] [ 1136] - ?   P A S S   ?
[INFO ][2016-01-21 17:16:28,484][com.java.SeleniumDriver] [  856] - ------------------------------------------
[INFO ][2016-01-21 17:16:28,484][com.java.SeleniumDriver] [  857] - Test case being Executed: 4
[INFO ][2016-01-21 17:16:28,484][com.java.SeleniumDriver] [  869] - Test step:5
[INFO ][2016-01-21 17:16:28,484][com.java.SeleniumDriver] [  881] - Datavalue is----------null
[DEBUG][2016-01-21 17:16:28,484][com.java.SeleniumDriver] [  899] - Exception: null
[INFO ][2016-01-21 17:16:28,484][com.java.SeleniumDriver] [  905] - DataField : //a[starts-with(normalize-space(.), 'Settings')]/span[2]&&//a[starts-with(normalize-space(.), 'Customize')]&&//li[@data-id='MyDashboard']/a[starts-with(text(), 'My Dashboard')]
[INFO ][2016-01-21 17:16:28,484][com.java.SeleniumDriver] [  907] - DataValue : 
[INFO ][2016-01-21 17:16:28,484][com.java.SeleniumDriver] [  913] - <In Set values of the page>
[INFO ][2016-01-21 17:16:28,484][com.java.SeleniumDriver] [  916] - {Data Fields & Data Values Exist}
[INFO ][2016-01-21 17:16:28,484][com.java.SeleniumDriver] [  918] - --------------------------setting values-----------------------------
[INFO ][2016-01-21 17:16:28,484][com.java.SeleniumDriver] [  921] - Action Type : MOUSEOVER
[INFO ][2016-01-21 17:16:55,330][com.java.SeleniumDriver] [  930] -  RESULT true
[INFO ][2016-01-21 17:16:55,330][com.java.SeleniumDriver] [ 1136] - ?   P A S S   ?
[INFO ][2016-01-21 17:16:55,330][com.java.SeleniumDriver] [  856] - ------------------------------------------
[INFO ][2016-01-21 17:16:55,330][com.java.SeleniumDriver] [  857] - Test case being Executed: 4
[INFO ][2016-01-21 17:16:55,330][com.java.SeleniumDriver] [  869] - Test step:6
[INFO ][2016-01-21 17:16:55,330][com.java.SeleniumDriver] [  881] - Datavalue is----------5
[INFO ][2016-01-21 17:16:55,330][com.java.SeleniumDriver] [  905] - DataField : BTN//iframe[@id='frameDialogContent']
[INFO ][2016-01-21 17:16:55,330][com.java.SeleniumDriver] [  907] - DataValue : 5
[INFO ][2016-01-21 17:16:55,330][com.java.SeleniumDriver] [  913] - <In Set values of the page>
[INFO ][2016-01-21 17:16:55,330][com.java.SeleniumDriver] [  916] - {Data Fields & Data Values Exist}
[INFO ][2016-01-21 17:16:55,330][com.java.SeleniumDriver] [  918] - --------------------------setting values-----------------------------
[INFO ][2016-01-21 17:16:55,330][com.java.SeleniumDriver] [  921] - Action Type : WAITFORELEMENT
[INFO ][2016-01-21 17:16:55,361][com.java.SeleniumDriver] [  930] -  RESULT true
[INFO ][2016-01-21 17:16:55,361][com.java.SeleniumDriver] [ 1136] - ?   P A S S   ?
[INFO ][2016-01-21 17:16:55,361][com.java.SeleniumDriver] [  856] - ------------------------------------------
[INFO ][2016-01-21 17:16:55,361][com.java.SeleniumDriver] [  857] - Test case being Executed: 4
[INFO ][2016-01-21 17:16:55,361][com.java.SeleniumDriver] [  869] - Test step:7
[INFO ][2016-01-21 17:16:55,361][com.java.SeleniumDriver] [  881] - Datavalue is----------null
[DEBUG][2016-01-21 17:16:55,361][com.java.SeleniumDriver] [  899] - Exception: null
[INFO ][2016-01-21 17:16:55,361][com.java.SeleniumDriver] [  905] - DataField : BTN//iframe[@id='frameDialogContent']
[INFO ][2016-01-21 17:16:55,361][com.java.SeleniumDriver] [  907] - DataValue : 
[INFO ][2016-01-21 17:16:55,361][com.java.SeleniumDriver] [  913] - <In Set values of the page>
[INFO ][2016-01-21 17:16:55,361][com.java.SeleniumDriver] [  916] - {Data Fields & Data Values Exist}
[INFO ][2016-01-21 17:16:55,361][com.java.SeleniumDriver] [  918] - --------------------------setting values-----------------------------
[INFO ][2016-01-21 17:16:55,361][com.java.SeleniumDriver] [  921] - Action Type : SELECTFRAME
[INFO ][2016-01-21 17:16:55,461][com.java.SeleniumDriver] [  930] -  RESULT true
[INFO ][2016-01-21 17:16:55,461][com.java.SeleniumDriver] [ 1136] - ?   P A S S   ?
[INFO ][2016-01-21 17:16:55,461][com.java.SeleniumDriver] [  856] - ------------------------------------------
[INFO ][2016-01-21 17:16:55,461][com.java.SeleniumDriver] [  857] - Test case being Executed: 4
[INFO ][2016-01-21 17:16:55,461][com.java.SeleniumDriver] [  869] - Test step:8
[INFO ][2016-01-21 17:16:55,461][com.java.SeleniumDriver] [  881] - Datavalue is----------#_keys
[INFO ][2016-01-21 17:16:55,461][com.java.SeleniumDriver] [  905] - DataField : XPH//td[starts-with(text(), '#_CAL')]
[INFO ][2016-01-21 17:16:55,461][com.java.SeleniumDriver] [  907] - DataValue : #_keys
[INFO ][2016-01-21 17:16:55,461][com.java.SeleniumDriver] [  913] - <In Set values of the page>
[INFO ][2016-01-21 17:16:55,461][com.java.SeleniumDriver] [  916] - {Data Fields & Data Values Exist}
[INFO ][2016-01-21 17:16:55,461][com.java.SeleniumDriver] [  918] - --------------------------setting values-----------------------------
[INFO ][2016-01-21 17:16:55,461][com.java.SeleniumDriver] [  921] - Action Type : STOREVALUE
[INFO ][2016-01-21 17:16:55,461][com.java.TestType] [ 9392] - field= XPH//td[starts-with(text(), '#_CAL')]
[DEBUG][2016-01-21 17:16:55,541][com.java.TestType] [ 9447] - Key:: #_keys   Value:: #_CAL51284
[INFO ][2016-01-21 17:16:55,541][com.java.SeleniumDriver] [  930] -  RESULT true
[INFO ][2016-01-21 17:16:55,541][com.java.SeleniumDriver] [ 1136] - ?   P A S S   ?
[INFO ][2016-01-21 17:16:55,541][com.java.SeleniumDriver] [ 1173] - Continue next step...
[INFO ][2016-01-21 17:16:55,541][com.java.SeleniumDriver] [  856] - ------------------------------------------
[INFO ][2016-01-21 17:16:55,541][com.java.SeleniumDriver] [  857] - Test case being Executed: 4
[INFO ][2016-01-21 17:16:55,541][com.java.SeleniumDriver] [  869] - Test step:9
[INFO ][2016-01-21 17:16:55,541][com.java.SeleniumDriver] [  881] - Datavalue is----------#_keys
[INFO ][2016-01-21 17:16:55,541][com.java.SeleniumDriver] [  905] - DataField : MNC//td[contains(text(),'mytext')]/../td[@align='center']/span[2]
[INFO ][2016-01-21 17:16:55,541][com.java.SeleniumDriver] [  907] - DataValue : #_keys
[INFO ][2016-01-21 17:16:55,541][com.java.SeleniumDriver] [  913] - <In Set values of the page>
[INFO ][2016-01-21 17:16:55,541][com.java.SeleniumDriver] [  916] - {Data Fields & Data Values Exist}
[INFO ][2016-01-21 17:16:55,541][com.java.SeleniumDriver] [  918] - --------------------------setting values-----------------------------
[INFO ][2016-01-21 17:16:55,541][com.java.SeleniumDriver] [  921] - Action Type : Click
[INFO ][2016-01-21 17:16:55,541][com.java.TestType] [ 6754] - Field ::MNC//td[contains(text(),'mytext')]/../td[@align='center']/span[2]
[INFO ][2016-01-21 17:16:55,541][com.java.TestType] [ 6375] - value = #_keys
[INFO ][2016-01-21 17:16:56,752][com.java.SeleniumDriver] [  930] -  RESULT true
[INFO ][2016-01-21 17:16:56,752][com.java.SeleniumDriver] [ 1136] - ?   P A S S   ?
[INFO ][2016-01-21 17:16:56,752][com.java.SeleniumDriver] [ 1178] - step change to 15
[INFO ][2016-01-21 17:16:56,752][com.java.SeleniumDriver] [  856] - ------------------------------------------
[INFO ][2016-01-21 17:16:56,752][com.java.SeleniumDriver] [  857] - Test case being Executed: 4
[INFO ][2016-01-21 17:16:56,752][com.java.SeleniumDriver] [  869] - Test step:15
[INFO ][2016-01-21 17:16:56,752][com.java.SeleniumDriver] [  881] - Datavalue is----------#_keys
[INFO ][2016-01-21 17:16:56,752][com.java.SeleniumDriver] [  905] - DataField : HDC//td[contains(text(),'mytext')]/../td[@align='center']/span[2]
[INFO ][2016-01-21 17:16:56,752][com.java.SeleniumDriver] [  907] - DataValue : #_keys
[INFO ][2016-01-21 17:16:56,752][com.java.SeleniumDriver] [  913] - <In Set values of the page>
[INFO ][2016-01-21 17:16:56,752][com.java.SeleniumDriver] [  916] - {Data Fields & Data Values Exist}
[INFO ][2016-01-21 17:16:56,752][com.java.SeleniumDriver] [  918] - --------------------------setting values-----------------------------
[INFO ][2016-01-21 17:16:56,752][com.java.SeleniumDriver] [  921] - Action Type : Click
[INFO ][2016-01-21 17:16:56,752][com.java.TestType] [ 6754] - Field ::HDC//td[contains(text(),'mytext')]/../td[@align='center']/span[2]
[INFO ][2016-01-21 17:16:56,752][com.java.TestType] [ 6375] - value = #_keys
[INFO ][2016-01-21 17:16:59,735][com.java.SeleniumDriver] [  930] -  RESULT true
[INFO ][2016-01-21 17:16:59,735][com.java.SeleniumDriver] [ 1136] - ?   P A S S   ?
[INFO ][2016-01-21 17:16:59,735][com.java.SeleniumDriver] [  856] - ------------------------------------------
[INFO ][2016-01-21 17:16:59,735][com.java.SeleniumDriver] [  857] - Test case being Executed: 4
[INFO ][2016-01-21 17:16:59,735][com.java.SeleniumDriver] [  869] - Test step:16
[INFO ][2016-01-21 17:16:59,735][com.java.SeleniumDriver] [  881] - Datavalue is----------10
[INFO ][2016-01-21 17:16:59,735][com.java.SeleniumDriver] [  905] - DataField : test
[INFO ][2016-01-21 17:16:59,735][com.java.SeleniumDriver] [  907] - DataValue : 10
[INFO ][2016-01-21 17:16:59,735][com.java.SeleniumDriver] [  913] - <In Set values of the page>
[INFO ][2016-01-21 17:16:59,735][com.java.SeleniumDriver] [  916] - {Data Fields & Data Values Exist}
[INFO ][2016-01-21 17:16:59,735][com.java.SeleniumDriver] [  918] - --------------------------setting values-----------------------------
[INFO ][2016-01-21 17:16:59,735][com.java.SeleniumDriver] [  921] - Action Type : WaitTime
[DEBUG][2016-01-21 17:16:59,735][com.java.TestType] [ 6189] - sleepTime: 10000
[INFO ][2016-01-21 17:17:09,736][com.java.SeleniumDriver] [  930] -  RESULT true
[INFO ][2016-01-21 17:17:09,736][com.java.SeleniumDriver] [ 1136] - ?   P A S S   ?
[INFO ][2016-01-21 17:17:09,736][com.java.SeleniumDriver] [  856] - ------------------------------------------
[INFO ][2016-01-21 17:17:09,736][com.java.SeleniumDriver] [  857] - Test case being Executed: 4
[INFO ][2016-01-21 17:17:09,736][com.java.SeleniumDriver] [  869] - Test step:17
[INFO ][2016-01-21 17:17:09,736][com.java.SeleniumDriver] [  881] - Datavalue is----------Indicator Type
[INFO ][2016-01-21 17:17:09,736][com.java.SeleniumDriver] [  905] - DataField : MSG
[INFO ][2016-01-21 17:17:09,736][com.java.SeleniumDriver] [  907] - DataValue : Indicator Type
[INFO ][2016-01-21 17:17:09,736][com.java.SeleniumDriver] [  913] - <In Set values of the page>
[INFO ][2016-01-21 17:17:09,736][com.java.SeleniumDriver] [  916] - {Data Fields & Data Values Exist}
[INFO ][2016-01-21 17:17:09,736][com.java.SeleniumDriver] [  918] - --------------------------setting values-----------------------------
[INFO ][2016-01-21 17:17:09,736][com.java.SeleniumDriver] [  921] - Action Type : verify
[INFO ][2016-01-21 17:17:09,736][com.java.TestType] [ 7965] - field= MSG value= Indicator Type
[INFO ][2016-01-21 17:17:09,736][com.java.TestType] [ 6375] - value = Indicator Type
[DEBUG][2016-01-21 17:17:09,736][com.java.TestType] [ 8795] - value :: Indicator Type
[INFO ][2016-01-21 17:17:09,757][com.java.SeleniumDriver] [  930] -  RESULT true
[INFO ][2016-01-21 17:17:09,757][com.java.SeleniumDriver] [ 1136] - ?   P A S S   ?
[INFO ][2016-01-21 17:17:09,757][com.java.SeleniumDriver] [  856] - ------------------------------------------
[INFO ][2016-01-21 17:17:09,757][com.java.SeleniumDriver] [  857] - Test case being Executed: 4
[INFO ][2016-01-21 17:17:09,757][com.java.SeleniumDriver] [  869] - Test step:18
[INFO ][2016-01-21 17:17:09,757][com.java.SeleniumDriver] [  881] - Datavalue is----------Indicator Value
[INFO ][2016-01-21 17:17:09,757][com.java.SeleniumDriver] [  905] - DataField : MSG
[INFO ][2016-01-21 17:17:09,757][com.java.SeleniumDriver] [  907] - DataValue : Indicator Value
[INFO ][2016-01-21 17:17:09,757][com.java.SeleniumDriver] [  913] - <In Set values of the page>
[INFO ][2016-01-21 17:17:09,757][com.java.SeleniumDriver] [  916] - {Data Fields & Data Values Exist}
[INFO ][2016-01-21 17:17:09,757][com.java.SeleniumDriver] [  918] - --------------------------setting values-----------------------------
[INFO ][2016-01-21 17:17:09,757][com.java.SeleniumDriver] [  921] - Action Type : verify
[INFO ][2016-01-21 17:17:09,757][com.java.TestType] [ 7965] - field= MSG value= Indicator Value
[INFO ][2016-01-21 17:17:09,757][com.java.TestType] [ 6375] - value = Indicator Value
[DEBUG][2016-01-21 17:17:09,757][com.java.TestType] [ 8795] - value :: Indicator Value
[INFO ][2016-01-21 17:17:09,777][com.java.SeleniumDriver] [  930] -  RESULT true
[INFO ][2016-01-21 17:17:09,777][com.java.SeleniumDriver] [ 1136] - ?   P A S S   ?
[INFO ][2016-01-21 17:17:09,777][com.java.SeleniumDriver] [  856] - ------------------------------------------
[INFO ][2016-01-21 17:17:09,777][com.java.SeleniumDriver] [  857] - Test case being Executed: 4
[INFO ][2016-01-21 17:17:09,777][com.java.SeleniumDriver] [  869] - Test step:19
[INFO ][2016-01-21 17:17:09,777][com.java.SeleniumDriver] [  881] - Datavalue is----------Indicator Name
[INFO ][2016-01-21 17:17:09,777][com.java.SeleniumDriver] [  905] - DataField : MSG
[INFO ][2016-01-21 17:17:09,777][com.java.SeleniumDriver] [  907] - DataValue : Indicator Name
[INFO ][2016-01-21 17:17:09,777][com.java.SeleniumDriver] [  913] - <In Set values of the page>
[INFO ][2016-01-21 17:17:09,777][com.java.SeleniumDriver] [  916] - {Data Fields & Data Values Exist}
[INFO ][2016-01-21 17:17:09,777][com.java.SeleniumDriver] [  918] - --------------------------setting values-----------------------------
[INFO ][2016-01-21 17:17:09,777][com.java.SeleniumDriver] [  921] - Action Type : verify
[INFO ][2016-01-21 17:17:09,777][com.java.TestType] [ 7965] - field= MSG value= Indicator Name
[INFO ][2016-01-21 17:17:09,777][com.java.TestType] [ 6375] - value = Indicator Name
[DEBUG][2016-01-21 17:17:09,777][com.java.TestType] [ 8795] - value :: Indicator Name
[INFO ][2016-01-21 17:17:09,797][com.java.SeleniumDriver] [  930] -  RESULT true
[INFO ][2016-01-21 17:17:09,797][com.java.SeleniumDriver] [ 1136] - ?   P A S S   ?
[INFO ][2016-01-21 17:17:09,797][com.java.SeleniumDriver] [  856] - ------------------------------------------
[INFO ][2016-01-21 17:17:09,797][com.java.SeleniumDriver] [  857] - Test case being Executed: 4
[INFO ][2016-01-21 17:17:09,797][com.java.SeleniumDriver] [  869] - Test step:20
[INFO ][2016-01-21 17:17:09,797][com.java.SeleniumDriver] [  881] - Datavalue is----------5
[INFO ][2016-01-21 17:17:09,797][com.java.SeleniumDriver] [  905] - DataField : test
[INFO ][2016-01-21 17:17:09,797][com.java.SeleniumDriver] [  907] - DataValue : 5
[INFO ][2016-01-21 17:17:09,797][com.java.SeleniumDriver] [  913] - <In Set values of the page>
[INFO ][2016-01-21 17:17:09,797][com.java.SeleniumDriver] [  916] - {Data Fields & Data Values Exist}
[INFO ][2016-01-21 17:17:09,797][com.java.SeleniumDriver] [  918] - --------------------------setting values-----------------------------
[INFO ][2016-01-21 17:17:09,797][com.java.SeleniumDriver] [  921] - Action Type : WaitTime
[DEBUG][2016-01-21 17:17:09,797][com.java.TestType] [ 6189] - sleepTime: 5000
[INFO ][2016-01-21 17:17:14,801][com.java.SeleniumDriver] [  930] -  RESULT true
[INFO ][2016-01-21 17:17:14,801][com.java.SeleniumDriver] [ 1136] - ?   P A S S   ?
[INFO ][2016-01-21 17:17:14,801][com.java.SeleniumDriver] [  856] - ------------------------------------------
[INFO ][2016-01-21 17:17:14,801][com.java.SeleniumDriver] [  857] - Test case being Executed: 4
[INFO ][2016-01-21 17:17:14,801][com.java.SeleniumDriver] [  869] - Test step:21
[INFO ][2016-01-21 17:17:14,801][com.java.SeleniumDriver] [  881] - Datavalue is----------null
[DEBUG][2016-01-21 17:17:14,801][com.java.SeleniumDriver] [  899] - Exception: null
[INFO ][2016-01-21 17:17:14,801][com.java.SeleniumDriver] [  905] - DataField : HDN//input[@id='btnNext']
[INFO ][2016-01-21 17:17:14,801][com.java.SeleniumDriver] [  907] - DataValue : 
[INFO ][2016-01-21 17:17:14,801][com.java.SeleniumDriver] [  913] - <In Set values of the page>
[INFO ][2016-01-21 17:17:14,801][com.java.SeleniumDriver] [  916] - {Data Fields & Data Values Exist}
[INFO ][2016-01-21 17:17:14,801][com.java.SeleniumDriver] [  918] - --------------------------setting values-----------------------------
[INFO ][2016-01-21 17:17:14,801][com.java.SeleniumDriver] [  921] - Action Type : CLICK
[INFO ][2016-01-21 17:17:14,801][com.java.TestType] [ 6754] - Field ::HDN//input[@id='btnNext']
[INFO ][2016-01-21 17:17:14,801][com.java.TestType] [ 6375] - value = 
[INFO ][2016-01-21 17:17:15,903][com.java.SeleniumDriver] [  930] -  RESULT true
[INFO ][2016-01-21 17:17:15,903][com.java.SeleniumDriver] [ 1136] - ?   P A S S   ?
[INFO ][2016-01-21 17:17:15,903][com.java.SeleniumDriver] [  856] - ------------------------------------------
[INFO ][2016-01-21 17:17:15,903][com.java.SeleniumDriver] [  857] - Test case being Executed: 4
[INFO ][2016-01-21 17:17:15,903][com.java.SeleniumDriver] [  869] - Test step:22
[INFO ][2016-01-21 17:17:15,903][com.java.SeleniumDriver] [  881] - Datavalue is----------3
[INFO ][2016-01-21 17:17:15,903][com.java.SeleniumDriver] [  905] - DataField : TXTGreenCompare
[INFO ][2016-01-21 17:17:15,903][com.java.SeleniumDriver] [  907] - DataValue : 3
[INFO ][2016-01-21 17:17:15,903][com.java.SeleniumDriver] [  913] - <In Set values of the page>
[INFO ][2016-01-21 17:17:15,903][com.java.SeleniumDriver] [  916] - {Data Fields & Data Values Exist}
[INFO ][2016-01-21 17:17:15,903][com.java.SeleniumDriver] [  918] - --------------------------setting values-----------------------------
[INFO ][2016-01-21 17:17:15,903][com.java.SeleniumDriver] [  921] - Action Type : WaitForElement
[INFO ][2016-01-21 17:17:16,983][com.java.SeleniumDriver] [  930] -  RESULT true
[INFO ][2016-01-21 17:17:16,983][com.java.SeleniumDriver] [ 1136] - ?   P A S S   ?
[INFO ][2016-01-21 17:17:16,983][com.java.SeleniumDriver] [  856] - ------------------------------------------
[INFO ][2016-01-21 17:17:16,983][com.java.SeleniumDriver] [  857] - Test case being Executed: 4
[INFO ][2016-01-21 17:17:16,983][com.java.SeleniumDriver] [  869] - Test step:23
[INFO ][2016-01-21 17:17:16,983][com.java.SeleniumDriver] [  881] - Datavalue is----------index:1
[INFO ][2016-01-21 17:17:16,983][com.java.SeleniumDriver] [  905] - DataField : COBGreenCompare
[INFO ][2016-01-21 17:17:16,983][com.java.SeleniumDriver] [  907] - DataValue : index:1
[INFO ][2016-01-21 17:17:16,983][com.java.SeleniumDriver] [  913] - <In Set values of the page>
[INFO ][2016-01-21 17:17:16,983][com.java.SeleniumDriver] [  916] - {Data Fields & Data Values Exist}
[INFO ][2016-01-21 17:17:16,983][com.java.SeleniumDriver] [  918] - --------------------------setting values-----------------------------
[INFO ][2016-01-21 17:17:16,983][com.java.SeleniumDriver] [  921] - Action Type : Select
[INFO ][2016-01-21 17:17:16,983][com.java.TestType] [ 6375] - value = 1
[INFO ][2016-01-21 17:17:18,135][com.java.TestType] [ 6493] -  In COB GreenCompare : 1
[INFO ][2016-01-21 17:17:18,285][com.java.SeleniumDriver] [  930] -  RESULT true
[INFO ][2016-01-21 17:17:18,285][com.java.SeleniumDriver] [ 1136] - ?   P A S S   ?
[INFO ][2016-01-21 17:17:18,285][com.java.SeleniumDriver] [  856] - ------------------------------------------
[INFO ][2016-01-21 17:17:18,285][com.java.SeleniumDriver] [  857] - Test case being Executed: 4
[INFO ][2016-01-21 17:17:18,285][com.java.SeleniumDriver] [  869] - Test step:24
[INFO ][2016-01-21 17:17:18,285][com.java.SeleniumDriver] [  881] - Datavalue is----------100000000
[INFO ][2016-01-21 17:17:18,285][com.java.SeleniumDriver] [  905] - DataField : TXTGreenValue
[INFO ][2016-01-21 17:17:18,285][com.java.SeleniumDriver] [  907] - DataValue : 100000000
[INFO ][2016-01-21 17:17:18,285][com.java.SeleniumDriver] [  913] - <In Set values of the page>
[INFO ][2016-01-21 17:17:18,285][com.java.SeleniumDriver] [  916] - {Data Fields & Data Values Exist}
[INFO ][2016-01-21 17:17:18,285][com.java.SeleniumDriver] [  918] - --------------------------setting values-----------------------------
[INFO ][2016-01-21 17:17:18,285][com.java.SeleniumDriver] [  921] - Action Type : CLEARANDENTER
[INFO ][2016-01-21 17:17:19,456][com.java.TestType] [ 6375] - value = 100000000
[INFO ][2016-01-21 17:17:20,717][com.java.SeleniumDriver] [  930] -  RESULT true
[INFO ][2016-01-21 17:17:20,717][com.java.SeleniumDriver] [ 1136] - ?   P A S S   ?
[INFO ][2016-01-21 17:17:20,717][com.java.SeleniumDriver] [  856] - ------------------------------------------
[INFO ][2016-01-21 17:17:20,717][com.java.SeleniumDriver] [  857] - Test case being Executed: 4
[INFO ][2016-01-21 17:17:20,717][com.java.SeleniumDriver] [  869] - Test step:25
[INFO ][2016-01-21 17:17:20,717][com.java.SeleniumDriver] [  881] - Datavalue is----------null
[DEBUG][2016-01-21 17:17:20,717][com.java.SeleniumDriver] [  899] - Exception: null
[INFO ][2016-01-21 17:17:20,717][com.java.SeleniumDriver] [  905] - DataField : BTNparent
[INFO ][2016-01-21 17:17:20,717][com.java.SeleniumDriver] [  907] - DataValue : 
[INFO ][2016-01-21 17:17:20,717][com.java.SeleniumDriver] [  913] - <In Set values of the page>
[INFO ][2016-01-21 17:17:20,717][com.java.SeleniumDriver] [  916] - {Data Fields & Data Values Exist}
[INFO ][2016-01-21 17:17:20,717][com.java.SeleniumDriver] [  918] - --------------------------setting values-----------------------------
[INFO ][2016-01-21 17:17:20,717][com.java.SeleniumDriver] [  921] - Action Type : SELECTFRAME
[INFO ][2016-01-21 17:17:20,727][com.java.SeleniumDriver] [  930] -  RESULT true
[INFO ][2016-01-21 17:17:20,727][com.java.SeleniumDriver] [ 1136] - ?   P A S S   ?
[INFO ][2016-01-21 17:17:20,727][com.java.SeleniumDriver] [  856] - ------------------------------------------
[INFO ][2016-01-21 17:17:20,727][com.java.SeleniumDriver] [  857] - Test case being Executed: 4
[INFO ][2016-01-21 17:17:20,727][com.java.SeleniumDriver] [  869] - Test step:26
[INFO ][2016-01-21 17:17:20,727][com.java.SeleniumDriver] [  881] - Datavalue is----------5
[INFO ][2016-01-21 17:17:20,727][com.java.SeleniumDriver] [  905] - DataField : XPH//span[contains(text(),'Finished')]
[INFO ][2016-01-21 17:17:20,727][com.java.SeleniumDriver] [  907] - DataValue : 5
[INFO ][2016-01-21 17:17:20,727][com.java.SeleniumDriver] [  913] - <In Set values of the page>
[INFO ][2016-01-21 17:17:20,727][com.java.SeleniumDriver] [  916] - {Data Fields & Data Values Exist}
[INFO ][2016-01-21 17:17:20,727][com.java.SeleniumDriver] [  918] - --------------------------setting values-----------------------------
[INFO ][2016-01-21 17:17:20,727][com.java.SeleniumDriver] [  921] - Action Type : WAITFORELEMENT
[INFO ][2016-01-21 17:17:20,757][com.java.SeleniumDriver] [  930] -  RESULT true
[INFO ][2016-01-21 17:17:20,757][com.java.SeleniumDriver] [ 1136] - ?   P A S S   ?
[INFO ][2016-01-21 17:17:20,757][com.java.SeleniumDriver] [  856] - ------------------------------------------
[INFO ][2016-01-21 17:17:20,757][com.java.SeleniumDriver] [  857] - Test case being Executed: 4
[INFO ][2016-01-21 17:17:20,757][com.java.SeleniumDriver] [  869] - Test step:27
[INFO ][2016-01-21 17:17:20,757][com.java.SeleniumDriver] [  881] - Datavalue is----------null
[DEBUG][2016-01-21 17:17:20,757][com.java.SeleniumDriver] [  899] - Exception: null
[INFO ][2016-01-21 17:17:20,757][com.java.SeleniumDriver] [  905] - DataField : HDN//span[contains(text(),'Finished')]
[INFO ][2016-01-21 17:17:20,757][com.java.SeleniumDriver] [  907] - DataValue : 
[INFO ][2016-01-21 17:17:20,757][com.java.SeleniumDriver] [  913] - <In Set values of the page>
[INFO ][2016-01-21 17:17:20,757][com.java.SeleniumDriver] [  916] - {Data Fields & Data Values Exist}
[INFO ][2016-01-21 17:17:20,757][com.java.SeleniumDriver] [  918] - --------------------------setting values-----------------------------
[INFO ][2016-01-21 17:17:20,757][com.java.SeleniumDriver] [  921] - Action Type : CLICK
[INFO ][2016-01-21 17:17:20,757][com.java.TestType] [ 6754] - Field ::HDN//span[contains(text(),'Finished')]
[INFO ][2016-01-21 17:17:20,757][com.java.TestType] [ 6375] - value = 
[INFO ][2016-01-21 17:17:21,948][com.java.SeleniumDriver] [  930] -  RESULT true
[INFO ][2016-01-21 17:17:21,948][com.java.SeleniumDriver] [ 1136] - ?   P A S S   ?
[INFO ][2016-01-21 17:17:21,948][com.java.SeleniumDriver] [  856] - ------------------------------------------
[INFO ][2016-01-21 17:17:21,948][com.java.SeleniumDriver] [  857] - Test case being Executed: 4
[INFO ][2016-01-21 17:17:21,948][com.java.SeleniumDriver] [  869] - Test step:28
[INFO ][2016-01-21 17:17:21,948][com.java.SeleniumDriver] [  881] - Datavalue is----------5
[INFO ][2016-01-21 17:17:21,948][com.java.SeleniumDriver] [  905] - DataField : BTN//iframe[@id='frameDialogContent']
[INFO ][2016-01-21 17:17:21,948][com.java.SeleniumDriver] [  907] - DataValue : 5
[INFO ][2016-01-21 17:17:21,948][com.java.SeleniumDriver] [  913] - <In Set values of the page>
[INFO ][2016-01-21 17:17:21,948][com.java.SeleniumDriver] [  916] - {Data Fields & Data Values Exist}
[INFO ][2016-01-21 17:17:21,948][com.java.SeleniumDriver] [  918] - --------------------------setting values-----------------------------
[INFO ][2016-01-21 17:17:21,948][com.java.SeleniumDriver] [  921] - Action Type : WAITFORELEMENT
[INFO ][2016-01-21 17:17:21,978][com.java.SeleniumDriver] [  930] -  RESULT true
[INFO ][2016-01-21 17:17:21,978][com.java.SeleniumDriver] [ 1136] - ?   P A S S   ?
[INFO ][2016-01-21 17:17:21,978][com.java.SeleniumDriver] [  856] - ------------------------------------------
[INFO ][2016-01-21 17:17:21,978][com.java.SeleniumDriver] [  857] - Test case being Executed: 4
[INFO ][2016-01-21 17:17:21,978][com.java.SeleniumDriver] [  869] - Test step:29
[INFO ][2016-01-21 17:17:21,978][com.java.SeleniumDriver] [  881] - Datavalue is----------null
[DEBUG][2016-01-21 17:17:21,978][com.java.SeleniumDriver] [  899] - Exception: null
[INFO ][2016-01-21 17:17:21,978][com.java.SeleniumDriver] [  905] - DataField : BTN//iframe[@id='frameDialogContent']
[INFO ][2016-01-21 17:17:21,978][com.java.SeleniumDriver] [  907] - DataValue : 
[INFO ][2016-01-21 17:17:21,978][com.java.SeleniumDriver] [  913] - <In Set values of the page>
[INFO ][2016-01-21 17:17:21,978][com.java.SeleniumDriver] [  916] - {Data Fields & Data Values Exist}
[INFO ][2016-01-21 17:17:21,978][com.java.SeleniumDriver] [  918] - --------------------------setting values-----------------------------
[INFO ][2016-01-21 17:17:21,978][com.java.SeleniumDriver] [  921] - Action Type : SELECTFRAME
[INFO ][2016-01-21 17:17:22,058][com.java.SeleniumDriver] [  930] -  RESULT true
[INFO ][2016-01-21 17:17:22,058][com.java.SeleniumDriver] [ 1136] - ?   P A S S   ?
[INFO ][2016-01-21 17:17:22,058][com.java.SeleniumDriver] [  856] - ------------------------------------------
[INFO ][2016-01-21 17:17:22,058][com.java.SeleniumDriver] [  857] - Test case being Executed: 4
[INFO ][2016-01-21 17:17:22,058][com.java.SeleniumDriver] [  869] - Test step:30
[INFO ][2016-01-21 17:17:22,058][com.java.SeleniumDriver] [  881] - Datavalue is----------5
[INFO ][2016-01-21 17:17:22,058][com.java.SeleniumDriver] [  905] - DataField : test
[INFO ][2016-01-21 17:17:22,058][com.java.SeleniumDriver] [  907] - DataValue : 5
[INFO ][2016-01-21 17:17:22,058][com.java.SeleniumDriver] [  913] - <In Set values of the page>
[INFO ][2016-01-21 17:17:22,058][com.java.SeleniumDriver] [  916] - {Data Fields & Data Values Exist}
[INFO ][2016-01-21 17:17:22,058][com.java.SeleniumDriver] [  918] - --------------------------setting values-----------------------------
[INFO ][2016-01-21 17:17:22,058][com.java.SeleniumDriver] [  921] - Action Type : WaitTime
[DEBUG][2016-01-21 17:17:22,058][com.java.TestType] [ 6189] - sleepTime: 5000
[INFO ][2016-01-21 17:17:27,058][com.java.SeleniumDriver] [  930] -  RESULT true
[INFO ][2016-01-21 17:17:27,058][com.java.SeleniumDriver] [ 1136] - ?   P A S S   ?
[INFO ][2016-01-21 17:17:27,058][com.java.SeleniumDriver] [  856] - ------------------------------------------
[INFO ][2016-01-21 17:17:27,058][com.java.SeleniumDriver] [  857] - Test case being Executed: 4
[INFO ][2016-01-21 17:17:27,058][com.java.SeleniumDriver] [  869] - Test step:31
[INFO ][2016-01-21 17:17:27,058][com.java.SeleniumDriver] [  881] - Datavalue is----------#_keys::< 100,000,000
[INFO ][2016-01-21 17:17:27,058][com.java.SeleniumDriver] [  905] - DataField : PVP//td[contains(text(),'mytext')]//following-sibling::td[1]
[INFO ][2016-01-21 17:17:27,058][com.java.SeleniumDriver] [  907] - DataValue : #_keys::< 100,000,000
[INFO ][2016-01-21 17:17:27,058][com.java.SeleniumDriver] [  913] - <In Set values of the page>
[INFO ][2016-01-21 17:17:27,058][com.java.SeleniumDriver] [  916] - {Data Fields & Data Values Exist}
[INFO ][2016-01-21 17:17:27,058][com.java.SeleniumDriver] [  918] - --------------------------setting values-----------------------------
[INFO ][2016-01-21 17:17:27,058][com.java.SeleniumDriver] [  921] - Action Type : verify
[INFO ][2016-01-21 17:17:27,058][com.java.TestType] [ 7965] - field= PVP//td[contains(text(),'mytext')]//following-sibling::td[1] value= #_keys::< 100,000,000
[INFO ][2016-01-21 17:17:27,058][com.java.TestType] [ 6375] - value = #_keys::< 100,000,000
[INFO ][2016-01-21 17:17:27,169][com.java.SeleniumDriver] [  930] -  RESULT true
[INFO ][2016-01-21 17:17:27,169][com.java.SeleniumDriver] [ 1136] - ?   P A S S   ?
[INFO ][2016-01-21 17:17:27,169][com.java.SeleniumDriver] [  856] - ------------------------------------------
[INFO ][2016-01-21 17:17:27,169][com.java.SeleniumDriver] [  857] - Test case being Executed: 4
[INFO ][2016-01-21 17:17:27,169][com.java.SeleniumDriver] [  869] - Test step:32
[INFO ][2016-01-21 17:17:27,169][com.java.SeleniumDriver] [  881] - Datavalue is----------null
[DEBUG][2016-01-21 17:17:27,169][com.java.SeleniumDriver] [  899] - Exception: null
[INFO ][2016-01-21 17:17:27,169][com.java.SeleniumDriver] [  905] - DataField : BTNparent
[INFO ][2016-01-21 17:17:27,169][com.java.SeleniumDriver] [  907] - DataValue : 
[INFO ][2016-01-21 17:17:27,169][com.java.SeleniumDriver] [  913] - <In Set values of the page>
[INFO ][2016-01-21 17:17:27,169][com.java.SeleniumDriver] [  916] - {Data Fields & Data Values Exist}
[INFO ][2016-01-21 17:17:27,169][com.java.SeleniumDriver] [  918] - --------------------------setting values-----------------------------
[INFO ][2016-01-21 17:17:27,169][com.java.SeleniumDriver] [  921] - Action Type : SELECTFRAME
[INFO ][2016-01-21 17:17:27,179][com.java.SeleniumDriver] [  930] -  RESULT true
[INFO ][2016-01-21 17:17:27,179][com.java.SeleniumDriver] [ 1136] - ?   P A S S   ?
[INFO ][2016-01-21 17:17:27,179][com.java.SeleniumDriver] [  856] - ------------------------------------------
[INFO ][2016-01-21 17:17:27,179][com.java.SeleniumDriver] [  857] - Test case being Executed: 4
[INFO ][2016-01-21 17:17:27,179][com.java.SeleniumDriver] [  869] - Test step:33
[INFO ][2016-01-21 17:17:27,179][com.java.SeleniumDriver] [  881] - Datavalue is----------5
[INFO ][2016-01-21 17:17:27,179][com.java.SeleniumDriver] [  905] - DataField : XPH//span[contains(text(),'Finished')]
[INFO ][2016-01-21 17:17:27,179][com.java.SeleniumDriver] [  907] - DataValue : 5
[INFO ][2016-01-21 17:17:27,179][com.java.SeleniumDriver] [  913] - <In Set values of the page>
[INFO ][2016-01-21 17:17:27,179][com.java.SeleniumDriver] [  916] - {Data Fields & Data Values Exist}
[INFO ][2016-01-21 17:17:27,179][com.java.SeleniumDriver] [  918] - --------------------------setting values-----------------------------
[INFO ][2016-01-21 17:17:27,179][com.java.SeleniumDriver] [  921] - Action Type : WAITFORELEMENT
[INFO ][2016-01-21 17:17:27,209][com.java.SeleniumDriver] [  930] -  RESULT true
[INFO ][2016-01-21 17:17:27,209][com.java.SeleniumDriver] [ 1136] - ?   P A S S   ?
[INFO ][2016-01-21 17:17:27,209][com.java.SeleniumDriver] [  856] - ------------------------------------------
[INFO ][2016-01-21 17:17:27,209][com.java.SeleniumDriver] [  857] - Test case being Executed: 4
[INFO ][2016-01-21 17:17:27,209][com.java.SeleniumDriver] [  869] - Test step:34
[INFO ][2016-01-21 17:17:27,209][com.java.SeleniumDriver] [  881] - Datavalue is----------null
[DEBUG][2016-01-21 17:17:27,209][com.java.SeleniumDriver] [  899] - Exception: null
[INFO ][2016-01-21 17:17:27,209][com.java.SeleniumDriver] [  905] - DataField : HDN//span[contains(text(),'Finished')]
[INFO ][2016-01-21 17:17:27,209][com.java.SeleniumDriver] [  907] - DataValue : 
[INFO ][2016-01-21 17:17:27,209][com.java.SeleniumDriver] [  913] - <In Set values of the page>
[INFO ][2016-01-21 17:17:27,209][com.java.SeleniumDriver] [  916] - {Data Fields & Data Values Exist}
[INFO ][2016-01-21 17:17:27,209][com.java.SeleniumDriver] [  918] - --------------------------setting values-----------------------------
[INFO ][2016-01-21 17:17:27,209][com.java.SeleniumDriver] [  921] - Action Type : CLICK
[INFO ][2016-01-21 17:17:27,209][com.java.TestType] [ 6754] - Field ::HDN//span[contains(text(),'Finished')]
[INFO ][2016-01-21 17:17:27,209][com.java.TestType] [ 6375] - value = 
[INFO ][2016-01-21 17:17:28,340][com.java.SeleniumDriver] [  930] -  RESULT true
[INFO ][2016-01-21 17:17:28,340][com.java.SeleniumDriver] [ 1136] - ?   P A S S   ?
[INFO ][2016-01-21 17:17:28,340][com.java.SeleniumDriver] [  856] - ------------------------------------------
[INFO ][2016-01-21 17:17:28,340][com.java.SeleniumDriver] [  857] - Test case being Executed: 4
[INFO ][2016-01-21 17:17:28,340][com.java.SeleniumDriver] [  869] - Test step:35
[INFO ][2016-01-21 17:17:28,340][com.java.SeleniumDriver] [  881] - Datavalue is----------10
[INFO ][2016-01-21 17:17:28,340][com.java.SeleniumDriver] [  905] - DataField : DSP//div[@class='widgetBody']//tr[last()]
[INFO ][2016-01-21 17:17:28,340][com.java.SeleniumDriver] [  907] - DataValue : 10
[INFO ][2016-01-21 17:17:28,340][com.java.SeleniumDriver] [  913] - <In Set values of the page>
[INFO ][2016-01-21 17:17:28,340][com.java.SeleniumDriver] [  916] - {Data Fields & Data Values Exist}
[INFO ][2016-01-21 17:17:28,340][com.java.SeleniumDriver] [  918] - --------------------------setting values-----------------------------
[INFO ][2016-01-21 17:17:28,340][com.java.SeleniumDriver] [  921] - Action Type : WaitForElement
[INFO ][2016-01-21 17:17:28,500][com.java.SeleniumDriver] [  930] -  RESULT true
[INFO ][2016-01-21 17:17:28,500][com.java.SeleniumDriver] [ 1136] - ?   P A S S   ?
[INFO ][2016-01-21 17:17:28,500][com.java.SeleniumDriver] [  856] - ------------------------------------------
[INFO ][2016-01-21 17:17:28,500][com.java.SeleniumDriver] [  857] - Test case being Executed: 4
[INFO ][2016-01-21 17:17:28,500][com.java.SeleniumDriver] [  869] - Test step:36
[INFO ][2016-01-21 17:17:28,500][com.java.SeleniumDriver] [  881] - Datavalue is----------HMV#_keys
[INFO ][2016-01-21 17:17:28,500][com.java.SeleniumDriver] [  905] - DataField : MSG
[INFO ][2016-01-21 17:17:28,500][com.java.SeleniumDriver] [  907] - DataValue : HMV#_keys
[INFO ][2016-01-21 17:17:28,500][com.java.SeleniumDriver] [  913] - <In Set values of the page>
[INFO ][2016-01-21 17:17:28,500][com.java.SeleniumDriver] [  916] - {Data Fields & Data Values Exist}
[INFO ][2016-01-21 17:17:28,500][com.java.SeleniumDriver] [  918] - --------------------------setting values-----------------------------
[INFO ][2016-01-21 17:17:28,500][com.java.SeleniumDriver] [  921] - Action Type : verify
[INFO ][2016-01-21 17:17:28,500][com.java.TestType] [ 7965] - field= MSG value= HMV#_keys
[INFO ][2016-01-21 17:17:28,500][com.java.TestType] [ 6375] - value = #_CAL51284
[DEBUG][2016-01-21 17:17:28,500][com.java.TestType] [ 8795] - value :: #_CAL51284
[INFO ][2016-01-21 17:17:28,560][com.java.SeleniumDriver] [  930] -  RESULT true
[INFO ][2016-01-21 17:17:28,560][com.java.SeleniumDriver] [ 1136] - ?   P A S S   ?
[INFO ][2016-01-21 17:17:28,560][com.java.SeleniumDriver] [  856] - ------------------------------------------
[INFO ][2016-01-21 17:17:28,560][com.java.SeleniumDriver] [  857] - Test case being Executed: 4
[INFO ][2016-01-21 17:17:28,560][com.java.SeleniumDriver] [  869] - Test step:37
[INFO ][2016-01-21 17:17:28,560][com.java.SeleniumDriver] [  881] - Datavalue is----------5
[INFO ][2016-01-21 17:17:28,560][com.java.SeleniumDriver] [  905] - DataField : test
[INFO ][2016-01-21 17:17:28,560][com.java.SeleniumDriver] [  907] - DataValue : 5
[INFO ][2016-01-21 17:17:28,560][com.java.SeleniumDriver] [  913] - <In Set values of the page>
[INFO ][2016-01-21 17:17:28,560][com.java.SeleniumDriver] [  916] - {Data Fields & Data Values Exist}
[INFO ][2016-01-21 17:17:28,560][com.java.SeleniumDriver] [  918] - --------------------------setting values-----------------------------
[INFO ][2016-01-21 17:17:28,560][com.java.SeleniumDriver] [  921] - Action Type : WaitTime
[DEBUG][2016-01-21 17:17:28,560][com.java.TestType] [ 6189] - sleepTime: 5000
[INFO ][2016-01-21 17:17:33,563][com.java.SeleniumDriver] [  930] -  RESULT true
[INFO ][2016-01-21 17:17:33,563][com.java.SeleniumDriver] [ 1136] - ?   P A S S   ?
[INFO ][2016-01-21 17:17:33,563][com.java.SeleniumDriver] [  856] - ------------------------------------------
[INFO ][2016-01-21 17:17:33,563][com.java.SeleniumDriver] [  857] - Test case being Executed: 4
[INFO ][2016-01-21 17:17:33,563][com.java.SeleniumDriver] [  869] - Test step:38
[INFO ][2016-01-21 17:17:33,563][com.java.SeleniumDriver] [  881] - Datavalue is----------Concept#8:1-13
[INFO ][2016-01-21 17:17:33,563][com.java.SeleniumDriver] [  905] - DataField : test
[INFO ][2016-01-21 17:17:33,563][com.java.SeleniumDriver] [  907] - DataValue : Concept#8:1-13
[INFO ][2016-01-21 17:17:33,563][com.java.SeleniumDriver] [  913] - <In Set values of the page>
[INFO ][2016-01-21 17:17:33,563][com.java.SeleniumDriver] [  916] - {Data Fields & Data Values Exist}
[INFO ][2016-01-21 17:17:33,563][com.java.SeleniumDriver] [  918] - --------------------------setting values-----------------------------
[INFO ][2016-01-21 17:17:33,563][com.java.SeleniumDriver] [  921] - Action Type : ExecuteTestCase
[INFO ][2016-01-21 17:17:33,563][com.java.TestType] [  442] - The Concept sheet name is ---------- Concept
[INFO ][2016-01-21 17:17:33,563][com.java.TestType] [  445] - The Concept ID  is ---------- 8
[DEBUG][2016-01-21 17:17:33,563][com.java.TestType] [  449] - Steps being executted in the Concept are: 1:13
[INFO ][2016-01-21 17:17:33,563][com.java.TestType] [  456] - Test data details path ---------- D:\BankersDashboard\TestInputs\TestData.xls
[INFO ][2016-01-21 17:17:34,154][com.java.TestType] [  487] -  str(1) = 8
[INFO ][2016-01-21 17:17:34,154][com.java.TestType] [  490] - Test case Id is---8
[INFO ][2016-01-21 17:17:34,154][com.java.TestType] [  492] - 8
[INFO ][2016-01-21 17:17:34,154][com.java.TestType] [  487] -  str(2) = 1
[INFO ][2016-01-21 17:17:34,154][com.java.TestType] [  487] -  str(1) = 8
[INFO ][2016-01-21 17:17:34,154][com.java.TestType] [  490] - Test case Id is---8
[INFO ][2016-01-21 17:17:34,154][com.java.TestType] [  492] - 8
[INFO ][2016-01-21 17:17:34,154][com.java.TestType] [  487] -  str(2) = 2
[INFO ][2016-01-21 17:17:34,154][com.java.TestType] [  487] -  str(1) = 8
[INFO ][2016-01-21 17:17:34,154][com.java.TestType] [  490] - Test case Id is---8
[INFO ][2016-01-21 17:17:34,154][com.java.TestType] [  492] - 8
[INFO ][2016-01-21 17:17:34,154][com.java.TestType] [  487] -  str(2) = 3
[INFO ][2016-01-21 17:17:34,164][com.java.TestType] [  487] -  str(1) = 8
[INFO ][2016-01-21 17:17:34,164][com.java.TestType] [  490] - Test case Id is---8
[INFO ][2016-01-21 17:17:34,164][com.java.TestType] [  492] - 8
[INFO ][2016-01-21 17:17:34,164][com.java.TestType] [  487] -  str(2) = 4
[INFO ][2016-01-21 17:17:34,164][com.java.TestType] [  487] -  str(1) = 8
[INFO ][2016-01-21 17:17:34,164][com.java.TestType] [  490] - Test case Id is---8
[INFO ][2016-01-21 17:17:34,164][com.java.TestType] [  492] - 8
[INFO ][2016-01-21 17:17:34,164][com.java.TestType] [  487] -  str(2) = 5
[INFO ][2016-01-21 17:17:34,164][com.java.TestType] [  487] -  str(1) = 8
[INFO ][2016-01-21 17:17:34,164][com.java.TestType] [  490] - Test case Id is---8
[INFO ][2016-01-21 17:17:34,164][com.java.TestType] [  492] - 8
[INFO ][2016-01-21 17:17:34,164][com.java.TestType] [  487] -  str(2) = 6
[INFO ][2016-01-21 17:17:34,164][com.java.TestType] [  487] -  str(1) = 8
[INFO ][2016-01-21 17:17:34,164][com.java.TestType] [  490] - Test case Id is---8
[INFO ][2016-01-21 17:17:34,164][com.java.TestType] [  492] - 8
[INFO ][2016-01-21 17:17:34,164][com.java.TestType] [  487] -  str(2) = 7
[INFO ][2016-01-21 17:17:34,164][com.java.TestType] [  487] -  str(1) = 8
[INFO ][2016-01-21 17:17:34,164][com.java.TestType] [  490] - Test case Id is---8
[INFO ][2016-01-21 17:17:34,164][com.java.TestType] [  492] - 8
[INFO ][2016-01-21 17:17:34,164][com.java.TestType] [  487] -  str(2) = 8
[INFO ][2016-01-21 17:17:34,164][com.java.TestType] [  487] -  str(1) = 8
[INFO ][2016-01-21 17:17:34,164][com.java.TestType] [  490] - Test case Id is---8
[INFO ][2016-01-21 17:17:34,164][com.java.TestType] [  492] - 8
[INFO ][2016-01-21 17:17:34,164][com.java.TestType] [  487] -  str(2) = 9
[INFO ][2016-01-21 17:17:34,164][com.java.TestType] [  487] -  str(1) = 8
[INFO ][2016-01-21 17:17:34,164][com.java.TestType] [  490] - Test case Id is---8
[INFO ][2016-01-21 17:17:34,164][com.java.TestType] [  492] - 8
[INFO ][2016-01-21 17:17:34,164][com.java.TestType] [  487] -  str(2) = 10
[INFO ][2016-01-21 17:17:34,164][com.java.TestType] [  487] -  str(1) = 8
[INFO ][2016-01-21 17:17:34,164][com.java.TestType] [  490] - Test case Id is---8
[INFO ][2016-01-21 17:17:34,164][com.java.TestType] [  492] - 8
[INFO ][2016-01-21 17:17:34,164][com.java.TestType] [  487] -  str(2) = 11
[INFO ][2016-01-21 17:17:34,164][com.java.TestType] [  487] -  str(1) = 8
[INFO ][2016-01-21 17:17:34,164][com.java.TestType] [  490] - Test case Id is---8
[INFO ][2016-01-21 17:17:34,164][com.java.TestType] [  492] - 8
[INFO ][2016-01-21 17:17:34,164][com.java.TestType] [  487] -  str(2) = 12
[INFO ][2016-01-21 17:17:34,164][com.java.TestType] [  487] -  str(1) = 8
[INFO ][2016-01-21 17:17:34,164][com.java.TestType] [  490] - Test case Id is---8
[INFO ][2016-01-21 17:17:34,164][com.java.TestType] [  492] - 8
[INFO ][2016-01-21 17:17:34,164][com.java.TestType] [  487] -  str(2) = 13
[INFO ][2016-01-21 17:17:34,164][com.java.TestType] [  487] -  str(1) = 8
[INFO ][2016-01-21 17:17:34,164][com.java.TestType] [  490] - Test case Id is---8
[INFO ][2016-01-21 17:17:34,164][com.java.TestType] [  492] - 8
[INFO ][2016-01-21 17:17:34,164][com.java.TestType] [  487] -  str(2) = 14
[INFO ][2016-01-21 17:17:34,164][com.java.TestType] [11632] - Looping 1TCID = 8
[DEBUG][2016-01-21 17:17:34,164][com.java.TestType] [11673] - Concept ID:8 :: Step being Executed: 8::1
[ERROR][2016-01-21 17:17:34,164][com.java.TestType] [11706] - Exception: null
[INFO ][2016-01-21 17:17:34,164][com.java.TestType] [11711] - dataFields : BTNparent
[DEBUG][2016-01-21 17:17:34,174][com.java.TestType] [11717] - <In Set values of the page>
[DEBUG][2016-01-21 17:17:34,174][com.java.TestType] [11722] - {Data Fields & Data Values Exist}
[INFO ][2016-01-21 17:17:34,174][com.java.TestType] [11728] - --------------------------setting values-----------------------------
[INFO ][2016-01-21 17:17:34,174][com.java.TestType] [11731] - Action Type : SELECTFRAME
[INFO ][2016-01-21 17:17:34,184][com.java.TestType] [11750] -  RESULT true
[INFO ][2016-01-21 17:17:34,184][com.java.TestType] [11867] - ?   P A S S   ?
[DEBUG][2016-01-21 17:17:34,184][com.java.TestType] [11673] - Concept ID:8 :: Step being Executed: 8::2
[INFO ][2016-01-21 17:17:34,184][com.java.TestType] [11711] - dataFields : test
[DEBUG][2016-01-21 17:17:34,184][com.java.TestType] [11717] - <In Set values of the page>
[DEBUG][2016-01-21 17:17:34,184][com.java.TestType] [11722] - {Data Fields & Data Values Exist}
[INFO ][2016-01-21 17:17:34,184][com.java.TestType] [11728] - --------------------------setting values-----------------------------
[INFO ][2016-01-21 17:17:34,184][com.java.TestType] [11731] - Action Type : OPENURL
[INFO ][2016-01-21 17:17:34,184][com.java.TestType] [ 6375] - value = https://clients-xuat.bankersdashboard.com
[INFO ][2016-01-21 17:17:34,184][com.java.TestType] [  358] - Open URL : https://clients-xuat.bankersdashboard.com
[INFO ][2016-01-21 17:17:36,681][com.java.TestType] [11750] -  RESULT true
[INFO ][2016-01-21 17:17:36,681][com.java.TestType] [11867] - ?   P A S S   ?
[DEBUG][2016-01-21 17:17:36,681][com.java.TestType] [11673] - Concept ID:8 :: Step being Executed: 8::3
[ERROR][2016-01-21 17:17:36,681][com.java.TestType] [11706] - Exception: null
[INFO ][2016-01-21 17:17:36,681][com.java.TestType] [11711] - dataFields : //span[@class='icon-cog2']&&//ul[@id='Settings']/li/a&&//ul[@id='Customize']/li/a
[DEBUG][2016-01-21 17:17:36,681][com.java.TestType] [11717] - <In Set values of the page>
[DEBUG][2016-01-21 17:17:36,681][com.java.TestType] [11722] - {Data Fields & Data Values Exist}
[INFO ][2016-01-21 17:17:36,681][com.java.TestType] [11728] - --------------------------setting values-----------------------------
[INFO ][2016-01-21 17:17:36,681][com.java.TestType] [11731] - Action Type : MOUSEOVER
[INFO ][2016-01-21 17:18:03,634][com.java.TestType] [11750] -  RESULT true
[INFO ][2016-01-21 17:18:03,634][com.java.TestType] [11867] - ?   P A S S   ?
[DEBUG][2016-01-21 17:18:03,634][com.java.TestType] [11673] - Concept ID:8 :: Step being Executed: 8::4
[INFO ][2016-01-21 17:18:03,634][com.java.TestType] [11711] - dataFields : XPH//span[@class='ui-dialog-title']
[DEBUG][2016-01-21 17:18:03,634][com.java.TestType] [11717] - <In Set values of the page>
[DEBUG][2016-01-21 17:18:03,634][com.java.TestType] [11722] - {Data Fields & Data Values Exist}
[INFO ][2016-01-21 17:18:03,634][com.java.TestType] [11728] - --------------------------setting values-----------------------------
[INFO ][2016-01-21 17:18:03,634][com.java.TestType] [11731] - Action Type : Verify
[INFO ][2016-01-21 17:18:03,634][com.java.TestType] [ 7965] - field= XPH//span[@class='ui-dialog-title'] value= My Dashboard Indicators
[INFO ][2016-01-21 17:18:03,634][com.java.TestType] [ 6375] - value = My Dashboard Indicators
[INFO ][2016-01-21 17:18:03,745][com.java.TestType] [11750] -  RESULT true
[INFO ][2016-01-21 17:18:03,745][com.java.TestType] [11867] - ?   P A S S   ?
[DEBUG][2016-01-21 17:18:03,745][com.java.TestType] [11673] - Concept ID:8 :: Step being Executed: 8::5
[ERROR][2016-01-21 17:18:03,745][com.java.TestType] [11706] - Exception: null
[INFO ][2016-01-21 17:18:03,745][com.java.TestType] [11711] - dataFields : BTNframeDialogContent
[DEBUG][2016-01-21 17:18:03,745][com.java.TestType] [11717] - <In Set values of the page>
[DEBUG][2016-01-21 17:18:03,745][com.java.TestType] [11722] - {Data Fields & Data Values Exist}
[INFO ][2016-01-21 17:18:03,745][com.java.TestType] [11728] - --------------------------setting values-----------------------------
[INFO ][2016-01-21 17:18:03,745][com.java.TestType] [11731] - Action Type : selectframe
[INFO ][2016-01-21 17:18:04,986][com.java.TestType] [11750] -  RESULT true
[INFO ][2016-01-21 17:18:04,986][com.java.TestType] [11867] - ?   P A S S   ?
[DEBUG][2016-01-21 17:18:04,986][com.java.TestType] [11673] - Concept ID:8 :: Step being Executed: 8::6
[INFO ][2016-01-21 17:18:04,986][com.java.TestType] [11711] - dataFields : RCC//td[contains(text(),'mytext')]/following-sibling::td[7]//span[@class="glyphicon glyphicon-remove"]
[DEBUG][2016-01-21 17:18:04,986][com.java.TestType] [11717] - <In Set values of the page>
[DEBUG][2016-01-21 17:18:04,986][com.java.TestType] [11722] - {Data Fields & Data Values Exist}
[INFO ][2016-01-21 17:18:04,986][com.java.TestType] [11728] - --------------------------setting values-----------------------------
[INFO ][2016-01-21 17:18:04,986][com.java.TestType] [11731] - Action Type : CLICKWITHALERT
[INFO ][2016-01-21 17:18:15,459][com.java.TestType] [11750] -  RESULT true
[INFO ][2016-01-21 17:18:15,459][com.java.TestType] [11867] - ?   P A S S   ?
[DEBUG][2016-01-21 17:18:15,459][com.java.TestType] [11673] - Concept ID:8 :: Step being Executed: 8::8
[INFO ][2016-01-21 17:18:15,459][com.java.TestType] [11711] - dataFields : null
[DEBUG][2016-01-21 17:18:15,459][com.java.TestType] [11717] - <In Set values of the page>
[INFO ][2016-01-21 17:18:15,459][com.java.TestType] [11867] - ?   P A S S   ?
[DEBUG][2016-01-21 17:18:15,459][com.java.TestType] [11673] - Concept ID:8 :: Step being Executed: 8::9
[ERROR][2016-01-21 17:18:15,459][com.java.TestType] [11706] - Exception: null
[INFO ][2016-01-21 17:18:15,459][com.java.TestType] [11711] - dataFields : BTNparent
[DEBUG][2016-01-21 17:18:15,459][com.java.TestType] [11717] - <In Set values of the page>
[DEBUG][2016-01-21 17:18:15,459][com.java.TestType] [11722] - {Data Fields & Data Values Exist}
[INFO ][2016-01-21 17:18:15,459][com.java.TestType] [11728] - --------------------------setting values-----------------------------
[INFO ][2016-01-21 17:18:15,459][com.java.TestType] [11731] - Action Type : SELECTFRAME
[INFO ][2016-01-21 17:18:15,460][com.java.TestType] [11750] -  RESULT true
[INFO ][2016-01-21 17:18:15,460][com.java.TestType] [11867] - ?   P A S S   ?
[DEBUG][2016-01-21 17:18:15,460][com.java.TestType] [11673] - Concept ID:8 :: Step being Executed: 8::10
[INFO ][2016-01-21 17:18:15,460][com.java.TestType] [11711] - dataFields : XPH//span[contains(text(),'Finished')]
[DEBUG][2016-01-21 17:18:15,460][com.java.TestType] [11717] - <In Set values of the page>
[DEBUG][2016-01-21 17:18:15,460][com.java.TestType] [11722] - {Data Fields & Data Values Exist}
[INFO ][2016-01-21 17:18:15,460][com.java.TestType] [11728] - --------------------------setting values-----------------------------
[INFO ][2016-01-21 17:18:15,460][com.java.TestType] [11731] - Action Type : WAITFORELEMENT
[INFO ][2016-01-21 17:18:15,510][com.java.TestType] [11750] -  RESULT true
[INFO ][2016-01-21 17:18:15,510][com.java.TestType] [11867] - ?   P A S S   ?
[DEBUG][2016-01-21 17:18:15,510][com.java.TestType] [11673] - Concept ID:8 :: Step being Executed: 8::11
[ERROR][2016-01-21 17:18:15,510][com.java.TestType] [11706] - Exception: null
[INFO ][2016-01-21 17:18:15,510][com.java.TestType] [11711] - dataFields : HDN//span[contains(text(),'Finished')]
[DEBUG][2016-01-21 17:18:15,510][com.java.TestType] [11717] - <In Set values of the page>
[DEBUG][2016-01-21 17:18:15,510][com.java.TestType] [11722] - {Data Fields & Data Values Exist}
[INFO ][2016-01-21 17:18:15,510][com.java.TestType] [11728] - --------------------------setting values-----------------------------
[INFO ][2016-01-21 17:18:15,510][com.java.TestType] [11731] - Action Type : click
[INFO ][2016-01-21 17:18:15,510][com.java.TestType] [ 6754] - Field ::HDN//span[contains(text(),'Finished')]
[INFO ][2016-01-21 17:18:15,510][com.java.TestType] [ 6375] - value = 
[INFO ][2016-01-21 17:18:16,651][com.java.TestType] [11750] -  RESULT true
[INFO ][2016-01-21 17:18:16,651][com.java.TestType] [11867] - ?   P A S S   ?
[DEBUG][2016-01-21 17:18:16,651][com.java.TestType] [11673] - Concept ID:8 :: Step being Executed: 8::12
[INFO ][2016-01-21 17:18:16,651][com.java.TestType] [11711] - dataFields : XPH//div[@class="widgetBody"]//tr[last()-1]
[DEBUG][2016-01-21 17:18:16,651][com.java.TestType] [11717] - <In Set values of the page>
[DEBUG][2016-01-21 17:18:16,651][com.java.TestType] [11722] - {Data Fields & Data Values Exist}
[INFO ][2016-01-21 17:18:16,651][com.java.TestType] [11728] - --------------------------setting values-----------------------------
[INFO ][2016-01-21 17:18:16,651][com.java.TestType] [11731] - Action Type : WAITFORELEMENT
[INFO ][2016-01-21 17:18:16,691][com.java.TestType] [11750] -  RESULT true
[INFO ][2016-01-21 17:18:16,691][com.java.TestType] [11867] - ?   P A S S   ?
[DEBUG][2016-01-21 17:18:16,691][com.java.TestType] [11673] - Concept ID:8 :: Step being Executed: 8::13
[INFO ][2016-01-21 17:18:16,691][com.java.TestType] [11711] - dataFields : BTN
[DEBUG][2016-01-21 17:18:16,691][com.java.TestType] [11717] - <In Set values of the page>
[DEBUG][2016-01-21 17:18:16,691][com.java.TestType] [11722] - {Data Fields & Data Values Exist}
[INFO ][2016-01-21 17:18:16,691][com.java.TestType] [11728] - --------------------------setting values-----------------------------
[INFO ][2016-01-21 17:18:16,691][com.java.TestType] [11731] - Action Type : Verify
[INFO ][2016-01-21 17:18:16,691][com.java.TestType] [ 7965] - field= BTN value= //div[contains(text(), 'My Dashboard')]
[INFO ][2016-01-21 17:18:16,691][com.java.TestType] [ 6375] - value = //div[contains(text(), 'My Dashboard')]
[INFO ][2016-01-21 17:18:16,751][com.java.TestType] [11750] -  RESULT true
[INFO ][2016-01-21 17:18:16,751][com.java.TestType] [11867] - ?   P A S S   ?
[INFO ][2016-01-21 17:18:16,751][com.java.TestType] [11938] - Looping End......
[INFO ][2016-01-21 17:18:16,751][com.java.SeleniumDriver] [  930] -  RESULT true
[INFO ][2016-01-21 17:18:16,751][com.java.SeleniumDriver] [ 1136] - ?   P A S S   ?
[INFO ][2016-01-21 17:18:16,751][com.java.SeleniumDriver] [  856] - ------------------------------------------
[INFO ][2016-01-21 17:18:16,751][com.java.SeleniumDriver] [  857] - Test case being Executed: 4
[INFO ][2016-01-21 17:18:16,751][com.java.SeleniumDriver] [  869] - Test step:39
[INFO ][2016-01-21 17:18:16,751][com.java.SeleniumDriver] [  881] - Datavalue is----------Concept#9:1-25
[INFO ][2016-01-21 17:18:16,751][com.java.SeleniumDriver] [  905] - DataField : test
[INFO ][2016-01-21 17:18:16,751][com.java.SeleniumDriver] [  907] - DataValue : Concept#9:1-25
[INFO ][2016-01-21 17:18:16,751][com.java.SeleniumDriver] [  913] - <In Set values of the page>
[INFO ][2016-01-21 17:18:16,751][com.java.SeleniumDriver] [  916] - {Data Fields & Data Values Exist}
[INFO ][2016-01-21 17:18:16,751][com.java.SeleniumDriver] [  918] - --------------------------setting values-----------------------------
[INFO ][2016-01-21 17:18:16,751][com.java.SeleniumDriver] [  921] - Action Type : ExecuteTestCase
[INFO ][2016-01-21 17:18:16,751][com.java.TestType] [  442] - The Concept sheet name is ---------- Concept
[INFO ][2016-01-21 17:18:16,751][com.java.TestType] [  445] - The Concept ID  is ---------- 9
[DEBUG][2016-01-21 17:18:16,751][com.java.TestType] [  449] - Steps being executted in the Concept are: 1:25
[INFO ][2016-01-21 17:18:16,751][com.java.TestType] [  456] - Test data details path ---------- D:\BankersDashboard\TestInputs\TestData.xls
[INFO ][2016-01-21 17:18:17,376][com.java.TestType] [  487] -  str(1) = 9
[INFO ][2016-01-21 17:18:17,376][com.java.TestType] [  490] - Test case Id is---9
[INFO ][2016-01-21 17:18:17,376][com.java.TestType] [  492] - 9
[INFO ][2016-01-21 17:18:17,376][com.java.TestType] [  487] -  str(2) = 1
[INFO ][2016-01-21 17:18:17,386][com.java.TestType] [  487] -  str(1) = 9
[INFO ][2016-01-21 17:18:17,386][com.java.TestType] [  490] - Test case Id is---9
[INFO ][2016-01-21 17:18:17,386][com.java.TestType] [  492] - 9
[INFO ][2016-01-21 17:18:17,386][com.java.TestType] [  487] -  str(2) = 2
[INFO ][2016-01-21 17:18:17,386][com.java.TestType] [  487] -  str(1) = 9
[INFO ][2016-01-21 17:18:17,386][com.java.TestType] [  490] - Test case Id is---9
[INFO ][2016-01-21 17:18:17,386][com.java.TestType] [  492] - 9
[INFO ][2016-01-21 17:18:17,386][com.java.TestType] [  487] -  str(2) = 3
[INFO ][2016-01-21 17:18:17,386][com.java.TestType] [  487] -  str(1) = 9
[INFO ][2016-01-21 17:18:17,386][com.java.TestType] [  490] - Test case Id is---9
[INFO ][2016-01-21 17:18:17,386][com.java.TestType] [  492] - 9
[INFO ][2016-01-21 17:18:17,386][com.java.TestType] [  487] -  str(2) = 4
[INFO ][2016-01-21 17:18:17,386][com.java.TestType] [  487] -  str(1) = 9
[INFO ][2016-01-21 17:18:17,386][com.java.TestType] [  490] - Test case Id is---9
[INFO ][2016-01-21 17:18:17,386][com.java.TestType] [  492] - 9
[INFO ][2016-01-21 17:18:17,386][com.java.TestType] [  487] -  str(2) = 5
[INFO ][2016-01-21 17:18:17,386][com.java.TestType] [  487] -  str(1) = 9
[INFO ][2016-01-21 17:18:17,386][com.java.TestType] [  490] - Test case Id is---9
[INFO ][2016-01-21 17:18:17,386][com.java.TestType] [  492] - 9
[INFO ][2016-01-21 17:18:17,386][com.java.TestType] [  487] -  str(2) = 6
[INFO ][2016-01-21 17:18:17,386][com.java.TestType] [  487] -  str(1) = 9
[INFO ][2016-01-21 17:18:17,386][com.java.TestType] [  490] - Test case Id is---9
[INFO ][2016-01-21 17:18:17,386][com.java.TestType] [  492] - 9
[INFO ][2016-01-21 17:18:17,386][com.java.TestType] [  487] -  str(2) = 7
[INFO ][2016-01-21 17:18:17,386][com.java.TestType] [  487] -  str(1) = 9
[INFO ][2016-01-21 17:18:17,386][com.java.TestType] [  490] - Test case Id is---9
[INFO ][2016-01-21 17:18:17,386][com.java.TestType] [  492] - 9
[INFO ][2016-01-21 17:18:17,386][com.java.TestType] [  487] -  str(2) = 8
[INFO ][2016-01-21 17:18:17,386][com.java.TestType] [  487] -  str(1) = 9
[INFO ][2016-01-21 17:18:17,386][com.java.TestType] [  490] - Test case Id is---9
[INFO ][2016-01-21 17:18:17,386][com.java.TestType] [  492] - 9
[INFO ][2016-01-21 17:18:17,386][com.java.TestType] [  487] -  str(2) = 9
[INFO ][2016-01-21 17:18:17,386][com.java.TestType] [  487] -  str(1) = 9
[INFO ][2016-01-21 17:18:17,386][com.java.TestType] [  490] - Test case Id is---9
[INFO ][2016-01-21 17:18:17,386][com.java.TestType] [  492] - 9
[INFO ][2016-01-21 17:18:17,386][com.java.TestType] [  487] -  str(2) = 10
[INFO ][2016-01-21 17:18:17,386][com.java.TestType] [  487] -  str(1) = 9
[INFO ][2016-01-21 17:18:17,386][com.java.TestType] [  490] - Test case Id is---9
[INFO ][2016-01-21 17:18:17,386][com.java.TestType] [  492] - 9
[INFO ][2016-01-21 17:18:17,386][com.java.TestType] [  487] -  str(2) = 11
[INFO ][2016-01-21 17:18:17,386][com.java.TestType] [  487] -  str(1) = 9
[INFO ][2016-01-21 17:18:17,386][com.java.TestType] [  490] - Test case Id is---9
[INFO ][2016-01-21 17:18:17,386][com.java.TestType] [  492] - 9
[INFO ][2016-01-21 17:18:17,386][com.java.TestType] [  487] -  str(2) = 12
[INFO ][2016-01-21 17:18:17,396][com.java.TestType] [  487] -  str(1) = 9
[INFO ][2016-01-21 17:18:17,396][com.java.TestType] [  490] - Test case Id is---9
[INFO ][2016-01-21 17:18:17,396][com.java.TestType] [  492] - 9
[INFO ][2016-01-21 17:18:17,396][com.java.TestType] [  487] -  str(2) = 13
[INFO ][2016-01-21 17:18:17,396][com.java.TestType] [  487] -  str(1) = 9
[INFO ][2016-01-21 17:18:17,396][com.java.TestType] [  490] - Test case Id is---9
[INFO ][2016-01-21 17:18:17,396][com.java.TestType] [  492] - 9
[INFO ][2016-01-21 17:18:17,396][com.java.TestType] [  487] -  str(2) = 14
[INFO ][2016-01-21 17:18:17,396][com.java.TestType] [  487] -  str(1) = 9
[INFO ][2016-01-21 17:18:17,396][com.java.TestType] [  490] - Test case Id is---9
[INFO ][2016-01-21 17:18:17,396][com.java.TestType] [  492] - 9
[INFO ][2016-01-21 17:18:17,396][com.java.TestType] [  487] -  str(2) = 15
[INFO ][2016-01-21 17:18:17,396][com.java.TestType] [  487] -  str(1) = 9
[INFO ][2016-01-21 17:18:17,396][com.java.TestType] [  490] - Test case Id is---9
[INFO ][2016-01-21 17:18:17,396][com.java.TestType] [  492] - 9
[INFO ][2016-01-21 17:18:17,396][com.java.TestType] [  487] -  str(2) = 16
[INFO ][2016-01-21 17:18:17,396][com.java.TestType] [  487] -  str(1) = 9
[INFO ][2016-01-21 17:18:17,396][com.java.TestType] [  490] - Test case Id is---9
[INFO ][2016-01-21 17:18:17,396][com.java.TestType] [  492] - 9
[INFO ][2016-01-21 17:18:17,396][com.java.TestType] [  487] -  str(2) = 17
[INFO ][2016-01-21 17:18:17,396][com.java.TestType] [  487] -  str(1) = 9
[INFO ][2016-01-21 17:18:17,396][com.java.TestType] [  490] - Test case Id is---9
[INFO ][2016-01-21 17:18:17,396][com.java.TestType] [  492] - 9
[INFO ][2016-01-21 17:18:17,396][com.java.TestType] [  487] -  str(2) = 18
[INFO ][2016-01-21 17:18:17,396][com.java.TestType] [  487] -  str(1) = 9
[INFO ][2016-01-21 17:18:17,396][com.java.TestType] [  490] - Test case Id is---9
[INFO ][2016-01-21 17:18:17,396][com.java.TestType] [  492] - 9
[INFO ][2016-01-21 17:18:17,396][com.java.TestType] [  487] -  str(2) = 19
[INFO ][2016-01-21 17:18:17,396][com.java.TestType] [  487] -  str(1) = 9
[INFO ][2016-01-21 17:18:17,396][com.java.TestType] [  490] - Test case Id is---9
[INFO ][2016-01-21 17:18:17,396][com.java.TestType] [  492] - 9
[INFO ][2016-01-21 17:18:17,396][com.java.TestType] [  487] -  str(2) = 20
[INFO ][2016-01-21 17:18:17,396][com.java.TestType] [  487] -  str(1) = 9
[INFO ][2016-01-21 17:18:17,396][com.java.TestType] [  490] - Test case Id is---9
[INFO ][2016-01-21 17:18:17,396][com.java.TestType] [  492] - 9
[INFO ][2016-01-21 17:18:17,396][com.java.TestType] [  487] -  str(2) = 21
[INFO ][2016-01-21 17:18:17,396][com.java.TestType] [  487] -  str(1) = 9
[INFO ][2016-01-21 17:18:17,396][com.java.TestType] [  490] - Test case Id is---9
[INFO ][2016-01-21 17:18:17,396][com.java.TestType] [  492] - 9
[INFO ][2016-01-21 17:18:17,396][com.java.TestType] [  487] -  str(2) = 22
[INFO ][2016-01-21 17:18:17,396][com.java.TestType] [  487] -  str(1) = 9
[INFO ][2016-01-21 17:18:17,396][com.java.TestType] [  490] - Test case Id is---9
[INFO ][2016-01-21 17:18:17,396][com.java.TestType] [  492] - 9
[INFO ][2016-01-21 17:18:17,396][com.java.TestType] [  487] -  str(2) = 23
[INFO ][2016-01-21 17:18:17,396][com.java.TestType] [  487] -  str(1) = 9
[INFO ][2016-01-21 17:18:17,396][com.java.TestType] [  490] - Test case Id is---9
[INFO ][2016-01-21 17:18:17,396][com.java.TestType] [  492] - 9
[INFO ][2016-01-21 17:18:17,396][com.java.TestType] [  487] -  str(2) = 24
[INFO ][2016-01-21 17:18:17,406][com.java.TestType] [  487] -  str(1) = 9
[INFO ][2016-01-21 17:18:17,406][com.java.TestType] [  490] - Test case Id is---9
[INFO ][2016-01-21 17:18:17,406][com.java.TestType] [  492] - 9
[INFO ][2016-01-21 17:18:17,406][com.java.TestType] [  487] -  str(2) = 25
[INFO ][2016-01-21 17:18:17,406][com.java.TestType] [11632] - Looping 1TCID = 9
[DEBUG][2016-01-21 17:18:17,406][com.java.TestType] [11673] - Concept ID:9 :: Step being Executed: 9::1
[ERROR][2016-01-21 17:18:17,406][com.java.TestType] [11706] - Exception: null
[INFO ][2016-01-21 17:18:17,406][com.java.TestType] [11711] - dataFields : BTNparent
[DEBUG][2016-01-21 17:18:17,406][com.java.TestType] [11717] - <In Set values of the page>
[DEBUG][2016-01-21 17:18:17,406][com.java.TestType] [11722] - {Data Fields & Data Values Exist}
[INFO ][2016-01-21 17:18:17,406][com.java.TestType] [11728] - --------------------------setting values-----------------------------
[INFO ][2016-01-21 17:18:17,406][com.java.TestType] [11731] - Action Type : SELECTFRAME
[INFO ][2016-01-21 17:18:17,416][com.java.TestType] [11750] -  RESULT true
[INFO ][2016-01-21 17:18:17,416][com.java.TestType] [11867] - ?   P A S S   ?
[DEBUG][2016-01-21 17:18:17,416][com.java.TestType] [11673] - Concept ID:9 :: Step being Executed: 9::2
[INFO ][2016-01-21 17:18:17,416][com.java.TestType] [11711] - dataFields : test
[DEBUG][2016-01-21 17:18:17,416][com.java.TestType] [11717] - <In Set values of the page>
[DEBUG][2016-01-21 17:18:17,416][com.java.TestType] [11722] - {Data Fields & Data Values Exist}
[INFO ][2016-01-21 17:18:17,416][com.java.TestType] [11728] - --------------------------setting values-----------------------------
[INFO ][2016-01-21 17:18:17,416][com.java.TestType] [11731] - Action Type : OPENURL
[INFO ][2016-01-21 17:18:17,416][com.java.TestType] [ 6375] - value = https://clients-xuat.bankersdashboard.com
[INFO ][2016-01-21 17:18:17,416][com.java.TestType] [  358] - Open URL : https://clients-xuat.bankersdashboard.com
[INFO ][2016-01-21 17:18:21,127][com.java.TestType] [11750] -  RESULT true
[INFO ][2016-01-21 17:18:21,127][com.java.TestType] [11867] - ?   P A S S   ?
[DEBUG][2016-01-21 17:18:21,127][com.java.TestType] [11673] - Concept ID:9 :: Step being Executed: 9::3
[ERROR][2016-01-21 17:18:21,127][com.java.TestType] [11706] - Exception: null
[INFO ][2016-01-21 17:18:21,127][com.java.TestType] [11711] - dataFields : //span[@class='icon-hammer']&&//a[text()='Custom Calculations']
[DEBUG][2016-01-21 17:18:21,127][com.java.TestType] [11717] - <In Set values of the page>
[DEBUG][2016-01-21 17:18:21,127][com.java.TestType] [11722] - {Data Fields & Data Values Exist}
[INFO ][2016-01-21 17:18:21,127][com.java.TestType] [11728] - --------------------------setting values-----------------------------
[INFO ][2016-01-21 17:18:21,127][com.java.TestType] [11731] - Action Type : MOUSEOVER
[INFO ][2016-01-21 17:18:44,364][com.java.TestType] [11750] -  RESULT true
[INFO ][2016-01-21 17:18:44,364][com.java.TestType] [11867] - ?   P A S S   ?
[DEBUG][2016-01-21 17:18:44,364][com.java.TestType] [11673] - Concept ID:9 :: Step being Executed: 9::4
[INFO ][2016-01-21 17:18:44,364][com.java.TestType] [11711] - dataFields : BTN//iframe[@class='frameTabContent']
[DEBUG][2016-01-21 17:18:44,364][com.java.TestType] [11717] - <In Set values of the page>
[DEBUG][2016-01-21 17:18:44,364][com.java.TestType] [11722] - {Data Fields & Data Values Exist}
[INFO ][2016-01-21 17:18:44,364][com.java.TestType] [11728] - --------------------------setting values-----------------------------
[INFO ][2016-01-21 17:18:44,364][com.java.TestType] [11731] - Action Type : waitforelement
[INFO ][2016-01-21 17:18:44,395][com.java.TestType] [11750] -  RESULT true
[INFO ][2016-01-21 17:18:44,395][com.java.TestType] [11867] - ?   P A S S   ?
[DEBUG][2016-01-21 17:18:44,395][com.java.TestType] [11673] - Concept ID:9 :: Step being Executed: 9::5
[INFO ][2016-01-21 17:18:44,395][com.java.TestType] [11711] - dataFields : XPH//li[@class="inactiveTab"]//a[@title="Custom Calcs"]
[DEBUG][2016-01-21 17:18:44,395][com.java.TestType] [11717] - <In Set values of the page>
[DEBUG][2016-01-21 17:18:44,395][com.java.TestType] [11722] - {Data Fields & Data Values Exist}
[INFO ][2016-01-21 17:18:44,395][com.java.TestType] [11728] - --------------------------setting values-----------------------------
[INFO ][2016-01-21 17:18:44,395][com.java.TestType] [11731] - Action Type : waitforelement
[INFO ][2016-01-21 17:18:44,425][com.java.TestType] [11750] -  RESULT true
[INFO ][2016-01-21 17:18:44,425][com.java.TestType] [11867] - ?   P A S S   ?
[DEBUG][2016-01-21 17:18:44,425][com.java.TestType] [11673] - Concept ID:9 :: Step being Executed: 9::6
[ERROR][2016-01-21 17:18:44,425][com.java.TestType] [11706] - Exception: null
[INFO ][2016-01-21 17:18:44,425][com.java.TestType] [11711] - dataFields : XPH//li[@class="inactiveTab"]//a[@title="Custom Calcs"]
[DEBUG][2016-01-21 17:18:44,425][com.java.TestType] [11717] - <In Set values of the page>
[DEBUG][2016-01-21 17:18:44,425][com.java.TestType] [11722] - {Data Fields & Data Values Exist}
[INFO ][2016-01-21 17:18:44,425][com.java.TestType] [11728] - --------------------------setting values-----------------------------
[INFO ][2016-01-21 17:18:44,425][com.java.TestType] [11731] - Action Type : click
[INFO ][2016-01-21 17:18:44,425][com.java.TestType] [ 6754] - Field ::XPH//li[@class="inactiveTab"]//a[@title="Custom Calcs"]
[INFO ][2016-01-21 17:18:44,425][com.java.TestType] [ 6375] - value = 
[INFO ][2016-01-21 17:18:45,425][com.java.TestType] [ 6927] - BEFORE CLICK
[INFO ][2016-01-21 17:18:46,397][com.java.TestType] [ 6935] - Unable to click the object click on add button
[INFO ][2016-01-21 17:18:46,397][com.java.TestType] [11750] -  RESULT true
[INFO ][2016-01-21 17:18:46,397][com.java.TestType] [11867] - ?   P A S S   ?
[DEBUG][2016-01-21 17:18:46,397][com.java.TestType] [11673] - Concept ID:9 :: Step being Executed: 9::7
[INFO ][2016-01-21 17:18:46,397][com.java.TestType] [11711] - dataFields : test
[DEBUG][2016-01-21 17:18:46,397][com.java.TestType] [11717] - <In Set values of the page>
[DEBUG][2016-01-21 17:18:46,397][com.java.TestType] [11722] - {Data Fields & Data Values Exist}
[INFO ][2016-01-21 17:18:46,397][com.java.TestType] [11728] - --------------------------setting values-----------------------------
[INFO ][2016-01-21 17:18:46,397][com.java.TestType] [11731] - Action Type : WaitTime
[DEBUG][2016-01-21 17:18:46,397][com.java.TestType] [ 6189] - sleepTime: 5000
[INFO ][2016-01-21 17:18:51,398][com.java.TestType] [11750] -  RESULT true
[INFO ][2016-01-21 17:18:51,398][com.java.TestType] [11867] - ?   P A S S   ?
[DEBUG][2016-01-21 17:18:51,398][com.java.TestType] [11673] - Concept ID:9 :: Step being Executed: 9::8
[ERROR][2016-01-21 17:18:51,398][com.java.TestType] [11706] - Exception: null
[INFO ][2016-01-21 17:18:51,398][com.java.TestType] [11711] - dataFields : XPH//li[@class="inactiveTab"]//a[@title="Custom Calcs"]//span[@class="closeimg icon-close icon-xs"]
[DEBUG][2016-01-21 17:18:51,398][com.java.TestType] [11717] - <In Set values of the page>
[DEBUG][2016-01-21 17:18:51,398][com.java.TestType] [11722] - {Data Fields & Data Values Exist}
[INFO ][2016-01-21 17:18:51,398][com.java.TestType] [11728] - --------------------------setting values-----------------------------
[INFO ][2016-01-21 17:18:51,398][com.java.TestType] [11731] - Action Type : click
[INFO ][2016-01-21 17:18:51,398][com.java.TestType] [ 6754] - Field ::XPH//li[@class="inactiveTab"]//a[@title="Custom Calcs"]//span[@class="closeimg icon-close icon-xs"]
[INFO ][2016-01-21 17:18:51,398][com.java.TestType] [ 6375] - value = 
[INFO ][2016-01-21 17:18:52,399][com.java.TestType] [ 6927] - BEFORE CLICK
[INFO ][2016-01-21 17:18:53,269][com.java.TestType] [ 6935] - Unable to click the object click on add button
[INFO ][2016-01-21 17:18:53,269][com.java.TestType] [11750] -  RESULT true
[INFO ][2016-01-21 17:18:53,269][com.java.TestType] [11867] - ?   P A S S   ?
[DEBUG][2016-01-21 17:18:53,269][com.java.TestType] [11673] - Concept ID:9 :: Step being Executed: 9::9
[INFO ][2016-01-21 17:18:53,269][com.java.TestType] [11711] - dataFields : BTN//iframe[@class='frameTabContent']
[DEBUG][2016-01-21 17:18:53,269][com.java.TestType] [11717] - <In Set values of the page>
[DEBUG][2016-01-21 17:18:53,269][com.java.TestType] [11722] - {Data Fields & Data Values Exist}
[INFO ][2016-01-21 17:18:53,269][com.java.TestType] [11728] - --------------------------setting values-----------------------------
[INFO ][2016-01-21 17:18:53,269][com.java.TestType] [11731] - Action Type : waitforelement
[INFO ][2016-01-21 17:18:53,300][com.java.TestType] [11750] -  RESULT true
[INFO ][2016-01-21 17:18:53,300][com.java.TestType] [11867] - ?   P A S S   ?
[DEBUG][2016-01-21 17:18:53,300][com.java.TestType] [11673] - Concept ID:9 :: Step being Executed: 9::10
[ERROR][2016-01-21 17:18:53,300][com.java.TestType] [11706] - Exception: null
[INFO ][2016-01-21 17:18:53,300][com.java.TestType] [11711] - dataFields : BTN//iframe[@class='frameTabContent']
[DEBUG][2016-01-21 17:18:53,300][com.java.TestType] [11717] - <In Set values of the page>
[DEBUG][2016-01-21 17:18:53,300][com.java.TestType] [11722] - {Data Fields & Data Values Exist}
[INFO ][2016-01-21 17:18:53,300][com.java.TestType] [11728] - --------------------------setting values-----------------------------
[INFO ][2016-01-21 17:18:53,300][com.java.TestType] [11731] - Action Type : SELECTFRAME
[INFO ][2016-01-21 17:18:53,380][com.java.TestType] [11750] -  RESULT true
[INFO ][2016-01-21 17:18:53,380][com.java.TestType] [11867] - ?   P A S S   ?
[DEBUG][2016-01-21 17:18:53,380][com.java.TestType] [11673] - Concept ID:9 :: Step being Executed: 9::11
[INFO ][2016-01-21 17:18:53,380][com.java.TestType] [11711] - dataFields : null
[DEBUG][2016-01-21 17:18:53,380][com.java.TestType] [11717] - <In Set values of the page>
[INFO ][2016-01-21 17:18:53,380][com.java.TestType] [11867] - ?   P A S S   ?
[DEBUG][2016-01-21 17:18:53,380][com.java.TestType] [11673] - Concept ID:9 :: Step being Executed: 9::12
[INFO ][2016-01-21 17:18:53,380][com.java.TestType] [11711] - dataFields : EDT//div[@class='dataTables_filter']/label/input
[DEBUG][2016-01-21 17:18:53,380][com.java.TestType] [11717] - <In Set values of the page>
[DEBUG][2016-01-21 17:18:53,380][com.java.TestType] [11722] - {Data Fields & Data Values Exist}
[INFO ][2016-01-21 17:18:53,380][com.java.TestType] [11728] - --------------------------setting values-----------------------------
[INFO ][2016-01-21 17:18:53,380][com.java.TestType] [11731] - Action Type : CLEARANDENTER
[INFO ][2016-01-21 17:18:53,520][com.java.TestType] [ 6375] - value = #_CAL51284
[INFO ][2016-01-21 17:18:54,330][com.java.TestType] [11750] -  RESULT true
[INFO ][2016-01-21 17:18:54,330][com.java.TestType] [11867] - ?   P A S S   ?
[DEBUG][2016-01-21 17:18:54,330][com.java.TestType] [11673] - Concept ID:9 :: Step being Executed: 9::13
[INFO ][2016-01-21 17:18:54,330][com.java.TestType] [11711] - dataFields : null
[DEBUG][2016-01-21 17:18:54,330][com.java.TestType] [11717] - <In Set values of the page>
[INFO ][2016-01-21 17:18:54,330][com.java.TestType] [11867] - ?   P A S S   ?
[DEBUG][2016-01-21 17:18:54,330][com.java.TestType] [11673] - Concept ID:9 :: Step being Executed: 9::14
[INFO ][2016-01-21 17:18:54,330][com.java.TestType] [11711] - dataFields : HDC//td[contains(text(),'mytext')]
[DEBUG][2016-01-21 17:18:54,330][com.java.TestType] [11717] - <In Set values of the page>
[DEBUG][2016-01-21 17:18:54,330][com.java.TestType] [11722] - {Data Fields & Data Values Exist}
[INFO ][2016-01-21 17:18:54,330][com.java.TestType] [11728] - --------------------------setting values-----------------------------
[INFO ][2016-01-21 17:18:54,330][com.java.TestType] [11731] - Action Type : CLICK
[INFO ][2016-01-21 17:18:54,330][com.java.TestType] [ 6754] - Field ::HDC//td[contains(text(),'mytext')]
[INFO ][2016-01-21 17:18:54,330][com.java.TestType] [ 6375] - value = #_keys
[INFO ][2016-01-21 17:18:55,662][com.java.TestType] [11750] -  RESULT true
[INFO ][2016-01-21 17:18:55,662][com.java.TestType] [11867] - ?   P A S S   ?
[DEBUG][2016-01-21 17:18:55,662][com.java.TestType] [11673] - Concept ID:9 :: Step being Executed: 9::15
[ERROR][2016-01-21 17:18:55,662][com.java.TestType] [11706] - Exception: null
[INFO ][2016-01-21 17:18:55,662][com.java.TestType] [11711] - dataFields : MTC//div[@class="actions"]//span[@class="glyphicon glyphicon-remove"]
[DEBUG][2016-01-21 17:18:55,662][com.java.TestType] [11717] - <In Set values of the page>
[DEBUG][2016-01-21 17:18:55,662][com.java.TestType] [11722] - {Data Fields & Data Values Exist}
[INFO ][2016-01-21 17:18:55,662][com.java.TestType] [11728] - --------------------------setting values-----------------------------
[INFO ][2016-01-21 17:18:55,662][com.java.TestType] [11731] - Action Type : CLICKWITHALERT
[INFO ][2016-01-21 17:19:13,872][com.java.TestType] [11750] -  RESULT true
[INFO ][2016-01-21 17:19:13,872][com.java.TestType] [11867] - ?   P A S S   ?
[DEBUG][2016-01-21 17:19:13,872][com.java.TestType] [11673] - Concept ID:9 :: Step being Executed: 9::16
[INFO ][2016-01-21 17:19:13,872][com.java.TestType] [11711] - dataFields : null
[DEBUG][2016-01-21 17:19:13,872][com.java.TestType] [11717] - <In Set values of the page>
[INFO ][2016-01-21 17:19:13,872][com.java.TestType] [11867] - ?   P A S S   ?
[DEBUG][2016-01-21 17:19:13,872][com.java.TestType] [11673] - Concept ID:9 :: Step being Executed: 9::17
[INFO ][2016-01-21 17:19:13,872][com.java.TestType] [11711] - dataFields : MSG
[DEBUG][2016-01-21 17:19:13,872][com.java.TestType] [11717] - <In Set values of the page>
[DEBUG][2016-01-21 17:19:13,872][com.java.TestType] [11722] - {Data Fields & Data Values Exist}
[INFO ][2016-01-21 17:19:13,872][com.java.TestType] [11728] - --------------------------setting values-----------------------------
[INFO ][2016-01-21 17:19:13,872][com.java.TestType] [11731] - Action Type : Verify
[INFO ][2016-01-21 17:19:13,872][com.java.TestType] [ 7965] - field= MSG value= HMV#_keys
[INFO ][2016-01-21 17:19:13,872][com.java.TestType] [ 6375] - value = #_CAL51284
[DEBUG][2016-01-21 17:19:13,872][com.java.TestType] [ 8795] - value :: #_CAL51284
[ERROR][2016-01-21 17:19:13,893][com.java.TestType] [ 8800] - Assertion Error: 
[INFO ][2016-01-21 17:19:13,893][com.java.TestType] [11750] -  RESULT false
[INFO ][2016-01-21 17:19:13,893][com.java.TestType] [11788] - ?   F A I L   ?
[DEBUG][2016-01-21 17:19:13,893][com.java.TestType] [11791] - Browser Type : IE10
[INFO ][2016-01-21 17:19:13,893][com.java.SeleniumDriver] [  930] -  RESULT false
[INFO ][2016-01-21 17:19:13,893][com.java.SeleniumDriver] [  977] - ?   F A I L   ?
[INFO ][2016-01-21 17:19:13,893][com.java.SeleniumDriver] [  985] - Browser Type : IE10
[INFO ][2016-01-21 17:19:13,893][com.java.SeleniumDriver] [  986] - Adding Failed case4
[INFO ][2016-01-21 17:19:14,083][com.java.SeleniumDriver] [ 1100] - failedCases = 4
[ERROR][2016-01-21 17:19:14,083][com.java.SeleniumDriver] [ 1599] - Platform Errors : Our apologies...::We have encountered an issue with your request.::Our apologies?:We encountered an issue with your request.
[INFO ][2016-01-21 17:19:14,083][com.java.SeleniumDriver] [ 1603] - Length =3
[ERROR][2016-01-21 17:19:14,083][com.java.SeleniumDriver] [ 1606] - Error 0 = Our apologies...
[ERROR][2016-01-21 17:19:14,123][com.java.SeleniumDriver] [ 1606] - Error 1 = We have encountered an issue with your request.
[ERROR][2016-01-21 17:19:14,133][com.java.SeleniumDriver] [ 1606] - Error 2 = Our apologies?:We encountered an issue with your request.
[INFO ][2016-01-21 17:19:14,153][com.java.SeleniumDriver] [ 1617] - strError:
[DEBUG][2016-01-21 17:19:14,163][com.java.SeleniumDriver] [ 1248] - Case found
[DEBUG][2016-01-21 17:19:14,163][com.java.SeleniumDriver] [ 1253] - Incrementing ReportCounters[0]:2
[INFO ][2016-01-21 17:19:14,163][com.java.SeleniumDriver] [ 1272] - The results are-------------------[4, 39, Settings: Customize My Dashboards: Custom Calculations: Edit Custom Calculation Indicator, Fail, 
Test case failed at Step No. :: 39   Error Message ::  In CONCEPT: Test case failed at Step No. :: 17   Error Message ::  . Screen Shot : D:\BankersDashboard\TestReports\012116\4_012116_171913_IE10.png, Thu Jan 21 17:19:14 IST 2016]
[INFO ][2016-01-21 17:19:14,163][com.java.SeleniumDriver] [ 1276] - End time is-------3 min 43 sec
[INFO ][2016-01-21 17:19:14,163][com.java.SeleniumDriver] [ 1277] - The results are-------------------[4, 39, Settings: Customize My Dashboards: Custom Calculations: Edit Custom Calculation Indicator, Fail, 
Test case failed at Step No. :: 39   Error Message ::  In CONCEPT: Test case failed at Step No. :: 17   Error Message ::  . Screen Shot : D:\BankersDashboard\TestReports\012116\4_012116_171913_IE10.png, Thu Jan 21 17:19:14 IST 2016]
[DEBUG][2016-01-21 17:19:14,163][com.java.ImportnExport.ExportTestResultsExcel] [  222] - testResultPath = D:\BankersDashboard/TestReports/Test Results_BankersDashBoard_012116_171532_IE10_Any Bank USA.xls
[DEBUG][2016-01-21 17:19:14,163][com.java.ImportnExport.ExportTestResultsExcel] [  223] - browser is------------IE10
[DEBUG][2016-01-21 17:19:14,163][com.java.ImportnExport.ExportTestResultsExcel] [  270] - result.size() = 6
[DEBUG][2016-01-21 17:19:14,163][com.java.ImportnExport.ExportTestResultsExcel] [  274] - No of rows in sheet=2
[DEBUG][2016-01-21 17:19:14,163][com.java.ImportnExport.ExportTestResultsExcel] [  301] - ..in export..4
[DEBUG][2016-01-21 17:19:14,163][com.java.ImportnExport.ExportTestResultsExcel] [  301] - ..in export..Settings: Customize My Dashboards: Custom Calculations: Edit Custom Calculation Indicator
[DEBUG][2016-01-21 17:19:14,163][com.java.ImportnExport.ExportTestResultsExcel] [  301] - ..in export..Fail
[DEBUG][2016-01-21 17:19:14,163][com.java.ImportnExport.ExportTestResultsExcel] [  301] - ..in export..
Test case failed at Step No. :: 39   Error Message ::  In CONCEPT: Test case failed at Step No. :: 17   Error Message ::  . Screen Shot : D:\BankersDashboard\TestReports\012116\4_012116_171913_IE10.png
[DEBUG][2016-01-21 17:19:14,163][com.java.ImportnExport.ExportTestResultsExcel] [  301] - ..in export..Thu Jan 21 17:19:14 IST 2016
[INFO ][2016-01-21 17:19:14,163][com.java.SeleniumDriver] [ 1337] - out loop:1 size:2 TestCases:[1, 4] testcases:[1, 4]
[INFO ][2016-01-21 17:19:16,163][com.java.SeleniumDriver] [ 1380] - Total Number of Cases:2
[INFO ][2016-01-21 17:19:16,163][com.java.TemplateGenerator] [  302] - Executed:2
[INFO ][2016-01-21 17:19:16,163][com.java.TemplateGenerator] [  303] - Passed:1
[INFO ][2016-01-21 17:19:16,163][com.java.TemplateGenerator] [  304] - Failed:1
[INFO ][2016-01-21 17:19:16,163][com.java.TemplateGenerator] [  305] - Skipeed:0
[INFO ][2016-01-21 17:19:16,163][com.java.TemplateGenerator] [  306] - Application URL:https://clients-xuat.bankersdashboard.com
[INFO ][2016-01-21 17:19:16,163][com.java.TemplateGenerator] [  307] - Start Time:012116_171532
[INFO ][2016-01-21 17:19:16,163][com.java.TemplateGenerator] [  308] -  Creating HTML Report 
[ERROR][2016-01-21 17:19:16,163][com.java.TemplateGenerator] [  409] - Unparseable date: "Thu Jan 21 05:15:32 IST 2016"
[INFO ][2016-01-21 17:19:16,163][com.java.TemplateGenerator] [  654] -  Exporting case :: 1
[INFO ][2016-01-21 17:19:16,163][com.java.TemplateGenerator] [  654] -  Exporting case :: 4
[INFO ][2016-01-21 17:19:16,163][com.java.SeleniumDriver] [ 1429] - End Time:012116_171916
[INFO ][2016-01-21 17:19:16,163][com.java.SeleniumDriver] [ 1432] - Data in Test Execution Details:{1=PASS, 4=FAILTest case failed at Step No. :: 39   Error Message ::  In CONCEPT: Test case failed at Step No. :: 17   Error Message ::  }
[INFO ][2016-01-21 17:19:16,163][com.java.SeleniumDriver] [ 1433] - Data in Failed Execution Deatils:{}
[INFO ][2016-01-21 17:19:16,163][com.java.SeleniumDriver] [ 1435] - ReportCounter:Total:2 :: PASS: 1 ::FAIL: 1
[INFO ][2016-01-21 17:19:16,163][com.java.SeleniumDriver] [ 1436] - FailedReportCounter:Total:0 :: PASS: 0 ::FAIL: 0
[INFO ][2016-01-21 17:19:16,164][com.java.EmailTestReport] [   63] - Sending report mail details:
[INFO ][2016-01-21 17:19:16,164][com.java.EmailTestReport] [   80] - Excel Report Path:D:\BankersDashboard/TestReports/Test Results_BankersDashBoard_012116_171532_IE10_Any Bank USA.xls
[INFO ][2016-01-21 17:19:16,164][com.java.EmailTestReport] [   81] - HTML Report Path:D:\BankersDashboard//TestReports//Test Results_BankersDashBoard_012116_171532_IE10_Any Bank USA.html
[INFO ][2016-01-21 17:19:16,164][com.java.EmailTestReport] [   82] - smtpHostName:mail01.valuelabs.com
[INFO ][2016-01-21 17:19:16,164][com.java.EmailTestReport] [   83] - Recipient:venkateswararao.gubbala@valuelabs.com;
[INFO ][2016-01-21 17:19:16,164][com.java.EmailTestReport] [   84] - From:venkateswararao.gubbala@valuelabs.com;
[INFO ][2016-01-21 17:19:16,164][com.java.EmailTestReport] [   85] - Subject:Deluxe Corp Bankers Dashboard Automation Test Report - Any Bank USA - IE10
[INFO ][2016-01-21 17:19:16,184][com.java.EmailTestReport] [  143] -  Added venkateswararao.gubbala@valuelabs.com
[INFO ][2016-01-21 17:19:19,364][com.java.SeleniumDriver] [  722] - quitting the browser 
[INFO ][2016-01-21 17:19:21,109][com.java.SeleniumDriver] [  264] - Execution Completed Stopping the thread
