[INFO ][2015-11-04 14:22:16,645][com.java.SeleniumDriver] [  213] - Execute Failed Casesfalse
[INFO ][2015-11-04 14:22:16,645][com.java.SeleniumDriver] [  214] - Browser: IE11
[INFO ][2015-11-04 14:22:16,645][com.java.SeleniumDriver] [  215] - [1, 7]
[INFO ][2015-11-04 14:22:16,645][com.java.SeleniumDriver] [  216] - Total TestCases:2
[INFO ][2015-11-04 14:22:16,645][com.java.SeleniumDriver] [  217] -  Reading Properties from Property File 
[DEBUG][2015-11-04 14:22:16,645][com.java.SeleniumDriver] [  238] - url : https://clients-xuat.bankersdashboard.com
[INFO ][2015-11-04 14:22:16,645][com.java.ImportnExport.ExportTestResultsExcel] [  116] - Time Stamp Wed Nov 04 02:22:16 IST 2015
[INFO ][2015-11-04 14:22:16,645][com.java.ImportnExport.ExportTestResultsExcel] [  175] - OUT FILE : D:\BankersDashboard/TestReports/Test Results_BankersDashBoard_110415_142216_IE11_Bank of North Carolina.xls
[INFO ][2015-11-04 14:22:16,676][com.java.ImportnExport.ExportTestResultsExcel] [  180] - Test Result file is created
[DEBUG][2015-11-04 14:22:16,776][com.java.SeleniumDriver] [  425] - Hub ip address is-------172.17.68.34
[INFO ][2015-11-04 14:22:16,776][com.java.SeleniumDriver] [  451] - Grid URL:http://172.17.68.34:4444/wd/hub
[INFO ][2015-11-04 14:22:16,776][com.java.SeleniumDriver] [  452] - Capability:Capabilities [{platform=ANY, ensureCleanSession=true, ignoreProtectedModeSettings=true, acceptSslCerts=true, ignoreZoomSetting=true, browserName=internet explorer, browserstack.ie.noFlash=true, version=Node1}]
[ERROR][2015-11-04 14:22:18,066][com.java.SeleniumDriver] [  496] - Unable invoke browser in grid:Could not start a new session. Possible causes are invalid address of the remote server or browser start-up failure.
Build info: version: '2.48.2', revision: '41bccdd', time: '2015-10-09 19:59:12'
System info: host: 'FVTIII438F1D', ip: '172.17.68.34', os.name: 'Windows 7', os.arch: 'x86', os.version: '6.1', java.version: '1.7.0_55'
Driver info: driver.version: SeleniumDriver
[INFO ][2015-11-04 14:22:18,066][com.java.SeleniumDriver] [  498] - Executing on local machine
[INFO ][2015-11-04 14:22:27,223][com.java.SeleniumDriver] [  248] - IE11is opened
[INFO ][2015-11-04 14:22:28,090][com.java.SeleniumDriver] [  752] - Test cases to be executed are: [1, 7]
[INFO ][2015-11-04 14:22:28,090][com.java.ImportnExport.ImportTestDataDetailsExcel] [   49] - test data details path===== D:\BankersDashboard\TestInputs\TestData.xls
[INFO ][2015-11-04 14:22:39,094][com.java.SeleniumDriver] [  788] - ------------------------------------------
[INFO ][2015-11-04 14:22:39,094][com.java.SeleniumDriver] [  789] - Test case being Executed: 1
[INFO ][2015-11-04 14:22:39,095][com.java.SeleniumDriver] [  800] - Test step:1
[INFO ][2015-11-04 14:22:39,095][com.java.SeleniumDriver] [  812] - Datavalue is----------Concept#1:1-14
[INFO ][2015-11-04 14:22:39,095][com.java.SeleniumDriver] [  836] - DataField : test
[INFO ][2015-11-04 14:22:39,095][com.java.SeleniumDriver] [  838] - DataValue : Concept#1:1-14
[INFO ][2015-11-04 14:22:39,095][com.java.SeleniumDriver] [  844] - <In Set values of the page>
[INFO ][2015-11-04 14:22:39,095][com.java.SeleniumDriver] [  847] - {Data Fields & Data Values Exist}
[INFO ][2015-11-04 14:22:39,095][com.java.SeleniumDriver] [  849] - --------------------------setting values-----------------------------
[INFO ][2015-11-04 14:22:39,095][com.java.SeleniumDriver] [  852] - Action Type : ExecuteTestCase
[INFO ][2015-11-04 14:22:39,125][com.java.TestType] [  411] - The Concept sheet name is ---------- Concept
[INFO ][2015-11-04 14:22:39,125][com.java.TestType] [  414] - The Concept ID  is ---------- 1
[DEBUG][2015-11-04 14:22:39,125][com.java.TestType] [  418] - Steps being executted in the Concept are: 1:14
[INFO ][2015-11-04 14:22:39,125][com.java.TestType] [  425] - Test data details path ---------- D:\BankersDashboard\TestInputs\TestData.xls
[INFO ][2015-11-04 14:22:39,155][com.java.TestType] [  456] -  str(1) = 1
[INFO ][2015-11-04 14:22:39,155][com.java.TestType] [  459] - Test case Id is---1
[INFO ][2015-11-04 14:22:39,155][com.java.TestType] [  461] - 1
[INFO ][2015-11-04 14:22:39,155][com.java.TestType] [  456] -  str(2) = 1
[INFO ][2015-11-04 14:22:39,155][com.java.TestType] [  508] - row values are--------{1=com.java.Objects.TestDataDetails@c42e5a}
[INFO ][2015-11-04 14:22:39,155][com.java.TestType] [  456] -  str(1) = 1
[INFO ][2015-11-04 14:22:39,155][com.java.TestType] [  459] - Test case Id is---1
[INFO ][2015-11-04 14:22:39,155][com.java.TestType] [  461] - 1
[INFO ][2015-11-04 14:22:39,155][com.java.TestType] [  456] -  str(2) = 2
[INFO ][2015-11-04 14:22:39,155][com.java.TestType] [  508] - row values are--------{1=com.java.Objects.TestDataDetails@c42e5a, 2=com.java.Objects.TestDataDetails@9a8e52}
[INFO ][2015-11-04 14:22:39,155][com.java.TestType] [  456] -  str(1) = 1
[INFO ][2015-11-04 14:22:39,155][com.java.TestType] [  459] - Test case Id is---1
[INFO ][2015-11-04 14:22:39,155][com.java.TestType] [  461] - 1
[INFO ][2015-11-04 14:22:39,155][com.java.TestType] [  456] -  str(2) = 3
[INFO ][2015-11-04 14:22:39,155][com.java.TestType] [  508] - row values are--------{1=com.java.Objects.TestDataDetails@c42e5a, 2=com.java.Objects.TestDataDetails@9a8e52, 3=com.java.Objects.TestDataDetails@170ad95}
[INFO ][2015-11-04 14:22:39,155][com.java.TestType] [  456] -  str(1) = 1
[INFO ][2015-11-04 14:22:39,155][com.java.TestType] [  459] - Test case Id is---1
[INFO ][2015-11-04 14:22:39,155][com.java.TestType] [  461] - 1
[INFO ][2015-11-04 14:22:39,155][com.java.TestType] [  456] -  str(2) = 4
[INFO ][2015-11-04 14:22:39,165][com.java.TestType] [  508] - row values are--------{1=com.java.Objects.TestDataDetails@c42e5a, 2=com.java.Objects.TestDataDetails@9a8e52, 3=com.java.Objects.TestDataDetails@170ad95, 4=com.java.Objects.TestDataDetails@5dc0a5}
[INFO ][2015-11-04 14:22:39,165][com.java.TestType] [  456] -  str(1) = 1
[INFO ][2015-11-04 14:22:39,165][com.java.TestType] [  459] - Test case Id is---1
[INFO ][2015-11-04 14:22:39,165][com.java.TestType] [  461] - 1
[INFO ][2015-11-04 14:22:39,165][com.java.TestType] [  456] -  str(2) = 5
[INFO ][2015-11-04 14:22:39,165][com.java.TestType] [  508] - row values are--------{1=com.java.Objects.TestDataDetails@c42e5a, 2=com.java.Objects.TestDataDetails@9a8e52, 3=com.java.Objects.TestDataDetails@170ad95, 4=com.java.Objects.TestDataDetails@5dc0a5, 5=com.java.Objects.TestDataDetails@1183515}
[INFO ][2015-11-04 14:22:39,165][com.java.TestType] [  456] -  str(1) = 1
[INFO ][2015-11-04 14:22:39,165][com.java.TestType] [  459] - Test case Id is---1
[INFO ][2015-11-04 14:22:39,165][com.java.TestType] [  461] - 1
[INFO ][2015-11-04 14:22:39,165][com.java.TestType] [  456] -  str(2) = 6
[INFO ][2015-11-04 14:22:39,165][com.java.TestType] [  508] - row values are--------{1=com.java.Objects.TestDataDetails@c42e5a, 2=com.java.Objects.TestDataDetails@9a8e52, 3=com.java.Objects.TestDataDetails@170ad95, 4=com.java.Objects.TestDataDetails@5dc0a5, 5=com.java.Objects.TestDataDetails@1183515, 6=com.java.Objects.TestDataDetails@15eb475}
[INFO ][2015-11-04 14:22:39,165][com.java.TestType] [  456] -  str(1) = 1
[INFO ][2015-11-04 14:22:39,165][com.java.TestType] [  459] - Test case Id is---1
[INFO ][2015-11-04 14:22:39,165][com.java.TestType] [  461] - 1
[INFO ][2015-11-04 14:22:39,165][com.java.TestType] [  456] -  str(2) = 7
[INFO ][2015-11-04 14:22:39,165][com.java.TestType] [  508] - row values are--------{1=com.java.Objects.TestDataDetails@c42e5a, 2=com.java.Objects.TestDataDetails@9a8e52, 3=com.java.Objects.TestDataDetails@170ad95, 4=com.java.Objects.TestDataDetails@5dc0a5, 5=com.java.Objects.TestDataDetails@1183515, 6=com.java.Objects.TestDataDetails@15eb475, 7=com.java.Objects.TestDataDetails@64cc1a}
[INFO ][2015-11-04 14:22:39,165][com.java.TestType] [  456] -  str(1) = 1
[INFO ][2015-11-04 14:22:39,165][com.java.TestType] [  459] - Test case Id is---1
[INFO ][2015-11-04 14:22:39,165][com.java.TestType] [  461] - 1
[INFO ][2015-11-04 14:22:39,165][com.java.TestType] [  456] -  str(2) = 8
[INFO ][2015-11-04 14:22:39,165][com.java.TestType] [  508] - row values are--------{1=com.java.Objects.TestDataDetails@c42e5a, 2=com.java.Objects.TestDataDetails@9a8e52, 3=com.java.Objects.TestDataDetails@170ad95, 4=com.java.Objects.TestDataDetails@5dc0a5, 5=com.java.Objects.TestDataDetails@1183515, 6=com.java.Objects.TestDataDetails@15eb475, 7=com.java.Objects.TestDataDetails@64cc1a, 8=com.java.Objects.TestDataDetails@1a0bc8a}
[INFO ][2015-11-04 14:22:39,165][com.java.TestType] [  456] -  str(1) = 1
[INFO ][2015-11-04 14:22:39,165][com.java.TestType] [  459] - Test case Id is---1
[INFO ][2015-11-04 14:22:39,165][com.java.TestType] [  461] - 1
[INFO ][2015-11-04 14:22:39,165][com.java.TestType] [  456] -  str(2) = 9
[INFO ][2015-11-04 14:22:39,165][com.java.TestType] [  508] - row values are--------{1=com.java.Objects.TestDataDetails@c42e5a, 2=com.java.Objects.TestDataDetails@9a8e52, 3=com.java.Objects.TestDataDetails@170ad95, 4=com.java.Objects.TestDataDetails@5dc0a5, 5=com.java.Objects.TestDataDetails@1183515, 6=com.java.Objects.TestDataDetails@15eb475, 7=com.java.Objects.TestDataDetails@64cc1a, 8=com.java.Objects.TestDataDetails@1a0bc8a, 9=com.java.Objects.TestDataDetails@7da122}
[INFO ][2015-11-04 14:22:39,165][com.java.TestType] [  456] -  str(1) = 1
[INFO ][2015-11-04 14:22:39,165][com.java.TestType] [  459] - Test case Id is---1
[INFO ][2015-11-04 14:22:39,165][com.java.TestType] [  461] - 1
[INFO ][2015-11-04 14:22:39,165][com.java.TestType] [  456] -  str(2) = 10
[INFO ][2015-11-04 14:22:39,175][com.java.TestType] [  508] - row values are--------{1=com.java.Objects.TestDataDetails@c42e5a, 2=com.java.Objects.TestDataDetails@9a8e52, 3=com.java.Objects.TestDataDetails@170ad95, 4=com.java.Objects.TestDataDetails@5dc0a5, 5=com.java.Objects.TestDataDetails@1183515, 6=com.java.Objects.TestDataDetails@15eb475, 7=com.java.Objects.TestDataDetails@64cc1a, 8=com.java.Objects.TestDataDetails@1a0bc8a, 9=com.java.Objects.TestDataDetails@7da122, 10=com.java.Objects.TestDataDetails@445889}
[INFO ][2015-11-04 14:22:39,175][com.java.TestType] [  456] -  str(1) = 1
[INFO ][2015-11-04 14:22:39,175][com.java.TestType] [  459] - Test case Id is---1
[INFO ][2015-11-04 14:22:39,175][com.java.TestType] [  461] - 1
[INFO ][2015-11-04 14:22:39,175][com.java.TestType] [  456] -  str(2) = 11
[INFO ][2015-11-04 14:22:39,175][com.java.TestType] [  508] - row values are--------{1=com.java.Objects.TestDataDetails@c42e5a, 2=com.java.Objects.TestDataDetails@9a8e52, 3=com.java.Objects.TestDataDetails@170ad95, 4=com.java.Objects.TestDataDetails@5dc0a5, 5=com.java.Objects.TestDataDetails@1183515, 6=com.java.Objects.TestDataDetails@15eb475, 7=com.java.Objects.TestDataDetails@64cc1a, 8=com.java.Objects.TestDataDetails@1a0bc8a, 9=com.java.Objects.TestDataDetails@7da122, 10=com.java.Objects.TestDataDetails@445889, 11=com.java.Objects.TestDataDetails@33b94e}
[INFO ][2015-11-04 14:22:39,175][com.java.TestType] [  456] -  str(1) = 1
[INFO ][2015-11-04 14:22:39,175][com.java.TestType] [  459] - Test case Id is---1
[INFO ][2015-11-04 14:22:39,175][com.java.TestType] [  461] - 1
[INFO ][2015-11-04 14:22:39,175][com.java.TestType] [  456] -  str(2) = 12
[INFO ][2015-11-04 14:22:39,175][com.java.TestType] [  508] - row values are--------{1=com.java.Objects.TestDataDetails@c42e5a, 2=com.java.Objects.TestDataDetails@9a8e52, 3=com.java.Objects.TestDataDetails@170ad95, 4=com.java.Objects.TestDataDetails@5dc0a5, 5=com.java.Objects.TestDataDetails@1183515, 6=com.java.Objects.TestDataDetails@15eb475, 7=com.java.Objects.TestDataDetails@64cc1a, 8=com.java.Objects.TestDataDetails@1a0bc8a, 9=com.java.Objects.TestDataDetails@7da122, 10=com.java.Objects.TestDataDetails@445889, 11=com.java.Objects.TestDataDetails@33b94e, 12=com.java.Objects.TestDataDetails@abd44}
[INFO ][2015-11-04 14:22:39,175][com.java.TestType] [  456] -  str(1) = 1
[INFO ][2015-11-04 14:22:39,175][com.java.TestType] [  459] - Test case Id is---1
[INFO ][2015-11-04 14:22:39,175][com.java.TestType] [  461] - 1
[INFO ][2015-11-04 14:22:39,175][com.java.TestType] [  456] -  str(2) = 13
[INFO ][2015-11-04 14:22:39,175][com.java.TestType] [  508] - row values are--------{1=com.java.Objects.TestDataDetails@c42e5a, 2=com.java.Objects.TestDataDetails@9a8e52, 3=com.java.Objects.TestDataDetails@170ad95, 4=com.java.Objects.TestDataDetails@5dc0a5, 5=com.java.Objects.TestDataDetails@1183515, 6=com.java.Objects.TestDataDetails@15eb475, 7=com.java.Objects.TestDataDetails@64cc1a, 8=com.java.Objects.TestDataDetails@1a0bc8a, 9=com.java.Objects.TestDataDetails@7da122, 10=com.java.Objects.TestDataDetails@445889, 11=com.java.Objects.TestDataDetails@33b94e, 12=com.java.Objects.TestDataDetails@abd44, 13=com.java.Objects.TestDataDetails@90555f}
[INFO ][2015-11-04 14:22:39,175][com.java.TestType] [  456] -  str(1) = 1
[INFO ][2015-11-04 14:22:39,175][com.java.TestType] [  459] - Test case Id is---1
[INFO ][2015-11-04 14:22:39,175][com.java.TestType] [  461] - 1
[INFO ][2015-11-04 14:22:39,175][com.java.TestType] [  456] -  str(2) = 14
[INFO ][2015-11-04 14:22:39,175][com.java.TestType] [  508] - row values are--------{1=com.java.Objects.TestDataDetails@c42e5a, 2=com.java.Objects.TestDataDetails@9a8e52, 3=com.java.Objects.TestDataDetails@170ad95, 4=com.java.Objects.TestDataDetails@5dc0a5, 5=com.java.Objects.TestDataDetails@1183515, 6=com.java.Objects.TestDataDetails@15eb475, 7=com.java.Objects.TestDataDetails@64cc1a, 8=com.java.Objects.TestDataDetails@1a0bc8a, 9=com.java.Objects.TestDataDetails@7da122, 10=com.java.Objects.TestDataDetails@445889, 11=com.java.Objects.TestDataDetails@33b94e, 12=com.java.Objects.TestDataDetails@abd44, 13=com.java.Objects.TestDataDetails@90555f, 14=com.java.Objects.TestDataDetails@122f244}
[INFO ][2015-11-04 14:22:39,175][com.java.TestType] [ 7899] - Looping 1TCID = 1
[DEBUG][2015-11-04 14:22:39,175][com.java.TestType] [ 7940] - Concept ID:1 :: Step being Executed: 1::1
[INFO ][2015-11-04 14:22:39,175][com.java.TestType] [ 7978] - dataFields : TXTusername
[DEBUG][2015-11-04 14:22:39,175][com.java.TestType] [ 7984] - <In Set values of the page>
[DEBUG][2015-11-04 14:22:39,175][com.java.TestType] [ 7989] - {Data Fields & Data Values Exist}
[INFO ][2015-11-04 14:22:39,175][com.java.TestType] [ 7995] - --------------------------setting values-----------------------------
[INFO ][2015-11-04 14:22:39,175][com.java.TestType] [ 7998] - Action Type : CLEARANDENTER
[INFO ][2015-11-04 14:22:39,175][com.java.TestType] [ 3750] - value = valuelabs.ie11.33527
[INFO ][2015-11-04 14:22:44,022][com.java.TestType] [ 8017] -  RESULT true
[INFO ][2015-11-04 14:22:44,022][com.java.TestType] [ 8134] - ?   P A S S   ?
[DEBUG][2015-11-04 14:22:44,022][com.java.TestType] [ 7940] - Concept ID:1 :: Step being Executed: 1::2
[INFO ][2015-11-04 14:22:44,022][com.java.TestType] [ 7978] - dataFields : TXTpassword
[DEBUG][2015-11-04 14:22:44,022][com.java.TestType] [ 7984] - <In Set values of the page>
[DEBUG][2015-11-04 14:22:44,022][com.java.TestType] [ 7989] - {Data Fields & Data Values Exist}
[INFO ][2015-11-04 14:22:44,022][com.java.TestType] [ 7995] - --------------------------setting values-----------------------------
[INFO ][2015-11-04 14:22:44,022][com.java.TestType] [ 7998] - Action Type : CLEARANDENTER
[INFO ][2015-11-04 14:22:44,022][com.java.TestType] [ 3750] - value = Password1*
[INFO ][2015-11-04 14:22:48,979][com.java.TestType] [ 8017] -  RESULT true
[INFO ][2015-11-04 14:22:48,979][com.java.TestType] [ 8134] - ?   P A S S   ?
[DEBUG][2015-11-04 14:22:48,979][com.java.TestType] [ 7940] - Concept ID:1 :: Step being Executed: 1::3
[ERROR][2015-11-04 14:22:48,979][com.java.TestType] [ 7973] - Exception: null
[INFO ][2015-11-04 14:22:48,979][com.java.TestType] [ 7978] - dataFields : XPH//button[@type='submit']
[DEBUG][2015-11-04 14:22:48,979][com.java.TestType] [ 7984] - <In Set values of the page>
[DEBUG][2015-11-04 14:22:48,979][com.java.TestType] [ 7989] - {Data Fields & Data Values Exist}
[INFO ][2015-11-04 14:22:48,979][com.java.TestType] [ 7995] - --------------------------setting values-----------------------------
[INFO ][2015-11-04 14:22:48,979][com.java.TestType] [ 7998] - Action Type : Click
[INFO ][2015-11-04 14:22:48,979][com.java.TestType] [ 4063] - Field ::XPH//button[@type='submit']
[INFO ][2015-11-04 14:22:49,979][com.java.TestType] [ 4122] - BEFORE CLICK
[INFO ][2015-11-04 14:22:50,821][com.java.TestType] [ 4130] - Unable to click the object Login
[INFO ][2015-11-04 14:22:50,821][com.java.TestType] [ 8017] -  RESULT true
[INFO ][2015-11-04 14:22:50,821][com.java.TestType] [ 8134] - ?   P A S S   ?
[DEBUG][2015-11-04 14:22:50,821][com.java.TestType] [ 7940] - Concept ID:1 :: Step being Executed: 1::4
[INFO ][2015-11-04 14:22:50,821][com.java.TestType] [ 7978] - dataFields : LNKLogout
[DEBUG][2015-11-04 14:22:50,821][com.java.TestType] [ 7984] - <In Set values of the page>
[DEBUG][2015-11-04 14:22:50,821][com.java.TestType] [ 7989] - {Data Fields & Data Values Exist}
[INFO ][2015-11-04 14:22:50,821][com.java.TestType] [ 7995] - --------------------------setting values-----------------------------
[INFO ][2015-11-04 14:22:50,821][com.java.TestType] [ 7998] - Action Type : WaitForElement
[INFO ][2015-11-04 14:23:04,684][com.java.TestType] [ 8017] -  RESULT true
[INFO ][2015-11-04 14:23:04,684][com.java.TestType] [ 8134] - ?   P A S S   ?
[DEBUG][2015-11-04 14:23:04,684][com.java.TestType] [ 7940] - Concept ID:1 :: Step being Executed: 1::13
[INFO ][2015-11-04 14:23:04,684][com.java.TestType] [ 7978] - dataFields : LNK
[DEBUG][2015-11-04 14:23:04,684][com.java.TestType] [ 7984] - <In Set values of the page>
[DEBUG][2015-11-04 14:23:04,684][com.java.TestType] [ 7989] - {Data Fields & Data Values Exist}
[INFO ][2015-11-04 14:23:04,684][com.java.TestType] [ 7995] - --------------------------setting values-----------------------------
[INFO ][2015-11-04 14:23:04,684][com.java.TestType] [ 7998] - Action Type : Verify
[INFO ][2015-11-04 14:23:04,684][com.java.TestType] [ 4876] - field= LNK value= Logout
[INFO ][2015-11-04 14:23:04,684][com.java.TestType] [ 3750] - value = Logout
[INFO ][2015-11-04 14:23:04,715][com.java.TestType] [ 8017] -  RESULT true
[INFO ][2015-11-04 14:23:04,715][com.java.TestType] [ 8134] - ?   P A S S   ?
[DEBUG][2015-11-04 14:23:04,715][com.java.TestType] [ 7940] - Concept ID:1 :: Step being Executed: 1::14
[INFO ][2015-11-04 14:23:04,715][com.java.TestType] [ 7978] - dataFields : BTN
[DEBUG][2015-11-04 14:23:04,715][com.java.TestType] [ 7984] - <In Set values of the page>
[DEBUG][2015-11-04 14:23:04,715][com.java.TestType] [ 7989] - {Data Fields & Data Values Exist}
[INFO ][2015-11-04 14:23:04,715][com.java.TestType] [ 7995] - --------------------------setting values-----------------------------
[INFO ][2015-11-04 14:23:04,715][com.java.TestType] [ 7998] - Action Type : Verify
[INFO ][2015-11-04 14:23:04,715][com.java.TestType] [ 4876] - field= BTN value= //img[contains(@src,'bdlogo.jpg')]
[INFO ][2015-11-04 14:23:04,715][com.java.TestType] [ 3750] - value = //img[contains(@src,'bdlogo.jpg')]
[INFO ][2015-11-04 14:23:04,745][com.java.TestType] [ 8017] -  RESULT true
[INFO ][2015-11-04 14:23:04,745][com.java.TestType] [ 8134] - ?   P A S S   ?
[INFO ][2015-11-04 14:23:04,745][com.java.TestType] [ 8205] - Looping End......
[INFO ][2015-11-04 14:23:04,745][com.java.SeleniumDriver] [  861] -  RESULT true
[INFO ][2015-11-04 14:23:04,745][com.java.SeleniumDriver] [ 1066] - ?   P A S S   ?
[INFO ][2015-11-04 14:23:04,745][com.java.SeleniumDriver] [  788] - ------------------------------------------
[INFO ][2015-11-04 14:23:04,745][com.java.SeleniumDriver] [  789] - Test case being Executed: 1
[INFO ][2015-11-04 14:23:04,745][com.java.SeleniumDriver] [  800] - Test step:2
[INFO ][2015-11-04 14:23:04,745][com.java.SeleniumDriver] [  812] - Datavalue is----------Concept#2:1-2
[INFO ][2015-11-04 14:23:04,745][com.java.SeleniumDriver] [  836] - DataField : test
[INFO ][2015-11-04 14:23:04,745][com.java.SeleniumDriver] [  838] - DataValue : Concept#2:1-2
[INFO ][2015-11-04 14:23:04,745][com.java.SeleniumDriver] [  844] - <In Set values of the page>
[INFO ][2015-11-04 14:23:04,745][com.java.SeleniumDriver] [  847] - {Data Fields & Data Values Exist}
[INFO ][2015-11-04 14:23:04,745][com.java.SeleniumDriver] [  849] - --------------------------setting values-----------------------------
[INFO ][2015-11-04 14:23:04,745][com.java.SeleniumDriver] [  852] - Action Type : ExecuteTestCase
[INFO ][2015-11-04 14:23:04,745][com.java.TestType] [  411] - The Concept sheet name is ---------- Concept
[INFO ][2015-11-04 14:23:04,745][com.java.TestType] [  414] - The Concept ID  is ---------- 2
[DEBUG][2015-11-04 14:23:04,745][com.java.TestType] [  418] - Steps being executted in the Concept are: 1:2
[INFO ][2015-11-04 14:23:04,745][com.java.TestType] [  425] - Test data details path ---------- D:\BankersDashboard\TestInputs\TestData.xls
[INFO ][2015-11-04 14:23:04,785][com.java.TestType] [  456] -  str(1) = 2
[INFO ][2015-11-04 14:23:04,785][com.java.TestType] [  459] - Test case Id is---2
[INFO ][2015-11-04 14:23:04,785][com.java.TestType] [  461] - 2
[INFO ][2015-11-04 14:23:04,785][com.java.TestType] [  456] -  str(2) = 1
[INFO ][2015-11-04 14:23:04,785][com.java.TestType] [  508] - row values are--------{1=com.java.Objects.TestDataDetails@cef542}
[INFO ][2015-11-04 14:23:04,785][com.java.TestType] [  456] -  str(1) = 2
[INFO ][2015-11-04 14:23:04,785][com.java.TestType] [  459] - Test case Id is---2
[INFO ][2015-11-04 14:23:04,785][com.java.TestType] [  461] - 2
[INFO ][2015-11-04 14:23:04,785][com.java.TestType] [  456] -  str(2) = 2
[INFO ][2015-11-04 14:23:04,785][com.java.TestType] [  508] - row values are--------{1=com.java.Objects.TestDataDetails@cef542, 2=com.java.Objects.TestDataDetails@1d67244}
[INFO ][2015-11-04 14:23:04,785][com.java.TestType] [  456] -  str(1) = 2
[INFO ][2015-11-04 14:23:04,785][com.java.TestType] [  459] - Test case Id is---2
[INFO ][2015-11-04 14:23:04,785][com.java.TestType] [  461] - 2
[INFO ][2015-11-04 14:23:04,785][com.java.TestType] [  456] -  str(2) = 3
[INFO ][2015-11-04 14:23:04,785][com.java.TestType] [  508] - row values are--------{1=com.java.Objects.TestDataDetails@cef542, 2=com.java.Objects.TestDataDetails@1d67244, 3=com.java.Objects.TestDataDetails@197d2ab}
[INFO ][2015-11-04 14:23:04,785][com.java.TestType] [ 7899] - Looping 1TCID = 2
[DEBUG][2015-11-04 14:23:04,785][com.java.TestType] [ 7940] - Concept ID:2 :: Step being Executed: 2::1
[INFO ][2015-11-04 14:23:04,785][com.java.TestType] [ 7978] - dataFields : BNK//select[@id='bank']
[DEBUG][2015-11-04 14:23:04,785][com.java.TestType] [ 7984] - <In Set values of the page>
[DEBUG][2015-11-04 14:23:04,785][com.java.TestType] [ 7989] - {Data Fields & Data Values Exist}
[INFO ][2015-11-04 14:23:04,785][com.java.TestType] [ 7995] - --------------------------setting values-----------------------------
[INFO ][2015-11-04 14:23:04,785][com.java.TestType] [ 7998] - Action Type : Select
[INFO ][2015-11-04 14:23:04,785][com.java.TestType] [ 3750] - value = PFC
[INFO ][2015-11-04 14:23:04,985][com.java.TestType] [ 8017] -  RESULT true
[INFO ][2015-11-04 14:23:04,985][com.java.TestType] [ 8134] - ?   P A S S   ?
[DEBUG][2015-11-04 14:23:04,985][com.java.TestType] [ 7940] - Concept ID:2 :: Step being Executed: 2::2
[INFO ][2015-11-04 14:23:04,985][com.java.TestType] [ 7978] - dataFields : LNKLogout
[DEBUG][2015-11-04 14:23:04,985][com.java.TestType] [ 7984] - <In Set values of the page>
[DEBUG][2015-11-04 14:23:04,985][com.java.TestType] [ 7989] - {Data Fields & Data Values Exist}
[INFO ][2015-11-04 14:23:04,985][com.java.TestType] [ 7995] - --------------------------setting values-----------------------------
[INFO ][2015-11-04 14:23:04,985][com.java.TestType] [ 7998] - Action Type : WaitTime
[DEBUG][2015-11-04 14:23:04,985][com.java.TestType] [ 3654] - sleepTime: 5000
[INFO ][2015-11-04 14:23:09,970][com.java.TestType] [ 8017] -  RESULT true
[INFO ][2015-11-04 14:23:09,970][com.java.TestType] [ 8134] - ?   P A S S   ?
[INFO ][2015-11-04 14:23:09,970][com.java.TestType] [ 8205] - Looping End......
[INFO ][2015-11-04 14:23:09,973][com.java.SeleniumDriver] [  861] -  RESULT true
[INFO ][2015-11-04 14:23:09,974][com.java.SeleniumDriver] [ 1066] - ?   P A S S   ?
[INFO ][2015-11-04 14:23:09,974][com.java.SeleniumDriver] [  788] - ------------------------------------------
[INFO ][2015-11-04 14:23:09,974][com.java.SeleniumDriver] [  789] - Test case being Executed: 1
[INFO ][2015-11-04 14:23:09,974][com.java.SeleniumDriver] [  800] - Test step:3
[INFO ][2015-11-04 14:23:09,974][com.java.SeleniumDriver] [  812] - Datavalue is----------2
[INFO ][2015-11-04 14:23:09,974][com.java.SeleniumDriver] [  836] - DataField : XPH//button[contains(text(),'Add Content')]
[INFO ][2015-11-04 14:23:09,974][com.java.SeleniumDriver] [  838] - DataValue : 2
[INFO ][2015-11-04 14:23:09,974][com.java.SeleniumDriver] [  844] - <In Set values of the page>
[INFO ][2015-11-04 14:23:09,974][com.java.SeleniumDriver] [  847] - {Data Fields & Data Values Exist}
[INFO ][2015-11-04 14:23:09,974][com.java.SeleniumDriver] [  849] - --------------------------setting values-----------------------------
[INFO ][2015-11-04 14:23:09,974][com.java.SeleniumDriver] [  852] - Action Type : WAITFORELEMENT
[INFO ][2015-11-04 14:23:10,031][com.java.SeleniumDriver] [  861] -  RESULT true
[INFO ][2015-11-04 14:23:10,031][com.java.SeleniumDriver] [ 1066] - ?   P A S S   ?
[DEBUG][2015-11-04 14:23:10,031][com.java.SeleniumDriver] [ 1168] - Case found
[DEBUG][2015-11-04 14:23:10,031][com.java.SeleniumDriver] [ 1173] - Incrementing ReportCounters[0]:1
[INFO ][2015-11-04 14:23:10,031][com.java.SeleniumDriver] [ 1192] - The results are-------------------[1, 1, Valid Login, Pass, , Wed Nov 04 14:23:04 IST 2015, 1, 2, Valid Login, Pass, , Wed Nov 04 14:23:09 IST 2015, 1, 3, Valid Login, Pass, , Wed Nov 04 14:23:10 IST 2015]
[INFO ][2015-11-04 14:23:10,031][com.java.SeleniumDriver] [ 1196] - End time is-------55 sec
[INFO ][2015-11-04 14:23:10,031][com.java.SeleniumDriver] [ 1197] - The results are-------------------[1, 1, Valid Login, Pass, , Wed Nov 04 14:23:04 IST 2015, 1, 2, Valid Login, Pass, , Wed Nov 04 14:23:09 IST 2015, 1, 3, Valid Login, Pass, , Wed Nov 04 14:23:10 IST 2015]
[DEBUG][2015-11-04 14:23:10,031][com.java.ImportnExport.ExportTestResultsExcel] [  222] - testResultPath = D:\BankersDashboard/TestReports/Test Results_BankersDashBoard_110415_142216_IE11_Bank of North Carolina.xls
[DEBUG][2015-11-04 14:23:10,031][com.java.ImportnExport.ExportTestResultsExcel] [  223] - browser is------------IE11
[DEBUG][2015-11-04 14:23:10,074][com.java.ImportnExport.ExportTestResultsExcel] [  270] - result.size() = 18
[DEBUG][2015-11-04 14:23:10,074][com.java.ImportnExport.ExportTestResultsExcel] [  274] - No of rows in sheet=1
[DEBUG][2015-11-04 14:23:10,074][com.java.ImportnExport.ExportTestResultsExcel] [  301] - ..in export..1
[DEBUG][2015-11-04 14:23:10,074][com.java.ImportnExport.ExportTestResultsExcel] [  301] - ..in export..Valid Login
[DEBUG][2015-11-04 14:23:10,074][com.java.ImportnExport.ExportTestResultsExcel] [  301] - ..in export..Pass
[DEBUG][2015-11-04 14:23:10,074][com.java.ImportnExport.ExportTestResultsExcel] [  301] - ..in export..
[DEBUG][2015-11-04 14:23:10,074][com.java.ImportnExport.ExportTestResultsExcel] [  301] - ..in export..Wed Nov 04 14:23:04 IST 2015
[INFO ][2015-11-04 14:23:10,076][com.java.SeleniumDriver] [ 1255] - out loop:0 size:2 TestCases:[1, 7] testcases:[1, 7]
[INFO ][2015-11-04 14:23:10,076][com.java.ImportnExport.ImportTestDataDetailsExcel] [   49] - test data details path===== D:\BankersDashboard\TestInputs\TestData.xls
[INFO ][2015-11-04 14:23:29,811][com.java.SeleniumDriver] [  788] - ------------------------------------------
[INFO ][2015-11-04 14:23:29,811][com.java.SeleniumDriver] [  789] - Test case being Executed: 7
[INFO ][2015-11-04 14:23:29,811][com.java.SeleniumDriver] [  800] - Test step:1
[INFO ][2015-11-04 14:23:29,811][com.java.SeleniumDriver] [  812] - Datavalue is----------Logout
[INFO ][2015-11-04 14:23:29,811][com.java.SeleniumDriver] [  836] - DataField : BTN
[INFO ][2015-11-04 14:23:29,811][com.java.SeleniumDriver] [  838] - DataValue : Logout
[INFO ][2015-11-04 14:23:29,811][com.java.SeleniumDriver] [  844] - <In Set values of the page>
[INFO ][2015-11-04 14:23:29,811][com.java.SeleniumDriver] [  847] - {Data Fields & Data Values Exist}
[INFO ][2015-11-04 14:23:29,811][com.java.SeleniumDriver] [  849] - --------------------------setting values-----------------------------
[INFO ][2015-11-04 14:23:29,811][com.java.SeleniumDriver] [  852] - Action Type : Verify
[INFO ][2015-11-04 14:23:29,811][com.java.TestType] [ 4876] - field= BTN value= Logout
[INFO ][2015-11-04 14:23:29,811][com.java.TestType] [ 3750] - value = Logout
[INFO ][2015-11-04 14:23:29,862][com.java.SeleniumDriver] [  861] -  RESULT true
[INFO ][2015-11-04 14:23:29,862][com.java.SeleniumDriver] [ 1066] - ?   P A S S   ?
[INFO ][2015-11-04 14:23:29,862][com.java.SeleniumDriver] [ 1108] - step change to 3
[INFO ][2015-11-04 14:23:29,862][com.java.SeleniumDriver] [  788] - ------------------------------------------
[INFO ][2015-11-04 14:23:29,862][com.java.SeleniumDriver] [  789] - Test case being Executed: 7
[INFO ][2015-11-04 14:23:29,862][com.java.SeleniumDriver] [  800] - Test step:3
[INFO ][2015-11-04 14:23:29,862][com.java.SeleniumDriver] [  812] - Datavalue is----------Concept#2:1-2
[INFO ][2015-11-04 14:23:29,862][com.java.SeleniumDriver] [  836] - DataField : test
[INFO ][2015-11-04 14:23:29,862][com.java.SeleniumDriver] [  838] - DataValue : Concept#2:1-2
[INFO ][2015-11-04 14:23:29,862][com.java.SeleniumDriver] [  844] - <In Set values of the page>
[INFO ][2015-11-04 14:23:29,862][com.java.SeleniumDriver] [  847] - {Data Fields & Data Values Exist}
[INFO ][2015-11-04 14:23:29,862][com.java.SeleniumDriver] [  849] - --------------------------setting values-----------------------------
[INFO ][2015-11-04 14:23:29,862][com.java.SeleniumDriver] [  852] - Action Type : ExecuteTestCase
[INFO ][2015-11-04 14:23:29,862][com.java.TestType] [  411] - The Concept sheet name is ---------- Concept
[INFO ][2015-11-04 14:23:29,862][com.java.TestType] [  414] - The Concept ID  is ---------- 2
[DEBUG][2015-11-04 14:23:29,862][com.java.TestType] [  418] - Steps being executted in the Concept are: 1:2
[INFO ][2015-11-04 14:23:29,862][com.java.TestType] [  425] - Test data details path ---------- D:\BankersDashboard\TestInputs\TestData.xls
[INFO ][2015-11-04 14:23:29,892][com.java.TestType] [  456] -  str(1) = 2
[INFO ][2015-11-04 14:23:29,892][com.java.TestType] [  459] - Test case Id is---2
[INFO ][2015-11-04 14:23:29,892][com.java.TestType] [  461] - 2
[INFO ][2015-11-04 14:23:29,892][com.java.TestType] [  456] -  str(2) = 1
[INFO ][2015-11-04 14:23:29,892][com.java.TestType] [  508] - row values are--------{1=com.java.Objects.TestDataDetails@126c845}
[INFO ][2015-11-04 14:23:29,892][com.java.TestType] [  456] -  str(1) = 2
[INFO ][2015-11-04 14:23:29,892][com.java.TestType] [  459] - Test case Id is---2
[INFO ][2015-11-04 14:23:29,892][com.java.TestType] [  461] - 2
[INFO ][2015-11-04 14:23:29,892][com.java.TestType] [  456] -  str(2) = 2
[INFO ][2015-11-04 14:23:29,892][com.java.TestType] [  508] - row values are--------{1=com.java.Objects.TestDataDetails@126c845, 2=com.java.Objects.TestDataDetails@b930e4}
[INFO ][2015-11-04 14:23:29,892][com.java.TestType] [  456] -  str(1) = 2
[INFO ][2015-11-04 14:23:29,892][com.java.TestType] [  459] - Test case Id is---2
[INFO ][2015-11-04 14:23:29,892][com.java.TestType] [  461] - 2
[INFO ][2015-11-04 14:23:29,892][com.java.TestType] [  456] -  str(2) = 3
[INFO ][2015-11-04 14:23:29,892][com.java.TestType] [  508] - row values are--------{1=com.java.Objects.TestDataDetails@126c845, 2=com.java.Objects.TestDataDetails@b930e4, 3=com.java.Objects.TestDataDetails@7edd33}
[INFO ][2015-11-04 14:23:29,892][com.java.TestType] [ 7899] - Looping 1TCID = 2
[DEBUG][2015-11-04 14:23:29,892][com.java.TestType] [ 7940] - Concept ID:2 :: Step being Executed: 2::1
[INFO ][2015-11-04 14:23:29,892][com.java.TestType] [ 7978] - dataFields : BNK//select[@id='bank']
[DEBUG][2015-11-04 14:23:29,892][com.java.TestType] [ 7984] - <In Set values of the page>
[DEBUG][2015-11-04 14:23:29,892][com.java.TestType] [ 7989] - {Data Fields & Data Values Exist}
[INFO ][2015-11-04 14:23:29,892][com.java.TestType] [ 7995] - --------------------------setting values-----------------------------
[INFO ][2015-11-04 14:23:29,892][com.java.TestType] [ 7998] - Action Type : Select
[INFO ][2015-11-04 14:23:29,892][com.java.TestType] [ 3750] - value = PFC
[INFO ][2015-11-04 14:23:30,092][com.java.TestType] [ 8017] -  RESULT true
[INFO ][2015-11-04 14:23:30,092][com.java.TestType] [ 8134] - ?   P A S S   ?
[DEBUG][2015-11-04 14:23:30,092][com.java.TestType] [ 7940] - Concept ID:2 :: Step being Executed: 2::2
[INFO ][2015-11-04 14:23:30,092][com.java.TestType] [ 7978] - dataFields : LNKLogout
[DEBUG][2015-11-04 14:23:30,092][com.java.TestType] [ 7984] - <In Set values of the page>
[DEBUG][2015-11-04 14:23:30,092][com.java.TestType] [ 7989] - {Data Fields & Data Values Exist}
[INFO ][2015-11-04 14:23:30,092][com.java.TestType] [ 7995] - --------------------------setting values-----------------------------
[INFO ][2015-11-04 14:23:30,092][com.java.TestType] [ 7998] - Action Type : WaitTime
[DEBUG][2015-11-04 14:23:30,092][com.java.TestType] [ 3654] - sleepTime: 5000
[INFO ][2015-11-04 14:23:35,097][com.java.TestType] [ 8017] -  RESULT true
[INFO ][2015-11-04 14:23:35,097][com.java.TestType] [ 8134] - ?   P A S S   ?
[INFO ][2015-11-04 14:23:35,097][com.java.TestType] [ 8205] - Looping End......
[INFO ][2015-11-04 14:23:35,097][com.java.SeleniumDriver] [  861] -  RESULT true
[INFO ][2015-11-04 14:23:35,097][com.java.SeleniumDriver] [ 1066] - ?   P A S S   ?
[INFO ][2015-11-04 14:23:35,097][com.java.SeleniumDriver] [  788] - ------------------------------------------
[INFO ][2015-11-04 14:23:35,097][com.java.SeleniumDriver] [  789] - Test case being Executed: 7
[INFO ][2015-11-04 14:23:35,097][com.java.SeleniumDriver] [  800] - Test step:4
[INFO ][2015-11-04 14:23:35,097][com.java.SeleniumDriver] [  812] - Datavalue is----------null
[DEBUG][2015-11-04 14:23:35,097][com.java.SeleniumDriver] [  830] - Exception: null
[INFO ][2015-11-04 14:23:35,097][com.java.SeleniumDriver] [  836] - DataField : //span[@class='icon-user4']&&Users&&Manage Users
[INFO ][2015-11-04 14:23:35,097][com.java.SeleniumDriver] [  838] - DataValue : 
[INFO ][2015-11-04 14:23:35,097][com.java.SeleniumDriver] [  844] - <In Set values of the page>
[INFO ][2015-11-04 14:23:35,097][com.java.SeleniumDriver] [  847] - {Data Fields & Data Values Exist}
[INFO ][2015-11-04 14:23:35,097][com.java.SeleniumDriver] [  849] - --------------------------setting values-----------------------------
[INFO ][2015-11-04 14:23:35,097][com.java.SeleniumDriver] [  852] - Action Type : MouseOver
[INFO ][2015-11-04 14:23:47,741][com.java.SeleniumDriver] [  861] -  RESULT true
[INFO ][2015-11-04 14:23:47,741][com.java.SeleniumDriver] [ 1066] - ?   P A S S   ?
[INFO ][2015-11-04 14:23:47,741][com.java.SeleniumDriver] [  788] - ------------------------------------------
[INFO ][2015-11-04 14:23:47,741][com.java.SeleniumDriver] [  789] - Test case being Executed: 7
[INFO ][2015-11-04 14:23:47,741][com.java.SeleniumDriver] [  800] - Test step:5
[INFO ][2015-11-04 14:23:47,741][com.java.SeleniumDriver] [  812] - Datavalue is----------1
[INFO ][2015-11-04 14:23:47,741][com.java.SeleniumDriver] [  836] - DataField : BTNframeDialogContent
[INFO ][2015-11-04 14:23:47,741][com.java.SeleniumDriver] [  838] - DataValue : 1
[INFO ][2015-11-04 14:23:47,741][com.java.SeleniumDriver] [  844] - <In Set values of the page>
[INFO ][2015-11-04 14:23:47,741][com.java.SeleniumDriver] [  847] - {Data Fields & Data Values Exist}
[INFO ][2015-11-04 14:23:47,741][com.java.SeleniumDriver] [  849] - --------------------------setting values-----------------------------
[INFO ][2015-11-04 14:23:47,741][com.java.SeleniumDriver] [  852] - Action Type : WaitForElement
[INFO ][2015-11-04 14:23:48,942][com.java.SeleniumDriver] [  861] -  RESULT true
[INFO ][2015-11-04 14:23:48,942][com.java.SeleniumDriver] [ 1066] - ?   P A S S   ?
[INFO ][2015-11-04 14:23:48,942][com.java.SeleniumDriver] [  788] - ------------------------------------------
[INFO ][2015-11-04 14:23:48,942][com.java.SeleniumDriver] [  789] - Test case being Executed: 7
[INFO ][2015-11-04 14:23:48,942][com.java.SeleniumDriver] [  800] - Test step:6
[INFO ][2015-11-04 14:23:48,942][com.java.SeleniumDriver] [  812] - Datavalue is----------null
[DEBUG][2015-11-04 14:23:48,942][com.java.SeleniumDriver] [  830] - Exception: null
[INFO ][2015-11-04 14:23:48,942][com.java.SeleniumDriver] [  836] - DataField : BTNframeDialogContent
[INFO ][2015-11-04 14:23:48,942][com.java.SeleniumDriver] [  838] - DataValue : 
[INFO ][2015-11-04 14:23:48,942][com.java.SeleniumDriver] [  844] - <In Set values of the page>
[INFO ][2015-11-04 14:23:48,942][com.java.SeleniumDriver] [  847] - {Data Fields & Data Values Exist}
[INFO ][2015-11-04 14:23:48,942][com.java.SeleniumDriver] [  849] - --------------------------setting values-----------------------------
[INFO ][2015-11-04 14:23:48,942][com.java.SeleniumDriver] [  852] - Action Type : SelectFrame
[INFO ][2015-11-04 14:23:50,184][com.java.SeleniumDriver] [  861] -  RESULT true
[INFO ][2015-11-04 14:23:50,184][com.java.SeleniumDriver] [ 1066] - ?   P A S S   ?
[INFO ][2015-11-04 14:23:50,184][com.java.SeleniumDriver] [  788] - ------------------------------------------
[INFO ][2015-11-04 14:23:50,184][com.java.SeleniumDriver] [  789] - Test case being Executed: 7
[INFO ][2015-11-04 14:23:50,184][com.java.SeleniumDriver] [  800] - Test step:7
[INFO ][2015-11-04 14:23:50,184][com.java.SeleniumDriver] [  812] - Datavalue is----------1
[INFO ][2015-11-04 14:23:50,184][com.java.SeleniumDriver] [  836] - DataField : BTNbtnAddUser
[INFO ][2015-11-04 14:23:50,184][com.java.SeleniumDriver] [  838] - DataValue : 1
[INFO ][2015-11-04 14:23:50,184][com.java.SeleniumDriver] [  844] - <In Set values of the page>
[INFO ][2015-11-04 14:23:50,184][com.java.SeleniumDriver] [  847] - {Data Fields & Data Values Exist}
[INFO ][2015-11-04 14:23:50,184][com.java.SeleniumDriver] [  849] - --------------------------setting values-----------------------------
[INFO ][2015-11-04 14:23:50,184][com.java.SeleniumDriver] [  852] - Action Type : WaitForElement
[INFO ][2015-11-04 14:23:51,594][com.java.SeleniumDriver] [  861] -  RESULT true
[INFO ][2015-11-04 14:23:51,594][com.java.SeleniumDriver] [ 1066] - ?   P A S S   ?
[INFO ][2015-11-04 14:23:51,594][com.java.SeleniumDriver] [  788] - ------------------------------------------
[INFO ][2015-11-04 14:23:51,594][com.java.SeleniumDriver] [  789] - Test case being Executed: 7
[INFO ][2015-11-04 14:23:51,594][com.java.SeleniumDriver] [  800] - Test step:8
[INFO ][2015-11-04 14:23:51,594][com.java.SeleniumDriver] [  812] - Datavalue is----------null
[DEBUG][2015-11-04 14:23:51,594][com.java.SeleniumDriver] [  830] - Exception: null
[INFO ][2015-11-04 14:23:51,594][com.java.SeleniumDriver] [  836] - DataField : BTNbtnAddUser
[INFO ][2015-11-04 14:23:51,594][com.java.SeleniumDriver] [  838] - DataValue : 
[INFO ][2015-11-04 14:23:51,594][com.java.SeleniumDriver] [  844] - <In Set values of the page>
[INFO ][2015-11-04 14:23:51,594][com.java.SeleniumDriver] [  847] - {Data Fields & Data Values Exist}
[INFO ][2015-11-04 14:23:51,594][com.java.SeleniumDriver] [  849] - --------------------------setting values-----------------------------
[INFO ][2015-11-04 14:23:51,594][com.java.SeleniumDriver] [  852] - Action Type : Click
[INFO ][2015-11-04 14:23:51,594][com.java.TestType] [ 4063] - Field ::BTNbtnAddUser
[INFO ][2015-11-04 14:23:52,595][com.java.TestType] [ 4101] - BEFORE CLICK
[INFO ][2015-11-04 14:23:54,176][com.java.TestType] [ 4108] - Unable to click the object Add user button
[INFO ][2015-11-04 14:23:54,176][com.java.SeleniumDriver] [  861] -  RESULT true
[INFO ][2015-11-04 14:23:54,176][com.java.SeleniumDriver] [ 1066] - ?   P A S S   ?
[INFO ][2015-11-04 14:23:54,176][com.java.SeleniumDriver] [  788] - ------------------------------------------
[INFO ][2015-11-04 14:23:54,176][com.java.SeleniumDriver] [  789] - Test case being Executed: 7
[INFO ][2015-11-04 14:23:54,176][com.java.SeleniumDriver] [  800] - Test step:9
[INFO ][2015-11-04 14:23:54,176][com.java.SeleniumDriver] [  812] - Datavalue is----------1
[INFO ][2015-11-04 14:23:54,176][com.java.SeleniumDriver] [  836] - DataField : BTNtxtUserName
[INFO ][2015-11-04 14:23:54,176][com.java.SeleniumDriver] [  838] - DataValue : 1
[INFO ][2015-11-04 14:23:54,176][com.java.SeleniumDriver] [  844] - <In Set values of the page>
[INFO ][2015-11-04 14:23:54,176][com.java.SeleniumDriver] [  847] - {Data Fields & Data Values Exist}
[INFO ][2015-11-04 14:23:54,176][com.java.SeleniumDriver] [  849] - --------------------------setting values-----------------------------
[INFO ][2015-11-04 14:23:54,176][com.java.SeleniumDriver] [  852] - Action Type : WaitForElement
[INFO ][2015-11-04 14:24:03,396][com.java.SeleniumDriver] [  861] -  RESULT true
[INFO ][2015-11-04 14:24:03,396][com.java.SeleniumDriver] [ 1066] - ?   P A S S   ?
[INFO ][2015-11-04 14:24:03,396][com.java.SeleniumDriver] [  788] - ------------------------------------------
[INFO ][2015-11-04 14:24:03,396][com.java.SeleniumDriver] [  789] - Test case being Executed: 7
[INFO ][2015-11-04 14:24:03,396][com.java.SeleniumDriver] [  800] - Test step:10
[INFO ][2015-11-04 14:24:03,396][com.java.SeleniumDriver] [  812] - Datavalue is----------dt:NewUserName
[INFO ][2015-11-04 14:24:03,396][com.java.SeleniumDriver] [  836] - DataField : TXTtxtUserName
[INFO ][2015-11-04 14:24:03,396][com.java.SeleniumDriver] [  838] - DataValue : dt:NewUserName
[INFO ][2015-11-04 14:24:03,396][com.java.SeleniumDriver] [  844] - <In Set values of the page>
[INFO ][2015-11-04 14:24:03,396][com.java.SeleniumDriver] [  847] - {Data Fields & Data Values Exist}
[INFO ][2015-11-04 14:24:03,396][com.java.SeleniumDriver] [  849] - --------------------------setting values-----------------------------
[INFO ][2015-11-04 14:24:03,396][com.java.SeleniumDriver] [  852] - Action Type : Enter
[INFO ][2015-11-04 14:24:03,396][com.java.TestType] [ 4383] - field = txtUserName
[INFO ][2015-11-04 14:24:03,396][com.java.TestType] [ 3750] - value = vltest.robot
[INFO ][2015-11-04 14:24:06,439][com.java.SeleniumDriver] [  861] -  RESULT true
[INFO ][2015-11-04 14:24:06,439][com.java.SeleniumDriver] [ 1066] - ?   P A S S   ?
[INFO ][2015-11-04 14:24:06,439][com.java.SeleniumDriver] [  788] - ------------------------------------------
[INFO ][2015-11-04 14:24:06,439][com.java.SeleniumDriver] [  789] - Test case being Executed: 7
[INFO ][2015-11-04 14:24:06,439][com.java.SeleniumDriver] [  800] - Test step:11
[INFO ][2015-11-04 14:24:06,439][com.java.SeleniumDriver] [  812] - Datavalue is----------VLTest
[INFO ][2015-11-04 14:24:06,439][com.java.SeleniumDriver] [  836] - DataField : TXTtxtFirstName
[INFO ][2015-11-04 14:24:06,439][com.java.SeleniumDriver] [  838] - DataValue : VLTest
[INFO ][2015-11-04 14:24:06,439][com.java.SeleniumDriver] [  844] - <In Set values of the page>
[INFO ][2015-11-04 14:24:06,439][com.java.SeleniumDriver] [  847] - {Data Fields & Data Values Exist}
[INFO ][2015-11-04 14:24:06,439][com.java.SeleniumDriver] [  849] - --------------------------setting values-----------------------------
[INFO ][2015-11-04 14:24:06,439][com.java.SeleniumDriver] [  852] - Action Type : Enter
[INFO ][2015-11-04 14:24:06,439][com.java.TestType] [ 4383] - field = txtFirstName
[INFO ][2015-11-04 14:24:06,439][com.java.TestType] [ 3750] - value = VLTest
[INFO ][2015-11-04 14:24:09,781][com.java.SeleniumDriver] [  861] -  RESULT true
[INFO ][2015-11-04 14:24:09,781][com.java.SeleniumDriver] [ 1066] - ?   P A S S   ?
[INFO ][2015-11-04 14:24:09,781][com.java.SeleniumDriver] [  788] - ------------------------------------------
[INFO ][2015-11-04 14:24:09,781][com.java.SeleniumDriver] [  789] - Test case being Executed: 7
[INFO ][2015-11-04 14:24:09,781][com.java.SeleniumDriver] [  800] - Test step:12
[INFO ][2015-11-04 14:24:09,781][com.java.SeleniumDriver] [  812] - Datavalue is----------Robot
[INFO ][2015-11-04 14:24:09,781][com.java.SeleniumDriver] [  836] - DataField : TXTtxtLastName
[INFO ][2015-11-04 14:24:09,781][com.java.SeleniumDriver] [  838] - DataValue : Robot
[INFO ][2015-11-04 14:24:09,781][com.java.SeleniumDriver] [  844] - <In Set values of the page>
[INFO ][2015-11-04 14:24:09,781][com.java.SeleniumDriver] [  847] - {Data Fields & Data Values Exist}
[INFO ][2015-11-04 14:24:09,781][com.java.SeleniumDriver] [  849] - --------------------------setting values-----------------------------
[INFO ][2015-11-04 14:24:09,781][com.java.SeleniumDriver] [  852] - Action Type : Enter
[INFO ][2015-11-04 14:24:09,781][com.java.TestType] [ 4383] - field = txtLastName
[INFO ][2015-11-04 14:24:09,781][com.java.TestType] [ 3750] - value = Robot
[INFO ][2015-11-04 14:24:12,883][com.java.SeleniumDriver] [  861] -  RESULT true
[INFO ][2015-11-04 14:24:12,883][com.java.SeleniumDriver] [ 1066] - ?   P A S S   ?
[INFO ][2015-11-04 14:24:12,883][com.java.SeleniumDriver] [  788] - ------------------------------------------
[INFO ][2015-11-04 14:24:12,883][com.java.SeleniumDriver] [  789] - Test case being Executed: 7
[INFO ][2015-11-04 14:24:12,883][com.java.SeleniumDriver] [  800] - Test step:13
[INFO ][2015-11-04 14:24:12,883][com.java.SeleniumDriver] [  812] - Datavalue is----------ValueLabs
[INFO ][2015-11-04 14:24:12,883][com.java.SeleniumDriver] [  836] - DataField : TXTtxtCompany
[INFO ][2015-11-04 14:24:12,883][com.java.SeleniumDriver] [  838] - DataValue : ValueLabs
[INFO ][2015-11-04 14:24:12,883][com.java.SeleniumDriver] [  844] - <In Set values of the page>
[INFO ][2015-11-04 14:24:12,883][com.java.SeleniumDriver] [  847] - {Data Fields & Data Values Exist}
[INFO ][2015-11-04 14:24:12,883][com.java.SeleniumDriver] [  849] - --------------------------setting values-----------------------------
[INFO ][2015-11-04 14:24:12,883][com.java.SeleniumDriver] [  852] - Action Type : Enter
[INFO ][2015-11-04 14:24:12,883][com.java.TestType] [ 4383] - field = txtCompany
[INFO ][2015-11-04 14:24:12,883][com.java.TestType] [ 3750] - value = ValueLabs
[INFO ][2015-11-04 14:24:16,145][com.java.SeleniumDriver] [  861] -  RESULT true
[INFO ][2015-11-04 14:24:16,145][com.java.SeleniumDriver] [ 1066] - ?   P A S S   ?
[INFO ][2015-11-04 14:24:16,145][com.java.SeleniumDriver] [  788] - ------------------------------------------
[INFO ][2015-11-04 14:24:16,145][com.java.SeleniumDriver] [  789] - Test case being Executed: 7
[INFO ][2015-11-04 14:24:16,145][com.java.SeleniumDriver] [  800] - Test step:14
[INFO ][2015-11-04 14:24:16,145][com.java.SeleniumDriver] [  812] - Datavalue is----------India
[INFO ][2015-11-04 14:24:16,145][com.java.SeleniumDriver] [  836] - DataField : TXTtxtLocation
[INFO ][2015-11-04 14:24:16,145][com.java.SeleniumDriver] [  838] - DataValue : India
[INFO ][2015-11-04 14:24:16,145][com.java.SeleniumDriver] [  844] - <In Set values of the page>
[INFO ][2015-11-04 14:24:16,145][com.java.SeleniumDriver] [  847] - {Data Fields & Data Values Exist}
[INFO ][2015-11-04 14:24:16,145][com.java.SeleniumDriver] [  849] - --------------------------setting values-----------------------------
[INFO ][2015-11-04 14:24:16,145][com.java.SeleniumDriver] [  852] - Action Type : Enter
[INFO ][2015-11-04 14:24:16,145][com.java.TestType] [ 4383] - field = txtLocation
[INFO ][2015-11-04 14:24:16,145][com.java.TestType] [ 3750] - value = India
[INFO ][2015-11-04 14:24:19,227][com.java.SeleniumDriver] [  861] -  RESULT true
[INFO ][2015-11-04 14:24:19,227][com.java.SeleniumDriver] [ 1066] - ?   P A S S   ?
[INFO ][2015-11-04 14:24:19,227][com.java.SeleniumDriver] [  788] - ------------------------------------------
[INFO ][2015-11-04 14:24:19,227][com.java.SeleniumDriver] [  789] - Test case being Executed: 7
[INFO ][2015-11-04 14:24:19,227][com.java.SeleniumDriver] [  800] - Test step:15
[INFO ][2015-11-04 14:24:19,227][com.java.SeleniumDriver] [  812] - Datavalue is----------vltest.robot@valuelabs.com
[INFO ][2015-11-04 14:24:19,227][com.java.SeleniumDriver] [  836] - DataField : TXTtxtEMail
[INFO ][2015-11-04 14:24:19,227][com.java.SeleniumDriver] [  838] - DataValue : vltest.robot@valuelabs.com
[INFO ][2015-11-04 14:24:19,227][com.java.SeleniumDriver] [  844] - <In Set values of the page>
[INFO ][2015-11-04 14:24:19,227][com.java.SeleniumDriver] [  847] - {Data Fields & Data Values Exist}
[INFO ][2015-11-04 14:24:19,227][com.java.SeleniumDriver] [  849] - --------------------------setting values-----------------------------
[INFO ][2015-11-04 14:24:19,227][com.java.SeleniumDriver] [  852] - Action Type : Enter
[INFO ][2015-11-04 14:24:19,227][com.java.TestType] [ 4383] - field = txtEMail
[INFO ][2015-11-04 14:24:19,227][com.java.TestType] [ 3750] - value = vltest.robot@valuelabs.com
[INFO ][2015-11-04 14:24:22,639][com.java.SeleniumDriver] [  861] -  RESULT true
[INFO ][2015-11-04 14:24:22,639][com.java.SeleniumDriver] [ 1066] - ?   P A S S   ?
[INFO ][2015-11-04 14:24:22,639][com.java.SeleniumDriver] [  788] - ------------------------------------------
[INFO ][2015-11-04 14:24:22,639][com.java.SeleniumDriver] [  789] - Test case being Executed: 7
[INFO ][2015-11-04 14:24:22,639][com.java.SeleniumDriver] [  800] - Test step:16
[INFO ][2015-11-04 14:24:22,639][com.java.SeleniumDriver] [  812] - Datavalue is----------12345678901
[INFO ][2015-11-04 14:24:22,639][com.java.SeleniumDriver] [  836] - DataField : TXTtxtPhone
[INFO ][2015-11-04 14:24:22,639][com.java.SeleniumDriver] [  838] - DataValue : 12345678901
[INFO ][2015-11-04 14:24:22,639][com.java.SeleniumDriver] [  844] - <In Set values of the page>
[INFO ][2015-11-04 14:24:22,639][com.java.SeleniumDriver] [  847] - {Data Fields & Data Values Exist}
[INFO ][2015-11-04 14:24:22,639][com.java.SeleniumDriver] [  849] - --------------------------setting values-----------------------------
[INFO ][2015-11-04 14:24:22,639][com.java.SeleniumDriver] [  852] - Action Type : Enter
[INFO ][2015-11-04 14:24:22,639][com.java.TestType] [ 4383] - field = txtPhone
[INFO ][2015-11-04 14:24:22,639][com.java.TestType] [ 3750] - value = 12345678901
[INFO ][2015-11-04 14:24:25,711][com.java.SeleniumDriver] [  861] -  RESULT true
[INFO ][2015-11-04 14:24:25,711][com.java.SeleniumDriver] [ 1066] - ?   P A S S   ?
[INFO ][2015-11-04 14:24:25,711][com.java.SeleniumDriver] [  788] - ------------------------------------------
[INFO ][2015-11-04 14:24:25,711][com.java.SeleniumDriver] [  789] - Test case being Executed: 7
[INFO ][2015-11-04 14:24:25,711][com.java.SeleniumDriver] [  800] - Test step:17
[INFO ][2015-11-04 14:24:25,711][com.java.SeleniumDriver] [  812] - Datavalue is----------dt:NewUserPswd
[INFO ][2015-11-04 14:24:25,711][com.java.SeleniumDriver] [  836] - DataField : TXTtxtPassword
[INFO ][2015-11-04 14:24:25,711][com.java.SeleniumDriver] [  838] - DataValue : dt:NewUserPswd
[INFO ][2015-11-04 14:24:25,711][com.java.SeleniumDriver] [  844] - <In Set values of the page>
[INFO ][2015-11-04 14:24:25,711][com.java.SeleniumDriver] [  847] - {Data Fields & Data Values Exist}
[INFO ][2015-11-04 14:24:25,711][com.java.SeleniumDriver] [  849] - --------------------------setting values-----------------------------
[INFO ][2015-11-04 14:24:25,711][com.java.SeleniumDriver] [  852] - Action Type : Enter
[INFO ][2015-11-04 14:24:25,711][com.java.TestType] [ 4383] - field = txtPassword
[INFO ][2015-11-04 14:24:25,711][com.java.TestType] [ 3750] - value = Password1*
[INFO ][2015-11-04 14:24:28,973][com.java.SeleniumDriver] [  861] -  RESULT true
[INFO ][2015-11-04 14:24:28,973][com.java.SeleniumDriver] [ 1066] - ?   P A S S   ?
[INFO ][2015-11-04 14:24:28,973][com.java.SeleniumDriver] [  788] - ------------------------------------------
[INFO ][2015-11-04 14:24:28,973][com.java.SeleniumDriver] [  789] - Test case being Executed: 7
[INFO ][2015-11-04 14:24:28,973][com.java.SeleniumDriver] [  800] - Test step:18
[INFO ][2015-11-04 14:24:28,973][com.java.SeleniumDriver] [  812] - Datavalue is----------dt:NewUserPswd
[INFO ][2015-11-04 14:24:28,973][com.java.SeleniumDriver] [  836] - DataField : TXTtxtPasswordConfirm
[INFO ][2015-11-04 14:24:28,973][com.java.SeleniumDriver] [  838] - DataValue : dt:NewUserPswd
[INFO ][2015-11-04 14:24:28,973][com.java.SeleniumDriver] [  844] - <In Set values of the page>
[INFO ][2015-11-04 14:24:28,973][com.java.SeleniumDriver] [  847] - {Data Fields & Data Values Exist}
[INFO ][2015-11-04 14:24:28,973][com.java.SeleniumDriver] [  849] - --------------------------setting values-----------------------------
[INFO ][2015-11-04 14:24:28,973][com.java.SeleniumDriver] [  852] - Action Type : Enter
[INFO ][2015-11-04 14:24:28,973][com.java.TestType] [ 4383] - field = txtPasswordConfirm
[INFO ][2015-11-04 14:24:28,973][com.java.TestType] [ 3750] - value = Password1*
[INFO ][2015-11-04 14:24:32,255][com.java.SeleniumDriver] [  861] -  RESULT true
[INFO ][2015-11-04 14:24:32,255][com.java.SeleniumDriver] [ 1066] - ?   P A S S   ?
[INFO ][2015-11-04 14:24:32,255][com.java.SeleniumDriver] [  788] - ------------------------------------------
[INFO ][2015-11-04 14:24:32,255][com.java.SeleniumDriver] [  789] - Test case being Executed: 7
[INFO ][2015-11-04 14:24:32,255][com.java.SeleniumDriver] [  800] - Test step:19
[INFO ][2015-11-04 14:24:32,255][com.java.SeleniumDriver] [  812] - Datavalue is----------null
[DEBUG][2015-11-04 14:24:32,255][com.java.SeleniumDriver] [  830] - Exception: null
[INFO ][2015-11-04 14:24:32,255][com.java.SeleniumDriver] [  836] - DataField : BTNparent
[INFO ][2015-11-04 14:24:32,255][com.java.SeleniumDriver] [  838] - DataValue : 
[INFO ][2015-11-04 14:24:32,255][com.java.SeleniumDriver] [  844] - <In Set values of the page>
[INFO ][2015-11-04 14:24:32,255][com.java.SeleniumDriver] [  847] - {Data Fields & Data Values Exist}
[INFO ][2015-11-04 14:24:32,255][com.java.SeleniumDriver] [  849] - --------------------------setting values-----------------------------
[INFO ][2015-11-04 14:24:32,255][com.java.SeleniumDriver] [  852] - Action Type : SelectFrame
[INFO ][2015-11-04 14:24:32,265][com.java.SeleniumDriver] [  861] -  RESULT true
[INFO ][2015-11-04 14:24:32,265][com.java.SeleniumDriver] [ 1066] - ?   P A S S   ?
[INFO ][2015-11-04 14:24:32,265][com.java.SeleniumDriver] [  788] - ------------------------------------------
[INFO ][2015-11-04 14:24:32,265][com.java.SeleniumDriver] [  789] - Test case being Executed: 7
[INFO ][2015-11-04 14:24:32,265][com.java.SeleniumDriver] [  800] - Test step:20
[INFO ][2015-11-04 14:24:32,265][com.java.SeleniumDriver] [  812] - Datavalue is----------null
[DEBUG][2015-11-04 14:24:32,265][com.java.SeleniumDriver] [  830] - Exception: null
[INFO ][2015-11-04 14:24:32,265][com.java.SeleniumDriver] [  836] - DataField : XPH//span[contains(text(), 'Finished')]
[INFO ][2015-11-04 14:24:32,265][com.java.SeleniumDriver] [  838] - DataValue : 
[INFO ][2015-11-04 14:24:32,265][com.java.SeleniumDriver] [  844] - <In Set values of the page>
[INFO ][2015-11-04 14:24:32,265][com.java.SeleniumDriver] [  847] - {Data Fields & Data Values Exist}
[INFO ][2015-11-04 14:24:32,265][com.java.SeleniumDriver] [  849] - --------------------------setting values-----------------------------
[INFO ][2015-11-04 14:24:32,265][com.java.SeleniumDriver] [  852] - Action Type : Click
[INFO ][2015-11-04 14:24:32,265][com.java.TestType] [ 4063] - Field ::XPH//span[contains(text(), 'Finished')]
[INFO ][2015-11-04 14:24:33,265][com.java.TestType] [ 4122] - BEFORE CLICK
[INFO ][2015-11-04 14:24:34,675][com.java.TestType] [ 4130] - Unable to click the object Finished button
[INFO ][2015-11-04 14:24:34,675][com.java.SeleniumDriver] [  861] -  RESULT true
[INFO ][2015-11-04 14:24:34,675][com.java.SeleniumDriver] [ 1066] - ?   P A S S   ?
[INFO ][2015-11-04 14:24:34,675][com.java.SeleniumDriver] [  788] - ------------------------------------------
[INFO ][2015-11-04 14:24:34,675][com.java.SeleniumDriver] [  789] - Test case being Executed: 7
[INFO ][2015-11-04 14:24:34,675][com.java.SeleniumDriver] [  800] - Test step:21
[INFO ][2015-11-04 14:24:34,675][com.java.SeleniumDriver] [  812] - Datavalue is----------5
[INFO ][2015-11-04 14:24:34,675][com.java.SeleniumDriver] [  836] - DataField : test
[INFO ][2015-11-04 14:24:34,675][com.java.SeleniumDriver] [  838] - DataValue : 5
[INFO ][2015-11-04 14:24:34,675][com.java.SeleniumDriver] [  844] - <In Set values of the page>
[INFO ][2015-11-04 14:24:34,675][com.java.SeleniumDriver] [  847] - {Data Fields & Data Values Exist}
[INFO ][2015-11-04 14:24:34,675][com.java.SeleniumDriver] [  849] - --------------------------setting values-----------------------------
[INFO ][2015-11-04 14:24:34,675][com.java.SeleniumDriver] [  852] - Action Type : WaitTime
[DEBUG][2015-11-04 14:24:34,675][com.java.TestType] [ 3654] - sleepTime: 5000
[INFO ][2015-11-04 14:24:39,676][com.java.SeleniumDriver] [  861] -  RESULT true
[INFO ][2015-11-04 14:24:39,676][com.java.SeleniumDriver] [ 1066] - ?   P A S S   ?
[INFO ][2015-11-04 14:24:39,676][com.java.SeleniumDriver] [  788] - ------------------------------------------
[INFO ][2015-11-04 14:24:39,676][com.java.SeleniumDriver] [  789] - Test case being Executed: 7
[INFO ][2015-11-04 14:24:39,676][com.java.SeleniumDriver] [  800] - Test step:22
[INFO ][2015-11-04 14:24:39,676][com.java.SeleniumDriver] [  812] - Datavalue is----------null
[DEBUG][2015-11-04 14:24:39,676][com.java.SeleniumDriver] [  830] - Exception: null
[INFO ][2015-11-04 14:24:39,676][com.java.SeleniumDriver] [  836] - DataField : XPH//span[contains(text(), 'Finished')]
[INFO ][2015-11-04 14:24:39,676][com.java.SeleniumDriver] [  838] - DataValue : 
[INFO ][2015-11-04 14:24:39,676][com.java.SeleniumDriver] [  844] - <In Set values of the page>
[INFO ][2015-11-04 14:24:39,676][com.java.SeleniumDriver] [  847] - {Data Fields & Data Values Exist}
[INFO ][2015-11-04 14:24:39,676][com.java.SeleniumDriver] [  849] - --------------------------setting values-----------------------------
[INFO ][2015-11-04 14:24:39,676][com.java.SeleniumDriver] [  852] - Action Type : Click
[INFO ][2015-11-04 14:24:39,676][com.java.TestType] [ 4063] - Field ::XPH//span[contains(text(), 'Finished')]
[INFO ][2015-11-04 14:24:40,677][com.java.TestType] [ 4122] - BEFORE CLICK
[INFO ][2015-11-04 14:24:51,217][com.java.TestType] [ 4130] - Unable to click the object Finished button
[INFO ][2015-11-04 14:24:51,217][com.java.SeleniumDriver] [  861] -  RESULT true
[INFO ][2015-11-04 14:24:51,217][com.java.SeleniumDriver] [ 1066] - ?   P A S S   ?
[INFO ][2015-11-04 14:24:51,217][com.java.SeleniumDriver] [  788] - ------------------------------------------
[INFO ][2015-11-04 14:24:51,217][com.java.SeleniumDriver] [  789] - Test case being Executed: 7
[INFO ][2015-11-04 14:24:51,217][com.java.SeleniumDriver] [  800] - Test step:23
[INFO ][2015-11-04 14:24:51,217][com.java.SeleniumDriver] [  812] - Datavalue is----------5
[INFO ][2015-11-04 14:24:51,217][com.java.SeleniumDriver] [  836] - DataField : BTNframeDialogContent
[INFO ][2015-11-04 14:24:51,217][com.java.SeleniumDriver] [  838] - DataValue : 5
[INFO ][2015-11-04 14:24:51,217][com.java.SeleniumDriver] [  844] - <In Set values of the page>
[INFO ][2015-11-04 14:24:51,217][com.java.SeleniumDriver] [  847] - {Data Fields & Data Values Exist}
[INFO ][2015-11-04 14:24:51,217][com.java.SeleniumDriver] [  849] - --------------------------setting values-----------------------------
[INFO ][2015-11-04 14:24:51,217][com.java.SeleniumDriver] [  852] - Action Type : WaitForElement
[INFO ][2015-11-04 14:24:52,430][com.java.SeleniumDriver] [  861] -  RESULT true
[INFO ][2015-11-04 14:24:52,430][com.java.SeleniumDriver] [ 1066] - ?   P A S S   ?
[INFO ][2015-11-04 14:24:52,430][com.java.SeleniumDriver] [  788] - ------------------------------------------
[INFO ][2015-11-04 14:24:52,430][com.java.SeleniumDriver] [  789] - Test case being Executed: 7
[INFO ][2015-11-04 14:24:52,430][com.java.SeleniumDriver] [  800] - Test step:24
[INFO ][2015-11-04 14:24:52,430][com.java.SeleniumDriver] [  812] - Datavalue is----------null
[DEBUG][2015-11-04 14:24:52,430][com.java.SeleniumDriver] [  830] - Exception: null
[INFO ][2015-11-04 14:24:52,430][com.java.SeleniumDriver] [  836] - DataField : BTNframeDialogContent
[INFO ][2015-11-04 14:24:52,430][com.java.SeleniumDriver] [  838] - DataValue : 
[INFO ][2015-11-04 14:24:52,430][com.java.SeleniumDriver] [  844] - <In Set values of the page>
[INFO ][2015-11-04 14:24:52,430][com.java.SeleniumDriver] [  847] - {Data Fields & Data Values Exist}
[INFO ][2015-11-04 14:24:52,430][com.java.SeleniumDriver] [  849] - --------------------------setting values-----------------------------
[INFO ][2015-11-04 14:24:52,430][com.java.SeleniumDriver] [  852] - Action Type : SelectFrame
[INFO ][2015-11-04 14:24:53,672][com.java.SeleniumDriver] [  861] -  RESULT true
[INFO ][2015-11-04 14:24:53,672][com.java.SeleniumDriver] [ 1066] - ?   P A S S   ?
[INFO ][2015-11-04 14:24:53,672][com.java.SeleniumDriver] [  788] - ------------------------------------------
[INFO ][2015-11-04 14:24:53,672][com.java.SeleniumDriver] [  789] - Test case being Executed: 7
[INFO ][2015-11-04 14:24:53,672][com.java.SeleniumDriver] [  800] - Test step:25
[INFO ][2015-11-04 14:24:53,672][com.java.SeleniumDriver] [  812] - Datavalue is----------null
[DEBUG][2015-11-04 14:24:53,672][com.java.SeleniumDriver] [  830] - Exception: null
[INFO ][2015-11-04 14:24:53,672][com.java.SeleniumDriver] [  836] - DataField : XPH//table[@id="tblUserListing"]//td[contains(text(),'vltest.robot')]
[INFO ][2015-11-04 14:24:53,672][com.java.SeleniumDriver] [  838] - DataValue : 
[INFO ][2015-11-04 14:24:53,672][com.java.SeleniumDriver] [  844] - <In Set values of the page>
[INFO ][2015-11-04 14:24:53,672][com.java.SeleniumDriver] [  847] - {Data Fields & Data Values Exist}
[INFO ][2015-11-04 14:24:53,672][com.java.SeleniumDriver] [  849] - --------------------------setting values-----------------------------
[INFO ][2015-11-04 14:24:53,672][com.java.SeleniumDriver] [  852] - Action Type : WaitForElement
[INFO ][2015-11-04 14:24:53,732][com.java.SeleniumDriver] [  861] -  RESULT true
[INFO ][2015-11-04 14:24:53,732][com.java.SeleniumDriver] [ 1066] - ?   P A S S   ?
[INFO ][2015-11-04 14:24:53,732][com.java.SeleniumDriver] [  788] - ------------------------------------------
[INFO ][2015-11-04 14:24:53,732][com.java.SeleniumDriver] [  789] - Test case being Executed: 7
[INFO ][2015-11-04 14:24:53,732][com.java.SeleniumDriver] [  800] - Test step:26
[INFO ][2015-11-04 14:24:53,732][com.java.SeleniumDriver] [  812] - Datavalue is----------dt:NewUserName
[INFO ][2015-11-04 14:24:53,732][com.java.SeleniumDriver] [  836] - DataField : USR
[INFO ][2015-11-04 14:24:53,732][com.java.SeleniumDriver] [  838] - DataValue : dt:NewUserName
[INFO ][2015-11-04 14:24:53,732][com.java.SeleniumDriver] [  844] - <In Set values of the page>
[INFO ][2015-11-04 14:24:53,732][com.java.SeleniumDriver] [  847] - {Data Fields & Data Values Exist}
[INFO ][2015-11-04 14:24:53,732][com.java.SeleniumDriver] [  849] - --------------------------setting values-----------------------------
[INFO ][2015-11-04 14:24:53,732][com.java.SeleniumDriver] [  852] - Action Type : Verify
[INFO ][2015-11-04 14:24:53,732][com.java.TestType] [ 4876] - field= USR value= dt:NewUserName
[INFO ][2015-11-04 14:24:53,732][com.java.TestType] [ 3750] - value = vltest.robot
[INFO ][2015-11-04 14:24:53,792][com.java.SeleniumDriver] [  861] -  RESULT true
[INFO ][2015-11-04 14:24:53,792][com.java.SeleniumDriver] [ 1066] - ?   P A S S   ?
[INFO ][2015-11-04 14:24:53,792][com.java.SeleniumDriver] [  788] - ------------------------------------------
[INFO ][2015-11-04 14:24:53,792][com.java.SeleniumDriver] [  789] - Test case being Executed: 7
[INFO ][2015-11-04 14:24:53,792][com.java.SeleniumDriver] [  800] - Test step:27
[INFO ][2015-11-04 14:24:53,792][com.java.SeleniumDriver] [  812] - Datavalue is----------Loginusername
[INFO ][2015-11-04 14:24:53,792][com.java.SeleniumDriver] [  836] - DataField : XPH//table[@id="tblUserListing"]//td[contains(text(),'vltest.robot')]
[INFO ][2015-11-04 14:24:53,792][com.java.SeleniumDriver] [  838] - DataValue : Loginusername
[INFO ][2015-11-04 14:24:53,792][com.java.SeleniumDriver] [  844] - <In Set values of the page>
[INFO ][2015-11-04 14:24:53,792][com.java.SeleniumDriver] [  847] - {Data Fields & Data Values Exist}
[INFO ][2015-11-04 14:24:53,792][com.java.SeleniumDriver] [  849] - --------------------------setting values-----------------------------
[INFO ][2015-11-04 14:24:53,792][com.java.SeleniumDriver] [  852] - Action Type : STOREVALUE
[INFO ][2015-11-04 14:24:53,792][com.java.TestType] [ 5810] - field= XPH//table[@id="tblUserListing"]//td[contains(text(),'vltest.robot')]
[DEBUG][2015-11-04 14:24:53,792][com.java.TestType] [  795] - Unable to perform actionXPH//table[@id="tblUserListing"]//td[contains(text(),'vltest.robot')]
[ERROR][2015-11-04 14:24:53,792][com.java.TestType] [  796] - Exception: null
[INFO ][2015-11-04 14:24:53,792][com.java.SeleniumDriver] [  861] -  RESULT false
[INFO ][2015-11-04 14:24:53,792][com.java.SeleniumDriver] [  908] - ?   F A I L   ?
[INFO ][2015-11-04 14:24:53,792][com.java.SeleniumDriver] [  916] - Browser Type : IE11
[INFO ][2015-11-04 14:24:53,792][com.java.SeleniumDriver] [  917] - Adding Failed case7
[INFO ][2015-11-04 14:24:55,042][com.java.SeleniumDriver] [ 1030] - failedCases = 7
[ERROR][2015-11-04 14:24:55,042][com.java.SeleniumDriver] [ 1516] - Platform Errors : Our apologies...::We have encountered an issue with your request.::Our apologies?:We encountered an issue with your request.
[INFO ][2015-11-04 14:24:55,042][com.java.SeleniumDriver] [ 1520] - Length =3
[ERROR][2015-11-04 14:24:55,042][com.java.SeleniumDriver] [ 1523] - Error 0 = Our apologies...
[ERROR][2015-11-04 14:24:55,063][com.java.SeleniumDriver] [ 1523] - Error 1 = We have encountered an issue with your request.
[ERROR][2015-11-04 14:24:55,083][com.java.SeleniumDriver] [ 1523] - Error 2 = Our apologies?:We encountered an issue with your request.
[DEBUG][2015-11-04 14:24:55,113][com.java.SeleniumDriver] [ 1168] - Case found
[DEBUG][2015-11-04 14:24:55,113][com.java.SeleniumDriver] [ 1173] - Incrementing ReportCounters[0]:2
[INFO ][2015-11-04 14:24:55,113][com.java.SeleniumDriver] [ 1192] - The results are-------------------[7, 27, Manage Users: Add User, Fail, 
Test case failed at Step No. :: 27. Screen Shot : D:\BankersDashboard\TestReports\110415\7_110415_142453_IE11.png, Wed Nov 04 14:24:55 IST 2015]
[INFO ][2015-11-04 14:24:55,113][com.java.SeleniumDriver] [ 1196] - End time is-------2 min 40 sec
[INFO ][2015-11-04 14:24:55,113][com.java.SeleniumDriver] [ 1197] - The results are-------------------[7, 27, Manage Users: Add User, Fail, 
Test case failed at Step No. :: 27. Screen Shot : D:\BankersDashboard\TestReports\110415\7_110415_142453_IE11.png, Wed Nov 04 14:24:55 IST 2015]
[DEBUG][2015-11-04 14:24:55,113][com.java.ImportnExport.ExportTestResultsExcel] [  222] - testResultPath = D:\BankersDashboard/TestReports/Test Results_BankersDashBoard_110415_142216_IE11_Bank of North Carolina.xls
[DEBUG][2015-11-04 14:24:55,113][com.java.ImportnExport.ExportTestResultsExcel] [  223] - browser is------------IE11
[DEBUG][2015-11-04 14:24:55,113][com.java.ImportnExport.ExportTestResultsExcel] [  270] - result.size() = 6
[DEBUG][2015-11-04 14:24:55,113][com.java.ImportnExport.ExportTestResultsExcel] [  274] - No of rows in sheet=2
[DEBUG][2015-11-04 14:24:55,113][com.java.ImportnExport.ExportTestResultsExcel] [  301] - ..in export..7
[DEBUG][2015-11-04 14:24:55,113][com.java.ImportnExport.ExportTestResultsExcel] [  301] - ..in export..Manage Users: Add User
[DEBUG][2015-11-04 14:24:55,113][com.java.ImportnExport.ExportTestResultsExcel] [  301] - ..in export..Fail
[DEBUG][2015-11-04 14:24:55,113][com.java.ImportnExport.ExportTestResultsExcel] [  301] - ..in export..
Test case failed at Step No. :: 27. Screen Shot : D:\BankersDashboard\TestReports\110415\7_110415_142453_IE11.png
[DEBUG][2015-11-04 14:24:55,113][com.java.ImportnExport.ExportTestResultsExcel] [  301] - ..in export..Wed Nov 04 14:24:55 IST 2015
[INFO ][2015-11-04 14:24:55,113][com.java.SeleniumDriver] [ 1255] - out loop:1 size:2 TestCases:[1, 7] testcases:[1, 7]
[INFO ][2015-11-04 14:24:57,113][com.java.SeleniumDriver] [ 1297] - Total Number of Cases:2
[INFO ][2015-11-04 14:24:57,113][com.java.TemplateGenerator] [  302] - Executed:2
[INFO ][2015-11-04 14:24:57,113][com.java.TemplateGenerator] [  303] - Passed:1
[INFO ][2015-11-04 14:24:57,113][com.java.TemplateGenerator] [  304] - Failed:1
[INFO ][2015-11-04 14:24:57,113][com.java.TemplateGenerator] [  305] - Skipeed:0
[INFO ][2015-11-04 14:24:57,113][com.java.TemplateGenerator] [  306] - Application URL:https://clients-xuat.bankersdashboard.com
[INFO ][2015-11-04 14:24:57,113][com.java.TemplateGenerator] [  307] - Start Time:110415_142216
[INFO ][2015-11-04 14:24:57,113][com.java.TemplateGenerator] [  308] -  Creating HTML Report 
[ERROR][2015-11-04 14:24:57,113][com.java.TemplateGenerator] [  409] - Unparseable date: "Wed Nov 04 02:22:16 IST 2015"
[INFO ][2015-11-04 14:24:57,113][com.java.TemplateGenerator] [  654] -  Exporting case :: 1
[INFO ][2015-11-04 14:24:57,113][com.java.TemplateGenerator] [  654] -  Exporting case :: 7
[INFO ][2015-11-04 14:24:57,113][com.java.SeleniumDriver] [ 1346] - End Time:110415_142457
[INFO ][2015-11-04 14:24:57,113][com.java.SeleniumDriver] [ 1349] - Data in Test Execution Details:{1=PASS, 7=FAILTest case failed at Step No. :: 27}
[INFO ][2015-11-04 14:24:57,113][com.java.SeleniumDriver] [ 1350] - Data in Failed Execution Deatils:{}
[INFO ][2015-11-04 14:24:57,113][com.java.SeleniumDriver] [ 1352] - ReportCounter:Total:2 :: PASS: 1 ::FAIL: 1
[INFO ][2015-11-04 14:24:57,113][com.java.SeleniumDriver] [ 1353] - FailedReportCounter:Total:0 :: PASS: 0 ::FAIL: 0
[INFO ][2015-11-04 14:24:57,114][com.java.EmailTestReport] [   63] - Sending report mail details:
[INFO ][2015-11-04 14:24:57,114][com.java.EmailTestReport] [   80] - Excel Report Path:D:\BankersDashboard/TestReports/Test Results_BankersDashBoard_110415_142216_IE11_Bank of North Carolina.xls
[INFO ][2015-11-04 14:24:57,114][com.java.EmailTestReport] [   81] - HTML Report Path:D:\BankersDashboard//TestReports//Test Results_BankersDashBoard_110415_142216_IE11_Bank of North Carolina.html
[INFO ][2015-11-04 14:24:57,114][com.java.EmailTestReport] [   82] - smtpHostName:mail01.valuelabs.com
[INFO ][2015-11-04 14:24:57,114][com.java.EmailTestReport] [   83] - Recipient:venkateswararao.gubbala@valuelabs.com
[INFO ][2015-11-04 14:24:57,114][com.java.EmailTestReport] [   84] - From:venkateswararao.gubbala@valuelabs.com
[INFO ][2015-11-04 14:24:57,114][com.java.EmailTestReport] [   85] - Subject:Deluxe Corp Bankers Dashboard Automation Test Report - Bank of North Carolina - IE11
[INFO ][2015-11-04 14:24:57,134][com.java.EmailTestReport] [  143] -  Added venkateswararao.gubbala@valuelabs.com
[INFO ][2015-11-04 14:25:00,654][com.java.SeleniumDriver] [  719] - quitting the browser 
[INFO ][2015-11-04 14:25:01,956][com.java.SeleniumDriver] [  263] - Execution Completed Stopping the thread
