[INFO ][2016-01-27 16:38:03,627][com.java.SeleniumDriver] [  213] - Execute Failed Casesfalse
[INFO ][2016-01-27 16:38:03,627][com.java.SeleniumDriver] [  214] - Browser: IE10
[INFO ][2016-01-27 16:38:03,632][com.java.SeleniumDriver] [  215] - [1, 8]
[INFO ][2016-01-27 16:38:03,632][com.java.SeleniumDriver] [  216] - Total TestCases:2
[INFO ][2016-01-27 16:38:03,632][com.java.SeleniumDriver] [  217] -  Reading Properties from Property File 
[DEBUG][2016-01-27 16:38:03,633][com.java.SeleniumDriver] [  238] - url : https://clients-xuat.bankersdashboard.com
[INFO ][2016-01-27 16:38:03,634][com.java.ImportnExport.ExportTestResultsExcel] [  116] - Time Stamp Wed Jan 27 04:38:03 IST 2016
[INFO ][2016-01-27 16:38:03,634][com.java.ImportnExport.ExportTestResultsExcel] [  175] - OUT FILE : D:\BankersDashboard/TestReports/Test Results_BankersDashBoard_012716_163803_IE10_Any Bank USA.xls
[INFO ][2016-01-27 16:38:03,662][com.java.ImportnExport.ExportTestResultsExcel] [  180] - Test Result file is created
[DEBUG][2016-01-27 16:38:03,749][com.java.SeleniumDriver] [  426] - Hub ip address is-------172.17.68.34
[INFO ][2016-01-27 16:38:03,750][com.java.SeleniumDriver] [  452] - Grid URL:http://172.17.68.34:4444/wd/hub
[INFO ][2016-01-27 16:38:03,750][com.java.SeleniumDriver] [  453] - Capability:Capabilities [{platform=ANY, ensureCleanSession=true, ignoreProtectedModeSettings=true, acceptSslCerts=true, ignoreZoomSetting=true, browserName=internet explorer, browserstack.ie.noFlash=true, version=null}]
[ERROR][2016-01-27 16:38:05,065][com.java.SeleniumDriver] [  498] - Unable invoke browser in grid:Could not start a new session. Possible causes are invalid address of the remote server or browser start-up failure.
Build info: version: '2.48.2', revision: '41bccdd', time: '2015-10-09 19:59:12'
System info: host: 'FVTIII438F1D', ip: '172.17.68.34', os.name: 'Windows 7', os.arch: 'x86', os.version: '6.1', java.version: '1.7.0_55'
Driver info: driver.version: SeleniumDriver
[INFO ][2016-01-27 16:38:05,065][com.java.SeleniumDriver] [  500] - Executing on local machine
[INFO ][2016-01-27 16:38:15,533][com.java.SeleniumDriver] [  248] - IE10is opened
[INFO ][2016-01-27 16:38:16,367][com.java.SeleniumDriver] [  756] - Test cases to be executed are: [1, 8]
[INFO ][2016-01-27 16:38:16,391][com.java.ImportnExport.ImportTestDataDetailsExcel] [   49] - test data details path===== D:\BankersDashboard\TestInputs\TestData.xls
[INFO ][2016-01-27 16:38:16,468][com.java.SeleniumDriver] [  856] - ------------------------------------------
[INFO ][2016-01-27 16:38:16,468][com.java.SeleniumDriver] [  857] - Test case being Executed: 1
[INFO ][2016-01-27 16:38:16,468][com.java.SeleniumDriver] [  869] - Test step:1
[INFO ][2016-01-27 16:38:16,469][com.java.SeleniumDriver] [  881] - Datavalue is----------Concept#1:1-14
[INFO ][2016-01-27 16:38:16,469][com.java.SeleniumDriver] [  905] - DataField : test
[INFO ][2016-01-27 16:38:16,469][com.java.SeleniumDriver] [  907] - DataValue : Concept#1:1-14
[INFO ][2016-01-27 16:38:16,469][com.java.SeleniumDriver] [  913] - <In Set values of the page>
[INFO ][2016-01-27 16:38:16,469][com.java.SeleniumDriver] [  916] - {Data Fields & Data Values Exist}
[INFO ][2016-01-27 16:38:16,469][com.java.SeleniumDriver] [  918] - --------------------------setting values-----------------------------
[INFO ][2016-01-27 16:38:16,469][com.java.SeleniumDriver] [  921] - Action Type : ExecuteTestCase
[INFO ][2016-01-27 16:38:16,490][com.java.TestType] [  442] - The Concept sheet name is ---------- Concept
[INFO ][2016-01-27 16:38:16,490][com.java.TestType] [  445] - The Concept ID  is ---------- 1
[DEBUG][2016-01-27 16:38:16,491][com.java.TestType] [  449] - Steps being executted in the Concept are: 1:14
[INFO ][2016-01-27 16:38:16,491][com.java.TestType] [  456] - Test data details path ---------- D:\BankersDashboard\TestInputs\TestData.xls
[INFO ][2016-01-27 16:38:16,499][com.java.TestType] [  487] -  str(1) = 1
[INFO ][2016-01-27 16:38:16,499][com.java.TestType] [  490] - Test case Id is---1
[INFO ][2016-01-27 16:38:16,499][com.java.TestType] [  492] - 1
[INFO ][2016-01-27 16:38:16,500][com.java.TestType] [  487] -  str(2) = 1
[INFO ][2016-01-27 16:38:16,500][com.java.TestType] [  487] -  str(1) = 1
[INFO ][2016-01-27 16:38:16,500][com.java.TestType] [  490] - Test case Id is---1
[INFO ][2016-01-27 16:38:16,500][com.java.TestType] [  492] - 1
[INFO ][2016-01-27 16:38:16,500][com.java.TestType] [  487] -  str(2) = 2
[INFO ][2016-01-27 16:38:16,502][com.java.TestType] [  487] -  str(1) = 1
[INFO ][2016-01-27 16:38:16,502][com.java.TestType] [  490] - Test case Id is---1
[INFO ][2016-01-27 16:38:16,503][com.java.TestType] [  492] - 1
[INFO ][2016-01-27 16:38:16,503][com.java.TestType] [  487] -  str(2) = 3
[INFO ][2016-01-27 16:38:16,503][com.java.TestType] [  487] -  str(1) = 1
[INFO ][2016-01-27 16:38:16,503][com.java.TestType] [  490] - Test case Id is---1
[INFO ][2016-01-27 16:38:16,503][com.java.TestType] [  492] - 1
[INFO ][2016-01-27 16:38:16,503][com.java.TestType] [  487] -  str(2) = 4
[INFO ][2016-01-27 16:38:16,503][com.java.TestType] [  487] -  str(1) = 1
[INFO ][2016-01-27 16:38:16,504][com.java.TestType] [  490] - Test case Id is---1
[INFO ][2016-01-27 16:38:16,504][com.java.TestType] [  492] - 1
[INFO ][2016-01-27 16:38:16,504][com.java.TestType] [  487] -  str(2) = 5
[INFO ][2016-01-27 16:38:16,504][com.java.TestType] [  487] -  str(1) = 1
[INFO ][2016-01-27 16:38:16,504][com.java.TestType] [  490] - Test case Id is---1
[INFO ][2016-01-27 16:38:16,504][com.java.TestType] [  492] - 1
[INFO ][2016-01-27 16:38:16,504][com.java.TestType] [  487] -  str(2) = 6
[INFO ][2016-01-27 16:38:16,505][com.java.TestType] [  487] -  str(1) = 1
[INFO ][2016-01-27 16:38:16,505][com.java.TestType] [  490] - Test case Id is---1
[INFO ][2016-01-27 16:38:16,505][com.java.TestType] [  492] - 1
[INFO ][2016-01-27 16:38:16,505][com.java.TestType] [  487] -  str(2) = 7
[INFO ][2016-01-27 16:38:16,505][com.java.TestType] [  487] -  str(1) = 1
[INFO ][2016-01-27 16:38:16,505][com.java.TestType] [  490] - Test case Id is---1
[INFO ][2016-01-27 16:38:16,505][com.java.TestType] [  492] - 1
[INFO ][2016-01-27 16:38:16,505][com.java.TestType] [  487] -  str(2) = 8
[INFO ][2016-01-27 16:38:16,506][com.java.TestType] [  487] -  str(1) = 1
[INFO ][2016-01-27 16:38:16,506][com.java.TestType] [  490] - Test case Id is---1
[INFO ][2016-01-27 16:38:16,506][com.java.TestType] [  492] - 1
[INFO ][2016-01-27 16:38:16,506][com.java.TestType] [  487] -  str(2) = 9
[INFO ][2016-01-27 16:38:16,506][com.java.TestType] [  487] -  str(1) = 1
[INFO ][2016-01-27 16:38:16,506][com.java.TestType] [  490] - Test case Id is---1
[INFO ][2016-01-27 16:38:16,506][com.java.TestType] [  492] - 1
[INFO ][2016-01-27 16:38:16,506][com.java.TestType] [  487] -  str(2) = 10
[INFO ][2016-01-27 16:38:16,507][com.java.TestType] [  487] -  str(1) = 1
[INFO ][2016-01-27 16:38:16,507][com.java.TestType] [  490] - Test case Id is---1
[INFO ][2016-01-27 16:38:16,507][com.java.TestType] [  492] - 1
[INFO ][2016-01-27 16:38:16,507][com.java.TestType] [  487] -  str(2) = 11
[INFO ][2016-01-27 16:38:16,507][com.java.TestType] [  487] -  str(1) = 1
[INFO ][2016-01-27 16:38:16,507][com.java.TestType] [  490] - Test case Id is---1
[INFO ][2016-01-27 16:38:16,507][com.java.TestType] [  492] - 1
[INFO ][2016-01-27 16:38:16,507][com.java.TestType] [  487] -  str(2) = 12
[INFO ][2016-01-27 16:38:16,508][com.java.TestType] [  487] -  str(1) = 1
[INFO ][2016-01-27 16:38:16,508][com.java.TestType] [  490] - Test case Id is---1
[INFO ][2016-01-27 16:38:16,508][com.java.TestType] [  492] - 1
[INFO ][2016-01-27 16:38:16,508][com.java.TestType] [  487] -  str(2) = 13
[INFO ][2016-01-27 16:38:16,508][com.java.TestType] [  487] -  str(1) = 1
[INFO ][2016-01-27 16:38:16,508][com.java.TestType] [  490] - Test case Id is---1
[INFO ][2016-01-27 16:38:16,508][com.java.TestType] [  492] - 1
[INFO ][2016-01-27 16:38:16,508][com.java.TestType] [  487] -  str(2) = 14
[INFO ][2016-01-27 16:38:16,509][com.java.TestType] [  487] -  str(1) = 1
[INFO ][2016-01-27 16:38:16,509][com.java.TestType] [  490] - Test case Id is---1
[INFO ][2016-01-27 16:38:16,509][com.java.TestType] [  492] - 1
[INFO ][2016-01-27 16:38:16,509][com.java.TestType] [  487] -  str(2) = 15
[INFO ][2016-01-27 16:38:16,509][com.java.TestType] [  487] -  str(1) = 1
[INFO ][2016-01-27 16:38:16,509][com.java.TestType] [  490] - Test case Id is---1
[INFO ][2016-01-27 16:38:16,509][com.java.TestType] [  492] - 1
[INFO ][2016-01-27 16:38:16,509][com.java.TestType] [  487] -  str(2) = 16
[INFO ][2016-01-27 16:38:16,509][com.java.TestType] [11684] - Looping 1TCID = 1
[DEBUG][2016-01-27 16:38:16,510][com.java.TestType] [11725] - Concept ID:1 :: Step being Executed: 1::1
[INFO ][2016-01-27 16:38:16,512][com.java.TestType] [11763] - dataFields : TXTusername
[DEBUG][2016-01-27 16:38:16,512][com.java.TestType] [11769] - <In Set values of the page>
[DEBUG][2016-01-27 16:38:16,512][com.java.TestType] [11774] - {Data Fields & Data Values Exist}
[INFO ][2016-01-27 16:38:16,512][com.java.TestType] [11780] - --------------------------setting values-----------------------------
[INFO ][2016-01-27 16:38:16,512][com.java.TestType] [11783] - Action Type : CLEARANDENTER
[INFO ][2016-01-27 16:38:18,804][com.java.TestType] [ 6429] - value = naresh.nayini.00000
[INFO ][2016-01-27 16:38:21,183][com.java.TestType] [11802] -  RESULT true
[INFO ][2016-01-27 16:38:21,184][com.java.TestType] [11919] - ?   P A S S   ?
[DEBUG][2016-01-27 16:38:21,184][com.java.TestType] [11725] - Concept ID:1 :: Step being Executed: 1::2
[INFO ][2016-01-27 16:38:21,184][com.java.TestType] [11763] - dataFields : TXTpassword
[DEBUG][2016-01-27 16:38:21,184][com.java.TestType] [11769] - <In Set values of the page>
[DEBUG][2016-01-27 16:38:21,184][com.java.TestType] [11774] - {Data Fields & Data Values Exist}
[INFO ][2016-01-27 16:38:21,184][com.java.TestType] [11780] - --------------------------setting values-----------------------------
[INFO ][2016-01-27 16:38:21,184][com.java.TestType] [11783] - Action Type : CLEARANDENTER
[INFO ][2016-01-27 16:38:23,444][com.java.TestType] [ 6429] - value = Password1*
[INFO ][2016-01-27 16:38:25,964][com.java.TestType] [11802] -  RESULT true
[INFO ][2016-01-27 16:38:25,964][com.java.TestType] [11919] - ?   P A S S   ?
[DEBUG][2016-01-27 16:38:25,964][com.java.TestType] [11725] - Concept ID:1 :: Step being Executed: 1::3
[ERROR][2016-01-27 16:38:25,964][com.java.TestType] [11758] - Exception: null
[INFO ][2016-01-27 16:38:25,964][com.java.TestType] [11763] - dataFields : XPH//button[@type='submit']
[DEBUG][2016-01-27 16:38:25,965][com.java.TestType] [11769] - <In Set values of the page>
[DEBUG][2016-01-27 16:38:25,965][com.java.TestType] [11774] - {Data Fields & Data Values Exist}
[INFO ][2016-01-27 16:38:25,965][com.java.TestType] [11780] - --------------------------setting values-----------------------------
[INFO ][2016-01-27 16:38:25,965][com.java.TestType] [11783] - Action Type : Click
[INFO ][2016-01-27 16:38:25,965][com.java.TestType] [ 6808] - Field ::XPH//button[@type='submit']
[INFO ][2016-01-27 16:38:25,965][com.java.TestType] [ 6429] - value = 
[INFO ][2016-01-27 16:38:26,965][com.java.TestType] [ 6981] - BEFORE CLICK
[INFO ][2016-01-27 16:38:27,808][com.java.TestType] [ 6989] - Unable to click the object Login
[INFO ][2016-01-27 16:38:27,809][com.java.TestType] [11802] -  RESULT true
[INFO ][2016-01-27 16:38:27,809][com.java.TestType] [11919] - ?   P A S S   ?
[DEBUG][2016-01-27 16:38:27,809][com.java.TestType] [11725] - Concept ID:1 :: Step being Executed: 1::4
[INFO ][2016-01-27 16:38:27,809][com.java.TestType] [11763] - dataFields : LNKLogout
[DEBUG][2016-01-27 16:38:27,810][com.java.TestType] [11769] - <In Set values of the page>
[DEBUG][2016-01-27 16:38:27,810][com.java.TestType] [11774] - {Data Fields & Data Values Exist}
[INFO ][2016-01-27 16:38:27,810][com.java.TestType] [11780] - --------------------------setting values-----------------------------
[INFO ][2016-01-27 16:38:27,810][com.java.TestType] [11783] - Action Type : WaitForElement
[INFO ][2016-01-27 16:38:31,381][com.java.TestType] [11802] -  RESULT true
[INFO ][2016-01-27 16:38:31,382][com.java.TestType] [11919] - ?   P A S S   ?
[INFO ][2016-01-27 16:38:31,382][com.java.TestType] [11990] - Looping End......
[INFO ][2016-01-27 16:38:31,383][com.java.SeleniumDriver] [  930] -  RESULT true
[INFO ][2016-01-27 16:38:31,383][com.java.SeleniumDriver] [ 1136] - ?   P A S S   ?
[INFO ][2016-01-27 16:38:31,383][com.java.SeleniumDriver] [  856] - ------------------------------------------
[INFO ][2016-01-27 16:38:31,383][com.java.SeleniumDriver] [  857] - Test case being Executed: 1
[INFO ][2016-01-27 16:38:31,383][com.java.SeleniumDriver] [  869] - Test step:2
[INFO ][2016-01-27 16:38:31,383][com.java.SeleniumDriver] [  881] - Datavalue is----------Concept#2:1-2
[INFO ][2016-01-27 16:38:31,383][com.java.SeleniumDriver] [  905] - DataField : test
[INFO ][2016-01-27 16:38:31,383][com.java.SeleniumDriver] [  907] - DataValue : Concept#2:1-2
[INFO ][2016-01-27 16:38:31,383][com.java.SeleniumDriver] [  913] - <In Set values of the page>
[INFO ][2016-01-27 16:38:31,383][com.java.SeleniumDriver] [  916] - {Data Fields & Data Values Exist}
[INFO ][2016-01-27 16:38:31,383][com.java.SeleniumDriver] [  918] - --------------------------setting values-----------------------------
[INFO ][2016-01-27 16:38:31,384][com.java.SeleniumDriver] [  921] - Action Type : ExecuteTestCase
[INFO ][2016-01-27 16:38:31,384][com.java.TestType] [  442] - The Concept sheet name is ---------- Concept
[INFO ][2016-01-27 16:38:31,384][com.java.TestType] [  445] - The Concept ID  is ---------- 2
[DEBUG][2016-01-27 16:38:31,384][com.java.TestType] [  449] - Steps being executted in the Concept are: 1:2
[INFO ][2016-01-27 16:38:31,384][com.java.TestType] [  456] - Test data details path ---------- D:\BankersDashboard\TestInputs\TestData.xls
[INFO ][2016-01-27 16:38:31,389][com.java.TestType] [  487] -  str(1) = 2
[INFO ][2016-01-27 16:38:31,389][com.java.TestType] [  490] - Test case Id is---2
[INFO ][2016-01-27 16:38:31,389][com.java.TestType] [  492] - 2
[INFO ][2016-01-27 16:38:31,390][com.java.TestType] [  487] -  str(2) = 1
[INFO ][2016-01-27 16:38:31,390][com.java.TestType] [  487] -  str(1) = 2
[INFO ][2016-01-27 16:38:31,390][com.java.TestType] [  490] - Test case Id is---2
[INFO ][2016-01-27 16:38:31,390][com.java.TestType] [  492] - 2
[INFO ][2016-01-27 16:38:31,390][com.java.TestType] [  487] -  str(2) = 2
[INFO ][2016-01-27 16:38:31,390][com.java.TestType] [  487] -  str(1) = 2
[INFO ][2016-01-27 16:38:31,390][com.java.TestType] [  490] - Test case Id is---2
[INFO ][2016-01-27 16:38:31,390][com.java.TestType] [  492] - 2
[INFO ][2016-01-27 16:38:31,390][com.java.TestType] [  487] -  str(2) = 3
[INFO ][2016-01-27 16:38:31,391][com.java.TestType] [11684] - Looping 1TCID = 2
[DEBUG][2016-01-27 16:38:31,391][com.java.TestType] [11725] - Concept ID:2 :: Step being Executed: 2::1
[INFO ][2016-01-27 16:38:31,391][com.java.TestType] [11763] - dataFields : BNK//select[@id='bank']
[DEBUG][2016-01-27 16:38:31,391][com.java.TestType] [11769] - <In Set values of the page>
[DEBUG][2016-01-27 16:38:31,391][com.java.TestType] [11774] - {Data Fields & Data Values Exist}
[INFO ][2016-01-27 16:38:31,391][com.java.TestType] [11780] - --------------------------setting values-----------------------------
[INFO ][2016-01-27 16:38:31,391][com.java.TestType] [11783] - Action Type : Select
[INFO ][2016-01-27 16:38:31,391][com.java.TestType] [ 6429] - value = PFC
[INFO ][2016-01-27 16:38:31,589][com.java.TestType] [11802] -  RESULT true
[INFO ][2016-01-27 16:38:31,589][com.java.TestType] [11919] - ?   P A S S   ?
[DEBUG][2016-01-27 16:38:31,589][com.java.TestType] [11725] - Concept ID:2 :: Step being Executed: 2::2
[INFO ][2016-01-27 16:38:31,589][com.java.TestType] [11763] - dataFields : LNKLogout
[DEBUG][2016-01-27 16:38:31,589][com.java.TestType] [11769] - <In Set values of the page>
[DEBUG][2016-01-27 16:38:31,590][com.java.TestType] [11774] - {Data Fields & Data Values Exist}
[INFO ][2016-01-27 16:38:31,590][com.java.TestType] [11780] - --------------------------setting values-----------------------------
[INFO ][2016-01-27 16:38:31,590][com.java.TestType] [11783] - Action Type : WaitTime
[DEBUG][2016-01-27 16:38:31,590][com.java.TestType] [ 6243] - sleepTime: 5000
[INFO ][2016-01-27 16:38:36,590][com.java.TestType] [11802] -  RESULT true
[INFO ][2016-01-27 16:38:36,590][com.java.TestType] [11919] - ?   P A S S   ?
[INFO ][2016-01-27 16:38:36,590][com.java.TestType] [11990] - Looping End......
[INFO ][2016-01-27 16:38:36,591][com.java.SeleniumDriver] [  930] -  RESULT true
[INFO ][2016-01-27 16:38:36,591][com.java.SeleniumDriver] [ 1136] - ?   P A S S   ?
[INFO ][2016-01-27 16:38:36,591][com.java.SeleniumDriver] [  856] - ------------------------------------------
[INFO ][2016-01-27 16:38:36,591][com.java.SeleniumDriver] [  857] - Test case being Executed: 1
[INFO ][2016-01-27 16:38:36,591][com.java.SeleniumDriver] [  869] - Test step:3
[INFO ][2016-01-27 16:38:36,591][com.java.SeleniumDriver] [  881] - Datavalue is----------2
[INFO ][2016-01-27 16:38:36,591][com.java.SeleniumDriver] [  905] - DataField : XPH//button[contains(text(),'Add Content')]
[INFO ][2016-01-27 16:38:36,592][com.java.SeleniumDriver] [  907] - DataValue : 2
[INFO ][2016-01-27 16:38:36,592][com.java.SeleniumDriver] [  913] - <In Set values of the page>
[INFO ][2016-01-27 16:38:36,592][com.java.SeleniumDriver] [  916] - {Data Fields & Data Values Exist}
[INFO ][2016-01-27 16:38:36,592][com.java.SeleniumDriver] [  918] - --------------------------setting values-----------------------------
[INFO ][2016-01-27 16:38:36,592][com.java.SeleniumDriver] [  921] - Action Type : WAITFORELEMENT
[INFO ][2016-01-27 16:38:36,628][com.java.SeleniumDriver] [  930] -  RESULT true
[INFO ][2016-01-27 16:38:36,628][com.java.SeleniumDriver] [ 1136] - ?   P A S S   ?
[DEBUG][2016-01-27 16:38:36,629][com.java.SeleniumDriver] [ 1248] - Case found
[DEBUG][2016-01-27 16:38:36,629][com.java.SeleniumDriver] [ 1253] - Incrementing ReportCounters[0]:1
[INFO ][2016-01-27 16:38:36,629][com.java.SeleniumDriver] [ 1272] - The results are-------------------[1, 1, Valid Login, Pass, , Wed Jan 27 16:38:31 IST 2016, 1, 2, Valid Login, Pass, , Wed Jan 27 16:38:36 IST 2016, 1, 3, Valid Login, Pass, , Wed Jan 27 16:38:36 IST 2016]
[INFO ][2016-01-27 16:38:36,629][com.java.SeleniumDriver] [ 1276] - End time is-------35 sec
[INFO ][2016-01-27 16:38:36,629][com.java.SeleniumDriver] [ 1277] - The results are-------------------[1, 1, Valid Login, Pass, , Wed Jan 27 16:38:31 IST 2016, 1, 2, Valid Login, Pass, , Wed Jan 27 16:38:36 IST 2016, 1, 3, Valid Login, Pass, , Wed Jan 27 16:38:36 IST 2016]
[DEBUG][2016-01-27 16:38:36,629][com.java.ImportnExport.ExportTestResultsExcel] [  222] - testResultPath = D:\BankersDashboard/TestReports/Test Results_BankersDashBoard_012716_163803_IE10_Any Bank USA.xls
[DEBUG][2016-01-27 16:38:36,629][com.java.ImportnExport.ExportTestResultsExcel] [  223] - browser is------------IE10
[DEBUG][2016-01-27 16:38:36,674][com.java.ImportnExport.ExportTestResultsExcel] [  270] - result.size() = 18
[DEBUG][2016-01-27 16:38:36,674][com.java.ImportnExport.ExportTestResultsExcel] [  274] - No of rows in sheet=1
[DEBUG][2016-01-27 16:38:36,674][com.java.ImportnExport.ExportTestResultsExcel] [  301] - ..in export..1
[DEBUG][2016-01-27 16:38:36,674][com.java.ImportnExport.ExportTestResultsExcel] [  301] - ..in export..Valid Login
[DEBUG][2016-01-27 16:38:36,674][com.java.ImportnExport.ExportTestResultsExcel] [  301] - ..in export..Pass
[DEBUG][2016-01-27 16:38:36,674][com.java.ImportnExport.ExportTestResultsExcel] [  301] - ..in export..
[DEBUG][2016-01-27 16:38:36,674][com.java.ImportnExport.ExportTestResultsExcel] [  301] - ..in export..Wed Jan 27 16:38:31 IST 2016
[INFO ][2016-01-27 16:38:36,676][com.java.SeleniumDriver] [ 1337] - out loop:0 size:2 TestCases:[1, 8] testcases:[1, 8]
[INFO ][2016-01-27 16:38:36,676][com.java.ImportnExport.ImportTestDataDetailsExcel] [   49] - test data details path===== D:\BankersDashboard\TestInputs\TestData.xls
[INFO ][2016-01-27 16:38:51,955][com.java.SeleniumDriver] [  856] - ------------------------------------------
[INFO ][2016-01-27 16:38:51,955][com.java.SeleniumDriver] [  857] - Test case being Executed: 8
[INFO ][2016-01-27 16:38:51,955][com.java.SeleniumDriver] [  869] - Test step:1
[INFO ][2016-01-27 16:38:51,955][com.java.SeleniumDriver] [  881] - Datavalue is----------Logout
[INFO ][2016-01-27 16:38:51,957][com.java.SeleniumDriver] [  905] - DataField : BTN
[INFO ][2016-01-27 16:38:51,957][com.java.SeleniumDriver] [  907] - DataValue : Logout
[INFO ][2016-01-27 16:38:51,957][com.java.SeleniumDriver] [  913] - <In Set values of the page>
[INFO ][2016-01-27 16:38:51,957][com.java.SeleniumDriver] [  916] - {Data Fields & Data Values Exist}
[INFO ][2016-01-27 16:38:51,957][com.java.SeleniumDriver] [  918] - --------------------------setting values-----------------------------
[INFO ][2016-01-27 16:38:51,957][com.java.SeleniumDriver] [  921] - Action Type : Verify
[INFO ][2016-01-27 16:38:51,957][com.java.TestType] [ 8019] - field= BTN value= Logout
[INFO ][2016-01-27 16:38:51,958][com.java.TestType] [ 6429] - value = Logout
[INFO ][2016-01-27 16:38:52,030][com.java.SeleniumDriver] [  930] -  RESULT true
[INFO ][2016-01-27 16:38:52,030][com.java.SeleniumDriver] [ 1136] - ?   P A S S   ?
[INFO ][2016-01-27 16:38:52,031][com.java.SeleniumDriver] [ 1178] - step change to 3
[INFO ][2016-01-27 16:38:52,031][com.java.SeleniumDriver] [  856] - ------------------------------------------
[INFO ][2016-01-27 16:38:52,031][com.java.SeleniumDriver] [  857] - Test case being Executed: 8
[INFO ][2016-01-27 16:38:52,031][com.java.SeleniumDriver] [  869] - Test step:3
[INFO ][2016-01-27 16:38:52,031][com.java.SeleniumDriver] [  881] - Datavalue is----------Concept#2:1-2
[INFO ][2016-01-27 16:38:52,031][com.java.SeleniumDriver] [  905] - DataField : test
[INFO ][2016-01-27 16:38:52,031][com.java.SeleniumDriver] [  907] - DataValue : Concept#2:1-2
[INFO ][2016-01-27 16:38:52,031][com.java.SeleniumDriver] [  913] - <In Set values of the page>
[INFO ][2016-01-27 16:38:52,031][com.java.SeleniumDriver] [  916] - {Data Fields & Data Values Exist}
[INFO ][2016-01-27 16:38:52,031][com.java.SeleniumDriver] [  918] - --------------------------setting values-----------------------------
[INFO ][2016-01-27 16:38:52,031][com.java.SeleniumDriver] [  921] - Action Type : ExecuteTestCase
[INFO ][2016-01-27 16:38:52,031][com.java.TestType] [  442] - The Concept sheet name is ---------- Concept
[INFO ][2016-01-27 16:38:52,031][com.java.TestType] [  445] - The Concept ID  is ---------- 2
[DEBUG][2016-01-27 16:38:52,032][com.java.TestType] [  449] - Steps being executted in the Concept are: 1:2
[INFO ][2016-01-27 16:38:52,032][com.java.TestType] [  456] - Test data details path ---------- D:\BankersDashboard\TestInputs\TestData.xls
[INFO ][2016-01-27 16:38:52,038][com.java.TestType] [  487] -  str(1) = 2
[INFO ][2016-01-27 16:38:52,038][com.java.TestType] [  490] - Test case Id is---2
[INFO ][2016-01-27 16:38:52,038][com.java.TestType] [  492] - 2
[INFO ][2016-01-27 16:38:52,038][com.java.TestType] [  487] -  str(2) = 1
[INFO ][2016-01-27 16:38:52,038][com.java.TestType] [  487] -  str(1) = 2
[INFO ][2016-01-27 16:38:52,038][com.java.TestType] [  490] - Test case Id is---2
[INFO ][2016-01-27 16:38:52,038][com.java.TestType] [  492] - 2
[INFO ][2016-01-27 16:38:52,038][com.java.TestType] [  487] -  str(2) = 2
[INFO ][2016-01-27 16:38:52,038][com.java.TestType] [  487] -  str(1) = 2
[INFO ][2016-01-27 16:38:52,039][com.java.TestType] [  490] - Test case Id is---2
[INFO ][2016-01-27 16:38:52,039][com.java.TestType] [  492] - 2
[INFO ][2016-01-27 16:38:52,039][com.java.TestType] [  487] -  str(2) = 3
[INFO ][2016-01-27 16:38:52,039][com.java.TestType] [11684] - Looping 1TCID = 2
[DEBUG][2016-01-27 16:38:52,039][com.java.TestType] [11725] - Concept ID:2 :: Step being Executed: 2::1
[INFO ][2016-01-27 16:38:52,039][com.java.TestType] [11763] - dataFields : BNK//select[@id='bank']
[DEBUG][2016-01-27 16:38:52,039][com.java.TestType] [11769] - <In Set values of the page>
[DEBUG][2016-01-27 16:38:52,039][com.java.TestType] [11774] - {Data Fields & Data Values Exist}
[INFO ][2016-01-27 16:38:52,039][com.java.TestType] [11780] - --------------------------setting values-----------------------------
[INFO ][2016-01-27 16:38:52,039][com.java.TestType] [11783] - Action Type : Select
[INFO ][2016-01-27 16:38:52,039][com.java.TestType] [ 6429] - value = PFC
[INFO ][2016-01-27 16:38:52,242][com.java.TestType] [11802] -  RESULT true
[INFO ][2016-01-27 16:38:52,242][com.java.TestType] [11919] - ?   P A S S   ?
[DEBUG][2016-01-27 16:38:52,242][com.java.TestType] [11725] - Concept ID:2 :: Step being Executed: 2::2
[INFO ][2016-01-27 16:38:52,242][com.java.TestType] [11763] - dataFields : LNKLogout
[DEBUG][2016-01-27 16:38:52,243][com.java.TestType] [11769] - <In Set values of the page>
[DEBUG][2016-01-27 16:38:52,243][com.java.TestType] [11774] - {Data Fields & Data Values Exist}
[INFO ][2016-01-27 16:38:52,243][com.java.TestType] [11780] - --------------------------setting values-----------------------------
[INFO ][2016-01-27 16:38:52,243][com.java.TestType] [11783] - Action Type : WaitTime
[DEBUG][2016-01-27 16:38:52,243][com.java.TestType] [ 6243] - sleepTime: 5000
[INFO ][2016-01-27 16:38:57,243][com.java.TestType] [11802] -  RESULT true
[INFO ][2016-01-27 16:38:57,243][com.java.TestType] [11919] - ?   P A S S   ?
[INFO ][2016-01-27 16:38:57,243][com.java.TestType] [11990] - Looping End......
[INFO ][2016-01-27 16:38:57,244][com.java.SeleniumDriver] [  930] -  RESULT true
[INFO ][2016-01-27 16:38:57,244][com.java.SeleniumDriver] [ 1136] - ?   P A S S   ?
[INFO ][2016-01-27 16:38:57,244][com.java.SeleniumDriver] [  856] - ------------------------------------------
[INFO ][2016-01-27 16:38:57,244][com.java.SeleniumDriver] [  857] - Test case being Executed: 8
[INFO ][2016-01-27 16:38:57,244][com.java.SeleniumDriver] [  869] - Test step:4
[INFO ][2016-01-27 16:38:57,245][com.java.SeleniumDriver] [  881] - Datavalue is----------null
[DEBUG][2016-01-27 16:38:57,245][com.java.SeleniumDriver] [  899] - Exception: null
[INFO ][2016-01-27 16:38:57,245][com.java.SeleniumDriver] [  905] - DataField : //span[@class="icon-checkmark"]&&//a[@data-id="LoanPricingModel"]
[INFO ][2016-01-27 16:38:57,245][com.java.SeleniumDriver] [  907] - DataValue : 
[INFO ][2016-01-27 16:38:57,245][com.java.SeleniumDriver] [  913] - <In Set values of the page>
[INFO ][2016-01-27 16:38:57,245][com.java.SeleniumDriver] [  916] - {Data Fields & Data Values Exist}
[INFO ][2016-01-27 16:38:57,245][com.java.SeleniumDriver] [  918] - --------------------------setting values-----------------------------
[INFO ][2016-01-27 16:38:57,245][com.java.SeleniumDriver] [  921] - Action Type : MOUSEOVER
[INFO ][2016-01-27 16:39:25,091][com.java.SeleniumDriver] [  930] -  RESULT true
[INFO ][2016-01-27 16:39:25,091][com.java.SeleniumDriver] [ 1136] - ?   P A S S   ?
[INFO ][2016-01-27 16:39:25,091][com.java.SeleniumDriver] [  856] - ------------------------------------------
[INFO ][2016-01-27 16:39:25,091][com.java.SeleniumDriver] [  857] - Test case being Executed: 8
[INFO ][2016-01-27 16:39:25,091][com.java.SeleniumDriver] [  869] - Test step:5
[INFO ][2016-01-27 16:39:25,091][com.java.SeleniumDriver] [  881] - Datavalue is----------null
[DEBUG][2016-01-27 16:39:25,091][com.java.SeleniumDriver] [  899] - Exception: null
[INFO ][2016-01-27 16:39:25,091][com.java.SeleniumDriver] [  905] - DataField : BTN//iframe[@id="frameLoanPricingModel"]
[INFO ][2016-01-27 16:39:25,091][com.java.SeleniumDriver] [  907] - DataValue : 
[INFO ][2016-01-27 16:39:25,091][com.java.SeleniumDriver] [  913] - <In Set values of the page>
[INFO ][2016-01-27 16:39:25,091][com.java.SeleniumDriver] [  916] - {Data Fields & Data Values Exist}
[INFO ][2016-01-27 16:39:25,091][com.java.SeleniumDriver] [  918] - --------------------------setting values-----------------------------
[INFO ][2016-01-27 16:39:25,091][com.java.SeleniumDriver] [  921] - Action Type : SELECTFRAME
[INFO ][2016-01-27 16:39:25,171][com.java.SeleniumDriver] [  930] -  RESULT true
[INFO ][2016-01-27 16:39:25,171][com.java.SeleniumDriver] [ 1136] - ?   P A S S   ?
[INFO ][2016-01-27 16:39:25,171][com.java.SeleniumDriver] [  856] - ------------------------------------------
[INFO ][2016-01-27 16:39:25,171][com.java.SeleniumDriver] [  857] - Test case being Executed: 8
[INFO ][2016-01-27 16:39:25,171][com.java.SeleniumDriver] [  869] - Test step:6
[INFO ][2016-01-27 16:39:25,171][com.java.SeleniumDriver] [  881] - Datavalue is----------Add Loan
[INFO ][2016-01-27 16:39:25,171][com.java.SeleniumDriver] [  905] - DataField : XPH//a[contains(text(),'Add Loan')]
[INFO ][2016-01-27 16:39:25,171][com.java.SeleniumDriver] [  907] - DataValue : Add Loan
[INFO ][2016-01-27 16:39:25,171][com.java.SeleniumDriver] [  913] - <In Set values of the page>
[INFO ][2016-01-27 16:39:25,171][com.java.SeleniumDriver] [  916] - {Data Fields & Data Values Exist}
[INFO ][2016-01-27 16:39:25,171][com.java.SeleniumDriver] [  918] - --------------------------setting values-----------------------------
[INFO ][2016-01-27 16:39:25,171][com.java.SeleniumDriver] [  921] - Action Type : VERIFY
[INFO ][2016-01-27 16:39:25,171][com.java.TestType] [ 8019] - field= XPH//a[contains(text(),'Add Loan')] value= Add Loan
[INFO ][2016-01-27 16:39:25,171][com.java.TestType] [ 6429] - value = Add Loan
[INFO ][2016-01-27 16:39:25,251][com.java.SeleniumDriver] [  930] -  RESULT true
[INFO ][2016-01-27 16:39:25,251][com.java.SeleniumDriver] [ 1136] - ?   P A S S   ?
[INFO ][2016-01-27 16:39:25,251][com.java.SeleniumDriver] [  856] - ------------------------------------------
[INFO ][2016-01-27 16:39:25,251][com.java.SeleniumDriver] [  857] - Test case being Executed: 8
[INFO ][2016-01-27 16:39:25,251][com.java.SeleniumDriver] [  869] - Test step:7
[INFO ][2016-01-27 16:39:25,251][com.java.SeleniumDriver] [  881] - Datavalue is----------5
[INFO ][2016-01-27 16:39:25,251][com.java.SeleniumDriver] [  905] - DataField : XPH//a[contains(text(),'Add Loan')]
[INFO ][2016-01-27 16:39:25,251][com.java.SeleniumDriver] [  907] - DataValue : 5
[INFO ][2016-01-27 16:39:25,251][com.java.SeleniumDriver] [  913] - <In Set values of the page>
[INFO ][2016-01-27 16:39:25,251][com.java.SeleniumDriver] [  916] - {Data Fields & Data Values Exist}
[INFO ][2016-01-27 16:39:25,251][com.java.SeleniumDriver] [  918] - --------------------------setting values-----------------------------
[INFO ][2016-01-27 16:39:25,251][com.java.SeleniumDriver] [  921] - Action Type : WaitForElement
[INFO ][2016-01-27 16:39:25,271][com.java.SeleniumDriver] [  930] -  RESULT true
[INFO ][2016-01-27 16:39:25,271][com.java.SeleniumDriver] [ 1136] - ?   P A S S   ?
[INFO ][2016-01-27 16:39:25,271][com.java.SeleniumDriver] [  856] - ------------------------------------------
[INFO ][2016-01-27 16:39:25,271][com.java.SeleniumDriver] [  857] - Test case being Executed: 8
[INFO ][2016-01-27 16:39:25,271][com.java.SeleniumDriver] [  869] - Test step:8
[INFO ][2016-01-27 16:39:25,271][com.java.SeleniumDriver] [  881] - Datavalue is----------null
[DEBUG][2016-01-27 16:39:25,271][com.java.SeleniumDriver] [  899] - Exception: null
[INFO ][2016-01-27 16:39:25,271][com.java.SeleniumDriver] [  905] - DataField : HDN//a[contains(text(),'Add Loan')]
[INFO ][2016-01-27 16:39:25,271][com.java.SeleniumDriver] [  907] - DataValue : 
[INFO ][2016-01-27 16:39:25,271][com.java.SeleniumDriver] [  913] - <In Set values of the page>
[INFO ][2016-01-27 16:39:25,271][com.java.SeleniumDriver] [  916] - {Data Fields & Data Values Exist}
[INFO ][2016-01-27 16:39:25,271][com.java.SeleniumDriver] [  918] - --------------------------setting values-----------------------------
[INFO ][2016-01-27 16:39:25,271][com.java.SeleniumDriver] [  921] - Action Type : CLICK
[INFO ][2016-01-27 16:39:25,271][com.java.TestType] [ 6808] - Field ::HDN//a[contains(text(),'Add Loan')]
[INFO ][2016-01-27 16:39:25,271][com.java.TestType] [ 6429] - value = 
[INFO ][2016-01-27 16:39:26,332][com.java.SeleniumDriver] [  930] -  RESULT true
[INFO ][2016-01-27 16:39:26,332][com.java.SeleniumDriver] [ 1136] - ?   P A S S   ?
[INFO ][2016-01-27 16:39:26,332][com.java.SeleniumDriver] [  856] - ------------------------------------------
[INFO ][2016-01-27 16:39:26,332][com.java.SeleniumDriver] [  857] - Test case being Executed: 8
[INFO ][2016-01-27 16:39:26,332][com.java.SeleniumDriver] [  869] - Test step:9
[INFO ][2016-01-27 16:39:26,332][com.java.SeleniumDriver] [  881] - Datavalue is----------5
[INFO ][2016-01-27 16:39:26,332][com.java.SeleniumDriver] [  905] - DataField : test
[INFO ][2016-01-27 16:39:26,332][com.java.SeleniumDriver] [  907] - DataValue : 5
[INFO ][2016-01-27 16:39:26,332][com.java.SeleniumDriver] [  913] - <In Set values of the page>
[INFO ][2016-01-27 16:39:26,332][com.java.SeleniumDriver] [  916] - {Data Fields & Data Values Exist}
[INFO ][2016-01-27 16:39:26,332][com.java.SeleniumDriver] [  918] - --------------------------setting values-----------------------------
[INFO ][2016-01-27 16:39:26,332][com.java.SeleniumDriver] [  921] - Action Type : WAITTIME
[DEBUG][2016-01-27 16:39:26,332][com.java.TestType] [ 6243] - sleepTime: 5000
[INFO ][2016-01-27 16:39:31,332][com.java.SeleniumDriver] [  930] -  RESULT true
[INFO ][2016-01-27 16:39:31,332][com.java.SeleniumDriver] [ 1136] - ?   P A S S   ?
[INFO ][2016-01-27 16:39:31,332][com.java.SeleniumDriver] [  856] - ------------------------------------------
[INFO ][2016-01-27 16:39:31,332][com.java.SeleniumDriver] [  857] - Test case being Executed: 8
[INFO ][2016-01-27 16:39:31,332][com.java.SeleniumDriver] [  869] - Test step:10
[INFO ][2016-01-27 16:39:31,332][com.java.SeleniumDriver] [  881] - Datavalue is----------RNDTesting
[INFO ][2016-01-27 16:39:31,332][com.java.SeleniumDriver] [  905] - DataField : TXTtxtLoanIdentifier
[INFO ][2016-01-27 16:39:31,332][com.java.SeleniumDriver] [  907] - DataValue : RNDTesting
[INFO ][2016-01-27 16:39:31,332][com.java.SeleniumDriver] [  913] - <In Set values of the page>
[INFO ][2016-01-27 16:39:31,332][com.java.SeleniumDriver] [  916] - {Data Fields & Data Values Exist}
[INFO ][2016-01-27 16:39:31,332][com.java.SeleniumDriver] [  918] - --------------------------setting values-----------------------------
[INFO ][2016-01-27 16:39:31,332][com.java.SeleniumDriver] [  921] - Action Type : CLEARANDENTER
[INFO ][2016-01-27 16:39:32,514][com.java.TestType] [ 6429] - value = Testing48172
[INFO ][2016-01-27 16:39:33,995][com.java.SeleniumDriver] [  930] -  RESULT true
[INFO ][2016-01-27 16:39:33,995][com.java.SeleniumDriver] [ 1136] - ?   P A S S   ?
[INFO ][2016-01-27 16:39:33,995][com.java.SeleniumDriver] [  856] - ------------------------------------------
[INFO ][2016-01-27 16:39:33,995][com.java.SeleniumDriver] [  857] - Test case being Executed: 8
[INFO ][2016-01-27 16:39:33,995][com.java.SeleniumDriver] [  869] - Test step:11
[INFO ][2016-01-27 16:39:33,995][com.java.SeleniumDriver] [  881] - Datavalue is----------LoanIdentifier
[INFO ][2016-01-27 16:39:33,995][com.java.SeleniumDriver] [  905] - DataField : TXTtxtLoanIdentifier
[INFO ][2016-01-27 16:39:33,995][com.java.SeleniumDriver] [  907] - DataValue : LoanIdentifier
[INFO ][2016-01-27 16:39:33,995][com.java.SeleniumDriver] [  913] - <In Set values of the page>
[INFO ][2016-01-27 16:39:33,995][com.java.SeleniumDriver] [  916] - {Data Fields & Data Values Exist}
[INFO ][2016-01-27 16:39:33,995][com.java.SeleniumDriver] [  918] - --------------------------setting values-----------------------------
[INFO ][2016-01-27 16:39:33,995][com.java.SeleniumDriver] [  921] - Action Type : STOREVALUE
[INFO ][2016-01-27 16:39:33,995][com.java.TestType] [ 9444] - field= TXTtxtLoanIdentifier
[DEBUG][2016-01-27 16:39:35,136][com.java.TestType] [ 9458] - Key:: LoanIdentifier  Value:: 
[INFO ][2016-01-27 16:39:35,136][com.java.SeleniumDriver] [  930] -  RESULT true
[INFO ][2016-01-27 16:39:35,136][com.java.SeleniumDriver] [ 1136] - ?   P A S S   ?
[INFO ][2016-01-27 16:39:35,136][com.java.SeleniumDriver] [  856] - ------------------------------------------
[INFO ][2016-01-27 16:39:35,136][com.java.SeleniumDriver] [  857] - Test case being Executed: 8
[INFO ][2016-01-27 16:39:35,136][com.java.SeleniumDriver] [  869] - Test step:12
[INFO ][2016-01-27 16:39:35,136][com.java.SeleniumDriver] [  881] - Datavalue is----------2
[INFO ][2016-01-27 16:39:35,136][com.java.SeleniumDriver] [  905] - DataField : test
[INFO ][2016-01-27 16:39:35,136][com.java.SeleniumDriver] [  907] - DataValue : 2
[INFO ][2016-01-27 16:39:35,136][com.java.SeleniumDriver] [  913] - <In Set values of the page>
[INFO ][2016-01-27 16:39:35,136][com.java.SeleniumDriver] [  916] - {Data Fields & Data Values Exist}
[INFO ][2016-01-27 16:39:35,136][com.java.SeleniumDriver] [  918] - --------------------------setting values-----------------------------
[INFO ][2016-01-27 16:39:35,136][com.java.SeleniumDriver] [  921] - Action Type : WAITTIME
[DEBUG][2016-01-27 16:39:35,136][com.java.TestType] [ 6243] - sleepTime: 2000
[INFO ][2016-01-27 16:39:37,136][com.java.SeleniumDriver] [  930] -  RESULT true
[INFO ][2016-01-27 16:39:37,136][com.java.SeleniumDriver] [ 1136] - ?   P A S S   ?
[INFO ][2016-01-27 16:39:37,136][com.java.SeleniumDriver] [  856] - ------------------------------------------
[INFO ][2016-01-27 16:39:37,136][com.java.SeleniumDriver] [  857] - Test case being Executed: 8
[INFO ][2016-01-27 16:39:37,136][com.java.SeleniumDriver] [  869] - Test step:13
[INFO ][2016-01-27 16:39:37,136][com.java.SeleniumDriver] [  881] - Datavalue is----------1000000
[INFO ][2016-01-27 16:39:37,136][com.java.SeleniumDriver] [  905] - DataField : TXTtxtLoanAmount
[INFO ][2016-01-27 16:39:37,136][com.java.SeleniumDriver] [  907] - DataValue : 1000000
[INFO ][2016-01-27 16:39:37,136][com.java.SeleniumDriver] [  913] - <In Set values of the page>
[INFO ][2016-01-27 16:39:37,136][com.java.SeleniumDriver] [  916] - {Data Fields & Data Values Exist}
[INFO ][2016-01-27 16:39:37,136][com.java.SeleniumDriver] [  918] - --------------------------setting values-----------------------------
[INFO ][2016-01-27 16:39:37,136][com.java.SeleniumDriver] [  921] - Action Type : CLEARANDENTER
[INFO ][2016-01-27 16:39:38,328][com.java.TestType] [ 6429] - value = 1000000
[INFO ][2016-01-27 16:39:39,609][com.java.SeleniumDriver] [  930] -  RESULT true
[INFO ][2016-01-27 16:39:39,609][com.java.SeleniumDriver] [ 1136] - ?   P A S S   ?
[INFO ][2016-01-27 16:39:39,609][com.java.SeleniumDriver] [  856] - ------------------------------------------
[INFO ][2016-01-27 16:39:39,609][com.java.SeleniumDriver] [  857] - Test case being Executed: 8
[INFO ][2016-01-27 16:39:39,609][com.java.SeleniumDriver] [  869] - Test step:14
[INFO ][2016-01-27 16:39:39,609][com.java.SeleniumDriver] [  881] - Datavalue is----------2
[INFO ][2016-01-27 16:39:39,609][com.java.SeleniumDriver] [  905] - DataField : test
[INFO ][2016-01-27 16:39:39,609][com.java.SeleniumDriver] [  907] - DataValue : 2
[INFO ][2016-01-27 16:39:39,609][com.java.SeleniumDriver] [  913] - <In Set values of the page>
[INFO ][2016-01-27 16:39:39,609][com.java.SeleniumDriver] [  916] - {Data Fields & Data Values Exist}
[INFO ][2016-01-27 16:39:39,609][com.java.SeleniumDriver] [  918] - --------------------------setting values-----------------------------
[INFO ][2016-01-27 16:39:39,609][com.java.SeleniumDriver] [  921] - Action Type : WAITTIME
[DEBUG][2016-01-27 16:39:39,609][com.java.TestType] [ 6243] - sleepTime: 2000
[INFO ][2016-01-27 16:39:41,609][com.java.SeleniumDriver] [  930] -  RESULT true
[INFO ][2016-01-27 16:39:41,609][com.java.SeleniumDriver] [ 1136] - ?   P A S S   ?
[INFO ][2016-01-27 16:39:41,609][com.java.SeleniumDriver] [  856] - ------------------------------------------
[INFO ][2016-01-27 16:39:41,609][com.java.SeleniumDriver] [  857] - Test case being Executed: 8
[INFO ][2016-01-27 16:39:41,609][com.java.SeleniumDriver] [  869] - Test step:15
[INFO ][2016-01-27 16:39:41,609][com.java.SeleniumDriver] [  881] - Datavalue is----------null
[DEBUG][2016-01-27 16:39:41,609][com.java.SeleniumDriver] [  899] - Exception: null
[INFO ][2016-01-27 16:39:41,609][com.java.SeleniumDriver] [  905] - DataField : BTNrdoAppTypeNew
[INFO ][2016-01-27 16:39:41,609][com.java.SeleniumDriver] [  907] - DataValue : 
[INFO ][2016-01-27 16:39:41,609][com.java.SeleniumDriver] [  913] - <In Set values of the page>
[INFO ][2016-01-27 16:39:41,609][com.java.SeleniumDriver] [  916] - {Data Fields & Data Values Exist}
[INFO ][2016-01-27 16:39:41,609][com.java.SeleniumDriver] [  918] - --------------------------setting values-----------------------------
[INFO ][2016-01-27 16:39:41,609][com.java.SeleniumDriver] [  921] - Action Type : CLICK
[INFO ][2016-01-27 16:39:41,609][com.java.TestType] [ 6808] - Field ::BTNrdoAppTypeNew
[INFO ][2016-01-27 16:39:41,609][com.java.TestType] [ 6429] - value = 
[INFO ][2016-01-27 16:39:42,610][com.java.TestType] [ 6960] - BEFORE CLICK
[INFO ][2016-01-27 16:39:44,081][com.java.TestType] [ 6967] - Unable to click the object New radio button
[INFO ][2016-01-27 16:39:44,081][com.java.SeleniumDriver] [  930] -  RESULT true
[INFO ][2016-01-27 16:39:44,081][com.java.SeleniumDriver] [ 1136] - ?   P A S S   ?
[INFO ][2016-01-27 16:39:44,081][com.java.SeleniumDriver] [  856] - ------------------------------------------
[INFO ][2016-01-27 16:39:44,081][com.java.SeleniumDriver] [  857] - Test case being Executed: 8
[INFO ][2016-01-27 16:39:44,081][com.java.SeleniumDriver] [  869] - Test step:16
[INFO ][2016-01-27 16:39:44,081][com.java.SeleniumDriver] [  881] - Datavalue is----------2
[INFO ][2016-01-27 16:39:44,081][com.java.SeleniumDriver] [  905] - DataField : test
[INFO ][2016-01-27 16:39:44,081][com.java.SeleniumDriver] [  907] - DataValue : 2
[INFO ][2016-01-27 16:39:44,081][com.java.SeleniumDriver] [  913] - <In Set values of the page>
[INFO ][2016-01-27 16:39:44,081][com.java.SeleniumDriver] [  916] - {Data Fields & Data Values Exist}
[INFO ][2016-01-27 16:39:44,081][com.java.SeleniumDriver] [  918] - --------------------------setting values-----------------------------
[INFO ][2016-01-27 16:39:44,081][com.java.SeleniumDriver] [  921] - Action Type : WAITTIME
[DEBUG][2016-01-27 16:39:44,081][com.java.TestType] [ 6243] - sleepTime: 2000
