[INFO ][2016-02-10 19:21:40,975][com.java.SeleniumDriver] [  213] - Execute Failed Casesfalse
[INFO ][2016-02-10 19:21:40,975][com.java.SeleniumDriver] [  214] - Browser: IE10
[INFO ][2016-02-10 19:21:40,975][com.java.SeleniumDriver] [  215] - [1, 24]
[INFO ][2016-02-10 19:21:40,975][com.java.SeleniumDriver] [  216] - Total TestCases:2
[INFO ][2016-02-10 19:21:40,975][com.java.SeleniumDriver] [  217] -  Reading Properties from Property File 
[DEBUG][2016-02-10 19:21:40,975][com.java.SeleniumDriver] [  238] - url : https://clients-xuat.bankersdashboard.com
[INFO ][2016-02-10 19:21:40,975][com.java.ImportnExport.ExportTestResultsExcel] [  116] - Time Stamp Wed Feb 10 07:21:40 IST 2016
[INFO ][2016-02-10 19:21:40,975][com.java.ImportnExport.ExportTestResultsExcel] [  175] - OUT FILE : D:\BankersDashboard/TestReports/Test Results_BankersDashBoard_021016_192140_IE10_Any Bank USA.xls
[INFO ][2016-02-10 19:21:41,006][com.java.ImportnExport.ExportTestResultsExcel] [  180] - Test Result file is created
[DEBUG][2016-02-10 19:21:41,106][com.java.SeleniumDriver] [  426] - Hub ip address is-------172.17.68.34
[INFO ][2016-02-10 19:21:41,106][com.java.SeleniumDriver] [  452] - Grid URL:http://172.17.68.34:4444/wd/hub
[INFO ][2016-02-10 19:21:41,106][com.java.SeleniumDriver] [  453] - Capability:Capabilities [{platform=ANY, ensureCleanSession=true, ignoreProtectedModeSettings=true, acceptSslCerts=true, ignoreZoomSetting=true, browserName=internet explorer, browserstack.ie.noFlash=true, version=null}]
[ERROR][2016-02-10 19:21:42,426][com.java.SeleniumDriver] [  498] - Unable invoke browser in grid:Could not start a new session. Possible causes are invalid address of the remote server or browser start-up failure.
Build info: version: '2.48.2', revision: '41bccdd', time: '2015-10-09 19:59:12'
System info: host: 'FVTIII438F1D', ip: '172.17.68.34', os.name: 'Windows 7', os.arch: 'x86', os.version: '6.1', java.version: '1.7.0_55'
Driver info: driver.version: SeleniumDriver
[INFO ][2016-02-10 19:21:42,426][com.java.SeleniumDriver] [  500] - Executing on local machine
[INFO ][2016-02-10 19:21:52,911][com.java.SeleniumDriver] [  248] - IE10is opened
[INFO ][2016-02-10 19:21:53,753][com.java.SeleniumDriver] [  756] - Test cases to be executed are: [1, 24]
[INFO ][2016-02-10 19:21:53,774][com.java.ImportnExport.ImportTestDataDetailsExcel] [   49] - test data details path===== D:\BankersDashboard\TestInputs\TestData.xls
[INFO ][2016-02-10 19:21:53,874][com.java.SeleniumDriver] [  856] - ------------------------------------------
[INFO ][2016-02-10 19:21:53,874][com.java.SeleniumDriver] [  857] - Test case being Executed: 1
[INFO ][2016-02-10 19:21:53,874][com.java.SeleniumDriver] [  869] - Test step:1
[INFO ][2016-02-10 19:21:53,874][com.java.SeleniumDriver] [  881] - Datavalue is----------Concept#1:1-16
[INFO ][2016-02-10 19:21:53,874][com.java.SeleniumDriver] [  905] - DataField : test
[INFO ][2016-02-10 19:21:53,874][com.java.SeleniumDriver] [  907] - DataValue : Concept#1:1-16
[INFO ][2016-02-10 19:21:53,874][com.java.SeleniumDriver] [  913] - <In Set values of the page>
[INFO ][2016-02-10 19:21:53,874][com.java.SeleniumDriver] [  916] - {Data Fields & Data Values Exist}
[INFO ][2016-02-10 19:21:53,874][com.java.SeleniumDriver] [  918] - --------------------------setting values-----------------------------
[INFO ][2016-02-10 19:21:53,874][com.java.SeleniumDriver] [  921] - Action Type : ExecuteTestCase
[INFO ][2016-02-10 19:21:53,894][com.java.TestType] [  460] - The Concept sheet name is ---------- Concept
[INFO ][2016-02-10 19:21:53,894][com.java.TestType] [  463] - The Concept ID  is ---------- 1
[DEBUG][2016-02-10 19:21:53,894][com.java.TestType] [  467] - Steps being executted in the Concept are: 1:16
[INFO ][2016-02-10 19:21:53,894][com.java.TestType] [  474] - Test data details path ---------- D:\BankersDashboard\TestInputs\TestData.xls
[INFO ][2016-02-10 19:21:53,934][com.java.TestType] [  505] -  str(1) = 1
[INFO ][2016-02-10 19:21:53,934][com.java.TestType] [  508] - Test case Id is---1
[INFO ][2016-02-10 19:21:53,934][com.java.TestType] [  510] - 1
[INFO ][2016-02-10 19:21:53,934][com.java.TestType] [  505] -  str(2) = 1
[INFO ][2016-02-10 19:21:53,934][com.java.TestType] [  505] -  str(1) = 1
[INFO ][2016-02-10 19:21:53,934][com.java.TestType] [  508] - Test case Id is---1
[INFO ][2016-02-10 19:21:53,934][com.java.TestType] [  510] - 1
[INFO ][2016-02-10 19:21:53,934][com.java.TestType] [  505] -  str(2) = 2
[INFO ][2016-02-10 19:21:53,934][com.java.TestType] [  505] -  str(1) = 1
[INFO ][2016-02-10 19:21:53,934][com.java.TestType] [  508] - Test case Id is---1
[INFO ][2016-02-10 19:21:53,934][com.java.TestType] [  510] - 1
[INFO ][2016-02-10 19:21:53,934][com.java.TestType] [  505] -  str(2) = 3
[INFO ][2016-02-10 19:21:53,934][com.java.TestType] [  505] -  str(1) = 1
[INFO ][2016-02-10 19:21:53,934][com.java.TestType] [  508] - Test case Id is---1
[INFO ][2016-02-10 19:21:53,944][com.java.TestType] [  510] - 1
[INFO ][2016-02-10 19:21:53,944][com.java.TestType] [  505] -  str(2) = 4
[INFO ][2016-02-10 19:21:53,944][com.java.TestType] [  505] -  str(1) = 1
[INFO ][2016-02-10 19:21:53,944][com.java.TestType] [  508] - Test case Id is---1
[INFO ][2016-02-10 19:21:53,944][com.java.TestType] [  510] - 1
[INFO ][2016-02-10 19:21:53,944][com.java.TestType] [  505] -  str(2) = 5
[INFO ][2016-02-10 19:21:53,944][com.java.TestType] [  505] -  str(1) = 1
[INFO ][2016-02-10 19:21:53,944][com.java.TestType] [  508] - Test case Id is---1
[INFO ][2016-02-10 19:21:53,944][com.java.TestType] [  510] - 1
[INFO ][2016-02-10 19:21:53,944][com.java.TestType] [  505] -  str(2) = 6
[INFO ][2016-02-10 19:21:53,944][com.java.TestType] [  505] -  str(1) = 1
[INFO ][2016-02-10 19:21:53,944][com.java.TestType] [  508] - Test case Id is---1
[INFO ][2016-02-10 19:21:53,944][com.java.TestType] [  510] - 1
[INFO ][2016-02-10 19:21:53,944][com.java.TestType] [  505] -  str(2) = 7
[INFO ][2016-02-10 19:21:53,944][com.java.TestType] [  505] -  str(1) = 1
[INFO ][2016-02-10 19:21:53,944][com.java.TestType] [  508] - Test case Id is---1
[INFO ][2016-02-10 19:21:53,944][com.java.TestType] [  510] - 1
[INFO ][2016-02-10 19:21:53,944][com.java.TestType] [  505] -  str(2) = 8
[INFO ][2016-02-10 19:21:53,944][com.java.TestType] [  505] -  str(1) = 1
[INFO ][2016-02-10 19:21:53,944][com.java.TestType] [  508] - Test case Id is---1
[INFO ][2016-02-10 19:21:53,944][com.java.TestType] [  510] - 1
[INFO ][2016-02-10 19:21:53,944][com.java.TestType] [  505] -  str(2) = 9
[INFO ][2016-02-10 19:21:53,944][com.java.TestType] [  505] -  str(1) = 1
[INFO ][2016-02-10 19:21:53,944][com.java.TestType] [  508] - Test case Id is---1
[INFO ][2016-02-10 19:21:53,944][com.java.TestType] [  510] - 1
[INFO ][2016-02-10 19:21:53,944][com.java.TestType] [  505] -  str(2) = 10
[INFO ][2016-02-10 19:21:53,954][com.java.TestType] [  505] -  str(1) = 1
[INFO ][2016-02-10 19:21:53,954][com.java.TestType] [  508] - Test case Id is---1
[INFO ][2016-02-10 19:21:53,954][com.java.TestType] [  510] - 1
[INFO ][2016-02-10 19:21:53,954][com.java.TestType] [  505] -  str(2) = 11
[INFO ][2016-02-10 19:21:53,954][com.java.TestType] [  505] -  str(1) = 1
[INFO ][2016-02-10 19:21:53,954][com.java.TestType] [  508] - Test case Id is---1
[INFO ][2016-02-10 19:21:53,954][com.java.TestType] [  510] - 1
[INFO ][2016-02-10 19:21:53,954][com.java.TestType] [  505] -  str(2) = 12
[INFO ][2016-02-10 19:21:53,954][com.java.TestType] [  505] -  str(1) = 1
[INFO ][2016-02-10 19:21:53,954][com.java.TestType] [  508] - Test case Id is---1
[INFO ][2016-02-10 19:21:53,954][com.java.TestType] [  510] - 1
[INFO ][2016-02-10 19:21:53,954][com.java.TestType] [  505] -  str(2) = 13
[INFO ][2016-02-10 19:21:53,954][com.java.TestType] [  505] -  str(1) = 1
[INFO ][2016-02-10 19:21:53,954][com.java.TestType] [  508] - Test case Id is---1
[INFO ][2016-02-10 19:21:53,954][com.java.TestType] [  510] - 1
[INFO ][2016-02-10 19:21:53,954][com.java.TestType] [  505] -  str(2) = 14
[INFO ][2016-02-10 19:21:53,954][com.java.TestType] [  505] -  str(1) = 1
[INFO ][2016-02-10 19:21:53,954][com.java.TestType] [  508] - Test case Id is---1
[INFO ][2016-02-10 19:21:53,954][com.java.TestType] [  510] - 1
[INFO ][2016-02-10 19:21:53,954][com.java.TestType] [  505] -  str(2) = 15
[INFO ][2016-02-10 19:21:53,954][com.java.TestType] [  505] -  str(1) = 1
[INFO ][2016-02-10 19:21:53,954][com.java.TestType] [  508] - Test case Id is---1
[INFO ][2016-02-10 19:21:53,954][com.java.TestType] [  510] - 1
[INFO ][2016-02-10 19:21:53,954][com.java.TestType] [  505] -  str(2) = 16
[INFO ][2016-02-10 19:21:53,954][com.java.TestType] [12463] - Looping 1TCID = 1
[DEBUG][2016-02-10 19:21:53,954][com.java.TestType] [12504] - Concept ID:1 :: Step being Executed: 1::1
[INFO ][2016-02-10 19:21:53,954][com.java.TestType] [12542] - dataFields : TXTusername
[DEBUG][2016-02-10 19:21:53,954][com.java.TestType] [12548] - <In Set values of the page>
[DEBUG][2016-02-10 19:21:53,954][com.java.TestType] [12553] - {Data Fields & Data Values Exist}
[INFO ][2016-02-10 19:21:53,954][com.java.TestType] [12559] - --------------------------setting values-----------------------------
[INFO ][2016-02-10 19:21:53,954][com.java.TestType] [12562] - Action Type : CLEARANDENTER
[INFO ][2016-02-10 19:21:56,225][com.java.TestType] [ 6884] - value = naresh.nayini1.00000
[INFO ][2016-02-10 19:21:58,679][com.java.TestType] [12581] -  RESULT true
[INFO ][2016-02-10 19:21:58,679][com.java.TestType] [12698] - ?   P A S S   ?
[DEBUG][2016-02-10 19:21:58,679][com.java.TestType] [12504] - Concept ID:1 :: Step being Executed: 1::2
[INFO ][2016-02-10 19:21:58,679][com.java.TestType] [12542] - dataFields : TXTpassword
[DEBUG][2016-02-10 19:21:58,679][com.java.TestType] [12548] - <In Set values of the page>
[DEBUG][2016-02-10 19:21:58,679][com.java.TestType] [12553] - {Data Fields & Data Values Exist}
[INFO ][2016-02-10 19:21:58,679][com.java.TestType] [12559] - --------------------------setting values-----------------------------
[INFO ][2016-02-10 19:21:58,679][com.java.TestType] [12562] - Action Type : CLEARANDENTER
[INFO ][2016-02-10 19:22:00,920][com.java.TestType] [ 6884] - value = Password1*
[INFO ][2016-02-10 19:22:03,478][com.java.TestType] [12581] -  RESULT true
[INFO ][2016-02-10 19:22:03,478][com.java.TestType] [12698] - ?   P A S S   ?
[DEBUG][2016-02-10 19:22:03,478][com.java.TestType] [12504] - Concept ID:1 :: Step being Executed: 1::3
[ERROR][2016-02-10 19:22:03,478][com.java.TestType] [12537] - Exception: null
[INFO ][2016-02-10 19:22:03,478][com.java.TestType] [12542] - dataFields : XPH//button[@type='submit']
[DEBUG][2016-02-10 19:22:03,478][com.java.TestType] [12548] - <In Set values of the page>
[DEBUG][2016-02-10 19:22:03,478][com.java.TestType] [12553] - {Data Fields & Data Values Exist}
[INFO ][2016-02-10 19:22:03,478][com.java.TestType] [12559] - --------------------------setting values-----------------------------
[INFO ][2016-02-10 19:22:03,478][com.java.TestType] [12562] - Action Type : Click
[INFO ][2016-02-10 19:22:03,478][com.java.TestType] [ 7297] - Field ::XPH//button[@type='submit']
[INFO ][2016-02-10 19:22:03,478][com.java.TestType] [ 6884] - value = 
[INFO ][2016-02-10 19:22:04,478][com.java.TestType] [ 7493] - BEFORE CLICK
[INFO ][2016-02-10 19:22:05,311][com.java.TestType] [ 7501] - Unable to click the object Login
[INFO ][2016-02-10 19:22:05,311][com.java.TestType] [12581] -  RESULT true
[INFO ][2016-02-10 19:22:05,311][com.java.TestType] [12698] - ?   P A S S   ?
[DEBUG][2016-02-10 19:22:05,311][com.java.TestType] [12504] - Concept ID:1 :: Step being Executed: 1::4
[INFO ][2016-02-10 19:22:05,311][com.java.TestType] [12542] - dataFields : LNKLogout
[DEBUG][2016-02-10 19:22:05,311][com.java.TestType] [12548] - <In Set values of the page>
[DEBUG][2016-02-10 19:22:05,311][com.java.TestType] [12553] - {Data Fields & Data Values Exist}
[INFO ][2016-02-10 19:22:05,311][com.java.TestType] [12559] - --------------------------setting values-----------------------------
[INFO ][2016-02-10 19:22:05,311][com.java.TestType] [12562] - Action Type : WaitForElement
[INFO ][2016-02-10 19:22:08,814][com.java.TestType] [12581] -  RESULT true
[INFO ][2016-02-10 19:22:08,814][com.java.TestType] [12698] - ?   P A S S   ?
[DEBUG][2016-02-10 19:22:08,814][com.java.TestType] [12504] - Concept ID:1 :: Step being Executed: 1::15
[INFO ][2016-02-10 19:22:08,814][com.java.TestType] [12542] - dataFields : LNK
[DEBUG][2016-02-10 19:22:08,814][com.java.TestType] [12548] - <In Set values of the page>
[DEBUG][2016-02-10 19:22:08,814][com.java.TestType] [12553] - {Data Fields & Data Values Exist}
[INFO ][2016-02-10 19:22:08,814][com.java.TestType] [12559] - --------------------------setting values-----------------------------
[INFO ][2016-02-10 19:22:08,814][com.java.TestType] [12562] - Action Type : Verify
[INFO ][2016-02-10 19:22:08,814][com.java.TestType] [ 8585] - field= LNK value= Logout
[INFO ][2016-02-10 19:22:08,814][com.java.TestType] [ 6884] - value = Logout
[INFO ][2016-02-10 19:22:08,855][com.java.TestType] [12581] -  RESULT true
[INFO ][2016-02-10 19:22:08,855][com.java.TestType] [12698] - ?   P A S S   ?
[DEBUG][2016-02-10 19:22:08,855][com.java.TestType] [12504] - Concept ID:1 :: Step being Executed: 1::16
[INFO ][2016-02-10 19:22:08,855][com.java.TestType] [12542] - dataFields : BTN
[DEBUG][2016-02-10 19:22:08,855][com.java.TestType] [12548] - <In Set values of the page>
[DEBUG][2016-02-10 19:22:08,855][com.java.TestType] [12553] - {Data Fields & Data Values Exist}
[INFO ][2016-02-10 19:22:08,855][com.java.TestType] [12559] - --------------------------setting values-----------------------------
[INFO ][2016-02-10 19:22:08,855][com.java.TestType] [12562] - Action Type : Verify
[INFO ][2016-02-10 19:22:08,855][com.java.TestType] [ 8585] - field= BTN value= //img[contains(@src,'bdlogo.jpg')]
[INFO ][2016-02-10 19:22:08,855][com.java.TestType] [ 6884] - value = //img[contains(@src,'bdlogo.jpg')]
[INFO ][2016-02-10 19:22:08,915][com.java.TestType] [12581] -  RESULT true
[INFO ][2016-02-10 19:22:08,915][com.java.TestType] [12698] - ?   P A S S   ?
[INFO ][2016-02-10 19:22:08,915][com.java.TestType] [12769] - Looping End......
[INFO ][2016-02-10 19:22:08,915][com.java.SeleniumDriver] [  930] -  RESULT true
[INFO ][2016-02-10 19:22:08,915][com.java.SeleniumDriver] [ 1136] - ?   P A S S   ?
[INFO ][2016-02-10 19:22:08,915][com.java.SeleniumDriver] [  856] - ------------------------------------------
[INFO ][2016-02-10 19:22:08,915][com.java.SeleniumDriver] [  857] - Test case being Executed: 1
[INFO ][2016-02-10 19:22:08,915][com.java.SeleniumDriver] [  869] - Test step:2
[INFO ][2016-02-10 19:22:08,915][com.java.SeleniumDriver] [  881] - Datavalue is----------Concept#2:1-2
[INFO ][2016-02-10 19:22:08,915][com.java.SeleniumDriver] [  905] - DataField : test
[INFO ][2016-02-10 19:22:08,915][com.java.SeleniumDriver] [  907] - DataValue : Concept#2:1-2
[INFO ][2016-02-10 19:22:08,915][com.java.SeleniumDriver] [  913] - <In Set values of the page>
[INFO ][2016-02-10 19:22:08,915][com.java.SeleniumDriver] [  916] - {Data Fields & Data Values Exist}
[INFO ][2016-02-10 19:22:08,915][com.java.SeleniumDriver] [  918] - --------------------------setting values-----------------------------
[INFO ][2016-02-10 19:22:08,915][com.java.SeleniumDriver] [  921] - Action Type : ExecuteTestCase
[INFO ][2016-02-10 19:22:08,915][com.java.TestType] [  460] - The Concept sheet name is ---------- Concept
[INFO ][2016-02-10 19:22:08,915][com.java.TestType] [  463] - The Concept ID  is ---------- 2
[DEBUG][2016-02-10 19:22:08,915][com.java.TestType] [  467] - Steps being executted in the Concept are: 1:2
[INFO ][2016-02-10 19:22:08,915][com.java.TestType] [  474] - Test data details path ---------- D:\BankersDashboard\TestInputs\TestData.xls
[INFO ][2016-02-10 19:22:08,955][com.java.TestType] [  505] -  str(1) = 2
[INFO ][2016-02-10 19:22:08,955][com.java.TestType] [  508] - Test case Id is---2
[INFO ][2016-02-10 19:22:08,955][com.java.TestType] [  510] - 2
[INFO ][2016-02-10 19:22:08,955][com.java.TestType] [  505] -  str(2) = 1
[INFO ][2016-02-10 19:22:08,955][com.java.TestType] [  505] -  str(1) = 2
[INFO ][2016-02-10 19:22:08,955][com.java.TestType] [  508] - Test case Id is---2
[INFO ][2016-02-10 19:22:08,955][com.java.TestType] [  510] - 2
[INFO ][2016-02-10 19:22:08,955][com.java.TestType] [  505] -  str(2) = 2
[INFO ][2016-02-10 19:22:08,955][com.java.TestType] [  505] -  str(1) = 2
[INFO ][2016-02-10 19:22:08,955][com.java.TestType] [  508] - Test case Id is---2
[INFO ][2016-02-10 19:22:08,955][com.java.TestType] [  510] - 2
[INFO ][2016-02-10 19:22:08,955][com.java.TestType] [  505] -  str(2) = 3
[INFO ][2016-02-10 19:22:08,955][com.java.TestType] [12463] - Looping 1TCID = 2
[DEBUG][2016-02-10 19:22:08,955][com.java.TestType] [12504] - Concept ID:2 :: Step being Executed: 2::1
[INFO ][2016-02-10 19:22:08,955][com.java.TestType] [12542] - dataFields : BNK//select[@id='bank']
[DEBUG][2016-02-10 19:22:08,955][com.java.TestType] [12548] - <In Set values of the page>
[DEBUG][2016-02-10 19:22:08,955][com.java.TestType] [12553] - {Data Fields & Data Values Exist}
[INFO ][2016-02-10 19:22:08,955][com.java.TestType] [12559] - --------------------------setting values-----------------------------
[INFO ][2016-02-10 19:22:08,955][com.java.TestType] [12562] - Action Type : Select
[INFO ][2016-02-10 19:22:08,955][com.java.TestType] [ 6884] - value = PFC
[INFO ][2016-02-10 19:22:09,500][com.java.TestType] [12581] -  RESULT true
[INFO ][2016-02-10 19:22:09,500][com.java.TestType] [12698] - ?   P A S S   ?
[DEBUG][2016-02-10 19:22:09,500][com.java.TestType] [12504] - Concept ID:2 :: Step being Executed: 2::2
[INFO ][2016-02-10 19:22:09,500][com.java.TestType] [12542] - dataFields : LNKLogout
[DEBUG][2016-02-10 19:22:09,500][com.java.TestType] [12548] - <In Set values of the page>
[DEBUG][2016-02-10 19:22:09,500][com.java.TestType] [12553] - {Data Fields & Data Values Exist}
[INFO ][2016-02-10 19:22:09,500][com.java.TestType] [12559] - --------------------------setting values-----------------------------
[INFO ][2016-02-10 19:22:09,500][com.java.TestType] [12562] - Action Type : WaitTime
[DEBUG][2016-02-10 19:22:09,500][com.java.TestType] [ 6693] - sleepTime: 5000
[INFO ][2016-02-10 19:22:14,520][com.java.TestType] [12581] -  RESULT true
[INFO ][2016-02-10 19:22:14,520][com.java.TestType] [12698] - ?   P A S S   ?
[INFO ][2016-02-10 19:22:14,520][com.java.TestType] [12769] - Looping End......
[INFO ][2016-02-10 19:22:14,520][com.java.SeleniumDriver] [  930] -  RESULT true
[INFO ][2016-02-10 19:22:14,520][com.java.SeleniumDriver] [ 1136] - ?   P A S S   ?
[INFO ][2016-02-10 19:22:14,520][com.java.SeleniumDriver] [  856] - ------------------------------------------
[INFO ][2016-02-10 19:22:14,520][com.java.SeleniumDriver] [  857] - Test case being Executed: 1
[INFO ][2016-02-10 19:22:14,520][com.java.SeleniumDriver] [  869] - Test step:3
[INFO ][2016-02-10 19:22:14,520][com.java.SeleniumDriver] [  881] - Datavalue is----------2
[INFO ][2016-02-10 19:22:14,520][com.java.SeleniumDriver] [  905] - DataField : XPH//button[contains(text(),'Add Content')]
[INFO ][2016-02-10 19:22:14,520][com.java.SeleniumDriver] [  907] - DataValue : 2
[INFO ][2016-02-10 19:22:14,520][com.java.SeleniumDriver] [  913] - <In Set values of the page>
[INFO ][2016-02-10 19:22:14,520][com.java.SeleniumDriver] [  916] - {Data Fields & Data Values Exist}
[INFO ][2016-02-10 19:22:14,520][com.java.SeleniumDriver] [  918] - --------------------------setting values-----------------------------
[INFO ][2016-02-10 19:22:14,520][com.java.SeleniumDriver] [  921] - Action Type : WAITFORELEMENT
[INFO ][2016-02-10 19:22:14,561][com.java.SeleniumDriver] [  930] -  RESULT true
[INFO ][2016-02-10 19:22:14,561][com.java.SeleniumDriver] [ 1136] - ?   P A S S   ?
[DEBUG][2016-02-10 19:22:14,561][com.java.SeleniumDriver] [ 1248] - Case found
[DEBUG][2016-02-10 19:22:14,561][com.java.SeleniumDriver] [ 1253] - Incrementing ReportCounters[0]:1
[INFO ][2016-02-10 19:22:14,561][com.java.SeleniumDriver] [ 1272] - The results are-------------------[1, 1, Valid Login, Pass, , Wed Feb 10 19:22:08 IST 2016, 1, 2, Valid Login, Pass, , Wed Feb 10 19:22:14 IST 2016, 1, 3, Valid Login, Pass, , Wed Feb 10 19:22:14 IST 2016]
[INFO ][2016-02-10 19:22:14,561][com.java.SeleniumDriver] [ 1276] - End time is-------35 sec
[INFO ][2016-02-10 19:22:14,561][com.java.SeleniumDriver] [ 1277] - The results are-------------------[1, 1, Valid Login, Pass, , Wed Feb 10 19:22:08 IST 2016, 1, 2, Valid Login, Pass, , Wed Feb 10 19:22:14 IST 2016, 1, 3, Valid Login, Pass, , Wed Feb 10 19:22:14 IST 2016]
[DEBUG][2016-02-10 19:22:14,561][com.java.ImportnExport.ExportTestResultsExcel] [  222] - testResultPath = D:\BankersDashboard/TestReports/Test Results_BankersDashBoard_021016_192140_IE10_Any Bank USA.xls
[DEBUG][2016-02-10 19:22:14,561][com.java.ImportnExport.ExportTestResultsExcel] [  223] - browser is------------IE10
[DEBUG][2016-02-10 19:22:14,601][com.java.ImportnExport.ExportTestResultsExcel] [  270] - result.size() = 18
[DEBUG][2016-02-10 19:22:14,601][com.java.ImportnExport.ExportTestResultsExcel] [  274] - No of rows in sheet=1
[DEBUG][2016-02-10 19:22:14,601][com.java.ImportnExport.ExportTestResultsExcel] [  301] - ..in export..1
[DEBUG][2016-02-10 19:22:14,601][com.java.ImportnExport.ExportTestResultsExcel] [  301] - ..in export..Valid Login
[DEBUG][2016-02-10 19:22:14,601][com.java.ImportnExport.ExportTestResultsExcel] [  301] - ..in export..Pass
[DEBUG][2016-02-10 19:22:14,601][com.java.ImportnExport.ExportTestResultsExcel] [  301] - ..in export..
[DEBUG][2016-02-10 19:22:14,601][com.java.ImportnExport.ExportTestResultsExcel] [  301] - ..in export..Wed Feb 10 19:22:08 IST 2016
[INFO ][2016-02-10 19:22:14,611][com.java.SeleniumDriver] [ 1337] - out loop:0 size:2 TestCases:[1, 24] testcases:[1, 24]
[INFO ][2016-02-10 19:22:14,611][com.java.ImportnExport.ImportTestDataDetailsExcel] [   49] - test data details path===== D:\BankersDashboard\TestInputs\TestData.xls
[INFO ][2016-02-10 19:22:30,770][com.java.SeleniumDriver] [  856] - ------------------------------------------
[INFO ][2016-02-10 19:22:30,770][com.java.SeleniumDriver] [  857] - Test case being Executed: 24
[INFO ][2016-02-10 19:22:30,770][com.java.SeleniumDriver] [  869] - Test step:1
[INFO ][2016-02-10 19:22:30,770][com.java.SeleniumDriver] [  881] - Datavalue is----------Logout
[INFO ][2016-02-10 19:22:30,770][com.java.SeleniumDriver] [  905] - DataField : BTN
[INFO ][2016-02-10 19:22:30,770][com.java.SeleniumDriver] [  907] - DataValue : Logout
[INFO ][2016-02-10 19:22:30,770][com.java.SeleniumDriver] [  913] - <In Set values of the page>
[INFO ][2016-02-10 19:22:30,770][com.java.SeleniumDriver] [  916] - {Data Fields & Data Values Exist}
[INFO ][2016-02-10 19:22:30,770][com.java.SeleniumDriver] [  918] - --------------------------setting values-----------------------------
[INFO ][2016-02-10 19:22:30,770][com.java.SeleniumDriver] [  921] - Action Type : Verify
[INFO ][2016-02-10 19:22:30,770][com.java.TestType] [ 8585] - field= BTN value= Logout
[INFO ][2016-02-10 19:22:30,770][com.java.TestType] [ 6884] - value = Logout
[INFO ][2016-02-10 19:22:30,831][com.java.SeleniumDriver] [  930] -  RESULT true
[INFO ][2016-02-10 19:22:30,831][com.java.SeleniumDriver] [ 1136] - ?   P A S S   ?
[INFO ][2016-02-10 19:22:30,831][com.java.SeleniumDriver] [ 1178] - step change to 3
[INFO ][2016-02-10 19:22:30,831][com.java.SeleniumDriver] [  856] - ------------------------------------------
[INFO ][2016-02-10 19:22:30,831][com.java.SeleniumDriver] [  857] - Test case being Executed: 24
[INFO ][2016-02-10 19:22:30,831][com.java.SeleniumDriver] [  869] - Test step:3
[INFO ][2016-02-10 19:22:30,831][com.java.SeleniumDriver] [  881] - Datavalue is----------Concept#2:1-2
[INFO ][2016-02-10 19:22:30,831][com.java.SeleniumDriver] [  905] - DataField : test
[INFO ][2016-02-10 19:22:30,831][com.java.SeleniumDriver] [  907] - DataValue : Concept#2:1-2
[INFO ][2016-02-10 19:22:30,831][com.java.SeleniumDriver] [  913] - <In Set values of the page>
[INFO ][2016-02-10 19:22:30,831][com.java.SeleniumDriver] [  916] - {Data Fields & Data Values Exist}
[INFO ][2016-02-10 19:22:30,831][com.java.SeleniumDriver] [  918] - --------------------------setting values-----------------------------
[INFO ][2016-02-10 19:22:30,831][com.java.SeleniumDriver] [  921] - Action Type : ExecuteTestCase
[INFO ][2016-02-10 19:22:30,831][com.java.TestType] [  460] - The Concept sheet name is ---------- Concept
[INFO ][2016-02-10 19:22:30,831][com.java.TestType] [  463] - The Concept ID  is ---------- 2
[DEBUG][2016-02-10 19:22:30,831][com.java.TestType] [  467] - Steps being executted in the Concept are: 1:2
[INFO ][2016-02-10 19:22:30,831][com.java.TestType] [  474] - Test data details path ---------- D:\BankersDashboard\TestInputs\TestData.xls
[INFO ][2016-02-10 19:22:30,861][com.java.TestType] [  505] -  str(1) = 2
[INFO ][2016-02-10 19:22:30,861][com.java.TestType] [  508] - Test case Id is---2
[INFO ][2016-02-10 19:22:30,861][com.java.TestType] [  510] - 2
[INFO ][2016-02-10 19:22:30,861][com.java.TestType] [  505] -  str(2) = 1
[INFO ][2016-02-10 19:22:30,861][com.java.TestType] [  505] -  str(1) = 2
[INFO ][2016-02-10 19:22:30,861][com.java.TestType] [  508] - Test case Id is---2
[INFO ][2016-02-10 19:22:30,861][com.java.TestType] [  510] - 2
[INFO ][2016-02-10 19:22:30,861][com.java.TestType] [  505] -  str(2) = 2
[INFO ][2016-02-10 19:22:30,861][com.java.TestType] [  505] -  str(1) = 2
[INFO ][2016-02-10 19:22:30,861][com.java.TestType] [  508] - Test case Id is---2
[INFO ][2016-02-10 19:22:30,861][com.java.TestType] [  510] - 2
[INFO ][2016-02-10 19:22:30,861][com.java.TestType] [  505] -  str(2) = 3
[INFO ][2016-02-10 19:22:30,871][com.java.TestType] [12463] - Looping 1TCID = 2
[DEBUG][2016-02-10 19:22:30,871][com.java.TestType] [12504] - Concept ID:2 :: Step being Executed: 2::1
[INFO ][2016-02-10 19:22:30,871][com.java.TestType] [12542] - dataFields : BNK//select[@id='bank']
[DEBUG][2016-02-10 19:22:30,871][com.java.TestType] [12548] - <In Set values of the page>
[DEBUG][2016-02-10 19:22:30,871][com.java.TestType] [12553] - {Data Fields & Data Values Exist}
[INFO ][2016-02-10 19:22:30,871][com.java.TestType] [12559] - --------------------------setting values-----------------------------
[INFO ][2016-02-10 19:22:30,871][com.java.TestType] [12562] - Action Type : Select
[INFO ][2016-02-10 19:22:30,871][com.java.TestType] [ 6884] - value = PFC
[INFO ][2016-02-10 19:22:31,091][com.java.TestType] [12581] -  RESULT true
[INFO ][2016-02-10 19:22:31,091][com.java.TestType] [12698] - ?   P A S S   ?
[DEBUG][2016-02-10 19:22:31,091][com.java.TestType] [12504] - Concept ID:2 :: Step being Executed: 2::2
[INFO ][2016-02-10 19:22:31,091][com.java.TestType] [12542] - dataFields : LNKLogout
[DEBUG][2016-02-10 19:22:31,091][com.java.TestType] [12548] - <In Set values of the page>
[DEBUG][2016-02-10 19:22:31,091][com.java.TestType] [12553] - {Data Fields & Data Values Exist}
[INFO ][2016-02-10 19:22:31,091][com.java.TestType] [12559] - --------------------------setting values-----------------------------
[INFO ][2016-02-10 19:22:31,091][com.java.TestType] [12562] - Action Type : WaitTime
[DEBUG][2016-02-10 19:22:31,091][com.java.TestType] [ 6693] - sleepTime: 5000
[INFO ][2016-02-10 19:22:36,091][com.java.TestType] [12581] -  RESULT true
[INFO ][2016-02-10 19:22:36,091][com.java.TestType] [12698] - ?   P A S S   ?
[INFO ][2016-02-10 19:22:36,091][com.java.TestType] [12769] - Looping End......
[INFO ][2016-02-10 19:22:36,091][com.java.SeleniumDriver] [  930] -  RESULT true
[INFO ][2016-02-10 19:22:36,091][com.java.SeleniumDriver] [ 1136] - ?   P A S S   ?
[INFO ][2016-02-10 19:22:36,091][com.java.SeleniumDriver] [  856] - ------------------------------------------
[INFO ][2016-02-10 19:22:36,091][com.java.SeleniumDriver] [  857] - Test case being Executed: 24
[INFO ][2016-02-10 19:22:36,091][com.java.SeleniumDriver] [  869] - Test step:4
[INFO ][2016-02-10 19:22:36,091][com.java.SeleniumDriver] [  881] - Datavalue is----------null
[DEBUG][2016-02-10 19:22:36,091][com.java.SeleniumDriver] [  899] - Exception: null
[INFO ][2016-02-10 19:22:36,091][com.java.SeleniumDriver] [  905] - DataField : //span[@class='icon-user4']&&//a[text()='G/L Mapping']&&//a[@data-id="AcctMapping"]
[INFO ][2016-02-10 19:22:36,091][com.java.SeleniumDriver] [  907] - DataValue : 
[INFO ][2016-02-10 19:22:36,091][com.java.SeleniumDriver] [  913] - <In Set values of the page>
[INFO ][2016-02-10 19:22:36,091][com.java.SeleniumDriver] [  916] - {Data Fields & Data Values Exist}
[INFO ][2016-02-10 19:22:36,091][com.java.SeleniumDriver] [  918] - --------------------------setting values-----------------------------
[INFO ][2016-02-10 19:22:36,091][com.java.SeleniumDriver] [  921] - Action Type : MOUSEOVER
[INFO ][2016-02-10 19:23:21,157][com.java.SeleniumDriver] [  930] -  RESULT true
[INFO ][2016-02-10 19:23:21,157][com.java.SeleniumDriver] [ 1136] - ?   P A S S   ?
[INFO ][2016-02-10 19:23:21,157][com.java.SeleniumDriver] [  856] - ------------------------------------------
[INFO ][2016-02-10 19:23:21,157][com.java.SeleniumDriver] [  857] - Test case being Executed: 24
[INFO ][2016-02-10 19:23:21,157][com.java.SeleniumDriver] [  869] - Test step:5
[INFO ][2016-02-10 19:23:21,157][com.java.SeleniumDriver] [  881] - Datavalue is----------Assets
[INFO ][2016-02-10 19:23:21,157][com.java.SeleniumDriver] [  905] - DataField : XPH//*[@id='glMappingTabAssets']
[INFO ][2016-02-10 19:23:21,157][com.java.SeleniumDriver] [  907] - DataValue : Assets
[INFO ][2016-02-10 19:23:21,157][com.java.SeleniumDriver] [  913] - <In Set values of the page>
[INFO ][2016-02-10 19:23:21,157][com.java.SeleniumDriver] [  916] - {Data Fields & Data Values Exist}
[INFO ][2016-02-10 19:23:21,157][com.java.SeleniumDriver] [  918] - --------------------------setting values-----------------------------
[INFO ][2016-02-10 19:23:21,157][com.java.SeleniumDriver] [  921] - Action Type : VERIFY
[INFO ][2016-02-10 19:23:21,157][com.java.TestType] [ 8585] - field= XPH//*[@id='glMappingTabAssets'] value= Assets
[INFO ][2016-02-10 19:23:21,157][com.java.TestType] [ 6884] - value = Assets
[INFO ][2016-02-10 19:23:21,386][com.java.SeleniumDriver] [  930] -  RESULT true
[INFO ][2016-02-10 19:23:21,386][com.java.SeleniumDriver] [ 1136] - ?   P A S S   ?
[INFO ][2016-02-10 19:23:21,386][com.java.SeleniumDriver] [  856] - ------------------------------------------
[INFO ][2016-02-10 19:23:21,386][com.java.SeleniumDriver] [  857] - Test case being Executed: 24
[INFO ][2016-02-10 19:23:21,386][com.java.SeleniumDriver] [  869] - Test step:6
[INFO ][2016-02-10 19:23:21,386][com.java.SeleniumDriver] [  881] - Datavalue is----------null
[DEBUG][2016-02-10 19:23:21,386][com.java.SeleniumDriver] [  899] - Exception: null
[INFO ][2016-02-10 19:23:21,386][com.java.SeleniumDriver] [  905] - DataField : FEA
[INFO ][2016-02-10 19:23:21,386][com.java.SeleniumDriver] [  907] - DataValue : 
[INFO ][2016-02-10 19:23:21,386][com.java.SeleniumDriver] [  913] - <In Set values of the page>
[INFO ][2016-02-10 19:23:21,386][com.java.SeleniumDriver] [  916] - {Data Fields & Data Values Exist}
[INFO ][2016-02-10 19:23:21,386][com.java.SeleniumDriver] [  918] - --------------------------setting values-----------------------------
[INFO ][2016-02-10 19:23:21,386][com.java.SeleniumDriver] [  921] - Action Type : CLICKACCOUNT
[INFO ][2016-02-10 19:23:40,411][com.java.SeleniumDriver] [  930] -  RESULT true
[INFO ][2016-02-10 19:23:40,411][com.java.SeleniumDriver] [ 1136] - ?   P A S S   ?
[INFO ][2016-02-10 19:23:40,411][com.java.SeleniumDriver] [  856] - ------------------------------------------
[INFO ][2016-02-10 19:23:40,411][com.java.SeleniumDriver] [  857] - Test case being Executed: 24
[INFO ][2016-02-10 19:23:40,411][com.java.SeleniumDriver] [  869] - Test step:7
[INFO ][2016-02-10 19:23:40,411][com.java.SeleniumDriver] [  881] - Datavalue is----------5
[INFO ][2016-02-10 19:23:40,411][com.java.SeleniumDriver] [  905] - DataField : test
[INFO ][2016-02-10 19:23:40,411][com.java.SeleniumDriver] [  907] - DataValue : 5
[INFO ][2016-02-10 19:23:40,411][com.java.SeleniumDriver] [  913] - <In Set values of the page>
[INFO ][2016-02-10 19:23:40,411][com.java.SeleniumDriver] [  916] - {Data Fields & Data Values Exist}
[INFO ][2016-02-10 19:23:40,411][com.java.SeleniumDriver] [  918] - --------------------------setting values-----------------------------
[INFO ][2016-02-10 19:23:40,411][com.java.SeleniumDriver] [  921] - Action Type : WAITTIME
[DEBUG][2016-02-10 19:23:40,411][com.java.TestType] [ 6693] - sleepTime: 5000
[INFO ][2016-02-10 19:23:45,412][com.java.SeleniumDriver] [  930] -  RESULT true
[INFO ][2016-02-10 19:23:45,412][com.java.SeleniumDriver] [ 1136] - ?   P A S S   ?
[INFO ][2016-02-10 19:23:45,412][com.java.SeleniumDriver] [  856] - ------------------------------------------
[INFO ][2016-02-10 19:23:45,412][com.java.SeleniumDriver] [  857] - Test case being Executed: 24
[INFO ][2016-02-10 19:23:45,412][com.java.SeleniumDriver] [  869] - Test step:8
[INFO ][2016-02-10 19:23:45,412][com.java.SeleniumDriver] [  881] - Datavalue is----------GL Account Mapping
[INFO ][2016-02-10 19:23:45,412][com.java.SeleniumDriver] [  905] - DataField : XPH//span[contains(text(),'GL Account Mapping')]
[INFO ][2016-02-10 19:23:45,412][com.java.SeleniumDriver] [  907] - DataValue : GL Account Mapping
[INFO ][2016-02-10 19:23:45,412][com.java.SeleniumDriver] [  913] - <In Set values of the page>
[INFO ][2016-02-10 19:23:45,412][com.java.SeleniumDriver] [  916] - {Data Fields & Data Values Exist}
[INFO ][2016-02-10 19:23:45,412][com.java.SeleniumDriver] [  918] - --------------------------setting values-----------------------------
[INFO ][2016-02-10 19:23:45,412][com.java.SeleniumDriver] [  921] - Action Type : VERIFY
[INFO ][2016-02-10 19:23:45,412][com.java.TestType] [ 8585] - field= XPH//span[contains(text(),'GL Account Mapping')] value= GL Account Mapping
[INFO ][2016-02-10 19:23:45,412][com.java.TestType] [ 6884] - value = GL Account Mapping
[INFO ][2016-02-10 19:23:45,523][com.java.SeleniumDriver] [  930] -  RESULT true
[INFO ][2016-02-10 19:23:45,523][com.java.SeleniumDriver] [ 1136] - ?   P A S S   ?
[INFO ][2016-02-10 19:23:45,523][com.java.SeleniumDriver] [  856] - ------------------------------------------
[INFO ][2016-02-10 19:23:45,523][com.java.SeleniumDriver] [  857] - Test case being Executed: 24
[INFO ][2016-02-10 19:23:45,523][com.java.SeleniumDriver] [  869] - Test step:9
[INFO ][2016-02-10 19:23:45,523][com.java.SeleniumDriver] [  881] - Datavalue is----------null
[DEBUG][2016-02-10 19:23:45,523][com.java.SeleniumDriver] [  899] - Exception: null
[INFO ][2016-02-10 19:23:45,523][com.java.SeleniumDriver] [  905] - DataField : BTNframeDialogContent
[INFO ][2016-02-10 19:23:45,523][com.java.SeleniumDriver] [  907] - DataValue : 
[INFO ][2016-02-10 19:23:45,523][com.java.SeleniumDriver] [  913] - <In Set values of the page>
[INFO ][2016-02-10 19:23:45,523][com.java.SeleniumDriver] [  916] - {Data Fields & Data Values Exist}
[INFO ][2016-02-10 19:23:45,523][com.java.SeleniumDriver] [  918] - --------------------------setting values-----------------------------
[INFO ][2016-02-10 19:23:45,523][com.java.SeleniumDriver] [  921] - Action Type : SELECTFRAME
[INFO ][2016-02-10 19:23:47,704][com.java.SeleniumDriver] [  930] -  RESULT true
[INFO ][2016-02-10 19:23:47,704][com.java.SeleniumDriver] [ 1136] - ?   P A S S   ?
[INFO ][2016-02-10 19:23:47,704][com.java.SeleniumDriver] [  856] - ------------------------------------------
[INFO ][2016-02-10 19:23:47,704][com.java.SeleniumDriver] [  857] - Test case being Executed: 24
[INFO ][2016-02-10 19:23:47,704][com.java.SeleniumDriver] [  869] - Test step:10
[INFO ][2016-02-10 19:23:47,704][com.java.SeleniumDriver] [  881] - Datavalue is----------Assets
[INFO ][2016-02-10 19:23:47,704][com.java.SeleniumDriver] [  905] - DataField : XPH//ul[@class="dynatree-container"]/li[1]/span/a
[INFO ][2016-02-10 19:23:47,704][com.java.SeleniumDriver] [  907] - DataValue : Assets
[INFO ][2016-02-10 19:23:47,704][com.java.SeleniumDriver] [  913] - <In Set values of the page>
[INFO ][2016-02-10 19:23:47,704][com.java.SeleniumDriver] [  916] - {Data Fields & Data Values Exist}
[INFO ][2016-02-10 19:23:47,704][com.java.SeleniumDriver] [  918] - --------------------------setting values-----------------------------
[INFO ][2016-02-10 19:23:47,704][com.java.SeleniumDriver] [  921] - Action Type : VERIFY
[INFO ][2016-02-10 19:23:47,704][com.java.TestType] [ 8585] - field= XPH//ul[@class="dynatree-container"]/li[1]/span/a value= Assets
[INFO ][2016-02-10 19:23:47,704][com.java.TestType] [ 6884] - value = Assets
[INFO ][2016-02-10 19:23:47,864][com.java.SeleniumDriver] [  930] -  RESULT true
[INFO ][2016-02-10 19:23:47,864][com.java.SeleniumDriver] [ 1136] - ?   P A S S   ?
[INFO ][2016-02-10 19:23:47,864][com.java.SeleniumDriver] [  856] - ------------------------------------------
[INFO ][2016-02-10 19:23:47,864][com.java.SeleniumDriver] [  857] - Test case being Executed: 24
[INFO ][2016-02-10 19:23:47,864][com.java.SeleniumDriver] [  869] - Test step:11
[INFO ][2016-02-10 19:23:47,864][com.java.SeleniumDriver] [  881] - Datavalue is----------cash and due from banks
[INFO ][2016-02-10 19:23:47,864][com.java.SeleniumDriver] [  905] - DataField : XPH//ul[@class="dynatree-container"]/li[1]/ul/li[1]/span/a
[INFO ][2016-02-10 19:23:47,864][com.java.SeleniumDriver] [  907] - DataValue : cash and due from banks
[INFO ][2016-02-10 19:23:47,864][com.java.SeleniumDriver] [  913] - <In Set values of the page>
[INFO ][2016-02-10 19:23:47,864][com.java.SeleniumDriver] [  916] - {Data Fields & Data Values Exist}
[INFO ][2016-02-10 19:23:47,864][com.java.SeleniumDriver] [  918] - --------------------------setting values-----------------------------
[INFO ][2016-02-10 19:23:47,864][com.java.SeleniumDriver] [  921] - Action Type : VERIFY
[INFO ][2016-02-10 19:23:47,864][com.java.TestType] [ 8585] - field= XPH//ul[@class="dynatree-container"]/li[1]/ul/li[1]/span/a value= cash and due from banks
[INFO ][2016-02-10 19:23:47,864][com.java.TestType] [ 6884] - value = cash and due from banks
[INFO ][2016-02-10 19:23:47,944][com.java.SeleniumDriver] [  930] -  RESULT true
[INFO ][2016-02-10 19:23:47,944][com.java.SeleniumDriver] [ 1136] - ?   P A S S   ?
[INFO ][2016-02-10 19:23:47,944][com.java.SeleniumDriver] [  856] - ------------------------------------------
[INFO ][2016-02-10 19:23:47,944][com.java.SeleniumDriver] [  857] - Test case being Executed: 24
[INFO ][2016-02-10 19:23:47,944][com.java.SeleniumDriver] [  869] - Test step:12
[INFO ][2016-02-10 19:23:47,944][com.java.SeleniumDriver] [  881] - Datavalue is----------5
[INFO ][2016-02-10 19:23:47,944][com.java.SeleniumDriver] [  905] - DataField : null
[INFO ][2016-02-10 19:23:47,944][com.java.SeleniumDriver] [  907] - DataValue : 5
[INFO ][2016-02-10 19:23:47,944][com.java.SeleniumDriver] [  913] - <In Set values of the page>
[INFO ][2016-02-10 19:23:47,944][com.java.SeleniumDriver] [  916] - {Data Fields & Data Values Exist}
[INFO ][2016-02-10 19:23:47,944][com.java.SeleniumDriver] [  918] - --------------------------setting values-----------------------------
[INFO ][2016-02-10 19:23:47,944][com.java.SeleniumDriver] [  921] - Action Type : WAITTIME
[DEBUG][2016-02-10 19:23:47,944][com.java.TestType] [ 6693] - sleepTime: 5000
[INFO ][2016-02-10 19:23:52,944][com.java.SeleniumDriver] [  930] -  RESULT true
[INFO ][2016-02-10 19:23:52,944][com.java.SeleniumDriver] [ 1136] - ?   P A S S   ?
[INFO ][2016-02-10 19:23:52,944][com.java.SeleniumDriver] [  856] - ------------------------------------------
[INFO ][2016-02-10 19:23:52,944][com.java.SeleniumDriver] [  857] - Test case being Executed: 24
[INFO ][2016-02-10 19:23:52,944][com.java.SeleniumDriver] [  869] - Test step:13
[INFO ][2016-02-10 19:23:52,944][com.java.SeleniumDriver] [  881] - Datavalue is----------index:2
[INFO ][2016-02-10 19:23:52,944][com.java.SeleniumDriver] [  905] - DataField : SLVddlFeeAcct
[INFO ][2016-02-10 19:23:52,944][com.java.SeleniumDriver] [  907] - DataValue : index:2
[INFO ][2016-02-10 19:23:52,944][com.java.SeleniumDriver] [  913] - <In Set values of the page>
[INFO ][2016-02-10 19:23:52,944][com.java.SeleniumDriver] [  916] - {Data Fields & Data Values Exist}
[INFO ][2016-02-10 19:23:52,944][com.java.SeleniumDriver] [  918] - --------------------------setting values-----------------------------
[INFO ][2016-02-10 19:23:52,944][com.java.SeleniumDriver] [  921] - Action Type : VERIFY
[INFO ][2016-02-10 19:23:52,944][com.java.TestType] [ 8585] - field= SLVddlFeeAcct value= index:2
[DEBUG][2016-02-10 19:23:52,944][com.java.TestType] [  936] - Unable to perform actionSLVddlFeeAcct
[ERROR][2016-02-10 19:23:52,944][com.java.TestType] [  937] - Exception: No enum constant com.java.TestType.DataFileds.SLV
[INFO ][2016-02-10 19:23:52,944][com.java.SeleniumDriver] [  930] -  RESULT false
[INFO ][2016-02-10 19:23:52,944][com.java.SeleniumDriver] [  977] - ?   F A I L   ?
[INFO ][2016-02-10 19:23:52,944][com.java.SeleniumDriver] [  985] - Browser Type : IE10
[INFO ][2016-02-10 19:23:52,944][com.java.SeleniumDriver] [  986] - Adding Failed case24
[DEBUG][2016-02-10 19:23:53,175][com.java.SeleniumDriver] [ 1054] -  tdd.getCondition() IF:15:14
[INFO ][2016-02-10 19:23:53,175][com.java.SeleniumDriver] [ 1063] - step change to 14
[INFO ][2016-02-10 19:23:53,175][com.java.SeleniumDriver] [  856] - ------------------------------------------
[INFO ][2016-02-10 19:23:53,175][com.java.SeleniumDriver] [  857] - Test case being Executed: 24
[INFO ][2016-02-10 19:23:53,175][com.java.SeleniumDriver] [  869] - Test step:14
[INFO ][2016-02-10 19:23:53,175][com.java.SeleniumDriver] [  881] - Datavalue is----------index:5
[INFO ][2016-02-10 19:23:53,175][com.java.SeleniumDriver] [  905] - DataField : COBddlFeeAcct
[INFO ][2016-02-10 19:23:53,175][com.java.SeleniumDriver] [  907] - DataValue : index:5
[INFO ][2016-02-10 19:23:53,175][com.java.SeleniumDriver] [  913] - <In Set values of the page>
[INFO ][2016-02-10 19:23:53,175][com.java.SeleniumDriver] [  916] - {Data Fields & Data Values Exist}
[INFO ][2016-02-10 19:23:53,175][com.java.SeleniumDriver] [  918] - --------------------------setting values-----------------------------
[INFO ][2016-02-10 19:23:53,175][com.java.SeleniumDriver] [  921] - Action Type : SELECT
[INFO ][2016-02-10 19:23:53,175][com.java.TestType] [ 6884] - value = 5
[INFO ][2016-02-10 19:23:54,686][com.java.TestType] [ 7032] -  In COB ddlFeeAcct : 5
[INFO ][2016-02-10 19:23:55,816][com.java.SeleniumDriver] [  930] -  RESULT true
[INFO ][2016-02-10 19:23:55,816][com.java.SeleniumDriver] [ 1136] - ?   P A S S   ?
[INFO ][2016-02-10 19:23:55,816][com.java.SeleniumDriver] [  856] - ------------------------------------------
[INFO ][2016-02-10 19:23:55,816][com.java.SeleniumDriver] [  857] - Test case being Executed: 24
[INFO ][2016-02-10 19:23:55,816][com.java.SeleniumDriver] [  869] - Test step:15
[INFO ][2016-02-10 19:23:55,816][com.java.SeleniumDriver] [  881] - Datavalue is----------index:2
[INFO ][2016-02-10 19:23:55,816][com.java.SeleniumDriver] [  905] - DataField : COBddlFeeAcct
[INFO ][2016-02-10 19:23:55,816][com.java.SeleniumDriver] [  907] - DataValue : index:2
[INFO ][2016-02-10 19:23:55,816][com.java.SeleniumDriver] [  913] - <In Set values of the page>
[INFO ][2016-02-10 19:23:55,816][com.java.SeleniumDriver] [  916] - {Data Fields & Data Values Exist}
[INFO ][2016-02-10 19:23:55,816][com.java.SeleniumDriver] [  918] - --------------------------setting values-----------------------------
[INFO ][2016-02-10 19:23:55,816][com.java.SeleniumDriver] [  921] - Action Type : SELECT
[INFO ][2016-02-10 19:23:55,816][com.java.TestType] [ 6884] - value = 2
[INFO ][2016-02-10 19:23:57,088][com.java.TestType] [ 7032] -  In COB ddlFeeAcct : 2
[INFO ][2016-02-10 19:23:58,198][com.java.SeleniumDriver] [  930] -  RESULT true
[INFO ][2016-02-10 19:23:58,198][com.java.SeleniumDriver] [ 1136] - ?   P A S S   ?
[INFO ][2016-02-10 19:23:58,198][com.java.SeleniumDriver] [  856] - ------------------------------------------
[INFO ][2016-02-10 19:23:58,198][com.java.SeleniumDriver] [  857] - Test case being Executed: 24
[INFO ][2016-02-10 19:23:58,198][com.java.SeleniumDriver] [  869] - Test step:16
[INFO ][2016-02-10 19:23:58,198][com.java.SeleniumDriver] [  881] - Datavalue is----------5
[INFO ][2016-02-10 19:23:58,198][com.java.SeleniumDriver] [  905] - DataField : null
[INFO ][2016-02-10 19:23:58,198][com.java.SeleniumDriver] [  907] - DataValue : 5
[INFO ][2016-02-10 19:23:58,198][com.java.SeleniumDriver] [  913] - <In Set values of the page>
[INFO ][2016-02-10 19:23:58,198][com.java.SeleniumDriver] [  916] - {Data Fields & Data Values Exist}
[INFO ][2016-02-10 19:23:58,198][com.java.SeleniumDriver] [  918] - --------------------------setting values-----------------------------
[INFO ][2016-02-10 19:23:58,198][com.java.SeleniumDriver] [  921] - Action Type : WAITTIME
[DEBUG][2016-02-10 19:23:58,198][com.java.TestType] [ 6693] - sleepTime: 5000
[INFO ][2016-02-10 19:24:03,199][com.java.SeleniumDriver] [  930] -  RESULT true
[INFO ][2016-02-10 19:24:03,199][com.java.SeleniumDriver] [ 1136] - ?   P A S S   ?
[INFO ][2016-02-10 19:24:03,199][com.java.SeleniumDriver] [  856] - ------------------------------------------
[INFO ][2016-02-10 19:24:03,199][com.java.SeleniumDriver] [  857] - Test case being Executed: 24
[INFO ][2016-02-10 19:24:03,199][com.java.SeleniumDriver] [  869] - Test step:17
[INFO ][2016-02-10 19:24:03,199][com.java.SeleniumDriver] [  881] - Datavalue is----------null
[DEBUG][2016-02-10 19:24:03,199][com.java.SeleniumDriver] [  899] - Exception: null
[INFO ][2016-02-10 19:24:03,199][com.java.SeleniumDriver] [  905] - DataField : BTNparent
[INFO ][2016-02-10 19:24:03,199][com.java.SeleniumDriver] [  907] - DataValue : 
[INFO ][2016-02-10 19:24:03,199][com.java.SeleniumDriver] [  913] - <In Set values of the page>
[INFO ][2016-02-10 19:24:03,199][com.java.SeleniumDriver] [  916] - {Data Fields & Data Values Exist}
[INFO ][2016-02-10 19:24:03,199][com.java.SeleniumDriver] [  918] - --------------------------setting values-----------------------------
[INFO ][2016-02-10 19:24:03,199][com.java.SeleniumDriver] [  921] - Action Type : SELECTFRAME
[INFO ][2016-02-10 19:24:03,200][com.java.SeleniumDriver] [  930] -  RESULT true
[INFO ][2016-02-10 19:24:03,200][com.java.SeleniumDriver] [ 1136] - ?   P A S S   ?
[INFO ][2016-02-10 19:24:03,200][com.java.SeleniumDriver] [  856] - ------------------------------------------
[INFO ][2016-02-10 19:24:03,200][com.java.SeleniumDriver] [  857] - Test case being Executed: 24
[INFO ][2016-02-10 19:24:03,200][com.java.SeleniumDriver] [  869] - Test step:18
[INFO ][2016-02-10 19:24:03,200][com.java.SeleniumDriver] [  881] - Datavalue is----------null
[DEBUG][2016-02-10 19:24:03,200][com.java.SeleniumDriver] [  899] - Exception: null
[INFO ][2016-02-10 19:24:03,200][com.java.SeleniumDriver] [  905] - DataField : XPH//span[contains(text(),'Finished')]
[INFO ][2016-02-10 19:24:03,200][com.java.SeleniumDriver] [  907] - DataValue : 
[INFO ][2016-02-10 19:24:03,200][com.java.SeleniumDriver] [  913] - <In Set values of the page>
[INFO ][2016-02-10 19:24:03,200][com.java.SeleniumDriver] [  916] - {Data Fields & Data Values Exist}
[INFO ][2016-02-10 19:24:03,200][com.java.SeleniumDriver] [  918] - --------------------------setting values-----------------------------
[INFO ][2016-02-10 19:24:03,200][com.java.SeleniumDriver] [  921] - Action Type : CLICK
[INFO ][2016-02-10 19:24:03,200][com.java.TestType] [ 7297] - Field ::XPH//span[contains(text(),'Finished')]
[INFO ][2016-02-10 19:24:03,200][com.java.TestType] [ 6884] - value = 
[INFO ][2016-02-10 19:24:04,210][com.java.TestType] [ 7493] - BEFORE CLICK
[INFO ][2016-02-10 19:24:05,750][com.java.TestType] [ 7501] - Unable to click the object Finished
[INFO ][2016-02-10 19:24:05,750][com.java.SeleniumDriver] [  930] -  RESULT true
[INFO ][2016-02-10 19:24:05,750][com.java.SeleniumDriver] [ 1136] - ?   P A S S   ?
[INFO ][2016-02-10 19:24:05,750][com.java.SeleniumDriver] [  856] - ------------------------------------------
[INFO ][2016-02-10 19:24:05,750][com.java.SeleniumDriver] [  857] - Test case being Executed: 24
[INFO ][2016-02-10 19:24:05,750][com.java.SeleniumDriver] [  869] - Test step:19
[INFO ][2016-02-10 19:24:05,750][com.java.SeleniumDriver] [  881] - Datavalue is----------10
[INFO ][2016-02-10 19:24:05,750][com.java.SeleniumDriver] [  905] - DataField : test
[INFO ][2016-02-10 19:24:05,750][com.java.SeleniumDriver] [  907] - DataValue : 10
[INFO ][2016-02-10 19:24:05,750][com.java.SeleniumDriver] [  913] - <In Set values of the page>
[INFO ][2016-02-10 19:24:05,750][com.java.SeleniumDriver] [  916] - {Data Fields & Data Values Exist}
[INFO ][2016-02-10 19:24:05,750][com.java.SeleniumDriver] [  918] - --------------------------setting values-----------------------------
[INFO ][2016-02-10 19:24:05,750][com.java.SeleniumDriver] [  921] - Action Type : WAITTIME
[DEBUG][2016-02-10 19:24:05,750][com.java.TestType] [ 6693] - sleepTime: 10000
[INFO ][2016-02-10 19:24:15,751][com.java.SeleniumDriver] [  930] -  RESULT true
[INFO ][2016-02-10 19:24:15,751][com.java.SeleniumDriver] [ 1136] - ?   P A S S   ?
[INFO ][2016-02-10 19:24:15,751][com.java.SeleniumDriver] [  856] - ------------------------------------------
[INFO ][2016-02-10 19:24:15,751][com.java.SeleniumDriver] [  857] - Test case being Executed: 24
[INFO ][2016-02-10 19:24:15,751][com.java.SeleniumDriver] [  869] - Test step:20
[INFO ][2016-02-10 19:24:15,751][com.java.SeleniumDriver] [  881] - Datavalue is----------null
[DEBUG][2016-02-10 19:24:15,751][com.java.SeleniumDriver] [  899] - Exception: null
[INFO ][2016-02-10 19:24:15,751][com.java.SeleniumDriver] [  905] - DataField : BTNcloseAllTabs
[INFO ][2016-02-10 19:24:15,751][com.java.SeleniumDriver] [  907] - DataValue : 
[INFO ][2016-02-10 19:24:15,751][com.java.SeleniumDriver] [  913] - <In Set values of the page>
[INFO ][2016-02-10 19:24:15,751][com.java.SeleniumDriver] [  916] - {Data Fields & Data Values Exist}
[INFO ][2016-02-10 19:24:15,751][com.java.SeleniumDriver] [  918] - --------------------------setting values-----------------------------
[INFO ][2016-02-10 19:24:15,751][com.java.SeleniumDriver] [  921] - Action Type : CLICK
[INFO ][2016-02-10 19:24:15,751][com.java.TestType] [ 7297] - Field ::BTNcloseAllTabs
[INFO ][2016-02-10 19:24:15,751][com.java.TestType] [ 6884] - value = 
[INFO ][2016-02-10 19:24:16,752][com.java.TestType] [ 7469] - BEFORE CLICK
[INFO ][2016-02-10 19:24:19,816][com.java.TestType] [ 7476] - Unable to click the object Close all tabs button
[INFO ][2016-02-10 19:24:19,816][com.java.SeleniumDriver] [  930] -  RESULT true
[INFO ][2016-02-10 19:24:19,816][com.java.SeleniumDriver] [ 1136] - ?   P A S S   ?
[INFO ][2016-02-10 19:24:19,816][com.java.SeleniumDriver] [  856] - ------------------------------------------
[INFO ][2016-02-10 19:24:19,816][com.java.SeleniumDriver] [  857] - Test case being Executed: 24
[INFO ][2016-02-10 19:24:19,816][com.java.SeleniumDriver] [  869] - Test step:21
[INFO ][2016-02-10 19:24:19,816][com.java.SeleniumDriver] [  881] - Datavalue is----------5
[INFO ][2016-02-10 19:24:19,816][com.java.SeleniumDriver] [  905] - DataField : test
[INFO ][2016-02-10 19:24:19,816][com.java.SeleniumDriver] [  907] - DataValue : 5
[INFO ][2016-02-10 19:24:19,816][com.java.SeleniumDriver] [  913] - <In Set values of the page>
[INFO ][2016-02-10 19:24:19,816][com.java.SeleniumDriver] [  916] - {Data Fields & Data Values Exist}
[INFO ][2016-02-10 19:24:19,816][com.java.SeleniumDriver] [  918] - --------------------------setting values-----------------------------
[INFO ][2016-02-10 19:24:19,816][com.java.SeleniumDriver] [  921] - Action Type : WAITTIME
[DEBUG][2016-02-10 19:24:19,816][com.java.TestType] [ 6693] - sleepTime: 5000
[INFO ][2016-02-10 19:24:24,816][com.java.SeleniumDriver] [  930] -  RESULT true
[INFO ][2016-02-10 19:24:24,816][com.java.SeleniumDriver] [ 1136] - ?   P A S S   ?
[INFO ][2016-02-10 19:24:24,816][com.java.SeleniumDriver] [  856] - ------------------------------------------
[INFO ][2016-02-10 19:24:24,816][com.java.SeleniumDriver] [  857] - Test case being Executed: 24
[INFO ][2016-02-10 19:24:24,816][com.java.SeleniumDriver] [  869] - Test step:22
[INFO ][2016-02-10 19:24:24,816][com.java.SeleniumDriver] [  881] - Datavalue is----------3
[INFO ][2016-02-10 19:24:24,816][com.java.SeleniumDriver] [  905] - DataField : XPH//div[contains(text(), 'My Dashboard')]
[INFO ][2016-02-10 19:24:24,816][com.java.SeleniumDriver] [  907] - DataValue : 3
[INFO ][2016-02-10 19:24:24,816][com.java.SeleniumDriver] [  913] - <In Set values of the page>
[INFO ][2016-02-10 19:24:24,816][com.java.SeleniumDriver] [  916] - {Data Fields & Data Values Exist}
[INFO ][2016-02-10 19:24:24,816][com.java.SeleniumDriver] [  918] - --------------------------setting values-----------------------------
[INFO ][2016-02-10 19:24:24,816][com.java.SeleniumDriver] [  921] - Action Type : WAITFORELEMENT
[INFO ][2016-02-10 19:24:24,857][com.java.SeleniumDriver] [  930] -  RESULT true
[INFO ][2016-02-10 19:24:24,857][com.java.SeleniumDriver] [ 1136] - ?   P A S S   ?
[INFO ][2016-02-10 19:24:24,857][com.java.SeleniumDriver] [  856] - ------------------------------------------
[INFO ][2016-02-10 19:24:24,857][com.java.SeleniumDriver] [  857] - Test case being Executed: 24
[INFO ][2016-02-10 19:24:24,857][com.java.SeleniumDriver] [  869] - Test step:23
[INFO ][2016-02-10 19:24:24,857][com.java.SeleniumDriver] [  881] - Datavalue is----------My Dashboard
[INFO ][2016-02-10 19:24:24,857][com.java.SeleniumDriver] [  905] - DataField : XPH//div[contains(text(), 'My Dashboard')]
[INFO ][2016-02-10 19:24:24,857][com.java.SeleniumDriver] [  907] - DataValue : My Dashboard
[INFO ][2016-02-10 19:24:24,857][com.java.SeleniumDriver] [  913] - <In Set values of the page>
[INFO ][2016-02-10 19:24:24,857][com.java.SeleniumDriver] [  916] - {Data Fields & Data Values Exist}
[INFO ][2016-02-10 19:24:24,857][com.java.SeleniumDriver] [  918] - --------------------------setting values-----------------------------
[INFO ][2016-02-10 19:24:24,857][com.java.SeleniumDriver] [  921] - Action Type : VERIFY
[INFO ][2016-02-10 19:24:24,857][com.java.TestType] [ 8585] - field= XPH//div[contains(text(), 'My Dashboard')] value= My Dashboard
[INFO ][2016-02-10 19:24:24,857][com.java.TestType] [ 6884] - value = My Dashboard
[INFO ][2016-02-10 19:24:24,967][com.java.SeleniumDriver] [  930] -  RESULT true
[INFO ][2016-02-10 19:24:24,967][com.java.SeleniumDriver] [ 1136] - ?   P A S S   ?
[DEBUG][2016-02-10 19:24:24,967][com.java.SeleniumDriver] [ 1248] - Case found
[DEBUG][2016-02-10 19:24:24,967][com.java.SeleniumDriver] [ 1253] - Incrementing ReportCounters[0]:2
[INFO ][2016-02-10 19:24:24,967][com.java.SeleniumDriver] [ 1272] - The results are-------------------[24, 1, Admin: GL Mapping: Account Mapping: Attempt to Map G/L Account with Fee Account without Mapping to Child Account, Pass, , Wed Feb 10 19:22:30 IST 2016, 24, 3, Admin: GL Mapping: Account Mapping: Attempt to Map G/L Account with Fee Account without Mapping to Child Account, Pass, , Wed Feb 10 19:22:36 IST 2016, 24, 4, Admin: GL Mapping: Account Mapping: Attempt to Map G/L Account with Fee Account without Mapping to Child Account, Pass, , Wed Feb 10 19:23:21 IST 2016, 24, 5, Admin: GL Mapping: Account Mapping: Attempt to Map G/L Account with Fee Account without Mapping to Child Account, Pass, , Wed Feb 10 19:23:21 IST 2016, 24, 6, Admin: GL Mapping: Account Mapping: Attempt to Map G/L Account with Fee Account without Mapping to Child Account, Pass, , Wed Feb 10 19:23:40 IST 2016, 24, 7, Admin: GL Mapping: Account Mapping: Attempt to Map G/L Account with Fee Account without Mapping to Child Account, Pass, , Wed Feb 10 19:23:45 IST 2016, 24, 8, Admin: GL Mapping: Account Mapping: Attempt to Map G/L Account with Fee Account without Mapping to Child Account, Pass, , Wed Feb 10 19:23:45 IST 2016, 24, 9, Admin: GL Mapping: Account Mapping: Attempt to Map G/L Account with Fee Account without Mapping to Child Account, Pass, , Wed Feb 10 19:23:47 IST 2016, 24, 10, Admin: GL Mapping: Account Mapping: Attempt to Map G/L Account with Fee Account without Mapping to Child Account, Pass, , Wed Feb 10 19:23:47 IST 2016, 24, 11, Admin: GL Mapping: Account Mapping: Attempt to Map G/L Account with Fee Account without Mapping to Child Account, Pass, , Wed Feb 10 19:23:47 IST 2016, 24, 12, Admin: GL Mapping: Account Mapping: Attempt to Map G/L Account with Fee Account without Mapping to Child Account, Pass, , Wed Feb 10 19:23:52 IST 2016, 24, 13, Admin: GL Mapping: Account Mapping: Attempt to Map G/L Account with Fee Account without Mapping to Child Account, Pass, , Wed Feb 10 19:23:53 IST 2016, 24, 14, Admin: GL Mapping: Account Mapping: Attempt to Map G/L Account with Fee Account without Mapping to Child Account, Pass, , Wed Feb 10 19:23:55 IST 2016, 24, 15, Admin: GL Mapping: Account Mapping: Attempt to Map G/L Account with Fee Account without Mapping to Child Account, Pass, , Wed Feb 10 19:23:58 IST 2016, 24, 16, Admin: GL Mapping: Account Mapping: Attempt to Map G/L Account with Fee Account without Mapping to Child Account, Pass, , Wed Feb 10 19:24:03 IST 2016, 24, 17, Admin: GL Mapping: Account Mapping: Attempt to Map G/L Account with Fee Account without Mapping to Child Account, Pass, , Wed Feb 10 19:24:03 IST 2016, 24, 18, Admin: GL Mapping: Account Mapping: Attempt to Map G/L Account with Fee Account without Mapping to Child Account, Pass, , Wed Feb 10 19:24:05 IST 2016, 24, 19, Admin: GL Mapping: Account Mapping: Attempt to Map G/L Account with Fee Account without Mapping to Child Account, Pass, , Wed Feb 10 19:24:15 IST 2016, 24, 20, Admin: GL Mapping: Account Mapping: Attempt to Map G/L Account with Fee Account without Mapping to Child Account, Pass, , Wed Feb 10 19:24:19 IST 2016, 24, 21, Admin: GL Mapping: Account Mapping: Attempt to Map G/L Account with Fee Account without Mapping to Child Account, Pass, , Wed Feb 10 19:24:24 IST 2016, 24, 22, Admin: GL Mapping: Account Mapping: Attempt to Map G/L Account with Fee Account without Mapping to Child Account, Pass, , Wed Feb 10 19:24:24 IST 2016, 24, 23, Admin: GL Mapping: Account Mapping: Attempt to Map G/L Account with Fee Account without Mapping to Child Account, Pass, , Wed Feb 10 19:24:24 IST 2016]
[INFO ][2016-02-10 19:24:24,967][com.java.SeleniumDriver] [ 1276] - End time is-------2 min 46 sec
[INFO ][2016-02-10 19:24:24,967][com.java.SeleniumDriver] [ 1277] - The results are-------------------[24, 1, Admin: GL Mapping: Account Mapping: Attempt to Map G/L Account with Fee Account without Mapping to Child Account, Pass, , Wed Feb 10 19:22:30 IST 2016, 24, 3, Admin: GL Mapping: Account Mapping: Attempt to Map G/L Account with Fee Account without Mapping to Child Account, Pass, , Wed Feb 10 19:22:36 IST 2016, 24, 4, Admin: GL Mapping: Account Mapping: Attempt to Map G/L Account with Fee Account without Mapping to Child Account, Pass, , Wed Feb 10 19:23:21 IST 2016, 24, 5, Admin: GL Mapping: Account Mapping: Attempt to Map G/L Account with Fee Account without Mapping to Child Account, Pass, , Wed Feb 10 19:23:21 IST 2016, 24, 6, Admin: GL Mapping: Account Mapping: Attempt to Map G/L Account with Fee Account without Mapping to Child Account, Pass, , Wed Feb 10 19:23:40 IST 2016, 24, 7, Admin: GL Mapping: Account Mapping: Attempt to Map G/L Account with Fee Account without Mapping to Child Account, Pass, , Wed Feb 10 19:23:45 IST 2016, 24, 8, Admin: GL Mapping: Account Mapping: Attempt to Map G/L Account with Fee Account without Mapping to Child Account, Pass, , Wed Feb 10 19:23:45 IST 2016, 24, 9, Admin: GL Mapping: Account Mapping: Attempt to Map G/L Account with Fee Account without Mapping to Child Account, Pass, , Wed Feb 10 19:23:47 IST 2016, 24, 10, Admin: GL Mapping: Account Mapping: Attempt to Map G/L Account with Fee Account without Mapping to Child Account, Pass, , Wed Feb 10 19:23:47 IST 2016, 24, 11, Admin: GL Mapping: Account Mapping: Attempt to Map G/L Account with Fee Account without Mapping to Child Account, Pass, , Wed Feb 10 19:23:47 IST 2016, 24, 12, Admin: GL Mapping: Account Mapping: Attempt to Map G/L Account with Fee Account without Mapping to Child Account, Pass, , Wed Feb 10 19:23:52 IST 2016, 24, 13, Admin: GL Mapping: Account Mapping: Attempt to Map G/L Account with Fee Account without Mapping to Child Account, Pass, , Wed Feb 10 19:23:53 IST 2016, 24, 14, Admin: GL Mapping: Account Mapping: Attempt to Map G/L Account with Fee Account without Mapping to Child Account, Pass, , Wed Feb 10 19:23:55 IST 2016, 24, 15, Admin: GL Mapping: Account Mapping: Attempt to Map G/L Account with Fee Account without Mapping to Child Account, Pass, , Wed Feb 10 19:23:58 IST 2016, 24, 16, Admin: GL Mapping: Account Mapping: Attempt to Map G/L Account with Fee Account without Mapping to Child Account, Pass, , Wed Feb 10 19:24:03 IST 2016, 24, 17, Admin: GL Mapping: Account Mapping: Attempt to Map G/L Account with Fee Account without Mapping to Child Account, Pass, , Wed Feb 10 19:24:03 IST 2016, 24, 18, Admin: GL Mapping: Account Mapping: Attempt to Map G/L Account with Fee Account without Mapping to Child Account, Pass, , Wed Feb 10 19:24:05 IST 2016, 24, 19, Admin: GL Mapping: Account Mapping: Attempt to Map G/L Account with Fee Account without Mapping to Child Account, Pass, , Wed Feb 10 19:24:15 IST 2016, 24, 20, Admin: GL Mapping: Account Mapping: Attempt to Map G/L Account with Fee Account without Mapping to Child Account, Pass, , Wed Feb 10 19:24:19 IST 2016, 24, 21, Admin: GL Mapping: Account Mapping: Attempt to Map G/L Account with Fee Account without Mapping to Child Account, Pass, , Wed Feb 10 19:24:24 IST 2016, 24, 22, Admin: GL Mapping: Account Mapping: Attempt to Map G/L Account with Fee Account without Mapping to Child Account, Pass, , Wed Feb 10 19:24:24 IST 2016, 24, 23, Admin: GL Mapping: Account Mapping: Attempt to Map G/L Account with Fee Account without Mapping to Child Account, Pass, , Wed Feb 10 19:24:24 IST 2016]
[DEBUG][2016-02-10 19:24:24,967][com.java.ImportnExport.ExportTestResultsExcel] [  222] - testResultPath = D:\BankersDashboard/TestReports/Test Results_BankersDashBoard_021016_192140_IE10_Any Bank USA.xls
[DEBUG][2016-02-10 19:24:24,967][com.java.ImportnExport.ExportTestResultsExcel] [  223] - browser is------------IE10
[DEBUG][2016-02-10 19:24:24,967][com.java.ImportnExport.ExportTestResultsExcel] [  270] - result.size() = 132
[DEBUG][2016-02-10 19:24:24,967][com.java.ImportnExport.ExportTestResultsExcel] [  274] - No of rows in sheet=2
[DEBUG][2016-02-10 19:24:24,967][com.java.ImportnExport.ExportTestResultsExcel] [  301] - ..in export..24
[DEBUG][2016-02-10 19:24:24,967][com.java.ImportnExport.ExportTestResultsExcel] [  301] - ..in export..Admin: GL Mapping: Account Mapping: Attempt to Map G/L Account with Fee Account without Mapping to Child Account
[DEBUG][2016-02-10 19:24:24,967][com.java.ImportnExport.ExportTestResultsExcel] [  301] - ..in export..Pass
[DEBUG][2016-02-10 19:24:24,967][com.java.ImportnExport.ExportTestResultsExcel] [  301] - ..in export..
[DEBUG][2016-02-10 19:24:24,967][com.java.ImportnExport.ExportTestResultsExcel] [  301] - ..in export..Wed Feb 10 19:22:30 IST 2016
[INFO ][2016-02-10 19:24:24,967][com.java.SeleniumDriver] [ 1337] - out loop:1 size:2 TestCases:[1, 24] testcases:[1, 24]
[INFO ][2016-02-10 19:24:26,967][com.java.SeleniumDriver] [ 1380] - Total Number of Cases:2
[INFO ][2016-02-10 19:24:26,967][com.java.TemplateGenerator] [  302] - Executed:2
[INFO ][2016-02-10 19:24:26,967][com.java.TemplateGenerator] [  303] - Passed:2
[INFO ][2016-02-10 19:24:26,967][com.java.TemplateGenerator] [  304] - Failed:0
[INFO ][2016-02-10 19:24:26,967][com.java.TemplateGenerator] [  305] - Skipeed:0
[INFO ][2016-02-10 19:24:26,967][com.java.TemplateGenerator] [  306] - Application URL:https://clients-xuat.bankersdashboard.com
[INFO ][2016-02-10 19:24:26,967][com.java.TemplateGenerator] [  307] - Start Time:021016_192140
[INFO ][2016-02-10 19:24:26,967][com.java.TemplateGenerator] [  308] -  Creating HTML Report 
[ERROR][2016-02-10 19:24:26,967][com.java.TemplateGenerator] [  409] - Unparseable date: "Wed Feb 10 07:21:40 IST 2016"
[INFO ][2016-02-10 19:24:26,967][com.java.TemplateGenerator] [  654] -  Exporting case :: 1
[INFO ][2016-02-10 19:24:26,967][com.java.TemplateGenerator] [  654] -  Exporting case :: 24
[INFO ][2016-02-10 19:24:26,967][com.java.SeleniumDriver] [ 1429] - End Time:021016_192426
[INFO ][2016-02-10 19:24:26,968][com.java.SeleniumDriver] [ 1432] - Data in Test Execution Details:{1=PASS, 24=PASS}
[INFO ][2016-02-10 19:24:26,968][com.java.SeleniumDriver] [ 1433] - Data in Failed Execution Deatils:{}
[INFO ][2016-02-10 19:24:26,968][com.java.SeleniumDriver] [ 1435] - ReportCounter:Total:2 :: PASS: 2 ::FAIL: 0
[INFO ][2016-02-10 19:24:26,968][com.java.SeleniumDriver] [ 1436] - FailedReportCounter:Total:0 :: PASS: 0 ::FAIL: 0
[INFO ][2016-02-10 19:24:26,968][com.java.EmailTestReport] [   63] - Sending report mail details:
[INFO ][2016-02-10 19:24:26,968][com.java.EmailTestReport] [   80] - Excel Report Path:D:\BankersDashboard/TestReports/Test Results_BankersDashBoard_021016_192140_IE10_Any Bank USA.xls
[INFO ][2016-02-10 19:24:26,968][com.java.EmailTestReport] [   81] - HTML Report Path:D:\BankersDashboard//TestReports//Test Results_BankersDashBoard_021016_192140_IE10_Any Bank USA.html
[INFO ][2016-02-10 19:24:26,968][com.java.EmailTestReport] [   82] - smtpHostName:mail01.valuelabs.com
[INFO ][2016-02-10 19:24:26,968][com.java.EmailTestReport] [   83] - Recipient:venkateswararao.gubbala@valuelabs.com;
[INFO ][2016-02-10 19:24:26,968][com.java.EmailTestReport] [   84] - From:venkateswararao.gubbala@valuelabs.com;
[INFO ][2016-02-10 19:24:26,968][com.java.EmailTestReport] [   85] - Subject:Deluxe Corp Bankers Dashboard Automation Test Report - Any Bank USA - IE10
[INFO ][2016-02-10 19:24:26,998][com.java.EmailTestReport] [  143] -  Added venkateswararao.gubbala@valuelabs.com
[INFO ][2016-02-10 19:24:30,118][com.java.SeleniumDriver] [  722] - quitting the browser 
[INFO ][2016-02-10 19:24:31,851][com.java.SeleniumDriver] [  264] - Execution Completed Stopping the thread
