[INFO ][2016-01-27 15:40:26,446][com.java.SeleniumDriver] [  213] - Execute Failed Casesfalse
[INFO ][2016-01-27 15:40:26,446][com.java.SeleniumDriver] [  214] - Browser: IE10
[INFO ][2016-01-27 15:40:26,446][com.java.SeleniumDriver] [  215] - [1, 5, 8]
[INFO ][2016-01-27 15:40:26,456][com.java.SeleniumDriver] [  216] - Total TestCases:3
[INFO ][2016-01-27 15:40:26,456][com.java.SeleniumDriver] [  217] -  Reading Properties from Property File 
[DEBUG][2016-01-27 15:40:26,456][com.java.SeleniumDriver] [  238] - url : https://clients-xuat.bankersdashboard.com
[INFO ][2016-01-27 15:40:26,456][com.java.ImportnExport.ExportTestResultsExcel] [  116] - Time Stamp Wed Jan 27 03:40:26 IST 2016
[INFO ][2016-01-27 15:40:26,456][com.java.ImportnExport.ExportTestResultsExcel] [  175] - OUT FILE : D:\BankersDashboard/TestReports/Test Results_BankersDashBoard_012716_154026_IE10_Bank of North Carolina.xls
[INFO ][2016-01-27 15:40:26,476][com.java.ImportnExport.ExportTestResultsExcel] [  180] - Test Result file is created
[DEBUG][2016-01-27 15:40:26,567][com.java.SeleniumDriver] [  426] - Hub ip address is-------172.17.68.34
[INFO ][2016-01-27 15:40:26,567][com.java.SeleniumDriver] [  452] - Grid URL:http://172.17.68.34:4444/wd/hub
[INFO ][2016-01-27 15:40:26,567][com.java.SeleniumDriver] [  453] - Capability:Capabilities [{platform=ANY, ensureCleanSession=true, ignoreProtectedModeSettings=true, acceptSslCerts=true, ignoreZoomSetting=true, browserName=internet explorer, browserstack.ie.noFlash=true, version=null}]
[ERROR][2016-01-27 15:40:27,867][com.java.SeleniumDriver] [  498] - Unable invoke browser in grid:Could not start a new session. Possible causes are invalid address of the remote server or browser start-up failure.
Build info: version: '2.48.2', revision: '41bccdd', time: '2015-10-09 19:59:12'
System info: host: 'FVTIII438F1D', ip: '172.17.68.34', os.name: 'Windows 7', os.arch: 'x86', os.version: '6.1', java.version: '1.7.0_55'
Driver info: driver.version: SeleniumDriver
[INFO ][2016-01-27 15:40:27,867][com.java.SeleniumDriver] [  500] - Executing on local machine
[INFO ][2016-01-27 15:40:38,781][com.java.SeleniumDriver] [  248] - IE10is opened
[INFO ][2016-01-27 15:40:39,614][com.java.SeleniumDriver] [  756] - Test cases to be executed are: [1, 5, 8]
[INFO ][2016-01-27 15:40:39,635][com.java.ImportnExport.ImportTestDataDetailsExcel] [   49] - test data details path===== D:\BankersDashboard\TestInputs\TestData.xls
[INFO ][2016-01-27 15:40:39,695][com.java.SeleniumDriver] [  856] - ------------------------------------------
[INFO ][2016-01-27 15:40:39,695][com.java.SeleniumDriver] [  857] - Test case being Executed: 1
[INFO ][2016-01-27 15:40:39,695][com.java.SeleniumDriver] [  869] - Test step:1
[INFO ][2016-01-27 15:40:39,695][com.java.SeleniumDriver] [  881] - Datavalue is----------Concept#1:1-14
[INFO ][2016-01-27 15:40:39,695][com.java.SeleniumDriver] [  905] - DataField : test
[INFO ][2016-01-27 15:40:39,695][com.java.SeleniumDriver] [  907] - DataValue : Concept#1:1-14
[INFO ][2016-01-27 15:40:39,695][com.java.SeleniumDriver] [  913] - <In Set values of the page>
[INFO ][2016-01-27 15:40:39,695][com.java.SeleniumDriver] [  916] - {Data Fields & Data Values Exist}
[INFO ][2016-01-27 15:40:39,695][com.java.SeleniumDriver] [  918] - --------------------------setting values-----------------------------
[INFO ][2016-01-27 15:40:39,695][com.java.SeleniumDriver] [  921] - Action Type : ExecuteTestCase
[INFO ][2016-01-27 15:40:39,715][com.java.TestType] [  442] - The Concept sheet name is ---------- Concept
[INFO ][2016-01-27 15:40:39,715][com.java.TestType] [  445] - The Concept ID  is ---------- 1
[DEBUG][2016-01-27 15:40:39,715][com.java.TestType] [  449] - Steps being executted in the Concept are: 1:14
[INFO ][2016-01-27 15:40:39,715][com.java.TestType] [  456] - Test data details path ---------- D:\BankersDashboard\TestInputs\TestData.xls
[INFO ][2016-01-27 15:40:39,725][com.java.TestType] [  487] -  str(1) = 1
[INFO ][2016-01-27 15:40:39,725][com.java.TestType] [  490] - Test case Id is---1
[INFO ][2016-01-27 15:40:39,725][com.java.TestType] [  492] - 1
[INFO ][2016-01-27 15:40:39,725][com.java.TestType] [  487] -  str(2) = 1
[INFO ][2016-01-27 15:40:39,725][com.java.TestType] [  487] -  str(1) = 1
[INFO ][2016-01-27 15:40:39,725][com.java.TestType] [  490] - Test case Id is---1
[INFO ][2016-01-27 15:40:39,725][com.java.TestType] [  492] - 1
[INFO ][2016-01-27 15:40:39,725][com.java.TestType] [  487] -  str(2) = 2
[INFO ][2016-01-27 15:40:39,725][com.java.TestType] [  487] -  str(1) = 1
[INFO ][2016-01-27 15:40:39,725][com.java.TestType] [  490] - Test case Id is---1
[INFO ][2016-01-27 15:40:39,725][com.java.TestType] [  492] - 1
[INFO ][2016-01-27 15:40:39,725][com.java.TestType] [  487] -  str(2) = 3
[INFO ][2016-01-27 15:40:39,725][com.java.TestType] [  487] -  str(1) = 1
[INFO ][2016-01-27 15:40:39,725][com.java.TestType] [  490] - Test case Id is---1
[INFO ][2016-01-27 15:40:39,725][com.java.TestType] [  492] - 1
[INFO ][2016-01-27 15:40:39,725][com.java.TestType] [  487] -  str(2) = 4
[INFO ][2016-01-27 15:40:39,725][com.java.TestType] [  487] -  str(1) = 1
[INFO ][2016-01-27 15:40:39,725][com.java.TestType] [  490] - Test case Id is---1
[INFO ][2016-01-27 15:40:39,725][com.java.TestType] [  492] - 1
[INFO ][2016-01-27 15:40:39,725][com.java.TestType] [  487] -  str(2) = 5
[INFO ][2016-01-27 15:40:39,725][com.java.TestType] [  487] -  str(1) = 1
[INFO ][2016-01-27 15:40:39,725][com.java.TestType] [  490] - Test case Id is---1
[INFO ][2016-01-27 15:40:39,725][com.java.TestType] [  492] - 1
[INFO ][2016-01-27 15:40:39,725][com.java.TestType] [  487] -  str(2) = 6
[INFO ][2016-01-27 15:40:39,725][com.java.TestType] [  487] -  str(1) = 1
[INFO ][2016-01-27 15:40:39,725][com.java.TestType] [  490] - Test case Id is---1
[INFO ][2016-01-27 15:40:39,725][com.java.TestType] [  492] - 1
[INFO ][2016-01-27 15:40:39,725][com.java.TestType] [  487] -  str(2) = 7
[INFO ][2016-01-27 15:40:39,725][com.java.TestType] [  487] -  str(1) = 1
[INFO ][2016-01-27 15:40:39,725][com.java.TestType] [  490] - Test case Id is---1
[INFO ][2016-01-27 15:40:39,725][com.java.TestType] [  492] - 1
[INFO ][2016-01-27 15:40:39,725][com.java.TestType] [  487] -  str(2) = 8
[INFO ][2016-01-27 15:40:39,725][com.java.TestType] [  487] -  str(1) = 1
[INFO ][2016-01-27 15:40:39,725][com.java.TestType] [  490] - Test case Id is---1
[INFO ][2016-01-27 15:40:39,725][com.java.TestType] [  492] - 1
[INFO ][2016-01-27 15:40:39,725][com.java.TestType] [  487] -  str(2) = 9
[INFO ][2016-01-27 15:40:39,725][com.java.TestType] [  487] -  str(1) = 1
[INFO ][2016-01-27 15:40:39,725][com.java.TestType] [  490] - Test case Id is---1
[INFO ][2016-01-27 15:40:39,725][com.java.TestType] [  492] - 1
[INFO ][2016-01-27 15:40:39,725][com.java.TestType] [  487] -  str(2) = 10
[INFO ][2016-01-27 15:40:39,725][com.java.TestType] [  487] -  str(1) = 1
[INFO ][2016-01-27 15:40:39,725][com.java.TestType] [  490] - Test case Id is---1
[INFO ][2016-01-27 15:40:39,725][com.java.TestType] [  492] - 1
[INFO ][2016-01-27 15:40:39,725][com.java.TestType] [  487] -  str(2) = 11
[INFO ][2016-01-27 15:40:39,725][com.java.TestType] [  487] -  str(1) = 1
[INFO ][2016-01-27 15:40:39,725][com.java.TestType] [  490] - Test case Id is---1
[INFO ][2016-01-27 15:40:39,725][com.java.TestType] [  492] - 1
[INFO ][2016-01-27 15:40:39,725][com.java.TestType] [  487] -  str(2) = 12
[INFO ][2016-01-27 15:40:39,725][com.java.TestType] [  487] -  str(1) = 1
[INFO ][2016-01-27 15:40:39,725][com.java.TestType] [  490] - Test case Id is---1
[INFO ][2016-01-27 15:40:39,725][com.java.TestType] [  492] - 1
[INFO ][2016-01-27 15:40:39,725][com.java.TestType] [  487] -  str(2) = 13
[INFO ][2016-01-27 15:40:39,735][com.java.TestType] [  487] -  str(1) = 1
[INFO ][2016-01-27 15:40:39,735][com.java.TestType] [  490] - Test case Id is---1
[INFO ][2016-01-27 15:40:39,735][com.java.TestType] [  492] - 1
[INFO ][2016-01-27 15:40:39,735][com.java.TestType] [  487] -  str(2) = 14
[INFO ][2016-01-27 15:40:39,735][com.java.TestType] [  487] -  str(1) = 1
[INFO ][2016-01-27 15:40:39,735][com.java.TestType] [  490] - Test case Id is---1
[INFO ][2016-01-27 15:40:39,735][com.java.TestType] [  492] - 1
[INFO ][2016-01-27 15:40:39,735][com.java.TestType] [  487] -  str(2) = 15
[INFO ][2016-01-27 15:40:39,735][com.java.TestType] [  487] -  str(1) = 1
[INFO ][2016-01-27 15:40:39,735][com.java.TestType] [  490] - Test case Id is---1
[INFO ][2016-01-27 15:40:39,735][com.java.TestType] [  492] - 1
[INFO ][2016-01-27 15:40:39,735][com.java.TestType] [  487] -  str(2) = 16
[INFO ][2016-01-27 15:40:39,735][com.java.TestType] [11673] - Looping 1TCID = 1
[DEBUG][2016-01-27 15:40:39,735][com.java.TestType] [11714] - Concept ID:1 :: Step being Executed: 1::1
[INFO ][2016-01-27 15:40:39,735][com.java.TestType] [11752] - dataFields : TXTusername
[DEBUG][2016-01-27 15:40:39,735][com.java.TestType] [11758] - <In Set values of the page>
[DEBUG][2016-01-27 15:40:39,735][com.java.TestType] [11763] - {Data Fields & Data Values Exist}
[INFO ][2016-01-27 15:40:39,735][com.java.TestType] [11769] - --------------------------setting values-----------------------------
[INFO ][2016-01-27 15:40:39,735][com.java.TestType] [11772] - Action Type : CLEARANDENTER
[INFO ][2016-01-27 15:40:42,026][com.java.TestType] [ 6418] - value = valuelabs.ie10.33527
[INFO ][2016-01-27 15:40:44,444][com.java.TestType] [11791] -  RESULT true
[INFO ][2016-01-27 15:40:44,444][com.java.TestType] [11908] - ?   P A S S   ?
[DEBUG][2016-01-27 15:40:44,444][com.java.TestType] [11714] - Concept ID:1 :: Step being Executed: 1::2
[INFO ][2016-01-27 15:40:44,444][com.java.TestType] [11752] - dataFields : TXTpassword
[DEBUG][2016-01-27 15:40:44,444][com.java.TestType] [11758] - <In Set values of the page>
[DEBUG][2016-01-27 15:40:44,444][com.java.TestType] [11763] - {Data Fields & Data Values Exist}
[INFO ][2016-01-27 15:40:44,444][com.java.TestType] [11769] - --------------------------setting values-----------------------------
[INFO ][2016-01-27 15:40:44,444][com.java.TestType] [11772] - Action Type : CLEARANDENTER
[INFO ][2016-01-27 15:40:46,705][com.java.TestType] [ 6418] - value = Password1*
[INFO ][2016-01-27 15:40:49,269][com.java.TestType] [11791] -  RESULT true
[INFO ][2016-01-27 15:40:49,269][com.java.TestType] [11908] - ?   P A S S   ?
[DEBUG][2016-01-27 15:40:49,269][com.java.TestType] [11714] - Concept ID:1 :: Step being Executed: 1::3
[ERROR][2016-01-27 15:40:49,269][com.java.TestType] [11747] - Exception: null
[INFO ][2016-01-27 15:40:49,269][com.java.TestType] [11752] - dataFields : XPH//button[@type='submit']
[DEBUG][2016-01-27 15:40:49,269][com.java.TestType] [11758] - <In Set values of the page>
[DEBUG][2016-01-27 15:40:49,269][com.java.TestType] [11763] - {Data Fields & Data Values Exist}
[INFO ][2016-01-27 15:40:49,269][com.java.TestType] [11769] - --------------------------setting values-----------------------------
[INFO ][2016-01-27 15:40:49,269][com.java.TestType] [11772] - Action Type : Click
[INFO ][2016-01-27 15:40:49,269][com.java.TestType] [ 6797] - Field ::XPH//button[@type='submit']
[INFO ][2016-01-27 15:40:49,269][com.java.TestType] [ 6418] - value = 
[INFO ][2016-01-27 15:40:50,269][com.java.TestType] [ 6970] - BEFORE CLICK
[INFO ][2016-01-27 15:40:51,112][com.java.TestType] [ 6978] - Unable to click the object Login
[INFO ][2016-01-27 15:40:51,112][com.java.TestType] [11791] -  RESULT true
[INFO ][2016-01-27 15:40:51,112][com.java.TestType] [11908] - ?   P A S S   ?
[DEBUG][2016-01-27 15:40:51,112][com.java.TestType] [11714] - Concept ID:1 :: Step being Executed: 1::4
[INFO ][2016-01-27 15:40:51,112][com.java.TestType] [11752] - dataFields : LNKLogout
[DEBUG][2016-01-27 15:40:51,112][com.java.TestType] [11758] - <In Set values of the page>
[DEBUG][2016-01-27 15:40:51,112][com.java.TestType] [11763] - {Data Fields & Data Values Exist}
[INFO ][2016-01-27 15:40:51,112][com.java.TestType] [11769] - --------------------------setting values-----------------------------
[INFO ][2016-01-27 15:40:51,112][com.java.TestType] [11772] - Action Type : WaitForElement
[INFO ][2016-01-27 15:40:54,725][com.java.TestType] [11791] -  RESULT true
[INFO ][2016-01-27 15:40:54,725][com.java.TestType] [11908] - ?   P A S S   ?
[INFO ][2016-01-27 15:40:54,725][com.java.TestType] [11979] - Looping End......
[INFO ][2016-01-27 15:40:54,725][com.java.SeleniumDriver] [  930] -  RESULT true
[INFO ][2016-01-27 15:40:54,725][com.java.SeleniumDriver] [ 1136] - ?   P A S S   ?
[INFO ][2016-01-27 15:40:54,725][com.java.SeleniumDriver] [  856] - ------------------------------------------
[INFO ][2016-01-27 15:40:54,725][com.java.SeleniumDriver] [  857] - Test case being Executed: 1
[INFO ][2016-01-27 15:40:54,725][com.java.SeleniumDriver] [  869] - Test step:2
[INFO ][2016-01-27 15:40:54,725][com.java.SeleniumDriver] [  881] - Datavalue is----------Concept#2:1-2
[INFO ][2016-01-27 15:40:54,725][com.java.SeleniumDriver] [  905] - DataField : test
[INFO ][2016-01-27 15:40:54,725][com.java.SeleniumDriver] [  907] - DataValue : Concept#2:1-2
[INFO ][2016-01-27 15:40:54,725][com.java.SeleniumDriver] [  913] - <In Set values of the page>
[INFO ][2016-01-27 15:40:54,725][com.java.SeleniumDriver] [  916] - {Data Fields & Data Values Exist}
[INFO ][2016-01-27 15:40:54,725][com.java.SeleniumDriver] [  918] - --------------------------setting values-----------------------------
[INFO ][2016-01-27 15:40:54,725][com.java.SeleniumDriver] [  921] - Action Type : ExecuteTestCase
[INFO ][2016-01-27 15:40:54,725][com.java.TestType] [  442] - The Concept sheet name is ---------- Concept
[INFO ][2016-01-27 15:40:54,725][com.java.TestType] [  445] - The Concept ID  is ---------- 2
[DEBUG][2016-01-27 15:40:54,725][com.java.TestType] [  449] - Steps being executted in the Concept are: 1:2
[INFO ][2016-01-27 15:40:54,725][com.java.TestType] [  456] - Test data details path ---------- D:\BankersDashboard\TestInputs\TestData.xls
[INFO ][2016-01-27 15:40:54,725][com.java.TestType] [  487] -  str(1) = 2
[INFO ][2016-01-27 15:40:54,725][com.java.TestType] [  490] - Test case Id is---2
[INFO ][2016-01-27 15:40:54,725][com.java.TestType] [  492] - 2
[INFO ][2016-01-27 15:40:54,725][com.java.TestType] [  487] -  str(2) = 1
[INFO ][2016-01-27 15:40:54,726][com.java.TestType] [  487] -  str(1) = 2
[INFO ][2016-01-27 15:40:54,726][com.java.TestType] [  490] - Test case Id is---2
[INFO ][2016-01-27 15:40:54,726][com.java.TestType] [  492] - 2
[INFO ][2016-01-27 15:40:54,726][com.java.TestType] [  487] -  str(2) = 2
[INFO ][2016-01-27 15:40:54,726][com.java.TestType] [  487] -  str(1) = 2
[INFO ][2016-01-27 15:40:54,726][com.java.TestType] [  490] - Test case Id is---2
[INFO ][2016-01-27 15:40:54,726][com.java.TestType] [  492] - 2
[INFO ][2016-01-27 15:40:54,726][com.java.TestType] [  487] -  str(2) = 3
[INFO ][2016-01-27 15:40:54,726][com.java.TestType] [11673] - Looping 1TCID = 2
[DEBUG][2016-01-27 15:40:54,726][com.java.TestType] [11714] - Concept ID:2 :: Step being Executed: 2::1
[INFO ][2016-01-27 15:40:54,726][com.java.TestType] [11752] - dataFields : BNK//select[@id='bank']
[DEBUG][2016-01-27 15:40:54,726][com.java.TestType] [11758] - <In Set values of the page>
[DEBUG][2016-01-27 15:40:54,726][com.java.TestType] [11763] - {Data Fields & Data Values Exist}
[INFO ][2016-01-27 15:40:54,726][com.java.TestType] [11769] - --------------------------setting values-----------------------------
[INFO ][2016-01-27 15:40:54,726][com.java.TestType] [11772] - Action Type : Select
[INFO ][2016-01-27 15:40:54,726][com.java.TestType] [ 6418] - value = PFC
[INFO ][2016-01-27 15:40:54,916][com.java.TestType] [11791] -  RESULT true
[INFO ][2016-01-27 15:40:54,916][com.java.TestType] [11908] - ?   P A S S   ?
[DEBUG][2016-01-27 15:40:54,916][com.java.TestType] [11714] - Concept ID:2 :: Step being Executed: 2::2
[INFO ][2016-01-27 15:40:54,916][com.java.TestType] [11752] - dataFields : LNKLogout
[DEBUG][2016-01-27 15:40:54,916][com.java.TestType] [11758] - <In Set values of the page>
[DEBUG][2016-01-27 15:40:54,916][com.java.TestType] [11763] - {Data Fields & Data Values Exist}
[INFO ][2016-01-27 15:40:54,916][com.java.TestType] [11769] - --------------------------setting values-----------------------------
[INFO ][2016-01-27 15:40:54,916][com.java.TestType] [11772] - Action Type : WaitTime
[DEBUG][2016-01-27 15:40:54,916][com.java.TestType] [ 6232] - sleepTime: 5000
[INFO ][2016-01-27 15:40:59,919][com.java.TestType] [11791] -  RESULT true
[INFO ][2016-01-27 15:40:59,919][com.java.TestType] [11908] - ?   P A S S   ?
[INFO ][2016-01-27 15:40:59,919][com.java.TestType] [11979] - Looping End......
[INFO ][2016-01-27 15:40:59,919][com.java.SeleniumDriver] [  930] -  RESULT true
[INFO ][2016-01-27 15:40:59,919][com.java.SeleniumDriver] [ 1136] - ?   P A S S   ?
[INFO ][2016-01-27 15:40:59,919][com.java.SeleniumDriver] [  856] - ------------------------------------------
[INFO ][2016-01-27 15:40:59,919][com.java.SeleniumDriver] [  857] - Test case being Executed: 1
[INFO ][2016-01-27 15:40:59,919][com.java.SeleniumDriver] [  869] - Test step:3
[INFO ][2016-01-27 15:40:59,919][com.java.SeleniumDriver] [  881] - Datavalue is----------2
[INFO ][2016-01-27 15:40:59,919][com.java.SeleniumDriver] [  905] - DataField : XPH//button[contains(text(),'Add Content')]
[INFO ][2016-01-27 15:40:59,919][com.java.SeleniumDriver] [  907] - DataValue : 2
[INFO ][2016-01-27 15:40:59,919][com.java.SeleniumDriver] [  913] - <In Set values of the page>
[INFO ][2016-01-27 15:40:59,919][com.java.SeleniumDriver] [  916] - {Data Fields & Data Values Exist}
[INFO ][2016-01-27 15:40:59,919][com.java.SeleniumDriver] [  918] - --------------------------setting values-----------------------------
[INFO ][2016-01-27 15:40:59,919][com.java.SeleniumDriver] [  921] - Action Type : WAITFORELEMENT
[INFO ][2016-01-27 15:40:59,970][com.java.SeleniumDriver] [  930] -  RESULT true
[INFO ][2016-01-27 15:40:59,970][com.java.SeleniumDriver] [ 1136] - ?   P A S S   ?
[DEBUG][2016-01-27 15:40:59,970][com.java.SeleniumDriver] [ 1248] - Case found
[DEBUG][2016-01-27 15:40:59,970][com.java.SeleniumDriver] [ 1253] - Incrementing ReportCounters[0]:1
[INFO ][2016-01-27 15:40:59,970][com.java.SeleniumDriver] [ 1272] - The results are-------------------[1, 1, Valid Login, Pass, , Wed Jan 27 15:40:54 IST 2016, 1, 2, Valid Login, Pass, , Wed Jan 27 15:40:59 IST 2016, 1, 3, Valid Login, Pass, , Wed Jan 27 15:40:59 IST 2016]
[INFO ][2016-01-27 15:40:59,970][com.java.SeleniumDriver] [ 1276] - End time is-------35 sec
[INFO ][2016-01-27 15:40:59,970][com.java.SeleniumDriver] [ 1277] - The results are-------------------[1, 1, Valid Login, Pass, , Wed Jan 27 15:40:54 IST 2016, 1, 2, Valid Login, Pass, , Wed Jan 27 15:40:59 IST 2016, 1, 3, Valid Login, Pass, , Wed Jan 27 15:40:59 IST 2016]
[DEBUG][2016-01-27 15:40:59,970][com.java.ImportnExport.ExportTestResultsExcel] [  222] - testResultPath = D:\BankersDashboard/TestReports/Test Results_BankersDashBoard_012716_154026_IE10_Bank of North Carolina.xls
[DEBUG][2016-01-27 15:40:59,970][com.java.ImportnExport.ExportTestResultsExcel] [  223] - browser is------------IE10
[DEBUG][2016-01-27 15:41:00,010][com.java.ImportnExport.ExportTestResultsExcel] [  270] - result.size() = 18
[DEBUG][2016-01-27 15:41:00,010][com.java.ImportnExport.ExportTestResultsExcel] [  274] - No of rows in sheet=1
[DEBUG][2016-01-27 15:41:00,010][com.java.ImportnExport.ExportTestResultsExcel] [  301] - ..in export..1
[DEBUG][2016-01-27 15:41:00,010][com.java.ImportnExport.ExportTestResultsExcel] [  301] - ..in export..Valid Login
[DEBUG][2016-01-27 15:41:00,010][com.java.ImportnExport.ExportTestResultsExcel] [  301] - ..in export..Pass
[DEBUG][2016-01-27 15:41:00,010][com.java.ImportnExport.ExportTestResultsExcel] [  301] - ..in export..
[DEBUG][2016-01-27 15:41:00,010][com.java.ImportnExport.ExportTestResultsExcel] [  301] - ..in export..Wed Jan 27 15:40:54 IST 2016
[INFO ][2016-01-27 15:41:00,010][com.java.SeleniumDriver] [ 1337] - out loop:0 size:3 TestCases:[1, 5, 8] testcases:[1, 5, 8]
[INFO ][2016-01-27 15:41:00,010][com.java.ImportnExport.ImportTestDataDetailsExcel] [   49] - test data details path===== D:\BankersDashboard\TestInputs\TestData.xls
[INFO ][2016-01-27 15:41:18,551][com.java.SeleniumDriver] [  856] - ------------------------------------------
[INFO ][2016-01-27 15:41:18,551][com.java.SeleniumDriver] [  857] - Test case being Executed: 5
[INFO ][2016-01-27 15:41:18,551][com.java.SeleniumDriver] [  869] - Test step:1
[INFO ][2016-01-27 15:41:18,551][com.java.SeleniumDriver] [  881] - Datavalue is----------Logout
[INFO ][2016-01-27 15:41:18,551][com.java.SeleniumDriver] [  905] - DataField : BTN
[INFO ][2016-01-27 15:41:18,551][com.java.SeleniumDriver] [  907] - DataValue : Logout
[INFO ][2016-01-27 15:41:18,551][com.java.SeleniumDriver] [  913] - <In Set values of the page>
[INFO ][2016-01-27 15:41:18,551][com.java.SeleniumDriver] [  916] - {Data Fields & Data Values Exist}
[INFO ][2016-01-27 15:41:18,551][com.java.SeleniumDriver] [  918] - --------------------------setting values-----------------------------
[INFO ][2016-01-27 15:41:18,551][com.java.SeleniumDriver] [  921] - Action Type : Verify
[INFO ][2016-01-27 15:41:18,551][com.java.TestType] [ 8008] - field= BTN value= Logout
[INFO ][2016-01-27 15:41:18,551][com.java.TestType] [ 6418] - value = Logout
[INFO ][2016-01-27 15:41:18,642][com.java.SeleniumDriver] [  930] -  RESULT true
[INFO ][2016-01-27 15:41:18,642][com.java.SeleniumDriver] [ 1136] - ?   P A S S   ?
[INFO ][2016-01-27 15:41:18,642][com.java.SeleniumDriver] [ 1178] - step change to 3
[INFO ][2016-01-27 15:41:18,642][com.java.SeleniumDriver] [  856] - ------------------------------------------
[INFO ][2016-01-27 15:41:18,642][com.java.SeleniumDriver] [  857] - Test case being Executed: 5
[INFO ][2016-01-27 15:41:18,642][com.java.SeleniumDriver] [  869] - Test step:3
[INFO ][2016-01-27 15:41:18,642][com.java.SeleniumDriver] [  881] - Datavalue is----------Concept#2:1-2
[INFO ][2016-01-27 15:41:18,642][com.java.SeleniumDriver] [  905] - DataField : test
[INFO ][2016-01-27 15:41:18,642][com.java.SeleniumDriver] [  907] - DataValue : Concept#2:1-2
[INFO ][2016-01-27 15:41:18,642][com.java.SeleniumDriver] [  913] - <In Set values of the page>
[INFO ][2016-01-27 15:41:18,642][com.java.SeleniumDriver] [  916] - {Data Fields & Data Values Exist}
[INFO ][2016-01-27 15:41:18,642][com.java.SeleniumDriver] [  918] - --------------------------setting values-----------------------------
[INFO ][2016-01-27 15:41:18,642][com.java.SeleniumDriver] [  921] - Action Type : ExecuteTestCase
[INFO ][2016-01-27 15:41:18,642][com.java.TestType] [  442] - The Concept sheet name is ---------- Concept
[INFO ][2016-01-27 15:41:18,642][com.java.TestType] [  445] - The Concept ID  is ---------- 2
[DEBUG][2016-01-27 15:41:18,642][com.java.TestType] [  449] - Steps being executted in the Concept are: 1:2
[INFO ][2016-01-27 15:41:18,642][com.java.TestType] [  456] - Test data details path ---------- D:\BankersDashboard\TestInputs\TestData.xls
[INFO ][2016-01-27 15:41:18,642][com.java.TestType] [  487] -  str(1) = 2
[INFO ][2016-01-27 15:41:18,642][com.java.TestType] [  490] - Test case Id is---2
[INFO ][2016-01-27 15:41:18,642][com.java.TestType] [  492] - 2
[INFO ][2016-01-27 15:41:18,642][com.java.TestType] [  487] -  str(2) = 1
[INFO ][2016-01-27 15:41:18,652][com.java.TestType] [  487] -  str(1) = 2
[INFO ][2016-01-27 15:41:18,652][com.java.TestType] [  490] - Test case Id is---2
[INFO ][2016-01-27 15:41:18,652][com.java.TestType] [  492] - 2
[INFO ][2016-01-27 15:41:18,652][com.java.TestType] [  487] -  str(2) = 2
[INFO ][2016-01-27 15:41:18,652][com.java.TestType] [  487] -  str(1) = 2
[INFO ][2016-01-27 15:41:18,652][com.java.TestType] [  490] - Test case Id is---2
[INFO ][2016-01-27 15:41:18,652][com.java.TestType] [  492] - 2
[INFO ][2016-01-27 15:41:18,652][com.java.TestType] [  487] -  str(2) = 3
[INFO ][2016-01-27 15:41:18,652][com.java.TestType] [11673] - Looping 1TCID = 2
[DEBUG][2016-01-27 15:41:18,652][com.java.TestType] [11714] - Concept ID:2 :: Step being Executed: 2::1
[INFO ][2016-01-27 15:41:18,652][com.java.TestType] [11752] - dataFields : BNK//select[@id='bank']
[DEBUG][2016-01-27 15:41:18,652][com.java.TestType] [11758] - <In Set values of the page>
[DEBUG][2016-01-27 15:41:18,652][com.java.TestType] [11763] - {Data Fields & Data Values Exist}
[INFO ][2016-01-27 15:41:18,652][com.java.TestType] [11769] - --------------------------setting values-----------------------------
[INFO ][2016-01-27 15:41:18,652][com.java.TestType] [11772] - Action Type : Select
[INFO ][2016-01-27 15:41:18,652][com.java.TestType] [ 6418] - value = PFC
[INFO ][2016-01-27 15:41:18,882][com.java.TestType] [11791] -  RESULT true
[INFO ][2016-01-27 15:41:18,882][com.java.TestType] [11908] - ?   P A S S   ?
[DEBUG][2016-01-27 15:41:18,882][com.java.TestType] [11714] - Concept ID:2 :: Step being Executed: 2::2
[INFO ][2016-01-27 15:41:18,882][com.java.TestType] [11752] - dataFields : LNKLogout
[DEBUG][2016-01-27 15:41:18,882][com.java.TestType] [11758] - <In Set values of the page>
[DEBUG][2016-01-27 15:41:18,882][com.java.TestType] [11763] - {Data Fields & Data Values Exist}
[INFO ][2016-01-27 15:41:18,882][com.java.TestType] [11769] - --------------------------setting values-----------------------------
[INFO ][2016-01-27 15:41:18,882][com.java.TestType] [11772] - Action Type : WaitTime
[DEBUG][2016-01-27 15:41:18,882][com.java.TestType] [ 6232] - sleepTime: 5000
[INFO ][2016-01-27 15:41:23,882][com.java.TestType] [11791] -  RESULT true
[INFO ][2016-01-27 15:41:23,882][com.java.TestType] [11908] - ?   P A S S   ?
[INFO ][2016-01-27 15:41:23,882][com.java.TestType] [11979] - Looping End......
[INFO ][2016-01-27 15:41:23,882][com.java.SeleniumDriver] [  930] -  RESULT true
[INFO ][2016-01-27 15:41:23,882][com.java.SeleniumDriver] [ 1136] - ?   P A S S   ?
[INFO ][2016-01-27 15:41:23,882][com.java.SeleniumDriver] [  856] - ------------------------------------------
[INFO ][2016-01-27 15:41:23,882][com.java.SeleniumDriver] [  857] - Test case being Executed: 5
[INFO ][2016-01-27 15:41:23,882][com.java.SeleniumDriver] [  869] - Test step:4
[INFO ][2016-01-27 15:41:23,882][com.java.SeleniumDriver] [  881] - Datavalue is----------null
[DEBUG][2016-01-27 15:41:23,882][com.java.SeleniumDriver] [  899] - Exception: null
[INFO ][2016-01-27 15:41:23,882][com.java.SeleniumDriver] [  905] - DataField : //span[@class='icon-bars2']&&//a[@data-id='ManageExisting']
[INFO ][2016-01-27 15:41:23,882][com.java.SeleniumDriver] [  907] - DataValue : 
[INFO ][2016-01-27 15:41:23,882][com.java.SeleniumDriver] [  913] - <In Set values of the page>
[INFO ][2016-01-27 15:41:23,882][com.java.SeleniumDriver] [  916] - {Data Fields & Data Values Exist}
[INFO ][2016-01-27 15:41:23,882][com.java.SeleniumDriver] [  918] - --------------------------setting values-----------------------------
[INFO ][2016-01-27 15:41:23,882][com.java.SeleniumDriver] [  921] - Action Type : MOUSEOVER
[INFO ][2016-01-27 15:41:48,230][com.java.SeleniumDriver] [  930] -  RESULT true
[INFO ][2016-01-27 15:41:48,230][com.java.SeleniumDriver] [ 1136] - ?   P A S S   ?
[INFO ][2016-01-27 15:41:48,230][com.java.SeleniumDriver] [  856] - ------------------------------------------
[INFO ][2016-01-27 15:41:48,230][com.java.SeleniumDriver] [  857] - Test case being Executed: 5
[INFO ][2016-01-27 15:41:48,230][com.java.SeleniumDriver] [  869] - Test step:5
[INFO ][2016-01-27 15:41:48,230][com.java.SeleniumDriver] [  881] - Datavalue is----------3
[INFO ][2016-01-27 15:41:48,230][com.java.SeleniumDriver] [  905] - DataField : BTNframeDialogContent
[INFO ][2016-01-27 15:41:48,230][com.java.SeleniumDriver] [  907] - DataValue : 3
[INFO ][2016-01-27 15:41:48,230][com.java.SeleniumDriver] [  913] - <In Set values of the page>
[INFO ][2016-01-27 15:41:48,230][com.java.SeleniumDriver] [  916] - {Data Fields & Data Values Exist}
[INFO ][2016-01-27 15:41:48,230][com.java.SeleniumDriver] [  918] - --------------------------setting values-----------------------------
[INFO ][2016-01-27 15:41:48,230][com.java.SeleniumDriver] [  921] - Action Type : WaitForElement
[INFO ][2016-01-27 15:41:49,431][com.java.SeleniumDriver] [  930] -  RESULT true
[INFO ][2016-01-27 15:41:49,431][com.java.SeleniumDriver] [ 1136] - ?   P A S S   ?
[INFO ][2016-01-27 15:41:49,431][com.java.SeleniumDriver] [  856] - ------------------------------------------
[INFO ][2016-01-27 15:41:49,431][com.java.SeleniumDriver] [  857] - Test case being Executed: 5
[INFO ][2016-01-27 15:41:49,431][com.java.SeleniumDriver] [  869] - Test step:6
[INFO ][2016-01-27 15:41:49,431][com.java.SeleniumDriver] [  881] - Datavalue is----------null
[DEBUG][2016-01-27 15:41:49,431][com.java.SeleniumDriver] [  899] - Exception: null
[INFO ][2016-01-27 15:41:49,431][com.java.SeleniumDriver] [  905] - DataField : BTNframeDialogContent
[INFO ][2016-01-27 15:41:49,431][com.java.SeleniumDriver] [  907] - DataValue : 
[INFO ][2016-01-27 15:41:49,431][com.java.SeleniumDriver] [  913] - <In Set values of the page>
[INFO ][2016-01-27 15:41:49,431][com.java.SeleniumDriver] [  916] - {Data Fields & Data Values Exist}
[INFO ][2016-01-27 15:41:49,431][com.java.SeleniumDriver] [  918] - --------------------------setting values-----------------------------
[INFO ][2016-01-27 15:41:49,431][com.java.SeleniumDriver] [  921] - Action Type : SELECTFRAME
[INFO ][2016-01-27 15:41:50,653][com.java.SeleniumDriver] [  930] -  RESULT true
[INFO ][2016-01-27 15:41:50,653][com.java.SeleniumDriver] [ 1136] - ?   P A S S   ?
[INFO ][2016-01-27 15:41:50,653][com.java.SeleniumDriver] [  856] - ------------------------------------------
[INFO ][2016-01-27 15:41:50,653][com.java.SeleniumDriver] [  857] - Test case being Executed: 5
[INFO ][2016-01-27 15:41:50,653][com.java.SeleniumDriver] [  869] - Test step:7
[INFO ][2016-01-27 15:41:50,653][com.java.SeleniumDriver] [  881] - Datavalue is----------HMVTotemPoleNameNew
[INFO ][2016-01-27 15:41:50,653][com.java.SeleniumDriver] [  905] - DataField : SLBddlTotemPoles
[INFO ][2016-01-27 15:41:50,653][com.java.SeleniumDriver] [  907] - DataValue : HMVTotemPoleNameNew
[INFO ][2016-01-27 15:41:50,653][com.java.SeleniumDriver] [  913] - <In Set values of the page>
[INFO ][2016-01-27 15:41:50,653][com.java.SeleniumDriver] [  916] - {Data Fields & Data Values Exist}
[INFO ][2016-01-27 15:41:50,653][com.java.SeleniumDriver] [  918] - --------------------------setting values-----------------------------
[INFO ][2016-01-27 15:41:50,653][com.java.SeleniumDriver] [  921] - Action Type : Select
[INFO ][2016-01-27 15:41:50,653][com.java.TestType] [ 6418] - value = null
[INFO ][2016-01-27 15:41:52,855][com.java.SeleniumDriver] [  930] -  RESULT false
[INFO ][2016-01-27 15:41:52,855][com.java.SeleniumDriver] [  977] - ?   F A I L   ?
[INFO ][2016-01-27 15:41:52,855][com.java.SeleniumDriver] [  985] - Browser Type : IE10
[INFO ][2016-01-27 15:41:52,855][com.java.SeleniumDriver] [  986] - Adding Failed case5
[DEBUG][2016-01-27 15:41:53,605][com.java.SeleniumDriver] [ 1054] -  tdd.getCondition() IF:9:Next
[INFO ][2016-01-27 15:41:53,605][com.java.SeleniumDriver] [ 1058] - Continue next step...
[INFO ][2016-01-27 15:41:53,605][com.java.SeleniumDriver] [  856] - ------------------------------------------
[INFO ][2016-01-27 15:41:53,605][com.java.SeleniumDriver] [  857] - Test case being Executed: 5
[INFO ][2016-01-27 15:41:53,605][com.java.SeleniumDriver] [  869] - Test step:8
[INFO ][2016-01-27 15:41:53,605][com.java.SeleniumDriver] [  881] - Datavalue is----------index:1
[INFO ][2016-01-27 15:41:53,605][com.java.SeleniumDriver] [  905] - DataField : COBddlTotemPoles
[INFO ][2016-01-27 15:41:53,605][com.java.SeleniumDriver] [  907] - DataValue : index:1
[INFO ][2016-01-27 15:41:53,605][com.java.SeleniumDriver] [  913] - <In Set values of the page>
[INFO ][2016-01-27 15:41:53,605][com.java.SeleniumDriver] [  916] - {Data Fields & Data Values Exist}
[INFO ][2016-01-27 15:41:53,605][com.java.SeleniumDriver] [  918] - --------------------------setting values-----------------------------
[INFO ][2016-01-27 15:41:53,605][com.java.SeleniumDriver] [  921] - Action Type : Select
[INFO ][2016-01-27 15:41:53,605][com.java.TestType] [ 6418] - value = 1
[INFO ][2016-01-27 15:41:54,706][com.java.TestType] [ 6536] -  In COB ddlTotemPoles : 1
[INFO ][2016-01-27 15:41:54,846][com.java.SeleniumDriver] [  930] -  RESULT true
[INFO ][2016-01-27 15:41:54,846][com.java.SeleniumDriver] [ 1136] - ?   P A S S   ?
[INFO ][2016-01-27 15:41:54,846][com.java.SeleniumDriver] [  856] - ------------------------------------------
[INFO ][2016-01-27 15:41:54,846][com.java.SeleniumDriver] [  857] - Test case being Executed: 5
[INFO ][2016-01-27 15:41:54,846][com.java.SeleniumDriver] [  869] - Test step:9
[INFO ][2016-01-27 15:41:54,846][com.java.SeleniumDriver] [  881] - Datavalue is----------null
[DEBUG][2016-01-27 15:41:54,846][com.java.SeleniumDriver] [  899] - Exception: null
[INFO ][2016-01-27 15:41:54,846][com.java.SeleniumDriver] [  905] - DataField : BTNparent
[INFO ][2016-01-27 15:41:54,846][com.java.SeleniumDriver] [  907] - DataValue : 
[INFO ][2016-01-27 15:41:54,846][com.java.SeleniumDriver] [  913] - <In Set values of the page>
[INFO ][2016-01-27 15:41:54,846][com.java.SeleniumDriver] [  916] - {Data Fields & Data Values Exist}
[INFO ][2016-01-27 15:41:54,846][com.java.SeleniumDriver] [  918] - --------------------------setting values-----------------------------
[INFO ][2016-01-27 15:41:54,846][com.java.SeleniumDriver] [  921] - Action Type : SELECTFRAME
[INFO ][2016-01-27 15:41:54,856][com.java.SeleniumDriver] [  930] -  RESULT true
[INFO ][2016-01-27 15:41:54,856][com.java.SeleniumDriver] [ 1136] - ?   P A S S   ?
[INFO ][2016-01-27 15:41:54,856][com.java.SeleniumDriver] [  856] - ------------------------------------------
[INFO ][2016-01-27 15:41:54,856][com.java.SeleniumDriver] [  857] - Test case being Executed: 5
[INFO ][2016-01-27 15:41:54,856][com.java.SeleniumDriver] [  869] - Test step:10
[INFO ][2016-01-27 15:41:54,856][com.java.SeleniumDriver] [  881] - Datavalue is----------null
[DEBUG][2016-01-27 15:41:54,856][com.java.SeleniumDriver] [  899] - Exception: null
[INFO ][2016-01-27 15:41:54,856][com.java.SeleniumDriver] [  905] - DataField : HDN//span[text()='Select']
[INFO ][2016-01-27 15:41:54,856][com.java.SeleniumDriver] [  907] - DataValue : 
[INFO ][2016-01-27 15:41:54,856][com.java.SeleniumDriver] [  913] - <In Set values of the page>
[INFO ][2016-01-27 15:41:54,856][com.java.SeleniumDriver] [  916] - {Data Fields & Data Values Exist}
[INFO ][2016-01-27 15:41:54,856][com.java.SeleniumDriver] [  918] - --------------------------setting values-----------------------------
[INFO ][2016-01-27 15:41:54,856][com.java.SeleniumDriver] [  921] - Action Type : Click
[INFO ][2016-01-27 15:41:54,856][com.java.TestType] [ 6797] - Field ::HDN//span[text()='Select']
[INFO ][2016-01-27 15:41:54,856][com.java.TestType] [ 6418] - value = 
[INFO ][2016-01-27 15:41:56,027][com.java.SeleniumDriver] [  930] -  RESULT true
[INFO ][2016-01-27 15:41:56,027][com.java.SeleniumDriver] [ 1136] - ?   P A S S   ?
[INFO ][2016-01-27 15:41:56,027][com.java.SeleniumDriver] [  856] - ------------------------------------------
[INFO ][2016-01-27 15:41:56,027][com.java.SeleniumDriver] [  857] - Test case being Executed: 5
[INFO ][2016-01-27 15:41:56,027][com.java.SeleniumDriver] [  869] - Test step:11
[INFO ][2016-01-27 15:41:56,027][com.java.SeleniumDriver] [  881] - Datavalue is----------2
[INFO ][2016-01-27 15:41:56,027][com.java.SeleniumDriver] [  905] - DataField : BTNcopyButton
[INFO ][2016-01-27 15:41:56,027][com.java.SeleniumDriver] [  907] - DataValue : 2
[INFO ][2016-01-27 15:41:56,027][com.java.SeleniumDriver] [  913] - <In Set values of the page>
[INFO ][2016-01-27 15:41:56,027][com.java.SeleniumDriver] [  916] - {Data Fields & Data Values Exist}
[INFO ][2016-01-27 15:41:56,027][com.java.SeleniumDriver] [  918] - --------------------------setting values-----------------------------
[INFO ][2016-01-27 15:41:56,027][com.java.SeleniumDriver] [  921] - Action Type : WaitForElement
[INFO ][2016-01-27 15:41:57,422][com.java.SeleniumDriver] [  930] -  RESULT true
[INFO ][2016-01-27 15:41:57,422][com.java.SeleniumDriver] [ 1136] - ?   P A S S   ?
[INFO ][2016-01-27 15:41:57,422][com.java.SeleniumDriver] [  856] - ------------------------------------------
[INFO ][2016-01-27 15:41:57,422][com.java.SeleniumDriver] [  857] - Test case being Executed: 5
[INFO ][2016-01-27 15:41:57,422][com.java.SeleniumDriver] [  869] - Test step:12
[INFO ][2016-01-27 15:41:57,422][com.java.SeleniumDriver] [  881] - Datavalue is----------Cancel
[INFO ][2016-01-27 15:41:57,422][com.java.SeleniumDriver] [  905] - DataField : MTC//input[@id="copyButton"]
[INFO ][2016-01-27 15:41:57,422][com.java.SeleniumDriver] [  907] - DataValue : Cancel
[INFO ][2016-01-27 15:41:57,422][com.java.SeleniumDriver] [  913] - <In Set values of the page>
[INFO ][2016-01-27 15:41:57,422][com.java.SeleniumDriver] [  916] - {Data Fields & Data Values Exist}
[INFO ][2016-01-27 15:41:57,422][com.java.SeleniumDriver] [  918] - --------------------------setting values-----------------------------
[INFO ][2016-01-27 15:41:57,422][com.java.SeleniumDriver] [  921] - Action Type : ClickWithalert
[INFO ][2016-01-27 15:42:07,551][com.java.SeleniumDriver] [  930] -  RESULT true
[INFO ][2016-01-27 15:42:07,551][com.java.SeleniumDriver] [ 1136] - ?   P A S S   ?
[INFO ][2016-01-27 15:42:07,551][com.java.SeleniumDriver] [  856] - ------------------------------------------
[INFO ][2016-01-27 15:42:07,551][com.java.SeleniumDriver] [  857] - Test case being Executed: 5
[INFO ][2016-01-27 15:42:07,551][com.java.SeleniumDriver] [  869] - Test step:13
[INFO ][2016-01-27 15:42:07,551][com.java.SeleniumDriver] [  881] - Datavalue is----------3
[INFO ][2016-01-27 15:42:07,551][com.java.SeleniumDriver] [  905] - DataField : test
[INFO ][2016-01-27 15:42:07,551][com.java.SeleniumDriver] [  907] - DataValue : 3
[INFO ][2016-01-27 15:42:07,551][com.java.SeleniumDriver] [  913] - <In Set values of the page>
[INFO ][2016-01-27 15:42:07,551][com.java.SeleniumDriver] [  916] - {Data Fields & Data Values Exist}
[INFO ][2016-01-27 15:42:07,551][com.java.SeleniumDriver] [  918] - --------------------------setting values-----------------------------
[INFO ][2016-01-27 15:42:07,551][com.java.SeleniumDriver] [  921] - Action Type : WaitTime
[DEBUG][2016-01-27 15:42:07,551][com.java.TestType] [ 6232] - sleepTime: 3000
[INFO ][2016-01-27 15:42:10,552][com.java.SeleniumDriver] [  930] -  RESULT true
[INFO ][2016-01-27 15:42:10,552][com.java.SeleniumDriver] [ 1136] - ?   P A S S   ?
[INFO ][2016-01-27 15:42:10,552][com.java.SeleniumDriver] [  856] - ------------------------------------------
[INFO ][2016-01-27 15:42:10,552][com.java.SeleniumDriver] [  857] - Test case being Executed: 5
[INFO ][2016-01-27 15:42:10,552][com.java.SeleniumDriver] [  869] - Test step:14
[INFO ][2016-01-27 15:42:10,552][com.java.SeleniumDriver] [  881] - Datavalue is----------copy
[INFO ][2016-01-27 15:42:10,552][com.java.SeleniumDriver] [  905] - DataField : TXT//table[@class='dlg_moduleCellTitle']//td[text()='Branch TotemPole Title']/span
[INFO ][2016-01-27 15:42:10,552][com.java.SeleniumDriver] [  907] - DataValue : copy
[INFO ][2016-01-27 15:42:10,552][com.java.SeleniumDriver] [  913] - <In Set values of the page>
[INFO ][2016-01-27 15:42:10,552][com.java.SeleniumDriver] [  916] - {Data Fields & Data Values Exist}
[INFO ][2016-01-27 15:42:10,552][com.java.SeleniumDriver] [  918] - --------------------------setting values-----------------------------
[INFO ][2016-01-27 15:42:10,552][com.java.SeleniumDriver] [  921] - Action Type : VerifyNotPresent
[INFO ][2016-01-27 15:42:10,552][com.java.TestType] [ 9757] - field= TXT//table[@class='dlg_moduleCellTitle']//td[text()='Branch TotemPole Title']/span value= copy
[DEBUG][2016-01-27 15:42:10,853][com.java.TestType] [ 9854] - values not matched
[INFO ][2016-01-27 15:42:10,853][com.java.SeleniumDriver] [  930] -  RESULT true
[INFO ][2016-01-27 15:42:10,853][com.java.SeleniumDriver] [ 1136] - ?   P A S S   ?
[INFO ][2016-01-27 15:42:10,853][com.java.SeleniumDriver] [  856] - ------------------------------------------
[INFO ][2016-01-27 15:42:10,853][com.java.SeleniumDriver] [  857] - Test case being Executed: 5
[INFO ][2016-01-27 15:42:10,853][com.java.SeleniumDriver] [  869] - Test step:15
[INFO ][2016-01-27 15:42:10,853][com.java.SeleniumDriver] [  881] - Datavalue is----------null
[DEBUG][2016-01-27 15:42:10,853][com.java.SeleniumDriver] [  899] - Exception: null
[INFO ][2016-01-27 15:42:10,853][com.java.SeleniumDriver] [  905] - DataField : BTNcopyButton
[INFO ][2016-01-27 15:42:10,853][com.java.SeleniumDriver] [  907] - DataValue : 
[INFO ][2016-01-27 15:42:10,853][com.java.SeleniumDriver] [  913] - <In Set values of the page>
[INFO ][2016-01-27 15:42:10,853][com.java.SeleniumDriver] [  916] - {Data Fields & Data Values Exist}
[INFO ][2016-01-27 15:42:10,853][com.java.SeleniumDriver] [  918] - --------------------------setting values-----------------------------
[INFO ][2016-01-27 15:42:10,853][com.java.SeleniumDriver] [  921] - Action Type : Click
[INFO ][2016-01-27 15:42:10,853][com.java.TestType] [ 6797] - Field ::BTNcopyButton
[INFO ][2016-01-27 15:42:10,853][com.java.TestType] [ 6418] - value = 
[INFO ][2016-01-27 15:42:11,853][com.java.TestType] [ 6949] - BEFORE CLICK
[INFO ][2016-01-27 15:42:13,734][com.java.TestType] [ 6956] - Unable to click the object Modify Totem Pole button
[INFO ][2016-01-27 15:42:13,734][com.java.SeleniumDriver] [  930] -  RESULT true
[INFO ][2016-01-27 15:42:13,734][com.java.SeleniumDriver] [ 1136] - ?   P A S S   ?
[INFO ][2016-01-27 15:42:13,734][com.java.SeleniumDriver] [  856] - ------------------------------------------
[INFO ][2016-01-27 15:42:13,734][com.java.SeleniumDriver] [  857] - Test case being Executed: 5
[INFO ][2016-01-27 15:42:13,734][com.java.SeleniumDriver] [  869] - Test step:16
[INFO ][2016-01-27 15:42:13,734][com.java.SeleniumDriver] [  881] - Datavalue is----------Ok
[INFO ][2016-01-27 15:42:13,734][com.java.SeleniumDriver] [  905] - DataField : MTC//input[@id="copyButton"]
[INFO ][2016-01-27 15:42:13,734][com.java.SeleniumDriver] [  907] - DataValue : Ok
[INFO ][2016-01-27 15:42:13,734][com.java.SeleniumDriver] [  913] - <In Set values of the page>
[INFO ][2016-01-27 15:42:13,734][com.java.SeleniumDriver] [  916] - {Data Fields & Data Values Exist}
[INFO ][2016-01-27 15:42:13,734][com.java.SeleniumDriver] [  918] - --------------------------setting values-----------------------------
[INFO ][2016-01-27 15:42:13,734][com.java.SeleniumDriver] [  921] - Action Type : ClickWithalert
[ERROR][2016-01-27 15:42:13,794][com.java.TestType] [ 1863] - Exception in MTC click: null
[INFO ][2016-01-27 15:42:13,794][com.java.SeleniumDriver] [  930] -  RESULT false
[INFO ][2016-01-27 15:42:13,794][com.java.SeleniumDriver] [  977] - ?   F A I L   ?
[INFO ][2016-01-27 15:42:13,794][com.java.SeleniumDriver] [  985] - Browser Type : IE10
[INFO ][2016-01-27 15:42:13,794][com.java.SeleniumDriver] [  986] - Adding Failed case5
[INFO ][2016-01-27 15:42:14,675][com.java.SeleniumDriver] [ 1100] - failedCases = 5
[ERROR][2016-01-27 15:42:14,675][com.java.SeleniumDriver] [ 1599] - Platform Errors : Our apologies...::We have encountered an issue with your request.::Our apologies?:We encountered an issue with your request.
[INFO ][2016-01-27 15:42:14,675][com.java.SeleniumDriver] [ 1603] - Length =3
[ERROR][2016-01-27 15:42:14,675][com.java.SeleniumDriver] [ 1606] - Error 0 = Our apologies...
[ERROR][2016-01-27 15:42:14,816][com.java.SeleniumDriver] [ 1606] - Error 1 = We have encountered an issue with your request.
[ERROR][2016-01-27 15:42:14,946][com.java.SeleniumDriver] [ 1606] - Error 2 = Our apologies?:We encountered an issue with your request.
[INFO ][2016-01-27 15:42:15,046][com.java.SeleniumDriver] [ 1617] - strError:
[DEBUG][2016-01-27 15:42:15,066][com.java.SeleniumDriver] [ 1248] - Case found
[DEBUG][2016-01-27 15:42:15,066][com.java.SeleniumDriver] [ 1253] - Incrementing ReportCounters[0]:2
[INFO ][2016-01-27 15:42:15,066][com.java.SeleniumDriver] [ 1272] - The results are-------------------[5, 16, Totem Poles : Manage Existing Totem Poles : Copy Totem Pole, Fail, 
Test case failed at Step No. :: 16   Error Message ::  Unable to click on the elemnt using MTC: null. Screen Shot : D:\BankersDashboard\TestReports\012716\5_012716_154213_IE10.png, Wed Jan 27 15:42:15 IST 2016]
[INFO ][2016-01-27 15:42:15,066][com.java.SeleniumDriver] [ 1276] - End time is-------1 min 50 sec
[INFO ][2016-01-27 15:42:15,066][com.java.SeleniumDriver] [ 1277] - The results are-------------------[5, 16, Totem Poles : Manage Existing Totem Poles : Copy Totem Pole, Fail, 
Test case failed at Step No. :: 16   Error Message ::  Unable to click on the elemnt using MTC: null. Screen Shot : D:\BankersDashboard\TestReports\012716\5_012716_154213_IE10.png, Wed Jan 27 15:42:15 IST 2016]
[DEBUG][2016-01-27 15:42:15,066][com.java.ImportnExport.ExportTestResultsExcel] [  222] - testResultPath = D:\BankersDashboard/TestReports/Test Results_BankersDashBoard_012716_154026_IE10_Bank of North Carolina.xls
[DEBUG][2016-01-27 15:42:15,066][com.java.ImportnExport.ExportTestResultsExcel] [  223] - browser is------------IE10
[DEBUG][2016-01-27 15:42:15,066][com.java.ImportnExport.ExportTestResultsExcel] [  270] - result.size() = 6
[DEBUG][2016-01-27 15:42:15,066][com.java.ImportnExport.ExportTestResultsExcel] [  274] - No of rows in sheet=2
[DEBUG][2016-01-27 15:42:15,066][com.java.ImportnExport.ExportTestResultsExcel] [  301] - ..in export..5
[DEBUG][2016-01-27 15:42:15,066][com.java.ImportnExport.ExportTestResultsExcel] [  301] - ..in export..Totem Poles : Manage Existing Totem Poles : Copy Totem Pole
[DEBUG][2016-01-27 15:42:15,066][com.java.ImportnExport.ExportTestResultsExcel] [  301] - ..in export..Fail
[DEBUG][2016-01-27 15:42:15,066][com.java.ImportnExport.ExportTestResultsExcel] [  301] - ..in export..
Test case failed at Step No. :: 16   Error Message ::  Unable to click on the elemnt using MTC: null. Screen Shot : D:\BankersDashboard\TestReports\012716\5_012716_154213_IE10.png
[DEBUG][2016-01-27 15:42:15,066][com.java.ImportnExport.ExportTestResultsExcel] [  301] - ..in export..Wed Jan 27 15:42:15 IST 2016
[INFO ][2016-01-27 15:42:15,066][com.java.SeleniumDriver] [ 1337] - out loop:1 size:3 TestCases:[1, 5, 8] testcases:[1, 5, 8]
[INFO ][2016-01-27 15:42:15,066][com.java.ImportnExport.ImportTestDataDetailsExcel] [   49] - test data details path===== D:\BankersDashboard\TestInputs\TestData.xls
[INFO ][2016-01-27 15:42:36,508][com.java.SeleniumDriver] [  856] - ------------------------------------------
[INFO ][2016-01-27 15:42:36,508][com.java.SeleniumDriver] [  857] - Test case being Executed: 8
[INFO ][2016-01-27 15:42:36,508][com.java.SeleniumDriver] [  869] - Test step:1
[INFO ][2016-01-27 15:42:36,508][com.java.SeleniumDriver] [  881] - Datavalue is----------Logout
[INFO ][2016-01-27 15:42:36,508][com.java.SeleniumDriver] [  905] - DataField : BTN
[INFO ][2016-01-27 15:42:36,508][com.java.SeleniumDriver] [  907] - DataValue : Logout
[INFO ][2016-01-27 15:42:36,508][com.java.SeleniumDriver] [  913] - <In Set values of the page>
[INFO ][2016-01-27 15:42:36,508][com.java.SeleniumDriver] [  916] - {Data Fields & Data Values Exist}
[INFO ][2016-01-27 15:42:36,508][com.java.SeleniumDriver] [  918] - --------------------------setting values-----------------------------
[INFO ][2016-01-27 15:42:36,508][com.java.SeleniumDriver] [  921] - Action Type : Verify
[INFO ][2016-01-27 15:42:36,508][com.java.TestType] [ 8008] - field= BTN value= Logout
[INFO ][2016-01-27 15:42:36,508][com.java.TestType] [ 6418] - value = Logout
[INFO ][2016-01-27 15:42:36,579][com.java.SeleniumDriver] [  930] -  RESULT true
[INFO ][2016-01-27 15:42:36,579][com.java.SeleniumDriver] [ 1136] - ?   P A S S   ?
[INFO ][2016-01-27 15:42:36,579][com.java.SeleniumDriver] [ 1178] - step change to 3
[INFO ][2016-01-27 15:42:36,579][com.java.SeleniumDriver] [  856] - ------------------------------------------
[INFO ][2016-01-27 15:42:36,579][com.java.SeleniumDriver] [  857] - Test case being Executed: 8
[INFO ][2016-01-27 15:42:36,579][com.java.SeleniumDriver] [  869] - Test step:3
[INFO ][2016-01-27 15:42:36,579][com.java.SeleniumDriver] [  881] - Datavalue is----------Concept#2:1-2
[INFO ][2016-01-27 15:42:36,579][com.java.SeleniumDriver] [  905] - DataField : test
[INFO ][2016-01-27 15:42:36,579][com.java.SeleniumDriver] [  907] - DataValue : Concept#2:1-2
[INFO ][2016-01-27 15:42:36,579][com.java.SeleniumDriver] [  913] - <In Set values of the page>
[INFO ][2016-01-27 15:42:36,579][com.java.SeleniumDriver] [  916] - {Data Fields & Data Values Exist}
[INFO ][2016-01-27 15:42:36,579][com.java.SeleniumDriver] [  918] - --------------------------setting values-----------------------------
[INFO ][2016-01-27 15:42:36,579][com.java.SeleniumDriver] [  921] - Action Type : ExecuteTestCase
[INFO ][2016-01-27 15:42:36,579][com.java.TestType] [  442] - The Concept sheet name is ---------- Concept
[INFO ][2016-01-27 15:42:36,579][com.java.TestType] [  445] - The Concept ID  is ---------- 2
[DEBUG][2016-01-27 15:42:36,579][com.java.TestType] [  449] - Steps being executted in the Concept are: 1:2
[INFO ][2016-01-27 15:42:36,579][com.java.TestType] [  456] - Test data details path ---------- D:\BankersDashboard\TestInputs\TestData.xls
[INFO ][2016-01-27 15:42:36,579][com.java.TestType] [  487] -  str(1) = 2
[INFO ][2016-01-27 15:42:36,579][com.java.TestType] [  490] - Test case Id is---2
[INFO ][2016-01-27 15:42:36,579][com.java.TestType] [  492] - 2
[INFO ][2016-01-27 15:42:36,579][com.java.TestType] [  487] -  str(2) = 1
[INFO ][2016-01-27 15:42:36,579][com.java.TestType] [  487] -  str(1) = 2
[INFO ][2016-01-27 15:42:36,579][com.java.TestType] [  490] - Test case Id is---2
[INFO ][2016-01-27 15:42:36,579][com.java.TestType] [  492] - 2
[INFO ][2016-01-27 15:42:36,579][com.java.TestType] [  487] -  str(2) = 2
[INFO ][2016-01-27 15:42:36,579][com.java.TestType] [  487] -  str(1) = 2
[INFO ][2016-01-27 15:42:36,589][com.java.TestType] [  490] - Test case Id is---2
[INFO ][2016-01-27 15:42:36,589][com.java.TestType] [  492] - 2
[INFO ][2016-01-27 15:42:36,589][com.java.TestType] [  487] -  str(2) = 3
[INFO ][2016-01-27 15:42:36,589][com.java.TestType] [11673] - Looping 1TCID = 2
[DEBUG][2016-01-27 15:42:36,589][com.java.TestType] [11714] - Concept ID:2 :: Step being Executed: 2::1
[INFO ][2016-01-27 15:42:36,589][com.java.TestType] [11752] - dataFields : BNK//select[@id='bank']
[DEBUG][2016-01-27 15:42:36,589][com.java.TestType] [11758] - <In Set values of the page>
[DEBUG][2016-01-27 15:42:36,589][com.java.TestType] [11763] - {Data Fields & Data Values Exist}
[INFO ][2016-01-27 15:42:36,589][com.java.TestType] [11769] - --------------------------setting values-----------------------------
[INFO ][2016-01-27 15:42:36,589][com.java.TestType] [11772] - Action Type : Select
[INFO ][2016-01-27 15:42:36,589][com.java.TestType] [ 6418] - value = PFC
[INFO ][2016-01-27 15:42:36,799][com.java.TestType] [11791] -  RESULT true
[INFO ][2016-01-27 15:42:36,799][com.java.TestType] [11908] - ?   P A S S   ?
[DEBUG][2016-01-27 15:42:36,799][com.java.TestType] [11714] - Concept ID:2 :: Step being Executed: 2::2
[INFO ][2016-01-27 15:42:36,799][com.java.TestType] [11752] - dataFields : LNKLogout
[DEBUG][2016-01-27 15:42:36,799][com.java.TestType] [11758] - <In Set values of the page>
[DEBUG][2016-01-27 15:42:36,799][com.java.TestType] [11763] - {Data Fields & Data Values Exist}
[INFO ][2016-01-27 15:42:36,799][com.java.TestType] [11769] - --------------------------setting values-----------------------------
[INFO ][2016-01-27 15:42:36,799][com.java.TestType] [11772] - Action Type : WaitTime
[DEBUG][2016-01-27 15:42:36,799][com.java.TestType] [ 6232] - sleepTime: 5000
