[INFO ][2016-01-19 19:12:12,583][com.java.SeleniumDriver] [  213] - Execute Failed Casesfalse
[INFO ][2016-01-19 19:12:12,583][com.java.SeleniumDriver] [  214] - Browser: IE10
[INFO ][2016-01-19 19:12:12,583][com.java.SeleniumDriver] [  215] - [1, 3]
[INFO ][2016-01-19 19:12:12,583][com.java.SeleniumDriver] [  216] - Total TestCases:2
[INFO ][2016-01-19 19:12:12,583][com.java.SeleniumDriver] [  217] -  Reading Properties from Property File 
[DEBUG][2016-01-19 19:12:12,583][com.java.SeleniumDriver] [  238] - url : https://clients-xuat.bankersdashboard.com
[INFO ][2016-01-19 19:12:12,583][com.java.ImportnExport.ExportTestResultsExcel] [  116] - Time Stamp Tue Jan 19 07:12:12 IST 2016
[INFO ][2016-01-19 19:12:12,583][com.java.ImportnExport.ExportTestResultsExcel] [  175] - OUT FILE : D:\BankersDashboard/TestReports/Test Results_BankersDashBoard_011916_191212_IE10_United Bank.xls
[INFO ][2016-01-19 19:12:12,614][com.java.ImportnExport.ExportTestResultsExcel] [  180] - Test Result file is created
[DEBUG][2016-01-19 19:12:12,714][com.java.SeleniumDriver] [  426] - Hub ip address is-------172.17.68.34
[INFO ][2016-01-19 19:12:12,714][com.java.SeleniumDriver] [  452] - Grid URL:http://172.17.68.34:4444/wd/hub
[INFO ][2016-01-19 19:12:12,714][com.java.SeleniumDriver] [  453] - Capability:Capabilities [{platform=ANY, ensureCleanSession=true, ignoreProtectedModeSettings=true, acceptSslCerts=true, ignoreZoomSetting=true, browserName=internet explorer, browserstack.ie.noFlash=true, version=null}]
[ERROR][2016-01-19 19:12:14,034][com.java.SeleniumDriver] [  498] - Unable invoke browser in grid:Could not start a new session. Possible causes are invalid address of the remote server or browser start-up failure.
Build info: version: '2.48.2', revision: '41bccdd', time: '2015-10-09 19:59:12'
System info: host: 'FVTIII438F1D', ip: '172.17.68.34', os.name: 'Windows 7', os.arch: 'x86', os.version: '6.1', java.version: '1.7.0_55'
Driver info: driver.version: SeleniumDriver
[INFO ][2016-01-19 19:12:14,034][com.java.SeleniumDriver] [  500] - Executing on local machine
[INFO ][2016-01-19 19:12:24,439][com.java.SeleniumDriver] [  248] - IE10is opened
[INFO ][2016-01-19 19:12:25,276][com.java.SeleniumDriver] [  756] - Test cases to be executed are: [1, 3]
[INFO ][2016-01-19 19:12:25,297][com.java.ImportnExport.ImportTestDataDetailsExcel] [   49] - test data details path===== D:\BankersDashboard\TestInputs\TestData.xls
[INFO ][2016-01-19 19:12:25,387][com.java.SeleniumDriver] [  856] - ------------------------------------------
[INFO ][2016-01-19 19:12:25,387][com.java.SeleniumDriver] [  857] - Test case being Executed: 1
[INFO ][2016-01-19 19:12:25,387][com.java.SeleniumDriver] [  869] - Test step:1
[INFO ][2016-01-19 19:12:25,387][com.java.SeleniumDriver] [  881] - Datavalue is----------Concept#1:1-16
[INFO ][2016-01-19 19:12:25,387][com.java.SeleniumDriver] [  905] - DataField : test
[INFO ][2016-01-19 19:12:25,387][com.java.SeleniumDriver] [  907] - DataValue : Concept#1:1-16
[INFO ][2016-01-19 19:12:25,387][com.java.SeleniumDriver] [  913] - <In Set values of the page>
[INFO ][2016-01-19 19:12:25,387][com.java.SeleniumDriver] [  916] - {Data Fields & Data Values Exist}
[INFO ][2016-01-19 19:12:25,387][com.java.SeleniumDriver] [  918] - --------------------------setting values-----------------------------
[INFO ][2016-01-19 19:12:25,387][com.java.SeleniumDriver] [  921] - Action Type : ExecuteTestCase
[INFO ][2016-01-19 19:12:25,407][com.java.TestType] [  442] - The Concept sheet name is ---------- Concept
[INFO ][2016-01-19 19:12:25,407][com.java.TestType] [  445] - The Concept ID  is ---------- 1
[DEBUG][2016-01-19 19:12:25,407][com.java.TestType] [  449] - Steps being executted in the Concept are: 1:16
[INFO ][2016-01-19 19:12:25,407][com.java.TestType] [  456] - Test data details path ---------- D:\BankersDashboard\TestInputs\TestData.xls
[INFO ][2016-01-19 19:12:25,437][com.java.TestType] [  487] -  str(1) = 1
[INFO ][2016-01-19 19:12:25,437][com.java.TestType] [  490] - Test case Id is---1
[INFO ][2016-01-19 19:12:25,437][com.java.TestType] [  492] - 1
[INFO ][2016-01-19 19:12:25,437][com.java.TestType] [  487] -  str(2) = 1
[INFO ][2016-01-19 19:12:25,437][com.java.TestType] [  487] -  str(1) = 1
[INFO ][2016-01-19 19:12:25,447][com.java.TestType] [  490] - Test case Id is---1
[INFO ][2016-01-19 19:12:25,447][com.java.TestType] [  492] - 1
[INFO ][2016-01-19 19:12:25,447][com.java.TestType] [  487] -  str(2) = 2
[INFO ][2016-01-19 19:12:25,447][com.java.TestType] [  487] -  str(1) = 1
[INFO ][2016-01-19 19:12:25,447][com.java.TestType] [  490] - Test case Id is---1
[INFO ][2016-01-19 19:12:25,447][com.java.TestType] [  492] - 1
[INFO ][2016-01-19 19:12:25,447][com.java.TestType] [  487] -  str(2) = 3
[INFO ][2016-01-19 19:12:25,447][com.java.TestType] [  487] -  str(1) = 1
[INFO ][2016-01-19 19:12:25,447][com.java.TestType] [  490] - Test case Id is---1
[INFO ][2016-01-19 19:12:25,447][com.java.TestType] [  492] - 1
[INFO ][2016-01-19 19:12:25,447][com.java.TestType] [  487] -  str(2) = 4
[INFO ][2016-01-19 19:12:25,447][com.java.TestType] [  487] -  str(1) = 1
[INFO ][2016-01-19 19:12:25,447][com.java.TestType] [  490] - Test case Id is---1
[INFO ][2016-01-19 19:12:25,447][com.java.TestType] [  492] - 1
[INFO ][2016-01-19 19:12:25,447][com.java.TestType] [  487] -  str(2) = 5
[INFO ][2016-01-19 19:12:25,447][com.java.TestType] [  487] -  str(1) = 1
[INFO ][2016-01-19 19:12:25,447][com.java.TestType] [  490] - Test case Id is---1
[INFO ][2016-01-19 19:12:25,447][com.java.TestType] [  492] - 1
[INFO ][2016-01-19 19:12:25,447][com.java.TestType] [  487] -  str(2) = 6
[INFO ][2016-01-19 19:12:25,447][com.java.TestType] [  487] -  str(1) = 1
[INFO ][2016-01-19 19:12:25,447][com.java.TestType] [  490] - Test case Id is---1
[INFO ][2016-01-19 19:12:25,447][com.java.TestType] [  492] - 1
[INFO ][2016-01-19 19:12:25,447][com.java.TestType] [  487] -  str(2) = 7
[INFO ][2016-01-19 19:12:25,457][com.java.TestType] [  487] -  str(1) = 1
[INFO ][2016-01-19 19:12:25,457][com.java.TestType] [  490] - Test case Id is---1
[INFO ][2016-01-19 19:12:25,457][com.java.TestType] [  492] - 1
[INFO ][2016-01-19 19:12:25,457][com.java.TestType] [  487] -  str(2) = 8
[INFO ][2016-01-19 19:12:25,457][com.java.TestType] [  487] -  str(1) = 1
[INFO ][2016-01-19 19:12:25,457][com.java.TestType] [  490] - Test case Id is---1
[INFO ][2016-01-19 19:12:25,457][com.java.TestType] [  492] - 1
[INFO ][2016-01-19 19:12:25,457][com.java.TestType] [  487] -  str(2) = 9
[INFO ][2016-01-19 19:12:25,457][com.java.TestType] [  487] -  str(1) = 1
[INFO ][2016-01-19 19:12:25,457][com.java.TestType] [  490] - Test case Id is---1
[INFO ][2016-01-19 19:12:25,457][com.java.TestType] [  492] - 1
[INFO ][2016-01-19 19:12:25,457][com.java.TestType] [  487] -  str(2) = 10
[INFO ][2016-01-19 19:12:25,457][com.java.TestType] [  487] -  str(1) = 1
[INFO ][2016-01-19 19:12:25,457][com.java.TestType] [  490] - Test case Id is---1
[INFO ][2016-01-19 19:12:25,457][com.java.TestType] [  492] - 1
[INFO ][2016-01-19 19:12:25,457][com.java.TestType] [  487] -  str(2) = 11
[INFO ][2016-01-19 19:12:25,457][com.java.TestType] [  487] -  str(1) = 1
[INFO ][2016-01-19 19:12:25,457][com.java.TestType] [  490] - Test case Id is---1
[INFO ][2016-01-19 19:12:25,457][com.java.TestType] [  492] - 1
[INFO ][2016-01-19 19:12:25,457][com.java.TestType] [  487] -  str(2) = 12
[INFO ][2016-01-19 19:12:25,457][com.java.TestType] [  487] -  str(1) = 1
[INFO ][2016-01-19 19:12:25,457][com.java.TestType] [  490] - Test case Id is---1
[INFO ][2016-01-19 19:12:25,457][com.java.TestType] [  492] - 1
[INFO ][2016-01-19 19:12:25,457][com.java.TestType] [  487] -  str(2) = 13
[INFO ][2016-01-19 19:12:25,457][com.java.TestType] [  487] -  str(1) = 1
[INFO ][2016-01-19 19:12:25,457][com.java.TestType] [  490] - Test case Id is---1
[INFO ][2016-01-19 19:12:25,457][com.java.TestType] [  492] - 1
[INFO ][2016-01-19 19:12:25,457][com.java.TestType] [  487] -  str(2) = 14
[INFO ][2016-01-19 19:12:25,457][com.java.TestType] [  487] -  str(1) = 1
[INFO ][2016-01-19 19:12:25,457][com.java.TestType] [  490] - Test case Id is---1
[INFO ][2016-01-19 19:12:25,457][com.java.TestType] [  492] - 1
[INFO ][2016-01-19 19:12:25,457][com.java.TestType] [  487] -  str(2) = 15
[INFO ][2016-01-19 19:12:25,457][com.java.TestType] [  487] -  str(1) = 1
[INFO ][2016-01-19 19:12:25,457][com.java.TestType] [  490] - Test case Id is---1
[INFO ][2016-01-19 19:12:25,457][com.java.TestType] [  492] - 1
[INFO ][2016-01-19 19:12:25,457][com.java.TestType] [  487] -  str(2) = 16
[INFO ][2016-01-19 19:12:25,457][com.java.TestType] [11369] - Looping 1TCID = 1
[DEBUG][2016-01-19 19:12:25,457][com.java.TestType] [11410] - Concept ID:1 :: Step being Executed: 1::1
[INFO ][2016-01-19 19:12:25,467][com.java.TestType] [11448] - dataFields : TXTusername
[DEBUG][2016-01-19 19:12:25,467][com.java.TestType] [11454] - <In Set values of the page>
[DEBUG][2016-01-19 19:12:25,467][com.java.TestType] [11459] - {Data Fields & Data Values Exist}
[INFO ][2016-01-19 19:12:25,467][com.java.TestType] [11465] - --------------------------setting values-----------------------------
[INFO ][2016-01-19 19:12:25,467][com.java.TestType] [11468] - Action Type : CLEARANDENTER
[INFO ][2016-01-19 19:12:27,738][com.java.TestType] [ 6193] - value = valuelabs.ie10.00058
[INFO ][2016-01-19 19:12:30,196][com.java.TestType] [11487] -  RESULT true
[INFO ][2016-01-19 19:12:30,196][com.java.TestType] [11604] - ?   P A S S   ?
[DEBUG][2016-01-19 19:12:30,196][com.java.TestType] [11410] - Concept ID:1 :: Step being Executed: 1::2
[INFO ][2016-01-19 19:12:30,196][com.java.TestType] [11448] - dataFields : TXTpassword
[DEBUG][2016-01-19 19:12:30,196][com.java.TestType] [11454] - <In Set values of the page>
[DEBUG][2016-01-19 19:12:30,196][com.java.TestType] [11459] - {Data Fields & Data Values Exist}
[INFO ][2016-01-19 19:12:30,196][com.java.TestType] [11465] - --------------------------setting values-----------------------------
[INFO ][2016-01-19 19:12:30,196][com.java.TestType] [11468] - Action Type : CLEARANDENTER
[INFO ][2016-01-19 19:12:32,437][com.java.TestType] [ 6193] - value = Password1*
[INFO ][2016-01-19 19:12:35,003][com.java.TestType] [11487] -  RESULT true
[INFO ][2016-01-19 19:12:35,003][com.java.TestType] [11604] - ?   P A S S   ?
[DEBUG][2016-01-19 19:12:35,003][com.java.TestType] [11410] - Concept ID:1 :: Step being Executed: 1::3
[ERROR][2016-01-19 19:12:35,003][com.java.TestType] [11443] - Exception: null
[INFO ][2016-01-19 19:12:35,003][com.java.TestType] [11448] - dataFields : XPH//button[@type='submit']
[DEBUG][2016-01-19 19:12:35,003][com.java.TestType] [11454] - <In Set values of the page>
[DEBUG][2016-01-19 19:12:35,003][com.java.TestType] [11459] - {Data Fields & Data Values Exist}
[INFO ][2016-01-19 19:12:35,003][com.java.TestType] [11465] - --------------------------setting values-----------------------------
[INFO ][2016-01-19 19:12:35,003][com.java.TestType] [11468] - Action Type : Click
[INFO ][2016-01-19 19:12:35,003][com.java.TestType] [ 6572] - Field ::XPH//button[@type='submit']
[INFO ][2016-01-19 19:12:35,003][com.java.TestType] [ 6193] - value = 
[INFO ][2016-01-19 19:12:36,003][com.java.TestType] [ 6710] - BEFORE CLICK
[INFO ][2016-01-19 19:12:39,230][com.java.TestType] [ 6718] - Unable to click the object Login
[INFO ][2016-01-19 19:12:39,230][com.java.TestType] [11487] -  RESULT true
[INFO ][2016-01-19 19:12:39,230][com.java.TestType] [11604] - ?   P A S S   ?
[DEBUG][2016-01-19 19:12:39,230][com.java.TestType] [11410] - Concept ID:1 :: Step being Executed: 1::4
[INFO ][2016-01-19 19:12:39,230][com.java.TestType] [11448] - dataFields : LNKLogout
[DEBUG][2016-01-19 19:12:39,230][com.java.TestType] [11454] - <In Set values of the page>
[DEBUG][2016-01-19 19:12:39,230][com.java.TestType] [11459] - {Data Fields & Data Values Exist}
[INFO ][2016-01-19 19:12:39,230][com.java.TestType] [11465] - --------------------------setting values-----------------------------
[INFO ][2016-01-19 19:12:39,230][com.java.TestType] [11468] - Action Type : WaitForElement
[INFO ][2016-01-19 19:12:39,261][com.java.TestType] [11487] -  RESULT true
[INFO ][2016-01-19 19:12:39,261][com.java.TestType] [11604] - ?   P A S S   ?
[DEBUG][2016-01-19 19:12:39,261][com.java.TestType] [11410] - Concept ID:1 :: Step being Executed: 1::15
[INFO ][2016-01-19 19:12:39,261][com.java.TestType] [11448] - dataFields : LNK
[DEBUG][2016-01-19 19:12:39,261][com.java.TestType] [11454] - <In Set values of the page>
[DEBUG][2016-01-19 19:12:39,261][com.java.TestType] [11459] - {Data Fields & Data Values Exist}
[INFO ][2016-01-19 19:12:39,261][com.java.TestType] [11465] - --------------------------setting values-----------------------------
[INFO ][2016-01-19 19:12:39,261][com.java.TestType] [11468] - Action Type : Verify
[INFO ][2016-01-19 19:12:39,261][com.java.TestType] [ 7702] - field= LNK value= Logout
[INFO ][2016-01-19 19:12:39,261][com.java.TestType] [ 6193] - value = Logout
[INFO ][2016-01-19 19:12:39,291][com.java.TestType] [11487] -  RESULT true
[INFO ][2016-01-19 19:12:39,291][com.java.TestType] [11604] - ?   P A S S   ?
[DEBUG][2016-01-19 19:12:39,291][com.java.TestType] [11410] - Concept ID:1 :: Step being Executed: 1::16
[INFO ][2016-01-19 19:12:39,291][com.java.TestType] [11448] - dataFields : BTN
[DEBUG][2016-01-19 19:12:39,291][com.java.TestType] [11454] - <In Set values of the page>
[DEBUG][2016-01-19 19:12:39,291][com.java.TestType] [11459] - {Data Fields & Data Values Exist}
[INFO ][2016-01-19 19:12:39,291][com.java.TestType] [11465] - --------------------------setting values-----------------------------
[INFO ][2016-01-19 19:12:39,291][com.java.TestType] [11468] - Action Type : Verify
[INFO ][2016-01-19 19:12:39,291][com.java.TestType] [ 7702] - field= BTN value= //img[contains(@src,'bdlogo.jpg')]
[INFO ][2016-01-19 19:12:39,291][com.java.TestType] [ 6193] - value = //img[contains(@src,'bdlogo.jpg')]
[INFO ][2016-01-19 19:12:39,351][com.java.TestType] [11487] -  RESULT true
[INFO ][2016-01-19 19:12:39,351][com.java.TestType] [11604] - ?   P A S S   ?
[INFO ][2016-01-19 19:12:39,351][com.java.TestType] [11675] - Looping End......
[INFO ][2016-01-19 19:12:39,351][com.java.SeleniumDriver] [  930] -  RESULT true
[INFO ][2016-01-19 19:12:39,351][com.java.SeleniumDriver] [ 1136] - ?   P A S S   ?
[INFO ][2016-01-19 19:12:39,351][com.java.SeleniumDriver] [  856] - ------------------------------------------
[INFO ][2016-01-19 19:12:39,351][com.java.SeleniumDriver] [  857] - Test case being Executed: 1
[INFO ][2016-01-19 19:12:39,351][com.java.SeleniumDriver] [  869] - Test step:2
[INFO ][2016-01-19 19:12:39,351][com.java.SeleniumDriver] [  881] - Datavalue is----------Concept#2:1-2
[INFO ][2016-01-19 19:12:39,351][com.java.SeleniumDriver] [  905] - DataField : test
[INFO ][2016-01-19 19:12:39,351][com.java.SeleniumDriver] [  907] - DataValue : Concept#2:1-2
[INFO ][2016-01-19 19:12:39,351][com.java.SeleniumDriver] [  913] - <In Set values of the page>
[INFO ][2016-01-19 19:12:39,351][com.java.SeleniumDriver] [  916] - {Data Fields & Data Values Exist}
[INFO ][2016-01-19 19:12:39,351][com.java.SeleniumDriver] [  918] - --------------------------setting values-----------------------------
[INFO ][2016-01-19 19:12:39,351][com.java.SeleniumDriver] [  921] - Action Type : ExecuteTestCase
[INFO ][2016-01-19 19:12:39,351][com.java.TestType] [  442] - The Concept sheet name is ---------- Concept
[INFO ][2016-01-19 19:12:39,351][com.java.TestType] [  445] - The Concept ID  is ---------- 2
[DEBUG][2016-01-19 19:12:39,351][com.java.TestType] [  449] - Steps being executted in the Concept are: 1:2
[INFO ][2016-01-19 19:12:39,351][com.java.TestType] [  456] - Test data details path ---------- D:\BankersDashboard\TestInputs\TestData.xls
[INFO ][2016-01-19 19:12:39,381][com.java.TestType] [  487] -  str(1) = 2
[INFO ][2016-01-19 19:12:39,381][com.java.TestType] [  490] - Test case Id is---2
[INFO ][2016-01-19 19:12:39,381][com.java.TestType] [  492] - 2
[INFO ][2016-01-19 19:12:39,381][com.java.TestType] [  487] -  str(2) = 1
[INFO ][2016-01-19 19:12:39,391][com.java.TestType] [  487] -  str(1) = 2
[INFO ][2016-01-19 19:12:39,391][com.java.TestType] [  490] - Test case Id is---2
[INFO ][2016-01-19 19:12:39,391][com.java.TestType] [  492] - 2
[INFO ][2016-01-19 19:12:39,391][com.java.TestType] [  487] -  str(2) = 2
[INFO ][2016-01-19 19:12:39,391][com.java.TestType] [  487] -  str(1) = 2
[INFO ][2016-01-19 19:12:39,391][com.java.TestType] [  490] - Test case Id is---2
[INFO ][2016-01-19 19:12:39,391][com.java.TestType] [  492] - 2
[INFO ][2016-01-19 19:12:39,391][com.java.TestType] [  487] -  str(2) = 3
[INFO ][2016-01-19 19:12:39,391][com.java.TestType] [11369] - Looping 1TCID = 2
[DEBUG][2016-01-19 19:12:39,391][com.java.TestType] [11410] - Concept ID:2 :: Step being Executed: 2::1
[INFO ][2016-01-19 19:12:39,391][com.java.TestType] [11448] - dataFields : BNK//select[@id='bank']
[DEBUG][2016-01-19 19:12:39,391][com.java.TestType] [11454] - <In Set values of the page>
[DEBUG][2016-01-19 19:12:39,391][com.java.TestType] [11459] - {Data Fields & Data Values Exist}
[INFO ][2016-01-19 19:12:39,391][com.java.TestType] [11465] - --------------------------setting values-----------------------------
[INFO ][2016-01-19 19:12:39,391][com.java.TestType] [11468] - Action Type : Select
[INFO ][2016-01-19 19:12:39,391][com.java.TestType] [ 6193] - value = PFC
[INFO ][2016-01-19 19:12:39,664][com.java.TestType] [11487] -  RESULT true
[INFO ][2016-01-19 19:12:39,664][com.java.TestType] [11604] - ?   P A S S   ?
[DEBUG][2016-01-19 19:12:39,664][com.java.TestType] [11410] - Concept ID:2 :: Step being Executed: 2::2
[INFO ][2016-01-19 19:12:39,664][com.java.TestType] [11448] - dataFields : LNKLogout
[DEBUG][2016-01-19 19:12:39,664][com.java.TestType] [11454] - <In Set values of the page>
[DEBUG][2016-01-19 19:12:39,664][com.java.TestType] [11459] - {Data Fields & Data Values Exist}
[INFO ][2016-01-19 19:12:39,664][com.java.TestType] [11465] - --------------------------setting values-----------------------------
[INFO ][2016-01-19 19:12:39,664][com.java.TestType] [11468] - Action Type : WaitTime
[DEBUG][2016-01-19 19:12:39,664][com.java.TestType] [ 6007] - sleepTime: 5000
[INFO ][2016-01-19 19:12:44,677][com.java.TestType] [11487] -  RESULT true
[INFO ][2016-01-19 19:12:44,677][com.java.TestType] [11604] - ?   P A S S   ?
[INFO ][2016-01-19 19:12:44,677][com.java.TestType] [11675] - Looping End......
[INFO ][2016-01-19 19:12:44,677][com.java.SeleniumDriver] [  930] -  RESULT true
[INFO ][2016-01-19 19:12:44,677][com.java.SeleniumDriver] [ 1136] - ?   P A S S   ?
[INFO ][2016-01-19 19:12:44,677][com.java.SeleniumDriver] [  856] - ------------------------------------------
[INFO ][2016-01-19 19:12:44,677][com.java.SeleniumDriver] [  857] - Test case being Executed: 1
[INFO ][2016-01-19 19:12:44,677][com.java.SeleniumDriver] [  869] - Test step:3
[INFO ][2016-01-19 19:12:44,677][com.java.SeleniumDriver] [  881] - Datavalue is----------2
[INFO ][2016-01-19 19:12:44,677][com.java.SeleniumDriver] [  905] - DataField : XPH//button[contains(text(),'Add Content')]
[INFO ][2016-01-19 19:12:44,677][com.java.SeleniumDriver] [  907] - DataValue : 2
[INFO ][2016-01-19 19:12:44,677][com.java.SeleniumDriver] [  913] - <In Set values of the page>
[INFO ][2016-01-19 19:12:44,677][com.java.SeleniumDriver] [  916] - {Data Fields & Data Values Exist}
[INFO ][2016-01-19 19:12:44,677][com.java.SeleniumDriver] [  918] - --------------------------setting values-----------------------------
[INFO ][2016-01-19 19:12:44,677][com.java.SeleniumDriver] [  921] - Action Type : WAITFORELEMENT
[INFO ][2016-01-19 19:12:44,808][com.java.SeleniumDriver] [  930] -  RESULT true
[INFO ][2016-01-19 19:12:44,808][com.java.SeleniumDriver] [ 1136] - ?   P A S S   ?
[DEBUG][2016-01-19 19:12:44,808][com.java.SeleniumDriver] [ 1248] - Case found
[DEBUG][2016-01-19 19:12:44,808][com.java.SeleniumDriver] [ 1253] - Incrementing ReportCounters[0]:1
[INFO ][2016-01-19 19:12:44,808][com.java.SeleniumDriver] [ 1272] - The results are-------------------[1, 1, Valid Login, Pass, , Tue Jan 19 19:12:39 IST 2016, 1, 2, Valid Login, Pass, , Tue Jan 19 19:12:44 IST 2016, 1, 3, Valid Login, Pass, , Tue Jan 19 19:12:44 IST 2016]
[INFO ][2016-01-19 19:12:44,808][com.java.SeleniumDriver] [ 1276] - End time is-------34 sec
[INFO ][2016-01-19 19:12:44,808][com.java.SeleniumDriver] [ 1277] - The results are-------------------[1, 1, Valid Login, Pass, , Tue Jan 19 19:12:39 IST 2016, 1, 2, Valid Login, Pass, , Tue Jan 19 19:12:44 IST 2016, 1, 3, Valid Login, Pass, , Tue Jan 19 19:12:44 IST 2016]
[DEBUG][2016-01-19 19:12:44,808][com.java.ImportnExport.ExportTestResultsExcel] [  222] - testResultPath = D:\BankersDashboard/TestReports/Test Results_BankersDashBoard_011916_191212_IE10_United Bank.xls
[DEBUG][2016-01-19 19:12:44,808][com.java.ImportnExport.ExportTestResultsExcel] [  223] - browser is------------IE10
[DEBUG][2016-01-19 19:12:44,848][com.java.ImportnExport.ExportTestResultsExcel] [  270] - result.size() = 18
[DEBUG][2016-01-19 19:12:44,848][com.java.ImportnExport.ExportTestResultsExcel] [  274] - No of rows in sheet=1
[DEBUG][2016-01-19 19:12:44,848][com.java.ImportnExport.ExportTestResultsExcel] [  301] - ..in export..1
[DEBUG][2016-01-19 19:12:44,848][com.java.ImportnExport.ExportTestResultsExcel] [  301] - ..in export..Valid Login
[DEBUG][2016-01-19 19:12:44,848][com.java.ImportnExport.ExportTestResultsExcel] [  301] - ..in export..Pass
[DEBUG][2016-01-19 19:12:44,848][com.java.ImportnExport.ExportTestResultsExcel] [  301] - ..in export..
[DEBUG][2016-01-19 19:12:44,848][com.java.ImportnExport.ExportTestResultsExcel] [  301] - ..in export..Tue Jan 19 19:12:39 IST 2016
[INFO ][2016-01-19 19:12:44,848][com.java.SeleniumDriver] [ 1337] - out loop:0 size:2 TestCases:[1, 3] testcases:[1, 3]
[INFO ][2016-01-19 19:12:44,848][com.java.ImportnExport.ImportTestDataDetailsExcel] [   49] - test data details path===== D:\BankersDashboard\TestInputs\TestData.xls
[INFO ][2016-01-19 19:13:03,801][com.java.SeleniumDriver] [  856] - ------------------------------------------
[INFO ][2016-01-19 19:13:03,801][com.java.SeleniumDriver] [  857] - Test case being Executed: 3
[INFO ][2016-01-19 19:13:03,801][com.java.SeleniumDriver] [  869] - Test step:1
[INFO ][2016-01-19 19:13:03,801][com.java.SeleniumDriver] [  881] - Datavalue is----------Logout
[INFO ][2016-01-19 19:13:03,801][com.java.SeleniumDriver] [  905] - DataField : BTN
[INFO ][2016-01-19 19:13:03,801][com.java.SeleniumDriver] [  907] - DataValue : Logout
[INFO ][2016-01-19 19:13:03,801][com.java.SeleniumDriver] [  913] - <In Set values of the page>
[INFO ][2016-01-19 19:13:03,801][com.java.SeleniumDriver] [  916] - {Data Fields & Data Values Exist}
[INFO ][2016-01-19 19:13:03,801][com.java.SeleniumDriver] [  918] - --------------------------setting values-----------------------------
[INFO ][2016-01-19 19:13:03,801][com.java.SeleniumDriver] [  921] - Action Type : Verify
[INFO ][2016-01-19 19:13:03,801][com.java.TestType] [ 7702] - field= BTN value= Logout
[INFO ][2016-01-19 19:13:03,801][com.java.TestType] [ 6193] - value = Logout
[INFO ][2016-01-19 19:13:03,952][com.java.SeleniumDriver] [  930] -  RESULT true
[INFO ][2016-01-19 19:13:03,952][com.java.SeleniumDriver] [ 1136] - ?   P A S S   ?
[INFO ][2016-01-19 19:13:03,952][com.java.SeleniumDriver] [ 1178] - step change to 3
[INFO ][2016-01-19 19:13:03,952][com.java.SeleniumDriver] [  856] - ------------------------------------------
[INFO ][2016-01-19 19:13:03,952][com.java.SeleniumDriver] [  857] - Test case being Executed: 3
[INFO ][2016-01-19 19:13:03,952][com.java.SeleniumDriver] [  869] - Test step:3
[INFO ][2016-01-19 19:13:03,952][com.java.SeleniumDriver] [  881] - Datavalue is----------Concept#2:1-2
[INFO ][2016-01-19 19:13:03,952][com.java.SeleniumDriver] [  905] - DataField : test
[INFO ][2016-01-19 19:13:03,952][com.java.SeleniumDriver] [  907] - DataValue : Concept#2:1-2
[INFO ][2016-01-19 19:13:03,952][com.java.SeleniumDriver] [  913] - <In Set values of the page>
[INFO ][2016-01-19 19:13:03,952][com.java.SeleniumDriver] [  916] - {Data Fields & Data Values Exist}
[INFO ][2016-01-19 19:13:03,952][com.java.SeleniumDriver] [  918] - --------------------------setting values-----------------------------
[INFO ][2016-01-19 19:13:03,952][com.java.SeleniumDriver] [  921] - Action Type : ExecuteTestCase
[INFO ][2016-01-19 19:13:03,952][com.java.TestType] [  442] - The Concept sheet name is ---------- Concept
[INFO ][2016-01-19 19:13:03,952][com.java.TestType] [  445] - The Concept ID  is ---------- 2
[DEBUG][2016-01-19 19:13:03,952][com.java.TestType] [  449] - Steps being executted in the Concept are: 1:2
[INFO ][2016-01-19 19:13:03,952][com.java.TestType] [  456] - Test data details path ---------- D:\BankersDashboard\TestInputs\TestData.xls
[INFO ][2016-01-19 19:13:03,982][com.java.TestType] [  487] -  str(1) = 2
[INFO ][2016-01-19 19:13:03,982][com.java.TestType] [  490] - Test case Id is---2
[INFO ][2016-01-19 19:13:03,982][com.java.TestType] [  492] - 2
[INFO ][2016-01-19 19:13:03,982][com.java.TestType] [  487] -  str(2) = 1
[INFO ][2016-01-19 19:13:03,982][com.java.TestType] [  487] -  str(1) = 2
[INFO ][2016-01-19 19:13:03,982][com.java.TestType] [  490] - Test case Id is---2
[INFO ][2016-01-19 19:13:03,982][com.java.TestType] [  492] - 2
[INFO ][2016-01-19 19:13:03,982][com.java.TestType] [  487] -  str(2) = 2
[INFO ][2016-01-19 19:13:03,982][com.java.TestType] [  487] -  str(1) = 2
[INFO ][2016-01-19 19:13:03,982][com.java.TestType] [  490] - Test case Id is---2
[INFO ][2016-01-19 19:13:03,982][com.java.TestType] [  492] - 2
[INFO ][2016-01-19 19:13:03,982][com.java.TestType] [  487] -  str(2) = 3
[INFO ][2016-01-19 19:13:03,982][com.java.TestType] [11369] - Looping 1TCID = 2
[DEBUG][2016-01-19 19:13:03,982][com.java.TestType] [11410] - Concept ID:2 :: Step being Executed: 2::1
[INFO ][2016-01-19 19:13:03,982][com.java.TestType] [11448] - dataFields : BNK//select[@id='bank']
[DEBUG][2016-01-19 19:13:03,982][com.java.TestType] [11454] - <In Set values of the page>
[DEBUG][2016-01-19 19:13:03,982][com.java.TestType] [11459] - {Data Fields & Data Values Exist}
[INFO ][2016-01-19 19:13:03,982][com.java.TestType] [11465] - --------------------------setting values-----------------------------
[INFO ][2016-01-19 19:13:03,982][com.java.TestType] [11468] - Action Type : Select
[INFO ][2016-01-19 19:13:03,992][com.java.TestType] [ 6193] - value = PFC
[INFO ][2016-01-19 19:13:04,292][com.java.TestType] [11487] -  RESULT true
[INFO ][2016-01-19 19:13:04,292][com.java.TestType] [11604] - ?   P A S S   ?
[DEBUG][2016-01-19 19:13:04,292][com.java.TestType] [11410] - Concept ID:2 :: Step being Executed: 2::2
[INFO ][2016-01-19 19:13:04,292][com.java.TestType] [11448] - dataFields : LNKLogout
[DEBUG][2016-01-19 19:13:04,292][com.java.TestType] [11454] - <In Set values of the page>
[DEBUG][2016-01-19 19:13:04,292][com.java.TestType] [11459] - {Data Fields & Data Values Exist}
[INFO ][2016-01-19 19:13:04,292][com.java.TestType] [11465] - --------------------------setting values-----------------------------
[INFO ][2016-01-19 19:13:04,292][com.java.TestType] [11468] - Action Type : WaitTime
[DEBUG][2016-01-19 19:13:04,292][com.java.TestType] [ 6007] - sleepTime: 5000
[INFO ][2016-01-19 19:13:09,292][com.java.TestType] [11487] -  RESULT true
[INFO ][2016-01-19 19:13:09,292][com.java.TestType] [11604] - ?   P A S S   ?
[INFO ][2016-01-19 19:13:09,292][com.java.TestType] [11675] - Looping End......
[INFO ][2016-01-19 19:13:09,292][com.java.SeleniumDriver] [  930] -  RESULT true
[INFO ][2016-01-19 19:13:09,292][com.java.SeleniumDriver] [ 1136] - ?   P A S S   ?
[INFO ][2016-01-19 19:13:09,292][com.java.SeleniumDriver] [  856] - ------------------------------------------
[INFO ][2016-01-19 19:13:09,292][com.java.SeleniumDriver] [  857] - Test case being Executed: 3
[INFO ][2016-01-19 19:13:09,292][com.java.SeleniumDriver] [  869] - Test step:4
[INFO ][2016-01-19 19:13:09,292][com.java.SeleniumDriver] [  881] - Datavalue is----------null
[DEBUG][2016-01-19 19:13:09,292][com.java.SeleniumDriver] [  899] - Exception: null
[INFO ][2016-01-19 19:13:09,292][com.java.SeleniumDriver] [  905] - DataField : //span[@class='icon-user4']&&//a[text()='A/L Mapping']&&//a[@data-id="ResponsibilityCodes"]
[INFO ][2016-01-19 19:13:09,292][com.java.SeleniumDriver] [  907] - DataValue : 
[INFO ][2016-01-19 19:13:09,292][com.java.SeleniumDriver] [  913] - <In Set values of the page>
[INFO ][2016-01-19 19:13:09,292][com.java.SeleniumDriver] [  916] - {Data Fields & Data Values Exist}
[INFO ][2016-01-19 19:13:09,292][com.java.SeleniumDriver] [  918] - --------------------------setting values-----------------------------
[INFO ][2016-01-19 19:13:09,292][com.java.SeleniumDriver] [  921] - Action Type : MOUSEOVER
[INFO ][2016-01-19 19:13:36,333][com.java.SeleniumDriver] [  930] -  RESULT true
[INFO ][2016-01-19 19:13:36,333][com.java.SeleniumDriver] [ 1136] - ?   P A S S   ?
[INFO ][2016-01-19 19:13:36,333][com.java.SeleniumDriver] [  856] - ------------------------------------------
[INFO ][2016-01-19 19:13:36,333][com.java.SeleniumDriver] [  857] - Test case being Executed: 3
[INFO ][2016-01-19 19:13:36,333][com.java.SeleniumDriver] [  869] - Test step:5
[INFO ][2016-01-19 19:13:36,333][com.java.SeleniumDriver] [  881] - Datavalue is----------5
[INFO ][2016-01-19 19:13:36,333][com.java.SeleniumDriver] [  905] - DataField : XPH//div[@id='divDialogLoading']//img
[INFO ][2016-01-19 19:13:36,333][com.java.SeleniumDriver] [  907] - DataValue : 5
[INFO ][2016-01-19 19:13:36,333][com.java.SeleniumDriver] [  913] - <In Set values of the page>
[INFO ][2016-01-19 19:13:36,333][com.java.SeleniumDriver] [  916] - {Data Fields & Data Values Exist}
[INFO ][2016-01-19 19:13:36,333][com.java.SeleniumDriver] [  918] - --------------------------setting values-----------------------------
[INFO ][2016-01-19 19:13:36,333][com.java.SeleniumDriver] [  921] - Action Type : WAITFORELEMENT
[INFO ][2016-01-19 19:13:36,364][com.java.SeleniumDriver] [  930] -  RESULT true
[INFO ][2016-01-19 19:13:36,364][com.java.SeleniumDriver] [ 1136] - ?   P A S S   ?
[INFO ][2016-01-19 19:13:36,364][com.java.SeleniumDriver] [  856] - ------------------------------------------
[INFO ][2016-01-19 19:13:36,364][com.java.SeleniumDriver] [  857] - Test case being Executed: 3
[INFO ][2016-01-19 19:13:36,364][com.java.SeleniumDriver] [  869] - Test step:6
[INFO ][2016-01-19 19:13:36,364][com.java.SeleniumDriver] [  881] - Datavalue is----------90
[INFO ][2016-01-19 19:13:36,364][com.java.SeleniumDriver] [  905] - DataField : XPH//div[@id='divDialogLoading']//img
[INFO ][2016-01-19 19:13:36,364][com.java.SeleniumDriver] [  907] - DataValue : 90
[INFO ][2016-01-19 19:13:36,364][com.java.SeleniumDriver] [  913] - <In Set values of the page>
[INFO ][2016-01-19 19:13:36,364][com.java.SeleniumDriver] [  916] - {Data Fields & Data Values Exist}
[INFO ][2016-01-19 19:13:36,364][com.java.SeleniumDriver] [  918] - --------------------------setting values-----------------------------
[INFO ][2016-01-19 19:13:36,364][com.java.SeleniumDriver] [  921] - Action Type : WAITFORELEMENTNOTPRESENT
[INFO ][2016-01-19 19:13:36,464][com.java.SeleniumDriver] [  930] -  RESULT true
[INFO ][2016-01-19 19:13:36,464][com.java.SeleniumDriver] [ 1136] - ?   P A S S   ?
[INFO ][2016-01-19 19:13:36,464][com.java.SeleniumDriver] [  856] - ------------------------------------------
[INFO ][2016-01-19 19:13:36,464][com.java.SeleniumDriver] [  857] - Test case being Executed: 3
[INFO ][2016-01-19 19:13:36,464][com.java.SeleniumDriver] [  869] - Test step:7
[INFO ][2016-01-19 19:13:36,464][com.java.SeleniumDriver] [  881] - Datavalue is----------Responsibility Codes
[INFO ][2016-01-19 19:13:36,464][com.java.SeleniumDriver] [  905] - DataField : XPH//span[contains(text(),'Responsibility Codes')]
[INFO ][2016-01-19 19:13:36,464][com.java.SeleniumDriver] [  907] - DataValue : Responsibility Codes
[INFO ][2016-01-19 19:13:36,464][com.java.SeleniumDriver] [  913] - <In Set values of the page>
[INFO ][2016-01-19 19:13:36,464][com.java.SeleniumDriver] [  916] - {Data Fields & Data Values Exist}
[INFO ][2016-01-19 19:13:36,464][com.java.SeleniumDriver] [  918] - --------------------------setting values-----------------------------
[INFO ][2016-01-19 19:13:36,464][com.java.SeleniumDriver] [  921] - Action Type : VERIFY
[INFO ][2016-01-19 19:13:36,464][com.java.TestType] [ 7702] - field= XPH//span[contains(text(),'Responsibility Codes')] value= Responsibility Codes
[INFO ][2016-01-19 19:13:36,464][com.java.TestType] [ 6193] - value = Responsibility Codes
[INFO ][2016-01-19 19:13:36,574][com.java.SeleniumDriver] [  930] -  RESULT true
[INFO ][2016-01-19 19:13:36,574][com.java.SeleniumDriver] [ 1136] - ?   P A S S   ?
[INFO ][2016-01-19 19:13:36,574][com.java.SeleniumDriver] [  856] - ------------------------------------------
[INFO ][2016-01-19 19:13:36,574][com.java.SeleniumDriver] [  857] - Test case being Executed: 3
[INFO ][2016-01-19 19:13:36,574][com.java.SeleniumDriver] [  869] - Test step:8
[INFO ][2016-01-19 19:13:36,574][com.java.SeleniumDriver] [  881] - Datavalue is----------null
[DEBUG][2016-01-19 19:13:36,574][com.java.SeleniumDriver] [  899] - Exception: null
[INFO ][2016-01-19 19:13:36,574][com.java.SeleniumDriver] [  905] - DataField : BTNframeDialogContent
[INFO ][2016-01-19 19:13:36,574][com.java.SeleniumDriver] [  907] - DataValue : 
[INFO ][2016-01-19 19:13:36,574][com.java.SeleniumDriver] [  913] - <In Set values of the page>
[INFO ][2016-01-19 19:13:36,574][com.java.SeleniumDriver] [  916] - {Data Fields & Data Values Exist}
[INFO ][2016-01-19 19:13:36,574][com.java.SeleniumDriver] [  918] - --------------------------setting values-----------------------------
[INFO ][2016-01-19 19:13:36,574][com.java.SeleniumDriver] [  921] - Action Type : SELECTFRAME
[INFO ][2016-01-19 19:13:37,815][com.java.SeleniumDriver] [  930] -  RESULT true
[INFO ][2016-01-19 19:13:37,815][com.java.SeleniumDriver] [ 1136] - ?   P A S S   ?
[INFO ][2016-01-19 19:13:37,815][com.java.SeleniumDriver] [  856] - ------------------------------------------
[INFO ][2016-01-19 19:13:37,815][com.java.SeleniumDriver] [  857] - Test case being Executed: 3
[INFO ][2016-01-19 19:13:37,815][com.java.SeleniumDriver] [  869] - Test step:9
[INFO ][2016-01-19 19:13:37,815][com.java.SeleniumDriver] [  881] - Datavalue is----------officer
[INFO ][2016-01-19 19:13:37,815][com.java.SeleniumDriver] [  905] - DataField : XPH//*[@id='ddlOfficers']/option[1]
[INFO ][2016-01-19 19:13:37,815][com.java.SeleniumDriver] [  907] - DataValue : officer
[INFO ][2016-01-19 19:13:37,815][com.java.SeleniumDriver] [  913] - <In Set values of the page>
[INFO ][2016-01-19 19:13:37,815][com.java.SeleniumDriver] [  916] - {Data Fields & Data Values Exist}
[INFO ][2016-01-19 19:13:37,815][com.java.SeleniumDriver] [  918] - --------------------------setting values-----------------------------
[INFO ][2016-01-19 19:13:37,815][com.java.SeleniumDriver] [  921] - Action Type : STOREVALUE
[INFO ][2016-01-19 19:13:37,815][com.java.TestType] [ 9129] - field= XPH//*[@id='ddlOfficers']/option[1]
[DEBUG][2016-01-19 19:13:37,875][com.java.TestType] [ 9184] - Key:: officer   Value:: 000
[INFO ][2016-01-19 19:13:37,875][com.java.SeleniumDriver] [  930] -  RESULT true
[INFO ][2016-01-19 19:13:37,875][com.java.SeleniumDriver] [ 1136] - ?   P A S S   ?
[INFO ][2016-01-19 19:13:37,875][com.java.SeleniumDriver] [  856] - ------------------------------------------
[INFO ][2016-01-19 19:13:37,875][com.java.SeleniumDriver] [  857] - Test case being Executed: 3
[INFO ][2016-01-19 19:13:37,875][com.java.SeleniumDriver] [  869] - Test step:10
[INFO ][2016-01-19 19:13:37,875][com.java.SeleniumDriver] [  881] - Datavalue is----------null
[DEBUG][2016-01-19 19:13:37,875][com.java.SeleniumDriver] [  899] - Exception: null
[INFO ][2016-01-19 19:13:37,875][com.java.SeleniumDriver] [  905] - DataField : BTNbtnModify
[INFO ][2016-01-19 19:13:37,875][com.java.SeleniumDriver] [  907] - DataValue : 
[INFO ][2016-01-19 19:13:37,875][com.java.SeleniumDriver] [  913] - <In Set values of the page>
[INFO ][2016-01-19 19:13:37,875][com.java.SeleniumDriver] [  916] - {Data Fields & Data Values Exist}
[INFO ][2016-01-19 19:13:37,875][com.java.SeleniumDriver] [  918] - --------------------------setting values-----------------------------
[INFO ][2016-01-19 19:13:37,875][com.java.SeleniumDriver] [  921] - Action Type : CLICK
[INFO ][2016-01-19 19:13:37,875][com.java.TestType] [ 6572] - Field ::BTNbtnModify
[INFO ][2016-01-19 19:13:37,875][com.java.TestType] [ 6193] - value = 
[INFO ][2016-01-19 19:13:38,875][com.java.TestType] [ 6689] - BEFORE CLICK
[INFO ][2016-01-19 19:13:40,506][com.java.TestType] [ 6696] - Unable to click the object Modify button
[INFO ][2016-01-19 19:13:40,506][com.java.SeleniumDriver] [  930] -  RESULT true
[INFO ][2016-01-19 19:13:40,506][com.java.SeleniumDriver] [ 1136] - ?   P A S S   ?
[INFO ][2016-01-19 19:13:40,506][com.java.SeleniumDriver] [  856] - ------------------------------------------
[INFO ][2016-01-19 19:13:40,506][com.java.SeleniumDriver] [  857] - Test case being Executed: 3
[INFO ][2016-01-19 19:13:40,506][com.java.SeleniumDriver] [  869] - Test step:11
[INFO ][2016-01-19 19:13:40,506][com.java.SeleniumDriver] [  881] - Datavalue is----------10
[INFO ][2016-01-19 19:13:40,506][com.java.SeleniumDriver] [  905] - DataField : BTNtxtOfficerName
[INFO ][2016-01-19 19:13:40,506][com.java.SeleniumDriver] [  907] - DataValue : 10
[INFO ][2016-01-19 19:13:40,506][com.java.SeleniumDriver] [  913] - <In Set values of the page>
[INFO ][2016-01-19 19:13:40,506][com.java.SeleniumDriver] [  916] - {Data Fields & Data Values Exist}
[INFO ][2016-01-19 19:13:40,506][com.java.SeleniumDriver] [  918] - --------------------------setting values-----------------------------
[INFO ][2016-01-19 19:13:40,506][com.java.SeleniumDriver] [  921] - Action Type : WAITFORELEMENT
[INFO ][2016-01-19 19:13:41,556][com.java.SeleniumDriver] [  930] -  RESULT true
[INFO ][2016-01-19 19:13:41,556][com.java.SeleniumDriver] [ 1136] - ?   P A S S   ?
[INFO ][2016-01-19 19:13:41,556][com.java.SeleniumDriver] [  856] - ------------------------------------------
[INFO ][2016-01-19 19:13:41,556][com.java.SeleniumDriver] [  857] - Test case being Executed: 3
[INFO ][2016-01-19 19:13:41,556][com.java.SeleniumDriver] [  869] - Test step:12
[INFO ][2016-01-19 19:13:41,556][com.java.SeleniumDriver] [  881] - Datavalue is----------null
[DEBUG][2016-01-19 19:13:41,556][com.java.SeleniumDriver] [  899] - Exception: null
[INFO ][2016-01-19 19:13:41,556][com.java.SeleniumDriver] [  905] - DataField : BTNtxtOfficerName
[INFO ][2016-01-19 19:13:41,556][com.java.SeleniumDriver] [  907] - DataValue : 
[INFO ][2016-01-19 19:13:41,556][com.java.SeleniumDriver] [  913] - <In Set values of the page>
[INFO ][2016-01-19 19:13:41,556][com.java.SeleniumDriver] [  916] - {Data Fields & Data Values Exist}
[INFO ][2016-01-19 19:13:41,556][com.java.SeleniumDriver] [  918] - --------------------------setting values-----------------------------
[INFO ][2016-01-19 19:13:41,556][com.java.SeleniumDriver] [  921] - Action Type : CLICK
[INFO ][2016-01-19 19:13:41,556][com.java.TestType] [ 6572] - Field ::BTNtxtOfficerName
[INFO ][2016-01-19 19:13:41,556][com.java.TestType] [ 6193] - value = 
[INFO ][2016-01-19 19:13:42,561][com.java.TestType] [ 6689] - BEFORE CLICK
[INFO ][2016-01-19 19:13:43,712][com.java.TestType] [ 6696] - Unable to click the object Click on officer Name text field
[INFO ][2016-01-19 19:13:43,712][com.java.SeleniumDriver] [  930] -  RESULT true
[INFO ][2016-01-19 19:13:43,712][com.java.SeleniumDriver] [ 1136] - ?   P A S S   ?
[INFO ][2016-01-19 19:13:43,712][com.java.SeleniumDriver] [  856] - ------------------------------------------
[INFO ][2016-01-19 19:13:43,712][com.java.SeleniumDriver] [  857] - Test case being Executed: 3
[INFO ][2016-01-19 19:13:43,712][com.java.SeleniumDriver] [  869] - Test step:13
[INFO ][2016-01-19 19:13:43,712][com.java.SeleniumDriver] [  881] - Datavalue is----------15
[INFO ][2016-01-19 19:13:43,712][com.java.SeleniumDriver] [  905] - DataField : test
[INFO ][2016-01-19 19:13:43,712][com.java.SeleniumDriver] [  907] - DataValue : 15
[INFO ][2016-01-19 19:13:43,712][com.java.SeleniumDriver] [  913] - <In Set values of the page>
[INFO ][2016-01-19 19:13:43,712][com.java.SeleniumDriver] [  916] - {Data Fields & Data Values Exist}
[INFO ][2016-01-19 19:13:43,712][com.java.SeleniumDriver] [  918] - --------------------------setting values-----------------------------
[INFO ][2016-01-19 19:13:43,712][com.java.SeleniumDriver] [  921] - Action Type : WAITTIME
[DEBUG][2016-01-19 19:13:43,712][com.java.TestType] [ 6007] - sleepTime: 15000
[INFO ][2016-01-19 19:13:58,712][com.java.SeleniumDriver] [  930] -  RESULT true
[INFO ][2016-01-19 19:13:58,712][com.java.SeleniumDriver] [ 1136] - ?   P A S S   ?
[INFO ][2016-01-19 19:13:58,712][com.java.SeleniumDriver] [  856] - ------------------------------------------
[INFO ][2016-01-19 19:13:58,712][com.java.SeleniumDriver] [  857] - Test case being Executed: 3
[INFO ][2016-01-19 19:13:58,712][com.java.SeleniumDriver] [  869] - Test step:14
[INFO ][2016-01-19 19:13:58,712][com.java.SeleniumDriver] [  881] - Datavalue is----------Responsibility Code:
[INFO ][2016-01-19 19:13:58,712][com.java.SeleniumDriver] [  905] - DataField : MSG
[INFO ][2016-01-19 19:13:58,712][com.java.SeleniumDriver] [  907] - DataValue : Responsibility Code:
[INFO ][2016-01-19 19:13:58,712][com.java.SeleniumDriver] [  913] - <In Set values of the page>
[INFO ][2016-01-19 19:13:58,712][com.java.SeleniumDriver] [  916] - {Data Fields & Data Values Exist}
[INFO ][2016-01-19 19:13:58,712][com.java.SeleniumDriver] [  918] - --------------------------setting values-----------------------------
[INFO ][2016-01-19 19:13:58,712][com.java.SeleniumDriver] [  921] - Action Type : VERIFY
[INFO ][2016-01-19 19:13:58,712][com.java.TestType] [ 7702] - field= MSG value= Responsibility Code:
[INFO ][2016-01-19 19:13:58,712][com.java.TestType] [ 6193] - value = Responsibility Code:
[DEBUG][2016-01-19 19:13:58,712][com.java.TestType] [ 8532] - value :: Responsibility Code:
[INFO ][2016-01-19 19:13:58,733][com.java.SeleniumDriver] [  930] -  RESULT true
[INFO ][2016-01-19 19:13:58,733][com.java.SeleniumDriver] [ 1136] - ?   P A S S   ?
[INFO ][2016-01-19 19:13:58,733][com.java.SeleniumDriver] [  856] - ------------------------------------------
[INFO ][2016-01-19 19:13:58,733][com.java.SeleniumDriver] [  857] - Test case being Executed: 3
[INFO ][2016-01-19 19:13:58,733][com.java.SeleniumDriver] [  869] - Test step:15
[INFO ][2016-01-19 19:13:58,733][com.java.SeleniumDriver] [  881] - Datavalue is----------HMVofficer
[INFO ][2016-01-19 19:13:58,733][com.java.SeleniumDriver] [  905] - DataField : TXTtxtOfficerName
[INFO ][2016-01-19 19:13:58,733][com.java.SeleniumDriver] [  907] - DataValue : HMVofficer
[INFO ][2016-01-19 19:13:58,733][com.java.SeleniumDriver] [  913] - <In Set values of the page>
[INFO ][2016-01-19 19:13:58,733][com.java.SeleniumDriver] [  916] - {Data Fields & Data Values Exist}
[INFO ][2016-01-19 19:13:58,733][com.java.SeleniumDriver] [  918] - --------------------------setting values-----------------------------
[INFO ][2016-01-19 19:13:58,733][com.java.SeleniumDriver] [  921] - Action Type : VERIFY
[INFO ][2016-01-19 19:13:58,733][com.java.TestType] [ 7702] - field= TXTtxtOfficerName value= HMVofficer
[INFO ][2016-01-19 19:13:58,733][com.java.TestType] [ 6193] - value = 000
[DEBUG][2016-01-19 19:13:59,824][com.java.TestType] [ 8145] - values not matched
[INFO ][2016-01-19 19:13:59,824][com.java.SeleniumDriver] [  930] -  RESULT false
[INFO ][2016-01-19 19:13:59,824][com.java.SeleniumDriver] [  977] - ?   F A I L   ?
[INFO ][2016-01-19 19:13:59,824][com.java.SeleniumDriver] [  985] - Browser Type : IE10
[INFO ][2016-01-19 19:13:59,824][com.java.SeleniumDriver] [  986] - Adding Failed case3
[INFO ][2016-01-19 19:14:00,054][com.java.SeleniumDriver] [ 1100] - failedCases = 3
[ERROR][2016-01-19 19:14:00,054][com.java.SeleniumDriver] [ 1599] - Platform Errors : Our apologies...::We have encountered an issue with your request.::Our apologies?:We encountered an issue with your request.
[INFO ][2016-01-19 19:14:00,054][com.java.SeleniumDriver] [ 1603] - Length =3
[ERROR][2016-01-19 19:14:00,054][com.java.SeleniumDriver] [ 1606] - Error 0 = Our apologies...
[ERROR][2016-01-19 19:14:00,074][com.java.SeleniumDriver] [ 1606] - Error 1 = We have encountered an issue with your request.
[ERROR][2016-01-19 19:14:00,094][com.java.SeleniumDriver] [ 1606] - Error 2 = Our apologies?:We encountered an issue with your request.
[INFO ][2016-01-19 19:14:00,104][com.java.SeleniumDriver] [ 1617] - strError:
[DEBUG][2016-01-19 19:14:00,114][com.java.SeleniumDriver] [ 1248] - Case found
[DEBUG][2016-01-19 19:14:00,114][com.java.SeleniumDriver] [ 1253] - Incrementing ReportCounters[0]:2
[INFO ][2016-01-19 19:14:00,114][com.java.SeleniumDriver] [ 1272] - The results are-------------------[3, 15, Admin: AL Mapping: Responsibility Codes: Modify, Fail, 
Test case failed at Step No. :: 15   Error Message ::  values not matched. Screen Shot : D:\BankersDashboard\TestReports\011916\3_011916_191359_IE10.png, Tue Jan 19 19:14:00 IST 2016]
[INFO ][2016-01-19 19:14:00,114][com.java.SeleniumDriver] [ 1276] - End time is-------1 min 49 sec
[INFO ][2016-01-19 19:14:00,114][com.java.SeleniumDriver] [ 1277] - The results are-------------------[3, 15, Admin: AL Mapping: Responsibility Codes: Modify, Fail, 
Test case failed at Step No. :: 15   Error Message ::  values not matched. Screen Shot : D:\BankersDashboard\TestReports\011916\3_011916_191359_IE10.png, Tue Jan 19 19:14:00 IST 2016]
[DEBUG][2016-01-19 19:14:00,114][com.java.ImportnExport.ExportTestResultsExcel] [  222] - testResultPath = D:\BankersDashboard/TestReports/Test Results_BankersDashBoard_011916_191212_IE10_United Bank.xls
[DEBUG][2016-01-19 19:14:00,114][com.java.ImportnExport.ExportTestResultsExcel] [  223] - browser is------------IE10
[DEBUG][2016-01-19 19:14:00,114][com.java.ImportnExport.ExportTestResultsExcel] [  270] - result.size() = 6
[DEBUG][2016-01-19 19:14:00,114][com.java.ImportnExport.ExportTestResultsExcel] [  274] - No of rows in sheet=2
[DEBUG][2016-01-19 19:14:00,114][com.java.ImportnExport.ExportTestResultsExcel] [  301] - ..in export..3
[DEBUG][2016-01-19 19:14:00,114][com.java.ImportnExport.ExportTestResultsExcel] [  301] - ..in export..Admin: AL Mapping: Responsibility Codes: Modify
[DEBUG][2016-01-19 19:14:00,114][com.java.ImportnExport.ExportTestResultsExcel] [  301] - ..in export..Fail
[DEBUG][2016-01-19 19:14:00,114][com.java.ImportnExport.ExportTestResultsExcel] [  301] - ..in export..
Test case failed at Step No. :: 15   Error Message ::  values not matched. Screen Shot : D:\BankersDashboard\TestReports\011916\3_011916_191359_IE10.png
[DEBUG][2016-01-19 19:14:00,114][com.java.ImportnExport.ExportTestResultsExcel] [  301] - ..in export..Tue Jan 19 19:14:00 IST 2016
[INFO ][2016-01-19 19:14:00,114][com.java.SeleniumDriver] [ 1337] - out loop:1 size:2 TestCases:[1, 3] testcases:[1, 3]
[INFO ][2016-01-19 19:14:02,116][com.java.SeleniumDriver] [ 1380] - Total Number of Cases:2
[INFO ][2016-01-19 19:14:02,116][com.java.TemplateGenerator] [  302] - Executed:2
[INFO ][2016-01-19 19:14:02,116][com.java.TemplateGenerator] [  303] - Passed:1
[INFO ][2016-01-19 19:14:02,116][com.java.TemplateGenerator] [  304] - Failed:1
[INFO ][2016-01-19 19:14:02,116][com.java.TemplateGenerator] [  305] - Skipeed:0
[INFO ][2016-01-19 19:14:02,116][com.java.TemplateGenerator] [  306] - Application URL:https://clients-xuat.bankersdashboard.com
[INFO ][2016-01-19 19:14:02,116][com.java.TemplateGenerator] [  307] - Start Time:011916_191212
[INFO ][2016-01-19 19:14:02,116][com.java.TemplateGenerator] [  308] -  Creating HTML Report 
[ERROR][2016-01-19 19:14:02,116][com.java.TemplateGenerator] [  409] - Unparseable date: "Tue Jan 19 07:12:12 IST 2016"
[INFO ][2016-01-19 19:14:02,116][com.java.TemplateGenerator] [  654] -  Exporting case :: 1
[INFO ][2016-01-19 19:14:02,116][com.java.TemplateGenerator] [  654] -  Exporting case :: 3
[INFO ][2016-01-19 19:14:02,116][com.java.SeleniumDriver] [ 1429] - End Time:011916_191402
[INFO ][2016-01-19 19:14:02,116][com.java.SeleniumDriver] [ 1432] - Data in Test Execution Details:{1=PASS, 3=FAILTest case failed at Step No. :: 15   Error Message ::  values not matched}
[INFO ][2016-01-19 19:14:02,116][com.java.SeleniumDriver] [ 1433] - Data in Failed Execution Deatils:{}
[INFO ][2016-01-19 19:14:02,116][com.java.SeleniumDriver] [ 1435] - ReportCounter:Total:2 :: PASS: 1 ::FAIL: 1
[INFO ][2016-01-19 19:14:02,116][com.java.SeleniumDriver] [ 1436] - FailedReportCounter:Total:0 :: PASS: 0 ::FAIL: 0
[INFO ][2016-01-19 19:14:02,117][com.java.EmailTestReport] [   63] - Sending report mail details:
[INFO ][2016-01-19 19:14:02,117][com.java.EmailTestReport] [   80] - Excel Report Path:D:\BankersDashboard/TestReports/Test Results_BankersDashBoard_011916_191212_IE10_United Bank.xls
[INFO ][2016-01-19 19:14:02,117][com.java.EmailTestReport] [   81] - HTML Report Path:D:\BankersDashboard//TestReports//Test Results_BankersDashBoard_011916_191212_IE10_United Bank.html
[INFO ][2016-01-19 19:14:02,117][com.java.EmailTestReport] [   82] - smtpHostName:mail01.valuelabs.com
[INFO ][2016-01-19 19:14:02,117][com.java.EmailTestReport] [   83] - Recipient:venkateswararao.gubbala@valuelabs.com;
[INFO ][2016-01-19 19:14:02,117][com.java.EmailTestReport] [   84] - From:venkateswararao.gubbala@valuelabs.com;
[INFO ][2016-01-19 19:14:02,117][com.java.EmailTestReport] [   85] - Subject:Deluxe Corp Bankers Dashboard Automation Test Report - United Bank - IE10
[INFO ][2016-01-19 19:14:02,137][com.java.EmailTestReport] [  143] -  Added venkateswararao.gubbala@valuelabs.com
[INFO ][2016-01-19 19:14:05,267][com.java.SeleniumDriver] [  722] - quitting the browser 
[INFO ][2016-01-19 19:14:06,569][com.java.SeleniumDriver] [  264] - Execution Completed Stopping the thread
