[INFO ][2015-11-12 18:34:43,977][com.java.SeleniumDriver] [  213] - Execute Failed Casesfalse
[INFO ][2015-11-12 18:34:43,977][com.java.SeleniumDriver] [  214] - Browser: IE11
[INFO ][2015-11-12 18:34:43,977][com.java.SeleniumDriver] [  215] - [1, 4]
[INFO ][2015-11-12 18:34:43,977][com.java.SeleniumDriver] [  216] - Total TestCases:2
[INFO ][2015-11-12 18:34:43,977][com.java.SeleniumDriver] [  217] -  Reading Properties from Property File 
[DEBUG][2015-11-12 18:34:43,977][com.java.SeleniumDriver] [  238] - url : https://clients-xuat.bankersdashboard.com
[INFO ][2015-11-12 18:34:43,977][com.java.ImportnExport.ExportTestResultsExcel] [  116] - Time Stamp Thu Nov 12 06:34:43 IST 2015
[INFO ][2015-11-12 18:34:43,977][com.java.ImportnExport.ExportTestResultsExcel] [  175] - OUT FILE : D:\BankersDashboard/TestReports/Test Results_BankersDashBoard_111215_183443_IE11_Any Bank USA.xls
[INFO ][2015-11-12 18:34:44,008][com.java.ImportnExport.ExportTestResultsExcel] [  180] - Test Result file is created
[DEBUG][2015-11-12 18:34:44,108][com.java.SeleniumDriver] [  425] - Hub ip address is-------172.17.68.34
[INFO ][2015-11-12 18:34:44,108][com.java.SeleniumDriver] [  451] - Grid URL:http://172.17.68.34:4444/wd/hub
[INFO ][2015-11-12 18:34:44,108][com.java.SeleniumDriver] [  452] - Capability:Capabilities [{platform=ANY, ensureCleanSession=true, ignoreProtectedModeSettings=true, acceptSslCerts=true, ignoreZoomSetting=true, browserName=internet explorer, browserstack.ie.noFlash=true, version=Node1}]
[ERROR][2015-11-12 18:34:45,398][com.java.SeleniumDriver] [  496] - Unable invoke browser in grid:Could not start a new session. Possible causes are invalid address of the remote server or browser start-up failure.
Build info: version: '2.48.2', revision: '41bccdd', time: '2015-10-09 19:59:12'
System info: host: 'FVTIII438F1D', ip: '172.17.68.34', os.name: 'Windows 7', os.arch: 'x86', os.version: '6.1', java.version: '1.7.0_55'
Driver info: driver.version: SeleniumDriver
[INFO ][2015-11-12 18:34:45,398][com.java.SeleniumDriver] [  498] - Executing on local machine
[INFO ][2015-11-12 18:34:54,863][com.java.SeleniumDriver] [  248] - IE11is opened
[INFO ][2015-11-12 18:34:55,488][com.java.SeleniumDriver] [  753] - Test cases to be executed are: [1, 4]
[INFO ][2015-11-12 18:34:55,489][com.java.ImportnExport.ImportTestDataDetailsExcel] [   49] - test data details path===== D:\BankersDashboard\TestInputs\TestData.xls
[INFO ][2015-11-12 18:34:55,549][com.java.SeleniumDriver] [  796] - ------------------------------------------
[INFO ][2015-11-12 18:34:55,549][com.java.SeleniumDriver] [  797] - Test case being Executed: 1
[INFO ][2015-11-12 18:34:55,549][com.java.SeleniumDriver] [  808] - Test step:1
[INFO ][2015-11-12 18:34:55,549][com.java.SeleniumDriver] [  820] - Datavalue is----------Concept#1:1-14
[INFO ][2015-11-12 18:34:55,549][com.java.SeleniumDriver] [  844] - DataField : test
[INFO ][2015-11-12 18:34:55,549][com.java.SeleniumDriver] [  846] - DataValue : Concept#1:1-14
[INFO ][2015-11-12 18:34:55,549][com.java.SeleniumDriver] [  852] - <In Set values of the page>
[INFO ][2015-11-12 18:34:55,549][com.java.SeleniumDriver] [  855] - {Data Fields & Data Values Exist}
[INFO ][2015-11-12 18:34:55,549][com.java.SeleniumDriver] [  857] - --------------------------setting values-----------------------------
[INFO ][2015-11-12 18:34:55,549][com.java.SeleniumDriver] [  860] - Action Type : ExecuteTestCase
[INFO ][2015-11-12 18:34:55,559][com.java.TestType] [  423] - The Concept sheet name is ---------- Concept
[INFO ][2015-11-12 18:34:55,559][com.java.TestType] [  426] - The Concept ID  is ---------- 1
[DEBUG][2015-11-12 18:34:55,559][com.java.TestType] [  430] - Steps being executted in the Concept are: 1:14
[INFO ][2015-11-12 18:34:55,559][com.java.TestType] [  437] - Test data details path ---------- D:\BankersDashboard\TestInputs\TestData.xls
[INFO ][2015-11-12 18:34:55,599][com.java.TestType] [  468] -  str(1) = 1
[INFO ][2015-11-12 18:34:55,599][com.java.TestType] [  471] - Test case Id is---1
[INFO ][2015-11-12 18:34:55,599][com.java.TestType] [  473] - 1
[INFO ][2015-11-12 18:34:55,599][com.java.TestType] [  468] -  str(2) = 1
[INFO ][2015-11-12 18:34:55,599][com.java.TestType] [  520] - row values are--------{1=com.java.Objects.TestDataDetails@1397f0a}
[INFO ][2015-11-12 18:34:55,599][com.java.TestType] [  468] -  str(1) = 1
[INFO ][2015-11-12 18:34:55,599][com.java.TestType] [  471] - Test case Id is---1
[INFO ][2015-11-12 18:34:55,599][com.java.TestType] [  473] - 1
[INFO ][2015-11-12 18:34:55,599][com.java.TestType] [  468] -  str(2) = 2
[INFO ][2015-11-12 18:34:55,599][com.java.TestType] [  520] - row values are--------{1=com.java.Objects.TestDataDetails@1397f0a, 2=com.java.Objects.TestDataDetails@1dd681b}
[INFO ][2015-11-12 18:34:55,599][com.java.TestType] [  468] -  str(1) = 1
[INFO ][2015-11-12 18:34:55,599][com.java.TestType] [  471] - Test case Id is---1
[INFO ][2015-11-12 18:34:55,599][com.java.TestType] [  473] - 1
[INFO ][2015-11-12 18:34:55,599][com.java.TestType] [  468] -  str(2) = 3
[INFO ][2015-11-12 18:34:55,599][com.java.TestType] [  520] - row values are--------{1=com.java.Objects.TestDataDetails@1397f0a, 2=com.java.Objects.TestDataDetails@1dd681b, 3=com.java.Objects.TestDataDetails@6eb67f}
[INFO ][2015-11-12 18:34:55,609][com.java.TestType] [  468] -  str(1) = 1
[INFO ][2015-11-12 18:34:55,609][com.java.TestType] [  471] - Test case Id is---1
[INFO ][2015-11-12 18:34:55,609][com.java.TestType] [  473] - 1
[INFO ][2015-11-12 18:34:55,609][com.java.TestType] [  468] -  str(2) = 4
[INFO ][2015-11-12 18:34:55,609][com.java.TestType] [  520] - row values are--------{1=com.java.Objects.TestDataDetails@1397f0a, 2=com.java.Objects.TestDataDetails@1dd681b, 3=com.java.Objects.TestDataDetails@6eb67f, 4=com.java.Objects.TestDataDetails@196e48c}
[INFO ][2015-11-12 18:34:55,609][com.java.TestType] [  468] -  str(1) = 1
[INFO ][2015-11-12 18:34:55,609][com.java.TestType] [  471] - Test case Id is---1
[INFO ][2015-11-12 18:34:55,609][com.java.TestType] [  473] - 1
[INFO ][2015-11-12 18:34:55,609][com.java.TestType] [  468] -  str(2) = 5
[INFO ][2015-11-12 18:34:55,609][com.java.TestType] [  520] - row values are--------{1=com.java.Objects.TestDataDetails@1397f0a, 2=com.java.Objects.TestDataDetails@1dd681b, 3=com.java.Objects.TestDataDetails@6eb67f, 4=com.java.Objects.TestDataDetails@196e48c, 5=com.java.Objects.TestDataDetails@13fce4d}
[INFO ][2015-11-12 18:34:55,609][com.java.TestType] [  468] -  str(1) = 1
[INFO ][2015-11-12 18:34:55,609][com.java.TestType] [  471] - Test case Id is---1
[INFO ][2015-11-12 18:34:55,609][com.java.TestType] [  473] - 1
[INFO ][2015-11-12 18:34:55,609][com.java.TestType] [  468] -  str(2) = 6
[INFO ][2015-11-12 18:34:55,609][com.java.TestType] [  520] - row values are--------{1=com.java.Objects.TestDataDetails@1397f0a, 2=com.java.Objects.TestDataDetails@1dd681b, 3=com.java.Objects.TestDataDetails@6eb67f, 4=com.java.Objects.TestDataDetails@196e48c, 5=com.java.Objects.TestDataDetails@13fce4d, 6=com.java.Objects.TestDataDetails@514cef}
[INFO ][2015-11-12 18:34:55,609][com.java.TestType] [  468] -  str(1) = 1
[INFO ][2015-11-12 18:34:55,609][com.java.TestType] [  471] - Test case Id is---1
[INFO ][2015-11-12 18:34:55,609][com.java.TestType] [  473] - 1
[INFO ][2015-11-12 18:34:55,609][com.java.TestType] [  468] -  str(2) = 7
[INFO ][2015-11-12 18:34:55,609][com.java.TestType] [  520] - row values are--------{1=com.java.Objects.TestDataDetails@1397f0a, 2=com.java.Objects.TestDataDetails@1dd681b, 3=com.java.Objects.TestDataDetails@6eb67f, 4=com.java.Objects.TestDataDetails@196e48c, 5=com.java.Objects.TestDataDetails@13fce4d, 6=com.java.Objects.TestDataDetails@514cef, 7=com.java.Objects.TestDataDetails@1da11d8}
[INFO ][2015-11-12 18:34:55,609][com.java.TestType] [  468] -  str(1) = 1
[INFO ][2015-11-12 18:34:55,609][com.java.TestType] [  471] - Test case Id is---1
[INFO ][2015-11-12 18:34:55,609][com.java.TestType] [  473] - 1
[INFO ][2015-11-12 18:34:55,609][com.java.TestType] [  468] -  str(2) = 8
[INFO ][2015-11-12 18:34:55,609][com.java.TestType] [  520] - row values are--------{1=com.java.Objects.TestDataDetails@1397f0a, 2=com.java.Objects.TestDataDetails@1dd681b, 3=com.java.Objects.TestDataDetails@6eb67f, 4=com.java.Objects.TestDataDetails@196e48c, 5=com.java.Objects.TestDataDetails@13fce4d, 6=com.java.Objects.TestDataDetails@514cef, 7=com.java.Objects.TestDataDetails@1da11d8, 8=com.java.Objects.TestDataDetails@15d2461}
[INFO ][2015-11-12 18:34:55,609][com.java.TestType] [  468] -  str(1) = 1
[INFO ][2015-11-12 18:34:55,609][com.java.TestType] [  471] - Test case Id is---1
[INFO ][2015-11-12 18:34:55,609][com.java.TestType] [  473] - 1
[INFO ][2015-11-12 18:34:55,609][com.java.TestType] [  468] -  str(2) = 9
[INFO ][2015-11-12 18:34:55,609][com.java.TestType] [  520] - row values are--------{1=com.java.Objects.TestDataDetails@1397f0a, 2=com.java.Objects.TestDataDetails@1dd681b, 3=com.java.Objects.TestDataDetails@6eb67f, 4=com.java.Objects.TestDataDetails@196e48c, 5=com.java.Objects.TestDataDetails@13fce4d, 6=com.java.Objects.TestDataDetails@514cef, 7=com.java.Objects.TestDataDetails@1da11d8, 8=com.java.Objects.TestDataDetails@15d2461, 9=com.java.Objects.TestDataDetails@27ca20}
[INFO ][2015-11-12 18:34:55,609][com.java.TestType] [  468] -  str(1) = 1
[INFO ][2015-11-12 18:34:55,609][com.java.TestType] [  471] - Test case Id is---1
[INFO ][2015-11-12 18:34:55,609][com.java.TestType] [  473] - 1
[INFO ][2015-11-12 18:34:55,609][com.java.TestType] [  468] -  str(2) = 10
[INFO ][2015-11-12 18:34:55,619][com.java.TestType] [  520] - row values are--------{1=com.java.Objects.TestDataDetails@1397f0a, 2=com.java.Objects.TestDataDetails@1dd681b, 3=com.java.Objects.TestDataDetails@6eb67f, 4=com.java.Objects.TestDataDetails@196e48c, 5=com.java.Objects.TestDataDetails@13fce4d, 6=com.java.Objects.TestDataDetails@514cef, 7=com.java.Objects.TestDataDetails@1da11d8, 8=com.java.Objects.TestDataDetails@15d2461, 9=com.java.Objects.TestDataDetails@27ca20, 10=com.java.Objects.TestDataDetails@1eba425}
[INFO ][2015-11-12 18:34:55,619][com.java.TestType] [  468] -  str(1) = 1
[INFO ][2015-11-12 18:34:55,619][com.java.TestType] [  471] - Test case Id is---1
[INFO ][2015-11-12 18:34:55,619][com.java.TestType] [  473] - 1
[INFO ][2015-11-12 18:34:55,619][com.java.TestType] [  468] -  str(2) = 11
[INFO ][2015-11-12 18:34:55,619][com.java.TestType] [  520] - row values are--------{1=com.java.Objects.TestDataDetails@1397f0a, 2=com.java.Objects.TestDataDetails@1dd681b, 3=com.java.Objects.TestDataDetails@6eb67f, 4=com.java.Objects.TestDataDetails@196e48c, 5=com.java.Objects.TestDataDetails@13fce4d, 6=com.java.Objects.TestDataDetails@514cef, 7=com.java.Objects.TestDataDetails@1da11d8, 8=com.java.Objects.TestDataDetails@15d2461, 9=com.java.Objects.TestDataDetails@27ca20, 10=com.java.Objects.TestDataDetails@1eba425, 11=com.java.Objects.TestDataDetails@1fa92be}
[INFO ][2015-11-12 18:34:55,619][com.java.TestType] [  468] -  str(1) = 1
[INFO ][2015-11-12 18:34:55,619][com.java.TestType] [  471] - Test case Id is---1
[INFO ][2015-11-12 18:34:55,619][com.java.TestType] [  473] - 1
[INFO ][2015-11-12 18:34:55,619][com.java.TestType] [  468] -  str(2) = 12
[INFO ][2015-11-12 18:34:55,619][com.java.TestType] [  520] - row values are--------{1=com.java.Objects.TestDataDetails@1397f0a, 2=com.java.Objects.TestDataDetails@1dd681b, 3=com.java.Objects.TestDataDetails@6eb67f, 4=com.java.Objects.TestDataDetails@196e48c, 5=com.java.Objects.TestDataDetails@13fce4d, 6=com.java.Objects.TestDataDetails@514cef, 7=com.java.Objects.TestDataDetails@1da11d8, 8=com.java.Objects.TestDataDetails@15d2461, 9=com.java.Objects.TestDataDetails@27ca20, 10=com.java.Objects.TestDataDetails@1eba425, 11=com.java.Objects.TestDataDetails@1fa92be, 12=com.java.Objects.TestDataDetails@ee479}
[INFO ][2015-11-12 18:34:55,619][com.java.TestType] [  468] -  str(1) = 1
[INFO ][2015-11-12 18:34:55,619][com.java.TestType] [  471] - Test case Id is---1
[INFO ][2015-11-12 18:34:55,619][com.java.TestType] [  473] - 1
[INFO ][2015-11-12 18:34:55,619][com.java.TestType] [  468] -  str(2) = 13
[INFO ][2015-11-12 18:34:55,619][com.java.TestType] [  520] - row values are--------{1=com.java.Objects.TestDataDetails@1397f0a, 2=com.java.Objects.TestDataDetails@1dd681b, 3=com.java.Objects.TestDataDetails@6eb67f, 4=com.java.Objects.TestDataDetails@196e48c, 5=com.java.Objects.TestDataDetails@13fce4d, 6=com.java.Objects.TestDataDetails@514cef, 7=com.java.Objects.TestDataDetails@1da11d8, 8=com.java.Objects.TestDataDetails@15d2461, 9=com.java.Objects.TestDataDetails@27ca20, 10=com.java.Objects.TestDataDetails@1eba425, 11=com.java.Objects.TestDataDetails@1fa92be, 12=com.java.Objects.TestDataDetails@ee479, 13=com.java.Objects.TestDataDetails@1ee6f88}
[INFO ][2015-11-12 18:34:55,619][com.java.TestType] [  468] -  str(1) = 1
[INFO ][2015-11-12 18:34:55,619][com.java.TestType] [  471] - Test case Id is---1
[INFO ][2015-11-12 18:34:55,619][com.java.TestType] [  473] - 1
[INFO ][2015-11-12 18:34:55,619][com.java.TestType] [  468] -  str(2) = 14
[INFO ][2015-11-12 18:34:55,619][com.java.TestType] [  520] - row values are--------{1=com.java.Objects.TestDataDetails@1397f0a, 2=com.java.Objects.TestDataDetails@1dd681b, 3=com.java.Objects.TestDataDetails@6eb67f, 4=com.java.Objects.TestDataDetails@196e48c, 5=com.java.Objects.TestDataDetails@13fce4d, 6=com.java.Objects.TestDataDetails@514cef, 7=com.java.Objects.TestDataDetails@1da11d8, 8=com.java.Objects.TestDataDetails@15d2461, 9=com.java.Objects.TestDataDetails@27ca20, 10=com.java.Objects.TestDataDetails@1eba425, 11=com.java.Objects.TestDataDetails@1fa92be, 12=com.java.Objects.TestDataDetails@ee479, 13=com.java.Objects.TestDataDetails@1ee6f88, 14=com.java.Objects.TestDataDetails@73f47d}
[INFO ][2015-11-12 18:34:55,619][com.java.TestType] [ 8479] - Looping 1TCID = 1
[DEBUG][2015-11-12 18:34:55,619][com.java.TestType] [ 8520] - Concept ID:1 :: Step being Executed: 1::1
[INFO ][2015-11-12 18:34:55,619][com.java.TestType] [ 8558] - dataFields : TXTusername
[DEBUG][2015-11-12 18:34:55,619][com.java.TestType] [ 8564] - <In Set values of the page>
[DEBUG][2015-11-12 18:34:55,619][com.java.TestType] [ 8569] - {Data Fields & Data Values Exist}
[INFO ][2015-11-12 18:34:55,619][com.java.TestType] [ 8575] - --------------------------setting values-----------------------------
[INFO ][2015-11-12 18:34:55,619][com.java.TestType] [ 8578] - Action Type : CLEARANDENTER
[INFO ][2015-11-12 18:34:55,619][com.java.TestType] [ 4233] - value = naresh.nayini.00000
[INFO ][2015-11-12 18:35:00,466][com.java.TestType] [ 8597] -  RESULT true
[INFO ][2015-11-12 18:35:00,466][com.java.TestType] [ 8714] - ?   P A S S   ?
[DEBUG][2015-11-12 18:35:00,466][com.java.TestType] [ 8520] - Concept ID:1 :: Step being Executed: 1::2
[INFO ][2015-11-12 18:35:00,466][com.java.TestType] [ 8558] - dataFields : TXTpassword
[DEBUG][2015-11-12 18:35:00,466][com.java.TestType] [ 8564] - <In Set values of the page>
[DEBUG][2015-11-12 18:35:00,466][com.java.TestType] [ 8569] - {Data Fields & Data Values Exist}
[INFO ][2015-11-12 18:35:00,466][com.java.TestType] [ 8575] - --------------------------setting values-----------------------------
[INFO ][2015-11-12 18:35:00,466][com.java.TestType] [ 8578] - Action Type : CLEARANDENTER
[INFO ][2015-11-12 18:35:00,466][com.java.TestType] [ 4233] - value = Password1*
[INFO ][2015-11-12 18:35:05,423][com.java.TestType] [ 8597] -  RESULT true
[INFO ][2015-11-12 18:35:05,423][com.java.TestType] [ 8714] - ?   P A S S   ?
[DEBUG][2015-11-12 18:35:05,423][com.java.TestType] [ 8520] - Concept ID:1 :: Step being Executed: 1::3
[ERROR][2015-11-12 18:35:05,423][com.java.TestType] [ 8553] - Exception: null
[INFO ][2015-11-12 18:35:05,423][com.java.TestType] [ 8558] - dataFields : XPH//button[@type='submit']
[DEBUG][2015-11-12 18:35:05,423][com.java.TestType] [ 8564] - <In Set values of the page>
[DEBUG][2015-11-12 18:35:05,423][com.java.TestType] [ 8569] - {Data Fields & Data Values Exist}
[INFO ][2015-11-12 18:35:05,423][com.java.TestType] [ 8575] - --------------------------setting values-----------------------------
[INFO ][2015-11-12 18:35:05,423][com.java.TestType] [ 8578] - Action Type : Click
[INFO ][2015-11-12 18:35:05,423][com.java.TestType] [ 4546] - Field ::XPH//button[@type='submit']
[INFO ][2015-11-12 18:35:06,423][com.java.TestType] [ 4605] - BEFORE CLICK
[INFO ][2015-11-12 18:35:16,053][com.java.TestType] [ 4613] - Unable to click the object Login
[INFO ][2015-11-12 18:35:16,053][com.java.TestType] [ 8597] -  RESULT true
[INFO ][2015-11-12 18:35:16,053][com.java.TestType] [ 8714] - ?   P A S S   ?
[DEBUG][2015-11-12 18:35:16,053][com.java.TestType] [ 8520] - Concept ID:1 :: Step being Executed: 1::4
[INFO ][2015-11-12 18:35:16,053][com.java.TestType] [ 8558] - dataFields : LNKLogout
[DEBUG][2015-11-12 18:35:16,053][com.java.TestType] [ 8564] - <In Set values of the page>
[DEBUG][2015-11-12 18:35:16,053][com.java.TestType] [ 8569] - {Data Fields & Data Values Exist}
[INFO ][2015-11-12 18:35:16,053][com.java.TestType] [ 8575] - --------------------------setting values-----------------------------
[INFO ][2015-11-12 18:35:16,053][com.java.TestType] [ 8578] - Action Type : WaitForElement
[INFO ][2015-11-12 18:35:16,084][com.java.TestType] [ 8597] -  RESULT true
[INFO ][2015-11-12 18:35:16,084][com.java.TestType] [ 8714] - ?   P A S S   ?
[DEBUG][2015-11-12 18:35:16,084][com.java.TestType] [ 8520] - Concept ID:1 :: Step being Executed: 1::13
[INFO ][2015-11-12 18:35:16,084][com.java.TestType] [ 8558] - dataFields : LNK
[DEBUG][2015-11-12 18:35:16,084][com.java.TestType] [ 8564] - <In Set values of the page>
[DEBUG][2015-11-12 18:35:16,084][com.java.TestType] [ 8569] - {Data Fields & Data Values Exist}
[INFO ][2015-11-12 18:35:16,084][com.java.TestType] [ 8575] - --------------------------setting values-----------------------------
[INFO ][2015-11-12 18:35:16,084][com.java.TestType] [ 8578] - Action Type : Verify
[INFO ][2015-11-12 18:35:16,084][com.java.TestType] [ 5340] - field= LNK value= Logout
[INFO ][2015-11-12 18:35:16,084][com.java.TestType] [ 4233] - value = Logout
[INFO ][2015-11-12 18:35:16,124][com.java.TestType] [ 8597] -  RESULT true
[INFO ][2015-11-12 18:35:16,124][com.java.TestType] [ 8714] - ?   P A S S   ?
[DEBUG][2015-11-12 18:35:16,124][com.java.TestType] [ 8520] - Concept ID:1 :: Step being Executed: 1::14
[INFO ][2015-11-12 18:35:16,124][com.java.TestType] [ 8558] - dataFields : BTN
[DEBUG][2015-11-12 18:35:16,124][com.java.TestType] [ 8564] - <In Set values of the page>
[DEBUG][2015-11-12 18:35:16,124][com.java.TestType] [ 8569] - {Data Fields & Data Values Exist}
[INFO ][2015-11-12 18:35:16,124][com.java.TestType] [ 8575] - --------------------------setting values-----------------------------
[INFO ][2015-11-12 18:35:16,124][com.java.TestType] [ 8578] - Action Type : Verify
[INFO ][2015-11-12 18:35:16,124][com.java.TestType] [ 5340] - field= BTN value= //img[contains(@src,'bdlogo.jpg')]
[INFO ][2015-11-12 18:35:16,124][com.java.TestType] [ 4233] - value = //img[contains(@src,'bdlogo.jpg')]
[INFO ][2015-11-12 18:35:16,164][com.java.TestType] [ 8597] -  RESULT true
[INFO ][2015-11-12 18:35:16,164][com.java.TestType] [ 8714] - ?   P A S S   ?
[INFO ][2015-11-12 18:35:16,164][com.java.TestType] [ 8785] - Looping End......
[INFO ][2015-11-12 18:35:16,164][com.java.SeleniumDriver] [  869] -  RESULT true
[INFO ][2015-11-12 18:35:16,164][com.java.SeleniumDriver] [ 1074] - ?   P A S S   ?
[INFO ][2015-11-12 18:35:16,164][com.java.SeleniumDriver] [  796] - ------------------------------------------
[INFO ][2015-11-12 18:35:16,164][com.java.SeleniumDriver] [  797] - Test case being Executed: 1
[INFO ][2015-11-12 18:35:16,164][com.java.SeleniumDriver] [  808] - Test step:2
[INFO ][2015-11-12 18:35:16,164][com.java.SeleniumDriver] [  820] - Datavalue is----------Concept#2:1-2
[INFO ][2015-11-12 18:35:16,164][com.java.SeleniumDriver] [  844] - DataField : test
[INFO ][2015-11-12 18:35:16,164][com.java.SeleniumDriver] [  846] - DataValue : Concept#2:1-2
[INFO ][2015-11-12 18:35:16,164][com.java.SeleniumDriver] [  852] - <In Set values of the page>
[INFO ][2015-11-12 18:35:16,164][com.java.SeleniumDriver] [  855] - {Data Fields & Data Values Exist}
[INFO ][2015-11-12 18:35:16,164][com.java.SeleniumDriver] [  857] - --------------------------setting values-----------------------------
[INFO ][2015-11-12 18:35:16,164][com.java.SeleniumDriver] [  860] - Action Type : ExecuteTestCase
[INFO ][2015-11-12 18:35:16,164][com.java.TestType] [  423] - The Concept sheet name is ---------- Concept
[INFO ][2015-11-12 18:35:16,164][com.java.TestType] [  426] - The Concept ID  is ---------- 2
[DEBUG][2015-11-12 18:35:16,164][com.java.TestType] [  430] - Steps being executted in the Concept are: 1:2
[INFO ][2015-11-12 18:35:16,164][com.java.TestType] [  437] - Test data details path ---------- D:\BankersDashboard\TestInputs\TestData.xls
[INFO ][2015-11-12 18:35:16,194][com.java.TestType] [  468] -  str(1) = 2
[INFO ][2015-11-12 18:35:16,194][com.java.TestType] [  471] - Test case Id is---2
[INFO ][2015-11-12 18:35:16,194][com.java.TestType] [  473] - 2
[INFO ][2015-11-12 18:35:16,194][com.java.TestType] [  468] -  str(2) = 1
[INFO ][2015-11-12 18:35:16,194][com.java.TestType] [  520] - row values are--------{1=com.java.Objects.TestDataDetails@19fa017}
[INFO ][2015-11-12 18:35:16,194][com.java.TestType] [  468] -  str(1) = 2
[INFO ][2015-11-12 18:35:16,194][com.java.TestType] [  471] - Test case Id is---2
[INFO ][2015-11-12 18:35:16,194][com.java.TestType] [  473] - 2
[INFO ][2015-11-12 18:35:16,194][com.java.TestType] [  468] -  str(2) = 2
[INFO ][2015-11-12 18:35:16,194][com.java.TestType] [  520] - row values are--------{1=com.java.Objects.TestDataDetails@19fa017, 2=com.java.Objects.TestDataDetails@431f96}
[INFO ][2015-11-12 18:35:16,194][com.java.TestType] [  468] -  str(1) = 2
[INFO ][2015-11-12 18:35:16,194][com.java.TestType] [  471] - Test case Id is---2
[INFO ][2015-11-12 18:35:16,194][com.java.TestType] [  473] - 2
[INFO ][2015-11-12 18:35:16,194][com.java.TestType] [  468] -  str(2) = 3
[INFO ][2015-11-12 18:35:16,194][com.java.TestType] [  520] - row values are--------{1=com.java.Objects.TestDataDetails@19fa017, 2=com.java.Objects.TestDataDetails@431f96, 3=com.java.Objects.TestDataDetails@7c6daa}
[INFO ][2015-11-12 18:35:16,194][com.java.TestType] [ 8479] - Looping 1TCID = 2
[DEBUG][2015-11-12 18:35:16,194][com.java.TestType] [ 8520] - Concept ID:2 :: Step being Executed: 2::1
[INFO ][2015-11-12 18:35:16,194][com.java.TestType] [ 8558] - dataFields : BNK//select[@id='bank']
[DEBUG][2015-11-12 18:35:16,194][com.java.TestType] [ 8564] - <In Set values of the page>
[DEBUG][2015-11-12 18:35:16,194][com.java.TestType] [ 8569] - {Data Fields & Data Values Exist}
[INFO ][2015-11-12 18:35:16,194][com.java.TestType] [ 8575] - --------------------------setting values-----------------------------
[INFO ][2015-11-12 18:35:16,194][com.java.TestType] [ 8578] - Action Type : Select
[INFO ][2015-11-12 18:35:16,194][com.java.TestType] [ 4233] - value = PFC
[INFO ][2015-11-12 18:35:16,394][com.java.TestType] [ 8597] -  RESULT true
[INFO ][2015-11-12 18:35:16,394][com.java.TestType] [ 8714] - ?   P A S S   ?
[DEBUG][2015-11-12 18:35:16,394][com.java.TestType] [ 8520] - Concept ID:2 :: Step being Executed: 2::2
[INFO ][2015-11-12 18:35:16,394][com.java.TestType] [ 8558] - dataFields : LNKLogout
[DEBUG][2015-11-12 18:35:16,394][com.java.TestType] [ 8564] - <In Set values of the page>
[DEBUG][2015-11-12 18:35:16,394][com.java.TestType] [ 8569] - {Data Fields & Data Values Exist}
[INFO ][2015-11-12 18:35:16,394][com.java.TestType] [ 8575] - --------------------------setting values-----------------------------
[INFO ][2015-11-12 18:35:16,394][com.java.TestType] [ 8578] - Action Type : WaitTime
[DEBUG][2015-11-12 18:35:16,394][com.java.TestType] [ 4068] - sleepTime: 5000
[INFO ][2015-11-12 18:35:21,397][com.java.TestType] [ 8597] -  RESULT true
[INFO ][2015-11-12 18:35:21,397][com.java.TestType] [ 8714] - ?   P A S S   ?
[INFO ][2015-11-12 18:35:21,397][com.java.TestType] [ 8785] - Looping End......
[INFO ][2015-11-12 18:35:21,397][com.java.SeleniumDriver] [  869] -  RESULT true
[INFO ][2015-11-12 18:35:21,397][com.java.SeleniumDriver] [ 1074] - ?   P A S S   ?
[INFO ][2015-11-12 18:35:21,397][com.java.SeleniumDriver] [  796] - ------------------------------------------
[INFO ][2015-11-12 18:35:21,397][com.java.SeleniumDriver] [  797] - Test case being Executed: 1
[INFO ][2015-11-12 18:35:21,397][com.java.SeleniumDriver] [  808] - Test step:3
[INFO ][2015-11-12 18:35:21,397][com.java.SeleniumDriver] [  820] - Datavalue is----------2
[INFO ][2015-11-12 18:35:21,397][com.java.SeleniumDriver] [  844] - DataField : XPH//button[contains(text(),'Add Content')]
[INFO ][2015-11-12 18:35:21,397][com.java.SeleniumDriver] [  846] - DataValue : 2
[INFO ][2015-11-12 18:35:21,397][com.java.SeleniumDriver] [  852] - <In Set values of the page>
[INFO ][2015-11-12 18:35:21,397][com.java.SeleniumDriver] [  855] - {Data Fields & Data Values Exist}
[INFO ][2015-11-12 18:35:21,397][com.java.SeleniumDriver] [  857] - --------------------------setting values-----------------------------
[INFO ][2015-11-12 18:35:21,397][com.java.SeleniumDriver] [  860] - Action Type : WAITFORELEMENT
[INFO ][2015-11-12 18:35:21,428][com.java.SeleniumDriver] [  869] -  RESULT true
[INFO ][2015-11-12 18:35:21,428][com.java.SeleniumDriver] [ 1074] - ?   P A S S   ?
[DEBUG][2015-11-12 18:35:21,428][com.java.SeleniumDriver] [ 1176] - Case found
[DEBUG][2015-11-12 18:35:21,428][com.java.SeleniumDriver] [ 1181] - Incrementing ReportCounters[0]:1
[INFO ][2015-11-12 18:35:21,428][com.java.SeleniumDriver] [ 1200] - The results are-------------------[1, 1, Valid Login, Pass, , Thu Nov 12 18:35:16 IST 2015, 1, 2, Valid Login, Pass, , Thu Nov 12 18:35:21 IST 2015, 1, 3, Valid Login, Pass, , Thu Nov 12 18:35:21 IST 2015]
[INFO ][2015-11-12 18:35:21,428][com.java.SeleniumDriver] [ 1204] - End time is-------39 sec
[INFO ][2015-11-12 18:35:21,428][com.java.SeleniumDriver] [ 1205] - The results are-------------------[1, 1, Valid Login, Pass, , Thu Nov 12 18:35:16 IST 2015, 1, 2, Valid Login, Pass, , Thu Nov 12 18:35:21 IST 2015, 1, 3, Valid Login, Pass, , Thu Nov 12 18:35:21 IST 2015]
[DEBUG][2015-11-12 18:35:21,428][com.java.ImportnExport.ExportTestResultsExcel] [  222] - testResultPath = D:\BankersDashboard/TestReports/Test Results_BankersDashBoard_111215_183443_IE11_Any Bank USA.xls
[DEBUG][2015-11-12 18:35:21,428][com.java.ImportnExport.ExportTestResultsExcel] [  223] - browser is------------IE11
[DEBUG][2015-11-12 18:35:21,468][com.java.ImportnExport.ExportTestResultsExcel] [  270] - result.size() = 18
[DEBUG][2015-11-12 18:35:21,468][com.java.ImportnExport.ExportTestResultsExcel] [  274] - No of rows in sheet=1
[DEBUG][2015-11-12 18:35:21,468][com.java.ImportnExport.ExportTestResultsExcel] [  301] - ..in export..1
[DEBUG][2015-11-12 18:35:21,468][com.java.ImportnExport.ExportTestResultsExcel] [  301] - ..in export..Valid Login
[DEBUG][2015-11-12 18:35:21,468][com.java.ImportnExport.ExportTestResultsExcel] [  301] - ..in export..Pass
[DEBUG][2015-11-12 18:35:21,468][com.java.ImportnExport.ExportTestResultsExcel] [  301] - ..in export..
[DEBUG][2015-11-12 18:35:21,468][com.java.ImportnExport.ExportTestResultsExcel] [  301] - ..in export..Thu Nov 12 18:35:16 IST 2015
[INFO ][2015-11-12 18:35:21,468][com.java.SeleniumDriver] [ 1263] - out loop:0 size:2 TestCases:[1, 4] testcases:[1, 4]
[INFO ][2015-11-12 18:35:21,468][com.java.ImportnExport.ImportTestDataDetailsExcel] [   49] - test data details path===== D:\BankersDashboard\TestInputs\TestData.xls
[INFO ][2015-11-12 18:35:43,579][com.java.SeleniumDriver] [  796] - ------------------------------------------
[INFO ][2015-11-12 18:35:43,579][com.java.SeleniumDriver] [  797] - Test case being Executed: 4
[INFO ][2015-11-12 18:35:43,579][com.java.SeleniumDriver] [  808] - Test step:1
[INFO ][2015-11-12 18:35:43,579][com.java.SeleniumDriver] [  820] - Datavalue is----------Logout
[INFO ][2015-11-12 18:35:43,579][com.java.SeleniumDriver] [  844] - DataField : BTN
[INFO ][2015-11-12 18:35:43,579][com.java.SeleniumDriver] [  846] - DataValue : Logout
[INFO ][2015-11-12 18:35:43,579][com.java.SeleniumDriver] [  852] - <In Set values of the page>
[INFO ][2015-11-12 18:35:43,579][com.java.SeleniumDriver] [  855] - {Data Fields & Data Values Exist}
[INFO ][2015-11-12 18:35:43,579][com.java.SeleniumDriver] [  857] - --------------------------setting values-----------------------------
[INFO ][2015-11-12 18:35:43,579][com.java.SeleniumDriver] [  860] - Action Type : Verify
[INFO ][2015-11-12 18:35:43,579][com.java.TestType] [ 5340] - field= BTN value= Logout
[INFO ][2015-11-12 18:35:43,579][com.java.TestType] [ 4233] - value = Logout
[INFO ][2015-11-12 18:35:43,610][com.java.SeleniumDriver] [  869] -  RESULT true
[INFO ][2015-11-12 18:35:43,610][com.java.SeleniumDriver] [ 1074] - ?   P A S S   ?
[INFO ][2015-11-12 18:35:43,610][com.java.SeleniumDriver] [ 1116] - step change to 3
[INFO ][2015-11-12 18:35:43,610][com.java.SeleniumDriver] [  796] - ------------------------------------------
[INFO ][2015-11-12 18:35:43,610][com.java.SeleniumDriver] [  797] - Test case being Executed: 4
[INFO ][2015-11-12 18:35:43,610][com.java.SeleniumDriver] [  808] - Test step:3
[INFO ][2015-11-12 18:35:43,610][com.java.SeleniumDriver] [  820] - Datavalue is----------Concept#2:1-2
[INFO ][2015-11-12 18:35:43,610][com.java.SeleniumDriver] [  844] - DataField : test
[INFO ][2015-11-12 18:35:43,610][com.java.SeleniumDriver] [  846] - DataValue : Concept#2:1-2
[INFO ][2015-11-12 18:35:43,610][com.java.SeleniumDriver] [  852] - <In Set values of the page>
[INFO ][2015-11-12 18:35:43,610][com.java.SeleniumDriver] [  855] - {Data Fields & Data Values Exist}
[INFO ][2015-11-12 18:35:43,610][com.java.SeleniumDriver] [  857] - --------------------------setting values-----------------------------
[INFO ][2015-11-12 18:35:43,610][com.java.SeleniumDriver] [  860] - Action Type : ExecuteTestCase
[INFO ][2015-11-12 18:35:43,610][com.java.TestType] [  423] - The Concept sheet name is ---------- Concept
[INFO ][2015-11-12 18:35:43,610][com.java.TestType] [  426] - The Concept ID  is ---------- 2
[DEBUG][2015-11-12 18:35:43,610][com.java.TestType] [  430] - Steps being executted in the Concept are: 1:2
[INFO ][2015-11-12 18:35:43,610][com.java.TestType] [  437] - Test data details path ---------- D:\BankersDashboard\TestInputs\TestData.xls
[INFO ][2015-11-12 18:35:43,640][com.java.TestType] [  468] -  str(1) = 2
[INFO ][2015-11-12 18:35:43,640][com.java.TestType] [  471] - Test case Id is---2
[INFO ][2015-11-12 18:35:43,640][com.java.TestType] [  473] - 2
[INFO ][2015-11-12 18:35:43,640][com.java.TestType] [  468] -  str(2) = 1
[INFO ][2015-11-12 18:35:43,640][com.java.TestType] [  520] - row values are--------{1=com.java.Objects.TestDataDetails@1afc6d2}
[INFO ][2015-11-12 18:35:43,640][com.java.TestType] [  468] -  str(1) = 2
[INFO ][2015-11-12 18:35:43,640][com.java.TestType] [  471] - Test case Id is---2
[INFO ][2015-11-12 18:35:43,640][com.java.TestType] [  473] - 2
[INFO ][2015-11-12 18:35:43,640][com.java.TestType] [  468] -  str(2) = 2
[INFO ][2015-11-12 18:35:43,640][com.java.TestType] [  520] - row values are--------{1=com.java.Objects.TestDataDetails@1afc6d2, 2=com.java.Objects.TestDataDetails@18f0de2}
[INFO ][2015-11-12 18:35:43,640][com.java.TestType] [  468] -  str(1) = 2
[INFO ][2015-11-12 18:35:43,640][com.java.TestType] [  471] - Test case Id is---2
[INFO ][2015-11-12 18:35:43,640][com.java.TestType] [  473] - 2
[INFO ][2015-11-12 18:35:43,640][com.java.TestType] [  468] -  str(2) = 3
[INFO ][2015-11-12 18:35:43,640][com.java.TestType] [  520] - row values are--------{1=com.java.Objects.TestDataDetails@1afc6d2, 2=com.java.Objects.TestDataDetails@18f0de2, 3=com.java.Objects.TestDataDetails@169360f}
[INFO ][2015-11-12 18:35:43,640][com.java.TestType] [ 8479] - Looping 1TCID = 2
[DEBUG][2015-11-12 18:35:43,640][com.java.TestType] [ 8520] - Concept ID:2 :: Step being Executed: 2::1
[INFO ][2015-11-12 18:35:43,640][com.java.TestType] [ 8558] - dataFields : BNK//select[@id='bank']
[DEBUG][2015-11-12 18:35:43,640][com.java.TestType] [ 8564] - <In Set values of the page>
[DEBUG][2015-11-12 18:35:43,640][com.java.TestType] [ 8569] - {Data Fields & Data Values Exist}
[INFO ][2015-11-12 18:35:43,640][com.java.TestType] [ 8575] - --------------------------setting values-----------------------------
[INFO ][2015-11-12 18:35:43,640][com.java.TestType] [ 8578] - Action Type : Select
[INFO ][2015-11-12 18:35:43,640][com.java.TestType] [ 4233] - value = PFC
[INFO ][2015-11-12 18:35:43,840][com.java.TestType] [ 8597] -  RESULT true
[INFO ][2015-11-12 18:35:43,840][com.java.TestType] [ 8714] - ?   P A S S   ?
[DEBUG][2015-11-12 18:35:43,840][com.java.TestType] [ 8520] - Concept ID:2 :: Step being Executed: 2::2
[INFO ][2015-11-12 18:35:43,840][com.java.TestType] [ 8558] - dataFields : LNKLogout
[DEBUG][2015-11-12 18:35:43,840][com.java.TestType] [ 8564] - <In Set values of the page>
[DEBUG][2015-11-12 18:35:43,840][com.java.TestType] [ 8569] - {Data Fields & Data Values Exist}
[INFO ][2015-11-12 18:35:43,840][com.java.TestType] [ 8575] - --------------------------setting values-----------------------------
[INFO ][2015-11-12 18:35:43,840][com.java.TestType] [ 8578] - Action Type : WaitTime
[DEBUG][2015-11-12 18:35:43,840][com.java.TestType] [ 4068] - sleepTime: 5000
[INFO ][2015-11-12 18:35:48,840][com.java.TestType] [ 8597] -  RESULT true
[INFO ][2015-11-12 18:35:48,840][com.java.TestType] [ 8714] - ?   P A S S   ?
[INFO ][2015-11-12 18:35:48,840][com.java.TestType] [ 8785] - Looping End......
[INFO ][2015-11-12 18:35:48,840][com.java.SeleniumDriver] [  869] -  RESULT true
[INFO ][2015-11-12 18:35:48,840][com.java.SeleniumDriver] [ 1074] - ?   P A S S   ?
[INFO ][2015-11-12 18:35:48,840][com.java.SeleniumDriver] [  796] - ------------------------------------------
[INFO ][2015-11-12 18:35:48,840][com.java.SeleniumDriver] [  797] - Test case being Executed: 4
[INFO ][2015-11-12 18:35:48,840][com.java.SeleniumDriver] [  808] - Test step:4
[INFO ][2015-11-12 18:35:48,840][com.java.SeleniumDriver] [  820] - Datavalue is----------2
[INFO ][2015-11-12 18:35:48,840][com.java.SeleniumDriver] [  844] - DataField : BTNG/L
[INFO ][2015-11-12 18:35:48,840][com.java.SeleniumDriver] [  846] - DataValue : 2
[INFO ][2015-11-12 18:35:48,840][com.java.SeleniumDriver] [  852] - <In Set values of the page>
[INFO ][2015-11-12 18:35:48,840][com.java.SeleniumDriver] [  855] - {Data Fields & Data Values Exist}
[INFO ][2015-11-12 18:35:48,840][com.java.SeleniumDriver] [  857] - --------------------------setting values-----------------------------
[INFO ][2015-11-12 18:35:48,840][com.java.SeleniumDriver] [  860] - Action Type : WAITFORELEMENT
[INFO ][2015-11-12 18:35:48,891][com.java.SeleniumDriver] [  869] -  RESULT true
[INFO ][2015-11-12 18:35:48,891][com.java.SeleniumDriver] [ 1074] - ?   P A S S   ?
[INFO ][2015-11-12 18:35:48,891][com.java.SeleniumDriver] [  796] - ------------------------------------------
[INFO ][2015-11-12 18:35:48,891][com.java.SeleniumDriver] [  797] - Test case being Executed: 4
[INFO ][2015-11-12 18:35:48,891][com.java.SeleniumDriver] [  808] - Test step:5
[INFO ][2015-11-12 18:35:48,891][com.java.SeleniumDriver] [  820] - Datavalue is----------null
[DEBUG][2015-11-12 18:35:48,891][com.java.SeleniumDriver] [  838] - Exception: null
[INFO ][2015-11-12 18:35:48,891][com.java.SeleniumDriver] [  844] - DataField : //span[@class="icon-coin"]&&//a[text()='Summaries']&&//a[@data-id="HistoricalExecutive"]
[INFO ][2015-11-12 18:35:48,891][com.java.SeleniumDriver] [  846] - DataValue : 
[INFO ][2015-11-12 18:35:48,891][com.java.SeleniumDriver] [  852] - <In Set values of the page>
[INFO ][2015-11-12 18:35:48,891][com.java.SeleniumDriver] [  855] - {Data Fields & Data Values Exist}
[INFO ][2015-11-12 18:35:48,891][com.java.SeleniumDriver] [  857] - --------------------------setting values-----------------------------
[INFO ][2015-11-12 18:35:48,891][com.java.SeleniumDriver] [  860] - Action Type : MOUSEOVER
[INFO ][2015-11-12 18:36:20,616][com.java.SeleniumDriver] [  869] -  RESULT true
[INFO ][2015-11-12 18:36:20,616][com.java.SeleniumDriver] [ 1074] - ?   P A S S   ?
[INFO ][2015-11-12 18:36:20,616][com.java.SeleniumDriver] [  796] - ------------------------------------------
[INFO ][2015-11-12 18:36:20,616][com.java.SeleniumDriver] [  797] - Test case being Executed: 4
[INFO ][2015-11-12 18:36:20,616][com.java.SeleniumDriver] [  808] - Test step:6
[INFO ][2015-11-12 18:36:20,616][com.java.SeleniumDriver] [  820] - Datavalue is----------3
[INFO ][2015-11-12 18:36:20,616][com.java.SeleniumDriver] [  844] - DataField : XPH//span[contains(text(),'Show Report')]
[INFO ][2015-11-12 18:36:20,616][com.java.SeleniumDriver] [  846] - DataValue : 3
[INFO ][2015-11-12 18:36:20,616][com.java.SeleniumDriver] [  852] - <In Set values of the page>
[INFO ][2015-11-12 18:36:20,616][com.java.SeleniumDriver] [  855] - {Data Fields & Data Values Exist}
[INFO ][2015-11-12 18:36:20,616][com.java.SeleniumDriver] [  857] - --------------------------setting values-----------------------------
[INFO ][2015-11-12 18:36:20,616][com.java.SeleniumDriver] [  860] - Action Type : WAITFORELEMENT
[INFO ][2015-11-12 18:36:20,647][com.java.SeleniumDriver] [  869] -  RESULT true
[INFO ][2015-11-12 18:36:20,647][com.java.SeleniumDriver] [ 1074] - ?   P A S S   ?
[INFO ][2015-11-12 18:36:20,647][com.java.SeleniumDriver] [  796] - ------------------------------------------
[INFO ][2015-11-12 18:36:20,647][com.java.SeleniumDriver] [  797] - Test case being Executed: 4
[INFO ][2015-11-12 18:36:20,647][com.java.SeleniumDriver] [  808] - Test step:7
[INFO ][2015-11-12 18:36:20,647][com.java.SeleniumDriver] [  820] - Datavalue is----------3
[INFO ][2015-11-12 18:36:20,647][com.java.SeleniumDriver] [  844] - DataField : BTNframeDialogContent
[INFO ][2015-11-12 18:36:20,647][com.java.SeleniumDriver] [  846] - DataValue : 3
[INFO ][2015-11-12 18:36:20,647][com.java.SeleniumDriver] [  852] - <In Set values of the page>
[INFO ][2015-11-12 18:36:20,647][com.java.SeleniumDriver] [  855] - {Data Fields & Data Values Exist}
[INFO ][2015-11-12 18:36:20,647][com.java.SeleniumDriver] [  857] - --------------------------setting values-----------------------------
[INFO ][2015-11-12 18:36:20,647][com.java.SeleniumDriver] [  860] - Action Type : WAITFORELEMENT
[INFO ][2015-11-12 18:36:21,847][com.java.SeleniumDriver] [  869] -  RESULT true
[INFO ][2015-11-12 18:36:21,847][com.java.SeleniumDriver] [ 1074] - ?   P A S S   ?
[INFO ][2015-11-12 18:36:21,847][com.java.SeleniumDriver] [  796] - ------------------------------------------
[INFO ][2015-11-12 18:36:21,847][com.java.SeleniumDriver] [  797] - Test case being Executed: 4
[INFO ][2015-11-12 18:36:21,847][com.java.SeleniumDriver] [  808] - Test step:8
[INFO ][2015-11-12 18:36:21,847][com.java.SeleniumDriver] [  820] - Datavalue is----------executive summary (12 mos.)
[INFO ][2015-11-12 18:36:21,847][com.java.SeleniumDriver] [  844] - DataField : XPH//div[contains(@class,'ui-dialog-titlebar')]/span[@class="ui-dialog-title"]
[INFO ][2015-11-12 18:36:21,847][com.java.SeleniumDriver] [  846] - DataValue : executive summary (12 mos.)
[INFO ][2015-11-12 18:36:21,847][com.java.SeleniumDriver] [  852] - <In Set values of the page>
[INFO ][2015-11-12 18:36:21,847][com.java.SeleniumDriver] [  855] - {Data Fields & Data Values Exist}
[INFO ][2015-11-12 18:36:21,847][com.java.SeleniumDriver] [  857] - --------------------------setting values-----------------------------
[INFO ][2015-11-12 18:36:21,847][com.java.SeleniumDriver] [  860] - Action Type : VERIFY
[INFO ][2015-11-12 18:36:21,847][com.java.TestType] [ 5340] - field= XPH//div[contains(@class,'ui-dialog-titlebar')]/span[@class="ui-dialog-title"] value= executive summary (12 mos.)
[INFO ][2015-11-12 18:36:21,847][com.java.TestType] [ 4233] - value = executive summary (12 mos.)
[INFO ][2015-11-12 18:36:21,988][com.java.SeleniumDriver] [  869] -  RESULT true
[INFO ][2015-11-12 18:36:21,988][com.java.SeleniumDriver] [ 1074] - ?   P A S S   ?
[INFO ][2015-11-12 18:36:21,988][com.java.SeleniumDriver] [  796] - ------------------------------------------
[INFO ][2015-11-12 18:36:21,988][com.java.SeleniumDriver] [  797] - Test case being Executed: 4
[INFO ][2015-11-12 18:36:21,988][com.java.SeleniumDriver] [  808] - Test step:9
[INFO ][2015-11-12 18:36:21,988][com.java.SeleniumDriver] [  820] - Datavalue is----------null
[DEBUG][2015-11-12 18:36:21,988][com.java.SeleniumDriver] [  838] - Exception: null
[INFO ][2015-11-12 18:36:21,988][com.java.SeleniumDriver] [  844] - DataField : BTNframeDialogContent
[INFO ][2015-11-12 18:36:21,988][com.java.SeleniumDriver] [  846] - DataValue : 
[INFO ][2015-11-12 18:36:21,988][com.java.SeleniumDriver] [  852] - <In Set values of the page>
[INFO ][2015-11-12 18:36:21,988][com.java.SeleniumDriver] [  855] - {Data Fields & Data Values Exist}
[INFO ][2015-11-12 18:36:21,988][com.java.SeleniumDriver] [  857] - --------------------------setting values-----------------------------
[INFO ][2015-11-12 18:36:21,988][com.java.SeleniumDriver] [  860] - Action Type : SELECTFRAME
[INFO ][2015-11-12 18:36:23,219][com.java.SeleniumDriver] [  869] -  RESULT true
[INFO ][2015-11-12 18:36:23,219][com.java.SeleniumDriver] [ 1074] - ?   P A S S   ?
[INFO ][2015-11-12 18:36:23,219][com.java.SeleniumDriver] [  796] - ------------------------------------------
[INFO ][2015-11-12 18:36:23,219][com.java.SeleniumDriver] [  797] - Test case being Executed: 4
[INFO ][2015-11-12 18:36:23,219][com.java.SeleniumDriver] [  808] - Test step:10
[INFO ][2015-11-12 18:36:23,219][com.java.SeleniumDriver] [  820] - Datavalue is----------index:1
[INFO ][2015-11-12 18:36:23,219][com.java.SeleniumDriver] [  844] - DataField : COBddlProfitCenter
[INFO ][2015-11-12 18:36:23,219][com.java.SeleniumDriver] [  846] - DataValue : index:1
[INFO ][2015-11-12 18:36:23,219][com.java.SeleniumDriver] [  852] - <In Set values of the page>
[INFO ][2015-11-12 18:36:23,219][com.java.SeleniumDriver] [  855] - {Data Fields & Data Values Exist}
[INFO ][2015-11-12 18:36:23,219][com.java.SeleniumDriver] [  857] - --------------------------setting values-----------------------------
[INFO ][2015-11-12 18:36:23,219][com.java.SeleniumDriver] [  860] - Action Type : SELECT
[INFO ][2015-11-12 18:36:23,219][com.java.TestType] [ 4233] - value = 1
[INFO ][2015-11-12 18:36:24,310][com.java.TestType] [ 4351] -  In COB ddlProfitCenter : 1
[INFO ][2015-11-12 18:36:24,530][com.java.SeleniumDriver] [  869] -  RESULT true
[INFO ][2015-11-12 18:36:24,530][com.java.SeleniumDriver] [ 1074] - ?   P A S S   ?
[INFO ][2015-11-12 18:36:24,530][com.java.SeleniumDriver] [  796] - ------------------------------------------
[INFO ][2015-11-12 18:36:24,530][com.java.SeleniumDriver] [  797] - Test case being Executed: 4
[INFO ][2015-11-12 18:36:24,530][com.java.SeleniumDriver] [  808] - Test step:11
[INFO ][2015-11-12 18:36:24,530][com.java.SeleniumDriver] [  820] - Datavalue is----------index:3
[INFO ][2015-11-12 18:36:24,530][com.java.SeleniumDriver] [  844] - DataField : COBddlDataSource1
[INFO ][2015-11-12 18:36:24,530][com.java.SeleniumDriver] [  846] - DataValue : index:3
[INFO ][2015-11-12 18:36:24,530][com.java.SeleniumDriver] [  852] - <In Set values of the page>
[INFO ][2015-11-12 18:36:24,530][com.java.SeleniumDriver] [  855] - {Data Fields & Data Values Exist}
[INFO ][2015-11-12 18:36:24,530][com.java.SeleniumDriver] [  857] - --------------------------setting values-----------------------------
[INFO ][2015-11-12 18:36:24,530][com.java.SeleniumDriver] [  860] - Action Type : SELECT
[INFO ][2015-11-12 18:36:24,530][com.java.TestType] [ 4233] - value = 3
[INFO ][2015-11-12 18:36:25,621][com.java.TestType] [ 4351] -  In COB ddlDataSource1 : 3
[INFO ][2015-11-12 18:36:25,841][com.java.SeleniumDriver] [  869] -  RESULT true
[INFO ][2015-11-12 18:36:25,841][com.java.SeleniumDriver] [ 1074] - ?   P A S S   ?
[INFO ][2015-11-12 18:36:25,841][com.java.SeleniumDriver] [  796] - ------------------------------------------
[INFO ][2015-11-12 18:36:25,841][com.java.SeleniumDriver] [  797] - Test case being Executed: 4
[INFO ][2015-11-12 18:36:25,841][com.java.SeleniumDriver] [  808] - Test step:12
[INFO ][2015-11-12 18:36:25,841][com.java.SeleniumDriver] [  820] - Datavalue is----------index:0
[INFO ][2015-11-12 18:36:25,841][com.java.SeleniumDriver] [  844] - DataField : COBddlPeriod1
[INFO ][2015-11-12 18:36:25,841][com.java.SeleniumDriver] [  846] - DataValue : index:0
[INFO ][2015-11-12 18:36:25,841][com.java.SeleniumDriver] [  852] - <In Set values of the page>
[INFO ][2015-11-12 18:36:25,841][com.java.SeleniumDriver] [  855] - {Data Fields & Data Values Exist}
[INFO ][2015-11-12 18:36:25,841][com.java.SeleniumDriver] [  857] - --------------------------setting values-----------------------------
[INFO ][2015-11-12 18:36:25,841][com.java.SeleniumDriver] [  860] - Action Type : SELECT
[INFO ][2015-11-12 18:36:25,841][com.java.TestType] [ 4233] - value = 0
[INFO ][2015-11-12 18:36:26,931][com.java.TestType] [ 4351] -  In COB ddlPeriod1 : 0
[INFO ][2015-11-12 18:36:27,011][com.java.SeleniumDriver] [  869] -  RESULT true
[INFO ][2015-11-12 18:36:27,011][com.java.SeleniumDriver] [ 1074] - ?   P A S S   ?
[INFO ][2015-11-12 18:36:27,011][com.java.SeleniumDriver] [  796] - ------------------------------------------
[INFO ][2015-11-12 18:36:27,011][com.java.SeleniumDriver] [  797] - Test case being Executed: 4
[INFO ][2015-11-12 18:36:27,011][com.java.SeleniumDriver] [  808] - Test step:13
[INFO ][2015-11-12 18:36:27,011][com.java.SeleniumDriver] [  820] - Datavalue is----------SelectedPeriod
[INFO ][2015-11-12 18:36:27,011][com.java.SeleniumDriver] [  844] - DataField : SLBddlPeriod1
[INFO ][2015-11-12 18:36:27,011][com.java.SeleniumDriver] [  846] - DataValue : SelectedPeriod
[INFO ][2015-11-12 18:36:27,011][com.java.SeleniumDriver] [  852] - <In Set values of the page>
[INFO ][2015-11-12 18:36:27,011][com.java.SeleniumDriver] [  855] - {Data Fields & Data Values Exist}
[INFO ][2015-11-12 18:36:27,011][com.java.SeleniumDriver] [  857] - --------------------------setting values-----------------------------
[INFO ][2015-11-12 18:36:27,011][com.java.SeleniumDriver] [  860] - Action Type : STOREVALUE
[INFO ][2015-11-12 18:36:27,011][com.java.TestType] [ 6367] - field= SLBddlPeriod1
[INFO ][2015-11-12 18:36:28,192][com.java.SeleniumDriver] [  869] -  RESULT true
[INFO ][2015-11-12 18:36:28,192][com.java.SeleniumDriver] [ 1074] - ?   P A S S   ?
[INFO ][2015-11-12 18:36:28,192][com.java.SeleniumDriver] [  796] - ------------------------------------------
[INFO ][2015-11-12 18:36:28,192][com.java.SeleniumDriver] [  797] - Test case being Executed: 4
[INFO ][2015-11-12 18:36:28,192][com.java.SeleniumDriver] [  808] - Test step:14
[INFO ][2015-11-12 18:36:28,192][com.java.SeleniumDriver] [  820] - Datavalue is----------index:0
[INFO ][2015-11-12 18:36:28,192][com.java.SeleniumDriver] [  844] - DataField : COBddlDate1
[INFO ][2015-11-12 18:36:28,192][com.java.SeleniumDriver] [  846] - DataValue : index:0
[INFO ][2015-11-12 18:36:28,192][com.java.SeleniumDriver] [  852] - <In Set values of the page>
[INFO ][2015-11-12 18:36:28,192][com.java.SeleniumDriver] [  855] - {Data Fields & Data Values Exist}
[INFO ][2015-11-12 18:36:28,192][com.java.SeleniumDriver] [  857] - --------------------------setting values-----------------------------
[INFO ][2015-11-12 18:36:28,192][com.java.SeleniumDriver] [  860] - Action Type : SELECT
[INFO ][2015-11-12 18:36:28,192][com.java.TestType] [ 4233] - value = 0
[INFO ][2015-11-12 18:36:29,283][com.java.TestType] [ 4351] -  In COB ddlDate1 : 0
[INFO ][2015-11-12 18:36:29,483][com.java.SeleniumDriver] [  869] -  RESULT true
[INFO ][2015-11-12 18:36:29,483][com.java.SeleniumDriver] [ 1074] - ?   P A S S   ?
[INFO ][2015-11-12 18:36:29,483][com.java.SeleniumDriver] [  796] - ------------------------------------------
[INFO ][2015-11-12 18:36:29,483][com.java.SeleniumDriver] [  797] - Test case being Executed: 4
[INFO ][2015-11-12 18:36:29,483][com.java.SeleniumDriver] [  808] - Test step:15
[INFO ][2015-11-12 18:36:29,483][com.java.SeleniumDriver] [  820] - Datavalue is----------SelectedDate
[INFO ][2015-11-12 18:36:29,483][com.java.SeleniumDriver] [  844] - DataField : SLBddlDate1
[INFO ][2015-11-12 18:36:29,483][com.java.SeleniumDriver] [  846] - DataValue : SelectedDate
[INFO ][2015-11-12 18:36:29,483][com.java.SeleniumDriver] [  852] - <In Set values of the page>
[INFO ][2015-11-12 18:36:29,483][com.java.SeleniumDriver] [  855] - {Data Fields & Data Values Exist}
[INFO ][2015-11-12 18:36:29,483][com.java.SeleniumDriver] [  857] - --------------------------setting values-----------------------------
[INFO ][2015-11-12 18:36:29,483][com.java.SeleniumDriver] [  860] - Action Type : STOREVALUE
[INFO ][2015-11-12 18:36:29,483][com.java.TestType] [ 6367] - field= SLBddlDate1
[INFO ][2015-11-12 18:36:30,694][com.java.SeleniumDriver] [  869] -  RESULT true
[INFO ][2015-11-12 18:36:30,694][com.java.SeleniumDriver] [ 1074] - ?   P A S S   ?
[INFO ][2015-11-12 18:36:30,694][com.java.SeleniumDriver] [  796] - ------------------------------------------
[INFO ][2015-11-12 18:36:30,694][com.java.SeleniumDriver] [  797] - Test case being Executed: 4
[INFO ][2015-11-12 18:36:30,694][com.java.SeleniumDriver] [  808] - Test step:16
[INFO ][2015-11-12 18:36:30,694][com.java.SeleniumDriver] [  820] - Datavalue is----------null
[DEBUG][2015-11-12 18:36:30,694][com.java.SeleniumDriver] [  838] - Exception: null
[INFO ][2015-11-12 18:36:30,694][com.java.SeleniumDriver] [  844] - DataField : BTNparent
[INFO ][2015-11-12 18:36:30,694][com.java.SeleniumDriver] [  846] - DataValue : 
[INFO ][2015-11-12 18:36:30,694][com.java.SeleniumDriver] [  852] - <In Set values of the page>
[INFO ][2015-11-12 18:36:30,694][com.java.SeleniumDriver] [  855] - {Data Fields & Data Values Exist}
[INFO ][2015-11-12 18:36:30,694][com.java.SeleniumDriver] [  857] - --------------------------setting values-----------------------------
[INFO ][2015-11-12 18:36:30,694][com.java.SeleniumDriver] [  860] - Action Type : SELECTFRAME
[INFO ][2015-11-12 18:36:30,704][com.java.SeleniumDriver] [  869] -  RESULT true
[INFO ][2015-11-12 18:36:30,704][com.java.SeleniumDriver] [ 1074] - ?   P A S S   ?
[INFO ][2015-11-12 18:36:30,704][com.java.SeleniumDriver] [  796] - ------------------------------------------
[INFO ][2015-11-12 18:36:30,704][com.java.SeleniumDriver] [  797] - Test case being Executed: 4
[INFO ][2015-11-12 18:36:30,704][com.java.SeleniumDriver] [  808] - Test step:17
[INFO ][2015-11-12 18:36:30,704][com.java.SeleniumDriver] [  820] - Datavalue is----------null
[DEBUG][2015-11-12 18:36:30,704][com.java.SeleniumDriver] [  838] - Exception: null
[INFO ][2015-11-12 18:36:30,704][com.java.SeleniumDriver] [  844] - DataField : XPH//span[contains(text(),'Show Report')]
[INFO ][2015-11-12 18:36:30,704][com.java.SeleniumDriver] [  846] - DataValue : 
[INFO ][2015-11-12 18:36:30,704][com.java.SeleniumDriver] [  852] - <In Set values of the page>
[INFO ][2015-11-12 18:36:30,704][com.java.SeleniumDriver] [  855] - {Data Fields & Data Values Exist}
[INFO ][2015-11-12 18:36:30,704][com.java.SeleniumDriver] [  857] - --------------------------setting values-----------------------------
[INFO ][2015-11-12 18:36:30,704][com.java.SeleniumDriver] [  860] - Action Type : CLICK
[INFO ][2015-11-12 18:36:30,704][com.java.TestType] [ 4546] - Field ::XPH//span[contains(text(),'Show Report')]
[INFO ][2015-11-12 18:36:31,704][com.java.TestType] [ 4605] - BEFORE CLICK
[INFO ][2015-11-12 18:36:33,074][com.java.TestType] [ 4613] - Unable to click the object Show Report button
[INFO ][2015-11-12 18:36:33,074][com.java.SeleniumDriver] [  869] -  RESULT true
[INFO ][2015-11-12 18:36:33,074][com.java.SeleniumDriver] [ 1074] - ?   P A S S   ?
[INFO ][2015-11-12 18:36:33,074][com.java.SeleniumDriver] [  796] - ------------------------------------------
[INFO ][2015-11-12 18:36:33,074][com.java.SeleniumDriver] [  797] - Test case being Executed: 4
[INFO ][2015-11-12 18:36:33,074][com.java.SeleniumDriver] [  808] - Test step:18
[INFO ][2015-11-12 18:36:33,074][com.java.SeleniumDriver] [  820] - Datavalue is----------3
[INFO ][2015-11-12 18:36:33,074][com.java.SeleniumDriver] [  844] - DataField : XPH//img[@id='loading']
[INFO ][2015-11-12 18:36:33,074][com.java.SeleniumDriver] [  846] - DataValue : 3
[INFO ][2015-11-12 18:36:33,074][com.java.SeleniumDriver] [  852] - <In Set values of the page>
[INFO ][2015-11-12 18:36:33,074][com.java.SeleniumDriver] [  855] - {Data Fields & Data Values Exist}
[INFO ][2015-11-12 18:36:33,074][com.java.SeleniumDriver] [  857] - --------------------------setting values-----------------------------
[INFO ][2015-11-12 18:36:33,074][com.java.SeleniumDriver] [  860] - Action Type : WaitForElement
[INFO ][2015-11-12 18:36:33,105][com.java.SeleniumDriver] [  869] -  RESULT true
[INFO ][2015-11-12 18:36:33,105][com.java.SeleniumDriver] [ 1074] - ?   P A S S   ?
[INFO ][2015-11-12 18:36:33,105][com.java.SeleniumDriver] [  796] - ------------------------------------------
[INFO ][2015-11-12 18:36:33,105][com.java.SeleniumDriver] [  797] - Test case being Executed: 4
[INFO ][2015-11-12 18:36:33,105][com.java.SeleniumDriver] [  808] - Test step:19
[INFO ][2015-11-12 18:36:33,105][com.java.SeleniumDriver] [  820] - Datavalue is----------90
[INFO ][2015-11-12 18:36:33,105][com.java.SeleniumDriver] [  844] - DataField : XPH//img[@id='loading']
[INFO ][2015-11-12 18:36:33,105][com.java.SeleniumDriver] [  846] - DataValue : 90
[INFO ][2015-11-12 18:36:33,105][com.java.SeleniumDriver] [  852] - <In Set values of the page>
[INFO ][2015-11-12 18:36:33,105][com.java.SeleniumDriver] [  855] - {Data Fields & Data Values Exist}
[INFO ][2015-11-12 18:36:33,105][com.java.SeleniumDriver] [  857] - --------------------------setting values-----------------------------
[INFO ][2015-11-12 18:36:33,105][com.java.SeleniumDriver] [  860] - Action Type : waitForElementNotPresent
[INFO ][2015-11-12 18:37:09,228][com.java.SeleniumDriver] [  869] -  RESULT true
[INFO ][2015-11-12 18:37:09,228][com.java.SeleniumDriver] [ 1074] - ?   P A S S   ?
[INFO ][2015-11-12 18:37:09,228][com.java.SeleniumDriver] [  796] - ------------------------------------------
[INFO ][2015-11-12 18:37:09,228][com.java.SeleniumDriver] [  797] - Test case being Executed: 4
[INFO ][2015-11-12 18:37:09,228][com.java.SeleniumDriver] [  808] - Test step:20
[INFO ][2015-11-12 18:37:09,228][com.java.SeleniumDriver] [  820] - Datavalue is----------executive summary (12 mos.)
[INFO ][2015-11-12 18:37:09,228][com.java.SeleniumDriver] [  844] - DataField : XPH//td[@class='ReportTitle']
[INFO ][2015-11-12 18:37:09,228][com.java.SeleniumDriver] [  846] - DataValue : executive summary (12 mos.)
[INFO ][2015-11-12 18:37:09,228][com.java.SeleniumDriver] [  852] - <In Set values of the page>
[INFO ][2015-11-12 18:37:09,228][com.java.SeleniumDriver] [  855] - {Data Fields & Data Values Exist}
[INFO ][2015-11-12 18:37:09,228][com.java.SeleniumDriver] [  857] - --------------------------setting values-----------------------------
[INFO ][2015-11-12 18:37:09,228][com.java.SeleniumDriver] [  860] - Action Type : VERIFY
[INFO ][2015-11-12 18:37:09,228][com.java.TestType] [ 5340] - field= XPH//td[@class='ReportTitle'] value= executive summary (12 mos.)
[INFO ][2015-11-12 18:37:09,228][com.java.TestType] [ 4233] - value = executive summary (12 mos.)
[ERROR][2015-11-12 18:37:09,408][com.java.TestType] [ 5681] - Element  not found :executive summary (12 mos.)
[INFO ][2015-11-12 18:37:09,408][com.java.SeleniumDriver] [  869] -  RESULT false
[INFO ][2015-11-12 18:37:09,408][com.java.SeleniumDriver] [  916] - ?   F A I L   ?
[INFO ][2015-11-12 18:37:09,408][com.java.SeleniumDriver] [  924] - Browser Type : IE11
[INFO ][2015-11-12 18:37:09,408][com.java.SeleniumDriver] [  925] - Adding Failed case4
[INFO ][2015-11-12 18:37:09,618][com.java.SeleniumDriver] [ 1038] - failedCases = 4
[ERROR][2015-11-12 18:37:09,618][com.java.SeleniumDriver] [ 1525] - Platform Errors : Our apologies...::We have encountered an issue with your request.::Our apologies?:We encountered an issue with your request.
[INFO ][2015-11-12 18:37:09,618][com.java.SeleniumDriver] [ 1529] - Length =3
[ERROR][2015-11-12 18:37:09,618][com.java.SeleniumDriver] [ 1532] - Error 0 = Our apologies...
[ERROR][2015-11-12 18:37:09,678][com.java.SeleniumDriver] [ 1532] - Error 1 = We have encountered an issue with your request.
[ERROR][2015-11-12 18:37:09,718][com.java.SeleniumDriver] [ 1532] - Error 2 = Our apologies?:We encountered an issue with your request.
[DEBUG][2015-11-12 18:37:09,768][com.java.SeleniumDriver] [ 1176] - Case found
[DEBUG][2015-11-12 18:37:09,768][com.java.SeleniumDriver] [ 1181] - Incrementing ReportCounters[0]:2
[INFO ][2015-11-12 18:37:09,768][com.java.SeleniumDriver] [ 1200] - The results are-------------------[4, 20, GL: Summary: Executive Summary, Fail, 
Test case failed at Step No. :: 20   Error Message ::  Element not found:executive summary (12 mos.). Screen Shot : D:\BankersDashboard\TestReports\111215\4_111215_183709_IE11.png, Thu Nov 12 18:37:09 IST 2015]
[INFO ][2015-11-12 18:37:09,768][com.java.SeleniumDriver] [ 1204] - End time is-------2 min 28 sec
[INFO ][2015-11-12 18:37:09,768][com.java.SeleniumDriver] [ 1205] - The results are-------------------[4, 20, GL: Summary: Executive Summary, Fail, 
Test case failed at Step No. :: 20   Error Message ::  Element not found:executive summary (12 mos.). Screen Shot : D:\BankersDashboard\TestReports\111215\4_111215_183709_IE11.png, Thu Nov 12 18:37:09 IST 2015]
[DEBUG][2015-11-12 18:37:09,768][com.java.ImportnExport.ExportTestResultsExcel] [  222] - testResultPath = D:\BankersDashboard/TestReports/Test Results_BankersDashBoard_111215_183443_IE11_Any Bank USA.xls
[DEBUG][2015-11-12 18:37:09,768][com.java.ImportnExport.ExportTestResultsExcel] [  223] - browser is------------IE11
[DEBUG][2015-11-12 18:37:09,768][com.java.ImportnExport.ExportTestResultsExcel] [  270] - result.size() = 6
[DEBUG][2015-11-12 18:37:09,768][com.java.ImportnExport.ExportTestResultsExcel] [  274] - No of rows in sheet=2
[DEBUG][2015-11-12 18:37:09,768][com.java.ImportnExport.ExportTestResultsExcel] [  301] - ..in export..4
[DEBUG][2015-11-12 18:37:09,768][com.java.ImportnExport.ExportTestResultsExcel] [  301] - ..in export..GL: Summary: Executive Summary
[DEBUG][2015-11-12 18:37:09,768][com.java.ImportnExport.ExportTestResultsExcel] [  301] - ..in export..Fail
[DEBUG][2015-11-12 18:37:09,768][com.java.ImportnExport.ExportTestResultsExcel] [  301] - ..in export..
Test case failed at Step No. :: 20   Error Message ::  Element not found:executive summary (12 mos.). Screen Shot : D:\BankersDashboard\TestReports\111215\4_111215_183709_IE11.png
[DEBUG][2015-11-12 18:37:09,768][com.java.ImportnExport.ExportTestResultsExcel] [  301] - ..in export..Thu Nov 12 18:37:09 IST 2015
[INFO ][2015-11-12 18:37:09,768][com.java.SeleniumDriver] [ 1263] - out loop:1 size:2 TestCases:[1, 4] testcases:[1, 4]
[INFO ][2015-11-12 18:37:11,768][com.java.SeleniumDriver] [ 1306] - Total Number of Cases:2
[INFO ][2015-11-12 18:37:11,768][com.java.TemplateGenerator] [  302] - Executed:2
[INFO ][2015-11-12 18:37:11,768][com.java.TemplateGenerator] [  303] - Passed:1
[INFO ][2015-11-12 18:37:11,768][com.java.TemplateGenerator] [  304] - Failed:1
[INFO ][2015-11-12 18:37:11,768][com.java.TemplateGenerator] [  305] - Skipeed:0
[INFO ][2015-11-12 18:37:11,768][com.java.TemplateGenerator] [  306] - Application URL:https://clients-xuat.bankersdashboard.com
[INFO ][2015-11-12 18:37:11,768][com.java.TemplateGenerator] [  307] - Start Time:111215_183443
[INFO ][2015-11-12 18:37:11,768][com.java.TemplateGenerator] [  308] -  Creating HTML Report 
[ERROR][2015-11-12 18:37:11,768][com.java.TemplateGenerator] [  409] - Unparseable date: "Thu Nov 12 06:34:43 IST 2015"
[INFO ][2015-11-12 18:37:11,768][com.java.TemplateGenerator] [  654] -  Exporting case :: 1
[INFO ][2015-11-12 18:37:11,768][com.java.TemplateGenerator] [  654] -  Exporting case :: 4
[INFO ][2015-11-12 18:37:11,768][com.java.SeleniumDriver] [ 1355] - End Time:111215_183711
[INFO ][2015-11-12 18:37:11,768][com.java.SeleniumDriver] [ 1358] - Data in Test Execution Details:{1=PASS, 4=FAILTest case failed at Step No. :: 20   Error Message ::  Element not found:executive summary (12 mos.)}
[INFO ][2015-11-12 18:37:11,768][com.java.SeleniumDriver] [ 1359] - Data in Failed Execution Deatils:{}
[INFO ][2015-11-12 18:37:11,768][com.java.SeleniumDriver] [ 1361] - ReportCounter:Total:2 :: PASS: 1 ::FAIL: 1
[INFO ][2015-11-12 18:37:11,768][com.java.SeleniumDriver] [ 1362] - FailedReportCounter:Total:0 :: PASS: 0 ::FAIL: 0
[INFO ][2015-11-12 18:37:11,769][com.java.EmailTestReport] [   63] - Sending report mail details:
[INFO ][2015-11-12 18:37:11,769][com.java.EmailTestReport] [   80] - Excel Report Path:D:\BankersDashboard/TestReports/Test Results_BankersDashBoard_111215_183443_IE11_Any Bank USA.xls
[INFO ][2015-11-12 18:37:11,769][com.java.EmailTestReport] [   81] - HTML Report Path:D:\BankersDashboard//TestReports//Test Results_BankersDashBoard_111215_183443_IE11_Any Bank USA.html
[INFO ][2015-11-12 18:37:11,769][com.java.EmailTestReport] [   82] - smtpHostName:mail01.valuelabs.com
[INFO ][2015-11-12 18:37:11,769][com.java.EmailTestReport] [   83] - Recipient:venkateswararao.gubbala@valuelabs.com;
[INFO ][2015-11-12 18:37:11,769][com.java.EmailTestReport] [   84] - From:venkateswararao.gubbala@valuelabs.com;
[INFO ][2015-11-12 18:37:11,769][com.java.EmailTestReport] [   85] - Subject:Deluxe Corp Bankers Dashboard Automation Test Report - Any Bank USA - IE11
[INFO ][2015-11-12 18:37:11,789][com.java.EmailTestReport] [  143] -  Added venkateswararao.gubbala@valuelabs.com
[INFO ][2015-11-12 18:37:14,898][com.java.SeleniumDriver] [  719] - quitting the browser 
[INFO ][2015-11-12 18:37:16,153][com.java.SeleniumDriver] [  263] - Execution Completed Stopping the thread
