[INFO ][2015-12-24 18:46:50,468][com.java.SeleniumDriver] [  213] - Execute Failed Casesfalse
[INFO ][2015-12-24 18:46:50,468][com.java.SeleniumDriver] [  214] - Browser: IE10
[INFO ][2015-12-24 18:46:50,468][com.java.SeleniumDriver] [  215] - [1, 4]
[INFO ][2015-12-24 18:46:50,468][com.java.SeleniumDriver] [  216] - Total TestCases:2
[INFO ][2015-12-24 18:46:50,468][com.java.SeleniumDriver] [  217] -  Reading Properties from Property File 
[DEBUG][2015-12-24 18:46:50,468][com.java.SeleniumDriver] [  238] - url : https://clients-xuat.bankersdashboard.com
[INFO ][2015-12-24 18:46:50,468][com.java.ImportnExport.ExportTestResultsExcel] [  116] - Time Stamp Thu Dec 24 06:46:50 IST 2015
[INFO ][2015-12-24 18:46:50,468][com.java.ImportnExport.ExportTestResultsExcel] [  175] - OUT FILE : D:\BankersDashboard/TestReports/Test Results_BankersDashBoard_122415_184650_IE10_Bank of North Carolina.xls
[INFO ][2015-12-24 18:46:50,499][com.java.ImportnExport.ExportTestResultsExcel] [  180] - Test Result file is created
[DEBUG][2015-12-24 18:46:50,599][com.java.SeleniumDriver] [  426] - Hub ip address is-------172.17.68.34
[INFO ][2015-12-24 18:46:50,599][com.java.SeleniumDriver] [  452] - Grid URL:http://172.17.68.34:4444/wd/hub
[INFO ][2015-12-24 18:46:50,599][com.java.SeleniumDriver] [  453] - Capability:Capabilities [{platform=ANY, ensureCleanSession=true, ignoreProtectedModeSettings=true, acceptSslCerts=true, ignoreZoomSetting=true, browserName=internet explorer, browserstack.ie.noFlash=true, version=null}]
[ERROR][2015-12-24 18:46:51,909][com.java.SeleniumDriver] [  497] - Unable invoke browser in grid:Could not start a new session. Possible causes are invalid address of the remote server or browser start-up failure.
Build info: version: '2.48.2', revision: '41bccdd', time: '2015-10-09 19:59:12'
System info: host: 'FVTIII438F1D', ip: '172.17.68.34', os.name: 'Windows 7', os.arch: 'x86', os.version: '6.1', java.version: '1.7.0_55'
Driver info: driver.version: SeleniumDriver
[INFO ][2015-12-24 18:46:51,909][com.java.SeleniumDriver] [  499] - Executing on local machine
[INFO ][2015-12-24 18:47:02,335][com.java.SeleniumDriver] [  248] - IE10is opened
[INFO ][2015-12-24 18:47:03,182][com.java.SeleniumDriver] [  754] - Test cases to be executed are: [1, 4]
[INFO ][2015-12-24 18:47:03,203][com.java.ImportnExport.ImportTestDataDetailsExcel] [   49] - test data details path===== D:\BankersDashboard\TestInputs\TestData.xls
[INFO ][2015-12-24 18:47:03,273][com.java.SeleniumDriver] [  821] - ------------------------------------------
[INFO ][2015-12-24 18:47:03,273][com.java.SeleniumDriver] [  822] - Test case being Executed: 1
[INFO ][2015-12-24 18:47:03,273][com.java.SeleniumDriver] [  833] - Test step:1
[INFO ][2015-12-24 18:47:03,273][com.java.SeleniumDriver] [  845] - Datavalue is----------Concept#1:1-16
[INFO ][2015-12-24 18:47:03,273][com.java.SeleniumDriver] [  869] - DataField : test
[INFO ][2015-12-24 18:47:03,273][com.java.SeleniumDriver] [  871] - DataValue : Concept#1:1-16
[INFO ][2015-12-24 18:47:03,273][com.java.SeleniumDriver] [  877] - <In Set values of the page>
[INFO ][2015-12-24 18:47:03,273][com.java.SeleniumDriver] [  880] - {Data Fields & Data Values Exist}
[INFO ][2015-12-24 18:47:03,273][com.java.SeleniumDriver] [  882] - --------------------------setting values-----------------------------
[INFO ][2015-12-24 18:47:03,273][com.java.SeleniumDriver] [  885] - Action Type : ExecuteTestCase
[INFO ][2015-12-24 18:47:03,293][com.java.TestType] [  437] - The Concept sheet name is ---------- Concept
[INFO ][2015-12-24 18:47:03,293][com.java.TestType] [  440] - The Concept ID  is ---------- 1
[DEBUG][2015-12-24 18:47:03,293][com.java.TestType] [  444] - Steps being executted in the Concept are: 1:16
[INFO ][2015-12-24 18:47:03,293][com.java.TestType] [  451] - Test data details path ---------- D:\BankersDashboard\TestInputs\TestData.xls
[INFO ][2015-12-24 18:47:03,323][com.java.TestType] [  482] -  str(1) = 1
[INFO ][2015-12-24 18:47:03,323][com.java.TestType] [  485] - Test case Id is---1
[INFO ][2015-12-24 18:47:03,323][com.java.TestType] [  487] - 1
[INFO ][2015-12-24 18:47:03,323][com.java.TestType] [  482] -  str(2) = 1
[INFO ][2015-12-24 18:47:03,333][com.java.TestType] [  534] - row values are--------{1=com.java.Objects.TestDataDetails@76dbf8}
[INFO ][2015-12-24 18:47:03,333][com.java.TestType] [  482] -  str(1) = 1
[INFO ][2015-12-24 18:47:03,333][com.java.TestType] [  485] - Test case Id is---1
[INFO ][2015-12-24 18:47:03,333][com.java.TestType] [  487] - 1
[INFO ][2015-12-24 18:47:03,333][com.java.TestType] [  482] -  str(2) = 2
[INFO ][2015-12-24 18:47:03,333][com.java.TestType] [  534] - row values are--------{1=com.java.Objects.TestDataDetails@76dbf8, 2=com.java.Objects.TestDataDetails@872ba6}
[INFO ][2015-12-24 18:47:03,333][com.java.TestType] [  482] -  str(1) = 1
[INFO ][2015-12-24 18:47:03,333][com.java.TestType] [  485] - Test case Id is---1
[INFO ][2015-12-24 18:47:03,333][com.java.TestType] [  487] - 1
[INFO ][2015-12-24 18:47:03,333][com.java.TestType] [  482] -  str(2) = 3
[INFO ][2015-12-24 18:47:03,333][com.java.TestType] [  534] - row values are--------{1=com.java.Objects.TestDataDetails@76dbf8, 2=com.java.Objects.TestDataDetails@872ba6, 3=com.java.Objects.TestDataDetails@6cd712}
[INFO ][2015-12-24 18:47:03,333][com.java.TestType] [  482] -  str(1) = 1
[INFO ][2015-12-24 18:47:03,333][com.java.TestType] [  485] - Test case Id is---1
[INFO ][2015-12-24 18:47:03,333][com.java.TestType] [  487] - 1
[INFO ][2015-12-24 18:47:03,333][com.java.TestType] [  482] -  str(2) = 4
[INFO ][2015-12-24 18:47:03,333][com.java.TestType] [  534] - row values are--------{1=com.java.Objects.TestDataDetails@76dbf8, 2=com.java.Objects.TestDataDetails@872ba6, 3=com.java.Objects.TestDataDetails@6cd712, 4=com.java.Objects.TestDataDetails@1e36eb9}
[INFO ][2015-12-24 18:47:03,333][com.java.TestType] [  482] -  str(1) = 1
[INFO ][2015-12-24 18:47:03,333][com.java.TestType] [  485] - Test case Id is---1
[INFO ][2015-12-24 18:47:03,333][com.java.TestType] [  487] - 1
[INFO ][2015-12-24 18:47:03,333][com.java.TestType] [  482] -  str(2) = 5
[INFO ][2015-12-24 18:47:03,333][com.java.TestType] [  534] - row values are--------{1=com.java.Objects.TestDataDetails@76dbf8, 2=com.java.Objects.TestDataDetails@872ba6, 3=com.java.Objects.TestDataDetails@6cd712, 4=com.java.Objects.TestDataDetails@1e36eb9, 5=com.java.Objects.TestDataDetails@16fdd2d}
[INFO ][2015-12-24 18:47:03,343][com.java.TestType] [  482] -  str(1) = 1
[INFO ][2015-12-24 18:47:03,343][com.java.TestType] [  485] - Test case Id is---1
[INFO ][2015-12-24 18:47:03,343][com.java.TestType] [  487] - 1
[INFO ][2015-12-24 18:47:03,343][com.java.TestType] [  482] -  str(2) = 6
[INFO ][2015-12-24 18:47:03,343][com.java.TestType] [  534] - row values are--------{1=com.java.Objects.TestDataDetails@76dbf8, 2=com.java.Objects.TestDataDetails@872ba6, 3=com.java.Objects.TestDataDetails@6cd712, 4=com.java.Objects.TestDataDetails@1e36eb9, 5=com.java.Objects.TestDataDetails@16fdd2d, 6=com.java.Objects.TestDataDetails@10ca001}
[INFO ][2015-12-24 18:47:03,343][com.java.TestType] [  482] -  str(1) = 1
[INFO ][2015-12-24 18:47:03,343][com.java.TestType] [  485] - Test case Id is---1
[INFO ][2015-12-24 18:47:03,343][com.java.TestType] [  487] - 1
[INFO ][2015-12-24 18:47:03,343][com.java.TestType] [  482] -  str(2) = 7
[INFO ][2015-12-24 18:47:03,343][com.java.TestType] [  534] - row values are--------{1=com.java.Objects.TestDataDetails@76dbf8, 2=com.java.Objects.TestDataDetails@872ba6, 3=com.java.Objects.TestDataDetails@6cd712, 4=com.java.Objects.TestDataDetails@1e36eb9, 5=com.java.Objects.TestDataDetails@16fdd2d, 6=com.java.Objects.TestDataDetails@10ca001, 7=com.java.Objects.TestDataDetails@39e3dd}
[INFO ][2015-12-24 18:47:03,343][com.java.TestType] [  482] -  str(1) = 1
[INFO ][2015-12-24 18:47:03,343][com.java.TestType] [  485] - Test case Id is---1
[INFO ][2015-12-24 18:47:03,343][com.java.TestType] [  487] - 1
[INFO ][2015-12-24 18:47:03,343][com.java.TestType] [  482] -  str(2) = 8
[INFO ][2015-12-24 18:47:03,343][com.java.TestType] [  534] - row values are--------{1=com.java.Objects.TestDataDetails@76dbf8, 2=com.java.Objects.TestDataDetails@872ba6, 3=com.java.Objects.TestDataDetails@6cd712, 4=com.java.Objects.TestDataDetails@1e36eb9, 5=com.java.Objects.TestDataDetails@16fdd2d, 6=com.java.Objects.TestDataDetails@10ca001, 7=com.java.Objects.TestDataDetails@39e3dd, 8=com.java.Objects.TestDataDetails@af6cb1}
[INFO ][2015-12-24 18:47:03,343][com.java.TestType] [  482] -  str(1) = 1
[INFO ][2015-12-24 18:47:03,343][com.java.TestType] [  485] - Test case Id is---1
[INFO ][2015-12-24 18:47:03,343][com.java.TestType] [  487] - 1
[INFO ][2015-12-24 18:47:03,343][com.java.TestType] [  482] -  str(2) = 9
[INFO ][2015-12-24 18:47:03,343][com.java.TestType] [  534] - row values are--------{1=com.java.Objects.TestDataDetails@76dbf8, 2=com.java.Objects.TestDataDetails@872ba6, 3=com.java.Objects.TestDataDetails@6cd712, 4=com.java.Objects.TestDataDetails@1e36eb9, 5=com.java.Objects.TestDataDetails@16fdd2d, 6=com.java.Objects.TestDataDetails@10ca001, 7=com.java.Objects.TestDataDetails@39e3dd, 8=com.java.Objects.TestDataDetails@af6cb1, 9=com.java.Objects.TestDataDetails@fc3ac5}
[INFO ][2015-12-24 18:47:03,343][com.java.TestType] [  482] -  str(1) = 1
[INFO ][2015-12-24 18:47:03,343][com.java.TestType] [  485] - Test case Id is---1
[INFO ][2015-12-24 18:47:03,343][com.java.TestType] [  487] - 1
[INFO ][2015-12-24 18:47:03,343][com.java.TestType] [  482] -  str(2) = 10
[INFO ][2015-12-24 18:47:03,343][com.java.TestType] [  534] - row values are--------{1=com.java.Objects.TestDataDetails@76dbf8, 2=com.java.Objects.TestDataDetails@872ba6, 3=com.java.Objects.TestDataDetails@6cd712, 4=com.java.Objects.TestDataDetails@1e36eb9, 5=com.java.Objects.TestDataDetails@16fdd2d, 6=com.java.Objects.TestDataDetails@10ca001, 7=com.java.Objects.TestDataDetails@39e3dd, 8=com.java.Objects.TestDataDetails@af6cb1, 9=com.java.Objects.TestDataDetails@fc3ac5, 10=com.java.Objects.TestDataDetails@5365d8}
[INFO ][2015-12-24 18:47:03,343][com.java.TestType] [  482] -  str(1) = 1
[INFO ][2015-12-24 18:47:03,343][com.java.TestType] [  485] - Test case Id is---1
[INFO ][2015-12-24 18:47:03,343][com.java.TestType] [  487] - 1
[INFO ][2015-12-24 18:47:03,343][com.java.TestType] [  482] -  str(2) = 11
[INFO ][2015-12-24 18:47:03,343][com.java.TestType] [  534] - row values are--------{1=com.java.Objects.TestDataDetails@76dbf8, 2=com.java.Objects.TestDataDetails@872ba6, 3=com.java.Objects.TestDataDetails@6cd712, 4=com.java.Objects.TestDataDetails@1e36eb9, 5=com.java.Objects.TestDataDetails@16fdd2d, 6=com.java.Objects.TestDataDetails@10ca001, 7=com.java.Objects.TestDataDetails@39e3dd, 8=com.java.Objects.TestDataDetails@af6cb1, 9=com.java.Objects.TestDataDetails@fc3ac5, 10=com.java.Objects.TestDataDetails@5365d8, 11=com.java.Objects.TestDataDetails@1163a1e}
[INFO ][2015-12-24 18:47:03,343][com.java.TestType] [  482] -  str(1) = 1
[INFO ][2015-12-24 18:47:03,343][com.java.TestType] [  485] - Test case Id is---1
[INFO ][2015-12-24 18:47:03,343][com.java.TestType] [  487] - 1
[INFO ][2015-12-24 18:47:03,343][com.java.TestType] [  482] -  str(2) = 12
[INFO ][2015-12-24 18:47:03,353][com.java.TestType] [  534] - row values are--------{1=com.java.Objects.TestDataDetails@76dbf8, 2=com.java.Objects.TestDataDetails@872ba6, 3=com.java.Objects.TestDataDetails@6cd712, 4=com.java.Objects.TestDataDetails@1e36eb9, 5=com.java.Objects.TestDataDetails@16fdd2d, 6=com.java.Objects.TestDataDetails@10ca001, 7=com.java.Objects.TestDataDetails@39e3dd, 8=com.java.Objects.TestDataDetails@af6cb1, 9=com.java.Objects.TestDataDetails@fc3ac5, 10=com.java.Objects.TestDataDetails@5365d8, 11=com.java.Objects.TestDataDetails@1163a1e, 12=com.java.Objects.TestDataDetails@3f67dc}
[INFO ][2015-12-24 18:47:03,353][com.java.TestType] [  482] -  str(1) = 1
[INFO ][2015-12-24 18:47:03,353][com.java.TestType] [  485] - Test case Id is---1
[INFO ][2015-12-24 18:47:03,353][com.java.TestType] [  487] - 1
[INFO ][2015-12-24 18:47:03,353][com.java.TestType] [  482] -  str(2) = 13
[INFO ][2015-12-24 18:47:03,353][com.java.TestType] [  534] - row values are--------{1=com.java.Objects.TestDataDetails@76dbf8, 2=com.java.Objects.TestDataDetails@872ba6, 3=com.java.Objects.TestDataDetails@6cd712, 4=com.java.Objects.TestDataDetails@1e36eb9, 5=com.java.Objects.TestDataDetails@16fdd2d, 6=com.java.Objects.TestDataDetails@10ca001, 7=com.java.Objects.TestDataDetails@39e3dd, 8=com.java.Objects.TestDataDetails@af6cb1, 9=com.java.Objects.TestDataDetails@fc3ac5, 10=com.java.Objects.TestDataDetails@5365d8, 11=com.java.Objects.TestDataDetails@1163a1e, 12=com.java.Objects.TestDataDetails@3f67dc, 13=com.java.Objects.TestDataDetails@160e715}
[INFO ][2015-12-24 18:47:03,353][com.java.TestType] [  482] -  str(1) = 1
[INFO ][2015-12-24 18:47:03,353][com.java.TestType] [  485] - Test case Id is---1
[INFO ][2015-12-24 18:47:03,353][com.java.TestType] [  487] - 1
[INFO ][2015-12-24 18:47:03,353][com.java.TestType] [  482] -  str(2) = 14
[INFO ][2015-12-24 18:47:03,353][com.java.TestType] [  534] - row values are--------{1=com.java.Objects.TestDataDetails@76dbf8, 2=com.java.Objects.TestDataDetails@872ba6, 3=com.java.Objects.TestDataDetails@6cd712, 4=com.java.Objects.TestDataDetails@1e36eb9, 5=com.java.Objects.TestDataDetails@16fdd2d, 6=com.java.Objects.TestDataDetails@10ca001, 7=com.java.Objects.TestDataDetails@39e3dd, 8=com.java.Objects.TestDataDetails@af6cb1, 9=com.java.Objects.TestDataDetails@fc3ac5, 10=com.java.Objects.TestDataDetails@5365d8, 11=com.java.Objects.TestDataDetails@1163a1e, 12=com.java.Objects.TestDataDetails@3f67dc, 13=com.java.Objects.TestDataDetails@160e715, 14=com.java.Objects.TestDataDetails@16a39df}
[INFO ][2015-12-24 18:47:03,353][com.java.TestType] [  482] -  str(1) = 1
[INFO ][2015-12-24 18:47:03,353][com.java.TestType] [  485] - Test case Id is---1
[INFO ][2015-12-24 18:47:03,353][com.java.TestType] [  487] - 1
[INFO ][2015-12-24 18:47:03,353][com.java.TestType] [  482] -  str(2) = 15
[INFO ][2015-12-24 18:47:03,353][com.java.TestType] [  534] - row values are--------{1=com.java.Objects.TestDataDetails@76dbf8, 2=com.java.Objects.TestDataDetails@872ba6, 3=com.java.Objects.TestDataDetails@6cd712, 4=com.java.Objects.TestDataDetails@1e36eb9, 5=com.java.Objects.TestDataDetails@16fdd2d, 6=com.java.Objects.TestDataDetails@10ca001, 7=com.java.Objects.TestDataDetails@39e3dd, 8=com.java.Objects.TestDataDetails@af6cb1, 9=com.java.Objects.TestDataDetails@fc3ac5, 10=com.java.Objects.TestDataDetails@5365d8, 11=com.java.Objects.TestDataDetails@1163a1e, 12=com.java.Objects.TestDataDetails@3f67dc, 13=com.java.Objects.TestDataDetails@160e715, 14=com.java.Objects.TestDataDetails@16a39df, 15=com.java.Objects.TestDataDetails@1041974}
[INFO ][2015-12-24 18:47:03,353][com.java.TestType] [  482] -  str(1) = 1
[INFO ][2015-12-24 18:47:03,353][com.java.TestType] [  485] - Test case Id is---1
[INFO ][2015-12-24 18:47:03,353][com.java.TestType] [  487] - 1
[INFO ][2015-12-24 18:47:03,353][com.java.TestType] [  482] -  str(2) = 16
[INFO ][2015-12-24 18:47:03,353][com.java.TestType] [  534] - row values are--------{1=com.java.Objects.TestDataDetails@76dbf8, 2=com.java.Objects.TestDataDetails@872ba6, 3=com.java.Objects.TestDataDetails@6cd712, 4=com.java.Objects.TestDataDetails@1e36eb9, 5=com.java.Objects.TestDataDetails@16fdd2d, 6=com.java.Objects.TestDataDetails@10ca001, 7=com.java.Objects.TestDataDetails@39e3dd, 8=com.java.Objects.TestDataDetails@af6cb1, 9=com.java.Objects.TestDataDetails@fc3ac5, 10=com.java.Objects.TestDataDetails@5365d8, 11=com.java.Objects.TestDataDetails@1163a1e, 12=com.java.Objects.TestDataDetails@3f67dc, 13=com.java.Objects.TestDataDetails@160e715, 14=com.java.Objects.TestDataDetails@16a39df, 15=com.java.Objects.TestDataDetails@1041974, 16=com.java.Objects.TestDataDetails@1a4826b}
[INFO ][2015-12-24 18:47:03,353][com.java.TestType] [10514] - Looping 1TCID = 1
[DEBUG][2015-12-24 18:47:03,353][com.java.TestType] [10555] - Concept ID:1 :: Step being Executed: 1::1
[INFO ][2015-12-24 18:47:03,353][com.java.TestType] [10593] - dataFields : TXTusername
[DEBUG][2015-12-24 18:47:03,353][com.java.TestType] [10599] - <In Set values of the page>
[DEBUG][2015-12-24 18:47:03,353][com.java.TestType] [10604] - {Data Fields & Data Values Exist}
[INFO ][2015-12-24 18:47:03,353][com.java.TestType] [10610] - --------------------------setting values-----------------------------
[INFO ][2015-12-24 18:47:03,353][com.java.TestType] [10613] - Action Type : CLEARANDENTER
[INFO ][2015-12-24 18:47:03,353][com.java.TestType] [ 5657] - value = valuelabs.ie10.33527
[INFO ][2015-12-24 18:47:08,060][com.java.TestType] [10632] -  RESULT true
[INFO ][2015-12-24 18:47:08,060][com.java.TestType] [10749] - ?   P A S S   ?
[DEBUG][2015-12-24 18:47:08,060][com.java.TestType] [10555] - Concept ID:1 :: Step being Executed: 1::2
[INFO ][2015-12-24 18:47:08,060][com.java.TestType] [10593] - dataFields : TXTpassword
[DEBUG][2015-12-24 18:47:08,061][com.java.TestType] [10599] - <In Set values of the page>
[DEBUG][2015-12-24 18:47:08,061][com.java.TestType] [10604] - {Data Fields & Data Values Exist}
[INFO ][2015-12-24 18:47:08,061][com.java.TestType] [10610] - --------------------------setting values-----------------------------
[INFO ][2015-12-24 18:47:08,061][com.java.TestType] [10613] - Action Type : CLEARANDENTER
[INFO ][2015-12-24 18:47:08,061][com.java.TestType] [ 5657] - value = Password1*
[INFO ][2015-12-24 18:47:12,894][com.java.TestType] [10632] -  RESULT true
[INFO ][2015-12-24 18:47:12,894][com.java.TestType] [10749] - ?   P A S S   ?
[DEBUG][2015-12-24 18:47:12,894][com.java.TestType] [10555] - Concept ID:1 :: Step being Executed: 1::3
[ERROR][2015-12-24 18:47:12,894][com.java.TestType] [10588] - Exception: null
[INFO ][2015-12-24 18:47:12,894][com.java.TestType] [10593] - dataFields : XPH//button[@type='submit']
[DEBUG][2015-12-24 18:47:12,894][com.java.TestType] [10599] - <In Set values of the page>
[DEBUG][2015-12-24 18:47:12,895][com.java.TestType] [10604] - {Data Fields & Data Values Exist}
[INFO ][2015-12-24 18:47:12,895][com.java.TestType] [10610] - --------------------------setting values-----------------------------
[INFO ][2015-12-24 18:47:12,895][com.java.TestType] [10613] - Action Type : Click
[INFO ][2015-12-24 18:47:12,895][com.java.TestType] [ 6036] - Field ::XPH//button[@type='submit']
[INFO ][2015-12-24 18:47:12,895][com.java.TestType] [ 5657] - value = 
[INFO ][2015-12-24 18:47:13,895][com.java.TestType] [ 6173] - BEFORE CLICK
[INFO ][2015-12-24 18:47:14,733][com.java.TestType] [ 6181] - Unable to click the object Login
[INFO ][2015-12-24 18:47:14,733][com.java.TestType] [10632] -  RESULT true
[INFO ][2015-12-24 18:47:14,733][com.java.TestType] [10749] - ?   P A S S   ?
[DEBUG][2015-12-24 18:47:14,733][com.java.TestType] [10555] - Concept ID:1 :: Step being Executed: 1::4
[INFO ][2015-12-24 18:47:14,733][com.java.TestType] [10593] - dataFields : LNKLogout
[DEBUG][2015-12-24 18:47:14,733][com.java.TestType] [10599] - <In Set values of the page>
[DEBUG][2015-12-24 18:47:14,733][com.java.TestType] [10604] - {Data Fields & Data Values Exist}
[INFO ][2015-12-24 18:47:14,733][com.java.TestType] [10610] - --------------------------setting values-----------------------------
[INFO ][2015-12-24 18:47:14,733][com.java.TestType] [10613] - Action Type : WaitForElement
[INFO ][2015-12-24 18:47:18,059][com.java.TestType] [10632] -  RESULT true
[INFO ][2015-12-24 18:47:18,059][com.java.TestType] [10749] - ?   P A S S   ?
[DEBUG][2015-12-24 18:47:18,059][com.java.TestType] [10555] - Concept ID:1 :: Step being Executed: 1::15
[INFO ][2015-12-24 18:47:18,059][com.java.TestType] [10593] - dataFields : LNK
[DEBUG][2015-12-24 18:47:18,060][com.java.TestType] [10599] - <In Set values of the page>
[DEBUG][2015-12-24 18:47:18,060][com.java.TestType] [10604] - {Data Fields & Data Values Exist}
[INFO ][2015-12-24 18:47:18,060][com.java.TestType] [10610] - --------------------------setting values-----------------------------
[INFO ][2015-12-24 18:47:18,060][com.java.TestType] [10613] - Action Type : Verify
[INFO ][2015-12-24 18:47:18,060][com.java.TestType] [ 7031] - field= LNK value= Logout
[INFO ][2015-12-24 18:47:18,063][com.java.TestType] [ 5657] - value = Logout
[INFO ][2015-12-24 18:47:18,100][com.java.TestType] [10632] -  RESULT true
[INFO ][2015-12-24 18:47:18,100][com.java.TestType] [10749] - ?   P A S S   ?
[DEBUG][2015-12-24 18:47:18,100][com.java.TestType] [10555] - Concept ID:1 :: Step being Executed: 1::16
[INFO ][2015-12-24 18:47:18,100][com.java.TestType] [10593] - dataFields : BTN
[DEBUG][2015-12-24 18:47:18,100][com.java.TestType] [10599] - <In Set values of the page>
[DEBUG][2015-12-24 18:47:18,100][com.java.TestType] [10604] - {Data Fields & Data Values Exist}
[INFO ][2015-12-24 18:47:18,100][com.java.TestType] [10610] - --------------------------setting values-----------------------------
[INFO ][2015-12-24 18:47:18,101][com.java.TestType] [10613] - Action Type : Verify
[INFO ][2015-12-24 18:47:18,101][com.java.TestType] [ 7031] - field= BTN value= //img[contains(@src,'bdlogo.jpg')]
[INFO ][2015-12-24 18:47:18,101][com.java.TestType] [ 5657] - value = //img[contains(@src,'bdlogo.jpg')]
[INFO ][2015-12-24 18:47:18,171][com.java.TestType] [10632] -  RESULT true
[INFO ][2015-12-24 18:47:18,171][com.java.TestType] [10749] - ?   P A S S   ?
[INFO ][2015-12-24 18:47:18,171][com.java.TestType] [10820] - Looping End......
[INFO ][2015-12-24 18:47:18,175][com.java.SeleniumDriver] [  894] -  RESULT true
[INFO ][2015-12-24 18:47:18,175][com.java.SeleniumDriver] [ 1100] - ?   P A S S   ?
[INFO ][2015-12-24 18:47:18,175][com.java.SeleniumDriver] [  821] - ------------------------------------------
[INFO ][2015-12-24 18:47:18,175][com.java.SeleniumDriver] [  822] - Test case being Executed: 1
[INFO ][2015-12-24 18:47:18,175][com.java.SeleniumDriver] [  833] - Test step:2
[INFO ][2015-12-24 18:47:18,175][com.java.SeleniumDriver] [  845] - Datavalue is----------Concept#2:1-2
[INFO ][2015-12-24 18:47:18,175][com.java.SeleniumDriver] [  869] - DataField : test
[INFO ][2015-12-24 18:47:18,176][com.java.SeleniumDriver] [  871] - DataValue : Concept#2:1-2
[INFO ][2015-12-24 18:47:18,176][com.java.SeleniumDriver] [  877] - <In Set values of the page>
[INFO ][2015-12-24 18:47:18,176][com.java.SeleniumDriver] [  880] - {Data Fields & Data Values Exist}
[INFO ][2015-12-24 18:47:18,176][com.java.SeleniumDriver] [  882] - --------------------------setting values-----------------------------
[INFO ][2015-12-24 18:47:18,176][com.java.SeleniumDriver] [  885] - Action Type : ExecuteTestCase
[INFO ][2015-12-24 18:47:18,176][com.java.TestType] [  437] - The Concept sheet name is ---------- Concept
[INFO ][2015-12-24 18:47:18,176][com.java.TestType] [  440] - The Concept ID  is ---------- 2
[DEBUG][2015-12-24 18:47:18,176][com.java.TestType] [  444] - Steps being executted in the Concept are: 1:2
[INFO ][2015-12-24 18:47:18,177][com.java.TestType] [  451] - Test data details path ---------- D:\BankersDashboard\TestInputs\TestData.xls
[INFO ][2015-12-24 18:47:18,207][com.java.TestType] [  482] -  str(1) = 2
[INFO ][2015-12-24 18:47:18,207][com.java.TestType] [  485] - Test case Id is---2
[INFO ][2015-12-24 18:47:18,208][com.java.TestType] [  487] - 2
[INFO ][2015-12-24 18:47:18,208][com.java.TestType] [  482] -  str(2) = 1
[INFO ][2015-12-24 18:47:18,210][com.java.TestType] [  534] - row values are--------{1=com.java.Objects.TestDataDetails@1f32e51}
[INFO ][2015-12-24 18:47:18,210][com.java.TestType] [  482] -  str(1) = 2
[INFO ][2015-12-24 18:47:18,210][com.java.TestType] [  485] - Test case Id is---2
[INFO ][2015-12-24 18:47:18,210][com.java.TestType] [  487] - 2
[INFO ][2015-12-24 18:47:18,210][com.java.TestType] [  482] -  str(2) = 2
[INFO ][2015-12-24 18:47:18,211][com.java.TestType] [  534] - row values are--------{1=com.java.Objects.TestDataDetails@1f32e51, 2=com.java.Objects.TestDataDetails@430830}
[INFO ][2015-12-24 18:47:18,211][com.java.TestType] [  482] -  str(1) = 2
[INFO ][2015-12-24 18:47:18,211][com.java.TestType] [  485] - Test case Id is---2
[INFO ][2015-12-24 18:47:18,211][com.java.TestType] [  487] - 2
[INFO ][2015-12-24 18:47:18,211][com.java.TestType] [  482] -  str(2) = 3
[INFO ][2015-12-24 18:47:18,212][com.java.TestType] [  534] - row values are--------{1=com.java.Objects.TestDataDetails@1f32e51, 2=com.java.Objects.TestDataDetails@430830, 3=com.java.Objects.TestDataDetails@1c73be6}
[INFO ][2015-12-24 18:47:18,212][com.java.TestType] [10514] - Looping 1TCID = 2
[DEBUG][2015-12-24 18:47:18,212][com.java.TestType] [10555] - Concept ID:2 :: Step being Executed: 2::1
[INFO ][2015-12-24 18:47:18,212][com.java.TestType] [10593] - dataFields : BNK//select[@id='bank']
[DEBUG][2015-12-24 18:47:18,212][com.java.TestType] [10599] - <In Set values of the page>
[DEBUG][2015-12-24 18:47:18,212][com.java.TestType] [10604] - {Data Fields & Data Values Exist}
[INFO ][2015-12-24 18:47:18,212][com.java.TestType] [10610] - --------------------------setting values-----------------------------
[INFO ][2015-12-24 18:47:18,212][com.java.TestType] [10613] - Action Type : Select
[INFO ][2015-12-24 18:47:18,212][com.java.TestType] [ 5657] - value = PFC
[INFO ][2015-12-24 18:47:18,453][com.java.TestType] [10632] -  RESULT true
[INFO ][2015-12-24 18:47:18,453][com.java.TestType] [10749] - ?   P A S S   ?
[DEBUG][2015-12-24 18:47:18,453][com.java.TestType] [10555] - Concept ID:2 :: Step being Executed: 2::2
[INFO ][2015-12-24 18:47:18,453][com.java.TestType] [10593] - dataFields : LNKLogout
[DEBUG][2015-12-24 18:47:18,453][com.java.TestType] [10599] - <In Set values of the page>
[DEBUG][2015-12-24 18:47:18,453][com.java.TestType] [10604] - {Data Fields & Data Values Exist}
[INFO ][2015-12-24 18:47:18,453][com.java.TestType] [10610] - --------------------------setting values-----------------------------
[INFO ][2015-12-24 18:47:18,453][com.java.TestType] [10613] - Action Type : WaitTime
[DEBUG][2015-12-24 18:47:18,454][com.java.TestType] [ 5477] - sleepTime: 5000
[INFO ][2015-12-24 18:47:23,454][com.java.TestType] [10632] -  RESULT true
[INFO ][2015-12-24 18:47:23,454][com.java.TestType] [10749] - ?   P A S S   ?
[INFO ][2015-12-24 18:47:23,454][com.java.TestType] [10820] - Looping End......
[INFO ][2015-12-24 18:47:23,458][com.java.SeleniumDriver] [  894] -  RESULT true
[INFO ][2015-12-24 18:47:23,458][com.java.SeleniumDriver] [ 1100] - ?   P A S S   ?
[INFO ][2015-12-24 18:47:23,458][com.java.SeleniumDriver] [  821] - ------------------------------------------
[INFO ][2015-12-24 18:47:23,458][com.java.SeleniumDriver] [  822] - Test case being Executed: 1
[INFO ][2015-12-24 18:47:23,460][com.java.SeleniumDriver] [  833] - Test step:3
[INFO ][2015-12-24 18:47:23,460][com.java.SeleniumDriver] [  845] - Datavalue is----------2
[INFO ][2015-12-24 18:47:23,460][com.java.SeleniumDriver] [  869] - DataField : XPH//button[contains(text(),'Add Content')]
[INFO ][2015-12-24 18:47:23,460][com.java.SeleniumDriver] [  871] - DataValue : 2
[INFO ][2015-12-24 18:47:23,460][com.java.SeleniumDriver] [  877] - <In Set values of the page>
[INFO ][2015-12-24 18:47:23,460][com.java.SeleniumDriver] [  880] - {Data Fields & Data Values Exist}
[INFO ][2015-12-24 18:47:23,460][com.java.SeleniumDriver] [  882] - --------------------------setting values-----------------------------
[INFO ][2015-12-24 18:47:23,460][com.java.SeleniumDriver] [  885] - Action Type : WAITFORELEMENT
[INFO ][2015-12-24 18:47:23,497][com.java.SeleniumDriver] [  894] -  RESULT true
[INFO ][2015-12-24 18:47:23,497][com.java.SeleniumDriver] [ 1100] - ?   P A S S   ?
[DEBUG][2015-12-24 18:47:23,497][com.java.SeleniumDriver] [ 1212] - Case found
[DEBUG][2015-12-24 18:47:23,497][com.java.SeleniumDriver] [ 1217] - Incrementing ReportCounters[0]:1
[INFO ][2015-12-24 18:47:23,497][com.java.SeleniumDriver] [ 1236] - The results are-------------------[1, 1, Valid Login, Pass, , Thu Dec 24 18:47:18 IST 2015, 1, 2, Valid Login, Pass, , Thu Dec 24 18:47:23 IST 2015, 1, 3, Valid Login, Pass, , Thu Dec 24 18:47:23 IST 2015]
[INFO ][2015-12-24 18:47:23,497][com.java.SeleniumDriver] [ 1240] - End time is-------35 sec
[INFO ][2015-12-24 18:47:23,498][com.java.SeleniumDriver] [ 1241] - The results are-------------------[1, 1, Valid Login, Pass, , Thu Dec 24 18:47:18 IST 2015, 1, 2, Valid Login, Pass, , Thu Dec 24 18:47:23 IST 2015, 1, 3, Valid Login, Pass, , Thu Dec 24 18:47:23 IST 2015]
[DEBUG][2015-12-24 18:47:23,498][com.java.ImportnExport.ExportTestResultsExcel] [  222] - testResultPath = D:\BankersDashboard/TestReports/Test Results_BankersDashBoard_122415_184650_IE10_Bank of North Carolina.xls
[DEBUG][2015-12-24 18:47:23,498][com.java.ImportnExport.ExportTestResultsExcel] [  223] - browser is------------IE10
[DEBUG][2015-12-24 18:47:23,541][com.java.ImportnExport.ExportTestResultsExcel] [  270] - result.size() = 18
[DEBUG][2015-12-24 18:47:23,542][com.java.ImportnExport.ExportTestResultsExcel] [  274] - No of rows in sheet=1
[DEBUG][2015-12-24 18:47:23,542][com.java.ImportnExport.ExportTestResultsExcel] [  301] - ..in export..1
[DEBUG][2015-12-24 18:47:23,542][com.java.ImportnExport.ExportTestResultsExcel] [  301] - ..in export..Valid Login
[DEBUG][2015-12-24 18:47:23,542][com.java.ImportnExport.ExportTestResultsExcel] [  301] - ..in export..Pass
[DEBUG][2015-12-24 18:47:23,542][com.java.ImportnExport.ExportTestResultsExcel] [  301] - ..in export..
[DEBUG][2015-12-24 18:47:23,542][com.java.ImportnExport.ExportTestResultsExcel] [  301] - ..in export..Thu Dec 24 18:47:18 IST 2015
[INFO ][2015-12-24 18:47:23,544][com.java.SeleniumDriver] [ 1299] - out loop:0 size:2 TestCases:[1, 4] testcases:[1, 4]
[INFO ][2015-12-24 18:47:23,544][com.java.ImportnExport.ImportTestDataDetailsExcel] [   49] - test data details path===== D:\BankersDashboard\TestInputs\TestData.xls
[INFO ][2015-12-24 18:47:44,411][com.java.SeleniumDriver] [  821] - ------------------------------------------
[INFO ][2015-12-24 18:47:44,411][com.java.SeleniumDriver] [  822] - Test case being Executed: 4
[INFO ][2015-12-24 18:47:44,411][com.java.SeleniumDriver] [  833] - Test step:1
[INFO ][2015-12-24 18:47:44,411][com.java.SeleniumDriver] [  845] - Datavalue is----------Logout
[INFO ][2015-12-24 18:47:44,411][com.java.SeleniumDriver] [  869] - DataField : BTN
[INFO ][2015-12-24 18:47:44,411][com.java.SeleniumDriver] [  871] - DataValue : Logout
[INFO ][2015-12-24 18:47:44,411][com.java.SeleniumDriver] [  877] - <In Set values of the page>
[INFO ][2015-12-24 18:47:44,411][com.java.SeleniumDriver] [  880] - {Data Fields & Data Values Exist}
[INFO ][2015-12-24 18:47:44,411][com.java.SeleniumDriver] [  882] - --------------------------setting values-----------------------------
[INFO ][2015-12-24 18:47:44,411][com.java.SeleniumDriver] [  885] - Action Type : Verify
[INFO ][2015-12-24 18:47:44,411][com.java.TestType] [ 7031] - field= BTN value= Logout
[INFO ][2015-12-24 18:47:44,411][com.java.TestType] [ 5657] - value = Logout
[INFO ][2015-12-24 18:47:44,507][com.java.SeleniumDriver] [  894] -  RESULT true
[INFO ][2015-12-24 18:47:44,508][com.java.SeleniumDriver] [ 1100] - ?   P A S S   ?
[INFO ][2015-12-24 18:47:44,508][com.java.SeleniumDriver] [ 1142] - step change to 3
[INFO ][2015-12-24 18:47:44,508][com.java.SeleniumDriver] [  821] - ------------------------------------------
[INFO ][2015-12-24 18:47:44,508][com.java.SeleniumDriver] [  822] - Test case being Executed: 4
[INFO ][2015-12-24 18:47:44,508][com.java.SeleniumDriver] [  833] - Test step:3
[INFO ][2015-12-24 18:47:44,508][com.java.SeleniumDriver] [  845] - Datavalue is----------Concept#2:1-2
[INFO ][2015-12-24 18:47:44,508][com.java.SeleniumDriver] [  869] - DataField : test
[INFO ][2015-12-24 18:47:44,508][com.java.SeleniumDriver] [  871] - DataValue : Concept#2:1-2
[INFO ][2015-12-24 18:47:44,508][com.java.SeleniumDriver] [  877] - <In Set values of the page>
[INFO ][2015-12-24 18:47:44,508][com.java.SeleniumDriver] [  880] - {Data Fields & Data Values Exist}
[INFO ][2015-12-24 18:47:44,508][com.java.SeleniumDriver] [  882] - --------------------------setting values-----------------------------
[INFO ][2015-12-24 18:47:44,508][com.java.SeleniumDriver] [  885] - Action Type : ExecuteTestCase
[INFO ][2015-12-24 18:47:44,509][com.java.TestType] [  437] - The Concept sheet name is ---------- Concept
[INFO ][2015-12-24 18:47:44,509][com.java.TestType] [  440] - The Concept ID  is ---------- 2
[DEBUG][2015-12-24 18:47:44,509][com.java.TestType] [  444] - Steps being executted in the Concept are: 1:2
[INFO ][2015-12-24 18:47:44,509][com.java.TestType] [  451] - Test data details path ---------- D:\BankersDashboard\TestInputs\TestData.xls
[INFO ][2015-12-24 18:47:44,539][com.java.TestType] [  482] -  str(1) = 2
[INFO ][2015-12-24 18:47:44,540][com.java.TestType] [  485] - Test case Id is---2
[INFO ][2015-12-24 18:47:44,540][com.java.TestType] [  487] - 2
[INFO ][2015-12-24 18:47:44,540][com.java.TestType] [  482] -  str(2) = 1
[INFO ][2015-12-24 18:47:44,542][com.java.TestType] [  534] - row values are--------{1=com.java.Objects.TestDataDetails@55de3b}
[INFO ][2015-12-24 18:47:44,542][com.java.TestType] [  482] -  str(1) = 2
[INFO ][2015-12-24 18:47:44,542][com.java.TestType] [  485] - Test case Id is---2
[INFO ][2015-12-24 18:47:44,542][com.java.TestType] [  487] - 2
[INFO ][2015-12-24 18:47:44,542][com.java.TestType] [  482] -  str(2) = 2
[INFO ][2015-12-24 18:47:44,542][com.java.TestType] [  534] - row values are--------{1=com.java.Objects.TestDataDetails@55de3b, 2=com.java.Objects.TestDataDetails@fae917}
[INFO ][2015-12-24 18:47:44,543][com.java.TestType] [  482] -  str(1) = 2
[INFO ][2015-12-24 18:47:44,543][com.java.TestType] [  485] - Test case Id is---2
[INFO ][2015-12-24 18:47:44,543][com.java.TestType] [  487] - 2
[INFO ][2015-12-24 18:47:44,543][com.java.TestType] [  482] -  str(2) = 3
[INFO ][2015-12-24 18:47:44,543][com.java.TestType] [  534] - row values are--------{1=com.java.Objects.TestDataDetails@55de3b, 2=com.java.Objects.TestDataDetails@fae917, 3=com.java.Objects.TestDataDetails@129fb51}
[INFO ][2015-12-24 18:47:44,543][com.java.TestType] [10514] - Looping 1TCID = 2
[DEBUG][2015-12-24 18:47:44,544][com.java.TestType] [10555] - Concept ID:2 :: Step being Executed: 2::1
[INFO ][2015-12-24 18:47:44,544][com.java.TestType] [10593] - dataFields : BNK//select[@id='bank']
[DEBUG][2015-12-24 18:47:44,544][com.java.TestType] [10599] - <In Set values of the page>
[DEBUG][2015-12-24 18:47:44,544][com.java.TestType] [10604] - {Data Fields & Data Values Exist}
[INFO ][2015-12-24 18:47:44,544][com.java.TestType] [10610] - --------------------------setting values-----------------------------
[INFO ][2015-12-24 18:47:44,544][com.java.TestType] [10613] - Action Type : Select
[INFO ][2015-12-24 18:47:44,544][com.java.TestType] [ 5657] - value = PFC
[INFO ][2015-12-24 18:47:44,750][com.java.TestType] [10632] -  RESULT true
[INFO ][2015-12-24 18:47:44,750][com.java.TestType] [10749] - ?   P A S S   ?
[DEBUG][2015-12-24 18:47:44,751][com.java.TestType] [10555] - Concept ID:2 :: Step being Executed: 2::2
[INFO ][2015-12-24 18:47:44,751][com.java.TestType] [10593] - dataFields : LNKLogout
[DEBUG][2015-12-24 18:47:44,751][com.java.TestType] [10599] - <In Set values of the page>
[DEBUG][2015-12-24 18:47:44,751][com.java.TestType] [10604] - {Data Fields & Data Values Exist}
[INFO ][2015-12-24 18:47:44,751][com.java.TestType] [10610] - --------------------------setting values-----------------------------
[INFO ][2015-12-24 18:47:44,752][com.java.TestType] [10613] - Action Type : WaitTime
[DEBUG][2015-12-24 18:47:44,752][com.java.TestType] [ 5477] - sleepTime: 5000
[INFO ][2015-12-24 18:47:49,752][com.java.TestType] [10632] -  RESULT true
[INFO ][2015-12-24 18:47:49,752][com.java.TestType] [10749] - ?   P A S S   ?
[INFO ][2015-12-24 18:47:49,752][com.java.TestType] [10820] - Looping End......
[INFO ][2015-12-24 18:47:49,756][com.java.SeleniumDriver] [  894] -  RESULT true
[INFO ][2015-12-24 18:47:49,756][com.java.SeleniumDriver] [ 1100] - ?   P A S S   ?
[INFO ][2015-12-24 18:47:49,756][com.java.SeleniumDriver] [  821] - ------------------------------------------
[INFO ][2015-12-24 18:47:49,756][com.java.SeleniumDriver] [  822] - Test case being Executed: 4
[INFO ][2015-12-24 18:47:49,756][com.java.SeleniumDriver] [  833] - Test step:4
[INFO ][2015-12-24 18:47:49,756][com.java.SeleniumDriver] [  845] - Datavalue is----------2
[INFO ][2015-12-24 18:47:49,756][com.java.SeleniumDriver] [  869] - DataField : BTNG/L
[INFO ][2015-12-24 18:47:49,756][com.java.SeleniumDriver] [  871] - DataValue : 2
[INFO ][2015-12-24 18:47:49,756][com.java.SeleniumDriver] [  877] - <In Set values of the page>
[INFO ][2015-12-24 18:47:49,756][com.java.SeleniumDriver] [  880] - {Data Fields & Data Values Exist}
[INFO ][2015-12-24 18:47:49,756][com.java.SeleniumDriver] [  882] - --------------------------setting values-----------------------------
[INFO ][2015-12-24 18:47:49,756][com.java.SeleniumDriver] [  885] - Action Type : WAITFORELEMENT
[INFO ][2015-12-24 18:47:49,804][com.java.SeleniumDriver] [  894] -  RESULT true
[INFO ][2015-12-24 18:47:49,804][com.java.SeleniumDriver] [ 1100] - ?   P A S S   ?
[INFO ][2015-12-24 18:47:49,804][com.java.SeleniumDriver] [  821] - ------------------------------------------
[INFO ][2015-12-24 18:47:49,804][com.java.SeleniumDriver] [  822] - Test case being Executed: 4
[INFO ][2015-12-24 18:47:49,804][com.java.SeleniumDriver] [  833] - Test step:5
[INFO ][2015-12-24 18:47:49,805][com.java.SeleniumDriver] [  845] - Datavalue is----------null
[DEBUG][2015-12-24 18:47:49,805][com.java.SeleniumDriver] [  863] - Exception: null
[INFO ][2015-12-24 18:47:49,805][com.java.SeleniumDriver] [  869] - DataField : //a[starts-with(normalize-space(.), 'Settings')]/span[2]&&//a[starts-with(normalize-space(.), 'Customize')]&&//li[@data-id='MyDashboard']/a[starts-with(text(), 'My Dashboard')]
[INFO ][2015-12-24 18:47:49,805][com.java.SeleniumDriver] [  871] - DataValue : 
[INFO ][2015-12-24 18:47:49,805][com.java.SeleniumDriver] [  877] - <In Set values of the page>
[INFO ][2015-12-24 18:47:49,805][com.java.SeleniumDriver] [  880] - {Data Fields & Data Values Exist}
[INFO ][2015-12-24 18:47:49,805][com.java.SeleniumDriver] [  882] - --------------------------setting values-----------------------------
[INFO ][2015-12-24 18:47:49,805][com.java.SeleniumDriver] [  885] - Action Type : MOUSEOVER
[INFO ][2015-12-24 18:48:16,572][com.java.SeleniumDriver] [  894] -  RESULT true
[INFO ][2015-12-24 18:48:16,572][com.java.SeleniumDriver] [ 1100] - ?   P A S S   ?
[INFO ][2015-12-24 18:48:16,572][com.java.SeleniumDriver] [  821] - ------------------------------------------
[INFO ][2015-12-24 18:48:16,572][com.java.SeleniumDriver] [  822] - Test case being Executed: 4
[INFO ][2015-12-24 18:48:16,572][com.java.SeleniumDriver] [  833] - Test step:6
[INFO ][2015-12-24 18:48:16,572][com.java.SeleniumDriver] [  845] - Datavalue is----------5
[INFO ][2015-12-24 18:48:16,572][com.java.SeleniumDriver] [  869] - DataField : BTN//iframe[@id='frameDialogContent']
[INFO ][2015-12-24 18:48:16,572][com.java.SeleniumDriver] [  871] - DataValue : 5
[INFO ][2015-12-24 18:48:16,572][com.java.SeleniumDriver] [  877] - <In Set values of the page>
[INFO ][2015-12-24 18:48:16,572][com.java.SeleniumDriver] [  880] - {Data Fields & Data Values Exist}
[INFO ][2015-12-24 18:48:16,572][com.java.SeleniumDriver] [  882] - --------------------------setting values-----------------------------
[INFO ][2015-12-24 18:48:16,572][com.java.SeleniumDriver] [  885] - Action Type : WAITFORELEMENT
[INFO ][2015-12-24 18:48:16,609][com.java.SeleniumDriver] [  894] -  RESULT true
[INFO ][2015-12-24 18:48:16,609][com.java.SeleniumDriver] [ 1100] - ?   P A S S   ?
[INFO ][2015-12-24 18:48:16,609][com.java.SeleniumDriver] [  821] - ------------------------------------------
[INFO ][2015-12-24 18:48:16,609][com.java.SeleniumDriver] [  822] - Test case being Executed: 4
[INFO ][2015-12-24 18:48:16,609][com.java.SeleniumDriver] [  833] - Test step:7
[INFO ][2015-12-24 18:48:16,610][com.java.SeleniumDriver] [  845] - Datavalue is----------null
[DEBUG][2015-12-24 18:48:16,610][com.java.SeleniumDriver] [  863] - Exception: null
[INFO ][2015-12-24 18:48:16,610][com.java.SeleniumDriver] [  869] - DataField : BTN//iframe[@id='frameDialogContent']
[INFO ][2015-12-24 18:48:16,610][com.java.SeleniumDriver] [  871] - DataValue : 
[INFO ][2015-12-24 18:48:16,610][com.java.SeleniumDriver] [  877] - <In Set values of the page>
[INFO ][2015-12-24 18:48:16,610][com.java.SeleniumDriver] [  880] - {Data Fields & Data Values Exist}
[INFO ][2015-12-24 18:48:16,610][com.java.SeleniumDriver] [  882] - --------------------------setting values-----------------------------
[INFO ][2015-12-24 18:48:16,610][com.java.SeleniumDriver] [  885] - Action Type : SELECTFRAME
[INFO ][2015-12-24 18:48:16,708][com.java.SeleniumDriver] [  894] -  RESULT true
[INFO ][2015-12-24 18:48:16,708][com.java.SeleniumDriver] [ 1100] - ?   P A S S   ?
[INFO ][2015-12-24 18:48:16,708][com.java.SeleniumDriver] [  821] - ------------------------------------------
[INFO ][2015-12-24 18:48:16,708][com.java.SeleniumDriver] [  822] - Test case being Executed: 4
[INFO ][2015-12-24 18:48:16,708][com.java.SeleniumDriver] [  833] - Test step:8
[INFO ][2015-12-24 18:48:16,708][com.java.SeleniumDriver] [  845] - Datavalue is----------null
[DEBUG][2015-12-24 18:48:16,709][com.java.SeleniumDriver] [  863] - Exception: null
[INFO ][2015-12-24 18:48:16,709][com.java.SeleniumDriver] [  869] - DataField : XPH//td[starts-with(text(), '#_CAL')]/../td[@align='center']/span[2]
[INFO ][2015-12-24 18:48:16,709][com.java.SeleniumDriver] [  871] - DataValue : 
[INFO ][2015-12-24 18:48:16,710][com.java.SeleniumDriver] [  877] - <In Set values of the page>
[INFO ][2015-12-24 18:48:16,710][com.java.SeleniumDriver] [  880] - {Data Fields & Data Values Exist}
[INFO ][2015-12-24 18:48:16,710][com.java.SeleniumDriver] [  882] - --------------------------setting values-----------------------------
[INFO ][2015-12-24 18:48:16,710][com.java.SeleniumDriver] [  885] - Action Type : Click
[INFO ][2015-12-24 18:48:16,710][com.java.TestType] [ 6036] - Field ::XPH//td[starts-with(text(), '#_CAL')]/../td[@align='center']/span[2]
[INFO ][2015-12-24 18:48:16,711][com.java.TestType] [ 5657] - value = 
[INFO ][2015-12-24 18:48:17,711][com.java.TestType] [ 6173] - BEFORE CLICK
[INFO ][2015-12-24 18:48:18,462][com.java.TestType] [ 6181] - Unable to click the object edit on custom calculation
[INFO ][2015-12-24 18:48:18,462][com.java.SeleniumDriver] [  894] -  RESULT true
[INFO ][2015-12-24 18:48:18,462][com.java.SeleniumDriver] [ 1100] - ?   P A S S   ?
[INFO ][2015-12-24 18:48:18,462][com.java.SeleniumDriver] [ 1142] - step change to 14
[INFO ][2015-12-24 18:48:18,462][com.java.SeleniumDriver] [  821] - ------------------------------------------
[INFO ][2015-12-24 18:48:18,462][com.java.SeleniumDriver] [  822] - Test case being Executed: 4
[INFO ][2015-12-24 18:48:18,462][com.java.SeleniumDriver] [  833] - Test step:14
[INFO ][2015-12-24 18:48:18,462][com.java.SeleniumDriver] [  845] - Datavalue is----------2
[INFO ][2015-12-24 18:48:18,462][com.java.SeleniumDriver] [  869] - DataField : null
[INFO ][2015-12-24 18:48:18,462][com.java.SeleniumDriver] [  871] - DataValue : 2
[INFO ][2015-12-24 18:48:18,462][com.java.SeleniumDriver] [  877] - <In Set values of the page>
[INFO ][2015-12-24 18:48:18,462][com.java.SeleniumDriver] [  880] - {Data Fields & Data Values Exist}
[INFO ][2015-12-24 18:48:18,462][com.java.SeleniumDriver] [  882] - --------------------------setting values-----------------------------
[INFO ][2015-12-24 18:48:18,463][com.java.SeleniumDriver] [  885] - Action Type : WaitTime
[DEBUG][2015-12-24 18:48:18,463][com.java.TestType] [ 5477] - sleepTime: 2000
[INFO ][2015-12-24 18:48:20,463][com.java.SeleniumDriver] [  894] -  RESULT true
[INFO ][2015-12-24 18:48:20,463][com.java.SeleniumDriver] [ 1100] - ?   P A S S   ?
[INFO ][2015-12-24 18:48:20,463][com.java.SeleniumDriver] [  821] - ------------------------------------------
[INFO ][2015-12-24 18:48:20,463][com.java.SeleniumDriver] [  822] - Test case being Executed: 4
[INFO ][2015-12-24 18:48:20,463][com.java.SeleniumDriver] [  833] - Test step:15
[INFO ][2015-12-24 18:48:20,463][com.java.SeleniumDriver] [  845] - Datavalue is----------Indicator Type
[INFO ][2015-12-24 18:48:20,463][com.java.SeleniumDriver] [  869] - DataField : MSG
[INFO ][2015-12-24 18:48:20,465][com.java.SeleniumDriver] [  871] - DataValue : Indicator Type
[INFO ][2015-12-24 18:48:20,465][com.java.SeleniumDriver] [  877] - <In Set values of the page>
[INFO ][2015-12-24 18:48:20,465][com.java.SeleniumDriver] [  880] - {Data Fields & Data Values Exist}
[INFO ][2015-12-24 18:48:20,465][com.java.SeleniumDriver] [  882] - --------------------------setting values-----------------------------
[INFO ][2015-12-24 18:48:20,465][com.java.SeleniumDriver] [  885] - Action Type : verify
[INFO ][2015-12-24 18:48:20,465][com.java.TestType] [ 7031] - field= MSG value= Indicator Type
[INFO ][2015-12-24 18:48:20,465][com.java.TestType] [ 5657] - value = Indicator Type
[DEBUG][2015-12-24 18:48:20,465][com.java.TestType] [ 7852] - value :: Indicator Type
[INFO ][2015-12-24 18:48:20,481][com.java.SeleniumDriver] [  894] -  RESULT true
[INFO ][2015-12-24 18:48:20,482][com.java.SeleniumDriver] [ 1100] - ?   P A S S   ?
[INFO ][2015-12-24 18:48:20,482][com.java.SeleniumDriver] [  821] - ------------------------------------------
[INFO ][2015-12-24 18:48:20,482][com.java.SeleniumDriver] [  822] - Test case being Executed: 4
[INFO ][2015-12-24 18:48:20,482][com.java.SeleniumDriver] [  833] - Test step:16
[INFO ][2015-12-24 18:48:20,482][com.java.SeleniumDriver] [  845] - Datavalue is----------Indicator Value
[INFO ][2015-12-24 18:48:20,482][com.java.SeleniumDriver] [  869] - DataField : MSG
[INFO ][2015-12-24 18:48:20,482][com.java.SeleniumDriver] [  871] - DataValue : Indicator Value
[INFO ][2015-12-24 18:48:20,482][com.java.SeleniumDriver] [  877] - <In Set values of the page>
[INFO ][2015-12-24 18:48:20,482][com.java.SeleniumDriver] [  880] - {Data Fields & Data Values Exist}
[INFO ][2015-12-24 18:48:20,482][com.java.SeleniumDriver] [  882] - --------------------------setting values-----------------------------
[INFO ][2015-12-24 18:48:20,482][com.java.SeleniumDriver] [  885] - Action Type : verify
[INFO ][2015-12-24 18:48:20,482][com.java.TestType] [ 7031] - field= MSG value= Indicator Value
[INFO ][2015-12-24 18:48:20,482][com.java.TestType] [ 5657] - value = Indicator Value
[DEBUG][2015-12-24 18:48:20,483][com.java.TestType] [ 7852] - value :: Indicator Value
[INFO ][2015-12-24 18:48:20,499][com.java.SeleniumDriver] [  894] -  RESULT true
[INFO ][2015-12-24 18:48:20,499][com.java.SeleniumDriver] [ 1100] - ?   P A S S   ?
[INFO ][2015-12-24 18:48:20,499][com.java.SeleniumDriver] [  821] - ------------------------------------------
[INFO ][2015-12-24 18:48:20,499][com.java.SeleniumDriver] [  822] - Test case being Executed: 4
[INFO ][2015-12-24 18:48:20,499][com.java.SeleniumDriver] [  833] - Test step:17
[INFO ][2015-12-24 18:48:20,499][com.java.SeleniumDriver] [  845] - Datavalue is----------Indicator Name
[INFO ][2015-12-24 18:48:20,499][com.java.SeleniumDriver] [  869] - DataField : MSG
[INFO ][2015-12-24 18:48:20,499][com.java.SeleniumDriver] [  871] - DataValue : Indicator Name
[INFO ][2015-12-24 18:48:20,499][com.java.SeleniumDriver] [  877] - <In Set values of the page>
[INFO ][2015-12-24 18:48:20,499][com.java.SeleniumDriver] [  880] - {Data Fields & Data Values Exist}
[INFO ][2015-12-24 18:48:20,499][com.java.SeleniumDriver] [  882] - --------------------------setting values-----------------------------
[INFO ][2015-12-24 18:48:20,499][com.java.SeleniumDriver] [  885] - Action Type : verify
[INFO ][2015-12-24 18:48:20,499][com.java.TestType] [ 7031] - field= MSG value= Indicator Name
[INFO ][2015-12-24 18:48:20,500][com.java.TestType] [ 5657] - value = Indicator Name
[DEBUG][2015-12-24 18:48:20,500][com.java.TestType] [ 7852] - value :: Indicator Name
[INFO ][2015-12-24 18:48:20,516][com.java.SeleniumDriver] [  894] -  RESULT true
[INFO ][2015-12-24 18:48:20,516][com.java.SeleniumDriver] [ 1100] - ?   P A S S   ?
[INFO ][2015-12-24 18:48:20,517][com.java.SeleniumDriver] [  821] - ------------------------------------------
[INFO ][2015-12-24 18:48:20,517][com.java.SeleniumDriver] [  822] - Test case being Executed: 4
[WARN ][2015-12-24 18:48:20,517][com.java.SeleniumDriver] [  826] - -----------------------Step Skipped:: 	TestCaseNo:  4	 StepNo: 18  	::	Action Type:  ENTER 	::		ClientName In TestData:  "SKIP" 	::	ClientName in config:  "Bank of North Carolina"-----------------------------
[INFO ][2015-12-24 18:48:20,517][com.java.SeleniumDriver] [  821] - ------------------------------------------
[INFO ][2015-12-24 18:48:20,517][com.java.SeleniumDriver] [  822] - Test case being Executed: 4
[INFO ][2015-12-24 18:48:20,517][com.java.SeleniumDriver] [  833] - Test step:19
[INFO ][2015-12-24 18:48:20,517][com.java.SeleniumDriver] [  845] - Datavalue is----------5
[INFO ][2015-12-24 18:48:20,517][com.java.SeleniumDriver] [  869] - DataField : null
[INFO ][2015-12-24 18:48:20,517][com.java.SeleniumDriver] [  871] - DataValue : 5
[INFO ][2015-12-24 18:48:20,517][com.java.SeleniumDriver] [  877] - <In Set values of the page>
[INFO ][2015-12-24 18:48:20,517][com.java.SeleniumDriver] [  880] - {Data Fields & Data Values Exist}
[INFO ][2015-12-24 18:48:20,517][com.java.SeleniumDriver] [  882] - --------------------------setting values-----------------------------
[INFO ][2015-12-24 18:48:20,517][com.java.SeleniumDriver] [  885] - Action Type : WaitTime
[DEBUG][2015-12-24 18:48:20,517][com.java.TestType] [ 5477] - sleepTime: 5000
[INFO ][2015-12-24 18:48:25,518][com.java.SeleniumDriver] [  894] -  RESULT true
[INFO ][2015-12-24 18:48:25,518][com.java.SeleniumDriver] [ 1100] - ?   P A S S   ?
[INFO ][2015-12-24 18:48:25,518][com.java.SeleniumDriver] [  821] - ------------------------------------------
[INFO ][2015-12-24 18:48:25,518][com.java.SeleniumDriver] [  822] - Test case being Executed: 4
[INFO ][2015-12-24 18:48:25,518][com.java.SeleniumDriver] [  833] - Test step:20
[INFO ][2015-12-24 18:48:25,518][com.java.SeleniumDriver] [  845] - Datavalue is----------null
[DEBUG][2015-12-24 18:48:25,518][com.java.SeleniumDriver] [  863] - Exception: null
[INFO ][2015-12-24 18:48:25,518][com.java.SeleniumDriver] [  869] - DataField : XPH//input[@id='btnNext']
[INFO ][2015-12-24 18:48:25,518][com.java.SeleniumDriver] [  871] - DataValue : 
[INFO ][2015-12-24 18:48:25,518][com.java.SeleniumDriver] [  877] - <In Set values of the page>
[INFO ][2015-12-24 18:48:25,518][com.java.SeleniumDriver] [  880] - {Data Fields & Data Values Exist}
[INFO ][2015-12-24 18:48:25,518][com.java.SeleniumDriver] [  882] - --------------------------setting values-----------------------------
[INFO ][2015-12-24 18:48:25,519][com.java.SeleniumDriver] [  885] - Action Type : CLICK
[INFO ][2015-12-24 18:48:25,519][com.java.TestType] [ 6036] - Field ::XPH//input[@id='btnNext']
[INFO ][2015-12-24 18:48:25,519][com.java.TestType] [ 5657] - value = 
[INFO ][2015-12-24 18:48:26,519][com.java.TestType] [ 6173] - BEFORE CLICK
[ERROR][2015-12-24 18:48:26,650][com.java.TestType] [ 6371] - Exception in click:: Cannot click on element (WARNING: The server did not provide any stacktrace information)
Command duration or timeout: 35 milliseconds
Build info: version: '2.48.2', revision: '41bccdd', time: '2015-10-09 19:59:12'
System info: host: 'FVTIII438F1D', ip: '172.17.68.34', os.name: 'Windows 7', os.arch: 'x86', os.version: '6.1', java.version: '1.7.0_55'
Session ID: 95eddda7-fda5-48c4-a898-904879b19213
Driver info: org.openqa.selenium.ie.InternetExplorerDriver
Capabilities [{platform=WINDOWS, javascriptEnabled=true, elementScrollBehavior=0, ignoreZoomSetting=false, enablePersistentHover=true, ie.ensureCleanSession=false, browserName=internet explorer, enableElementCacheCleanup=true, unexpectedAlertBehaviour=dismiss, version=10, ie.usePerProcessProxy=false, ignoreProtectedModeSettings=true, cssSelectorsEnabled=true, requireWindowFocus=false, initialBrowserUrl=http://localhost:13867/, handlesAlerts=true, ie.forceCreateProcessApi=false, nativeEvents=true, browserAttachTimeout=0, ie.browserCommandLineSwitches=, takesScreenshot=true}]
[INFO ][2015-12-24 18:48:26,650][com.java.TestType] [ 6375] - Element :://input[@id='btnNext']:: not found
[INFO ][2015-12-24 18:48:26,650][com.java.SeleniumDriver] [  894] -  RESULT false
[INFO ][2015-12-24 18:48:26,650][com.java.SeleniumDriver] [  941] - ?   F A I L   ?
[INFO ][2015-12-24 18:48:26,650][com.java.SeleniumDriver] [  949] - Browser Type : IE10
[INFO ][2015-12-24 18:48:26,650][com.java.SeleniumDriver] [  950] - Adding Failed case4
[INFO ][2015-12-24 18:48:27,426][com.java.SeleniumDriver] [ 1064] - failedCases = 4
[ERROR][2015-12-24 18:48:27,426][com.java.SeleniumDriver] [ 1561] - Platform Errors : Our apologies...::We have encountered an issue with your request.::Our apologies?:We encountered an issue with your request.
[INFO ][2015-12-24 18:48:27,426][com.java.SeleniumDriver] [ 1565] - Length =3
[ERROR][2015-12-24 18:48:27,426][com.java.SeleniumDriver] [ 1568] - Error 0 = Our apologies...
[ERROR][2015-12-24 18:48:27,442][com.java.SeleniumDriver] [ 1568] - Error 1 = We have encountered an issue with your request.
[ERROR][2015-12-24 18:48:27,458][com.java.SeleniumDriver] [ 1568] - Error 2 = Our apologies?:We encountered an issue with your request.
[INFO ][2015-12-24 18:48:27,475][com.java.SeleniumDriver] [ 1579] - strError:
[DEBUG][2015-12-24 18:48:27,490][com.java.SeleniumDriver] [ 1212] - Case found
[DEBUG][2015-12-24 18:48:27,490][com.java.SeleniumDriver] [ 1217] - Incrementing ReportCounters[0]:2
[INFO ][2015-12-24 18:48:27,490][com.java.SeleniumDriver] [ 1236] - The results are-------------------[4, 20, Settings: Customize My Dashboards: Custom Calculations: Edit Custom Calculation Indicator, Fail, 
Test case failed at Step No. :: 20   Error Message ::  Element :://input[@id='btnNext']:: not found. Screen Shot : D:\BankersDashboard\TestReports\122415\4_122415_184826_IE10.png, Thu Dec 24 18:48:27 IST 2015]
[INFO ][2015-12-24 18:48:27,490][com.java.SeleniumDriver] [ 1240] - End time is-------1 min 39 sec
[INFO ][2015-12-24 18:48:27,490][com.java.SeleniumDriver] [ 1241] - The results are-------------------[4, 20, Settings: Customize My Dashboards: Custom Calculations: Edit Custom Calculation Indicator, Fail, 
Test case failed at Step No. :: 20   Error Message ::  Element :://input[@id='btnNext']:: not found. Screen Shot : D:\BankersDashboard\TestReports\122415\4_122415_184826_IE10.png, Thu Dec 24 18:48:27 IST 2015]
[DEBUG][2015-12-24 18:48:27,490][com.java.ImportnExport.ExportTestResultsExcel] [  222] - testResultPath = D:\BankersDashboard/TestReports/Test Results_BankersDashBoard_122415_184650_IE10_Bank of North Carolina.xls
[DEBUG][2015-12-24 18:48:27,490][com.java.ImportnExport.ExportTestResultsExcel] [  223] - browser is------------IE10
[DEBUG][2015-12-24 18:48:27,492][com.java.ImportnExport.ExportTestResultsExcel] [  270] - result.size() = 6
[DEBUG][2015-12-24 18:48:27,493][com.java.ImportnExport.ExportTestResultsExcel] [  274] - No of rows in sheet=2
[DEBUG][2015-12-24 18:48:27,493][com.java.ImportnExport.ExportTestResultsExcel] [  301] - ..in export..4
[DEBUG][2015-12-24 18:48:27,493][com.java.ImportnExport.ExportTestResultsExcel] [  301] - ..in export..Settings: Customize My Dashboards: Custom Calculations: Edit Custom Calculation Indicator
[DEBUG][2015-12-24 18:48:27,493][com.java.ImportnExport.ExportTestResultsExcel] [  301] - ..in export..Fail
[DEBUG][2015-12-24 18:48:27,493][com.java.ImportnExport.ExportTestResultsExcel] [  301] - ..in export..
Test case failed at Step No. :: 20   Error Message ::  Element :://input[@id='btnNext']:: not found. Screen Shot : D:\BankersDashboard\TestReports\122415\4_122415_184826_IE10.png
[DEBUG][2015-12-24 18:48:27,493][com.java.ImportnExport.ExportTestResultsExcel] [  301] - ..in export..Thu Dec 24 18:48:27 IST 2015
[INFO ][2015-12-24 18:48:27,494][com.java.SeleniumDriver] [ 1299] - out loop:1 size:2 TestCases:[1, 4] testcases:[1, 4]
[INFO ][2015-12-24 18:48:29,494][com.java.SeleniumDriver] [ 1342] - Total Number of Cases:2
[INFO ][2015-12-24 18:48:29,494][com.java.TemplateGenerator] [  302] - Executed:2
[INFO ][2015-12-24 18:48:29,494][com.java.TemplateGenerator] [  303] - Passed:1
[INFO ][2015-12-24 18:48:29,494][com.java.TemplateGenerator] [  304] - Failed:1
[INFO ][2015-12-24 18:48:29,494][com.java.TemplateGenerator] [  305] - Skipeed:0
[INFO ][2015-12-24 18:48:29,494][com.java.TemplateGenerator] [  306] - Application URL:https://clients-xuat.bankersdashboard.com
[INFO ][2015-12-24 18:48:29,494][com.java.TemplateGenerator] [  307] - Start Time:122415_184650
[INFO ][2015-12-24 18:48:29,494][com.java.TemplateGenerator] [  308] -  Creating HTML Report 
[ERROR][2015-12-24 18:48:29,495][com.java.TemplateGenerator] [  409] - Unparseable date: "Thu Dec 24 06:46:50 IST 2015"
[INFO ][2015-12-24 18:48:29,495][com.java.TemplateGenerator] [  654] -  Exporting case :: 1
[INFO ][2015-12-24 18:48:29,495][com.java.TemplateGenerator] [  654] -  Exporting case :: 4
[INFO ][2015-12-24 18:48:29,500][com.java.SeleniumDriver] [ 1391] - End Time:122415_184829
[INFO ][2015-12-24 18:48:29,500][com.java.SeleniumDriver] [ 1394] - Data in Test Execution Details:{1=PASS, 4=FAILTest case failed at Step No. :: 20   Error Message ::  Element :://input[@id='btnNext']:: not found}
[INFO ][2015-12-24 18:48:29,500][com.java.SeleniumDriver] [ 1395] - Data in Failed Execution Deatils:{}
[INFO ][2015-12-24 18:48:29,502][com.java.SeleniumDriver] [ 1397] - ReportCounter:Total:2 :: PASS: 1 ::FAIL: 1
[INFO ][2015-12-24 18:48:29,502][com.java.SeleniumDriver] [ 1398] - FailedReportCounter:Total:0 :: PASS: 0 ::FAIL: 0
[INFO ][2015-12-24 18:48:29,508][com.java.EmailTestReport] [   63] - Sending report mail details:
[INFO ][2015-12-24 18:48:29,508][com.java.EmailTestReport] [   80] - Excel Report Path:D:\BankersDashboard/TestReports/Test Results_BankersDashBoard_122415_184650_IE10_Bank of North Carolina.xls
[INFO ][2015-12-24 18:48:29,508][com.java.EmailTestReport] [   81] - HTML Report Path:D:\BankersDashboard//TestReports//Test Results_BankersDashBoard_122415_184650_IE10_Bank of North Carolina.html
[INFO ][2015-12-24 18:48:29,508][com.java.EmailTestReport] [   82] - smtpHostName:mail01.valuelabs.com
[INFO ][2015-12-24 18:48:29,508][com.java.EmailTestReport] [   83] - Recipient:venkateswararao.gubbala@valuelabs.com;
[INFO ][2015-12-24 18:48:29,508][com.java.EmailTestReport] [   84] - From:venkateswararao.gubbala@valuelabs.com;
[INFO ][2015-12-24 18:48:29,508][com.java.EmailTestReport] [   85] - Subject:Deluxe Corp Bankers Dashboard Automation Test Report - Bank of North Carolina - IE10
[INFO ][2015-12-24 18:48:29,524][com.java.EmailTestReport] [  143] -  Added venkateswararao.gubbala@valuelabs.com
[INFO ][2015-12-24 18:48:32,636][com.java.SeleniumDriver] [  720] - quitting the browser 
[INFO ][2015-12-24 18:48:33,840][com.java.SeleniumDriver] [  264] - Execution Completed Stopping the thread
