[INFO ][2015-11-03 18:10:19,252][com.java.SeleniumDriver] [  213] - Execute Failed Casesfalse
[INFO ][2015-11-03 18:10:19,252][com.java.SeleniumDriver] [  214] - Browser: IE11
[INFO ][2015-11-03 18:10:19,252][com.java.SeleniumDriver] [  215] - [1, 4, 5, 6, 7, 8, 10, 11, 12, 14, 16]
[INFO ][2015-11-03 18:10:19,253][com.java.SeleniumDriver] [  216] - Total TestCases:11
[INFO ][2015-11-03 18:10:19,253][com.java.SeleniumDriver] [  217] -  Reading Properties from Property File 
[DEBUG][2015-11-03 18:10:19,253][com.java.SeleniumDriver] [  238] - url : https://clients-xuat.bankersdashboard.com
[INFO ][2015-11-03 18:10:19,254][com.java.ImportnExport.ExportTestResultsExcel] [  116] - Time Stamp Tue Nov 03 06:10:19 IST 2015
[INFO ][2015-11-03 18:10:19,254][com.java.ImportnExport.ExportTestResultsExcel] [  175] - OUT FILE : D:\BankersDashboard/TestReports/Test Results_BankersDashBoard_110315_181019_IE11_Any Bank USA.xls
[INFO ][2015-11-03 18:10:19,282][com.java.ImportnExport.ExportTestResultsExcel] [  180] - Test Result file is created
[DEBUG][2015-11-03 18:10:19,383][com.java.SeleniumDriver] [  425] - Hub ip address is-------172.17.68.34
[INFO ][2015-11-03 18:10:19,384][com.java.SeleniumDriver] [  451] - Grid URL:http://172.17.68.34:4444/wd/hub
[INFO ][2015-11-03 18:10:19,384][com.java.SeleniumDriver] [  452] - Capability:Capabilities [{platform=ANY, ensureCleanSession=true, ignoreProtectedModeSettings=true, acceptSslCerts=true, ignoreZoomSetting=true, browserName=internet explorer, browserstack.ie.noFlash=true, version=Node1}]
[ERROR][2015-11-03 18:10:20,688][com.java.SeleniumDriver] [  496] - Unable invoke browser in grid:Could not start a new session. Possible causes are invalid address of the remote server or browser start-up failure.
Build info: version: '2.48.2', revision: '41bccdd', time: '2015-10-09 19:59:12'
System info: host: 'FVTIII438F1D', ip: '172.17.68.34', os.name: 'Windows 7', os.arch: 'x86', os.version: '6.1', java.version: '1.7.0_55'
Driver info: driver.version: SeleniumDriver
[INFO ][2015-11-03 18:10:20,688][com.java.SeleniumDriver] [  498] - Executing on local machine
[INFO ][2015-11-03 18:10:29,701][com.java.SeleniumDriver] [  248] - IE11is opened
[INFO ][2015-11-03 18:10:30,539][com.java.SeleniumDriver] [  752] - Test cases to be executed are: [1, 4, 5, 6, 7, 8, 10, 11, 12, 14, 16]
[INFO ][2015-11-03 18:10:30,539][com.java.ImportnExport.ImportTestDataDetailsExcel] [   49] - test data details path===== D:\BankersDashboard\TestInputs\TestData.xls
[INFO ][2015-11-03 18:10:41,569][com.java.SeleniumDriver] [  788] - ------------------------------------------
[INFO ][2015-11-03 18:10:41,569][com.java.SeleniumDriver] [  789] - Test case being Executed: 1
[INFO ][2015-11-03 18:10:41,585][com.java.SeleniumDriver] [  800] - Test step:1
[INFO ][2015-11-03 18:10:41,585][com.java.SeleniumDriver] [  812] - Datavalue is----------Concept#1:1-14
[INFO ][2015-11-03 18:10:41,585][com.java.SeleniumDriver] [  836] - DataField : test
[INFO ][2015-11-03 18:10:41,585][com.java.SeleniumDriver] [  838] - DataValue : Concept#1:1-14
[INFO ][2015-11-03 18:10:41,585][com.java.SeleniumDriver] [  844] - <In Set values of the page>
[INFO ][2015-11-03 18:10:41,585][com.java.SeleniumDriver] [  847] - {Data Fields & Data Values Exist}
[INFO ][2015-11-03 18:10:41,585][com.java.SeleniumDriver] [  849] - --------------------------setting values-----------------------------
[INFO ][2015-11-03 18:10:41,586][com.java.SeleniumDriver] [  852] - Action Type : ExecuteTestCase
[INFO ][2015-11-03 18:10:41,604][com.java.TestType] [  411] - The Concept sheet name is ---------- Concept
[INFO ][2015-11-03 18:10:41,604][com.java.TestType] [  414] - The Concept ID  is ---------- 1
[DEBUG][2015-11-03 18:10:41,604][com.java.TestType] [  418] - Steps being executted in the Concept are: 1:14
[INFO ][2015-11-03 18:10:41,604][com.java.TestType] [  425] - Test data details path ---------- D:\BankersDashboard\TestInputs\TestData.xls
[INFO ][2015-11-03 18:10:41,635][com.java.TestType] [  456] -  str(1) = 1
[INFO ][2015-11-03 18:10:41,635][com.java.TestType] [  459] - Test case Id is---1
[INFO ][2015-11-03 18:10:41,635][com.java.TestType] [  461] - 1
[INFO ][2015-11-03 18:10:41,636][com.java.TestType] [  456] -  str(2) = 1
[INFO ][2015-11-03 18:10:41,638][com.java.TestType] [  508] - row values are--------{1=com.java.Objects.TestDataDetails@859f0a}
[INFO ][2015-11-03 18:10:41,638][com.java.TestType] [  456] -  str(1) = 1
[INFO ][2015-11-03 18:10:41,638][com.java.TestType] [  459] - Test case Id is---1
[INFO ][2015-11-03 18:10:41,638][com.java.TestType] [  461] - 1
[INFO ][2015-11-03 18:10:41,638][com.java.TestType] [  456] -  str(2) = 2
[INFO ][2015-11-03 18:10:41,640][com.java.TestType] [  508] - row values are--------{1=com.java.Objects.TestDataDetails@859f0a, 2=com.java.Objects.TestDataDetails@1bf57bb}
[INFO ][2015-11-03 18:10:41,640][com.java.TestType] [  456] -  str(1) = 1
[INFO ][2015-11-03 18:10:41,640][com.java.TestType] [  459] - Test case Id is---1
[INFO ][2015-11-03 18:10:41,640][com.java.TestType] [  461] - 1
[INFO ][2015-11-03 18:10:41,640][com.java.TestType] [  456] -  str(2) = 3
[INFO ][2015-11-03 18:10:41,643][com.java.TestType] [  508] - row values are--------{1=com.java.Objects.TestDataDetails@859f0a, 2=com.java.Objects.TestDataDetails@1bf57bb, 3=com.java.Objects.TestDataDetails@d7cb51}
[INFO ][2015-11-03 18:10:41,643][com.java.TestType] [  456] -  str(1) = 1
[INFO ][2015-11-03 18:10:41,643][com.java.TestType] [  459] - Test case Id is---1
[INFO ][2015-11-03 18:10:41,643][com.java.TestType] [  461] - 1
[INFO ][2015-11-03 18:10:41,643][com.java.TestType] [  456] -  str(2) = 4
[INFO ][2015-11-03 18:10:41,644][com.java.TestType] [  508] - row values are--------{1=com.java.Objects.TestDataDetails@859f0a, 2=com.java.Objects.TestDataDetails@1bf57bb, 3=com.java.Objects.TestDataDetails@d7cb51, 4=com.java.Objects.TestDataDetails@131da31}
[INFO ][2015-11-03 18:10:41,645][com.java.TestType] [  456] -  str(1) = 1
[INFO ][2015-11-03 18:10:41,645][com.java.TestType] [  459] - Test case Id is---1
[INFO ][2015-11-03 18:10:41,645][com.java.TestType] [  461] - 1
[INFO ][2015-11-03 18:10:41,645][com.java.TestType] [  456] -  str(2) = 5
[INFO ][2015-11-03 18:10:41,646][com.java.TestType] [  508] - row values are--------{1=com.java.Objects.TestDataDetails@859f0a, 2=com.java.Objects.TestDataDetails@1bf57bb, 3=com.java.Objects.TestDataDetails@d7cb51, 4=com.java.Objects.TestDataDetails@131da31, 5=com.java.Objects.TestDataDetails@a5031d}
[INFO ][2015-11-03 18:10:41,646][com.java.TestType] [  456] -  str(1) = 1
[INFO ][2015-11-03 18:10:41,646][com.java.TestType] [  459] - Test case Id is---1
[INFO ][2015-11-03 18:10:41,646][com.java.TestType] [  461] - 1
[INFO ][2015-11-03 18:10:41,646][com.java.TestType] [  456] -  str(2) = 6
[INFO ][2015-11-03 18:10:41,647][com.java.TestType] [  508] - row values are--------{1=com.java.Objects.TestDataDetails@859f0a, 2=com.java.Objects.TestDataDetails@1bf57bb, 3=com.java.Objects.TestDataDetails@d7cb51, 4=com.java.Objects.TestDataDetails@131da31, 5=com.java.Objects.TestDataDetails@a5031d, 6=com.java.Objects.TestDataDetails@452fb4}
[INFO ][2015-11-03 18:10:41,647][com.java.TestType] [  456] -  str(1) = 1
[INFO ][2015-11-03 18:10:41,647][com.java.TestType] [  459] - Test case Id is---1
[INFO ][2015-11-03 18:10:41,647][com.java.TestType] [  461] - 1
[INFO ][2015-11-03 18:10:41,648][com.java.TestType] [  456] -  str(2) = 7
[INFO ][2015-11-03 18:10:41,648][com.java.TestType] [  508] - row values are--------{1=com.java.Objects.TestDataDetails@859f0a, 2=com.java.Objects.TestDataDetails@1bf57bb, 3=com.java.Objects.TestDataDetails@d7cb51, 4=com.java.Objects.TestDataDetails@131da31, 5=com.java.Objects.TestDataDetails@a5031d, 6=com.java.Objects.TestDataDetails@452fb4, 7=com.java.Objects.TestDataDetails@997b5c}
[INFO ][2015-11-03 18:10:41,648][com.java.TestType] [  456] -  str(1) = 1
[INFO ][2015-11-03 18:10:41,649][com.java.TestType] [  459] - Test case Id is---1
[INFO ][2015-11-03 18:10:41,649][com.java.TestType] [  461] - 1
[INFO ][2015-11-03 18:10:41,649][com.java.TestType] [  456] -  str(2) = 8
[INFO ][2015-11-03 18:10:41,650][com.java.TestType] [  508] - row values are--------{1=com.java.Objects.TestDataDetails@859f0a, 2=com.java.Objects.TestDataDetails@1bf57bb, 3=com.java.Objects.TestDataDetails@d7cb51, 4=com.java.Objects.TestDataDetails@131da31, 5=com.java.Objects.TestDataDetails@a5031d, 6=com.java.Objects.TestDataDetails@452fb4, 7=com.java.Objects.TestDataDetails@997b5c, 8=com.java.Objects.TestDataDetails@193c96b}
[INFO ][2015-11-03 18:10:41,650][com.java.TestType] [  456] -  str(1) = 1
[INFO ][2015-11-03 18:10:41,650][com.java.TestType] [  459] - Test case Id is---1
[INFO ][2015-11-03 18:10:41,650][com.java.TestType] [  461] - 1
[INFO ][2015-11-03 18:10:41,650][com.java.TestType] [  456] -  str(2) = 9
[INFO ][2015-11-03 18:10:41,652][com.java.TestType] [  508] - row values are--------{1=com.java.Objects.TestDataDetails@859f0a, 2=com.java.Objects.TestDataDetails@1bf57bb, 3=com.java.Objects.TestDataDetails@d7cb51, 4=com.java.Objects.TestDataDetails@131da31, 5=com.java.Objects.TestDataDetails@a5031d, 6=com.java.Objects.TestDataDetails@452fb4, 7=com.java.Objects.TestDataDetails@997b5c, 8=com.java.Objects.TestDataDetails@193c96b, 9=com.java.Objects.TestDataDetails@49a2da}
[INFO ][2015-11-03 18:10:41,652][com.java.TestType] [  456] -  str(1) = 1
[INFO ][2015-11-03 18:10:41,653][com.java.TestType] [  459] - Test case Id is---1
[INFO ][2015-11-03 18:10:41,653][com.java.TestType] [  461] - 1
[INFO ][2015-11-03 18:10:41,653][com.java.TestType] [  456] -  str(2) = 10
[INFO ][2015-11-03 18:10:41,653][com.java.TestType] [  508] - row values are--------{1=com.java.Objects.TestDataDetails@859f0a, 2=com.java.Objects.TestDataDetails@1bf57bb, 3=com.java.Objects.TestDataDetails@d7cb51, 4=com.java.Objects.TestDataDetails@131da31, 5=com.java.Objects.TestDataDetails@a5031d, 6=com.java.Objects.TestDataDetails@452fb4, 7=com.java.Objects.TestDataDetails@997b5c, 8=com.java.Objects.TestDataDetails@193c96b, 9=com.java.Objects.TestDataDetails@49a2da, 10=com.java.Objects.TestDataDetails@142eb69}
[INFO ][2015-11-03 18:10:41,654][com.java.TestType] [  456] -  str(1) = 1
[INFO ][2015-11-03 18:10:41,654][com.java.TestType] [  459] - Test case Id is---1
[INFO ][2015-11-03 18:10:41,654][com.java.TestType] [  461] - 1
[INFO ][2015-11-03 18:10:41,654][com.java.TestType] [  456] -  str(2) = 11
[INFO ][2015-11-03 18:10:41,655][com.java.TestType] [  508] - row values are--------{1=com.java.Objects.TestDataDetails@859f0a, 2=com.java.Objects.TestDataDetails@1bf57bb, 3=com.java.Objects.TestDataDetails@d7cb51, 4=com.java.Objects.TestDataDetails@131da31, 5=com.java.Objects.TestDataDetails@a5031d, 6=com.java.Objects.TestDataDetails@452fb4, 7=com.java.Objects.TestDataDetails@997b5c, 8=com.java.Objects.TestDataDetails@193c96b, 9=com.java.Objects.TestDataDetails@49a2da, 10=com.java.Objects.TestDataDetails@142eb69, 11=com.java.Objects.TestDataDetails@10f5aca}
[INFO ][2015-11-03 18:10:41,655][com.java.TestType] [  456] -  str(1) = 1
[INFO ][2015-11-03 18:10:41,655][com.java.TestType] [  459] - Test case Id is---1
[INFO ][2015-11-03 18:10:41,655][com.java.TestType] [  461] - 1
[INFO ][2015-11-03 18:10:41,655][com.java.TestType] [  456] -  str(2) = 12
[INFO ][2015-11-03 18:10:41,656][com.java.TestType] [  508] - row values are--------{1=com.java.Objects.TestDataDetails@859f0a, 2=com.java.Objects.TestDataDetails@1bf57bb, 3=com.java.Objects.TestDataDetails@d7cb51, 4=com.java.Objects.TestDataDetails@131da31, 5=com.java.Objects.TestDataDetails@a5031d, 6=com.java.Objects.TestDataDetails@452fb4, 7=com.java.Objects.TestDataDetails@997b5c, 8=com.java.Objects.TestDataDetails@193c96b, 9=com.java.Objects.TestDataDetails@49a2da, 10=com.java.Objects.TestDataDetails@142eb69, 11=com.java.Objects.TestDataDetails@10f5aca, 12=com.java.Objects.TestDataDetails@1cade4}
[INFO ][2015-11-03 18:10:41,656][com.java.TestType] [  456] -  str(1) = 1
[INFO ][2015-11-03 18:10:41,656][com.java.TestType] [  459] - Test case Id is---1
[INFO ][2015-11-03 18:10:41,656][com.java.TestType] [  461] - 1
[INFO ][2015-11-03 18:10:41,656][com.java.TestType] [  456] -  str(2) = 13
[INFO ][2015-11-03 18:10:41,657][com.java.TestType] [  508] - row values are--------{1=com.java.Objects.TestDataDetails@859f0a, 2=com.java.Objects.TestDataDetails@1bf57bb, 3=com.java.Objects.TestDataDetails@d7cb51, 4=com.java.Objects.TestDataDetails@131da31, 5=com.java.Objects.TestDataDetails@a5031d, 6=com.java.Objects.TestDataDetails@452fb4, 7=com.java.Objects.TestDataDetails@997b5c, 8=com.java.Objects.TestDataDetails@193c96b, 9=com.java.Objects.TestDataDetails@49a2da, 10=com.java.Objects.TestDataDetails@142eb69, 11=com.java.Objects.TestDataDetails@10f5aca, 12=com.java.Objects.TestDataDetails@1cade4, 13=com.java.Objects.TestDataDetails@10ff6e0}
[INFO ][2015-11-03 18:10:41,657][com.java.TestType] [  456] -  str(1) = 1
[INFO ][2015-11-03 18:10:41,657][com.java.TestType] [  459] - Test case Id is---1
[INFO ][2015-11-03 18:10:41,657][com.java.TestType] [  461] - 1
[INFO ][2015-11-03 18:10:41,657][com.java.TestType] [  456] -  str(2) = 14
[INFO ][2015-11-03 18:10:41,658][com.java.TestType] [  508] - row values are--------{1=com.java.Objects.TestDataDetails@859f0a, 2=com.java.Objects.TestDataDetails@1bf57bb, 3=com.java.Objects.TestDataDetails@d7cb51, 4=com.java.Objects.TestDataDetails@131da31, 5=com.java.Objects.TestDataDetails@a5031d, 6=com.java.Objects.TestDataDetails@452fb4, 7=com.java.Objects.TestDataDetails@997b5c, 8=com.java.Objects.TestDataDetails@193c96b, 9=com.java.Objects.TestDataDetails@49a2da, 10=com.java.Objects.TestDataDetails@142eb69, 11=com.java.Objects.TestDataDetails@10f5aca, 12=com.java.Objects.TestDataDetails@1cade4, 13=com.java.Objects.TestDataDetails@10ff6e0, 14=com.java.Objects.TestDataDetails@1d4f42a}
[INFO ][2015-11-03 18:10:41,658][com.java.TestType] [ 7899] - Looping 1TCID = 1
[DEBUG][2015-11-03 18:10:41,658][com.java.TestType] [ 7940] - Concept ID:1 :: Step being Executed: 1::1
[INFO ][2015-11-03 18:10:41,658][com.java.TestType] [ 7978] - dataFields : TXTusername
[DEBUG][2015-11-03 18:10:41,658][com.java.TestType] [ 7984] - <In Set values of the page>
[DEBUG][2015-11-03 18:10:41,658][com.java.TestType] [ 7989] - {Data Fields & Data Values Exist}
[INFO ][2015-11-03 18:10:41,658][com.java.TestType] [ 7995] - --------------------------setting values-----------------------------
[INFO ][2015-11-03 18:10:41,659][com.java.TestType] [ 7998] - Action Type : CLEARANDENTER
[INFO ][2015-11-03 18:10:41,659][com.java.TestType] [ 3750] - value = naresh.nayini.00000
[INFO ][2015-11-03 18:10:46,503][com.java.TestType] [ 8017] -  RESULT true
[INFO ][2015-11-03 18:10:46,503][com.java.TestType] [ 8134] - ?   P A S S   ?
[DEBUG][2015-11-03 18:10:46,503][com.java.TestType] [ 7940] - Concept ID:1 :: Step being Executed: 1::2
[INFO ][2015-11-03 18:10:46,503][com.java.TestType] [ 7978] - dataFields : TXTpassword
[DEBUG][2015-11-03 18:10:46,503][com.java.TestType] [ 7984] - <In Set values of the page>
[DEBUG][2015-11-03 18:10:46,503][com.java.TestType] [ 7989] - {Data Fields & Data Values Exist}
[INFO ][2015-11-03 18:10:46,504][com.java.TestType] [ 7995] - --------------------------setting values-----------------------------
[INFO ][2015-11-03 18:10:46,504][com.java.TestType] [ 7998] - Action Type : CLEARANDENTER
[INFO ][2015-11-03 18:10:46,504][com.java.TestType] [ 3750] - value = Password1*
[INFO ][2015-11-03 18:10:51,434][com.java.TestType] [ 8017] -  RESULT true
[INFO ][2015-11-03 18:10:51,434][com.java.TestType] [ 8134] - ?   P A S S   ?
[DEBUG][2015-11-03 18:10:51,435][com.java.TestType] [ 7940] - Concept ID:1 :: Step being Executed: 1::3
[ERROR][2015-11-03 18:10:51,435][com.java.TestType] [ 7973] - Exception: null
[INFO ][2015-11-03 18:10:51,435][com.java.TestType] [ 7978] - dataFields : XPH//button[@type='submit']
[DEBUG][2015-11-03 18:10:51,435][com.java.TestType] [ 7984] - <In Set values of the page>
[DEBUG][2015-11-03 18:10:51,435][com.java.TestType] [ 7989] - {Data Fields & Data Values Exist}
[INFO ][2015-11-03 18:10:51,435][com.java.TestType] [ 7995] - --------------------------setting values-----------------------------
[INFO ][2015-11-03 18:10:51,435][com.java.TestType] [ 7998] - Action Type : Click
[INFO ][2015-11-03 18:10:51,436][com.java.TestType] [ 4063] - Field ::XPH//button[@type='submit']
[INFO ][2015-11-03 18:10:52,436][com.java.TestType] [ 4122] - BEFORE CLICK
[INFO ][2015-11-03 18:10:53,304][com.java.TestType] [ 4130] - Unable to click the object Login
[INFO ][2015-11-03 18:10:53,304][com.java.TestType] [ 8017] -  RESULT true
[INFO ][2015-11-03 18:10:53,304][com.java.TestType] [ 8134] - ?   P A S S   ?
[DEBUG][2015-11-03 18:10:53,304][com.java.TestType] [ 7940] - Concept ID:1 :: Step being Executed: 1::4
[INFO ][2015-11-03 18:10:53,304][com.java.TestType] [ 7978] - dataFields : LNKLogout
[DEBUG][2015-11-03 18:10:53,304][com.java.TestType] [ 7984] - <In Set values of the page>
[DEBUG][2015-11-03 18:10:53,304][com.java.TestType] [ 7989] - {Data Fields & Data Values Exist}
[INFO ][2015-11-03 18:10:53,304][com.java.TestType] [ 7995] - --------------------------setting values-----------------------------
[INFO ][2015-11-03 18:10:53,304][com.java.TestType] [ 7998] - Action Type : WaitForElement
[INFO ][2015-11-03 18:11:03,974][com.java.TestType] [ 8017] -  RESULT true
[INFO ][2015-11-03 18:11:03,975][com.java.TestType] [ 8134] - ?   P A S S   ?
[DEBUG][2015-11-03 18:11:03,975][com.java.TestType] [ 7940] - Concept ID:1 :: Step being Executed: 1::13
[INFO ][2015-11-03 18:11:03,975][com.java.TestType] [ 7978] - dataFields : LNK
[DEBUG][2015-11-03 18:11:03,975][com.java.TestType] [ 7984] - <In Set values of the page>
[DEBUG][2015-11-03 18:11:03,975][com.java.TestType] [ 7989] - {Data Fields & Data Values Exist}
[INFO ][2015-11-03 18:11:03,975][com.java.TestType] [ 7995] - --------------------------setting values-----------------------------
[INFO ][2015-11-03 18:11:03,975][com.java.TestType] [ 7998] - Action Type : Verify
[INFO ][2015-11-03 18:11:03,975][com.java.TestType] [ 4876] - field= LNK value= Logout
[INFO ][2015-11-03 18:11:03,976][com.java.TestType] [ 3750] - value = Logout
[INFO ][2015-11-03 18:11:04,011][com.java.TestType] [ 8017] -  RESULT true
[INFO ][2015-11-03 18:11:04,011][com.java.TestType] [ 8134] - ?   P A S S   ?
[DEBUG][2015-11-03 18:11:04,011][com.java.TestType] [ 7940] - Concept ID:1 :: Step being Executed: 1::14
[INFO ][2015-11-03 18:11:04,011][com.java.TestType] [ 7978] - dataFields : BTN
[DEBUG][2015-11-03 18:11:04,011][com.java.TestType] [ 7984] - <In Set values of the page>
[DEBUG][2015-11-03 18:11:04,012][com.java.TestType] [ 7989] - {Data Fields & Data Values Exist}
[INFO ][2015-11-03 18:11:04,012][com.java.TestType] [ 7995] - --------------------------setting values-----------------------------
[INFO ][2015-11-03 18:11:04,012][com.java.TestType] [ 7998] - Action Type : Verify
[INFO ][2015-11-03 18:11:04,012][com.java.TestType] [ 4876] - field= BTN value= //img[contains(@src,'bdlogo.jpg')]
[INFO ][2015-11-03 18:11:04,012][com.java.TestType] [ 3750] - value = //img[contains(@src,'bdlogo.jpg')]
[INFO ][2015-11-03 18:11:04,047][com.java.TestType] [ 8017] -  RESULT true
[INFO ][2015-11-03 18:11:04,047][com.java.TestType] [ 8134] - ?   P A S S   ?
[INFO ][2015-11-03 18:11:04,047][com.java.TestType] [ 8205] - Looping End......
[INFO ][2015-11-03 18:11:04,051][com.java.SeleniumDriver] [  861] -  RESULT true
[INFO ][2015-11-03 18:11:04,051][com.java.SeleniumDriver] [ 1066] - ?   P A S S   ?
[INFO ][2015-11-03 18:11:04,051][com.java.SeleniumDriver] [  788] - ------------------------------------------
[INFO ][2015-11-03 18:11:04,051][com.java.SeleniumDriver] [  789] - Test case being Executed: 1
[INFO ][2015-11-03 18:11:04,051][com.java.SeleniumDriver] [  800] - Test step:2
[INFO ][2015-11-03 18:11:04,051][com.java.SeleniumDriver] [  812] - Datavalue is----------Concept#2:1-2
[INFO ][2015-11-03 18:11:04,051][com.java.SeleniumDriver] [  836] - DataField : test
[INFO ][2015-11-03 18:11:04,052][com.java.SeleniumDriver] [  838] - DataValue : Concept#2:1-2
[INFO ][2015-11-03 18:11:04,052][com.java.SeleniumDriver] [  844] - <In Set values of the page>
[INFO ][2015-11-03 18:11:04,052][com.java.SeleniumDriver] [  847] - {Data Fields & Data Values Exist}
[INFO ][2015-11-03 18:11:04,052][com.java.SeleniumDriver] [  849] - --------------------------setting values-----------------------------
[INFO ][2015-11-03 18:11:04,052][com.java.SeleniumDriver] [  852] - Action Type : ExecuteTestCase
[INFO ][2015-11-03 18:11:04,052][com.java.TestType] [  411] - The Concept sheet name is ---------- Concept
[INFO ][2015-11-03 18:11:04,052][com.java.TestType] [  414] - The Concept ID  is ---------- 2
[DEBUG][2015-11-03 18:11:04,053][com.java.TestType] [  418] - Steps being executted in the Concept are: 1:2
[INFO ][2015-11-03 18:11:04,053][com.java.TestType] [  425] - Test data details path ---------- D:\BankersDashboard\TestInputs\TestData.xls
[INFO ][2015-11-03 18:11:04,092][com.java.TestType] [  456] -  str(1) = 2
[INFO ][2015-11-03 18:11:04,092][com.java.TestType] [  459] - Test case Id is---2
[INFO ][2015-11-03 18:11:04,092][com.java.TestType] [  461] - 2
[INFO ][2015-11-03 18:11:04,092][com.java.TestType] [  456] -  str(2) = 1
[INFO ][2015-11-03 18:11:04,094][com.java.TestType] [  508] - row values are--------{1=com.java.Objects.TestDataDetails@b875e1}
[INFO ][2015-11-03 18:11:04,094][com.java.TestType] [  456] -  str(1) = 2
[INFO ][2015-11-03 18:11:04,094][com.java.TestType] [  459] - Test case Id is---2
[INFO ][2015-11-03 18:11:04,095][com.java.TestType] [  461] - 2
[INFO ][2015-11-03 18:11:04,095][com.java.TestType] [  456] -  str(2) = 2
[INFO ][2015-11-03 18:11:04,095][com.java.TestType] [  508] - row values are--------{1=com.java.Objects.TestDataDetails@b875e1, 2=com.java.Objects.TestDataDetails@418bc9}
[INFO ][2015-11-03 18:11:04,095][com.java.TestType] [  456] -  str(1) = 2
[INFO ][2015-11-03 18:11:04,095][com.java.TestType] [  459] - Test case Id is---2
[INFO ][2015-11-03 18:11:04,095][com.java.TestType] [  461] - 2
[INFO ][2015-11-03 18:11:04,096][com.java.TestType] [  456] -  str(2) = 3
[INFO ][2015-11-03 18:11:04,096][com.java.TestType] [  508] - row values are--------{1=com.java.Objects.TestDataDetails@b875e1, 2=com.java.Objects.TestDataDetails@418bc9, 3=com.java.Objects.TestDataDetails@136af9a}
[INFO ][2015-11-03 18:11:04,096][com.java.TestType] [ 7899] - Looping 1TCID = 2
[DEBUG][2015-11-03 18:11:04,096][com.java.TestType] [ 7940] - Concept ID:2 :: Step being Executed: 2::1
[INFO ][2015-11-03 18:11:04,096][com.java.TestType] [ 7978] - dataFields : BNK//select[@id='bank']
[DEBUG][2015-11-03 18:11:04,097][com.java.TestType] [ 7984] - <In Set values of the page>
[DEBUG][2015-11-03 18:11:04,097][com.java.TestType] [ 7989] - {Data Fields & Data Values Exist}
[INFO ][2015-11-03 18:11:04,097][com.java.TestType] [ 7995] - --------------------------setting values-----------------------------
[INFO ][2015-11-03 18:11:04,097][com.java.TestType] [ 7998] - Action Type : Select
[INFO ][2015-11-03 18:11:04,097][com.java.TestType] [ 3750] - value = PFC
[INFO ][2015-11-03 18:11:04,298][com.java.TestType] [ 8017] -  RESULT true
[INFO ][2015-11-03 18:11:04,298][com.java.TestType] [ 8134] - ?   P A S S   ?
[DEBUG][2015-11-03 18:11:04,298][com.java.TestType] [ 7940] - Concept ID:2 :: Step being Executed: 2::2
[INFO ][2015-11-03 18:11:04,298][com.java.TestType] [ 7978] - dataFields : LNKLogout
[DEBUG][2015-11-03 18:11:04,298][com.java.TestType] [ 7984] - <In Set values of the page>
[DEBUG][2015-11-03 18:11:04,298][com.java.TestType] [ 7989] - {Data Fields & Data Values Exist}
[INFO ][2015-11-03 18:11:04,298][com.java.TestType] [ 7995] - --------------------------setting values-----------------------------
[INFO ][2015-11-03 18:11:04,298][com.java.TestType] [ 7998] - Action Type : WaitTime
[DEBUG][2015-11-03 18:11:04,298][com.java.TestType] [ 3654] - sleepTime: 5000
[INFO ][2015-11-03 18:11:09,299][com.java.TestType] [ 8017] -  RESULT true
[INFO ][2015-11-03 18:11:09,300][com.java.TestType] [ 8134] - ?   P A S S   ?
[INFO ][2015-11-03 18:11:09,300][com.java.TestType] [ 8205] - Looping End......
[INFO ][2015-11-03 18:11:09,303][com.java.SeleniumDriver] [  861] -  RESULT true
[INFO ][2015-11-03 18:11:09,304][com.java.SeleniumDriver] [ 1066] - ?   P A S S   ?
[INFO ][2015-11-03 18:11:09,304][com.java.SeleniumDriver] [  788] - ------------------------------------------
[INFO ][2015-11-03 18:11:09,304][com.java.SeleniumDriver] [  789] - Test case being Executed: 1
[INFO ][2015-11-03 18:11:09,304][com.java.SeleniumDriver] [  800] - Test step:3
[INFO ][2015-11-03 18:11:09,304][com.java.SeleniumDriver] [  812] - Datavalue is----------2
[INFO ][2015-11-03 18:11:09,304][com.java.SeleniumDriver] [  836] - DataField : XPH//button[contains(text(),'Add Content')]
[INFO ][2015-11-03 18:11:09,304][com.java.SeleniumDriver] [  838] - DataValue : 2
[INFO ][2015-11-03 18:11:09,304][com.java.SeleniumDriver] [  844] - <In Set values of the page>
[INFO ][2015-11-03 18:11:09,304][com.java.SeleniumDriver] [  847] - {Data Fields & Data Values Exist}
[INFO ][2015-11-03 18:11:09,304][com.java.SeleniumDriver] [  849] - --------------------------setting values-----------------------------
[INFO ][2015-11-03 18:11:09,304][com.java.SeleniumDriver] [  852] - Action Type : WAITFORELEMENT
[INFO ][2015-11-03 18:11:09,339][com.java.SeleniumDriver] [  861] -  RESULT true
[INFO ][2015-11-03 18:11:09,339][com.java.SeleniumDriver] [ 1066] - ?   P A S S   ?
[DEBUG][2015-11-03 18:11:09,339][com.java.SeleniumDriver] [ 1168] - Case found
[DEBUG][2015-11-03 18:11:09,339][com.java.SeleniumDriver] [ 1173] - Incrementing ReportCounters[0]:1
[INFO ][2015-11-03 18:11:09,339][com.java.SeleniumDriver] [ 1192] - The results are-------------------[1, 1, Valid Login, Pass, , Tue Nov 03 18:11:04 IST 2015, 1, 2, Valid Login, Pass, , Tue Nov 03 18:11:09 IST 2015, 1, 3, Add Custom Calculation Indicator to Start Page, Pass, , Tue Nov 03 18:11:09 IST 2015]
[INFO ][2015-11-03 18:11:09,339][com.java.SeleniumDriver] [ 1196] - End time is-------52 sec
[INFO ][2015-11-03 18:11:09,339][com.java.SeleniumDriver] [ 1197] - The results are-------------------[1, 1, Valid Login, Pass, , Tue Nov 03 18:11:04 IST 2015, 1, 2, Valid Login, Pass, , Tue Nov 03 18:11:09 IST 2015, 1, 3, Add Custom Calculation Indicator to Start Page, Pass, , Tue Nov 03 18:11:09 IST 2015]
[DEBUG][2015-11-03 18:11:09,339][com.java.ImportnExport.ExportTestResultsExcel] [  222] - testResultPath = D:\BankersDashboard/TestReports/Test Results_BankersDashBoard_110315_181019_IE11_Any Bank USA.xls
[DEBUG][2015-11-03 18:11:09,340][com.java.ImportnExport.ExportTestResultsExcel] [  223] - browser is------------IE11
[DEBUG][2015-11-03 18:11:09,380][com.java.ImportnExport.ExportTestResultsExcel] [  270] - result.size() = 18
[DEBUG][2015-11-03 18:11:09,380][com.java.ImportnExport.ExportTestResultsExcel] [  274] - No of rows in sheet=1
[DEBUG][2015-11-03 18:11:09,381][com.java.ImportnExport.ExportTestResultsExcel] [  301] - ..in export..1
[DEBUG][2015-11-03 18:11:09,381][com.java.ImportnExport.ExportTestResultsExcel] [  301] - ..in export..Valid Login
[DEBUG][2015-11-03 18:11:09,381][com.java.ImportnExport.ExportTestResultsExcel] [  301] - ..in export..Pass
[DEBUG][2015-11-03 18:11:09,381][com.java.ImportnExport.ExportTestResultsExcel] [  301] - ..in export..
[DEBUG][2015-11-03 18:11:09,381][com.java.ImportnExport.ExportTestResultsExcel] [  301] - ..in export..Tue Nov 03 18:11:04 IST 2015
[INFO ][2015-11-03 18:11:09,384][com.java.SeleniumDriver] [ 1255] - out loop:0 size:11 TestCases:[1, 4, 5, 6, 7, 8, 10, 11, 12, 14, 16] testcases:[1, 4, 5, 6, 7, 8, 10, 11, 12, 14, 16]
[INFO ][2015-11-03 18:11:09,384][com.java.ImportnExport.ImportTestDataDetailsExcel] [   49] - test data details path===== D:\BankersDashboard\TestInputs\TestData.xls
[INFO ][2015-11-03 18:11:22,680][com.java.SeleniumDriver] [  788] - ------------------------------------------
[INFO ][2015-11-03 18:11:22,680][com.java.SeleniumDriver] [  789] - Test case being Executed: 4
[INFO ][2015-11-03 18:11:22,680][com.java.SeleniumDriver] [  800] - Test step:1
[INFO ][2015-11-03 18:11:22,680][com.java.SeleniumDriver] [  812] - Datavalue is----------Logout
[INFO ][2015-11-03 18:11:22,680][com.java.SeleniumDriver] [  836] - DataField : BTN
[INFO ][2015-11-03 18:11:22,680][com.java.SeleniumDriver] [  838] - DataValue : Logout
[INFO ][2015-11-03 18:11:22,680][com.java.SeleniumDriver] [  844] - <In Set values of the page>
[INFO ][2015-11-03 18:11:22,680][com.java.SeleniumDriver] [  847] - {Data Fields & Data Values Exist}
[INFO ][2015-11-03 18:11:22,680][com.java.SeleniumDriver] [  849] - --------------------------setting values-----------------------------
[INFO ][2015-11-03 18:11:22,680][com.java.SeleniumDriver] [  852] - Action Type : Verify
[INFO ][2015-11-03 18:11:22,680][com.java.TestType] [ 4876] - field= BTN value= Logout
[INFO ][2015-11-03 18:11:22,680][com.java.TestType] [ 3750] - value = Logout
[INFO ][2015-11-03 18:11:22,715][com.java.SeleniumDriver] [  861] -  RESULT true
[INFO ][2015-11-03 18:11:22,715][com.java.SeleniumDriver] [ 1066] - ?   P A S S   ?
[INFO ][2015-11-03 18:11:22,715][com.java.SeleniumDriver] [ 1108] - step change to 3
[INFO ][2015-11-03 18:11:22,715][com.java.SeleniumDriver] [  788] - ------------------------------------------
[INFO ][2015-11-03 18:11:22,715][com.java.SeleniumDriver] [  789] - Test case being Executed: 4
[INFO ][2015-11-03 18:11:22,715][com.java.SeleniumDriver] [  800] - Test step:3
[INFO ][2015-11-03 18:11:22,715][com.java.SeleniumDriver] [  812] - Datavalue is----------Concept#2:1-2
[INFO ][2015-11-03 18:11:22,715][com.java.SeleniumDriver] [  836] - DataField : test
[INFO ][2015-11-03 18:11:22,715][com.java.SeleniumDriver] [  838] - DataValue : Concept#2:1-2
[INFO ][2015-11-03 18:11:22,716][com.java.SeleniumDriver] [  844] - <In Set values of the page>
[INFO ][2015-11-03 18:11:22,716][com.java.SeleniumDriver] [  847] - {Data Fields & Data Values Exist}
[INFO ][2015-11-03 18:11:22,716][com.java.SeleniumDriver] [  849] - --------------------------setting values-----------------------------
[INFO ][2015-11-03 18:11:22,716][com.java.SeleniumDriver] [  852] - Action Type : ExecuteTestCase
[INFO ][2015-11-03 18:11:22,716][com.java.TestType] [  411] - The Concept sheet name is ---------- Concept
[INFO ][2015-11-03 18:11:22,716][com.java.TestType] [  414] - The Concept ID  is ---------- 2
[DEBUG][2015-11-03 18:11:22,716][com.java.TestType] [  418] - Steps being executted in the Concept are: 1:2
[INFO ][2015-11-03 18:11:22,716][com.java.TestType] [  425] - Test data details path ---------- D:\BankersDashboard\TestInputs\TestData.xls
[INFO ][2015-11-03 18:11:22,746][com.java.TestType] [  456] -  str(1) = 2
[INFO ][2015-11-03 18:11:22,746][com.java.TestType] [  459] - Test case Id is---2
[INFO ][2015-11-03 18:11:22,746][com.java.TestType] [  461] - 2
[INFO ][2015-11-03 18:11:22,746][com.java.TestType] [  456] -  str(2) = 1
[INFO ][2015-11-03 18:11:22,747][com.java.TestType] [  508] - row values are--------{1=com.java.Objects.TestDataDetails@7562d9}
[INFO ][2015-11-03 18:11:22,747][com.java.TestType] [  456] -  str(1) = 2
[INFO ][2015-11-03 18:11:22,747][com.java.TestType] [  459] - Test case Id is---2
[INFO ][2015-11-03 18:11:22,747][com.java.TestType] [  461] - 2
[INFO ][2015-11-03 18:11:22,748][com.java.TestType] [  456] -  str(2) = 2
[INFO ][2015-11-03 18:11:22,748][com.java.TestType] [  508] - row values are--------{1=com.java.Objects.TestDataDetails@7562d9, 2=com.java.Objects.TestDataDetails@e49bbd}
[INFO ][2015-11-03 18:11:22,748][com.java.TestType] [  456] -  str(1) = 2
[INFO ][2015-11-03 18:11:22,748][com.java.TestType] [  459] - Test case Id is---2
[INFO ][2015-11-03 18:11:22,748][com.java.TestType] [  461] - 2
[INFO ][2015-11-03 18:11:22,748][com.java.TestType] [  456] -  str(2) = 3
[INFO ][2015-11-03 18:11:22,749][com.java.TestType] [  508] - row values are--------{1=com.java.Objects.TestDataDetails@7562d9, 2=com.java.Objects.TestDataDetails@e49bbd, 3=com.java.Objects.TestDataDetails@18a1068}
[INFO ][2015-11-03 18:11:22,749][com.java.TestType] [ 7899] - Looping 1TCID = 2
[DEBUG][2015-11-03 18:11:22,749][com.java.TestType] [ 7940] - Concept ID:2 :: Step being Executed: 2::1
[INFO ][2015-11-03 18:11:22,749][com.java.TestType] [ 7978] - dataFields : BNK//select[@id='bank']
[DEBUG][2015-11-03 18:11:22,749][com.java.TestType] [ 7984] - <In Set values of the page>
[DEBUG][2015-11-03 18:11:22,750][com.java.TestType] [ 7989] - {Data Fields & Data Values Exist}
[INFO ][2015-11-03 18:11:22,750][com.java.TestType] [ 7995] - --------------------------setting values-----------------------------
[INFO ][2015-11-03 18:11:22,750][com.java.TestType] [ 7998] - Action Type : Select
[INFO ][2015-11-03 18:11:22,750][com.java.TestType] [ 3750] - value = PFC
[INFO ][2015-11-03 18:11:22,949][com.java.TestType] [ 8017] -  RESULT true
[INFO ][2015-11-03 18:11:22,949][com.java.TestType] [ 8134] - ?   P A S S   ?
[DEBUG][2015-11-03 18:11:22,949][com.java.TestType] [ 7940] - Concept ID:2 :: Step being Executed: 2::2
[INFO ][2015-11-03 18:11:22,949][com.java.TestType] [ 7978] - dataFields : LNKLogout
[DEBUG][2015-11-03 18:11:22,949][com.java.TestType] [ 7984] - <In Set values of the page>
[DEBUG][2015-11-03 18:11:22,949][com.java.TestType] [ 7989] - {Data Fields & Data Values Exist}
[INFO ][2015-11-03 18:11:22,949][com.java.TestType] [ 7995] - --------------------------setting values-----------------------------
[INFO ][2015-11-03 18:11:22,949][com.java.TestType] [ 7998] - Action Type : WaitTime
[DEBUG][2015-11-03 18:11:22,949][com.java.TestType] [ 3654] - sleepTime: 5000
[INFO ][2015-11-03 18:11:27,949][com.java.TestType] [ 8017] -  RESULT true
[INFO ][2015-11-03 18:11:27,949][com.java.TestType] [ 8134] - ?   P A S S   ?
[INFO ][2015-11-03 18:11:27,949][com.java.TestType] [ 8205] - Looping End......
[INFO ][2015-11-03 18:11:27,953][com.java.SeleniumDriver] [  861] -  RESULT true
[INFO ][2015-11-03 18:11:27,953][com.java.SeleniumDriver] [ 1066] - ?   P A S S   ?
[INFO ][2015-11-03 18:11:27,953][com.java.SeleniumDriver] [  788] - ------------------------------------------
[INFO ][2015-11-03 18:11:27,953][com.java.SeleniumDriver] [  789] - Test case being Executed: 4
[INFO ][2015-11-03 18:11:27,953][com.java.SeleniumDriver] [  800] - Test step:4
[INFO ][2015-11-03 18:11:27,953][com.java.SeleniumDriver] [  812] - Datavalue is----------null
[DEBUG][2015-11-03 18:11:27,953][com.java.SeleniumDriver] [  830] - Exception: null
[INFO ][2015-11-03 18:11:27,953][com.java.SeleniumDriver] [  836] - DataField : //span[@class='icon-stack']&&//ul[@id='ReportPackages']/li[2]/a
[INFO ][2015-11-03 18:11:27,953][com.java.SeleniumDriver] [  838] - DataValue : 
[INFO ][2015-11-03 18:11:27,953][com.java.SeleniumDriver] [  844] - <In Set values of the page>
[INFO ][2015-11-03 18:11:27,953][com.java.SeleniumDriver] [  847] - {Data Fields & Data Values Exist}
[INFO ][2015-11-03 18:11:27,954][com.java.SeleniumDriver] [  849] - --------------------------setting values-----------------------------
[INFO ][2015-11-03 18:11:27,954][com.java.SeleniumDriver] [  852] - Action Type : MOUSEOVER
[INFO ][2015-11-03 18:11:37,618][com.java.SeleniumDriver] [  861] -  RESULT true
[INFO ][2015-11-03 18:11:37,618][com.java.SeleniumDriver] [ 1066] - ?   P A S S   ?
[INFO ][2015-11-03 18:11:37,618][com.java.SeleniumDriver] [  788] - ------------------------------------------
[INFO ][2015-11-03 18:11:37,618][com.java.SeleniumDriver] [  789] - Test case being Executed: 4
[INFO ][2015-11-03 18:11:37,618][com.java.SeleniumDriver] [  800] - Test step:5
[INFO ][2015-11-03 18:11:37,618][com.java.SeleniumDriver] [  812] - Datavalue is----------3
[INFO ][2015-11-03 18:11:37,618][com.java.SeleniumDriver] [  836] - DataField : BTNdivHelpText
[INFO ][2015-11-03 18:11:37,618][com.java.SeleniumDriver] [  838] - DataValue : 3
[INFO ][2015-11-03 18:11:37,618][com.java.SeleniumDriver] [  844] - <In Set values of the page>
[INFO ][2015-11-03 18:11:37,618][com.java.SeleniumDriver] [  847] - {Data Fields & Data Values Exist}
[INFO ][2015-11-03 18:11:37,618][com.java.SeleniumDriver] [  849] - --------------------------setting values-----------------------------
[INFO ][2015-11-03 18:11:37,618][com.java.SeleniumDriver] [  852] - Action Type : WAITFORELEMENT
[INFO ][2015-11-03 18:11:38,839][com.java.SeleniumDriver] [  861] -  RESULT true
[INFO ][2015-11-03 18:11:38,839][com.java.SeleniumDriver] [ 1066] - ?   P A S S   ?
[INFO ][2015-11-03 18:11:38,839][com.java.SeleniumDriver] [  788] - ------------------------------------------
[INFO ][2015-11-03 18:11:38,839][com.java.SeleniumDriver] [  789] - Test case being Executed: 4
[INFO ][2015-11-03 18:11:38,839][com.java.SeleniumDriver] [  800] - Test step:6
[INFO ][2015-11-03 18:11:38,839][com.java.SeleniumDriver] [  812] - Datavalue is----------null
[DEBUG][2015-11-03 18:11:38,839][com.java.SeleniumDriver] [  830] - Exception: null
[INFO ][2015-11-03 18:11:38,840][com.java.SeleniumDriver] [  836] - DataField : BTNframeDialogContent
[INFO ][2015-11-03 18:11:38,840][com.java.SeleniumDriver] [  838] - DataValue : 
[INFO ][2015-11-03 18:11:38,841][com.java.SeleniumDriver] [  844] - <In Set values of the page>
[INFO ][2015-11-03 18:11:38,841][com.java.SeleniumDriver] [  847] - {Data Fields & Data Values Exist}
[INFO ][2015-11-03 18:11:38,841][com.java.SeleniumDriver] [  849] - --------------------------setting values-----------------------------
[INFO ][2015-11-03 18:11:38,841][com.java.SeleniumDriver] [  852] - Action Type : SELECTFRAME
[INFO ][2015-11-03 18:11:40,110][com.java.SeleniumDriver] [  861] -  RESULT true
[INFO ][2015-11-03 18:11:40,110][com.java.SeleniumDriver] [ 1066] - ?   P A S S   ?
[INFO ][2015-11-03 18:11:40,110][com.java.SeleniumDriver] [  788] - ------------------------------------------
[INFO ][2015-11-03 18:11:40,110][com.java.SeleniumDriver] [  789] - Test case being Executed: 4
[INFO ][2015-11-03 18:11:40,110][com.java.SeleniumDriver] [  800] - Test step:7
[INFO ][2015-11-03 18:11:40,111][com.java.SeleniumDriver] [  812] - Datavalue is----------//div[@class='ui-widget-content']/div/button
[INFO ][2015-11-03 18:11:40,111][com.java.SeleniumDriver] [  836] - DataField : BTN
[INFO ][2015-11-03 18:11:40,111][com.java.SeleniumDriver] [  838] - DataValue : //div[@class='ui-widget-content']/div/button
[INFO ][2015-11-03 18:11:40,111][com.java.SeleniumDriver] [  844] - <In Set values of the page>
[INFO ][2015-11-03 18:11:40,111][com.java.SeleniumDriver] [  847] - {Data Fields & Data Values Exist}
[INFO ][2015-11-03 18:11:40,111][com.java.SeleniumDriver] [  849] - --------------------------setting values-----------------------------
[INFO ][2015-11-03 18:11:40,111][com.java.SeleniumDriver] [  852] - Action Type : VERIFY
[INFO ][2015-11-03 18:11:40,111][com.java.TestType] [ 4876] - field= BTN value= //div[@class='ui-widget-content']/div/button
[INFO ][2015-11-03 18:11:40,111][com.java.TestType] [ 3750] - value = //div[@class='ui-widget-content']/div/button
[INFO ][2015-11-03 18:11:40,154][com.java.SeleniumDriver] [  861] -  RESULT true
[INFO ][2015-11-03 18:11:40,154][com.java.SeleniumDriver] [ 1066] - ?   P A S S   ?
[INFO ][2015-11-03 18:11:40,154][com.java.SeleniumDriver] [  788] - ------------------------------------------
[INFO ][2015-11-03 18:11:40,154][com.java.SeleniumDriver] [  789] - Test case being Executed: 4
[INFO ][2015-11-03 18:11:40,154][com.java.SeleniumDriver] [  800] - Test step:8
[INFO ][2015-11-03 18:11:40,154][com.java.SeleniumDriver] [  812] - Datavalue is----------null
[DEBUG][2015-11-03 18:11:40,154][com.java.SeleniumDriver] [  830] - Exception: null
[INFO ][2015-11-03 18:11:40,154][com.java.SeleniumDriver] [  836] - DataField : XPH//span[@class='glyphicon glyphicon-plus']
[INFO ][2015-11-03 18:11:40,154][com.java.SeleniumDriver] [  838] - DataValue : 
[INFO ][2015-11-03 18:11:40,155][com.java.SeleniumDriver] [  844] - <In Set values of the page>
[INFO ][2015-11-03 18:11:40,155][com.java.SeleniumDriver] [  847] - {Data Fields & Data Values Exist}
[INFO ][2015-11-03 18:11:40,155][com.java.SeleniumDriver] [  849] - --------------------------setting values-----------------------------
[INFO ][2015-11-03 18:11:40,155][com.java.SeleniumDriver] [  852] - Action Type : CLICK
[INFO ][2015-11-03 18:11:40,155][com.java.TestType] [ 4063] - Field ::XPH//span[@class='glyphicon glyphicon-plus']
[INFO ][2015-11-03 18:11:41,155][com.java.TestType] [ 4122] - BEFORE CLICK
[INFO ][2015-11-03 18:11:42,397][com.java.TestType] [ 4130] - Unable to click the object +' Button
[INFO ][2015-11-03 18:11:42,397][com.java.SeleniumDriver] [  861] -  RESULT true
[INFO ][2015-11-03 18:11:42,397][com.java.SeleniumDriver] [ 1066] - ?   P A S S   ?
[INFO ][2015-11-03 18:11:42,397][com.java.SeleniumDriver] [  788] - ------------------------------------------
[INFO ][2015-11-03 18:11:42,397][com.java.SeleniumDriver] [  789] - Test case being Executed: 4
[INFO ][2015-11-03 18:11:42,397][com.java.SeleniumDriver] [  800] - Test step:9
[INFO ][2015-11-03 18:11:42,397][com.java.SeleniumDriver] [  812] - Datavalue is----------3
[INFO ][2015-11-03 18:11:42,397][com.java.SeleniumDriver] [  836] - DataField : XPH//span[@class='dlg_Label']
[INFO ][2015-11-03 18:11:42,397][com.java.SeleniumDriver] [  838] - DataValue : 3
[INFO ][2015-11-03 18:11:42,397][com.java.SeleniumDriver] [  844] - <In Set values of the page>
[INFO ][2015-11-03 18:11:42,397][com.java.SeleniumDriver] [  847] - {Data Fields & Data Values Exist}
[INFO ][2015-11-03 18:11:42,397][com.java.SeleniumDriver] [  849] - --------------------------setting values-----------------------------
[INFO ][2015-11-03 18:11:42,397][com.java.SeleniumDriver] [  852] - Action Type : WAITFORELEMENT
[INFO ][2015-11-03 18:11:42,422][com.java.SeleniumDriver] [  861] -  RESULT true
[INFO ][2015-11-03 18:11:42,422][com.java.SeleniumDriver] [ 1066] - ?   P A S S   ?
[INFO ][2015-11-03 18:11:42,422][com.java.SeleniumDriver] [  788] - ------------------------------------------
[INFO ][2015-11-03 18:11:42,422][com.java.SeleniumDriver] [  789] - Test case being Executed: 4
[INFO ][2015-11-03 18:11:42,422][com.java.SeleniumDriver] [  800] - Test step:10
[INFO ][2015-11-03 18:11:42,422][com.java.SeleniumDriver] [  812] - Datavalue is----------Package Name
[INFO ][2015-11-03 18:11:42,422][com.java.SeleniumDriver] [  836] - DataField : XPH//span[@class='dlg_Label']
[INFO ][2015-11-03 18:11:42,422][com.java.SeleniumDriver] [  838] - DataValue : Package Name
[INFO ][2015-11-03 18:11:42,422][com.java.SeleniumDriver] [  844] - <In Set values of the page>
[INFO ][2015-11-03 18:11:42,422][com.java.SeleniumDriver] [  847] - {Data Fields & Data Values Exist}
[INFO ][2015-11-03 18:11:42,422][com.java.SeleniumDriver] [  849] - --------------------------setting values-----------------------------
[INFO ][2015-11-03 18:11:42,423][com.java.SeleniumDriver] [  852] - Action Type : VERIFY
[INFO ][2015-11-03 18:11:42,423][com.java.TestType] [ 4876] - field= XPH//span[@class='dlg_Label'] value= Package Name
[INFO ][2015-11-03 18:11:42,423][com.java.TestType] [ 3750] - value = Package Name
[INFO ][2015-11-03 18:11:42,511][com.java.SeleniumDriver] [  861] -  RESULT true
[INFO ][2015-11-03 18:11:42,511][com.java.SeleniumDriver] [ 1066] - ?   P A S S   ?
[INFO ][2015-11-03 18:11:42,511][com.java.SeleniumDriver] [  788] - ------------------------------------------
[INFO ][2015-11-03 18:11:42,511][com.java.SeleniumDriver] [  789] - Test case being Executed: 4
[INFO ][2015-11-03 18:11:42,511][com.java.SeleniumDriver] [  800] - Test step:11
[INFO ][2015-11-03 18:11:42,511][com.java.SeleniumDriver] [  812] - Datavalue is----------3
[INFO ][2015-11-03 18:11:42,511][com.java.SeleniumDriver] [  836] - DataField : XPH//div[contains(@id,'ember')]/div//input[contains(@class, 'ember-view ember-text-')]
[INFO ][2015-11-03 18:11:42,511][com.java.SeleniumDriver] [  838] - DataValue : 3
[INFO ][2015-11-03 18:11:42,511][com.java.SeleniumDriver] [  844] - <In Set values of the page>
[INFO ][2015-11-03 18:11:42,511][com.java.SeleniumDriver] [  847] - {Data Fields & Data Values Exist}
[INFO ][2015-11-03 18:11:42,511][com.java.SeleniumDriver] [  849] - --------------------------setting values-----------------------------
[INFO ][2015-11-03 18:11:42,512][com.java.SeleniumDriver] [  852] - Action Type : WAITFORELEMENT
[INFO ][2015-11-03 18:11:42,545][com.java.SeleniumDriver] [  861] -  RESULT true
[INFO ][2015-11-03 18:11:42,545][com.java.SeleniumDriver] [ 1066] - ?   P A S S   ?
[INFO ][2015-11-03 18:11:42,545][com.java.SeleniumDriver] [  788] - ------------------------------------------
[INFO ][2015-11-03 18:11:42,545][com.java.SeleniumDriver] [  789] - Test case being Executed: 4
[INFO ][2015-11-03 18:11:42,545][com.java.SeleniumDriver] [  800] - Test step:12
[INFO ][2015-11-03 18:11:42,545][com.java.SeleniumDriver] [  812] - Datavalue is----------null
[DEBUG][2015-11-03 18:11:42,545][com.java.SeleniumDriver] [  830] - Exception: null
[INFO ][2015-11-03 18:11:42,545][com.java.SeleniumDriver] [  836] - DataField : XPH//div[contains(@id,'ember')]/div//input[contains(@class, 'ember-view ember-text-')]
[INFO ][2015-11-03 18:11:42,545][com.java.SeleniumDriver] [  838] - DataValue : 
[INFO ][2015-11-03 18:11:42,546][com.java.SeleniumDriver] [  844] - <In Set values of the page>
[INFO ][2015-11-03 18:11:42,546][com.java.SeleniumDriver] [  847] - {Data Fields & Data Values Exist}
[INFO ][2015-11-03 18:11:42,546][com.java.SeleniumDriver] [  849] - --------------------------setting values-----------------------------
[INFO ][2015-11-03 18:11:42,546][com.java.SeleniumDriver] [  852] - Action Type : CLICK
[INFO ][2015-11-03 18:11:42,546][com.java.TestType] [ 4063] - Field ::XPH//div[contains(@id,'ember')]/div//input[contains(@class, 'ember-view ember-text-')]
[INFO ][2015-11-03 18:11:43,547][com.java.TestType] [ 4122] - BEFORE CLICK
[INFO ][2015-11-03 18:11:44,313][com.java.TestType] [ 4130] - Unable to click the object PackageName Textfield
[INFO ][2015-11-03 18:11:44,313][com.java.SeleniumDriver] [  861] -  RESULT true
[INFO ][2015-11-03 18:11:44,313][com.java.SeleniumDriver] [ 1066] - ?   P A S S   ?
[INFO ][2015-11-03 18:11:44,313][com.java.SeleniumDriver] [  788] - ------------------------------------------
[INFO ][2015-11-03 18:11:44,313][com.java.SeleniumDriver] [  789] - Test case being Executed: 4
[INFO ][2015-11-03 18:11:44,313][com.java.SeleniumDriver] [  800] - Test step:13
[INFO ][2015-11-03 18:11:44,313][com.java.SeleniumDriver] [  812] - Datavalue is----------Test123
[INFO ][2015-11-03 18:11:44,313][com.java.SeleniumDriver] [  836] - DataField : TXT//div[contains(@id,'ember')]/div//input[contains(@class, 'ember-view ember-text-')]
[INFO ][2015-11-03 18:11:44,313][com.java.SeleniumDriver] [  838] - DataValue : Test123
[INFO ][2015-11-03 18:11:44,313][com.java.SeleniumDriver] [  844] - <In Set values of the page>
[INFO ][2015-11-03 18:11:44,313][com.java.SeleniumDriver] [  847] - {Data Fields & Data Values Exist}
[INFO ][2015-11-03 18:11:44,313][com.java.SeleniumDriver] [  849] - --------------------------setting values-----------------------------
[INFO ][2015-11-03 18:11:44,313][com.java.SeleniumDriver] [  852] - Action Type : CLEARANDENTER
[INFO ][2015-11-03 18:11:44,314][com.java.TestType] [ 3750] - value = Test123
[INFO ][2015-11-03 18:11:44,685][com.java.SeleniumDriver] [  861] -  RESULT true
[INFO ][2015-11-03 18:11:44,685][com.java.SeleniumDriver] [ 1066] - ?   P A S S   ?
[INFO ][2015-11-03 18:11:44,686][com.java.SeleniumDriver] [  788] - ------------------------------------------
[INFO ][2015-11-03 18:11:44,686][com.java.SeleniumDriver] [  789] - Test case being Executed: 4
[INFO ][2015-11-03 18:11:44,686][com.java.SeleniumDriver] [  800] - Test step:14
[INFO ][2015-11-03 18:11:44,686][com.java.SeleniumDriver] [  812] - Datavalue is----------null
[DEBUG][2015-11-03 18:11:44,686][com.java.SeleniumDriver] [  830] - Exception: null
[INFO ][2015-11-03 18:11:44,686][com.java.SeleniumDriver] [  836] - DataField : XPH//span[contains(text(),'Save')]
[INFO ][2015-11-03 18:11:44,686][com.java.SeleniumDriver] [  838] - DataValue : 
[INFO ][2015-11-03 18:11:44,686][com.java.SeleniumDriver] [  844] - <In Set values of the page>
[INFO ][2015-11-03 18:11:44,686][com.java.SeleniumDriver] [  847] - {Data Fields & Data Values Exist}
[INFO ][2015-11-03 18:11:44,686][com.java.SeleniumDriver] [  849] - --------------------------setting values-----------------------------
[INFO ][2015-11-03 18:11:44,686][com.java.SeleniumDriver] [  852] - Action Type : CLICK
[INFO ][2015-11-03 18:11:44,686][com.java.TestType] [ 4063] - Field ::XPH//span[contains(text(),'Save')]
[INFO ][2015-11-03 18:11:45,686][com.java.TestType] [ 4122] - BEFORE CLICK
[INFO ][2015-11-03 18:11:47,406][com.java.TestType] [ 4130] - Unable to click the object Save Button
[INFO ][2015-11-03 18:11:47,406][com.java.SeleniumDriver] [  861] -  RESULT true
[INFO ][2015-11-03 18:11:47,406][com.java.SeleniumDriver] [ 1066] - ?   P A S S   ?
[INFO ][2015-11-03 18:11:47,406][com.java.SeleniumDriver] [  788] - ------------------------------------------
[INFO ][2015-11-03 18:11:47,406][com.java.SeleniumDriver] [  789] - Test case being Executed: 4
[INFO ][2015-11-03 18:11:47,406][com.java.SeleniumDriver] [  800] - Test step:15
[INFO ][2015-11-03 18:11:47,406][com.java.SeleniumDriver] [  812] - Datavalue is----------3
[INFO ][2015-11-03 18:11:47,406][com.java.SeleniumDriver] [  836] - DataField : XPH//span[@class='dlg_Label']
[INFO ][2015-11-03 18:11:47,406][com.java.SeleniumDriver] [  838] - DataValue : 3
[INFO ][2015-11-03 18:11:47,406][com.java.SeleniumDriver] [  844] - <In Set values of the page>
[INFO ][2015-11-03 18:11:47,406][com.java.SeleniumDriver] [  847] - {Data Fields & Data Values Exist}
[INFO ][2015-11-03 18:11:47,406][com.java.SeleniumDriver] [  849] - --------------------------setting values-----------------------------
[INFO ][2015-11-03 18:11:47,407][com.java.SeleniumDriver] [  852] - Action Type : WAITFORELEMENT
[INFO ][2015-11-03 18:11:47,430][com.java.SeleniumDriver] [  861] -  RESULT true
[INFO ][2015-11-03 18:11:47,430][com.java.SeleniumDriver] [ 1066] - ?   P A S S   ?
[INFO ][2015-11-03 18:11:47,430][com.java.SeleniumDriver] [  788] - ------------------------------------------
[INFO ][2015-11-03 18:11:47,430][com.java.SeleniumDriver] [  789] - Test case being Executed: 4
[INFO ][2015-11-03 18:11:47,430][com.java.SeleniumDriver] [  800] - Test step:16
[INFO ][2015-11-03 18:11:47,430][com.java.SeleniumDriver] [  812] - Datavalue is----------Current Package
[INFO ][2015-11-03 18:11:47,430][com.java.SeleniumDriver] [  836] - DataField : XPH//span[@class='dlg_Label']
[INFO ][2015-11-03 18:11:47,430][com.java.SeleniumDriver] [  838] - DataValue : Current Package
[INFO ][2015-11-03 18:11:47,431][com.java.SeleniumDriver] [  844] - <In Set values of the page>
[INFO ][2015-11-03 18:11:47,431][com.java.SeleniumDriver] [  847] - {Data Fields & Data Values Exist}
[INFO ][2015-11-03 18:11:47,431][com.java.SeleniumDriver] [  849] - --------------------------setting values-----------------------------
[INFO ][2015-11-03 18:11:47,431][com.java.SeleniumDriver] [  852] - Action Type : VERIFY
[INFO ][2015-11-03 18:11:47,431][com.java.TestType] [ 4876] - field= XPH//span[@class='dlg_Label'] value= Current Package
[INFO ][2015-11-03 18:11:47,431][com.java.TestType] [ 3750] - value = Current Package
[INFO ][2015-11-03 18:11:47,509][com.java.SeleniumDriver] [  861] -  RESULT true
[INFO ][2015-11-03 18:11:47,509][com.java.SeleniumDriver] [ 1066] - ?   P A S S   ?
[INFO ][2015-11-03 18:11:47,509][com.java.SeleniumDriver] [  788] - ------------------------------------------
[INFO ][2015-11-03 18:11:47,509][com.java.SeleniumDriver] [  789] - Test case being Executed: 4
[INFO ][2015-11-03 18:11:47,509][com.java.SeleniumDriver] [  800] - Test step:17
[INFO ][2015-11-03 18:11:47,509][com.java.SeleniumDriver] [  812] - Datavalue is----------index:2
[INFO ][2015-11-03 18:11:47,509][com.java.SeleniumDriver] [  836] - DataField : COB//select[@action='goToNewReport']
[INFO ][2015-11-03 18:11:47,509][com.java.SeleniumDriver] [  838] - DataValue : index:2
[INFO ][2015-11-03 18:11:47,509][com.java.SeleniumDriver] [  844] - <In Set values of the page>
[INFO ][2015-11-03 18:11:47,509][com.java.SeleniumDriver] [  847] - {Data Fields & Data Values Exist}
[INFO ][2015-11-03 18:11:47,509][com.java.SeleniumDriver] [  849] - --------------------------setting values-----------------------------
[INFO ][2015-11-03 18:11:47,509][com.java.SeleniumDriver] [  852] - Action Type : SELECT
[INFO ][2015-11-03 18:11:47,509][com.java.TestType] [ 3750] - value = 2
[INFO ][2015-11-03 18:11:47,588][com.java.TestType] [ 3868] -  In COB //select[@action='goToNewReport'] : 2
[INFO ][2015-11-03 18:11:49,747][com.java.SeleniumDriver] [  861] -  RESULT true
[INFO ][2015-11-03 18:11:49,747][com.java.SeleniumDriver] [ 1066] - ?   P A S S   ?
[INFO ][2015-11-03 18:11:49,747][com.java.SeleniumDriver] [  788] - ------------------------------------------
[INFO ][2015-11-03 18:11:49,747][com.java.SeleniumDriver] [  789] - Test case being Executed: 4
[INFO ][2015-11-03 18:11:49,747][com.java.SeleniumDriver] [  800] - Test step:18
[INFO ][2015-11-03 18:11:49,747][com.java.SeleniumDriver] [  812] - Datavalue is----------Executive Summary (12mos.)
[INFO ][2015-11-03 18:11:49,747][com.java.SeleniumDriver] [  836] - DataField : XPH//td/input[contains(@class, 'ember-view ember-')]
[INFO ][2015-11-03 18:11:49,747][com.java.SeleniumDriver] [  838] - DataValue : Executive Summary (12mos.)
[INFO ][2015-11-03 18:11:49,747][com.java.SeleniumDriver] [  844] - <In Set values of the page>
[INFO ][2015-11-03 18:11:49,747][com.java.SeleniumDriver] [  847] - {Data Fields & Data Values Exist}
[INFO ][2015-11-03 18:11:49,747][com.java.SeleniumDriver] [  849] - --------------------------setting values-----------------------------
[INFO ][2015-11-03 18:11:49,747][com.java.SeleniumDriver] [  852] - Action Type : VERIFY
[INFO ][2015-11-03 18:11:49,748][com.java.TestType] [ 4876] - field= XPH//td/input[contains(@class, 'ember-view ember-')] value= Executive Summary (12mos.)
[INFO ][2015-11-03 18:11:49,748][com.java.TestType] [ 3750] - value = Executive Summary (12mos.)
[INFO ][2015-11-03 18:11:49,938][com.java.SeleniumDriver] [  861] -  RESULT true
[INFO ][2015-11-03 18:11:49,938][com.java.SeleniumDriver] [ 1066] - ?   P A S S   ?
[INFO ][2015-11-03 18:11:49,938][com.java.SeleniumDriver] [  788] - ------------------------------------------
[INFO ][2015-11-03 18:11:49,938][com.java.SeleniumDriver] [  789] - Test case being Executed: 4
[INFO ][2015-11-03 18:11:49,938][com.java.SeleniumDriver] [  800] - Test step:19
[INFO ][2015-11-03 18:11:49,938][com.java.SeleniumDriver] [  812] - Datavalue is----------index:1
[INFO ][2015-11-03 18:11:49,938][com.java.SeleniumDriver] [  836] - DataField : COB//td[@colspan='2']/select
[INFO ][2015-11-03 18:11:49,938][com.java.SeleniumDriver] [  838] - DataValue : index:1
[INFO ][2015-11-03 18:11:49,938][com.java.SeleniumDriver] [  844] - <In Set values of the page>
[INFO ][2015-11-03 18:11:49,938][com.java.SeleniumDriver] [  847] - {Data Fields & Data Values Exist}
[INFO ][2015-11-03 18:11:49,938][com.java.SeleniumDriver] [  849] - --------------------------setting values-----------------------------
[INFO ][2015-11-03 18:11:49,938][com.java.SeleniumDriver] [  852] - Action Type : SELECT
[INFO ][2015-11-03 18:11:49,938][com.java.TestType] [ 3750] - value = 1
[INFO ][2015-11-03 18:11:50,019][com.java.TestType] [ 3868] -  In COB //td[@colspan='2']/select : 1
[INFO ][2015-11-03 18:11:50,240][com.java.SeleniumDriver] [  861] -  RESULT true
[INFO ][2015-11-03 18:11:50,240][com.java.SeleniumDriver] [ 1066] - ?   P A S S   ?
[INFO ][2015-11-03 18:11:50,240][com.java.SeleniumDriver] [  788] - ------------------------------------------
[INFO ][2015-11-03 18:11:50,240][com.java.SeleniumDriver] [  789] - Test case being Executed: 4
[INFO ][2015-11-03 18:11:50,240][com.java.SeleniumDriver] [  800] - Test step:20
[INFO ][2015-11-03 18:11:50,240][com.java.SeleniumDriver] [  812] - Datavalue is----------3
[INFO ][2015-11-03 18:11:50,240][com.java.SeleniumDriver] [  836] - DataField : XPH//span[contains(text(),'Save')]
[INFO ][2015-11-03 18:11:50,240][com.java.SeleniumDriver] [  838] - DataValue : 3
[INFO ][2015-11-03 18:11:50,240][com.java.SeleniumDriver] [  844] - <In Set values of the page>
[INFO ][2015-11-03 18:11:50,240][com.java.SeleniumDriver] [  847] - {Data Fields & Data Values Exist}
[INFO ][2015-11-03 18:11:50,240][com.java.SeleniumDriver] [  849] - --------------------------setting values-----------------------------
[INFO ][2015-11-03 18:11:50,240][com.java.SeleniumDriver] [  852] - Action Type : WAITFORELEMENT
[INFO ][2015-11-03 18:11:50,273][com.java.SeleniumDriver] [  861] -  RESULT true
[INFO ][2015-11-03 18:11:50,273][com.java.SeleniumDriver] [ 1066] - ?   P A S S   ?
[INFO ][2015-11-03 18:11:50,274][com.java.SeleniumDriver] [  788] - ------------------------------------------
[INFO ][2015-11-03 18:11:50,274][com.java.SeleniumDriver] [  789] - Test case being Executed: 4
[INFO ][2015-11-03 18:11:50,274][com.java.SeleniumDriver] [  800] - Test step:21
[INFO ][2015-11-03 18:11:50,274][com.java.SeleniumDriver] [  812] - Datavalue is----------null
[DEBUG][2015-11-03 18:11:50,274][com.java.SeleniumDriver] [  830] - Exception: null
[INFO ][2015-11-03 18:11:50,274][com.java.SeleniumDriver] [  836] - DataField : XPH//span[contains(text(),'Save')]
[INFO ][2015-11-03 18:11:50,274][com.java.SeleniumDriver] [  838] - DataValue : 
[INFO ][2015-11-03 18:11:50,274][com.java.SeleniumDriver] [  844] - <In Set values of the page>
[INFO ][2015-11-03 18:11:50,274][com.java.SeleniumDriver] [  847] - {Data Fields & Data Values Exist}
[INFO ][2015-11-03 18:11:50,274][com.java.SeleniumDriver] [  849] - --------------------------setting values-----------------------------
[INFO ][2015-11-03 18:11:50,274][com.java.SeleniumDriver] [  852] - Action Type : CLICK
[INFO ][2015-11-03 18:11:50,274][com.java.TestType] [ 4063] - Field ::XPH//span[contains(text(),'Save')]
[INFO ][2015-11-03 18:11:51,274][com.java.TestType] [ 4122] - BEFORE CLICK
[INFO ][2015-11-03 18:11:52,905][com.java.TestType] [ 4130] - Unable to click the object Save Button
[INFO ][2015-11-03 18:11:52,905][com.java.SeleniumDriver] [  861] -  RESULT true
[INFO ][2015-11-03 18:11:52,905][com.java.SeleniumDriver] [ 1066] - ?   P A S S   ?
[INFO ][2015-11-03 18:11:52,905][com.java.SeleniumDriver] [  788] - ------------------------------------------
[INFO ][2015-11-03 18:11:52,905][com.java.SeleniumDriver] [  789] - Test case being Executed: 4
[INFO ][2015-11-03 18:11:52,905][com.java.SeleniumDriver] [  800] - Test step:22
[INFO ][2015-11-03 18:11:52,905][com.java.SeleniumDriver] [  812] - Datavalue is----------3
[INFO ][2015-11-03 18:11:52,905][com.java.SeleniumDriver] [  836] - DataField : XPH//span[contains(text(), 'Finished')]
[INFO ][2015-11-03 18:11:52,905][com.java.SeleniumDriver] [  838] - DataValue : 3
[INFO ][2015-11-03 18:11:52,905][com.java.SeleniumDriver] [  844] - <In Set values of the page>
[INFO ][2015-11-03 18:11:52,905][com.java.SeleniumDriver] [  847] - {Data Fields & Data Values Exist}
[INFO ][2015-11-03 18:11:52,905][com.java.SeleniumDriver] [  849] - --------------------------setting values-----------------------------
[INFO ][2015-11-03 18:11:52,905][com.java.SeleniumDriver] [  852] - Action Type : WAITFORELEMENT
[INFO ][2015-11-03 18:11:52,929][com.java.SeleniumDriver] [  861] -  RESULT true
[INFO ][2015-11-03 18:11:52,930][com.java.SeleniumDriver] [ 1066] - ?   P A S S   ?
[INFO ][2015-11-03 18:11:52,930][com.java.SeleniumDriver] [  788] - ------------------------------------------
[INFO ][2015-11-03 18:11:52,930][com.java.SeleniumDriver] [  789] - Test case being Executed: 4
[INFO ][2015-11-03 18:11:52,930][com.java.SeleniumDriver] [  800] - Test step:23
[INFO ][2015-11-03 18:11:52,930][com.java.SeleniumDriver] [  812] - Datavalue is----------null
[DEBUG][2015-11-03 18:11:52,930][com.java.SeleniumDriver] [  830] - Exception: null
[INFO ][2015-11-03 18:11:52,930][com.java.SeleniumDriver] [  836] - DataField : XPH//select[@action='goToPackage']
[INFO ][2015-11-03 18:11:52,930][com.java.SeleniumDriver] [  838] - DataValue : 
[INFO ][2015-11-03 18:11:52,930][com.java.SeleniumDriver] [  844] - <In Set values of the page>
[INFO ][2015-11-03 18:11:52,930][com.java.SeleniumDriver] [  847] - {Data Fields & Data Values Exist}
[INFO ][2015-11-03 18:11:52,930][com.java.SeleniumDriver] [  849] - --------------------------setting values-----------------------------
[INFO ][2015-11-03 18:11:52,930][com.java.SeleniumDriver] [  852] - Action Type : CLICK
[INFO ][2015-11-03 18:11:52,930][com.java.TestType] [ 4063] - Field ::XPH//select[@action='goToPackage']
[INFO ][2015-11-03 18:11:53,931][com.java.TestType] [ 4122] - BEFORE CLICK
[INFO ][2015-11-03 18:11:54,733][com.java.TestType] [ 4130] - Unable to click the object Current Package Dropdown
[INFO ][2015-11-03 18:11:54,734][com.java.SeleniumDriver] [  861] -  RESULT true
[INFO ][2015-11-03 18:11:54,734][com.java.SeleniumDriver] [ 1066] - ?   P A S S   ?
[INFO ][2015-11-03 18:11:54,734][com.java.SeleniumDriver] [  788] - ------------------------------------------
[INFO ][2015-11-03 18:11:54,734][com.java.SeleniumDriver] [  789] - Test case being Executed: 4
[INFO ][2015-11-03 18:11:54,734][com.java.SeleniumDriver] [  800] - Test step:24
[INFO ][2015-11-03 18:11:54,734][com.java.SeleniumDriver] [  812] - Datavalue is----------3
[INFO ][2015-11-03 18:11:54,734][com.java.SeleniumDriver] [  836] - DataField : XPH//select[@action='goToPackage']/option
[INFO ][2015-11-03 18:11:54,734][com.java.SeleniumDriver] [  838] - DataValue : 3
[INFO ][2015-11-03 18:11:54,734][com.java.SeleniumDriver] [  844] - <In Set values of the page>
[INFO ][2015-11-03 18:11:54,734][com.java.SeleniumDriver] [  847] - {Data Fields & Data Values Exist}
[INFO ][2015-11-03 18:11:54,734][com.java.SeleniumDriver] [  849] - --------------------------setting values-----------------------------
[INFO ][2015-11-03 18:11:54,734][com.java.SeleniumDriver] [  852] - Action Type : WAITFORELEMENT
[INFO ][2015-11-03 18:11:54,757][com.java.SeleniumDriver] [  861] -  RESULT true
[INFO ][2015-11-03 18:11:54,757][com.java.SeleniumDriver] [ 1066] - ?   P A S S   ?
[INFO ][2015-11-03 18:11:54,757][com.java.SeleniumDriver] [  788] - ------------------------------------------
[INFO ][2015-11-03 18:11:54,757][com.java.SeleniumDriver] [  789] - Test case being Executed: 4
[INFO ][2015-11-03 18:11:54,757][com.java.SeleniumDriver] [  800] - Test step:25
[INFO ][2015-11-03 18:11:54,757][com.java.SeleniumDriver] [  812] - Datavalue is----------null
[DEBUG][2015-11-03 18:11:54,757][com.java.SeleniumDriver] [  830] - Exception: null
[INFO ][2015-11-03 18:11:54,759][com.java.SeleniumDriver] [  836] - DataField : XPH//select[@action='goToPackage']/option[contains(text(), 'Test123')]
[INFO ][2015-11-03 18:11:54,759][com.java.SeleniumDriver] [  838] - DataValue : 
[INFO ][2015-11-03 18:11:54,759][com.java.SeleniumDriver] [  844] - <In Set values of the page>
[INFO ][2015-11-03 18:11:54,759][com.java.SeleniumDriver] [  847] - {Data Fields & Data Values Exist}
[INFO ][2015-11-03 18:11:54,759][com.java.SeleniumDriver] [  849] - --------------------------setting values-----------------------------
[INFO ][2015-11-03 18:11:54,759][com.java.SeleniumDriver] [  852] - Action Type : CLICK
[INFO ][2015-11-03 18:11:54,759][com.java.TestType] [ 4063] - Field ::XPH//select[@action='goToPackage']/option[contains(text(), 'Test123')]
[INFO ][2015-11-03 18:11:55,759][com.java.TestType] [ 4122] - BEFORE CLICK
[INFO ][2015-11-03 18:11:58,381][com.java.TestType] [ 4130] - Unable to click the object clicking the option in ddropdown
[INFO ][2015-11-03 18:11:58,381][com.java.SeleniumDriver] [  861] -  RESULT true
[INFO ][2015-11-03 18:11:58,381][com.java.SeleniumDriver] [ 1066] - ?   P A S S   ?
[INFO ][2015-11-03 18:11:58,381][com.java.SeleniumDriver] [  788] - ------------------------------------------
[INFO ][2015-11-03 18:11:58,381][com.java.SeleniumDriver] [  789] - Test case being Executed: 4
[INFO ][2015-11-03 18:11:58,381][com.java.SeleniumDriver] [  800] - Test step:26
[INFO ][2015-11-03 18:11:58,381][com.java.SeleniumDriver] [  812] - Datavalue is----------3
[INFO ][2015-11-03 18:11:58,381][com.java.SeleniumDriver] [  836] - DataField : XPH//div/table/tbody/tr[1]/td[2]/div/a[1]/span
[INFO ][2015-11-03 18:11:58,381][com.java.SeleniumDriver] [  838] - DataValue : 3
[INFO ][2015-11-03 18:11:58,381][com.java.SeleniumDriver] [  844] - <In Set values of the page>
[INFO ][2015-11-03 18:11:58,381][com.java.SeleniumDriver] [  847] - {Data Fields & Data Values Exist}
[INFO ][2015-11-03 18:11:58,381][com.java.SeleniumDriver] [  849] - --------------------------setting values-----------------------------
[INFO ][2015-11-03 18:11:58,381][com.java.SeleniumDriver] [  852] - Action Type : WAITFORELEMENT
[INFO ][2015-11-03 18:11:58,405][com.java.SeleniumDriver] [  861] -  RESULT true
[INFO ][2015-11-03 18:11:58,405][com.java.SeleniumDriver] [ 1066] - ?   P A S S   ?
[INFO ][2015-11-03 18:11:58,405][com.java.SeleniumDriver] [  788] - ------------------------------------------
[INFO ][2015-11-03 18:11:58,405][com.java.SeleniumDriver] [  789] - Test case being Executed: 4
[INFO ][2015-11-03 18:11:58,405][com.java.SeleniumDriver] [  800] - Test step:27
[INFO ][2015-11-03 18:11:58,405][com.java.SeleniumDriver] [  812] - Datavalue is----------null
[DEBUG][2015-11-03 18:11:58,405][com.java.SeleniumDriver] [  830] - Exception: null
[INFO ][2015-11-03 18:11:58,405][com.java.SeleniumDriver] [  836] - DataField : XPH//div/table/tbody/tr[1]/td[2]/div/a[1]/span
[INFO ][2015-11-03 18:11:58,405][com.java.SeleniumDriver] [  838] - DataValue : 
[INFO ][2015-11-03 18:11:58,405][com.java.SeleniumDriver] [  844] - <In Set values of the page>
[INFO ][2015-11-03 18:11:58,405][com.java.SeleniumDriver] [  847] - {Data Fields & Data Values Exist}
[INFO ][2015-11-03 18:11:58,405][com.java.SeleniumDriver] [  849] - --------------------------setting values-----------------------------
[INFO ][2015-11-03 18:11:58,406][com.java.SeleniumDriver] [  852] - Action Type : CLICK
[INFO ][2015-11-03 18:11:58,406][com.java.TestType] [ 4063] - Field ::XPH//div/table/tbody/tr[1]/td[2]/div/a[1]/span
[INFO ][2015-11-03 18:11:59,406][com.java.TestType] [ 4122] - BEFORE CLICK
[INFO ][2015-11-03 18:12:00,811][com.java.TestType] [ 4130] - Unable to click the object EditButton 
[INFO ][2015-11-03 18:12:00,811][com.java.SeleniumDriver] [  861] -  RESULT true
[INFO ][2015-11-03 18:12:00,811][com.java.SeleniumDriver] [ 1066] - ?   P A S S   ?
[INFO ][2015-11-03 18:12:00,811][com.java.SeleniumDriver] [  788] - ------------------------------------------
[INFO ][2015-11-03 18:12:00,811][com.java.SeleniumDriver] [  789] - Test case being Executed: 4
[INFO ][2015-11-03 18:12:00,811][com.java.SeleniumDriver] [  800] - Test step:28
[INFO ][2015-11-03 18:12:00,811][com.java.SeleniumDriver] [  812] - Datavalue is----------3
[INFO ][2015-11-03 18:12:00,811][com.java.SeleniumDriver] [  836] - DataField : XPH//input[@class='ember-view ember-text-field form-control']
[INFO ][2015-11-03 18:12:00,811][com.java.SeleniumDriver] [  838] - DataValue : 3
[INFO ][2015-11-03 18:12:00,811][com.java.SeleniumDriver] [  844] - <In Set values of the page>
[INFO ][2015-11-03 18:12:00,811][com.java.SeleniumDriver] [  847] - {Data Fields & Data Values Exist}
[INFO ][2015-11-03 18:12:00,811][com.java.SeleniumDriver] [  849] - --------------------------setting values-----------------------------
[INFO ][2015-11-03 18:12:00,811][com.java.SeleniumDriver] [  852] - Action Type : WAITFORELEMENT
[INFO ][2015-11-03 18:12:00,834][com.java.SeleniumDriver] [  861] -  RESULT true
[INFO ][2015-11-03 18:12:00,834][com.java.SeleniumDriver] [ 1066] - ?   P A S S   ?
[INFO ][2015-11-03 18:12:00,834][com.java.SeleniumDriver] [  788] - ------------------------------------------
[INFO ][2015-11-03 18:12:00,835][com.java.SeleniumDriver] [  789] - Test case being Executed: 4
[INFO ][2015-11-03 18:12:00,835][com.java.SeleniumDriver] [  800] - Test step:29
[INFO ][2015-11-03 18:12:00,836][com.java.SeleniumDriver] [  812] - Datavalue is----------null
[DEBUG][2015-11-03 18:12:00,836][com.java.SeleniumDriver] [  830] - Exception: null
[INFO ][2015-11-03 18:12:00,836][com.java.SeleniumDriver] [  836] - DataField : XPH//input[@class='ember-view ember-text-field form-control']
[INFO ][2015-11-03 18:12:00,836][com.java.SeleniumDriver] [  838] - DataValue : 
[INFO ][2015-11-03 18:12:00,836][com.java.SeleniumDriver] [  844] - <In Set values of the page>
[INFO ][2015-11-03 18:12:00,836][com.java.SeleniumDriver] [  847] - {Data Fields & Data Values Exist}
[INFO ][2015-11-03 18:12:00,836][com.java.SeleniumDriver] [  849] - --------------------------setting values-----------------------------
[INFO ][2015-11-03 18:12:00,836][com.java.SeleniumDriver] [  852] - Action Type : CLICK
[INFO ][2015-11-03 18:12:00,836][com.java.TestType] [ 4063] - Field ::XPH//input[@class='ember-view ember-text-field form-control']
[INFO ][2015-11-03 18:12:01,836][com.java.TestType] [ 4122] - BEFORE CLICK
[INFO ][2015-11-03 18:12:02,588][com.java.TestType] [ 4130] - Unable to click the object Report name to be edited
[INFO ][2015-11-03 18:12:02,588][com.java.SeleniumDriver] [  861] -  RESULT true
[INFO ][2015-11-03 18:12:02,588][com.java.SeleniumDriver] [ 1066] - ?   P A S S   ?
[INFO ][2015-11-03 18:12:02,588][com.java.SeleniumDriver] [  788] - ------------------------------------------
[INFO ][2015-11-03 18:12:02,588][com.java.SeleniumDriver] [  789] - Test case being Executed: 4
[INFO ][2015-11-03 18:12:02,588][com.java.SeleniumDriver] [  800] - Test step:30
[INFO ][2015-11-03 18:12:02,588][com.java.SeleniumDriver] [  812] - Datavalue is----------null
[DEBUG][2015-11-03 18:12:02,588][com.java.SeleniumDriver] [  830] - Exception: null
[INFO ][2015-11-03 18:12:02,588][com.java.SeleniumDriver] [  836] - DataField : TXT//input[@class='ember-view ember-text-field form-control']
[INFO ][2015-11-03 18:12:02,588][com.java.SeleniumDriver] [  838] - DataValue : 
[INFO ][2015-11-03 18:12:02,588][com.java.SeleniumDriver] [  844] - <In Set values of the page>
[INFO ][2015-11-03 18:12:02,588][com.java.SeleniumDriver] [  847] - {Data Fields & Data Values Exist}
[INFO ][2015-11-03 18:12:02,589][com.java.SeleniumDriver] [  849] - --------------------------setting values-----------------------------
[INFO ][2015-11-03 18:12:02,589][com.java.SeleniumDriver] [  852] - Action Type : ENTER
[INFO ][2015-11-03 18:12:02,589][com.java.TestType] [ 4383] - field = //input[@class='ember-view ember-text-field form-control']
[INFO ][2015-11-03 18:12:02,589][com.java.TestType] [ 3750] - value = 
[INFO ][2015-11-03 18:12:03,323][com.java.SeleniumDriver] [  861] -  RESULT true
[INFO ][2015-11-03 18:12:03,323][com.java.SeleniumDriver] [ 1066] - ?   P A S S   ?
[INFO ][2015-11-03 18:12:03,323][com.java.SeleniumDriver] [  788] - ------------------------------------------
[INFO ][2015-11-03 18:12:03,323][com.java.SeleniumDriver] [  789] - Test case being Executed: 4
[INFO ][2015-11-03 18:12:03,323][com.java.SeleniumDriver] [  800] - Test step:31
[INFO ][2015-11-03 18:12:03,323][com.java.SeleniumDriver] [  812] - Datavalue is----------null
[DEBUG][2015-11-03 18:12:03,323][com.java.SeleniumDriver] [  830] - Exception: null
[INFO ][2015-11-03 18:12:03,323][com.java.SeleniumDriver] [  836] - DataField : XPH//div[@class='ui-widget-content']/div/button[2]
[INFO ][2015-11-03 18:12:03,323][com.java.SeleniumDriver] [  838] - DataValue : 
[INFO ][2015-11-03 18:12:03,323][com.java.SeleniumDriver] [  844] - <In Set values of the page>
[INFO ][2015-11-03 18:12:03,323][com.java.SeleniumDriver] [  847] - {Data Fields & Data Values Exist}
[INFO ][2015-11-03 18:12:03,323][com.java.SeleniumDriver] [  849] - --------------------------setting values-----------------------------
[INFO ][2015-11-03 18:12:03,323][com.java.SeleniumDriver] [  852] - Action Type : CLICK
[INFO ][2015-11-03 18:12:03,324][com.java.TestType] [ 4063] - Field ::XPH//div[@class='ui-widget-content']/div/button[2]
[INFO ][2015-11-03 18:12:04,324][com.java.TestType] [ 4122] - BEFORE CLICK
[INFO ][2015-11-03 18:12:05,996][com.java.TestType] [ 4130] - Unable to click the object Save Button
[INFO ][2015-11-03 18:12:05,996][com.java.SeleniumDriver] [  861] -  RESULT true
[INFO ][2015-11-03 18:12:05,996][com.java.SeleniumDriver] [ 1066] - ?   P A S S   ?
[INFO ][2015-11-03 18:12:05,996][com.java.SeleniumDriver] [  788] - ------------------------------------------
[INFO ][2015-11-03 18:12:05,996][com.java.SeleniumDriver] [  789] - Test case being Executed: 4
[INFO ][2015-11-03 18:12:05,996][com.java.SeleniumDriver] [  800] - Test step:32
[INFO ][2015-11-03 18:12:05,996][com.java.SeleniumDriver] [  812] - Datavalue is----------//table/tbody/tr[2]/td[1]
[INFO ][2015-11-03 18:12:05,996][com.java.SeleniumDriver] [  836] - DataField : //table/tbody/tr[1]/td[1]
[INFO ][2015-11-03 18:12:05,996][com.java.SeleniumDriver] [  838] - DataValue : //table/tbody/tr[2]/td[1]
[INFO ][2015-11-03 18:12:05,996][com.java.SeleniumDriver] [  844] - <In Set values of the page>
[INFO ][2015-11-03 18:12:05,996][com.java.SeleniumDriver] [  847] - {Data Fields & Data Values Exist}
[INFO ][2015-11-03 18:12:05,996][com.java.SeleniumDriver] [  849] - --------------------------setting values-----------------------------
[INFO ][2015-11-03 18:12:05,996][com.java.SeleniumDriver] [  852] - Action Type : DRAGANDDROP
[INFO ][2015-11-03 18:12:06,541][com.java.SeleniumDriver] [  861] -  RESULT true
[INFO ][2015-11-03 18:12:06,542][com.java.SeleniumDriver] [ 1066] - ?   P A S S   ?
[INFO ][2015-11-03 18:12:06,542][com.java.SeleniumDriver] [  788] - ------------------------------------------
[INFO ][2015-11-03 18:12:06,542][com.java.SeleniumDriver] [  789] - Test case being Executed: 4
[INFO ][2015-11-03 18:12:06,542][com.java.SeleniumDriver] [  800] - Test step:33
[INFO ][2015-11-03 18:12:06,542][com.java.SeleniumDriver] [  812] - Datavalue is----------null
[DEBUG][2015-11-03 18:12:06,542][com.java.SeleniumDriver] [  830] - Exception: null
[INFO ][2015-11-03 18:12:06,542][com.java.SeleniumDriver] [  836] - DataField : BTN//div[@class='actions']/a[2]/span
[INFO ][2015-11-03 18:12:06,542][com.java.SeleniumDriver] [  838] - DataValue : 
[INFO ][2015-11-03 18:12:06,542][com.java.SeleniumDriver] [  844] - <In Set values of the page>
[INFO ][2015-11-03 18:12:06,542][com.java.SeleniumDriver] [  847] - {Data Fields & Data Values Exist}
[INFO ][2015-11-03 18:12:06,542][com.java.SeleniumDriver] [  849] - --------------------------setting values-----------------------------
[INFO ][2015-11-03 18:12:06,542][com.java.SeleniumDriver] [  852] - Action Type : CLICK
[INFO ][2015-11-03 18:12:06,543][com.java.TestType] [ 4063] - Field ::BTN//div[@class='actions']/a[2]/span
[INFO ][2015-11-03 18:12:07,543][com.java.TestType] [ 4101] - BEFORE CLICK
[INFO ][2015-11-03 18:12:07,758][com.java.TestType] [ 4108] - Unable to click the object Delete Button
[INFO ][2015-11-03 18:12:07,759][com.java.SeleniumDriver] [  861] -  RESULT true
[INFO ][2015-11-03 18:12:07,759][com.java.SeleniumDriver] [ 1066] - ?   P A S S   ?
[INFO ][2015-11-03 18:12:07,759][com.java.SeleniumDriver] [  788] - ------------------------------------------
[INFO ][2015-11-03 18:12:07,759][com.java.SeleniumDriver] [  789] - Test case being Executed: 4
[INFO ][2015-11-03 18:12:07,759][com.java.SeleniumDriver] [  800] - Test step:34
[INFO ][2015-11-03 18:12:07,759][com.java.SeleniumDriver] [  812] - Datavalue is----------null
[DEBUG][2015-11-03 18:12:07,759][com.java.SeleniumDriver] [  830] - Exception: null
[INFO ][2015-11-03 18:12:07,759][com.java.SeleniumDriver] [  836] - DataField : null
[INFO ][2015-11-03 18:12:07,759][com.java.SeleniumDriver] [  838] - DataValue : 
[INFO ][2015-11-03 18:12:07,759][com.java.SeleniumDriver] [  844] - <In Set values of the page>
[INFO ][2015-11-03 18:12:07,759][com.java.SeleniumDriver] [  847] - {Data Fields & Data Values Exist}
[INFO ][2015-11-03 18:12:07,759][com.java.SeleniumDriver] [  849] - --------------------------setting values-----------------------------
[INFO ][2015-11-03 18:12:07,759][com.java.SeleniumDriver] [  852] - Action Type : WAITTIME
[DEBUG][2015-11-03 18:12:07,760][com.java.TestType] [ 3654] - sleepTime: 10000
[INFO ][2015-11-03 18:12:17,761][com.java.SeleniumDriver] [  861] -  RESULT true
[INFO ][2015-11-03 18:12:17,761][com.java.SeleniumDriver] [ 1066] - ?   P A S S   ?
[INFO ][2015-11-03 18:12:17,761][com.java.SeleniumDriver] [  788] - ------------------------------------------
[INFO ][2015-11-03 18:12:17,761][com.java.SeleniumDriver] [  789] - Test case being Executed: 4
[INFO ][2015-11-03 18:12:17,761][com.java.SeleniumDriver] [  800] - Test step:35
[INFO ][2015-11-03 18:12:17,761][com.java.SeleniumDriver] [  812] - Datavalue is----------ok
[INFO ][2015-11-03 18:12:17,761][com.java.SeleniumDriver] [  836] - DataField : CNF
[INFO ][2015-11-03 18:12:17,761][com.java.SeleniumDriver] [  838] - DataValue : ok
[INFO ][2015-11-03 18:12:17,761][com.java.SeleniumDriver] [  844] - <In Set values of the page>
[INFO ][2015-11-03 18:12:17,761][com.java.SeleniumDriver] [  847] - {Data Fields & Data Values Exist}
[INFO ][2015-11-03 18:12:17,761][com.java.SeleniumDriver] [  849] - --------------------------setting values-----------------------------
[INFO ][2015-11-03 18:12:17,761][com.java.SeleniumDriver] [  852] - Action Type : CLICK
[INFO ][2015-11-03 18:12:17,761][com.java.TestType] [ 4063] - Field ::CNF
[ERROR][2015-11-03 18:12:18,866][com.java.TestType] [ 4296] - Exception in click:: No alert is active (WARNING: The server did not provide any stacktrace information)
Command duration or timeout: 103 milliseconds
Build info: version: '2.48.2', revision: '41bccdd', time: '2015-10-09 19:59:12'
System info: host: 'FVTIII438F1D', ip: '172.17.68.34', os.name: 'Windows 7', os.arch: 'x86', os.version: '6.1', java.version: '1.7.0_55'
Session ID: b7994187-971a-415a-9c47-907ef806365b
Driver info: org.openqa.selenium.ie.InternetExplorerDriver
Capabilities [{platform=WINDOWS, javascriptEnabled=true, elementScrollBehavior=0, ignoreZoomSetting=false, enablePersistentHover=true, ie.ensureCleanSession=false, browserName=internet explorer, enableElementCacheCleanup=true, unexpectedAlertBehaviour=dismiss, version=11, ie.usePerProcessProxy=false, ignoreProtectedModeSettings=true, cssSelectorsEnabled=true, requireWindowFocus=false, initialBrowserUrl=http://localhost:17073/, handlesAlerts=true, ie.forceCreateProcessApi=false, nativeEvents=true, browserAttachTimeout=0, ie.browserCommandLineSwitches=, takesScreenshot=true}]
[INFO ][2015-11-03 18:12:18,866][com.java.TestType] [ 4300] - Element :::: not found
[INFO ][2015-11-03 18:12:18,866][com.java.SeleniumDriver] [  861] -  RESULT false
[INFO ][2015-11-03 18:12:18,866][com.java.SeleniumDriver] [  908] - ?   F A I L   ?
[INFO ][2015-11-03 18:12:18,867][com.java.SeleniumDriver] [  916] - Browser Type : IE11
[INFO ][2015-11-03 18:12:18,867][com.java.SeleniumDriver] [  917] - Adding Failed case4
[INFO ][2015-11-03 18:12:19,868][com.java.SeleniumDriver] [ 1030] - failedCases = 4
[ERROR][2015-11-03 18:12:19,868][com.java.SeleniumDriver] [ 1516] - Platform Errors : Our apologies...::We have encountered an issue with your request.::Our apologies?:We encountered an issue with your request.
[INFO ][2015-11-03 18:12:19,868][com.java.SeleniumDriver] [ 1520] - Length =3
[ERROR][2015-11-03 18:12:19,868][com.java.SeleniumDriver] [ 1523] - Error 0 = Our apologies...
[ERROR][2015-11-03 18:12:19,905][com.java.SeleniumDriver] [ 1523] - Error 1 = We have encountered an issue with your request.
[ERROR][2015-11-03 18:12:19,920][com.java.SeleniumDriver] [ 1523] - Error 2 = Our apologies?:We encountered an issue with your request.
[DEBUG][2015-11-03 18:12:19,962][com.java.SeleniumDriver] [ 1168] - Case found
[DEBUG][2015-11-03 18:12:19,962][com.java.SeleniumDriver] [ 1173] - Incrementing ReportCounters[0]:2
[INFO ][2015-11-03 18:12:19,962][com.java.SeleniumDriver] [ 1192] - The results are-------------------[4, 35, Report Package: Set Up, Fail, 
Test case failed at Step No. :: 35   Error Message ::  Element :::: not found. Screen Shot : D:\BankersDashboard\TestReports\110315\4_110315_181218_IE11.png, Tue Nov 03 18:12:19 IST 2015]
[INFO ][2015-11-03 18:12:19,962][com.java.SeleniumDriver] [ 1196] - End time is-------2 min 2 sec
[INFO ][2015-11-03 18:12:19,962][com.java.SeleniumDriver] [ 1197] - The results are-------------------[4, 35, Report Package: Set Up, Fail, 
Test case failed at Step No. :: 35   Error Message ::  Element :::: not found. Screen Shot : D:\BankersDashboard\TestReports\110315\4_110315_181218_IE11.png, Tue Nov 03 18:12:19 IST 2015]
[DEBUG][2015-11-03 18:12:19,963][com.java.ImportnExport.ExportTestResultsExcel] [  222] - testResultPath = D:\BankersDashboard/TestReports/Test Results_BankersDashBoard_110315_181019_IE11_Any Bank USA.xls
[DEBUG][2015-11-03 18:12:19,963][com.java.ImportnExport.ExportTestResultsExcel] [  223] - browser is------------IE11
[DEBUG][2015-11-03 18:12:19,965][com.java.ImportnExport.ExportTestResultsExcel] [  270] - result.size() = 6
[DEBUG][2015-11-03 18:12:19,965][com.java.ImportnExport.ExportTestResultsExcel] [  274] - No of rows in sheet=2
[DEBUG][2015-11-03 18:12:19,965][com.java.ImportnExport.ExportTestResultsExcel] [  301] - ..in export..4
[DEBUG][2015-11-03 18:12:19,965][com.java.ImportnExport.ExportTestResultsExcel] [  301] - ..in export..Report Package: Set Up
[DEBUG][2015-11-03 18:12:19,965][com.java.ImportnExport.ExportTestResultsExcel] [  301] - ..in export..Fail
[DEBUG][2015-11-03 18:12:19,965][com.java.ImportnExport.ExportTestResultsExcel] [  301] - ..in export..
Test case failed at Step No. :: 35   Error Message ::  Element :::: not found. Screen Shot : D:\BankersDashboard\TestReports\110315\4_110315_181218_IE11.png
[DEBUG][2015-11-03 18:12:19,965][com.java.ImportnExport.ExportTestResultsExcel] [  301] - ..in export..Tue Nov 03 18:12:19 IST 2015
[INFO ][2015-11-03 18:12:19,967][com.java.SeleniumDriver] [ 1255] - out loop:1 size:11 TestCases:[1, 4, 5, 6, 7, 8, 10, 11, 12, 14, 16] testcases:[1, 4, 5, 6, 7, 8, 10, 11, 12, 14, 16]
[INFO ][2015-11-03 18:12:19,967][com.java.ImportnExport.ImportTestDataDetailsExcel] [   49] - test data details path===== D:\BankersDashboard\TestInputs\TestData.xls
