[INFO ][2015-11-30 15:20:29,271][com.java.SeleniumDriver] [  213] - Execute Failed Casestrue
[INFO ][2015-11-30 15:20:29,271][com.java.SeleniumDriver] [  214] - Browser: IE10
[INFO ][2015-11-30 15:20:29,271][com.java.SeleniumDriver] [  215] - [1, 4]
[INFO ][2015-11-30 15:20:29,272][com.java.SeleniumDriver] [  216] - Total TestCases:2
[INFO ][2015-11-30 15:20:29,272][com.java.SeleniumDriver] [  217] -  Reading Properties from Property File 
[DEBUG][2015-11-30 15:20:29,272][com.java.SeleniumDriver] [  238] - url : https://clients-xuat.bankersdashboard.com
[INFO ][2015-11-30 15:20:29,273][com.java.ImportnExport.ExportTestResultsExcel] [  116] - Time Stamp Mon Nov 30 03:20:29 IST 2015
[INFO ][2015-11-30 15:20:29,273][com.java.ImportnExport.ExportTestResultsExcel] [  175] - OUT FILE : D:\BankersDashboard/TestReports/Test Results_BankersDashBoard_113015_152029_IE10_Any Bank USA.xls
[INFO ][2015-11-30 15:20:29,301][com.java.ImportnExport.ExportTestResultsExcel] [  180] - Test Result file is created
[DEBUG][2015-11-30 15:20:29,403][com.java.SeleniumDriver] [  426] - Hub ip address is-------172.17.68.34
[INFO ][2015-11-30 15:20:29,404][com.java.SeleniumDriver] [  452] - Grid URL:http://172.17.68.34:4444/wd/hub
[INFO ][2015-11-30 15:20:29,405][com.java.SeleniumDriver] [  453] - Capability:Capabilities [{platform=ANY, ensureCleanSession=true, ignoreProtectedModeSettings=true, acceptSslCerts=true, ignoreZoomSetting=true, browserName=internet explorer, browserstack.ie.noFlash=true, version=null}]
[ERROR][2015-11-30 15:20:30,708][com.java.SeleniumDriver] [  497] - Unable invoke browser in grid:Could not start a new session. Possible causes are invalid address of the remote server or browser start-up failure.
Build info: version: '2.48.2', revision: '41bccdd', time: '2015-10-09 19:59:12'
System info: host: 'FVTIII438F1D', ip: '172.17.68.34', os.name: 'Windows 7', os.arch: 'x86', os.version: '6.1', java.version: '1.7.0_55'
Driver info: driver.version: SeleniumDriver
[INFO ][2015-11-30 15:20:30,708][com.java.SeleniumDriver] [  499] - Executing on local machine
[INFO ][2015-11-30 15:20:40,379][com.java.SeleniumDriver] [  248] - IE10is opened
[INFO ][2015-11-30 15:20:41,248][com.java.SeleniumDriver] [  754] - Test cases to be executed are: [1, 4]
[INFO ][2015-11-30 15:20:41,265][com.java.ImportnExport.ImportTestDataDetailsExcel] [   49] - test data details path===== D:\BankersDashboard\TestInputs\TestData.xls
[INFO ][2015-11-30 15:20:41,328][com.java.SeleniumDriver] [  801] - ------------------------------------------
[INFO ][2015-11-30 15:20:41,328][com.java.SeleniumDriver] [  802] - Test case being Executed: 1
[INFO ][2015-11-30 15:20:41,329][com.java.SeleniumDriver] [  813] - Test step:1
[INFO ][2015-11-30 15:20:41,329][com.java.SeleniumDriver] [  825] - Datavalue is----------Concept#1:1-14
[INFO ][2015-11-30 15:20:41,329][com.java.SeleniumDriver] [  849] - DataField : test
[INFO ][2015-11-30 15:20:41,329][com.java.SeleniumDriver] [  851] - DataValue : Concept#1:1-14
[INFO ][2015-11-30 15:20:41,329][com.java.SeleniumDriver] [  857] - <In Set values of the page>
[INFO ][2015-11-30 15:20:41,329][com.java.SeleniumDriver] [  860] - {Data Fields & Data Values Exist}
[INFO ][2015-11-30 15:20:41,329][com.java.SeleniumDriver] [  862] - --------------------------setting values-----------------------------
[INFO ][2015-11-30 15:20:41,329][com.java.SeleniumDriver] [  865] - Action Type : ExecuteTestCase
[INFO ][2015-11-30 15:20:41,346][com.java.TestType] [  432] - The Concept sheet name is ---------- Concept
[INFO ][2015-11-30 15:20:41,346][com.java.TestType] [  435] - The Concept ID  is ---------- 1
[DEBUG][2015-11-30 15:20:41,346][com.java.TestType] [  439] - Steps being executted in the Concept are: 1:14
[INFO ][2015-11-30 15:20:41,346][com.java.TestType] [  446] - Test data details path ---------- D:\BankersDashboard\TestInputs\TestData.xls
[INFO ][2015-11-30 15:20:41,380][com.java.TestType] [  477] -  str(1) = 1
[INFO ][2015-11-30 15:20:41,380][com.java.TestType] [  480] - Test case Id is---1
[INFO ][2015-11-30 15:20:41,380][com.java.TestType] [  482] - 1
[INFO ][2015-11-30 15:20:41,381][com.java.TestType] [  477] -  str(2) = 1
[INFO ][2015-11-30 15:20:41,385][com.java.TestType] [  529] - row values are--------{1=com.java.Objects.TestDataDetails@1938a30}
[INFO ][2015-11-30 15:20:41,385][com.java.TestType] [  477] -  str(1) = 1
[INFO ][2015-11-30 15:20:41,385][com.java.TestType] [  480] - Test case Id is---1
[INFO ][2015-11-30 15:20:41,385][com.java.TestType] [  482] - 1
[INFO ][2015-11-30 15:20:41,385][com.java.TestType] [  477] -  str(2) = 2
[INFO ][2015-11-30 15:20:41,386][com.java.TestType] [  529] - row values are--------{1=com.java.Objects.TestDataDetails@1938a30, 2=com.java.Objects.TestDataDetails@ef9ef}
[INFO ][2015-11-30 15:20:41,387][com.java.TestType] [  477] -  str(1) = 1
[INFO ][2015-11-30 15:20:41,387][com.java.TestType] [  480] - Test case Id is---1
[INFO ][2015-11-30 15:20:41,387][com.java.TestType] [  482] - 1
[INFO ][2015-11-30 15:20:41,387][com.java.TestType] [  477] -  str(2) = 3
[INFO ][2015-11-30 15:20:41,388][com.java.TestType] [  529] - row values are--------{1=com.java.Objects.TestDataDetails@1938a30, 2=com.java.Objects.TestDataDetails@ef9ef, 3=com.java.Objects.TestDataDetails@8a8fc4}
[INFO ][2015-11-30 15:20:41,388][com.java.TestType] [  477] -  str(1) = 1
[INFO ][2015-11-30 15:20:41,388][com.java.TestType] [  480] - Test case Id is---1
[INFO ][2015-11-30 15:20:41,389][com.java.TestType] [  482] - 1
[INFO ][2015-11-30 15:20:41,389][com.java.TestType] [  477] -  str(2) = 4
[INFO ][2015-11-30 15:20:41,390][com.java.TestType] [  529] - row values are--------{1=com.java.Objects.TestDataDetails@1938a30, 2=com.java.Objects.TestDataDetails@ef9ef, 3=com.java.Objects.TestDataDetails@8a8fc4, 4=com.java.Objects.TestDataDetails@fa4f5b}
[INFO ][2015-11-30 15:20:41,390][com.java.TestType] [  477] -  str(1) = 1
[INFO ][2015-11-30 15:20:41,390][com.java.TestType] [  480] - Test case Id is---1
[INFO ][2015-11-30 15:20:41,390][com.java.TestType] [  482] - 1
[INFO ][2015-11-30 15:20:41,390][com.java.TestType] [  477] -  str(2) = 5
[INFO ][2015-11-30 15:20:41,391][com.java.TestType] [  529] - row values are--------{1=com.java.Objects.TestDataDetails@1938a30, 2=com.java.Objects.TestDataDetails@ef9ef, 3=com.java.Objects.TestDataDetails@8a8fc4, 4=com.java.Objects.TestDataDetails@fa4f5b, 5=com.java.Objects.TestDataDetails@13d2941}
[INFO ][2015-11-30 15:20:41,392][com.java.TestType] [  477] -  str(1) = 1
[INFO ][2015-11-30 15:20:41,392][com.java.TestType] [  480] - Test case Id is---1
[INFO ][2015-11-30 15:20:41,393][com.java.TestType] [  482] - 1
[INFO ][2015-11-30 15:20:41,393][com.java.TestType] [  477] -  str(2) = 6
[INFO ][2015-11-30 15:20:41,394][com.java.TestType] [  529] - row values are--------{1=com.java.Objects.TestDataDetails@1938a30, 2=com.java.Objects.TestDataDetails@ef9ef, 3=com.java.Objects.TestDataDetails@8a8fc4, 4=com.java.Objects.TestDataDetails@fa4f5b, 5=com.java.Objects.TestDataDetails@13d2941, 6=com.java.Objects.TestDataDetails@1a36381}
[INFO ][2015-11-30 15:20:41,394][com.java.TestType] [  477] -  str(1) = 1
[INFO ][2015-11-30 15:20:41,395][com.java.TestType] [  480] - Test case Id is---1
[INFO ][2015-11-30 15:20:41,395][com.java.TestType] [  482] - 1
[INFO ][2015-11-30 15:20:41,395][com.java.TestType] [  477] -  str(2) = 7
[INFO ][2015-11-30 15:20:41,395][com.java.TestType] [  529] - row values are--------{1=com.java.Objects.TestDataDetails@1938a30, 2=com.java.Objects.TestDataDetails@ef9ef, 3=com.java.Objects.TestDataDetails@8a8fc4, 4=com.java.Objects.TestDataDetails@fa4f5b, 5=com.java.Objects.TestDataDetails@13d2941, 6=com.java.Objects.TestDataDetails@1a36381, 7=com.java.Objects.TestDataDetails@1d94f05}
[INFO ][2015-11-30 15:20:41,396][com.java.TestType] [  477] -  str(1) = 1
[INFO ][2015-11-30 15:20:41,396][com.java.TestType] [  480] - Test case Id is---1
[INFO ][2015-11-30 15:20:41,396][com.java.TestType] [  482] - 1
[INFO ][2015-11-30 15:20:41,396][com.java.TestType] [  477] -  str(2) = 8
[INFO ][2015-11-30 15:20:41,397][com.java.TestType] [  529] - row values are--------{1=com.java.Objects.TestDataDetails@1938a30, 2=com.java.Objects.TestDataDetails@ef9ef, 3=com.java.Objects.TestDataDetails@8a8fc4, 4=com.java.Objects.TestDataDetails@fa4f5b, 5=com.java.Objects.TestDataDetails@13d2941, 6=com.java.Objects.TestDataDetails@1a36381, 7=com.java.Objects.TestDataDetails@1d94f05, 8=com.java.Objects.TestDataDetails@10ae00b}
[INFO ][2015-11-30 15:20:41,397][com.java.TestType] [  477] -  str(1) = 1
[INFO ][2015-11-30 15:20:41,397][com.java.TestType] [  480] - Test case Id is---1
[INFO ][2015-11-30 15:20:41,397][com.java.TestType] [  482] - 1
[INFO ][2015-11-30 15:20:41,397][com.java.TestType] [  477] -  str(2) = 9
[INFO ][2015-11-30 15:20:41,398][com.java.TestType] [  529] - row values are--------{1=com.java.Objects.TestDataDetails@1938a30, 2=com.java.Objects.TestDataDetails@ef9ef, 3=com.java.Objects.TestDataDetails@8a8fc4, 4=com.java.Objects.TestDataDetails@fa4f5b, 5=com.java.Objects.TestDataDetails@13d2941, 6=com.java.Objects.TestDataDetails@1a36381, 7=com.java.Objects.TestDataDetails@1d94f05, 8=com.java.Objects.TestDataDetails@10ae00b, 9=com.java.Objects.TestDataDetails@1f55efc}
[INFO ][2015-11-30 15:20:41,398][com.java.TestType] [  477] -  str(1) = 1
[INFO ][2015-11-30 15:20:41,398][com.java.TestType] [  480] - Test case Id is---1
[INFO ][2015-11-30 15:20:41,398][com.java.TestType] [  482] - 1
[INFO ][2015-11-30 15:20:41,398][com.java.TestType] [  477] -  str(2) = 10
[INFO ][2015-11-30 15:20:41,399][com.java.TestType] [  529] - row values are--------{1=com.java.Objects.TestDataDetails@1938a30, 2=com.java.Objects.TestDataDetails@ef9ef, 3=com.java.Objects.TestDataDetails@8a8fc4, 4=com.java.Objects.TestDataDetails@fa4f5b, 5=com.java.Objects.TestDataDetails@13d2941, 6=com.java.Objects.TestDataDetails@1a36381, 7=com.java.Objects.TestDataDetails@1d94f05, 8=com.java.Objects.TestDataDetails@10ae00b, 9=com.java.Objects.TestDataDetails@1f55efc, 10=com.java.Objects.TestDataDetails@2f4aea}
[INFO ][2015-11-30 15:20:41,400][com.java.TestType] [  477] -  str(1) = 1
[INFO ][2015-11-30 15:20:41,400][com.java.TestType] [  480] - Test case Id is---1
[INFO ][2015-11-30 15:20:41,400][com.java.TestType] [  482] - 1
[INFO ][2015-11-30 15:20:41,400][com.java.TestType] [  477] -  str(2) = 11
[INFO ][2015-11-30 15:20:41,401][com.java.TestType] [  529] - row values are--------{1=com.java.Objects.TestDataDetails@1938a30, 2=com.java.Objects.TestDataDetails@ef9ef, 3=com.java.Objects.TestDataDetails@8a8fc4, 4=com.java.Objects.TestDataDetails@fa4f5b, 5=com.java.Objects.TestDataDetails@13d2941, 6=com.java.Objects.TestDataDetails@1a36381, 7=com.java.Objects.TestDataDetails@1d94f05, 8=com.java.Objects.TestDataDetails@10ae00b, 9=com.java.Objects.TestDataDetails@1f55efc, 10=com.java.Objects.TestDataDetails@2f4aea, 11=com.java.Objects.TestDataDetails@1856ec1}
[INFO ][2015-11-30 15:20:41,401][com.java.TestType] [  477] -  str(1) = 1
[INFO ][2015-11-30 15:20:41,401][com.java.TestType] [  480] - Test case Id is---1
[INFO ][2015-11-30 15:20:41,402][com.java.TestType] [  482] - 1
[INFO ][2015-11-30 15:20:41,402][com.java.TestType] [  477] -  str(2) = 12
[INFO ][2015-11-30 15:20:41,404][com.java.TestType] [  529] - row values are--------{1=com.java.Objects.TestDataDetails@1938a30, 2=com.java.Objects.TestDataDetails@ef9ef, 3=com.java.Objects.TestDataDetails@8a8fc4, 4=com.java.Objects.TestDataDetails@fa4f5b, 5=com.java.Objects.TestDataDetails@13d2941, 6=com.java.Objects.TestDataDetails@1a36381, 7=com.java.Objects.TestDataDetails@1d94f05, 8=com.java.Objects.TestDataDetails@10ae00b, 9=com.java.Objects.TestDataDetails@1f55efc, 10=com.java.Objects.TestDataDetails@2f4aea, 11=com.java.Objects.TestDataDetails@1856ec1, 12=com.java.Objects.TestDataDetails@3c2bdf}
[INFO ][2015-11-30 15:20:41,404][com.java.TestType] [  477] -  str(1) = 1
[INFO ][2015-11-30 15:20:41,404][com.java.TestType] [  480] - Test case Id is---1
[INFO ][2015-11-30 15:20:41,404][com.java.TestType] [  482] - 1
[INFO ][2015-11-30 15:20:41,404][com.java.TestType] [  477] -  str(2) = 13
[INFO ][2015-11-30 15:20:41,405][com.java.TestType] [  529] - row values are--------{1=com.java.Objects.TestDataDetails@1938a30, 2=com.java.Objects.TestDataDetails@ef9ef, 3=com.java.Objects.TestDataDetails@8a8fc4, 4=com.java.Objects.TestDataDetails@fa4f5b, 5=com.java.Objects.TestDataDetails@13d2941, 6=com.java.Objects.TestDataDetails@1a36381, 7=com.java.Objects.TestDataDetails@1d94f05, 8=com.java.Objects.TestDataDetails@10ae00b, 9=com.java.Objects.TestDataDetails@1f55efc, 10=com.java.Objects.TestDataDetails@2f4aea, 11=com.java.Objects.TestDataDetails@1856ec1, 12=com.java.Objects.TestDataDetails@3c2bdf, 13=com.java.Objects.TestDataDetails@c88f97}
[INFO ][2015-11-30 15:20:41,405][com.java.TestType] [  477] -  str(1) = 1
[INFO ][2015-11-30 15:20:41,405][com.java.TestType] [  480] - Test case Id is---1
[INFO ][2015-11-30 15:20:41,405][com.java.TestType] [  482] - 1
[INFO ][2015-11-30 15:20:41,405][com.java.TestType] [  477] -  str(2) = 14
[INFO ][2015-11-30 15:20:41,406][com.java.TestType] [  529] - row values are--------{1=com.java.Objects.TestDataDetails@1938a30, 2=com.java.Objects.TestDataDetails@ef9ef, 3=com.java.Objects.TestDataDetails@8a8fc4, 4=com.java.Objects.TestDataDetails@fa4f5b, 5=com.java.Objects.TestDataDetails@13d2941, 6=com.java.Objects.TestDataDetails@1a36381, 7=com.java.Objects.TestDataDetails@1d94f05, 8=com.java.Objects.TestDataDetails@10ae00b, 9=com.java.Objects.TestDataDetails@1f55efc, 10=com.java.Objects.TestDataDetails@2f4aea, 11=com.java.Objects.TestDataDetails@1856ec1, 12=com.java.Objects.TestDataDetails@3c2bdf, 13=com.java.Objects.TestDataDetails@c88f97, 14=com.java.Objects.TestDataDetails@1905258}
[INFO ][2015-11-30 15:20:41,406][com.java.TestType] [ 9259] - Looping 1TCID = 1
[DEBUG][2015-11-30 15:20:41,406][com.java.TestType] [ 9300] - Concept ID:1 :: Step being Executed: 1::1
[INFO ][2015-11-30 15:20:41,406][com.java.TestType] [ 9338] - dataFields : TXTusername
[DEBUG][2015-11-30 15:20:41,407][com.java.TestType] [ 9344] - <In Set values of the page>
[DEBUG][2015-11-30 15:20:41,407][com.java.TestType] [ 9349] - {Data Fields & Data Values Exist}
[INFO ][2015-11-30 15:20:41,407][com.java.TestType] [ 9355] - --------------------------setting values-----------------------------
[INFO ][2015-11-30 15:20:41,407][com.java.TestType] [ 9358] - Action Type : CLEARANDENTER
[INFO ][2015-11-30 15:20:41,407][com.java.TestType] [ 4783] - value = naresh.nayini.00000
[INFO ][2015-11-30 15:20:46,162][com.java.TestType] [ 9377] -  RESULT true
[INFO ][2015-11-30 15:20:46,162][com.java.TestType] [ 9494] - ?   P A S S   ?
[DEBUG][2015-11-30 15:20:46,163][com.java.TestType] [ 9300] - Concept ID:1 :: Step being Executed: 1::2
[INFO ][2015-11-30 15:20:46,163][com.java.TestType] [ 9338] - dataFields : TXTpassword
[DEBUG][2015-11-30 15:20:46,163][com.java.TestType] [ 9344] - <In Set values of the page>
[DEBUG][2015-11-30 15:20:46,163][com.java.TestType] [ 9349] - {Data Fields & Data Values Exist}
[INFO ][2015-11-30 15:20:46,163][com.java.TestType] [ 9355] - --------------------------setting values-----------------------------
[INFO ][2015-11-30 15:20:46,163][com.java.TestType] [ 9358] - Action Type : CLEARANDENTER
[INFO ][2015-11-30 15:20:46,163][com.java.TestType] [ 4783] - value = Password1*
[INFO ][2015-11-30 15:20:51,009][com.java.TestType] [ 9377] -  RESULT true
[INFO ][2015-11-30 15:20:51,009][com.java.TestType] [ 9494] - ?   P A S S   ?
[DEBUG][2015-11-30 15:20:51,009][com.java.TestType] [ 9300] - Concept ID:1 :: Step being Executed: 1::3
[ERROR][2015-11-30 15:20:51,009][com.java.TestType] [ 9333] - Exception: null
[INFO ][2015-11-30 15:20:51,010][com.java.TestType] [ 9338] - dataFields : XPH//button[@type='submit']
[DEBUG][2015-11-30 15:20:51,010][com.java.TestType] [ 9344] - <In Set values of the page>
[DEBUG][2015-11-30 15:20:51,010][com.java.TestType] [ 9349] - {Data Fields & Data Values Exist}
[INFO ][2015-11-30 15:20:51,010][com.java.TestType] [ 9355] - --------------------------setting values-----------------------------
[INFO ][2015-11-30 15:20:51,010][com.java.TestType] [ 9358] - Action Type : Click
[INFO ][2015-11-30 15:20:51,010][com.java.TestType] [ 5111] - Field ::XPH//button[@type='submit']
[INFO ][2015-11-30 15:20:52,010][com.java.TestType] [ 5198] - BEFORE CLICK
[INFO ][2015-11-30 15:20:52,839][com.java.TestType] [ 5206] - Unable to click the object Login
[INFO ][2015-11-30 15:20:52,839][com.java.TestType] [ 9377] -  RESULT true
[INFO ][2015-11-30 15:20:52,839][com.java.TestType] [ 9494] - ?   P A S S   ?
[DEBUG][2015-11-30 15:20:52,839][com.java.TestType] [ 9300] - Concept ID:1 :: Step being Executed: 1::4
[INFO ][2015-11-30 15:20:52,839][com.java.TestType] [ 9338] - dataFields : LNKLogout
[DEBUG][2015-11-30 15:20:52,839][com.java.TestType] [ 9344] - <In Set values of the page>
[DEBUG][2015-11-30 15:20:52,839][com.java.TestType] [ 9349] - {Data Fields & Data Values Exist}
[INFO ][2015-11-30 15:20:52,839][com.java.TestType] [ 9355] - --------------------------setting values-----------------------------
[INFO ][2015-11-30 15:20:52,839][com.java.TestType] [ 9358] - Action Type : WaitForElement
[INFO ][2015-11-30 15:20:56,196][com.java.TestType] [ 9377] -  RESULT true
[INFO ][2015-11-30 15:20:56,196][com.java.TestType] [ 9494] - ?   P A S S   ?
[DEBUG][2015-11-30 15:20:56,196][com.java.TestType] [ 9300] - Concept ID:1 :: Step being Executed: 1::13
[INFO ][2015-11-30 15:20:56,196][com.java.TestType] [ 9338] - dataFields : LNK
[DEBUG][2015-11-30 15:20:56,196][com.java.TestType] [ 9344] - <In Set values of the page>
[DEBUG][2015-11-30 15:20:56,196][com.java.TestType] [ 9349] - {Data Fields & Data Values Exist}
[INFO ][2015-11-30 15:20:56,196][com.java.TestType] [ 9355] - --------------------------setting values-----------------------------
[INFO ][2015-11-30 15:20:56,196][com.java.TestType] [ 9358] - Action Type : Verify
[INFO ][2015-11-30 15:20:56,197][com.java.TestType] [ 5968] - field= LNK value= Logout
[INFO ][2015-11-30 15:20:56,197][com.java.TestType] [ 4783] - value = Logout
[INFO ][2015-11-30 15:20:56,233][com.java.TestType] [ 9377] -  RESULT true
[INFO ][2015-11-30 15:20:56,233][com.java.TestType] [ 9494] - ?   P A S S   ?
[DEBUG][2015-11-30 15:20:56,233][com.java.TestType] [ 9300] - Concept ID:1 :: Step being Executed: 1::14
[INFO ][2015-11-30 15:20:56,233][com.java.TestType] [ 9338] - dataFields : BTN
[DEBUG][2015-11-30 15:20:56,233][com.java.TestType] [ 9344] - <In Set values of the page>
[DEBUG][2015-11-30 15:20:56,233][com.java.TestType] [ 9349] - {Data Fields & Data Values Exist}
[INFO ][2015-11-30 15:20:56,233][com.java.TestType] [ 9355] - --------------------------setting values-----------------------------
[INFO ][2015-11-30 15:20:56,233][com.java.TestType] [ 9358] - Action Type : Verify
[INFO ][2015-11-30 15:20:56,234][com.java.TestType] [ 5968] - field= BTN value= //img[contains(@src,'bdlogo.jpg')]
[INFO ][2015-11-30 15:20:56,234][com.java.TestType] [ 4783] - value = //img[contains(@src,'bdlogo.jpg')]
[INFO ][2015-11-30 15:20:56,298][com.java.TestType] [ 9377] -  RESULT true
[INFO ][2015-11-30 15:20:56,298][com.java.TestType] [ 9494] - ?   P A S S   ?
[INFO ][2015-11-30 15:20:56,298][com.java.TestType] [ 9565] - Looping End......
[INFO ][2015-11-30 15:20:56,302][com.java.SeleniumDriver] [  874] -  RESULT true
[INFO ][2015-11-30 15:20:56,302][com.java.SeleniumDriver] [ 1080] - ?   P A S S   ?
[INFO ][2015-11-30 15:20:56,302][com.java.SeleniumDriver] [  801] - ------------------------------------------
[INFO ][2015-11-30 15:20:56,302][com.java.SeleniumDriver] [  802] - Test case being Executed: 1
[INFO ][2015-11-30 15:20:56,302][com.java.SeleniumDriver] [  813] - Test step:2
[INFO ][2015-11-30 15:20:56,302][com.java.SeleniumDriver] [  825] - Datavalue is----------Concept#2:1-2
[INFO ][2015-11-30 15:20:56,302][com.java.SeleniumDriver] [  849] - DataField : test
[INFO ][2015-11-30 15:20:56,302][com.java.SeleniumDriver] [  851] - DataValue : Concept#2:1-2
[INFO ][2015-11-30 15:20:56,302][com.java.SeleniumDriver] [  857] - <In Set values of the page>
[INFO ][2015-11-30 15:20:56,303][com.java.SeleniumDriver] [  860] - {Data Fields & Data Values Exist}
[INFO ][2015-11-30 15:20:56,303][com.java.SeleniumDriver] [  862] - --------------------------setting values-----------------------------
[INFO ][2015-11-30 15:20:56,303][com.java.SeleniumDriver] [  865] - Action Type : ExecuteTestCase
[INFO ][2015-11-30 15:20:56,305][com.java.TestType] [  432] - The Concept sheet name is ---------- Concept
[INFO ][2015-11-30 15:20:56,305][com.java.TestType] [  435] - The Concept ID  is ---------- 2
[DEBUG][2015-11-30 15:20:56,305][com.java.TestType] [  439] - Steps being executted in the Concept are: 1:2
[INFO ][2015-11-30 15:20:56,305][com.java.TestType] [  446] - Test data details path ---------- D:\BankersDashboard\TestInputs\TestData.xls
[INFO ][2015-11-30 15:20:56,335][com.java.TestType] [  477] -  str(1) = 2
[INFO ][2015-11-30 15:20:56,335][com.java.TestType] [  480] - Test case Id is---2
[INFO ][2015-11-30 15:20:56,335][com.java.TestType] [  482] - 2
[INFO ][2015-11-30 15:20:56,336][com.java.TestType] [  477] -  str(2) = 1
[INFO ][2015-11-30 15:20:56,337][com.java.TestType] [  529] - row values are--------{1=com.java.Objects.TestDataDetails@fba110}
[INFO ][2015-11-30 15:20:56,337][com.java.TestType] [  477] -  str(1) = 2
[INFO ][2015-11-30 15:20:56,338][com.java.TestType] [  480] - Test case Id is---2
[INFO ][2015-11-30 15:20:56,338][com.java.TestType] [  482] - 2
[INFO ][2015-11-30 15:20:56,338][com.java.TestType] [  477] -  str(2) = 2
[INFO ][2015-11-30 15:20:56,338][com.java.TestType] [  529] - row values are--------{1=com.java.Objects.TestDataDetails@fba110, 2=com.java.Objects.TestDataDetails@159b14b}
[INFO ][2015-11-30 15:20:56,338][com.java.TestType] [  477] -  str(1) = 2
[INFO ][2015-11-30 15:20:56,338][com.java.TestType] [  480] - Test case Id is---2
[INFO ][2015-11-30 15:20:56,339][com.java.TestType] [  482] - 2
[INFO ][2015-11-30 15:20:56,339][com.java.TestType] [  477] -  str(2) = 3
[INFO ][2015-11-30 15:20:56,339][com.java.TestType] [  529] - row values are--------{1=com.java.Objects.TestDataDetails@fba110, 2=com.java.Objects.TestDataDetails@159b14b, 3=com.java.Objects.TestDataDetails@16c1ad7}
[INFO ][2015-11-30 15:20:56,339][com.java.TestType] [ 9259] - Looping 1TCID = 2
[DEBUG][2015-11-30 15:20:56,339][com.java.TestType] [ 9300] - Concept ID:2 :: Step being Executed: 2::1
[INFO ][2015-11-30 15:20:56,340][com.java.TestType] [ 9338] - dataFields : BNK//select[@id='bank']
[DEBUG][2015-11-30 15:20:56,340][com.java.TestType] [ 9344] - <In Set values of the page>
[DEBUG][2015-11-30 15:20:56,340][com.java.TestType] [ 9349] - {Data Fields & Data Values Exist}
[INFO ][2015-11-30 15:20:56,340][com.java.TestType] [ 9355] - --------------------------setting values-----------------------------
[INFO ][2015-11-30 15:20:56,341][com.java.TestType] [ 9358] - Action Type : Select
[INFO ][2015-11-30 15:20:56,341][com.java.TestType] [ 4783] - value = PFC
[INFO ][2015-11-30 15:20:56,508][com.java.TestType] [ 9377] -  RESULT true
[INFO ][2015-11-30 15:20:56,508][com.java.TestType] [ 9494] - ?   P A S S   ?
[DEBUG][2015-11-30 15:20:56,508][com.java.TestType] [ 9300] - Concept ID:2 :: Step being Executed: 2::2
[INFO ][2015-11-30 15:20:56,508][com.java.TestType] [ 9338] - dataFields : LNKLogout
[DEBUG][2015-11-30 15:20:56,508][com.java.TestType] [ 9344] - <In Set values of the page>
[DEBUG][2015-11-30 15:20:56,508][com.java.TestType] [ 9349] - {Data Fields & Data Values Exist}
[INFO ][2015-11-30 15:20:56,508][com.java.TestType] [ 9355] - --------------------------setting values-----------------------------
[INFO ][2015-11-30 15:20:56,508][com.java.TestType] [ 9358] - Action Type : WaitTime
[DEBUG][2015-11-30 15:20:56,508][com.java.TestType] [ 4603] - sleepTime: 5000
[INFO ][2015-11-30 15:21:01,508][com.java.TestType] [ 9377] -  RESULT true
[INFO ][2015-11-30 15:21:01,508][com.java.TestType] [ 9494] - ?   P A S S   ?
[INFO ][2015-11-30 15:21:01,508][com.java.TestType] [ 9565] - Looping End......
[INFO ][2015-11-30 15:21:01,512][com.java.SeleniumDriver] [  874] -  RESULT true
[INFO ][2015-11-30 15:21:01,512][com.java.SeleniumDriver] [ 1080] - ?   P A S S   ?
[INFO ][2015-11-30 15:21:01,512][com.java.SeleniumDriver] [  801] - ------------------------------------------
[INFO ][2015-11-30 15:21:01,512][com.java.SeleniumDriver] [  802] - Test case being Executed: 1
[INFO ][2015-11-30 15:21:01,512][com.java.SeleniumDriver] [  813] - Test step:3
[INFO ][2015-11-30 15:21:01,512][com.java.SeleniumDriver] [  825] - Datavalue is----------2
[INFO ][2015-11-30 15:21:01,512][com.java.SeleniumDriver] [  849] - DataField : XPH//button[contains(text(),'Add Content')]
[INFO ][2015-11-30 15:21:01,512][com.java.SeleniumDriver] [  851] - DataValue : 2
[INFO ][2015-11-30 15:21:01,513][com.java.SeleniumDriver] [  857] - <In Set values of the page>
[INFO ][2015-11-30 15:21:01,513][com.java.SeleniumDriver] [  860] - {Data Fields & Data Values Exist}
[INFO ][2015-11-30 15:21:01,513][com.java.SeleniumDriver] [  862] - --------------------------setting values-----------------------------
[INFO ][2015-11-30 15:21:01,513][com.java.SeleniumDriver] [  865] - Action Type : WAITFORELEMENT
[INFO ][2015-11-30 15:21:01,547][com.java.SeleniumDriver] [  874] -  RESULT true
[INFO ][2015-11-30 15:21:01,547][com.java.SeleniumDriver] [ 1080] - ?   P A S S   ?
[DEBUG][2015-11-30 15:21:01,547][com.java.SeleniumDriver] [ 1192] - Case found
[DEBUG][2015-11-30 15:21:01,547][com.java.SeleniumDriver] [ 1197] - Incrementing ReportCounters[0]:1
[INFO ][2015-11-30 15:21:01,547][com.java.SeleniumDriver] [ 1216] - The results are-------------------[1, 1, Valid Login, Pass, , Mon Nov 30 15:20:56 IST 2015, 1, 2, Valid Login, Pass, , Mon Nov 30 15:21:01 IST 2015, 1, 3, Valid Login, Pass, , Mon Nov 30 15:21:01 IST 2015]
[INFO ][2015-11-30 15:21:01,547][com.java.SeleniumDriver] [ 1220] - End time is-------34 sec
[INFO ][2015-11-30 15:21:01,548][com.java.SeleniumDriver] [ 1221] - The results are-------------------[1, 1, Valid Login, Pass, , Mon Nov 30 15:20:56 IST 2015, 1, 2, Valid Login, Pass, , Mon Nov 30 15:21:01 IST 2015, 1, 3, Valid Login, Pass, , Mon Nov 30 15:21:01 IST 2015]
[DEBUG][2015-11-30 15:21:01,548][com.java.ImportnExport.ExportTestResultsExcel] [  222] - testResultPath = D:\BankersDashboard/TestReports/Test Results_BankersDashBoard_113015_152029_IE10_Any Bank USA.xls
[DEBUG][2015-11-30 15:21:01,548][com.java.ImportnExport.ExportTestResultsExcel] [  223] - browser is------------IE10
[DEBUG][2015-11-30 15:21:01,591][com.java.ImportnExport.ExportTestResultsExcel] [  270] - result.size() = 18
[DEBUG][2015-11-30 15:21:01,591][com.java.ImportnExport.ExportTestResultsExcel] [  274] - No of rows in sheet=1
[DEBUG][2015-11-30 15:21:01,591][com.java.ImportnExport.ExportTestResultsExcel] [  301] - ..in export..1
[DEBUG][2015-11-30 15:21:01,591][com.java.ImportnExport.ExportTestResultsExcel] [  301] - ..in export..Valid Login
[DEBUG][2015-11-30 15:21:01,591][com.java.ImportnExport.ExportTestResultsExcel] [  301] - ..in export..Pass
[DEBUG][2015-11-30 15:21:01,591][com.java.ImportnExport.ExportTestResultsExcel] [  301] - ..in export..
[DEBUG][2015-11-30 15:21:01,591][com.java.ImportnExport.ExportTestResultsExcel] [  301] - ..in export..Mon Nov 30 15:20:56 IST 2015
[INFO ][2015-11-30 15:21:01,593][com.java.SeleniumDriver] [ 1279] - out loop:0 size:2 TestCases:[1, 4] testcases:[1, 4]
[INFO ][2015-11-30 15:21:01,593][com.java.ImportnExport.ImportTestDataDetailsExcel] [   49] - test data details path===== D:\BankersDashboard\TestInputs\TestData.xls
[DEBUG][2015-11-30 15:21:25,547][com.java.TestType] [ 5692] - //td[text()='Consolidated']   :: Element not Found
[INFO ][2015-11-30 15:21:35,548][com.java.SeleniumDriver] [  801] - ------------------------------------------
[INFO ][2015-11-30 15:21:35,548][com.java.SeleniumDriver] [  802] - Test case being Executed: 4
[INFO ][2015-11-30 15:21:35,548][com.java.SeleniumDriver] [  813] - Test step:1
[INFO ][2015-11-30 15:21:35,548][com.java.SeleniumDriver] [  825] - Datavalue is----------Logout
[INFO ][2015-11-30 15:21:35,548][com.java.SeleniumDriver] [  849] - DataField : BTN
[INFO ][2015-11-30 15:21:35,548][com.java.SeleniumDriver] [  851] - DataValue : Logout
[INFO ][2015-11-30 15:21:35,548][com.java.SeleniumDriver] [  857] - <In Set values of the page>
[INFO ][2015-11-30 15:21:35,548][com.java.SeleniumDriver] [  860] - {Data Fields & Data Values Exist}
[INFO ][2015-11-30 15:21:35,548][com.java.SeleniumDriver] [  862] - --------------------------setting values-----------------------------
[INFO ][2015-11-30 15:21:35,548][com.java.SeleniumDriver] [  865] - Action Type : Verify
[INFO ][2015-11-30 15:21:35,548][com.java.TestType] [ 5968] - field= BTN value= Logout
[INFO ][2015-11-30 15:21:35,549][com.java.TestType] [ 4783] - value = Logout
[INFO ][2015-11-30 15:21:35,615][com.java.SeleniumDriver] [  874] -  RESULT true
[INFO ][2015-11-30 15:21:35,615][com.java.SeleniumDriver] [ 1080] - ?   P A S S   ?
[INFO ][2015-11-30 15:21:35,615][com.java.SeleniumDriver] [ 1122] - step change to 3
[INFO ][2015-11-30 15:21:35,615][com.java.SeleniumDriver] [  801] - ------------------------------------------
[INFO ][2015-11-30 15:21:35,615][com.java.SeleniumDriver] [  802] - Test case being Executed: 4
[INFO ][2015-11-30 15:21:35,615][com.java.SeleniumDriver] [  813] - Test step:3
[INFO ][2015-11-30 15:21:35,615][com.java.SeleniumDriver] [  825] - Datavalue is----------Concept#2:1-2
[INFO ][2015-11-30 15:21:35,616][com.java.SeleniumDriver] [  849] - DataField : test
[INFO ][2015-11-30 15:21:35,616][com.java.SeleniumDriver] [  851] - DataValue : Concept#2:1-2
[INFO ][2015-11-30 15:21:35,616][com.java.SeleniumDriver] [  857] - <In Set values of the page>
[INFO ][2015-11-30 15:21:35,616][com.java.SeleniumDriver] [  860] - {Data Fields & Data Values Exist}
[INFO ][2015-11-30 15:21:35,616][com.java.SeleniumDriver] [  862] - --------------------------setting values-----------------------------
[INFO ][2015-11-30 15:21:35,616][com.java.SeleniumDriver] [  865] - Action Type : ExecuteTestCase
[INFO ][2015-11-30 15:21:35,616][com.java.TestType] [  432] - The Concept sheet name is ---------- Concept
[INFO ][2015-11-30 15:21:35,616][com.java.TestType] [  435] - The Concept ID  is ---------- 2
[DEBUG][2015-11-30 15:21:35,616][com.java.TestType] [  439] - Steps being executted in the Concept are: 1:2
[INFO ][2015-11-30 15:21:35,616][com.java.TestType] [  446] - Test data details path ---------- D:\BankersDashboard\TestInputs\TestData.xls
[INFO ][2015-11-30 15:21:35,646][com.java.TestType] [  477] -  str(1) = 2
[INFO ][2015-11-30 15:21:35,646][com.java.TestType] [  480] - Test case Id is---2
[INFO ][2015-11-30 15:21:35,646][com.java.TestType] [  482] - 2
[INFO ][2015-11-30 15:21:35,646][com.java.TestType] [  477] -  str(2) = 1
[INFO ][2015-11-30 15:21:35,648][com.java.TestType] [  529] - row values are--------{1=com.java.Objects.TestDataDetails@278a8d}
[INFO ][2015-11-30 15:21:35,648][com.java.TestType] [  477] -  str(1) = 2
[INFO ][2015-11-30 15:21:35,648][com.java.TestType] [  480] - Test case Id is---2
[INFO ][2015-11-30 15:21:35,648][com.java.TestType] [  482] - 2
[INFO ][2015-11-30 15:21:35,648][com.java.TestType] [  477] -  str(2) = 2
[INFO ][2015-11-30 15:21:35,649][com.java.TestType] [  529] - row values are--------{1=com.java.Objects.TestDataDetails@278a8d, 2=com.java.Objects.TestDataDetails@169385e}
[INFO ][2015-11-30 15:21:35,649][com.java.TestType] [  477] -  str(1) = 2
[INFO ][2015-11-30 15:21:35,649][com.java.TestType] [  480] - Test case Id is---2
[INFO ][2015-11-30 15:21:35,649][com.java.TestType] [  482] - 2
[INFO ][2015-11-30 15:21:35,649][com.java.TestType] [  477] -  str(2) = 3
[INFO ][2015-11-30 15:21:35,650][com.java.TestType] [  529] - row values are--------{1=com.java.Objects.TestDataDetails@278a8d, 2=com.java.Objects.TestDataDetails@169385e, 3=com.java.Objects.TestDataDetails@1cb5a6e}
[INFO ][2015-11-30 15:21:35,650][com.java.TestType] [ 9259] - Looping 1TCID = 2
[DEBUG][2015-11-30 15:21:35,650][com.java.TestType] [ 9300] - Concept ID:2 :: Step being Executed: 2::1
[INFO ][2015-11-30 15:21:35,650][com.java.TestType] [ 9338] - dataFields : BNK//select[@id='bank']
[DEBUG][2015-11-30 15:21:35,650][com.java.TestType] [ 9344] - <In Set values of the page>
[DEBUG][2015-11-30 15:21:35,650][com.java.TestType] [ 9349] - {Data Fields & Data Values Exist}
[INFO ][2015-11-30 15:21:35,650][com.java.TestType] [ 9355] - --------------------------setting values-----------------------------
[INFO ][2015-11-30 15:21:35,650][com.java.TestType] [ 9358] - Action Type : Select
[INFO ][2015-11-30 15:21:35,650][com.java.TestType] [ 4783] - value = PFC
[INFO ][2015-11-30 15:21:35,784][com.java.TestType] [ 9377] -  RESULT true
[INFO ][2015-11-30 15:21:35,784][com.java.TestType] [ 9494] - ?   P A S S   ?
[DEBUG][2015-11-30 15:21:35,784][com.java.TestType] [ 9300] - Concept ID:2 :: Step being Executed: 2::2
[INFO ][2015-11-30 15:21:35,784][com.java.TestType] [ 9338] - dataFields : LNKLogout
[DEBUG][2015-11-30 15:21:35,784][com.java.TestType] [ 9344] - <In Set values of the page>
[DEBUG][2015-11-30 15:21:35,784][com.java.TestType] [ 9349] - {Data Fields & Data Values Exist}
[INFO ][2015-11-30 15:21:35,784][com.java.TestType] [ 9355] - --------------------------setting values-----------------------------
[INFO ][2015-11-30 15:21:35,784][com.java.TestType] [ 9358] - Action Type : WaitTime
[DEBUG][2015-11-30 15:21:35,784][com.java.TestType] [ 4603] - sleepTime: 5000
[INFO ][2015-11-30 15:21:40,784][com.java.TestType] [ 9377] -  RESULT true
[INFO ][2015-11-30 15:21:40,784][com.java.TestType] [ 9494] - ?   P A S S   ?
[INFO ][2015-11-30 15:21:40,784][com.java.TestType] [ 9565] - Looping End......
[INFO ][2015-11-30 15:21:40,788][com.java.SeleniumDriver] [  874] -  RESULT true
[INFO ][2015-11-30 15:21:40,788][com.java.SeleniumDriver] [ 1080] - ?   P A S S   ?
[INFO ][2015-11-30 15:21:40,788][com.java.SeleniumDriver] [  801] - ------------------------------------------
[INFO ][2015-11-30 15:21:40,788][com.java.SeleniumDriver] [  802] - Test case being Executed: 4
[INFO ][2015-11-30 15:21:40,788][com.java.SeleniumDriver] [  813] - Test step:4
[INFO ][2015-11-30 15:21:40,788][com.java.SeleniumDriver] [  825] - Datavalue is----------null
[DEBUG][2015-11-30 15:21:40,788][com.java.SeleniumDriver] [  843] - Exception: null
[INFO ][2015-11-30 15:21:40,789][com.java.SeleniumDriver] [  849] - DataField : //span[@class="icon-stats"]&&//a[@data-id="Manage"]
[INFO ][2015-11-30 15:21:40,789][com.java.SeleniumDriver] [  851] - DataValue : 
[INFO ][2015-11-30 15:21:40,789][com.java.SeleniumDriver] [  857] - <In Set values of the page>
[INFO ][2015-11-30 15:21:40,789][com.java.SeleniumDriver] [  860] - {Data Fields & Data Values Exist}
[INFO ][2015-11-30 15:21:40,789][com.java.SeleniumDriver] [  862] - --------------------------setting values-----------------------------
[INFO ][2015-11-30 15:21:40,789][com.java.SeleniumDriver] [  865] - Action Type : MOUSEOVER
[INFO ][2015-11-30 15:22:03,973][com.java.SeleniumDriver] [  874] -  RESULT true
[INFO ][2015-11-30 15:22:03,973][com.java.SeleniumDriver] [ 1080] - ?   P A S S   ?
[INFO ][2015-11-30 15:22:03,973][com.java.SeleniumDriver] [  801] - ------------------------------------------
[INFO ][2015-11-30 15:22:03,973][com.java.SeleniumDriver] [  802] - Test case being Executed: 4
[INFO ][2015-11-30 15:22:03,973][com.java.SeleniumDriver] [  813] - Test step:5
[INFO ][2015-11-30 15:22:03,973][com.java.SeleniumDriver] [  825] - Datavalue is----------null
[DEBUG][2015-11-30 15:22:03,973][com.java.SeleniumDriver] [  843] - Exception: null
[INFO ][2015-11-30 15:22:03,973][com.java.SeleniumDriver] [  849] - DataField : BTNdivHelpText
[INFO ][2015-11-30 15:22:03,973][com.java.SeleniumDriver] [  851] - DataValue : 
[INFO ][2015-11-30 15:22:03,973][com.java.SeleniumDriver] [  857] - <In Set values of the page>
[INFO ][2015-11-30 15:22:03,973][com.java.SeleniumDriver] [  860] - {Data Fields & Data Values Exist}
[INFO ][2015-11-30 15:22:03,973][com.java.SeleniumDriver] [  862] - --------------------------setting values-----------------------------
[INFO ][2015-11-30 15:22:03,974][com.java.SeleniumDriver] [  865] - Action Type : WAITFORELEMENT
[INFO ][2015-11-30 15:22:05,159][com.java.SeleniumDriver] [  874] -  RESULT true
[INFO ][2015-11-30 15:22:05,159][com.java.SeleniumDriver] [ 1080] - ?   P A S S   ?
[INFO ][2015-11-30 15:22:05,159][com.java.SeleniumDriver] [  801] - ------------------------------------------
[INFO ][2015-11-30 15:22:05,159][com.java.SeleniumDriver] [  802] - Test case being Executed: 4
[INFO ][2015-11-30 15:22:05,159][com.java.SeleniumDriver] [  813] - Test step:6
[INFO ][2015-11-30 15:22:05,159][com.java.SeleniumDriver] [  825] - Datavalue is----------manage projections
[INFO ][2015-11-30 15:22:05,159][com.java.SeleniumDriver] [  849] - DataField : XPH//span[@class="ui-dialog-title"]
[INFO ][2015-11-30 15:22:05,159][com.java.SeleniumDriver] [  851] - DataValue : manage projections
[INFO ][2015-11-30 15:22:05,159][com.java.SeleniumDriver] [  857] - <In Set values of the page>
[INFO ][2015-11-30 15:22:05,159][com.java.SeleniumDriver] [  860] - {Data Fields & Data Values Exist}
[INFO ][2015-11-30 15:22:05,159][com.java.SeleniumDriver] [  862] - --------------------------setting values-----------------------------
[INFO ][2015-11-30 15:22:05,160][com.java.SeleniumDriver] [  865] - Action Type : VERIFY
[INFO ][2015-11-30 15:22:05,160][com.java.TestType] [ 5968] - field= XPH//span[@class="ui-dialog-title"] value= manage projections
[INFO ][2015-11-30 15:22:05,160][com.java.TestType] [ 4783] - value = manage projections
[INFO ][2015-11-30 15:22:05,271][com.java.SeleniumDriver] [  874] -  RESULT true
[INFO ][2015-11-30 15:22:05,271][com.java.SeleniumDriver] [ 1080] - ?   P A S S   ?
[INFO ][2015-11-30 15:22:05,271][com.java.SeleniumDriver] [  801] - ------------------------------------------
[INFO ][2015-11-30 15:22:05,271][com.java.SeleniumDriver] [  802] - Test case being Executed: 4
[INFO ][2015-11-30 15:22:05,271][com.java.SeleniumDriver] [  813] - Test step:7
[INFO ][2015-11-30 15:22:05,271][com.java.SeleniumDriver] [  825] - Datavalue is----------null
[DEBUG][2015-11-30 15:22:05,271][com.java.SeleniumDriver] [  843] - Exception: null
[INFO ][2015-11-30 15:22:05,271][com.java.SeleniumDriver] [  849] - DataField : BTNframeDialogContent
[INFO ][2015-11-30 15:22:05,271][com.java.SeleniumDriver] [  851] - DataValue : 
[INFO ][2015-11-30 15:22:05,271][com.java.SeleniumDriver] [  857] - <In Set values of the page>
[INFO ][2015-11-30 15:22:05,271][com.java.SeleniumDriver] [  860] - {Data Fields & Data Values Exist}
[INFO ][2015-11-30 15:22:05,272][com.java.SeleniumDriver] [  862] - --------------------------setting values-----------------------------
[INFO ][2015-11-30 15:22:05,272][com.java.SeleniumDriver] [  865] - Action Type : SELECTFRAME
[INFO ][2015-11-30 15:22:06,494][com.java.SeleniumDriver] [  874] -  RESULT true
[INFO ][2015-11-30 15:22:06,494][com.java.SeleniumDriver] [ 1080] - ?   P A S S   ?
[INFO ][2015-11-30 15:22:06,494][com.java.SeleniumDriver] [  801] - ------------------------------------------
[INFO ][2015-11-30 15:22:06,494][com.java.SeleniumDriver] [  802] - Test case being Executed: 4
[INFO ][2015-11-30 15:22:06,494][com.java.SeleniumDriver] [  813] - Test step:8
[INFO ][2015-11-30 15:22:06,494][com.java.SeleniumDriver] [  825] - Datavalue is----------
[INFO ][2015-11-30 15:22:06,494][com.java.SeleniumDriver] [  849] - DataField : BTN//select[@id='ddlProjections']/option[starts-with(.,'CopyTest')][1]
[INFO ][2015-11-30 15:22:06,494][com.java.SeleniumDriver] [  851] - DataValue : 
[INFO ][2015-11-30 15:22:06,494][com.java.SeleniumDriver] [  857] - <In Set values of the page>
[INFO ][2015-11-30 15:22:06,494][com.java.SeleniumDriver] [  860] - {Data Fields & Data Values Exist}
[INFO ][2015-11-30 15:22:06,494][com.java.SeleniumDriver] [  862] - --------------------------setting values-----------------------------
[INFO ][2015-11-30 15:22:06,494][com.java.SeleniumDriver] [  865] - Action Type : CLICK
[INFO ][2015-11-30 15:22:06,495][com.java.TestType] [ 5111] - Field ::BTN//select[@id='ddlProjections']/option[starts-with(.,'CopyTest')][1]
[INFO ][2015-11-30 15:22:07,495][com.java.TestType] [ 5177] - BEFORE CLICK
[INFO ][2015-11-30 15:22:07,651][com.java.TestType] [ 5184] - Unable to click the object Projections dropdown
[INFO ][2015-11-30 15:22:07,651][com.java.SeleniumDriver] [  874] -  RESULT true
[INFO ][2015-11-30 15:22:07,651][com.java.SeleniumDriver] [ 1080] - ?   P A S S   ?
[INFO ][2015-11-30 15:22:07,651][com.java.SeleniumDriver] [  801] - ------------------------------------------
[INFO ][2015-11-30 15:22:07,651][com.java.SeleniumDriver] [  802] - Test case being Executed: 4
[INFO ][2015-11-30 15:22:07,651][com.java.SeleniumDriver] [  813] - Test step:9
[INFO ][2015-11-30 15:22:07,651][com.java.SeleniumDriver] [  825] - Datavalue is----------1
[INFO ][2015-11-30 15:22:07,651][com.java.SeleniumDriver] [  849] - DataField : null
[INFO ][2015-11-30 15:22:07,651][com.java.SeleniumDriver] [  851] - DataValue : 1
[INFO ][2015-11-30 15:22:07,651][com.java.SeleniumDriver] [  857] - <In Set values of the page>
[INFO ][2015-11-30 15:22:07,651][com.java.SeleniumDriver] [  860] - {Data Fields & Data Values Exist}
[INFO ][2015-11-30 15:22:07,651][com.java.SeleniumDriver] [  862] - --------------------------setting values-----------------------------
[INFO ][2015-11-30 15:22:07,651][com.java.SeleniumDriver] [  865] - Action Type : Waittime
[DEBUG][2015-11-30 15:22:07,652][com.java.TestType] [ 4603] - sleepTime: 1000
[INFO ][2015-11-30 15:22:08,652][com.java.SeleniumDriver] [  874] -  RESULT true
[INFO ][2015-11-30 15:22:08,652][com.java.SeleniumDriver] [ 1080] - ?   P A S S   ?
[INFO ][2015-11-30 15:22:08,652][com.java.SeleniumDriver] [  801] - ------------------------------------------
[INFO ][2015-11-30 15:22:08,652][com.java.SeleniumDriver] [  802] - Test case being Executed: 4
[INFO ][2015-11-30 15:22:08,652][com.java.SeleniumDriver] [  813] - Test step:10
[INFO ][2015-11-30 15:22:08,652][com.java.SeleniumDriver] [  825] - Datavalue is----------SelectedProjection
[INFO ][2015-11-30 15:22:08,652][com.java.SeleniumDriver] [  849] - DataField : SLBddlProjections
[INFO ][2015-11-30 15:22:08,652][com.java.SeleniumDriver] [  851] - DataValue : SelectedProjection
[INFO ][2015-11-30 15:22:08,652][com.java.SeleniumDriver] [  857] - <In Set values of the page>
[INFO ][2015-11-30 15:22:08,652][com.java.SeleniumDriver] [  860] - {Data Fields & Data Values Exist}
[INFO ][2015-11-30 15:22:08,652][com.java.SeleniumDriver] [  862] - --------------------------setting values-----------------------------
[INFO ][2015-11-30 15:22:08,652][com.java.SeleniumDriver] [  865] - Action Type : STOREVALUE
[INFO ][2015-11-30 15:22:08,653][com.java.TestType] [ 7146] - field= SLBddlProjections
[INFO ][2015-11-30 15:22:10,135][com.java.SeleniumDriver] [  874] -  RESULT true
[INFO ][2015-11-30 15:22:10,135][com.java.SeleniumDriver] [ 1080] - ?   P A S S   ?
[INFO ][2015-11-30 15:22:10,135][com.java.SeleniumDriver] [  801] - ------------------------------------------
[INFO ][2015-11-30 15:22:10,135][com.java.SeleniumDriver] [  802] - Test case being Executed: 4
[INFO ][2015-11-30 15:22:10,136][com.java.SeleniumDriver] [  813] - Test step:11
[INFO ][2015-11-30 15:22:10,136][com.java.SeleniumDriver] [  825] - Datavalue is----------null
[DEBUG][2015-11-30 15:22:10,136][com.java.SeleniumDriver] [  843] - Exception: null
[INFO ][2015-11-30 15:22:10,136][com.java.SeleniumDriver] [  849] - DataField : BTNparent
[INFO ][2015-11-30 15:22:10,136][com.java.SeleniumDriver] [  851] - DataValue : 
[INFO ][2015-11-30 15:22:10,136][com.java.SeleniumDriver] [  857] - <In Set values of the page>
[INFO ][2015-11-30 15:22:10,136][com.java.SeleniumDriver] [  860] - {Data Fields & Data Values Exist}
[INFO ][2015-11-30 15:22:10,136][com.java.SeleniumDriver] [  862] - --------------------------setting values-----------------------------
[INFO ][2015-11-30 15:22:10,136][com.java.SeleniumDriver] [  865] - Action Type : SELECTFRAME
[INFO ][2015-11-30 15:22:10,149][com.java.SeleniumDriver] [  874] -  RESULT true
[INFO ][2015-11-30 15:22:10,149][com.java.SeleniumDriver] [ 1080] - ?   P A S S   ?
[INFO ][2015-11-30 15:22:10,149][com.java.SeleniumDriver] [  801] - ------------------------------------------
[INFO ][2015-11-30 15:22:10,149][com.java.SeleniumDriver] [  802] - Test case being Executed: 4
[INFO ][2015-11-30 15:22:10,149][com.java.SeleniumDriver] [  813] - Test step:12
[INFO ][2015-11-30 15:22:10,149][com.java.SeleniumDriver] [  825] - Datavalue is----------null
[DEBUG][2015-11-30 15:22:10,149][com.java.SeleniumDriver] [  843] - Exception: null
[INFO ][2015-11-30 15:22:10,149][com.java.SeleniumDriver] [  849] - DataField : HDN//span[@class="ui-button-text" and contains(text(),'Continue')]
[INFO ][2015-11-30 15:22:10,149][com.java.SeleniumDriver] [  851] - DataValue : 
[INFO ][2015-11-30 15:22:10,149][com.java.SeleniumDriver] [  857] - <In Set values of the page>
[INFO ][2015-11-30 15:22:10,149][com.java.SeleniumDriver] [  860] - {Data Fields & Data Values Exist}
[INFO ][2015-11-30 15:22:10,150][com.java.SeleniumDriver] [  862] - --------------------------setting values-----------------------------
[INFO ][2015-11-30 15:22:10,150][com.java.SeleniumDriver] [  865] - Action Type : CLICK
[INFO ][2015-11-30 15:22:10,150][com.java.TestType] [ 5111] - Field ::HDN//span[@class="ui-button-text" and contains(text(),'Continue')]
[INFO ][2015-11-30 15:22:11,269][com.java.SeleniumDriver] [  874] -  RESULT true
[INFO ][2015-11-30 15:22:11,269][com.java.SeleniumDriver] [ 1080] - ?   P A S S   ?
[INFO ][2015-11-30 15:22:11,269][com.java.SeleniumDriver] [  801] - ------------------------------------------
[INFO ][2015-11-30 15:22:11,269][com.java.SeleniumDriver] [  802] - Test case being Executed: 4
[INFO ][2015-11-30 15:22:11,269][com.java.SeleniumDriver] [  813] - Test step:13
[INFO ][2015-11-30 15:22:11,269][com.java.SeleniumDriver] [  825] - Datavalue is----------null
[DEBUG][2015-11-30 15:22:11,271][com.java.SeleniumDriver] [  843] - Exception: null
[INFO ][2015-11-30 15:22:11,271][com.java.SeleniumDriver] [  849] - DataField : BTNframeProjectionOpen
[INFO ][2015-11-30 15:22:11,271][com.java.SeleniumDriver] [  851] - DataValue : 
[INFO ][2015-11-30 15:22:11,271][com.java.SeleniumDriver] [  857] - <In Set values of the page>
[INFO ][2015-11-30 15:22:11,271][com.java.SeleniumDriver] [  860] - {Data Fields & Data Values Exist}
[INFO ][2015-11-30 15:22:11,271][com.java.SeleniumDriver] [  862] - --------------------------setting values-----------------------------
[INFO ][2015-11-30 15:22:11,271][com.java.SeleniumDriver] [  865] - Action Type : WAITFORELEMENT
[INFO ][2015-11-30 15:22:12,571][com.java.SeleniumDriver] [  874] -  RESULT true
[INFO ][2015-11-30 15:22:12,571][com.java.SeleniumDriver] [ 1080] - ?   P A S S   ?
[INFO ][2015-11-30 15:22:12,571][com.java.SeleniumDriver] [  801] - ------------------------------------------
[INFO ][2015-11-30 15:22:12,571][com.java.SeleniumDriver] [  802] - Test case being Executed: 4
[INFO ][2015-11-30 15:22:12,571][com.java.SeleniumDriver] [  813] - Test step:14
[INFO ][2015-11-30 15:22:12,571][com.java.SeleniumDriver] [  825] - Datavalue is----------null
[DEBUG][2015-11-30 15:22:12,572][com.java.SeleniumDriver] [  843] - Exception: null
[INFO ][2015-11-30 15:22:12,572][com.java.SeleniumDriver] [  849] - DataField : BTNframeProjectionOpen
[INFO ][2015-11-30 15:22:12,572][com.java.SeleniumDriver] [  851] - DataValue : 
[INFO ][2015-11-30 15:22:12,572][com.java.SeleniumDriver] [  857] - <In Set values of the page>
[INFO ][2015-11-30 15:22:12,572][com.java.SeleniumDriver] [  860] - {Data Fields & Data Values Exist}
[INFO ][2015-11-30 15:22:12,572][com.java.SeleniumDriver] [  862] - --------------------------setting values-----------------------------
[INFO ][2015-11-30 15:22:12,572][com.java.SeleniumDriver] [  865] - Action Type : SELECTFRAME
[INFO ][2015-11-30 15:22:13,796][com.java.SeleniumDriver] [  874] -  RESULT true
[INFO ][2015-11-30 15:22:13,796][com.java.SeleniumDriver] [ 1080] - ?   P A S S   ?
[INFO ][2015-11-30 15:22:13,796][com.java.SeleniumDriver] [  801] - ------------------------------------------
[INFO ][2015-11-30 15:22:13,796][com.java.SeleniumDriver] [  802] - Test case being Executed: 4
[INFO ][2015-11-30 15:22:13,796][com.java.SeleniumDriver] [  813] - Test step:15
[INFO ][2015-11-30 15:22:13,796][com.java.SeleniumDriver] [  825] - Datavalue is----------10
[INFO ][2015-11-30 15:22:13,796][com.java.SeleniumDriver] [  849] - DataField : XPH//span[@id='projTitle']
[INFO ][2015-11-30 15:22:13,796][com.java.SeleniumDriver] [  851] - DataValue : 10
[INFO ][2015-11-30 15:22:13,796][com.java.SeleniumDriver] [  857] - <In Set values of the page>
[INFO ][2015-11-30 15:22:13,796][com.java.SeleniumDriver] [  860] - {Data Fields & Data Values Exist}
[INFO ][2015-11-30 15:22:13,796][com.java.SeleniumDriver] [  862] - --------------------------setting values-----------------------------
[INFO ][2015-11-30 15:22:13,798][com.java.SeleniumDriver] [  865] - Action Type : WaitForElement
[INFO ][2015-11-30 15:22:13,841][com.java.SeleniumDriver] [  874] -  RESULT true
[INFO ][2015-11-30 15:22:13,841][com.java.SeleniumDriver] [ 1080] - ?   P A S S   ?
[INFO ][2015-11-30 15:22:13,841][com.java.SeleniumDriver] [  801] - ------------------------------------------
[INFO ][2015-11-30 15:22:13,841][com.java.SeleniumDriver] [  802] - Test case being Executed: 4
[INFO ][2015-11-30 15:22:13,841][com.java.SeleniumDriver] [  813] - Test step:16
[INFO ][2015-11-30 15:22:13,841][com.java.SeleniumDriver] [  825] - Datavalue is----------HMVSelectedProjection
[INFO ][2015-11-30 15:22:13,841][com.java.SeleniumDriver] [  849] - DataField : XPH//span[@id='projTitle']
[INFO ][2015-11-30 15:22:13,841][com.java.SeleniumDriver] [  851] - DataValue : HMVSelectedProjection
[INFO ][2015-11-30 15:22:13,841][com.java.SeleniumDriver] [  857] - <In Set values of the page>
[INFO ][2015-11-30 15:22:13,841][com.java.SeleniumDriver] [  860] - {Data Fields & Data Values Exist}
[INFO ][2015-11-30 15:22:13,842][com.java.SeleniumDriver] [  862] - --------------------------setting values-----------------------------
[INFO ][2015-11-30 15:22:13,842][com.java.SeleniumDriver] [  865] - Action Type : VERIFY
[INFO ][2015-11-30 15:22:13,842][com.java.TestType] [ 5968] - field= XPH//span[@id='projTitle'] value= HMVSelectedProjection
[INFO ][2015-11-30 15:22:13,842][com.java.TestType] [ 4783] - value = CopyTest104010
[INFO ][2015-11-30 15:22:13,952][com.java.SeleniumDriver] [  874] -  RESULT true
[INFO ][2015-11-30 15:22:13,952][com.java.SeleniumDriver] [ 1080] - ?   P A S S   ?
[INFO ][2015-11-30 15:22:13,953][com.java.SeleniumDriver] [  801] - ------------------------------------------
[INFO ][2015-11-30 15:22:13,953][com.java.SeleniumDriver] [  802] - Test case being Executed: 4
[INFO ][2015-11-30 15:22:13,953][com.java.SeleniumDriver] [  813] - Test step:17
[INFO ][2015-11-30 15:22:13,953][com.java.SeleniumDriver] [  825] - Datavalue is----------//table[@class="dlg_Outer_Table"]
[INFO ][2015-11-30 15:22:13,953][com.java.SeleniumDriver] [  849] - DataField : BTN
[INFO ][2015-11-30 15:22:13,954][com.java.SeleniumDriver] [  851] - DataValue : //table[@class="dlg_Outer_Table"]
[INFO ][2015-11-30 15:22:13,954][com.java.SeleniumDriver] [  857] - <In Set values of the page>
[INFO ][2015-11-30 15:22:13,954][com.java.SeleniumDriver] [  860] - {Data Fields & Data Values Exist}
[INFO ][2015-11-30 15:22:13,954][com.java.SeleniumDriver] [  862] - --------------------------setting values-----------------------------
[INFO ][2015-11-30 15:22:13,954][com.java.SeleniumDriver] [  865] - Action Type : VERIFY
[INFO ][2015-11-30 15:22:13,954][com.java.TestType] [ 5968] - field= BTN value= //table[@class="dlg_Outer_Table"]
[INFO ][2015-11-30 15:22:13,954][com.java.TestType] [ 4783] - value = //table[@class="dlg_Outer_Table"]
[INFO ][2015-11-30 15:22:16,139][com.java.SeleniumDriver] [  874] -  RESULT true
[INFO ][2015-11-30 15:22:16,139][com.java.SeleniumDriver] [ 1080] - ?   P A S S   ?
[INFO ][2015-11-30 15:22:16,139][com.java.SeleniumDriver] [  801] - ------------------------------------------
[INFO ][2015-11-30 15:22:16,139][com.java.SeleniumDriver] [  802] - Test case being Executed: 4
[INFO ][2015-11-30 15:22:16,139][com.java.SeleniumDriver] [  813] - Test step:18
[INFO ][2015-11-30 15:22:16,139][com.java.SeleniumDriver] [  825] - Datavalue is----------null
[DEBUG][2015-11-30 15:22:16,139][com.java.SeleniumDriver] [  843] - Exception: null
[INFO ][2015-11-30 15:22:16,139][com.java.SeleniumDriver] [  849] - DataField : BTNDelete
[INFO ][2015-11-30 15:22:16,140][com.java.SeleniumDriver] [  851] - DataValue : 
[INFO ][2015-11-30 15:22:16,140][com.java.SeleniumDriver] [  857] - <In Set values of the page>
[INFO ][2015-11-30 15:22:16,140][com.java.SeleniumDriver] [  860] - {Data Fields & Data Values Exist}
[INFO ][2015-11-30 15:22:16,140][com.java.SeleniumDriver] [  862] - --------------------------setting values-----------------------------
[INFO ][2015-11-30 15:22:16,140][com.java.SeleniumDriver] [  865] - Action Type : CLICK
[INFO ][2015-11-30 15:22:16,140][com.java.TestType] [ 5111] - Field ::BTNDelete
[INFO ][2015-11-30 15:22:17,140][com.java.TestType] [ 5177] - BEFORE CLICK
[ERROR][2015-11-30 15:22:20,325][com.java.TestType] [ 5372] - Exception in click:: Cannot click on element (WARNING: The server did not provide any stacktrace information)
Command duration or timeout: 1.03 seconds
Build info: version: '2.48.2', revision: '41bccdd', time: '2015-10-09 19:59:12'
System info: host: 'FVTIII438F1D', ip: '172.17.68.34', os.name: 'Windows 7', os.arch: 'x86', os.version: '6.1', java.version: '1.7.0_55'
Session ID: 46fe7958-1825-4002-8e8f-3c3a4e947ab0
Driver info: org.openqa.selenium.ie.InternetExplorerDriver
Capabilities [{platform=WINDOWS, javascriptEnabled=true, elementScrollBehavior=0, ignoreZoomSetting=false, enablePersistentHover=true, ie.ensureCleanSession=false, browserName=internet explorer, enableElementCacheCleanup=true, unexpectedAlertBehaviour=dismiss, version=10, ie.usePerProcessProxy=false, ignoreProtectedModeSettings=true, cssSelectorsEnabled=true, requireWindowFocus=false, initialBrowserUrl=http://localhost:38187/, handlesAlerts=true, ie.forceCreateProcessApi=false, nativeEvents=true, browserAttachTimeout=0, ie.browserCommandLineSwitches=, takesScreenshot=true}]
[INFO ][2015-11-30 15:22:20,325][com.java.TestType] [ 5376] - Element ::Delete:: not found
[INFO ][2015-11-30 15:22:20,326][com.java.SeleniumDriver] [  874] -  RESULT false
[INFO ][2015-11-30 15:22:20,326][com.java.SeleniumDriver] [  921] - ?   F A I L   ?
[INFO ][2015-11-30 15:22:20,326][com.java.SeleniumDriver] [  929] - Browser Type : IE10
[INFO ][2015-11-30 15:22:20,326][com.java.SeleniumDriver] [  930] - Adding Failed case4
[INFO ][2015-11-30 15:22:20,654][com.java.SeleniumDriver] [ 1044] - failedCases = 4
[ERROR][2015-11-30 15:22:20,655][com.java.SeleniumDriver] [ 1541] - Platform Errors : Our apologies...::We have encountered an issue with your request.::Our apologies?:We encountered an issue with your request.
[INFO ][2015-11-30 15:22:20,655][com.java.SeleniumDriver] [ 1545] - Length =3
[ERROR][2015-11-30 15:22:20,655][com.java.SeleniumDriver] [ 1548] - Error 0 = Our apologies...
[ERROR][2015-11-30 15:22:20,682][com.java.SeleniumDriver] [ 1548] - Error 1 = We have encountered an issue with your request.
[ERROR][2015-11-30 15:22:20,699][com.java.SeleniumDriver] [ 1548] - Error 2 = Our apologies?:We encountered an issue with your request.
[INFO ][2015-11-30 15:22:20,716][com.java.SeleniumDriver] [ 1559] - strError:
[DEBUG][2015-11-30 15:22:20,729][com.java.SeleniumDriver] [ 1192] - Case found
[DEBUG][2015-11-30 15:22:20,729][com.java.SeleniumDriver] [ 1197] - Incrementing ReportCounters[0]:2
[INFO ][2015-11-30 15:22:20,729][com.java.SeleniumDriver] [ 1216] - The results are-------------------[4, 18, Projections > Manage Projections : Delete Projections, Fail, 
Test case failed at Step No. :: 18   Error Message ::  Element ::Delete:: not found. Screen Shot : D:\BankersDashboard\TestReports\113015\4_113015_152220_IE10.png, Mon Nov 30 15:22:20 IST 2015]
[INFO ][2015-11-30 15:22:20,729][com.java.SeleniumDriver] [ 1220] - End time is-------1 min 53 sec
[INFO ][2015-11-30 15:22:20,729][com.java.SeleniumDriver] [ 1221] - The results are-------------------[4, 18, Projections > Manage Projections : Delete Projections, Fail, 
Test case failed at Step No. :: 18   Error Message ::  Element ::Delete:: not found. Screen Shot : D:\BankersDashboard\TestReports\113015\4_113015_152220_IE10.png, Mon Nov 30 15:22:20 IST 2015]
[DEBUG][2015-11-30 15:22:20,729][com.java.ImportnExport.ExportTestResultsExcel] [  222] - testResultPath = D:\BankersDashboard/TestReports/Test Results_BankersDashBoard_113015_152029_IE10_Any Bank USA.xls
[DEBUG][2015-11-30 15:22:20,729][com.java.ImportnExport.ExportTestResultsExcel] [  223] - browser is------------IE10
[DEBUG][2015-11-30 15:22:20,731][com.java.ImportnExport.ExportTestResultsExcel] [  270] - result.size() = 6
[DEBUG][2015-11-30 15:22:20,731][com.java.ImportnExport.ExportTestResultsExcel] [  274] - No of rows in sheet=2
[DEBUG][2015-11-30 15:22:20,731][com.java.ImportnExport.ExportTestResultsExcel] [  301] - ..in export..4
[DEBUG][2015-11-30 15:22:20,731][com.java.ImportnExport.ExportTestResultsExcel] [  301] - ..in export..Projections > Manage Projections : Delete Projections
[DEBUG][2015-11-30 15:22:20,731][com.java.ImportnExport.ExportTestResultsExcel] [  301] - ..in export..Fail
[DEBUG][2015-11-30 15:22:20,732][com.java.ImportnExport.ExportTestResultsExcel] [  301] - ..in export..
Test case failed at Step No. :: 18   Error Message ::  Element ::Delete:: not found. Screen Shot : D:\BankersDashboard\TestReports\113015\4_113015_152220_IE10.png
[DEBUG][2015-11-30 15:22:20,732][com.java.ImportnExport.ExportTestResultsExcel] [  301] - ..in export..Mon Nov 30 15:22:20 IST 2015
[INFO ][2015-11-30 15:22:20,733][com.java.SeleniumDriver] [ 1279] - out loop:1 size:2 TestCases:[1, 4] testcases:[1, 4]
[INFO ][2015-11-30 15:22:22,733][com.java.SeleniumDriver] [ 1322] - Total Number of Cases:2
[INFO ][2015-11-30 15:22:22,733][com.java.TemplateGenerator] [  302] - Executed:2
[INFO ][2015-11-30 15:22:22,733][com.java.TemplateGenerator] [  303] - Passed:1
[INFO ][2015-11-30 15:22:22,733][com.java.TemplateGenerator] [  304] - Failed:1
[INFO ][2015-11-30 15:22:22,733][com.java.TemplateGenerator] [  305] - Skipeed:0
[INFO ][2015-11-30 15:22:22,733][com.java.TemplateGenerator] [  306] - Application URL:https://clients-xuat.bankersdashboard.com
[INFO ][2015-11-30 15:22:22,733][com.java.TemplateGenerator] [  307] - Start Time:113015_152029
[INFO ][2015-11-30 15:22:22,733][com.java.TemplateGenerator] [  308] -  Creating HTML Report 
[ERROR][2015-11-30 15:22:22,734][com.java.TemplateGenerator] [  409] - Unparseable date: "Mon Nov 30 03:20:29 IST 2015"
[INFO ][2015-11-30 15:22:22,736][com.java.TemplateGenerator] [  654] -  Exporting case :: 1
[INFO ][2015-11-30 15:22:22,736][com.java.TemplateGenerator] [  654] -  Exporting case :: 4
[INFO ][2015-11-30 15:22:22,760][com.java.SeleniumDriver] [ 1371] - End Time:113015_152222
[INFO ][2015-11-30 15:22:22,760][com.java.SeleniumDriver] [ 1374] - Data in Test Execution Details:{1=PASS, 4=FAILTest case failed at Step No. :: 18   Error Message ::  Element ::Delete:: not found}
[INFO ][2015-11-30 15:22:22,760][com.java.SeleniumDriver] [ 1375] - Data in Failed Execution Deatils:{}
[INFO ][2015-11-30 15:22:22,762][com.java.SeleniumDriver] [ 1377] - ReportCounter:Total:2 :: PASS: 1 ::FAIL: 1
[INFO ][2015-11-30 15:22:22,762][com.java.SeleniumDriver] [ 1378] - FailedReportCounter:Total:0 :: PASS: 0 ::FAIL: 0
[INFO ][2015-11-30 15:22:22,784][com.java.EmailTestReport] [   63] - Sending report mail details:
[INFO ][2015-11-30 15:22:22,784][com.java.EmailTestReport] [   80] - Excel Report Path:D:\BankersDashboard/TestReports/Test Results_BankersDashBoard_113015_152029_IE10_Any Bank USA.xls
[INFO ][2015-11-30 15:22:22,784][com.java.EmailTestReport] [   81] - HTML Report Path:D:\BankersDashboard//TestReports//Test Results_BankersDashBoard_113015_152029_IE10_Any Bank USA.html
[INFO ][2015-11-30 15:22:22,784][com.java.EmailTestReport] [   82] - smtpHostName:mail01.valuelabs.com
[INFO ][2015-11-30 15:22:22,784][com.java.EmailTestReport] [   83] - Recipient:venkateswararao.gubbala@valuelabs.com;
[INFO ][2015-11-30 15:22:22,784][com.java.EmailTestReport] [   84] - From:venkateswararao.gubbala@valuelabs.com;
[INFO ][2015-11-30 15:22:22,784][com.java.EmailTestReport] [   85] - Subject:Deluxe Corp Bankers Dashboard Automation Test Report - Any Bank USA - IE10
[INFO ][2015-11-30 15:22:22,800][com.java.EmailTestReport] [  143] -  Added venkateswararao.gubbala@valuelabs.com
[INFO ][2015-11-30 15:22:23,229][com.java.SeleniumDriver] [ 1426] - ---------------------------FAILED CASES EXECUTION---------------------------------------------
[INFO ][2015-11-30 15:22:23,230][com.java.SeleniumDriver] [ 1427] -  Executing Failed Cases
[INFO ][2015-11-30 15:22:23,230][com.java.SeleniumDriver] [ 1428] - setting total test cases for failed test cases execution:1
[INFO ][2015-11-30 15:22:23,231][com.java.ImportnExport.ExportTestResultsExcel] [  116] - Time Stamp Mon Nov 30 03:22:23 IST 2015
[INFO ][2015-11-30 15:22:23,231][com.java.ImportnExport.ExportTestResultsExcel] [  175] - OUT FILE : D:\BankersDashboard/TestReports/Failed Cases Test Results_BankersDashBoard_113015_152223_IE10_Any Bank USA.xls
[INFO ][2015-11-30 15:22:23,231][com.java.ImportnExport.ExportTestResultsExcel] [  180] - Test Result file is created
[INFO ][2015-11-30 15:22:23,232][com.java.SeleniumDriver] [  754] - Test cases to be executed are: [4]
[INFO ][2015-11-30 15:22:23,232][com.java.ImportnExport.ImportTestDataDetailsExcel] [   49] - test data details path===== D:\BankersDashboard\TestInputs\TestData.xls
[INFO ][2015-11-30 15:22:23,304][com.java.SeleniumDriver] [  801] - ------------------------------------------
[INFO ][2015-11-30 15:22:23,304][com.java.SeleniumDriver] [  802] - Test case being Executed: 4
[INFO ][2015-11-30 15:22:23,304][com.java.SeleniumDriver] [  813] - Test step:1
[INFO ][2015-11-30 15:22:23,305][com.java.SeleniumDriver] [  825] - Datavalue is----------Logout
[INFO ][2015-11-30 15:22:23,305][com.java.SeleniumDriver] [  849] - DataField : BTN
[INFO ][2015-11-30 15:22:23,305][com.java.SeleniumDriver] [  851] - DataValue : Logout
[INFO ][2015-11-30 15:22:23,305][com.java.SeleniumDriver] [  857] - <In Set values of the page>
[INFO ][2015-11-30 15:22:23,305][com.java.SeleniumDriver] [  860] - {Data Fields & Data Values Exist}
[INFO ][2015-11-30 15:22:23,305][com.java.SeleniumDriver] [  862] - --------------------------setting values-----------------------------
[INFO ][2015-11-30 15:22:23,305][com.java.SeleniumDriver] [  865] - Action Type : Verify
[INFO ][2015-11-30 15:22:23,305][com.java.TestType] [ 5968] - field= BTN value= Logout
[INFO ][2015-11-30 15:22:23,305][com.java.TestType] [ 4783] - value = Logout
[INFO ][2015-11-30 15:22:23,371][com.java.SeleniumDriver] [  874] -  RESULT true
[INFO ][2015-11-30 15:22:23,371][com.java.SeleniumDriver] [ 1080] - ?   P A S S   ?
[INFO ][2015-11-30 15:22:23,371][com.java.SeleniumDriver] [ 1122] - step change to 3
[INFO ][2015-11-30 15:22:23,371][com.java.SeleniumDriver] [  801] - ------------------------------------------
[INFO ][2015-11-30 15:22:23,371][com.java.SeleniumDriver] [  802] - Test case being Executed: 4
[INFO ][2015-11-30 15:22:23,371][com.java.SeleniumDriver] [  813] - Test step:3
[INFO ][2015-11-30 15:22:23,371][com.java.SeleniumDriver] [  825] - Datavalue is----------Concept#2:1-2
[INFO ][2015-11-30 15:22:23,371][com.java.SeleniumDriver] [  849] - DataField : test
[INFO ][2015-11-30 15:22:23,371][com.java.SeleniumDriver] [  851] - DataValue : Concept#2:1-2
[INFO ][2015-11-30 15:22:23,371][com.java.SeleniumDriver] [  857] - <In Set values of the page>
[INFO ][2015-11-30 15:22:23,371][com.java.SeleniumDriver] [  860] - {Data Fields & Data Values Exist}
[INFO ][2015-11-30 15:22:23,371][com.java.SeleniumDriver] [  862] - --------------------------setting values-----------------------------
[INFO ][2015-11-30 15:22:23,371][com.java.SeleniumDriver] [  865] - Action Type : ExecuteTestCase
[INFO ][2015-11-30 15:22:23,372][com.java.TestType] [  432] - The Concept sheet name is ---------- Concept
[INFO ][2015-11-30 15:22:23,372][com.java.TestType] [  435] - The Concept ID  is ---------- 2
[DEBUG][2015-11-30 15:22:23,372][com.java.TestType] [  439] - Steps being executted in the Concept are: 1:2
[INFO ][2015-11-30 15:22:23,372][com.java.TestType] [  446] - Test data details path ---------- D:\BankersDashboard\TestInputs\TestData.xls
[INFO ][2015-11-30 15:22:23,402][com.java.TestType] [  477] -  str(1) = 2
[INFO ][2015-11-30 15:22:23,402][com.java.TestType] [  480] - Test case Id is---2
[INFO ][2015-11-30 15:22:23,402][com.java.TestType] [  482] - 2
[INFO ][2015-11-30 15:22:23,402][com.java.TestType] [  477] -  str(2) = 1
[INFO ][2015-11-30 15:22:23,403][com.java.TestType] [  529] - row values are--------{1=com.java.Objects.TestDataDetails@112994d}
[INFO ][2015-11-30 15:22:23,403][com.java.TestType] [  477] -  str(1) = 2
[INFO ][2015-11-30 15:22:23,403][com.java.TestType] [  480] - Test case Id is---2
[INFO ][2015-11-30 15:22:23,403][com.java.TestType] [  482] - 2
[INFO ][2015-11-30 15:22:23,403][com.java.TestType] [  477] -  str(2) = 2
[INFO ][2015-11-30 15:22:23,404][com.java.TestType] [  529] - row values are--------{1=com.java.Objects.TestDataDetails@112994d, 2=com.java.Objects.TestDataDetails@92b5e6}
[INFO ][2015-11-30 15:22:23,404][com.java.TestType] [  477] -  str(1) = 2
[INFO ][2015-11-30 15:22:23,404][com.java.TestType] [  480] - Test case Id is---2
[INFO ][2015-11-30 15:22:23,404][com.java.TestType] [  482] - 2
[INFO ][2015-11-30 15:22:23,404][com.java.TestType] [  477] -  str(2) = 3
[INFO ][2015-11-30 15:22:23,406][com.java.TestType] [  529] - row values are--------{1=com.java.Objects.TestDataDetails@112994d, 2=com.java.Objects.TestDataDetails@92b5e6, 3=com.java.Objects.TestDataDetails@3fb0ee}
[INFO ][2015-11-30 15:22:23,406][com.java.TestType] [ 9259] - Looping 1TCID = 2
[DEBUG][2015-11-30 15:22:23,406][com.java.TestType] [ 9300] - Concept ID:2 :: Step being Executed: 2::1
[INFO ][2015-11-30 15:22:23,406][com.java.TestType] [ 9338] - dataFields : BNK//select[@id='bank']
[DEBUG][2015-11-30 15:22:23,406][com.java.TestType] [ 9344] - <In Set values of the page>
[DEBUG][2015-11-30 15:22:23,406][com.java.TestType] [ 9349] - {Data Fields & Data Values Exist}
[INFO ][2015-11-30 15:22:23,406][com.java.TestType] [ 9355] - --------------------------setting values-----------------------------
[INFO ][2015-11-30 15:22:23,406][com.java.TestType] [ 9358] - Action Type : Select
[INFO ][2015-11-30 15:22:23,406][com.java.TestType] [ 4783] - value = PFC
[INFO ][2015-11-30 15:22:23,539][com.java.TestType] [ 9377] -  RESULT true
[INFO ][2015-11-30 15:22:23,539][com.java.TestType] [ 9494] - ?   P A S S   ?
[DEBUG][2015-11-30 15:22:23,539][com.java.TestType] [ 9300] - Concept ID:2 :: Step being Executed: 2::2
[INFO ][2015-11-30 15:22:23,539][com.java.TestType] [ 9338] - dataFields : LNKLogout
[DEBUG][2015-11-30 15:22:23,539][com.java.TestType] [ 9344] - <In Set values of the page>
[DEBUG][2015-11-30 15:22:23,539][com.java.TestType] [ 9349] - {Data Fields & Data Values Exist}
[INFO ][2015-11-30 15:22:23,539][com.java.TestType] [ 9355] - --------------------------setting values-----------------------------
[INFO ][2015-11-30 15:22:23,539][com.java.TestType] [ 9358] - Action Type : WaitTime
[DEBUG][2015-11-30 15:22:23,539][com.java.TestType] [ 4603] - sleepTime: 5000
[INFO ][2015-11-30 15:22:28,541][com.java.TestType] [ 9377] -  RESULT true
[INFO ][2015-11-30 15:22:28,541][com.java.TestType] [ 9494] - ?   P A S S   ?
[INFO ][2015-11-30 15:22:28,541][com.java.TestType] [ 9565] - Looping End......
[INFO ][2015-11-30 15:22:28,545][com.java.SeleniumDriver] [  874] -  RESULT true
[INFO ][2015-11-30 15:22:28,545][com.java.SeleniumDriver] [ 1080] - ?   P A S S   ?
[INFO ][2015-11-30 15:22:28,545][com.java.SeleniumDriver] [  801] - ------------------------------------------
[INFO ][2015-11-30 15:22:28,545][com.java.SeleniumDriver] [  802] - Test case being Executed: 4
[INFO ][2015-11-30 15:22:28,545][com.java.SeleniumDriver] [  813] - Test step:4
[INFO ][2015-11-30 15:22:28,545][com.java.SeleniumDriver] [  825] - Datavalue is----------null
[DEBUG][2015-11-30 15:22:28,546][com.java.SeleniumDriver] [  843] - Exception: null
[INFO ][2015-11-30 15:22:28,546][com.java.SeleniumDriver] [  849] - DataField : //span[@class="icon-stats"]&&//a[@data-id="Manage"]
[INFO ][2015-11-30 15:22:28,546][com.java.SeleniumDriver] [  851] - DataValue : 
[INFO ][2015-11-30 15:22:28,546][com.java.SeleniumDriver] [  857] - <In Set values of the page>
[INFO ][2015-11-30 15:22:28,546][com.java.SeleniumDriver] [  860] - {Data Fields & Data Values Exist}
[INFO ][2015-11-30 15:22:28,546][com.java.SeleniumDriver] [  862] - --------------------------setting values-----------------------------
[INFO ][2015-11-30 15:22:28,546][com.java.SeleniumDriver] [  865] - Action Type : MOUSEOVER
