[INFO ][2015-11-06 21:24:05,767][com.java.SeleniumDriver] [  213] - Execute Failed Casesfalse
[INFO ][2015-11-06 21:24:05,771][com.java.SeleniumDriver] [  214] - Browser: IE11
[INFO ][2015-11-06 21:24:05,771][com.java.SeleniumDriver] [  215] - [1, 8]
[INFO ][2015-11-06 21:24:05,772][com.java.SeleniumDriver] [  216] - Total TestCases:2
[INFO ][2015-11-06 21:24:05,772][com.java.SeleniumDriver] [  217] -  Reading Properties from Property File 
[DEBUG][2015-11-06 21:24:05,772][com.java.SeleniumDriver] [  238] - url : https://clients-xuat.bankersdashboard.com
[INFO ][2015-11-06 21:24:05,773][com.java.ImportnExport.ExportTestResultsExcel] [  116] - Time Stamp Fri Nov 06 09:24:05 IST 2015
[INFO ][2015-11-06 21:24:05,773][com.java.ImportnExport.ExportTestResultsExcel] [  175] - OUT FILE : D:\BankersDashboard/TestReports/Test Results_BankersDashBoard_110615_212405_IE11_Any Bank USA.xls
[INFO ][2015-11-06 21:24:05,801][com.java.ImportnExport.ExportTestResultsExcel] [  180] - Test Result file is created
[DEBUG][2015-11-06 21:24:05,900][com.java.SeleniumDriver] [  425] - Hub ip address is-------172.17.68.34
[INFO ][2015-11-06 21:24:05,901][com.java.SeleniumDriver] [  451] - Grid URL:http://172.17.68.34:4444/wd/hub
[INFO ][2015-11-06 21:24:05,901][com.java.SeleniumDriver] [  452] - Capability:Capabilities [{platform=ANY, ensureCleanSession=true, ignoreProtectedModeSettings=true, acceptSslCerts=true, ignoreZoomSetting=true, browserName=internet explorer, browserstack.ie.noFlash=true, version=Node1}]
[ERROR][2015-11-06 21:24:07,195][com.java.SeleniumDriver] [  496] - Unable invoke browser in grid:Could not start a new session. Possible causes are invalid address of the remote server or browser start-up failure.
Build info: version: '2.48.2', revision: '41bccdd', time: '2015-10-09 19:59:12'
System info: host: 'FVTIII438F1D', ip: '172.17.68.34', os.name: 'Windows 7', os.arch: 'x86', os.version: '6.1', java.version: '1.7.0_55'
Driver info: driver.version: SeleniumDriver
[INFO ][2015-11-06 21:24:07,195][com.java.SeleniumDriver] [  498] - Executing on local machine
[INFO ][2015-11-06 21:24:16,733][com.java.SeleniumDriver] [  248] - IE11is opened
[INFO ][2015-11-06 21:24:17,654][com.java.SeleniumDriver] [  752] - Test cases to be executed are: [1, 8]
[INFO ][2015-11-06 21:24:17,654][com.java.ImportnExport.ImportTestDataDetailsExcel] [   49] - test data details path===== D:\BankersDashboard\TestInputs\TestData.xls
[INFO ][2015-11-06 21:24:28,419][com.java.SeleniumDriver] [  788] - ------------------------------------------
[INFO ][2015-11-06 21:24:28,419][com.java.SeleniumDriver] [  789] - Test case being Executed: 1
[INFO ][2015-11-06 21:24:28,435][com.java.SeleniumDriver] [  800] - Test step:1
[INFO ][2015-11-06 21:24:28,436][com.java.SeleniumDriver] [  812] - Datavalue is----------Concept#1:1-14
[INFO ][2015-11-06 21:24:28,436][com.java.SeleniumDriver] [  836] - DataField : test
[INFO ][2015-11-06 21:24:28,436][com.java.SeleniumDriver] [  838] - DataValue : Concept#1:1-14
[INFO ][2015-11-06 21:24:28,436][com.java.SeleniumDriver] [  844] - <In Set values of the page>
[INFO ][2015-11-06 21:24:28,436][com.java.SeleniumDriver] [  847] - {Data Fields & Data Values Exist}
[INFO ][2015-11-06 21:24:28,436][com.java.SeleniumDriver] [  849] - --------------------------setting values-----------------------------
[INFO ][2015-11-06 21:24:28,436][com.java.SeleniumDriver] [  852] - Action Type : ExecuteTestCase
[INFO ][2015-11-06 21:24:28,454][com.java.TestType] [  420] - The Concept sheet name is ---------- Concept
[INFO ][2015-11-06 21:24:28,454][com.java.TestType] [  423] - The Concept ID  is ---------- 1
[DEBUG][2015-11-06 21:24:28,454][com.java.TestType] [  427] - Steps being executted in the Concept are: 1:14
[INFO ][2015-11-06 21:24:28,455][com.java.TestType] [  434] - Test data details path ---------- D:\BankersDashboard\TestInputs\TestData.xls
[INFO ][2015-11-06 21:24:28,485][com.java.TestType] [  465] -  str(1) = 1
[INFO ][2015-11-06 21:24:28,485][com.java.TestType] [  468] - Test case Id is---1
[INFO ][2015-11-06 21:24:28,485][com.java.TestType] [  470] - 1
[INFO ][2015-11-06 21:24:28,486][com.java.TestType] [  465] -  str(2) = 1
[INFO ][2015-11-06 21:24:28,489][com.java.TestType] [  517] - row values are--------{1=com.java.Objects.TestDataDetails@122f244}
[INFO ][2015-11-06 21:24:28,490][com.java.TestType] [  465] -  str(1) = 1
[INFO ][2015-11-06 21:24:28,490][com.java.TestType] [  468] - Test case Id is---1
[INFO ][2015-11-06 21:24:28,490][com.java.TestType] [  470] - 1
[INFO ][2015-11-06 21:24:28,490][com.java.TestType] [  465] -  str(2) = 2
[INFO ][2015-11-06 21:24:28,491][com.java.TestType] [  517] - row values are--------{1=com.java.Objects.TestDataDetails@122f244, 2=com.java.Objects.TestDataDetails@9985a5}
[INFO ][2015-11-06 21:24:28,491][com.java.TestType] [  465] -  str(1) = 1
[INFO ][2015-11-06 21:24:28,492][com.java.TestType] [  468] - Test case Id is---1
[INFO ][2015-11-06 21:24:28,492][com.java.TestType] [  470] - 1
[INFO ][2015-11-06 21:24:28,492][com.java.TestType] [  465] -  str(2) = 3
[INFO ][2015-11-06 21:24:28,493][com.java.TestType] [  517] - row values are--------{1=com.java.Objects.TestDataDetails@122f244, 2=com.java.Objects.TestDataDetails@9985a5, 3=com.java.Objects.TestDataDetails@151da55}
[INFO ][2015-11-06 21:24:28,493][com.java.TestType] [  465] -  str(1) = 1
[INFO ][2015-11-06 21:24:28,493][com.java.TestType] [  468] - Test case Id is---1
[INFO ][2015-11-06 21:24:28,493][com.java.TestType] [  470] - 1
[INFO ][2015-11-06 21:24:28,494][com.java.TestType] [  465] -  str(2) = 4
[INFO ][2015-11-06 21:24:28,495][com.java.TestType] [  517] - row values are--------{1=com.java.Objects.TestDataDetails@122f244, 2=com.java.Objects.TestDataDetails@9985a5, 3=com.java.Objects.TestDataDetails@151da55, 4=com.java.Objects.TestDataDetails@bbf6ed}
[INFO ][2015-11-06 21:24:28,495][com.java.TestType] [  465] -  str(1) = 1
[INFO ][2015-11-06 21:24:28,495][com.java.TestType] [  468] - Test case Id is---1
[INFO ][2015-11-06 21:24:28,495][com.java.TestType] [  470] - 1
[INFO ][2015-11-06 21:24:28,495][com.java.TestType] [  465] -  str(2) = 5
[INFO ][2015-11-06 21:24:28,498][com.java.TestType] [  517] - row values are--------{1=com.java.Objects.TestDataDetails@122f244, 2=com.java.Objects.TestDataDetails@9985a5, 3=com.java.Objects.TestDataDetails@151da55, 4=com.java.Objects.TestDataDetails@bbf6ed, 5=com.java.Objects.TestDataDetails@13115ab}
[INFO ][2015-11-06 21:24:28,498][com.java.TestType] [  465] -  str(1) = 1
[INFO ][2015-11-06 21:24:28,498][com.java.TestType] [  468] - Test case Id is---1
[INFO ][2015-11-06 21:24:28,498][com.java.TestType] [  470] - 1
[INFO ][2015-11-06 21:24:28,499][com.java.TestType] [  465] -  str(2) = 6
[INFO ][2015-11-06 21:24:28,499][com.java.TestType] [  517] - row values are--------{1=com.java.Objects.TestDataDetails@122f244, 2=com.java.Objects.TestDataDetails@9985a5, 3=com.java.Objects.TestDataDetails@151da55, 4=com.java.Objects.TestDataDetails@bbf6ed, 5=com.java.Objects.TestDataDetails@13115ab, 6=com.java.Objects.TestDataDetails@1a2f3f2}
[INFO ][2015-11-06 21:24:28,499][com.java.TestType] [  465] -  str(1) = 1
[INFO ][2015-11-06 21:24:28,500][com.java.TestType] [  468] - Test case Id is---1
[INFO ][2015-11-06 21:24:28,500][com.java.TestType] [  470] - 1
[INFO ][2015-11-06 21:24:28,500][com.java.TestType] [  465] -  str(2) = 7
[INFO ][2015-11-06 21:24:28,501][com.java.TestType] [  517] - row values are--------{1=com.java.Objects.TestDataDetails@122f244, 2=com.java.Objects.TestDataDetails@9985a5, 3=com.java.Objects.TestDataDetails@151da55, 4=com.java.Objects.TestDataDetails@bbf6ed, 5=com.java.Objects.TestDataDetails@13115ab, 6=com.java.Objects.TestDataDetails@1a2f3f2, 7=com.java.Objects.TestDataDetails@167db34}
[INFO ][2015-11-06 21:24:28,501][com.java.TestType] [  465] -  str(1) = 1
[INFO ][2015-11-06 21:24:28,501][com.java.TestType] [  468] - Test case Id is---1
[INFO ][2015-11-06 21:24:28,501][com.java.TestType] [  470] - 1
[INFO ][2015-11-06 21:24:28,501][com.java.TestType] [  465] -  str(2) = 8
[INFO ][2015-11-06 21:24:28,502][com.java.TestType] [  517] - row values are--------{1=com.java.Objects.TestDataDetails@122f244, 2=com.java.Objects.TestDataDetails@9985a5, 3=com.java.Objects.TestDataDetails@151da55, 4=com.java.Objects.TestDataDetails@bbf6ed, 5=com.java.Objects.TestDataDetails@13115ab, 6=com.java.Objects.TestDataDetails@1a2f3f2, 7=com.java.Objects.TestDataDetails@167db34, 8=com.java.Objects.TestDataDetails@15453d8}
[INFO ][2015-11-06 21:24:28,502][com.java.TestType] [  465] -  str(1) = 1
[INFO ][2015-11-06 21:24:28,502][com.java.TestType] [  468] - Test case Id is---1
[INFO ][2015-11-06 21:24:28,502][com.java.TestType] [  470] - 1
[INFO ][2015-11-06 21:24:28,502][com.java.TestType] [  465] -  str(2) = 9
[INFO ][2015-11-06 21:24:28,503][com.java.TestType] [  517] - row values are--------{1=com.java.Objects.TestDataDetails@122f244, 2=com.java.Objects.TestDataDetails@9985a5, 3=com.java.Objects.TestDataDetails@151da55, 4=com.java.Objects.TestDataDetails@bbf6ed, 5=com.java.Objects.TestDataDetails@13115ab, 6=com.java.Objects.TestDataDetails@1a2f3f2, 7=com.java.Objects.TestDataDetails@167db34, 8=com.java.Objects.TestDataDetails@15453d8, 9=com.java.Objects.TestDataDetails@c6e290}
[INFO ][2015-11-06 21:24:28,503][com.java.TestType] [  465] -  str(1) = 1
[INFO ][2015-11-06 21:24:28,503][com.java.TestType] [  468] - Test case Id is---1
[INFO ][2015-11-06 21:24:28,503][com.java.TestType] [  470] - 1
[INFO ][2015-11-06 21:24:28,504][com.java.TestType] [  465] -  str(2) = 10
[INFO ][2015-11-06 21:24:28,504][com.java.TestType] [  517] - row values are--------{1=com.java.Objects.TestDataDetails@122f244, 2=com.java.Objects.TestDataDetails@9985a5, 3=com.java.Objects.TestDataDetails@151da55, 4=com.java.Objects.TestDataDetails@bbf6ed, 5=com.java.Objects.TestDataDetails@13115ab, 6=com.java.Objects.TestDataDetails@1a2f3f2, 7=com.java.Objects.TestDataDetails@167db34, 8=com.java.Objects.TestDataDetails@15453d8, 9=com.java.Objects.TestDataDetails@c6e290, 10=com.java.Objects.TestDataDetails@1c087a2}
[INFO ][2015-11-06 21:24:28,505][com.java.TestType] [  465] -  str(1) = 1
[INFO ][2015-11-06 21:24:28,505][com.java.TestType] [  468] - Test case Id is---1
[INFO ][2015-11-06 21:24:28,505][com.java.TestType] [  470] - 1
[INFO ][2015-11-06 21:24:28,505][com.java.TestType] [  465] -  str(2) = 11
[INFO ][2015-11-06 21:24:28,506][com.java.TestType] [  517] - row values are--------{1=com.java.Objects.TestDataDetails@122f244, 2=com.java.Objects.TestDataDetails@9985a5, 3=com.java.Objects.TestDataDetails@151da55, 4=com.java.Objects.TestDataDetails@bbf6ed, 5=com.java.Objects.TestDataDetails@13115ab, 6=com.java.Objects.TestDataDetails@1a2f3f2, 7=com.java.Objects.TestDataDetails@167db34, 8=com.java.Objects.TestDataDetails@15453d8, 9=com.java.Objects.TestDataDetails@c6e290, 10=com.java.Objects.TestDataDetails@1c087a2, 11=com.java.Objects.TestDataDetails@13b56ce}
[INFO ][2015-11-06 21:24:28,508][com.java.TestType] [  465] -  str(1) = 1
[INFO ][2015-11-06 21:24:28,508][com.java.TestType] [  468] - Test case Id is---1
[INFO ][2015-11-06 21:24:28,508][com.java.TestType] [  470] - 1
[INFO ][2015-11-06 21:24:28,508][com.java.TestType] [  465] -  str(2) = 12
[INFO ][2015-11-06 21:24:28,509][com.java.TestType] [  517] - row values are--------{1=com.java.Objects.TestDataDetails@122f244, 2=com.java.Objects.TestDataDetails@9985a5, 3=com.java.Objects.TestDataDetails@151da55, 4=com.java.Objects.TestDataDetails@bbf6ed, 5=com.java.Objects.TestDataDetails@13115ab, 6=com.java.Objects.TestDataDetails@1a2f3f2, 7=com.java.Objects.TestDataDetails@167db34, 8=com.java.Objects.TestDataDetails@15453d8, 9=com.java.Objects.TestDataDetails@c6e290, 10=com.java.Objects.TestDataDetails@1c087a2, 11=com.java.Objects.TestDataDetails@13b56ce, 12=com.java.Objects.TestDataDetails@1fde7bf}
[INFO ][2015-11-06 21:24:28,509][com.java.TestType] [  465] -  str(1) = 1
[INFO ][2015-11-06 21:24:28,509][com.java.TestType] [  468] - Test case Id is---1
[INFO ][2015-11-06 21:24:28,509][com.java.TestType] [  470] - 1
[INFO ][2015-11-06 21:24:28,509][com.java.TestType] [  465] -  str(2) = 13
[INFO ][2015-11-06 21:24:28,510][com.java.TestType] [  517] - row values are--------{1=com.java.Objects.TestDataDetails@122f244, 2=com.java.Objects.TestDataDetails@9985a5, 3=com.java.Objects.TestDataDetails@151da55, 4=com.java.Objects.TestDataDetails@bbf6ed, 5=com.java.Objects.TestDataDetails@13115ab, 6=com.java.Objects.TestDataDetails@1a2f3f2, 7=com.java.Objects.TestDataDetails@167db34, 8=com.java.Objects.TestDataDetails@15453d8, 9=com.java.Objects.TestDataDetails@c6e290, 10=com.java.Objects.TestDataDetails@1c087a2, 11=com.java.Objects.TestDataDetails@13b56ce, 12=com.java.Objects.TestDataDetails@1fde7bf, 13=com.java.Objects.TestDataDetails@542b0c}
[INFO ][2015-11-06 21:24:28,510][com.java.TestType] [  465] -  str(1) = 1
[INFO ][2015-11-06 21:24:28,510][com.java.TestType] [  468] - Test case Id is---1
[INFO ][2015-11-06 21:24:28,510][com.java.TestType] [  470] - 1
[INFO ][2015-11-06 21:24:28,510][com.java.TestType] [  465] -  str(2) = 14
[INFO ][2015-11-06 21:24:28,511][com.java.TestType] [  517] - row values are--------{1=com.java.Objects.TestDataDetails@122f244, 2=com.java.Objects.TestDataDetails@9985a5, 3=com.java.Objects.TestDataDetails@151da55, 4=com.java.Objects.TestDataDetails@bbf6ed, 5=com.java.Objects.TestDataDetails@13115ab, 6=com.java.Objects.TestDataDetails@1a2f3f2, 7=com.java.Objects.TestDataDetails@167db34, 8=com.java.Objects.TestDataDetails@15453d8, 9=com.java.Objects.TestDataDetails@c6e290, 10=com.java.Objects.TestDataDetails@1c087a2, 11=com.java.Objects.TestDataDetails@13b56ce, 12=com.java.Objects.TestDataDetails@1fde7bf, 13=com.java.Objects.TestDataDetails@542b0c, 14=com.java.Objects.TestDataDetails@1eaeb3e}
[INFO ][2015-11-06 21:24:28,511][com.java.TestType] [ 8221] - Looping 1TCID = 1
[DEBUG][2015-11-06 21:24:28,511][com.java.TestType] [ 8262] - Concept ID:1 :: Step being Executed: 1::1
[INFO ][2015-11-06 21:24:28,511][com.java.TestType] [ 8300] - dataFields : TXTusername
[DEBUG][2015-11-06 21:24:28,511][com.java.TestType] [ 8306] - <In Set values of the page>
[DEBUG][2015-11-06 21:24:28,511][com.java.TestType] [ 8311] - {Data Fields & Data Values Exist}
[INFO ][2015-11-06 21:24:28,511][com.java.TestType] [ 8317] - --------------------------setting values-----------------------------
[INFO ][2015-11-06 21:24:28,511][com.java.TestType] [ 8320] - Action Type : CLEARANDENTER
[INFO ][2015-11-06 21:24:28,511][com.java.TestType] [ 4071] - value = naresh.nayini.00000
[INFO ][2015-11-06 21:24:33,362][com.java.TestType] [ 8339] -  RESULT true
[INFO ][2015-11-06 21:24:33,362][com.java.TestType] [ 8456] - ?   P A S S   ?
[DEBUG][2015-11-06 21:24:33,362][com.java.TestType] [ 8262] - Concept ID:1 :: Step being Executed: 1::2
[INFO ][2015-11-06 21:24:33,362][com.java.TestType] [ 8300] - dataFields : TXTpassword
[DEBUG][2015-11-06 21:24:33,362][com.java.TestType] [ 8306] - <In Set values of the page>
[DEBUG][2015-11-06 21:24:33,363][com.java.TestType] [ 8311] - {Data Fields & Data Values Exist}
[INFO ][2015-11-06 21:24:33,363][com.java.TestType] [ 8317] - --------------------------setting values-----------------------------
[INFO ][2015-11-06 21:24:33,363][com.java.TestType] [ 8320] - Action Type : CLEARANDENTER
[INFO ][2015-11-06 21:24:33,363][com.java.TestType] [ 4071] - value = Password1*
[INFO ][2015-11-06 21:24:38,309][com.java.TestType] [ 8339] -  RESULT true
[INFO ][2015-11-06 21:24:38,309][com.java.TestType] [ 8456] - ?   P A S S   ?
[DEBUG][2015-11-06 21:24:38,309][com.java.TestType] [ 8262] - Concept ID:1 :: Step being Executed: 1::3
[ERROR][2015-11-06 21:24:38,309][com.java.TestType] [ 8295] - Exception: null
[INFO ][2015-11-06 21:24:38,309][com.java.TestType] [ 8300] - dataFields : XPH//button[@type='submit']
[DEBUG][2015-11-06 21:24:38,309][com.java.TestType] [ 8306] - <In Set values of the page>
[DEBUG][2015-11-06 21:24:38,309][com.java.TestType] [ 8311] - {Data Fields & Data Values Exist}
[INFO ][2015-11-06 21:24:38,310][com.java.TestType] [ 8317] - --------------------------setting values-----------------------------
[INFO ][2015-11-06 21:24:38,310][com.java.TestType] [ 8320] - Action Type : Click
[INFO ][2015-11-06 21:24:38,310][com.java.TestType] [ 4384] - Field ::XPH//button[@type='submit']
[INFO ][2015-11-06 21:24:39,311][com.java.TestType] [ 4443] - BEFORE CLICK
[INFO ][2015-11-06 21:24:49,669][com.java.TestType] [ 4451] - Unable to click the object Login
[INFO ][2015-11-06 21:24:49,669][com.java.TestType] [ 8339] -  RESULT true
[INFO ][2015-11-06 21:24:49,669][com.java.TestType] [ 8456] - ?   P A S S   ?
[DEBUG][2015-11-06 21:24:49,669][com.java.TestType] [ 8262] - Concept ID:1 :: Step being Executed: 1::4
[INFO ][2015-11-06 21:24:49,669][com.java.TestType] [ 8300] - dataFields : LNKLogout
[DEBUG][2015-11-06 21:24:49,669][com.java.TestType] [ 8306] - <In Set values of the page>
[DEBUG][2015-11-06 21:24:49,669][com.java.TestType] [ 8311] - {Data Fields & Data Values Exist}
[INFO ][2015-11-06 21:24:49,669][com.java.TestType] [ 8317] - --------------------------setting values-----------------------------
[INFO ][2015-11-06 21:24:49,669][com.java.TestType] [ 8320] - Action Type : WaitForElement
[INFO ][2015-11-06 21:24:49,707][com.java.TestType] [ 8339] -  RESULT true
[INFO ][2015-11-06 21:24:49,708][com.java.TestType] [ 8456] - ?   P A S S   ?
[DEBUG][2015-11-06 21:24:49,708][com.java.TestType] [ 8262] - Concept ID:1 :: Step being Executed: 1::13
[INFO ][2015-11-06 21:24:49,708][com.java.TestType] [ 8300] - dataFields : LNK
[DEBUG][2015-11-06 21:24:49,708][com.java.TestType] [ 8306] - <In Set values of the page>
[DEBUG][2015-11-06 21:24:49,709][com.java.TestType] [ 8311] - {Data Fields & Data Values Exist}
[INFO ][2015-11-06 21:24:49,709][com.java.TestType] [ 8317] - --------------------------setting values-----------------------------
[INFO ][2015-11-06 21:24:49,709][com.java.TestType] [ 8320] - Action Type : Verify
[INFO ][2015-11-06 21:24:49,709][com.java.TestType] [ 5197] - field= LNK value= Logout
[INFO ][2015-11-06 21:24:49,710][com.java.TestType] [ 4071] - value = Logout
[INFO ][2015-11-06 21:24:49,744][com.java.TestType] [ 8339] -  RESULT true
[INFO ][2015-11-06 21:24:49,744][com.java.TestType] [ 8456] - ?   P A S S   ?
[DEBUG][2015-11-06 21:24:49,744][com.java.TestType] [ 8262] - Concept ID:1 :: Step being Executed: 1::14
[INFO ][2015-11-06 21:24:49,744][com.java.TestType] [ 8300] - dataFields : BTN
[DEBUG][2015-11-06 21:24:49,744][com.java.TestType] [ 8306] - <In Set values of the page>
[DEBUG][2015-11-06 21:24:49,745][com.java.TestType] [ 8311] - {Data Fields & Data Values Exist}
[INFO ][2015-11-06 21:24:49,745][com.java.TestType] [ 8317] - --------------------------setting values-----------------------------
[INFO ][2015-11-06 21:24:49,745][com.java.TestType] [ 8320] - Action Type : Verify
[INFO ][2015-11-06 21:24:49,745][com.java.TestType] [ 5197] - field= BTN value= //img[contains(@src,'bdlogo.jpg')]
[INFO ][2015-11-06 21:24:49,745][com.java.TestType] [ 4071] - value = //img[contains(@src,'bdlogo.jpg')]
[INFO ][2015-11-06 21:24:49,781][com.java.TestType] [ 8339] -  RESULT true
[INFO ][2015-11-06 21:24:49,781][com.java.TestType] [ 8456] - ?   P A S S   ?
[INFO ][2015-11-06 21:24:49,781][com.java.TestType] [ 8527] - Looping End......
[INFO ][2015-11-06 21:24:49,785][com.java.SeleniumDriver] [  861] -  RESULT true
[INFO ][2015-11-06 21:24:49,785][com.java.SeleniumDriver] [ 1066] - ?   P A S S   ?
[INFO ][2015-11-06 21:24:49,786][com.java.SeleniumDriver] [  788] - ------------------------------------------
[INFO ][2015-11-06 21:24:49,786][com.java.SeleniumDriver] [  789] - Test case being Executed: 1
[INFO ][2015-11-06 21:24:49,786][com.java.SeleniumDriver] [  800] - Test step:2
[INFO ][2015-11-06 21:24:49,786][com.java.SeleniumDriver] [  812] - Datavalue is----------Concept#2:1-2
[INFO ][2015-11-06 21:24:49,786][com.java.SeleniumDriver] [  836] - DataField : test
[INFO ][2015-11-06 21:24:49,786][com.java.SeleniumDriver] [  838] - DataValue : Concept#2:1-2
[INFO ][2015-11-06 21:24:49,786][com.java.SeleniumDriver] [  844] - <In Set values of the page>
[INFO ][2015-11-06 21:24:49,786][com.java.SeleniumDriver] [  847] - {Data Fields & Data Values Exist}
[INFO ][2015-11-06 21:24:49,786][com.java.SeleniumDriver] [  849] - --------------------------setting values-----------------------------
[INFO ][2015-11-06 21:24:49,786][com.java.SeleniumDriver] [  852] - Action Type : ExecuteTestCase
[INFO ][2015-11-06 21:24:49,787][com.java.TestType] [  420] - The Concept sheet name is ---------- Concept
[INFO ][2015-11-06 21:24:49,787][com.java.TestType] [  423] - The Concept ID  is ---------- 2
[DEBUG][2015-11-06 21:24:49,787][com.java.TestType] [  427] - Steps being executted in the Concept are: 1:2
[INFO ][2015-11-06 21:24:49,787][com.java.TestType] [  434] - Test data details path ---------- D:\BankersDashboard\TestInputs\TestData.xls
[INFO ][2015-11-06 21:24:49,820][com.java.TestType] [  465] -  str(1) = 2
[INFO ][2015-11-06 21:24:49,820][com.java.TestType] [  468] - Test case Id is---2
[INFO ][2015-11-06 21:24:49,820][com.java.TestType] [  470] - 2
[INFO ][2015-11-06 21:24:49,820][com.java.TestType] [  465] -  str(2) = 1
[INFO ][2015-11-06 21:24:49,823][com.java.TestType] [  517] - row values are--------{1=com.java.Objects.TestDataDetails@ba97c3}
[INFO ][2015-11-06 21:24:49,823][com.java.TestType] [  465] -  str(1) = 2
[INFO ][2015-11-06 21:24:49,823][com.java.TestType] [  468] - Test case Id is---2
[INFO ][2015-11-06 21:24:49,823][com.java.TestType] [  470] - 2
[INFO ][2015-11-06 21:24:49,823][com.java.TestType] [  465] -  str(2) = 2
[INFO ][2015-11-06 21:24:49,824][com.java.TestType] [  517] - row values are--------{1=com.java.Objects.TestDataDetails@ba97c3, 2=com.java.Objects.TestDataDetails@13e54e1}
[INFO ][2015-11-06 21:24:49,824][com.java.TestType] [  465] -  str(1) = 2
[INFO ][2015-11-06 21:24:49,824][com.java.TestType] [  468] - Test case Id is---2
[INFO ][2015-11-06 21:24:49,824][com.java.TestType] [  470] - 2
[INFO ][2015-11-06 21:24:49,824][com.java.TestType] [  465] -  str(2) = 3
[INFO ][2015-11-06 21:24:49,824][com.java.TestType] [  517] - row values are--------{1=com.java.Objects.TestDataDetails@ba97c3, 2=com.java.Objects.TestDataDetails@13e54e1, 3=com.java.Objects.TestDataDetails@aa8aa5}
[INFO ][2015-11-06 21:24:49,825][com.java.TestType] [ 8221] - Looping 1TCID = 2
[DEBUG][2015-11-06 21:24:49,825][com.java.TestType] [ 8262] - Concept ID:2 :: Step being Executed: 2::1
[INFO ][2015-11-06 21:24:49,825][com.java.TestType] [ 8300] - dataFields : BNK//select[@id='bank']
[DEBUG][2015-11-06 21:24:49,825][com.java.TestType] [ 8306] - <In Set values of the page>
[DEBUG][2015-11-06 21:24:49,825][com.java.TestType] [ 8311] - {Data Fields & Data Values Exist}
[INFO ][2015-11-06 21:24:49,825][com.java.TestType] [ 8317] - --------------------------setting values-----------------------------
[INFO ][2015-11-06 21:24:49,825][com.java.TestType] [ 8320] - Action Type : Select
[INFO ][2015-11-06 21:24:49,825][com.java.TestType] [ 4071] - value = PFC
[INFO ][2015-11-06 21:24:50,024][com.java.TestType] [ 8339] -  RESULT true
[INFO ][2015-11-06 21:24:50,024][com.java.TestType] [ 8456] - ?   P A S S   ?
[DEBUG][2015-11-06 21:24:50,024][com.java.TestType] [ 8262] - Concept ID:2 :: Step being Executed: 2::2
[INFO ][2015-11-06 21:24:50,024][com.java.TestType] [ 8300] - dataFields : LNKLogout
[DEBUG][2015-11-06 21:24:50,025][com.java.TestType] [ 8306] - <In Set values of the page>
[DEBUG][2015-11-06 21:24:50,025][com.java.TestType] [ 8311] - {Data Fields & Data Values Exist}
[INFO ][2015-11-06 21:24:50,025][com.java.TestType] [ 8317] - --------------------------setting values-----------------------------
[INFO ][2015-11-06 21:24:50,025][com.java.TestType] [ 8320] - Action Type : WaitTime
[DEBUG][2015-11-06 21:24:50,025][com.java.TestType] [ 3907] - sleepTime: 5000
[INFO ][2015-11-06 21:24:55,025][com.java.TestType] [ 8339] -  RESULT true
[INFO ][2015-11-06 21:24:55,025][com.java.TestType] [ 8456] - ?   P A S S   ?
[INFO ][2015-11-06 21:24:55,025][com.java.TestType] [ 8527] - Looping End......
[INFO ][2015-11-06 21:24:55,029][com.java.SeleniumDriver] [  861] -  RESULT true
[INFO ][2015-11-06 21:24:55,029][com.java.SeleniumDriver] [ 1066] - ?   P A S S   ?
[INFO ][2015-11-06 21:24:55,029][com.java.SeleniumDriver] [  788] - ------------------------------------------
[INFO ][2015-11-06 21:24:55,029][com.java.SeleniumDriver] [  789] - Test case being Executed: 1
[INFO ][2015-11-06 21:24:55,029][com.java.SeleniumDriver] [  800] - Test step:3
[INFO ][2015-11-06 21:24:55,029][com.java.SeleniumDriver] [  812] - Datavalue is----------2
[INFO ][2015-11-06 21:24:55,029][com.java.SeleniumDriver] [  836] - DataField : XPH//button[contains(text(),'Add Content')]
[INFO ][2015-11-06 21:24:55,030][com.java.SeleniumDriver] [  838] - DataValue : 2
[INFO ][2015-11-06 21:24:55,030][com.java.SeleniumDriver] [  844] - <In Set values of the page>
[INFO ][2015-11-06 21:24:55,030][com.java.SeleniumDriver] [  847] - {Data Fields & Data Values Exist}
[INFO ][2015-11-06 21:24:55,030][com.java.SeleniumDriver] [  849] - --------------------------setting values-----------------------------
[INFO ][2015-11-06 21:24:55,030][com.java.SeleniumDriver] [  852] - Action Type : WAITFORELEMENT
[INFO ][2015-11-06 21:24:55,083][com.java.SeleniumDriver] [  861] -  RESULT true
[INFO ][2015-11-06 21:24:55,083][com.java.SeleniumDriver] [ 1066] - ?   P A S S   ?
[DEBUG][2015-11-06 21:24:55,083][com.java.SeleniumDriver] [ 1168] - Case found
[DEBUG][2015-11-06 21:24:55,083][com.java.SeleniumDriver] [ 1173] - Incrementing ReportCounters[0]:1
[INFO ][2015-11-06 21:24:55,083][com.java.SeleniumDriver] [ 1192] - The results are-------------------[1, 1, Valid Login, Pass, , Fri Nov 06 21:24:49 IST 2015, 1, 2, Valid Login, Pass, , Fri Nov 06 21:24:55 IST 2015, 1, 3, Valid Login, Pass, , Fri Nov 06 21:24:55 IST 2015]
[INFO ][2015-11-06 21:24:55,084][com.java.SeleniumDriver] [ 1196] - End time is-------51 sec
[INFO ][2015-11-06 21:24:55,084][com.java.SeleniumDriver] [ 1197] - The results are-------------------[1, 1, Valid Login, Pass, , Fri Nov 06 21:24:49 IST 2015, 1, 2, Valid Login, Pass, , Fri Nov 06 21:24:55 IST 2015, 1, 3, Valid Login, Pass, , Fri Nov 06 21:24:55 IST 2015]
[DEBUG][2015-11-06 21:24:55,084][com.java.ImportnExport.ExportTestResultsExcel] [  222] - testResultPath = D:\BankersDashboard/TestReports/Test Results_BankersDashBoard_110615_212405_IE11_Any Bank USA.xls
[DEBUG][2015-11-06 21:24:55,084][com.java.ImportnExport.ExportTestResultsExcel] [  223] - browser is------------IE11
[DEBUG][2015-11-06 21:24:55,134][com.java.ImportnExport.ExportTestResultsExcel] [  270] - result.size() = 18
[DEBUG][2015-11-06 21:24:55,134][com.java.ImportnExport.ExportTestResultsExcel] [  274] - No of rows in sheet=1
[DEBUG][2015-11-06 21:24:55,134][com.java.ImportnExport.ExportTestResultsExcel] [  301] - ..in export..1
[DEBUG][2015-11-06 21:24:55,135][com.java.ImportnExport.ExportTestResultsExcel] [  301] - ..in export..Valid Login
[DEBUG][2015-11-06 21:24:55,135][com.java.ImportnExport.ExportTestResultsExcel] [  301] - ..in export..Pass
[DEBUG][2015-11-06 21:24:55,135][com.java.ImportnExport.ExportTestResultsExcel] [  301] - ..in export..
[DEBUG][2015-11-06 21:24:55,135][com.java.ImportnExport.ExportTestResultsExcel] [  301] - ..in export..Fri Nov 06 21:24:49 IST 2015
[INFO ][2015-11-06 21:24:55,136][com.java.SeleniumDriver] [ 1255] - out loop:0 size:2 TestCases:[1, 8] testcases:[1, 8]
[INFO ][2015-11-06 21:24:55,136][com.java.ImportnExport.ImportTestDataDetailsExcel] [   49] - test data details path===== D:\BankersDashboard\TestInputs\TestData.xls
[INFO ][2015-11-06 21:25:13,794][com.java.SeleniumDriver] [  788] - ------------------------------------------
[INFO ][2015-11-06 21:25:13,794][com.java.SeleniumDriver] [  789] - Test case being Executed: 8
[INFO ][2015-11-06 21:25:13,794][com.java.SeleniumDriver] [  800] - Test step:1
[INFO ][2015-11-06 21:25:13,794][com.java.SeleniumDriver] [  812] - Datavalue is----------null
[DEBUG][2015-11-06 21:25:13,794][com.java.SeleniumDriver] [  830] - Exception: null
[INFO ][2015-11-06 21:25:13,794][com.java.SeleniumDriver] [  836] - DataField : //span[contains(@class,'compass')]&&//a[@data-id='Quarterly']
[INFO ][2015-11-06 21:25:13,794][com.java.SeleniumDriver] [  838] - DataValue : 
[INFO ][2015-11-06 21:25:13,794][com.java.SeleniumDriver] [  844] - <In Set values of the page>
[INFO ][2015-11-06 21:25:13,794][com.java.SeleniumDriver] [  847] - {Data Fields & Data Values Exist}
[INFO ][2015-11-06 21:25:13,794][com.java.SeleniumDriver] [  849] - --------------------------setting values-----------------------------
[INFO ][2015-11-06 21:25:13,794][com.java.SeleniumDriver] [  852] - Action Type : MOUSEOVER
[INFO ][2015-11-06 21:25:23,916][com.java.SeleniumDriver] [  861] -  RESULT true
[INFO ][2015-11-06 21:25:23,916][com.java.SeleniumDriver] [ 1066] - ?   P A S S   ?
[INFO ][2015-11-06 21:25:23,916][com.java.SeleniumDriver] [  788] - ------------------------------------------
[INFO ][2015-11-06 21:25:23,916][com.java.SeleniumDriver] [  789] - Test case being Executed: 8
[INFO ][2015-11-06 21:25:23,916][com.java.SeleniumDriver] [  800] - Test step:2
[INFO ][2015-11-06 21:25:23,916][com.java.SeleniumDriver] [  812] - Datavalue is----------5
[INFO ][2015-11-06 21:25:23,917][com.java.SeleniumDriver] [  836] - DataField : XPH//span[@class='ui-dialog-title']
[INFO ][2015-11-06 21:25:23,917][com.java.SeleniumDriver] [  838] - DataValue : 5
[INFO ][2015-11-06 21:25:23,917][com.java.SeleniumDriver] [  844] - <In Set values of the page>
[INFO ][2015-11-06 21:25:23,917][com.java.SeleniumDriver] [  847] - {Data Fields & Data Values Exist}
[INFO ][2015-11-06 21:25:23,917][com.java.SeleniumDriver] [  849] - --------------------------setting values-----------------------------
[INFO ][2015-11-06 21:25:23,917][com.java.SeleniumDriver] [  852] - Action Type : WAITFORELEMENT
[INFO ][2015-11-06 21:25:23,951][com.java.SeleniumDriver] [  861] -  RESULT true
[INFO ][2015-11-06 21:25:23,951][com.java.SeleniumDriver] [ 1066] - ?   P A S S   ?
[INFO ][2015-11-06 21:25:23,951][com.java.SeleniumDriver] [  788] - ------------------------------------------
[INFO ][2015-11-06 21:25:23,951][com.java.SeleniumDriver] [  789] - Test case being Executed: 8
[INFO ][2015-11-06 21:25:23,951][com.java.SeleniumDriver] [  800] - Test step:3
[INFO ][2015-11-06 21:25:23,951][com.java.SeleniumDriver] [  812] - Datavalue is----------Quarterly Dashboard
[INFO ][2015-11-06 21:25:23,952][com.java.SeleniumDriver] [  836] - DataField : XPH//span[@class='ui-dialog-title']
[INFO ][2015-11-06 21:25:23,952][com.java.SeleniumDriver] [  838] - DataValue : Quarterly Dashboard
[INFO ][2015-11-06 21:25:23,952][com.java.SeleniumDriver] [  844] - <In Set values of the page>
[INFO ][2015-11-06 21:25:23,952][com.java.SeleniumDriver] [  847] - {Data Fields & Data Values Exist}
[INFO ][2015-11-06 21:25:23,952][com.java.SeleniumDriver] [  849] - --------------------------setting values-----------------------------
[INFO ][2015-11-06 21:25:23,952][com.java.SeleniumDriver] [  852] - Action Type : Verify
[INFO ][2015-11-06 21:25:23,952][com.java.TestType] [ 5197] - field= XPH//span[@class='ui-dialog-title'] value= Quarterly Dashboard
[INFO ][2015-11-06 21:25:23,952][com.java.TestType] [ 4071] - value = Quarterly Dashboard
[ERROR][2015-11-06 21:25:24,098][com.java.TestType] [ 5500] - Element  not found :Quarterly Dashboard
[INFO ][2015-11-06 21:25:24,098][com.java.SeleniumDriver] [  861] -  RESULT false
[INFO ][2015-11-06 21:25:24,098][com.java.SeleniumDriver] [  908] - ?   F A I L   ?
[INFO ][2015-11-06 21:25:24,098][com.java.SeleniumDriver] [  916] - Browser Type : IE11
[INFO ][2015-11-06 21:25:24,098][com.java.SeleniumDriver] [  917] - Adding Failed case8
[INFO ][2015-11-06 21:25:24,288][com.java.SeleniumDriver] [ 1030] - failedCases = 8
[ERROR][2015-11-06 21:25:24,288][com.java.SeleniumDriver] [ 1516] - Platform Errors : Our apologies...::We have encountered an issue with your request.::Our apologies?:We encountered an issue with your request.
[INFO ][2015-11-06 21:25:24,290][com.java.SeleniumDriver] [ 1520] - Length =3
[ERROR][2015-11-06 21:25:24,290][com.java.SeleniumDriver] [ 1523] - Error 0 = Our apologies...
[ERROR][2015-11-06 21:25:24,333][com.java.SeleniumDriver] [ 1523] - Error 1 = We have encountered an issue with your request.
[ERROR][2015-11-06 21:25:24,364][com.java.SeleniumDriver] [ 1523] - Error 2 = Our apologies?:We encountered an issue with your request.
[DEBUG][2015-11-06 21:25:24,438][com.java.SeleniumDriver] [ 1168] - Case found
[DEBUG][2015-11-06 21:25:24,438][com.java.SeleniumDriver] [ 1173] - Incrementing ReportCounters[0]:2
[INFO ][2015-11-06 21:25:24,438][com.java.SeleniumDriver] [ 1192] - The results are-------------------[8, 3, Dashboards: Quarterly Dashboard: Data Source - Actual, Fail, 
Test case failed at Step No. :: 3   Error Message ::  Element not found:Quarterly Dashboard. Screen Shot : D:\BankersDashboard\TestReports\110615\8_110615_212524_IE11.png, Fri Nov 06 21:25:24 IST 2015]
[INFO ][2015-11-06 21:25:24,438][com.java.SeleniumDriver] [ 1196] - End time is-------1 min 20 sec
[INFO ][2015-11-06 21:25:24,438][com.java.SeleniumDriver] [ 1197] - The results are-------------------[8, 3, Dashboards: Quarterly Dashboard: Data Source - Actual, Fail, 
Test case failed at Step No. :: 3   Error Message ::  Element not found:Quarterly Dashboard. Screen Shot : D:\BankersDashboard\TestReports\110615\8_110615_212524_IE11.png, Fri Nov 06 21:25:24 IST 2015]
[DEBUG][2015-11-06 21:25:24,438][com.java.ImportnExport.ExportTestResultsExcel] [  222] - testResultPath = D:\BankersDashboard/TestReports/Test Results_BankersDashBoard_110615_212405_IE11_Any Bank USA.xls
[DEBUG][2015-11-06 21:25:24,438][com.java.ImportnExport.ExportTestResultsExcel] [  223] - browser is------------IE11
[DEBUG][2015-11-06 21:25:24,440][com.java.ImportnExport.ExportTestResultsExcel] [  270] - result.size() = 6
[DEBUG][2015-11-06 21:25:24,440][com.java.ImportnExport.ExportTestResultsExcel] [  274] - No of rows in sheet=2
[DEBUG][2015-11-06 21:25:24,441][com.java.ImportnExport.ExportTestResultsExcel] [  301] - ..in export..8
[DEBUG][2015-11-06 21:25:24,441][com.java.ImportnExport.ExportTestResultsExcel] [  301] - ..in export..Dashboards: Quarterly Dashboard: Data Source - Actual
[DEBUG][2015-11-06 21:25:24,441][com.java.ImportnExport.ExportTestResultsExcel] [  301] - ..in export..Fail
[DEBUG][2015-11-06 21:25:24,441][com.java.ImportnExport.ExportTestResultsExcel] [  301] - ..in export..
Test case failed at Step No. :: 3   Error Message ::  Element not found:Quarterly Dashboard. Screen Shot : D:\BankersDashboard\TestReports\110615\8_110615_212524_IE11.png
[DEBUG][2015-11-06 21:25:24,441][com.java.ImportnExport.ExportTestResultsExcel] [  301] - ..in export..Fri Nov 06 21:25:24 IST 2015
[INFO ][2015-11-06 21:25:24,443][com.java.SeleniumDriver] [ 1255] - out loop:1 size:2 TestCases:[1, 8] testcases:[1, 8]
[INFO ][2015-11-06 21:25:26,443][com.java.SeleniumDriver] [ 1297] - Total Number of Cases:2
[INFO ][2015-11-06 21:25:26,443][com.java.TemplateGenerator] [  302] - Executed:2
[INFO ][2015-11-06 21:25:26,443][com.java.TemplateGenerator] [  303] - Passed:1
[INFO ][2015-11-06 21:25:26,443][com.java.TemplateGenerator] [  304] - Failed:1
[INFO ][2015-11-06 21:25:26,443][com.java.TemplateGenerator] [  305] - Skipeed:0
[INFO ][2015-11-06 21:25:26,443][com.java.TemplateGenerator] [  306] - Application URL:https://clients-xuat.bankersdashboard.com
[INFO ][2015-11-06 21:25:26,444][com.java.TemplateGenerator] [  307] - Start Time:110615_212405
[INFO ][2015-11-06 21:25:26,444][com.java.TemplateGenerator] [  308] -  Creating HTML Report 
[ERROR][2015-11-06 21:25:26,444][com.java.TemplateGenerator] [  409] - Unparseable date: "Fri Nov 06 09:24:05 IST 2015"
[INFO ][2015-11-06 21:25:26,444][com.java.TemplateGenerator] [  654] -  Exporting case :: 1
[INFO ][2015-11-06 21:25:26,444][com.java.TemplateGenerator] [  654] -  Exporting case :: 8
[INFO ][2015-11-06 21:25:26,449][com.java.SeleniumDriver] [ 1346] - End Time:110615_212526
[INFO ][2015-11-06 21:25:26,449][com.java.SeleniumDriver] [ 1349] - Data in Test Execution Details:{1=PASS, 8=FAILTest case failed at Step No. :: 3   Error Message ::  Element not found:Quarterly Dashboard}
[INFO ][2015-11-06 21:25:26,449][com.java.SeleniumDriver] [ 1350] - Data in Failed Execution Deatils:{}
[INFO ][2015-11-06 21:25:26,449][com.java.SeleniumDriver] [ 1352] - ReportCounter:Total:2 :: PASS: 1 ::FAIL: 1
[INFO ][2015-11-06 21:25:26,449][com.java.SeleniumDriver] [ 1353] - FailedReportCounter:Total:0 :: PASS: 0 ::FAIL: 0
[INFO ][2015-11-06 21:25:26,456][com.java.EmailTestReport] [   63] - Sending report mail details:
[INFO ][2015-11-06 21:25:26,456][com.java.EmailTestReport] [   80] - Excel Report Path:D:\BankersDashboard/TestReports/Test Results_BankersDashBoard_110615_212405_IE11_Any Bank USA.xls
[INFO ][2015-11-06 21:25:26,456][com.java.EmailTestReport] [   81] - HTML Report Path:D:\BankersDashboard//TestReports//Test Results_BankersDashBoard_110615_212405_IE11_Any Bank USA.html
[INFO ][2015-11-06 21:25:26,456][com.java.EmailTestReport] [   82] - smtpHostName:mail01.valuelabs.com
[INFO ][2015-11-06 21:25:26,456][com.java.EmailTestReport] [   83] - Recipient:venkateswararao.gubbala@valuelabs.com
[INFO ][2015-11-06 21:25:26,456][com.java.EmailTestReport] [   84] - From:venkateswararao.gubbala@valuelabs.com
[INFO ][2015-11-06 21:25:26,457][com.java.EmailTestReport] [   85] - Subject:Deluxe Corp Bankers Dashboard Automation Test Report - Any Bank USA - IE11
[INFO ][2015-11-06 21:25:26,471][com.java.EmailTestReport] [  143] -  Added venkateswararao.gubbala@valuelabs.com
[INFO ][2015-11-06 21:25:29,586][com.java.SeleniumDriver] [  719] - quitting the browser 
[INFO ][2015-11-06 21:25:30,837][com.java.SeleniumDriver] [  263] - Execution Completed Stopping the thread
