[INFO ][2015-11-18 12:13:38,310][com.java.SeleniumDriver] [  213] - Execute Failed Casesfalse
[INFO ][2015-11-18 12:13:38,315][com.java.SeleniumDriver] [  214] - Browser: IE10
[INFO ][2015-11-18 12:13:38,315][com.java.SeleniumDriver] [  215] - [1, 401, 402, 403, 404, 405, 406, 407]
[INFO ][2015-11-18 12:13:38,315][com.java.SeleniumDriver] [  216] - Total TestCases:8
[INFO ][2015-11-18 12:13:38,315][com.java.SeleniumDriver] [  217] -  Reading Properties from Property File 
[DEBUG][2015-11-18 12:13:38,315][com.java.SeleniumDriver] [  238] - url : https://clients-xuat.bankersdashboard.com
[INFO ][2015-11-18 12:13:38,315][com.java.ImportnExport.ExportTestResultsExcel] [  116] - Time Stamp Wed Nov 18 12:13:38 IST 2015
[INFO ][2015-11-18 12:13:38,315][com.java.ImportnExport.ExportTestResultsExcel] [  175] - OUT FILE : D:\BankersDashboard/TestReports/Test Results_BankersDashBoard_111815_121338_IE10_United Bank.xls
[INFO ][2015-11-18 12:13:38,343][com.java.ImportnExport.ExportTestResultsExcel] [  180] - Test Result file is created
[DEBUG][2015-11-18 12:13:38,443][com.java.SeleniumDriver] [  425] - Hub ip address is-------172.17.68.34
[INFO ][2015-11-18 12:13:38,446][com.java.SeleniumDriver] [  451] - Grid URL:http://172.17.68.34:4444/wd/hub
[INFO ][2015-11-18 12:13:38,446][com.java.SeleniumDriver] [  452] - Capability:Capabilities [{platform=ANY, ensureCleanSession=true, ignoreProtectedModeSettings=true, acceptSslCerts=true, ignoreZoomSetting=true, browserName=internet explorer, browserstack.ie.noFlash=true, version=null}]
[ERROR][2015-11-18 12:13:39,746][com.java.SeleniumDriver] [  496] - Unable invoke browser in grid:Could not start a new session. Possible causes are invalid address of the remote server or browser start-up failure.
Build info: version: '2.48.2', revision: '41bccdd', time: '2015-10-09 19:59:12'
System info: host: 'FVTIII438F1D', ip: '172.17.68.34', os.name: 'Windows 7', os.arch: 'x86', os.version: '6.1', java.version: '1.7.0_55'
Driver info: driver.version: SeleniumDriver
[INFO ][2015-11-18 12:13:39,748][com.java.SeleniumDriver] [  498] - Executing on local machine
[INFO ][2015-11-18 12:13:49,165][com.java.SeleniumDriver] [  248] - IE10is opened
[INFO ][2015-11-18 12:13:49,788][com.java.SeleniumDriver] [  753] - Test cases to be executed are: [1, 401, 402, 403, 404, 405, 406, 407]
[INFO ][2015-11-18 12:13:49,806][com.java.ImportnExport.ImportTestDataDetailsExcel] [   49] - test data details path===== D:\BankersDashboard\TestInputs\TestData.xls
[INFO ][2015-11-18 12:13:49,851][com.java.SeleniumDriver] [  796] - ------------------------------------------
[INFO ][2015-11-18 12:13:49,851][com.java.SeleniumDriver] [  797] - Test case being Executed: 1
[INFO ][2015-11-18 12:13:49,854][com.java.SeleniumDriver] [  808] - Test step:1
[INFO ][2015-11-18 12:13:49,854][com.java.SeleniumDriver] [  820] - Datavalue is----------Concept#1:1-14
[INFO ][2015-11-18 12:13:49,854][com.java.SeleniumDriver] [  844] - DataField : test
[INFO ][2015-11-18 12:13:49,854][com.java.SeleniumDriver] [  846] - DataValue : Concept#1:1-14
[INFO ][2015-11-18 12:13:49,854][com.java.SeleniumDriver] [  852] - <In Set values of the page>
[INFO ][2015-11-18 12:13:49,854][com.java.SeleniumDriver] [  855] - {Data Fields & Data Values Exist}
[INFO ][2015-11-18 12:13:49,854][com.java.SeleniumDriver] [  857] - --------------------------setting values-----------------------------
[INFO ][2015-11-18 12:13:49,854][com.java.SeleniumDriver] [  860] - Action Type : ExecuteTestCase
[INFO ][2015-11-18 12:13:49,871][com.java.TestType] [  423] - The Concept sheet name is ---------- Concept
[INFO ][2015-11-18 12:13:49,871][com.java.TestType] [  426] - The Concept ID  is ---------- 1
[DEBUG][2015-11-18 12:13:49,871][com.java.TestType] [  430] - Steps being executted in the Concept are: 1:14
[INFO ][2015-11-18 12:13:49,871][com.java.TestType] [  437] - Test data details path ---------- D:\BankersDashboard\TestInputs\TestData.xls
[INFO ][2015-11-18 12:13:49,906][com.java.TestType] [  468] -  str(1) = 1
[INFO ][2015-11-18 12:13:49,906][com.java.TestType] [  471] - Test case Id is---1
[INFO ][2015-11-18 12:13:49,906][com.java.TestType] [  473] - 1
[INFO ][2015-11-18 12:13:49,906][com.java.TestType] [  468] -  str(2) = 1
[INFO ][2015-11-18 12:13:49,909][com.java.TestType] [  520] - row values are--------{1=com.java.Objects.TestDataDetails@14692d2}
[INFO ][2015-11-18 12:13:49,909][com.java.TestType] [  468] -  str(1) = 1
[INFO ][2015-11-18 12:13:49,911][com.java.TestType] [  471] - Test case Id is---1
[INFO ][2015-11-18 12:13:49,911][com.java.TestType] [  473] - 1
[INFO ][2015-11-18 12:13:49,911][com.java.TestType] [  468] -  str(2) = 2
[INFO ][2015-11-18 12:13:49,911][com.java.TestType] [  520] - row values are--------{1=com.java.Objects.TestDataDetails@14692d2, 2=com.java.Objects.TestDataDetails@1da11d8}
[INFO ][2015-11-18 12:13:49,911][com.java.TestType] [  468] -  str(1) = 1
[INFO ][2015-11-18 12:13:49,911][com.java.TestType] [  471] - Test case Id is---1
[INFO ][2015-11-18 12:13:49,914][com.java.TestType] [  473] - 1
[INFO ][2015-11-18 12:13:49,914][com.java.TestType] [  468] -  str(2) = 3
[INFO ][2015-11-18 12:13:49,914][com.java.TestType] [  520] - row values are--------{1=com.java.Objects.TestDataDetails@14692d2, 2=com.java.Objects.TestDataDetails@1da11d8, 3=com.java.Objects.TestDataDetails@15d2461}
[INFO ][2015-11-18 12:13:49,914][com.java.TestType] [  468] -  str(1) = 1
[INFO ][2015-11-18 12:13:49,914][com.java.TestType] [  471] - Test case Id is---1
[INFO ][2015-11-18 12:13:49,914][com.java.TestType] [  473] - 1
[INFO ][2015-11-18 12:13:49,914][com.java.TestType] [  468] -  str(2) = 4
[INFO ][2015-11-18 12:13:49,916][com.java.TestType] [  520] - row values are--------{1=com.java.Objects.TestDataDetails@14692d2, 2=com.java.Objects.TestDataDetails@1da11d8, 3=com.java.Objects.TestDataDetails@15d2461, 4=com.java.Objects.TestDataDetails@27ca20}
[INFO ][2015-11-18 12:13:49,916][com.java.TestType] [  468] -  str(1) = 1
[INFO ][2015-11-18 12:13:49,916][com.java.TestType] [  471] - Test case Id is---1
[INFO ][2015-11-18 12:13:49,916][com.java.TestType] [  473] - 1
[INFO ][2015-11-18 12:13:49,916][com.java.TestType] [  468] -  str(2) = 5
[INFO ][2015-11-18 12:13:49,916][com.java.TestType] [  520] - row values are--------{1=com.java.Objects.TestDataDetails@14692d2, 2=com.java.Objects.TestDataDetails@1da11d8, 3=com.java.Objects.TestDataDetails@15d2461, 4=com.java.Objects.TestDataDetails@27ca20, 5=com.java.Objects.TestDataDetails@1eba425}
[INFO ][2015-11-18 12:13:49,916][com.java.TestType] [  468] -  str(1) = 1
[INFO ][2015-11-18 12:13:49,916][com.java.TestType] [  471] - Test case Id is---1
[INFO ][2015-11-18 12:13:49,916][com.java.TestType] [  473] - 1
[INFO ][2015-11-18 12:13:49,916][com.java.TestType] [  468] -  str(2) = 6
[INFO ][2015-11-18 12:13:49,919][com.java.TestType] [  520] - row values are--------{1=com.java.Objects.TestDataDetails@14692d2, 2=com.java.Objects.TestDataDetails@1da11d8, 3=com.java.Objects.TestDataDetails@15d2461, 4=com.java.Objects.TestDataDetails@27ca20, 5=com.java.Objects.TestDataDetails@1eba425, 6=com.java.Objects.TestDataDetails@1fa92be}
[INFO ][2015-11-18 12:13:49,919][com.java.TestType] [  468] -  str(1) = 1
[INFO ][2015-11-18 12:13:49,919][com.java.TestType] [  471] - Test case Id is---1
[INFO ][2015-11-18 12:13:49,919][com.java.TestType] [  473] - 1
[INFO ][2015-11-18 12:13:49,919][com.java.TestType] [  468] -  str(2) = 7
[INFO ][2015-11-18 12:13:49,921][com.java.TestType] [  520] - row values are--------{1=com.java.Objects.TestDataDetails@14692d2, 2=com.java.Objects.TestDataDetails@1da11d8, 3=com.java.Objects.TestDataDetails@15d2461, 4=com.java.Objects.TestDataDetails@27ca20, 5=com.java.Objects.TestDataDetails@1eba425, 6=com.java.Objects.TestDataDetails@1fa92be, 7=com.java.Objects.TestDataDetails@1b9e6d7}
[INFO ][2015-11-18 12:13:49,921][com.java.TestType] [  468] -  str(1) = 1
[INFO ][2015-11-18 12:13:49,921][com.java.TestType] [  471] - Test case Id is---1
[INFO ][2015-11-18 12:13:49,921][com.java.TestType] [  473] - 1
[INFO ][2015-11-18 12:13:49,921][com.java.TestType] [  468] -  str(2) = 8
[INFO ][2015-11-18 12:13:49,921][com.java.TestType] [  520] - row values are--------{1=com.java.Objects.TestDataDetails@14692d2, 2=com.java.Objects.TestDataDetails@1da11d8, 3=com.java.Objects.TestDataDetails@15d2461, 4=com.java.Objects.TestDataDetails@27ca20, 5=com.java.Objects.TestDataDetails@1eba425, 6=com.java.Objects.TestDataDetails@1fa92be, 7=com.java.Objects.TestDataDetails@1b9e6d7, 8=com.java.Objects.TestDataDetails@dc8b55}
[INFO ][2015-11-18 12:13:49,921][com.java.TestType] [  468] -  str(1) = 1
[INFO ][2015-11-18 12:13:49,921][com.java.TestType] [  471] - Test case Id is---1
[INFO ][2015-11-18 12:13:49,921][com.java.TestType] [  473] - 1
[INFO ][2015-11-18 12:13:49,921][com.java.TestType] [  468] -  str(2) = 9
[INFO ][2015-11-18 12:13:49,924][com.java.TestType] [  520] - row values are--------{1=com.java.Objects.TestDataDetails@14692d2, 2=com.java.Objects.TestDataDetails@1da11d8, 3=com.java.Objects.TestDataDetails@15d2461, 4=com.java.Objects.TestDataDetails@27ca20, 5=com.java.Objects.TestDataDetails@1eba425, 6=com.java.Objects.TestDataDetails@1fa92be, 7=com.java.Objects.TestDataDetails@1b9e6d7, 8=com.java.Objects.TestDataDetails@dc8b55, 9=com.java.Objects.TestDataDetails@b8460f}
[INFO ][2015-11-18 12:13:49,924][com.java.TestType] [  468] -  str(1) = 1
[INFO ][2015-11-18 12:13:49,924][com.java.TestType] [  471] - Test case Id is---1
[INFO ][2015-11-18 12:13:49,924][com.java.TestType] [  473] - 1
[INFO ][2015-11-18 12:13:49,924][com.java.TestType] [  468] -  str(2) = 10
[INFO ][2015-11-18 12:13:49,926][com.java.TestType] [  520] - row values are--------{1=com.java.Objects.TestDataDetails@14692d2, 2=com.java.Objects.TestDataDetails@1da11d8, 3=com.java.Objects.TestDataDetails@15d2461, 4=com.java.Objects.TestDataDetails@27ca20, 5=com.java.Objects.TestDataDetails@1eba425, 6=com.java.Objects.TestDataDetails@1fa92be, 7=com.java.Objects.TestDataDetails@1b9e6d7, 8=com.java.Objects.TestDataDetails@dc8b55, 9=com.java.Objects.TestDataDetails@b8460f, 10=com.java.Objects.TestDataDetails@f30883}
[INFO ][2015-11-18 12:13:49,926][com.java.TestType] [  468] -  str(1) = 1
[INFO ][2015-11-18 12:13:49,926][com.java.TestType] [  471] - Test case Id is---1
[INFO ][2015-11-18 12:13:49,926][com.java.TestType] [  473] - 1
[INFO ][2015-11-18 12:13:49,926][com.java.TestType] [  468] -  str(2) = 11
[INFO ][2015-11-18 12:13:49,926][com.java.TestType] [  520] - row values are--------{1=com.java.Objects.TestDataDetails@14692d2, 2=com.java.Objects.TestDataDetails@1da11d8, 3=com.java.Objects.TestDataDetails@15d2461, 4=com.java.Objects.TestDataDetails@27ca20, 5=com.java.Objects.TestDataDetails@1eba425, 6=com.java.Objects.TestDataDetails@1fa92be, 7=com.java.Objects.TestDataDetails@1b9e6d7, 8=com.java.Objects.TestDataDetails@dc8b55, 9=com.java.Objects.TestDataDetails@b8460f, 10=com.java.Objects.TestDataDetails@f30883, 11=com.java.Objects.TestDataDetails@abd854}
[INFO ][2015-11-18 12:13:49,926][com.java.TestType] [  468] -  str(1) = 1
[INFO ][2015-11-18 12:13:49,926][com.java.TestType] [  471] - Test case Id is---1
[INFO ][2015-11-18 12:13:49,926][com.java.TestType] [  473] - 1
[INFO ][2015-11-18 12:13:49,926][com.java.TestType] [  468] -  str(2) = 12
[INFO ][2015-11-18 12:13:49,926][com.java.TestType] [  520] - row values are--------{1=com.java.Objects.TestDataDetails@14692d2, 2=com.java.Objects.TestDataDetails@1da11d8, 3=com.java.Objects.TestDataDetails@15d2461, 4=com.java.Objects.TestDataDetails@27ca20, 5=com.java.Objects.TestDataDetails@1eba425, 6=com.java.Objects.TestDataDetails@1fa92be, 7=com.java.Objects.TestDataDetails@1b9e6d7, 8=com.java.Objects.TestDataDetails@dc8b55, 9=com.java.Objects.TestDataDetails@b8460f, 10=com.java.Objects.TestDataDetails@f30883, 11=com.java.Objects.TestDataDetails@abd854, 12=com.java.Objects.TestDataDetails@f73c55}
[INFO ][2015-11-18 12:13:49,929][com.java.TestType] [  468] -  str(1) = 1
[INFO ][2015-11-18 12:13:49,929][com.java.TestType] [  471] - Test case Id is---1
[INFO ][2015-11-18 12:13:49,929][com.java.TestType] [  473] - 1
[INFO ][2015-11-18 12:13:49,929][com.java.TestType] [  468] -  str(2) = 13
[INFO ][2015-11-18 12:13:49,929][com.java.TestType] [  520] - row values are--------{1=com.java.Objects.TestDataDetails@14692d2, 2=com.java.Objects.TestDataDetails@1da11d8, 3=com.java.Objects.TestDataDetails@15d2461, 4=com.java.Objects.TestDataDetails@27ca20, 5=com.java.Objects.TestDataDetails@1eba425, 6=com.java.Objects.TestDataDetails@1fa92be, 7=com.java.Objects.TestDataDetails@1b9e6d7, 8=com.java.Objects.TestDataDetails@dc8b55, 9=com.java.Objects.TestDataDetails@b8460f, 10=com.java.Objects.TestDataDetails@f30883, 11=com.java.Objects.TestDataDetails@abd854, 12=com.java.Objects.TestDataDetails@f73c55, 13=com.java.Objects.TestDataDetails@12f2fa7}
[INFO ][2015-11-18 12:13:49,929][com.java.TestType] [  468] -  str(1) = 1
[INFO ][2015-11-18 12:13:49,929][com.java.TestType] [  471] - Test case Id is---1
[INFO ][2015-11-18 12:13:49,929][com.java.TestType] [  473] - 1
[INFO ][2015-11-18 12:13:49,929][com.java.TestType] [  468] -  str(2) = 14
[INFO ][2015-11-18 12:13:49,931][com.java.TestType] [  520] - row values are--------{1=com.java.Objects.TestDataDetails@14692d2, 2=com.java.Objects.TestDataDetails@1da11d8, 3=com.java.Objects.TestDataDetails@15d2461, 4=com.java.Objects.TestDataDetails@27ca20, 5=com.java.Objects.TestDataDetails@1eba425, 6=com.java.Objects.TestDataDetails@1fa92be, 7=com.java.Objects.TestDataDetails@1b9e6d7, 8=com.java.Objects.TestDataDetails@dc8b55, 9=com.java.Objects.TestDataDetails@b8460f, 10=com.java.Objects.TestDataDetails@f30883, 11=com.java.Objects.TestDataDetails@abd854, 12=com.java.Objects.TestDataDetails@f73c55, 13=com.java.Objects.TestDataDetails@12f2fa7, 14=com.java.Objects.TestDataDetails@1f967c8}
[INFO ][2015-11-18 12:13:49,931][com.java.TestType] [ 8799] - Looping 1TCID = 1
[DEBUG][2015-11-18 12:13:49,931][com.java.TestType] [ 8840] - Concept ID:1 :: Step being Executed: 1::1
[INFO ][2015-11-18 12:13:49,931][com.java.TestType] [ 8878] - dataFields : TXTusername
[DEBUG][2015-11-18 12:13:49,931][com.java.TestType] [ 8884] - <In Set values of the page>
[DEBUG][2015-11-18 12:13:49,931][com.java.TestType] [ 8889] - {Data Fields & Data Values Exist}
[INFO ][2015-11-18 12:13:49,931][com.java.TestType] [ 8895] - --------------------------setting values-----------------------------
[INFO ][2015-11-18 12:13:49,931][com.java.TestType] [ 8898] - Action Type : CLEARANDENTER
[INFO ][2015-11-18 12:13:49,931][com.java.TestType] [ 4454] - value = valuelabs.ie10.00058
[INFO ][2015-11-18 12:13:54,578][com.java.TestType] [ 8917] -  RESULT true
[INFO ][2015-11-18 12:13:54,578][com.java.TestType] [ 9034] - ?   P A S S   ?
[DEBUG][2015-11-18 12:13:54,581][com.java.TestType] [ 8840] - Concept ID:1 :: Step being Executed: 1::2
[INFO ][2015-11-18 12:13:54,581][com.java.TestType] [ 8878] - dataFields : TXTpassword
[DEBUG][2015-11-18 12:13:54,581][com.java.TestType] [ 8884] - <In Set values of the page>
[DEBUG][2015-11-18 12:13:54,581][com.java.TestType] [ 8889] - {Data Fields & Data Values Exist}
[INFO ][2015-11-18 12:13:54,581][com.java.TestType] [ 8895] - --------------------------setting values-----------------------------
[INFO ][2015-11-18 12:13:54,581][com.java.TestType] [ 8898] - Action Type : CLEARANDENTER
[INFO ][2015-11-18 12:13:54,581][com.java.TestType] [ 4454] - value = Password1*
[INFO ][2015-11-18 12:13:59,328][com.java.TestType] [ 8917] -  RESULT true
[INFO ][2015-11-18 12:13:59,328][com.java.TestType] [ 9034] - ?   P A S S   ?
[DEBUG][2015-11-18 12:13:59,328][com.java.TestType] [ 8840] - Concept ID:1 :: Step being Executed: 1::3
[ERROR][2015-11-18 12:13:59,328][com.java.TestType] [ 8873] - Exception: null
[INFO ][2015-11-18 12:13:59,328][com.java.TestType] [ 8878] - dataFields : XPH//button[@type='submit']
[DEBUG][2015-11-18 12:13:59,328][com.java.TestType] [ 8884] - <In Set values of the page>
[DEBUG][2015-11-18 12:13:59,328][com.java.TestType] [ 8889] - {Data Fields & Data Values Exist}
[INFO ][2015-11-18 12:13:59,328][com.java.TestType] [ 8895] - --------------------------setting values-----------------------------
[INFO ][2015-11-18 12:13:59,328][com.java.TestType] [ 8898] - Action Type : Click
[INFO ][2015-11-18 12:13:59,328][com.java.TestType] [ 4767] - Field ::XPH//button[@type='submit']
[INFO ][2015-11-18 12:14:00,331][com.java.TestType] [ 4826] - BEFORE CLICK
[INFO ][2015-11-18 12:14:01,131][com.java.TestType] [ 4834] - Unable to click the object Login
[INFO ][2015-11-18 12:14:01,131][com.java.TestType] [ 8917] -  RESULT true
[INFO ][2015-11-18 12:14:01,131][com.java.TestType] [ 9034] - ?   P A S S   ?
[DEBUG][2015-11-18 12:14:01,131][com.java.TestType] [ 8840] - Concept ID:1 :: Step being Executed: 1::4
[INFO ][2015-11-18 12:14:01,131][com.java.TestType] [ 8878] - dataFields : LNKLogout
[DEBUG][2015-11-18 12:14:01,131][com.java.TestType] [ 8884] - <In Set values of the page>
[DEBUG][2015-11-18 12:14:01,131][com.java.TestType] [ 8889] - {Data Fields & Data Values Exist}
[INFO ][2015-11-18 12:14:01,131][com.java.TestType] [ 8895] - --------------------------setting values-----------------------------
[INFO ][2015-11-18 12:14:01,131][com.java.TestType] [ 8898] - Action Type : WaitForElement
[INFO ][2015-11-18 12:14:07,859][com.java.TestType] [ 8917] -  RESULT true
[INFO ][2015-11-18 12:14:07,859][com.java.TestType] [ 9034] - ?   P A S S   ?
[DEBUG][2015-11-18 12:14:07,859][com.java.TestType] [ 8840] - Concept ID:1 :: Step being Executed: 1::13
[INFO ][2015-11-18 12:14:07,859][com.java.TestType] [ 8878] - dataFields : LNK
[DEBUG][2015-11-18 12:14:07,859][com.java.TestType] [ 8884] - <In Set values of the page>
[DEBUG][2015-11-18 12:14:07,859][com.java.TestType] [ 8889] - {Data Fields & Data Values Exist}
[INFO ][2015-11-18 12:14:07,859][com.java.TestType] [ 8895] - --------------------------setting values-----------------------------
[INFO ][2015-11-18 12:14:07,859][com.java.TestType] [ 8898] - Action Type : Verify
[INFO ][2015-11-18 12:14:07,859][com.java.TestType] [ 5561] - field= LNK value= Logout
[INFO ][2015-11-18 12:14:07,860][com.java.TestType] [ 4454] - value = Logout
[INFO ][2015-11-18 12:14:07,898][com.java.TestType] [ 8917] -  RESULT true
[INFO ][2015-11-18 12:14:07,898][com.java.TestType] [ 9034] - ?   P A S S   ?
[DEBUG][2015-11-18 12:14:07,898][com.java.TestType] [ 8840] - Concept ID:1 :: Step being Executed: 1::14
[INFO ][2015-11-18 12:14:07,898][com.java.TestType] [ 8878] - dataFields : BTN
[DEBUG][2015-11-18 12:14:07,898][com.java.TestType] [ 8884] - <In Set values of the page>
[DEBUG][2015-11-18 12:14:07,898][com.java.TestType] [ 8889] - {Data Fields & Data Values Exist}
[INFO ][2015-11-18 12:14:07,898][com.java.TestType] [ 8895] - --------------------------setting values-----------------------------
[INFO ][2015-11-18 12:14:07,898][com.java.TestType] [ 8898] - Action Type : Verify
[INFO ][2015-11-18 12:14:07,898][com.java.TestType] [ 5561] - field= BTN value= //img[contains(@src,'bdlogo.jpg')]
[INFO ][2015-11-18 12:14:07,898][com.java.TestType] [ 4454] - value = //img[contains(@src,'bdlogo.jpg')]
[INFO ][2015-11-18 12:14:07,930][com.java.TestType] [ 8917] -  RESULT true
[INFO ][2015-11-18 12:14:07,930][com.java.TestType] [ 9034] - ?   P A S S   ?
[INFO ][2015-11-18 12:14:07,930][com.java.TestType] [ 9105] - Looping End......
[INFO ][2015-11-18 12:14:07,935][com.java.SeleniumDriver] [  869] -  RESULT true
[INFO ][2015-11-18 12:14:07,935][com.java.SeleniumDriver] [ 1074] - ?   P A S S   ?
[INFO ][2015-11-18 12:14:07,935][com.java.SeleniumDriver] [  796] - ------------------------------------------
[INFO ][2015-11-18 12:14:07,935][com.java.SeleniumDriver] [  797] - Test case being Executed: 1
[INFO ][2015-11-18 12:14:07,935][com.java.SeleniumDriver] [  808] - Test step:2
[INFO ][2015-11-18 12:14:07,935][com.java.SeleniumDriver] [  820] - Datavalue is----------Concept#2:1-2
[INFO ][2015-11-18 12:14:07,935][com.java.SeleniumDriver] [  844] - DataField : test
[INFO ][2015-11-18 12:14:07,935][com.java.SeleniumDriver] [  846] - DataValue : Concept#2:1-2
[INFO ][2015-11-18 12:14:07,935][com.java.SeleniumDriver] [  852] - <In Set values of the page>
[INFO ][2015-11-18 12:14:07,935][com.java.SeleniumDriver] [  855] - {Data Fields & Data Values Exist}
[INFO ][2015-11-18 12:14:07,935][com.java.SeleniumDriver] [  857] - --------------------------setting values-----------------------------
[INFO ][2015-11-18 12:14:07,935][com.java.SeleniumDriver] [  860] - Action Type : ExecuteTestCase
[INFO ][2015-11-18 12:14:07,935][com.java.TestType] [  423] - The Concept sheet name is ---------- Concept
[INFO ][2015-11-18 12:14:07,935][com.java.TestType] [  426] - The Concept ID  is ---------- 2
[DEBUG][2015-11-18 12:14:07,938][com.java.TestType] [  430] - Steps being executted in the Concept are: 1:2
[INFO ][2015-11-18 12:14:07,938][com.java.TestType] [  437] - Test data details path ---------- D:\BankersDashboard\TestInputs\TestData.xls
[INFO ][2015-11-18 12:14:07,965][com.java.TestType] [  468] -  str(1) = 2
[INFO ][2015-11-18 12:14:07,968][com.java.TestType] [  471] - Test case Id is---2
[INFO ][2015-11-18 12:14:07,968][com.java.TestType] [  473] - 2
[INFO ][2015-11-18 12:14:07,968][com.java.TestType] [  468] -  str(2) = 1
[INFO ][2015-11-18 12:14:07,968][com.java.TestType] [  520] - row values are--------{1=com.java.Objects.TestDataDetails@174e14}
[INFO ][2015-11-18 12:14:07,968][com.java.TestType] [  468] -  str(1) = 2
[INFO ][2015-11-18 12:14:07,968][com.java.TestType] [  471] - Test case Id is---2
[INFO ][2015-11-18 12:14:07,968][com.java.TestType] [  473] - 2
[INFO ][2015-11-18 12:14:07,968][com.java.TestType] [  468] -  str(2) = 2
[INFO ][2015-11-18 12:14:07,970][com.java.TestType] [  520] - row values are--------{1=com.java.Objects.TestDataDetails@174e14, 2=com.java.Objects.TestDataDetails@a0f411}
[INFO ][2015-11-18 12:14:07,970][com.java.TestType] [  468] -  str(1) = 2
[INFO ][2015-11-18 12:14:07,970][com.java.TestType] [  471] - Test case Id is---2
[INFO ][2015-11-18 12:14:07,970][com.java.TestType] [  473] - 2
[INFO ][2015-11-18 12:14:07,970][com.java.TestType] [  468] -  str(2) = 3
[INFO ][2015-11-18 12:14:07,970][com.java.TestType] [  520] - row values are--------{1=com.java.Objects.TestDataDetails@174e14, 2=com.java.Objects.TestDataDetails@a0f411, 3=com.java.Objects.TestDataDetails@1d43178}
[INFO ][2015-11-18 12:14:07,970][com.java.TestType] [ 8799] - Looping 1TCID = 2
[DEBUG][2015-11-18 12:14:07,970][com.java.TestType] [ 8840] - Concept ID:2 :: Step being Executed: 2::1
[INFO ][2015-11-18 12:14:07,973][com.java.TestType] [ 8878] - dataFields : BNK//select[@id='bank']
[DEBUG][2015-11-18 12:14:07,973][com.java.TestType] [ 8884] - <In Set values of the page>
[DEBUG][2015-11-18 12:14:07,973][com.java.TestType] [ 8889] - {Data Fields & Data Values Exist}
[INFO ][2015-11-18 12:14:07,973][com.java.TestType] [ 8895] - --------------------------setting values-----------------------------
[INFO ][2015-11-18 12:14:07,973][com.java.TestType] [ 8898] - Action Type : Select
[INFO ][2015-11-18 12:14:07,973][com.java.TestType] [ 4454] - value = PFC
[INFO ][2015-11-18 12:14:08,245][com.java.TestType] [ 8917] -  RESULT true
[INFO ][2015-11-18 12:14:08,245][com.java.TestType] [ 9034] - ?   P A S S   ?
[DEBUG][2015-11-18 12:14:08,245][com.java.TestType] [ 8840] - Concept ID:2 :: Step being Executed: 2::2
[INFO ][2015-11-18 12:14:08,245][com.java.TestType] [ 8878] - dataFields : LNKLogout
[DEBUG][2015-11-18 12:14:08,245][com.java.TestType] [ 8884] - <In Set values of the page>
[DEBUG][2015-11-18 12:14:08,245][com.java.TestType] [ 8889] - {Data Fields & Data Values Exist}
[INFO ][2015-11-18 12:14:08,245][com.java.TestType] [ 8895] - --------------------------setting values-----------------------------
[INFO ][2015-11-18 12:14:08,245][com.java.TestType] [ 8898] - Action Type : WaitTime
[DEBUG][2015-11-18 12:14:08,245][com.java.TestType] [ 4289] - sleepTime: 5000
[INFO ][2015-11-18 12:14:13,245][com.java.TestType] [ 8917] -  RESULT true
[INFO ][2015-11-18 12:14:13,245][com.java.TestType] [ 9034] - ?   P A S S   ?
[INFO ][2015-11-18 12:14:13,245][com.java.TestType] [ 9105] - Looping End......
[INFO ][2015-11-18 12:14:13,248][com.java.SeleniumDriver] [  869] -  RESULT true
[INFO ][2015-11-18 12:14:13,248][com.java.SeleniumDriver] [ 1074] - ?   P A S S   ?
[INFO ][2015-11-18 12:14:13,248][com.java.SeleniumDriver] [  796] - ------------------------------------------
[INFO ][2015-11-18 12:14:13,248][com.java.SeleniumDriver] [  797] - Test case being Executed: 1
[INFO ][2015-11-18 12:14:13,248][com.java.SeleniumDriver] [  808] - Test step:3
[INFO ][2015-11-18 12:14:13,248][com.java.SeleniumDriver] [  820] - Datavalue is----------2
[INFO ][2015-11-18 12:14:13,248][com.java.SeleniumDriver] [  844] - DataField : XPH//button[contains(text(),'Add Content')]
[INFO ][2015-11-18 12:14:13,248][com.java.SeleniumDriver] [  846] - DataValue : 2
[INFO ][2015-11-18 12:14:13,249][com.java.SeleniumDriver] [  852] - <In Set values of the page>
[INFO ][2015-11-18 12:14:13,249][com.java.SeleniumDriver] [  855] - {Data Fields & Data Values Exist}
[INFO ][2015-11-18 12:14:13,249][com.java.SeleniumDriver] [  857] - --------------------------setting values-----------------------------
[INFO ][2015-11-18 12:14:13,249][com.java.SeleniumDriver] [  860] - Action Type : WAITFORELEMENT
[INFO ][2015-11-18 12:14:13,284][com.java.SeleniumDriver] [  869] -  RESULT true
[INFO ][2015-11-18 12:14:13,284][com.java.SeleniumDriver] [ 1074] - ?   P A S S   ?
[DEBUG][2015-11-18 12:14:13,284][com.java.SeleniumDriver] [ 1176] - Case found
[DEBUG][2015-11-18 12:14:13,284][com.java.SeleniumDriver] [ 1181] - Incrementing ReportCounters[0]:1
[INFO ][2015-11-18 12:14:13,284][com.java.SeleniumDriver] [ 1200] - The results are-------------------[1, 1, Valid Login, Pass, , Wed Nov 18 12:14:07 IST 2015, 1, 2, Valid Login, Pass, , Wed Nov 18 12:14:13 IST 2015, 1, 3, Valid Login, Pass, , Wed Nov 18 12:14:13 IST 2015]
[INFO ][2015-11-18 12:14:13,284][com.java.SeleniumDriver] [ 1204] - End time is-------37 sec
[INFO ][2015-11-18 12:14:13,284][com.java.SeleniumDriver] [ 1205] - The results are-------------------[1, 1, Valid Login, Pass, , Wed Nov 18 12:14:07 IST 2015, 1, 2, Valid Login, Pass, , Wed Nov 18 12:14:13 IST 2015, 1, 3, Valid Login, Pass, , Wed Nov 18 12:14:13 IST 2015]
[DEBUG][2015-11-18 12:14:13,284][com.java.ImportnExport.ExportTestResultsExcel] [  222] - testResultPath = D:\BankersDashboard/TestReports/Test Results_BankersDashBoard_111815_121338_IE10_United Bank.xls
[DEBUG][2015-11-18 12:14:13,284][com.java.ImportnExport.ExportTestResultsExcel] [  223] - browser is------------IE10
[DEBUG][2015-11-18 12:14:13,329][com.java.ImportnExport.ExportTestResultsExcel] [  270] - result.size() = 18
[DEBUG][2015-11-18 12:14:13,329][com.java.ImportnExport.ExportTestResultsExcel] [  274] - No of rows in sheet=1
[DEBUG][2015-11-18 12:14:13,331][com.java.ImportnExport.ExportTestResultsExcel] [  301] - ..in export..1
[DEBUG][2015-11-18 12:14:13,331][com.java.ImportnExport.ExportTestResultsExcel] [  301] - ..in export..Valid Login
[DEBUG][2015-11-18 12:14:13,331][com.java.ImportnExport.ExportTestResultsExcel] [  301] - ..in export..Pass
[DEBUG][2015-11-18 12:14:13,331][com.java.ImportnExport.ExportTestResultsExcel] [  301] - ..in export..
[DEBUG][2015-11-18 12:14:13,331][com.java.ImportnExport.ExportTestResultsExcel] [  301] - ..in export..Wed Nov 18 12:14:07 IST 2015
[INFO ][2015-11-18 12:14:13,331][com.java.SeleniumDriver] [ 1263] - out loop:0 size:8 TestCases:[1, 401, 402, 403, 404, 405, 406, 407] testcases:[1, 401, 402, 403, 404, 405, 406, 407]
[INFO ][2015-11-18 12:14:13,331][com.java.ImportnExport.ImportTestDataDetailsExcel] [   49] - test data details path===== D:\BankersDashboard\TestInputs\TestData.xls
[INFO ][2015-11-18 12:15:01,565][com.java.SeleniumDriver] [  796] - ------------------------------------------
[INFO ][2015-11-18 12:15:01,565][com.java.SeleniumDriver] [  797] - Test case being Executed: 401
[INFO ][2015-11-18 12:15:01,565][com.java.SeleniumDriver] [  808] - Test step:1
[INFO ][2015-11-18 12:15:01,565][com.java.SeleniumDriver] [  820] - Datavalue is----------Logout
[INFO ][2015-11-18 12:15:01,565][com.java.SeleniumDriver] [  844] - DataField : BTN
[INFO ][2015-11-18 12:15:01,565][com.java.SeleniumDriver] [  846] - DataValue : Logout
[INFO ][2015-11-18 12:15:01,565][com.java.SeleniumDriver] [  852] - <In Set values of the page>
[INFO ][2015-11-18 12:15:01,565][com.java.SeleniumDriver] [  855] - {Data Fields & Data Values Exist}
[INFO ][2015-11-18 12:15:01,565][com.java.SeleniumDriver] [  857] - --------------------------setting values-----------------------------
[INFO ][2015-11-18 12:15:01,565][com.java.SeleniumDriver] [  860] - Action Type : Verify
[INFO ][2015-11-18 12:15:01,565][com.java.TestType] [ 5561] - field= BTN value= Logout
[INFO ][2015-11-18 12:15:01,565][com.java.TestType] [ 4454] - value = Logout
[INFO ][2015-11-18 12:15:01,598][com.java.SeleniumDriver] [  869] -  RESULT true
[INFO ][2015-11-18 12:15:01,598][com.java.SeleniumDriver] [ 1074] - ?   P A S S   ?
[INFO ][2015-11-18 12:15:01,601][com.java.SeleniumDriver] [ 1116] - step change to 3
[INFO ][2015-11-18 12:15:01,601][com.java.SeleniumDriver] [  796] - ------------------------------------------
[INFO ][2015-11-18 12:15:01,601][com.java.SeleniumDriver] [  797] - Test case being Executed: 401
[INFO ][2015-11-18 12:15:01,601][com.java.SeleniumDriver] [  808] - Test step:3
[INFO ][2015-11-18 12:15:01,601][com.java.SeleniumDriver] [  820] - Datavalue is----------Concept#2:1-2
[INFO ][2015-11-18 12:15:01,601][com.java.SeleniumDriver] [  844] - DataField : test
[INFO ][2015-11-18 12:15:01,601][com.java.SeleniumDriver] [  846] - DataValue : Concept#2:1-2
[INFO ][2015-11-18 12:15:01,601][com.java.SeleniumDriver] [  852] - <In Set values of the page>
[INFO ][2015-11-18 12:15:01,601][com.java.SeleniumDriver] [  855] - {Data Fields & Data Values Exist}
[INFO ][2015-11-18 12:15:01,601][com.java.SeleniumDriver] [  857] - --------------------------setting values-----------------------------
[INFO ][2015-11-18 12:15:01,601][com.java.SeleniumDriver] [  860] - Action Type : ExecuteTestCase
[INFO ][2015-11-18 12:15:01,601][com.java.TestType] [  423] - The Concept sheet name is ---------- Concept
[INFO ][2015-11-18 12:15:01,601][com.java.TestType] [  426] - The Concept ID  is ---------- 2
[DEBUG][2015-11-18 12:15:01,601][com.java.TestType] [  430] - Steps being executted in the Concept are: 1:2
[INFO ][2015-11-18 12:15:01,601][com.java.TestType] [  437] - Test data details path ---------- D:\BankersDashboard\TestInputs\TestData.xls
[INFO ][2015-11-18 12:15:01,631][com.java.TestType] [  468] -  str(1) = 2
[INFO ][2015-11-18 12:15:01,631][com.java.TestType] [  471] - Test case Id is---2
[INFO ][2015-11-18 12:15:01,631][com.java.TestType] [  473] - 2
[INFO ][2015-11-18 12:15:01,631][com.java.TestType] [  468] -  str(2) = 1
[INFO ][2015-11-18 12:15:01,633][com.java.TestType] [  520] - row values are--------{1=com.java.Objects.TestDataDetails@1c7fe07}
[INFO ][2015-11-18 12:15:01,633][com.java.TestType] [  468] -  str(1) = 2
[INFO ][2015-11-18 12:15:01,633][com.java.TestType] [  471] - Test case Id is---2
[INFO ][2015-11-18 12:15:01,633][com.java.TestType] [  473] - 2
[INFO ][2015-11-18 12:15:01,633][com.java.TestType] [  468] -  str(2) = 2
[INFO ][2015-11-18 12:15:01,633][com.java.TestType] [  520] - row values are--------{1=com.java.Objects.TestDataDetails@1c7fe07, 2=com.java.Objects.TestDataDetails@121b0d8}
[INFO ][2015-11-18 12:15:01,633][com.java.TestType] [  468] -  str(1) = 2
[INFO ][2015-11-18 12:15:01,633][com.java.TestType] [  471] - Test case Id is---2
[INFO ][2015-11-18 12:15:01,633][com.java.TestType] [  473] - 2
[INFO ][2015-11-18 12:15:01,633][com.java.TestType] [  468] -  str(2) = 3
[INFO ][2015-11-18 12:15:01,636][com.java.TestType] [  520] - row values are--------{1=com.java.Objects.TestDataDetails@1c7fe07, 2=com.java.Objects.TestDataDetails@121b0d8, 3=com.java.Objects.TestDataDetails@6fdd08}
[INFO ][2015-11-18 12:15:01,636][com.java.TestType] [ 8799] - Looping 1TCID = 2
[DEBUG][2015-11-18 12:15:01,636][com.java.TestType] [ 8840] - Concept ID:2 :: Step being Executed: 2::1
[INFO ][2015-11-18 12:15:01,636][com.java.TestType] [ 8878] - dataFields : BNK//select[@id='bank']
[DEBUG][2015-11-18 12:15:01,636][com.java.TestType] [ 8884] - <In Set values of the page>
[DEBUG][2015-11-18 12:15:01,636][com.java.TestType] [ 8889] - {Data Fields & Data Values Exist}
[INFO ][2015-11-18 12:15:01,636][com.java.TestType] [ 8895] - --------------------------setting values-----------------------------
[INFO ][2015-11-18 12:15:01,636][com.java.TestType] [ 8898] - Action Type : Select
[INFO ][2015-11-18 12:15:01,636][com.java.TestType] [ 4454] - value = PFC
[INFO ][2015-11-18 12:15:01,928][com.java.TestType] [ 8917] -  RESULT true
[INFO ][2015-11-18 12:15:01,928][com.java.TestType] [ 9034] - ?   P A S S   ?
[DEBUG][2015-11-18 12:15:01,928][com.java.TestType] [ 8840] - Concept ID:2 :: Step being Executed: 2::2
[INFO ][2015-11-18 12:15:01,928][com.java.TestType] [ 8878] - dataFields : LNKLogout
[DEBUG][2015-11-18 12:15:01,928][com.java.TestType] [ 8884] - <In Set values of the page>
[DEBUG][2015-11-18 12:15:01,928][com.java.TestType] [ 8889] - {Data Fields & Data Values Exist}
[INFO ][2015-11-18 12:15:01,931][com.java.TestType] [ 8895] - --------------------------setting values-----------------------------
[INFO ][2015-11-18 12:15:01,931][com.java.TestType] [ 8898] - Action Type : WaitTime
[DEBUG][2015-11-18 12:15:01,931][com.java.TestType] [ 4289] - sleepTime: 5000
[INFO ][2015-11-18 12:15:06,931][com.java.TestType] [ 8917] -  RESULT true
[INFO ][2015-11-18 12:15:06,931][com.java.TestType] [ 9034] - ?   P A S S   ?
[INFO ][2015-11-18 12:15:06,931][com.java.TestType] [ 9105] - Looping End......
[INFO ][2015-11-18 12:15:06,933][com.java.SeleniumDriver] [  869] -  RESULT true
[INFO ][2015-11-18 12:15:06,933][com.java.SeleniumDriver] [ 1074] - ?   P A S S   ?
[INFO ][2015-11-18 12:15:06,933][com.java.SeleniumDriver] [  796] - ------------------------------------------
[INFO ][2015-11-18 12:15:06,934][com.java.SeleniumDriver] [  797] - Test case being Executed: 401
[INFO ][2015-11-18 12:15:06,934][com.java.SeleniumDriver] [  808] - Test step:4
[INFO ][2015-11-18 12:15:06,934][com.java.SeleniumDriver] [  820] - Datavalue is----------3
[INFO ][2015-11-18 12:15:06,934][com.java.SeleniumDriver] [  844] - DataField : XPH//img[@id='loading']
[INFO ][2015-11-18 12:15:06,934][com.java.SeleniumDriver] [  846] - DataValue : 3
[INFO ][2015-11-18 12:15:06,934][com.java.SeleniumDriver] [  852] - <In Set values of the page>
[INFO ][2015-11-18 12:15:06,934][com.java.SeleniumDriver] [  855] - {Data Fields & Data Values Exist}
[INFO ][2015-11-18 12:15:06,934][com.java.SeleniumDriver] [  857] - --------------------------setting values-----------------------------
[INFO ][2015-11-18 12:15:06,934][com.java.SeleniumDriver] [  860] - Action Type : WaitForElement
[INFO ][2015-11-18 12:15:06,969][com.java.SeleniumDriver] [  869] -  RESULT true
[INFO ][2015-11-18 12:15:06,969][com.java.SeleniumDriver] [ 1074] - ?   P A S S   ?
[INFO ][2015-11-18 12:15:06,969][com.java.SeleniumDriver] [  796] - ------------------------------------------
[INFO ][2015-11-18 12:15:06,969][com.java.SeleniumDriver] [  797] - Test case being Executed: 401
[INFO ][2015-11-18 12:15:06,969][com.java.SeleniumDriver] [  808] - Test step:5
[INFO ][2015-11-18 12:15:06,969][com.java.SeleniumDriver] [  820] - Datavalue is----------90
[INFO ][2015-11-18 12:15:06,969][com.java.SeleniumDriver] [  844] - DataField : XPH//img[@id='loading']
[INFO ][2015-11-18 12:15:06,969][com.java.SeleniumDriver] [  846] - DataValue : 90
[INFO ][2015-11-18 12:15:06,972][com.java.SeleniumDriver] [  852] - <In Set values of the page>
[INFO ][2015-11-18 12:15:06,972][com.java.SeleniumDriver] [  855] - {Data Fields & Data Values Exist}
[INFO ][2015-11-18 12:15:06,972][com.java.SeleniumDriver] [  857] - --------------------------setting values-----------------------------
[INFO ][2015-11-18 12:15:06,972][com.java.SeleniumDriver] [  860] - Action Type : waitForElementNotPresent
[INFO ][2015-11-18 12:15:07,079][com.java.SeleniumDriver] [  869] -  RESULT true
[INFO ][2015-11-18 12:15:07,079][com.java.SeleniumDriver] [ 1074] - ?   P A S S   ?
[INFO ][2015-11-18 12:15:07,079][com.java.SeleniumDriver] [  796] - ------------------------------------------
[INFO ][2015-11-18 12:15:07,079][com.java.SeleniumDriver] [  797] - Test case being Executed: 401
[INFO ][2015-11-18 12:15:07,079][com.java.SeleniumDriver] [  808] - Test step:6
[INFO ][2015-11-18 12:15:07,079][com.java.SeleniumDriver] [  820] - Datavalue is----------null
[DEBUG][2015-11-18 12:15:07,079][com.java.SeleniumDriver] [  838] - Exception: null
[INFO ][2015-11-18 12:15:07,079][com.java.SeleniumDriver] [  844] - DataField : //span[@class='icon-coin']&&//ul[@id='GL']/li[4]/a&&//a[@data-id='MACompare']
[INFO ][2015-11-18 12:15:07,079][com.java.SeleniumDriver] [  846] - DataValue : 
[INFO ][2015-11-18 12:15:07,079][com.java.SeleniumDriver] [  852] - <In Set values of the page>
[INFO ][2015-11-18 12:15:07,079][com.java.SeleniumDriver] [  855] - {Data Fields & Data Values Exist}
[INFO ][2015-11-18 12:15:07,079][com.java.SeleniumDriver] [  857] - --------------------------setting values-----------------------------
[INFO ][2015-11-18 12:15:07,079][com.java.SeleniumDriver] [  860] - Action Type : MOUSEOVER
[INFO ][2015-11-18 12:15:39,232][com.java.SeleniumDriver] [  869] -  RESULT true
[INFO ][2015-11-18 12:15:39,232][com.java.SeleniumDriver] [ 1074] - ?   P A S S   ?
[INFO ][2015-11-18 12:15:39,232][com.java.SeleniumDriver] [  796] - ------------------------------------------
[INFO ][2015-11-18 12:15:39,232][com.java.SeleniumDriver] [  797] - Test case being Executed: 401
[INFO ][2015-11-18 12:15:39,232][com.java.SeleniumDriver] [  808] - Test step:7
[INFO ][2015-11-18 12:15:39,232][com.java.SeleniumDriver] [  820] - Datavalue is----------3
[INFO ][2015-11-18 12:15:39,232][com.java.SeleniumDriver] [  844] - DataField : XPH//img[@id='loading']
[INFO ][2015-11-18 12:15:39,232][com.java.SeleniumDriver] [  846] - DataValue : 3
[INFO ][2015-11-18 12:15:39,232][com.java.SeleniumDriver] [  852] - <In Set values of the page>
[INFO ][2015-11-18 12:15:39,232][com.java.SeleniumDriver] [  855] - {Data Fields & Data Values Exist}
[INFO ][2015-11-18 12:15:39,232][com.java.SeleniumDriver] [  857] - --------------------------setting values-----------------------------
[INFO ][2015-11-18 12:15:39,232][com.java.SeleniumDriver] [  860] - Action Type : WaitForElement
[INFO ][2015-11-18 12:15:39,266][com.java.SeleniumDriver] [  869] -  RESULT true
[INFO ][2015-11-18 12:15:39,266][com.java.SeleniumDriver] [ 1074] - ?   P A S S   ?
[INFO ][2015-11-18 12:15:39,266][com.java.SeleniumDriver] [  796] - ------------------------------------------
[INFO ][2015-11-18 12:15:39,266][com.java.SeleniumDriver] [  797] - Test case being Executed: 401
[INFO ][2015-11-18 12:15:39,266][com.java.SeleniumDriver] [  808] - Test step:8
[INFO ][2015-11-18 12:15:39,266][com.java.SeleniumDriver] [  820] - Datavalue is----------90
[INFO ][2015-11-18 12:15:39,266][com.java.SeleniumDriver] [  844] - DataField : XPH//img[@id='loading']
[INFO ][2015-11-18 12:15:39,266][com.java.SeleniumDriver] [  846] - DataValue : 90
[INFO ][2015-11-18 12:15:39,266][com.java.SeleniumDriver] [  852] - <In Set values of the page>
[INFO ][2015-11-18 12:15:39,266][com.java.SeleniumDriver] [  855] - {Data Fields & Data Values Exist}
[INFO ][2015-11-18 12:15:39,266][com.java.SeleniumDriver] [  857] - --------------------------setting values-----------------------------
[INFO ][2015-11-18 12:15:39,266][com.java.SeleniumDriver] [  860] - Action Type : waitForElementNotPresent
[INFO ][2015-11-18 12:15:39,373][com.java.SeleniumDriver] [  869] -  RESULT true
[INFO ][2015-11-18 12:15:39,373][com.java.SeleniumDriver] [ 1074] - ?   P A S S   ?
[INFO ][2015-11-18 12:15:39,373][com.java.SeleniumDriver] [  796] - ------------------------------------------
[INFO ][2015-11-18 12:15:39,373][com.java.SeleniumDriver] [  797] - Test case being Executed: 401
[INFO ][2015-11-18 12:15:39,373][com.java.SeleniumDriver] [  808] - Test step:9
[INFO ][2015-11-18 12:15:39,373][com.java.SeleniumDriver] [  820] - Datavalue is----------Margin Analysis Compare
[INFO ][2015-11-18 12:15:39,373][com.java.SeleniumDriver] [  844] - DataField : XPH//span[@class='ui-dialog-title']
[INFO ][2015-11-18 12:15:39,373][com.java.SeleniumDriver] [  846] - DataValue : Margin Analysis Compare
[INFO ][2015-11-18 12:15:39,373][com.java.SeleniumDriver] [  852] - <In Set values of the page>
[INFO ][2015-11-18 12:15:39,373][com.java.SeleniumDriver] [  855] - {Data Fields & Data Values Exist}
[INFO ][2015-11-18 12:15:39,373][com.java.SeleniumDriver] [  857] - --------------------------setting values-----------------------------
[INFO ][2015-11-18 12:15:39,373][com.java.SeleniumDriver] [  860] - Action Type : Verify
[INFO ][2015-11-18 12:15:39,373][com.java.TestType] [ 5561] - field= XPH//span[@class='ui-dialog-title'] value= Margin Analysis Compare
[INFO ][2015-11-18 12:15:39,376][com.java.TestType] [ 4454] - value = Margin Analysis Compare
[INFO ][2015-11-18 12:15:39,503][com.java.SeleniumDriver] [  869] -  RESULT true
[INFO ][2015-11-18 12:15:39,503][com.java.SeleniumDriver] [ 1074] - ?   P A S S   ?
[INFO ][2015-11-18 12:15:39,503][com.java.SeleniumDriver] [  796] - ------------------------------------------
[INFO ][2015-11-18 12:15:39,503][com.java.SeleniumDriver] [  797] - Test case being Executed: 401
[INFO ][2015-11-18 12:15:39,503][com.java.SeleniumDriver] [  808] - Test step:10
[INFO ][2015-11-18 12:15:39,503][com.java.SeleniumDriver] [  820] - Datavalue is----------null
[DEBUG][2015-11-18 12:15:39,503][com.java.SeleniumDriver] [  838] - Exception: null
[INFO ][2015-11-18 12:15:39,503][com.java.SeleniumDriver] [  844] - DataField : BTNframeDialogContent
[INFO ][2015-11-18 12:15:39,503][com.java.SeleniumDriver] [  846] - DataValue : 
[INFO ][2015-11-18 12:15:39,503][com.java.SeleniumDriver] [  852] - <In Set values of the page>
[INFO ][2015-11-18 12:15:39,503][com.java.SeleniumDriver] [  855] - {Data Fields & Data Values Exist}
[INFO ][2015-11-18 12:15:39,503][com.java.SeleniumDriver] [  857] - --------------------------setting values-----------------------------
[INFO ][2015-11-18 12:15:39,503][com.java.SeleniumDriver] [  860] - Action Type : SELECTFRAME
[INFO ][2015-11-18 12:15:40,732][com.java.SeleniumDriver] [  869] -  RESULT true
[INFO ][2015-11-18 12:15:40,732][com.java.SeleniumDriver] [ 1074] - ?   P A S S   ?
[INFO ][2015-11-18 12:15:40,732][com.java.SeleniumDriver] [  796] - ------------------------------------------
[INFO ][2015-11-18 12:15:40,734][com.java.SeleniumDriver] [  797] - Test case being Executed: 401
[INFO ][2015-11-18 12:15:40,734][com.java.SeleniumDriver] [  808] - Test step:11
[INFO ][2015-11-18 12:15:40,734][com.java.SeleniumDriver] [  820] - Datavalue is----------FEW:Administration|East Region|North Region|South Region|West Region
[INFO ][2015-11-18 12:15:40,734][com.java.SeleniumDriver] [  844] - DataField : SLBddlProfitCenter
[INFO ][2015-11-18 12:15:40,734][com.java.SeleniumDriver] [  846] - DataValue : FEW:Administration|East Region|North Region|South Region|West Region
[INFO ][2015-11-18 12:15:40,734][com.java.SeleniumDriver] [  852] - <In Set values of the page>
[INFO ][2015-11-18 12:15:40,734][com.java.SeleniumDriver] [  855] - {Data Fields & Data Values Exist}
[INFO ][2015-11-18 12:15:40,734][com.java.SeleniumDriver] [  857] - --------------------------setting values-----------------------------
[INFO ][2015-11-18 12:15:40,734][com.java.SeleniumDriver] [  860] - Action Type : Verify
[INFO ][2015-11-18 12:15:40,734][com.java.TestType] [ 5561] - field= SLBddlProfitCenter value= FEW:Administration|East Region|North Region|South Region|West Region
[INFO ][2015-11-18 12:15:40,734][com.java.TestType] [ 4454] - value = FEW:Administration|East Region|North Region|South Region|West Region
[INFO ][2015-11-18 12:15:48,550][com.java.TestType] [ 6092] - A Size: 5 size: 86
[INFO ][2015-11-18 12:15:48,553][com.java.SeleniumDriver] [  869] -  RESULT false
[INFO ][2015-11-18 12:15:48,553][com.java.SeleniumDriver] [  916] - ?   F A I L   ?
[INFO ][2015-11-18 12:15:48,553][com.java.SeleniumDriver] [  924] - Browser Type : IE10
[INFO ][2015-11-18 12:15:48,553][com.java.SeleniumDriver] [  925] - Adding Failed case401
[INFO ][2015-11-18 12:15:49,329][com.java.SeleniumDriver] [ 1038] - failedCases = 401
[ERROR][2015-11-18 12:15:49,329][com.java.SeleniumDriver] [ 1525] - Platform Errors : Our apologies...::We have encountered an issue with your request.::Our apologies?:We encountered an issue with your request.
[INFO ][2015-11-18 12:15:49,329][com.java.SeleniumDriver] [ 1529] - Length =3
[ERROR][2015-11-18 12:15:49,329][com.java.SeleniumDriver] [ 1532] - Error 0 = Our apologies...
[ERROR][2015-11-18 12:15:49,356][com.java.SeleniumDriver] [ 1532] - Error 1 = We have encountered an issue with your request.
[ERROR][2015-11-18 12:15:49,374][com.java.SeleniumDriver] [ 1532] - Error 2 = Our apologies?:We encountered an issue with your request.
[DEBUG][2015-11-18 12:15:49,411][com.java.SeleniumDriver] [ 1176] - Case found
[DEBUG][2015-11-18 12:15:49,411][com.java.SeleniumDriver] [ 1181] - Incrementing ReportCounters[0]:2
[INFO ][2015-11-18 12:15:49,411][com.java.SeleniumDriver] [ 1200] - The results are-------------------[401, 11, GL > Margin Analysis > Margin Analysis Compare : Consolidated Level, Fail, 
Test case failed at Step No. :: 11. Screen Shot : D:\BankersDashboard\TestReports\111815\401_111815_121548_IE10.png, Wed Nov 18 12:15:49 IST 2015]
[INFO ][2015-11-18 12:15:49,411][com.java.SeleniumDriver] [ 1204] - End time is-------2 min 13 sec
[INFO ][2015-11-18 12:15:49,411][com.java.SeleniumDriver] [ 1205] - The results are-------------------[401, 11, GL > Margin Analysis > Margin Analysis Compare : Consolidated Level, Fail, 
Test case failed at Step No. :: 11. Screen Shot : D:\BankersDashboard\TestReports\111815\401_111815_121548_IE10.png, Wed Nov 18 12:15:49 IST 2015]
[DEBUG][2015-11-18 12:15:49,411][com.java.ImportnExport.ExportTestResultsExcel] [  222] - testResultPath = D:\BankersDashboard/TestReports/Test Results_BankersDashBoard_111815_121338_IE10_United Bank.xls
[DEBUG][2015-11-18 12:15:49,411][com.java.ImportnExport.ExportTestResultsExcel] [  223] - browser is------------IE10
[DEBUG][2015-11-18 12:15:49,414][com.java.ImportnExport.ExportTestResultsExcel] [  270] - result.size() = 6
[DEBUG][2015-11-18 12:15:49,414][com.java.ImportnExport.ExportTestResultsExcel] [  274] - No of rows in sheet=2
[DEBUG][2015-11-18 12:15:49,414][com.java.ImportnExport.ExportTestResultsExcel] [  301] - ..in export..401
[DEBUG][2015-11-18 12:15:49,414][com.java.ImportnExport.ExportTestResultsExcel] [  301] - ..in export..GL > Margin Analysis > Margin Analysis Compare : Consolidated Level
[DEBUG][2015-11-18 12:15:49,414][com.java.ImportnExport.ExportTestResultsExcel] [  301] - ..in export..Fail
[DEBUG][2015-11-18 12:15:49,414][com.java.ImportnExport.ExportTestResultsExcel] [  301] - ..in export..
Test case failed at Step No. :: 11. Screen Shot : D:\BankersDashboard\TestReports\111815\401_111815_121548_IE10.png
[DEBUG][2015-11-18 12:15:49,414][com.java.ImportnExport.ExportTestResultsExcel] [  301] - ..in export..Wed Nov 18 12:15:49 IST 2015
[INFO ][2015-11-18 12:15:49,416][com.java.SeleniumDriver] [ 1263] - out loop:1 size:8 TestCases:[1, 401, 402, 403, 404, 405, 406, 407] testcases:[1, 401, 402, 403, 404, 405, 406, 407]
[INFO ][2015-11-18 12:15:49,416][com.java.ImportnExport.ImportTestDataDetailsExcel] [   49] - test data details path===== D:\BankersDashboard\TestInputs\TestData.xls
[INFO ][2015-11-18 12:16:18,757][com.java.SeleniumDriver] [  796] - ------------------------------------------
[INFO ][2015-11-18 12:16:18,757][com.java.SeleniumDriver] [  797] - Test case being Executed: 402
[INFO ][2015-11-18 12:16:18,757][com.java.SeleniumDriver] [  808] - Test step:1
[INFO ][2015-11-18 12:16:18,757][com.java.SeleniumDriver] [  820] - Datavalue is----------Logout
[INFO ][2015-11-18 12:16:18,757][com.java.SeleniumDriver] [  844] - DataField : BTN
[INFO ][2015-11-18 12:16:18,757][com.java.SeleniumDriver] [  846] - DataValue : Logout
[INFO ][2015-11-18 12:16:18,757][com.java.SeleniumDriver] [  852] - <In Set values of the page>
[INFO ][2015-11-18 12:16:18,757][com.java.SeleniumDriver] [  855] - {Data Fields & Data Values Exist}
[INFO ][2015-11-18 12:16:18,757][com.java.SeleniumDriver] [  857] - --------------------------setting values-----------------------------
[INFO ][2015-11-18 12:16:18,757][com.java.SeleniumDriver] [  860] - Action Type : Verify
[INFO ][2015-11-18 12:16:18,757][com.java.TestType] [ 5561] - field= BTN value= Logout
[INFO ][2015-11-18 12:16:18,757][com.java.TestType] [ 4454] - value = Logout
[INFO ][2015-11-18 12:16:18,794][com.java.SeleniumDriver] [  869] -  RESULT true
[INFO ][2015-11-18 12:16:18,794][com.java.SeleniumDriver] [ 1074] - ?   P A S S   ?
[INFO ][2015-11-18 12:16:18,794][com.java.SeleniumDriver] [ 1116] - step change to 3
[INFO ][2015-11-18 12:16:18,794][com.java.SeleniumDriver] [  796] - ------------------------------------------
[INFO ][2015-11-18 12:16:18,794][com.java.SeleniumDriver] [  797] - Test case being Executed: 402
[INFO ][2015-11-18 12:16:18,794][com.java.SeleniumDriver] [  808] - Test step:3
[INFO ][2015-11-18 12:16:18,794][com.java.SeleniumDriver] [  820] - Datavalue is----------Concept#2:1-2
[INFO ][2015-11-18 12:16:18,794][com.java.SeleniumDriver] [  844] - DataField : test 
[INFO ][2015-11-18 12:16:18,794][com.java.SeleniumDriver] [  846] - DataValue : Concept#2:1-2
[INFO ][2015-11-18 12:16:18,794][com.java.SeleniumDriver] [  852] - <In Set values of the page>
[INFO ][2015-11-18 12:16:18,794][com.java.SeleniumDriver] [  855] - {Data Fields & Data Values Exist}
[INFO ][2015-11-18 12:16:18,794][com.java.SeleniumDriver] [  857] - --------------------------setting values-----------------------------
[INFO ][2015-11-18 12:16:18,794][com.java.SeleniumDriver] [  860] - Action Type : Executetest Case
[DEBUG][2015-11-18 12:16:18,794][com.java.TestType] [  822] - Unable to perform actiontest 
[ERROR][2015-11-18 12:16:18,797][com.java.TestType] [  823] - Exception: No enum constant com.java.TestType.ActionTypes.EXECUTETEST CASE
[INFO ][2015-11-18 12:16:18,797][com.java.SeleniumDriver] [  869] -  RESULT false
[INFO ][2015-11-18 12:16:18,797][com.java.SeleniumDriver] [  916] - ?   F A I L   ?
[INFO ][2015-11-18 12:16:18,797][com.java.SeleniumDriver] [  924] - Browser Type : IE10
[INFO ][2015-11-18 12:16:18,797][com.java.SeleniumDriver] [  925] - Adding Failed case402
[INFO ][2015-11-18 12:16:19,539][com.java.SeleniumDriver] [ 1038] - failedCases = 401-402
[ERROR][2015-11-18 12:16:19,539][com.java.SeleniumDriver] [ 1525] - Platform Errors : Our apologies...::We have encountered an issue with your request.::Our apologies?:We encountered an issue with your request.
[INFO ][2015-11-18 12:16:19,539][com.java.SeleniumDriver] [ 1529] - Length =3
[ERROR][2015-11-18 12:16:19,539][com.java.SeleniumDriver] [ 1532] - Error 0 = Our apologies...
[ERROR][2015-11-18 12:16:19,592][com.java.SeleniumDriver] [ 1532] - Error 1 = We have encountered an issue with your request.
[ERROR][2015-11-18 12:16:19,627][com.java.SeleniumDriver] [ 1532] - Error 2 = Our apologies?:We encountered an issue with your request.
[DEBUG][2015-11-18 12:16:19,682][com.java.SeleniumDriver] [ 1176] - Case found
[DEBUG][2015-11-18 12:16:19,682][com.java.SeleniumDriver] [ 1181] - Incrementing ReportCounters[0]:3
[INFO ][2015-11-18 12:16:19,682][com.java.SeleniumDriver] [ 1200] - The results are-------------------[402, 3, Valid Login, Fail, 
Test case failed at Step No. :: 3   Error Message ::  No enum constant com.java.TestType.ActionTypes.EXECUTETEST CASE. Screen Shot : D:\BankersDashboard\TestReports\111815\402_111815_121618_IE10.png, Wed Nov 18 12:16:19 IST 2015]
[INFO ][2015-11-18 12:16:19,682][com.java.SeleniumDriver] [ 1204] - End time is-------2 min 43 sec
[INFO ][2015-11-18 12:16:19,682][com.java.SeleniumDriver] [ 1205] - The results are-------------------[402, 3, Valid Login, Fail, 
Test case failed at Step No. :: 3   Error Message ::  No enum constant com.java.TestType.ActionTypes.EXECUTETEST CASE. Screen Shot : D:\BankersDashboard\TestReports\111815\402_111815_121618_IE10.png, Wed Nov 18 12:16:19 IST 2015]
[DEBUG][2015-11-18 12:16:19,682][com.java.ImportnExport.ExportTestResultsExcel] [  222] - testResultPath = D:\BankersDashboard/TestReports/Test Results_BankersDashBoard_111815_121338_IE10_United Bank.xls
[DEBUG][2015-11-18 12:16:19,682][com.java.ImportnExport.ExportTestResultsExcel] [  223] - browser is------------IE10
[DEBUG][2015-11-18 12:16:19,684][com.java.ImportnExport.ExportTestResultsExcel] [  270] - result.size() = 6
[DEBUG][2015-11-18 12:16:19,684][com.java.ImportnExport.ExportTestResultsExcel] [  274] - No of rows in sheet=3
[DEBUG][2015-11-18 12:16:19,684][com.java.ImportnExport.ExportTestResultsExcel] [  301] - ..in export..402
[DEBUG][2015-11-18 12:16:19,684][com.java.ImportnExport.ExportTestResultsExcel] [  301] - ..in export..Valid Login
[DEBUG][2015-11-18 12:16:19,684][com.java.ImportnExport.ExportTestResultsExcel] [  301] - ..in export..Fail
[DEBUG][2015-11-18 12:16:19,684][com.java.ImportnExport.ExportTestResultsExcel] [  301] - ..in export..
Test case failed at Step No. :: 3   Error Message ::  No enum constant com.java.TestType.ActionTypes.EXECUTETEST CASE. Screen Shot : D:\BankersDashboard\TestReports\111815\402_111815_121618_IE10.png
[DEBUG][2015-11-18 12:16:19,684][com.java.ImportnExport.ExportTestResultsExcel] [  301] - ..in export..Wed Nov 18 12:16:19 IST 2015
[INFO ][2015-11-18 12:16:19,687][com.java.SeleniumDriver] [ 1263] - out loop:2 size:8 TestCases:[1, 401, 402, 403, 404, 405, 406, 407] testcases:[1, 401, 402, 403, 404, 405, 406, 407]
[INFO ][2015-11-18 12:16:19,687][com.java.ImportnExport.ImportTestDataDetailsExcel] [   49] - test data details path===== D:\BankersDashboard\TestInputs\TestData.xls
[INFO ][2015-11-18 12:16:45,518][com.java.SeleniumDriver] [  796] - ------------------------------------------
[INFO ][2015-11-18 12:16:45,518][com.java.SeleniumDriver] [  797] - Test case being Executed: 403
[INFO ][2015-11-18 12:16:45,518][com.java.SeleniumDriver] [  808] - Test step:1
[INFO ][2015-11-18 12:16:45,518][com.java.SeleniumDriver] [  820] - Datavalue is----------Logout
[INFO ][2015-11-18 12:16:45,518][com.java.SeleniumDriver] [  844] - DataField : BTN
[INFO ][2015-11-18 12:16:45,518][com.java.SeleniumDriver] [  846] - DataValue : Logout
[INFO ][2015-11-18 12:16:45,518][com.java.SeleniumDriver] [  852] - <In Set values of the page>
[INFO ][2015-11-18 12:16:45,518][com.java.SeleniumDriver] [  855] - {Data Fields & Data Values Exist}
[INFO ][2015-11-18 12:16:45,518][com.java.SeleniumDriver] [  857] - --------------------------setting values-----------------------------
[INFO ][2015-11-18 12:16:45,518][com.java.SeleniumDriver] [  860] - Action Type : Verify
[INFO ][2015-11-18 12:16:45,518][com.java.TestType] [ 5561] - field= BTN value= Logout
[INFO ][2015-11-18 12:16:45,518][com.java.TestType] [ 4454] - value = Logout
[INFO ][2015-11-18 12:16:45,551][com.java.SeleniumDriver] [  869] -  RESULT true
[INFO ][2015-11-18 12:16:45,551][com.java.SeleniumDriver] [ 1074] - ?   P A S S   ?
[INFO ][2015-11-18 12:16:45,551][com.java.SeleniumDriver] [ 1116] - step change to 3
[INFO ][2015-11-18 12:16:45,551][com.java.SeleniumDriver] [  796] - ------------------------------------------
[INFO ][2015-11-18 12:16:45,551][com.java.SeleniumDriver] [  797] - Test case being Executed: 403
[INFO ][2015-11-18 12:16:45,551][com.java.SeleniumDriver] [  808] - Test step:3
[INFO ][2015-11-18 12:16:45,551][com.java.SeleniumDriver] [  820] - Datavalue is----------Concept#2:1-2
[INFO ][2015-11-18 12:16:45,551][com.java.SeleniumDriver] [  844] - DataField : test 
[INFO ][2015-11-18 12:16:45,551][com.java.SeleniumDriver] [  846] - DataValue : Concept#2:1-2
[INFO ][2015-11-18 12:16:45,551][com.java.SeleniumDriver] [  852] - <In Set values of the page>
[INFO ][2015-11-18 12:16:45,551][com.java.SeleniumDriver] [  855] - {Data Fields & Data Values Exist}
[INFO ][2015-11-18 12:16:45,551][com.java.SeleniumDriver] [  857] - --------------------------setting values-----------------------------
[INFO ][2015-11-18 12:16:45,554][com.java.SeleniumDriver] [  860] - Action Type : Executetest Case
[DEBUG][2015-11-18 12:16:45,554][com.java.TestType] [  822] - Unable to perform actiontest 
[ERROR][2015-11-18 12:16:45,554][com.java.TestType] [  823] - Exception: No enum constant com.java.TestType.ActionTypes.EXECUTETEST CASE
[INFO ][2015-11-18 12:16:45,554][com.java.SeleniumDriver] [  869] -  RESULT false
[INFO ][2015-11-18 12:16:45,554][com.java.SeleniumDriver] [  916] - ?   F A I L   ?
[INFO ][2015-11-18 12:16:45,554][com.java.SeleniumDriver] [  924] - Browser Type : IE10
[INFO ][2015-11-18 12:16:45,554][com.java.SeleniumDriver] [  925] - Adding Failed case403
[INFO ][2015-11-18 12:16:46,191][com.java.SeleniumDriver] [ 1038] - failedCases = 401-403
[ERROR][2015-11-18 12:16:46,191][com.java.SeleniumDriver] [ 1525] - Platform Errors : Our apologies...::We have encountered an issue with your request.::Our apologies?:We encountered an issue with your request.
[INFO ][2015-11-18 12:16:46,191][com.java.SeleniumDriver] [ 1529] - Length =3
[ERROR][2015-11-18 12:16:46,191][com.java.SeleniumDriver] [ 1532] - Error 0 = Our apologies...
[ERROR][2015-11-18 12:16:46,231][com.java.SeleniumDriver] [ 1532] - Error 1 = We have encountered an issue with your request.
[ERROR][2015-11-18 12:16:46,261][com.java.SeleniumDriver] [ 1532] - Error 2 = Our apologies?:We encountered an issue with your request.
[DEBUG][2015-11-18 12:16:46,301][com.java.SeleniumDriver] [ 1176] - Case found
[DEBUG][2015-11-18 12:16:46,301][com.java.SeleniumDriver] [ 1181] - Incrementing ReportCounters[0]:4
[INFO ][2015-11-18 12:16:46,301][com.java.SeleniumDriver] [ 1200] - The results are-------------------[403, 3, Valid Login, Fail, 
Test case failed at Step No. :: 3   Error Message ::  No enum constant com.java.TestType.ActionTypes.EXECUTETEST CASE. Screen Shot : D:\BankersDashboard\TestReports\111815\403_111815_121645_IE10.png, Wed Nov 18 12:16:46 IST 2015]
[INFO ][2015-11-18 12:16:46,301][com.java.SeleniumDriver] [ 1204] - End time is-------3 min 10 sec
[INFO ][2015-11-18 12:16:46,301][com.java.SeleniumDriver] [ 1205] - The results are-------------------[403, 3, Valid Login, Fail, 
Test case failed at Step No. :: 3   Error Message ::  No enum constant com.java.TestType.ActionTypes.EXECUTETEST CASE. Screen Shot : D:\BankersDashboard\TestReports\111815\403_111815_121645_IE10.png, Wed Nov 18 12:16:46 IST 2015]
[DEBUG][2015-11-18 12:16:46,301][com.java.ImportnExport.ExportTestResultsExcel] [  222] - testResultPath = D:\BankersDashboard/TestReports/Test Results_BankersDashBoard_111815_121338_IE10_United Bank.xls
[DEBUG][2015-11-18 12:16:46,301][com.java.ImportnExport.ExportTestResultsExcel] [  223] - browser is------------IE10
[DEBUG][2015-11-18 12:16:46,304][com.java.ImportnExport.ExportTestResultsExcel] [  270] - result.size() = 6
[DEBUG][2015-11-18 12:16:46,304][com.java.ImportnExport.ExportTestResultsExcel] [  274] - No of rows in sheet=4
[DEBUG][2015-11-18 12:16:46,304][com.java.ImportnExport.ExportTestResultsExcel] [  301] - ..in export..403
[DEBUG][2015-11-18 12:16:46,304][com.java.ImportnExport.ExportTestResultsExcel] [  301] - ..in export..Valid Login
[DEBUG][2015-11-18 12:16:46,304][com.java.ImportnExport.ExportTestResultsExcel] [  301] - ..in export..Fail
[DEBUG][2015-11-18 12:16:46,304][com.java.ImportnExport.ExportTestResultsExcel] [  301] - ..in export..
Test case failed at Step No. :: 3   Error Message ::  No enum constant com.java.TestType.ActionTypes.EXECUTETEST CASE. Screen Shot : D:\BankersDashboard\TestReports\111815\403_111815_121645_IE10.png
[DEBUG][2015-11-18 12:16:46,304][com.java.ImportnExport.ExportTestResultsExcel] [  301] - ..in export..Wed Nov 18 12:16:46 IST 2015
[INFO ][2015-11-18 12:16:46,306][com.java.SeleniumDriver] [ 1263] - out loop:3 size:8 TestCases:[1, 401, 402, 403, 404, 405, 406, 407] testcases:[1, 401, 402, 403, 404, 405, 406, 407]
[INFO ][2015-11-18 12:16:46,306][com.java.ImportnExport.ImportTestDataDetailsExcel] [   49] - test data details path===== D:\BankersDashboard\TestInputs\TestData.xls
