[INFO ][2015-10-29 20:30:35,590][com.java.SeleniumDriver] [  213] - Execute Failed Casesfalse
[INFO ][2015-10-29 20:30:35,600][com.java.SeleniumDriver] [  214] - Browser: IE11
[INFO ][2015-10-29 20:30:35,600][com.java.SeleniumDriver] [  215] - [1, 4]
[INFO ][2015-10-29 20:30:35,600][com.java.SeleniumDriver] [  216] - Total TestCases:2
[INFO ][2015-10-29 20:30:35,600][com.java.SeleniumDriver] [  217] -  Reading Properties from Property File 
[DEBUG][2015-10-29 20:30:35,600][com.java.SeleniumDriver] [  238] - url : https://clients-xuat.bankersdashboard.com
[INFO ][2015-10-29 20:30:35,600][com.java.ImportnExport.ExportTestResultsExcel] [  116] - Time Stamp Thu Oct 29 08:30:35 IST 2015
[INFO ][2015-10-29 20:30:35,600][com.java.ImportnExport.ExportTestResultsExcel] [  175] - OUT FILE : D:\BankersDashboard/TestReports/Test Results_BankersDashBoard_102915_203035_IE11_Any Bank USA.xls
[INFO ][2015-10-29 20:30:35,621][com.java.ImportnExport.ExportTestResultsExcel] [  180] - Test Result file is created
[DEBUG][2015-10-29 20:30:35,721][com.java.SeleniumDriver] [  425] - Hub ip address is-------172.17.68.34
[INFO ][2015-10-29 20:30:35,731][com.java.SeleniumDriver] [  451] - Grid URL:http://172.17.68.34:4444/wd/hub
[INFO ][2015-10-29 20:30:35,731][com.java.SeleniumDriver] [  452] - Capability:Capabilities [{platform=ANY, ensureCleanSession=true, ignoreProtectedModeSettings=true, acceptSslCerts=true, ignoreZoomSetting=true, browserName=internet explorer, browserstack.ie.noFlash=true, version=Node1}]
[ERROR][2015-10-29 20:30:37,021][com.java.SeleniumDriver] [  496] - Unable invoke browser in grid:Could not start a new session. Possible causes are invalid address of the remote server or browser start-up failure.
Build info: version: '2.48.2', revision: '41bccdd', time: '2015-10-09 19:59:12'
System info: host: 'FVTIII438F1D', ip: '172.17.68.34', os.name: 'Windows 7', os.arch: 'x86', os.version: '6.1', java.version: '1.7.0_55'
Driver info: driver.version: SeleniumDriver
[INFO ][2015-10-29 20:30:37,021][com.java.SeleniumDriver] [  498] - Executing on local machine
[INFO ][2015-10-29 20:30:46,184][com.java.SeleniumDriver] [  248] - IE11is opened
[INFO ][2015-10-29 20:30:46,828][com.java.SeleniumDriver] [  752] - Test cases to be executed are: [1, 4]
[INFO ][2015-10-29 20:30:46,828][com.java.ImportnExport.ImportTestDataDetailsExcel] [   49] - test data details path===== D:\BankersDashboard\TestInputs\TestData.xls
[INFO ][2015-10-29 20:30:57,799][com.java.SeleniumDriver] [  788] - ------------------------------------------
[INFO ][2015-10-29 20:30:57,799][com.java.SeleniumDriver] [  789] - Test case being Executed: 1
[INFO ][2015-10-29 20:30:57,800][com.java.SeleniumDriver] [  800] - Test step:1
[INFO ][2015-10-29 20:30:57,800][com.java.SeleniumDriver] [  812] - Datavalue is----------Concept#1:1-14
[INFO ][2015-10-29 20:30:57,800][com.java.SeleniumDriver] [  836] - DataField : test
[INFO ][2015-10-29 20:30:57,800][com.java.SeleniumDriver] [  838] - DataValue : Concept#1:1-14
[INFO ][2015-10-29 20:30:57,800][com.java.SeleniumDriver] [  844] - <In Set values of the page>
[INFO ][2015-10-29 20:30:57,800][com.java.SeleniumDriver] [  847] - {Data Fields & Data Values Exist}
[INFO ][2015-10-29 20:30:57,800][com.java.SeleniumDriver] [  849] - --------------------------setting values-----------------------------
[INFO ][2015-10-29 20:30:57,800][com.java.SeleniumDriver] [  852] - Action Type : ExecuteTestCase
[INFO ][2015-10-29 20:30:57,830][com.java.TestType] [  353] - The Concept sheet name is ---------- Concept
[INFO ][2015-10-29 20:30:57,830][com.java.TestType] [  355] - The Concept ID  is ---------- 1
[DEBUG][2015-10-29 20:30:57,830][com.java.TestType] [  357] - Steps being executted in the Concept are: 1:14
[INFO ][2015-10-29 20:30:57,830][com.java.TestType] [  361] - Test data details path ---------- D:\BankersDashboard\TestInputs\TestData.xls
[INFO ][2015-10-29 20:30:57,860][com.java.TestType] [  385] -  str(1) = 1
[INFO ][2015-10-29 20:30:57,860][com.java.TestType] [  388] - Test case Id is---1
[INFO ][2015-10-29 20:30:57,860][com.java.TestType] [  390] - 1
[INFO ][2015-10-29 20:30:57,860][com.java.TestType] [  385] -  str(2) = 1
[INFO ][2015-10-29 20:30:57,860][com.java.TestType] [  435] - row values are--------{1=com.java.Objects.TestDataDetails@19de6c}
[INFO ][2015-10-29 20:30:57,860][com.java.TestType] [  385] -  str(1) = 1
[INFO ][2015-10-29 20:30:57,860][com.java.TestType] [  388] - Test case Id is---1
[INFO ][2015-10-29 20:30:57,860][com.java.TestType] [  390] - 1
[INFO ][2015-10-29 20:30:57,860][com.java.TestType] [  385] -  str(2) = 2
[INFO ][2015-10-29 20:30:57,870][com.java.TestType] [  435] - row values are--------{1=com.java.Objects.TestDataDetails@19de6c, 2=com.java.Objects.TestDataDetails@168e0e7}
[INFO ][2015-10-29 20:30:57,870][com.java.TestType] [  385] -  str(1) = 1
[INFO ][2015-10-29 20:30:57,870][com.java.TestType] [  388] - Test case Id is---1
[INFO ][2015-10-29 20:30:57,870][com.java.TestType] [  390] - 1
[INFO ][2015-10-29 20:30:57,870][com.java.TestType] [  385] -  str(2) = 3
[INFO ][2015-10-29 20:30:57,870][com.java.TestType] [  435] - row values are--------{1=com.java.Objects.TestDataDetails@19de6c, 2=com.java.Objects.TestDataDetails@168e0e7, 3=com.java.Objects.TestDataDetails@c42e5a}
[INFO ][2015-10-29 20:30:57,870][com.java.TestType] [  385] -  str(1) = 1
[INFO ][2015-10-29 20:30:57,870][com.java.TestType] [  388] - Test case Id is---1
[INFO ][2015-10-29 20:30:57,870][com.java.TestType] [  390] - 1
[INFO ][2015-10-29 20:30:57,870][com.java.TestType] [  385] -  str(2) = 4
[INFO ][2015-10-29 20:30:57,870][com.java.TestType] [  435] - row values are--------{1=com.java.Objects.TestDataDetails@19de6c, 2=com.java.Objects.TestDataDetails@168e0e7, 3=com.java.Objects.TestDataDetails@c42e5a, 4=com.java.Objects.TestDataDetails@9a8e52}
[INFO ][2015-10-29 20:30:57,870][com.java.TestType] [  385] -  str(1) = 1
[INFO ][2015-10-29 20:30:57,870][com.java.TestType] [  388] - Test case Id is---1
[INFO ][2015-10-29 20:30:57,870][com.java.TestType] [  390] - 1
[INFO ][2015-10-29 20:30:57,870][com.java.TestType] [  385] -  str(2) = 5
[INFO ][2015-10-29 20:30:57,870][com.java.TestType] [  435] - row values are--------{1=com.java.Objects.TestDataDetails@19de6c, 2=com.java.Objects.TestDataDetails@168e0e7, 3=com.java.Objects.TestDataDetails@c42e5a, 4=com.java.Objects.TestDataDetails@9a8e52, 5=com.java.Objects.TestDataDetails@945083}
[INFO ][2015-10-29 20:30:57,870][com.java.TestType] [  385] -  str(1) = 1
[INFO ][2015-10-29 20:30:57,870][com.java.TestType] [  388] - Test case Id is---1
[INFO ][2015-10-29 20:30:57,870][com.java.TestType] [  390] - 1
[INFO ][2015-10-29 20:30:57,870][com.java.TestType] [  385] -  str(2) = 6
[INFO ][2015-10-29 20:30:57,870][com.java.TestType] [  435] - row values are--------{1=com.java.Objects.TestDataDetails@19de6c, 2=com.java.Objects.TestDataDetails@168e0e7, 3=com.java.Objects.TestDataDetails@c42e5a, 4=com.java.Objects.TestDataDetails@9a8e52, 5=com.java.Objects.TestDataDetails@945083, 6=com.java.Objects.TestDataDetails@112c003}
[INFO ][2015-10-29 20:30:57,870][com.java.TestType] [  385] -  str(1) = 1
[INFO ][2015-10-29 20:30:57,870][com.java.TestType] [  388] - Test case Id is---1
[INFO ][2015-10-29 20:30:57,870][com.java.TestType] [  390] - 1
[INFO ][2015-10-29 20:30:57,870][com.java.TestType] [  385] -  str(2) = 7
[INFO ][2015-10-29 20:30:57,870][com.java.TestType] [  435] - row values are--------{1=com.java.Objects.TestDataDetails@19de6c, 2=com.java.Objects.TestDataDetails@168e0e7, 3=com.java.Objects.TestDataDetails@c42e5a, 4=com.java.Objects.TestDataDetails@9a8e52, 5=com.java.Objects.TestDataDetails@945083, 6=com.java.Objects.TestDataDetails@112c003, 7=com.java.Objects.TestDataDetails@1183515}
[INFO ][2015-10-29 20:30:57,870][com.java.TestType] [  385] -  str(1) = 1
[INFO ][2015-10-29 20:30:57,870][com.java.TestType] [  388] - Test case Id is---1
[INFO ][2015-10-29 20:30:57,870][com.java.TestType] [  390] - 1
[INFO ][2015-10-29 20:30:57,870][com.java.TestType] [  385] -  str(2) = 8
[INFO ][2015-10-29 20:30:57,880][com.java.TestType] [  435] - row values are--------{1=com.java.Objects.TestDataDetails@19de6c, 2=com.java.Objects.TestDataDetails@168e0e7, 3=com.java.Objects.TestDataDetails@c42e5a, 4=com.java.Objects.TestDataDetails@9a8e52, 5=com.java.Objects.TestDataDetails@945083, 6=com.java.Objects.TestDataDetails@112c003, 7=com.java.Objects.TestDataDetails@1183515, 8=com.java.Objects.TestDataDetails@15eb475}
[INFO ][2015-10-29 20:30:57,880][com.java.TestType] [  385] -  str(1) = 1
[INFO ][2015-10-29 20:30:57,880][com.java.TestType] [  388] - Test case Id is---1
[INFO ][2015-10-29 20:30:57,880][com.java.TestType] [  390] - 1
[INFO ][2015-10-29 20:30:57,880][com.java.TestType] [  385] -  str(2) = 9
[INFO ][2015-10-29 20:30:57,880][com.java.TestType] [  435] - row values are--------{1=com.java.Objects.TestDataDetails@19de6c, 2=com.java.Objects.TestDataDetails@168e0e7, 3=com.java.Objects.TestDataDetails@c42e5a, 4=com.java.Objects.TestDataDetails@9a8e52, 5=com.java.Objects.TestDataDetails@945083, 6=com.java.Objects.TestDataDetails@112c003, 7=com.java.Objects.TestDataDetails@1183515, 8=com.java.Objects.TestDataDetails@15eb475, 9=com.java.Objects.TestDataDetails@64cc1a}
[INFO ][2015-10-29 20:30:57,880][com.java.TestType] [  385] -  str(1) = 1
[INFO ][2015-10-29 20:30:57,880][com.java.TestType] [  388] - Test case Id is---1
[INFO ][2015-10-29 20:30:57,880][com.java.TestType] [  390] - 1
[INFO ][2015-10-29 20:30:57,880][com.java.TestType] [  385] -  str(2) = 10
[INFO ][2015-10-29 20:30:57,880][com.java.TestType] [  435] - row values are--------{1=com.java.Objects.TestDataDetails@19de6c, 2=com.java.Objects.TestDataDetails@168e0e7, 3=com.java.Objects.TestDataDetails@c42e5a, 4=com.java.Objects.TestDataDetails@9a8e52, 5=com.java.Objects.TestDataDetails@945083, 6=com.java.Objects.TestDataDetails@112c003, 7=com.java.Objects.TestDataDetails@1183515, 8=com.java.Objects.TestDataDetails@15eb475, 9=com.java.Objects.TestDataDetails@64cc1a, 10=com.java.Objects.TestDataDetails@1a0bc8a}
[INFO ][2015-10-29 20:30:57,880][com.java.TestType] [  385] -  str(1) = 1
[INFO ][2015-10-29 20:30:57,880][com.java.TestType] [  388] - Test case Id is---1
[INFO ][2015-10-29 20:30:57,880][com.java.TestType] [  390] - 1
[INFO ][2015-10-29 20:30:57,880][com.java.TestType] [  385] -  str(2) = 11
[INFO ][2015-10-29 20:30:57,880][com.java.TestType] [  435] - row values are--------{1=com.java.Objects.TestDataDetails@19de6c, 2=com.java.Objects.TestDataDetails@168e0e7, 3=com.java.Objects.TestDataDetails@c42e5a, 4=com.java.Objects.TestDataDetails@9a8e52, 5=com.java.Objects.TestDataDetails@945083, 6=com.java.Objects.TestDataDetails@112c003, 7=com.java.Objects.TestDataDetails@1183515, 8=com.java.Objects.TestDataDetails@15eb475, 9=com.java.Objects.TestDataDetails@64cc1a, 10=com.java.Objects.TestDataDetails@1a0bc8a, 11=com.java.Objects.TestDataDetails@7da122}
[INFO ][2015-10-29 20:30:57,880][com.java.TestType] [  385] -  str(1) = 1
[INFO ][2015-10-29 20:30:57,880][com.java.TestType] [  388] - Test case Id is---1
[INFO ][2015-10-29 20:30:57,880][com.java.TestType] [  390] - 1
[INFO ][2015-10-29 20:30:57,880][com.java.TestType] [  385] -  str(2) = 12
[INFO ][2015-10-29 20:30:57,880][com.java.TestType] [  435] - row values are--------{1=com.java.Objects.TestDataDetails@19de6c, 2=com.java.Objects.TestDataDetails@168e0e7, 3=com.java.Objects.TestDataDetails@c42e5a, 4=com.java.Objects.TestDataDetails@9a8e52, 5=com.java.Objects.TestDataDetails@945083, 6=com.java.Objects.TestDataDetails@112c003, 7=com.java.Objects.TestDataDetails@1183515, 8=com.java.Objects.TestDataDetails@15eb475, 9=com.java.Objects.TestDataDetails@64cc1a, 10=com.java.Objects.TestDataDetails@1a0bc8a, 11=com.java.Objects.TestDataDetails@7da122, 12=com.java.Objects.TestDataDetails@445889}
[INFO ][2015-10-29 20:30:57,880][com.java.TestType] [  385] -  str(1) = 1
[INFO ][2015-10-29 20:30:57,880][com.java.TestType] [  388] - Test case Id is---1
[INFO ][2015-10-29 20:30:57,880][com.java.TestType] [  390] - 1
[INFO ][2015-10-29 20:30:57,880][com.java.TestType] [  385] -  str(2) = 13
[INFO ][2015-10-29 20:30:57,880][com.java.TestType] [  435] - row values are--------{1=com.java.Objects.TestDataDetails@19de6c, 2=com.java.Objects.TestDataDetails@168e0e7, 3=com.java.Objects.TestDataDetails@c42e5a, 4=com.java.Objects.TestDataDetails@9a8e52, 5=com.java.Objects.TestDataDetails@945083, 6=com.java.Objects.TestDataDetails@112c003, 7=com.java.Objects.TestDataDetails@1183515, 8=com.java.Objects.TestDataDetails@15eb475, 9=com.java.Objects.TestDataDetails@64cc1a, 10=com.java.Objects.TestDataDetails@1a0bc8a, 11=com.java.Objects.TestDataDetails@7da122, 12=com.java.Objects.TestDataDetails@445889, 13=com.java.Objects.TestDataDetails@33b94e}
[INFO ][2015-10-29 20:30:57,880][com.java.TestType] [  385] -  str(1) = 1
[INFO ][2015-10-29 20:30:57,880][com.java.TestType] [  388] - Test case Id is---1
[INFO ][2015-10-29 20:30:57,880][com.java.TestType] [  390] - 1
[INFO ][2015-10-29 20:30:57,880][com.java.TestType] [  385] -  str(2) = 14
[INFO ][2015-10-29 20:30:57,880][com.java.TestType] [  435] - row values are--------{1=com.java.Objects.TestDataDetails@19de6c, 2=com.java.Objects.TestDataDetails@168e0e7, 3=com.java.Objects.TestDataDetails@c42e5a, 4=com.java.Objects.TestDataDetails@9a8e52, 5=com.java.Objects.TestDataDetails@945083, 6=com.java.Objects.TestDataDetails@112c003, 7=com.java.Objects.TestDataDetails@1183515, 8=com.java.Objects.TestDataDetails@15eb475, 9=com.java.Objects.TestDataDetails@64cc1a, 10=com.java.Objects.TestDataDetails@1a0bc8a, 11=com.java.Objects.TestDataDetails@7da122, 12=com.java.Objects.TestDataDetails@445889, 13=com.java.Objects.TestDataDetails@33b94e, 14=com.java.Objects.TestDataDetails@abd44}
[INFO ][2015-10-29 20:30:57,880][com.java.TestType] [ 6346] - Looping 1TCID = 1
[DEBUG][2015-10-29 20:30:57,880][com.java.TestType] [ 6357] - Concept ID:1 :: Step being Executed: 1::1
[INFO ][2015-10-29 20:30:57,880][com.java.TestType] [ 6390] - dataFields : TXTusername
[DEBUG][2015-10-29 20:30:57,880][com.java.TestType] [ 6395] - <In Set values of the page>
[DEBUG][2015-10-29 20:30:57,880][com.java.TestType] [ 6399] - {Data Fields & Data Values Exist}
[INFO ][2015-10-29 20:30:57,880][com.java.TestType] [ 6403] - --------------------------setting values-----------------------------
[INFO ][2015-10-29 20:30:57,880][com.java.TestType] [ 6406] - Action Type : CLEARANDENTER
[INFO ][2015-10-29 20:30:57,880][com.java.TestType] [ 2975] - value = naresh.nayini.00000
[INFO ][2015-10-29 20:31:00,552][com.java.TestType] [ 6417] -  RESULT true
[INFO ][2015-10-29 20:31:00,552][com.java.TestType] [ 6522] - ?   P A S S   ?
[DEBUG][2015-10-29 20:31:00,552][com.java.TestType] [ 6357] - Concept ID:1 :: Step being Executed: 1::2
[INFO ][2015-10-29 20:31:00,552][com.java.TestType] [ 6390] - dataFields : TXTpassword
[DEBUG][2015-10-29 20:31:00,552][com.java.TestType] [ 6395] - <In Set values of the page>
[DEBUG][2015-10-29 20:31:00,552][com.java.TestType] [ 6399] - {Data Fields & Data Values Exist}
[INFO ][2015-10-29 20:31:00,552][com.java.TestType] [ 6403] - --------------------------setting values-----------------------------
[INFO ][2015-10-29 20:31:00,552][com.java.TestType] [ 6406] - Action Type : CLEARANDENTER
[INFO ][2015-10-29 20:31:00,552][com.java.TestType] [ 2975] - value = Password1*
[INFO ][2015-10-29 20:31:03,309][com.java.TestType] [ 6417] -  RESULT true
[INFO ][2015-10-29 20:31:03,309][com.java.TestType] [ 6522] - ?   P A S S   ?
[DEBUG][2015-10-29 20:31:03,309][com.java.TestType] [ 6357] - Concept ID:1 :: Step being Executed: 1::3
[ERROR][2015-10-29 20:31:03,309][com.java.TestType] [ 6385] - Exception: null
[INFO ][2015-10-29 20:31:03,309][com.java.TestType] [ 6390] - dataFields : XPH//button[@type='submit']
[DEBUG][2015-10-29 20:31:03,309][com.java.TestType] [ 6395] - <In Set values of the page>
[DEBUG][2015-10-29 20:31:03,309][com.java.TestType] [ 6399] - {Data Fields & Data Values Exist}
[INFO ][2015-10-29 20:31:03,309][com.java.TestType] [ 6403] - --------------------------setting values-----------------------------
[INFO ][2015-10-29 20:31:03,309][com.java.TestType] [ 6406] - Action Type : Click
[INFO ][2015-10-29 20:31:03,309][com.java.TestType] [ 3245] - Field ::XPH//button[@type='submit']
[INFO ][2015-10-29 20:31:04,309][com.java.TestType] [ 3296] - BEFORE CLICK
[INFO ][2015-10-29 20:31:05,172][com.java.TestType] [ 3302] - Unable to click the object Login
[INFO ][2015-10-29 20:31:05,172][com.java.TestType] [ 6417] -  RESULT true
[INFO ][2015-10-29 20:31:05,172][com.java.TestType] [ 6522] - ?   P A S S   ?
[DEBUG][2015-10-29 20:31:05,172][com.java.TestType] [ 6357] - Concept ID:1 :: Step being Executed: 1::4
[INFO ][2015-10-29 20:31:05,172][com.java.TestType] [ 6390] - dataFields : LNKLogout
[DEBUG][2015-10-29 20:31:05,172][com.java.TestType] [ 6395] - <In Set values of the page>
[DEBUG][2015-10-29 20:31:05,172][com.java.TestType] [ 6399] - {Data Fields & Data Values Exist}
[INFO ][2015-10-29 20:31:05,172][com.java.TestType] [ 6403] - --------------------------setting values-----------------------------
[INFO ][2015-10-29 20:31:05,172][com.java.TestType] [ 6406] - Action Type : WaitForElement
[INFO ][2015-10-29 20:31:14,728][com.java.TestType] [ 6417] -  RESULT true
[INFO ][2015-10-29 20:31:14,728][com.java.TestType] [ 6522] - ?   P A S S   ?
[DEBUG][2015-10-29 20:31:14,728][com.java.TestType] [ 6357] - Concept ID:1 :: Step being Executed: 1::13
[INFO ][2015-10-29 20:31:14,728][com.java.TestType] [ 6390] - dataFields : LGN
[DEBUG][2015-10-29 20:31:14,728][com.java.TestType] [ 6395] - <In Set values of the page>
[DEBUG][2015-10-29 20:31:14,728][com.java.TestType] [ 6399] - {Data Fields & Data Values Exist}
[INFO ][2015-10-29 20:31:14,728][com.java.TestType] [ 6403] - --------------------------setting values-----------------------------
[INFO ][2015-10-29 20:31:14,728][com.java.TestType] [ 6406] - Action Type : Verify
[INFO ][2015-10-29 20:31:14,728][com.java.TestType] [ 3884] - field= LGN value= Username
[INFO ][2015-10-29 20:31:14,728][com.java.TestType] [ 2975] - value = Username
[INFO ][2015-10-29 20:31:14,881][com.java.TestType] [ 6417] -  RESULT true
[INFO ][2015-10-29 20:31:14,881][com.java.TestType] [ 6522] - ?   P A S S   ?
[DEBUG][2015-10-29 20:31:14,881][com.java.TestType] [ 6357] - Concept ID:1 :: Step being Executed: 1::14
[INFO ][2015-10-29 20:31:14,881][com.java.TestType] [ 6390] - dataFields : BTN
[DEBUG][2015-10-29 20:31:14,881][com.java.TestType] [ 6395] - <In Set values of the page>
[DEBUG][2015-10-29 20:31:14,881][com.java.TestType] [ 6399] - {Data Fields & Data Values Exist}
[INFO ][2015-10-29 20:31:14,881][com.java.TestType] [ 6403] - --------------------------setting values-----------------------------
[INFO ][2015-10-29 20:31:14,881][com.java.TestType] [ 6406] - Action Type : Verify
[INFO ][2015-10-29 20:31:14,881][com.java.TestType] [ 3884] - field= BTN value= //img[contains(@src,'bdlogo.jpg')]
[INFO ][2015-10-29 20:31:14,881][com.java.TestType] [ 2975] - value = //img[contains(@src,'bdlogo.jpg')]
[INFO ][2015-10-29 20:31:14,911][com.java.TestType] [ 6417] -  RESULT true
[INFO ][2015-10-29 20:31:14,911][com.java.TestType] [ 6522] - ?   P A S S   ?
[INFO ][2015-10-29 20:31:14,911][com.java.TestType] [ 6575] - Looping End......
[INFO ][2015-10-29 20:31:14,911][com.java.SeleniumDriver] [  861] -  RESULT true
[INFO ][2015-10-29 20:31:14,911][com.java.SeleniumDriver] [ 1066] - ?   P A S S   ?
[INFO ][2015-10-29 20:31:14,911][com.java.SeleniumDriver] [  788] - ------------------------------------------
[INFO ][2015-10-29 20:31:14,911][com.java.SeleniumDriver] [  789] - Test case being Executed: 1
[INFO ][2015-10-29 20:31:14,911][com.java.SeleniumDriver] [  800] - Test step:2
[INFO ][2015-10-29 20:31:14,911][com.java.SeleniumDriver] [  812] - Datavalue is----------Concept#2:1-2
[INFO ][2015-10-29 20:31:14,911][com.java.SeleniumDriver] [  836] - DataField : test
[INFO ][2015-10-29 20:31:14,911][com.java.SeleniumDriver] [  838] - DataValue : Concept#2:1-2
[INFO ][2015-10-29 20:31:14,911][com.java.SeleniumDriver] [  844] - <In Set values of the page>
[INFO ][2015-10-29 20:31:14,911][com.java.SeleniumDriver] [  847] - {Data Fields & Data Values Exist}
[INFO ][2015-10-29 20:31:14,911][com.java.SeleniumDriver] [  849] - --------------------------setting values-----------------------------
[INFO ][2015-10-29 20:31:14,911][com.java.SeleniumDriver] [  852] - Action Type : ExecuteTestCase
[INFO ][2015-10-29 20:31:14,911][com.java.TestType] [  353] - The Concept sheet name is ---------- Concept
[INFO ][2015-10-29 20:31:14,911][com.java.TestType] [  355] - The Concept ID  is ---------- 2
[DEBUG][2015-10-29 20:31:14,911][com.java.TestType] [  357] - Steps being executted in the Concept are: 1:2
[INFO ][2015-10-29 20:31:14,911][com.java.TestType] [  361] - Test data details path ---------- D:\BankersDashboard\TestInputs\TestData.xls
[INFO ][2015-10-29 20:31:14,951][com.java.TestType] [  385] -  str(1) = 2
[INFO ][2015-10-29 20:31:14,951][com.java.TestType] [  388] - Test case Id is---2
[INFO ][2015-10-29 20:31:14,951][com.java.TestType] [  390] - 2
[INFO ][2015-10-29 20:31:14,951][com.java.TestType] [  385] -  str(2) = 1
[INFO ][2015-10-29 20:31:14,951][com.java.TestType] [  435] - row values are--------{1=com.java.Objects.TestDataDetails@14340e2}
[INFO ][2015-10-29 20:31:14,951][com.java.TestType] [  385] -  str(1) = 2
[INFO ][2015-10-29 20:31:14,951][com.java.TestType] [  388] - Test case Id is---2
[INFO ][2015-10-29 20:31:14,951][com.java.TestType] [  390] - 2
[INFO ][2015-10-29 20:31:14,951][com.java.TestType] [  385] -  str(2) = 2
[INFO ][2015-10-29 20:31:14,951][com.java.TestType] [  435] - row values are--------{1=com.java.Objects.TestDataDetails@14340e2, 2=com.java.Objects.TestDataDetails@191e28c}
[INFO ][2015-10-29 20:31:14,951][com.java.TestType] [ 6346] - Looping 1TCID = 2
[DEBUG][2015-10-29 20:31:14,951][com.java.TestType] [ 6357] - Concept ID:2 :: Step being Executed: 2::1
[INFO ][2015-10-29 20:31:14,951][com.java.TestType] [ 6390] - dataFields : BNK//select[@id='bank']
[DEBUG][2015-10-29 20:31:14,951][com.java.TestType] [ 6395] - <In Set values of the page>
[DEBUG][2015-10-29 20:31:14,951][com.java.TestType] [ 6399] - {Data Fields & Data Values Exist}
[INFO ][2015-10-29 20:31:14,951][com.java.TestType] [ 6403] - --------------------------setting values-----------------------------
[INFO ][2015-10-29 20:31:14,951][com.java.TestType] [ 6406] - Action Type : Select
[INFO ][2015-10-29 20:31:14,951][com.java.TestType] [ 2975] - value = PFC
[INFO ][2015-10-29 20:31:15,151][com.java.TestType] [ 6417] -  RESULT true
[INFO ][2015-10-29 20:31:15,151][com.java.TestType] [ 6522] - ?   P A S S   ?
[DEBUG][2015-10-29 20:31:15,151][com.java.TestType] [ 6357] - Concept ID:2 :: Step being Executed: 2::2
[INFO ][2015-10-29 20:31:15,151][com.java.TestType] [ 6390] - dataFields : LNKLogout
[DEBUG][2015-10-29 20:31:15,151][com.java.TestType] [ 6395] - <In Set values of the page>
[DEBUG][2015-10-29 20:31:15,151][com.java.TestType] [ 6399] - {Data Fields & Data Values Exist}
[INFO ][2015-10-29 20:31:15,151][com.java.TestType] [ 6403] - --------------------------setting values-----------------------------
[INFO ][2015-10-29 20:31:15,151][com.java.TestType] [ 6406] - Action Type : WaitForElement
[INFO ][2015-10-29 20:31:17,290][com.java.TestType] [ 6417] -  RESULT true
[INFO ][2015-10-29 20:31:17,290][com.java.TestType] [ 6522] - ?   P A S S   ?
[INFO ][2015-10-29 20:31:17,290][com.java.TestType] [ 6575] - Looping End......
[INFO ][2015-10-29 20:31:17,290][com.java.SeleniumDriver] [  861] -  RESULT true
[INFO ][2015-10-29 20:31:17,290][com.java.SeleniumDriver] [ 1066] - ?   P A S S   ?
[INFO ][2015-10-29 20:31:17,290][com.java.SeleniumDriver] [  788] - ------------------------------------------
[INFO ][2015-10-29 20:31:17,290][com.java.SeleniumDriver] [  789] - Test case being Executed: 1
[INFO ][2015-10-29 20:31:17,290][com.java.SeleniumDriver] [  800] - Test step:3
[INFO ][2015-10-29 20:31:17,290][com.java.SeleniumDriver] [  812] - Datavalue is----------2
[INFO ][2015-10-29 20:31:17,290][com.java.SeleniumDriver] [  836] - DataField : XPH//button[contains(text(),'Add Content')]
[INFO ][2015-10-29 20:31:17,290][com.java.SeleniumDriver] [  838] - DataValue : 2
[INFO ][2015-10-29 20:31:17,290][com.java.SeleniumDriver] [  844] - <In Set values of the page>
[INFO ][2015-10-29 20:31:17,290][com.java.SeleniumDriver] [  847] - {Data Fields & Data Values Exist}
[INFO ][2015-10-29 20:31:17,290][com.java.SeleniumDriver] [  849] - --------------------------setting values-----------------------------
[INFO ][2015-10-29 20:31:17,290][com.java.SeleniumDriver] [  852] - Action Type : WAITFORELEMENT
[INFO ][2015-10-29 20:31:17,331][com.java.SeleniumDriver] [  861] -  RESULT true
[INFO ][2015-10-29 20:31:17,331][com.java.SeleniumDriver] [ 1066] - ?   P A S S   ?
[DEBUG][2015-10-29 20:31:17,331][com.java.SeleniumDriver] [ 1168] - Case found
[DEBUG][2015-10-29 20:31:17,331][com.java.SeleniumDriver] [ 1173] - Incrementing ReportCounters[0]:1
[INFO ][2015-10-29 20:31:17,331][com.java.SeleniumDriver] [ 1192] - The results are-------------------[1, 1, Valid Login, Pass, , Thu Oct 29 20:31:14 IST 2015, 1, 2, Valid Login, Pass, , Thu Oct 29 20:31:17 IST 2015, 1, 3, Add Custom Calculation Indicator to Start Page, Pass, , Thu Oct 29 20:31:17 IST 2015]
[INFO ][2015-10-29 20:31:17,331][com.java.SeleniumDriver] [ 1196] - End time is-------43 sec
[INFO ][2015-10-29 20:31:17,331][com.java.SeleniumDriver] [ 1197] - The results are-------------------[1, 1, Valid Login, Pass, , Thu Oct 29 20:31:14 IST 2015, 1, 2, Valid Login, Pass, , Thu Oct 29 20:31:17 IST 2015, 1, 3, Add Custom Calculation Indicator to Start Page, Pass, , Thu Oct 29 20:31:17 IST 2015]
[DEBUG][2015-10-29 20:31:17,331][com.java.ImportnExport.ExportTestResultsExcel] [  222] - testResultPath = D:\BankersDashboard/TestReports/Test Results_BankersDashBoard_102915_203035_IE11_Any Bank USA.xls
[DEBUG][2015-10-29 20:31:17,331][com.java.ImportnExport.ExportTestResultsExcel] [  223] - browser is------------IE11
[DEBUG][2015-10-29 20:31:17,371][com.java.ImportnExport.ExportTestResultsExcel] [  270] - result.size() = 18
[DEBUG][2015-10-29 20:31:17,371][com.java.ImportnExport.ExportTestResultsExcel] [  274] - No of rows in sheet=1
[DEBUG][2015-10-29 20:31:17,371][com.java.ImportnExport.ExportTestResultsExcel] [  301] - ..in export..1
[DEBUG][2015-10-29 20:31:17,371][com.java.ImportnExport.ExportTestResultsExcel] [  301] - ..in export..Valid Login
[DEBUG][2015-10-29 20:31:17,371][com.java.ImportnExport.ExportTestResultsExcel] [  301] - ..in export..Pass
[DEBUG][2015-10-29 20:31:17,371][com.java.ImportnExport.ExportTestResultsExcel] [  301] - ..in export..
[DEBUG][2015-10-29 20:31:17,371][com.java.ImportnExport.ExportTestResultsExcel] [  301] - ..in export..Thu Oct 29 20:31:14 IST 2015
[INFO ][2015-10-29 20:31:17,371][com.java.SeleniumDriver] [ 1255] - out loop:0 size:2 TestCases:[1, 4] testcases:[1, 4]
[INFO ][2015-10-29 20:31:17,371][com.java.ImportnExport.ImportTestDataDetailsExcel] [   49] - test data details path===== D:\BankersDashboard\TestInputs\TestData.xls
[INFO ][2015-10-29 20:31:34,690][com.java.SeleniumDriver] [  788] - ------------------------------------------
[INFO ][2015-10-29 20:31:34,690][com.java.SeleniumDriver] [  789] - Test case being Executed: 4
[INFO ][2015-10-29 20:31:34,690][com.java.SeleniumDriver] [  800] - Test step:1
[INFO ][2015-10-29 20:31:34,690][com.java.SeleniumDriver] [  812] - Datavalue is----------null
[DEBUG][2015-10-29 20:31:34,690][com.java.SeleniumDriver] [  830] - Exception: null
[INFO ][2015-10-29 20:31:34,690][com.java.SeleniumDriver] [  836] - DataField : //span[@class='icon-stack']&&//ul[@id='ReportPackages']/li[2]/a
[INFO ][2015-10-29 20:31:34,690][com.java.SeleniumDriver] [  838] - DataValue : 
[INFO ][2015-10-29 20:31:34,690][com.java.SeleniumDriver] [  844] - <In Set values of the page>
[INFO ][2015-10-29 20:31:34,690][com.java.SeleniumDriver] [  847] - {Data Fields & Data Values Exist}
[INFO ][2015-10-29 20:31:34,690][com.java.SeleniumDriver] [  849] - --------------------------setting values-----------------------------
[INFO ][2015-10-29 20:31:34,690][com.java.SeleniumDriver] [  852] - Action Type : MOUSEOVER
[INFO ][2015-10-29 20:31:44,408][com.java.SeleniumDriver] [  861] -  RESULT true
[INFO ][2015-10-29 20:31:44,408][com.java.SeleniumDriver] [ 1066] - ?   P A S S   ?
[INFO ][2015-10-29 20:31:44,408][com.java.SeleniumDriver] [  788] - ------------------------------------------
[INFO ][2015-10-29 20:31:44,408][com.java.SeleniumDriver] [  789] - Test case being Executed: 4
[INFO ][2015-10-29 20:31:44,408][com.java.SeleniumDriver] [  800] - Test step:2
[INFO ][2015-10-29 20:31:44,408][com.java.SeleniumDriver] [  812] - Datavalue is----------3
[INFO ][2015-10-29 20:31:44,408][com.java.SeleniumDriver] [  836] - DataField : BTNdivHelpText
[INFO ][2015-10-29 20:31:44,408][com.java.SeleniumDriver] [  838] - DataValue : 3
[INFO ][2015-10-29 20:31:44,408][com.java.SeleniumDriver] [  844] - <In Set values of the page>
[INFO ][2015-10-29 20:31:44,408][com.java.SeleniumDriver] [  847] - {Data Fields & Data Values Exist}
[INFO ][2015-10-29 20:31:44,408][com.java.SeleniumDriver] [  849] - --------------------------setting values-----------------------------
[INFO ][2015-10-29 20:31:44,408][com.java.SeleniumDriver] [  852] - Action Type : WAITFORELEMENT
[INFO ][2015-10-29 20:31:44,439][com.java.SeleniumDriver] [  861] -  RESULT true
[INFO ][2015-10-29 20:31:44,439][com.java.SeleniumDriver] [ 1066] - ?   P A S S   ?
[INFO ][2015-10-29 20:31:44,439][com.java.SeleniumDriver] [  788] - ------------------------------------------
[INFO ][2015-10-29 20:31:44,439][com.java.SeleniumDriver] [  789] - Test case being Executed: 4
[INFO ][2015-10-29 20:31:44,439][com.java.SeleniumDriver] [  800] - Test step:3
[INFO ][2015-10-29 20:31:44,439][com.java.SeleniumDriver] [  812] - Datavalue is----------null
[DEBUG][2015-10-29 20:31:44,439][com.java.SeleniumDriver] [  830] - Exception: null
[INFO ][2015-10-29 20:31:44,439][com.java.SeleniumDriver] [  836] - DataField : BTNframeDialogContent
[INFO ][2015-10-29 20:31:44,439][com.java.SeleniumDriver] [  838] - DataValue : 
[INFO ][2015-10-29 20:31:44,439][com.java.SeleniumDriver] [  844] - <In Set values of the page>
[INFO ][2015-10-29 20:31:44,439][com.java.SeleniumDriver] [  847] - {Data Fields & Data Values Exist}
[INFO ][2015-10-29 20:31:44,439][com.java.SeleniumDriver] [  849] - --------------------------setting values-----------------------------
[INFO ][2015-10-29 20:31:44,439][com.java.SeleniumDriver] [  852] - Action Type : SELECTFRAME
[INFO ][2015-10-29 20:31:44,529][com.java.SeleniumDriver] [  861] -  RESULT true
[INFO ][2015-10-29 20:31:44,529][com.java.SeleniumDriver] [ 1066] - ?   P A S S   ?
[INFO ][2015-10-29 20:31:44,529][com.java.SeleniumDriver] [  788] - ------------------------------------------
[INFO ][2015-10-29 20:31:44,529][com.java.SeleniumDriver] [  789] - Test case being Executed: 4
[INFO ][2015-10-29 20:31:44,529][com.java.SeleniumDriver] [  800] - Test step:4
[INFO ][2015-10-29 20:31:44,529][com.java.SeleniumDriver] [  812] - Datavalue is----------//div[@class='ui-widget-content']/div/button
[INFO ][2015-10-29 20:31:44,529][com.java.SeleniumDriver] [  836] - DataField : BTN
[INFO ][2015-10-29 20:31:44,529][com.java.SeleniumDriver] [  838] - DataValue : //div[@class='ui-widget-content']/div/button
[INFO ][2015-10-29 20:31:44,529][com.java.SeleniumDriver] [  844] - <In Set values of the page>
[INFO ][2015-10-29 20:31:44,529][com.java.SeleniumDriver] [  847] - {Data Fields & Data Values Exist}
[INFO ][2015-10-29 20:31:44,529][com.java.SeleniumDriver] [  849] - --------------------------setting values-----------------------------
[INFO ][2015-10-29 20:31:44,529][com.java.SeleniumDriver] [  852] - Action Type : VERIFY
[INFO ][2015-10-29 20:31:44,529][com.java.TestType] [ 3884] - field= BTN value= //div[@class='ui-widget-content']/div/button
[INFO ][2015-10-29 20:31:44,529][com.java.TestType] [ 2975] - value = //div[@class='ui-widget-content']/div/button
[INFO ][2015-10-29 20:31:44,569][com.java.SeleniumDriver] [  861] -  RESULT true
[INFO ][2015-10-29 20:31:44,569][com.java.SeleniumDriver] [ 1066] - ?   P A S S   ?
[INFO ][2015-10-29 20:31:44,569][com.java.SeleniumDriver] [  788] - ------------------------------------------
[INFO ][2015-10-29 20:31:44,569][com.java.SeleniumDriver] [  789] - Test case being Executed: 4
[INFO ][2015-10-29 20:31:44,569][com.java.SeleniumDriver] [  800] - Test step:5
[INFO ][2015-10-29 20:31:44,569][com.java.SeleniumDriver] [  812] - Datavalue is----------null
[DEBUG][2015-10-29 20:31:44,569][com.java.SeleniumDriver] [  830] - Exception: null
[INFO ][2015-10-29 20:31:44,569][com.java.SeleniumDriver] [  836] - DataField : XPH//span[@class='glyphicon glyphicon-plus']
[INFO ][2015-10-29 20:31:44,569][com.java.SeleniumDriver] [  838] - DataValue : 
[INFO ][2015-10-29 20:31:44,569][com.java.SeleniumDriver] [  844] - <In Set values of the page>
[INFO ][2015-10-29 20:31:44,569][com.java.SeleniumDriver] [  847] - {Data Fields & Data Values Exist}
[INFO ][2015-10-29 20:31:44,569][com.java.SeleniumDriver] [  849] - --------------------------setting values-----------------------------
[INFO ][2015-10-29 20:31:44,569][com.java.SeleniumDriver] [  852] - Action Type : CLICK
[INFO ][2015-10-29 20:31:44,569][com.java.TestType] [ 3245] - Field ::XPH//span[@class='glyphicon glyphicon-plus']
[INFO ][2015-10-29 20:31:45,569][com.java.TestType] [ 3296] - BEFORE CLICK
[INFO ][2015-10-29 20:31:46,780][com.java.TestType] [ 3302] - Unable to click the object +' Button
[INFO ][2015-10-29 20:31:46,780][com.java.SeleniumDriver] [  861] -  RESULT true
[INFO ][2015-10-29 20:31:46,780][com.java.SeleniumDriver] [ 1066] - ?   P A S S   ?
[INFO ][2015-10-29 20:31:46,780][com.java.SeleniumDriver] [  788] - ------------------------------------------
[INFO ][2015-10-29 20:31:46,780][com.java.SeleniumDriver] [  789] - Test case being Executed: 4
[INFO ][2015-10-29 20:31:46,780][com.java.SeleniumDriver] [  800] - Test step:6
[INFO ][2015-10-29 20:31:46,780][com.java.SeleniumDriver] [  812] - Datavalue is----------Package Name
[INFO ][2015-10-29 20:31:46,780][com.java.SeleniumDriver] [  836] - DataField : XPH//span[@class='dlg_Label']
[INFO ][2015-10-29 20:31:46,780][com.java.SeleniumDriver] [  838] - DataValue : Package Name
[INFO ][2015-10-29 20:31:46,780][com.java.SeleniumDriver] [  844] - <In Set values of the page>
[INFO ][2015-10-29 20:31:46,780][com.java.SeleniumDriver] [  847] - {Data Fields & Data Values Exist}
[INFO ][2015-10-29 20:31:46,780][com.java.SeleniumDriver] [  849] - --------------------------setting values-----------------------------
[INFO ][2015-10-29 20:31:46,780][com.java.SeleniumDriver] [  852] - Action Type : VERIFY
[INFO ][2015-10-29 20:31:46,780][com.java.TestType] [ 3884] - field= XPH//span[@class='dlg_Label'] value= Package Name
[INFO ][2015-10-29 20:31:46,780][com.java.TestType] [ 2975] - value = Package Name
[INFO ][2015-10-29 20:31:46,871][com.java.SeleniumDriver] [  861] -  RESULT true
[INFO ][2015-10-29 20:31:46,871][com.java.SeleniumDriver] [ 1066] - ?   P A S S   ?
[INFO ][2015-10-29 20:31:46,871][com.java.SeleniumDriver] [  788] - ------------------------------------------
[INFO ][2015-10-29 20:31:46,871][com.java.SeleniumDriver] [  789] - Test case being Executed: 4
[INFO ][2015-10-29 20:31:46,871][com.java.SeleniumDriver] [  800] - Test step:7
[INFO ][2015-10-29 20:31:46,871][com.java.SeleniumDriver] [  812] - Datavalue is----------Test12
[INFO ][2015-10-29 20:31:46,871][com.java.SeleniumDriver] [  836] - DataField : XPH//span[@class='dlg_Label']/parent::div/following::div/input
[INFO ][2015-10-29 20:31:46,871][com.java.SeleniumDriver] [  838] - DataValue : Test12
[INFO ][2015-10-29 20:31:46,871][com.java.SeleniumDriver] [  844] - <In Set values of the page>
[INFO ][2015-10-29 20:31:46,871][com.java.SeleniumDriver] [  847] - {Data Fields & Data Values Exist}
[INFO ][2015-10-29 20:31:46,871][com.java.SeleniumDriver] [  849] - --------------------------setting values-----------------------------
[INFO ][2015-10-29 20:31:46,871][com.java.SeleniumDriver] [  852] - Action Type : CLEARANDENTER
[INFO ][2015-10-29 20:31:46,871][com.java.TestType] [ 2975] - value = Test12
[ERROR][2015-10-29 20:31:46,871][com.java.TestType] [ 3630] - Exception in clearAndEnter: No enum constant com.java.TestType.EnterDataFileds.XPH
[DEBUG][2015-10-29 20:31:46,871][com.java.TestType] [ 3633] - For ENTER action type the data field should be TXT
[INFO ][2015-10-29 20:31:46,871][com.java.SeleniumDriver] [  861] -  RESULT false
[INFO ][2015-10-29 20:31:46,871][com.java.SeleniumDriver] [  908] - ?   F A I L   ?
[INFO ][2015-10-29 20:31:46,871][com.java.SeleniumDriver] [  916] - Browser Type : IE11
[INFO ][2015-10-29 20:31:46,871][com.java.SeleniumDriver] [  917] - Adding Failed case4
[INFO ][2015-10-29 20:31:47,671][com.java.SeleniumDriver] [ 1030] - failedCases = 4
[ERROR][2015-10-29 20:31:47,671][com.java.SeleniumDriver] [ 1516] - Platform Errors : Our apologies...::We have encountered an issue with your request.::Our apologies?:We encountered an issue with your request.
[INFO ][2015-10-29 20:31:47,671][com.java.SeleniumDriver] [ 1520] - Length =3
[ERROR][2015-10-29 20:31:47,671][com.java.SeleniumDriver] [ 1523] - Error 0 = Our apologies...
[ERROR][2015-10-29 20:31:47,751][com.java.SeleniumDriver] [ 1523] - Error 1 = We have encountered an issue with your request.
[ERROR][2015-10-29 20:31:47,761][com.java.SeleniumDriver] [ 1523] - Error 2 = Our apologies?:We encountered an issue with your request.
[DEBUG][2015-10-29 20:31:47,791][com.java.SeleniumDriver] [ 1168] - Case found
[DEBUG][2015-10-29 20:31:47,791][com.java.SeleniumDriver] [ 1173] - Incrementing ReportCounters[0]:2
[INFO ][2015-10-29 20:31:47,791][com.java.SeleniumDriver] [ 1192] - The results are-------------------[4, 7, Report Package: Set Up, Fail, 
Test case failed at Step No. :: 7   Error Message ::  For ENTER action type the data field should be TXT. Screen Shot : D:\BankersDashboard\TestReports\102915\4_102915_203146_IE11.png, Thu Oct 29 20:31:47 IST 2015]
[INFO ][2015-10-29 20:31:47,791][com.java.SeleniumDriver] [ 1196] - End time is-------1 min 14 sec
[INFO ][2015-10-29 20:31:47,791][com.java.SeleniumDriver] [ 1197] - The results are-------------------[4, 7, Report Package: Set Up, Fail, 
Test case failed at Step No. :: 7   Error Message ::  For ENTER action type the data field should be TXT. Screen Shot : D:\BankersDashboard\TestReports\102915\4_102915_203146_IE11.png, Thu Oct 29 20:31:47 IST 2015]
[DEBUG][2015-10-29 20:31:47,791][com.java.ImportnExport.ExportTestResultsExcel] [  222] - testResultPath = D:\BankersDashboard/TestReports/Test Results_BankersDashBoard_102915_203035_IE11_Any Bank USA.xls
[DEBUG][2015-10-29 20:31:47,791][com.java.ImportnExport.ExportTestResultsExcel] [  223] - browser is------------IE11
[DEBUG][2015-10-29 20:31:47,791][com.java.ImportnExport.ExportTestResultsExcel] [  270] - result.size() = 6
[DEBUG][2015-10-29 20:31:47,791][com.java.ImportnExport.ExportTestResultsExcel] [  274] - No of rows in sheet=2
[DEBUG][2015-10-29 20:31:47,791][com.java.ImportnExport.ExportTestResultsExcel] [  301] - ..in export..4
[DEBUG][2015-10-29 20:31:47,791][com.java.ImportnExport.ExportTestResultsExcel] [  301] - ..in export..Report Package: Set Up
[DEBUG][2015-10-29 20:31:47,791][com.java.ImportnExport.ExportTestResultsExcel] [  301] - ..in export..Fail
[DEBUG][2015-10-29 20:31:47,791][com.java.ImportnExport.ExportTestResultsExcel] [  301] - ..in export..
Test case failed at Step No. :: 7   Error Message ::  For ENTER action type the data field should be TXT. Screen Shot : D:\BankersDashboard\TestReports\102915\4_102915_203146_IE11.png
[DEBUG][2015-10-29 20:31:47,791][com.java.ImportnExport.ExportTestResultsExcel] [  301] - ..in export..Thu Oct 29 20:31:47 IST 2015
[INFO ][2015-10-29 20:31:47,791][com.java.SeleniumDriver] [ 1255] - out loop:1 size:2 TestCases:[1, 4] testcases:[1, 4]
[INFO ][2015-10-29 20:31:49,792][com.java.SeleniumDriver] [ 1297] - Total Number of Cases:2
[INFO ][2015-10-29 20:31:49,792][com.java.TemplateGenerator] [  302] - Executed:2
[INFO ][2015-10-29 20:31:49,792][com.java.TemplateGenerator] [  303] - Passed:1
[INFO ][2015-10-29 20:31:49,792][com.java.TemplateGenerator] [  304] - Failed:1
[INFO ][2015-10-29 20:31:49,792][com.java.TemplateGenerator] [  305] - Skipeed:0
[INFO ][2015-10-29 20:31:49,792][com.java.TemplateGenerator] [  306] - Application URL:https://clients-xuat.bankersdashboard.com
[INFO ][2015-10-29 20:31:49,792][com.java.TemplateGenerator] [  307] - Start Time:102915_203035
[INFO ][2015-10-29 20:31:49,792][com.java.TemplateGenerator] [  308] -  Creating HTML Report 
[ERROR][2015-10-29 20:31:49,792][com.java.TemplateGenerator] [  409] - Unparseable date: "Thu Oct 29 08:30:35 IST 2015"
[INFO ][2015-10-29 20:31:49,792][com.java.TemplateGenerator] [  654] -  Exporting case :: 1
[INFO ][2015-10-29 20:31:49,792][com.java.TemplateGenerator] [  654] -  Exporting case :: 4
[INFO ][2015-10-29 20:31:49,792][com.java.SeleniumDriver] [ 1346] - End Time:102915_203149
[INFO ][2015-10-29 20:31:49,792][com.java.SeleniumDriver] [ 1349] - Data in Test Execution Details:{1=PASS, 4=FAILTest case failed at Step No. :: 7   Error Message ::  For ENTER action type the data field should be TXT}
[INFO ][2015-10-29 20:31:49,792][com.java.SeleniumDriver] [ 1350] - Data in Failed Execution Deatils:{}
[INFO ][2015-10-29 20:31:49,792][com.java.SeleniumDriver] [ 1352] - ReportCounter:Total:2 :: PASS: 1 ::FAIL: 1
[INFO ][2015-10-29 20:31:49,792][com.java.SeleniumDriver] [ 1353] - FailedReportCounter:Total:0 :: PASS: 0 ::FAIL: 0
[INFO ][2015-10-29 20:31:49,793][com.java.EmailTestReport] [   63] - Sending report mail details:
[INFO ][2015-10-29 20:31:49,793][com.java.EmailTestReport] [   80] - Excel Report Path:D:\BankersDashboard/TestReports/Test Results_BankersDashBoard_102915_203035_IE11_Any Bank USA.xls
[INFO ][2015-10-29 20:31:49,793][com.java.EmailTestReport] [   81] - HTML Report Path:D:\BankersDashboard//TestReports//Test Results_BankersDashBoard_102915_203035_IE11_Any Bank USA.html
[INFO ][2015-10-29 20:31:49,793][com.java.EmailTestReport] [   82] - smtpHostName:mail01.valuelabs.com
[INFO ][2015-10-29 20:31:49,793][com.java.EmailTestReport] [   83] - Recipient:venkateswararao.gubbala@valuelabs.com
[INFO ][2015-10-29 20:31:49,793][com.java.EmailTestReport] [   84] - From:venkateswararao.gubbala@valuelabs.com
[INFO ][2015-10-29 20:31:49,793][com.java.EmailTestReport] [   85] - Subject:DestinationRewards Automation Test Report - Any Bank USA - IE11
[INFO ][2015-10-29 20:31:49,813][com.java.EmailTestReport] [  143] -  Added venkateswararao.gubbala@valuelabs.com
[INFO ][2015-10-29 20:31:52,953][com.java.SeleniumDriver] [  719] - quitting the browser 
[INFO ][2015-10-29 20:31:54,233][com.java.SeleniumDriver] [  263] - Execution Completed Stopping the thread
