[INFO ][2016-02-03 15:31:42,888][com.java.SeleniumDriver] [  213] - Execute Failed Casesfalse
[INFO ][2016-02-03 15:31:42,888][com.java.SeleniumDriver] [  214] - Browser: IE10
[INFO ][2016-02-03 15:31:42,888][com.java.SeleniumDriver] [  215] - [1, 22]
[INFO ][2016-02-03 15:31:42,888][com.java.SeleniumDriver] [  216] - Total TestCases:2
[INFO ][2016-02-03 15:31:42,889][com.java.SeleniumDriver] [  217] -  Reading Properties from Property File 
[DEBUG][2016-02-03 15:31:42,889][com.java.SeleniumDriver] [  238] - url : https://clients-xuat.bankersdashboard.com
[INFO ][2016-02-03 15:31:42,890][com.java.ImportnExport.ExportTestResultsExcel] [  116] - Time Stamp Wed Feb 03 03:31:42 IST 2016
[INFO ][2016-02-03 15:31:42,890][com.java.ImportnExport.ExportTestResultsExcel] [  175] - OUT FILE : D:\BankersDashboard/TestReports/Test Results_BankersDashBoard_020316_153142_IE10_First Bank.xls
[INFO ][2016-02-03 15:31:42,919][com.java.ImportnExport.ExportTestResultsExcel] [  180] - Test Result file is created
[DEBUG][2016-02-03 15:31:43,009][com.java.SeleniumDriver] [  426] - Hub ip address is-------172.17.68.34
[INFO ][2016-02-03 15:31:43,010][com.java.SeleniumDriver] [  452] - Grid URL:http://172.17.68.34:4444/wd/hub
[INFO ][2016-02-03 15:31:43,010][com.java.SeleniumDriver] [  453] - Capability:Capabilities [{platform=ANY, ensureCleanSession=true, ignoreProtectedModeSettings=true, acceptSslCerts=true, ignoreZoomSetting=true, browserName=internet explorer, browserstack.ie.noFlash=true, version=null}]
[ERROR][2016-02-03 15:31:44,336][com.java.SeleniumDriver] [  498] - Unable invoke browser in grid:Could not start a new session. Possible causes are invalid address of the remote server or browser start-up failure.
Build info: version: '2.48.2', revision: '41bccdd', time: '2015-10-09 19:59:12'
System info: host: 'FVTIII438F1D', ip: '172.17.68.34', os.name: 'Windows 7', os.arch: 'x86', os.version: '6.1', java.version: '1.7.0_55'
Driver info: driver.version: SeleniumDriver
[INFO ][2016-02-03 15:31:44,337][com.java.SeleniumDriver] [  500] - Executing on local machine
[INFO ][2016-02-03 15:31:55,111][com.java.SeleniumDriver] [  248] - IE10is opened
[INFO ][2016-02-03 15:31:55,759][com.java.SeleniumDriver] [  756] - Test cases to be executed are: [1, 22]
[INFO ][2016-02-03 15:31:55,784][com.java.ImportnExport.ImportTestDataDetailsExcel] [   49] - test data details path===== D:\BankersDashboard\TestInputs\TestData.xls
[INFO ][2016-02-03 15:31:55,859][com.java.SeleniumDriver] [  856] - ------------------------------------------
[INFO ][2016-02-03 15:31:55,859][com.java.SeleniumDriver] [  857] - Test case being Executed: 1
[INFO ][2016-02-03 15:31:55,859][com.java.SeleniumDriver] [  869] - Test step:1
[INFO ][2016-02-03 15:31:55,859][com.java.SeleniumDriver] [  881] - Datavalue is----------Concept#1:1-16
[INFO ][2016-02-03 15:31:55,859][com.java.SeleniumDriver] [  905] - DataField : test
[INFO ][2016-02-03 15:31:55,860][com.java.SeleniumDriver] [  907] - DataValue : Concept#1:1-16
[INFO ][2016-02-03 15:31:55,860][com.java.SeleniumDriver] [  913] - <In Set values of the page>
[INFO ][2016-02-03 15:31:55,860][com.java.SeleniumDriver] [  916] - {Data Fields & Data Values Exist}
[INFO ][2016-02-03 15:31:55,860][com.java.SeleniumDriver] [  918] - --------------------------setting values-----------------------------
[INFO ][2016-02-03 15:31:55,862][com.java.SeleniumDriver] [  921] - Action Type : ExecuteTestCase
[INFO ][2016-02-03 15:31:55,881][com.java.TestType] [  448] - The Concept sheet name is ---------- Concept
[INFO ][2016-02-03 15:31:55,882][com.java.TestType] [  451] - The Concept ID  is ---------- 1
[DEBUG][2016-02-03 15:31:55,882][com.java.TestType] [  455] - Steps being executted in the Concept are: 1:16
[INFO ][2016-02-03 15:31:55,882][com.java.TestType] [  462] - Test data details path ---------- D:\BankersDashboard\TestInputs\TestData.xls
[INFO ][2016-02-03 15:31:55,905][com.java.TestType] [  493] -  str(1) = 1
[INFO ][2016-02-03 15:31:55,905][com.java.TestType] [  496] - Test case Id is---1
[INFO ][2016-02-03 15:31:55,906][com.java.TestType] [  498] - 1
[INFO ][2016-02-03 15:31:55,906][com.java.TestType] [  493] -  str(2) = 1
[INFO ][2016-02-03 15:31:55,908][com.java.TestType] [  493] -  str(1) = 1
[INFO ][2016-02-03 15:31:55,908][com.java.TestType] [  496] - Test case Id is---1
[INFO ][2016-02-03 15:31:55,909][com.java.TestType] [  498] - 1
[INFO ][2016-02-03 15:31:55,909][com.java.TestType] [  493] -  str(2) = 2
[INFO ][2016-02-03 15:31:55,910][com.java.TestType] [  493] -  str(1) = 1
[INFO ][2016-02-03 15:31:55,910][com.java.TestType] [  496] - Test case Id is---1
[INFO ][2016-02-03 15:31:55,910][com.java.TestType] [  498] - 1
[INFO ][2016-02-03 15:31:55,910][com.java.TestType] [  493] -  str(2) = 3
[INFO ][2016-02-03 15:31:55,912][com.java.TestType] [  493] -  str(1) = 1
[INFO ][2016-02-03 15:31:55,912][com.java.TestType] [  496] - Test case Id is---1
[INFO ][2016-02-03 15:31:55,912][com.java.TestType] [  498] - 1
[INFO ][2016-02-03 15:31:55,912][com.java.TestType] [  493] -  str(2) = 4
[INFO ][2016-02-03 15:31:55,915][com.java.TestType] [  493] -  str(1) = 1
[INFO ][2016-02-03 15:31:55,916][com.java.TestType] [  496] - Test case Id is---1
[INFO ][2016-02-03 15:31:55,916][com.java.TestType] [  498] - 1
[INFO ][2016-02-03 15:31:55,916][com.java.TestType] [  493] -  str(2) = 5
[INFO ][2016-02-03 15:31:55,917][com.java.TestType] [  493] -  str(1) = 1
[INFO ][2016-02-03 15:31:55,917][com.java.TestType] [  496] - Test case Id is---1
[INFO ][2016-02-03 15:31:55,917][com.java.TestType] [  498] - 1
[INFO ][2016-02-03 15:31:55,917][com.java.TestType] [  493] -  str(2) = 6
[INFO ][2016-02-03 15:31:55,919][com.java.TestType] [  493] -  str(1) = 1
[INFO ][2016-02-03 15:31:55,919][com.java.TestType] [  496] - Test case Id is---1
[INFO ][2016-02-03 15:31:55,919][com.java.TestType] [  498] - 1
[INFO ][2016-02-03 15:31:55,920][com.java.TestType] [  493] -  str(2) = 7
[INFO ][2016-02-03 15:31:55,920][com.java.TestType] [  493] -  str(1) = 1
[INFO ][2016-02-03 15:31:55,921][com.java.TestType] [  496] - Test case Id is---1
[INFO ][2016-02-03 15:31:55,921][com.java.TestType] [  498] - 1
[INFO ][2016-02-03 15:31:55,921][com.java.TestType] [  493] -  str(2) = 8
[INFO ][2016-02-03 15:31:55,922][com.java.TestType] [  493] -  str(1) = 1
[INFO ][2016-02-03 15:31:55,922][com.java.TestType] [  496] - Test case Id is---1
[INFO ][2016-02-03 15:31:55,922][com.java.TestType] [  498] - 1
[INFO ][2016-02-03 15:31:55,922][com.java.TestType] [  493] -  str(2) = 9
[INFO ][2016-02-03 15:31:55,923][com.java.TestType] [  493] -  str(1) = 1
[INFO ][2016-02-03 15:31:55,923][com.java.TestType] [  496] - Test case Id is---1
[INFO ][2016-02-03 15:31:55,923][com.java.TestType] [  498] - 1
[INFO ][2016-02-03 15:31:55,923][com.java.TestType] [  493] -  str(2) = 10
[INFO ][2016-02-03 15:31:55,925][com.java.TestType] [  493] -  str(1) = 1
[INFO ][2016-02-03 15:31:55,925][com.java.TestType] [  496] - Test case Id is---1
[INFO ][2016-02-03 15:31:55,925][com.java.TestType] [  498] - 1
[INFO ][2016-02-03 15:31:55,925][com.java.TestType] [  493] -  str(2) = 11
[INFO ][2016-02-03 15:31:55,926][com.java.TestType] [  493] -  str(1) = 1
[INFO ][2016-02-03 15:31:55,926][com.java.TestType] [  496] - Test case Id is---1
[INFO ][2016-02-03 15:31:55,926][com.java.TestType] [  498] - 1
[INFO ][2016-02-03 15:31:55,926][com.java.TestType] [  493] -  str(2) = 12
[INFO ][2016-02-03 15:31:55,927][com.java.TestType] [  493] -  str(1) = 1
[INFO ][2016-02-03 15:31:55,927][com.java.TestType] [  496] - Test case Id is---1
[INFO ][2016-02-03 15:31:55,927][com.java.TestType] [  498] - 1
[INFO ][2016-02-03 15:31:55,928][com.java.TestType] [  493] -  str(2) = 13
[INFO ][2016-02-03 15:31:55,928][com.java.TestType] [  493] -  str(1) = 1
[INFO ][2016-02-03 15:31:55,928][com.java.TestType] [  496] - Test case Id is---1
[INFO ][2016-02-03 15:31:55,928][com.java.TestType] [  498] - 1
[INFO ][2016-02-03 15:31:55,929][com.java.TestType] [  493] -  str(2) = 14
[INFO ][2016-02-03 15:31:55,929][com.java.TestType] [  493] -  str(1) = 1
[INFO ][2016-02-03 15:31:55,929][com.java.TestType] [  496] - Test case Id is---1
[INFO ][2016-02-03 15:31:55,930][com.java.TestType] [  498] - 1
[INFO ][2016-02-03 15:31:55,930][com.java.TestType] [  493] -  str(2) = 15
[INFO ][2016-02-03 15:31:55,931][com.java.TestType] [  493] -  str(1) = 1
[INFO ][2016-02-03 15:31:55,931][com.java.TestType] [  496] - Test case Id is---1
[INFO ][2016-02-03 15:31:55,931][com.java.TestType] [  498] - 1
[INFO ][2016-02-03 15:31:55,931][com.java.TestType] [  493] -  str(2) = 16
[INFO ][2016-02-03 15:31:55,932][com.java.TestType] [11881] - Looping 1TCID = 1
[DEBUG][2016-02-03 15:31:55,932][com.java.TestType] [11922] - Concept ID:1 :: Step being Executed: 1::1
[INFO ][2016-02-03 15:31:55,932][com.java.TestType] [11960] - dataFields : TXTusername
[DEBUG][2016-02-03 15:31:55,932][com.java.TestType] [11966] - <In Set values of the page>
[DEBUG][2016-02-03 15:31:55,932][com.java.TestType] [11971] - {Data Fields & Data Values Exist}
[INFO ][2016-02-03 15:31:55,932][com.java.TestType] [11977] - --------------------------setting values-----------------------------
[INFO ][2016-02-03 15:31:55,932][com.java.TestType] [11980] - Action Type : CLEARANDENTER
[INFO ][2016-02-03 15:31:58,235][com.java.TestType] [ 6575] - value = valuelabs.ie10.15019
[INFO ][2016-02-03 15:32:00,649][com.java.TestType] [11999] -  RESULT true
[INFO ][2016-02-03 15:32:00,649][com.java.TestType] [12116] - ?   P A S S   ?
[DEBUG][2016-02-03 15:32:00,649][com.java.TestType] [11922] - Concept ID:1 :: Step being Executed: 1::2
[INFO ][2016-02-03 15:32:00,649][com.java.TestType] [11960] - dataFields : TXTpassword
[DEBUG][2016-02-03 15:32:00,649][com.java.TestType] [11966] - <In Set values of the page>
[DEBUG][2016-02-03 15:32:00,650][com.java.TestType] [11971] - {Data Fields & Data Values Exist}
[INFO ][2016-02-03 15:32:00,650][com.java.TestType] [11977] - --------------------------setting values-----------------------------
[INFO ][2016-02-03 15:32:00,650][com.java.TestType] [11980] - Action Type : CLEARANDENTER
[INFO ][2016-02-03 15:32:02,916][com.java.TestType] [ 6575] - value = Password1*
[INFO ][2016-02-03 15:32:05,457][com.java.TestType] [11999] -  RESULT true
[INFO ][2016-02-03 15:32:05,457][com.java.TestType] [12116] - ?   P A S S   ?
[DEBUG][2016-02-03 15:32:05,457][com.java.TestType] [11922] - Concept ID:1 :: Step being Executed: 1::3
[ERROR][2016-02-03 15:32:05,457][com.java.TestType] [11955] - Exception: null
[INFO ][2016-02-03 15:32:05,458][com.java.TestType] [11960] - dataFields : XPH//button[@type='submit']
[DEBUG][2016-02-03 15:32:05,458][com.java.TestType] [11966] - <In Set values of the page>
[DEBUG][2016-02-03 15:32:05,458][com.java.TestType] [11971] - {Data Fields & Data Values Exist}
[INFO ][2016-02-03 15:32:05,458][com.java.TestType] [11977] - --------------------------setting values-----------------------------
[INFO ][2016-02-03 15:32:05,458][com.java.TestType] [11980] - Action Type : Click
[INFO ][2016-02-03 15:32:05,458][com.java.TestType] [ 6954] - Field ::XPH//button[@type='submit']
[INFO ][2016-02-03 15:32:05,458][com.java.TestType] [ 6575] - value = 
[INFO ][2016-02-03 15:32:06,458][com.java.TestType] [ 7127] - BEFORE CLICK
[INFO ][2016-02-03 15:32:07,318][com.java.TestType] [ 7135] - Unable to click the object Login
[INFO ][2016-02-03 15:32:07,318][com.java.TestType] [11999] -  RESULT true
[INFO ][2016-02-03 15:32:07,318][com.java.TestType] [12116] - ?   P A S S   ?
[DEBUG][2016-02-03 15:32:07,318][com.java.TestType] [11922] - Concept ID:1 :: Step being Executed: 1::4
[INFO ][2016-02-03 15:32:07,318][com.java.TestType] [11960] - dataFields : LNKLogout
[DEBUG][2016-02-03 15:32:07,318][com.java.TestType] [11966] - <In Set values of the page>
[DEBUG][2016-02-03 15:32:07,318][com.java.TestType] [11971] - {Data Fields & Data Values Exist}
[INFO ][2016-02-03 15:32:07,318][com.java.TestType] [11977] - --------------------------setting values-----------------------------
[INFO ][2016-02-03 15:32:07,318][com.java.TestType] [11980] - Action Type : WaitForElement
[INFO ][2016-02-03 15:32:10,839][com.java.TestType] [11999] -  RESULT true
[INFO ][2016-02-03 15:32:10,839][com.java.TestType] [12116] - ?   P A S S   ?
[DEBUG][2016-02-03 15:32:10,839][com.java.TestType] [11922] - Concept ID:1 :: Step being Executed: 1::15
[INFO ][2016-02-03 15:32:10,839][com.java.TestType] [11960] - dataFields : LNK
[DEBUG][2016-02-03 15:32:10,840][com.java.TestType] [11966] - <In Set values of the page>
[DEBUG][2016-02-03 15:32:10,840][com.java.TestType] [11971] - {Data Fields & Data Values Exist}
[INFO ][2016-02-03 15:32:10,840][com.java.TestType] [11977] - --------------------------setting values-----------------------------
[INFO ][2016-02-03 15:32:10,841][com.java.TestType] [11980] - Action Type : Verify
[INFO ][2016-02-03 15:32:10,841][com.java.TestType] [ 8186] - field= LNK value= Logout
[INFO ][2016-02-03 15:32:10,842][com.java.TestType] [ 6575] - value = Logout
[INFO ][2016-02-03 15:32:11,079][com.java.TestType] [11999] -  RESULT true
[INFO ][2016-02-03 15:32:11,079][com.java.TestType] [12116] - ?   P A S S   ?
[DEBUG][2016-02-03 15:32:11,079][com.java.TestType] [11922] - Concept ID:1 :: Step being Executed: 1::16
[INFO ][2016-02-03 15:32:11,079][com.java.TestType] [11960] - dataFields : BTN
[DEBUG][2016-02-03 15:32:11,079][com.java.TestType] [11966] - <In Set values of the page>
[DEBUG][2016-02-03 15:32:11,080][com.java.TestType] [11971] - {Data Fields & Data Values Exist}
[INFO ][2016-02-03 15:32:11,080][com.java.TestType] [11977] - --------------------------setting values-----------------------------
[INFO ][2016-02-03 15:32:11,080][com.java.TestType] [11980] - Action Type : Verify
[INFO ][2016-02-03 15:32:11,080][com.java.TestType] [ 8186] - field= BTN value= //img[contains(@src,'bdlogo.jpg')]
[INFO ][2016-02-03 15:32:11,080][com.java.TestType] [ 6575] - value = //img[contains(@src,'bdlogo.jpg')]
[INFO ][2016-02-03 15:32:11,152][com.java.TestType] [11999] -  RESULT true
[INFO ][2016-02-03 15:32:11,152][com.java.TestType] [12116] - ?   P A S S   ?
[INFO ][2016-02-03 15:32:11,152][com.java.TestType] [12187] - Looping End......
[INFO ][2016-02-03 15:32:11,153][com.java.SeleniumDriver] [  930] -  RESULT true
[INFO ][2016-02-03 15:32:11,154][com.java.SeleniumDriver] [ 1136] - ?   P A S S   ?
[INFO ][2016-02-03 15:32:11,154][com.java.SeleniumDriver] [  856] - ------------------------------------------
[INFO ][2016-02-03 15:32:11,154][com.java.SeleniumDriver] [  857] - Test case being Executed: 1
[INFO ][2016-02-03 15:32:11,154][com.java.SeleniumDriver] [  869] - Test step:2
[INFO ][2016-02-03 15:32:11,154][com.java.SeleniumDriver] [  881] - Datavalue is----------Concept#2:1-2
[INFO ][2016-02-03 15:32:11,154][com.java.SeleniumDriver] [  905] - DataField : test
[INFO ][2016-02-03 15:32:11,154][com.java.SeleniumDriver] [  907] - DataValue : Concept#2:1-2
[INFO ][2016-02-03 15:32:11,154][com.java.SeleniumDriver] [  913] - <In Set values of the page>
[INFO ][2016-02-03 15:32:11,154][com.java.SeleniumDriver] [  916] - {Data Fields & Data Values Exist}
[INFO ][2016-02-03 15:32:11,154][com.java.SeleniumDriver] [  918] - --------------------------setting values-----------------------------
[INFO ][2016-02-03 15:32:11,154][com.java.SeleniumDriver] [  921] - Action Type : ExecuteTestCase
[INFO ][2016-02-03 15:32:11,155][com.java.TestType] [  448] - The Concept sheet name is ---------- Concept
[INFO ][2016-02-03 15:32:11,155][com.java.TestType] [  451] - The Concept ID  is ---------- 2
[DEBUG][2016-02-03 15:32:11,155][com.java.TestType] [  455] - Steps being executted in the Concept are: 1:2
[INFO ][2016-02-03 15:32:11,155][com.java.TestType] [  462] - Test data details path ---------- D:\BankersDashboard\TestInputs\TestData.xls
[INFO ][2016-02-03 15:32:11,172][com.java.TestType] [  493] -  str(1) = 2
[INFO ][2016-02-03 15:32:11,172][com.java.TestType] [  496] - Test case Id is---2
[INFO ][2016-02-03 15:32:11,172][com.java.TestType] [  498] - 2
[INFO ][2016-02-03 15:32:11,172][com.java.TestType] [  493] -  str(2) = 1
[INFO ][2016-02-03 15:32:11,174][com.java.TestType] [  493] -  str(1) = 2
[INFO ][2016-02-03 15:32:11,174][com.java.TestType] [  496] - Test case Id is---2
[INFO ][2016-02-03 15:32:11,174][com.java.TestType] [  498] - 2
[INFO ][2016-02-03 15:32:11,174][com.java.TestType] [  493] -  str(2) = 2
[INFO ][2016-02-03 15:32:11,175][com.java.TestType] [  493] -  str(1) = 2
[INFO ][2016-02-03 15:32:11,175][com.java.TestType] [  496] - Test case Id is---2
[INFO ][2016-02-03 15:32:11,175][com.java.TestType] [  498] - 2
[INFO ][2016-02-03 15:32:11,175][com.java.TestType] [  493] -  str(2) = 3
[INFO ][2016-02-03 15:32:11,176][com.java.TestType] [11881] - Looping 1TCID = 2
[DEBUG][2016-02-03 15:32:11,176][com.java.TestType] [11922] - Concept ID:2 :: Step being Executed: 2::1
[INFO ][2016-02-03 15:32:11,176][com.java.TestType] [11960] - dataFields : BNK//select[@id='bank']
[DEBUG][2016-02-03 15:32:11,176][com.java.TestType] [11966] - <In Set values of the page>
[DEBUG][2016-02-03 15:32:11,176][com.java.TestType] [11971] - {Data Fields & Data Values Exist}
[INFO ][2016-02-03 15:32:11,176][com.java.TestType] [11977] - --------------------------setting values-----------------------------
[INFO ][2016-02-03 15:32:11,176][com.java.TestType] [11980] - Action Type : Select
[INFO ][2016-02-03 15:32:11,176][com.java.TestType] [ 6575] - value = PFC
[INFO ][2016-02-03 15:32:12,096][com.java.TestType] [11999] -  RESULT true
[INFO ][2016-02-03 15:32:12,096][com.java.TestType] [12116] - ?   P A S S   ?
[DEBUG][2016-02-03 15:32:12,096][com.java.TestType] [11922] - Concept ID:2 :: Step being Executed: 2::2
[INFO ][2016-02-03 15:32:12,096][com.java.TestType] [11960] - dataFields : LNKLogout
[DEBUG][2016-02-03 15:32:12,096][com.java.TestType] [11966] - <In Set values of the page>
[DEBUG][2016-02-03 15:32:12,096][com.java.TestType] [11971] - {Data Fields & Data Values Exist}
[INFO ][2016-02-03 15:32:12,097][com.java.TestType] [11977] - --------------------------setting values-----------------------------
[INFO ][2016-02-03 15:32:12,097][com.java.TestType] [11980] - Action Type : WaitTime
[DEBUG][2016-02-03 15:32:12,097][com.java.TestType] [ 6389] - sleepTime: 5000
[INFO ][2016-02-03 15:32:17,097][com.java.TestType] [11999] -  RESULT true
[INFO ][2016-02-03 15:32:17,097][com.java.TestType] [12116] - ?   P A S S   ?
[INFO ][2016-02-03 15:32:17,097][com.java.TestType] [12187] - Looping End......
[INFO ][2016-02-03 15:32:17,098][com.java.SeleniumDriver] [  930] -  RESULT true
[INFO ][2016-02-03 15:32:17,100][com.java.SeleniumDriver] [ 1136] - ?   P A S S   ?
[INFO ][2016-02-03 15:32:17,100][com.java.SeleniumDriver] [  856] - ------------------------------------------
[INFO ][2016-02-03 15:32:17,100][com.java.SeleniumDriver] [  857] - Test case being Executed: 1
[INFO ][2016-02-03 15:32:17,100][com.java.SeleniumDriver] [  869] - Test step:3
[INFO ][2016-02-03 15:32:17,100][com.java.SeleniumDriver] [  881] - Datavalue is----------2
[INFO ][2016-02-03 15:32:17,100][com.java.SeleniumDriver] [  905] - DataField : XPH//button[contains(text(),'Add Content')]
[INFO ][2016-02-03 15:32:17,100][com.java.SeleniumDriver] [  907] - DataValue : 2
[INFO ][2016-02-03 15:32:17,100][com.java.SeleniumDriver] [  913] - <In Set values of the page>
[INFO ][2016-02-03 15:32:17,100][com.java.SeleniumDriver] [  916] - {Data Fields & Data Values Exist}
[INFO ][2016-02-03 15:32:17,100][com.java.SeleniumDriver] [  918] - --------------------------setting values-----------------------------
[INFO ][2016-02-03 15:32:17,101][com.java.SeleniumDriver] [  921] - Action Type : WAITFORELEMENT
[INFO ][2016-02-03 15:32:17,147][com.java.SeleniumDriver] [  930] -  RESULT true
[INFO ][2016-02-03 15:32:17,147][com.java.SeleniumDriver] [ 1136] - ?   P A S S   ?
[DEBUG][2016-02-03 15:32:17,147][com.java.SeleniumDriver] [ 1248] - Case found
[DEBUG][2016-02-03 15:32:17,147][com.java.SeleniumDriver] [ 1253] - Incrementing ReportCounters[0]:1
[INFO ][2016-02-03 15:32:17,149][com.java.SeleniumDriver] [ 1272] - The results are-------------------[1, 1, Valid Login, Pass, , Wed Feb 03 15:32:11 IST 2016, 1, 2, Valid Login, Pass, , Wed Feb 03 15:32:17 IST 2016, 1, 3, Valid Login, Pass, , Wed Feb 03 15:32:17 IST 2016]
[INFO ][2016-02-03 15:32:17,149][com.java.SeleniumDriver] [ 1276] - End time is-------36 sec
[INFO ][2016-02-03 15:32:17,149][com.java.SeleniumDriver] [ 1277] - The results are-------------------[1, 1, Valid Login, Pass, , Wed Feb 03 15:32:11 IST 2016, 1, 2, Valid Login, Pass, , Wed Feb 03 15:32:17 IST 2016, 1, 3, Valid Login, Pass, , Wed Feb 03 15:32:17 IST 2016]
[DEBUG][2016-02-03 15:32:17,149][com.java.ImportnExport.ExportTestResultsExcel] [  222] - testResultPath = D:\BankersDashboard/TestReports/Test Results_BankersDashBoard_020316_153142_IE10_First Bank.xls
[DEBUG][2016-02-03 15:32:17,149][com.java.ImportnExport.ExportTestResultsExcel] [  223] - browser is------------IE10
[DEBUG][2016-02-03 15:32:17,197][com.java.ImportnExport.ExportTestResultsExcel] [  270] - result.size() = 18
[DEBUG][2016-02-03 15:32:17,197][com.java.ImportnExport.ExportTestResultsExcel] [  274] - No of rows in sheet=1
[DEBUG][2016-02-03 15:32:17,197][com.java.ImportnExport.ExportTestResultsExcel] [  301] - ..in export..1
[DEBUG][2016-02-03 15:32:17,197][com.java.ImportnExport.ExportTestResultsExcel] [  301] - ..in export..Valid Login
[DEBUG][2016-02-03 15:32:17,197][com.java.ImportnExport.ExportTestResultsExcel] [  301] - ..in export..Pass
[DEBUG][2016-02-03 15:32:17,197][com.java.ImportnExport.ExportTestResultsExcel] [  301] - ..in export..
[DEBUG][2016-02-03 15:32:17,197][com.java.ImportnExport.ExportTestResultsExcel] [  301] - ..in export..Wed Feb 03 15:32:11 IST 2016
[INFO ][2016-02-03 15:32:17,199][com.java.SeleniumDriver] [ 1337] - out loop:0 size:2 TestCases:[1, 22] testcases:[1, 22]
[INFO ][2016-02-03 15:32:17,199][com.java.ImportnExport.ImportTestDataDetailsExcel] [   49] - test data details path===== D:\BankersDashboard\TestInputs\TestData.xls
[INFO ][2016-02-03 15:32:38,071][com.java.SeleniumDriver] [  856] - ------------------------------------------
[INFO ][2016-02-03 15:32:38,071][com.java.SeleniumDriver] [  857] - Test case being Executed: 22
[INFO ][2016-02-03 15:32:38,071][com.java.SeleniumDriver] [  869] - Test step:1
[INFO ][2016-02-03 15:32:38,071][com.java.SeleniumDriver] [  881] - Datavalue is----------Logout
[INFO ][2016-02-03 15:32:38,071][com.java.SeleniumDriver] [  905] - DataField : BTN
[INFO ][2016-02-03 15:32:38,071][com.java.SeleniumDriver] [  907] - DataValue : Logout
[INFO ][2016-02-03 15:32:38,071][com.java.SeleniumDriver] [  913] - <In Set values of the page>
[INFO ][2016-02-03 15:32:38,071][com.java.SeleniumDriver] [  916] - {Data Fields & Data Values Exist}
[INFO ][2016-02-03 15:32:38,071][com.java.SeleniumDriver] [  918] - --------------------------setting values-----------------------------
[INFO ][2016-02-03 15:32:38,071][com.java.SeleniumDriver] [  921] - Action Type : Verify
[INFO ][2016-02-03 15:32:38,071][com.java.TestType] [ 8186] - field= BTN value= Logout
[INFO ][2016-02-03 15:32:38,071][com.java.TestType] [ 6575] - value = Logout
[INFO ][2016-02-03 15:32:38,163][com.java.SeleniumDriver] [  930] -  RESULT true
[INFO ][2016-02-03 15:32:38,163][com.java.SeleniumDriver] [ 1136] - ?   P A S S   ?
[INFO ][2016-02-03 15:32:38,163][com.java.SeleniumDriver] [ 1178] - step change to 3
[INFO ][2016-02-03 15:32:38,163][com.java.SeleniumDriver] [  856] - ------------------------------------------
[INFO ][2016-02-03 15:32:38,163][com.java.SeleniumDriver] [  857] - Test case being Executed: 22
[INFO ][2016-02-03 15:32:38,164][com.java.SeleniumDriver] [  869] - Test step:3
[INFO ][2016-02-03 15:32:38,164][com.java.SeleniumDriver] [  881] - Datavalue is----------Concept#2:1-2
[INFO ][2016-02-03 15:32:38,164][com.java.SeleniumDriver] [  905] - DataField : test
[INFO ][2016-02-03 15:32:38,164][com.java.SeleniumDriver] [  907] - DataValue : Concept#2:1-2
[INFO ][2016-02-03 15:32:38,164][com.java.SeleniumDriver] [  913] - <In Set values of the page>
[INFO ][2016-02-03 15:32:38,164][com.java.SeleniumDriver] [  916] - {Data Fields & Data Values Exist}
[INFO ][2016-02-03 15:32:38,164][com.java.SeleniumDriver] [  918] - --------------------------setting values-----------------------------
[INFO ][2016-02-03 15:32:38,164][com.java.SeleniumDriver] [  921] - Action Type : ExecuteTestCase
[INFO ][2016-02-03 15:32:38,164][com.java.TestType] [  448] - The Concept sheet name is ---------- Concept
[INFO ][2016-02-03 15:32:38,164][com.java.TestType] [  451] - The Concept ID  is ---------- 2
[DEBUG][2016-02-03 15:32:38,164][com.java.TestType] [  455] - Steps being executted in the Concept are: 1:2
[INFO ][2016-02-03 15:32:38,164][com.java.TestType] [  462] - Test data details path ---------- D:\BankersDashboard\TestInputs\TestData.xls
[INFO ][2016-02-03 15:32:38,181][com.java.TestType] [  493] -  str(1) = 2
[INFO ][2016-02-03 15:32:38,181][com.java.TestType] [  496] - Test case Id is---2
[INFO ][2016-02-03 15:32:38,181][com.java.TestType] [  498] - 2
[INFO ][2016-02-03 15:32:38,182][com.java.TestType] [  493] -  str(2) = 1
[INFO ][2016-02-03 15:32:38,183][com.java.TestType] [  493] -  str(1) = 2
[INFO ][2016-02-03 15:32:38,183][com.java.TestType] [  496] - Test case Id is---2
[INFO ][2016-02-03 15:32:38,183][com.java.TestType] [  498] - 2
[INFO ][2016-02-03 15:32:38,183][com.java.TestType] [  493] -  str(2) = 2
[INFO ][2016-02-03 15:32:38,184][com.java.TestType] [  493] -  str(1) = 2
[INFO ][2016-02-03 15:32:38,184][com.java.TestType] [  496] - Test case Id is---2
[INFO ][2016-02-03 15:32:38,184][com.java.TestType] [  498] - 2
[INFO ][2016-02-03 15:32:38,184][com.java.TestType] [  493] -  str(2) = 3
[INFO ][2016-02-03 15:32:38,185][com.java.TestType] [11881] - Looping 1TCID = 2
[DEBUG][2016-02-03 15:32:38,185][com.java.TestType] [11922] - Concept ID:2 :: Step being Executed: 2::1
[INFO ][2016-02-03 15:32:38,185][com.java.TestType] [11960] - dataFields : BNK//select[@id='bank']
[DEBUG][2016-02-03 15:32:38,185][com.java.TestType] [11966] - <In Set values of the page>
[DEBUG][2016-02-03 15:32:38,185][com.java.TestType] [11971] - {Data Fields & Data Values Exist}
[INFO ][2016-02-03 15:32:38,185][com.java.TestType] [11977] - --------------------------setting values-----------------------------
[INFO ][2016-02-03 15:32:38,185][com.java.TestType] [11980] - Action Type : Select
[INFO ][2016-02-03 15:32:38,185][com.java.TestType] [ 6575] - value = PFC
[INFO ][2016-02-03 15:32:38,391][com.java.TestType] [11999] -  RESULT true
[INFO ][2016-02-03 15:32:38,391][com.java.TestType] [12116] - ?   P A S S   ?
[DEBUG][2016-02-03 15:32:38,391][com.java.TestType] [11922] - Concept ID:2 :: Step being Executed: 2::2
[INFO ][2016-02-03 15:32:38,391][com.java.TestType] [11960] - dataFields : LNKLogout
[DEBUG][2016-02-03 15:32:38,391][com.java.TestType] [11966] - <In Set values of the page>
[DEBUG][2016-02-03 15:32:38,391][com.java.TestType] [11971] - {Data Fields & Data Values Exist}
[INFO ][2016-02-03 15:32:38,391][com.java.TestType] [11977] - --------------------------setting values-----------------------------
[INFO ][2016-02-03 15:32:38,391][com.java.TestType] [11980] - Action Type : WaitTime
[DEBUG][2016-02-03 15:32:38,392][com.java.TestType] [ 6389] - sleepTime: 5000
[INFO ][2016-02-03 15:32:43,392][com.java.TestType] [11999] -  RESULT true
[INFO ][2016-02-03 15:32:43,392][com.java.TestType] [12116] - ?   P A S S   ?
[INFO ][2016-02-03 15:32:43,392][com.java.TestType] [12187] - Looping End......
[INFO ][2016-02-03 15:32:43,393][com.java.SeleniumDriver] [  930] -  RESULT true
[INFO ][2016-02-03 15:32:43,393][com.java.SeleniumDriver] [ 1136] - ?   P A S S   ?
[INFO ][2016-02-03 15:32:43,393][com.java.SeleniumDriver] [  856] - ------------------------------------------
[INFO ][2016-02-03 15:32:43,393][com.java.SeleniumDriver] [  857] - Test case being Executed: 22
[INFO ][2016-02-03 15:32:43,394][com.java.SeleniumDriver] [  869] - Test step:4
[INFO ][2016-02-03 15:32:43,394][com.java.SeleniumDriver] [  881] - Datavalue is----------null
[DEBUG][2016-02-03 15:32:43,394][com.java.SeleniumDriver] [  899] - Exception: null
[INFO ][2016-02-03 15:32:43,394][com.java.SeleniumDriver] [  905] - DataField : //span[@class='icon-cog2']&&//a[@data-id="UserSettings"]
[INFO ][2016-02-03 15:32:43,395][com.java.SeleniumDriver] [  907] - DataValue : 
[INFO ][2016-02-03 15:32:43,395][com.java.SeleniumDriver] [  913] - <In Set values of the page>
[INFO ][2016-02-03 15:32:43,396][com.java.SeleniumDriver] [  916] - {Data Fields & Data Values Exist}
[INFO ][2016-02-03 15:32:43,396][com.java.SeleniumDriver] [  918] - --------------------------setting values-----------------------------
[INFO ][2016-02-03 15:32:43,396][com.java.SeleniumDriver] [  921] - Action Type : MOUSEOVER
[INFO ][2016-02-03 15:33:24,324][com.java.SeleniumDriver] [  930] -  RESULT true
[INFO ][2016-02-03 15:33:24,324][com.java.SeleniumDriver] [ 1136] - ?   P A S S   ?
[INFO ][2016-02-03 15:33:24,324][com.java.SeleniumDriver] [  856] - ------------------------------------------
[INFO ][2016-02-03 15:33:24,324][com.java.SeleniumDriver] [  857] - Test case being Executed: 22
[INFO ][2016-02-03 15:33:24,324][com.java.SeleniumDriver] [  869] - Test step:5
[INFO ][2016-02-03 15:33:24,324][com.java.SeleniumDriver] [  881] - Datavalue is----------2
[INFO ][2016-02-03 15:33:24,324][com.java.SeleniumDriver] [  905] - DataField : BTNframeDialogContent
[INFO ][2016-02-03 15:33:24,325][com.java.SeleniumDriver] [  907] - DataValue : 2
[INFO ][2016-02-03 15:33:24,325][com.java.SeleniumDriver] [  913] - <In Set values of the page>
[INFO ][2016-02-03 15:33:24,325][com.java.SeleniumDriver] [  916] - {Data Fields & Data Values Exist}
[INFO ][2016-02-03 15:33:24,325][com.java.SeleniumDriver] [  918] - --------------------------setting values-----------------------------
[INFO ][2016-02-03 15:33:24,325][com.java.SeleniumDriver] [  921] - Action Type : WAITFORELEMENT
[INFO ][2016-02-03 15:33:25,570][com.java.SeleniumDriver] [  930] -  RESULT true
[INFO ][2016-02-03 15:33:25,570][com.java.SeleniumDriver] [ 1136] - ?   P A S S   ?
[INFO ][2016-02-03 15:33:25,570][com.java.SeleniumDriver] [  856] - ------------------------------------------
[INFO ][2016-02-03 15:33:25,570][com.java.SeleniumDriver] [  857] - Test case being Executed: 22
[INFO ][2016-02-03 15:33:25,570][com.java.SeleniumDriver] [  869] - Test step:6
[INFO ][2016-02-03 15:33:25,571][com.java.SeleniumDriver] [  881] - Datavalue is----------User Settings
[INFO ][2016-02-03 15:33:25,571][com.java.SeleniumDriver] [  905] - DataField : XPH//span[@class="ui-dialog-title"]
[INFO ][2016-02-03 15:33:25,571][com.java.SeleniumDriver] [  907] - DataValue : User Settings
[INFO ][2016-02-03 15:33:25,571][com.java.SeleniumDriver] [  913] - <In Set values of the page>
[INFO ][2016-02-03 15:33:25,571][com.java.SeleniumDriver] [  916] - {Data Fields & Data Values Exist}
[INFO ][2016-02-03 15:33:25,571][com.java.SeleniumDriver] [  918] - --------------------------setting values-----------------------------
[INFO ][2016-02-03 15:33:25,571][com.java.SeleniumDriver] [  921] - Action Type : VERIFY
[INFO ][2016-02-03 15:33:25,571][com.java.TestType] [ 8186] - field= XPH//span[@class="ui-dialog-title"] value= User Settings
[INFO ][2016-02-03 15:33:25,571][com.java.TestType] [ 6575] - value = User Settings
[INFO ][2016-02-03 15:33:25,687][com.java.SeleniumDriver] [  930] -  RESULT true
[INFO ][2016-02-03 15:33:25,687][com.java.SeleniumDriver] [ 1136] - ?   P A S S   ?
[INFO ][2016-02-03 15:33:25,687][com.java.SeleniumDriver] [  856] - ------------------------------------------
[INFO ][2016-02-03 15:33:25,687][com.java.SeleniumDriver] [  857] - Test case being Executed: 22
[INFO ][2016-02-03 15:33:25,687][com.java.SeleniumDriver] [  869] - Test step:7
[INFO ][2016-02-03 15:33:25,687][com.java.SeleniumDriver] [  881] - Datavalue is----------null
[DEBUG][2016-02-03 15:33:25,688][com.java.SeleniumDriver] [  899] - Exception: null
[INFO ][2016-02-03 15:33:25,688][com.java.SeleniumDriver] [  905] - DataField : BTNframeDialogContent
[INFO ][2016-02-03 15:33:25,688][com.java.SeleniumDriver] [  907] - DataValue : 
[INFO ][2016-02-03 15:33:25,688][com.java.SeleniumDriver] [  913] - <In Set values of the page>
[INFO ][2016-02-03 15:33:25,688][com.java.SeleniumDriver] [  916] - {Data Fields & Data Values Exist}
[INFO ][2016-02-03 15:33:25,688][com.java.SeleniumDriver] [  918] - --------------------------setting values-----------------------------
[INFO ][2016-02-03 15:33:25,688][com.java.SeleniumDriver] [  921] - Action Type : SELECTFRAME
[INFO ][2016-02-03 15:33:27,016][com.java.SeleniumDriver] [  930] -  RESULT true
[INFO ][2016-02-03 15:33:27,016][com.java.SeleniumDriver] [ 1136] - ?   P A S S   ?
[INFO ][2016-02-03 15:33:27,016][com.java.SeleniumDriver] [  856] - ------------------------------------------
[INFO ][2016-02-03 15:33:27,016][com.java.SeleniumDriver] [  857] - Test case being Executed: 22
[INFO ][2016-02-03 15:33:27,016][com.java.SeleniumDriver] [  869] - Test step:8
[INFO ][2016-02-03 15:33:27,016][com.java.SeleniumDriver] [  881] - Datavalue is----------No
[INFO ][2016-02-03 15:33:27,016][com.java.SeleniumDriver] [  905] - DataField : SLBddlPDFToScreen
[INFO ][2016-02-03 15:33:27,016][com.java.SeleniumDriver] [  907] - DataValue : No
[INFO ][2016-02-03 15:33:27,017][com.java.SeleniumDriver] [  913] - <In Set values of the page>
[INFO ][2016-02-03 15:33:27,017][com.java.SeleniumDriver] [  916] - {Data Fields & Data Values Exist}
[INFO ][2016-02-03 15:33:27,017][com.java.SeleniumDriver] [  918] - --------------------------setting values-----------------------------
[INFO ][2016-02-03 15:33:27,017][com.java.SeleniumDriver] [  921] - Action Type : SELECT
[INFO ][2016-02-03 15:33:27,017][com.java.TestType] [ 6575] - value = No
[INFO ][2016-02-03 15:33:29,398][com.java.SeleniumDriver] [  930] -  RESULT true
[INFO ][2016-02-03 15:33:29,398][com.java.SeleniumDriver] [ 1136] - ?   P A S S   ?
[INFO ][2016-02-03 15:33:29,398][com.java.SeleniumDriver] [  856] - ------------------------------------------
[INFO ][2016-02-03 15:33:29,398][com.java.SeleniumDriver] [  857] - Test case being Executed: 22
[INFO ][2016-02-03 15:33:29,398][com.java.SeleniumDriver] [  869] - Test step:9
[INFO ][2016-02-03 15:33:29,398][com.java.SeleniumDriver] [  881] - Datavalue is----------null
[DEBUG][2016-02-03 15:33:29,399][com.java.SeleniumDriver] [  899] - Exception: null
[INFO ][2016-02-03 15:33:29,399][com.java.SeleniumDriver] [  905] - DataField : BTNparent
[INFO ][2016-02-03 15:33:29,399][com.java.SeleniumDriver] [  907] - DataValue : 
[INFO ][2016-02-03 15:33:29,399][com.java.SeleniumDriver] [  913] - <In Set values of the page>
[INFO ][2016-02-03 15:33:29,399][com.java.SeleniumDriver] [  916] - {Data Fields & Data Values Exist}
[INFO ][2016-02-03 15:33:29,399][com.java.SeleniumDriver] [  918] - --------------------------setting values-----------------------------
[INFO ][2016-02-03 15:33:29,399][com.java.SeleniumDriver] [  921] - Action Type : SELECTFRAME
[INFO ][2016-02-03 15:33:29,415][com.java.SeleniumDriver] [  930] -  RESULT true
[INFO ][2016-02-03 15:33:29,415][com.java.SeleniumDriver] [ 1136] - ?   P A S S   ?
[INFO ][2016-02-03 15:33:29,415][com.java.SeleniumDriver] [  856] - ------------------------------------------
[INFO ][2016-02-03 15:33:29,415][com.java.SeleniumDriver] [  857] - Test case being Executed: 22
[INFO ][2016-02-03 15:33:29,415][com.java.SeleniumDriver] [  869] - Test step:10
[INFO ][2016-02-03 15:33:29,415][com.java.SeleniumDriver] [  881] - Datavalue is----------null
[DEBUG][2016-02-03 15:33:29,415][com.java.SeleniumDriver] [  899] - Exception: null
[INFO ][2016-02-03 15:33:29,417][com.java.SeleniumDriver] [  905] - DataField : HDN//span[@class="ui-button-text" and contains(text(),'Finished')]
[INFO ][2016-02-03 15:33:29,417][com.java.SeleniumDriver] [  907] - DataValue : 
[INFO ][2016-02-03 15:33:29,417][com.java.SeleniumDriver] [  913] - <In Set values of the page>
[INFO ][2016-02-03 15:33:29,417][com.java.SeleniumDriver] [  916] - {Data Fields & Data Values Exist}
[INFO ][2016-02-03 15:33:29,417][com.java.SeleniumDriver] [  918] - --------------------------setting values-----------------------------
[INFO ][2016-02-03 15:33:29,417][com.java.SeleniumDriver] [  921] - Action Type : CLICK
[INFO ][2016-02-03 15:33:29,417][com.java.TestType] [ 6954] - Field ::HDN//span[@class="ui-button-text" and contains(text(),'Finished')]
[INFO ][2016-02-03 15:33:29,417][com.java.TestType] [ 6575] - value = 
[INFO ][2016-02-03 15:33:30,590][com.java.SeleniumDriver] [  930] -  RESULT true
[INFO ][2016-02-03 15:33:30,590][com.java.SeleniumDriver] [ 1136] - ?   P A S S   ?
[INFO ][2016-02-03 15:33:30,590][com.java.SeleniumDriver] [  856] - ------------------------------------------
[INFO ][2016-02-03 15:33:30,590][com.java.SeleniumDriver] [  857] - Test case being Executed: 22
[INFO ][2016-02-03 15:33:30,590][com.java.SeleniumDriver] [  869] - Test step:11
[INFO ][2016-02-03 15:33:30,590][com.java.SeleniumDriver] [  881] - Datavalue is----------null
[DEBUG][2016-02-03 15:33:30,590][com.java.SeleniumDriver] [  899] - Exception: null
[INFO ][2016-02-03 15:33:30,590][com.java.SeleniumDriver] [  905] - DataField : BTNcloseAllTabs
[INFO ][2016-02-03 15:33:30,591][com.java.SeleniumDriver] [  907] - DataValue : 
[INFO ][2016-02-03 15:33:30,591][com.java.SeleniumDriver] [  913] - <In Set values of the page>
[INFO ][2016-02-03 15:33:30,591][com.java.SeleniumDriver] [  916] - {Data Fields & Data Values Exist}
[INFO ][2016-02-03 15:33:30,591][com.java.SeleniumDriver] [  918] - --------------------------setting values-----------------------------
[INFO ][2016-02-03 15:33:30,591][com.java.SeleniumDriver] [  921] - Action Type : CLICK
[INFO ][2016-02-03 15:33:30,591][com.java.TestType] [ 6954] - Field ::BTNcloseAllTabs
[INFO ][2016-02-03 15:33:30,591][com.java.TestType] [ 6575] - value = 
[INFO ][2016-02-03 15:33:31,591][com.java.TestType] [ 7106] - BEFORE CLICK
[INFO ][2016-02-03 15:33:33,006][com.java.TestType] [ 7113] - Unable to click the object Close all tabs
[INFO ][2016-02-03 15:33:33,006][com.java.SeleniumDriver] [  930] -  RESULT true
[INFO ][2016-02-03 15:33:33,006][com.java.SeleniumDriver] [ 1136] - ?   P A S S   ?
[INFO ][2016-02-03 15:33:33,006][com.java.SeleniumDriver] [  856] - ------------------------------------------
[INFO ][2016-02-03 15:33:33,006][com.java.SeleniumDriver] [  857] - Test case being Executed: 22
[INFO ][2016-02-03 15:33:33,006][com.java.SeleniumDriver] [  869] - Test step:12
[INFO ][2016-02-03 15:33:33,006][com.java.SeleniumDriver] [  881] - Datavalue is----------5
[INFO ][2016-02-03 15:33:33,006][com.java.SeleniumDriver] [  905] - DataField : XPH//span[@class="icon-coin"]
[INFO ][2016-02-03 15:33:33,006][com.java.SeleniumDriver] [  907] - DataValue : 5
[INFO ][2016-02-03 15:33:33,006][com.java.SeleniumDriver] [  913] - <In Set values of the page>
[INFO ][2016-02-03 15:33:33,006][com.java.SeleniumDriver] [  916] - {Data Fields & Data Values Exist}
[INFO ][2016-02-03 15:33:33,007][com.java.SeleniumDriver] [  918] - --------------------------setting values-----------------------------
[INFO ][2016-02-03 15:33:33,007][com.java.SeleniumDriver] [  921] - Action Type : WAITFORELEMENT
[INFO ][2016-02-03 15:33:33,041][com.java.SeleniumDriver] [  930] -  RESULT true
[INFO ][2016-02-03 15:33:33,041][com.java.SeleniumDriver] [ 1136] - ?   P A S S   ?
[INFO ][2016-02-03 15:33:33,041][com.java.SeleniumDriver] [  856] - ------------------------------------------
[INFO ][2016-02-03 15:33:33,041][com.java.SeleniumDriver] [  857] - Test case being Executed: 22
[INFO ][2016-02-03 15:33:33,041][com.java.SeleniumDriver] [  869] - Test step:13
[INFO ][2016-02-03 15:33:33,041][com.java.SeleniumDriver] [  881] - Datavalue is----------null
[DEBUG][2016-02-03 15:33:33,042][com.java.SeleniumDriver] [  899] - Exception: null
[INFO ][2016-02-03 15:33:33,042][com.java.SeleniumDriver] [  905] - DataField : //span[@class='icon-user4']&&//a[text()='G/L Mapping']&&//a[@data-id="ProfitCenters"]
[INFO ][2016-02-03 15:33:33,042][com.java.SeleniumDriver] [  907] - DataValue : 
[INFO ][2016-02-03 15:33:33,042][com.java.SeleniumDriver] [  913] - <In Set values of the page>
[INFO ][2016-02-03 15:33:33,042][com.java.SeleniumDriver] [  916] - {Data Fields & Data Values Exist}
[INFO ][2016-02-03 15:33:33,042][com.java.SeleniumDriver] [  918] - --------------------------setting values-----------------------------
[INFO ][2016-02-03 15:33:33,042][com.java.SeleniumDriver] [  921] - Action Type : MOUSEOVER
[INFO ][2016-02-03 15:34:17,675][com.java.SeleniumDriver] [  930] -  RESULT true
[INFO ][2016-02-03 15:34:17,675][com.java.SeleniumDriver] [ 1136] - ?   P A S S   ?
[INFO ][2016-02-03 15:34:17,676][com.java.SeleniumDriver] [  856] - ------------------------------------------
[INFO ][2016-02-03 15:34:17,676][com.java.SeleniumDriver] [  857] - Test case being Executed: 22
[INFO ][2016-02-03 15:34:17,676][com.java.SeleniumDriver] [  869] - Test step:14
[INFO ][2016-02-03 15:34:17,676][com.java.SeleniumDriver] [  881] - Datavalue is----------5
[INFO ][2016-02-03 15:34:17,676][com.java.SeleniumDriver] [  905] - DataField : BTN//iframe[@class='frameTabContent']
[INFO ][2016-02-03 15:34:17,676][com.java.SeleniumDriver] [  907] - DataValue : 5
[INFO ][2016-02-03 15:34:17,676][com.java.SeleniumDriver] [  913] - <In Set values of the page>
[INFO ][2016-02-03 15:34:17,676][com.java.SeleniumDriver] [  916] - {Data Fields & Data Values Exist}
[INFO ][2016-02-03 15:34:17,676][com.java.SeleniumDriver] [  918] - --------------------------setting values-----------------------------
[INFO ][2016-02-03 15:34:17,676][com.java.SeleniumDriver] [  921] - Action Type : WAITFORELEMENT
[INFO ][2016-02-03 15:34:17,711][com.java.SeleniumDriver] [  930] -  RESULT true
[INFO ][2016-02-03 15:34:17,711][com.java.SeleniumDriver] [ 1136] - ?   P A S S   ?
[INFO ][2016-02-03 15:34:17,711][com.java.SeleniumDriver] [  856] - ------------------------------------------
[INFO ][2016-02-03 15:34:17,711][com.java.SeleniumDriver] [  857] - Test case being Executed: 22
[INFO ][2016-02-03 15:34:17,711][com.java.SeleniumDriver] [  869] - Test step:15
[INFO ][2016-02-03 15:34:17,712][com.java.SeleniumDriver] [  881] - Datavalue is----------null
[DEBUG][2016-02-03 15:34:17,712][com.java.SeleniumDriver] [  899] - Exception: null
[INFO ][2016-02-03 15:34:17,712][com.java.SeleniumDriver] [  905] - DataField : BTN//iframe[@class='frameTabContent']
[INFO ][2016-02-03 15:34:17,712][com.java.SeleniumDriver] [  907] - DataValue : 
[INFO ][2016-02-03 15:34:17,712][com.java.SeleniumDriver] [  913] - <In Set values of the page>
[INFO ][2016-02-03 15:34:17,712][com.java.SeleniumDriver] [  916] - {Data Fields & Data Values Exist}
[INFO ][2016-02-03 15:34:17,712][com.java.SeleniumDriver] [  918] - --------------------------setting values-----------------------------
[INFO ][2016-02-03 15:34:17,712][com.java.SeleniumDriver] [  921] - Action Type : SELECTFRAME
[INFO ][2016-02-03 15:34:17,806][com.java.SeleniumDriver] [  930] -  RESULT true
[INFO ][2016-02-03 15:34:17,806][com.java.SeleniumDriver] [ 1136] - ?   P A S S   ?
[INFO ][2016-02-03 15:34:17,806][com.java.SeleniumDriver] [  856] - ------------------------------------------
[INFO ][2016-02-03 15:34:17,808][com.java.SeleniumDriver] [  857] - Test case being Executed: 22
[INFO ][2016-02-03 15:34:17,808][com.java.SeleniumDriver] [  869] - Test step:16
[INFO ][2016-02-03 15:34:17,808][com.java.SeleniumDriver] [  881] - Datavalue is----------Manage Profit Centers and Regions 
[INFO ][2016-02-03 15:34:17,808][com.java.SeleniumDriver] [  905] - DataField : MSG
[INFO ][2016-02-03 15:34:17,808][com.java.SeleniumDriver] [  907] - DataValue : Manage Profit Centers and Regions 
[INFO ][2016-02-03 15:34:17,808][com.java.SeleniumDriver] [  913] - <In Set values of the page>
[INFO ][2016-02-03 15:34:17,808][com.java.SeleniumDriver] [  916] - {Data Fields & Data Values Exist}
[INFO ][2016-02-03 15:34:17,808][com.java.SeleniumDriver] [  918] - --------------------------setting values-----------------------------
[INFO ][2016-02-03 15:34:17,808][com.java.SeleniumDriver] [  921] - Action Type : VERIFY
[INFO ][2016-02-03 15:34:17,808][com.java.TestType] [ 8186] - field= MSG value= Manage Profit Centers and Regions 
[INFO ][2016-02-03 15:34:17,808][com.java.TestType] [ 6575] - value = Manage Profit Centers and Regions 
[DEBUG][2016-02-03 15:34:17,808][com.java.TestType] [ 9049] - value :: Manage Profit Centers and Regions 
[INFO ][2016-02-03 15:34:17,849][com.java.SeleniumDriver] [  930] -  RESULT true
[INFO ][2016-02-03 15:34:17,849][com.java.SeleniumDriver] [ 1136] - ?   P A S S   ?
[INFO ][2016-02-03 15:34:17,849][com.java.SeleniumDriver] [  856] - ------------------------------------------
[INFO ][2016-02-03 15:34:17,849][com.java.SeleniumDriver] [  857] - Test case being Executed: 22
[INFO ][2016-02-03 15:34:17,849][com.java.SeleniumDriver] [  869] - Test step:17
[INFO ][2016-02-03 15:34:17,849][com.java.SeleniumDriver] [  881] - Datavalue is----------Profit Centers
[INFO ][2016-02-03 15:34:17,849][com.java.SeleniumDriver] [  905] - DataField : XPH//a[@class="ember-view btn btn-default col-xs-6 active"]
[INFO ][2016-02-03 15:34:17,849][com.java.SeleniumDriver] [  907] - DataValue : Profit Centers
[INFO ][2016-02-03 15:34:17,849][com.java.SeleniumDriver] [  913] - <In Set values of the page>
[INFO ][2016-02-03 15:34:17,849][com.java.SeleniumDriver] [  916] - {Data Fields & Data Values Exist}
[INFO ][2016-02-03 15:34:17,849][com.java.SeleniumDriver] [  918] - --------------------------setting values-----------------------------
[INFO ][2016-02-03 15:34:17,849][com.java.SeleniumDriver] [  921] - Action Type : VERIFY
[INFO ][2016-02-03 15:34:17,850][com.java.TestType] [ 8186] - field= XPH//a[@class="ember-view btn btn-default col-xs-6 active"] value= Profit Centers
[INFO ][2016-02-03 15:34:17,850][com.java.TestType] [ 6575] - value = Profit Centers
[INFO ][2016-02-03 15:34:17,942][com.java.SeleniumDriver] [  930] -  RESULT true
[INFO ][2016-02-03 15:34:17,942][com.java.SeleniumDriver] [ 1136] - ?   P A S S   ?
[INFO ][2016-02-03 15:34:17,942][com.java.SeleniumDriver] [  856] - ------------------------------------------
[INFO ][2016-02-03 15:34:17,942][com.java.SeleniumDriver] [  857] - Test case being Executed: 22
[INFO ][2016-02-03 15:34:17,942][com.java.SeleniumDriver] [  869] - Test step:18
[INFO ][2016-02-03 15:34:17,942][com.java.SeleniumDriver] [  881] - Datavalue is----------Rows
[INFO ][2016-02-03 15:34:17,942][com.java.SeleniumDriver] [  905] - DataField : null
[INFO ][2016-02-03 15:34:17,942][com.java.SeleniumDriver] [  907] - DataValue : Rows
[INFO ][2016-02-03 15:34:17,943][com.java.SeleniumDriver] [  913] - <In Set values of the page>
[INFO ][2016-02-03 15:34:17,943][com.java.SeleniumDriver] [  916] - {Data Fields & Data Values Exist}
[INFO ][2016-02-03 15:34:17,943][com.java.SeleniumDriver] [  918] - --------------------------setting values-----------------------------
[INFO ][2016-02-03 15:34:17,943][com.java.SeleniumDriver] [  921] - Action Type : ASCENDINGORDERPROFITCENTERS
[INFO ][2016-02-03 15:34:19,149][com.java.SeleniumDriver] [  930] -  RESULT true
[INFO ][2016-02-03 15:34:19,149][com.java.SeleniumDriver] [ 1136] - ?   P A S S   ?
[INFO ][2016-02-03 15:34:19,149][com.java.SeleniumDriver] [  856] - ------------------------------------------
[INFO ][2016-02-03 15:34:19,149][com.java.SeleniumDriver] [  857] - Test case being Executed: 22
[INFO ][2016-02-03 15:34:19,149][com.java.SeleniumDriver] [  869] - Test step:19
[INFO ][2016-02-03 15:34:19,150][com.java.SeleniumDriver] [  881] - Datavalue is----------15
[INFO ][2016-02-03 15:34:19,150][com.java.SeleniumDriver] [  905] - DataField : test
[INFO ][2016-02-03 15:34:19,150][com.java.SeleniumDriver] [  907] - DataValue : 15
[INFO ][2016-02-03 15:34:19,150][com.java.SeleniumDriver] [  913] - <In Set values of the page>
[INFO ][2016-02-03 15:34:19,150][com.java.SeleniumDriver] [  916] - {Data Fields & Data Values Exist}
[INFO ][2016-02-03 15:34:19,150][com.java.SeleniumDriver] [  918] - --------------------------setting values-----------------------------
[INFO ][2016-02-03 15:34:19,150][com.java.SeleniumDriver] [  921] - Action Type : WaitTime
[DEBUG][2016-02-03 15:34:19,150][com.java.TestType] [ 6389] - sleepTime: 15000
[INFO ][2016-02-03 15:34:34,150][com.java.SeleniumDriver] [  930] -  RESULT true
[INFO ][2016-02-03 15:34:34,150][com.java.SeleniumDriver] [ 1136] - ?   P A S S   ?
[INFO ][2016-02-03 15:34:34,150][com.java.SeleniumDriver] [  856] - ------------------------------------------
[INFO ][2016-02-03 15:34:34,150][com.java.SeleniumDriver] [  857] - Test case being Executed: 22
[INFO ][2016-02-03 15:34:34,150][com.java.SeleniumDriver] [  869] - Test step:20
[INFO ][2016-02-03 15:34:34,150][com.java.SeleniumDriver] [  881] - Datavalue is----------null
[DEBUG][2016-02-03 15:34:34,150][com.java.SeleniumDriver] [  899] - Exception: null
[INFO ][2016-02-03 15:34:34,150][com.java.SeleniumDriver] [  905] - DataField : BTNparent
[INFO ][2016-02-03 15:34:34,150][com.java.SeleniumDriver] [  907] - DataValue : 
[INFO ][2016-02-03 15:34:34,150][com.java.SeleniumDriver] [  913] - <In Set values of the page>
[INFO ][2016-02-03 15:34:34,150][com.java.SeleniumDriver] [  916] - {Data Fields & Data Values Exist}
[INFO ][2016-02-03 15:34:34,150][com.java.SeleniumDriver] [  918] - --------------------------setting values-----------------------------
[INFO ][2016-02-03 15:34:34,151][com.java.SeleniumDriver] [  921] - Action Type : SELECTFRAME
[INFO ][2016-02-03 15:34:34,167][com.java.SeleniumDriver] [  930] -  RESULT true
[INFO ][2016-02-03 15:34:34,167][com.java.SeleniumDriver] [ 1136] - ?   P A S S   ?
[INFO ][2016-02-03 15:34:34,167][com.java.SeleniumDriver] [ 1173] - Continue next step...
[INFO ][2016-02-03 15:34:34,167][com.java.SeleniumDriver] [  856] - ------------------------------------------
[INFO ][2016-02-03 15:34:34,167][com.java.SeleniumDriver] [  857] - Test case being Executed: 22
[INFO ][2016-02-03 15:34:34,167][com.java.SeleniumDriver] [  869] - Test step:21
[INFO ][2016-02-03 15:34:34,167][com.java.SeleniumDriver] [  881] - Datavalue is----------null
[DEBUG][2016-02-03 15:34:34,168][com.java.SeleniumDriver] [  899] - Exception: null
[INFO ][2016-02-03 15:34:34,168][com.java.SeleniumDriver] [  905] - DataField : HDN//button[@class="menu-item saveToPDF metro-red"]
[INFO ][2016-02-03 15:34:34,168][com.java.SeleniumDriver] [  907] - DataValue : 
[INFO ][2016-02-03 15:34:34,168][com.java.SeleniumDriver] [  913] - <In Set values of the page>
[INFO ][2016-02-03 15:34:34,168][com.java.SeleniumDriver] [  916] - {Data Fields & Data Values Exist}
[INFO ][2016-02-03 15:34:34,168][com.java.SeleniumDriver] [  918] - --------------------------setting values-----------------------------
[INFO ][2016-02-03 15:34:34,168][com.java.SeleniumDriver] [  921] - Action Type : CLICK
[INFO ][2016-02-03 15:34:34,168][com.java.TestType] [ 6954] - Field ::HDN//button[@class="menu-item saveToPDF metro-red"]
[INFO ][2016-02-03 15:34:34,168][com.java.TestType] [ 6575] - value = 
[INFO ][2016-02-03 15:34:35,675][com.java.SeleniumDriver] [  930] -  RESULT true
[INFO ][2016-02-03 15:34:35,675][com.java.SeleniumDriver] [ 1136] - ?   P A S S   ?
[INFO ][2016-02-03 15:34:35,675][com.java.SeleniumDriver] [  856] - ------------------------------------------
[INFO ][2016-02-03 15:34:35,675][com.java.SeleniumDriver] [  857] - Test case being Executed: 22
[INFO ][2016-02-03 15:34:35,675][com.java.SeleniumDriver] [  869] - Test step:22
[INFO ][2016-02-03 15:34:35,675][com.java.SeleniumDriver] [  881] - Datavalue is----------3
[INFO ][2016-02-03 15:34:35,677][com.java.SeleniumDriver] [  905] - DataField : XPH//img[@id='loading']
[INFO ][2016-02-03 15:34:35,677][com.java.SeleniumDriver] [  907] - DataValue : 3
[INFO ][2016-02-03 15:34:35,677][com.java.SeleniumDriver] [  913] - <In Set values of the page>
[INFO ][2016-02-03 15:34:35,677][com.java.SeleniumDriver] [  916] - {Data Fields & Data Values Exist}
[INFO ][2016-02-03 15:34:35,677][com.java.SeleniumDriver] [  918] - --------------------------setting values-----------------------------
[INFO ][2016-02-03 15:34:35,677][com.java.SeleniumDriver] [  921] - Action Type : WaitForElement
[INFO ][2016-02-03 15:34:35,732][com.java.SeleniumDriver] [  930] -  RESULT true
[INFO ][2016-02-03 15:34:35,732][com.java.SeleniumDriver] [ 1136] - ?   P A S S   ?
[INFO ][2016-02-03 15:34:35,732][com.java.SeleniumDriver] [  856] - ------------------------------------------
[INFO ][2016-02-03 15:34:35,732][com.java.SeleniumDriver] [  857] - Test case being Executed: 22
[INFO ][2016-02-03 15:34:35,732][com.java.SeleniumDriver] [  869] - Test step:23
[INFO ][2016-02-03 15:34:35,732][com.java.SeleniumDriver] [  881] - Datavalue is----------90
[INFO ][2016-02-03 15:34:35,732][com.java.SeleniumDriver] [  905] - DataField : XPH//img[@id='loading']
[INFO ][2016-02-03 15:34:35,732][com.java.SeleniumDriver] [  907] - DataValue : 90
[INFO ][2016-02-03 15:34:35,733][com.java.SeleniumDriver] [  913] - <In Set values of the page>
[INFO ][2016-02-03 15:34:35,733][com.java.SeleniumDriver] [  916] - {Data Fields & Data Values Exist}
[INFO ][2016-02-03 15:34:35,733][com.java.SeleniumDriver] [  918] - --------------------------setting values-----------------------------
[INFO ][2016-02-03 15:34:35,733][com.java.SeleniumDriver] [  921] - Action Type : waitForElementNotPresent
[INFO ][2016-02-03 15:34:38,043][com.java.SeleniumDriver] [  930] -  RESULT true
[INFO ][2016-02-03 15:34:38,043][com.java.SeleniumDriver] [ 1136] - ?   P A S S   ?
[INFO ][2016-02-03 15:34:38,043][com.java.SeleniumDriver] [  856] - ------------------------------------------
[INFO ][2016-02-03 15:34:38,043][com.java.SeleniumDriver] [  857] - Test case being Executed: 22
[INFO ][2016-02-03 15:34:38,043][com.java.SeleniumDriver] [  869] - Test step:24
[INFO ][2016-02-03 15:34:38,043][com.java.SeleniumDriver] [  881] - Datavalue is----------Banker's Dashboard
[INFO ][2016-02-03 15:34:38,043][com.java.SeleniumDriver] [  905] - DataField : DYN
[INFO ][2016-02-03 15:34:38,043][com.java.SeleniumDriver] [  907] - DataValue : Banker's Dashboard
[INFO ][2016-02-03 15:34:38,043][com.java.SeleniumDriver] [  913] - <In Set values of the page>
[INFO ][2016-02-03 15:34:38,044][com.java.SeleniumDriver] [  916] - {Data Fields & Data Values Exist}
[INFO ][2016-02-03 15:34:38,044][com.java.SeleniumDriver] [  918] - --------------------------setting values-----------------------------
[INFO ][2016-02-03 15:34:38,044][com.java.SeleniumDriver] [  921] - Action Type : SelectWindow
[INFO ][2016-02-03 15:34:38,218][com.java.SeleniumDriver] [  930] -  RESULT false
[INFO ][2016-02-03 15:34:38,218][com.java.SeleniumDriver] [  977] - ?   F A I L   ?
[INFO ][2016-02-03 15:34:38,218][com.java.SeleniumDriver] [  985] - Browser Type : IE10
[INFO ][2016-02-03 15:34:38,218][com.java.SeleniumDriver] [  986] - Adding Failed case22
[INFO ][2016-02-03 15:34:38,435][com.java.SeleniumDriver] [ 1100] - failedCases = 22
[ERROR][2016-02-03 15:34:38,435][com.java.SeleniumDriver] [ 1599] - Platform Errors : Our apologies...::We have encountered an issue with your request.::Our apologies?:We encountered an issue with your request.
[INFO ][2016-02-03 15:34:38,435][com.java.SeleniumDriver] [ 1603] - Length =3
[ERROR][2016-02-03 15:34:38,435][com.java.SeleniumDriver] [ 1606] - Error 0 = Our apologies...
[ERROR][2016-02-03 15:34:38,509][com.java.SeleniumDriver] [ 1606] - Error 1 = We have encountered an issue with your request.
[ERROR][2016-02-03 15:34:38,560][com.java.SeleniumDriver] [ 1606] - Error 2 = Our apologies?:We encountered an issue with your request.
[INFO ][2016-02-03 15:34:38,609][com.java.SeleniumDriver] [ 1617] - strError:
[DEBUG][2016-02-03 15:34:38,624][com.java.SeleniumDriver] [ 1248] - Case found
[DEBUG][2016-02-03 15:34:38,624][com.java.SeleniumDriver] [ 1253] - Incrementing ReportCounters[0]:2
[INFO ][2016-02-03 15:34:38,624][com.java.SeleniumDriver] [ 1272] - The results are-------------------[22, 24, Right Hand Menu Bar : Export to PDF icon, Fail, 
Test case failed at Step No. :: 24. Screen Shot : D:\BankersDashboard\TestReports\020316\22_020316_153438_IE10.png, Wed Feb 03 15:34:38 IST 2016]
[INFO ][2016-02-03 15:34:38,624][com.java.SeleniumDriver] [ 1276] - End time is-------2 min 57 sec
[INFO ][2016-02-03 15:34:38,624][com.java.SeleniumDriver] [ 1277] - The results are-------------------[22, 24, Right Hand Menu Bar : Export to PDF icon, Fail, 
Test case failed at Step No. :: 24. Screen Shot : D:\BankersDashboard\TestReports\020316\22_020316_153438_IE10.png, Wed Feb 03 15:34:38 IST 2016]
[DEBUG][2016-02-03 15:34:38,624][com.java.ImportnExport.ExportTestResultsExcel] [  222] - testResultPath = D:\BankersDashboard/TestReports/Test Results_BankersDashBoard_020316_153142_IE10_First Bank.xls
[DEBUG][2016-02-03 15:34:38,624][com.java.ImportnExport.ExportTestResultsExcel] [  223] - browser is------------IE10
[DEBUG][2016-02-03 15:34:38,627][com.java.ImportnExport.ExportTestResultsExcel] [  270] - result.size() = 6
[DEBUG][2016-02-03 15:34:38,627][com.java.ImportnExport.ExportTestResultsExcel] [  274] - No of rows in sheet=2
[DEBUG][2016-02-03 15:34:38,627][com.java.ImportnExport.ExportTestResultsExcel] [  301] - ..in export..22
[DEBUG][2016-02-03 15:34:38,627][com.java.ImportnExport.ExportTestResultsExcel] [  301] - ..in export..Right Hand Menu Bar : Export to PDF icon
[DEBUG][2016-02-03 15:34:38,627][com.java.ImportnExport.ExportTestResultsExcel] [  301] - ..in export..Fail
[DEBUG][2016-02-03 15:34:38,628][com.java.ImportnExport.ExportTestResultsExcel] [  301] - ..in export..
Test case failed at Step No. :: 24. Screen Shot : D:\BankersDashboard\TestReports\020316\22_020316_153438_IE10.png
[DEBUG][2016-02-03 15:34:38,628][com.java.ImportnExport.ExportTestResultsExcel] [  301] - ..in export..Wed Feb 03 15:34:38 IST 2016
[INFO ][2016-02-03 15:34:38,629][com.java.SeleniumDriver] [ 1337] - out loop:1 size:2 TestCases:[1, 22] testcases:[1, 22]
[INFO ][2016-02-03 15:34:40,629][com.java.SeleniumDriver] [ 1380] - Total Number of Cases:2
[INFO ][2016-02-03 15:34:40,629][com.java.TemplateGenerator] [  302] - Executed:2
[INFO ][2016-02-03 15:34:40,629][com.java.TemplateGenerator] [  303] - Passed:1
[INFO ][2016-02-03 15:34:40,629][com.java.TemplateGenerator] [  304] - Failed:1
[INFO ][2016-02-03 15:34:40,629][com.java.TemplateGenerator] [  305] - Skipeed:0
[INFO ][2016-02-03 15:34:40,629][com.java.TemplateGenerator] [  306] - Application URL:https://clients-xuat.bankersdashboard.com
[INFO ][2016-02-03 15:34:40,629][com.java.TemplateGenerator] [  307] - Start Time:020316_153142
[INFO ][2016-02-03 15:34:40,629][com.java.TemplateGenerator] [  308] -  Creating HTML Report 
[ERROR][2016-02-03 15:34:40,630][com.java.TemplateGenerator] [  409] - Unparseable date: "Wed Feb 03 03:31:42 IST 2016"
[INFO ][2016-02-03 15:34:40,630][com.java.TemplateGenerator] [  654] -  Exporting case :: 1
[INFO ][2016-02-03 15:34:40,630][com.java.TemplateGenerator] [  654] -  Exporting case :: 22
[INFO ][2016-02-03 15:34:40,639][com.java.SeleniumDriver] [ 1429] - End Time:020316_153440
[INFO ][2016-02-03 15:34:40,639][com.java.SeleniumDriver] [ 1432] - Data in Test Execution Details:{1=PASS, 22=FAILTest case failed at Step No. :: 24}
[INFO ][2016-02-03 15:34:40,639][com.java.SeleniumDriver] [ 1433] - Data in Failed Execution Deatils:{}
[INFO ][2016-02-03 15:34:40,639][com.java.SeleniumDriver] [ 1435] - ReportCounter:Total:2 :: PASS: 1 ::FAIL: 1
[INFO ][2016-02-03 15:34:40,639][com.java.SeleniumDriver] [ 1436] - FailedReportCounter:Total:0 :: PASS: 0 ::FAIL: 0
[INFO ][2016-02-03 15:34:40,647][com.java.EmailTestReport] [   63] - Sending report mail details:
[INFO ][2016-02-03 15:34:40,647][com.java.EmailTestReport] [   80] - Excel Report Path:D:\BankersDashboard/TestReports/Test Results_BankersDashBoard_020316_153142_IE10_First Bank.xls
[INFO ][2016-02-03 15:34:40,647][com.java.EmailTestReport] [   81] - HTML Report Path:D:\BankersDashboard//TestReports//Test Results_BankersDashBoard_020316_153142_IE10_First Bank.html
[INFO ][2016-02-03 15:34:40,647][com.java.EmailTestReport] [   82] - smtpHostName:mail01.valuelabs.com
[INFO ][2016-02-03 15:34:40,647][com.java.EmailTestReport] [   83] - Recipient:venkateswararao.gubbala@valuelabs.com;
[INFO ][2016-02-03 15:34:40,647][com.java.EmailTestReport] [   84] - From:venkateswararao.gubbala@valuelabs.com;
[INFO ][2016-02-03 15:34:40,647][com.java.EmailTestReport] [   85] - Subject:Deluxe Corp Bankers Dashboard Automation Test Report - First Bank - IE10
[INFO ][2016-02-03 15:34:40,664][com.java.EmailTestReport] [  143] -  Added venkateswararao.gubbala@valuelabs.com
[INFO ][2016-02-03 15:34:43,785][com.java.SeleniumDriver] [  722] - quitting the browser 
[INFO ][2016-02-03 15:34:45,488][com.java.SeleniumDriver] [  264] - Execution Completed Stopping the thread
