[INFO ][2015-12-24 18:21:18,582][com.java.SeleniumDriver] [  213] - Execute Failed Casesfalse
[INFO ][2015-12-24 18:21:18,582][com.java.SeleniumDriver] [  214] - Browser: IE10
[INFO ][2015-12-24 18:21:18,582][com.java.SeleniumDriver] [  215] - [1, 4]
[INFO ][2015-12-24 18:21:18,582][com.java.SeleniumDriver] [  216] - Total TestCases:2
[INFO ][2015-12-24 18:21:18,582][com.java.SeleniumDriver] [  217] -  Reading Properties from Property File 
[DEBUG][2015-12-24 18:21:18,582][com.java.SeleniumDriver] [  238] - url : https://clients-xuat.bankersdashboard.com
[INFO ][2015-12-24 18:21:18,582][com.java.ImportnExport.ExportTestResultsExcel] [  116] - Time Stamp Thu Dec 24 06:21:18 IST 2015
[INFO ][2015-12-24 18:21:18,582][com.java.ImportnExport.ExportTestResultsExcel] [  175] - OUT FILE : D:\BankersDashboard/TestReports/Test Results_BankersDashBoard_122415_182118_IE10_Bank of North Carolina.xls
[INFO ][2015-12-24 18:21:18,613][com.java.ImportnExport.ExportTestResultsExcel] [  180] - Test Result file is created
[DEBUG][2015-12-24 18:21:18,703][com.java.SeleniumDriver] [  426] - Hub ip address is-------172.17.68.34
[INFO ][2015-12-24 18:21:18,713][com.java.SeleniumDriver] [  452] - Grid URL:http://172.17.68.34:4444/wd/hub
[INFO ][2015-12-24 18:21:18,713][com.java.SeleniumDriver] [  453] - Capability:Capabilities [{platform=ANY, ensureCleanSession=true, ignoreProtectedModeSettings=true, acceptSslCerts=true, ignoreZoomSetting=true, browserName=internet explorer, browserstack.ie.noFlash=true, version=null}]
[ERROR][2015-12-24 18:21:20,003][com.java.SeleniumDriver] [  497] - Unable invoke browser in grid:Could not start a new session. Possible causes are invalid address of the remote server or browser start-up failure.
Build info: version: '2.48.2', revision: '41bccdd', time: '2015-10-09 19:59:12'
System info: host: 'FVTIII438F1D', ip: '172.17.68.34', os.name: 'Windows 7', os.arch: 'x86', os.version: '6.1', java.version: '1.7.0_55'
Driver info: driver.version: SeleniumDriver
[INFO ][2015-12-24 18:21:20,003][com.java.SeleniumDriver] [  499] - Executing on local machine
[INFO ][2015-12-24 18:21:30,447][com.java.SeleniumDriver] [  248] - IE10is opened
[INFO ][2015-12-24 18:21:31,280][com.java.SeleniumDriver] [  754] - Test cases to be executed are: [1, 4]
[INFO ][2015-12-24 18:21:31,291][com.java.ImportnExport.ImportTestDataDetailsExcel] [   49] - test data details path===== D:\BankersDashboard\TestInputs\TestData.xls
[INFO ][2015-12-24 18:21:31,370][com.java.SeleniumDriver] [  821] - ------------------------------------------
[INFO ][2015-12-24 18:21:31,370][com.java.SeleniumDriver] [  822] - Test case being Executed: 1
[INFO ][2015-12-24 18:21:31,370][com.java.SeleniumDriver] [  833] - Test step:1
[INFO ][2015-12-24 18:21:31,370][com.java.SeleniumDriver] [  845] - Datavalue is----------Concept#1:1-16
[INFO ][2015-12-24 18:21:31,370][com.java.SeleniumDriver] [  869] - DataField : test
[INFO ][2015-12-24 18:21:31,370][com.java.SeleniumDriver] [  871] - DataValue : Concept#1:1-16
[INFO ][2015-12-24 18:21:31,370][com.java.SeleniumDriver] [  877] - <In Set values of the page>
[INFO ][2015-12-24 18:21:31,370][com.java.SeleniumDriver] [  880] - {Data Fields & Data Values Exist}
[INFO ][2015-12-24 18:21:31,370][com.java.SeleniumDriver] [  882] - --------------------------setting values-----------------------------
[INFO ][2015-12-24 18:21:31,370][com.java.SeleniumDriver] [  885] - Action Type : ExecuteTestCase
[INFO ][2015-12-24 18:21:31,390][com.java.TestType] [  437] - The Concept sheet name is ---------- Concept
[INFO ][2015-12-24 18:21:31,390][com.java.TestType] [  440] - The Concept ID  is ---------- 1
[DEBUG][2015-12-24 18:21:31,390][com.java.TestType] [  444] - Steps being executted in the Concept are: 1:16
[INFO ][2015-12-24 18:21:31,390][com.java.TestType] [  451] - Test data details path ---------- D:\BankersDashboard\TestInputs\TestData.xls
[INFO ][2015-12-24 18:21:31,420][com.java.TestType] [  482] -  str(1) = 1
[INFO ][2015-12-24 18:21:31,430][com.java.TestType] [  485] - Test case Id is---1
[INFO ][2015-12-24 18:21:31,430][com.java.TestType] [  487] - 1
[INFO ][2015-12-24 18:21:31,430][com.java.TestType] [  482] -  str(2) = 1
[INFO ][2015-12-24 18:21:31,430][com.java.TestType] [  534] - row values are--------{1=com.java.Objects.TestDataDetails@1643e65}
[INFO ][2015-12-24 18:21:31,430][com.java.TestType] [  482] -  str(1) = 1
[INFO ][2015-12-24 18:21:31,430][com.java.TestType] [  485] - Test case Id is---1
[INFO ][2015-12-24 18:21:31,430][com.java.TestType] [  487] - 1
[INFO ][2015-12-24 18:21:31,430][com.java.TestType] [  482] -  str(2) = 2
[INFO ][2015-12-24 18:21:31,430][com.java.TestType] [  534] - row values are--------{1=com.java.Objects.TestDataDetails@1643e65, 2=com.java.Objects.TestDataDetails@163780b}
[INFO ][2015-12-24 18:21:31,430][com.java.TestType] [  482] -  str(1) = 1
[INFO ][2015-12-24 18:21:31,430][com.java.TestType] [  485] - Test case Id is---1
[INFO ][2015-12-24 18:21:31,430][com.java.TestType] [  487] - 1
[INFO ][2015-12-24 18:21:31,430][com.java.TestType] [  482] -  str(2) = 3
[INFO ][2015-12-24 18:21:31,430][com.java.TestType] [  534] - row values are--------{1=com.java.Objects.TestDataDetails@1643e65, 2=com.java.Objects.TestDataDetails@163780b, 3=com.java.Objects.TestDataDetails@42d6f4}
[INFO ][2015-12-24 18:21:31,430][com.java.TestType] [  482] -  str(1) = 1
[INFO ][2015-12-24 18:21:31,430][com.java.TestType] [  485] - Test case Id is---1
[INFO ][2015-12-24 18:21:31,430][com.java.TestType] [  487] - 1
[INFO ][2015-12-24 18:21:31,430][com.java.TestType] [  482] -  str(2) = 4
[INFO ][2015-12-24 18:21:31,430][com.java.TestType] [  534] - row values are--------{1=com.java.Objects.TestDataDetails@1643e65, 2=com.java.Objects.TestDataDetails@163780b, 3=com.java.Objects.TestDataDetails@42d6f4, 4=com.java.Objects.TestDataDetails@19bf480}
[INFO ][2015-12-24 18:21:31,430][com.java.TestType] [  482] -  str(1) = 1
[INFO ][2015-12-24 18:21:31,430][com.java.TestType] [  485] - Test case Id is---1
[INFO ][2015-12-24 18:21:31,430][com.java.TestType] [  487] - 1
[INFO ][2015-12-24 18:21:31,430][com.java.TestType] [  482] -  str(2) = 5
[INFO ][2015-12-24 18:21:31,440][com.java.TestType] [  534] - row values are--------{1=com.java.Objects.TestDataDetails@1643e65, 2=com.java.Objects.TestDataDetails@163780b, 3=com.java.Objects.TestDataDetails@42d6f4, 4=com.java.Objects.TestDataDetails@19bf480, 5=com.java.Objects.TestDataDetails@e05280}
[INFO ][2015-12-24 18:21:31,440][com.java.TestType] [  482] -  str(1) = 1
[INFO ][2015-12-24 18:21:31,440][com.java.TestType] [  485] - Test case Id is---1
[INFO ][2015-12-24 18:21:31,440][com.java.TestType] [  487] - 1
[INFO ][2015-12-24 18:21:31,440][com.java.TestType] [  482] -  str(2) = 6
[INFO ][2015-12-24 18:21:31,440][com.java.TestType] [  534] - row values are--------{1=com.java.Objects.TestDataDetails@1643e65, 2=com.java.Objects.TestDataDetails@163780b, 3=com.java.Objects.TestDataDetails@42d6f4, 4=com.java.Objects.TestDataDetails@19bf480, 5=com.java.Objects.TestDataDetails@e05280, 6=com.java.Objects.TestDataDetails@97ecfb}
[INFO ][2015-12-24 18:21:31,440][com.java.TestType] [  482] -  str(1) = 1
[INFO ][2015-12-24 18:21:31,440][com.java.TestType] [  485] - Test case Id is---1
[INFO ][2015-12-24 18:21:31,440][com.java.TestType] [  487] - 1
[INFO ][2015-12-24 18:21:31,440][com.java.TestType] [  482] -  str(2) = 7
[INFO ][2015-12-24 18:21:31,440][com.java.TestType] [  534] - row values are--------{1=com.java.Objects.TestDataDetails@1643e65, 2=com.java.Objects.TestDataDetails@163780b, 3=com.java.Objects.TestDataDetails@42d6f4, 4=com.java.Objects.TestDataDetails@19bf480, 5=com.java.Objects.TestDataDetails@e05280, 6=com.java.Objects.TestDataDetails@97ecfb, 7=com.java.Objects.TestDataDetails@36f7e6}
[INFO ][2015-12-24 18:21:31,440][com.java.TestType] [  482] -  str(1) = 1
[INFO ][2015-12-24 18:21:31,440][com.java.TestType] [  485] - Test case Id is---1
[INFO ][2015-12-24 18:21:31,440][com.java.TestType] [  487] - 1
[INFO ][2015-12-24 18:21:31,440][com.java.TestType] [  482] -  str(2) = 8
[INFO ][2015-12-24 18:21:31,440][com.java.TestType] [  534] - row values are--------{1=com.java.Objects.TestDataDetails@1643e65, 2=com.java.Objects.TestDataDetails@163780b, 3=com.java.Objects.TestDataDetails@42d6f4, 4=com.java.Objects.TestDataDetails@19bf480, 5=com.java.Objects.TestDataDetails@e05280, 6=com.java.Objects.TestDataDetails@97ecfb, 7=com.java.Objects.TestDataDetails@36f7e6, 8=com.java.Objects.TestDataDetails@9ec769}
[INFO ][2015-12-24 18:21:31,440][com.java.TestType] [  482] -  str(1) = 1
[INFO ][2015-12-24 18:21:31,440][com.java.TestType] [  485] - Test case Id is---1
[INFO ][2015-12-24 18:21:31,440][com.java.TestType] [  487] - 1
[INFO ][2015-12-24 18:21:31,440][com.java.TestType] [  482] -  str(2) = 9
[INFO ][2015-12-24 18:21:31,440][com.java.TestType] [  534] - row values are--------{1=com.java.Objects.TestDataDetails@1643e65, 2=com.java.Objects.TestDataDetails@163780b, 3=com.java.Objects.TestDataDetails@42d6f4, 4=com.java.Objects.TestDataDetails@19bf480, 5=com.java.Objects.TestDataDetails@e05280, 6=com.java.Objects.TestDataDetails@97ecfb, 7=com.java.Objects.TestDataDetails@36f7e6, 8=com.java.Objects.TestDataDetails@9ec769, 9=com.java.Objects.TestDataDetails@10900d2}
[INFO ][2015-12-24 18:21:31,440][com.java.TestType] [  482] -  str(1) = 1
[INFO ][2015-12-24 18:21:31,440][com.java.TestType] [  485] - Test case Id is---1
[INFO ][2015-12-24 18:21:31,440][com.java.TestType] [  487] - 1
[INFO ][2015-12-24 18:21:31,440][com.java.TestType] [  482] -  str(2) = 10
[INFO ][2015-12-24 18:21:31,440][com.java.TestType] [  534] - row values are--------{1=com.java.Objects.TestDataDetails@1643e65, 2=com.java.Objects.TestDataDetails@163780b, 3=com.java.Objects.TestDataDetails@42d6f4, 4=com.java.Objects.TestDataDetails@19bf480, 5=com.java.Objects.TestDataDetails@e05280, 6=com.java.Objects.TestDataDetails@97ecfb, 7=com.java.Objects.TestDataDetails@36f7e6, 8=com.java.Objects.TestDataDetails@9ec769, 9=com.java.Objects.TestDataDetails@10900d2, 10=com.java.Objects.TestDataDetails@1768719}
[INFO ][2015-12-24 18:21:31,440][com.java.TestType] [  482] -  str(1) = 1
[INFO ][2015-12-24 18:21:31,440][com.java.TestType] [  485] - Test case Id is---1
[INFO ][2015-12-24 18:21:31,440][com.java.TestType] [  487] - 1
[INFO ][2015-12-24 18:21:31,440][com.java.TestType] [  482] -  str(2) = 11
[INFO ][2015-12-24 18:21:31,440][com.java.TestType] [  534] - row values are--------{1=com.java.Objects.TestDataDetails@1643e65, 2=com.java.Objects.TestDataDetails@163780b, 3=com.java.Objects.TestDataDetails@42d6f4, 4=com.java.Objects.TestDataDetails@19bf480, 5=com.java.Objects.TestDataDetails@e05280, 6=com.java.Objects.TestDataDetails@97ecfb, 7=com.java.Objects.TestDataDetails@36f7e6, 8=com.java.Objects.TestDataDetails@9ec769, 9=com.java.Objects.TestDataDetails@10900d2, 10=com.java.Objects.TestDataDetails@1768719, 11=com.java.Objects.TestDataDetails@1435faa}
[INFO ][2015-12-24 18:21:31,440][com.java.TestType] [  482] -  str(1) = 1
[INFO ][2015-12-24 18:21:31,440][com.java.TestType] [  485] - Test case Id is---1
[INFO ][2015-12-24 18:21:31,450][com.java.TestType] [  487] - 1
[INFO ][2015-12-24 18:21:31,450][com.java.TestType] [  482] -  str(2) = 12
[INFO ][2015-12-24 18:21:31,450][com.java.TestType] [  534] - row values are--------{1=com.java.Objects.TestDataDetails@1643e65, 2=com.java.Objects.TestDataDetails@163780b, 3=com.java.Objects.TestDataDetails@42d6f4, 4=com.java.Objects.TestDataDetails@19bf480, 5=com.java.Objects.TestDataDetails@e05280, 6=com.java.Objects.TestDataDetails@97ecfb, 7=com.java.Objects.TestDataDetails@36f7e6, 8=com.java.Objects.TestDataDetails@9ec769, 9=com.java.Objects.TestDataDetails@10900d2, 10=com.java.Objects.TestDataDetails@1768719, 11=com.java.Objects.TestDataDetails@1435faa, 12=com.java.Objects.TestDataDetails@fe918f}
[INFO ][2015-12-24 18:21:31,450][com.java.TestType] [  482] -  str(1) = 1
[INFO ][2015-12-24 18:21:31,450][com.java.TestType] [  485] - Test case Id is---1
[INFO ][2015-12-24 18:21:31,450][com.java.TestType] [  487] - 1
[INFO ][2015-12-24 18:21:31,450][com.java.TestType] [  482] -  str(2) = 13
[INFO ][2015-12-24 18:21:31,450][com.java.TestType] [  534] - row values are--------{1=com.java.Objects.TestDataDetails@1643e65, 2=com.java.Objects.TestDataDetails@163780b, 3=com.java.Objects.TestDataDetails@42d6f4, 4=com.java.Objects.TestDataDetails@19bf480, 5=com.java.Objects.TestDataDetails@e05280, 6=com.java.Objects.TestDataDetails@97ecfb, 7=com.java.Objects.TestDataDetails@36f7e6, 8=com.java.Objects.TestDataDetails@9ec769, 9=com.java.Objects.TestDataDetails@10900d2, 10=com.java.Objects.TestDataDetails@1768719, 11=com.java.Objects.TestDataDetails@1435faa, 12=com.java.Objects.TestDataDetails@fe918f, 13=com.java.Objects.TestDataDetails@79b1d1}
[INFO ][2015-12-24 18:21:31,450][com.java.TestType] [  482] -  str(1) = 1
[INFO ][2015-12-24 18:21:31,450][com.java.TestType] [  485] - Test case Id is---1
[INFO ][2015-12-24 18:21:31,450][com.java.TestType] [  487] - 1
[INFO ][2015-12-24 18:21:31,450][com.java.TestType] [  482] -  str(2) = 14
[INFO ][2015-12-24 18:21:31,450][com.java.TestType] [  534] - row values are--------{1=com.java.Objects.TestDataDetails@1643e65, 2=com.java.Objects.TestDataDetails@163780b, 3=com.java.Objects.TestDataDetails@42d6f4, 4=com.java.Objects.TestDataDetails@19bf480, 5=com.java.Objects.TestDataDetails@e05280, 6=com.java.Objects.TestDataDetails@97ecfb, 7=com.java.Objects.TestDataDetails@36f7e6, 8=com.java.Objects.TestDataDetails@9ec769, 9=com.java.Objects.TestDataDetails@10900d2, 10=com.java.Objects.TestDataDetails@1768719, 11=com.java.Objects.TestDataDetails@1435faa, 12=com.java.Objects.TestDataDetails@fe918f, 13=com.java.Objects.TestDataDetails@79b1d1, 14=com.java.Objects.TestDataDetails@50b84c}
[INFO ][2015-12-24 18:21:31,450][com.java.TestType] [  482] -  str(1) = 1
[INFO ][2015-12-24 18:21:31,450][com.java.TestType] [  485] - Test case Id is---1
[INFO ][2015-12-24 18:21:31,450][com.java.TestType] [  487] - 1
[INFO ][2015-12-24 18:21:31,450][com.java.TestType] [  482] -  str(2) = 15
[INFO ][2015-12-24 18:21:31,450][com.java.TestType] [  534] - row values are--------{1=com.java.Objects.TestDataDetails@1643e65, 2=com.java.Objects.TestDataDetails@163780b, 3=com.java.Objects.TestDataDetails@42d6f4, 4=com.java.Objects.TestDataDetails@19bf480, 5=com.java.Objects.TestDataDetails@e05280, 6=com.java.Objects.TestDataDetails@97ecfb, 7=com.java.Objects.TestDataDetails@36f7e6, 8=com.java.Objects.TestDataDetails@9ec769, 9=com.java.Objects.TestDataDetails@10900d2, 10=com.java.Objects.TestDataDetails@1768719, 11=com.java.Objects.TestDataDetails@1435faa, 12=com.java.Objects.TestDataDetails@fe918f, 13=com.java.Objects.TestDataDetails@79b1d1, 14=com.java.Objects.TestDataDetails@50b84c, 15=com.java.Objects.TestDataDetails@fd9691}
[INFO ][2015-12-24 18:21:31,450][com.java.TestType] [  482] -  str(1) = 1
[INFO ][2015-12-24 18:21:31,450][com.java.TestType] [  485] - Test case Id is---1
[INFO ][2015-12-24 18:21:31,450][com.java.TestType] [  487] - 1
[INFO ][2015-12-24 18:21:31,450][com.java.TestType] [  482] -  str(2) = 16
[INFO ][2015-12-24 18:21:31,450][com.java.TestType] [  534] - row values are--------{1=com.java.Objects.TestDataDetails@1643e65, 2=com.java.Objects.TestDataDetails@163780b, 3=com.java.Objects.TestDataDetails@42d6f4, 4=com.java.Objects.TestDataDetails@19bf480, 5=com.java.Objects.TestDataDetails@e05280, 6=com.java.Objects.TestDataDetails@97ecfb, 7=com.java.Objects.TestDataDetails@36f7e6, 8=com.java.Objects.TestDataDetails@9ec769, 9=com.java.Objects.TestDataDetails@10900d2, 10=com.java.Objects.TestDataDetails@1768719, 11=com.java.Objects.TestDataDetails@1435faa, 12=com.java.Objects.TestDataDetails@fe918f, 13=com.java.Objects.TestDataDetails@79b1d1, 14=com.java.Objects.TestDataDetails@50b84c, 15=com.java.Objects.TestDataDetails@fd9691, 16=com.java.Objects.TestDataDetails@232ae3}
[INFO ][2015-12-24 18:21:31,450][com.java.TestType] [10480] - Looping 1TCID = 1
[DEBUG][2015-12-24 18:21:31,450][com.java.TestType] [10521] - Concept ID:1 :: Step being Executed: 1::1
[INFO ][2015-12-24 18:21:31,450][com.java.TestType] [10559] - dataFields : TXTusername
[DEBUG][2015-12-24 18:21:31,450][com.java.TestType] [10565] - <In Set values of the page>
[DEBUG][2015-12-24 18:21:31,450][com.java.TestType] [10570] - {Data Fields & Data Values Exist}
[INFO ][2015-12-24 18:21:31,450][com.java.TestType] [10576] - --------------------------setting values-----------------------------
[INFO ][2015-12-24 18:21:31,450][com.java.TestType] [10579] - Action Type : CLEARANDENTER
[INFO ][2015-12-24 18:21:31,450][com.java.TestType] [ 5657] - value = valuelabs.ie10.33527
[INFO ][2015-12-24 18:21:36,187][com.java.TestType] [10598] -  RESULT true
[INFO ][2015-12-24 18:21:36,187][com.java.TestType] [10715] - ?   P A S S   ?
[DEBUG][2015-12-24 18:21:36,187][com.java.TestType] [10521] - Concept ID:1 :: Step being Executed: 1::2
[INFO ][2015-12-24 18:21:36,187][com.java.TestType] [10559] - dataFields : TXTpassword
[DEBUG][2015-12-24 18:21:36,187][com.java.TestType] [10565] - <In Set values of the page>
[DEBUG][2015-12-24 18:21:36,187][com.java.TestType] [10570] - {Data Fields & Data Values Exist}
[INFO ][2015-12-24 18:21:36,187][com.java.TestType] [10576] - --------------------------setting values-----------------------------
[INFO ][2015-12-24 18:21:36,187][com.java.TestType] [10579] - Action Type : CLEARANDENTER
[INFO ][2015-12-24 18:21:36,187][com.java.TestType] [ 5657] - value = Password1*
[INFO ][2015-12-24 18:21:41,014][com.java.TestType] [10598] -  RESULT true
[INFO ][2015-12-24 18:21:41,014][com.java.TestType] [10715] - ?   P A S S   ?
[DEBUG][2015-12-24 18:21:41,014][com.java.TestType] [10521] - Concept ID:1 :: Step being Executed: 1::3
[ERROR][2015-12-24 18:21:41,014][com.java.TestType] [10554] - Exception: null
[INFO ][2015-12-24 18:21:41,014][com.java.TestType] [10559] - dataFields : XPH//button[@type='submit']
[DEBUG][2015-12-24 18:21:41,014][com.java.TestType] [10565] - <In Set values of the page>
[DEBUG][2015-12-24 18:21:41,014][com.java.TestType] [10570] - {Data Fields & Data Values Exist}
[INFO ][2015-12-24 18:21:41,014][com.java.TestType] [10576] - --------------------------setting values-----------------------------
[INFO ][2015-12-24 18:21:41,014][com.java.TestType] [10579] - Action Type : Click
[INFO ][2015-12-24 18:21:41,014][com.java.TestType] [ 6036] - Field ::XPH//button[@type='submit']
[INFO ][2015-12-24 18:21:41,014][com.java.TestType] [ 5657] - value = 
[INFO ][2015-12-24 18:21:42,014][com.java.TestType] [ 6173] - BEFORE CLICK
[INFO ][2015-12-24 18:21:42,879][com.java.TestType] [ 6181] - Unable to click the object Login
[INFO ][2015-12-24 18:21:42,879][com.java.TestType] [10598] -  RESULT true
[INFO ][2015-12-24 18:21:42,879][com.java.TestType] [10715] - ?   P A S S   ?
[DEBUG][2015-12-24 18:21:42,879][com.java.TestType] [10521] - Concept ID:1 :: Step being Executed: 1::4
[INFO ][2015-12-24 18:21:42,879][com.java.TestType] [10559] - dataFields : LNKLogout
[DEBUG][2015-12-24 18:21:42,879][com.java.TestType] [10565] - <In Set values of the page>
[DEBUG][2015-12-24 18:21:42,879][com.java.TestType] [10570] - {Data Fields & Data Values Exist}
[INFO ][2015-12-24 18:21:42,879][com.java.TestType] [10576] - --------------------------setting values-----------------------------
[INFO ][2015-12-24 18:21:42,879][com.java.TestType] [10579] - Action Type : WaitForElement
[INFO ][2015-12-24 18:21:46,367][com.java.TestType] [10598] -  RESULT true
[INFO ][2015-12-24 18:21:46,367][com.java.TestType] [10715] - ?   P A S S   ?
[DEBUG][2015-12-24 18:21:46,367][com.java.TestType] [10521] - Concept ID:1 :: Step being Executed: 1::15
[INFO ][2015-12-24 18:21:46,367][com.java.TestType] [10559] - dataFields : LNK
[DEBUG][2015-12-24 18:21:46,367][com.java.TestType] [10565] - <In Set values of the page>
[DEBUG][2015-12-24 18:21:46,367][com.java.TestType] [10570] - {Data Fields & Data Values Exist}
[INFO ][2015-12-24 18:21:46,367][com.java.TestType] [10576] - --------------------------setting values-----------------------------
[INFO ][2015-12-24 18:21:46,367][com.java.TestType] [10579] - Action Type : Verify
[INFO ][2015-12-24 18:21:46,367][com.java.TestType] [ 7036] - field= LNK value= Logout
[INFO ][2015-12-24 18:21:46,367][com.java.TestType] [ 5657] - value = Logout
[INFO ][2015-12-24 18:21:46,408][com.java.TestType] [10598] -  RESULT true
[INFO ][2015-12-24 18:21:46,408][com.java.TestType] [10715] - ?   P A S S   ?
[DEBUG][2015-12-24 18:21:46,408][com.java.TestType] [10521] - Concept ID:1 :: Step being Executed: 1::16
[INFO ][2015-12-24 18:21:46,408][com.java.TestType] [10559] - dataFields : BTN
[DEBUG][2015-12-24 18:21:46,408][com.java.TestType] [10565] - <In Set values of the page>
[DEBUG][2015-12-24 18:21:46,408][com.java.TestType] [10570] - {Data Fields & Data Values Exist}
[INFO ][2015-12-24 18:21:46,408][com.java.TestType] [10576] - --------------------------setting values-----------------------------
[INFO ][2015-12-24 18:21:46,408][com.java.TestType] [10579] - Action Type : Verify
[INFO ][2015-12-24 18:21:46,408][com.java.TestType] [ 7036] - field= BTN value= //img[contains(@src,'bdlogo.jpg')]
[INFO ][2015-12-24 18:21:46,408][com.java.TestType] [ 5657] - value = //img[contains(@src,'bdlogo.jpg')]
[INFO ][2015-12-24 18:21:46,478][com.java.TestType] [10598] -  RESULT true
[INFO ][2015-12-24 18:21:46,478][com.java.TestType] [10715] - ?   P A S S   ?
[INFO ][2015-12-24 18:21:46,478][com.java.TestType] [10786] - Looping End......
[INFO ][2015-12-24 18:21:46,478][com.java.SeleniumDriver] [  894] -  RESULT true
[INFO ][2015-12-24 18:21:46,478][com.java.SeleniumDriver] [ 1100] - ?   P A S S   ?
[INFO ][2015-12-24 18:21:46,478][com.java.SeleniumDriver] [  821] - ------------------------------------------
[INFO ][2015-12-24 18:21:46,478][com.java.SeleniumDriver] [  822] - Test case being Executed: 1
[INFO ][2015-12-24 18:21:46,478][com.java.SeleniumDriver] [  833] - Test step:2
[INFO ][2015-12-24 18:21:46,478][com.java.SeleniumDriver] [  845] - Datavalue is----------Concept#2:1-2
[INFO ][2015-12-24 18:21:46,478][com.java.SeleniumDriver] [  869] - DataField : test
[INFO ][2015-12-24 18:21:46,478][com.java.SeleniumDriver] [  871] - DataValue : Concept#2:1-2
[INFO ][2015-12-24 18:21:46,478][com.java.SeleniumDriver] [  877] - <In Set values of the page>
[INFO ][2015-12-24 18:21:46,478][com.java.SeleniumDriver] [  880] - {Data Fields & Data Values Exist}
[INFO ][2015-12-24 18:21:46,478][com.java.SeleniumDriver] [  882] - --------------------------setting values-----------------------------
[INFO ][2015-12-24 18:21:46,478][com.java.SeleniumDriver] [  885] - Action Type : ExecuteTestCase
[INFO ][2015-12-24 18:21:46,478][com.java.TestType] [  437] - The Concept sheet name is ---------- Concept
[INFO ][2015-12-24 18:21:46,478][com.java.TestType] [  440] - The Concept ID  is ---------- 2
[DEBUG][2015-12-24 18:21:46,478][com.java.TestType] [  444] - Steps being executted in the Concept are: 1:2
[INFO ][2015-12-24 18:21:46,478][com.java.TestType] [  451] - Test data details path ---------- D:\BankersDashboard\TestInputs\TestData.xls
[INFO ][2015-12-24 18:21:46,508][com.java.TestType] [  482] -  str(1) = 2
[INFO ][2015-12-24 18:21:46,508][com.java.TestType] [  485] - Test case Id is---2
[INFO ][2015-12-24 18:21:46,508][com.java.TestType] [  487] - 2
[INFO ][2015-12-24 18:21:46,508][com.java.TestType] [  482] -  str(2) = 1
[INFO ][2015-12-24 18:21:46,508][com.java.TestType] [  534] - row values are--------{1=com.java.Objects.TestDataDetails@9c5167}
[INFO ][2015-12-24 18:21:46,508][com.java.TestType] [  482] -  str(1) = 2
[INFO ][2015-12-24 18:21:46,508][com.java.TestType] [  485] - Test case Id is---2
[INFO ][2015-12-24 18:21:46,508][com.java.TestType] [  487] - 2
[INFO ][2015-12-24 18:21:46,508][com.java.TestType] [  482] -  str(2) = 2
[INFO ][2015-12-24 18:21:46,508][com.java.TestType] [  534] - row values are--------{1=com.java.Objects.TestDataDetails@9c5167, 2=com.java.Objects.TestDataDetails@f3a37f}
[INFO ][2015-12-24 18:21:46,508][com.java.TestType] [  482] -  str(1) = 2
[INFO ][2015-12-24 18:21:46,508][com.java.TestType] [  485] - Test case Id is---2
[INFO ][2015-12-24 18:21:46,508][com.java.TestType] [  487] - 2
[INFO ][2015-12-24 18:21:46,508][com.java.TestType] [  482] -  str(2) = 3
[INFO ][2015-12-24 18:21:46,508][com.java.TestType] [  534] - row values are--------{1=com.java.Objects.TestDataDetails@9c5167, 2=com.java.Objects.TestDataDetails@f3a37f, 3=com.java.Objects.TestDataDetails@6702a0}
[INFO ][2015-12-24 18:21:46,508][com.java.TestType] [10480] - Looping 1TCID = 2
[DEBUG][2015-12-24 18:21:46,518][com.java.TestType] [10521] - Concept ID:2 :: Step being Executed: 2::1
[INFO ][2015-12-24 18:21:46,518][com.java.TestType] [10559] - dataFields : BNK//select[@id='bank']
[DEBUG][2015-12-24 18:21:46,518][com.java.TestType] [10565] - <In Set values of the page>
[DEBUG][2015-12-24 18:21:46,518][com.java.TestType] [10570] - {Data Fields & Data Values Exist}
[INFO ][2015-12-24 18:21:46,518][com.java.TestType] [10576] - --------------------------setting values-----------------------------
[INFO ][2015-12-24 18:21:46,518][com.java.TestType] [10579] - Action Type : Select
[INFO ][2015-12-24 18:21:46,518][com.java.TestType] [ 5657] - value = PFC
[INFO ][2015-12-24 18:21:46,995][com.java.TestType] [10598] -  RESULT true
[INFO ][2015-12-24 18:21:46,995][com.java.TestType] [10715] - ?   P A S S   ?
[DEBUG][2015-12-24 18:21:46,995][com.java.TestType] [10521] - Concept ID:2 :: Step being Executed: 2::2
[INFO ][2015-12-24 18:21:46,995][com.java.TestType] [10559] - dataFields : LNKLogout
[DEBUG][2015-12-24 18:21:46,995][com.java.TestType] [10565] - <In Set values of the page>
[DEBUG][2015-12-24 18:21:46,995][com.java.TestType] [10570] - {Data Fields & Data Values Exist}
[INFO ][2015-12-24 18:21:46,995][com.java.TestType] [10576] - --------------------------setting values-----------------------------
[INFO ][2015-12-24 18:21:46,995][com.java.TestType] [10579] - Action Type : WaitTime
[DEBUG][2015-12-24 18:21:46,995][com.java.TestType] [ 5477] - sleepTime: 5000
[INFO ][2015-12-24 18:21:51,998][com.java.TestType] [10598] -  RESULT true
[INFO ][2015-12-24 18:21:51,998][com.java.TestType] [10715] - ?   P A S S   ?
[INFO ][2015-12-24 18:21:51,998][com.java.TestType] [10786] - Looping End......
[INFO ][2015-12-24 18:21:51,998][com.java.SeleniumDriver] [  894] -  RESULT true
[INFO ][2015-12-24 18:21:51,998][com.java.SeleniumDriver] [ 1100] - ?   P A S S   ?
[INFO ][2015-12-24 18:21:51,998][com.java.SeleniumDriver] [  821] - ------------------------------------------
[INFO ][2015-12-24 18:21:51,998][com.java.SeleniumDriver] [  822] - Test case being Executed: 1
[INFO ][2015-12-24 18:21:51,998][com.java.SeleniumDriver] [  833] - Test step:3
[INFO ][2015-12-24 18:21:51,998][com.java.SeleniumDriver] [  845] - Datavalue is----------2
[INFO ][2015-12-24 18:21:51,998][com.java.SeleniumDriver] [  869] - DataField : XPH//button[contains(text(),'Add Content')]
[INFO ][2015-12-24 18:21:51,998][com.java.SeleniumDriver] [  871] - DataValue : 2
[INFO ][2015-12-24 18:21:51,998][com.java.SeleniumDriver] [  877] - <In Set values of the page>
[INFO ][2015-12-24 18:21:51,998][com.java.SeleniumDriver] [  880] - {Data Fields & Data Values Exist}
[INFO ][2015-12-24 18:21:51,998][com.java.SeleniumDriver] [  882] - --------------------------setting values-----------------------------
[INFO ][2015-12-24 18:21:51,998][com.java.SeleniumDriver] [  885] - Action Type : WAITFORELEMENT
[INFO ][2015-12-24 18:21:52,039][com.java.SeleniumDriver] [  894] -  RESULT true
[INFO ][2015-12-24 18:21:52,039][com.java.SeleniumDriver] [ 1100] - ?   P A S S   ?
[DEBUG][2015-12-24 18:21:52,039][com.java.SeleniumDriver] [ 1212] - Case found
[DEBUG][2015-12-24 18:21:52,039][com.java.SeleniumDriver] [ 1217] - Incrementing ReportCounters[0]:1
[INFO ][2015-12-24 18:21:52,039][com.java.SeleniumDriver] [ 1236] - The results are-------------------[1, 1, Valid Login, Pass, , Thu Dec 24 18:21:46 IST 2015, 1, 2, Valid Login, Pass, , Thu Dec 24 18:21:51 IST 2015, 1, 3, Valid Login, Pass, , Thu Dec 24 18:21:52 IST 2015]
[INFO ][2015-12-24 18:21:52,039][com.java.SeleniumDriver] [ 1240] - End time is-------35 sec
[INFO ][2015-12-24 18:21:52,039][com.java.SeleniumDriver] [ 1241] - The results are-------------------[1, 1, Valid Login, Pass, , Thu Dec 24 18:21:46 IST 2015, 1, 2, Valid Login, Pass, , Thu Dec 24 18:21:51 IST 2015, 1, 3, Valid Login, Pass, , Thu Dec 24 18:21:52 IST 2015]
[DEBUG][2015-12-24 18:21:52,039][com.java.ImportnExport.ExportTestResultsExcel] [  222] - testResultPath = D:\BankersDashboard/TestReports/Test Results_BankersDashBoard_122415_182118_IE10_Bank of North Carolina.xls
[DEBUG][2015-12-24 18:21:52,039][com.java.ImportnExport.ExportTestResultsExcel] [  223] - browser is------------IE10
[DEBUG][2015-12-24 18:21:52,079][com.java.ImportnExport.ExportTestResultsExcel] [  270] - result.size() = 18
[DEBUG][2015-12-24 18:21:52,079][com.java.ImportnExport.ExportTestResultsExcel] [  274] - No of rows in sheet=1
[DEBUG][2015-12-24 18:21:52,079][com.java.ImportnExport.ExportTestResultsExcel] [  301] - ..in export..1
[DEBUG][2015-12-24 18:21:52,079][com.java.ImportnExport.ExportTestResultsExcel] [  301] - ..in export..Valid Login
[DEBUG][2015-12-24 18:21:52,079][com.java.ImportnExport.ExportTestResultsExcel] [  301] - ..in export..Pass
[DEBUG][2015-12-24 18:21:52,079][com.java.ImportnExport.ExportTestResultsExcel] [  301] - ..in export..
[DEBUG][2015-12-24 18:21:52,079][com.java.ImportnExport.ExportTestResultsExcel] [  301] - ..in export..Thu Dec 24 18:21:46 IST 2015
[INFO ][2015-12-24 18:21:52,089][com.java.SeleniumDriver] [ 1299] - out loop:0 size:2 TestCases:[1, 4] testcases:[1, 4]
[INFO ][2015-12-24 18:21:52,089][com.java.ImportnExport.ImportTestDataDetailsExcel] [   49] - test data details path===== D:\BankersDashboard\TestInputs\TestData.xls
[INFO ][2015-12-24 18:22:12,115][com.java.SeleniumDriver] [  821] - ------------------------------------------
[INFO ][2015-12-24 18:22:12,115][com.java.SeleniumDriver] [  822] - Test case being Executed: 4
[INFO ][2015-12-24 18:22:12,115][com.java.SeleniumDriver] [  833] - Test step:1
[INFO ][2015-12-24 18:22:12,115][com.java.SeleniumDriver] [  845] - Datavalue is----------Logout
[INFO ][2015-12-24 18:22:12,115][com.java.SeleniumDriver] [  869] - DataField : BTN
[INFO ][2015-12-24 18:22:12,115][com.java.SeleniumDriver] [  871] - DataValue : Logout
[INFO ][2015-12-24 18:22:12,115][com.java.SeleniumDriver] [  877] - <In Set values of the page>
[INFO ][2015-12-24 18:22:12,115][com.java.SeleniumDriver] [  880] - {Data Fields & Data Values Exist}
[INFO ][2015-12-24 18:22:12,115][com.java.SeleniumDriver] [  882] - --------------------------setting values-----------------------------
[INFO ][2015-12-24 18:22:12,115][com.java.SeleniumDriver] [  885] - Action Type : Verify
[INFO ][2015-12-24 18:22:12,115][com.java.TestType] [ 7036] - field= BTN value= Logout
[INFO ][2015-12-24 18:22:12,115][com.java.TestType] [ 5657] - value = Logout
[INFO ][2015-12-24 18:22:12,206][com.java.SeleniumDriver] [  894] -  RESULT true
[INFO ][2015-12-24 18:22:12,206][com.java.SeleniumDriver] [ 1100] - ?   P A S S   ?
[INFO ][2015-12-24 18:22:12,206][com.java.SeleniumDriver] [ 1142] - step change to 3
[INFO ][2015-12-24 18:22:12,206][com.java.SeleniumDriver] [  821] - ------------------------------------------
[INFO ][2015-12-24 18:22:12,206][com.java.SeleniumDriver] [  822] - Test case being Executed: 4
[INFO ][2015-12-24 18:22:12,206][com.java.SeleniumDriver] [  833] - Test step:3
[INFO ][2015-12-24 18:22:12,206][com.java.SeleniumDriver] [  845] - Datavalue is----------Concept#2:1-2
[INFO ][2015-12-24 18:22:12,206][com.java.SeleniumDriver] [  869] - DataField : test
[INFO ][2015-12-24 18:22:12,206][com.java.SeleniumDriver] [  871] - DataValue : Concept#2:1-2
[INFO ][2015-12-24 18:22:12,206][com.java.SeleniumDriver] [  877] - <In Set values of the page>
[INFO ][2015-12-24 18:22:12,206][com.java.SeleniumDriver] [  880] - {Data Fields & Data Values Exist}
[INFO ][2015-12-24 18:22:12,206][com.java.SeleniumDriver] [  882] - --------------------------setting values-----------------------------
[INFO ][2015-12-24 18:22:12,206][com.java.SeleniumDriver] [  885] - Action Type : ExecuteTestCase
[INFO ][2015-12-24 18:22:12,206][com.java.TestType] [  437] - The Concept sheet name is ---------- Concept
[INFO ][2015-12-24 18:22:12,206][com.java.TestType] [  440] - The Concept ID  is ---------- 2
[DEBUG][2015-12-24 18:22:12,206][com.java.TestType] [  444] - Steps being executted in the Concept are: 1:2
[INFO ][2015-12-24 18:22:12,206][com.java.TestType] [  451] - Test data details path ---------- D:\BankersDashboard\TestInputs\TestData.xls
[INFO ][2015-12-24 18:22:12,236][com.java.TestType] [  482] -  str(1) = 2
[INFO ][2015-12-24 18:22:12,236][com.java.TestType] [  485] - Test case Id is---2
[INFO ][2015-12-24 18:22:12,236][com.java.TestType] [  487] - 2
[INFO ][2015-12-24 18:22:12,236][com.java.TestType] [  482] -  str(2) = 1
[INFO ][2015-12-24 18:22:12,236][com.java.TestType] [  534] - row values are--------{1=com.java.Objects.TestDataDetails@113ee65}
[INFO ][2015-12-24 18:22:12,236][com.java.TestType] [  482] -  str(1) = 2
[INFO ][2015-12-24 18:22:12,236][com.java.TestType] [  485] - Test case Id is---2
[INFO ][2015-12-24 18:22:12,236][com.java.TestType] [  487] - 2
[INFO ][2015-12-24 18:22:12,236][com.java.TestType] [  482] -  str(2) = 2
[INFO ][2015-12-24 18:22:12,236][com.java.TestType] [  534] - row values are--------{1=com.java.Objects.TestDataDetails@113ee65, 2=com.java.Objects.TestDataDetails@ee2ab}
[INFO ][2015-12-24 18:22:12,236][com.java.TestType] [  482] -  str(1) = 2
[INFO ][2015-12-24 18:22:12,236][com.java.TestType] [  485] - Test case Id is---2
[INFO ][2015-12-24 18:22:12,236][com.java.TestType] [  487] - 2
[INFO ][2015-12-24 18:22:12,236][com.java.TestType] [  482] -  str(2) = 3
[INFO ][2015-12-24 18:22:12,236][com.java.TestType] [  534] - row values are--------{1=com.java.Objects.TestDataDetails@113ee65, 2=com.java.Objects.TestDataDetails@ee2ab, 3=com.java.Objects.TestDataDetails@10d0828}
[INFO ][2015-12-24 18:22:12,236][com.java.TestType] [10480] - Looping 1TCID = 2
[DEBUG][2015-12-24 18:22:12,236][com.java.TestType] [10521] - Concept ID:2 :: Step being Executed: 2::1
[INFO ][2015-12-24 18:22:12,236][com.java.TestType] [10559] - dataFields : BNK//select[@id='bank']
[DEBUG][2015-12-24 18:22:12,236][com.java.TestType] [10565] - <In Set values of the page>
[DEBUG][2015-12-24 18:22:12,236][com.java.TestType] [10570] - {Data Fields & Data Values Exist}
[INFO ][2015-12-24 18:22:12,236][com.java.TestType] [10576] - --------------------------setting values-----------------------------
[INFO ][2015-12-24 18:22:12,236][com.java.TestType] [10579] - Action Type : Select
[INFO ][2015-12-24 18:22:12,236][com.java.TestType] [ 5657] - value = PFC
[INFO ][2015-12-24 18:22:12,426][com.java.TestType] [10598] -  RESULT true
[INFO ][2015-12-24 18:22:12,426][com.java.TestType] [10715] - ?   P A S S   ?
[DEBUG][2015-12-24 18:22:12,426][com.java.TestType] [10521] - Concept ID:2 :: Step being Executed: 2::2
[INFO ][2015-12-24 18:22:12,426][com.java.TestType] [10559] - dataFields : LNKLogout
[DEBUG][2015-12-24 18:22:12,426][com.java.TestType] [10565] - <In Set values of the page>
[DEBUG][2015-12-24 18:22:12,426][com.java.TestType] [10570] - {Data Fields & Data Values Exist}
[INFO ][2015-12-24 18:22:12,426][com.java.TestType] [10576] - --------------------------setting values-----------------------------
[INFO ][2015-12-24 18:22:12,426][com.java.TestType] [10579] - Action Type : WaitTime
[DEBUG][2015-12-24 18:22:12,426][com.java.TestType] [ 5477] - sleepTime: 5000
[INFO ][2015-12-24 18:22:17,426][com.java.TestType] [10598] -  RESULT true
[INFO ][2015-12-24 18:22:17,426][com.java.TestType] [10715] - ?   P A S S   ?
[INFO ][2015-12-24 18:22:17,426][com.java.TestType] [10786] - Looping End......
[INFO ][2015-12-24 18:22:17,426][com.java.SeleniumDriver] [  894] -  RESULT true
[INFO ][2015-12-24 18:22:17,426][com.java.SeleniumDriver] [ 1100] - ?   P A S S   ?
[INFO ][2015-12-24 18:22:17,426][com.java.SeleniumDriver] [  821] - ------------------------------------------
[INFO ][2015-12-24 18:22:17,426][com.java.SeleniumDriver] [  822] - Test case being Executed: 4
[INFO ][2015-12-24 18:22:17,426][com.java.SeleniumDriver] [  833] - Test step:4
[INFO ][2015-12-24 18:22:17,426][com.java.SeleniumDriver] [  845] - Datavalue is----------2
[INFO ][2015-12-24 18:22:17,426][com.java.SeleniumDriver] [  869] - DataField : BTNG/L
[INFO ][2015-12-24 18:22:17,426][com.java.SeleniumDriver] [  871] - DataValue : 2
[INFO ][2015-12-24 18:22:17,426][com.java.SeleniumDriver] [  877] - <In Set values of the page>
[INFO ][2015-12-24 18:22:17,426][com.java.SeleniumDriver] [  880] - {Data Fields & Data Values Exist}
[INFO ][2015-12-24 18:22:17,426][com.java.SeleniumDriver] [  882] - --------------------------setting values-----------------------------
[INFO ][2015-12-24 18:22:17,426][com.java.SeleniumDriver] [  885] - Action Type : WAITFORELEMENT
[INFO ][2015-12-24 18:22:17,497][com.java.SeleniumDriver] [  894] -  RESULT true
[INFO ][2015-12-24 18:22:17,497][com.java.SeleniumDriver] [ 1100] - ?   P A S S   ?
[INFO ][2015-12-24 18:22:17,497][com.java.SeleniumDriver] [  821] - ------------------------------------------
[INFO ][2015-12-24 18:22:17,497][com.java.SeleniumDriver] [  822] - Test case being Executed: 4
[INFO ][2015-12-24 18:22:17,497][com.java.SeleniumDriver] [  833] - Test step:5
[INFO ][2015-12-24 18:22:17,497][com.java.SeleniumDriver] [  845] - Datavalue is----------null
[DEBUG][2015-12-24 18:22:17,497][com.java.SeleniumDriver] [  863] - Exception: null
[INFO ][2015-12-24 18:22:17,497][com.java.SeleniumDriver] [  869] - DataField : //a[starts-with(normalize-space(.), 'Settings')]/span[2]&&//a[starts-with(normalize-space(.), 'Customize')]&&//li[@data-id='MyDashboard']/a[starts-with(text(), 'My Dashboard')]
[INFO ][2015-12-24 18:22:17,497][com.java.SeleniumDriver] [  871] - DataValue : 
[INFO ][2015-12-24 18:22:17,497][com.java.SeleniumDriver] [  877] - <In Set values of the page>
[INFO ][2015-12-24 18:22:17,497][com.java.SeleniumDriver] [  880] - {Data Fields & Data Values Exist}
[INFO ][2015-12-24 18:22:17,497][com.java.SeleniumDriver] [  882] - --------------------------setting values-----------------------------
[INFO ][2015-12-24 18:22:17,497][com.java.SeleniumDriver] [  885] - Action Type : MOUSEOVER
[INFO ][2015-12-24 18:22:44,742][com.java.SeleniumDriver] [  894] -  RESULT true
[INFO ][2015-12-24 18:22:44,742][com.java.SeleniumDriver] [ 1100] - ?   P A S S   ?
[INFO ][2015-12-24 18:22:44,742][com.java.SeleniumDriver] [  821] - ------------------------------------------
[INFO ][2015-12-24 18:22:44,742][com.java.SeleniumDriver] [  822] - Test case being Executed: 4
[INFO ][2015-12-24 18:22:44,742][com.java.SeleniumDriver] [  833] - Test step:6
[INFO ][2015-12-24 18:22:44,742][com.java.SeleniumDriver] [  845] - Datavalue is----------5
[INFO ][2015-12-24 18:22:44,742][com.java.SeleniumDriver] [  869] - DataField : BTN//iframe[@id='frameDialogContent']
[INFO ][2015-12-24 18:22:44,742][com.java.SeleniumDriver] [  871] - DataValue : 5
[INFO ][2015-12-24 18:22:44,742][com.java.SeleniumDriver] [  877] - <In Set values of the page>
[INFO ][2015-12-24 18:22:44,742][com.java.SeleniumDriver] [  880] - {Data Fields & Data Values Exist}
[INFO ][2015-12-24 18:22:44,742][com.java.SeleniumDriver] [  882] - --------------------------setting values-----------------------------
[INFO ][2015-12-24 18:22:44,742][com.java.SeleniumDriver] [  885] - Action Type : WAITFORELEMENT
[INFO ][2015-12-24 18:22:44,773][com.java.SeleniumDriver] [  894] -  RESULT true
[INFO ][2015-12-24 18:22:44,773][com.java.SeleniumDriver] [ 1100] - ?   P A S S   ?
[INFO ][2015-12-24 18:22:44,773][com.java.SeleniumDriver] [  821] - ------------------------------------------
[INFO ][2015-12-24 18:22:44,773][com.java.SeleniumDriver] [  822] - Test case being Executed: 4
[INFO ][2015-12-24 18:22:44,773][com.java.SeleniumDriver] [  833] - Test step:7
[INFO ][2015-12-24 18:22:44,773][com.java.SeleniumDriver] [  845] - Datavalue is----------null
[DEBUG][2015-12-24 18:22:44,773][com.java.SeleniumDriver] [  863] - Exception: null
[INFO ][2015-12-24 18:22:44,773][com.java.SeleniumDriver] [  869] - DataField : BTN//iframe[@id='frameDialogContent']
[INFO ][2015-12-24 18:22:44,773][com.java.SeleniumDriver] [  871] - DataValue : 
[INFO ][2015-12-24 18:22:44,773][com.java.SeleniumDriver] [  877] - <In Set values of the page>
[INFO ][2015-12-24 18:22:44,773][com.java.SeleniumDriver] [  880] - {Data Fields & Data Values Exist}
[INFO ][2015-12-24 18:22:44,773][com.java.SeleniumDriver] [  882] - --------------------------setting values-----------------------------
[INFO ][2015-12-24 18:22:44,773][com.java.SeleniumDriver] [  885] - Action Type : SELECTFRAME
[INFO ][2015-12-24 18:22:44,863][com.java.SeleniumDriver] [  894] -  RESULT true
[INFO ][2015-12-24 18:22:44,863][com.java.SeleniumDriver] [ 1100] - ?   P A S S   ?
[INFO ][2015-12-24 18:22:44,863][com.java.SeleniumDriver] [  821] - ------------------------------------------
[INFO ][2015-12-24 18:22:44,863][com.java.SeleniumDriver] [  822] - Test case being Executed: 4
[INFO ][2015-12-24 18:22:44,863][com.java.SeleniumDriver] [  833] - Test step:8
[INFO ][2015-12-24 18:22:44,863][com.java.SeleniumDriver] [  845] - Datavalue is----------null
[DEBUG][2015-12-24 18:22:44,863][com.java.SeleniumDriver] [  863] - Exception: null
[INFO ][2015-12-24 18:22:44,863][com.java.SeleniumDriver] [  869] - DataField : XPH//td[starts-with(text(), '#_CAL')]/../td[@align='center']/span[2]
[INFO ][2015-12-24 18:22:44,863][com.java.SeleniumDriver] [  871] - DataValue : 
[INFO ][2015-12-24 18:22:44,863][com.java.SeleniumDriver] [  877] - <In Set values of the page>
[INFO ][2015-12-24 18:22:44,863][com.java.SeleniumDriver] [  880] - {Data Fields & Data Values Exist}
[INFO ][2015-12-24 18:22:44,863][com.java.SeleniumDriver] [  882] - --------------------------setting values-----------------------------
[INFO ][2015-12-24 18:22:44,863][com.java.SeleniumDriver] [  885] - Action Type : Click
[INFO ][2015-12-24 18:22:44,863][com.java.TestType] [ 6036] - Field ::XPH//td[starts-with(text(), '#_CAL')]/../td[@align='center']/span[2]
[INFO ][2015-12-24 18:22:44,863][com.java.TestType] [ 5657] - value = 
[INFO ][2015-12-24 18:22:45,863][com.java.TestType] [ 6173] - BEFORE CLICK
[INFO ][2015-12-24 18:22:47,883][com.java.TestType] [ 6181] - Unable to click the object edit on custom calculation
[INFO ][2015-12-24 18:22:47,883][com.java.SeleniumDriver] [  894] -  RESULT true
[INFO ][2015-12-24 18:22:47,883][com.java.SeleniumDriver] [ 1100] - ?   P A S S   ?
[INFO ][2015-12-24 18:22:47,883][com.java.SeleniumDriver] [ 1142] - step change to 14
[INFO ][2015-12-24 18:22:47,883][com.java.SeleniumDriver] [  821] - ------------------------------------------
[INFO ][2015-12-24 18:22:47,883][com.java.SeleniumDriver] [  822] - Test case being Executed: 4
[INFO ][2015-12-24 18:22:47,883][com.java.SeleniumDriver] [  833] - Test step:14
[INFO ][2015-12-24 18:22:47,883][com.java.SeleniumDriver] [  845] - Datavalue is----------2
[INFO ][2015-12-24 18:22:47,883][com.java.SeleniumDriver] [  869] - DataField : null
[INFO ][2015-12-24 18:22:47,883][com.java.SeleniumDriver] [  871] - DataValue : 2
[INFO ][2015-12-24 18:22:47,883][com.java.SeleniumDriver] [  877] - <In Set values of the page>
[INFO ][2015-12-24 18:22:47,883][com.java.SeleniumDriver] [  880] - {Data Fields & Data Values Exist}
[INFO ][2015-12-24 18:22:47,883][com.java.SeleniumDriver] [  882] - --------------------------setting values-----------------------------
[INFO ][2015-12-24 18:22:47,883][com.java.SeleniumDriver] [  885] - Action Type : WaitTime
[DEBUG][2015-12-24 18:22:47,883][com.java.TestType] [ 5477] - sleepTime: 2000
[INFO ][2015-12-24 18:22:49,884][com.java.SeleniumDriver] [  894] -  RESULT true
[INFO ][2015-12-24 18:22:49,884][com.java.SeleniumDriver] [ 1100] - ?   P A S S   ?
[INFO ][2015-12-24 18:22:49,884][com.java.SeleniumDriver] [  821] - ------------------------------------------
[INFO ][2015-12-24 18:22:49,884][com.java.SeleniumDriver] [  822] - Test case being Executed: 4
[INFO ][2015-12-24 18:22:49,884][com.java.SeleniumDriver] [  833] - Test step:15
[INFO ][2015-12-24 18:22:49,884][com.java.SeleniumDriver] [  845] - Datavalue is----------Indicator Type
[INFO ][2015-12-24 18:22:49,884][com.java.SeleniumDriver] [  869] - DataField : MSG
[INFO ][2015-12-24 18:22:49,884][com.java.SeleniumDriver] [  871] - DataValue : Indicator Type
[INFO ][2015-12-24 18:22:49,884][com.java.SeleniumDriver] [  877] - <In Set values of the page>
[INFO ][2015-12-24 18:22:49,884][com.java.SeleniumDriver] [  880] - {Data Fields & Data Values Exist}
[INFO ][2015-12-24 18:22:49,884][com.java.SeleniumDriver] [  882] - --------------------------setting values-----------------------------
[INFO ][2015-12-24 18:22:49,884][com.java.SeleniumDriver] [  885] - Action Type : verify
[INFO ][2015-12-24 18:22:49,884][com.java.TestType] [ 7036] - field= MSG value= Indicator Type
[INFO ][2015-12-24 18:22:49,884][com.java.TestType] [ 5657] - value = Indicator Type
[DEBUG][2015-12-24 18:22:49,884][com.java.TestType] [ 7857] - value :: Indicator Type
[INFO ][2015-12-24 18:22:49,906][com.java.SeleniumDriver] [  894] -  RESULT true
[INFO ][2015-12-24 18:22:49,906][com.java.SeleniumDriver] [ 1100] - ?   P A S S   ?
[INFO ][2015-12-24 18:22:49,906][com.java.SeleniumDriver] [  821] - ------------------------------------------
[INFO ][2015-12-24 18:22:49,906][com.java.SeleniumDriver] [  822] - Test case being Executed: 4
[INFO ][2015-12-24 18:22:49,906][com.java.SeleniumDriver] [  833] - Test step:16
[INFO ][2015-12-24 18:22:49,906][com.java.SeleniumDriver] [  845] - Datavalue is----------Indicator Value
[INFO ][2015-12-24 18:22:49,906][com.java.SeleniumDriver] [  869] - DataField : MSG
[INFO ][2015-12-24 18:22:49,906][com.java.SeleniumDriver] [  871] - DataValue : Indicator Value
[INFO ][2015-12-24 18:22:49,906][com.java.SeleniumDriver] [  877] - <In Set values of the page>
[INFO ][2015-12-24 18:22:49,906][com.java.SeleniumDriver] [  880] - {Data Fields & Data Values Exist}
[INFO ][2015-12-24 18:22:49,906][com.java.SeleniumDriver] [  882] - --------------------------setting values-----------------------------
[INFO ][2015-12-24 18:22:49,906][com.java.SeleniumDriver] [  885] - Action Type : verify
[INFO ][2015-12-24 18:22:49,906][com.java.TestType] [ 7036] - field= MSG value= Indicator Value
[INFO ][2015-12-24 18:22:49,906][com.java.TestType] [ 5657] - value = Indicator Value
[DEBUG][2015-12-24 18:22:49,906][com.java.TestType] [ 7857] - value :: Indicator Value
[INFO ][2015-12-24 18:22:49,926][com.java.SeleniumDriver] [  894] -  RESULT true
[INFO ][2015-12-24 18:22:49,926][com.java.SeleniumDriver] [ 1100] - ?   P A S S   ?
[INFO ][2015-12-24 18:22:49,926][com.java.SeleniumDriver] [  821] - ------------------------------------------
[INFO ][2015-12-24 18:22:49,926][com.java.SeleniumDriver] [  822] - Test case being Executed: 4
[INFO ][2015-12-24 18:22:49,926][com.java.SeleniumDriver] [  833] - Test step:17
[INFO ][2015-12-24 18:22:49,926][com.java.SeleniumDriver] [  845] - Datavalue is----------Indicator Name
[INFO ][2015-12-24 18:22:49,926][com.java.SeleniumDriver] [  869] - DataField : MSG
[INFO ][2015-12-24 18:22:49,926][com.java.SeleniumDriver] [  871] - DataValue : Indicator Name
[INFO ][2015-12-24 18:22:49,926][com.java.SeleniumDriver] [  877] - <In Set values of the page>
[INFO ][2015-12-24 18:22:49,926][com.java.SeleniumDriver] [  880] - {Data Fields & Data Values Exist}
[INFO ][2015-12-24 18:22:49,926][com.java.SeleniumDriver] [  882] - --------------------------setting values-----------------------------
[INFO ][2015-12-24 18:22:49,926][com.java.SeleniumDriver] [  885] - Action Type : verify
[INFO ][2015-12-24 18:22:49,926][com.java.TestType] [ 7036] - field= MSG value= Indicator Name
[INFO ][2015-12-24 18:22:49,926][com.java.TestType] [ 5657] - value = Indicator Name
[DEBUG][2015-12-24 18:22:49,926][com.java.TestType] [ 7857] - value :: Indicator Name
[INFO ][2015-12-24 18:22:49,946][com.java.SeleniumDriver] [  894] -  RESULT true
[INFO ][2015-12-24 18:22:49,946][com.java.SeleniumDriver] [ 1100] - ?   P A S S   ?
[INFO ][2015-12-24 18:22:49,946][com.java.SeleniumDriver] [  821] - ------------------------------------------
[INFO ][2015-12-24 18:22:49,946][com.java.SeleniumDriver] [  822] - Test case being Executed: 4
[WARN ][2015-12-24 18:22:49,946][com.java.SeleniumDriver] [  826] - -----------------------Step Skipped:: 	TestCaseNo:  4	 StepNo: 18  	::	Action Type:  ENTER 	::		ClientName In TestData:  "SKIP" 	::	ClientName in config:  "Bank of North Carolina"-----------------------------
[INFO ][2015-12-24 18:22:49,946][com.java.SeleniumDriver] [  821] - ------------------------------------------
[INFO ][2015-12-24 18:22:49,946][com.java.SeleniumDriver] [  822] - Test case being Executed: 4
[INFO ][2015-12-24 18:22:49,946][com.java.SeleniumDriver] [  833] - Test step:19
[INFO ][2015-12-24 18:22:49,946][com.java.SeleniumDriver] [  845] - Datavalue is----------5
[INFO ][2015-12-24 18:22:49,946][com.java.SeleniumDriver] [  869] - DataField : null
[INFO ][2015-12-24 18:22:49,946][com.java.SeleniumDriver] [  871] - DataValue : 5
[INFO ][2015-12-24 18:22:49,946][com.java.SeleniumDriver] [  877] - <In Set values of the page>
[INFO ][2015-12-24 18:22:49,946][com.java.SeleniumDriver] [  880] - {Data Fields & Data Values Exist}
[INFO ][2015-12-24 18:22:49,946][com.java.SeleniumDriver] [  882] - --------------------------setting values-----------------------------
[INFO ][2015-12-24 18:22:49,946][com.java.SeleniumDriver] [  885] - Action Type : WaitTime
[DEBUG][2015-12-24 18:22:49,946][com.java.TestType] [ 5477] - sleepTime: 5000
[INFO ][2015-12-24 18:22:54,946][com.java.SeleniumDriver] [  894] -  RESULT true
[INFO ][2015-12-24 18:22:54,946][com.java.SeleniumDriver] [ 1100] - ?   P A S S   ?
[INFO ][2015-12-24 18:22:54,946][com.java.SeleniumDriver] [  821] - ------------------------------------------
[INFO ][2015-12-24 18:22:54,946][com.java.SeleniumDriver] [  822] - Test case being Executed: 4
[INFO ][2015-12-24 18:22:54,946][com.java.SeleniumDriver] [  833] - Test step:20
[INFO ][2015-12-24 18:22:54,946][com.java.SeleniumDriver] [  845] - Datavalue is----------null
[DEBUG][2015-12-24 18:22:54,946][com.java.SeleniumDriver] [  863] - Exception: null
[INFO ][2015-12-24 18:22:54,946][com.java.SeleniumDriver] [  869] - DataField : XPH//input[@id='btnNext']
[INFO ][2015-12-24 18:22:54,946][com.java.SeleniumDriver] [  871] - DataValue : 
[INFO ][2015-12-24 18:22:54,946][com.java.SeleniumDriver] [  877] - <In Set values of the page>
[INFO ][2015-12-24 18:22:54,946][com.java.SeleniumDriver] [  880] - {Data Fields & Data Values Exist}
[INFO ][2015-12-24 18:22:54,946][com.java.SeleniumDriver] [  882] - --------------------------setting values-----------------------------
[INFO ][2015-12-24 18:22:54,946][com.java.SeleniumDriver] [  885] - Action Type : CLICK
[INFO ][2015-12-24 18:22:54,946][com.java.TestType] [ 6036] - Field ::XPH//input[@id='btnNext']
[INFO ][2015-12-24 18:22:54,946][com.java.TestType] [ 5657] - value = 
[INFO ][2015-12-24 18:22:55,947][com.java.TestType] [ 6173] - BEFORE CLICK
[INFO ][2015-12-24 18:22:56,687][com.java.TestType] [ 6181] - Unable to click the object next button
[INFO ][2015-12-24 18:22:56,687][com.java.SeleniumDriver] [  894] -  RESULT true
[INFO ][2015-12-24 18:22:56,687][com.java.SeleniumDriver] [ 1100] - ?   P A S S   ?
[INFO ][2015-12-24 18:22:56,687][com.java.SeleniumDriver] [  821] - ------------------------------------------
[INFO ][2015-12-24 18:22:56,687][com.java.SeleniumDriver] [  822] - Test case being Executed: 4
[INFO ][2015-12-24 18:22:56,687][com.java.SeleniumDriver] [  833] - Test step:21
[INFO ][2015-12-24 18:22:56,687][com.java.SeleniumDriver] [  845] - Datavalue is----------3
[INFO ][2015-12-24 18:22:56,687][com.java.SeleniumDriver] [  869] - DataField : TXTGreenCompare
[INFO ][2015-12-24 18:22:56,687][com.java.SeleniumDriver] [  871] - DataValue : 3
[INFO ][2015-12-24 18:22:56,687][com.java.SeleniumDriver] [  877] - <In Set values of the page>
[INFO ][2015-12-24 18:22:56,687][com.java.SeleniumDriver] [  880] - {Data Fields & Data Values Exist}
[INFO ][2015-12-24 18:22:56,687][com.java.SeleniumDriver] [  882] - --------------------------setting values-----------------------------
[INFO ][2015-12-24 18:22:56,687][com.java.SeleniumDriver] [  885] - Action Type : WaitForElement
[INFO ][2015-12-24 18:22:57,729][com.java.SeleniumDriver] [  894] -  RESULT true
[INFO ][2015-12-24 18:22:57,729][com.java.SeleniumDriver] [ 1100] - ?   P A S S   ?
[INFO ][2015-12-24 18:22:57,729][com.java.SeleniumDriver] [  821] - ------------------------------------------
[INFO ][2015-12-24 18:22:57,729][com.java.SeleniumDriver] [  822] - Test case being Executed: 4
[INFO ][2015-12-24 18:22:57,729][com.java.SeleniumDriver] [  833] - Test step:22
[INFO ][2015-12-24 18:22:57,729][com.java.SeleniumDriver] [  845] - Datavalue is----------Less Than
[INFO ][2015-12-24 18:22:57,729][com.java.SeleniumDriver] [  869] - DataField : SLBGreenCompare
[INFO ][2015-12-24 18:22:57,729][com.java.SeleniumDriver] [  871] - DataValue : Less Than
[INFO ][2015-12-24 18:22:57,729][com.java.SeleniumDriver] [  877] - <In Set values of the page>
[INFO ][2015-12-24 18:22:57,729][com.java.SeleniumDriver] [  880] - {Data Fields & Data Values Exist}
[INFO ][2015-12-24 18:22:57,729][com.java.SeleniumDriver] [  882] - --------------------------setting values-----------------------------
[INFO ][2015-12-24 18:22:57,729][com.java.SeleniumDriver] [  885] - Action Type : Select
[INFO ][2015-12-24 18:22:57,729][com.java.TestType] [ 5657] - value = Less Than
[INFO ][2015-12-24 18:22:59,992][com.java.SeleniumDriver] [  894] -  RESULT true
[INFO ][2015-12-24 18:22:59,992][com.java.SeleniumDriver] [ 1100] - ?   P A S S   ?
[INFO ][2015-12-24 18:22:59,992][com.java.SeleniumDriver] [  821] - ------------------------------------------
[INFO ][2015-12-24 18:22:59,992][com.java.SeleniumDriver] [  822] - Test case being Executed: 4
[INFO ][2015-12-24 18:22:59,992][com.java.SeleniumDriver] [  833] - Test step:23
[INFO ][2015-12-24 18:22:59,992][com.java.SeleniumDriver] [  845] - Datavalue is----------100000000
[INFO ][2015-12-24 18:22:59,992][com.java.SeleniumDriver] [  869] - DataField : TXTGreenValue
[INFO ][2015-12-24 18:22:59,992][com.java.SeleniumDriver] [  871] - DataValue : 100000000
[INFO ][2015-12-24 18:22:59,992][com.java.SeleniumDriver] [  877] - <In Set values of the page>
[INFO ][2015-12-24 18:22:59,992][com.java.SeleniumDriver] [  880] - {Data Fields & Data Values Exist}
[INFO ][2015-12-24 18:22:59,992][com.java.SeleniumDriver] [  882] - --------------------------setting values-----------------------------
[INFO ][2015-12-24 18:22:59,992][com.java.SeleniumDriver] [  885] - Action Type : CLEARANDENTER
[INFO ][2015-12-24 18:22:59,992][com.java.TestType] [ 5657] - value = 100000000
[INFO ][2015-12-24 18:23:02,354][com.java.SeleniumDriver] [  894] -  RESULT true
[INFO ][2015-12-24 18:23:02,354][com.java.SeleniumDriver] [ 1100] - ?   P A S S   ?
[INFO ][2015-12-24 18:23:02,354][com.java.SeleniumDriver] [  821] - ------------------------------------------
[INFO ][2015-12-24 18:23:02,354][com.java.SeleniumDriver] [  822] - Test case being Executed: 4
[INFO ][2015-12-24 18:23:02,354][com.java.SeleniumDriver] [  833] - Test step:24
[INFO ][2015-12-24 18:23:02,354][com.java.SeleniumDriver] [  845] - Datavalue is----------null
[DEBUG][2015-12-24 18:23:02,354][com.java.SeleniumDriver] [  863] - Exception: null
[INFO ][2015-12-24 18:23:02,354][com.java.SeleniumDriver] [  869] - DataField : BTNparent
[INFO ][2015-12-24 18:23:02,354][com.java.SeleniumDriver] [  871] - DataValue : 
[INFO ][2015-12-24 18:23:02,354][com.java.SeleniumDriver] [  877] - <In Set values of the page>
[INFO ][2015-12-24 18:23:02,354][com.java.SeleniumDriver] [  880] - {Data Fields & Data Values Exist}
[INFO ][2015-12-24 18:23:02,354][com.java.SeleniumDriver] [  882] - --------------------------setting values-----------------------------
[INFO ][2015-12-24 18:23:02,354][com.java.SeleniumDriver] [  885] - Action Type : SELECTFRAME
[INFO ][2015-12-24 18:23:02,364][com.java.SeleniumDriver] [  894] -  RESULT true
[INFO ][2015-12-24 18:23:02,364][com.java.SeleniumDriver] [ 1100] - ?   P A S S   ?
[INFO ][2015-12-24 18:23:02,364][com.java.SeleniumDriver] [  821] - ------------------------------------------
[INFO ][2015-12-24 18:23:02,364][com.java.SeleniumDriver] [  822] - Test case being Executed: 4
[INFO ][2015-12-24 18:23:02,364][com.java.SeleniumDriver] [  833] - Test step:25
[INFO ][2015-12-24 18:23:02,364][com.java.SeleniumDriver] [  845] - Datavalue is----------null
[DEBUG][2015-12-24 18:23:02,364][com.java.SeleniumDriver] [  863] - Exception: null
[INFO ][2015-12-24 18:23:02,364][com.java.SeleniumDriver] [  869] - DataField : XPH//button/span[text()='Finished']
[INFO ][2015-12-24 18:23:02,364][com.java.SeleniumDriver] [  871] - DataValue : 
[INFO ][2015-12-24 18:23:02,364][com.java.SeleniumDriver] [  877] - <In Set values of the page>
[INFO ][2015-12-24 18:23:02,364][com.java.SeleniumDriver] [  880] - {Data Fields & Data Values Exist}
[INFO ][2015-12-24 18:23:02,364][com.java.SeleniumDriver] [  882] - --------------------------setting values-----------------------------
[INFO ][2015-12-24 18:23:02,364][com.java.SeleniumDriver] [  885] - Action Type : CLICK
[INFO ][2015-12-24 18:23:02,364][com.java.TestType] [ 6036] - Field ::XPH//button/span[text()='Finished']
[INFO ][2015-12-24 18:23:02,364][com.java.TestType] [ 5657] - value = 
[INFO ][2015-12-24 18:23:03,364][com.java.TestType] [ 6173] - BEFORE CLICK
[INFO ][2015-12-24 18:23:04,364][com.java.TestType] [ 6181] - Unable to click the object finshed button
[INFO ][2015-12-24 18:23:04,364][com.java.SeleniumDriver] [  894] -  RESULT true
[INFO ][2015-12-24 18:23:04,364][com.java.SeleniumDriver] [ 1100] - ?   P A S S   ?
[INFO ][2015-12-24 18:23:04,364][com.java.SeleniumDriver] [  821] - ------------------------------------------
[INFO ][2015-12-24 18:23:04,364][com.java.SeleniumDriver] [  822] - Test case being Executed: 4
[INFO ][2015-12-24 18:23:04,364][com.java.SeleniumDriver] [  833] - Test step:26
[INFO ][2015-12-24 18:23:04,364][com.java.SeleniumDriver] [  845] - Datavalue is----------5
[INFO ][2015-12-24 18:23:04,364][com.java.SeleniumDriver] [  869] - DataField : XPH//button/span[text()='Finished']
[INFO ][2015-12-24 18:23:04,364][com.java.SeleniumDriver] [  871] - DataValue : 5
[INFO ][2015-12-24 18:23:04,364][com.java.SeleniumDriver] [  877] - <In Set values of the page>
[INFO ][2015-12-24 18:23:04,364][com.java.SeleniumDriver] [  880] - {Data Fields & Data Values Exist}
[INFO ][2015-12-24 18:23:04,364][com.java.SeleniumDriver] [  882] - --------------------------setting values-----------------------------
[INFO ][2015-12-24 18:23:04,364][com.java.SeleniumDriver] [  885] - Action Type : WAITFORELEMENT
[INFO ][2015-12-24 18:23:04,475][com.java.SeleniumDriver] [  894] -  RESULT true
[INFO ][2015-12-24 18:23:04,475][com.java.SeleniumDriver] [ 1100] - ?   P A S S   ?
[INFO ][2015-12-24 18:23:04,475][com.java.SeleniumDriver] [  821] - ------------------------------------------
[INFO ][2015-12-24 18:23:04,475][com.java.SeleniumDriver] [  822] - Test case being Executed: 4
[INFO ][2015-12-24 18:23:04,475][com.java.SeleniumDriver] [  833] - Test step:27
[INFO ][2015-12-24 18:23:04,475][com.java.SeleniumDriver] [  845] - Datavalue is----------5
[INFO ][2015-12-24 18:23:04,475][com.java.SeleniumDriver] [  869] - DataField : BTN//iframe[@id='frameDialogContent']
[INFO ][2015-12-24 18:23:04,475][com.java.SeleniumDriver] [  871] - DataValue : 5
[INFO ][2015-12-24 18:23:04,475][com.java.SeleniumDriver] [  877] - <In Set values of the page>
[INFO ][2015-12-24 18:23:04,475][com.java.SeleniumDriver] [  880] - {Data Fields & Data Values Exist}
[INFO ][2015-12-24 18:23:04,475][com.java.SeleniumDriver] [  882] - --------------------------setting values-----------------------------
[INFO ][2015-12-24 18:23:04,475][com.java.SeleniumDriver] [  885] - Action Type : WAITFORELEMENT
[INFO ][2015-12-24 18:23:04,505][com.java.SeleniumDriver] [  894] -  RESULT true
[INFO ][2015-12-24 18:23:04,505][com.java.SeleniumDriver] [ 1100] - ?   P A S S   ?
[INFO ][2015-12-24 18:23:04,505][com.java.SeleniumDriver] [  821] - ------------------------------------------
[INFO ][2015-12-24 18:23:04,505][com.java.SeleniumDriver] [  822] - Test case being Executed: 4
[INFO ][2015-12-24 18:23:04,505][com.java.SeleniumDriver] [  833] - Test step:28
[INFO ][2015-12-24 18:23:04,505][com.java.SeleniumDriver] [  845] - Datavalue is----------null
[DEBUG][2015-12-24 18:23:04,505][com.java.SeleniumDriver] [  863] - Exception: null
[INFO ][2015-12-24 18:23:04,505][com.java.SeleniumDriver] [  869] - DataField : BTN//iframe[@id='frameDialogContent']
[INFO ][2015-12-24 18:23:04,505][com.java.SeleniumDriver] [  871] - DataValue : 
[INFO ][2015-12-24 18:23:04,505][com.java.SeleniumDriver] [  877] - <In Set values of the page>
[INFO ][2015-12-24 18:23:04,505][com.java.SeleniumDriver] [  880] - {Data Fields & Data Values Exist}
[INFO ][2015-12-24 18:23:04,505][com.java.SeleniumDriver] [  882] - --------------------------setting values-----------------------------
[INFO ][2015-12-24 18:23:04,505][com.java.SeleniumDriver] [  885] - Action Type : SELECTFRAME
[INFO ][2015-12-24 18:23:04,585][com.java.SeleniumDriver] [  894] -  RESULT true
[INFO ][2015-12-24 18:23:04,585][com.java.SeleniumDriver] [ 1100] - ?   P A S S   ?
[INFO ][2015-12-24 18:23:04,585][com.java.SeleniumDriver] [  821] - ------------------------------------------
[INFO ][2015-12-24 18:23:04,585][com.java.SeleniumDriver] [  822] - Test case being Executed: 4
[INFO ][2015-12-24 18:23:04,585][com.java.SeleniumDriver] [  833] - Test step:29
[INFO ][2015-12-24 18:23:04,585][com.java.SeleniumDriver] [  845] - Datavalue is----------$_keys::< 10,000,000
[INFO ][2015-12-24 18:23:04,585][com.java.SeleniumDriver] [  869] - DataField : PVP//td[contains(text(),'mytext')]//following-sibling::td[1]
[INFO ][2015-12-24 18:23:04,585][com.java.SeleniumDriver] [  871] - DataValue : $_keys::< 10,000,000
[INFO ][2015-12-24 18:23:04,585][com.java.SeleniumDriver] [  877] - <In Set values of the page>
[INFO ][2015-12-24 18:23:04,585][com.java.SeleniumDriver] [  880] - {Data Fields & Data Values Exist}
[INFO ][2015-12-24 18:23:04,585][com.java.SeleniumDriver] [  882] - --------------------------setting values-----------------------------
[INFO ][2015-12-24 18:23:04,585][com.java.SeleniumDriver] [  885] - Action Type : verify
[INFO ][2015-12-24 18:23:04,585][com.java.TestType] [ 7036] - field= PVP//td[contains(text(),'mytext')]//following-sibling::td[1] value= $_keys::< 10,000,000
[INFO ][2015-12-24 18:23:04,585][com.java.TestType] [ 5657] - value = $_keys::< 10,000,000
[DEBUG][2015-12-24 18:23:04,585][com.java.TestType] [ 8179] - Exception: $_keys::< 10,000,000
[DEBUG][2015-12-24 18:23:04,585][com.java.TestType] [ 8182] - Element not replaced::$_keys::< 10,000,000
[INFO ][2015-12-24 18:23:04,585][com.java.SeleniumDriver] [  894] -  RESULT false
[INFO ][2015-12-24 18:23:04,585][com.java.SeleniumDriver] [  941] - ?   F A I L   ?
[INFO ][2015-12-24 18:23:04,585][com.java.SeleniumDriver] [  949] - Browser Type : IE10
[INFO ][2015-12-24 18:23:04,585][com.java.SeleniumDriver] [  950] - Adding Failed case4
[INFO ][2015-12-24 18:23:05,485][com.java.SeleniumDriver] [ 1064] - failedCases = 4
[ERROR][2015-12-24 18:23:05,485][com.java.SeleniumDriver] [ 1561] - Platform Errors : Our apologies...::We have encountered an issue with your request.::Our apologies?:We encountered an issue with your request.
[INFO ][2015-12-24 18:23:05,485][com.java.SeleniumDriver] [ 1565] - Length =3
[ERROR][2015-12-24 18:23:05,485][com.java.SeleniumDriver] [ 1568] - Error 0 = Our apologies...
[ERROR][2015-12-24 18:23:05,566][com.java.SeleniumDriver] [ 1568] - Error 1 = We have encountered an issue with your request.
[ERROR][2015-12-24 18:23:05,586][com.java.SeleniumDriver] [ 1568] - Error 2 = Our apologies?:We encountered an issue with your request.
[INFO ][2015-12-24 18:23:05,606][com.java.SeleniumDriver] [ 1579] - strError:
[DEBUG][2015-12-24 18:23:05,616][com.java.SeleniumDriver] [ 1212] - Case found
[DEBUG][2015-12-24 18:23:05,616][com.java.SeleniumDriver] [ 1217] - Incrementing ReportCounters[0]:2
[INFO ][2015-12-24 18:23:05,616][com.java.SeleniumDriver] [ 1236] - The results are-------------------[4, 29, Settings: Customize My Dashboards: Custom Calculations: Edit Custom Calculation Indicator, Fail, 
Test case failed at Step No. :: 29   Error Message ::  Element not replaced::$_keys::< 10,000,000. Screen Shot : D:\BankersDashboard\TestReports\122415\4_122415_182304_IE10.png, Thu Dec 24 18:23:05 IST 2015]
[INFO ][2015-12-24 18:23:05,616][com.java.SeleniumDriver] [ 1240] - End time is-------1 min 49 sec
[INFO ][2015-12-24 18:23:05,616][com.java.SeleniumDriver] [ 1241] - The results are-------------------[4, 29, Settings: Customize My Dashboards: Custom Calculations: Edit Custom Calculation Indicator, Fail, 
Test case failed at Step No. :: 29   Error Message ::  Element not replaced::$_keys::< 10,000,000. Screen Shot : D:\BankersDashboard\TestReports\122415\4_122415_182304_IE10.png, Thu Dec 24 18:23:05 IST 2015]
[DEBUG][2015-12-24 18:23:05,616][com.java.ImportnExport.ExportTestResultsExcel] [  222] - testResultPath = D:\BankersDashboard/TestReports/Test Results_BankersDashBoard_122415_182118_IE10_Bank of North Carolina.xls
[DEBUG][2015-12-24 18:23:05,616][com.java.ImportnExport.ExportTestResultsExcel] [  223] - browser is------------IE10
[DEBUG][2015-12-24 18:23:05,616][com.java.ImportnExport.ExportTestResultsExcel] [  270] - result.size() = 6
[DEBUG][2015-12-24 18:23:05,616][com.java.ImportnExport.ExportTestResultsExcel] [  274] - No of rows in sheet=2
[DEBUG][2015-12-24 18:23:05,616][com.java.ImportnExport.ExportTestResultsExcel] [  301] - ..in export..4
[DEBUG][2015-12-24 18:23:05,616][com.java.ImportnExport.ExportTestResultsExcel] [  301] - ..in export..Settings: Customize My Dashboards: Custom Calculations: Edit Custom Calculation Indicator
[DEBUG][2015-12-24 18:23:05,616][com.java.ImportnExport.ExportTestResultsExcel] [  301] - ..in export..Fail
[DEBUG][2015-12-24 18:23:05,616][com.java.ImportnExport.ExportTestResultsExcel] [  301] - ..in export..
Test case failed at Step No. :: 29   Error Message ::  Element not replaced::$_keys::< 10,000,000. Screen Shot : D:\BankersDashboard\TestReports\122415\4_122415_182304_IE10.png
[DEBUG][2015-12-24 18:23:05,616][com.java.ImportnExport.ExportTestResultsExcel] [  301] - ..in export..Thu Dec 24 18:23:05 IST 2015
[INFO ][2015-12-24 18:23:05,616][com.java.SeleniumDriver] [ 1299] - out loop:1 size:2 TestCases:[1, 4] testcases:[1, 4]
[INFO ][2015-12-24 18:23:07,616][com.java.SeleniumDriver] [ 1342] - Total Number of Cases:2
[INFO ][2015-12-24 18:23:07,616][com.java.TemplateGenerator] [  302] - Executed:2
[INFO ][2015-12-24 18:23:07,616][com.java.TemplateGenerator] [  303] - Passed:1
[INFO ][2015-12-24 18:23:07,616][com.java.TemplateGenerator] [  304] - Failed:1
[INFO ][2015-12-24 18:23:07,616][com.java.TemplateGenerator] [  305] - Skipeed:0
[INFO ][2015-12-24 18:23:07,616][com.java.TemplateGenerator] [  306] - Application URL:https://clients-xuat.bankersdashboard.com
[INFO ][2015-12-24 18:23:07,616][com.java.TemplateGenerator] [  307] - Start Time:122415_182118
[INFO ][2015-12-24 18:23:07,616][com.java.TemplateGenerator] [  308] -  Creating HTML Report 
[ERROR][2015-12-24 18:23:07,616][com.java.TemplateGenerator] [  409] - Unparseable date: "Thu Dec 24 06:21:18 IST 2015"
[INFO ][2015-12-24 18:23:07,616][com.java.TemplateGenerator] [  654] -  Exporting case :: 1
[INFO ][2015-12-24 18:23:07,616][com.java.TemplateGenerator] [  654] -  Exporting case :: 4
[INFO ][2015-12-24 18:23:07,616][com.java.SeleniumDriver] [ 1391] - End Time:122415_182307
[INFO ][2015-12-24 18:23:07,616][com.java.SeleniumDriver] [ 1394] - Data in Test Execution Details:{1=PASS, 4=FAILTest case failed at Step No. :: 29   Error Message ::  Element not replaced::$_keys::< 10,000,000}
[INFO ][2015-12-24 18:23:07,616][com.java.SeleniumDriver] [ 1395] - Data in Failed Execution Deatils:{}
[INFO ][2015-12-24 18:23:07,616][com.java.SeleniumDriver] [ 1397] - ReportCounter:Total:2 :: PASS: 1 ::FAIL: 1
[INFO ][2015-12-24 18:23:07,616][com.java.SeleniumDriver] [ 1398] - FailedReportCounter:Total:0 :: PASS: 0 ::FAIL: 0
[INFO ][2015-12-24 18:23:07,617][com.java.EmailTestReport] [   63] - Sending report mail details:
[INFO ][2015-12-24 18:23:07,617][com.java.EmailTestReport] [   80] - Excel Report Path:D:\BankersDashboard/TestReports/Test Results_BankersDashBoard_122415_182118_IE10_Bank of North Carolina.xls
[INFO ][2015-12-24 18:23:07,617][com.java.EmailTestReport] [   81] - HTML Report Path:D:\BankersDashboard//TestReports//Test Results_BankersDashBoard_122415_182118_IE10_Bank of North Carolina.html
[INFO ][2015-12-24 18:23:07,617][com.java.EmailTestReport] [   82] - smtpHostName:mail01.valuelabs.com
[INFO ][2015-12-24 18:23:07,617][com.java.EmailTestReport] [   83] - Recipient:venkateswararao.gubbala@valuelabs.com;
[INFO ][2015-12-24 18:23:07,617][com.java.EmailTestReport] [   84] - From:venkateswararao.gubbala@valuelabs.com;
[INFO ][2015-12-24 18:23:07,617][com.java.EmailTestReport] [   85] - Subject:Deluxe Corp Bankers Dashboard Automation Test Report - Bank of North Carolina - IE10
[INFO ][2015-12-24 18:23:07,637][com.java.EmailTestReport] [  143] -  Added venkateswararao.gubbala@valuelabs.com
[INFO ][2015-12-24 18:23:11,057][com.java.SeleniumDriver] [  720] - quitting the browser 
[INFO ][2015-12-24 18:23:12,749][com.java.SeleniumDriver] [  264] - Execution Completed Stopping the thread
