[INFO ][2016-01-14 18:01:52,256][com.java.SeleniumDriver] [  213] - Execute Failed Casesfalse
[INFO ][2016-01-14 18:01:52,256][com.java.SeleniumDriver] [  214] - Browser: IE10
[INFO ][2016-01-14 18:01:52,256][com.java.SeleniumDriver] [  215] - [1, 18, 19, 20, 21, 22]
[INFO ][2016-01-14 18:01:52,256][com.java.SeleniumDriver] [  216] - Total TestCases:6
[INFO ][2016-01-14 18:01:52,256][com.java.SeleniumDriver] [  217] -  Reading Properties from Property File 
[DEBUG][2016-01-14 18:01:52,256][com.java.SeleniumDriver] [  238] - url : https://clients-xuat.bankersdashboard.com
[INFO ][2016-01-14 18:01:52,266][com.java.ImportnExport.ExportTestResultsExcel] [  116] - Time Stamp Thu Jan 14 06:01:52 IST 2016
[INFO ][2016-01-14 18:01:52,266][com.java.ImportnExport.ExportTestResultsExcel] [  175] - OUT FILE : D:\BankersDashboard/TestReports/Test Results_BankersDashBoard_011416_180152_IE10_Any Bank USA.xls
[INFO ][2016-01-14 18:01:52,287][com.java.ImportnExport.ExportTestResultsExcel] [  180] - Test Result file is created
[DEBUG][2016-01-14 18:01:52,397][com.java.SeleniumDriver] [  426] - Hub ip address is-------172.17.68.34
[INFO ][2016-01-14 18:01:52,397][com.java.SeleniumDriver] [  452] - Grid URL:http://172.17.68.34:4444/wd/hub
[INFO ][2016-01-14 18:01:52,397][com.java.SeleniumDriver] [  453] - Capability:Capabilities [{platform=ANY, ensureCleanSession=true, ignoreProtectedModeSettings=true, acceptSslCerts=true, ignoreZoomSetting=true, browserName=internet explorer, browserstack.ie.noFlash=true, version=null}]
[ERROR][2016-01-14 18:01:53,717][com.java.SeleniumDriver] [  498] - Unable invoke browser in grid:Could not start a new session. Possible causes are invalid address of the remote server or browser start-up failure.
Build info: version: '2.48.2', revision: '41bccdd', time: '2015-10-09 19:59:12'
System info: host: 'FVTIII438F1D', ip: '172.17.68.34', os.name: 'Windows 7', os.arch: 'x86', os.version: '6.1', java.version: '1.7.0_55'
Driver info: driver.version: SeleniumDriver
[INFO ][2016-01-14 18:01:53,717][com.java.SeleniumDriver] [  500] - Executing on local machine
[INFO ][2016-01-14 18:02:04,462][com.java.SeleniumDriver] [  248] - IE10is opened
[INFO ][2016-01-14 18:02:05,302][com.java.SeleniumDriver] [  756] - Test cases to be executed are: [1, 18, 19, 20, 21, 22]
[INFO ][2016-01-14 18:02:05,323][com.java.ImportnExport.ImportTestDataDetailsExcel] [   49] - test data details path===== D:\BankersDashboard\TestInputs\TestData.xls
[INFO ][2016-01-14 18:02:05,413][com.java.SeleniumDriver] [  856] - ------------------------------------------
[INFO ][2016-01-14 18:02:05,413][com.java.SeleniumDriver] [  857] - Test case being Executed: 1
[INFO ][2016-01-14 18:02:05,413][com.java.SeleniumDriver] [  869] - Test step:1
[INFO ][2016-01-14 18:02:05,413][com.java.SeleniumDriver] [  881] - Datavalue is----------Concept#1:1-16
[INFO ][2016-01-14 18:02:05,413][com.java.SeleniumDriver] [  905] - DataField : test
[INFO ][2016-01-14 18:02:05,413][com.java.SeleniumDriver] [  907] - DataValue : Concept#1:1-16
[INFO ][2016-01-14 18:02:05,413][com.java.SeleniumDriver] [  913] - <In Set values of the page>
[INFO ][2016-01-14 18:02:05,413][com.java.SeleniumDriver] [  916] - {Data Fields & Data Values Exist}
[INFO ][2016-01-14 18:02:05,413][com.java.SeleniumDriver] [  918] - --------------------------setting values-----------------------------
[INFO ][2016-01-14 18:02:05,413][com.java.SeleniumDriver] [  921] - Action Type : ExecuteTestCase
[INFO ][2016-01-14 18:02:05,433][com.java.TestType] [  437] - The Concept sheet name is ---------- Concept
[INFO ][2016-01-14 18:02:05,433][com.java.TestType] [  440] - The Concept ID  is ---------- 1
[DEBUG][2016-01-14 18:02:05,433][com.java.TestType] [  444] - Steps being executted in the Concept are: 1:16
[INFO ][2016-01-14 18:02:05,433][com.java.TestType] [  451] - Test data details path ---------- D:\BankersDashboard\TestInputs\TestData.xls
[INFO ][2016-01-14 18:02:05,473][com.java.TestType] [  482] -  str(1) = 1
[INFO ][2016-01-14 18:02:05,473][com.java.TestType] [  485] - Test case Id is---1
[INFO ][2016-01-14 18:02:05,473][com.java.TestType] [  487] - 1
[INFO ][2016-01-14 18:02:05,473][com.java.TestType] [  482] -  str(2) = 1
[INFO ][2016-01-14 18:02:05,473][com.java.TestType] [  482] -  str(1) = 1
[INFO ][2016-01-14 18:02:05,473][com.java.TestType] [  485] - Test case Id is---1
[INFO ][2016-01-14 18:02:05,473][com.java.TestType] [  487] - 1
[INFO ][2016-01-14 18:02:05,473][com.java.TestType] [  482] -  str(2) = 2
[INFO ][2016-01-14 18:02:05,473][com.java.TestType] [  482] -  str(1) = 1
[INFO ][2016-01-14 18:02:05,473][com.java.TestType] [  485] - Test case Id is---1
[INFO ][2016-01-14 18:02:05,473][com.java.TestType] [  487] - 1
[INFO ][2016-01-14 18:02:05,473][com.java.TestType] [  482] -  str(2) = 3
[INFO ][2016-01-14 18:02:05,473][com.java.TestType] [  482] -  str(1) = 1
[INFO ][2016-01-14 18:02:05,473][com.java.TestType] [  485] - Test case Id is---1
[INFO ][2016-01-14 18:02:05,473][com.java.TestType] [  487] - 1
[INFO ][2016-01-14 18:02:05,473][com.java.TestType] [  482] -  str(2) = 4
[INFO ][2016-01-14 18:02:05,473][com.java.TestType] [  482] -  str(1) = 1
[INFO ][2016-01-14 18:02:05,473][com.java.TestType] [  485] - Test case Id is---1
[INFO ][2016-01-14 18:02:05,473][com.java.TestType] [  487] - 1
[INFO ][2016-01-14 18:02:05,473][com.java.TestType] [  482] -  str(2) = 5
[INFO ][2016-01-14 18:02:05,483][com.java.TestType] [  482] -  str(1) = 1
[INFO ][2016-01-14 18:02:05,483][com.java.TestType] [  485] - Test case Id is---1
[INFO ][2016-01-14 18:02:05,483][com.java.TestType] [  487] - 1
[INFO ][2016-01-14 18:02:05,483][com.java.TestType] [  482] -  str(2) = 6
[INFO ][2016-01-14 18:02:05,483][com.java.TestType] [  482] -  str(1) = 1
[INFO ][2016-01-14 18:02:05,483][com.java.TestType] [  485] - Test case Id is---1
[INFO ][2016-01-14 18:02:05,483][com.java.TestType] [  487] - 1
[INFO ][2016-01-14 18:02:05,483][com.java.TestType] [  482] -  str(2) = 7
[INFO ][2016-01-14 18:02:05,483][com.java.TestType] [  482] -  str(1) = 1
[INFO ][2016-01-14 18:02:05,483][com.java.TestType] [  485] - Test case Id is---1
[INFO ][2016-01-14 18:02:05,483][com.java.TestType] [  487] - 1
[INFO ][2016-01-14 18:02:05,483][com.java.TestType] [  482] -  str(2) = 8
[INFO ][2016-01-14 18:02:05,483][com.java.TestType] [  482] -  str(1) = 1
[INFO ][2016-01-14 18:02:05,483][com.java.TestType] [  485] - Test case Id is---1
[INFO ][2016-01-14 18:02:05,483][com.java.TestType] [  487] - 1
[INFO ][2016-01-14 18:02:05,483][com.java.TestType] [  482] -  str(2) = 9
[INFO ][2016-01-14 18:02:05,483][com.java.TestType] [  482] -  str(1) = 1
[INFO ][2016-01-14 18:02:05,483][com.java.TestType] [  485] - Test case Id is---1
[INFO ][2016-01-14 18:02:05,483][com.java.TestType] [  487] - 1
[INFO ][2016-01-14 18:02:05,483][com.java.TestType] [  482] -  str(2) = 10
[INFO ][2016-01-14 18:02:05,483][com.java.TestType] [  482] -  str(1) = 1
[INFO ][2016-01-14 18:02:05,483][com.java.TestType] [  485] - Test case Id is---1
[INFO ][2016-01-14 18:02:05,483][com.java.TestType] [  487] - 1
[INFO ][2016-01-14 18:02:05,483][com.java.TestType] [  482] -  str(2) = 11
[INFO ][2016-01-14 18:02:05,483][com.java.TestType] [  482] -  str(1) = 1
[INFO ][2016-01-14 18:02:05,483][com.java.TestType] [  485] - Test case Id is---1
[INFO ][2016-01-14 18:02:05,483][com.java.TestType] [  487] - 1
[INFO ][2016-01-14 18:02:05,483][com.java.TestType] [  482] -  str(2) = 12
[INFO ][2016-01-14 18:02:05,483][com.java.TestType] [  482] -  str(1) = 1
[INFO ][2016-01-14 18:02:05,483][com.java.TestType] [  485] - Test case Id is---1
[INFO ][2016-01-14 18:02:05,483][com.java.TestType] [  487] - 1
[INFO ][2016-01-14 18:02:05,483][com.java.TestType] [  482] -  str(2) = 13
[INFO ][2016-01-14 18:02:05,493][com.java.TestType] [  482] -  str(1) = 1
[INFO ][2016-01-14 18:02:05,493][com.java.TestType] [  485] - Test case Id is---1
[INFO ][2016-01-14 18:02:05,493][com.java.TestType] [  487] - 1
[INFO ][2016-01-14 18:02:05,493][com.java.TestType] [  482] -  str(2) = 14
[INFO ][2016-01-14 18:02:05,493][com.java.TestType] [  482] -  str(1) = 1
[INFO ][2016-01-14 18:02:05,493][com.java.TestType] [  485] - Test case Id is---1
[INFO ][2016-01-14 18:02:05,493][com.java.TestType] [  487] - 1
[INFO ][2016-01-14 18:02:05,493][com.java.TestType] [  482] -  str(2) = 15
[INFO ][2016-01-14 18:02:05,493][com.java.TestType] [  482] -  str(1) = 1
[INFO ][2016-01-14 18:02:05,493][com.java.TestType] [  485] - Test case Id is---1
[INFO ][2016-01-14 18:02:05,493][com.java.TestType] [  487] - 1
[INFO ][2016-01-14 18:02:05,493][com.java.TestType] [  482] -  str(2) = 16
[INFO ][2016-01-14 18:02:05,493][com.java.TestType] [11314] - Looping 1TCID = 1
[DEBUG][2016-01-14 18:02:05,493][com.java.TestType] [11355] - Concept ID:1 :: Step being Executed: 1::1
[INFO ][2016-01-14 18:02:05,493][com.java.TestType] [11393] - dataFields : TXTusername
[DEBUG][2016-01-14 18:02:05,493][com.java.TestType] [11399] - <In Set values of the page>
[DEBUG][2016-01-14 18:02:05,493][com.java.TestType] [11404] - {Data Fields & Data Values Exist}
[INFO ][2016-01-14 18:02:05,493][com.java.TestType] [11410] - --------------------------setting values-----------------------------
[INFO ][2016-01-14 18:02:05,493][com.java.TestType] [11413] - Action Type : CLEARANDENTER
[ERROR][2016-01-14 18:02:06,603][com.java.TestType] [ 7251] - Exception in clearAndEnter: null
[DEBUG][2016-01-14 18:02:06,603][com.java.TestType] [ 7255] - For ENTER action type the data field should be TXT
[INFO ][2016-01-14 18:02:06,603][com.java.TestType] [11432] -  RESULT false
[INFO ][2016-01-14 18:02:06,603][com.java.TestType] [11470] - ?   F A I L   ?
[DEBUG][2016-01-14 18:02:06,603][com.java.TestType] [11473] - Browser Type : IE10
[INFO ][2016-01-14 18:02:06,604][com.java.SeleniumDriver] [  930] -  RESULT false
[INFO ][2016-01-14 18:02:06,604][com.java.SeleniumDriver] [  977] - ?   F A I L   ?
[INFO ][2016-01-14 18:02:06,604][com.java.SeleniumDriver] [  985] - Browser Type : IE10
[INFO ][2016-01-14 18:02:06,604][com.java.SeleniumDriver] [  986] - Adding Failed case1
[WARN ][2016-01-14 18:02:06,624][com.java.SeleniumDriver] [ 1046] - Source 'D:\BankersDashboard\TestReports\011416' exists but is a directory
[INFO ][2016-01-14 18:02:06,624][com.java.SeleniumDriver] [ 1100] - failedCases = 1
[ERROR][2016-01-14 18:02:06,624][com.java.SeleniumDriver] [ 1599] - Platform Errors : Our apologies...::We have encountered an issue with your request.::Our apologies?:We encountered an issue with your request.
[INFO ][2016-01-14 18:02:06,624][com.java.SeleniumDriver] [ 1603] - Length =3
[ERROR][2016-01-14 18:02:06,624][com.java.SeleniumDriver] [ 1606] - Error 0 = Our apologies...
[ERROR][2016-01-14 18:02:06,634][com.java.SeleniumDriver] [ 1620] - Unable to get browser (WARNING: The server did not provide any stacktrace information)
Command duration or timeout: 10 milliseconds
Build info: version: '2.48.2', revision: '41bccdd', time: '2015-10-09 19:59:12'
System info: host: 'FVTIII438F1D', ip: '172.17.68.34', os.name: 'Windows 7', os.arch: 'x86', os.version: '6.1', java.version: '1.7.0_55'
Session ID: 5e7f4295-646e-4168-a14d-e60e33a0a694
Driver info: org.openqa.selenium.ie.InternetExplorerDriver
Capabilities [{platform=WINDOWS, javascriptEnabled=true, elementScrollBehavior=0, ignoreZoomSetting=false, enablePersistentHover=true, ie.ensureCleanSession=false, browserName=internet explorer, enableElementCacheCleanup=true, unexpectedAlertBehaviour=dismiss, version=10, ie.usePerProcessProxy=false, ignoreProtectedModeSettings=true, cssSelectorsEnabled=true, requireWindowFocus=false, initialBrowserUrl=http://localhost:12973/, handlesAlerts=true, ie.forceCreateProcessApi=false, nativeEvents=true, browserAttachTimeout=0, ie.browserCommandLineSwitches=, takesScreenshot=true}]
[INFO ][2016-01-14 18:02:06,634][com.java.SeleniumDriver] [ 1622] - FindPlatformErrors exception: Unable to get browser (WARNING: The server did not provide any stacktrace information)
Command duration or timeout: 10 milliseconds
Build info: version: '2.48.2', revision: '41bccdd', time: '2015-10-09 19:59:12'
System info: host: 'FVTIII438F1D', ip: '172.17.68.34', os.name: 'Windows 7', os.arch: 'x86', os.version: '6.1', java.version: '1.7.0_55'
Session ID: 5e7f4295-646e-4168-a14d-e60e33a0a694
Driver info: org.openqa.selenium.ie.InternetExplorerDriver
Capabilities [{platform=WINDOWS, javascriptEnabled=true, elementScrollBehavior=0, ignoreZoomSetting=false, enablePersistentHover=true, ie.ensureCleanSession=false, browserName=internet explorer, enableElementCacheCleanup=true, unexpectedAlertBehaviour=dismiss, version=10, ie.usePerProcessProxy=false, ignoreProtectedModeSettings=true, cssSelectorsEnabled=true, requireWindowFocus=false, initialBrowserUrl=http://localhost:12973/, handlesAlerts=true, ie.forceCreateProcessApi=false, nativeEvents=true, browserAttachTimeout=0, ie.browserCommandLineSwitches=, takesScreenshot=true}]
[DEBUG][2016-01-14 18:02:06,634][com.java.SeleniumDriver] [ 1624] - Unable to get the Platform Error list from Hash Map.
[ERROR][2016-01-14 18:02:06,634][com.java.SeleniumDriver] [ 1218] - 
[INFO ][2016-01-14 18:02:06,634][com.java.SeleniumDriver] [  856] - ------------------------------------------
[INFO ][2016-01-14 18:02:06,634][com.java.SeleniumDriver] [  857] - Test case being Executed: 1
[INFO ][2016-01-14 18:02:06,634][com.java.SeleniumDriver] [  869] - Test step:2
[INFO ][2016-01-14 18:02:06,634][com.java.SeleniumDriver] [  881] - Datavalue is----------Concept#2:1-2
[INFO ][2016-01-14 18:02:06,634][com.java.SeleniumDriver] [  905] - DataField : test
[INFO ][2016-01-14 18:02:06,634][com.java.SeleniumDriver] [  907] - DataValue : Concept#2:1-2
[INFO ][2016-01-14 18:02:06,634][com.java.SeleniumDriver] [  913] - <In Set values of the page>
[INFO ][2016-01-14 18:02:06,634][com.java.SeleniumDriver] [  916] - {Data Fields & Data Values Exist}
[INFO ][2016-01-14 18:02:06,634][com.java.SeleniumDriver] [  918] - --------------------------setting values-----------------------------
[INFO ][2016-01-14 18:02:06,634][com.java.SeleniumDriver] [  921] - Action Type : ExecuteTestCase
[INFO ][2016-01-14 18:02:06,634][com.java.TestType] [  437] - The Concept sheet name is ---------- Concept
[INFO ][2016-01-14 18:02:06,634][com.java.TestType] [  440] - The Concept ID  is ---------- 2
[DEBUG][2016-01-14 18:02:06,634][com.java.TestType] [  444] - Steps being executted in the Concept are: 1:2
[INFO ][2016-01-14 18:02:06,634][com.java.TestType] [  451] - Test data details path ---------- D:\BankersDashboard\TestInputs\TestData.xls
[INFO ][2016-01-14 18:02:06,664][com.java.TestType] [  482] -  str(1) = 2
[INFO ][2016-01-14 18:02:06,664][com.java.TestType] [  485] - Test case Id is---2
[INFO ][2016-01-14 18:02:06,664][com.java.TestType] [  487] - 2
[INFO ][2016-01-14 18:02:06,664][com.java.TestType] [  482] -  str(2) = 1
[INFO ][2016-01-14 18:02:06,674][com.java.TestType] [  482] -  str(1) = 2
[INFO ][2016-01-14 18:02:06,674][com.java.TestType] [  485] - Test case Id is---2
[INFO ][2016-01-14 18:02:06,674][com.java.TestType] [  487] - 2
[INFO ][2016-01-14 18:02:06,674][com.java.TestType] [  482] -  str(2) = 2
[INFO ][2016-01-14 18:02:06,674][com.java.TestType] [  482] -  str(1) = 2
[INFO ][2016-01-14 18:02:06,674][com.java.TestType] [  485] - Test case Id is---2
[INFO ][2016-01-14 18:02:06,674][com.java.TestType] [  487] - 2
[INFO ][2016-01-14 18:02:06,674][com.java.TestType] [  482] -  str(2) = 3
[INFO ][2016-01-14 18:02:06,674][com.java.TestType] [11314] - Looping 1TCID = 2
[DEBUG][2016-01-14 18:02:06,674][com.java.TestType] [11355] - Concept ID:2 :: Step being Executed: 2::1
[INFO ][2016-01-14 18:02:06,674][com.java.TestType] [11393] - dataFields : BNK//select[@id='bank']
[DEBUG][2016-01-14 18:02:06,674][com.java.TestType] [11399] - <In Set values of the page>
[DEBUG][2016-01-14 18:02:06,674][com.java.TestType] [11404] - {Data Fields & Data Values Exist}
[INFO ][2016-01-14 18:02:06,674][com.java.TestType] [11410] - --------------------------setting values-----------------------------
[INFO ][2016-01-14 18:02:06,674][com.java.TestType] [11413] - Action Type : Select
[INFO ][2016-01-14 18:02:06,674][com.java.TestType] [ 6140] - value = PFC
[ERROR][2016-01-14 18:02:06,684][com.java.TestType] [ 6405] - Unable to perform Action Select null
[INFO ][2016-01-14 18:02:06,684][com.java.TestType] [11432] -  RESULT false
[INFO ][2016-01-14 18:02:06,684][com.java.TestType] [11470] - ?   F A I L   ?
[DEBUG][2016-01-14 18:02:06,684][com.java.TestType] [11473] - Browser Type : IE10
[INFO ][2016-01-14 18:02:06,684][com.java.SeleniumDriver] [  930] -  RESULT false
[INFO ][2016-01-14 18:02:06,684][com.java.SeleniumDriver] [  977] - ?   F A I L   ?
[INFO ][2016-01-14 18:02:06,684][com.java.SeleniumDriver] [  985] - Browser Type : IE10
[INFO ][2016-01-14 18:02:06,684][com.java.SeleniumDriver] [  986] - Adding Failed case1
[WARN ][2016-01-14 18:02:06,704][com.java.SeleniumDriver] [ 1046] - Source 'D:\BankersDashboard\TestReports\011416' exists but is a directory
[INFO ][2016-01-14 18:02:06,704][com.java.SeleniumDriver] [ 1100] - failedCases = 1,1
[ERROR][2016-01-14 18:02:06,704][com.java.SeleniumDriver] [ 1599] - Platform Errors : Our apologies...::We have encountered an issue with your request.::Our apologies?:We encountered an issue with your request.
[INFO ][2016-01-14 18:02:06,704][com.java.SeleniumDriver] [ 1603] - Length =3
[ERROR][2016-01-14 18:02:06,704][com.java.SeleniumDriver] [ 1606] - Error 0 = Our apologies...
[ERROR][2016-01-14 18:02:06,714][com.java.SeleniumDriver] [ 1620] - Unable to get browser (WARNING: The server did not provide any stacktrace information)
Command duration or timeout: 10 milliseconds
Build info: version: '2.48.2', revision: '41bccdd', time: '2015-10-09 19:59:12'
System info: host: 'FVTIII438F1D', ip: '172.17.68.34', os.name: 'Windows 7', os.arch: 'x86', os.version: '6.1', java.version: '1.7.0_55'
Session ID: 5e7f4295-646e-4168-a14d-e60e33a0a694
Driver info: org.openqa.selenium.ie.InternetExplorerDriver
Capabilities [{platform=WINDOWS, javascriptEnabled=true, elementScrollBehavior=0, ignoreZoomSetting=false, enablePersistentHover=true, ie.ensureCleanSession=false, browserName=internet explorer, enableElementCacheCleanup=true, unexpectedAlertBehaviour=dismiss, version=10, ie.usePerProcessProxy=false, ignoreProtectedModeSettings=true, cssSelectorsEnabled=true, requireWindowFocus=false, initialBrowserUrl=http://localhost:12973/, handlesAlerts=true, ie.forceCreateProcessApi=false, nativeEvents=true, browserAttachTimeout=0, ie.browserCommandLineSwitches=, takesScreenshot=true}]
[INFO ][2016-01-14 18:02:06,714][com.java.SeleniumDriver] [ 1622] - FindPlatformErrors exception: Unable to get browser (WARNING: The server did not provide any stacktrace information)
Command duration or timeout: 10 milliseconds
Build info: version: '2.48.2', revision: '41bccdd', time: '2015-10-09 19:59:12'
System info: host: 'FVTIII438F1D', ip: '172.17.68.34', os.name: 'Windows 7', os.arch: 'x86', os.version: '6.1', java.version: '1.7.0_55'
Session ID: 5e7f4295-646e-4168-a14d-e60e33a0a694
Driver info: org.openqa.selenium.ie.InternetExplorerDriver
Capabilities [{platform=WINDOWS, javascriptEnabled=true, elementScrollBehavior=0, ignoreZoomSetting=false, enablePersistentHover=true, ie.ensureCleanSession=false, browserName=internet explorer, enableElementCacheCleanup=true, unexpectedAlertBehaviour=dismiss, version=10, ie.usePerProcessProxy=false, ignoreProtectedModeSettings=true, cssSelectorsEnabled=true, requireWindowFocus=false, initialBrowserUrl=http://localhost:12973/, handlesAlerts=true, ie.forceCreateProcessApi=false, nativeEvents=true, browserAttachTimeout=0, ie.browserCommandLineSwitches=, takesScreenshot=true}]
[DEBUG][2016-01-14 18:02:06,714][com.java.SeleniumDriver] [ 1624] - Unable to get the Platform Error list from Hash Map.
[ERROR][2016-01-14 18:02:06,714][com.java.SeleniumDriver] [ 1218] - 
[INFO ][2016-01-14 18:02:06,714][com.java.SeleniumDriver] [  856] - ------------------------------------------
[INFO ][2016-01-14 18:02:06,714][com.java.SeleniumDriver] [  857] - Test case being Executed: 1
[INFO ][2016-01-14 18:02:06,714][com.java.SeleniumDriver] [  869] - Test step:3
[INFO ][2016-01-14 18:02:06,714][com.java.SeleniumDriver] [  881] - Datavalue is----------2
[INFO ][2016-01-14 18:02:06,714][com.java.SeleniumDriver] [  905] - DataField : XPH//button[contains(text(),'Add Content')]
[INFO ][2016-01-14 18:02:06,714][com.java.SeleniumDriver] [  907] - DataValue : 2
[INFO ][2016-01-14 18:02:06,714][com.java.SeleniumDriver] [  913] - <In Set values of the page>
[INFO ][2016-01-14 18:02:06,714][com.java.SeleniumDriver] [  916] - {Data Fields & Data Values Exist}
[INFO ][2016-01-14 18:02:06,714][com.java.SeleniumDriver] [  918] - --------------------------setting values-----------------------------
[INFO ][2016-01-14 18:02:06,714][com.java.SeleniumDriver] [  921] - Action Type : WAITFORELEMENT
