[INFO ][2016-01-18 14:23:11,129][com.java.SeleniumDriver] [  213] - Execute Failed Casesfalse
[INFO ][2016-01-18 14:23:11,129][com.java.SeleniumDriver] [  214] - Browser: IE10
[INFO ][2016-01-18 14:23:11,129][com.java.SeleniumDriver] [  215] - [1, 29]
[INFO ][2016-01-18 14:23:11,130][com.java.SeleniumDriver] [  216] - Total TestCases:2
[INFO ][2016-01-18 14:23:11,130][com.java.SeleniumDriver] [  217] -  Reading Properties from Property File 
[DEBUG][2016-01-18 14:23:11,130][com.java.SeleniumDriver] [  238] - url : https://clients-xuat.bankersdashboard.com
[INFO ][2016-01-18 14:23:11,131][com.java.ImportnExport.ExportTestResultsExcel] [  116] - Time Stamp Mon Jan 18 02:23:11 IST 2016
[INFO ][2016-01-18 14:23:11,131][com.java.ImportnExport.ExportTestResultsExcel] [  175] - OUT FILE : D:\BankersDashboard/TestReports/Test Results_BankersDashBoard_011816_142311_IE10_Any Bank USA.xls
[INFO ][2016-01-18 14:23:11,160][com.java.ImportnExport.ExportTestResultsExcel] [  180] - Test Result file is created
[DEBUG][2016-01-18 14:23:11,269][com.java.SeleniumDriver] [  426] - Hub ip address is-------172.17.68.34
[INFO ][2016-01-18 14:23:11,269][com.java.SeleniumDriver] [  452] - Grid URL:http://172.17.68.34:4444/wd/hub
[INFO ][2016-01-18 14:23:11,270][com.java.SeleniumDriver] [  453] - Capability:Capabilities [{platform=ANY, ensureCleanSession=true, ignoreProtectedModeSettings=true, acceptSslCerts=true, ignoreZoomSetting=true, browserName=internet explorer, browserstack.ie.noFlash=true, version=null}]
[ERROR][2016-01-18 14:23:12,607][com.java.SeleniumDriver] [  498] - Unable invoke browser in grid:Could not start a new session. Possible causes are invalid address of the remote server or browser start-up failure.
Build info: version: '2.48.2', revision: '41bccdd', time: '2015-10-09 19:59:12'
System info: host: 'FVTIII438F1D', ip: '172.17.68.34', os.name: 'Windows 7', os.arch: 'x86', os.version: '6.1', java.version: '1.7.0_55'
Driver info: driver.version: SeleniumDriver
[INFO ][2016-01-18 14:23:12,607][com.java.SeleniumDriver] [  500] - Executing on local machine
[INFO ][2016-01-18 14:23:22,641][com.java.SeleniumDriver] [  248] - IE10is opened
[INFO ][2016-01-18 14:23:23,487][com.java.SeleniumDriver] [  756] - Test cases to be executed are: [1, 29]
[INFO ][2016-01-18 14:23:23,509][com.java.ImportnExport.ImportTestDataDetailsExcel] [   49] - test data details path===== D:\BankersDashboard\TestInputs\TestData.xls
[INFO ][2016-01-18 14:23:23,615][com.java.SeleniumDriver] [  856] - ------------------------------------------
[INFO ][2016-01-18 14:23:23,615][com.java.SeleniumDriver] [  857] - Test case being Executed: 1
[INFO ][2016-01-18 14:23:23,615][com.java.SeleniumDriver] [  869] - Test step:1
[INFO ][2016-01-18 14:23:23,616][com.java.SeleniumDriver] [  881] - Datavalue is----------Concept#1:1-16
[INFO ][2016-01-18 14:23:23,616][com.java.SeleniumDriver] [  905] - DataField : test
[INFO ][2016-01-18 14:23:23,616][com.java.SeleniumDriver] [  907] - DataValue : Concept#1:1-16
[INFO ][2016-01-18 14:23:23,616][com.java.SeleniumDriver] [  913] - <In Set values of the page>
[INFO ][2016-01-18 14:23:23,616][com.java.SeleniumDriver] [  916] - {Data Fields & Data Values Exist}
[INFO ][2016-01-18 14:23:23,616][com.java.SeleniumDriver] [  918] - --------------------------setting values-----------------------------
[INFO ][2016-01-18 14:23:23,616][com.java.SeleniumDriver] [  921] - Action Type : ExecuteTestCase
[INFO ][2016-01-18 14:23:23,634][com.java.TestType] [  437] - The Concept sheet name is ---------- Concept
[INFO ][2016-01-18 14:23:23,634][com.java.TestType] [  440] - The Concept ID  is ---------- 1
[DEBUG][2016-01-18 14:23:23,634][com.java.TestType] [  444] - Steps being executted in the Concept are: 1:16
[INFO ][2016-01-18 14:23:23,635][com.java.TestType] [  451] - Test data details path ---------- D:\BankersDashboard\TestInputs\TestData.xls
[INFO ][2016-01-18 14:23:23,674][com.java.TestType] [  482] -  str(1) = 1
[INFO ][2016-01-18 14:23:23,674][com.java.TestType] [  485] - Test case Id is---1
[INFO ][2016-01-18 14:23:23,674][com.java.TestType] [  487] - 1
[INFO ][2016-01-18 14:23:23,675][com.java.TestType] [  482] -  str(2) = 1
[INFO ][2016-01-18 14:23:23,677][com.java.TestType] [  482] -  str(1) = 1
[INFO ][2016-01-18 14:23:23,677][com.java.TestType] [  485] - Test case Id is---1
[INFO ][2016-01-18 14:23:23,679][com.java.TestType] [  487] - 1
[INFO ][2016-01-18 14:23:23,679][com.java.TestType] [  482] -  str(2) = 2
[INFO ][2016-01-18 14:23:23,681][com.java.TestType] [  482] -  str(1) = 1
[INFO ][2016-01-18 14:23:23,681][com.java.TestType] [  485] - Test case Id is---1
[INFO ][2016-01-18 14:23:23,681][com.java.TestType] [  487] - 1
[INFO ][2016-01-18 14:23:23,681][com.java.TestType] [  482] -  str(2) = 3
[INFO ][2016-01-18 14:23:23,682][com.java.TestType] [  482] -  str(1) = 1
[INFO ][2016-01-18 14:23:23,682][com.java.TestType] [  485] - Test case Id is---1
[INFO ][2016-01-18 14:23:23,682][com.java.TestType] [  487] - 1
[INFO ][2016-01-18 14:23:23,683][com.java.TestType] [  482] -  str(2) = 4
[INFO ][2016-01-18 14:23:23,684][com.java.TestType] [  482] -  str(1) = 1
[INFO ][2016-01-18 14:23:23,684][com.java.TestType] [  485] - Test case Id is---1
[INFO ][2016-01-18 14:23:23,684][com.java.TestType] [  487] - 1
[INFO ][2016-01-18 14:23:23,684][com.java.TestType] [  482] -  str(2) = 5
[INFO ][2016-01-18 14:23:23,685][com.java.TestType] [  482] -  str(1) = 1
[INFO ][2016-01-18 14:23:23,685][com.java.TestType] [  485] - Test case Id is---1
[INFO ][2016-01-18 14:23:23,685][com.java.TestType] [  487] - 1
[INFO ][2016-01-18 14:23:23,686][com.java.TestType] [  482] -  str(2) = 6
[INFO ][2016-01-18 14:23:23,687][com.java.TestType] [  482] -  str(1) = 1
[INFO ][2016-01-18 14:23:23,687][com.java.TestType] [  485] - Test case Id is---1
[INFO ][2016-01-18 14:23:23,687][com.java.TestType] [  487] - 1
[INFO ][2016-01-18 14:23:23,687][com.java.TestType] [  482] -  str(2) = 7
[INFO ][2016-01-18 14:23:23,688][com.java.TestType] [  482] -  str(1) = 1
[INFO ][2016-01-18 14:23:23,688][com.java.TestType] [  485] - Test case Id is---1
[INFO ][2016-01-18 14:23:23,688][com.java.TestType] [  487] - 1
[INFO ][2016-01-18 14:23:23,690][com.java.TestType] [  482] -  str(2) = 8
[INFO ][2016-01-18 14:23:23,691][com.java.TestType] [  482] -  str(1) = 1
[INFO ][2016-01-18 14:23:23,691][com.java.TestType] [  485] - Test case Id is---1
[INFO ][2016-01-18 14:23:23,691][com.java.TestType] [  487] - 1
[INFO ][2016-01-18 14:23:23,691][com.java.TestType] [  482] -  str(2) = 9
[INFO ][2016-01-18 14:23:23,692][com.java.TestType] [  482] -  str(1) = 1
[INFO ][2016-01-18 14:23:23,692][com.java.TestType] [  485] - Test case Id is---1
[INFO ][2016-01-18 14:23:23,692][com.java.TestType] [  487] - 1
[INFO ][2016-01-18 14:23:23,692][com.java.TestType] [  482] -  str(2) = 10
[INFO ][2016-01-18 14:23:23,693][com.java.TestType] [  482] -  str(1) = 1
[INFO ][2016-01-18 14:23:23,693][com.java.TestType] [  485] - Test case Id is---1
[INFO ][2016-01-18 14:23:23,693][com.java.TestType] [  487] - 1
[INFO ][2016-01-18 14:23:23,693][com.java.TestType] [  482] -  str(2) = 11
[INFO ][2016-01-18 14:23:23,694][com.java.TestType] [  482] -  str(1) = 1
[INFO ][2016-01-18 14:23:23,694][com.java.TestType] [  485] - Test case Id is---1
[INFO ][2016-01-18 14:23:23,694][com.java.TestType] [  487] - 1
[INFO ][2016-01-18 14:23:23,694][com.java.TestType] [  482] -  str(2) = 12
[INFO ][2016-01-18 14:23:23,695][com.java.TestType] [  482] -  str(1) = 1
[INFO ][2016-01-18 14:23:23,695][com.java.TestType] [  485] - Test case Id is---1
[INFO ][2016-01-18 14:23:23,695][com.java.TestType] [  487] - 1
[INFO ][2016-01-18 14:23:23,696][com.java.TestType] [  482] -  str(2) = 13
[INFO ][2016-01-18 14:23:23,696][com.java.TestType] [  482] -  str(1) = 1
[INFO ][2016-01-18 14:23:23,696][com.java.TestType] [  485] - Test case Id is---1
[INFO ][2016-01-18 14:23:23,696][com.java.TestType] [  487] - 1
[INFO ][2016-01-18 14:23:23,696][com.java.TestType] [  482] -  str(2) = 14
[INFO ][2016-01-18 14:23:23,697][com.java.TestType] [  482] -  str(1) = 1
[INFO ][2016-01-18 14:23:23,697][com.java.TestType] [  485] - Test case Id is---1
[INFO ][2016-01-18 14:23:23,697][com.java.TestType] [  487] - 1
[INFO ][2016-01-18 14:23:23,697][com.java.TestType] [  482] -  str(2) = 15
[INFO ][2016-01-18 14:23:23,698][com.java.TestType] [  482] -  str(1) = 1
[INFO ][2016-01-18 14:23:23,700][com.java.TestType] [  485] - Test case Id is---1
[INFO ][2016-01-18 14:23:23,700][com.java.TestType] [  487] - 1
[INFO ][2016-01-18 14:23:23,700][com.java.TestType] [  482] -  str(2) = 16
[INFO ][2016-01-18 14:23:23,701][com.java.TestType] [11315] - Looping 1TCID = 1
[DEBUG][2016-01-18 14:23:23,701][com.java.TestType] [11356] - Concept ID:1 :: Step being Executed: 1::1
[INFO ][2016-01-18 14:23:23,701][com.java.TestType] [11394] - dataFields : TXTusername
[DEBUG][2016-01-18 14:23:23,701][com.java.TestType] [11400] - <In Set values of the page>
[DEBUG][2016-01-18 14:23:23,701][com.java.TestType] [11405] - {Data Fields & Data Values Exist}
[INFO ][2016-01-18 14:23:23,701][com.java.TestType] [11411] - --------------------------setting values-----------------------------
[INFO ][2016-01-18 14:23:23,701][com.java.TestType] [11414] - Action Type : CLEARANDENTER
[INFO ][2016-01-18 14:23:25,997][com.java.TestType] [ 6140] - value = naresh.nayini.00000
[INFO ][2016-01-18 14:23:28,409][com.java.TestType] [11433] -  RESULT true
[INFO ][2016-01-18 14:23:28,409][com.java.TestType] [11550] - ?   P A S S   ?
[DEBUG][2016-01-18 14:23:28,410][com.java.TestType] [11356] - Concept ID:1 :: Step being Executed: 1::2
[INFO ][2016-01-18 14:23:28,410][com.java.TestType] [11394] - dataFields : TXTpassword
[DEBUG][2016-01-18 14:23:28,410][com.java.TestType] [11400] - <In Set values of the page>
[DEBUG][2016-01-18 14:23:28,410][com.java.TestType] [11405] - {Data Fields & Data Values Exist}
[INFO ][2016-01-18 14:23:28,410][com.java.TestType] [11411] - --------------------------setting values-----------------------------
[INFO ][2016-01-18 14:23:28,410][com.java.TestType] [11414] - Action Type : CLEARANDENTER
[INFO ][2016-01-18 14:23:30,684][com.java.TestType] [ 6140] - value = Password1*
[INFO ][2016-01-18 14:23:33,203][com.java.TestType] [11433] -  RESULT true
[INFO ][2016-01-18 14:23:33,205][com.java.TestType] [11550] - ?   P A S S   ?
[DEBUG][2016-01-18 14:23:33,205][com.java.TestType] [11356] - Concept ID:1 :: Step being Executed: 1::3
[ERROR][2016-01-18 14:23:33,205][com.java.TestType] [11389] - Exception: null
[INFO ][2016-01-18 14:23:33,205][com.java.TestType] [11394] - dataFields : XPH//button[@type='submit']
[DEBUG][2016-01-18 14:23:33,205][com.java.TestType] [11400] - <In Set values of the page>
[DEBUG][2016-01-18 14:23:33,205][com.java.TestType] [11405] - {Data Fields & Data Values Exist}
[INFO ][2016-01-18 14:23:33,205][com.java.TestType] [11411] - --------------------------setting values-----------------------------
[INFO ][2016-01-18 14:23:33,205][com.java.TestType] [11414] - Action Type : Click
[INFO ][2016-01-18 14:23:33,205][com.java.TestType] [ 6519] - Field ::XPH//button[@type='submit']
[INFO ][2016-01-18 14:23:33,205][com.java.TestType] [ 6140] - value = 
[INFO ][2016-01-18 14:23:34,206][com.java.TestType] [ 6656] - BEFORE CLICK
[INFO ][2016-01-18 14:23:37,378][com.java.TestType] [ 6664] - Unable to click the object Login
[INFO ][2016-01-18 14:23:37,378][com.java.TestType] [11433] -  RESULT true
[INFO ][2016-01-18 14:23:37,378][com.java.TestType] [11550] - ?   P A S S   ?
[DEBUG][2016-01-18 14:23:37,378][com.java.TestType] [11356] - Concept ID:1 :: Step being Executed: 1::4
[INFO ][2016-01-18 14:23:37,378][com.java.TestType] [11394] - dataFields : LNKLogout
[DEBUG][2016-01-18 14:23:37,378][com.java.TestType] [11400] - <In Set values of the page>
[DEBUG][2016-01-18 14:23:37,378][com.java.TestType] [11405] - {Data Fields & Data Values Exist}
[INFO ][2016-01-18 14:23:37,378][com.java.TestType] [11411] - --------------------------setting values-----------------------------
[INFO ][2016-01-18 14:23:37,378][com.java.TestType] [11414] - Action Type : WaitForElement
[INFO ][2016-01-18 14:23:37,415][com.java.TestType] [11433] -  RESULT true
[INFO ][2016-01-18 14:23:37,415][com.java.TestType] [11550] - ?   P A S S   ?
[DEBUG][2016-01-18 14:23:37,415][com.java.TestType] [11356] - Concept ID:1 :: Step being Executed: 1::15
[INFO ][2016-01-18 14:23:37,415][com.java.TestType] [11394] - dataFields : LNK
[DEBUG][2016-01-18 14:23:37,416][com.java.TestType] [11400] - <In Set values of the page>
[DEBUG][2016-01-18 14:23:37,416][com.java.TestType] [11405] - {Data Fields & Data Values Exist}
[INFO ][2016-01-18 14:23:37,416][com.java.TestType] [11411] - --------------------------setting values-----------------------------
[INFO ][2016-01-18 14:23:37,416][com.java.TestType] [11414] - Action Type : Verify
[INFO ][2016-01-18 14:23:37,416][com.java.TestType] [ 7648] - field= LNK value= Logout
[INFO ][2016-01-18 14:23:37,417][com.java.TestType] [ 6140] - value = Logout
[INFO ][2016-01-18 14:23:37,453][com.java.TestType] [11433] -  RESULT true
[INFO ][2016-01-18 14:23:37,453][com.java.TestType] [11550] - ?   P A S S   ?
[DEBUG][2016-01-18 14:23:37,453][com.java.TestType] [11356] - Concept ID:1 :: Step being Executed: 1::16
[INFO ][2016-01-18 14:23:37,454][com.java.TestType] [11394] - dataFields : BTN
[DEBUG][2016-01-18 14:23:37,454][com.java.TestType] [11400] - <In Set values of the page>
[DEBUG][2016-01-18 14:23:37,454][com.java.TestType] [11405] - {Data Fields & Data Values Exist}
[INFO ][2016-01-18 14:23:37,454][com.java.TestType] [11411] - --------------------------setting values-----------------------------
[INFO ][2016-01-18 14:23:37,454][com.java.TestType] [11414] - Action Type : Verify
[INFO ][2016-01-18 14:23:37,454][com.java.TestType] [ 7648] - field= BTN value= //img[contains(@src,'bdlogo.jpg')]
[INFO ][2016-01-18 14:23:37,454][com.java.TestType] [ 6140] - value = //img[contains(@src,'bdlogo.jpg')]
[INFO ][2016-01-18 14:23:37,524][com.java.TestType] [11433] -  RESULT true
[INFO ][2016-01-18 14:23:37,524][com.java.TestType] [11550] - ?   P A S S   ?
[INFO ][2016-01-18 14:23:37,524][com.java.TestType] [11621] - Looping End......
[INFO ][2016-01-18 14:23:37,530][com.java.SeleniumDriver] [  930] -  RESULT true
[INFO ][2016-01-18 14:23:37,530][com.java.SeleniumDriver] [ 1136] - ?   P A S S   ?
[INFO ][2016-01-18 14:23:37,530][com.java.SeleniumDriver] [  856] - ------------------------------------------
[INFO ][2016-01-18 14:23:37,530][com.java.SeleniumDriver] [  857] - Test case being Executed: 1
[INFO ][2016-01-18 14:23:37,530][com.java.SeleniumDriver] [  869] - Test step:2
[INFO ][2016-01-18 14:23:37,530][com.java.SeleniumDriver] [  881] - Datavalue is----------Concept#2:1-2
[INFO ][2016-01-18 14:23:37,530][com.java.SeleniumDriver] [  905] - DataField : test
[INFO ][2016-01-18 14:23:37,530][com.java.SeleniumDriver] [  907] - DataValue : Concept#2:1-2
[INFO ][2016-01-18 14:23:37,531][com.java.SeleniumDriver] [  913] - <In Set values of the page>
[INFO ][2016-01-18 14:23:37,531][com.java.SeleniumDriver] [  916] - {Data Fields & Data Values Exist}
[INFO ][2016-01-18 14:23:37,531][com.java.SeleniumDriver] [  918] - --------------------------setting values-----------------------------
[INFO ][2016-01-18 14:23:37,531][com.java.SeleniumDriver] [  921] - Action Type : ExecuteTestCase
[INFO ][2016-01-18 14:23:37,531][com.java.TestType] [  437] - The Concept sheet name is ---------- Concept
[INFO ][2016-01-18 14:23:37,531][com.java.TestType] [  440] - The Concept ID  is ---------- 2
[DEBUG][2016-01-18 14:23:37,531][com.java.TestType] [  444] - Steps being executted in the Concept are: 1:2
[INFO ][2016-01-18 14:23:37,532][com.java.TestType] [  451] - Test data details path ---------- D:\BankersDashboard\TestInputs\TestData.xls
[INFO ][2016-01-18 14:23:37,565][com.java.TestType] [  482] -  str(1) = 2
[INFO ][2016-01-18 14:23:37,565][com.java.TestType] [  485] - Test case Id is---2
[INFO ][2016-01-18 14:23:37,565][com.java.TestType] [  487] - 2
[INFO ][2016-01-18 14:23:37,565][com.java.TestType] [  482] -  str(2) = 1
[INFO ][2016-01-18 14:23:37,567][com.java.TestType] [  482] -  str(1) = 2
[INFO ][2016-01-18 14:23:37,567][com.java.TestType] [  485] - Test case Id is---2
[INFO ][2016-01-18 14:23:37,567][com.java.TestType] [  487] - 2
[INFO ][2016-01-18 14:23:37,567][com.java.TestType] [  482] -  str(2) = 2
[INFO ][2016-01-18 14:23:37,568][com.java.TestType] [  482] -  str(1) = 2
[INFO ][2016-01-18 14:23:37,568][com.java.TestType] [  485] - Test case Id is---2
[INFO ][2016-01-18 14:23:37,568][com.java.TestType] [  487] - 2
[INFO ][2016-01-18 14:23:37,568][com.java.TestType] [  482] -  str(2) = 3
[INFO ][2016-01-18 14:23:37,569][com.java.TestType] [11315] - Looping 1TCID = 2
[DEBUG][2016-01-18 14:23:37,569][com.java.TestType] [11356] - Concept ID:2 :: Step being Executed: 2::1
[INFO ][2016-01-18 14:23:37,569][com.java.TestType] [11394] - dataFields : BNK//select[@id='bank']
[DEBUG][2016-01-18 14:23:37,569][com.java.TestType] [11400] - <In Set values of the page>
[DEBUG][2016-01-18 14:23:37,569][com.java.TestType] [11405] - {Data Fields & Data Values Exist}
[INFO ][2016-01-18 14:23:37,570][com.java.TestType] [11411] - --------------------------setting values-----------------------------
[INFO ][2016-01-18 14:23:37,570][com.java.TestType] [11414] - Action Type : Select
[INFO ][2016-01-18 14:23:37,570][com.java.TestType] [ 6140] - value = PFC
[INFO ][2016-01-18 14:23:37,895][com.java.TestType] [11433] -  RESULT true
[INFO ][2016-01-18 14:23:37,895][com.java.TestType] [11550] - ?   P A S S   ?
[DEBUG][2016-01-18 14:23:37,895][com.java.TestType] [11356] - Concept ID:2 :: Step being Executed: 2::2
[INFO ][2016-01-18 14:23:37,895][com.java.TestType] [11394] - dataFields : LNKLogout
[DEBUG][2016-01-18 14:23:37,895][com.java.TestType] [11400] - <In Set values of the page>
[DEBUG][2016-01-18 14:23:37,895][com.java.TestType] [11405] - {Data Fields & Data Values Exist}
[INFO ][2016-01-18 14:23:37,895][com.java.TestType] [11411] - --------------------------setting values-----------------------------
[INFO ][2016-01-18 14:23:37,895][com.java.TestType] [11414] - Action Type : WaitTime
[DEBUG][2016-01-18 14:23:37,896][com.java.TestType] [ 5954] - sleepTime: 5000
[INFO ][2016-01-18 14:23:42,896][com.java.TestType] [11433] -  RESULT true
[INFO ][2016-01-18 14:23:42,896][com.java.TestType] [11550] - ?   P A S S   ?
[INFO ][2016-01-18 14:23:42,896][com.java.TestType] [11621] - Looping End......
[INFO ][2016-01-18 14:23:42,900][com.java.SeleniumDriver] [  930] -  RESULT true
[INFO ][2016-01-18 14:23:42,901][com.java.SeleniumDriver] [ 1136] - ?   P A S S   ?
[INFO ][2016-01-18 14:23:42,901][com.java.SeleniumDriver] [  856] - ------------------------------------------
[INFO ][2016-01-18 14:23:42,901][com.java.SeleniumDriver] [  857] - Test case being Executed: 1
[INFO ][2016-01-18 14:23:42,901][com.java.SeleniumDriver] [  869] - Test step:3
[INFO ][2016-01-18 14:23:42,901][com.java.SeleniumDriver] [  881] - Datavalue is----------2
[INFO ][2016-01-18 14:23:42,901][com.java.SeleniumDriver] [  905] - DataField : XPH//button[contains(text(),'Add Content')]
[INFO ][2016-01-18 14:23:42,901][com.java.SeleniumDriver] [  907] - DataValue : 2
[INFO ][2016-01-18 14:23:42,901][com.java.SeleniumDriver] [  913] - <In Set values of the page>
[INFO ][2016-01-18 14:23:42,901][com.java.SeleniumDriver] [  916] - {Data Fields & Data Values Exist}
[INFO ][2016-01-18 14:23:42,901][com.java.SeleniumDriver] [  918] - --------------------------setting values-----------------------------
[INFO ][2016-01-18 14:23:42,901][com.java.SeleniumDriver] [  921] - Action Type : WAITFORELEMENT
[INFO ][2016-01-18 14:23:42,938][com.java.SeleniumDriver] [  930] -  RESULT true
[INFO ][2016-01-18 14:23:42,938][com.java.SeleniumDriver] [ 1136] - ?   P A S S   ?
[DEBUG][2016-01-18 14:23:42,938][com.java.SeleniumDriver] [ 1248] - Case found
[DEBUG][2016-01-18 14:23:42,938][com.java.SeleniumDriver] [ 1253] - Incrementing ReportCounters[0]:1
[INFO ][2016-01-18 14:23:42,939][com.java.SeleniumDriver] [ 1272] - The results are-------------------[1, 1, Valid Login, Pass, , Mon Jan 18 14:23:37 IST 2016, 1, 2, Valid Login, Pass, , Mon Jan 18 14:23:42 IST 2016, 1, 3, Valid Login, Pass, , Mon Jan 18 14:23:42 IST 2016]
[INFO ][2016-01-18 14:23:42,939][com.java.SeleniumDriver] [ 1276] - End time is-------34 sec
[INFO ][2016-01-18 14:23:42,939][com.java.SeleniumDriver] [ 1277] - The results are-------------------[1, 1, Valid Login, Pass, , Mon Jan 18 14:23:37 IST 2016, 1, 2, Valid Login, Pass, , Mon Jan 18 14:23:42 IST 2016, 1, 3, Valid Login, Pass, , Mon Jan 18 14:23:42 IST 2016]
[DEBUG][2016-01-18 14:23:42,939][com.java.ImportnExport.ExportTestResultsExcel] [  222] - testResultPath = D:\BankersDashboard/TestReports/Test Results_BankersDashBoard_011816_142311_IE10_Any Bank USA.xls
[DEBUG][2016-01-18 14:23:42,939][com.java.ImportnExport.ExportTestResultsExcel] [  223] - browser is------------IE10
[DEBUG][2016-01-18 14:23:42,986][com.java.ImportnExport.ExportTestResultsExcel] [  270] - result.size() = 18
[DEBUG][2016-01-18 14:23:42,986][com.java.ImportnExport.ExportTestResultsExcel] [  274] - No of rows in sheet=1
[DEBUG][2016-01-18 14:23:42,986][com.java.ImportnExport.ExportTestResultsExcel] [  301] - ..in export..1
[DEBUG][2016-01-18 14:23:42,986][com.java.ImportnExport.ExportTestResultsExcel] [  301] - ..in export..Valid Login
[DEBUG][2016-01-18 14:23:42,986][com.java.ImportnExport.ExportTestResultsExcel] [  301] - ..in export..Pass
[DEBUG][2016-01-18 14:23:42,986][com.java.ImportnExport.ExportTestResultsExcel] [  301] - ..in export..
[DEBUG][2016-01-18 14:23:42,986][com.java.ImportnExport.ExportTestResultsExcel] [  301] - ..in export..Mon Jan 18 14:23:37 IST 2016
[INFO ][2016-01-18 14:23:42,988][com.java.SeleniumDriver] [ 1337] - out loop:0 size:2 TestCases:[1, 29] testcases:[1, 29]
[INFO ][2016-01-18 14:23:42,988][com.java.ImportnExport.ImportTestDataDetailsExcel] [   49] - test data details path===== D:\BankersDashboard\TestInputs\TestData.xls
[INFO ][2016-01-18 14:23:59,347][com.java.SeleniumDriver] [  856] - ------------------------------------------
[INFO ][2016-01-18 14:23:59,347][com.java.SeleniumDriver] [  857] - Test case being Executed: 29
[INFO ][2016-01-18 14:23:59,347][com.java.SeleniumDriver] [  869] - Test step:1
[INFO ][2016-01-18 14:23:59,347][com.java.SeleniumDriver] [  881] - Datavalue is----------Logout
[INFO ][2016-01-18 14:23:59,347][com.java.SeleniumDriver] [  905] - DataField : BTN
[INFO ][2016-01-18 14:23:59,347][com.java.SeleniumDriver] [  907] - DataValue : Logout
[INFO ][2016-01-18 14:23:59,347][com.java.SeleniumDriver] [  913] - <In Set values of the page>
[INFO ][2016-01-18 14:23:59,347][com.java.SeleniumDriver] [  916] - {Data Fields & Data Values Exist}
[INFO ][2016-01-18 14:23:59,347][com.java.SeleniumDriver] [  918] - --------------------------setting values-----------------------------
[INFO ][2016-01-18 14:23:59,347][com.java.SeleniumDriver] [  921] - Action Type : Verify
[INFO ][2016-01-18 14:23:59,347][com.java.TestType] [ 7648] - field= BTN value= Logout
[INFO ][2016-01-18 14:23:59,348][com.java.TestType] [ 6140] - value = Logout
[INFO ][2016-01-18 14:23:59,420][com.java.SeleniumDriver] [  930] -  RESULT true
[INFO ][2016-01-18 14:23:59,420][com.java.SeleniumDriver] [ 1136] - ?   P A S S   ?
[INFO ][2016-01-18 14:23:59,420][com.java.SeleniumDriver] [ 1178] - step change to 3
[INFO ][2016-01-18 14:23:59,420][com.java.SeleniumDriver] [  856] - ------------------------------------------
[INFO ][2016-01-18 14:23:59,421][com.java.SeleniumDriver] [  857] - Test case being Executed: 29
[INFO ][2016-01-18 14:23:59,421][com.java.SeleniumDriver] [  869] - Test step:3
[INFO ][2016-01-18 14:23:59,421][com.java.SeleniumDriver] [  881] - Datavalue is----------Concept#2:1-2
[INFO ][2016-01-18 14:23:59,421][com.java.SeleniumDriver] [  905] - DataField : test
[INFO ][2016-01-18 14:23:59,421][com.java.SeleniumDriver] [  907] - DataValue : Concept#2:1-2
[INFO ][2016-01-18 14:23:59,421][com.java.SeleniumDriver] [  913] - <In Set values of the page>
[INFO ][2016-01-18 14:23:59,421][com.java.SeleniumDriver] [  916] - {Data Fields & Data Values Exist}
[INFO ][2016-01-18 14:23:59,421][com.java.SeleniumDriver] [  918] - --------------------------setting values-----------------------------
[INFO ][2016-01-18 14:23:59,421][com.java.SeleniumDriver] [  921] - Action Type : ExecuteTestCase
[INFO ][2016-01-18 14:23:59,421][com.java.TestType] [  437] - The Concept sheet name is ---------- Concept
[INFO ][2016-01-18 14:23:59,421][com.java.TestType] [  440] - The Concept ID  is ---------- 2
[DEBUG][2016-01-18 14:23:59,421][com.java.TestType] [  444] - Steps being executted in the Concept are: 1:2
[INFO ][2016-01-18 14:23:59,421][com.java.TestType] [  451] - Test data details path ---------- D:\BankersDashboard\TestInputs\TestData.xls
[INFO ][2016-01-18 14:23:59,455][com.java.TestType] [  482] -  str(1) = 2
[INFO ][2016-01-18 14:23:59,455][com.java.TestType] [  485] - Test case Id is---2
[INFO ][2016-01-18 14:23:59,456][com.java.TestType] [  487] - 2
[INFO ][2016-01-18 14:23:59,456][com.java.TestType] [  482] -  str(2) = 1
[INFO ][2016-01-18 14:23:59,457][com.java.TestType] [  482] -  str(1) = 2
[INFO ][2016-01-18 14:23:59,457][com.java.TestType] [  485] - Test case Id is---2
[INFO ][2016-01-18 14:23:59,457][com.java.TestType] [  487] - 2
[INFO ][2016-01-18 14:23:59,457][com.java.TestType] [  482] -  str(2) = 2
[INFO ][2016-01-18 14:23:59,458][com.java.TestType] [  482] -  str(1) = 2
[INFO ][2016-01-18 14:23:59,458][com.java.TestType] [  485] - Test case Id is---2
[INFO ][2016-01-18 14:23:59,458][com.java.TestType] [  487] - 2
[INFO ][2016-01-18 14:23:59,458][com.java.TestType] [  482] -  str(2) = 3
[INFO ][2016-01-18 14:23:59,459][com.java.TestType] [11315] - Looping 1TCID = 2
[DEBUG][2016-01-18 14:23:59,459][com.java.TestType] [11356] - Concept ID:2 :: Step being Executed: 2::1
[INFO ][2016-01-18 14:23:59,459][com.java.TestType] [11394] - dataFields : BNK//select[@id='bank']
[DEBUG][2016-01-18 14:23:59,459][com.java.TestType] [11400] - <In Set values of the page>
[DEBUG][2016-01-18 14:23:59,459][com.java.TestType] [11405] - {Data Fields & Data Values Exist}
[INFO ][2016-01-18 14:23:59,459][com.java.TestType] [11411] - --------------------------setting values-----------------------------
[INFO ][2016-01-18 14:23:59,459][com.java.TestType] [11414] - Action Type : Select
[INFO ][2016-01-18 14:23:59,460][com.java.TestType] [ 6140] - value = PFC
[INFO ][2016-01-18 14:23:59,671][com.java.TestType] [11433] -  RESULT true
[INFO ][2016-01-18 14:23:59,671][com.java.TestType] [11550] - ?   P A S S   ?
[DEBUG][2016-01-18 14:23:59,671][com.java.TestType] [11356] - Concept ID:2 :: Step being Executed: 2::2
[INFO ][2016-01-18 14:23:59,672][com.java.TestType] [11394] - dataFields : LNKLogout
[DEBUG][2016-01-18 14:23:59,672][com.java.TestType] [11400] - <In Set values of the page>
[DEBUG][2016-01-18 14:23:59,672][com.java.TestType] [11405] - {Data Fields & Data Values Exist}
[INFO ][2016-01-18 14:23:59,672][com.java.TestType] [11411] - --------------------------setting values-----------------------------
[INFO ][2016-01-18 14:23:59,672][com.java.TestType] [11414] - Action Type : WaitTime
[DEBUG][2016-01-18 14:23:59,672][com.java.TestType] [ 5954] - sleepTime: 5000
[INFO ][2016-01-18 14:24:04,672][com.java.TestType] [11433] -  RESULT true
[INFO ][2016-01-18 14:24:04,672][com.java.TestType] [11550] - ?   P A S S   ?
[INFO ][2016-01-18 14:24:04,672][com.java.TestType] [11621] - Looping End......
[INFO ][2016-01-18 14:24:04,677][com.java.SeleniumDriver] [  930] -  RESULT true
[INFO ][2016-01-18 14:24:04,677][com.java.SeleniumDriver] [ 1136] - ?   P A S S   ?
[INFO ][2016-01-18 14:24:04,677][com.java.SeleniumDriver] [  856] - ------------------------------------------
[INFO ][2016-01-18 14:24:04,677][com.java.SeleniumDriver] [  857] - Test case being Executed: 29
[INFO ][2016-01-18 14:24:04,677][com.java.SeleniumDriver] [  869] - Test step:4
[INFO ][2016-01-18 14:24:04,677][com.java.SeleniumDriver] [  881] - Datavalue is----------2
[INFO ][2016-01-18 14:24:04,677][com.java.SeleniumDriver] [  905] - DataField : XPH//button[contains(text(),'Add Content')]
[INFO ][2016-01-18 14:24:04,678][com.java.SeleniumDriver] [  907] - DataValue : 2
[INFO ][2016-01-18 14:24:04,678][com.java.SeleniumDriver] [  913] - <In Set values of the page>
[INFO ][2016-01-18 14:24:04,678][com.java.SeleniumDriver] [  916] - {Data Fields & Data Values Exist}
[INFO ][2016-01-18 14:24:04,678][com.java.SeleniumDriver] [  918] - --------------------------setting values-----------------------------
[INFO ][2016-01-18 14:24:04,678][com.java.SeleniumDriver] [  921] - Action Type : WAITFORELEMENT
[INFO ][2016-01-18 14:24:04,714][com.java.SeleniumDriver] [  930] -  RESULT true
[INFO ][2016-01-18 14:24:04,714][com.java.SeleniumDriver] [ 1136] - ?   P A S S   ?
[INFO ][2016-01-18 14:24:04,714][com.java.SeleniumDriver] [  856] - ------------------------------------------
[INFO ][2016-01-18 14:24:04,714][com.java.SeleniumDriver] [  857] - Test case being Executed: 29
[INFO ][2016-01-18 14:24:04,714][com.java.SeleniumDriver] [  869] - Test step:5
[INFO ][2016-01-18 14:24:04,714][com.java.SeleniumDriver] [  881] - Datavalue is----------null
[DEBUG][2016-01-18 14:24:04,715][com.java.SeleniumDriver] [  899] - Exception: null
[INFO ][2016-01-18 14:24:04,715][com.java.SeleniumDriver] [  905] - DataField : //span[@class='icon-user4']&&//ul[@id='Admin']/li[2]/a&&//ul[@id='GLMapping']/li[3]/a
[INFO ][2016-01-18 14:24:04,715][com.java.SeleniumDriver] [  907] - DataValue : 
[INFO ][2016-01-18 14:24:04,715][com.java.SeleniumDriver] [  913] - <In Set values of the page>
[INFO ][2016-01-18 14:24:04,715][com.java.SeleniumDriver] [  916] - {Data Fields & Data Values Exist}
[INFO ][2016-01-18 14:24:04,715][com.java.SeleniumDriver] [  918] - --------------------------setting values-----------------------------
[INFO ][2016-01-18 14:24:04,715][com.java.SeleniumDriver] [  921] - Action Type : mouseover
[INFO ][2016-01-18 14:24:31,564][com.java.SeleniumDriver] [  930] -  RESULT true
[INFO ][2016-01-18 14:24:31,564][com.java.SeleniumDriver] [ 1136] - ?   P A S S   ?
[INFO ][2016-01-18 14:24:31,564][com.java.SeleniumDriver] [  856] - ------------------------------------------
[INFO ][2016-01-18 14:24:31,564][com.java.SeleniumDriver] [  857] - Test case being Executed: 29
[INFO ][2016-01-18 14:24:31,564][com.java.SeleniumDriver] [  869] - Test step:6
[INFO ][2016-01-18 14:24:31,564][com.java.SeleniumDriver] [  881] - Datavalue is----------Loan Concentration
[INFO ][2016-01-18 14:24:31,564][com.java.SeleniumDriver] [  905] - DataField : XPH//span[@class='ui-dialog-title']
[INFO ][2016-01-18 14:24:31,564][com.java.SeleniumDriver] [  907] - DataValue : Loan Concentration
[INFO ][2016-01-18 14:24:31,564][com.java.SeleniumDriver] [  913] - <In Set values of the page>
[INFO ][2016-01-18 14:24:31,564][com.java.SeleniumDriver] [  916] - {Data Fields & Data Values Exist}
[INFO ][2016-01-18 14:24:31,564][com.java.SeleniumDriver] [  918] - --------------------------setting values-----------------------------
[INFO ][2016-01-18 14:24:31,564][com.java.SeleniumDriver] [  921] - Action Type : verify
[INFO ][2016-01-18 14:24:31,564][com.java.TestType] [ 7648] - field= XPH//span[@class='ui-dialog-title'] value= Loan Concentration
[INFO ][2016-01-18 14:24:31,564][com.java.TestType] [ 6140] - value = Loan Concentration
[INFO ][2016-01-18 14:24:31,695][com.java.SeleniumDriver] [  930] -  RESULT true
[INFO ][2016-01-18 14:24:31,695][com.java.SeleniumDriver] [ 1136] - ?   P A S S   ?
[INFO ][2016-01-18 14:24:31,695][com.java.SeleniumDriver] [  856] - ------------------------------------------
[INFO ][2016-01-18 14:24:31,695][com.java.SeleniumDriver] [  857] - Test case being Executed: 29
[INFO ][2016-01-18 14:24:31,695][com.java.SeleniumDriver] [  869] - Test step:7
[INFO ][2016-01-18 14:24:31,695][com.java.SeleniumDriver] [  881] - Datavalue is----------null
[DEBUG][2016-01-18 14:24:31,695][com.java.SeleniumDriver] [  899] - Exception: null
[INFO ][2016-01-18 14:24:31,695][com.java.SeleniumDriver] [  905] - DataField : BTNframeDialogContent
[INFO ][2016-01-18 14:24:31,695][com.java.SeleniumDriver] [  907] - DataValue : 
[INFO ][2016-01-18 14:24:31,695][com.java.SeleniumDriver] [  913] - <In Set values of the page>
[INFO ][2016-01-18 14:24:31,695][com.java.SeleniumDriver] [  916] - {Data Fields & Data Values Exist}
[INFO ][2016-01-18 14:24:31,695][com.java.SeleniumDriver] [  918] - --------------------------setting values-----------------------------
[INFO ][2016-01-18 14:24:31,695][com.java.SeleniumDriver] [  921] - Action Type : selectframe
[INFO ][2016-01-18 14:24:32,966][com.java.SeleniumDriver] [  930] -  RESULT true
[INFO ][2016-01-18 14:24:32,966][com.java.SeleniumDriver] [ 1136] - ?   P A S S   ?
[INFO ][2016-01-18 14:24:32,966][com.java.SeleniumDriver] [  856] - ------------------------------------------
[INFO ][2016-01-18 14:24:32,966][com.java.SeleniumDriver] [  857] - Test case being Executed: 29
[INFO ][2016-01-18 14:24:32,966][com.java.SeleniumDriver] [  869] - Test step:8
[INFO ][2016-01-18 14:24:32,966][com.java.SeleniumDriver] [  881] - Datavalue is----------null
[DEBUG][2016-01-18 14:24:32,966][com.java.SeleniumDriver] [  899] - Exception: null
[INFO ][2016-01-18 14:24:32,966][com.java.SeleniumDriver] [  905] - DataField : BTNbtnAddCategory
[INFO ][2016-01-18 14:24:32,966][com.java.SeleniumDriver] [  907] - DataValue : 
[INFO ][2016-01-18 14:24:32,966][com.java.SeleniumDriver] [  913] - <In Set values of the page>
[INFO ][2016-01-18 14:24:32,966][com.java.SeleniumDriver] [  916] - {Data Fields & Data Values Exist}
[INFO ][2016-01-18 14:24:32,966][com.java.SeleniumDriver] [  918] - --------------------------setting values-----------------------------
[INFO ][2016-01-18 14:24:32,966][com.java.SeleniumDriver] [  921] - Action Type : click
[INFO ][2016-01-18 14:24:32,966][com.java.TestType] [ 6519] - Field ::BTNbtnAddCategory
[INFO ][2016-01-18 14:24:32,966][com.java.TestType] [ 6140] - value = 
[INFO ][2016-01-18 14:24:33,970][com.java.TestType] [ 6635] - BEFORE CLICK
[INFO ][2016-01-18 14:24:35,161][com.java.TestType] [ 6642] - Unable to click the object click on Add new category button
[INFO ][2016-01-18 14:24:35,161][com.java.SeleniumDriver] [  930] -  RESULT true
[INFO ][2016-01-18 14:24:35,161][com.java.SeleniumDriver] [ 1136] - ?   P A S S   ?
[INFO ][2016-01-18 14:24:35,161][com.java.SeleniumDriver] [  856] - ------------------------------------------
[INFO ][2016-01-18 14:24:35,161][com.java.SeleniumDriver] [  857] - Test case being Executed: 29
[INFO ][2016-01-18 14:24:35,161][com.java.SeleniumDriver] [  869] - Test step:9
[INFO ][2016-01-18 14:24:35,161][com.java.SeleniumDriver] [  881] - Datavalue is----------10
[INFO ][2016-01-18 14:24:35,161][com.java.SeleniumDriver] [  905] - DataField : DSPddlGroup
[INFO ][2016-01-18 14:24:35,161][com.java.SeleniumDriver] [  907] - DataValue : 10
[INFO ][2016-01-18 14:24:35,161][com.java.SeleniumDriver] [  913] - <In Set values of the page>
[INFO ][2016-01-18 14:24:35,161][com.java.SeleniumDriver] [  916] - {Data Fields & Data Values Exist}
[INFO ][2016-01-18 14:24:35,161][com.java.SeleniumDriver] [  918] - --------------------------setting values-----------------------------
[INFO ][2016-01-18 14:24:35,161][com.java.SeleniumDriver] [  921] - Action Type : waitforelement
[INFO ][2016-01-18 14:24:36,262][com.java.SeleniumDriver] [  930] -  RESULT true
[INFO ][2016-01-18 14:24:36,262][com.java.SeleniumDriver] [ 1136] - ?   P A S S   ?
[INFO ][2016-01-18 14:24:36,262][com.java.SeleniumDriver] [  856] - ------------------------------------------
[INFO ][2016-01-18 14:24:36,262][com.java.SeleniumDriver] [  857] - Test case being Executed: 29
[INFO ][2016-01-18 14:24:36,262][com.java.SeleniumDriver] [  869] - Test step:10
[INFO ][2016-01-18 14:24:36,262][com.java.SeleniumDriver] [  881] - Datavalue is----------Primary Group
[INFO ][2016-01-18 14:24:36,262][com.java.SeleniumDriver] [  905] - DataField : MSG
[INFO ][2016-01-18 14:24:36,262][com.java.SeleniumDriver] [  907] - DataValue : Primary Group
[INFO ][2016-01-18 14:24:36,262][com.java.SeleniumDriver] [  913] - <In Set values of the page>
[INFO ][2016-01-18 14:24:36,262][com.java.SeleniumDriver] [  916] - {Data Fields & Data Values Exist}
[INFO ][2016-01-18 14:24:36,262][com.java.SeleniumDriver] [  918] - --------------------------setting values-----------------------------
[INFO ][2016-01-18 14:24:36,262][com.java.SeleniumDriver] [  921] - Action Type : verify
[INFO ][2016-01-18 14:24:36,262][com.java.TestType] [ 7648] - field= MSG value= Primary Group
[INFO ][2016-01-18 14:24:36,262][com.java.TestType] [ 6140] - value = Primary Group
[DEBUG][2016-01-18 14:24:36,262][com.java.TestType] [ 8478] - value :: Primary Group
[INFO ][2016-01-18 14:24:36,282][com.java.SeleniumDriver] [  930] -  RESULT true
[INFO ][2016-01-18 14:24:36,282][com.java.SeleniumDriver] [ 1136] - ?   P A S S   ?
[INFO ][2016-01-18 14:24:36,282][com.java.SeleniumDriver] [  856] - ------------------------------------------
[INFO ][2016-01-18 14:24:36,282][com.java.SeleniumDriver] [  857] - Test case being Executed: 29
[INFO ][2016-01-18 14:24:36,282][com.java.SeleniumDriver] [  869] - Test step:11
[INFO ][2016-01-18 14:24:36,282][com.java.SeleniumDriver] [  881] - Datavalue is----------Category
[INFO ][2016-01-18 14:24:36,282][com.java.SeleniumDriver] [  905] - DataField : MSG
[INFO ][2016-01-18 14:24:36,282][com.java.SeleniumDriver] [  907] - DataValue : Category
[INFO ][2016-01-18 14:24:36,282][com.java.SeleniumDriver] [  913] - <In Set values of the page>
[INFO ][2016-01-18 14:24:36,282][com.java.SeleniumDriver] [  916] - {Data Fields & Data Values Exist}
[INFO ][2016-01-18 14:24:36,282][com.java.SeleniumDriver] [  918] - --------------------------setting values-----------------------------
[INFO ][2016-01-18 14:24:36,282][com.java.SeleniumDriver] [  921] - Action Type : verify
[INFO ][2016-01-18 14:24:36,282][com.java.TestType] [ 7648] - field= MSG value= Category
[INFO ][2016-01-18 14:24:36,282][com.java.TestType] [ 6140] - value = Category
[DEBUG][2016-01-18 14:24:36,282][com.java.TestType] [ 8478] - value :: Category
[INFO ][2016-01-18 14:24:36,302][com.java.SeleniumDriver] [  930] -  RESULT true
[INFO ][2016-01-18 14:24:36,302][com.java.SeleniumDriver] [ 1136] - ?   P A S S   ?
[INFO ][2016-01-18 14:24:36,302][com.java.SeleniumDriver] [  856] - ------------------------------------------
[INFO ][2016-01-18 14:24:36,302][com.java.SeleniumDriver] [  857] - Test case being Executed: 29
[INFO ][2016-01-18 14:24:36,302][com.java.SeleniumDriver] [  869] - Test step:12
[INFO ][2016-01-18 14:24:36,302][com.java.SeleniumDriver] [  881] - Datavalue is----------Approved Capital %
[INFO ][2016-01-18 14:24:36,302][com.java.SeleniumDriver] [  905] - DataField : MSG
[INFO ][2016-01-18 14:24:36,302][com.java.SeleniumDriver] [  907] - DataValue : Approved Capital %
[INFO ][2016-01-18 14:24:36,302][com.java.SeleniumDriver] [  913] - <In Set values of the page>
[INFO ][2016-01-18 14:24:36,302][com.java.SeleniumDriver] [  916] - {Data Fields & Data Values Exist}
[INFO ][2016-01-18 14:24:36,302][com.java.SeleniumDriver] [  918] - --------------------------setting values-----------------------------
[INFO ][2016-01-18 14:24:36,302][com.java.SeleniumDriver] [  921] - Action Type : verify
[INFO ][2016-01-18 14:24:36,302][com.java.TestType] [ 7648] - field= MSG value= Approved Capital %
[INFO ][2016-01-18 14:24:36,302][com.java.TestType] [ 6140] - value = Approved Capital %
[DEBUG][2016-01-18 14:24:36,302][com.java.TestType] [ 8478] - value :: Approved Capital %
[INFO ][2016-01-18 14:24:36,322][com.java.SeleniumDriver] [  930] -  RESULT true
[INFO ][2016-01-18 14:24:36,322][com.java.SeleniumDriver] [ 1136] - ?   P A S S   ?
[INFO ][2016-01-18 14:24:36,322][com.java.SeleniumDriver] [  856] - ------------------------------------------
[INFO ][2016-01-18 14:24:36,322][com.java.SeleniumDriver] [  857] - Test case being Executed: 29
[INFO ][2016-01-18 14:24:36,322][com.java.SeleniumDriver] [  869] - Test step:13
[INFO ][2016-01-18 14:24:36,322][com.java.SeleniumDriver] [  881] - Datavalue is----------Approved Loan %
[INFO ][2016-01-18 14:24:36,322][com.java.SeleniumDriver] [  905] - DataField : MSG
[INFO ][2016-01-18 14:24:36,322][com.java.SeleniumDriver] [  907] - DataValue : Approved Loan %
[INFO ][2016-01-18 14:24:36,322][com.java.SeleniumDriver] [  913] - <In Set values of the page>
[INFO ][2016-01-18 14:24:36,322][com.java.SeleniumDriver] [  916] - {Data Fields & Data Values Exist}
[INFO ][2016-01-18 14:24:36,322][com.java.SeleniumDriver] [  918] - --------------------------setting values-----------------------------
[INFO ][2016-01-18 14:24:36,322][com.java.SeleniumDriver] [  921] - Action Type : verify
[INFO ][2016-01-18 14:24:36,322][com.java.TestType] [ 7648] - field= MSG value= Approved Loan %
[INFO ][2016-01-18 14:24:36,322][com.java.TestType] [ 6140] - value = Approved Loan %
[DEBUG][2016-01-18 14:24:36,322][com.java.TestType] [ 8478] - value :: Approved Loan %
[INFO ][2016-01-18 14:24:36,342][com.java.SeleniumDriver] [  930] -  RESULT true
[INFO ][2016-01-18 14:24:36,342][com.java.SeleniumDriver] [ 1136] - ?   P A S S   ?
[INFO ][2016-01-18 14:24:36,342][com.java.SeleniumDriver] [  856] - ------------------------------------------
[INFO ][2016-01-18 14:24:36,342][com.java.SeleniumDriver] [  857] - Test case being Executed: 29
[INFO ][2016-01-18 14:24:36,342][com.java.SeleniumDriver] [  869] - Test step:14
[INFO ][2016-01-18 14:24:36,342][com.java.SeleniumDriver] [  881] - Datavalue is----------2
[INFO ][2016-01-18 14:24:36,342][com.java.SeleniumDriver] [  905] - DataField : null
[INFO ][2016-01-18 14:24:36,342][com.java.SeleniumDriver] [  907] - DataValue : 2
[INFO ][2016-01-18 14:24:36,342][com.java.SeleniumDriver] [  913] - <In Set values of the page>
[INFO ][2016-01-18 14:24:36,342][com.java.SeleniumDriver] [  916] - {Data Fields & Data Values Exist}
[INFO ][2016-01-18 14:24:36,342][com.java.SeleniumDriver] [  918] - --------------------------setting values-----------------------------
[INFO ][2016-01-18 14:24:36,342][com.java.SeleniumDriver] [  921] - Action Type : waittime
[DEBUG][2016-01-18 14:24:36,342][com.java.TestType] [ 5954] - sleepTime: 2000
[INFO ][2016-01-18 14:24:38,350][com.java.SeleniumDriver] [  930] -  RESULT true
[INFO ][2016-01-18 14:24:38,350][com.java.SeleniumDriver] [ 1136] - ?   P A S S   ?
[INFO ][2016-01-18 14:24:38,350][com.java.SeleniumDriver] [  856] - ------------------------------------------
[INFO ][2016-01-18 14:24:38,350][com.java.SeleniumDriver] [  857] - Test case being Executed: 29
[INFO ][2016-01-18 14:24:38,350][com.java.SeleniumDriver] [  869] - Test step:15
[INFO ][2016-01-18 14:24:38,350][com.java.SeleniumDriver] [  881] - Datavalue is----------null
[DEBUG][2016-01-18 14:24:38,350][com.java.SeleniumDriver] [  899] - Exception: null
[INFO ][2016-01-18 14:24:38,350][com.java.SeleniumDriver] [  905] - DataField : BTNddlGroup
[INFO ][2016-01-18 14:24:38,350][com.java.SeleniumDriver] [  907] - DataValue : 
[INFO ][2016-01-18 14:24:38,350][com.java.SeleniumDriver] [  913] - <In Set values of the page>
[INFO ][2016-01-18 14:24:38,350][com.java.SeleniumDriver] [  916] - {Data Fields & Data Values Exist}
[INFO ][2016-01-18 14:24:38,350][com.java.SeleniumDriver] [  918] - --------------------------setting values-----------------------------
[INFO ][2016-01-18 14:24:38,350][com.java.SeleniumDriver] [  921] - Action Type : click
[INFO ][2016-01-18 14:24:38,350][com.java.TestType] [ 6519] - Field ::BTNddlGroup
[INFO ][2016-01-18 14:24:38,350][com.java.TestType] [ 6140] - value = 
[INFO ][2016-01-18 14:24:39,351][com.java.TestType] [ 6635] - BEFORE CLICK
[INFO ][2016-01-18 14:24:40,522][com.java.TestType] [ 6642] - Unable to click the object Click on Primary Group
[INFO ][2016-01-18 14:24:40,522][com.java.SeleniumDriver] [  930] -  RESULT true
[INFO ][2016-01-18 14:24:40,522][com.java.SeleniumDriver] [ 1136] - ?   P A S S   ?
[INFO ][2016-01-18 14:24:40,522][com.java.SeleniumDriver] [  856] - ------------------------------------------
[INFO ][2016-01-18 14:24:40,522][com.java.SeleniumDriver] [  857] - Test case being Executed: 29
[INFO ][2016-01-18 14:24:40,522][com.java.SeleniumDriver] [  869] - Test step:16
[INFO ][2016-01-18 14:24:40,522][com.java.SeleniumDriver] [  881] - Datavalue is----------index:3
[INFO ][2016-01-18 14:24:40,522][com.java.SeleniumDriver] [  905] - DataField : COBddlGroup
[INFO ][2016-01-18 14:24:40,522][com.java.SeleniumDriver] [  907] - DataValue : index:3
[INFO ][2016-01-18 14:24:40,522][com.java.SeleniumDriver] [  913] - <In Set values of the page>
[INFO ][2016-01-18 14:24:40,522][com.java.SeleniumDriver] [  916] - {Data Fields & Data Values Exist}
[INFO ][2016-01-18 14:24:40,522][com.java.SeleniumDriver] [  918] - --------------------------setting values-----------------------------
[INFO ][2016-01-18 14:24:40,522][com.java.SeleniumDriver] [  921] - Action Type : select
[INFO ][2016-01-18 14:24:40,522][com.java.TestType] [ 6140] - value = 3
[INFO ][2016-01-18 14:24:41,623][com.java.TestType] [ 6258] -  In COB ddlGroup : 3
[INFO ][2016-01-18 14:24:41,813][com.java.SeleniumDriver] [  930] -  RESULT true
[INFO ][2016-01-18 14:24:41,813][com.java.SeleniumDriver] [ 1136] - ?   P A S S   ?
[INFO ][2016-01-18 14:24:41,813][com.java.SeleniumDriver] [  856] - ------------------------------------------
[INFO ][2016-01-18 14:24:41,813][com.java.SeleniumDriver] [  857] - Test case being Executed: 29
[INFO ][2016-01-18 14:24:41,813][com.java.SeleniumDriver] [  869] - Test step:17
[INFO ][2016-01-18 14:24:41,813][com.java.SeleniumDriver] [  881] - Datavalue is----------RNDVLTest
[INFO ][2016-01-18 14:24:41,813][com.java.SeleniumDriver] [  905] - DataField : TXTtxtCategoryName
[INFO ][2016-01-18 14:24:41,813][com.java.SeleniumDriver] [  907] - DataValue : RNDVLTest
[INFO ][2016-01-18 14:24:41,813][com.java.SeleniumDriver] [  913] - <In Set values of the page>
[INFO ][2016-01-18 14:24:41,813][com.java.SeleniumDriver] [  916] - {Data Fields & Data Values Exist}
[INFO ][2016-01-18 14:24:41,813][com.java.SeleniumDriver] [  918] - --------------------------setting values-----------------------------
[INFO ][2016-01-18 14:24:41,813][com.java.SeleniumDriver] [  921] - Action Type : clearandenter
[INFO ][2016-01-18 14:24:42,954][com.java.TestType] [ 6140] - value = VLTest38740
[INFO ][2016-01-18 14:24:44,555][com.java.SeleniumDriver] [  930] -  RESULT true
[INFO ][2016-01-18 14:24:44,555][com.java.SeleniumDriver] [ 1136] - ?   P A S S   ?
[INFO ][2016-01-18 14:24:44,555][com.java.SeleniumDriver] [  856] - ------------------------------------------
[INFO ][2016-01-18 14:24:44,555][com.java.SeleniumDriver] [  857] - Test case being Executed: 29
[INFO ][2016-01-18 14:24:44,555][com.java.SeleniumDriver] [  869] - Test step:18
[INFO ][2016-01-18 14:24:44,555][com.java.SeleniumDriver] [  881] - Datavalue is----------1
[INFO ][2016-01-18 14:24:44,555][com.java.SeleniumDriver] [  905] - DataField : null
[INFO ][2016-01-18 14:24:44,555][com.java.SeleniumDriver] [  907] - DataValue : 1
[INFO ][2016-01-18 14:24:44,555][com.java.SeleniumDriver] [  913] - <In Set values of the page>
[INFO ][2016-01-18 14:24:44,555][com.java.SeleniumDriver] [  916] - {Data Fields & Data Values Exist}
[INFO ][2016-01-18 14:24:44,555][com.java.SeleniumDriver] [  918] - --------------------------setting values-----------------------------
[INFO ][2016-01-18 14:24:44,555][com.java.SeleniumDriver] [  921] - Action Type : waittime
[DEBUG][2016-01-18 14:24:44,555][com.java.TestType] [ 5954] - sleepTime: 1000
[INFO ][2016-01-18 14:24:45,555][com.java.SeleniumDriver] [  930] -  RESULT true
[INFO ][2016-01-18 14:24:45,555][com.java.SeleniumDriver] [ 1136] - ?   P A S S   ?
[INFO ][2016-01-18 14:24:45,555][com.java.SeleniumDriver] [  856] - ------------------------------------------
[INFO ][2016-01-18 14:24:45,555][com.java.SeleniumDriver] [  857] - Test case being Executed: 29
[INFO ][2016-01-18 14:24:45,555][com.java.SeleniumDriver] [  869] - Test step:19
[INFO ][2016-01-18 14:24:45,555][com.java.SeleniumDriver] [  881] - Datavalue is----------Description
[INFO ][2016-01-18 14:24:45,555][com.java.SeleniumDriver] [  905] - DataField : TXTtxtCategoryName
[INFO ][2016-01-18 14:24:45,555][com.java.SeleniumDriver] [  907] - DataValue : Description
[INFO ][2016-01-18 14:24:45,555][com.java.SeleniumDriver] [  913] - <In Set values of the page>
[INFO ][2016-01-18 14:24:45,555][com.java.SeleniumDriver] [  916] - {Data Fields & Data Values Exist}
[INFO ][2016-01-18 14:24:45,555][com.java.SeleniumDriver] [  918] - --------------------------setting values-----------------------------
[INFO ][2016-01-18 14:24:45,555][com.java.SeleniumDriver] [  921] - Action Type : storevalue
[INFO ][2016-01-18 14:24:45,555][com.java.TestType] [ 9075] - field= TXTtxtCategoryName
[DEBUG][2016-01-18 14:24:46,647][com.java.TestType] [ 9089] - Key:: Description  Value:: VLTest38740
[INFO ][2016-01-18 14:24:46,647][com.java.SeleniumDriver] [  930] -  RESULT true
[INFO ][2016-01-18 14:24:46,647][com.java.SeleniumDriver] [ 1136] - ?   P A S S   ?
[INFO ][2016-01-18 14:24:46,647][com.java.SeleniumDriver] [  856] - ------------------------------------------
[INFO ][2016-01-18 14:24:46,647][com.java.SeleniumDriver] [  857] - Test case being Executed: 29
[INFO ][2016-01-18 14:24:46,647][com.java.SeleniumDriver] [  869] - Test step:20
[INFO ][2016-01-18 14:24:46,647][com.java.SeleniumDriver] [  881] - Datavalue is----------50
[INFO ][2016-01-18 14:24:46,647][com.java.SeleniumDriver] [  905] - DataField : TXTtxtAppsPerc
[INFO ][2016-01-18 14:24:46,647][com.java.SeleniumDriver] [  907] - DataValue : 50
[INFO ][2016-01-18 14:24:46,647][com.java.SeleniumDriver] [  913] - <In Set values of the page>
[INFO ][2016-01-18 14:24:46,647][com.java.SeleniumDriver] [  916] - {Data Fields & Data Values Exist}
[INFO ][2016-01-18 14:24:46,647][com.java.SeleniumDriver] [  918] - --------------------------setting values-----------------------------
[INFO ][2016-01-18 14:24:46,647][com.java.SeleniumDriver] [  921] - Action Type : clearandenter
[INFO ][2016-01-18 14:24:47,778][com.java.TestType] [ 6140] - value = 50
[INFO ][2016-01-18 14:24:48,949][com.java.SeleniumDriver] [  930] -  RESULT true
[INFO ][2016-01-18 14:24:48,949][com.java.SeleniumDriver] [ 1136] - ?   P A S S   ?
[INFO ][2016-01-18 14:24:48,949][com.java.SeleniumDriver] [  856] - ------------------------------------------
[INFO ][2016-01-18 14:24:48,949][com.java.SeleniumDriver] [  857] - Test case being Executed: 29
[INFO ][2016-01-18 14:24:48,949][com.java.SeleniumDriver] [  869] - Test step:21
[INFO ][2016-01-18 14:24:48,949][com.java.SeleniumDriver] [  881] - Datavalue is----------50
[INFO ][2016-01-18 14:24:48,949][com.java.SeleniumDriver] [  905] - DataField : TXTtxtLoansPerc
[INFO ][2016-01-18 14:24:48,949][com.java.SeleniumDriver] [  907] - DataValue : 50
[INFO ][2016-01-18 14:24:48,949][com.java.SeleniumDriver] [  913] - <In Set values of the page>
[INFO ][2016-01-18 14:24:48,949][com.java.SeleniumDriver] [  916] - {Data Fields & Data Values Exist}
[INFO ][2016-01-18 14:24:48,949][com.java.SeleniumDriver] [  918] - --------------------------setting values-----------------------------
[INFO ][2016-01-18 14:24:48,949][com.java.SeleniumDriver] [  921] - Action Type : clearandenter
[INFO ][2016-01-18 14:24:50,100][com.java.TestType] [ 6140] - value = 50
[INFO ][2016-01-18 14:24:51,261][com.java.SeleniumDriver] [  930] -  RESULT true
[INFO ][2016-01-18 14:24:51,261][com.java.SeleniumDriver] [ 1136] - ?   P A S S   ?
[INFO ][2016-01-18 14:24:51,261][com.java.SeleniumDriver] [  856] - ------------------------------------------
[INFO ][2016-01-18 14:24:51,261][com.java.SeleniumDriver] [  857] - Test case being Executed: 29
[INFO ][2016-01-18 14:24:51,261][com.java.SeleniumDriver] [  869] - Test step:22
[INFO ][2016-01-18 14:24:51,261][com.java.SeleniumDriver] [  881] - Datavalue is----------null
[DEBUG][2016-01-18 14:24:51,261][com.java.SeleniumDriver] [  899] - Exception: null
[INFO ][2016-01-18 14:24:51,261][com.java.SeleniumDriver] [  905] - DataField : BTNparent
[INFO ][2016-01-18 14:24:51,261][com.java.SeleniumDriver] [  907] - DataValue : 
[INFO ][2016-01-18 14:24:51,261][com.java.SeleniumDriver] [  913] - <In Set values of the page>
[INFO ][2016-01-18 14:24:51,261][com.java.SeleniumDriver] [  916] - {Data Fields & Data Values Exist}
[INFO ][2016-01-18 14:24:51,261][com.java.SeleniumDriver] [  918] - --------------------------setting values-----------------------------
[INFO ][2016-01-18 14:24:51,261][com.java.SeleniumDriver] [  921] - Action Type : selectframe
[INFO ][2016-01-18 14:24:51,271][com.java.SeleniumDriver] [  930] -  RESULT true
[INFO ][2016-01-18 14:24:51,271][com.java.SeleniumDriver] [ 1136] - ?   P A S S   ?
[INFO ][2016-01-18 14:24:51,271][com.java.SeleniumDriver] [  856] - ------------------------------------------
[INFO ][2016-01-18 14:24:51,271][com.java.SeleniumDriver] [  857] - Test case being Executed: 29
[INFO ][2016-01-18 14:24:51,271][com.java.SeleniumDriver] [  869] - Test step:23
[INFO ][2016-01-18 14:24:51,271][com.java.SeleniumDriver] [  881] - Datavalue is----------null
[DEBUG][2016-01-18 14:24:51,271][com.java.SeleniumDriver] [  899] - Exception: null
[INFO ][2016-01-18 14:24:51,271][com.java.SeleniumDriver] [  905] - DataField : XPH//span[contains(text(),'Finished')]
[INFO ][2016-01-18 14:24:51,271][com.java.SeleniumDriver] [  907] - DataValue : 
[INFO ][2016-01-18 14:24:51,271][com.java.SeleniumDriver] [  913] - <In Set values of the page>
[INFO ][2016-01-18 14:24:51,271][com.java.SeleniumDriver] [  916] - {Data Fields & Data Values Exist}
[INFO ][2016-01-18 14:24:51,271][com.java.SeleniumDriver] [  918] - --------------------------setting values-----------------------------
[INFO ][2016-01-18 14:24:51,271][com.java.SeleniumDriver] [  921] - Action Type : click
[INFO ][2016-01-18 14:24:51,271][com.java.TestType] [ 6519] - Field ::XPH//span[contains(text(),'Finished')]
[INFO ][2016-01-18 14:24:51,271][com.java.TestType] [ 6140] - value = 
[INFO ][2016-01-18 14:24:52,271][com.java.TestType] [ 6656] - BEFORE CLICK
[INFO ][2016-01-18 14:24:54,273][com.java.TestType] [ 6664] - Unable to click the object click on finished button
[INFO ][2016-01-18 14:24:54,273][com.java.SeleniumDriver] [  930] -  RESULT true
[INFO ][2016-01-18 14:24:54,273][com.java.SeleniumDriver] [ 1136] - ?   P A S S   ?
[INFO ][2016-01-18 14:24:54,273][com.java.SeleniumDriver] [  856] - ------------------------------------------
[INFO ][2016-01-18 14:24:54,273][com.java.SeleniumDriver] [  857] - Test case being Executed: 29
[INFO ][2016-01-18 14:24:54,273][com.java.SeleniumDriver] [  869] - Test step:24
[INFO ][2016-01-18 14:24:54,273][com.java.SeleniumDriver] [  881] - Datavalue is----------null
[DEBUG][2016-01-18 14:24:54,273][com.java.SeleniumDriver] [  899] - Exception: null
[INFO ][2016-01-18 14:24:54,273][com.java.SeleniumDriver] [  905] - DataField : BTNframeDialogContent
[INFO ][2016-01-18 14:24:54,273][com.java.SeleniumDriver] [  907] - DataValue : 
[INFO ][2016-01-18 14:24:54,273][com.java.SeleniumDriver] [  913] - <In Set values of the page>
[INFO ][2016-01-18 14:24:54,273][com.java.SeleniumDriver] [  916] - {Data Fields & Data Values Exist}
[INFO ][2016-01-18 14:24:54,273][com.java.SeleniumDriver] [  918] - --------------------------setting values-----------------------------
[INFO ][2016-01-18 14:24:54,273][com.java.SeleniumDriver] [  921] - Action Type : selectframe
[INFO ][2016-01-18 14:24:55,527][com.java.SeleniumDriver] [  930] -  RESULT true
[INFO ][2016-01-18 14:24:55,527][com.java.SeleniumDriver] [ 1136] - ?   P A S S   ?
[INFO ][2016-01-18 14:24:55,527][com.java.SeleniumDriver] [  856] - ------------------------------------------
[INFO ][2016-01-18 14:24:55,527][com.java.SeleniumDriver] [  857] - Test case being Executed: 29
[INFO ][2016-01-18 14:24:55,527][com.java.SeleniumDriver] [  869] - Test step:25
[INFO ][2016-01-18 14:24:55,527][com.java.SeleniumDriver] [  881] - Datavalue is----------10
[INFO ][2016-01-18 14:24:55,527][com.java.SeleniumDriver] [  905] - DataField : BTNbtnAddCategory
[INFO ][2016-01-18 14:24:55,527][com.java.SeleniumDriver] [  907] - DataValue : 10
[INFO ][2016-01-18 14:24:55,527][com.java.SeleniumDriver] [  913] - <In Set values of the page>
[INFO ][2016-01-18 14:24:55,527][com.java.SeleniumDriver] [  916] - {Data Fields & Data Values Exist}
[INFO ][2016-01-18 14:24:55,527][com.java.SeleniumDriver] [  918] - --------------------------setting values-----------------------------
[INFO ][2016-01-18 14:24:55,527][com.java.SeleniumDriver] [  921] - Action Type : waitforelement
[INFO ][2016-01-18 14:24:56,567][com.java.SeleniumDriver] [  930] -  RESULT true
[INFO ][2016-01-18 14:24:56,567][com.java.SeleniumDriver] [ 1136] - ?   P A S S   ?
[INFO ][2016-01-18 14:24:56,567][com.java.SeleniumDriver] [  856] - ------------------------------------------
[INFO ][2016-01-18 14:24:56,567][com.java.SeleniumDriver] [  857] - Test case being Executed: 29
[INFO ][2016-01-18 14:24:56,567][com.java.SeleniumDriver] [  869] - Test step:26
[INFO ][2016-01-18 14:24:56,567][com.java.SeleniumDriver] [  881] - Datavalue is----------5
[INFO ][2016-01-18 14:24:56,567][com.java.SeleniumDriver] [  905] - DataField : test
[INFO ][2016-01-18 14:24:56,567][com.java.SeleniumDriver] [  907] - DataValue : 5
[INFO ][2016-01-18 14:24:56,567][com.java.SeleniumDriver] [  913] - <In Set values of the page>
[INFO ][2016-01-18 14:24:56,567][com.java.SeleniumDriver] [  916] - {Data Fields & Data Values Exist}
[INFO ][2016-01-18 14:24:56,567][com.java.SeleniumDriver] [  918] - --------------------------setting values-----------------------------
[INFO ][2016-01-18 14:24:56,567][com.java.SeleniumDriver] [  921] - Action Type : waittime
[DEBUG][2016-01-18 14:24:56,567][com.java.TestType] [ 5954] - sleepTime: 5000
[INFO ][2016-01-18 14:25:01,571][com.java.SeleniumDriver] [  930] -  RESULT true
[INFO ][2016-01-18 14:25:01,571][com.java.SeleniumDriver] [ 1136] - ?   P A S S   ?
[INFO ][2016-01-18 14:25:01,571][com.java.SeleniumDriver] [  856] - ------------------------------------------
[INFO ][2016-01-18 14:25:01,571][com.java.SeleniumDriver] [  857] - Test case being Executed: 29
[INFO ][2016-01-18 14:25:01,571][com.java.SeleniumDriver] [  869] - Test step:27
[INFO ][2016-01-18 14:25:01,571][com.java.SeleniumDriver] [  881] - Datavalue is----------Description
[INFO ][2016-01-18 14:25:01,571][com.java.SeleniumDriver] [  905] - DataField : MNC//td[contains(text(),'mytext')]/following::span[2]
[INFO ][2016-01-18 14:25:01,571][com.java.SeleniumDriver] [  907] - DataValue : Description
[INFO ][2016-01-18 14:25:01,571][com.java.SeleniumDriver] [  913] - <In Set values of the page>
[INFO ][2016-01-18 14:25:01,571][com.java.SeleniumDriver] [  916] - {Data Fields & Data Values Exist}
[INFO ][2016-01-18 14:25:01,571][com.java.SeleniumDriver] [  918] - --------------------------setting values-----------------------------
[INFO ][2016-01-18 14:25:01,571][com.java.SeleniumDriver] [  921] - Action Type : click
[INFO ][2016-01-18 14:25:01,571][com.java.TestType] [ 6519] - Field ::MNC//td[contains(text(),'mytext')]/following::span[2]
[INFO ][2016-01-18 14:25:01,571][com.java.TestType] [ 6140] - value = Description
[INFO ][2016-01-18 14:25:02,843][com.java.SeleniumDriver] [  930] -  RESULT true
[INFO ][2016-01-18 14:25:02,843][com.java.SeleniumDriver] [ 1136] - ?   P A S S   ?
[INFO ][2016-01-18 14:25:02,843][com.java.SeleniumDriver] [  856] - ------------------------------------------
[INFO ][2016-01-18 14:25:02,843][com.java.SeleniumDriver] [  857] - Test case being Executed: 29
[INFO ][2016-01-18 14:25:02,843][com.java.SeleniumDriver] [  869] - Test step:28
[INFO ][2016-01-18 14:25:02,843][com.java.SeleniumDriver] [  881] - Datavalue is----------10
[INFO ][2016-01-18 14:25:02,843][com.java.SeleniumDriver] [  905] - DataField : BTNulAcct_From
[INFO ][2016-01-18 14:25:02,843][com.java.SeleniumDriver] [  907] - DataValue : 10
[INFO ][2016-01-18 14:25:02,843][com.java.SeleniumDriver] [  913] - <In Set values of the page>
[INFO ][2016-01-18 14:25:02,843][com.java.SeleniumDriver] [  916] - {Data Fields & Data Values Exist}
[INFO ][2016-01-18 14:25:02,843][com.java.SeleniumDriver] [  918] - --------------------------setting values-----------------------------
[INFO ][2016-01-18 14:25:02,843][com.java.SeleniumDriver] [  921] - Action Type : waitforelement
[INFO ][2016-01-18 14:25:04,053][com.java.SeleniumDriver] [  930] -  RESULT true
[INFO ][2016-01-18 14:25:04,053][com.java.SeleniumDriver] [ 1136] - ?   P A S S   ?
[INFO ][2016-01-18 14:25:04,053][com.java.SeleniumDriver] [  856] - ------------------------------------------
[INFO ][2016-01-18 14:25:04,053][com.java.SeleniumDriver] [  857] - Test case being Executed: 29
[INFO ][2016-01-18 14:25:04,053][com.java.SeleniumDriver] [  869] - Test step:29
[INFO ][2016-01-18 14:25:04,053][com.java.SeleniumDriver] [  881] - Datavalue is----------10
[INFO ][2016-01-18 14:25:04,053][com.java.SeleniumDriver] [  905] - DataField : test
[INFO ][2016-01-18 14:25:04,053][com.java.SeleniumDriver] [  907] - DataValue : 10
[INFO ][2016-01-18 14:25:04,053][com.java.SeleniumDriver] [  913] - <In Set values of the page>
[INFO ][2016-01-18 14:25:04,053][com.java.SeleniumDriver] [  916] - {Data Fields & Data Values Exist}
[INFO ][2016-01-18 14:25:04,053][com.java.SeleniumDriver] [  918] - --------------------------setting values-----------------------------
[INFO ][2016-01-18 14:25:04,053][com.java.SeleniumDriver] [  921] - Action Type : waittime
[DEBUG][2016-01-18 14:25:04,053][com.java.TestType] [ 5954] - sleepTime: 10000
[INFO ][2016-01-18 14:25:14,060][com.java.SeleniumDriver] [  930] -  RESULT true
[INFO ][2016-01-18 14:25:14,060][com.java.SeleniumDriver] [ 1136] - ?   P A S S   ?
[INFO ][2016-01-18 14:25:14,060][com.java.SeleniumDriver] [  856] - ------------------------------------------
[INFO ][2016-01-18 14:25:14,060][com.java.SeleniumDriver] [  857] - Test case being Executed: 29
[INFO ][2016-01-18 14:25:14,060][com.java.SeleniumDriver] [  869] - Test step:30
[INFO ][2016-01-18 14:25:14,060][com.java.SeleniumDriver] [  881] - Datavalue is----------//ul[@id='ulAcct_To']
[INFO ][2016-01-18 14:25:14,060][com.java.SeleniumDriver] [  905] - DataField : //ul[@id='ulAcct_From']/li[2]
[INFO ][2016-01-18 14:25:14,060][com.java.SeleniumDriver] [  907] - DataValue : //ul[@id='ulAcct_To']
[INFO ][2016-01-18 14:25:14,060][com.java.SeleniumDriver] [  913] - <In Set values of the page>
[INFO ][2016-01-18 14:25:14,060][com.java.SeleniumDriver] [  916] - {Data Fields & Data Values Exist}
[INFO ][2016-01-18 14:25:14,060][com.java.SeleniumDriver] [  918] - --------------------------setting values-----------------------------
[INFO ][2016-01-18 14:25:14,060][com.java.SeleniumDriver] [  921] - Action Type : draganddrop
[INFO ][2016-01-18 14:25:14,563][com.java.SeleniumDriver] [  930] -  RESULT true
[INFO ][2016-01-18 14:25:14,563][com.java.SeleniumDriver] [ 1136] - ?   P A S S   ?
[INFO ][2016-01-18 14:25:14,563][com.java.SeleniumDriver] [ 1178] - step change to 34
[INFO ][2016-01-18 14:25:14,563][com.java.SeleniumDriver] [  856] - ------------------------------------------
[INFO ][2016-01-18 14:25:14,563][com.java.SeleniumDriver] [  857] - Test case being Executed: 29
[INFO ][2016-01-18 14:25:14,563][com.java.SeleniumDriver] [  869] - Test step:34
[INFO ][2016-01-18 14:25:14,563][com.java.SeleniumDriver] [  881] - Datavalue is----------//ul[@id='ulAcct_To']
[INFO ][2016-01-18 14:25:14,563][com.java.SeleniumDriver] [  905] - DataField : //ul[@id='ulAcct_From']/li[1]
[INFO ][2016-01-18 14:25:14,563][com.java.SeleniumDriver] [  907] - DataValue : //ul[@id='ulAcct_To']
[INFO ][2016-01-18 14:25:14,563][com.java.SeleniumDriver] [  913] - <In Set values of the page>
[INFO ][2016-01-18 14:25:14,563][com.java.SeleniumDriver] [  916] - {Data Fields & Data Values Exist}
[INFO ][2016-01-18 14:25:14,563][com.java.SeleniumDriver] [  918] - --------------------------setting values-----------------------------
[INFO ][2016-01-18 14:25:14,563][com.java.SeleniumDriver] [  921] - Action Type : draganddrop
[INFO ][2016-01-18 14:25:15,021][com.java.SeleniumDriver] [  930] -  RESULT true
[INFO ][2016-01-18 14:25:15,021][com.java.SeleniumDriver] [ 1136] - ?   P A S S   ?
[INFO ][2016-01-18 14:25:15,021][com.java.SeleniumDriver] [  856] - ------------------------------------------
[INFO ][2016-01-18 14:25:15,021][com.java.SeleniumDriver] [  857] - Test case being Executed: 29
[INFO ][2016-01-18 14:25:15,021][com.java.SeleniumDriver] [  869] - Test step:35
[INFO ][2016-01-18 14:25:15,021][com.java.SeleniumDriver] [  881] - Datavalue is----------null
[DEBUG][2016-01-18 14:25:15,021][com.java.SeleniumDriver] [  899] - Exception: null
[INFO ][2016-01-18 14:25:15,021][com.java.SeleniumDriver] [  905] - DataField : BTNparent
[INFO ][2016-01-18 14:25:15,021][com.java.SeleniumDriver] [  907] - DataValue : 
[INFO ][2016-01-18 14:25:15,021][com.java.SeleniumDriver] [  913] - <In Set values of the page>
[INFO ][2016-01-18 14:25:15,021][com.java.SeleniumDriver] [  916] - {Data Fields & Data Values Exist}
[INFO ][2016-01-18 14:25:15,021][com.java.SeleniumDriver] [  918] - --------------------------setting values-----------------------------
[INFO ][2016-01-18 14:25:15,021][com.java.SeleniumDriver] [  921] - Action Type : selectframe
[INFO ][2016-01-18 14:25:15,031][com.java.SeleniumDriver] [  930] -  RESULT true
[INFO ][2016-01-18 14:25:15,031][com.java.SeleniumDriver] [ 1136] - ?   P A S S   ?
[INFO ][2016-01-18 14:25:15,031][com.java.SeleniumDriver] [  856] - ------------------------------------------
[INFO ][2016-01-18 14:25:15,031][com.java.SeleniumDriver] [  857] - Test case being Executed: 29
[INFO ][2016-01-18 14:25:15,031][com.java.SeleniumDriver] [  869] - Test step:36
[INFO ][2016-01-18 14:25:15,031][com.java.SeleniumDriver] [  881] - Datavalue is----------null
[DEBUG][2016-01-18 14:25:15,031][com.java.SeleniumDriver] [  899] - Exception: null
[INFO ][2016-01-18 14:25:15,031][com.java.SeleniumDriver] [  905] - DataField : XPH//span[contains(text(),'Finished')]
[INFO ][2016-01-18 14:25:15,031][com.java.SeleniumDriver] [  907] - DataValue : 
[INFO ][2016-01-18 14:25:15,031][com.java.SeleniumDriver] [  913] - <In Set values of the page>
[INFO ][2016-01-18 14:25:15,031][com.java.SeleniumDriver] [  916] - {Data Fields & Data Values Exist}
[INFO ][2016-01-18 14:25:15,031][com.java.SeleniumDriver] [  918] - --------------------------setting values-----------------------------
[INFO ][2016-01-18 14:25:15,031][com.java.SeleniumDriver] [  921] - Action Type : click
[INFO ][2016-01-18 14:25:15,031][com.java.TestType] [ 6519] - Field ::XPH//span[contains(text(),'Finished')]
[INFO ][2016-01-18 14:25:15,031][com.java.TestType] [ 6140] - value = 
[INFO ][2016-01-18 14:25:16,031][com.java.TestType] [ 6656] - BEFORE CLICK
[INFO ][2016-01-18 14:25:17,426][com.java.TestType] [ 6664] - Unable to click the object click on finished button
[INFO ][2016-01-18 14:25:17,426][com.java.SeleniumDriver] [  930] -  RESULT true
[INFO ][2016-01-18 14:25:17,426][com.java.SeleniumDriver] [ 1136] - ?   P A S S   ?
[INFO ][2016-01-18 14:25:17,426][com.java.SeleniumDriver] [  856] - ------------------------------------------
[INFO ][2016-01-18 14:25:17,426][com.java.SeleniumDriver] [  857] - Test case being Executed: 29
[INFO ][2016-01-18 14:25:17,426][com.java.SeleniumDriver] [  869] - Test step:37
[INFO ][2016-01-18 14:25:17,426][com.java.SeleniumDriver] [  881] - Datavalue is----------2
[INFO ][2016-01-18 14:25:17,426][com.java.SeleniumDriver] [  905] - DataField : XPH//span[contains(text(),'Finished')]
[INFO ][2016-01-18 14:25:17,426][com.java.SeleniumDriver] [  907] - DataValue : 2
[INFO ][2016-01-18 14:25:17,426][com.java.SeleniumDriver] [  913] - <In Set values of the page>
[INFO ][2016-01-18 14:25:17,426][com.java.SeleniumDriver] [  916] - {Data Fields & Data Values Exist}
[INFO ][2016-01-18 14:25:17,426][com.java.SeleniumDriver] [  918] - --------------------------setting values-----------------------------
[INFO ][2016-01-18 14:25:17,426][com.java.SeleniumDriver] [  921] - Action Type : waitforelement
[INFO ][2016-01-18 14:25:17,467][com.java.SeleniumDriver] [  930] -  RESULT true
[INFO ][2016-01-18 14:25:17,467][com.java.SeleniumDriver] [ 1136] - ?   P A S S   ?
[INFO ][2016-01-18 14:25:17,467][com.java.SeleniumDriver] [  856] - ------------------------------------------
[INFO ][2016-01-18 14:25:17,467][com.java.SeleniumDriver] [  857] - Test case being Executed: 29
[INFO ][2016-01-18 14:25:17,467][com.java.SeleniumDriver] [  869] - Test step:38
[INFO ][2016-01-18 14:25:17,467][com.java.SeleniumDriver] [  881] - Datavalue is----------null
[DEBUG][2016-01-18 14:25:17,467][com.java.SeleniumDriver] [  899] - Exception: null
[INFO ][2016-01-18 14:25:17,467][com.java.SeleniumDriver] [  905] - DataField : XPH//span[contains(text(),'Finished')]
[INFO ][2016-01-18 14:25:17,467][com.java.SeleniumDriver] [  907] - DataValue : 
[INFO ][2016-01-18 14:25:17,467][com.java.SeleniumDriver] [  913] - <In Set values of the page>
[INFO ][2016-01-18 14:25:17,467][com.java.SeleniumDriver] [  916] - {Data Fields & Data Values Exist}
[INFO ][2016-01-18 14:25:17,467][com.java.SeleniumDriver] [  918] - --------------------------setting values-----------------------------
[INFO ][2016-01-18 14:25:17,467][com.java.SeleniumDriver] [  921] - Action Type : click
[INFO ][2016-01-18 14:25:17,467][com.java.TestType] [ 6519] - Field ::XPH//span[contains(text(),'Finished')]
[INFO ][2016-01-18 14:25:17,467][com.java.TestType] [ 6140] - value = 
[INFO ][2016-01-18 14:25:18,467][com.java.TestType] [ 6656] - BEFORE CLICK
[INFO ][2016-01-18 14:25:19,537][com.java.TestType] [ 6664] - Unable to click the object click on finished button
[INFO ][2016-01-18 14:25:19,537][com.java.SeleniumDriver] [  930] -  RESULT true
[INFO ][2016-01-18 14:25:19,537][com.java.SeleniumDriver] [ 1136] - ?   P A S S   ?
[INFO ][2016-01-18 14:25:19,537][com.java.SeleniumDriver] [  856] - ------------------------------------------
[INFO ][2016-01-18 14:25:19,537][com.java.SeleniumDriver] [  857] - Test case being Executed: 29
[INFO ][2016-01-18 14:25:19,537][com.java.SeleniumDriver] [  869] - Test step:39
[INFO ][2016-01-18 14:25:19,537][com.java.SeleniumDriver] [  881] - Datavalue is----------2
[INFO ][2016-01-18 14:25:19,537][com.java.SeleniumDriver] [  905] - DataField : null
[INFO ][2016-01-18 14:25:19,537][com.java.SeleniumDriver] [  907] - DataValue : 2
[INFO ][2016-01-18 14:25:19,537][com.java.SeleniumDriver] [  913] - <In Set values of the page>
[INFO ][2016-01-18 14:25:19,537][com.java.SeleniumDriver] [  916] - {Data Fields & Data Values Exist}
[INFO ][2016-01-18 14:25:19,537][com.java.SeleniumDriver] [  918] - --------------------------setting values-----------------------------
[INFO ][2016-01-18 14:25:19,537][com.java.SeleniumDriver] [  921] - Action Type : waittime
[DEBUG][2016-01-18 14:25:19,537][com.java.TestType] [ 5954] - sleepTime: 2000
[INFO ][2016-01-18 14:25:21,538][com.java.SeleniumDriver] [  930] -  RESULT true
[INFO ][2016-01-18 14:25:21,538][com.java.SeleniumDriver] [ 1136] - ?   P A S S   ?
[INFO ][2016-01-18 14:25:21,538][com.java.SeleniumDriver] [  856] - ------------------------------------------
[INFO ][2016-01-18 14:25:21,538][com.java.SeleniumDriver] [  857] - Test case being Executed: 29
[INFO ][2016-01-18 14:25:21,538][com.java.SeleniumDriver] [  869] - Test step:40
[INFO ][2016-01-18 14:25:21,538][com.java.SeleniumDriver] [  881] - Datavalue is----------null
[DEBUG][2016-01-18 14:25:21,538][com.java.SeleniumDriver] [  899] - Exception: null
[INFO ][2016-01-18 14:25:21,538][com.java.SeleniumDriver] [  905] - DataField : //span[@class='icon-user4']&&//ul[@id='Admin']/li[2]/a&&//ul[@id='GLMapping']/li[3]/a
[INFO ][2016-01-18 14:25:21,538][com.java.SeleniumDriver] [  907] - DataValue : 
[INFO ][2016-01-18 14:25:21,538][com.java.SeleniumDriver] [  913] - <In Set values of the page>
[INFO ][2016-01-18 14:25:21,538][com.java.SeleniumDriver] [  916] - {Data Fields & Data Values Exist}
[INFO ][2016-01-18 14:25:21,538][com.java.SeleniumDriver] [  918] - --------------------------setting values-----------------------------
[INFO ][2016-01-18 14:25:21,538][com.java.SeleniumDriver] [  921] - Action Type : mouseover
[INFO ][2016-01-18 14:25:48,524][com.java.SeleniumDriver] [  930] -  RESULT true
[INFO ][2016-01-18 14:25:48,524][com.java.SeleniumDriver] [ 1136] - ?   P A S S   ?
[INFO ][2016-01-18 14:25:48,524][com.java.SeleniumDriver] [  856] - ------------------------------------------
[INFO ][2016-01-18 14:25:48,524][com.java.SeleniumDriver] [  857] - Test case being Executed: 29
[INFO ][2016-01-18 14:25:48,524][com.java.SeleniumDriver] [  869] - Test step:41
[INFO ][2016-01-18 14:25:48,524][com.java.SeleniumDriver] [  881] - Datavalue is----------null
[DEBUG][2016-01-18 14:25:48,524][com.java.SeleniumDriver] [  899] - Exception: null
[INFO ][2016-01-18 14:25:48,524][com.java.SeleniumDriver] [  905] - DataField : BTNframeDialogContent
[INFO ][2016-01-18 14:25:48,524][com.java.SeleniumDriver] [  907] - DataValue : 
[INFO ][2016-01-18 14:25:48,524][com.java.SeleniumDriver] [  913] - <In Set values of the page>
[INFO ][2016-01-18 14:25:48,524][com.java.SeleniumDriver] [  916] - {Data Fields & Data Values Exist}
[INFO ][2016-01-18 14:25:48,524][com.java.SeleniumDriver] [  918] - --------------------------setting values-----------------------------
[INFO ][2016-01-18 14:25:48,524][com.java.SeleniumDriver] [  921] - Action Type : selectframe
[INFO ][2016-01-18 14:25:49,766][com.java.SeleniumDriver] [  930] -  RESULT true
[INFO ][2016-01-18 14:25:49,766][com.java.SeleniumDriver] [ 1136] - ?   P A S S   ?
[INFO ][2016-01-18 14:25:49,766][com.java.SeleniumDriver] [  856] - ------------------------------------------
[INFO ][2016-01-18 14:25:49,766][com.java.SeleniumDriver] [  857] - Test case being Executed: 29
[INFO ][2016-01-18 14:25:49,766][com.java.SeleniumDriver] [  869] - Test step:42
[INFO ][2016-01-18 14:25:49,766][com.java.SeleniumDriver] [  881] - Datavalue is----------Description
[INFO ][2016-01-18 14:25:49,766][com.java.SeleniumDriver] [  905] - DataField : MNC//td[contains(text(),'mytext')]/following::span[1]
[INFO ][2016-01-18 14:25:49,766][com.java.SeleniumDriver] [  907] - DataValue : Description
[INFO ][2016-01-18 14:25:49,766][com.java.SeleniumDriver] [  913] - <In Set values of the page>
[INFO ][2016-01-18 14:25:49,766][com.java.SeleniumDriver] [  916] - {Data Fields & Data Values Exist}
[INFO ][2016-01-18 14:25:49,766][com.java.SeleniumDriver] [  918] - --------------------------setting values-----------------------------
[INFO ][2016-01-18 14:25:49,766][com.java.SeleniumDriver] [  921] - Action Type : clickwithalert
[INFO ][2016-01-18 14:25:49,766][com.java.TestType] [ 6519] - Field ::MNC//td[contains(text(),'mytext')]/following::span[1]
[INFO ][2016-01-18 14:25:49,766][com.java.TestType] [ 6140] - value = Description
[INFO ][2016-01-18 14:25:53,717][com.java.SeleniumDriver] [  930] -  RESULT true
[INFO ][2016-01-18 14:25:53,717][com.java.SeleniumDriver] [ 1136] - ?   P A S S   ?
[INFO ][2016-01-18 14:25:53,717][com.java.SeleniumDriver] [  856] - ------------------------------------------
[INFO ][2016-01-18 14:25:53,717][com.java.SeleniumDriver] [  857] - Test case being Executed: 29
[INFO ][2016-01-18 14:25:53,717][com.java.SeleniumDriver] [  869] - Test step:43
[INFO ][2016-01-18 14:25:53,717][com.java.SeleniumDriver] [  881] - Datavalue is----------null
[DEBUG][2016-01-18 14:25:53,717][com.java.SeleniumDriver] [  899] - Exception: null
[INFO ][2016-01-18 14:25:53,717][com.java.SeleniumDriver] [  905] - DataField : BTNparent
[INFO ][2016-01-18 14:25:53,717][com.java.SeleniumDriver] [  907] - DataValue : 
[INFO ][2016-01-18 14:25:53,717][com.java.SeleniumDriver] [  913] - <In Set values of the page>
[INFO ][2016-01-18 14:25:53,717][com.java.SeleniumDriver] [  916] - {Data Fields & Data Values Exist}
[INFO ][2016-01-18 14:25:53,717][com.java.SeleniumDriver] [  918] - --------------------------setting values-----------------------------
[INFO ][2016-01-18 14:25:53,717][com.java.SeleniumDriver] [  921] - Action Type : selectframe
[INFO ][2016-01-18 14:25:53,718][com.java.SeleniumDriver] [  930] -  RESULT true
[INFO ][2016-01-18 14:25:53,718][com.java.SeleniumDriver] [ 1136] - ?   P A S S   ?
[INFO ][2016-01-18 14:25:53,718][com.java.SeleniumDriver] [  856] - ------------------------------------------
[INFO ][2016-01-18 14:25:53,718][com.java.SeleniumDriver] [  857] - Test case being Executed: 29
[INFO ][2016-01-18 14:25:53,718][com.java.SeleniumDriver] [  869] - Test step:44
[INFO ][2016-01-18 14:25:53,718][com.java.SeleniumDriver] [  881] - Datavalue is----------null
[DEBUG][2016-01-18 14:25:53,718][com.java.SeleniumDriver] [  899] - Exception: null
[INFO ][2016-01-18 14:25:53,718][com.java.SeleniumDriver] [  905] - DataField : XPH//span[contains(text(),'Finished')]
[INFO ][2016-01-18 14:25:53,718][com.java.SeleniumDriver] [  907] - DataValue : 
[INFO ][2016-01-18 14:25:53,718][com.java.SeleniumDriver] [  913] - <In Set values of the page>
[INFO ][2016-01-18 14:25:53,718][com.java.SeleniumDriver] [  916] - {Data Fields & Data Values Exist}
[INFO ][2016-01-18 14:25:53,718][com.java.SeleniumDriver] [  918] - --------------------------setting values-----------------------------
[INFO ][2016-01-18 14:25:53,718][com.java.SeleniumDriver] [  921] - Action Type : click
[INFO ][2016-01-18 14:25:53,718][com.java.TestType] [ 6519] - Field ::XPH//span[contains(text(),'Finished')]
[INFO ][2016-01-18 14:25:53,718][com.java.TestType] [ 6140] - value = 
[INFO ][2016-01-18 14:25:54,728][com.java.TestType] [ 6656] - BEFORE CLICK
[INFO ][2016-01-18 14:25:55,868][com.java.TestType] [ 6664] - Unable to click the object click on finished button
[INFO ][2016-01-18 14:25:55,868][com.java.SeleniumDriver] [  930] -  RESULT true
[INFO ][2016-01-18 14:25:55,868][com.java.SeleniumDriver] [ 1136] - ?   P A S S   ?
[DEBUG][2016-01-18 14:25:55,868][com.java.SeleniumDriver] [ 1248] - Case found
[DEBUG][2016-01-18 14:25:55,868][com.java.SeleniumDriver] [ 1253] - Incrementing ReportCounters[0]:2
[INFO ][2016-01-18 14:25:55,868][com.java.SeleniumDriver] [ 1272] - The results are-------------------[29, 1, Admin: GL Mapping: Loan Concentration: Add & Delete New Category, Pass, , Mon Jan 18 14:23:59 IST 2016, 29, 3, Admin: GL Mapping: Loan Concentration: Add & Delete New Category, Pass, , Mon Jan 18 14:24:04 IST 2016, 29, 4, Admin: GL Mapping: Loan Concentration: Add & Delete New Category, Pass, , Mon Jan 18 14:24:04 IST 2016, 29, 5, Admin: GL Mapping: Loan Concentration: Add & Delete New Category, Pass, , Mon Jan 18 14:24:31 IST 2016, 29, 6, Admin: GL Mapping: Loan Concentration: Add & Delete New Category, Pass, , Mon Jan 18 14:24:31 IST 2016, 29, 7, Admin: GL Mapping: Loan Concentration: Add & Delete New Category, Pass, , Mon Jan 18 14:24:32 IST 2016, 29, 8, Admin: GL Mapping: Loan Concentration: Add & Delete New Category, Pass, , Mon Jan 18 14:24:35 IST 2016, 29, 9, Admin: GL Mapping: Loan Concentration: Add & Delete New Category, Pass, , Mon Jan 18 14:24:36 IST 2016, 29, 10, Admin: GL Mapping: Loan Concentration: Add & Delete New Category, Pass, , Mon Jan 18 14:24:36 IST 2016, 29, 11, Admin: GL Mapping: Loan Concentration: Add & Delete New Category, Pass, , Mon Jan 18 14:24:36 IST 2016, 29, 12, Admin: GL Mapping: Loan Concentration: Add & Delete New Category, Pass, , Mon Jan 18 14:24:36 IST 2016, 29, 13, Admin: GL Mapping: Loan Concentration: Add & Delete New Category, Pass, , Mon Jan 18 14:24:36 IST 2016, 29, 14, Admin: GL Mapping: Loan Concentration: Add & Delete New Category, Pass, , Mon Jan 18 14:24:38 IST 2016, 29, 15, Admin: GL Mapping: Loan Concentration: Add & Delete New Category, Pass, , Mon Jan 18 14:24:40 IST 2016, 29, 16, Admin: GL Mapping: Loan Concentration: Add & Delete New Category, Pass, , Mon Jan 18 14:24:41 IST 2016, 29, 17, Admin: GL Mapping: Loan Concentration: Add & Delete New Category, Pass, , Mon Jan 18 14:24:44 IST 2016, 29, 18, Admin: GL Mapping: Loan Concentration: Add & Delete New Category, Pass, , Mon Jan 18 14:24:45 IST 2016, 29, 19, Admin: GL Mapping: Loan Concentration: Add & Delete New Category, Pass, , Mon Jan 18 14:24:46 IST 2016, 29, 20, Admin: GL Mapping: Loan Concentration: Add & Delete New Category, Pass, , Mon Jan 18 14:24:48 IST 2016, 29, 21, Admin: GL Mapping: Loan Concentration: Add & Delete New Category, Pass, , Mon Jan 18 14:24:51 IST 2016, 29, 22, Admin: GL Mapping: Loan Concentration: Add & Delete New Category, Pass, , Mon Jan 18 14:24:51 IST 2016, 29, 23, Admin: GL Mapping: Loan Concentration: Add & Delete New Category, Pass, , Mon Jan 18 14:24:54 IST 2016, 29, 24, Admin: GL Mapping: Loan Concentration: Add & Delete New Category, Pass, , Mon Jan 18 14:24:55 IST 2016, 29, 25, Admin: GL Mapping: Loan Concentration: Add & Delete New Category, Pass, , Mon Jan 18 14:24:56 IST 2016, 29, 26, Admin: GL Mapping: Loan Concentration: Add & Delete New Category, Pass, , Mon Jan 18 14:25:01 IST 2016, 29, 27, Admin: GL Mapping: Loan Concentration: Add & Delete New Category, Pass, , Mon Jan 18 14:25:02 IST 2016, 29, 28, Admin: GL Mapping: Loan Concentration: Add & Delete New Category, Pass, , Mon Jan 18 14:25:04 IST 2016, 29, 29, Admin: GL Mapping: Loan Concentration: Add & Delete New Category, Pass, , Mon Jan 18 14:25:14 IST 2016, 29, 30, Admin: GL Mapping: Loan Concentration: Add & Delete New Category, Pass, , Mon Jan 18 14:25:14 IST 2016, 29, 34, Admin: GL Mapping: Loan Concentration: Add & Delete New Category, Pass, , Mon Jan 18 14:25:15 IST 2016, 29, 35, Admin: GL Mapping: Loan Concentration: Add & Delete New Category, Pass, , Mon Jan 18 14:25:15 IST 2016, 29, 36, Admin: GL Mapping: Loan Concentration: Add & Delete New Category, Pass, , Mon Jan 18 14:25:17 IST 2016, 29, 37, Admin: GL Mapping: Loan Concentration: Add & Delete New Category, Pass, , Mon Jan 18 14:25:17 IST 2016, 29, 38, Admin: GL Mapping: Loan Concentration: Add & Delete New Category, Pass, , Mon Jan 18 14:25:19 IST 2016, 29, 39, Admin: GL Mapping: Loan Concentration: Add & Delete New Category, Pass, , Mon Jan 18 14:25:21 IST 2016, 29, 40, Admin: GL Mapping: Loan Concentration: Add & Delete New Category, Pass, , Mon Jan 18 14:25:48 IST 2016, 29, 41, Admin: GL Mapping: Loan Concentration: Add & Delete New Category, Pass, , Mon Jan 18 14:25:49 IST 2016, 29, 42, Admin: GL Mapping: Loan Concentration: Add & Delete New Category, Pass, , Mon Jan 18 14:25:53 IST 2016, 29, 43, Admin: GL Mapping: Loan Concentration: Add & Delete New Category, Pass, , Mon Jan 18 14:25:53 IST 2016, 29, 44, Admin: GL Mapping: Loan Concentration: Add & Delete New Category, Pass, , Mon Jan 18 14:25:55 IST 2016]
[INFO ][2016-01-18 14:25:55,868][com.java.SeleniumDriver] [ 1276] - End time is-------2 min 46 sec
[INFO ][2016-01-18 14:25:55,868][com.java.SeleniumDriver] [ 1277] - The results are-------------------[29, 1, Admin: GL Mapping: Loan Concentration: Add & Delete New Category, Pass, , Mon Jan 18 14:23:59 IST 2016, 29, 3, Admin: GL Mapping: Loan Concentration: Add & Delete New Category, Pass, , Mon Jan 18 14:24:04 IST 2016, 29, 4, Admin: GL Mapping: Loan Concentration: Add & Delete New Category, Pass, , Mon Jan 18 14:24:04 IST 2016, 29, 5, Admin: GL Mapping: Loan Concentration: Add & Delete New Category, Pass, , Mon Jan 18 14:24:31 IST 2016, 29, 6, Admin: GL Mapping: Loan Concentration: Add & Delete New Category, Pass, , Mon Jan 18 14:24:31 IST 2016, 29, 7, Admin: GL Mapping: Loan Concentration: Add & Delete New Category, Pass, , Mon Jan 18 14:24:32 IST 2016, 29, 8, Admin: GL Mapping: Loan Concentration: Add & Delete New Category, Pass, , Mon Jan 18 14:24:35 IST 2016, 29, 9, Admin: GL Mapping: Loan Concentration: Add & Delete New Category, Pass, , Mon Jan 18 14:24:36 IST 2016, 29, 10, Admin: GL Mapping: Loan Concentration: Add & Delete New Category, Pass, , Mon Jan 18 14:24:36 IST 2016, 29, 11, Admin: GL Mapping: Loan Concentration: Add & Delete New Category, Pass, , Mon Jan 18 14:24:36 IST 2016, 29, 12, Admin: GL Mapping: Loan Concentration: Add & Delete New Category, Pass, , Mon Jan 18 14:24:36 IST 2016, 29, 13, Admin: GL Mapping: Loan Concentration: Add & Delete New Category, Pass, , Mon Jan 18 14:24:36 IST 2016, 29, 14, Admin: GL Mapping: Loan Concentration: Add & Delete New Category, Pass, , Mon Jan 18 14:24:38 IST 2016, 29, 15, Admin: GL Mapping: Loan Concentration: Add & Delete New Category, Pass, , Mon Jan 18 14:24:40 IST 2016, 29, 16, Admin: GL Mapping: Loan Concentration: Add & Delete New Category, Pass, , Mon Jan 18 14:24:41 IST 2016, 29, 17, Admin: GL Mapping: Loan Concentration: Add & Delete New Category, Pass, , Mon Jan 18 14:24:44 IST 2016, 29, 18, Admin: GL Mapping: Loan Concentration: Add & Delete New Category, Pass, , Mon Jan 18 14:24:45 IST 2016, 29, 19, Admin: GL Mapping: Loan Concentration: Add & Delete New Category, Pass, , Mon Jan 18 14:24:46 IST 2016, 29, 20, Admin: GL Mapping: Loan Concentration: Add & Delete New Category, Pass, , Mon Jan 18 14:24:48 IST 2016, 29, 21, Admin: GL Mapping: Loan Concentration: Add & Delete New Category, Pass, , Mon Jan 18 14:24:51 IST 2016, 29, 22, Admin: GL Mapping: Loan Concentration: Add & Delete New Category, Pass, , Mon Jan 18 14:24:51 IST 2016, 29, 23, Admin: GL Mapping: Loan Concentration: Add & Delete New Category, Pass, , Mon Jan 18 14:24:54 IST 2016, 29, 24, Admin: GL Mapping: Loan Concentration: Add & Delete New Category, Pass, , Mon Jan 18 14:24:55 IST 2016, 29, 25, Admin: GL Mapping: Loan Concentration: Add & Delete New Category, Pass, , Mon Jan 18 14:24:56 IST 2016, 29, 26, Admin: GL Mapping: Loan Concentration: Add & Delete New Category, Pass, , Mon Jan 18 14:25:01 IST 2016, 29, 27, Admin: GL Mapping: Loan Concentration: Add & Delete New Category, Pass, , Mon Jan 18 14:25:02 IST 2016, 29, 28, Admin: GL Mapping: Loan Concentration: Add & Delete New Category, Pass, , Mon Jan 18 14:25:04 IST 2016, 29, 29, Admin: GL Mapping: Loan Concentration: Add & Delete New Category, Pass, , Mon Jan 18 14:25:14 IST 2016, 29, 30, Admin: GL Mapping: Loan Concentration: Add & Delete New Category, Pass, , Mon Jan 18 14:25:14 IST 2016, 29, 34, Admin: GL Mapping: Loan Concentration: Add & Delete New Category, Pass, , Mon Jan 18 14:25:15 IST 2016, 29, 35, Admin: GL Mapping: Loan Concentration: Add & Delete New Category, Pass, , Mon Jan 18 14:25:15 IST 2016, 29, 36, Admin: GL Mapping: Loan Concentration: Add & Delete New Category, Pass, , Mon Jan 18 14:25:17 IST 2016, 29, 37, Admin: GL Mapping: Loan Concentration: Add & Delete New Category, Pass, , Mon Jan 18 14:25:17 IST 2016, 29, 38, Admin: GL Mapping: Loan Concentration: Add & Delete New Category, Pass, , Mon Jan 18 14:25:19 IST 2016, 29, 39, Admin: GL Mapping: Loan Concentration: Add & Delete New Category, Pass, , Mon Jan 18 14:25:21 IST 2016, 29, 40, Admin: GL Mapping: Loan Concentration: Add & Delete New Category, Pass, , Mon Jan 18 14:25:48 IST 2016, 29, 41, Admin: GL Mapping: Loan Concentration: Add & Delete New Category, Pass, , Mon Jan 18 14:25:49 IST 2016, 29, 42, Admin: GL Mapping: Loan Concentration: Add & Delete New Category, Pass, , Mon Jan 18 14:25:53 IST 2016, 29, 43, Admin: GL Mapping: Loan Concentration: Add & Delete New Category, Pass, , Mon Jan 18 14:25:53 IST 2016, 29, 44, Admin: GL Mapping: Loan Concentration: Add & Delete New Category, Pass, , Mon Jan 18 14:25:55 IST 2016]
[DEBUG][2016-01-18 14:25:55,868][com.java.ImportnExport.ExportTestResultsExcel] [  222] - testResultPath = D:\BankersDashboard/TestReports/Test Results_BankersDashBoard_011816_142311_IE10_Any Bank USA.xls
[DEBUG][2016-01-18 14:25:55,868][com.java.ImportnExport.ExportTestResultsExcel] [  223] - browser is------------IE10
[DEBUG][2016-01-18 14:25:55,868][com.java.ImportnExport.ExportTestResultsExcel] [  270] - result.size() = 240
[DEBUG][2016-01-18 14:25:55,868][com.java.ImportnExport.ExportTestResultsExcel] [  274] - No of rows in sheet=2
[DEBUG][2016-01-18 14:25:55,868][com.java.ImportnExport.ExportTestResultsExcel] [  301] - ..in export..29
[DEBUG][2016-01-18 14:25:55,868][com.java.ImportnExport.ExportTestResultsExcel] [  301] - ..in export..Admin: GL Mapping: Loan Concentration: Add & Delete New Category
[DEBUG][2016-01-18 14:25:55,868][com.java.ImportnExport.ExportTestResultsExcel] [  301] - ..in export..Pass
[DEBUG][2016-01-18 14:25:55,868][com.java.ImportnExport.ExportTestResultsExcel] [  301] - ..in export..
[DEBUG][2016-01-18 14:25:55,868][com.java.ImportnExport.ExportTestResultsExcel] [  301] - ..in export..Mon Jan 18 14:23:59 IST 2016
[INFO ][2016-01-18 14:25:55,868][com.java.SeleniumDriver] [ 1337] - out loop:1 size:2 TestCases:[1, 29] testcases:[1, 29]
[INFO ][2016-01-18 14:25:57,870][com.java.SeleniumDriver] [ 1380] - Total Number of Cases:2
[INFO ][2016-01-18 14:25:57,870][com.java.TemplateGenerator] [  302] - Executed:2
[INFO ][2016-01-18 14:25:57,870][com.java.TemplateGenerator] [  303] - Passed:2
[INFO ][2016-01-18 14:25:57,870][com.java.TemplateGenerator] [  304] - Failed:0
[INFO ][2016-01-18 14:25:57,870][com.java.TemplateGenerator] [  305] - Skipeed:0
[INFO ][2016-01-18 14:25:57,870][com.java.TemplateGenerator] [  306] - Application URL:https://clients-xuat.bankersdashboard.com
[INFO ][2016-01-18 14:25:57,870][com.java.TemplateGenerator] [  307] - Start Time:011816_142311
[INFO ][2016-01-18 14:25:57,870][com.java.TemplateGenerator] [  308] -  Creating HTML Report 
[ERROR][2016-01-18 14:25:57,870][com.java.TemplateGenerator] [  409] - Unparseable date: "Mon Jan 18 02:23:11 IST 2016"
[INFO ][2016-01-18 14:25:57,870][com.java.TemplateGenerator] [  654] -  Exporting case :: 1
[INFO ][2016-01-18 14:25:57,870][com.java.TemplateGenerator] [  654] -  Exporting case :: 29
[INFO ][2016-01-18 14:25:57,870][com.java.SeleniumDriver] [ 1429] - End Time:011816_142557
[INFO ][2016-01-18 14:25:57,870][com.java.SeleniumDriver] [ 1432] - Data in Test Execution Details:{1=PASS, 29=PASS}
[INFO ][2016-01-18 14:25:57,870][com.java.SeleniumDriver] [ 1433] - Data in Failed Execution Deatils:{}
[INFO ][2016-01-18 14:25:57,870][com.java.SeleniumDriver] [ 1435] - ReportCounter:Total:2 :: PASS: 2 ::FAIL: 0
[INFO ][2016-01-18 14:25:57,870][com.java.SeleniumDriver] [ 1436] - FailedReportCounter:Total:0 :: PASS: 0 ::FAIL: 0
[INFO ][2016-01-18 14:25:57,871][com.java.EmailTestReport] [   63] - Sending report mail details:
[INFO ][2016-01-18 14:25:57,871][com.java.EmailTestReport] [   80] - Excel Report Path:D:\BankersDashboard/TestReports/Test Results_BankersDashBoard_011816_142311_IE10_Any Bank USA.xls
[INFO ][2016-01-18 14:25:57,871][com.java.EmailTestReport] [   81] - HTML Report Path:D:\BankersDashboard//TestReports//Test Results_BankersDashBoard_011816_142311_IE10_Any Bank USA.html
[INFO ][2016-01-18 14:25:57,871][com.java.EmailTestReport] [   82] - smtpHostName:mail01.valuelabs.com
[INFO ][2016-01-18 14:25:57,871][com.java.EmailTestReport] [   83] - Recipient:venkateswararao.gubbala@valuelabs.com;
[INFO ][2016-01-18 14:25:57,871][com.java.EmailTestReport] [   84] - From:venkateswararao.gubbala@valuelabs.com;
[INFO ][2016-01-18 14:25:57,871][com.java.EmailTestReport] [   85] - Subject:Deluxe Corp Bankers Dashboard Automation Test Report - Any Bank USA - IE10
[INFO ][2016-01-18 14:25:57,891][com.java.EmailTestReport] [  143] -  Added venkateswararao.gubbala@valuelabs.com
[INFO ][2016-01-18 14:26:01,282][com.java.SeleniumDriver] [  722] - quitting the browser 
[INFO ][2016-01-18 14:26:02,972][com.java.SeleniumDriver] [  264] - Execution Completed Stopping the thread
