[INFO ][2015-11-02 12:27:56,494][com.java.SeleniumDriver] [  213] - Execute Failed Casesfalse
[INFO ][2015-11-02 12:27:56,504][com.java.SeleniumDriver] [  214] - Browser: IE11
[INFO ][2015-11-02 12:27:56,504][com.java.SeleniumDriver] [  215] - [1, 6]
[INFO ][2015-11-02 12:27:56,504][com.java.SeleniumDriver] [  216] - Total TestCases:2
[INFO ][2015-11-02 12:27:56,504][com.java.SeleniumDriver] [  217] -  Reading Properties from Property File 
[DEBUG][2015-11-02 12:27:56,504][com.java.SeleniumDriver] [  238] - url : https://clients-xuat.bankersdashboard.com
[INFO ][2015-11-02 12:27:56,504][com.java.ImportnExport.ExportTestResultsExcel] [  116] - Time Stamp Mon Nov 02 12:27:56 IST 2015
[INFO ][2015-11-02 12:27:56,504][com.java.ImportnExport.ExportTestResultsExcel] [  175] - OUT FILE : D:\BankersDashboard/TestReports/Test Results_BankersDashBoard_110215_122756_IE11_Any Bank USA.xls
[INFO ][2015-11-02 12:27:56,535][com.java.ImportnExport.ExportTestResultsExcel] [  180] - Test Result file is created
[DEBUG][2015-11-02 12:27:56,635][com.java.SeleniumDriver] [  425] - Hub ip address is-------172.17.68.34
[INFO ][2015-11-02 12:27:56,635][com.java.SeleniumDriver] [  451] - Grid URL:http://172.17.68.34:4444/wd/hub
[INFO ][2015-11-02 12:27:56,635][com.java.SeleniumDriver] [  452] - Capability:Capabilities [{platform=ANY, ensureCleanSession=true, ignoreProtectedModeSettings=true, acceptSslCerts=true, ignoreZoomSetting=true, browserName=internet explorer, browserstack.ie.noFlash=true, version=Node1}]
[ERROR][2015-11-02 12:27:57,943][com.java.SeleniumDriver] [  496] - Unable invoke browser in grid:Could not start a new session. Possible causes are invalid address of the remote server or browser start-up failure.
Build info: version: '2.48.2', revision: '41bccdd', time: '2015-10-09 19:59:12'
System info: host: 'FVTIII438F1D', ip: '172.17.68.34', os.name: 'Windows 7', os.arch: 'x86', os.version: '6.1', java.version: '1.7.0_55'
Driver info: driver.version: SeleniumDriver
[INFO ][2015-11-02 12:27:57,943][com.java.SeleniumDriver] [  498] - Executing on local machine
[INFO ][2015-11-02 12:28:06,941][com.java.SeleniumDriver] [  248] - IE11is opened
[INFO ][2015-11-02 12:28:07,578][com.java.SeleniumDriver] [  752] - Test cases to be executed are: [1, 6]
[INFO ][2015-11-02 12:28:07,578][com.java.ImportnExport.ImportTestDataDetailsExcel] [   49] - test data details path===== D:\BankersDashboard\TestInputs\TestData.xls
[INFO ][2015-11-02 12:28:18,356][com.java.SeleniumDriver] [  788] - ------------------------------------------
[INFO ][2015-11-02 12:28:18,356][com.java.SeleniumDriver] [  789] - Test case being Executed: 1
[INFO ][2015-11-02 12:28:18,357][com.java.SeleniumDriver] [  800] - Test step:1
[INFO ][2015-11-02 12:28:18,357][com.java.SeleniumDriver] [  812] - Datavalue is----------Concept#1:1-14
[INFO ][2015-11-02 12:28:18,357][com.java.SeleniumDriver] [  836] - DataField : test
[INFO ][2015-11-02 12:28:18,357][com.java.SeleniumDriver] [  838] - DataValue : Concept#1:1-14
[INFO ][2015-11-02 12:28:18,357][com.java.SeleniumDriver] [  844] - <In Set values of the page>
[INFO ][2015-11-02 12:28:18,357][com.java.SeleniumDriver] [  847] - {Data Fields & Data Values Exist}
[INFO ][2015-11-02 12:28:18,357][com.java.SeleniumDriver] [  849] - --------------------------setting values-----------------------------
[INFO ][2015-11-02 12:28:18,357][com.java.SeleniumDriver] [  852] - Action Type : ExecuteTestCase
[INFO ][2015-11-02 12:28:18,387][com.java.TestType] [  411] - The Concept sheet name is ---------- Concept
[INFO ][2015-11-02 12:28:18,387][com.java.TestType] [  414] - The Concept ID  is ---------- 1
[DEBUG][2015-11-02 12:28:18,387][com.java.TestType] [  418] - Steps being executted in the Concept are: 1:14
[INFO ][2015-11-02 12:28:18,387][com.java.TestType] [  425] - Test data details path ---------- D:\BankersDashboard\TestInputs\TestData.xls
[INFO ][2015-11-02 12:28:18,417][com.java.TestType] [  456] -  str(1) = 1
[INFO ][2015-11-02 12:28:18,417][com.java.TestType] [  459] - Test case Id is---1
[INFO ][2015-11-02 12:28:18,417][com.java.TestType] [  461] - 1
[INFO ][2015-11-02 12:28:18,417][com.java.TestType] [  456] -  str(2) = 1
[INFO ][2015-11-02 12:28:18,417][com.java.TestType] [  508] - row values are--------{1=com.java.Objects.TestDataDetails@185c219}
[INFO ][2015-11-02 12:28:18,417][com.java.TestType] [  456] -  str(1) = 1
[INFO ][2015-11-02 12:28:18,417][com.java.TestType] [  459] - Test case Id is---1
[INFO ][2015-11-02 12:28:18,417][com.java.TestType] [  461] - 1
[INFO ][2015-11-02 12:28:18,417][com.java.TestType] [  456] -  str(2) = 2
[INFO ][2015-11-02 12:28:18,417][com.java.TestType] [  508] - row values are--------{1=com.java.Objects.TestDataDetails@185c219, 2=com.java.Objects.TestDataDetails@a53ba0}
[INFO ][2015-11-02 12:28:18,417][com.java.TestType] [  456] -  str(1) = 1
[INFO ][2015-11-02 12:28:18,427][com.java.TestType] [  459] - Test case Id is---1
[INFO ][2015-11-02 12:28:18,427][com.java.TestType] [  461] - 1
[INFO ][2015-11-02 12:28:18,427][com.java.TestType] [  456] -  str(2) = 3
[INFO ][2015-11-02 12:28:18,427][com.java.TestType] [  508] - row values are--------{1=com.java.Objects.TestDataDetails@185c219, 2=com.java.Objects.TestDataDetails@a53ba0, 3=com.java.Objects.TestDataDetails@1273929}
[INFO ][2015-11-02 12:28:18,427][com.java.TestType] [  456] -  str(1) = 1
[INFO ][2015-11-02 12:28:18,427][com.java.TestType] [  459] - Test case Id is---1
[INFO ][2015-11-02 12:28:18,427][com.java.TestType] [  461] - 1
[INFO ][2015-11-02 12:28:18,427][com.java.TestType] [  456] -  str(2) = 4
[INFO ][2015-11-02 12:28:18,427][com.java.TestType] [  508] - row values are--------{1=com.java.Objects.TestDataDetails@185c219, 2=com.java.Objects.TestDataDetails@a53ba0, 3=com.java.Objects.TestDataDetails@1273929, 4=com.java.Objects.TestDataDetails@ecb5eb}
[INFO ][2015-11-02 12:28:18,427][com.java.TestType] [  456] -  str(1) = 1
[INFO ][2015-11-02 12:28:18,427][com.java.TestType] [  459] - Test case Id is---1
[INFO ][2015-11-02 12:28:18,427][com.java.TestType] [  461] - 1
[INFO ][2015-11-02 12:28:18,427][com.java.TestType] [  456] -  str(2) = 5
[INFO ][2015-11-02 12:28:18,427][com.java.TestType] [  508] - row values are--------{1=com.java.Objects.TestDataDetails@185c219, 2=com.java.Objects.TestDataDetails@a53ba0, 3=com.java.Objects.TestDataDetails@1273929, 4=com.java.Objects.TestDataDetails@ecb5eb, 5=com.java.Objects.TestDataDetails@c42e5a}
[INFO ][2015-11-02 12:28:18,427][com.java.TestType] [  456] -  str(1) = 1
[INFO ][2015-11-02 12:28:18,427][com.java.TestType] [  459] - Test case Id is---1
[INFO ][2015-11-02 12:28:18,427][com.java.TestType] [  461] - 1
[INFO ][2015-11-02 12:28:18,427][com.java.TestType] [  456] -  str(2) = 6
[INFO ][2015-11-02 12:28:18,427][com.java.TestType] [  508] - row values are--------{1=com.java.Objects.TestDataDetails@185c219, 2=com.java.Objects.TestDataDetails@a53ba0, 3=com.java.Objects.TestDataDetails@1273929, 4=com.java.Objects.TestDataDetails@ecb5eb, 5=com.java.Objects.TestDataDetails@c42e5a, 6=com.java.Objects.TestDataDetails@9a8e52}
[INFO ][2015-11-02 12:28:18,427][com.java.TestType] [  456] -  str(1) = 1
[INFO ][2015-11-02 12:28:18,427][com.java.TestType] [  459] - Test case Id is---1
[INFO ][2015-11-02 12:28:18,427][com.java.TestType] [  461] - 1
[INFO ][2015-11-02 12:28:18,427][com.java.TestType] [  456] -  str(2) = 7
[INFO ][2015-11-02 12:28:18,427][com.java.TestType] [  508] - row values are--------{1=com.java.Objects.TestDataDetails@185c219, 2=com.java.Objects.TestDataDetails@a53ba0, 3=com.java.Objects.TestDataDetails@1273929, 4=com.java.Objects.TestDataDetails@ecb5eb, 5=com.java.Objects.TestDataDetails@c42e5a, 6=com.java.Objects.TestDataDetails@9a8e52, 7=com.java.Objects.TestDataDetails@170ad95}
[INFO ][2015-11-02 12:28:18,427][com.java.TestType] [  456] -  str(1) = 1
[INFO ][2015-11-02 12:28:18,427][com.java.TestType] [  459] - Test case Id is---1
[INFO ][2015-11-02 12:28:18,427][com.java.TestType] [  461] - 1
[INFO ][2015-11-02 12:28:18,427][com.java.TestType] [  456] -  str(2) = 8
[INFO ][2015-11-02 12:28:18,437][com.java.TestType] [  508] - row values are--------{1=com.java.Objects.TestDataDetails@185c219, 2=com.java.Objects.TestDataDetails@a53ba0, 3=com.java.Objects.TestDataDetails@1273929, 4=com.java.Objects.TestDataDetails@ecb5eb, 5=com.java.Objects.TestDataDetails@c42e5a, 6=com.java.Objects.TestDataDetails@9a8e52, 7=com.java.Objects.TestDataDetails@170ad95, 8=com.java.Objects.TestDataDetails@5dc0a5}
[INFO ][2015-11-02 12:28:18,437][com.java.TestType] [  456] -  str(1) = 1
[INFO ][2015-11-02 12:28:18,437][com.java.TestType] [  459] - Test case Id is---1
[INFO ][2015-11-02 12:28:18,437][com.java.TestType] [  461] - 1
[INFO ][2015-11-02 12:28:18,437][com.java.TestType] [  456] -  str(2) = 9
[INFO ][2015-11-02 12:28:18,437][com.java.TestType] [  508] - row values are--------{1=com.java.Objects.TestDataDetails@185c219, 2=com.java.Objects.TestDataDetails@a53ba0, 3=com.java.Objects.TestDataDetails@1273929, 4=com.java.Objects.TestDataDetails@ecb5eb, 5=com.java.Objects.TestDataDetails@c42e5a, 6=com.java.Objects.TestDataDetails@9a8e52, 7=com.java.Objects.TestDataDetails@170ad95, 8=com.java.Objects.TestDataDetails@5dc0a5, 9=com.java.Objects.TestDataDetails@1627751}
[INFO ][2015-11-02 12:28:18,437][com.java.TestType] [  456] -  str(1) = 1
[INFO ][2015-11-02 12:28:18,437][com.java.TestType] [  459] - Test case Id is---1
[INFO ][2015-11-02 12:28:18,437][com.java.TestType] [  461] - 1
[INFO ][2015-11-02 12:28:18,437][com.java.TestType] [  456] -  str(2) = 10
[INFO ][2015-11-02 12:28:18,437][com.java.TestType] [  508] - row values are--------{1=com.java.Objects.TestDataDetails@185c219, 2=com.java.Objects.TestDataDetails@a53ba0, 3=com.java.Objects.TestDataDetails@1273929, 4=com.java.Objects.TestDataDetails@ecb5eb, 5=com.java.Objects.TestDataDetails@c42e5a, 6=com.java.Objects.TestDataDetails@9a8e52, 7=com.java.Objects.TestDataDetails@170ad95, 8=com.java.Objects.TestDataDetails@5dc0a5, 9=com.java.Objects.TestDataDetails@1627751, 10=com.java.Objects.TestDataDetails@2da07a}
[INFO ][2015-11-02 12:28:18,437][com.java.TestType] [  456] -  str(1) = 1
[INFO ][2015-11-02 12:28:18,437][com.java.TestType] [  459] - Test case Id is---1
[INFO ][2015-11-02 12:28:18,437][com.java.TestType] [  461] - 1
[INFO ][2015-11-02 12:28:18,437][com.java.TestType] [  456] -  str(2) = 11
[INFO ][2015-11-02 12:28:18,437][com.java.TestType] [  508] - row values are--------{1=com.java.Objects.TestDataDetails@185c219, 2=com.java.Objects.TestDataDetails@a53ba0, 3=com.java.Objects.TestDataDetails@1273929, 4=com.java.Objects.TestDataDetails@ecb5eb, 5=com.java.Objects.TestDataDetails@c42e5a, 6=com.java.Objects.TestDataDetails@9a8e52, 7=com.java.Objects.TestDataDetails@170ad95, 8=com.java.Objects.TestDataDetails@5dc0a5, 9=com.java.Objects.TestDataDetails@1627751, 10=com.java.Objects.TestDataDetails@2da07a, 11=com.java.Objects.TestDataDetails@145b77c}
[INFO ][2015-11-02 12:28:18,437][com.java.TestType] [  456] -  str(1) = 1
[INFO ][2015-11-02 12:28:18,437][com.java.TestType] [  459] - Test case Id is---1
[INFO ][2015-11-02 12:28:18,437][com.java.TestType] [  461] - 1
[INFO ][2015-11-02 12:28:18,437][com.java.TestType] [  456] -  str(2) = 12
[INFO ][2015-11-02 12:28:18,437][com.java.TestType] [  508] - row values are--------{1=com.java.Objects.TestDataDetails@185c219, 2=com.java.Objects.TestDataDetails@a53ba0, 3=com.java.Objects.TestDataDetails@1273929, 4=com.java.Objects.TestDataDetails@ecb5eb, 5=com.java.Objects.TestDataDetails@c42e5a, 6=com.java.Objects.TestDataDetails@9a8e52, 7=com.java.Objects.TestDataDetails@170ad95, 8=com.java.Objects.TestDataDetails@5dc0a5, 9=com.java.Objects.TestDataDetails@1627751, 10=com.java.Objects.TestDataDetails@2da07a, 11=com.java.Objects.TestDataDetails@145b77c, 12=com.java.Objects.TestDataDetails@edb374}
[INFO ][2015-11-02 12:28:18,437][com.java.TestType] [  456] -  str(1) = 1
[INFO ][2015-11-02 12:28:18,437][com.java.TestType] [  459] - Test case Id is---1
[INFO ][2015-11-02 12:28:18,437][com.java.TestType] [  461] - 1
[INFO ][2015-11-02 12:28:18,437][com.java.TestType] [  456] -  str(2) = 13
[INFO ][2015-11-02 12:28:18,437][com.java.TestType] [  508] - row values are--------{1=com.java.Objects.TestDataDetails@185c219, 2=com.java.Objects.TestDataDetails@a53ba0, 3=com.java.Objects.TestDataDetails@1273929, 4=com.java.Objects.TestDataDetails@ecb5eb, 5=com.java.Objects.TestDataDetails@c42e5a, 6=com.java.Objects.TestDataDetails@9a8e52, 7=com.java.Objects.TestDataDetails@170ad95, 8=com.java.Objects.TestDataDetails@5dc0a5, 9=com.java.Objects.TestDataDetails@1627751, 10=com.java.Objects.TestDataDetails@2da07a, 11=com.java.Objects.TestDataDetails@145b77c, 12=com.java.Objects.TestDataDetails@edb374, 13=com.java.Objects.TestDataDetails@116cf35}
[INFO ][2015-11-02 12:28:18,437][com.java.TestType] [  456] -  str(1) = 1
[INFO ][2015-11-02 12:28:18,437][com.java.TestType] [  459] - Test case Id is---1
[INFO ][2015-11-02 12:28:18,437][com.java.TestType] [  461] - 1
[INFO ][2015-11-02 12:28:18,437][com.java.TestType] [  456] -  str(2) = 14
[INFO ][2015-11-02 12:28:18,437][com.java.TestType] [  508] - row values are--------{1=com.java.Objects.TestDataDetails@185c219, 2=com.java.Objects.TestDataDetails@a53ba0, 3=com.java.Objects.TestDataDetails@1273929, 4=com.java.Objects.TestDataDetails@ecb5eb, 5=com.java.Objects.TestDataDetails@c42e5a, 6=com.java.Objects.TestDataDetails@9a8e52, 7=com.java.Objects.TestDataDetails@170ad95, 8=com.java.Objects.TestDataDetails@5dc0a5, 9=com.java.Objects.TestDataDetails@1627751, 10=com.java.Objects.TestDataDetails@2da07a, 11=com.java.Objects.TestDataDetails@145b77c, 12=com.java.Objects.TestDataDetails@edb374, 13=com.java.Objects.TestDataDetails@116cf35, 14=com.java.Objects.TestDataDetails@1c00fa9}
[INFO ][2015-11-02 12:28:18,437][com.java.TestType] [ 7898] - Looping 1TCID = 1
[DEBUG][2015-11-02 12:28:18,437][com.java.TestType] [ 7939] - Concept ID:1 :: Step being Executed: 1::1
[INFO ][2015-11-02 12:28:18,437][com.java.TestType] [ 7977] - dataFields : TXTusername
[DEBUG][2015-11-02 12:28:18,437][com.java.TestType] [ 7983] - <In Set values of the page>
[DEBUG][2015-11-02 12:28:18,437][com.java.TestType] [ 7988] - {Data Fields & Data Values Exist}
[INFO ][2015-11-02 12:28:18,437][com.java.TestType] [ 7994] - --------------------------setting values-----------------------------
[INFO ][2015-11-02 12:28:18,437][com.java.TestType] [ 7997] - Action Type : CLEARANDENTER
[INFO ][2015-11-02 12:28:18,437][com.java.TestType] [ 3749] - value = naresh.nayini.00000
[INFO ][2015-11-02 12:28:23,321][com.java.TestType] [ 8016] -  RESULT true
[INFO ][2015-11-02 12:28:23,321][com.java.TestType] [ 8133] - ?   P A S S   ?
[DEBUG][2015-11-02 12:28:23,321][com.java.TestType] [ 7939] - Concept ID:1 :: Step being Executed: 1::2
[INFO ][2015-11-02 12:28:23,321][com.java.TestType] [ 7977] - dataFields : TXTpassword
[DEBUG][2015-11-02 12:28:23,321][com.java.TestType] [ 7983] - <In Set values of the page>
[DEBUG][2015-11-02 12:28:23,324][com.java.TestType] [ 7988] - {Data Fields & Data Values Exist}
[INFO ][2015-11-02 12:28:23,324][com.java.TestType] [ 7994] - --------------------------setting values-----------------------------
[INFO ][2015-11-02 12:28:23,324][com.java.TestType] [ 7997] - Action Type : CLEARANDENTER
[INFO ][2015-11-02 12:28:23,324][com.java.TestType] [ 3749] - value = Password1*
[INFO ][2015-11-02 12:28:28,357][com.java.TestType] [ 8016] -  RESULT true
[INFO ][2015-11-02 12:28:28,357][com.java.TestType] [ 8133] - ?   P A S S   ?
[DEBUG][2015-11-02 12:28:28,357][com.java.TestType] [ 7939] - Concept ID:1 :: Step being Executed: 1::3
[ERROR][2015-11-02 12:28:28,357][com.java.TestType] [ 7972] - Exception: null
[INFO ][2015-11-02 12:28:28,357][com.java.TestType] [ 7977] - dataFields : XPH//button[@type='submit']
[DEBUG][2015-11-02 12:28:28,357][com.java.TestType] [ 7983] - <In Set values of the page>
[DEBUG][2015-11-02 12:28:28,357][com.java.TestType] [ 7988] - {Data Fields & Data Values Exist}
[INFO ][2015-11-02 12:28:28,357][com.java.TestType] [ 7994] - --------------------------setting values-----------------------------
[INFO ][2015-11-02 12:28:28,357][com.java.TestType] [ 7997] - Action Type : Click
[INFO ][2015-11-02 12:28:28,357][com.java.TestType] [ 4062] - Field ::XPH//button[@type='submit']
[INFO ][2015-11-02 12:28:29,360][com.java.TestType] [ 4121] - BEFORE CLICK
[INFO ][2015-11-02 12:28:39,699][com.java.TestType] [ 4129] - Unable to click the object Login
[INFO ][2015-11-02 12:28:39,699][com.java.TestType] [ 8016] -  RESULT true
[INFO ][2015-11-02 12:28:39,699][com.java.TestType] [ 8133] - ?   P A S S   ?
[DEBUG][2015-11-02 12:28:39,699][com.java.TestType] [ 7939] - Concept ID:1 :: Step being Executed: 1::4
[INFO ][2015-11-02 12:28:39,699][com.java.TestType] [ 7977] - dataFields : LNKLogout
[DEBUG][2015-11-02 12:28:39,699][com.java.TestType] [ 7983] - <In Set values of the page>
[DEBUG][2015-11-02 12:28:39,699][com.java.TestType] [ 7988] - {Data Fields & Data Values Exist}
[INFO ][2015-11-02 12:28:39,699][com.java.TestType] [ 7994] - --------------------------setting values-----------------------------
[INFO ][2015-11-02 12:28:39,699][com.java.TestType] [ 7997] - Action Type : WaitForElement
[INFO ][2015-11-02 12:28:39,740][com.java.TestType] [ 8016] -  RESULT true
[INFO ][2015-11-02 12:28:39,740][com.java.TestType] [ 8133] - ?   P A S S   ?
[DEBUG][2015-11-02 12:28:39,740][com.java.TestType] [ 7939] - Concept ID:1 :: Step being Executed: 1::13
[INFO ][2015-11-02 12:28:39,740][com.java.TestType] [ 7977] - dataFields : LGN
[DEBUG][2015-11-02 12:28:39,740][com.java.TestType] [ 7983] - <In Set values of the page>
[DEBUG][2015-11-02 12:28:39,740][com.java.TestType] [ 7988] - {Data Fields & Data Values Exist}
[INFO ][2015-11-02 12:28:39,740][com.java.TestType] [ 7994] - --------------------------setting values-----------------------------
[INFO ][2015-11-02 12:28:39,740][com.java.TestType] [ 7997] - Action Type : Verify
[INFO ][2015-11-02 12:28:39,740][com.java.TestType] [ 4875] - field= LGN value= Username
[INFO ][2015-11-02 12:28:39,740][com.java.TestType] [ 3749] - value = Username
[INFO ][2015-11-02 12:28:39,890][com.java.TestType] [ 8016] -  RESULT true
[INFO ][2015-11-02 12:28:39,890][com.java.TestType] [ 8133] - ?   P A S S   ?
[DEBUG][2015-11-02 12:28:39,890][com.java.TestType] [ 7939] - Concept ID:1 :: Step being Executed: 1::14
[INFO ][2015-11-02 12:28:39,890][com.java.TestType] [ 7977] - dataFields : BTN
[DEBUG][2015-11-02 12:28:39,890][com.java.TestType] [ 7983] - <In Set values of the page>
[DEBUG][2015-11-02 12:28:39,890][com.java.TestType] [ 7988] - {Data Fields & Data Values Exist}
[INFO ][2015-11-02 12:28:39,890][com.java.TestType] [ 7994] - --------------------------setting values-----------------------------
[INFO ][2015-11-02 12:28:39,890][com.java.TestType] [ 7997] - Action Type : Verify
[INFO ][2015-11-02 12:28:39,890][com.java.TestType] [ 4875] - field= BTN value= //img[contains(@src,'bdlogo.jpg')]
[INFO ][2015-11-02 12:28:39,890][com.java.TestType] [ 3749] - value = //img[contains(@src,'bdlogo.jpg')]
[INFO ][2015-11-02 12:28:39,911][com.java.TestType] [ 8016] -  RESULT true
[INFO ][2015-11-02 12:28:39,911][com.java.TestType] [ 8133] - ?   P A S S   ?
[INFO ][2015-11-02 12:28:39,911][com.java.TestType] [ 8204] - Looping End......
[INFO ][2015-11-02 12:28:39,911][com.java.SeleniumDriver] [  861] -  RESULT true
[INFO ][2015-11-02 12:28:39,911][com.java.SeleniumDriver] [ 1066] - ?   P A S S   ?
[INFO ][2015-11-02 12:28:39,911][com.java.SeleniumDriver] [  788] - ------------------------------------------
[INFO ][2015-11-02 12:28:39,911][com.java.SeleniumDriver] [  789] - Test case being Executed: 1
[INFO ][2015-11-02 12:28:39,911][com.java.SeleniumDriver] [  800] - Test step:2
[INFO ][2015-11-02 12:28:39,911][com.java.SeleniumDriver] [  812] - Datavalue is----------Concept#2:1-2
[INFO ][2015-11-02 12:28:39,911][com.java.SeleniumDriver] [  836] - DataField : test
[INFO ][2015-11-02 12:28:39,911][com.java.SeleniumDriver] [  838] - DataValue : Concept#2:1-2
[INFO ][2015-11-02 12:28:39,911][com.java.SeleniumDriver] [  844] - <In Set values of the page>
[INFO ][2015-11-02 12:28:39,911][com.java.SeleniumDriver] [  847] - {Data Fields & Data Values Exist}
[INFO ][2015-11-02 12:28:39,911][com.java.SeleniumDriver] [  849] - --------------------------setting values-----------------------------
[INFO ][2015-11-02 12:28:39,911][com.java.SeleniumDriver] [  852] - Action Type : ExecuteTestCase
[INFO ][2015-11-02 12:28:39,911][com.java.TestType] [  411] - The Concept sheet name is ---------- Concept
[INFO ][2015-11-02 12:28:39,911][com.java.TestType] [  414] - The Concept ID  is ---------- 2
[DEBUG][2015-11-02 12:28:39,911][com.java.TestType] [  418] - Steps being executted in the Concept are: 1:2
[INFO ][2015-11-02 12:28:39,911][com.java.TestType] [  425] - Test data details path ---------- D:\BankersDashboard\TestInputs\TestData.xls
[INFO ][2015-11-02 12:28:39,942][com.java.TestType] [  456] -  str(1) = 2
[INFO ][2015-11-02 12:28:39,942][com.java.TestType] [  459] - Test case Id is---2
[INFO ][2015-11-02 12:28:39,942][com.java.TestType] [  461] - 2
[INFO ][2015-11-02 12:28:39,942][com.java.TestType] [  456] -  str(2) = 1
[INFO ][2015-11-02 12:28:39,945][com.java.TestType] [  508] - row values are--------{1=com.java.Objects.TestDataDetails@8008e}
[INFO ][2015-11-02 12:28:39,945][com.java.TestType] [  456] -  str(1) = 2
[INFO ][2015-11-02 12:28:39,945][com.java.TestType] [  459] - Test case Id is---2
[INFO ][2015-11-02 12:28:39,945][com.java.TestType] [  461] - 2
[INFO ][2015-11-02 12:28:39,945][com.java.TestType] [  456] -  str(2) = 2
[INFO ][2015-11-02 12:28:39,946][com.java.TestType] [  508] - row values are--------{1=com.java.Objects.TestDataDetails@8008e, 2=com.java.Objects.TestDataDetails@162db22}
[INFO ][2015-11-02 12:28:39,946][com.java.TestType] [  456] -  str(1) = 2
[INFO ][2015-11-02 12:28:39,946][com.java.TestType] [  459] - Test case Id is---2
[INFO ][2015-11-02 12:28:39,946][com.java.TestType] [  461] - 2
[INFO ][2015-11-02 12:28:39,946][com.java.TestType] [  456] -  str(2) = 3
[INFO ][2015-11-02 12:28:39,947][com.java.TestType] [  508] - row values are--------{1=com.java.Objects.TestDataDetails@8008e, 2=com.java.Objects.TestDataDetails@162db22, 3=com.java.Objects.TestDataDetails@1f19032}
[INFO ][2015-11-02 12:28:39,947][com.java.TestType] [ 7898] - Looping 1TCID = 2
[DEBUG][2015-11-02 12:28:39,947][com.java.TestType] [ 7939] - Concept ID:2 :: Step being Executed: 2::1
[INFO ][2015-11-02 12:28:39,947][com.java.TestType] [ 7977] - dataFields : BNK//select[@id='bank']
[DEBUG][2015-11-02 12:28:39,947][com.java.TestType] [ 7983] - <In Set values of the page>
[DEBUG][2015-11-02 12:28:39,947][com.java.TestType] [ 7988] - {Data Fields & Data Values Exist}
[INFO ][2015-11-02 12:28:39,947][com.java.TestType] [ 7994] - --------------------------setting values-----------------------------
[INFO ][2015-11-02 12:28:39,947][com.java.TestType] [ 7997] - Action Type : Select
[INFO ][2015-11-02 12:28:39,947][com.java.TestType] [ 3749] - value = PFC
[INFO ][2015-11-02 12:28:40,145][com.java.TestType] [ 8016] -  RESULT true
[INFO ][2015-11-02 12:28:40,145][com.java.TestType] [ 8133] - ?   P A S S   ?
[DEBUG][2015-11-02 12:28:40,145][com.java.TestType] [ 7939] - Concept ID:2 :: Step being Executed: 2::2
[INFO ][2015-11-02 12:28:40,145][com.java.TestType] [ 7977] - dataFields : LNKLogout
[DEBUG][2015-11-02 12:28:40,145][com.java.TestType] [ 7983] - <In Set values of the page>
[DEBUG][2015-11-02 12:28:40,145][com.java.TestType] [ 7988] - {Data Fields & Data Values Exist}
[INFO ][2015-11-02 12:28:40,145][com.java.TestType] [ 7994] - --------------------------setting values-----------------------------
[INFO ][2015-11-02 12:28:40,145][com.java.TestType] [ 7997] - Action Type : WaitTime
[DEBUG][2015-11-02 12:28:40,145][com.java.TestType] [ 3653] - sleepTime: 5000
[INFO ][2015-11-02 12:28:45,154][com.java.TestType] [ 8016] -  RESULT true
[INFO ][2015-11-02 12:28:45,154][com.java.TestType] [ 8133] - ?   P A S S   ?
[INFO ][2015-11-02 12:28:45,154][com.java.TestType] [ 8204] - Looping End......
[INFO ][2015-11-02 12:28:45,154][com.java.SeleniumDriver] [  861] -  RESULT true
[INFO ][2015-11-02 12:28:45,154][com.java.SeleniumDriver] [ 1066] - ?   P A S S   ?
[INFO ][2015-11-02 12:28:45,154][com.java.SeleniumDriver] [  788] - ------------------------------------------
[INFO ][2015-11-02 12:28:45,154][com.java.SeleniumDriver] [  789] - Test case being Executed: 1
[INFO ][2015-11-02 12:28:45,154][com.java.SeleniumDriver] [  800] - Test step:3
[INFO ][2015-11-02 12:28:45,154][com.java.SeleniumDriver] [  812] - Datavalue is----------2
[INFO ][2015-11-02 12:28:45,154][com.java.SeleniumDriver] [  836] - DataField : XPH//button[contains(text(),'Add Content')]
[INFO ][2015-11-02 12:28:45,154][com.java.SeleniumDriver] [  838] - DataValue : 2
[INFO ][2015-11-02 12:28:45,154][com.java.SeleniumDriver] [  844] - <In Set values of the page>
[INFO ][2015-11-02 12:28:45,154][com.java.SeleniumDriver] [  847] - {Data Fields & Data Values Exist}
[INFO ][2015-11-02 12:28:45,154][com.java.SeleniumDriver] [  849] - --------------------------setting values-----------------------------
[INFO ][2015-11-02 12:28:45,154][com.java.SeleniumDriver] [  852] - Action Type : WAITFORELEMENT
[INFO ][2015-11-02 12:28:45,195][com.java.SeleniumDriver] [  861] -  RESULT true
[INFO ][2015-11-02 12:28:45,195][com.java.SeleniumDriver] [ 1066] - ?   P A S S   ?
[DEBUG][2015-11-02 12:28:45,195][com.java.SeleniumDriver] [ 1168] - Case found
[DEBUG][2015-11-02 12:28:45,195][com.java.SeleniumDriver] [ 1173] - Incrementing ReportCounters[0]:1
[INFO ][2015-11-02 12:28:45,195][com.java.SeleniumDriver] [ 1192] - The results are-------------------[1, 1, Valid Login, Pass, , Mon Nov 02 12:28:39 IST 2015, 1, 2, Valid Login, Pass, , Mon Nov 02 12:28:45 IST 2015, 1, 3, Add Custom Calculation Indicator to Start Page, Pass, , Mon Nov 02 12:28:45 IST 2015]
[INFO ][2015-11-02 12:28:45,195][com.java.SeleniumDriver] [ 1196] - End time is-------50 sec
[INFO ][2015-11-02 12:28:45,195][com.java.SeleniumDriver] [ 1197] - The results are-------------------[1, 1, Valid Login, Pass, , Mon Nov 02 12:28:39 IST 2015, 1, 2, Valid Login, Pass, , Mon Nov 02 12:28:45 IST 2015, 1, 3, Add Custom Calculation Indicator to Start Page, Pass, , Mon Nov 02 12:28:45 IST 2015]
[DEBUG][2015-11-02 12:28:45,195][com.java.ImportnExport.ExportTestResultsExcel] [  222] - testResultPath = D:\BankersDashboard/TestReports/Test Results_BankersDashBoard_110215_122756_IE11_Any Bank USA.xls
[DEBUG][2015-11-02 12:28:45,195][com.java.ImportnExport.ExportTestResultsExcel] [  223] - browser is------------IE11
[DEBUG][2015-11-02 12:28:45,235][com.java.ImportnExport.ExportTestResultsExcel] [  270] - result.size() = 18
[DEBUG][2015-11-02 12:28:45,235][com.java.ImportnExport.ExportTestResultsExcel] [  274] - No of rows in sheet=1
[DEBUG][2015-11-02 12:28:45,235][com.java.ImportnExport.ExportTestResultsExcel] [  301] - ..in export..1
[DEBUG][2015-11-02 12:28:45,235][com.java.ImportnExport.ExportTestResultsExcel] [  301] - ..in export..Valid Login
[DEBUG][2015-11-02 12:28:45,235][com.java.ImportnExport.ExportTestResultsExcel] [  301] - ..in export..Pass
[DEBUG][2015-11-02 12:28:45,235][com.java.ImportnExport.ExportTestResultsExcel] [  301] - ..in export..
[DEBUG][2015-11-02 12:28:45,235][com.java.ImportnExport.ExportTestResultsExcel] [  301] - ..in export..Mon Nov 02 12:28:39 IST 2015
[INFO ][2015-11-02 12:28:45,235][com.java.SeleniumDriver] [ 1255] - out loop:0 size:2 TestCases:[1, 6] testcases:[1, 6]
[INFO ][2015-11-02 12:28:45,235][com.java.ImportnExport.ImportTestDataDetailsExcel] [   49] - test data details path===== D:\BankersDashboard\TestInputs\TestData.xls
[INFO ][2015-11-02 12:28:58,149][com.java.SeleniumDriver] [  788] - ------------------------------------------
[INFO ][2015-11-02 12:28:58,149][com.java.SeleniumDriver] [  789] - Test case being Executed: 6
[INFO ][2015-11-02 12:28:58,149][com.java.SeleniumDriver] [  800] - Test step:1
[INFO ][2015-11-02 12:28:58,149][com.java.SeleniumDriver] [  812] - Datavalue is----------Logout
[INFO ][2015-11-02 12:28:58,149][com.java.SeleniumDriver] [  836] - DataField : BTN
[INFO ][2015-11-02 12:28:58,149][com.java.SeleniumDriver] [  838] - DataValue : Logout
[INFO ][2015-11-02 12:28:58,149][com.java.SeleniumDriver] [  844] - <In Set values of the page>
[INFO ][2015-11-02 12:28:58,149][com.java.SeleniumDriver] [  847] - {Data Fields & Data Values Exist}
[INFO ][2015-11-02 12:28:58,149][com.java.SeleniumDriver] [  849] - --------------------------setting values-----------------------------
[INFO ][2015-11-02 12:28:58,149][com.java.SeleniumDriver] [  852] - Action Type : Verify
[INFO ][2015-11-02 12:28:58,149][com.java.TestType] [ 4875] - field= BTN value= Logout
[INFO ][2015-11-02 12:28:58,149][com.java.TestType] [ 3749] - value = Logout
[INFO ][2015-11-02 12:28:58,289][com.java.SeleniumDriver] [  861] -  RESULT true
[INFO ][2015-11-02 12:28:58,289][com.java.SeleniumDriver] [ 1066] - ?   P A S S   ?
[INFO ][2015-11-02 12:28:58,289][com.java.SeleniumDriver] [ 1108] - step change to 3
[INFO ][2015-11-02 12:28:58,289][com.java.SeleniumDriver] [  788] - ------------------------------------------
[INFO ][2015-11-02 12:28:58,289][com.java.SeleniumDriver] [  789] - Test case being Executed: 6
[INFO ][2015-11-02 12:28:58,289][com.java.SeleniumDriver] [  800] - Test step:3
[INFO ][2015-11-02 12:28:58,289][com.java.SeleniumDriver] [  812] - Datavalue is----------2
[INFO ][2015-11-02 12:28:58,289][com.java.SeleniumDriver] [  836] - DataField : XPH//span[@class='icon-stack']
[INFO ][2015-11-02 12:28:58,289][com.java.SeleniumDriver] [  838] - DataValue : 2
[INFO ][2015-11-02 12:28:58,289][com.java.SeleniumDriver] [  844] - <In Set values of the page>
[INFO ][2015-11-02 12:28:58,289][com.java.SeleniumDriver] [  847] - {Data Fields & Data Values Exist}
[INFO ][2015-11-02 12:28:58,289][com.java.SeleniumDriver] [  849] - --------------------------setting values-----------------------------
[INFO ][2015-11-02 12:28:58,289][com.java.SeleniumDriver] [  852] - Action Type : WAITFORELEMENT
[INFO ][2015-11-02 12:28:58,346][com.java.SeleniumDriver] [  861] -  RESULT true
[INFO ][2015-11-02 12:28:58,346][com.java.SeleniumDriver] [ 1066] - ?   P A S S   ?
[INFO ][2015-11-02 12:28:58,346][com.java.SeleniumDriver] [  788] - ------------------------------------------
[INFO ][2015-11-02 12:28:58,346][com.java.SeleniumDriver] [  789] - Test case being Executed: 6
[INFO ][2015-11-02 12:28:58,346][com.java.SeleniumDriver] [  800] - Test step:4
[INFO ][2015-11-02 12:28:58,349][com.java.SeleniumDriver] [  812] - Datavalue is----------null
[DEBUG][2015-11-02 12:28:58,349][com.java.SeleniumDriver] [  830] - Exception: null
[INFO ][2015-11-02 12:28:58,349][com.java.SeleniumDriver] [  836] - DataField : //span[@class='icon-stack']&&//li[@data-id='RunPackage']/a
[INFO ][2015-11-02 12:28:58,349][com.java.SeleniumDriver] [  838] - DataValue : 
[INFO ][2015-11-02 12:28:58,349][com.java.SeleniumDriver] [  844] - <In Set values of the page>
[INFO ][2015-11-02 12:28:58,349][com.java.SeleniumDriver] [  847] - {Data Fields & Data Values Exist}
[INFO ][2015-11-02 12:28:58,349][com.java.SeleniumDriver] [  849] - --------------------------setting values-----------------------------
[INFO ][2015-11-02 12:28:58,349][com.java.SeleniumDriver] [  852] - Action Type : MOUSEOVER
[INFO ][2015-11-02 12:29:08,706][com.java.SeleniumDriver] [  861] -  RESULT true
[INFO ][2015-11-02 12:29:08,706][com.java.SeleniumDriver] [ 1066] - ?   P A S S   ?
[INFO ][2015-11-02 12:29:08,706][com.java.SeleniumDriver] [  788] - ------------------------------------------
[INFO ][2015-11-02 12:29:08,706][com.java.SeleniumDriver] [  789] - Test case being Executed: 6
[INFO ][2015-11-02 12:29:08,706][com.java.SeleniumDriver] [  800] - Test step:5
[INFO ][2015-11-02 12:29:08,706][com.java.SeleniumDriver] [  812] - Datavalue is----------3
[INFO ][2015-11-02 12:29:08,706][com.java.SeleniumDriver] [  836] - DataField : BTNdivHelpText
[INFO ][2015-11-02 12:29:08,706][com.java.SeleniumDriver] [  838] - DataValue : 3
[INFO ][2015-11-02 12:29:08,706][com.java.SeleniumDriver] [  844] - <In Set values of the page>
[INFO ][2015-11-02 12:29:08,706][com.java.SeleniumDriver] [  847] - {Data Fields & Data Values Exist}
[INFO ][2015-11-02 12:29:08,706][com.java.SeleniumDriver] [  849] - --------------------------setting values-----------------------------
[INFO ][2015-11-02 12:29:08,706][com.java.SeleniumDriver] [  852] - Action Type : WAITFORELEMENT
[INFO ][2015-11-02 12:29:09,911][com.java.SeleniumDriver] [  861] -  RESULT true
[INFO ][2015-11-02 12:29:09,911][com.java.SeleniumDriver] [ 1066] - ?   P A S S   ?
[INFO ][2015-11-02 12:29:09,912][com.java.SeleniumDriver] [  788] - ------------------------------------------
[INFO ][2015-11-02 12:29:09,913][com.java.SeleniumDriver] [  789] - Test case being Executed: 6
[INFO ][2015-11-02 12:29:09,913][com.java.SeleniumDriver] [  800] - Test step:6
[INFO ][2015-11-02 12:29:09,913][com.java.SeleniumDriver] [  812] - Datavalue is----------Run Report Package
[INFO ][2015-11-02 12:29:09,913][com.java.SeleniumDriver] [  836] - DataField : XPH//span[contains(text(),'Run Report Package')]
[INFO ][2015-11-02 12:29:09,913][com.java.SeleniumDriver] [  838] - DataValue : Run Report Package
[INFO ][2015-11-02 12:29:09,913][com.java.SeleniumDriver] [  844] - <In Set values of the page>
[INFO ][2015-11-02 12:29:09,913][com.java.SeleniumDriver] [  847] - {Data Fields & Data Values Exist}
[INFO ][2015-11-02 12:29:09,913][com.java.SeleniumDriver] [  849] - --------------------------setting values-----------------------------
[INFO ][2015-11-02 12:29:09,913][com.java.SeleniumDriver] [  852] - Action Type : VERIFY
[INFO ][2015-11-02 12:29:09,913][com.java.TestType] [ 4875] - field= XPH//span[contains(text(),'Run Report Package')] value= Run Report Package
[INFO ][2015-11-02 12:29:09,913][com.java.TestType] [ 3749] - value = Run Report Package
[INFO ][2015-11-02 12:29:10,048][com.java.SeleniumDriver] [  861] -  RESULT true
[INFO ][2015-11-02 12:29:10,048][com.java.SeleniumDriver] [ 1066] - ?   P A S S   ?
[INFO ][2015-11-02 12:29:10,048][com.java.SeleniumDriver] [  788] - ------------------------------------------
[INFO ][2015-11-02 12:29:10,048][com.java.SeleniumDriver] [  789] - Test case being Executed: 6
[INFO ][2015-11-02 12:29:10,048][com.java.SeleniumDriver] [  800] - Test step:7
[INFO ][2015-11-02 12:29:10,048][com.java.SeleniumDriver] [  812] - Datavalue is----------null
[DEBUG][2015-11-02 12:29:10,048][com.java.SeleniumDriver] [  830] - Exception: null
[INFO ][2015-11-02 12:29:10,048][com.java.SeleniumDriver] [  836] - DataField : BTNframeDialogContent
[INFO ][2015-11-02 12:29:10,048][com.java.SeleniumDriver] [  838] - DataValue : 
[INFO ][2015-11-02 12:29:10,048][com.java.SeleniumDriver] [  844] - <In Set values of the page>
[INFO ][2015-11-02 12:29:10,048][com.java.SeleniumDriver] [  847] - {Data Fields & Data Values Exist}
[INFO ][2015-11-02 12:29:10,048][com.java.SeleniumDriver] [  849] - --------------------------setting values-----------------------------
[INFO ][2015-11-02 12:29:10,048][com.java.SeleniumDriver] [  852] - Action Type : SELECTFRAME
[INFO ][2015-11-02 12:29:11,320][com.java.SeleniumDriver] [  861] -  RESULT true
[INFO ][2015-11-02 12:29:11,320][com.java.SeleniumDriver] [ 1066] - ?   P A S S   ?
[INFO ][2015-11-02 12:29:11,320][com.java.SeleniumDriver] [  788] - ------------------------------------------
[INFO ][2015-11-02 12:29:11,320][com.java.SeleniumDriver] [  789] - Test case being Executed: 6
[INFO ][2015-11-02 12:29:11,320][com.java.SeleniumDriver] [  800] - Test step:8
[INFO ][2015-11-02 12:29:11,320][com.java.SeleniumDriver] [  812] - Datavalue is----------index:1
[INFO ][2015-11-02 12:29:11,320][com.java.SeleniumDriver] [  836] - DataField : COBddlPackage
[INFO ][2015-11-02 12:29:11,320][com.java.SeleniumDriver] [  838] - DataValue : index:1
[INFO ][2015-11-02 12:29:11,320][com.java.SeleniumDriver] [  844] - <In Set values of the page>
[INFO ][2015-11-02 12:29:11,320][com.java.SeleniumDriver] [  847] - {Data Fields & Data Values Exist}
[INFO ][2015-11-02 12:29:11,320][com.java.SeleniumDriver] [  849] - --------------------------setting values-----------------------------
[INFO ][2015-11-02 12:29:11,320][com.java.SeleniumDriver] [  852] - Action Type : SELECT
[INFO ][2015-11-02 12:29:11,320][com.java.TestType] [ 3749] - value = 1
[INFO ][2015-11-02 12:29:12,439][com.java.TestType] [ 3867] -  In COB ddlPackage : 1
[INFO ][2015-11-02 12:29:12,649][com.java.SeleniumDriver] [  861] -  RESULT true
[INFO ][2015-11-02 12:29:12,649][com.java.SeleniumDriver] [ 1066] - ?   P A S S   ?
[INFO ][2015-11-02 12:29:12,649][com.java.SeleniumDriver] [  788] - ------------------------------------------
[INFO ][2015-11-02 12:29:12,649][com.java.SeleniumDriver] [  789] - Test case being Executed: 6
[INFO ][2015-11-02 12:29:12,649][com.java.SeleniumDriver] [  800] - Test step:9
[INFO ][2015-11-02 12:29:12,649][com.java.SeleniumDriver] [  812] - Datavalue is----------null
[DEBUG][2015-11-02 12:29:12,649][com.java.SeleniumDriver] [  830] - Exception: null
[INFO ][2015-11-02 12:29:12,649][com.java.SeleniumDriver] [  836] - DataField : XPH//div[@id='ChkBxLstProfitCenter']/input
[INFO ][2015-11-02 12:29:12,649][com.java.SeleniumDriver] [  838] - DataValue : 
[INFO ][2015-11-02 12:29:12,649][com.java.SeleniumDriver] [  844] - <In Set values of the page>
[INFO ][2015-11-02 12:29:12,649][com.java.SeleniumDriver] [  847] - {Data Fields & Data Values Exist}
[INFO ][2015-11-02 12:29:12,649][com.java.SeleniumDriver] [  849] - --------------------------setting values-----------------------------
[INFO ][2015-11-02 12:29:12,649][com.java.SeleniumDriver] [  852] - Action Type : CLICK
[INFO ][2015-11-02 12:29:12,649][com.java.TestType] [ 4062] - Field ::XPH//div[@id='ChkBxLstProfitCenter']/input
[INFO ][2015-11-02 12:29:13,655][com.java.TestType] [ 4121] - BEFORE CLICK
[INFO ][2015-11-02 12:29:14,422][com.java.TestType] [ 4129] - Unable to click the object Profit Centers>>Consolidated check box
[INFO ][2015-11-02 12:29:14,422][com.java.SeleniumDriver] [  861] -  RESULT true
[INFO ][2015-11-02 12:29:14,422][com.java.SeleniumDriver] [ 1066] - ?   P A S S   ?
[INFO ][2015-11-02 12:29:14,422][com.java.SeleniumDriver] [  788] - ------------------------------------------
[INFO ][2015-11-02 12:29:14,422][com.java.SeleniumDriver] [  789] - Test case being Executed: 6
[INFO ][2015-11-02 12:29:14,422][com.java.SeleniumDriver] [  800] - Test step:10
[INFO ][2015-11-02 12:29:14,422][com.java.SeleniumDriver] [  812] - Datavalue is----------index:1
[INFO ][2015-11-02 12:29:14,422][com.java.SeleniumDriver] [  836] - DataField : COBddlDate
[INFO ][2015-11-02 12:29:14,422][com.java.SeleniumDriver] [  838] - DataValue : index:1
[INFO ][2015-11-02 12:29:14,422][com.java.SeleniumDriver] [  844] - <In Set values of the page>
[INFO ][2015-11-02 12:29:14,422][com.java.SeleniumDriver] [  847] - {Data Fields & Data Values Exist}
[INFO ][2015-11-02 12:29:14,422][com.java.SeleniumDriver] [  849] - --------------------------setting values-----------------------------
[INFO ][2015-11-02 12:29:14,422][com.java.SeleniumDriver] [  852] - Action Type : SELECT
[INFO ][2015-11-02 12:29:14,422][com.java.TestType] [ 3749] - value = 1
[INFO ][2015-11-02 12:29:15,516][com.java.TestType] [ 3867] -  In COB ddlDate : 1
[INFO ][2015-11-02 12:29:15,868][com.java.SeleniumDriver] [  861] -  RESULT true
[INFO ][2015-11-02 12:29:15,869][com.java.SeleniumDriver] [ 1066] - ?   P A S S   ?
[INFO ][2015-11-02 12:29:15,869][com.java.SeleniumDriver] [  788] - ------------------------------------------
[INFO ][2015-11-02 12:29:15,869][com.java.SeleniumDriver] [  789] - Test case being Executed: 6
[INFO ][2015-11-02 12:29:15,869][com.java.SeleniumDriver] [  800] - Test step:11
[INFO ][2015-11-02 12:29:15,869][com.java.SeleniumDriver] [  812] - Datavalue is----------null
[DEBUG][2015-11-02 12:29:15,869][com.java.SeleniumDriver] [  830] - Exception: null
[INFO ][2015-11-02 12:29:15,869][com.java.SeleniumDriver] [  836] - DataField : BTNrdoPDF
[INFO ][2015-11-02 12:29:15,869][com.java.SeleniumDriver] [  838] - DataValue : 
[INFO ][2015-11-02 12:29:15,869][com.java.SeleniumDriver] [  844] - <In Set values of the page>
[INFO ][2015-11-02 12:29:15,869][com.java.SeleniumDriver] [  847] - {Data Fields & Data Values Exist}
[INFO ][2015-11-02 12:29:15,869][com.java.SeleniumDriver] [  849] - --------------------------setting values-----------------------------
[INFO ][2015-11-02 12:29:15,869][com.java.SeleniumDriver] [  852] - Action Type : CLICK
[INFO ][2015-11-02 12:29:15,869][com.java.TestType] [ 4062] - Field ::BTNrdoPDF
[INFO ][2015-11-02 12:29:16,874][com.java.TestType] [ 4100] - BEFORE CLICK
[INFO ][2015-11-02 12:29:18,075][com.java.TestType] [ 4107] - Unable to click the object E-Mail radio button
[INFO ][2015-11-02 12:29:18,075][com.java.SeleniumDriver] [  861] -  RESULT true
[INFO ][2015-11-02 12:29:18,075][com.java.SeleniumDriver] [ 1066] - ?   P A S S   ?
[INFO ][2015-11-02 12:29:18,075][com.java.SeleniumDriver] [  788] - ------------------------------------------
[INFO ][2015-11-02 12:29:18,075][com.java.SeleniumDriver] [  789] - Test case being Executed: 6
[INFO ][2015-11-02 12:29:18,075][com.java.SeleniumDriver] [  800] - Test step:12
[INFO ][2015-11-02 12:29:18,075][com.java.SeleniumDriver] [  812] - Datavalue is----------null
[DEBUG][2015-11-02 12:29:18,075][com.java.SeleniumDriver] [  830] - Exception: null
[INFO ][2015-11-02 12:29:18,075][com.java.SeleniumDriver] [  836] - DataField : BTNparent
[INFO ][2015-11-02 12:29:18,075][com.java.SeleniumDriver] [  838] - DataValue : 
[INFO ][2015-11-02 12:29:18,075][com.java.SeleniumDriver] [  844] - <In Set values of the page>
[INFO ][2015-11-02 12:29:18,075][com.java.SeleniumDriver] [  847] - {Data Fields & Data Values Exist}
[INFO ][2015-11-02 12:29:18,075][com.java.SeleniumDriver] [  849] - --------------------------setting values-----------------------------
[INFO ][2015-11-02 12:29:18,075][com.java.SeleniumDriver] [  852] - Action Type : SELECTFRAME
[INFO ][2015-11-02 12:29:18,085][com.java.SeleniumDriver] [  861] -  RESULT true
[INFO ][2015-11-02 12:29:18,085][com.java.SeleniumDriver] [ 1066] - ?   P A S S   ?
[INFO ][2015-11-02 12:29:18,085][com.java.SeleniumDriver] [  788] - ------------------------------------------
[INFO ][2015-11-02 12:29:18,085][com.java.SeleniumDriver] [  789] - Test case being Executed: 6
[INFO ][2015-11-02 12:29:18,085][com.java.SeleniumDriver] [  800] - Test step:13
[INFO ][2015-11-02 12:29:18,085][com.java.SeleniumDriver] [  812] - Datavalue is----------null
[DEBUG][2015-11-02 12:29:18,085][com.java.SeleniumDriver] [  830] - Exception: null
[INFO ][2015-11-02 12:29:18,085][com.java.SeleniumDriver] [  836] - DataField : XPH//span[contains(text(),'Run Package')]
[INFO ][2015-11-02 12:29:18,085][com.java.SeleniumDriver] [  838] - DataValue : 
[INFO ][2015-11-02 12:29:18,085][com.java.SeleniumDriver] [  844] - <In Set values of the page>
[INFO ][2015-11-02 12:29:18,085][com.java.SeleniumDriver] [  847] - {Data Fields & Data Values Exist}
[INFO ][2015-11-02 12:29:18,085][com.java.SeleniumDriver] [  849] - --------------------------setting values-----------------------------
[INFO ][2015-11-02 12:29:18,085][com.java.SeleniumDriver] [  852] - Action Type : CLICK
[INFO ][2015-11-02 12:29:18,085][com.java.TestType] [ 4062] - Field ::XPH//span[contains(text(),'Run Package')]
[INFO ][2015-11-02 12:29:19,087][com.java.TestType] [ 4121] - BEFORE CLICK
[INFO ][2015-11-02 12:29:20,355][com.java.TestType] [ 4129] - Unable to click the object null
[INFO ][2015-11-02 12:29:20,355][com.java.SeleniumDriver] [  861] -  RESULT true
[INFO ][2015-11-02 12:29:20,355][com.java.SeleniumDriver] [ 1066] - ?   P A S S   ?
[INFO ][2015-11-02 12:29:20,355][com.java.SeleniumDriver] [  788] - ------------------------------------------
[INFO ][2015-11-02 12:29:20,355][com.java.SeleniumDriver] [  789] - Test case being Executed: 6
[INFO ][2015-11-02 12:29:20,355][com.java.SeleniumDriver] [  800] - Test step:14
[INFO ][2015-11-02 12:29:20,355][com.java.SeleniumDriver] [  812] - Datavalue is----------null
[DEBUG][2015-11-02 12:29:20,355][com.java.SeleniumDriver] [  830] - Exception: null
[INFO ][2015-11-02 12:29:20,355][com.java.SeleniumDriver] [  836] - DataField : BTNframeDialogContent
[INFO ][2015-11-02 12:29:20,355][com.java.SeleniumDriver] [  838] - DataValue : 
[INFO ][2015-11-02 12:29:20,355][com.java.SeleniumDriver] [  844] - <In Set values of the page>
[INFO ][2015-11-02 12:29:20,355][com.java.SeleniumDriver] [  847] - {Data Fields & Data Values Exist}
[INFO ][2015-11-02 12:29:20,355][com.java.SeleniumDriver] [  849] - --------------------------setting values-----------------------------
[INFO ][2015-11-02 12:29:20,355][com.java.SeleniumDriver] [  852] - Action Type : SELECTFRAME
[INFO ][2015-11-02 12:29:21,610][com.java.SeleniumDriver] [  861] -  RESULT true
[INFO ][2015-11-02 12:29:21,610][com.java.SeleniumDriver] [ 1066] - ?   P A S S   ?
[INFO ][2015-11-02 12:29:21,610][com.java.SeleniumDriver] [  788] - ------------------------------------------
[INFO ][2015-11-02 12:29:21,610][com.java.SeleniumDriver] [  789] - Test case being Executed: 6
[INFO ][2015-11-02 12:29:21,610][com.java.SeleniumDriver] [  800] - Test step:15
[INFO ][2015-11-02 12:29:21,610][com.java.SeleniumDriver] [  812] - Datavalue is----------Your report package is currently being processed and will be emailed to you shortly. You may now close this window and continue working.
[INFO ][2015-11-02 12:29:21,610][com.java.SeleniumDriver] [  836] - DataField : TTLprocessing
[INFO ][2015-11-02 12:29:21,610][com.java.SeleniumDriver] [  838] - DataValue : Your report package is currently being processed and will be emailed to you shortly. You may now close this window and continue working.
[INFO ][2015-11-02 12:29:21,610][com.java.SeleniumDriver] [  844] - <In Set values of the page>
[INFO ][2015-11-02 12:29:21,610][com.java.SeleniumDriver] [  847] - {Data Fields & Data Values Exist}
[INFO ][2015-11-02 12:29:21,610][com.java.SeleniumDriver] [  849] - --------------------------setting values-----------------------------
[INFO ][2015-11-02 12:29:21,610][com.java.SeleniumDriver] [  852] - Action Type : VERIFY
[INFO ][2015-11-02 12:29:21,610][com.java.TestType] [ 4875] - field= TTLprocessing value= Your report package is currently being processed and will be emailed to you shortly. You may now close this window and continue working.
[INFO ][2015-11-02 12:29:21,610][com.java.TestType] [ 3749] - value = Your report package is currently being processed and will be emailed to you shortly. You may now close this window and continue working.
[INFO ][2015-11-02 12:29:21,630][com.java.TestType] [ 5104] - The actual title is-----Banker's Dashboard
[INFO ][2015-11-02 12:29:21,630][com.java.TestType] [ 5105] - The expected title is--------Your report package is currently being processed and will be emailed to you shortly. You may now close this window and continue working.
[DEBUG][2015-11-02 12:29:21,630][com.java.TestType] [ 5109] - Unable to verify the window with the titleYour report package is currently being processed and will be emailed to you shortly. You may now close this window and continue working.
[INFO ][2015-11-02 12:29:21,630][com.java.SeleniumDriver] [  861] -  RESULT false
[INFO ][2015-11-02 12:29:21,630][com.java.SeleniumDriver] [  908] - ?   F A I L   ?
[INFO ][2015-11-02 12:29:21,630][com.java.SeleniumDriver] [  916] - Browser Type : IE11
[INFO ][2015-11-02 12:29:21,630][com.java.SeleniumDriver] [  917] - Adding Failed case6
[INFO ][2015-11-02 12:29:22,387][com.java.SeleniumDriver] [ 1030] - failedCases = 6
[ERROR][2015-11-02 12:29:22,387][com.java.SeleniumDriver] [ 1516] - Platform Errors : Our apologies...::We have encountered an issue with your request.::Our apologies?:We encountered an issue with your request.
[INFO ][2015-11-02 12:29:22,387][com.java.SeleniumDriver] [ 1520] - Length =3
[ERROR][2015-11-02 12:29:22,387][com.java.SeleniumDriver] [ 1523] - Error 0 = Our apologies...
[ERROR][2015-11-02 12:29:22,407][com.java.SeleniumDriver] [ 1523] - Error 1 = We have encountered an issue with your request.
[ERROR][2015-11-02 12:29:22,427][com.java.SeleniumDriver] [ 1523] - Error 2 = Our apologies?:We encountered an issue with your request.
[DEBUG][2015-11-02 12:29:22,447][com.java.SeleniumDriver] [ 1168] - Case found
[DEBUG][2015-11-02 12:29:22,447][com.java.SeleniumDriver] [ 1173] - Incrementing ReportCounters[0]:2
[INFO ][2015-11-02 12:29:22,447][com.java.SeleniumDriver] [ 1192] - The results are-------------------[6, 15, Report Package: Run Report Package to Email, Fail, 
Test case failed at Step No. :: 15   Error Message ::  Unable to verify the window with the titleYour report package is currently being processed and will be emailed to you shortly. You may now close this window and continue working.. Screen Shot : D:\BankersDashboard\TestReports\110215\6_110215_122921_IE11.png, Mon Nov 02 12:29:22 IST 2015]
[INFO ][2015-11-02 12:29:22,447][com.java.SeleniumDriver] [ 1196] - End time is-------1 min 28 sec
[INFO ][2015-11-02 12:29:22,447][com.java.SeleniumDriver] [ 1197] - The results are-------------------[6, 15, Report Package: Run Report Package to Email, Fail, 
Test case failed at Step No. :: 15   Error Message ::  Unable to verify the window with the titleYour report package is currently being processed and will be emailed to you shortly. You may now close this window and continue working.. Screen Shot : D:\BankersDashboard\TestReports\110215\6_110215_122921_IE11.png, Mon Nov 02 12:29:22 IST 2015]
[DEBUG][2015-11-02 12:29:22,447][com.java.ImportnExport.ExportTestResultsExcel] [  222] - testResultPath = D:\BankersDashboard/TestReports/Test Results_BankersDashBoard_110215_122756_IE11_Any Bank USA.xls
[DEBUG][2015-11-02 12:29:22,447][com.java.ImportnExport.ExportTestResultsExcel] [  223] - browser is------------IE11
[DEBUG][2015-11-02 12:29:22,447][com.java.ImportnExport.ExportTestResultsExcel] [  270] - result.size() = 6
[DEBUG][2015-11-02 12:29:22,447][com.java.ImportnExport.ExportTestResultsExcel] [  274] - No of rows in sheet=2
[DEBUG][2015-11-02 12:29:22,447][com.java.ImportnExport.ExportTestResultsExcel] [  301] - ..in export..6
[DEBUG][2015-11-02 12:29:22,447][com.java.ImportnExport.ExportTestResultsExcel] [  301] - ..in export..Report Package: Run Report Package to Email
[DEBUG][2015-11-02 12:29:22,447][com.java.ImportnExport.ExportTestResultsExcel] [  301] - ..in export..Fail
[DEBUG][2015-11-02 12:29:22,447][com.java.ImportnExport.ExportTestResultsExcel] [  301] - ..in export..
Test case failed at Step No. :: 15   Error Message ::  Unable to verify the window with the titleYour report package is currently being processed and will be emailed to you shortly. You may now close this window and continue working.. Screen Shot : D:\BankersDashboard\TestReports\110215\6_110215_122921_IE11.png
[DEBUG][2015-11-02 12:29:22,447][com.java.ImportnExport.ExportTestResultsExcel] [  301] - ..in export..Mon Nov 02 12:29:22 IST 2015
[INFO ][2015-11-02 12:29:22,447][com.java.SeleniumDriver] [ 1255] - out loop:1 size:2 TestCases:[1, 6] testcases:[1, 6]
[INFO ][2015-11-02 12:29:24,455][com.java.SeleniumDriver] [ 1297] - Total Number of Cases:2
[INFO ][2015-11-02 12:29:24,455][com.java.TemplateGenerator] [  302] - Executed:2
[INFO ][2015-11-02 12:29:24,455][com.java.TemplateGenerator] [  303] - Passed:1
[INFO ][2015-11-02 12:29:24,455][com.java.TemplateGenerator] [  304] - Failed:1
[INFO ][2015-11-02 12:29:24,455][com.java.TemplateGenerator] [  305] - Skipeed:0
[INFO ][2015-11-02 12:29:24,455][com.java.TemplateGenerator] [  306] - Application URL:https://clients-xuat.bankersdashboard.com
[INFO ][2015-11-02 12:29:24,455][com.java.TemplateGenerator] [  307] - Start Time:110215_122756
[INFO ][2015-11-02 12:29:24,455][com.java.TemplateGenerator] [  308] -  Creating HTML Report 
[ERROR][2015-11-02 12:29:24,455][com.java.TemplateGenerator] [  409] - Unparseable date: "Mon Nov 02 12:27:56 IST 2015"
[INFO ][2015-11-02 12:29:24,455][com.java.TemplateGenerator] [  654] -  Exporting case :: 1
[INFO ][2015-11-02 12:29:24,455][com.java.TemplateGenerator] [  654] -  Exporting case :: 6
[INFO ][2015-11-02 12:29:24,455][com.java.SeleniumDriver] [ 1346] - End Time:110215_122924
[INFO ][2015-11-02 12:29:24,455][com.java.SeleniumDriver] [ 1349] - Data in Test Execution Details:{1=PASS, 6=FAILTest case failed at Step No. :: 15   Error Message ::  Unable to verify the window with the titleYour report package is currently being processed and will be emailed to you shortly. You may now close this window and continue working.}
[INFO ][2015-11-02 12:29:24,455][com.java.SeleniumDriver] [ 1350] - Data in Failed Execution Deatils:{}
[INFO ][2015-11-02 12:29:24,455][com.java.SeleniumDriver] [ 1352] - ReportCounter:Total:2 :: PASS: 1 ::FAIL: 1
[INFO ][2015-11-02 12:29:24,455][com.java.SeleniumDriver] [ 1353] - FailedReportCounter:Total:0 :: PASS: 0 ::FAIL: 0
[INFO ][2015-11-02 12:29:24,456][com.java.EmailTestReport] [   63] - Sending report mail details:
[INFO ][2015-11-02 12:29:24,456][com.java.EmailTestReport] [   80] - Excel Report Path:D:\BankersDashboard/TestReports/Test Results_BankersDashBoard_110215_122756_IE11_Any Bank USA.xls
[INFO ][2015-11-02 12:29:24,456][com.java.EmailTestReport] [   81] - HTML Report Path:D:\BankersDashboard//TestReports//Test Results_BankersDashBoard_110215_122756_IE11_Any Bank USA.html
[INFO ][2015-11-02 12:29:24,456][com.java.EmailTestReport] [   82] - smtpHostName:mail01.valuelabs.com
[INFO ][2015-11-02 12:29:24,456][com.java.EmailTestReport] [   83] - Recipient:venkateswararao.gubbala@valuelabs.com
[INFO ][2015-11-02 12:29:24,456][com.java.EmailTestReport] [   84] - From:venkateswararao.gubbala@valuelabs.com
[INFO ][2015-11-02 12:29:24,456][com.java.EmailTestReport] [   85] - Subject:DestinationRewards Automation Test Report - Any Bank USA - IE11
[INFO ][2015-11-02 12:29:24,476][com.java.EmailTestReport] [  143] -  Added venkateswararao.gubbala@valuelabs.com
[INFO ][2015-11-02 12:29:27,872][com.java.SeleniumDriver] [  719] - quitting the browser 
[INFO ][2015-11-02 12:29:29,115][com.java.SeleniumDriver] [  263] - Execution Completed Stopping the thread
