[INFO ][2016-01-27 18:26:04,039][com.java.SeleniumDriver] [  213] - Execute Failed Casesfalse
[INFO ][2016-01-27 18:26:04,039][com.java.SeleniumDriver] [  214] - Browser: IE10
[INFO ][2016-01-27 18:26:04,039][com.java.SeleniumDriver] [  215] - [1, 4]
[INFO ][2016-01-27 18:26:04,039][com.java.SeleniumDriver] [  216] - Total TestCases:2
[INFO ][2016-01-27 18:26:04,039][com.java.SeleniumDriver] [  217] -  Reading Properties from Property File 
[DEBUG][2016-01-27 18:26:04,039][com.java.SeleniumDriver] [  238] - url : https://clients-xuat.bankersdashboard.com
[INFO ][2016-01-27 18:26:04,039][com.java.ImportnExport.ExportTestResultsExcel] [  116] - Time Stamp Wed Jan 27 06:26:04 IST 2016
[INFO ][2016-01-27 18:26:04,049][com.java.ImportnExport.ExportTestResultsExcel] [  175] - OUT FILE : D:\BankersDashboard/TestReports/Test Results_BankersDashBoard_012716_182604_IE10_First Bank.xls
[INFO ][2016-01-27 18:26:04,071][com.java.ImportnExport.ExportTestResultsExcel] [  180] - Test Result file is created
[DEBUG][2016-01-27 18:26:04,171][com.java.SeleniumDriver] [  426] - Hub ip address is-------172.17.68.34
[INFO ][2016-01-27 18:26:04,171][com.java.SeleniumDriver] [  452] - Grid URL:http://172.17.68.34:4444/wd/hub
[INFO ][2016-01-27 18:26:04,171][com.java.SeleniumDriver] [  453] - Capability:Capabilities [{platform=ANY, ensureCleanSession=true, ignoreProtectedModeSettings=true, acceptSslCerts=true, ignoreZoomSetting=true, browserName=internet explorer, browserstack.ie.noFlash=true, version=null}]
[ERROR][2016-01-27 18:26:05,481][com.java.SeleniumDriver] [  498] - Unable invoke browser in grid:Could not start a new session. Possible causes are invalid address of the remote server or browser start-up failure.
Build info: version: '2.48.2', revision: '41bccdd', time: '2015-10-09 19:59:12'
System info: host: 'FVTIII438F1D', ip: '172.17.68.34', os.name: 'Windows 7', os.arch: 'x86', os.version: '6.1', java.version: '1.7.0_55'
Driver info: driver.version: SeleniumDriver
[INFO ][2016-01-27 18:26:05,481][com.java.SeleniumDriver] [  500] - Executing on local machine
[INFO ][2016-01-27 18:26:15,746][com.java.SeleniumDriver] [  248] - IE10is opened
[INFO ][2016-01-27 18:26:16,581][com.java.SeleniumDriver] [  756] - Test cases to be executed are: [1, 4]
[INFO ][2016-01-27 18:26:16,602][com.java.ImportnExport.ImportTestDataDetailsExcel] [   49] - test data details path===== D:\BankersDashboard\TestInputs\TestData.xls
[INFO ][2016-01-27 18:26:16,682][com.java.SeleniumDriver] [  856] - ------------------------------------------
[INFO ][2016-01-27 18:26:16,682][com.java.SeleniumDriver] [  857] - Test case being Executed: 1
[INFO ][2016-01-27 18:26:16,682][com.java.SeleniumDriver] [  869] - Test step:1
[INFO ][2016-01-27 18:26:16,682][com.java.SeleniumDriver] [  881] - Datavalue is----------Concept#1:1-16
[INFO ][2016-01-27 18:26:16,682][com.java.SeleniumDriver] [  905] - DataField : test
[INFO ][2016-01-27 18:26:16,682][com.java.SeleniumDriver] [  907] - DataValue : Concept#1:1-16
[INFO ][2016-01-27 18:26:16,682][com.java.SeleniumDriver] [  913] - <In Set values of the page>
[INFO ][2016-01-27 18:26:16,682][com.java.SeleniumDriver] [  916] - {Data Fields & Data Values Exist}
[INFO ][2016-01-27 18:26:16,682][com.java.SeleniumDriver] [  918] - --------------------------setting values-----------------------------
[INFO ][2016-01-27 18:26:16,682][com.java.SeleniumDriver] [  921] - Action Type : ExecuteTestCase
[INFO ][2016-01-27 18:26:16,702][com.java.TestType] [  442] - The Concept sheet name is ---------- Concept
[INFO ][2016-01-27 18:26:16,702][com.java.TestType] [  445] - The Concept ID  is ---------- 1
[DEBUG][2016-01-27 18:26:16,702][com.java.TestType] [  449] - Steps being executted in the Concept are: 1:16
[INFO ][2016-01-27 18:26:16,702][com.java.TestType] [  456] - Test data details path ---------- D:\BankersDashboard\TestInputs\TestData.xls
[INFO ][2016-01-27 18:26:16,732][com.java.TestType] [  487] -  str(1) = 1
[INFO ][2016-01-27 18:26:16,732][com.java.TestType] [  490] - Test case Id is---1
[INFO ][2016-01-27 18:26:16,732][com.java.TestType] [  492] - 1
[INFO ][2016-01-27 18:26:16,732][com.java.TestType] [  487] -  str(2) = 1
[INFO ][2016-01-27 18:26:16,732][com.java.TestType] [  487] -  str(1) = 1
[INFO ][2016-01-27 18:26:16,732][com.java.TestType] [  490] - Test case Id is---1
[INFO ][2016-01-27 18:26:16,732][com.java.TestType] [  492] - 1
[INFO ][2016-01-27 18:26:16,732][com.java.TestType] [  487] -  str(2) = 2
[INFO ][2016-01-27 18:26:16,742][com.java.TestType] [  487] -  str(1) = 1
[INFO ][2016-01-27 18:26:16,742][com.java.TestType] [  490] - Test case Id is---1
[INFO ][2016-01-27 18:26:16,742][com.java.TestType] [  492] - 1
[INFO ][2016-01-27 18:26:16,742][com.java.TestType] [  487] -  str(2) = 3
[INFO ][2016-01-27 18:26:16,742][com.java.TestType] [  487] -  str(1) = 1
[INFO ][2016-01-27 18:26:16,742][com.java.TestType] [  490] - Test case Id is---1
[INFO ][2016-01-27 18:26:16,742][com.java.TestType] [  492] - 1
[INFO ][2016-01-27 18:26:16,742][com.java.TestType] [  487] -  str(2) = 4
[INFO ][2016-01-27 18:26:16,742][com.java.TestType] [  487] -  str(1) = 1
[INFO ][2016-01-27 18:26:16,742][com.java.TestType] [  490] - Test case Id is---1
[INFO ][2016-01-27 18:26:16,742][com.java.TestType] [  492] - 1
[INFO ][2016-01-27 18:26:16,742][com.java.TestType] [  487] -  str(2) = 5
[INFO ][2016-01-27 18:26:16,742][com.java.TestType] [  487] -  str(1) = 1
[INFO ][2016-01-27 18:26:16,742][com.java.TestType] [  490] - Test case Id is---1
[INFO ][2016-01-27 18:26:16,742][com.java.TestType] [  492] - 1
[INFO ][2016-01-27 18:26:16,742][com.java.TestType] [  487] -  str(2) = 6
[INFO ][2016-01-27 18:26:16,742][com.java.TestType] [  487] -  str(1) = 1
[INFO ][2016-01-27 18:26:16,742][com.java.TestType] [  490] - Test case Id is---1
[INFO ][2016-01-27 18:26:16,742][com.java.TestType] [  492] - 1
[INFO ][2016-01-27 18:26:16,742][com.java.TestType] [  487] -  str(2) = 7
[INFO ][2016-01-27 18:26:16,742][com.java.TestType] [  487] -  str(1) = 1
[INFO ][2016-01-27 18:26:16,742][com.java.TestType] [  490] - Test case Id is---1
[INFO ][2016-01-27 18:26:16,742][com.java.TestType] [  492] - 1
[INFO ][2016-01-27 18:26:16,742][com.java.TestType] [  487] -  str(2) = 8
[INFO ][2016-01-27 18:26:16,742][com.java.TestType] [  487] -  str(1) = 1
[INFO ][2016-01-27 18:26:16,752][com.java.TestType] [  490] - Test case Id is---1
[INFO ][2016-01-27 18:26:16,752][com.java.TestType] [  492] - 1
[INFO ][2016-01-27 18:26:16,752][com.java.TestType] [  487] -  str(2) = 9
[INFO ][2016-01-27 18:26:16,752][com.java.TestType] [  487] -  str(1) = 1
[INFO ][2016-01-27 18:26:16,752][com.java.TestType] [  490] - Test case Id is---1
[INFO ][2016-01-27 18:26:16,752][com.java.TestType] [  492] - 1
[INFO ][2016-01-27 18:26:16,752][com.java.TestType] [  487] -  str(2) = 10
[INFO ][2016-01-27 18:26:16,752][com.java.TestType] [  487] -  str(1) = 1
[INFO ][2016-01-27 18:26:16,752][com.java.TestType] [  490] - Test case Id is---1
[INFO ][2016-01-27 18:26:16,752][com.java.TestType] [  492] - 1
[INFO ][2016-01-27 18:26:16,752][com.java.TestType] [  487] -  str(2) = 11
[INFO ][2016-01-27 18:26:16,752][com.java.TestType] [  487] -  str(1) = 1
[INFO ][2016-01-27 18:26:16,752][com.java.TestType] [  490] - Test case Id is---1
[INFO ][2016-01-27 18:26:16,752][com.java.TestType] [  492] - 1
[INFO ][2016-01-27 18:26:16,752][com.java.TestType] [  487] -  str(2) = 12
[INFO ][2016-01-27 18:26:16,752][com.java.TestType] [  487] -  str(1) = 1
[INFO ][2016-01-27 18:26:16,752][com.java.TestType] [  490] - Test case Id is---1
[INFO ][2016-01-27 18:26:16,752][com.java.TestType] [  492] - 1
[INFO ][2016-01-27 18:26:16,752][com.java.TestType] [  487] -  str(2) = 13
[INFO ][2016-01-27 18:26:16,752][com.java.TestType] [  487] -  str(1) = 1
[INFO ][2016-01-27 18:26:16,752][com.java.TestType] [  490] - Test case Id is---1
[INFO ][2016-01-27 18:26:16,752][com.java.TestType] [  492] - 1
[INFO ][2016-01-27 18:26:16,752][com.java.TestType] [  487] -  str(2) = 14
[INFO ][2016-01-27 18:26:16,752][com.java.TestType] [  487] -  str(1) = 1
[INFO ][2016-01-27 18:26:16,752][com.java.TestType] [  490] - Test case Id is---1
[INFO ][2016-01-27 18:26:16,752][com.java.TestType] [  492] - 1
[INFO ][2016-01-27 18:26:16,752][com.java.TestType] [  487] -  str(2) = 15
[INFO ][2016-01-27 18:26:16,752][com.java.TestType] [  487] -  str(1) = 1
[INFO ][2016-01-27 18:26:16,752][com.java.TestType] [  490] - Test case Id is---1
[INFO ][2016-01-27 18:26:16,752][com.java.TestType] [  492] - 1
[INFO ][2016-01-27 18:26:16,752][com.java.TestType] [  487] -  str(2) = 16
[INFO ][2016-01-27 18:26:16,752][com.java.TestType] [11685] - Looping 1TCID = 1
[DEBUG][2016-01-27 18:26:16,752][com.java.TestType] [11726] - Concept ID:1 :: Step being Executed: 1::1
[INFO ][2016-01-27 18:26:16,752][com.java.TestType] [11764] - dataFields : TXTusername
[DEBUG][2016-01-27 18:26:16,752][com.java.TestType] [11770] - <In Set values of the page>
[DEBUG][2016-01-27 18:26:16,752][com.java.TestType] [11775] - {Data Fields & Data Values Exist}
[INFO ][2016-01-27 18:26:16,752][com.java.TestType] [11781] - --------------------------setting values-----------------------------
[INFO ][2016-01-27 18:26:16,752][com.java.TestType] [11784] - Action Type : CLEARANDENTER
[INFO ][2016-01-27 18:26:19,023][com.java.TestType] [ 6430] - value = valuelabs.ie10.15019
[INFO ][2016-01-27 18:26:21,424][com.java.TestType] [11803] -  RESULT true
[INFO ][2016-01-27 18:26:21,424][com.java.TestType] [11920] - ?   P A S S   ?
[DEBUG][2016-01-27 18:26:21,424][com.java.TestType] [11726] - Concept ID:1 :: Step being Executed: 1::2
[INFO ][2016-01-27 18:26:21,424][com.java.TestType] [11764] - dataFields : TXTpassword
[DEBUG][2016-01-27 18:26:21,424][com.java.TestType] [11770] - <In Set values of the page>
[DEBUG][2016-01-27 18:26:21,424][com.java.TestType] [11775] - {Data Fields & Data Values Exist}
[INFO ][2016-01-27 18:26:21,424][com.java.TestType] [11781] - --------------------------setting values-----------------------------
[INFO ][2016-01-27 18:26:21,424][com.java.TestType] [11784] - Action Type : CLEARANDENTER
[INFO ][2016-01-27 18:26:23,675][com.java.TestType] [ 6430] - value = Password1*
[INFO ][2016-01-27 18:26:26,221][com.java.TestType] [11803] -  RESULT true
[INFO ][2016-01-27 18:26:26,221][com.java.TestType] [11920] - ?   P A S S   ?
[DEBUG][2016-01-27 18:26:26,221][com.java.TestType] [11726] - Concept ID:1 :: Step being Executed: 1::3
[ERROR][2016-01-27 18:26:26,221][com.java.TestType] [11759] - Exception: null
[INFO ][2016-01-27 18:26:26,221][com.java.TestType] [11764] - dataFields : XPH//button[@type='submit']
[DEBUG][2016-01-27 18:26:26,221][com.java.TestType] [11770] - <In Set values of the page>
[DEBUG][2016-01-27 18:26:26,221][com.java.TestType] [11775] - {Data Fields & Data Values Exist}
[INFO ][2016-01-27 18:26:26,221][com.java.TestType] [11781] - --------------------------setting values-----------------------------
[INFO ][2016-01-27 18:26:26,221][com.java.TestType] [11784] - Action Type : Click
[INFO ][2016-01-27 18:26:26,221][com.java.TestType] [ 6809] - Field ::XPH//button[@type='submit']
[INFO ][2016-01-27 18:26:26,221][com.java.TestType] [ 6430] - value = 
[INFO ][2016-01-27 18:26:27,221][com.java.TestType] [ 6982] - BEFORE CLICK
[INFO ][2016-01-27 18:26:30,419][com.java.TestType] [ 6990] - Unable to click the object Login
[INFO ][2016-01-27 18:26:30,419][com.java.TestType] [11803] -  RESULT true
[INFO ][2016-01-27 18:26:30,419][com.java.TestType] [11920] - ?   P A S S   ?
[DEBUG][2016-01-27 18:26:30,419][com.java.TestType] [11726] - Concept ID:1 :: Step being Executed: 1::4
[INFO ][2016-01-27 18:26:30,419][com.java.TestType] [11764] - dataFields : LNKLogout
[DEBUG][2016-01-27 18:26:30,419][com.java.TestType] [11770] - <In Set values of the page>
[DEBUG][2016-01-27 18:26:30,419][com.java.TestType] [11775] - {Data Fields & Data Values Exist}
[INFO ][2016-01-27 18:26:30,419][com.java.TestType] [11781] - --------------------------setting values-----------------------------
[INFO ][2016-01-27 18:26:30,419][com.java.TestType] [11784] - Action Type : WaitForElement
[INFO ][2016-01-27 18:26:30,450][com.java.TestType] [11803] -  RESULT true
[INFO ][2016-01-27 18:26:30,450][com.java.TestType] [11920] - ?   P A S S   ?
[DEBUG][2016-01-27 18:26:30,450][com.java.TestType] [11726] - Concept ID:1 :: Step being Executed: 1::15
[INFO ][2016-01-27 18:26:30,450][com.java.TestType] [11764] - dataFields : LNK
[DEBUG][2016-01-27 18:26:30,450][com.java.TestType] [11770] - <In Set values of the page>
[DEBUG][2016-01-27 18:26:30,450][com.java.TestType] [11775] - {Data Fields & Data Values Exist}
[INFO ][2016-01-27 18:26:30,450][com.java.TestType] [11781] - --------------------------setting values-----------------------------
[INFO ][2016-01-27 18:26:30,450][com.java.TestType] [11784] - Action Type : Verify
[INFO ][2016-01-27 18:26:30,450][com.java.TestType] [ 8020] - field= LNK value= Logout
[INFO ][2016-01-27 18:26:30,450][com.java.TestType] [ 6430] - value = Logout
[INFO ][2016-01-27 18:26:30,480][com.java.TestType] [11803] -  RESULT true
[INFO ][2016-01-27 18:26:30,480][com.java.TestType] [11920] - ?   P A S S   ?
[DEBUG][2016-01-27 18:26:30,480][com.java.TestType] [11726] - Concept ID:1 :: Step being Executed: 1::16
[INFO ][2016-01-27 18:26:30,480][com.java.TestType] [11764] - dataFields : BTN
[DEBUG][2016-01-27 18:26:30,480][com.java.TestType] [11770] - <In Set values of the page>
[DEBUG][2016-01-27 18:26:30,480][com.java.TestType] [11775] - {Data Fields & Data Values Exist}
[INFO ][2016-01-27 18:26:30,480][com.java.TestType] [11781] - --------------------------setting values-----------------------------
[INFO ][2016-01-27 18:26:30,480][com.java.TestType] [11784] - Action Type : Verify
[INFO ][2016-01-27 18:26:30,480][com.java.TestType] [ 8020] - field= BTN value= //img[contains(@src,'bdlogo.jpg')]
[INFO ][2016-01-27 18:26:30,480][com.java.TestType] [ 6430] - value = //img[contains(@src,'bdlogo.jpg')]
[INFO ][2016-01-27 18:26:30,540][com.java.TestType] [11803] -  RESULT true
[INFO ][2016-01-27 18:26:30,540][com.java.TestType] [11920] - ?   P A S S   ?
[INFO ][2016-01-27 18:26:30,540][com.java.TestType] [11991] - Looping End......
[INFO ][2016-01-27 18:26:30,540][com.java.SeleniumDriver] [  930] -  RESULT true
[INFO ][2016-01-27 18:26:30,540][com.java.SeleniumDriver] [ 1136] - ?   P A S S   ?
[INFO ][2016-01-27 18:26:30,540][com.java.SeleniumDriver] [  856] - ------------------------------------------
[INFO ][2016-01-27 18:26:30,540][com.java.SeleniumDriver] [  857] - Test case being Executed: 1
[INFO ][2016-01-27 18:26:30,540][com.java.SeleniumDriver] [  869] - Test step:2
[INFO ][2016-01-27 18:26:30,540][com.java.SeleniumDriver] [  881] - Datavalue is----------Concept#2:1-2
[INFO ][2016-01-27 18:26:30,540][com.java.SeleniumDriver] [  905] - DataField : test
[INFO ][2016-01-27 18:26:30,540][com.java.SeleniumDriver] [  907] - DataValue : Concept#2:1-2
[INFO ][2016-01-27 18:26:30,540][com.java.SeleniumDriver] [  913] - <In Set values of the page>
[INFO ][2016-01-27 18:26:30,540][com.java.SeleniumDriver] [  916] - {Data Fields & Data Values Exist}
[INFO ][2016-01-27 18:26:30,540][com.java.SeleniumDriver] [  918] - --------------------------setting values-----------------------------
[INFO ][2016-01-27 18:26:30,540][com.java.SeleniumDriver] [  921] - Action Type : ExecuteTestCase
[INFO ][2016-01-27 18:26:30,540][com.java.TestType] [  442] - The Concept sheet name is ---------- Concept
[INFO ][2016-01-27 18:26:30,540][com.java.TestType] [  445] - The Concept ID  is ---------- 2
[DEBUG][2016-01-27 18:26:30,540][com.java.TestType] [  449] - Steps being executted in the Concept are: 1:2
[INFO ][2016-01-27 18:26:30,540][com.java.TestType] [  456] - Test data details path ---------- D:\BankersDashboard\TestInputs\TestData.xls
[INFO ][2016-01-27 18:26:30,570][com.java.TestType] [  487] -  str(1) = 2
[INFO ][2016-01-27 18:26:30,570][com.java.TestType] [  490] - Test case Id is---2
[INFO ][2016-01-27 18:26:30,570][com.java.TestType] [  492] - 2
[INFO ][2016-01-27 18:26:30,570][com.java.TestType] [  487] -  str(2) = 1
[INFO ][2016-01-27 18:26:30,580][com.java.TestType] [  487] -  str(1) = 2
[INFO ][2016-01-27 18:26:30,580][com.java.TestType] [  490] - Test case Id is---2
[INFO ][2016-01-27 18:26:30,580][com.java.TestType] [  492] - 2
[INFO ][2016-01-27 18:26:30,580][com.java.TestType] [  487] -  str(2) = 2
[INFO ][2016-01-27 18:26:30,580][com.java.TestType] [  487] -  str(1) = 2
[INFO ][2016-01-27 18:26:30,580][com.java.TestType] [  490] - Test case Id is---2
[INFO ][2016-01-27 18:26:30,580][com.java.TestType] [  492] - 2
[INFO ][2016-01-27 18:26:30,580][com.java.TestType] [  487] -  str(2) = 3
[INFO ][2016-01-27 18:26:30,580][com.java.TestType] [11685] - Looping 1TCID = 2
[DEBUG][2016-01-27 18:26:30,580][com.java.TestType] [11726] - Concept ID:2 :: Step being Executed: 2::1
[INFO ][2016-01-27 18:26:30,580][com.java.TestType] [11764] - dataFields : BNK//select[@id='bank']
[DEBUG][2016-01-27 18:26:30,580][com.java.TestType] [11770] - <In Set values of the page>
[DEBUG][2016-01-27 18:26:30,580][com.java.TestType] [11775] - {Data Fields & Data Values Exist}
[INFO ][2016-01-27 18:26:30,580][com.java.TestType] [11781] - --------------------------setting values-----------------------------
[INFO ][2016-01-27 18:26:30,580][com.java.TestType] [11784] - Action Type : Select
[INFO ][2016-01-27 18:26:30,580][com.java.TestType] [ 6430] - value = PFC
[INFO ][2016-01-27 18:26:30,865][com.java.TestType] [11803] -  RESULT true
[INFO ][2016-01-27 18:26:30,865][com.java.TestType] [11920] - ?   P A S S   ?
[DEBUG][2016-01-27 18:26:30,865][com.java.TestType] [11726] - Concept ID:2 :: Step being Executed: 2::2
[INFO ][2016-01-27 18:26:30,865][com.java.TestType] [11764] - dataFields : LNKLogout
[DEBUG][2016-01-27 18:26:30,865][com.java.TestType] [11770] - <In Set values of the page>
[DEBUG][2016-01-27 18:26:30,865][com.java.TestType] [11775] - {Data Fields & Data Values Exist}
[INFO ][2016-01-27 18:26:30,865][com.java.TestType] [11781] - --------------------------setting values-----------------------------
[INFO ][2016-01-27 18:26:30,865][com.java.TestType] [11784] - Action Type : WaitTime
[DEBUG][2016-01-27 18:26:30,865][com.java.TestType] [ 6244] - sleepTime: 5000
[INFO ][2016-01-27 18:26:35,870][com.java.TestType] [11803] -  RESULT true
[INFO ][2016-01-27 18:26:35,870][com.java.TestType] [11920] - ?   P A S S   ?
[INFO ][2016-01-27 18:26:35,870][com.java.TestType] [11991] - Looping End......
[INFO ][2016-01-27 18:26:35,870][com.java.SeleniumDriver] [  930] -  RESULT true
[INFO ][2016-01-27 18:26:35,870][com.java.SeleniumDriver] [ 1136] - ?   P A S S   ?
[INFO ][2016-01-27 18:26:35,870][com.java.SeleniumDriver] [  856] - ------------------------------------------
[INFO ][2016-01-27 18:26:35,870][com.java.SeleniumDriver] [  857] - Test case being Executed: 1
[INFO ][2016-01-27 18:26:35,870][com.java.SeleniumDriver] [  869] - Test step:3
[INFO ][2016-01-27 18:26:35,870][com.java.SeleniumDriver] [  881] - Datavalue is----------2
[INFO ][2016-01-27 18:26:35,870][com.java.SeleniumDriver] [  905] - DataField : XPH//button[contains(text(),'Add Content')]
[INFO ][2016-01-27 18:26:35,870][com.java.SeleniumDriver] [  907] - DataValue : 2
[INFO ][2016-01-27 18:26:35,870][com.java.SeleniumDriver] [  913] - <In Set values of the page>
[INFO ][2016-01-27 18:26:35,870][com.java.SeleniumDriver] [  916] - {Data Fields & Data Values Exist}
[INFO ][2016-01-27 18:26:35,870][com.java.SeleniumDriver] [  918] - --------------------------setting values-----------------------------
[INFO ][2016-01-27 18:26:35,870][com.java.SeleniumDriver] [  921] - Action Type : WAITFORELEMENT
[INFO ][2016-01-27 18:26:35,911][com.java.SeleniumDriver] [  930] -  RESULT true
[INFO ][2016-01-27 18:26:35,911][com.java.SeleniumDriver] [ 1136] - ?   P A S S   ?
[DEBUG][2016-01-27 18:26:35,911][com.java.SeleniumDriver] [ 1248] - Case found
[DEBUG][2016-01-27 18:26:35,911][com.java.SeleniumDriver] [ 1253] - Incrementing ReportCounters[0]:1
[INFO ][2016-01-27 18:26:35,911][com.java.SeleniumDriver] [ 1272] - The results are-------------------[1, 1, Valid Login, Pass, , Wed Jan 27 18:26:30 IST 2016, 1, 2, Valid Login, Pass, , Wed Jan 27 18:26:35 IST 2016, 1, 3, Valid Login, Pass, , Wed Jan 27 18:26:35 IST 2016]
[INFO ][2016-01-27 18:26:35,911][com.java.SeleniumDriver] [ 1276] - End time is-------34 sec
[INFO ][2016-01-27 18:26:35,911][com.java.SeleniumDriver] [ 1277] - The results are-------------------[1, 1, Valid Login, Pass, , Wed Jan 27 18:26:30 IST 2016, 1, 2, Valid Login, Pass, , Wed Jan 27 18:26:35 IST 2016, 1, 3, Valid Login, Pass, , Wed Jan 27 18:26:35 IST 2016]
[DEBUG][2016-01-27 18:26:35,911][com.java.ImportnExport.ExportTestResultsExcel] [  222] - testResultPath = D:\BankersDashboard/TestReports/Test Results_BankersDashBoard_012716_182604_IE10_First Bank.xls
[DEBUG][2016-01-27 18:26:35,911][com.java.ImportnExport.ExportTestResultsExcel] [  223] - browser is------------IE10
[DEBUG][2016-01-27 18:26:35,981][com.java.ImportnExport.ExportTestResultsExcel] [  270] - result.size() = 18
[DEBUG][2016-01-27 18:26:35,981][com.java.ImportnExport.ExportTestResultsExcel] [  274] - No of rows in sheet=1
[DEBUG][2016-01-27 18:26:35,981][com.java.ImportnExport.ExportTestResultsExcel] [  301] - ..in export..1
[DEBUG][2016-01-27 18:26:35,981][com.java.ImportnExport.ExportTestResultsExcel] [  301] - ..in export..Valid Login
[DEBUG][2016-01-27 18:26:35,981][com.java.ImportnExport.ExportTestResultsExcel] [  301] - ..in export..Pass
[DEBUG][2016-01-27 18:26:35,981][com.java.ImportnExport.ExportTestResultsExcel] [  301] - ..in export..
[DEBUG][2016-01-27 18:26:35,981][com.java.ImportnExport.ExportTestResultsExcel] [  301] - ..in export..Wed Jan 27 18:26:30 IST 2016
[INFO ][2016-01-27 18:26:35,981][com.java.SeleniumDriver] [ 1337] - out loop:0 size:2 TestCases:[1, 4] testcases:[1, 4]
[INFO ][2016-01-27 18:26:35,981][com.java.ImportnExport.ImportTestDataDetailsExcel] [   49] - test data details path===== D:\BankersDashboard\TestInputs\TestData.xls
[INFO ][2016-01-27 18:26:59,954][com.java.SeleniumDriver] [  856] - ------------------------------------------
[INFO ][2016-01-27 18:26:59,954][com.java.SeleniumDriver] [  857] - Test case being Executed: 4
[INFO ][2016-01-27 18:26:59,954][com.java.SeleniumDriver] [  869] - Test step:1
[INFO ][2016-01-27 18:26:59,954][com.java.SeleniumDriver] [  881] - Datavalue is----------Logout
[INFO ][2016-01-27 18:26:59,954][com.java.SeleniumDriver] [  905] - DataField : BTN
[INFO ][2016-01-27 18:26:59,954][com.java.SeleniumDriver] [  907] - DataValue : Logout
[INFO ][2016-01-27 18:26:59,954][com.java.SeleniumDriver] [  913] - <In Set values of the page>
[INFO ][2016-01-27 18:26:59,954][com.java.SeleniumDriver] [  916] - {Data Fields & Data Values Exist}
[INFO ][2016-01-27 18:26:59,954][com.java.SeleniumDriver] [  918] - --------------------------setting values-----------------------------
[INFO ][2016-01-27 18:26:59,954][com.java.SeleniumDriver] [  921] - Action Type : Verify
[INFO ][2016-01-27 18:26:59,954][com.java.TestType] [ 8020] - field= BTN value= Logout
[INFO ][2016-01-27 18:26:59,954][com.java.TestType] [ 6430] - value = Logout
[INFO ][2016-01-27 18:27:00,075][com.java.SeleniumDriver] [  930] -  RESULT true
[INFO ][2016-01-27 18:27:00,075][com.java.SeleniumDriver] [ 1136] - ?   P A S S   ?
[INFO ][2016-01-27 18:27:00,075][com.java.SeleniumDriver] [ 1178] - step change to 3
[INFO ][2016-01-27 18:27:00,075][com.java.SeleniumDriver] [  856] - ------------------------------------------
[INFO ][2016-01-27 18:27:00,075][com.java.SeleniumDriver] [  857] - Test case being Executed: 4
[INFO ][2016-01-27 18:27:00,075][com.java.SeleniumDriver] [  869] - Test step:3
[INFO ][2016-01-27 18:27:00,075][com.java.SeleniumDriver] [  881] - Datavalue is----------Concept#2:1-2
[INFO ][2016-01-27 18:27:00,075][com.java.SeleniumDriver] [  905] - DataField : test
[INFO ][2016-01-27 18:27:00,075][com.java.SeleniumDriver] [  907] - DataValue : Concept#2:1-2
[INFO ][2016-01-27 18:27:00,075][com.java.SeleniumDriver] [  913] - <In Set values of the page>
[INFO ][2016-01-27 18:27:00,075][com.java.SeleniumDriver] [  916] - {Data Fields & Data Values Exist}
[INFO ][2016-01-27 18:27:00,075][com.java.SeleniumDriver] [  918] - --------------------------setting values-----------------------------
[INFO ][2016-01-27 18:27:00,075][com.java.SeleniumDriver] [  921] - Action Type : ExecuteTestCase
[INFO ][2016-01-27 18:27:00,075][com.java.TestType] [  442] - The Concept sheet name is ---------- Concept
[INFO ][2016-01-27 18:27:00,075][com.java.TestType] [  445] - The Concept ID  is ---------- 2
[DEBUG][2016-01-27 18:27:00,075][com.java.TestType] [  449] - Steps being executted in the Concept are: 1:2
[INFO ][2016-01-27 18:27:00,075][com.java.TestType] [  456] - Test data details path ---------- D:\BankersDashboard\TestInputs\TestData.xls
[INFO ][2016-01-27 18:27:00,105][com.java.TestType] [  487] -  str(1) = 2
[INFO ][2016-01-27 18:27:00,105][com.java.TestType] [  490] - Test case Id is---2
[INFO ][2016-01-27 18:27:00,105][com.java.TestType] [  492] - 2
[INFO ][2016-01-27 18:27:00,105][com.java.TestType] [  487] -  str(2) = 1
[INFO ][2016-01-27 18:27:00,105][com.java.TestType] [  487] -  str(1) = 2
[INFO ][2016-01-27 18:27:00,105][com.java.TestType] [  490] - Test case Id is---2
[INFO ][2016-01-27 18:27:00,105][com.java.TestType] [  492] - 2
[INFO ][2016-01-27 18:27:00,105][com.java.TestType] [  487] -  str(2) = 2
[INFO ][2016-01-27 18:27:00,105][com.java.TestType] [  487] -  str(1) = 2
[INFO ][2016-01-27 18:27:00,105][com.java.TestType] [  490] - Test case Id is---2
[INFO ][2016-01-27 18:27:00,105][com.java.TestType] [  492] - 2
[INFO ][2016-01-27 18:27:00,105][com.java.TestType] [  487] -  str(2) = 3
[INFO ][2016-01-27 18:27:00,105][com.java.TestType] [11685] - Looping 1TCID = 2
[DEBUG][2016-01-27 18:27:00,105][com.java.TestType] [11726] - Concept ID:2 :: Step being Executed: 2::1
[INFO ][2016-01-27 18:27:00,105][com.java.TestType] [11764] - dataFields : BNK//select[@id='bank']
[DEBUG][2016-01-27 18:27:00,105][com.java.TestType] [11770] - <In Set values of the page>
[DEBUG][2016-01-27 18:27:00,105][com.java.TestType] [11775] - {Data Fields & Data Values Exist}
[INFO ][2016-01-27 18:27:00,105][com.java.TestType] [11781] - --------------------------setting values-----------------------------
[INFO ][2016-01-27 18:27:00,105][com.java.TestType] [11784] - Action Type : Select
[INFO ][2016-01-27 18:27:00,105][com.java.TestType] [ 6430] - value = PFC
[INFO ][2016-01-27 18:27:00,365][com.java.TestType] [11803] -  RESULT true
[INFO ][2016-01-27 18:27:00,365][com.java.TestType] [11920] - ?   P A S S   ?
[DEBUG][2016-01-27 18:27:00,365][com.java.TestType] [11726] - Concept ID:2 :: Step being Executed: 2::2
[INFO ][2016-01-27 18:27:00,365][com.java.TestType] [11764] - dataFields : LNKLogout
[DEBUG][2016-01-27 18:27:00,365][com.java.TestType] [11770] - <In Set values of the page>
[DEBUG][2016-01-27 18:27:00,365][com.java.TestType] [11775] - {Data Fields & Data Values Exist}
[INFO ][2016-01-27 18:27:00,365][com.java.TestType] [11781] - --------------------------setting values-----------------------------
[INFO ][2016-01-27 18:27:00,365][com.java.TestType] [11784] - Action Type : WaitTime
[DEBUG][2016-01-27 18:27:00,365][com.java.TestType] [ 6244] - sleepTime: 5000
[INFO ][2016-01-27 18:27:05,365][com.java.TestType] [11803] -  RESULT true
[INFO ][2016-01-27 18:27:05,365][com.java.TestType] [11920] - ?   P A S S   ?
[INFO ][2016-01-27 18:27:05,365][com.java.TestType] [11991] - Looping End......
[INFO ][2016-01-27 18:27:05,365][com.java.SeleniumDriver] [  930] -  RESULT true
[INFO ][2016-01-27 18:27:05,365][com.java.SeleniumDriver] [ 1136] - ?   P A S S   ?
[INFO ][2016-01-27 18:27:05,365][com.java.SeleniumDriver] [  856] - ------------------------------------------
[INFO ][2016-01-27 18:27:05,365][com.java.SeleniumDriver] [  857] - Test case being Executed: 4
[INFO ][2016-01-27 18:27:05,365][com.java.SeleniumDriver] [  869] - Test step:4
[INFO ][2016-01-27 18:27:05,365][com.java.SeleniumDriver] [  881] - Datavalue is----------2
[INFO ][2016-01-27 18:27:05,365][com.java.SeleniumDriver] [  905] - DataField : BTNG/L
[INFO ][2016-01-27 18:27:05,365][com.java.SeleniumDriver] [  907] - DataValue : 2
[INFO ][2016-01-27 18:27:05,365][com.java.SeleniumDriver] [  913] - <In Set values of the page>
[INFO ][2016-01-27 18:27:05,365][com.java.SeleniumDriver] [  916] - {Data Fields & Data Values Exist}
[INFO ][2016-01-27 18:27:05,365][com.java.SeleniumDriver] [  918] - --------------------------setting values-----------------------------
[INFO ][2016-01-27 18:27:05,365][com.java.SeleniumDriver] [  921] - Action Type : WAITFORELEMENT
[INFO ][2016-01-27 18:27:05,426][com.java.SeleniumDriver] [  930] -  RESULT true
[INFO ][2016-01-27 18:27:05,426][com.java.SeleniumDriver] [ 1136] - ?   P A S S   ?
[INFO ][2016-01-27 18:27:05,426][com.java.SeleniumDriver] [  856] - ------------------------------------------
[INFO ][2016-01-27 18:27:05,426][com.java.SeleniumDriver] [  857] - Test case being Executed: 4
[INFO ][2016-01-27 18:27:05,426][com.java.SeleniumDriver] [  869] - Test step:5
[INFO ][2016-01-27 18:27:05,426][com.java.SeleniumDriver] [  881] - Datavalue is----------null
[DEBUG][2016-01-27 18:27:05,426][com.java.SeleniumDriver] [  899] - Exception: null
[INFO ][2016-01-27 18:27:05,426][com.java.SeleniumDriver] [  905] - DataField : //a[starts-with(normalize-space(.), 'Settings')]/span[2]&&//a[starts-with(normalize-space(.), 'Customize')]&&//li[@data-id='MyDashboard']/a[starts-with(text(), 'My Dashboard')]
[INFO ][2016-01-27 18:27:05,426][com.java.SeleniumDriver] [  907] - DataValue : 
[INFO ][2016-01-27 18:27:05,426][com.java.SeleniumDriver] [  913] - <In Set values of the page>
[INFO ][2016-01-27 18:27:05,426][com.java.SeleniumDriver] [  916] - {Data Fields & Data Values Exist}
[INFO ][2016-01-27 18:27:05,426][com.java.SeleniumDriver] [  918] - --------------------------setting values-----------------------------
[INFO ][2016-01-27 18:27:05,426][com.java.SeleniumDriver] [  921] - Action Type : MOUSEOVER
[INFO ][2016-01-27 18:27:54,975][com.java.SeleniumDriver] [  930] -  RESULT true
[INFO ][2016-01-27 18:27:54,975][com.java.SeleniumDriver] [ 1136] - ?   P A S S   ?
[INFO ][2016-01-27 18:27:54,975][com.java.SeleniumDriver] [  856] - ------------------------------------------
[INFO ][2016-01-27 18:27:54,975][com.java.SeleniumDriver] [  857] - Test case being Executed: 4
[INFO ][2016-01-27 18:27:54,975][com.java.SeleniumDriver] [  869] - Test step:6
[INFO ][2016-01-27 18:27:54,975][com.java.SeleniumDriver] [  881] - Datavalue is----------5
[INFO ][2016-01-27 18:27:54,975][com.java.SeleniumDriver] [  905] - DataField : BTN//iframe[@id='frameDialogContent']
[INFO ][2016-01-27 18:27:54,975][com.java.SeleniumDriver] [  907] - DataValue : 5
[INFO ][2016-01-27 18:27:54,975][com.java.SeleniumDriver] [  913] - <In Set values of the page>
[INFO ][2016-01-27 18:27:54,975][com.java.SeleniumDriver] [  916] - {Data Fields & Data Values Exist}
[INFO ][2016-01-27 18:27:54,975][com.java.SeleniumDriver] [  918] - --------------------------setting values-----------------------------
[INFO ][2016-01-27 18:27:54,975][com.java.SeleniumDriver] [  921] - Action Type : WAITFORELEMENT
[INFO ][2016-01-27 18:27:55,226][com.java.SeleniumDriver] [  930] -  RESULT true
[INFO ][2016-01-27 18:27:55,226][com.java.SeleniumDriver] [ 1136] - ?   P A S S   ?
[INFO ][2016-01-27 18:27:55,226][com.java.SeleniumDriver] [  856] - ------------------------------------------
[INFO ][2016-01-27 18:27:55,226][com.java.SeleniumDriver] [  857] - Test case being Executed: 4
[INFO ][2016-01-27 18:27:55,226][com.java.SeleniumDriver] [  869] - Test step:7
[INFO ][2016-01-27 18:27:55,226][com.java.SeleniumDriver] [  881] - Datavalue is----------null
[DEBUG][2016-01-27 18:27:55,226][com.java.SeleniumDriver] [  899] - Exception: null
[INFO ][2016-01-27 18:27:55,226][com.java.SeleniumDriver] [  905] - DataField : BTN//iframe[@id='frameDialogContent']
[INFO ][2016-01-27 18:27:55,226][com.java.SeleniumDriver] [  907] - DataValue : 
[INFO ][2016-01-27 18:27:55,226][com.java.SeleniumDriver] [  913] - <In Set values of the page>
[INFO ][2016-01-27 18:27:55,226][com.java.SeleniumDriver] [  916] - {Data Fields & Data Values Exist}
[INFO ][2016-01-27 18:27:55,226][com.java.SeleniumDriver] [  918] - --------------------------setting values-----------------------------
[INFO ][2016-01-27 18:27:55,226][com.java.SeleniumDriver] [  921] - Action Type : SELECTFRAME
[INFO ][2016-01-27 18:27:55,716][com.java.SeleniumDriver] [  930] -  RESULT true
[INFO ][2016-01-27 18:27:55,716][com.java.SeleniumDriver] [ 1136] - ?   P A S S   ?
[INFO ][2016-01-27 18:27:55,716][com.java.SeleniumDriver] [  856] - ------------------------------------------
[INFO ][2016-01-27 18:27:55,716][com.java.SeleniumDriver] [  857] - Test case being Executed: 4
[INFO ][2016-01-27 18:27:55,716][com.java.SeleniumDriver] [  869] - Test step:8
[INFO ][2016-01-27 18:27:55,716][com.java.SeleniumDriver] [  881] - Datavalue is----------#_keys
[INFO ][2016-01-27 18:27:55,716][com.java.SeleniumDriver] [  905] - DataField : XPH//td[starts-with(text(), '#_CAL')]
[INFO ][2016-01-27 18:27:55,716][com.java.SeleniumDriver] [  907] - DataValue : #_keys
[INFO ][2016-01-27 18:27:55,716][com.java.SeleniumDriver] [  913] - <In Set values of the page>
[INFO ][2016-01-27 18:27:55,716][com.java.SeleniumDriver] [  916] - {Data Fields & Data Values Exist}
[INFO ][2016-01-27 18:27:55,716][com.java.SeleniumDriver] [  918] - --------------------------setting values-----------------------------
[INFO ][2016-01-27 18:27:55,716][com.java.SeleniumDriver] [  921] - Action Type : STOREVALUE
[INFO ][2016-01-27 18:27:55,716][com.java.TestType] [ 9445] - field= XPH//td[starts-with(text(), '#_CAL')]
[DEBUG][2016-01-27 18:27:55,856][com.java.TestType] [ 9500] - Key:: #_keys   Value:: #_CAL102654
[INFO ][2016-01-27 18:27:55,856][com.java.SeleniumDriver] [  930] -  RESULT true
[INFO ][2016-01-27 18:27:55,856][com.java.SeleniumDriver] [ 1136] - ?   P A S S   ?
[INFO ][2016-01-27 18:27:55,856][com.java.SeleniumDriver] [ 1173] - Continue next step...
[INFO ][2016-01-27 18:27:55,856][com.java.SeleniumDriver] [  856] - ------------------------------------------
[INFO ][2016-01-27 18:27:55,856][com.java.SeleniumDriver] [  857] - Test case being Executed: 4
[INFO ][2016-01-27 18:27:55,856][com.java.SeleniumDriver] [  869] - Test step:9
[INFO ][2016-01-27 18:27:55,856][com.java.SeleniumDriver] [  881] - Datavalue is----------#_keys
[INFO ][2016-01-27 18:27:55,856][com.java.SeleniumDriver] [  905] - DataField : MNC//td[contains(text(),'mytext')]/../td[@align='center']/span[2]
[INFO ][2016-01-27 18:27:55,856][com.java.SeleniumDriver] [  907] - DataValue : #_keys
[INFO ][2016-01-27 18:27:55,856][com.java.SeleniumDriver] [  913] - <In Set values of the page>
[INFO ][2016-01-27 18:27:55,856][com.java.SeleniumDriver] [  916] - {Data Fields & Data Values Exist}
[INFO ][2016-01-27 18:27:55,856][com.java.SeleniumDriver] [  918] - --------------------------setting values-----------------------------
[INFO ][2016-01-27 18:27:55,856][com.java.SeleniumDriver] [  921] - Action Type : Click
[INFO ][2016-01-27 18:27:55,856][com.java.TestType] [ 6809] - Field ::MNC//td[contains(text(),'mytext')]/../td[@align='center']/span[2]
[INFO ][2016-01-27 18:27:55,856][com.java.TestType] [ 6430] - value = #_keys
[INFO ][2016-01-27 18:27:57,087][com.java.SeleniumDriver] [  930] -  RESULT true
[INFO ][2016-01-27 18:27:57,087][com.java.SeleniumDriver] [ 1136] - ?   P A S S   ?
[INFO ][2016-01-27 18:27:57,087][com.java.SeleniumDriver] [ 1178] - step change to 15
[INFO ][2016-01-27 18:27:57,087][com.java.SeleniumDriver] [  856] - ------------------------------------------
[INFO ][2016-01-27 18:27:57,087][com.java.SeleniumDriver] [  857] - Test case being Executed: 4
[INFO ][2016-01-27 18:27:57,087][com.java.SeleniumDriver] [  869] - Test step:15
[INFO ][2016-01-27 18:27:57,087][com.java.SeleniumDriver] [  881] - Datavalue is----------#_keys
[INFO ][2016-01-27 18:27:57,087][com.java.SeleniumDriver] [  905] - DataField : HDC//td[contains(text(),'mytext')]/../td[@align='center']/span[2]
[INFO ][2016-01-27 18:27:57,087][com.java.SeleniumDriver] [  907] - DataValue : #_keys
[INFO ][2016-01-27 18:27:57,087][com.java.SeleniumDriver] [  913] - <In Set values of the page>
[INFO ][2016-01-27 18:27:57,087][com.java.SeleniumDriver] [  916] - {Data Fields & Data Values Exist}
[INFO ][2016-01-27 18:27:57,087][com.java.SeleniumDriver] [  918] - --------------------------setting values-----------------------------
[INFO ][2016-01-27 18:27:57,087][com.java.SeleniumDriver] [  921] - Action Type : Click
[INFO ][2016-01-27 18:27:57,087][com.java.TestType] [ 6809] - Field ::HDC//td[contains(text(),'mytext')]/../td[@align='center']/span[2]
[INFO ][2016-01-27 18:27:57,087][com.java.TestType] [ 6430] - value = #_keys
[INFO ][2016-01-27 18:27:59,778][com.java.SeleniumDriver] [  930] -  RESULT true
[INFO ][2016-01-27 18:27:59,778][com.java.SeleniumDriver] [ 1136] - ?   P A S S   ?
[INFO ][2016-01-27 18:27:59,778][com.java.SeleniumDriver] [  856] - ------------------------------------------
[INFO ][2016-01-27 18:27:59,778][com.java.SeleniumDriver] [  857] - Test case being Executed: 4
[INFO ][2016-01-27 18:27:59,778][com.java.SeleniumDriver] [  869] - Test step:16
[INFO ][2016-01-27 18:27:59,778][com.java.SeleniumDriver] [  881] - Datavalue is----------10
[INFO ][2016-01-27 18:27:59,778][com.java.SeleniumDriver] [  905] - DataField : test
[INFO ][2016-01-27 18:27:59,778][com.java.SeleniumDriver] [  907] - DataValue : 10
[INFO ][2016-01-27 18:27:59,778][com.java.SeleniumDriver] [  913] - <In Set values of the page>
[INFO ][2016-01-27 18:27:59,778][com.java.SeleniumDriver] [  916] - {Data Fields & Data Values Exist}
[INFO ][2016-01-27 18:27:59,778][com.java.SeleniumDriver] [  918] - --------------------------setting values-----------------------------
[INFO ][2016-01-27 18:27:59,778][com.java.SeleniumDriver] [  921] - Action Type : WaitTime
[DEBUG][2016-01-27 18:27:59,778][com.java.TestType] [ 6244] - sleepTime: 10000
[INFO ][2016-01-27 18:28:09,779][com.java.SeleniumDriver] [  930] -  RESULT true
[INFO ][2016-01-27 18:28:09,779][com.java.SeleniumDriver] [ 1136] - ?   P A S S   ?
[INFO ][2016-01-27 18:28:09,779][com.java.SeleniumDriver] [  856] - ------------------------------------------
[INFO ][2016-01-27 18:28:09,779][com.java.SeleniumDriver] [  857] - Test case being Executed: 4
[INFO ][2016-01-27 18:28:09,779][com.java.SeleniumDriver] [  869] - Test step:17
[INFO ][2016-01-27 18:28:09,779][com.java.SeleniumDriver] [  881] - Datavalue is----------Indicator Type
[INFO ][2016-01-27 18:28:09,779][com.java.SeleniumDriver] [  905] - DataField : MSG
[INFO ][2016-01-27 18:28:09,779][com.java.SeleniumDriver] [  907] - DataValue : Indicator Type
[INFO ][2016-01-27 18:28:09,779][com.java.SeleniumDriver] [  913] - <In Set values of the page>
[INFO ][2016-01-27 18:28:09,779][com.java.SeleniumDriver] [  916] - {Data Fields & Data Values Exist}
[INFO ][2016-01-27 18:28:09,779][com.java.SeleniumDriver] [  918] - --------------------------setting values-----------------------------
[INFO ][2016-01-27 18:28:09,779][com.java.SeleniumDriver] [  921] - Action Type : verify
[INFO ][2016-01-27 18:28:09,779][com.java.TestType] [ 8020] - field= MSG value= Indicator Type
[INFO ][2016-01-27 18:28:09,779][com.java.TestType] [ 6430] - value = Indicator Type
[DEBUG][2016-01-27 18:28:09,779][com.java.TestType] [ 8848] - value :: Indicator Type
[INFO ][2016-01-27 18:28:09,800][com.java.SeleniumDriver] [  930] -  RESULT true
[INFO ][2016-01-27 18:28:09,800][com.java.SeleniumDriver] [ 1136] - ?   P A S S   ?
[INFO ][2016-01-27 18:28:09,800][com.java.SeleniumDriver] [  856] - ------------------------------------------
[INFO ][2016-01-27 18:28:09,800][com.java.SeleniumDriver] [  857] - Test case being Executed: 4
[INFO ][2016-01-27 18:28:09,800][com.java.SeleniumDriver] [  869] - Test step:18
[INFO ][2016-01-27 18:28:09,800][com.java.SeleniumDriver] [  881] - Datavalue is----------Indicator Value
[INFO ][2016-01-27 18:28:09,800][com.java.SeleniumDriver] [  905] - DataField : MSG
[INFO ][2016-01-27 18:28:09,800][com.java.SeleniumDriver] [  907] - DataValue : Indicator Value
[INFO ][2016-01-27 18:28:09,800][com.java.SeleniumDriver] [  913] - <In Set values of the page>
[INFO ][2016-01-27 18:28:09,800][com.java.SeleniumDriver] [  916] - {Data Fields & Data Values Exist}
[INFO ][2016-01-27 18:28:09,800][com.java.SeleniumDriver] [  918] - --------------------------setting values-----------------------------
[INFO ][2016-01-27 18:28:09,800][com.java.SeleniumDriver] [  921] - Action Type : verify
[INFO ][2016-01-27 18:28:09,800][com.java.TestType] [ 8020] - field= MSG value= Indicator Value
[INFO ][2016-01-27 18:28:09,800][com.java.TestType] [ 6430] - value = Indicator Value
[DEBUG][2016-01-27 18:28:09,800][com.java.TestType] [ 8848] - value :: Indicator Value
[INFO ][2016-01-27 18:28:09,820][com.java.SeleniumDriver] [  930] -  RESULT true
[INFO ][2016-01-27 18:28:09,820][com.java.SeleniumDriver] [ 1136] - ?   P A S S   ?
[INFO ][2016-01-27 18:28:09,820][com.java.SeleniumDriver] [  856] - ------------------------------------------
[INFO ][2016-01-27 18:28:09,820][com.java.SeleniumDriver] [  857] - Test case being Executed: 4
[INFO ][2016-01-27 18:28:09,820][com.java.SeleniumDriver] [  869] - Test step:19
[INFO ][2016-01-27 18:28:09,820][com.java.SeleniumDriver] [  881] - Datavalue is----------Indicator Name
[INFO ][2016-01-27 18:28:09,820][com.java.SeleniumDriver] [  905] - DataField : MSG
[INFO ][2016-01-27 18:28:09,820][com.java.SeleniumDriver] [  907] - DataValue : Indicator Name
[INFO ][2016-01-27 18:28:09,820][com.java.SeleniumDriver] [  913] - <In Set values of the page>
[INFO ][2016-01-27 18:28:09,820][com.java.SeleniumDriver] [  916] - {Data Fields & Data Values Exist}
[INFO ][2016-01-27 18:28:09,820][com.java.SeleniumDriver] [  918] - --------------------------setting values-----------------------------
[INFO ][2016-01-27 18:28:09,820][com.java.SeleniumDriver] [  921] - Action Type : verify
[INFO ][2016-01-27 18:28:09,820][com.java.TestType] [ 8020] - field= MSG value= Indicator Name
[INFO ][2016-01-27 18:28:09,820][com.java.TestType] [ 6430] - value = Indicator Name
[DEBUG][2016-01-27 18:28:09,820][com.java.TestType] [ 8848] - value :: Indicator Name
[INFO ][2016-01-27 18:28:09,840][com.java.SeleniumDriver] [  930] -  RESULT true
[INFO ][2016-01-27 18:28:09,840][com.java.SeleniumDriver] [ 1136] - ?   P A S S   ?
[INFO ][2016-01-27 18:28:09,840][com.java.SeleniumDriver] [  856] - ------------------------------------------
[INFO ][2016-01-27 18:28:09,840][com.java.SeleniumDriver] [  857] - Test case being Executed: 4
[INFO ][2016-01-27 18:28:09,840][com.java.SeleniumDriver] [  869] - Test step:20
[INFO ][2016-01-27 18:28:09,840][com.java.SeleniumDriver] [  881] - Datavalue is----------5
[INFO ][2016-01-27 18:28:09,840][com.java.SeleniumDriver] [  905] - DataField : test
[INFO ][2016-01-27 18:28:09,840][com.java.SeleniumDriver] [  907] - DataValue : 5
[INFO ][2016-01-27 18:28:09,840][com.java.SeleniumDriver] [  913] - <In Set values of the page>
[INFO ][2016-01-27 18:28:09,840][com.java.SeleniumDriver] [  916] - {Data Fields & Data Values Exist}
[INFO ][2016-01-27 18:28:09,840][com.java.SeleniumDriver] [  918] - --------------------------setting values-----------------------------
[INFO ][2016-01-27 18:28:09,840][com.java.SeleniumDriver] [  921] - Action Type : WaitTime
[DEBUG][2016-01-27 18:28:09,840][com.java.TestType] [ 6244] - sleepTime: 5000
[INFO ][2016-01-27 18:28:14,840][com.java.SeleniumDriver] [  930] -  RESULT true
[INFO ][2016-01-27 18:28:14,840][com.java.SeleniumDriver] [ 1136] - ?   P A S S   ?
[INFO ][2016-01-27 18:28:14,840][com.java.SeleniumDriver] [  856] - ------------------------------------------
[INFO ][2016-01-27 18:28:14,840][com.java.SeleniumDriver] [  857] - Test case being Executed: 4
[INFO ][2016-01-27 18:28:14,840][com.java.SeleniumDriver] [  869] - Test step:21
[INFO ][2016-01-27 18:28:14,840][com.java.SeleniumDriver] [  881] - Datavalue is----------null
[DEBUG][2016-01-27 18:28:14,840][com.java.SeleniumDriver] [  899] - Exception: null
[INFO ][2016-01-27 18:28:14,840][com.java.SeleniumDriver] [  905] - DataField : HDN//input[@id='btnNext']
[INFO ][2016-01-27 18:28:14,840][com.java.SeleniumDriver] [  907] - DataValue : 
[INFO ][2016-01-27 18:28:14,840][com.java.SeleniumDriver] [  913] - <In Set values of the page>
[INFO ][2016-01-27 18:28:14,840][com.java.SeleniumDriver] [  916] - {Data Fields & Data Values Exist}
[INFO ][2016-01-27 18:28:14,840][com.java.SeleniumDriver] [  918] - --------------------------setting values-----------------------------
[INFO ][2016-01-27 18:28:14,840][com.java.SeleniumDriver] [  921] - Action Type : CLICK
[INFO ][2016-01-27 18:28:14,840][com.java.TestType] [ 6809] - Field ::HDN//input[@id='btnNext']
[INFO ][2016-01-27 18:28:14,840][com.java.TestType] [ 6430] - value = 
[INFO ][2016-01-27 18:28:15,932][com.java.SeleniumDriver] [  930] -  RESULT true
[INFO ][2016-01-27 18:28:15,932][com.java.SeleniumDriver] [ 1136] - ?   P A S S   ?
[INFO ][2016-01-27 18:28:15,932][com.java.SeleniumDriver] [  856] - ------------------------------------------
[INFO ][2016-01-27 18:28:15,932][com.java.SeleniumDriver] [  857] - Test case being Executed: 4
[INFO ][2016-01-27 18:28:15,932][com.java.SeleniumDriver] [  869] - Test step:22
[INFO ][2016-01-27 18:28:15,932][com.java.SeleniumDriver] [  881] - Datavalue is----------3
[INFO ][2016-01-27 18:28:15,932][com.java.SeleniumDriver] [  905] - DataField : TXTGreenCompare
[INFO ][2016-01-27 18:28:15,932][com.java.SeleniumDriver] [  907] - DataValue : 3
[INFO ][2016-01-27 18:28:15,932][com.java.SeleniumDriver] [  913] - <In Set values of the page>
[INFO ][2016-01-27 18:28:15,932][com.java.SeleniumDriver] [  916] - {Data Fields & Data Values Exist}
[INFO ][2016-01-27 18:28:15,932][com.java.SeleniumDriver] [  918] - --------------------------setting values-----------------------------
[INFO ][2016-01-27 18:28:15,932][com.java.SeleniumDriver] [  921] - Action Type : WaitForElement
[INFO ][2016-01-27 18:28:17,012][com.java.SeleniumDriver] [  930] -  RESULT true
[INFO ][2016-01-27 18:28:17,012][com.java.SeleniumDriver] [ 1136] - ?   P A S S   ?
[INFO ][2016-01-27 18:28:17,012][com.java.SeleniumDriver] [  856] - ------------------------------------------
[INFO ][2016-01-27 18:28:17,012][com.java.SeleniumDriver] [  857] - Test case being Executed: 4
[INFO ][2016-01-27 18:28:17,012][com.java.SeleniumDriver] [  869] - Test step:23
[INFO ][2016-01-27 18:28:17,012][com.java.SeleniumDriver] [  881] - Datavalue is----------index:1
[INFO ][2016-01-27 18:28:17,012][com.java.SeleniumDriver] [  905] - DataField : COBGreenCompare
[INFO ][2016-01-27 18:28:17,012][com.java.SeleniumDriver] [  907] - DataValue : index:1
[INFO ][2016-01-27 18:28:17,012][com.java.SeleniumDriver] [  913] - <In Set values of the page>
[INFO ][2016-01-27 18:28:17,012][com.java.SeleniumDriver] [  916] - {Data Fields & Data Values Exist}
[INFO ][2016-01-27 18:28:17,012][com.java.SeleniumDriver] [  918] - --------------------------setting values-----------------------------
[INFO ][2016-01-27 18:28:17,012][com.java.SeleniumDriver] [  921] - Action Type : Select
[INFO ][2016-01-27 18:28:17,012][com.java.TestType] [ 6430] - value = 1
[INFO ][2016-01-27 18:28:18,144][com.java.TestType] [ 6548] -  In COB GreenCompare : 1
[INFO ][2016-01-27 18:28:18,294][com.java.SeleniumDriver] [  930] -  RESULT true
[INFO ][2016-01-27 18:28:18,294][com.java.SeleniumDriver] [ 1136] - ?   P A S S   ?
[INFO ][2016-01-27 18:28:18,294][com.java.SeleniumDriver] [  856] - ------------------------------------------
[INFO ][2016-01-27 18:28:18,294][com.java.SeleniumDriver] [  857] - Test case being Executed: 4
[INFO ][2016-01-27 18:28:18,294][com.java.SeleniumDriver] [  869] - Test step:24
[INFO ][2016-01-27 18:28:18,294][com.java.SeleniumDriver] [  881] - Datavalue is----------100000000
[INFO ][2016-01-27 18:28:18,294][com.java.SeleniumDriver] [  905] - DataField : TXTGreenValue
[INFO ][2016-01-27 18:28:18,294][com.java.SeleniumDriver] [  907] - DataValue : 100000000
[INFO ][2016-01-27 18:28:18,294][com.java.SeleniumDriver] [  913] - <In Set values of the page>
[INFO ][2016-01-27 18:28:18,294][com.java.SeleniumDriver] [  916] - {Data Fields & Data Values Exist}
[INFO ][2016-01-27 18:28:18,294][com.java.SeleniumDriver] [  918] - --------------------------setting values-----------------------------
[INFO ][2016-01-27 18:28:18,294][com.java.SeleniumDriver] [  921] - Action Type : CLEARANDENTER
[INFO ][2016-01-27 18:28:19,445][com.java.TestType] [ 6430] - value = 100000000
[INFO ][2016-01-27 18:28:20,686][com.java.SeleniumDriver] [  930] -  RESULT true
[INFO ][2016-01-27 18:28:20,686][com.java.SeleniumDriver] [ 1136] - ?   P A S S   ?
[INFO ][2016-01-27 18:28:20,686][com.java.SeleniumDriver] [  856] - ------------------------------------------
[INFO ][2016-01-27 18:28:20,686][com.java.SeleniumDriver] [  857] - Test case being Executed: 4
[INFO ][2016-01-27 18:28:20,686][com.java.SeleniumDriver] [  869] - Test step:25
[INFO ][2016-01-27 18:28:20,686][com.java.SeleniumDriver] [  881] - Datavalue is----------null
[DEBUG][2016-01-27 18:28:20,686][com.java.SeleniumDriver] [  899] - Exception: null
[INFO ][2016-01-27 18:28:20,686][com.java.SeleniumDriver] [  905] - DataField : BTNparent
[INFO ][2016-01-27 18:28:20,686][com.java.SeleniumDriver] [  907] - DataValue : 
[INFO ][2016-01-27 18:28:20,686][com.java.SeleniumDriver] [  913] - <In Set values of the page>
[INFO ][2016-01-27 18:28:20,686][com.java.SeleniumDriver] [  916] - {Data Fields & Data Values Exist}
[INFO ][2016-01-27 18:28:20,686][com.java.SeleniumDriver] [  918] - --------------------------setting values-----------------------------
[INFO ][2016-01-27 18:28:20,686][com.java.SeleniumDriver] [  921] - Action Type : SELECTFRAME
[INFO ][2016-01-27 18:28:20,696][com.java.SeleniumDriver] [  930] -  RESULT true
[INFO ][2016-01-27 18:28:20,696][com.java.SeleniumDriver] [ 1136] - ?   P A S S   ?
[INFO ][2016-01-27 18:28:20,696][com.java.SeleniumDriver] [  856] - ------------------------------------------
[INFO ][2016-01-27 18:28:20,696][com.java.SeleniumDriver] [  857] - Test case being Executed: 4
[INFO ][2016-01-27 18:28:20,696][com.java.SeleniumDriver] [  869] - Test step:26
[INFO ][2016-01-27 18:28:20,696][com.java.SeleniumDriver] [  881] - Datavalue is----------5
[INFO ][2016-01-27 18:28:20,696][com.java.SeleniumDriver] [  905] - DataField : XPH//span[contains(text(),'Finished')]
[INFO ][2016-01-27 18:28:20,696][com.java.SeleniumDriver] [  907] - DataValue : 5
[INFO ][2016-01-27 18:28:20,696][com.java.SeleniumDriver] [  913] - <In Set values of the page>
[INFO ][2016-01-27 18:28:20,696][com.java.SeleniumDriver] [  916] - {Data Fields & Data Values Exist}
[INFO ][2016-01-27 18:28:20,696][com.java.SeleniumDriver] [  918] - --------------------------setting values-----------------------------
[INFO ][2016-01-27 18:28:20,696][com.java.SeleniumDriver] [  921] - Action Type : WAITFORELEMENT
[INFO ][2016-01-27 18:28:20,736][com.java.SeleniumDriver] [  930] -  RESULT true
[INFO ][2016-01-27 18:28:20,736][com.java.SeleniumDriver] [ 1136] - ?   P A S S   ?
[INFO ][2016-01-27 18:28:20,736][com.java.SeleniumDriver] [  856] - ------------------------------------------
[INFO ][2016-01-27 18:28:20,736][com.java.SeleniumDriver] [  857] - Test case being Executed: 4
[INFO ][2016-01-27 18:28:20,736][com.java.SeleniumDriver] [  869] - Test step:27
[INFO ][2016-01-27 18:28:20,736][com.java.SeleniumDriver] [  881] - Datavalue is----------null
[DEBUG][2016-01-27 18:28:20,736][com.java.SeleniumDriver] [  899] - Exception: null
[INFO ][2016-01-27 18:28:20,736][com.java.SeleniumDriver] [  905] - DataField : HDN//span[contains(text(),'Finished')]
[INFO ][2016-01-27 18:28:20,736][com.java.SeleniumDriver] [  907] - DataValue : 
[INFO ][2016-01-27 18:28:20,736][com.java.SeleniumDriver] [  913] - <In Set values of the page>
[INFO ][2016-01-27 18:28:20,736][com.java.SeleniumDriver] [  916] - {Data Fields & Data Values Exist}
[INFO ][2016-01-27 18:28:20,736][com.java.SeleniumDriver] [  918] - --------------------------setting values-----------------------------
[INFO ][2016-01-27 18:28:20,736][com.java.SeleniumDriver] [  921] - Action Type : CLICK
[INFO ][2016-01-27 18:28:20,736][com.java.TestType] [ 6809] - Field ::HDN//span[contains(text(),'Finished')]
[INFO ][2016-01-27 18:28:20,736][com.java.TestType] [ 6430] - value = 
[INFO ][2016-01-27 18:28:21,917][com.java.SeleniumDriver] [  930] -  RESULT true
[INFO ][2016-01-27 18:28:21,917][com.java.SeleniumDriver] [ 1136] - ?   P A S S   ?
[INFO ][2016-01-27 18:28:21,917][com.java.SeleniumDriver] [  856] - ------------------------------------------
[INFO ][2016-01-27 18:28:21,917][com.java.SeleniumDriver] [  857] - Test case being Executed: 4
[INFO ][2016-01-27 18:28:21,917][com.java.SeleniumDriver] [  869] - Test step:28
[INFO ][2016-01-27 18:28:21,917][com.java.SeleniumDriver] [  881] - Datavalue is----------5
[INFO ][2016-01-27 18:28:21,917][com.java.SeleniumDriver] [  905] - DataField : BTN//iframe[@id='frameDialogContent']
[INFO ][2016-01-27 18:28:21,917][com.java.SeleniumDriver] [  907] - DataValue : 5
[INFO ][2016-01-27 18:28:21,917][com.java.SeleniumDriver] [  913] - <In Set values of the page>
[INFO ][2016-01-27 18:28:21,917][com.java.SeleniumDriver] [  916] - {Data Fields & Data Values Exist}
[INFO ][2016-01-27 18:28:21,917][com.java.SeleniumDriver] [  918] - --------------------------setting values-----------------------------
[INFO ][2016-01-27 18:28:21,917][com.java.SeleniumDriver] [  921] - Action Type : WAITFORELEMENT
[INFO ][2016-01-27 18:28:21,947][com.java.SeleniumDriver] [  930] -  RESULT true
[INFO ][2016-01-27 18:28:21,947][com.java.SeleniumDriver] [ 1136] - ?   P A S S   ?
[INFO ][2016-01-27 18:28:21,947][com.java.SeleniumDriver] [  856] - ------------------------------------------
[INFO ][2016-01-27 18:28:21,947][com.java.SeleniumDriver] [  857] - Test case being Executed: 4
[INFO ][2016-01-27 18:28:21,947][com.java.SeleniumDriver] [  869] - Test step:29
[INFO ][2016-01-27 18:28:21,947][com.java.SeleniumDriver] [  881] - Datavalue is----------null
[DEBUG][2016-01-27 18:28:21,947][com.java.SeleniumDriver] [  899] - Exception: null
[INFO ][2016-01-27 18:28:21,947][com.java.SeleniumDriver] [  905] - DataField : BTN//iframe[@id='frameDialogContent']
[INFO ][2016-01-27 18:28:21,947][com.java.SeleniumDriver] [  907] - DataValue : 
[INFO ][2016-01-27 18:28:21,947][com.java.SeleniumDriver] [  913] - <In Set values of the page>
[INFO ][2016-01-27 18:28:21,947][com.java.SeleniumDriver] [  916] - {Data Fields & Data Values Exist}
[INFO ][2016-01-27 18:28:21,947][com.java.SeleniumDriver] [  918] - --------------------------setting values-----------------------------
[INFO ][2016-01-27 18:28:21,947][com.java.SeleniumDriver] [  921] - Action Type : SELECTFRAME
[INFO ][2016-01-27 18:28:22,037][com.java.SeleniumDriver] [  930] -  RESULT true
[INFO ][2016-01-27 18:28:22,037][com.java.SeleniumDriver] [ 1136] - ?   P A S S   ?
[INFO ][2016-01-27 18:28:22,037][com.java.SeleniumDriver] [  856] - ------------------------------------------
[INFO ][2016-01-27 18:28:22,037][com.java.SeleniumDriver] [  857] - Test case being Executed: 4
[INFO ][2016-01-27 18:28:22,037][com.java.SeleniumDriver] [  869] - Test step:30
[INFO ][2016-01-27 18:28:22,037][com.java.SeleniumDriver] [  881] - Datavalue is----------5
[INFO ][2016-01-27 18:28:22,037][com.java.SeleniumDriver] [  905] - DataField : test
[INFO ][2016-01-27 18:28:22,037][com.java.SeleniumDriver] [  907] - DataValue : 5
[INFO ][2016-01-27 18:28:22,037][com.java.SeleniumDriver] [  913] - <In Set values of the page>
[INFO ][2016-01-27 18:28:22,037][com.java.SeleniumDriver] [  916] - {Data Fields & Data Values Exist}
[INFO ][2016-01-27 18:28:22,037][com.java.SeleniumDriver] [  918] - --------------------------setting values-----------------------------
[INFO ][2016-01-27 18:28:22,037][com.java.SeleniumDriver] [  921] - Action Type : WaitTime
[DEBUG][2016-01-27 18:28:22,037][com.java.TestType] [ 6244] - sleepTime: 5000
[INFO ][2016-01-27 18:28:27,037][com.java.SeleniumDriver] [  930] -  RESULT true
[INFO ][2016-01-27 18:28:27,037][com.java.SeleniumDriver] [ 1136] - ?   P A S S   ?
[INFO ][2016-01-27 18:28:27,037][com.java.SeleniumDriver] [  856] - ------------------------------------------
[INFO ][2016-01-27 18:28:27,037][com.java.SeleniumDriver] [  857] - Test case being Executed: 4
[INFO ][2016-01-27 18:28:27,037][com.java.SeleniumDriver] [  869] - Test step:31
[INFO ][2016-01-27 18:28:27,037][com.java.SeleniumDriver] [  881] - Datavalue is----------#_keys::< 100,000,000
[INFO ][2016-01-27 18:28:27,037][com.java.SeleniumDriver] [  905] - DataField : PVP//td[contains(text(),'mytext')]//following-sibling::td[1]
[INFO ][2016-01-27 18:28:27,037][com.java.SeleniumDriver] [  907] - DataValue : #_keys::< 100,000,000
[INFO ][2016-01-27 18:28:27,037][com.java.SeleniumDriver] [  913] - <In Set values of the page>
[INFO ][2016-01-27 18:28:27,037][com.java.SeleniumDriver] [  916] - {Data Fields & Data Values Exist}
[INFO ][2016-01-27 18:28:27,037][com.java.SeleniumDriver] [  918] - --------------------------setting values-----------------------------
[INFO ][2016-01-27 18:28:27,037][com.java.SeleniumDriver] [  921] - Action Type : verify
[INFO ][2016-01-27 18:28:27,037][com.java.TestType] [ 8020] - field= PVP//td[contains(text(),'mytext')]//following-sibling::td[1] value= #_keys::< 100,000,000
[INFO ][2016-01-27 18:28:27,037][com.java.TestType] [ 6430] - value = #_keys::< 100,000,000
[INFO ][2016-01-27 18:28:27,148][com.java.SeleniumDriver] [  930] -  RESULT true
[INFO ][2016-01-27 18:28:27,148][com.java.SeleniumDriver] [ 1136] - ?   P A S S   ?
[INFO ][2016-01-27 18:28:27,148][com.java.SeleniumDriver] [  856] - ------------------------------------------
[INFO ][2016-01-27 18:28:27,148][com.java.SeleniumDriver] [  857] - Test case being Executed: 4
[INFO ][2016-01-27 18:28:27,148][com.java.SeleniumDriver] [  869] - Test step:32
[INFO ][2016-01-27 18:28:27,148][com.java.SeleniumDriver] [  881] - Datavalue is----------null
[DEBUG][2016-01-27 18:28:27,148][com.java.SeleniumDriver] [  899] - Exception: null
[INFO ][2016-01-27 18:28:27,148][com.java.SeleniumDriver] [  905] - DataField : BTNparent
[INFO ][2016-01-27 18:28:27,148][com.java.SeleniumDriver] [  907] - DataValue : 
[INFO ][2016-01-27 18:28:27,148][com.java.SeleniumDriver] [  913] - <In Set values of the page>
[INFO ][2016-01-27 18:28:27,148][com.java.SeleniumDriver] [  916] - {Data Fields & Data Values Exist}
[INFO ][2016-01-27 18:28:27,148][com.java.SeleniumDriver] [  918] - --------------------------setting values-----------------------------
[INFO ][2016-01-27 18:28:27,148][com.java.SeleniumDriver] [  921] - Action Type : SELECTFRAME
[INFO ][2016-01-27 18:28:27,158][com.java.SeleniumDriver] [  930] -  RESULT true
[INFO ][2016-01-27 18:28:27,158][com.java.SeleniumDriver] [ 1136] - ?   P A S S   ?
[INFO ][2016-01-27 18:28:27,158][com.java.SeleniumDriver] [  856] - ------------------------------------------
[INFO ][2016-01-27 18:28:27,158][com.java.SeleniumDriver] [  857] - Test case being Executed: 4
[INFO ][2016-01-27 18:28:27,158][com.java.SeleniumDriver] [  869] - Test step:33
[INFO ][2016-01-27 18:28:27,158][com.java.SeleniumDriver] [  881] - Datavalue is----------5
[INFO ][2016-01-27 18:28:27,158][com.java.SeleniumDriver] [  905] - DataField : XPH//span[contains(text(),'Finished')]
[INFO ][2016-01-27 18:28:27,158][com.java.SeleniumDriver] [  907] - DataValue : 5
[INFO ][2016-01-27 18:28:27,158][com.java.SeleniumDriver] [  913] - <In Set values of the page>
[INFO ][2016-01-27 18:28:27,158][com.java.SeleniumDriver] [  916] - {Data Fields & Data Values Exist}
[INFO ][2016-01-27 18:28:27,158][com.java.SeleniumDriver] [  918] - --------------------------setting values-----------------------------
[INFO ][2016-01-27 18:28:27,158][com.java.SeleniumDriver] [  921] - Action Type : WAITFORELEMENT
[INFO ][2016-01-27 18:28:27,198][com.java.SeleniumDriver] [  930] -  RESULT true
[INFO ][2016-01-27 18:28:27,198][com.java.SeleniumDriver] [ 1136] - ?   P A S S   ?
[INFO ][2016-01-27 18:28:27,198][com.java.SeleniumDriver] [  856] - ------------------------------------------
[INFO ][2016-01-27 18:28:27,198][com.java.SeleniumDriver] [  857] - Test case being Executed: 4
[INFO ][2016-01-27 18:28:27,198][com.java.SeleniumDriver] [  869] - Test step:34
[INFO ][2016-01-27 18:28:27,198][com.java.SeleniumDriver] [  881] - Datavalue is----------null
[DEBUG][2016-01-27 18:28:27,198][com.java.SeleniumDriver] [  899] - Exception: null
[INFO ][2016-01-27 18:28:27,198][com.java.SeleniumDriver] [  905] - DataField : HDN//span[contains(text(),'Finished')]
[INFO ][2016-01-27 18:28:27,198][com.java.SeleniumDriver] [  907] - DataValue : 
[INFO ][2016-01-27 18:28:27,198][com.java.SeleniumDriver] [  913] - <In Set values of the page>
[INFO ][2016-01-27 18:28:27,198][com.java.SeleniumDriver] [  916] - {Data Fields & Data Values Exist}
[INFO ][2016-01-27 18:28:27,198][com.java.SeleniumDriver] [  918] - --------------------------setting values-----------------------------
[INFO ][2016-01-27 18:28:27,198][com.java.SeleniumDriver] [  921] - Action Type : CLICK
[INFO ][2016-01-27 18:28:27,198][com.java.TestType] [ 6809] - Field ::HDN//span[contains(text(),'Finished')]
[INFO ][2016-01-27 18:28:27,198][com.java.TestType] [ 6430] - value = 
[INFO ][2016-01-27 18:28:28,339][com.java.SeleniumDriver] [  930] -  RESULT true
[INFO ][2016-01-27 18:28:28,339][com.java.SeleniumDriver] [ 1136] - ?   P A S S   ?
[INFO ][2016-01-27 18:28:28,339][com.java.SeleniumDriver] [  856] - ------------------------------------------
[INFO ][2016-01-27 18:28:28,339][com.java.SeleniumDriver] [  857] - Test case being Executed: 4
[INFO ][2016-01-27 18:28:28,339][com.java.SeleniumDriver] [  869] - Test step:35
[INFO ][2016-01-27 18:28:28,339][com.java.SeleniumDriver] [  881] - Datavalue is----------10
[INFO ][2016-01-27 18:28:28,339][com.java.SeleniumDriver] [  905] - DataField : DSP//div[@class='widgetBody']//tr[last()]
[INFO ][2016-01-27 18:28:28,339][com.java.SeleniumDriver] [  907] - DataValue : 10
[INFO ][2016-01-27 18:28:28,339][com.java.SeleniumDriver] [  913] - <In Set values of the page>
[INFO ][2016-01-27 18:28:28,339][com.java.SeleniumDriver] [  916] - {Data Fields & Data Values Exist}
[INFO ][2016-01-27 18:28:28,339][com.java.SeleniumDriver] [  918] - --------------------------setting values-----------------------------
[INFO ][2016-01-27 18:28:28,339][com.java.SeleniumDriver] [  921] - Action Type : WaitForElement
[INFO ][2016-01-27 18:28:28,509][com.java.SeleniumDriver] [  930] -  RESULT true
[INFO ][2016-01-27 18:28:28,509][com.java.SeleniumDriver] [ 1136] - ?   P A S S   ?
[INFO ][2016-01-27 18:28:28,509][com.java.SeleniumDriver] [  856] - ------------------------------------------
[INFO ][2016-01-27 18:28:28,509][com.java.SeleniumDriver] [  857] - Test case being Executed: 4
[INFO ][2016-01-27 18:28:28,509][com.java.SeleniumDriver] [  869] - Test step:36
[INFO ][2016-01-27 18:28:28,509][com.java.SeleniumDriver] [  881] - Datavalue is----------HMV#_keys
[INFO ][2016-01-27 18:28:28,509][com.java.SeleniumDriver] [  905] - DataField : MSG
[INFO ][2016-01-27 18:28:28,509][com.java.SeleniumDriver] [  907] - DataValue : HMV#_keys
[INFO ][2016-01-27 18:28:28,509][com.java.SeleniumDriver] [  913] - <In Set values of the page>
[INFO ][2016-01-27 18:28:28,509][com.java.SeleniumDriver] [  916] - {Data Fields & Data Values Exist}
[INFO ][2016-01-27 18:28:28,509][com.java.SeleniumDriver] [  918] - --------------------------setting values-----------------------------
[INFO ][2016-01-27 18:28:28,509][com.java.SeleniumDriver] [  921] - Action Type : verify
[INFO ][2016-01-27 18:28:28,509][com.java.TestType] [ 8020] - field= MSG value= HMV#_keys
[INFO ][2016-01-27 18:28:28,509][com.java.TestType] [ 6430] - value = #_CAL102654
[DEBUG][2016-01-27 18:28:28,509][com.java.TestType] [ 8848] - value :: #_CAL102654
[INFO ][2016-01-27 18:28:28,569][com.java.SeleniumDriver] [  930] -  RESULT true
[INFO ][2016-01-27 18:28:28,569][com.java.SeleniumDriver] [ 1136] - ?   P A S S   ?
[INFO ][2016-01-27 18:28:28,569][com.java.SeleniumDriver] [  856] - ------------------------------------------
[INFO ][2016-01-27 18:28:28,569][com.java.SeleniumDriver] [  857] - Test case being Executed: 4
[INFO ][2016-01-27 18:28:28,579][com.java.SeleniumDriver] [  869] - Test step:37
[INFO ][2016-01-27 18:28:28,579][com.java.SeleniumDriver] [  881] - Datavalue is----------5
[INFO ][2016-01-27 18:28:28,579][com.java.SeleniumDriver] [  905] - DataField : test
[INFO ][2016-01-27 18:28:28,579][com.java.SeleniumDriver] [  907] - DataValue : 5
[INFO ][2016-01-27 18:28:28,579][com.java.SeleniumDriver] [  913] - <In Set values of the page>
[INFO ][2016-01-27 18:28:28,579][com.java.SeleniumDriver] [  916] - {Data Fields & Data Values Exist}
[INFO ][2016-01-27 18:28:28,579][com.java.SeleniumDriver] [  918] - --------------------------setting values-----------------------------
[INFO ][2016-01-27 18:28:28,579][com.java.SeleniumDriver] [  921] - Action Type : WaitTime
[DEBUG][2016-01-27 18:28:28,579][com.java.TestType] [ 6244] - sleepTime: 5000
[INFO ][2016-01-27 18:28:33,582][com.java.SeleniumDriver] [  930] -  RESULT true
[INFO ][2016-01-27 18:28:33,582][com.java.SeleniumDriver] [ 1136] - ?   P A S S   ?
[INFO ][2016-01-27 18:28:33,582][com.java.SeleniumDriver] [  856] - ------------------------------------------
[INFO ][2016-01-27 18:28:33,582][com.java.SeleniumDriver] [  857] - Test case being Executed: 4
[INFO ][2016-01-27 18:28:33,582][com.java.SeleniumDriver] [  869] - Test step:38
[INFO ][2016-01-27 18:28:33,582][com.java.SeleniumDriver] [  881] - Datavalue is----------Concept#8:1-17
[INFO ][2016-01-27 18:28:33,582][com.java.SeleniumDriver] [  905] - DataField : test
[INFO ][2016-01-27 18:28:33,582][com.java.SeleniumDriver] [  907] - DataValue : Concept#8:1-17
[INFO ][2016-01-27 18:28:33,582][com.java.SeleniumDriver] [  913] - <In Set values of the page>
[INFO ][2016-01-27 18:28:33,582][com.java.SeleniumDriver] [  916] - {Data Fields & Data Values Exist}
[INFO ][2016-01-27 18:28:33,582][com.java.SeleniumDriver] [  918] - --------------------------setting values-----------------------------
[INFO ][2016-01-27 18:28:33,582][com.java.SeleniumDriver] [  921] - Action Type : ExecuteTestCase
[INFO ][2016-01-27 18:28:33,582][com.java.TestType] [  442] - The Concept sheet name is ---------- Concept
[INFO ][2016-01-27 18:28:33,582][com.java.TestType] [  445] - The Concept ID  is ---------- 8
[DEBUG][2016-01-27 18:28:33,582][com.java.TestType] [  449] - Steps being executted in the Concept are: 1:17
[INFO ][2016-01-27 18:28:33,582][com.java.TestType] [  456] - Test data details path ---------- D:\BankersDashboard\TestInputs\TestData.xls
[INFO ][2016-01-27 18:28:33,613][com.java.TestType] [  487] -  str(1) = 8
[INFO ][2016-01-27 18:28:33,613][com.java.TestType] [  490] - Test case Id is---8
[INFO ][2016-01-27 18:28:33,613][com.java.TestType] [  492] - 8
[INFO ][2016-01-27 18:28:33,613][com.java.TestType] [  487] -  str(2) = 1
[INFO ][2016-01-27 18:28:33,613][com.java.TestType] [  487] -  str(1) = 8
[INFO ][2016-01-27 18:28:33,613][com.java.TestType] [  490] - Test case Id is---8
[INFO ][2016-01-27 18:28:33,613][com.java.TestType] [  492] - 8
[INFO ][2016-01-27 18:28:33,613][com.java.TestType] [  487] -  str(2) = 2
[INFO ][2016-01-27 18:28:33,613][com.java.TestType] [  487] -  str(1) = 8
[INFO ][2016-01-27 18:28:33,613][com.java.TestType] [  490] - Test case Id is---8
[INFO ][2016-01-27 18:28:33,613][com.java.TestType] [  492] - 8
[INFO ][2016-01-27 18:28:33,613][com.java.TestType] [  487] -  str(2) = 3
[INFO ][2016-01-27 18:28:33,613][com.java.TestType] [  487] -  str(1) = 8
[INFO ][2016-01-27 18:28:33,613][com.java.TestType] [  490] - Test case Id is---8
[INFO ][2016-01-27 18:28:33,613][com.java.TestType] [  492] - 8
[INFO ][2016-01-27 18:28:33,613][com.java.TestType] [  487] -  str(2) = 4
[INFO ][2016-01-27 18:28:33,613][com.java.TestType] [  487] -  str(1) = 8
[INFO ][2016-01-27 18:28:33,613][com.java.TestType] [  490] - Test case Id is---8
[INFO ][2016-01-27 18:28:33,613][com.java.TestType] [  492] - 8
[INFO ][2016-01-27 18:28:33,613][com.java.TestType] [  487] -  str(2) = 5
[INFO ][2016-01-27 18:28:33,613][com.java.TestType] [  487] -  str(1) = 8
[INFO ][2016-01-27 18:28:33,613][com.java.TestType] [  490] - Test case Id is---8
[INFO ][2016-01-27 18:28:33,613][com.java.TestType] [  492] - 8
[INFO ][2016-01-27 18:28:33,613][com.java.TestType] [  487] -  str(2) = 6
[INFO ][2016-01-27 18:28:33,613][com.java.TestType] [  487] -  str(1) = 8
[INFO ][2016-01-27 18:28:33,613][com.java.TestType] [  490] - Test case Id is---8
[INFO ][2016-01-27 18:28:33,613][com.java.TestType] [  492] - 8
[INFO ][2016-01-27 18:28:33,623][com.java.TestType] [  487] -  str(2) = 7
[INFO ][2016-01-27 18:28:33,623][com.java.TestType] [  487] -  str(1) = 8
[INFO ][2016-01-27 18:28:33,623][com.java.TestType] [  490] - Test case Id is---8
[INFO ][2016-01-27 18:28:33,623][com.java.TestType] [  492] - 8
[INFO ][2016-01-27 18:28:33,623][com.java.TestType] [  487] -  str(2) = 8
[INFO ][2016-01-27 18:28:33,623][com.java.TestType] [  487] -  str(1) = 8
[INFO ][2016-01-27 18:28:33,623][com.java.TestType] [  490] - Test case Id is---8
[INFO ][2016-01-27 18:28:33,623][com.java.TestType] [  492] - 8
[INFO ][2016-01-27 18:28:33,623][com.java.TestType] [  487] -  str(2) = 9
[INFO ][2016-01-27 18:28:33,623][com.java.TestType] [  487] -  str(1) = 8
[INFO ][2016-01-27 18:28:33,623][com.java.TestType] [  490] - Test case Id is---8
[INFO ][2016-01-27 18:28:33,623][com.java.TestType] [  492] - 8
[INFO ][2016-01-27 18:28:33,623][com.java.TestType] [  487] -  str(2) = 10
[INFO ][2016-01-27 18:28:33,623][com.java.TestType] [  487] -  str(1) = 8
[INFO ][2016-01-27 18:28:33,623][com.java.TestType] [  490] - Test case Id is---8
[INFO ][2016-01-27 18:28:33,623][com.java.TestType] [  492] - 8
[INFO ][2016-01-27 18:28:33,623][com.java.TestType] [  487] -  str(2) = 11
[INFO ][2016-01-27 18:28:33,623][com.java.TestType] [  487] -  str(1) = 8
[INFO ][2016-01-27 18:28:33,623][com.java.TestType] [  490] - Test case Id is---8
[INFO ][2016-01-27 18:28:33,623][com.java.TestType] [  492] - 8
[INFO ][2016-01-27 18:28:33,623][com.java.TestType] [  487] -  str(2) = 12
[INFO ][2016-01-27 18:28:33,623][com.java.TestType] [  487] -  str(1) = 8
[INFO ][2016-01-27 18:28:33,623][com.java.TestType] [  490] - Test case Id is---8
[INFO ][2016-01-27 18:28:33,623][com.java.TestType] [  492] - 8
[INFO ][2016-01-27 18:28:33,623][com.java.TestType] [  487] -  str(2) = 13
[INFO ][2016-01-27 18:28:33,623][com.java.TestType] [  487] -  str(1) = 8
[INFO ][2016-01-27 18:28:33,623][com.java.TestType] [  490] - Test case Id is---8
[INFO ][2016-01-27 18:28:33,623][com.java.TestType] [  492] - 8
[INFO ][2016-01-27 18:28:33,623][com.java.TestType] [  487] -  str(2) = 14
[INFO ][2016-01-27 18:28:33,623][com.java.TestType] [  487] -  str(1) = 8
[INFO ][2016-01-27 18:28:33,623][com.java.TestType] [  490] - Test case Id is---8
[INFO ][2016-01-27 18:28:33,623][com.java.TestType] [  492] - 8
[INFO ][2016-01-27 18:28:33,623][com.java.TestType] [  487] -  str(2) = 15
[INFO ][2016-01-27 18:28:33,623][com.java.TestType] [  487] -  str(1) = 8
[INFO ][2016-01-27 18:28:33,623][com.java.TestType] [  490] - Test case Id is---8
[INFO ][2016-01-27 18:28:33,623][com.java.TestType] [  492] - 8
[INFO ][2016-01-27 18:28:33,623][com.java.TestType] [  487] -  str(2) = 16
[INFO ][2016-01-27 18:28:33,623][com.java.TestType] [  487] -  str(1) = 8
[INFO ][2016-01-27 18:28:33,623][com.java.TestType] [  490] - Test case Id is---8
[INFO ][2016-01-27 18:28:33,623][com.java.TestType] [  492] - 8
[INFO ][2016-01-27 18:28:33,623][com.java.TestType] [  487] -  str(2) = 17
[INFO ][2016-01-27 18:28:33,623][com.java.TestType] [11685] - Looping 1TCID = 8
[DEBUG][2016-01-27 18:28:33,623][com.java.TestType] [11726] - Concept ID:8 :: Step being Executed: 8::1
[ERROR][2016-01-27 18:28:33,623][com.java.TestType] [11759] - Exception: null
[INFO ][2016-01-27 18:28:33,623][com.java.TestType] [11764] - dataFields : BTNparent
[DEBUG][2016-01-27 18:28:33,623][com.java.TestType] [11770] - <In Set values of the page>
[DEBUG][2016-01-27 18:28:33,623][com.java.TestType] [11775] - {Data Fields & Data Values Exist}
[INFO ][2016-01-27 18:28:33,623][com.java.TestType] [11781] - --------------------------setting values-----------------------------
[INFO ][2016-01-27 18:28:33,623][com.java.TestType] [11784] - Action Type : SELECTFRAME
[INFO ][2016-01-27 18:28:33,643][com.java.TestType] [11803] -  RESULT true
[INFO ][2016-01-27 18:28:33,643][com.java.TestType] [11920] - ?   P A S S   ?
[DEBUG][2016-01-27 18:28:33,643][com.java.TestType] [11726] - Concept ID:8 :: Step being Executed: 8::2
[INFO ][2016-01-27 18:28:33,643][com.java.TestType] [11764] - dataFields : test
[DEBUG][2016-01-27 18:28:33,643][com.java.TestType] [11770] - <In Set values of the page>
[DEBUG][2016-01-27 18:28:33,643][com.java.TestType] [11775] - {Data Fields & Data Values Exist}
[INFO ][2016-01-27 18:28:33,643][com.java.TestType] [11781] - --------------------------setting values-----------------------------
[INFO ][2016-01-27 18:28:33,643][com.java.TestType] [11784] - Action Type : OPENURL
[INFO ][2016-01-27 18:28:33,643][com.java.TestType] [ 6430] - value = https://clients-xuat.bankersdashboard.com
[INFO ][2016-01-27 18:28:33,643][com.java.TestType] [  358] - Open URL : https://clients-xuat.bankersdashboard.com
[INFO ][2016-01-27 18:28:38,125][com.java.TestType] [11803] -  RESULT true
[INFO ][2016-01-27 18:28:38,125][com.java.TestType] [11920] - ?   P A S S   ?
[DEBUG][2016-01-27 18:28:38,125][com.java.TestType] [11726] - Concept ID:8 :: Step being Executed: 8::3
[ERROR][2016-01-27 18:28:38,125][com.java.TestType] [11759] - Exception: null
[INFO ][2016-01-27 18:28:38,125][com.java.TestType] [11764] - dataFields : //span[@class='icon-cog2']&&//ul[@id='Settings']/li/a&&//ul[@id='Customize']/li/a
[DEBUG][2016-01-27 18:28:38,125][com.java.TestType] [11770] - <In Set values of the page>
[DEBUG][2016-01-27 18:28:38,125][com.java.TestType] [11775] - {Data Fields & Data Values Exist}
[INFO ][2016-01-27 18:28:38,125][com.java.TestType] [11781] - --------------------------setting values-----------------------------
[INFO ][2016-01-27 18:28:38,125][com.java.TestType] [11784] - Action Type : MOUSEOVER
[INFO ][2016-01-27 18:31:34,654][com.java.TestType] [11803] -  RESULT true
[INFO ][2016-01-27 18:31:34,654][com.java.TestType] [11920] - ?   P A S S   ?
[DEBUG][2016-01-27 18:31:34,654][com.java.TestType] [11726] - Concept ID:8 :: Step being Executed: 8::4
[INFO ][2016-01-27 18:31:34,654][com.java.TestType] [11764] - dataFields : XPH//span[@class='ui-dialog-title']
[DEBUG][2016-01-27 18:31:34,654][com.java.TestType] [11770] - <In Set values of the page>
[DEBUG][2016-01-27 18:31:34,654][com.java.TestType] [11775] - {Data Fields & Data Values Exist}
[INFO ][2016-01-27 18:31:34,654][com.java.TestType] [11781] - --------------------------setting values-----------------------------
[INFO ][2016-01-27 18:31:34,654][com.java.TestType] [11784] - Action Type : Verify
[INFO ][2016-01-27 18:31:34,654][com.java.TestType] [ 8020] - field= XPH//span[@class='ui-dialog-title'] value= My Dashboard Indicators
[INFO ][2016-01-27 18:31:34,654][com.java.TestType] [ 6430] - value = My Dashboard Indicators
[INFO ][2016-01-27 18:31:34,775][com.java.TestType] [11803] -  RESULT false
[INFO ][2016-01-27 18:31:34,775][com.java.TestType] [11841] - ?   F A I L   ?
[DEBUG][2016-01-27 18:31:34,775][com.java.TestType] [11844] - Browser Type : IE10
[INFO ][2016-01-27 18:31:34,775][com.java.SeleniumDriver] [  930] -  RESULT false
[INFO ][2016-01-27 18:31:34,775][com.java.SeleniumDriver] [  977] - ?   F A I L   ?
[INFO ][2016-01-27 18:31:34,775][com.java.SeleniumDriver] [  985] - Browser Type : IE10
[INFO ][2016-01-27 18:31:34,775][com.java.SeleniumDriver] [  986] - Adding Failed case4
[INFO ][2016-01-27 18:31:35,475][com.java.SeleniumDriver] [ 1100] - failedCases = 4
[ERROR][2016-01-27 18:31:35,475][com.java.SeleniumDriver] [ 1599] - Platform Errors : Our apologies...::We have encountered an issue with your request.::Our apologies?:We encountered an issue with your request.
[INFO ][2016-01-27 18:31:35,475][com.java.SeleniumDriver] [ 1603] - Length =3
[ERROR][2016-01-27 18:31:35,475][com.java.SeleniumDriver] [ 1606] - Error 0 = Our apologies...
[ERROR][2016-01-27 18:31:35,535][com.java.SeleniumDriver] [ 1606] - Error 1 = We have encountered an issue with your request.
[ERROR][2016-01-27 18:31:35,575][com.java.SeleniumDriver] [ 1606] - Error 2 = Our apologies?:We encountered an issue with your request.
[INFO ][2016-01-27 18:31:35,625][com.java.SeleniumDriver] [ 1617] - strError:
[DEBUG][2016-01-27 18:31:35,645][com.java.SeleniumDriver] [ 1248] - Case found
[DEBUG][2016-01-27 18:31:35,645][com.java.SeleniumDriver] [ 1253] - Incrementing ReportCounters[0]:2
[INFO ][2016-01-27 18:31:35,645][com.java.SeleniumDriver] [ 1272] - The results are-------------------[4, 38, Settings: Customize My Dashboards: Custom Calculations: Edit Custom Calculation Indicator, Fail, 
Test case failed at Step No. :: 38   Error Message ::  In CONCEPT: Test case failed at Step No. :: 4. Screen Shot : D:\BankersDashboard\TestReports\012716\4_012716_183134_IE10.png, Wed Jan 27 18:31:35 IST 2016]
[INFO ][2016-01-27 18:31:35,645][com.java.SeleniumDriver] [ 1276] - End time is-------5 min 33 sec
[INFO ][2016-01-27 18:31:35,645][com.java.SeleniumDriver] [ 1277] - The results are-------------------[4, 38, Settings: Customize My Dashboards: Custom Calculations: Edit Custom Calculation Indicator, Fail, 
Test case failed at Step No. :: 38   Error Message ::  In CONCEPT: Test case failed at Step No. :: 4. Screen Shot : D:\BankersDashboard\TestReports\012716\4_012716_183134_IE10.png, Wed Jan 27 18:31:35 IST 2016]
[DEBUG][2016-01-27 18:31:35,645][com.java.ImportnExport.ExportTestResultsExcel] [  222] - testResultPath = D:\BankersDashboard/TestReports/Test Results_BankersDashBoard_012716_182604_IE10_First Bank.xls
[DEBUG][2016-01-27 18:31:35,645][com.java.ImportnExport.ExportTestResultsExcel] [  223] - browser is------------IE10
[DEBUG][2016-01-27 18:31:35,645][com.java.ImportnExport.ExportTestResultsExcel] [  270] - result.size() = 6
[DEBUG][2016-01-27 18:31:35,645][com.java.ImportnExport.ExportTestResultsExcel] [  274] - No of rows in sheet=2
[DEBUG][2016-01-27 18:31:35,645][com.java.ImportnExport.ExportTestResultsExcel] [  301] - ..in export..4
[DEBUG][2016-01-27 18:31:35,645][com.java.ImportnExport.ExportTestResultsExcel] [  301] - ..in export..Settings: Customize My Dashboards: Custom Calculations: Edit Custom Calculation Indicator
[DEBUG][2016-01-27 18:31:35,645][com.java.ImportnExport.ExportTestResultsExcel] [  301] - ..in export..Fail
[DEBUG][2016-01-27 18:31:35,645][com.java.ImportnExport.ExportTestResultsExcel] [  301] - ..in export..
Test case failed at Step No. :: 38   Error Message ::  In CONCEPT: Test case failed at Step No. :: 4. Screen Shot : D:\BankersDashboard\TestReports\012716\4_012716_183134_IE10.png
[DEBUG][2016-01-27 18:31:35,645][com.java.ImportnExport.ExportTestResultsExcel] [  301] - ..in export..Wed Jan 27 18:31:35 IST 2016
[INFO ][2016-01-27 18:31:35,645][com.java.SeleniumDriver] [ 1337] - out loop:1 size:2 TestCases:[1, 4] testcases:[1, 4]
[INFO ][2016-01-27 18:31:37,645][com.java.SeleniumDriver] [ 1380] - Total Number of Cases:2
[INFO ][2016-01-27 18:31:37,645][com.java.TemplateGenerator] [  302] - Executed:2
[INFO ][2016-01-27 18:31:37,645][com.java.TemplateGenerator] [  303] - Passed:1
[INFO ][2016-01-27 18:31:37,645][com.java.TemplateGenerator] [  304] - Failed:1
[INFO ][2016-01-27 18:31:37,645][com.java.TemplateGenerator] [  305] - Skipeed:0
[INFO ][2016-01-27 18:31:37,645][com.java.TemplateGenerator] [  306] - Application URL:https://clients-xuat.bankersdashboard.com
[INFO ][2016-01-27 18:31:37,645][com.java.TemplateGenerator] [  307] - Start Time:012716_182604
[INFO ][2016-01-27 18:31:37,645][com.java.TemplateGenerator] [  308] -  Creating HTML Report 
[ERROR][2016-01-27 18:31:37,645][com.java.TemplateGenerator] [  409] - Unparseable date: "Wed Jan 27 06:26:04 IST 2016"
[INFO ][2016-01-27 18:31:37,645][com.java.TemplateGenerator] [  654] -  Exporting case :: 1
[INFO ][2016-01-27 18:31:37,645][com.java.TemplateGenerator] [  654] -  Exporting case :: 4
[INFO ][2016-01-27 18:31:37,645][com.java.SeleniumDriver] [ 1429] - End Time:012716_183137
[INFO ][2016-01-27 18:31:37,645][com.java.SeleniumDriver] [ 1432] - Data in Test Execution Details:{1=PASS, 4=FAILTest case failed at Step No. :: 38   Error Message ::  In CONCEPT: Test case failed at Step No. :: 4}
[INFO ][2016-01-27 18:31:37,645][com.java.SeleniumDriver] [ 1433] - Data in Failed Execution Deatils:{}
[INFO ][2016-01-27 18:31:37,645][com.java.SeleniumDriver] [ 1435] - ReportCounter:Total:2 :: PASS: 1 ::FAIL: 1
[INFO ][2016-01-27 18:31:37,645][com.java.SeleniumDriver] [ 1436] - FailedReportCounter:Total:0 :: PASS: 0 ::FAIL: 0
[INFO ][2016-01-27 18:31:37,646][com.java.EmailTestReport] [   63] - Sending report mail details:
[INFO ][2016-01-27 18:31:37,646][com.java.EmailTestReport] [   80] - Excel Report Path:D:\BankersDashboard/TestReports/Test Results_BankersDashBoard_012716_182604_IE10_First Bank.xls
[INFO ][2016-01-27 18:31:37,646][com.java.EmailTestReport] [   81] - HTML Report Path:D:\BankersDashboard//TestReports//Test Results_BankersDashBoard_012716_182604_IE10_First Bank.html
[INFO ][2016-01-27 18:31:37,646][com.java.EmailTestReport] [   82] - smtpHostName:mail01.valuelabs.com
[INFO ][2016-01-27 18:31:37,646][com.java.EmailTestReport] [   83] - Recipient:venkateswararao.gubbala@valuelabs.com;
[INFO ][2016-01-27 18:31:37,646][com.java.EmailTestReport] [   84] - From:venkateswararao.gubbala@valuelabs.com;
[INFO ][2016-01-27 18:31:37,646][com.java.EmailTestReport] [   85] - Subject:Deluxe Corp Bankers Dashboard Automation Test Report - First Bank - IE10
[INFO ][2016-01-27 18:31:37,666][com.java.EmailTestReport] [  143] -  Added venkateswararao.gubbala@valuelabs.com
[INFO ][2016-01-27 18:31:40,786][com.java.SeleniumDriver] [  722] - quitting the browser 
[INFO ][2016-01-27 18:31:42,535][com.java.SeleniumDriver] [  264] - Execution Completed Stopping the thread
