[INFO ][2015-11-06 16:48:42,382][com.java.SeleniumDriver] [  213] - Execute Failed Casesfalse
[INFO ][2015-11-06 16:48:42,386][com.java.SeleniumDriver] [  214] - Browser: IE11
[INFO ][2015-11-06 16:48:42,387][com.java.SeleniumDriver] [  215] - [1, 2, 3, 4, 5, 6, 7]
[INFO ][2015-11-06 16:48:42,387][com.java.SeleniumDriver] [  216] - Total TestCases:7
[INFO ][2015-11-06 16:48:42,387][com.java.SeleniumDriver] [  217] -  Reading Properties from Property File 
[DEBUG][2015-11-06 16:48:42,387][com.java.SeleniumDriver] [  238] - url : https://clients-xuat.bankersdashboard.com
[INFO ][2015-11-06 16:48:42,388][com.java.ImportnExport.ExportTestResultsExcel] [  116] - Time Stamp Fri Nov 06 04:48:42 IST 2015
[INFO ][2015-11-06 16:48:42,388][com.java.ImportnExport.ExportTestResultsExcel] [  175] - OUT FILE : D:\BankersDashboard/TestReports/Test Results_BankersDashBoard_110615_164842_IE11_Bank of North Carolina.xls
[INFO ][2015-11-06 16:48:42,417][com.java.ImportnExport.ExportTestResultsExcel] [  180] - Test Result file is created
[DEBUG][2015-11-06 16:48:42,518][com.java.SeleniumDriver] [  425] - Hub ip address is-------172.17.68.34
[INFO ][2015-11-06 16:48:42,518][com.java.SeleniumDriver] [  451] - Grid URL:http://172.17.68.34:4444/wd/hub
[INFO ][2015-11-06 16:48:42,519][com.java.SeleniumDriver] [  452] - Capability:Capabilities [{platform=ANY, ensureCleanSession=true, ignoreProtectedModeSettings=true, acceptSslCerts=true, ignoreZoomSetting=true, browserName=internet explorer, browserstack.ie.noFlash=true, version=Node1}]
[ERROR][2015-11-06 16:48:43,816][com.java.SeleniumDriver] [  496] - Unable invoke browser in grid:Could not start a new session. Possible causes are invalid address of the remote server or browser start-up failure.
Build info: version: '2.48.2', revision: '41bccdd', time: '2015-10-09 19:59:12'
System info: host: 'FVTIII438F1D', ip: '172.17.68.34', os.name: 'Windows 7', os.arch: 'x86', os.version: '6.1', java.version: '1.7.0_55'
Driver info: driver.version: SeleniumDriver
[INFO ][2015-11-06 16:48:43,816][com.java.SeleniumDriver] [  498] - Executing on local machine
[INFO ][2015-11-06 16:48:53,036][com.java.SeleniumDriver] [  248] - IE11is opened
[INFO ][2015-11-06 16:48:53,696][com.java.SeleniumDriver] [  752] - Test cases to be executed are: [1, 2, 3, 4, 5, 6, 7]
[INFO ][2015-11-06 16:48:53,696][com.java.ImportnExport.ImportTestDataDetailsExcel] [   49] - test data details path===== D:\BankersDashboard\TestInputs\TestData.xls
[INFO ][2015-11-06 16:49:04,470][com.java.SeleniumDriver] [  788] - ------------------------------------------
[INFO ][2015-11-06 16:49:04,470][com.java.SeleniumDriver] [  789] - Test case being Executed: 1
[INFO ][2015-11-06 16:49:04,486][com.java.SeleniumDriver] [  800] - Test step:1
[INFO ][2015-11-06 16:49:04,486][com.java.SeleniumDriver] [  812] - Datavalue is----------Concept#1:1-14
[INFO ][2015-11-06 16:49:04,486][com.java.SeleniumDriver] [  836] - DataField : test
[INFO ][2015-11-06 16:49:04,487][com.java.SeleniumDriver] [  838] - DataValue : Concept#1:1-14
[INFO ][2015-11-06 16:49:04,487][com.java.SeleniumDriver] [  844] - <In Set values of the page>
[INFO ][2015-11-06 16:49:04,487][com.java.SeleniumDriver] [  847] - {Data Fields & Data Values Exist}
[INFO ][2015-11-06 16:49:04,487][com.java.SeleniumDriver] [  849] - --------------------------setting values-----------------------------
[INFO ][2015-11-06 16:49:04,487][com.java.SeleniumDriver] [  852] - Action Type : ExecuteTestCase
[INFO ][2015-11-06 16:49:04,505][com.java.TestType] [  417] - The Concept sheet name is ---------- Concept
[INFO ][2015-11-06 16:49:04,505][com.java.TestType] [  420] - The Concept ID  is ---------- 1
[DEBUG][2015-11-06 16:49:04,505][com.java.TestType] [  424] - Steps being executted in the Concept are: 1:14
[INFO ][2015-11-06 16:49:04,505][com.java.TestType] [  431] - Test data details path ---------- D:\BankersDashboard\TestInputs\TestData.xls
[INFO ][2015-11-06 16:49:04,536][com.java.TestType] [  462] -  str(1) = 1
[INFO ][2015-11-06 16:49:04,536][com.java.TestType] [  465] - Test case Id is---1
[INFO ][2015-11-06 16:49:04,536][com.java.TestType] [  467] - 1
[INFO ][2015-11-06 16:49:04,536][com.java.TestType] [  462] -  str(2) = 1
[INFO ][2015-11-06 16:49:04,538][com.java.TestType] [  514] - row values are--------{1=com.java.Objects.TestDataDetails@68c1b6}
[INFO ][2015-11-06 16:49:04,539][com.java.TestType] [  462] -  str(1) = 1
[INFO ][2015-11-06 16:49:04,539][com.java.TestType] [  465] - Test case Id is---1
[INFO ][2015-11-06 16:49:04,539][com.java.TestType] [  467] - 1
[INFO ][2015-11-06 16:49:04,539][com.java.TestType] [  462] -  str(2) = 2
[INFO ][2015-11-06 16:49:04,540][com.java.TestType] [  514] - row values are--------{1=com.java.Objects.TestDataDetails@68c1b6, 2=com.java.Objects.TestDataDetails@dc1400}
[INFO ][2015-11-06 16:49:04,540][com.java.TestType] [  462] -  str(1) = 1
[INFO ][2015-11-06 16:49:04,540][com.java.TestType] [  465] - Test case Id is---1
[INFO ][2015-11-06 16:49:04,540][com.java.TestType] [  467] - 1
[INFO ][2015-11-06 16:49:04,541][com.java.TestType] [  462] -  str(2) = 3
[INFO ][2015-11-06 16:49:04,542][com.java.TestType] [  514] - row values are--------{1=com.java.Objects.TestDataDetails@68c1b6, 2=com.java.Objects.TestDataDetails@dc1400, 3=com.java.Objects.TestDataDetails@14cbd69}
[INFO ][2015-11-06 16:49:04,542][com.java.TestType] [  462] -  str(1) = 1
[INFO ][2015-11-06 16:49:04,542][com.java.TestType] [  465] - Test case Id is---1
[INFO ][2015-11-06 16:49:04,542][com.java.TestType] [  467] - 1
[INFO ][2015-11-06 16:49:04,542][com.java.TestType] [  462] -  str(2) = 4
[INFO ][2015-11-06 16:49:04,544][com.java.TestType] [  514] - row values are--------{1=com.java.Objects.TestDataDetails@68c1b6, 2=com.java.Objects.TestDataDetails@dc1400, 3=com.java.Objects.TestDataDetails@14cbd69, 4=com.java.Objects.TestDataDetails@1fe3f48}
[INFO ][2015-11-06 16:49:04,544][com.java.TestType] [  462] -  str(1) = 1
[INFO ][2015-11-06 16:49:04,544][com.java.TestType] [  465] - Test case Id is---1
[INFO ][2015-11-06 16:49:04,544][com.java.TestType] [  467] - 1
[INFO ][2015-11-06 16:49:04,544][com.java.TestType] [  462] -  str(2) = 5
[INFO ][2015-11-06 16:49:04,547][com.java.TestType] [  514] - row values are--------{1=com.java.Objects.TestDataDetails@68c1b6, 2=com.java.Objects.TestDataDetails@dc1400, 3=com.java.Objects.TestDataDetails@14cbd69, 4=com.java.Objects.TestDataDetails@1fe3f48, 5=com.java.Objects.TestDataDetails@1f8a98}
[INFO ][2015-11-06 16:49:04,547][com.java.TestType] [  462] -  str(1) = 1
[INFO ][2015-11-06 16:49:04,547][com.java.TestType] [  465] - Test case Id is---1
[INFO ][2015-11-06 16:49:04,547][com.java.TestType] [  467] - 1
[INFO ][2015-11-06 16:49:04,547][com.java.TestType] [  462] -  str(2) = 6
[INFO ][2015-11-06 16:49:04,548][com.java.TestType] [  514] - row values are--------{1=com.java.Objects.TestDataDetails@68c1b6, 2=com.java.Objects.TestDataDetails@dc1400, 3=com.java.Objects.TestDataDetails@14cbd69, 4=com.java.Objects.TestDataDetails@1fe3f48, 5=com.java.Objects.TestDataDetails@1f8a98, 6=com.java.Objects.TestDataDetails@185552b}
[INFO ][2015-11-06 16:49:04,548][com.java.TestType] [  462] -  str(1) = 1
[INFO ][2015-11-06 16:49:04,548][com.java.TestType] [  465] - Test case Id is---1
[INFO ][2015-11-06 16:49:04,548][com.java.TestType] [  467] - 1
[INFO ][2015-11-06 16:49:04,548][com.java.TestType] [  462] -  str(2) = 7
[INFO ][2015-11-06 16:49:04,549][com.java.TestType] [  514] - row values are--------{1=com.java.Objects.TestDataDetails@68c1b6, 2=com.java.Objects.TestDataDetails@dc1400, 3=com.java.Objects.TestDataDetails@14cbd69, 4=com.java.Objects.TestDataDetails@1fe3f48, 5=com.java.Objects.TestDataDetails@1f8a98, 6=com.java.Objects.TestDataDetails@185552b, 7=com.java.Objects.TestDataDetails@5a7006}
[INFO ][2015-11-06 16:49:04,549][com.java.TestType] [  462] -  str(1) = 1
[INFO ][2015-11-06 16:49:04,549][com.java.TestType] [  465] - Test case Id is---1
[INFO ][2015-11-06 16:49:04,549][com.java.TestType] [  467] - 1
[INFO ][2015-11-06 16:49:04,549][com.java.TestType] [  462] -  str(2) = 8
[INFO ][2015-11-06 16:49:04,550][com.java.TestType] [  514] - row values are--------{1=com.java.Objects.TestDataDetails@68c1b6, 2=com.java.Objects.TestDataDetails@dc1400, 3=com.java.Objects.TestDataDetails@14cbd69, 4=com.java.Objects.TestDataDetails@1fe3f48, 5=com.java.Objects.TestDataDetails@1f8a98, 6=com.java.Objects.TestDataDetails@185552b, 7=com.java.Objects.TestDataDetails@5a7006, 8=com.java.Objects.TestDataDetails@9676fc}
[INFO ][2015-11-06 16:49:04,550][com.java.TestType] [  462] -  str(1) = 1
[INFO ][2015-11-06 16:49:04,550][com.java.TestType] [  465] - Test case Id is---1
[INFO ][2015-11-06 16:49:04,550][com.java.TestType] [  467] - 1
[INFO ][2015-11-06 16:49:04,551][com.java.TestType] [  462] -  str(2) = 9
[INFO ][2015-11-06 16:49:04,551][com.java.TestType] [  514] - row values are--------{1=com.java.Objects.TestDataDetails@68c1b6, 2=com.java.Objects.TestDataDetails@dc1400, 3=com.java.Objects.TestDataDetails@14cbd69, 4=com.java.Objects.TestDataDetails@1fe3f48, 5=com.java.Objects.TestDataDetails@1f8a98, 6=com.java.Objects.TestDataDetails@185552b, 7=com.java.Objects.TestDataDetails@5a7006, 8=com.java.Objects.TestDataDetails@9676fc, 9=com.java.Objects.TestDataDetails@11c7571}
[INFO ][2015-11-06 16:49:04,551][com.java.TestType] [  462] -  str(1) = 1
[INFO ][2015-11-06 16:49:04,552][com.java.TestType] [  465] - Test case Id is---1
[INFO ][2015-11-06 16:49:04,552][com.java.TestType] [  467] - 1
[INFO ][2015-11-06 16:49:04,552][com.java.TestType] [  462] -  str(2) = 10
[INFO ][2015-11-06 16:49:04,552][com.java.TestType] [  514] - row values are--------{1=com.java.Objects.TestDataDetails@68c1b6, 2=com.java.Objects.TestDataDetails@dc1400, 3=com.java.Objects.TestDataDetails@14cbd69, 4=com.java.Objects.TestDataDetails@1fe3f48, 5=com.java.Objects.TestDataDetails@1f8a98, 6=com.java.Objects.TestDataDetails@185552b, 7=com.java.Objects.TestDataDetails@5a7006, 8=com.java.Objects.TestDataDetails@9676fc, 9=com.java.Objects.TestDataDetails@11c7571, 10=com.java.Objects.TestDataDetails@a68bf1}
[INFO ][2015-11-06 16:49:04,553][com.java.TestType] [  462] -  str(1) = 1
[INFO ][2015-11-06 16:49:04,553][com.java.TestType] [  465] - Test case Id is---1
[INFO ][2015-11-06 16:49:04,553][com.java.TestType] [  467] - 1
[INFO ][2015-11-06 16:49:04,553][com.java.TestType] [  462] -  str(2) = 11
[INFO ][2015-11-06 16:49:04,554][com.java.TestType] [  514] - row values are--------{1=com.java.Objects.TestDataDetails@68c1b6, 2=com.java.Objects.TestDataDetails@dc1400, 3=com.java.Objects.TestDataDetails@14cbd69, 4=com.java.Objects.TestDataDetails@1fe3f48, 5=com.java.Objects.TestDataDetails@1f8a98, 6=com.java.Objects.TestDataDetails@185552b, 7=com.java.Objects.TestDataDetails@5a7006, 8=com.java.Objects.TestDataDetails@9676fc, 9=com.java.Objects.TestDataDetails@11c7571, 10=com.java.Objects.TestDataDetails@a68bf1, 11=com.java.Objects.TestDataDetails@d6e0e0}
[INFO ][2015-11-06 16:49:04,554][com.java.TestType] [  462] -  str(1) = 1
[INFO ][2015-11-06 16:49:04,554][com.java.TestType] [  465] - Test case Id is---1
[INFO ][2015-11-06 16:49:04,554][com.java.TestType] [  467] - 1
[INFO ][2015-11-06 16:49:04,554][com.java.TestType] [  462] -  str(2) = 12
[INFO ][2015-11-06 16:49:04,555][com.java.TestType] [  514] - row values are--------{1=com.java.Objects.TestDataDetails@68c1b6, 2=com.java.Objects.TestDataDetails@dc1400, 3=com.java.Objects.TestDataDetails@14cbd69, 4=com.java.Objects.TestDataDetails@1fe3f48, 5=com.java.Objects.TestDataDetails@1f8a98, 6=com.java.Objects.TestDataDetails@185552b, 7=com.java.Objects.TestDataDetails@5a7006, 8=com.java.Objects.TestDataDetails@9676fc, 9=com.java.Objects.TestDataDetails@11c7571, 10=com.java.Objects.TestDataDetails@a68bf1, 11=com.java.Objects.TestDataDetails@d6e0e0, 12=com.java.Objects.TestDataDetails@1d73938}
[INFO ][2015-11-06 16:49:04,556][com.java.TestType] [  462] -  str(1) = 1
[INFO ][2015-11-06 16:49:04,556][com.java.TestType] [  465] - Test case Id is---1
[INFO ][2015-11-06 16:49:04,556][com.java.TestType] [  467] - 1
[INFO ][2015-11-06 16:49:04,556][com.java.TestType] [  462] -  str(2) = 13
[INFO ][2015-11-06 16:49:04,557][com.java.TestType] [  514] - row values are--------{1=com.java.Objects.TestDataDetails@68c1b6, 2=com.java.Objects.TestDataDetails@dc1400, 3=com.java.Objects.TestDataDetails@14cbd69, 4=com.java.Objects.TestDataDetails@1fe3f48, 5=com.java.Objects.TestDataDetails@1f8a98, 6=com.java.Objects.TestDataDetails@185552b, 7=com.java.Objects.TestDataDetails@5a7006, 8=com.java.Objects.TestDataDetails@9676fc, 9=com.java.Objects.TestDataDetails@11c7571, 10=com.java.Objects.TestDataDetails@a68bf1, 11=com.java.Objects.TestDataDetails@d6e0e0, 12=com.java.Objects.TestDataDetails@1d73938, 13=com.java.Objects.TestDataDetails@139a367}
[INFO ][2015-11-06 16:49:04,557][com.java.TestType] [  462] -  str(1) = 1
[INFO ][2015-11-06 16:49:04,557][com.java.TestType] [  465] - Test case Id is---1
[INFO ][2015-11-06 16:49:04,557][com.java.TestType] [  467] - 1
[INFO ][2015-11-06 16:49:04,557][com.java.TestType] [  462] -  str(2) = 14
[INFO ][2015-11-06 16:49:04,558][com.java.TestType] [  514] - row values are--------{1=com.java.Objects.TestDataDetails@68c1b6, 2=com.java.Objects.TestDataDetails@dc1400, 3=com.java.Objects.TestDataDetails@14cbd69, 4=com.java.Objects.TestDataDetails@1fe3f48, 5=com.java.Objects.TestDataDetails@1f8a98, 6=com.java.Objects.TestDataDetails@185552b, 7=com.java.Objects.TestDataDetails@5a7006, 8=com.java.Objects.TestDataDetails@9676fc, 9=com.java.Objects.TestDataDetails@11c7571, 10=com.java.Objects.TestDataDetails@a68bf1, 11=com.java.Objects.TestDataDetails@d6e0e0, 12=com.java.Objects.TestDataDetails@1d73938, 13=com.java.Objects.TestDataDetails@139a367, 14=com.java.Objects.TestDataDetails@16da649}
[INFO ][2015-11-06 16:49:04,558][com.java.TestType] [ 8177] - Looping 1TCID = 1
[DEBUG][2015-11-06 16:49:04,558][com.java.TestType] [ 8218] - Concept ID:1 :: Step being Executed: 1::1
[INFO ][2015-11-06 16:49:04,558][com.java.TestType] [ 8256] - dataFields : TXTusername
[DEBUG][2015-11-06 16:49:04,558][com.java.TestType] [ 8262] - <In Set values of the page>
[DEBUG][2015-11-06 16:49:04,558][com.java.TestType] [ 8267] - {Data Fields & Data Values Exist}
[INFO ][2015-11-06 16:49:04,558][com.java.TestType] [ 8273] - --------------------------setting values-----------------------------
[INFO ][2015-11-06 16:49:04,558][com.java.TestType] [ 8276] - Action Type : CLEARANDENTER
[INFO ][2015-11-06 16:49:04,558][com.java.TestType] [ 4028] - value = valuelabs.ie11.33527
[INFO ][2015-11-06 16:49:09,406][com.java.TestType] [ 8295] -  RESULT true
[INFO ][2015-11-06 16:49:09,406][com.java.TestType] [ 8412] - ?   P A S S   ?
[DEBUG][2015-11-06 16:49:09,406][com.java.TestType] [ 8218] - Concept ID:1 :: Step being Executed: 1::2
[INFO ][2015-11-06 16:49:09,406][com.java.TestType] [ 8256] - dataFields : TXTpassword
[DEBUG][2015-11-06 16:49:09,406][com.java.TestType] [ 8262] - <In Set values of the page>
[DEBUG][2015-11-06 16:49:09,406][com.java.TestType] [ 8267] - {Data Fields & Data Values Exist}
[INFO ][2015-11-06 16:49:09,407][com.java.TestType] [ 8273] - --------------------------setting values-----------------------------
[INFO ][2015-11-06 16:49:09,407][com.java.TestType] [ 8276] - Action Type : CLEARANDENTER
[INFO ][2015-11-06 16:49:09,407][com.java.TestType] [ 4028] - value = Password1*
[INFO ][2015-11-06 16:49:14,358][com.java.TestType] [ 8295] -  RESULT true
[INFO ][2015-11-06 16:49:14,358][com.java.TestType] [ 8412] - ?   P A S S   ?
[DEBUG][2015-11-06 16:49:14,358][com.java.TestType] [ 8218] - Concept ID:1 :: Step being Executed: 1::3
[ERROR][2015-11-06 16:49:14,358][com.java.TestType] [ 8251] - Exception: null
[INFO ][2015-11-06 16:49:14,358][com.java.TestType] [ 8256] - dataFields : XPH//button[@type='submit']
[DEBUG][2015-11-06 16:49:14,358][com.java.TestType] [ 8262] - <In Set values of the page>
[DEBUG][2015-11-06 16:49:14,358][com.java.TestType] [ 8267] - {Data Fields & Data Values Exist}
[INFO ][2015-11-06 16:49:14,359][com.java.TestType] [ 8273] - --------------------------setting values-----------------------------
[INFO ][2015-11-06 16:49:14,359][com.java.TestType] [ 8276] - Action Type : Click
[INFO ][2015-11-06 16:49:14,359][com.java.TestType] [ 4341] - Field ::XPH//button[@type='submit']
[INFO ][2015-11-06 16:49:15,359][com.java.TestType] [ 4400] - BEFORE CLICK
[INFO ][2015-11-06 16:49:16,228][com.java.TestType] [ 4408] - Unable to click the object Login
[INFO ][2015-11-06 16:49:16,229][com.java.TestType] [ 8295] -  RESULT true
[INFO ][2015-11-06 16:49:16,229][com.java.TestType] [ 8412] - ?   P A S S   ?
[DEBUG][2015-11-06 16:49:16,229][com.java.TestType] [ 8218] - Concept ID:1 :: Step being Executed: 1::4
[INFO ][2015-11-06 16:49:16,229][com.java.TestType] [ 8256] - dataFields : LNKLogout
[DEBUG][2015-11-06 16:49:16,229][com.java.TestType] [ 8262] - <In Set values of the page>
[DEBUG][2015-11-06 16:49:16,229][com.java.TestType] [ 8267] - {Data Fields & Data Values Exist}
[INFO ][2015-11-06 16:49:16,229][com.java.TestType] [ 8273] - --------------------------setting values-----------------------------
[INFO ][2015-11-06 16:49:16,229][com.java.TestType] [ 8276] - Action Type : WaitForElement
[INFO ][2015-11-06 16:49:27,455][com.java.TestType] [ 8295] -  RESULT true
[INFO ][2015-11-06 16:49:27,455][com.java.TestType] [ 8412] - ?   P A S S   ?
[DEBUG][2015-11-06 16:49:27,455][com.java.TestType] [ 8218] - Concept ID:1 :: Step being Executed: 1::13
[INFO ][2015-11-06 16:49:27,455][com.java.TestType] [ 8256] - dataFields : LNK
[DEBUG][2015-11-06 16:49:27,455][com.java.TestType] [ 8262] - <In Set values of the page>
[DEBUG][2015-11-06 16:49:27,456][com.java.TestType] [ 8267] - {Data Fields & Data Values Exist}
[INFO ][2015-11-06 16:49:27,456][com.java.TestType] [ 8273] - --------------------------setting values-----------------------------
[INFO ][2015-11-06 16:49:27,456][com.java.TestType] [ 8276] - Action Type : Verify
[INFO ][2015-11-06 16:49:27,456][com.java.TestType] [ 5154] - field= LNK value= Logout
[INFO ][2015-11-06 16:49:27,457][com.java.TestType] [ 4028] - value = Logout
[INFO ][2015-11-06 16:49:27,495][com.java.TestType] [ 8295] -  RESULT true
[INFO ][2015-11-06 16:49:27,495][com.java.TestType] [ 8412] - ?   P A S S   ?
[DEBUG][2015-11-06 16:49:27,495][com.java.TestType] [ 8218] - Concept ID:1 :: Step being Executed: 1::14
[INFO ][2015-11-06 16:49:27,495][com.java.TestType] [ 8256] - dataFields : BTN
[DEBUG][2015-11-06 16:49:27,495][com.java.TestType] [ 8262] - <In Set values of the page>
[DEBUG][2015-11-06 16:49:27,495][com.java.TestType] [ 8267] - {Data Fields & Data Values Exist}
[INFO ][2015-11-06 16:49:27,495][com.java.TestType] [ 8273] - --------------------------setting values-----------------------------
[INFO ][2015-11-06 16:49:27,495][com.java.TestType] [ 8276] - Action Type : Verify
[INFO ][2015-11-06 16:49:27,496][com.java.TestType] [ 5154] - field= BTN value= //img[contains(@src,'bdlogo.jpg')]
[INFO ][2015-11-06 16:49:27,496][com.java.TestType] [ 4028] - value = //img[contains(@src,'bdlogo.jpg')]
[INFO ][2015-11-06 16:49:27,530][com.java.TestType] [ 8295] -  RESULT true
[INFO ][2015-11-06 16:49:27,530][com.java.TestType] [ 8412] - ?   P A S S   ?
[INFO ][2015-11-06 16:49:27,530][com.java.TestType] [ 8483] - Looping End......
[INFO ][2015-11-06 16:49:27,534][com.java.SeleniumDriver] [  861] -  RESULT true
[INFO ][2015-11-06 16:49:27,534][com.java.SeleniumDriver] [ 1066] - ?   P A S S   ?
[INFO ][2015-11-06 16:49:27,534][com.java.SeleniumDriver] [  788] - ------------------------------------------
[INFO ][2015-11-06 16:49:27,534][com.java.SeleniumDriver] [  789] - Test case being Executed: 1
[INFO ][2015-11-06 16:49:27,534][com.java.SeleniumDriver] [  800] - Test step:2
[INFO ][2015-11-06 16:49:27,534][com.java.SeleniumDriver] [  812] - Datavalue is----------Concept#2:1-2
[INFO ][2015-11-06 16:49:27,534][com.java.SeleniumDriver] [  836] - DataField : test
[INFO ][2015-11-06 16:49:27,534][com.java.SeleniumDriver] [  838] - DataValue : Concept#2:1-2
[INFO ][2015-11-06 16:49:27,534][com.java.SeleniumDriver] [  844] - <In Set values of the page>
[INFO ][2015-11-06 16:49:27,534][com.java.SeleniumDriver] [  847] - {Data Fields & Data Values Exist}
[INFO ][2015-11-06 16:49:27,534][com.java.SeleniumDriver] [  849] - --------------------------setting values-----------------------------
[INFO ][2015-11-06 16:49:27,535][com.java.SeleniumDriver] [  852] - Action Type : ExecuteTestCase
[INFO ][2015-11-06 16:49:27,535][com.java.TestType] [  417] - The Concept sheet name is ---------- Concept
[INFO ][2015-11-06 16:49:27,535][com.java.TestType] [  420] - The Concept ID  is ---------- 2
[DEBUG][2015-11-06 16:49:27,535][com.java.TestType] [  424] - Steps being executted in the Concept are: 1:2
[INFO ][2015-11-06 16:49:27,535][com.java.TestType] [  431] - Test data details path ---------- D:\BankersDashboard\TestInputs\TestData.xls
[INFO ][2015-11-06 16:49:27,568][com.java.TestType] [  462] -  str(1) = 2
[INFO ][2015-11-06 16:49:27,568][com.java.TestType] [  465] - Test case Id is---2
[INFO ][2015-11-06 16:49:27,568][com.java.TestType] [  467] - 2
[INFO ][2015-11-06 16:49:27,568][com.java.TestType] [  462] -  str(2) = 1
[INFO ][2015-11-06 16:49:27,570][com.java.TestType] [  514] - row values are--------{1=com.java.Objects.TestDataDetails@edfada}
[INFO ][2015-11-06 16:49:27,570][com.java.TestType] [  462] -  str(1) = 2
[INFO ][2015-11-06 16:49:27,570][com.java.TestType] [  465] - Test case Id is---2
[INFO ][2015-11-06 16:49:27,570][com.java.TestType] [  467] - 2
[INFO ][2015-11-06 16:49:27,570][com.java.TestType] [  462] -  str(2) = 2
[INFO ][2015-11-06 16:49:27,571][com.java.TestType] [  514] - row values are--------{1=com.java.Objects.TestDataDetails@edfada, 2=com.java.Objects.TestDataDetails@2a0c2f}
[INFO ][2015-11-06 16:49:27,571][com.java.TestType] [  462] -  str(1) = 2
[INFO ][2015-11-06 16:49:27,571][com.java.TestType] [  465] - Test case Id is---2
[INFO ][2015-11-06 16:49:27,571][com.java.TestType] [  467] - 2
[INFO ][2015-11-06 16:49:27,571][com.java.TestType] [  462] -  str(2) = 3
[INFO ][2015-11-06 16:49:27,572][com.java.TestType] [  514] - row values are--------{1=com.java.Objects.TestDataDetails@edfada, 2=com.java.Objects.TestDataDetails@2a0c2f, 3=com.java.Objects.TestDataDetails@100d189}
[INFO ][2015-11-06 16:49:27,572][com.java.TestType] [ 8177] - Looping 1TCID = 2
[DEBUG][2015-11-06 16:49:27,572][com.java.TestType] [ 8218] - Concept ID:2 :: Step being Executed: 2::1
[INFO ][2015-11-06 16:49:27,572][com.java.TestType] [ 8256] - dataFields : BNK//select[@id='bank']
[DEBUG][2015-11-06 16:49:27,572][com.java.TestType] [ 8262] - <In Set values of the page>
[DEBUG][2015-11-06 16:49:27,572][com.java.TestType] [ 8267] - {Data Fields & Data Values Exist}
[INFO ][2015-11-06 16:49:27,572][com.java.TestType] [ 8273] - --------------------------setting values-----------------------------
[INFO ][2015-11-06 16:49:27,572][com.java.TestType] [ 8276] - Action Type : Select
[INFO ][2015-11-06 16:49:27,572][com.java.TestType] [ 4028] - value = PFC
[INFO ][2015-11-06 16:49:27,774][com.java.TestType] [ 8295] -  RESULT true
[INFO ][2015-11-06 16:49:27,774][com.java.TestType] [ 8412] - ?   P A S S   ?
[DEBUG][2015-11-06 16:49:27,774][com.java.TestType] [ 8218] - Concept ID:2 :: Step being Executed: 2::2
[INFO ][2015-11-06 16:49:27,774][com.java.TestType] [ 8256] - dataFields : LNKLogout
[DEBUG][2015-11-06 16:49:27,774][com.java.TestType] [ 8262] - <In Set values of the page>
[DEBUG][2015-11-06 16:49:27,774][com.java.TestType] [ 8267] - {Data Fields & Data Values Exist}
[INFO ][2015-11-06 16:49:27,774][com.java.TestType] [ 8273] - --------------------------setting values-----------------------------
[INFO ][2015-11-06 16:49:27,774][com.java.TestType] [ 8276] - Action Type : WaitTime
[DEBUG][2015-11-06 16:49:27,775][com.java.TestType] [ 3861] - sleepTime: 5000
[INFO ][2015-11-06 16:49:32,775][com.java.TestType] [ 8295] -  RESULT true
[INFO ][2015-11-06 16:49:32,775][com.java.TestType] [ 8412] - ?   P A S S   ?
[INFO ][2015-11-06 16:49:32,775][com.java.TestType] [ 8483] - Looping End......
[INFO ][2015-11-06 16:49:32,779][com.java.SeleniumDriver] [  861] -  RESULT true
[INFO ][2015-11-06 16:49:32,779][com.java.SeleniumDriver] [ 1066] - ?   P A S S   ?
[INFO ][2015-11-06 16:49:32,779][com.java.SeleniumDriver] [  788] - ------------------------------------------
[INFO ][2015-11-06 16:49:32,779][com.java.SeleniumDriver] [  789] - Test case being Executed: 1
[INFO ][2015-11-06 16:49:32,779][com.java.SeleniumDriver] [  800] - Test step:3
[INFO ][2015-11-06 16:49:32,779][com.java.SeleniumDriver] [  812] - Datavalue is----------2
[INFO ][2015-11-06 16:49:32,779][com.java.SeleniumDriver] [  836] - DataField : XPH//button[contains(text(),'Add Content')]
[INFO ][2015-11-06 16:49:32,779][com.java.SeleniumDriver] [  838] - DataValue : 2
[INFO ][2015-11-06 16:49:32,779][com.java.SeleniumDriver] [  844] - <In Set values of the page>
[INFO ][2015-11-06 16:49:32,780][com.java.SeleniumDriver] [  847] - {Data Fields & Data Values Exist}
[INFO ][2015-11-06 16:49:32,780][com.java.SeleniumDriver] [  849] - --------------------------setting values-----------------------------
[INFO ][2015-11-06 16:49:32,780][com.java.SeleniumDriver] [  852] - Action Type : WAITFORELEMENT
[INFO ][2015-11-06 16:49:32,826][com.java.SeleniumDriver] [  861] -  RESULT true
[INFO ][2015-11-06 16:49:32,826][com.java.SeleniumDriver] [ 1066] - ?   P A S S   ?
[DEBUG][2015-11-06 16:49:32,826][com.java.SeleniumDriver] [ 1168] - Case found
[DEBUG][2015-11-06 16:49:32,826][com.java.SeleniumDriver] [ 1173] - Incrementing ReportCounters[0]:1
[INFO ][2015-11-06 16:49:32,826][com.java.SeleniumDriver] [ 1192] - The results are-------------------[1, 1, Valid Login, Pass, , Fri Nov 06 16:49:27 IST 2015, 1, 2, Valid Login, Pass, , Fri Nov 06 16:49:32 IST 2015, 1, 3, Valid Login, Pass, , Fri Nov 06 16:49:32 IST 2015]
[INFO ][2015-11-06 16:49:32,826][com.java.SeleniumDriver] [ 1196] - End time is-------52 sec
[INFO ][2015-11-06 16:49:32,826][com.java.SeleniumDriver] [ 1197] - The results are-------------------[1, 1, Valid Login, Pass, , Fri Nov 06 16:49:27 IST 2015, 1, 2, Valid Login, Pass, , Fri Nov 06 16:49:32 IST 2015, 1, 3, Valid Login, Pass, , Fri Nov 06 16:49:32 IST 2015]
[DEBUG][2015-11-06 16:49:32,826][com.java.ImportnExport.ExportTestResultsExcel] [  222] - testResultPath = D:\BankersDashboard/TestReports/Test Results_BankersDashBoard_110615_164842_IE11_Bank of North Carolina.xls
[DEBUG][2015-11-06 16:49:32,827][com.java.ImportnExport.ExportTestResultsExcel] [  223] - browser is------------IE11
[DEBUG][2015-11-06 16:49:32,868][com.java.ImportnExport.ExportTestResultsExcel] [  270] - result.size() = 18
[DEBUG][2015-11-06 16:49:32,868][com.java.ImportnExport.ExportTestResultsExcel] [  274] - No of rows in sheet=1
[DEBUG][2015-11-06 16:49:32,868][com.java.ImportnExport.ExportTestResultsExcel] [  301] - ..in export..1
[DEBUG][2015-11-06 16:49:32,868][com.java.ImportnExport.ExportTestResultsExcel] [  301] - ..in export..Valid Login
[DEBUG][2015-11-06 16:49:32,868][com.java.ImportnExport.ExportTestResultsExcel] [  301] - ..in export..Pass
[DEBUG][2015-11-06 16:49:32,868][com.java.ImportnExport.ExportTestResultsExcel] [  301] - ..in export..
[DEBUG][2015-11-06 16:49:32,868][com.java.ImportnExport.ExportTestResultsExcel] [  301] - ..in export..Fri Nov 06 16:49:27 IST 2015
[INFO ][2015-11-06 16:49:32,871][com.java.SeleniumDriver] [ 1255] - out loop:0 size:7 TestCases:[1, 2, 3, 4, 5, 6, 7] testcases:[1, 2, 3, 4, 5, 6, 7]
[INFO ][2015-11-06 16:49:32,871][com.java.ImportnExport.ImportTestDataDetailsExcel] [   49] - test data details path===== D:\BankersDashboard\TestInputs\TestData.xls
[INFO ][2015-11-06 16:49:49,348][com.java.SeleniumDriver] [  788] - ------------------------------------------
[INFO ][2015-11-06 16:49:49,348][com.java.SeleniumDriver] [  789] - Test case being Executed: 2
[INFO ][2015-11-06 16:49:49,348][com.java.SeleniumDriver] [  800] - Test step:1
[INFO ][2015-11-06 16:49:49,348][com.java.SeleniumDriver] [  812] - Datavalue is----------Logout
[INFO ][2015-11-06 16:49:49,348][com.java.SeleniumDriver] [  836] - DataField : BTN
[INFO ][2015-11-06 16:49:49,348][com.java.SeleniumDriver] [  838] - DataValue : Logout
[INFO ][2015-11-06 16:49:49,348][com.java.SeleniumDriver] [  844] - <In Set values of the page>
[INFO ][2015-11-06 16:49:49,348][com.java.SeleniumDriver] [  847] - {Data Fields & Data Values Exist}
[INFO ][2015-11-06 16:49:49,348][com.java.SeleniumDriver] [  849] - --------------------------setting values-----------------------------
[INFO ][2015-11-06 16:49:49,348][com.java.SeleniumDriver] [  852] - Action Type : Verify
[INFO ][2015-11-06 16:49:49,348][com.java.TestType] [ 5154] - field= BTN value= Logout
[INFO ][2015-11-06 16:49:49,349][com.java.TestType] [ 4028] - value = Logout
[INFO ][2015-11-06 16:49:49,382][com.java.SeleniumDriver] [  861] -  RESULT true
[INFO ][2015-11-06 16:49:49,382][com.java.SeleniumDriver] [ 1066] - ?   P A S S   ?
[INFO ][2015-11-06 16:49:49,382][com.java.SeleniumDriver] [ 1108] - step change to 3
[INFO ][2015-11-06 16:49:49,382][com.java.SeleniumDriver] [  788] - ------------------------------------------
[INFO ][2015-11-06 16:49:49,382][com.java.SeleniumDriver] [  789] - Test case being Executed: 2
[INFO ][2015-11-06 16:49:49,382][com.java.SeleniumDriver] [  800] - Test step:3
[INFO ][2015-11-06 16:49:49,382][com.java.SeleniumDriver] [  812] - Datavalue is----------Concept#2:1-2
[INFO ][2015-11-06 16:49:49,382][com.java.SeleniumDriver] [  836] - DataField : test
[INFO ][2015-11-06 16:49:49,382][com.java.SeleniumDriver] [  838] - DataValue : Concept#2:1-2
[INFO ][2015-11-06 16:49:49,383][com.java.SeleniumDriver] [  844] - <In Set values of the page>
[INFO ][2015-11-06 16:49:49,383][com.java.SeleniumDriver] [  847] - {Data Fields & Data Values Exist}
[INFO ][2015-11-06 16:49:49,383][com.java.SeleniumDriver] [  849] - --------------------------setting values-----------------------------
[INFO ][2015-11-06 16:49:49,383][com.java.SeleniumDriver] [  852] - Action Type : ExecuteTestCase
[INFO ][2015-11-06 16:49:49,383][com.java.TestType] [  417] - The Concept sheet name is ---------- Concept
[INFO ][2015-11-06 16:49:49,383][com.java.TestType] [  420] - The Concept ID  is ---------- 2
[DEBUG][2015-11-06 16:49:49,383][com.java.TestType] [  424] - Steps being executted in the Concept are: 1:2
[INFO ][2015-11-06 16:49:49,384][com.java.TestType] [  431] - Test data details path ---------- D:\BankersDashboard\TestInputs\TestData.xls
[INFO ][2015-11-06 16:49:49,413][com.java.TestType] [  462] -  str(1) = 2
[INFO ][2015-11-06 16:49:49,413][com.java.TestType] [  465] - Test case Id is---2
[INFO ][2015-11-06 16:49:49,413][com.java.TestType] [  467] - 2
[INFO ][2015-11-06 16:49:49,413][com.java.TestType] [  462] -  str(2) = 1
[INFO ][2015-11-06 16:49:49,414][com.java.TestType] [  514] - row values are--------{1=com.java.Objects.TestDataDetails@1d843f1}
[INFO ][2015-11-06 16:49:49,415][com.java.TestType] [  462] -  str(1) = 2
[INFO ][2015-11-06 16:49:49,415][com.java.TestType] [  465] - Test case Id is---2
[INFO ][2015-11-06 16:49:49,415][com.java.TestType] [  467] - 2
[INFO ][2015-11-06 16:49:49,415][com.java.TestType] [  462] -  str(2) = 2
[INFO ][2015-11-06 16:49:49,415][com.java.TestType] [  514] - row values are--------{1=com.java.Objects.TestDataDetails@1d843f1, 2=com.java.Objects.TestDataDetails@ff364a}
[INFO ][2015-11-06 16:49:49,415][com.java.TestType] [  462] -  str(1) = 2
[INFO ][2015-11-06 16:49:49,416][com.java.TestType] [  465] - Test case Id is---2
[INFO ][2015-11-06 16:49:49,416][com.java.TestType] [  467] - 2
[INFO ][2015-11-06 16:49:49,416][com.java.TestType] [  462] -  str(2) = 3
[INFO ][2015-11-06 16:49:49,416][com.java.TestType] [  514] - row values are--------{1=com.java.Objects.TestDataDetails@1d843f1, 2=com.java.Objects.TestDataDetails@ff364a, 3=com.java.Objects.TestDataDetails@f785a0}
[INFO ][2015-11-06 16:49:49,416][com.java.TestType] [ 8177] - Looping 1TCID = 2
[DEBUG][2015-11-06 16:49:49,416][com.java.TestType] [ 8218] - Concept ID:2 :: Step being Executed: 2::1
[INFO ][2015-11-06 16:49:49,417][com.java.TestType] [ 8256] - dataFields : BNK//select[@id='bank']
[DEBUG][2015-11-06 16:49:49,417][com.java.TestType] [ 8262] - <In Set values of the page>
[DEBUG][2015-11-06 16:49:49,417][com.java.TestType] [ 8267] - {Data Fields & Data Values Exist}
[INFO ][2015-11-06 16:49:49,417][com.java.TestType] [ 8273] - --------------------------setting values-----------------------------
[INFO ][2015-11-06 16:49:49,417][com.java.TestType] [ 8276] - Action Type : Select
[INFO ][2015-11-06 16:49:49,417][com.java.TestType] [ 4028] - value = PFC
[INFO ][2015-11-06 16:49:49,623][com.java.TestType] [ 8295] -  RESULT true
[INFO ][2015-11-06 16:49:49,623][com.java.TestType] [ 8412] - ?   P A S S   ?
[DEBUG][2015-11-06 16:49:49,623][com.java.TestType] [ 8218] - Concept ID:2 :: Step being Executed: 2::2
[INFO ][2015-11-06 16:49:49,623][com.java.TestType] [ 8256] - dataFields : LNKLogout
[DEBUG][2015-11-06 16:49:49,623][com.java.TestType] [ 8262] - <In Set values of the page>
[DEBUG][2015-11-06 16:49:49,623][com.java.TestType] [ 8267] - {Data Fields & Data Values Exist}
[INFO ][2015-11-06 16:49:49,647][com.java.TestType] [ 8273] - --------------------------setting values-----------------------------
[INFO ][2015-11-06 16:49:49,647][com.java.TestType] [ 8276] - Action Type : WaitTime
[DEBUG][2015-11-06 16:49:49,647][com.java.TestType] [ 3861] - sleepTime: 5000
[INFO ][2015-11-06 16:49:54,647][com.java.TestType] [ 8295] -  RESULT true
[INFO ][2015-11-06 16:49:54,647][com.java.TestType] [ 8412] - ?   P A S S   ?
[INFO ][2015-11-06 16:49:54,647][com.java.TestType] [ 8483] - Looping End......
[INFO ][2015-11-06 16:49:54,651][com.java.SeleniumDriver] [  861] -  RESULT true
[INFO ][2015-11-06 16:49:54,651][com.java.SeleniumDriver] [ 1066] - ?   P A S S   ?
[INFO ][2015-11-06 16:49:54,651][com.java.SeleniumDriver] [  788] - ------------------------------------------
[INFO ][2015-11-06 16:49:54,651][com.java.SeleniumDriver] [  789] - Test case being Executed: 2
[INFO ][2015-11-06 16:49:54,651][com.java.SeleniumDriver] [  800] - Test step:4
[INFO ][2015-11-06 16:49:54,651][com.java.SeleniumDriver] [  812] - Datavalue is----------2
[INFO ][2015-11-06 16:49:54,651][com.java.SeleniumDriver] [  836] - DataField : XPH//span[@class='icon-compass']
[INFO ][2015-11-06 16:49:54,651][com.java.SeleniumDriver] [  838] - DataValue : 2
[INFO ][2015-11-06 16:49:54,651][com.java.SeleniumDriver] [  844] - <In Set values of the page>
[INFO ][2015-11-06 16:49:54,651][com.java.SeleniumDriver] [  847] - {Data Fields & Data Values Exist}
[INFO ][2015-11-06 16:49:54,651][com.java.SeleniumDriver] [  849] - --------------------------setting values-----------------------------
[INFO ][2015-11-06 16:49:54,651][com.java.SeleniumDriver] [  852] - Action Type : WaitForElement
[INFO ][2015-11-06 16:49:54,696][com.java.SeleniumDriver] [  861] -  RESULT true
[INFO ][2015-11-06 16:49:54,696][com.java.SeleniumDriver] [ 1066] - ?   P A S S   ?
[INFO ][2015-11-06 16:49:54,696][com.java.SeleniumDriver] [  788] - ------------------------------------------
[INFO ][2015-11-06 16:49:54,696][com.java.SeleniumDriver] [  789] - Test case being Executed: 2
[INFO ][2015-11-06 16:49:54,696][com.java.SeleniumDriver] [  800] - Test step:5
[INFO ][2015-11-06 16:49:54,696][com.java.SeleniumDriver] [  812] - Datavalue is----------//span[@class='icon-compass']
[INFO ][2015-11-06 16:49:54,696][com.java.SeleniumDriver] [  836] - DataField : BTN
[INFO ][2015-11-06 16:49:54,696][com.java.SeleniumDriver] [  838] - DataValue : //span[@class='icon-compass']
[INFO ][2015-11-06 16:49:54,696][com.java.SeleniumDriver] [  844] - <In Set values of the page>
[INFO ][2015-11-06 16:49:54,697][com.java.SeleniumDriver] [  847] - {Data Fields & Data Values Exist}
[INFO ][2015-11-06 16:49:54,697][com.java.SeleniumDriver] [  849] - --------------------------setting values-----------------------------
[INFO ][2015-11-06 16:49:54,697][com.java.SeleniumDriver] [  852] - Action Type : Verify
[INFO ][2015-11-06 16:49:54,697][com.java.TestType] [ 5154] - field= BTN value= //span[@class='icon-compass']
[INFO ][2015-11-06 16:49:54,697][com.java.TestType] [ 4028] - value = //span[@class='icon-compass']
[INFO ][2015-11-06 16:49:54,732][com.java.SeleniumDriver] [  861] -  RESULT true
[INFO ][2015-11-06 16:49:54,733][com.java.SeleniumDriver] [ 1066] - ?   P A S S   ?
[INFO ][2015-11-06 16:49:54,733][com.java.SeleniumDriver] [  788] - ------------------------------------------
[INFO ][2015-11-06 16:49:54,733][com.java.SeleniumDriver] [  789] - Test case being Executed: 2
[INFO ][2015-11-06 16:49:54,733][com.java.SeleniumDriver] [  800] - Test step:6
[INFO ][2015-11-06 16:49:54,733][com.java.SeleniumDriver] [  812] - Datavalue is----------//span[@class='icon-coin']
[INFO ][2015-11-06 16:49:54,733][com.java.SeleniumDriver] [  836] - DataField : BTN
[INFO ][2015-11-06 16:49:54,733][com.java.SeleniumDriver] [  838] - DataValue : //span[@class='icon-coin']
[INFO ][2015-11-06 16:49:54,733][com.java.SeleniumDriver] [  844] - <In Set values of the page>
[INFO ][2015-11-06 16:49:54,733][com.java.SeleniumDriver] [  847] - {Data Fields & Data Values Exist}
[INFO ][2015-11-06 16:49:54,733][com.java.SeleniumDriver] [  849] - --------------------------setting values-----------------------------
[INFO ][2015-11-06 16:49:54,733][com.java.SeleniumDriver] [  852] - Action Type : Verify
[INFO ][2015-11-06 16:49:54,733][com.java.TestType] [ 5154] - field= BTN value= //span[@class='icon-coin']
[INFO ][2015-11-06 16:49:54,733][com.java.TestType] [ 4028] - value = //span[@class='icon-coin']
[INFO ][2015-11-06 16:49:54,772][com.java.SeleniumDriver] [  861] -  RESULT true
[INFO ][2015-11-06 16:49:54,772][com.java.SeleniumDriver] [ 1066] - ?   P A S S   ?
[INFO ][2015-11-06 16:49:54,772][com.java.SeleniumDriver] [  788] - ------------------------------------------
[INFO ][2015-11-06 16:49:54,772][com.java.SeleniumDriver] [  789] - Test case being Executed: 2
[INFO ][2015-11-06 16:49:54,772][com.java.SeleniumDriver] [  800] - Test step:7
[INFO ][2015-11-06 16:49:54,772][com.java.SeleniumDriver] [  812] - Datavalue is----------//span[@class='icon-pie']
[INFO ][2015-11-06 16:49:54,772][com.java.SeleniumDriver] [  836] - DataField : BTN
[INFO ][2015-11-06 16:49:54,772][com.java.SeleniumDriver] [  838] - DataValue : //span[@class='icon-pie']
[INFO ][2015-11-06 16:49:54,772][com.java.SeleniumDriver] [  844] - <In Set values of the page>
[INFO ][2015-11-06 16:49:54,772][com.java.SeleniumDriver] [  847] - {Data Fields & Data Values Exist}
[INFO ][2015-11-06 16:49:54,772][com.java.SeleniumDriver] [  849] - --------------------------setting values-----------------------------
[INFO ][2015-11-06 16:49:54,772][com.java.SeleniumDriver] [  852] - Action Type : Verify
[INFO ][2015-11-06 16:49:54,772][com.java.TestType] [ 5154] - field= BTN value= //span[@class='icon-pie']
[INFO ][2015-11-06 16:49:54,773][com.java.TestType] [ 4028] - value = //span[@class='icon-pie']
[INFO ][2015-11-06 16:49:54,807][com.java.SeleniumDriver] [  861] -  RESULT true
[INFO ][2015-11-06 16:49:54,807][com.java.SeleniumDriver] [ 1066] - ?   P A S S   ?
[INFO ][2015-11-06 16:49:54,807][com.java.SeleniumDriver] [  788] - ------------------------------------------
[INFO ][2015-11-06 16:49:54,807][com.java.SeleniumDriver] [  789] - Test case being Executed: 2
[INFO ][2015-11-06 16:49:54,807][com.java.SeleniumDriver] [  800] - Test step:8
[INFO ][2015-11-06 16:49:54,807][com.java.SeleniumDriver] [  812] - Datavalue is----------//span[@class='icon-stack']
[INFO ][2015-11-06 16:49:54,807][com.java.SeleniumDriver] [  836] - DataField : BTN
[INFO ][2015-11-06 16:49:54,808][com.java.SeleniumDriver] [  838] - DataValue : //span[@class='icon-stack']
[INFO ][2015-11-06 16:49:54,808][com.java.SeleniumDriver] [  844] - <In Set values of the page>
[INFO ][2015-11-06 16:49:54,808][com.java.SeleniumDriver] [  847] - {Data Fields & Data Values Exist}
[INFO ][2015-11-06 16:49:54,809][com.java.SeleniumDriver] [  849] - --------------------------setting values-----------------------------
[INFO ][2015-11-06 16:49:54,809][com.java.SeleniumDriver] [  852] - Action Type : Verify
[INFO ][2015-11-06 16:49:54,809][com.java.TestType] [ 5154] - field= BTN value= //span[@class='icon-stack']
[INFO ][2015-11-06 16:49:54,809][com.java.TestType] [ 4028] - value = //span[@class='icon-stack']
[INFO ][2015-11-06 16:49:54,843][com.java.SeleniumDriver] [  861] -  RESULT true
[INFO ][2015-11-06 16:49:54,843][com.java.SeleniumDriver] [ 1066] - ?   P A S S   ?
[INFO ][2015-11-06 16:49:54,843][com.java.SeleniumDriver] [  788] - ------------------------------------------
[INFO ][2015-11-06 16:49:54,843][com.java.SeleniumDriver] [  789] - Test case being Executed: 2
[INFO ][2015-11-06 16:49:54,843][com.java.SeleniumDriver] [  800] - Test step:9
[INFO ][2015-11-06 16:49:54,843][com.java.SeleniumDriver] [  812] - Datavalue is----------//span[@class='icon-stats']
[INFO ][2015-11-06 16:49:54,843][com.java.SeleniumDriver] [  836] - DataField : BTN
[INFO ][2015-11-06 16:49:54,844][com.java.SeleniumDriver] [  838] - DataValue : //span[@class='icon-stats']
[INFO ][2015-11-06 16:49:54,844][com.java.SeleniumDriver] [  844] - <In Set values of the page>
[INFO ][2015-11-06 16:49:54,844][com.java.SeleniumDriver] [  847] - {Data Fields & Data Values Exist}
[INFO ][2015-11-06 16:49:54,844][com.java.SeleniumDriver] [  849] - --------------------------setting values-----------------------------
[INFO ][2015-11-06 16:49:54,844][com.java.SeleniumDriver] [  852] - Action Type : Verify
[INFO ][2015-11-06 16:49:54,844][com.java.TestType] [ 5154] - field= BTN value= //span[@class='icon-stats']
[INFO ][2015-11-06 16:49:54,844][com.java.TestType] [ 4028] - value = //span[@class='icon-stats']
[INFO ][2015-11-06 16:49:54,877][com.java.SeleniumDriver] [  861] -  RESULT true
[INFO ][2015-11-06 16:49:54,877][com.java.SeleniumDriver] [ 1066] - ?   P A S S   ?
[INFO ][2015-11-06 16:49:54,877][com.java.SeleniumDriver] [  788] - ------------------------------------------
[INFO ][2015-11-06 16:49:54,877][com.java.SeleniumDriver] [  789] - Test case being Executed: 2
[INFO ][2015-11-06 16:49:54,877][com.java.SeleniumDriver] [  800] - Test step:10
[INFO ][2015-11-06 16:49:54,877][com.java.SeleniumDriver] [  812] - Datavalue is----------//span[@class='icon-bars2']
[INFO ][2015-11-06 16:49:54,877][com.java.SeleniumDriver] [  836] - DataField : BTN
[INFO ][2015-11-06 16:49:54,877][com.java.SeleniumDriver] [  838] - DataValue : //span[@class='icon-bars2']
[INFO ][2015-11-06 16:49:54,877][com.java.SeleniumDriver] [  844] - <In Set values of the page>
[INFO ][2015-11-06 16:49:54,878][com.java.SeleniumDriver] [  847] - {Data Fields & Data Values Exist}
[INFO ][2015-11-06 16:49:54,878][com.java.SeleniumDriver] [  849] - --------------------------setting values-----------------------------
[INFO ][2015-11-06 16:49:54,878][com.java.SeleniumDriver] [  852] - Action Type : Verify
[INFO ][2015-11-06 16:49:54,878][com.java.TestType] [ 5154] - field= BTN value= //span[@class='icon-bars2']
[INFO ][2015-11-06 16:49:54,878][com.java.TestType] [ 4028] - value = //span[@class='icon-bars2']
[INFO ][2015-11-06 16:49:54,911][com.java.SeleniumDriver] [  861] -  RESULT true
[INFO ][2015-11-06 16:49:54,911][com.java.SeleniumDriver] [ 1066] - ?   P A S S   ?
[INFO ][2015-11-06 16:49:54,911][com.java.SeleniumDriver] [  788] - ------------------------------------------
[INFO ][2015-11-06 16:49:54,911][com.java.SeleniumDriver] [  789] - Test case being Executed: 2
[INFO ][2015-11-06 16:49:54,911][com.java.SeleniumDriver] [  800] - Test step:11
[INFO ][2015-11-06 16:49:54,911][com.java.SeleniumDriver] [  812] - Datavalue is----------//span[@class='icon-checkmark']
[INFO ][2015-11-06 16:49:54,911][com.java.SeleniumDriver] [  836] - DataField : BTN
[INFO ][2015-11-06 16:49:54,911][com.java.SeleniumDriver] [  838] - DataValue : //span[@class='icon-checkmark']
[INFO ][2015-11-06 16:49:54,911][com.java.SeleniumDriver] [  844] - <In Set values of the page>
[INFO ][2015-11-06 16:49:54,911][com.java.SeleniumDriver] [  847] - {Data Fields & Data Values Exist}
[INFO ][2015-11-06 16:49:54,912][com.java.SeleniumDriver] [  849] - --------------------------setting values-----------------------------
[INFO ][2015-11-06 16:49:54,912][com.java.SeleniumDriver] [  852] - Action Type : Verify
[INFO ][2015-11-06 16:49:54,912][com.java.TestType] [ 5154] - field= BTN value= //span[@class='icon-checkmark']
[INFO ][2015-11-06 16:49:54,912][com.java.TestType] [ 4028] - value = //span[@class='icon-checkmark']
[INFO ][2015-11-06 16:49:54,948][com.java.SeleniumDriver] [  861] -  RESULT true
[INFO ][2015-11-06 16:49:54,948][com.java.SeleniumDriver] [ 1066] - ?   P A S S   ?
[INFO ][2015-11-06 16:49:54,948][com.java.SeleniumDriver] [  788] - ------------------------------------------
[INFO ][2015-11-06 16:49:54,948][com.java.SeleniumDriver] [  789] - Test case being Executed: 2
[INFO ][2015-11-06 16:49:54,948][com.java.SeleniumDriver] [  800] - Test step:12
[INFO ][2015-11-06 16:49:54,948][com.java.SeleniumDriver] [  812] - Datavalue is----------//span[@class='icon-hammer']
[INFO ][2015-11-06 16:49:54,948][com.java.SeleniumDriver] [  836] - DataField : BTN
[INFO ][2015-11-06 16:49:54,948][com.java.SeleniumDriver] [  838] - DataValue : //span[@class='icon-hammer']
[INFO ][2015-11-06 16:49:54,948][com.java.SeleniumDriver] [  844] - <In Set values of the page>
[INFO ][2015-11-06 16:49:54,948][com.java.SeleniumDriver] [  847] - {Data Fields & Data Values Exist}
[INFO ][2015-11-06 16:49:54,948][com.java.SeleniumDriver] [  849] - --------------------------setting values-----------------------------
[INFO ][2015-11-06 16:49:54,949][com.java.SeleniumDriver] [  852] - Action Type : Verify
[INFO ][2015-11-06 16:49:54,949][com.java.TestType] [ 5154] - field= BTN value= //span[@class='icon-hammer']
[INFO ][2015-11-06 16:49:54,949][com.java.TestType] [ 4028] - value = //span[@class='icon-hammer']
[INFO ][2015-11-06 16:49:54,981][com.java.SeleniumDriver] [  861] -  RESULT true
[INFO ][2015-11-06 16:49:54,981][com.java.SeleniumDriver] [ 1066] - ?   P A S S   ?
[INFO ][2015-11-06 16:49:54,981][com.java.SeleniumDriver] [  788] - ------------------------------------------
[INFO ][2015-11-06 16:49:54,981][com.java.SeleniumDriver] [  789] - Test case being Executed: 2
[INFO ][2015-11-06 16:49:54,981][com.java.SeleniumDriver] [  800] - Test step:13
[INFO ][2015-11-06 16:49:54,981][com.java.SeleniumDriver] [  812] - Datavalue is----------//span[@class='icon-cog2']
[INFO ][2015-11-06 16:49:54,981][com.java.SeleniumDriver] [  836] - DataField : BTN
[INFO ][2015-11-06 16:49:54,981][com.java.SeleniumDriver] [  838] - DataValue : //span[@class='icon-cog2']
[INFO ][2015-11-06 16:49:54,981][com.java.SeleniumDriver] [  844] - <In Set values of the page>
[INFO ][2015-11-06 16:49:54,981][com.java.SeleniumDriver] [  847] - {Data Fields & Data Values Exist}
[INFO ][2015-11-06 16:49:54,981][com.java.SeleniumDriver] [  849] - --------------------------setting values-----------------------------
[INFO ][2015-11-06 16:49:54,981][com.java.SeleniumDriver] [  852] - Action Type : Verify
[INFO ][2015-11-06 16:49:54,982][com.java.TestType] [ 5154] - field= BTN value= //span[@class='icon-cog2']
[INFO ][2015-11-06 16:49:54,982][com.java.TestType] [ 4028] - value = //span[@class='icon-cog2']
[INFO ][2015-11-06 16:49:55,016][com.java.SeleniumDriver] [  861] -  RESULT true
[INFO ][2015-11-06 16:49:55,016][com.java.SeleniumDriver] [ 1066] - ?   P A S S   ?
[INFO ][2015-11-06 16:49:55,016][com.java.SeleniumDriver] [  788] - ------------------------------------------
[INFO ][2015-11-06 16:49:55,016][com.java.SeleniumDriver] [  789] - Test case being Executed: 2
[INFO ][2015-11-06 16:49:55,016][com.java.SeleniumDriver] [  800] - Test step:14
[INFO ][2015-11-06 16:49:55,016][com.java.SeleniumDriver] [  812] - Datavalue is----------//span[@class='icon-user4']
[INFO ][2015-11-06 16:49:55,018][com.java.SeleniumDriver] [  836] - DataField : BTN
[INFO ][2015-11-06 16:49:55,018][com.java.SeleniumDriver] [  838] - DataValue : //span[@class='icon-user4']
[INFO ][2015-11-06 16:49:55,018][com.java.SeleniumDriver] [  844] - <In Set values of the page>
[INFO ][2015-11-06 16:49:55,018][com.java.SeleniumDriver] [  847] - {Data Fields & Data Values Exist}
[INFO ][2015-11-06 16:49:55,018][com.java.SeleniumDriver] [  849] - --------------------------setting values-----------------------------
[INFO ][2015-11-06 16:49:55,018][com.java.SeleniumDriver] [  852] - Action Type : Verify
[INFO ][2015-11-06 16:49:55,018][com.java.TestType] [ 5154] - field= BTN value= //span[@class='icon-user4']
[INFO ][2015-11-06 16:49:55,018][com.java.TestType] [ 4028] - value = //span[@class='icon-user4']
[INFO ][2015-11-06 16:49:55,052][com.java.SeleniumDriver] [  861] -  RESULT true
[INFO ][2015-11-06 16:49:55,052][com.java.SeleniumDriver] [ 1066] - ?   P A S S   ?
[INFO ][2015-11-06 16:49:55,052][com.java.SeleniumDriver] [  788] - ------------------------------------------
[INFO ][2015-11-06 16:49:55,052][com.java.SeleniumDriver] [  789] - Test case being Executed: 2
[INFO ][2015-11-06 16:49:55,052][com.java.SeleniumDriver] [  800] - Test step:15
[INFO ][2015-11-06 16:49:55,052][com.java.SeleniumDriver] [  812] - Datavalue is----------//span[@class='icon-question']
[INFO ][2015-11-06 16:49:55,052][com.java.SeleniumDriver] [  836] - DataField : BTN
[INFO ][2015-11-06 16:49:55,052][com.java.SeleniumDriver] [  838] - DataValue : //span[@class='icon-question']
[INFO ][2015-11-06 16:49:55,052][com.java.SeleniumDriver] [  844] - <In Set values of the page>
[INFO ][2015-11-06 16:49:55,052][com.java.SeleniumDriver] [  847] - {Data Fields & Data Values Exist}
[INFO ][2015-11-06 16:49:55,052][com.java.SeleniumDriver] [  849] - --------------------------setting values-----------------------------
[INFO ][2015-11-06 16:49:55,053][com.java.SeleniumDriver] [  852] - Action Type : Verify
[INFO ][2015-11-06 16:49:55,053][com.java.TestType] [ 5154] - field= BTN value= //span[@class='icon-question']
[INFO ][2015-11-06 16:49:55,053][com.java.TestType] [ 4028] - value = //span[@class='icon-question']
[INFO ][2015-11-06 16:49:55,089][com.java.SeleniumDriver] [  861] -  RESULT true
[INFO ][2015-11-06 16:49:55,089][com.java.SeleniumDriver] [ 1066] - ?   P A S S   ?
[INFO ][2015-11-06 16:49:55,089][com.java.SeleniumDriver] [  788] - ------------------------------------------
[INFO ][2015-11-06 16:49:55,089][com.java.SeleniumDriver] [  789] - Test case being Executed: 2
[INFO ][2015-11-06 16:49:55,089][com.java.SeleniumDriver] [  800] - Test step:16
[INFO ][2015-11-06 16:49:55,089][com.java.SeleniumDriver] [  812] - Datavalue is----------CNS
[INFO ][2015-11-06 16:49:55,089][com.java.SeleniumDriver] [  836] - DataField : BNK//select[@id='bank']
[INFO ][2015-11-06 16:49:55,089][com.java.SeleniumDriver] [  838] - DataValue : CNS
[INFO ][2015-11-06 16:49:55,090][com.java.SeleniumDriver] [  844] - <In Set values of the page>
[INFO ][2015-11-06 16:49:55,090][com.java.SeleniumDriver] [  847] - {Data Fields & Data Values Exist}
[INFO ][2015-11-06 16:49:55,090][com.java.SeleniumDriver] [  849] - --------------------------setting values-----------------------------
[INFO ][2015-11-06 16:49:55,090][com.java.SeleniumDriver] [  852] - Action Type : Select
[INFO ][2015-11-06 16:49:55,090][com.java.TestType] [ 4028] - value = CNS
[INFO ][2015-11-06 16:49:55,389][com.java.SeleniumDriver] [  861] -  RESULT true
[INFO ][2015-11-06 16:49:55,389][com.java.SeleniumDriver] [ 1066] - ?   P A S S   ?
[INFO ][2015-11-06 16:49:55,389][com.java.SeleniumDriver] [  788] - ------------------------------------------
[INFO ][2015-11-06 16:49:55,389][com.java.SeleniumDriver] [  789] - Test case being Executed: 2
[INFO ][2015-11-06 16:49:55,389][com.java.SeleniumDriver] [  800] - Test step:17
[INFO ][2015-11-06 16:49:55,389][com.java.SeleniumDriver] [  812] - Datavalue is----------20
[INFO ][2015-11-06 16:49:55,389][com.java.SeleniumDriver] [  836] - DataField : test
[INFO ][2015-11-06 16:49:55,389][com.java.SeleniumDriver] [  838] - DataValue : 20
[INFO ][2015-11-06 16:49:55,389][com.java.SeleniumDriver] [  844] - <In Set values of the page>
[INFO ][2015-11-06 16:49:55,389][com.java.SeleniumDriver] [  847] - {Data Fields & Data Values Exist}
[INFO ][2015-11-06 16:49:55,389][com.java.SeleniumDriver] [  849] - --------------------------setting values-----------------------------
[INFO ][2015-11-06 16:49:55,389][com.java.SeleniumDriver] [  852] - Action Type : WaitTime
[DEBUG][2015-11-06 16:49:55,390][com.java.TestType] [ 3861] - sleepTime: 20000
[INFO ][2015-11-06 16:50:15,389][com.java.SeleniumDriver] [  861] -  RESULT true
[INFO ][2015-11-06 16:50:15,389][com.java.SeleniumDriver] [ 1066] - ?   P A S S   ?
[INFO ][2015-11-06 16:50:15,389][com.java.SeleniumDriver] [  788] - ------------------------------------------
[INFO ][2015-11-06 16:50:15,389][com.java.SeleniumDriver] [  789] - Test case being Executed: 2
[INFO ][2015-11-06 16:50:15,389][com.java.SeleniumDriver] [  800] - Test step:18
[INFO ][2015-11-06 16:50:15,389][com.java.SeleniumDriver] [  812] - Datavalue is----------2
[INFO ][2015-11-06 16:50:15,389][com.java.SeleniumDriver] [  836] - DataField : XPH//span[@class='icon-compass']
[INFO ][2015-11-06 16:50:15,389][com.java.SeleniumDriver] [  838] - DataValue : 2
[INFO ][2015-11-06 16:50:15,389][com.java.SeleniumDriver] [  844] - <In Set values of the page>
[INFO ][2015-11-06 16:50:15,389][com.java.SeleniumDriver] [  847] - {Data Fields & Data Values Exist}
[INFO ][2015-11-06 16:50:15,390][com.java.SeleniumDriver] [  849] - --------------------------setting values-----------------------------
[INFO ][2015-11-06 16:50:15,390][com.java.SeleniumDriver] [  852] - Action Type : WaitForElement
[INFO ][2015-11-06 16:50:15,434][com.java.SeleniumDriver] [  861] -  RESULT true
[INFO ][2015-11-06 16:50:15,434][com.java.SeleniumDriver] [ 1066] - ?   P A S S   ?
[INFO ][2015-11-06 16:50:15,434][com.java.SeleniumDriver] [  788] - ------------------------------------------
[INFO ][2015-11-06 16:50:15,434][com.java.SeleniumDriver] [  789] - Test case being Executed: 2
[INFO ][2015-11-06 16:50:15,434][com.java.SeleniumDriver] [  800] - Test step:19
[INFO ][2015-11-06 16:50:15,434][com.java.SeleniumDriver] [  812] - Datavalue is----------//span[@class='icon-compass']
[INFO ][2015-11-06 16:50:15,434][com.java.SeleniumDriver] [  836] - DataField : BTN
[INFO ][2015-11-06 16:50:15,434][com.java.SeleniumDriver] [  838] - DataValue : //span[@class='icon-compass']
[INFO ][2015-11-06 16:50:15,435][com.java.SeleniumDriver] [  844] - <In Set values of the page>
[INFO ][2015-11-06 16:50:15,435][com.java.SeleniumDriver] [  847] - {Data Fields & Data Values Exist}
[INFO ][2015-11-06 16:50:15,435][com.java.SeleniumDriver] [  849] - --------------------------setting values-----------------------------
[INFO ][2015-11-06 16:50:15,435][com.java.SeleniumDriver] [  852] - Action Type : Verify
[INFO ][2015-11-06 16:50:15,435][com.java.TestType] [ 5154] - field= BTN value= //span[@class='icon-compass']
[INFO ][2015-11-06 16:50:15,435][com.java.TestType] [ 4028] - value = //span[@class='icon-compass']
[INFO ][2015-11-06 16:50:15,468][com.java.SeleniumDriver] [  861] -  RESULT true
[INFO ][2015-11-06 16:50:15,468][com.java.SeleniumDriver] [ 1066] - ?   P A S S   ?
[INFO ][2015-11-06 16:50:15,468][com.java.SeleniumDriver] [  788] - ------------------------------------------
[INFO ][2015-11-06 16:50:15,468][com.java.SeleniumDriver] [  789] - Test case being Executed: 2
[INFO ][2015-11-06 16:50:15,468][com.java.SeleniumDriver] [  800] - Test step:20
[INFO ][2015-11-06 16:50:15,468][com.java.SeleniumDriver] [  812] - Datavalue is----------//span[@class='icon-coin']
[INFO ][2015-11-06 16:50:15,468][com.java.SeleniumDriver] [  836] - DataField : BTN
[INFO ][2015-11-06 16:50:15,468][com.java.SeleniumDriver] [  838] - DataValue : //span[@class='icon-coin']
[INFO ][2015-11-06 16:50:15,468][com.java.SeleniumDriver] [  844] - <In Set values of the page>
[INFO ][2015-11-06 16:50:15,468][com.java.SeleniumDriver] [  847] - {Data Fields & Data Values Exist}
[INFO ][2015-11-06 16:50:15,468][com.java.SeleniumDriver] [  849] - --------------------------setting values-----------------------------
[INFO ][2015-11-06 16:50:15,468][com.java.SeleniumDriver] [  852] - Action Type : Verify
[INFO ][2015-11-06 16:50:15,469][com.java.TestType] [ 5154] - field= BTN value= //span[@class='icon-coin']
[INFO ][2015-11-06 16:50:15,469][com.java.TestType] [ 4028] - value = //span[@class='icon-coin']
[INFO ][2015-11-06 16:50:15,502][com.java.SeleniumDriver] [  861] -  RESULT true
[INFO ][2015-11-06 16:50:15,502][com.java.SeleniumDriver] [ 1066] - ?   P A S S   ?
[INFO ][2015-11-06 16:50:15,502][com.java.SeleniumDriver] [  788] - ------------------------------------------
[INFO ][2015-11-06 16:50:15,502][com.java.SeleniumDriver] [  789] - Test case being Executed: 2
[INFO ][2015-11-06 16:50:15,502][com.java.SeleniumDriver] [  800] - Test step:21
[INFO ][2015-11-06 16:50:15,502][com.java.SeleniumDriver] [  812] - Datavalue is----------//span[@class='icon-stack']
[INFO ][2015-11-06 16:50:15,502][com.java.SeleniumDriver] [  836] - DataField : BTN
[INFO ][2015-11-06 16:50:15,502][com.java.SeleniumDriver] [  838] - DataValue : //span[@class='icon-stack']
[INFO ][2015-11-06 16:50:15,502][com.java.SeleniumDriver] [  844] - <In Set values of the page>
[INFO ][2015-11-06 16:50:15,502][com.java.SeleniumDriver] [  847] - {Data Fields & Data Values Exist}
[INFO ][2015-11-06 16:50:15,502][com.java.SeleniumDriver] [  849] - --------------------------setting values-----------------------------
[INFO ][2015-11-06 16:50:15,503][com.java.SeleniumDriver] [  852] - Action Type : Verify
[INFO ][2015-11-06 16:50:15,503][com.java.TestType] [ 5154] - field= BTN value= //span[@class='icon-stack']
[INFO ][2015-11-06 16:50:15,503][com.java.TestType] [ 4028] - value = //span[@class='icon-stack']
[INFO ][2015-11-06 16:50:15,537][com.java.SeleniumDriver] [  861] -  RESULT true
[INFO ][2015-11-06 16:50:15,537][com.java.SeleniumDriver] [ 1066] - ?   P A S S   ?
[INFO ][2015-11-06 16:50:15,537][com.java.SeleniumDriver] [  788] - ------------------------------------------
[INFO ][2015-11-06 16:50:15,537][com.java.SeleniumDriver] [  789] - Test case being Executed: 2
[INFO ][2015-11-06 16:50:15,537][com.java.SeleniumDriver] [  800] - Test step:22
[INFO ][2015-11-06 16:50:15,537][com.java.SeleniumDriver] [  812] - Datavalue is----------//span[@class='icon-stats']
[INFO ][2015-11-06 16:50:15,537][com.java.SeleniumDriver] [  836] - DataField : BTN
[INFO ][2015-11-06 16:50:15,537][com.java.SeleniumDriver] [  838] - DataValue : //span[@class='icon-stats']
[INFO ][2015-11-06 16:50:15,537][com.java.SeleniumDriver] [  844] - <In Set values of the page>
[INFO ][2015-11-06 16:50:15,537][com.java.SeleniumDriver] [  847] - {Data Fields & Data Values Exist}
[INFO ][2015-11-06 16:50:15,537][com.java.SeleniumDriver] [  849] - --------------------------setting values-----------------------------
[INFO ][2015-11-06 16:50:15,538][com.java.SeleniumDriver] [  852] - Action Type : Verify
[INFO ][2015-11-06 16:50:15,538][com.java.TestType] [ 5154] - field= BTN value= //span[@class='icon-stats']
[INFO ][2015-11-06 16:50:15,538][com.java.TestType] [ 4028] - value = //span[@class='icon-stats']
[INFO ][2015-11-06 16:50:15,572][com.java.SeleniumDriver] [  861] -  RESULT true
[INFO ][2015-11-06 16:50:15,572][com.java.SeleniumDriver] [ 1066] - ?   P A S S   ?
[INFO ][2015-11-06 16:50:15,572][com.java.SeleniumDriver] [  788] - ------------------------------------------
[INFO ][2015-11-06 16:50:15,572][com.java.SeleniumDriver] [  789] - Test case being Executed: 2
[INFO ][2015-11-06 16:50:15,572][com.java.SeleniumDriver] [  800] - Test step:23
[INFO ][2015-11-06 16:50:15,572][com.java.SeleniumDriver] [  812] - Datavalue is----------//span[@class='icon-hammer']
[INFO ][2015-11-06 16:50:15,572][com.java.SeleniumDriver] [  836] - DataField : BTN
[INFO ][2015-11-06 16:50:15,572][com.java.SeleniumDriver] [  838] - DataValue : //span[@class='icon-hammer']
[INFO ][2015-11-06 16:50:15,572][com.java.SeleniumDriver] [  844] - <In Set values of the page>
[INFO ][2015-11-06 16:50:15,572][com.java.SeleniumDriver] [  847] - {Data Fields & Data Values Exist}
[INFO ][2015-11-06 16:50:15,572][com.java.SeleniumDriver] [  849] - --------------------------setting values-----------------------------
[INFO ][2015-11-06 16:50:15,573][com.java.SeleniumDriver] [  852] - Action Type : Verify
[INFO ][2015-11-06 16:50:15,573][com.java.TestType] [ 5154] - field= BTN value= //span[@class='icon-hammer']
[INFO ][2015-11-06 16:50:15,573][com.java.TestType] [ 4028] - value = //span[@class='icon-hammer']
[INFO ][2015-11-06 16:50:15,605][com.java.SeleniumDriver] [  861] -  RESULT true
[INFO ][2015-11-06 16:50:15,605][com.java.SeleniumDriver] [ 1066] - ?   P A S S   ?
[INFO ][2015-11-06 16:50:15,605][com.java.SeleniumDriver] [  788] - ------------------------------------------
[INFO ][2015-11-06 16:50:15,605][com.java.SeleniumDriver] [  789] - Test case being Executed: 2
[INFO ][2015-11-06 16:50:15,605][com.java.SeleniumDriver] [  800] - Test step:24
[INFO ][2015-11-06 16:50:15,605][com.java.SeleniumDriver] [  812] - Datavalue is----------//span[@class='icon-cog2']
[INFO ][2015-11-06 16:50:15,605][com.java.SeleniumDriver] [  836] - DataField : BTN
[INFO ][2015-11-06 16:50:15,605][com.java.SeleniumDriver] [  838] - DataValue : //span[@class='icon-cog2']
[INFO ][2015-11-06 16:50:15,605][com.java.SeleniumDriver] [  844] - <In Set values of the page>
[INFO ][2015-11-06 16:50:15,605][com.java.SeleniumDriver] [  847] - {Data Fields & Data Values Exist}
[INFO ][2015-11-06 16:50:15,605][com.java.SeleniumDriver] [  849] - --------------------------setting values-----------------------------
[INFO ][2015-11-06 16:50:15,606][com.java.SeleniumDriver] [  852] - Action Type : Verify
[INFO ][2015-11-06 16:50:15,606][com.java.TestType] [ 5154] - field= BTN value= //span[@class='icon-cog2']
[INFO ][2015-11-06 16:50:15,606][com.java.TestType] [ 4028] - value = //span[@class='icon-cog2']
[INFO ][2015-11-06 16:50:15,640][com.java.SeleniumDriver] [  861] -  RESULT true
[INFO ][2015-11-06 16:50:15,640][com.java.SeleniumDriver] [ 1066] - ?   P A S S   ?
[INFO ][2015-11-06 16:50:15,640][com.java.SeleniumDriver] [  788] - ------------------------------------------
[INFO ][2015-11-06 16:50:15,640][com.java.SeleniumDriver] [  789] - Test case being Executed: 2
[INFO ][2015-11-06 16:50:15,640][com.java.SeleniumDriver] [  800] - Test step:25
[INFO ][2015-11-06 16:50:15,640][com.java.SeleniumDriver] [  812] - Datavalue is----------//span[@class='icon-user4']
[INFO ][2015-11-06 16:50:15,640][com.java.SeleniumDriver] [  836] - DataField : BTN
[INFO ][2015-11-06 16:50:15,640][com.java.SeleniumDriver] [  838] - DataValue : //span[@class='icon-user4']
[INFO ][2015-11-06 16:50:15,640][com.java.SeleniumDriver] [  844] - <In Set values of the page>
[INFO ][2015-11-06 16:50:15,640][com.java.SeleniumDriver] [  847] - {Data Fields & Data Values Exist}
[INFO ][2015-11-06 16:50:15,641][com.java.SeleniumDriver] [  849] - --------------------------setting values-----------------------------
[INFO ][2015-11-06 16:50:15,641][com.java.SeleniumDriver] [  852] - Action Type : Verify
[INFO ][2015-11-06 16:50:15,641][com.java.TestType] [ 5154] - field= BTN value= //span[@class='icon-user4']
[INFO ][2015-11-06 16:50:15,641][com.java.TestType] [ 4028] - value = //span[@class='icon-user4']
[INFO ][2015-11-06 16:50:15,674][com.java.SeleniumDriver] [  861] -  RESULT true
[INFO ][2015-11-06 16:50:15,674][com.java.SeleniumDriver] [ 1066] - ?   P A S S   ?
[INFO ][2015-11-06 16:50:15,674][com.java.SeleniumDriver] [  788] - ------------------------------------------
[INFO ][2015-11-06 16:50:15,674][com.java.SeleniumDriver] [  789] - Test case being Executed: 2
[INFO ][2015-11-06 16:50:15,674][com.java.SeleniumDriver] [  800] - Test step:26
[INFO ][2015-11-06 16:50:15,674][com.java.SeleniumDriver] [  812] - Datavalue is----------//span[@class='icon-question']
[INFO ][2015-11-06 16:50:15,674][com.java.SeleniumDriver] [  836] - DataField : BTN
[INFO ][2015-11-06 16:50:15,674][com.java.SeleniumDriver] [  838] - DataValue : //span[@class='icon-question']
[INFO ][2015-11-06 16:50:15,674][com.java.SeleniumDriver] [  844] - <In Set values of the page>
[INFO ][2015-11-06 16:50:15,674][com.java.SeleniumDriver] [  847] - {Data Fields & Data Values Exist}
[INFO ][2015-11-06 16:50:15,674][com.java.SeleniumDriver] [  849] - --------------------------setting values-----------------------------
[INFO ][2015-11-06 16:50:15,675][com.java.SeleniumDriver] [  852] - Action Type : Verify
[INFO ][2015-11-06 16:50:15,675][com.java.TestType] [ 5154] - field= BTN value= //span[@class='icon-question']
[INFO ][2015-11-06 16:50:15,675][com.java.TestType] [ 4028] - value = //span[@class='icon-question']
[INFO ][2015-11-06 16:50:15,709][com.java.SeleniumDriver] [  861] -  RESULT true
[INFO ][2015-11-06 16:50:15,709][com.java.SeleniumDriver] [ 1066] - ?   P A S S   ?
[DEBUG][2015-11-06 16:50:15,709][com.java.SeleniumDriver] [ 1168] - Case found
[DEBUG][2015-11-06 16:50:15,709][com.java.SeleniumDriver] [ 1173] - Incrementing ReportCounters[0]:2
[INFO ][2015-11-06 16:50:15,709][com.java.SeleniumDriver] [ 1192] - The results are-------------------[2, 1, BD Login for Modules verification, Pass, , Fri Nov 06 16:49:49 IST 2015, 2, 3, BD Login for Modules verification, Pass, , Fri Nov 06 16:49:54 IST 2015, 2, 4, BD Login for Modules verification, Pass, , Fri Nov 06 16:49:54 IST 2015, 2, 5, BD Login for Modules verification, Pass, , Fri Nov 06 16:49:54 IST 2015, 2, 6, BD Login for Modules verification, Pass, , Fri Nov 06 16:49:54 IST 2015, 2, 7, BD Login for Modules verification, Pass, , Fri Nov 06 16:49:54 IST 2015, 2, 8, BD Login for Modules verification, Pass, , Fri Nov 06 16:49:54 IST 2015, 2, 9, BD Login for Modules verification, Pass, , Fri Nov 06 16:49:54 IST 2015, 2, 10, BD Login for Modules verification, Pass, , Fri Nov 06 16:49:54 IST 2015, 2, 11, BD Login for Modules verification, Pass, , Fri Nov 06 16:49:54 IST 2015, 2, 12, BD Login for Modules verification, Pass, , Fri Nov 06 16:49:54 IST 2015, 2, 13, BD Login for Modules verification, Pass, , Fri Nov 06 16:49:55 IST 2015, 2, 14, BD Login for Modules verification, Pass, , Fri Nov 06 16:49:55 IST 2015, 2, 15, BD Login for Modules verification, Pass, , Fri Nov 06 16:49:55 IST 2015, 2, 16, BD Login for Modules verification, Pass, , Fri Nov 06 16:49:55 IST 2015, 2, 17, BD Login for Modules verification, Pass, , Fri Nov 06 16:50:15 IST 2015, 2, 18, BD Login for Modules verification, Pass, , Fri Nov 06 16:50:15 IST 2015, 2, 19, BD Login for Modules verification, Pass, , Fri Nov 06 16:50:15 IST 2015, 2, 20, BD Login for Modules verification, Pass, , Fri Nov 06 16:50:15 IST 2015, 2, 21, BD Login for Modules verification, Pass, , Fri Nov 06 16:50:15 IST 2015, 2, 22, BD Login for Modules verification, Pass, , Fri Nov 06 16:50:15 IST 2015, 2, 23, BD Login for Modules verification, Pass, , Fri Nov 06 16:50:15 IST 2015, 2, 24, BD Login for Modules verification, Pass, , Fri Nov 06 16:50:15 IST 2015, 2, 25, BD Login for Modules verification, Pass, , Fri Nov 06 16:50:15 IST 2015, 2, 26, BD Login for Modules verification, Pass, , Fri Nov 06 16:50:15 IST 2015]
[INFO ][2015-11-06 16:50:15,709][com.java.SeleniumDriver] [ 1196] - End time is-------1 min 35 sec
[INFO ][2015-11-06 16:50:15,709][com.java.SeleniumDriver] [ 1197] - The results are-------------------[2, 1, BD Login for Modules verification, Pass, , Fri Nov 06 16:49:49 IST 2015, 2, 3, BD Login for Modules verification, Pass, , Fri Nov 06 16:49:54 IST 2015, 2, 4, BD Login for Modules verification, Pass, , Fri Nov 06 16:49:54 IST 2015, 2, 5, BD Login for Modules verification, Pass, , Fri Nov 06 16:49:54 IST 2015, 2, 6, BD Login for Modules verification, Pass, , Fri Nov 06 16:49:54 IST 2015, 2, 7, BD Login for Modules verification, Pass, , Fri Nov 06 16:49:54 IST 2015, 2, 8, BD Login for Modules verification, Pass, , Fri Nov 06 16:49:54 IST 2015, 2, 9, BD Login for Modules verification, Pass, , Fri Nov 06 16:49:54 IST 2015, 2, 10, BD Login for Modules verification, Pass, , Fri Nov 06 16:49:54 IST 2015, 2, 11, BD Login for Modules verification, Pass, , Fri Nov 06 16:49:54 IST 2015, 2, 12, BD Login for Modules verification, Pass, , Fri Nov 06 16:49:54 IST 2015, 2, 13, BD Login for Modules verification, Pass, , Fri Nov 06 16:49:55 IST 2015, 2, 14, BD Login for Modules verification, Pass, , Fri Nov 06 16:49:55 IST 2015, 2, 15, BD Login for Modules verification, Pass, , Fri Nov 06 16:49:55 IST 2015, 2, 16, BD Login for Modules verification, Pass, , Fri Nov 06 16:49:55 IST 2015, 2, 17, BD Login for Modules verification, Pass, , Fri Nov 06 16:50:15 IST 2015, 2, 18, BD Login for Modules verification, Pass, , Fri Nov 06 16:50:15 IST 2015, 2, 19, BD Login for Modules verification, Pass, , Fri Nov 06 16:50:15 IST 2015, 2, 20, BD Login for Modules verification, Pass, , Fri Nov 06 16:50:15 IST 2015, 2, 21, BD Login for Modules verification, Pass, , Fri Nov 06 16:50:15 IST 2015, 2, 22, BD Login for Modules verification, Pass, , Fri Nov 06 16:50:15 IST 2015, 2, 23, BD Login for Modules verification, Pass, , Fri Nov 06 16:50:15 IST 2015, 2, 24, BD Login for Modules verification, Pass, , Fri Nov 06 16:50:15 IST 2015, 2, 25, BD Login for Modules verification, Pass, , Fri Nov 06 16:50:15 IST 2015, 2, 26, BD Login for Modules verification, Pass, , Fri Nov 06 16:50:15 IST 2015]
[DEBUG][2015-11-06 16:50:15,709][com.java.ImportnExport.ExportTestResultsExcel] [  222] - testResultPath = D:\BankersDashboard/TestReports/Test Results_BankersDashBoard_110615_164842_IE11_Bank of North Carolina.xls
[DEBUG][2015-11-06 16:50:15,710][com.java.ImportnExport.ExportTestResultsExcel] [  223] - browser is------------IE11
[DEBUG][2015-11-06 16:50:15,712][com.java.ImportnExport.ExportTestResultsExcel] [  270] - result.size() = 150
[DEBUG][2015-11-06 16:50:15,712][com.java.ImportnExport.ExportTestResultsExcel] [  274] - No of rows in sheet=2
[DEBUG][2015-11-06 16:50:15,712][com.java.ImportnExport.ExportTestResultsExcel] [  301] - ..in export..2
[DEBUG][2015-11-06 16:50:15,713][com.java.ImportnExport.ExportTestResultsExcel] [  301] - ..in export..BD Login for Modules verification
[DEBUG][2015-11-06 16:50:15,713][com.java.ImportnExport.ExportTestResultsExcel] [  301] - ..in export..Pass
[DEBUG][2015-11-06 16:50:15,713][com.java.ImportnExport.ExportTestResultsExcel] [  301] - ..in export..
[DEBUG][2015-11-06 16:50:15,713][com.java.ImportnExport.ExportTestResultsExcel] [  301] - ..in export..Fri Nov 06 16:49:49 IST 2015
[INFO ][2015-11-06 16:50:15,714][com.java.SeleniumDriver] [ 1255] - out loop:1 size:7 TestCases:[1, 2, 3, 4, 5, 6, 7] testcases:[1, 2, 3, 4, 5, 6, 7]
[INFO ][2015-11-06 16:50:15,714][com.java.ImportnExport.ImportTestDataDetailsExcel] [   49] - test data details path===== D:\BankersDashboard\TestInputs\TestData.xls
[INFO ][2015-11-06 16:50:46,004][com.java.SeleniumDriver] [  788] - ------------------------------------------
[INFO ][2015-11-06 16:50:46,004][com.java.SeleniumDriver] [  789] - Test case being Executed: 3
[INFO ][2015-11-06 16:50:46,004][com.java.SeleniumDriver] [  800] - Test step:1
[INFO ][2015-11-06 16:50:46,004][com.java.SeleniumDriver] [  812] - Datavalue is----------null
[DEBUG][2015-11-06 16:50:46,004][com.java.SeleniumDriver] [  830] - Exception: null
[INFO ][2015-11-06 16:50:46,004][com.java.SeleniumDriver] [  836] - DataField : LNKG/L
[INFO ][2015-11-06 16:50:46,005][com.java.SeleniumDriver] [  838] - DataValue : 
[INFO ][2015-11-06 16:50:46,005][com.java.SeleniumDriver] [  844] - <In Set values of the page>
[INFO ][2015-11-06 16:50:46,006][com.java.SeleniumDriver] [  847] - {Data Fields & Data Values Exist}
[INFO ][2015-11-06 16:50:46,006][com.java.SeleniumDriver] [  849] - --------------------------setting values-----------------------------
[INFO ][2015-11-06 16:50:46,006][com.java.SeleniumDriver] [  852] - Action Type : WAITFORELEMENT
[INFO ][2015-11-06 16:50:46,049][com.java.SeleniumDriver] [  861] -  RESULT true
[INFO ][2015-11-06 16:50:46,049][com.java.SeleniumDriver] [ 1066] - ?   P A S S   ?
[INFO ][2015-11-06 16:50:46,049][com.java.SeleniumDriver] [  788] - ------------------------------------------
[INFO ][2015-11-06 16:50:46,049][com.java.SeleniumDriver] [  789] - Test case being Executed: 3
[INFO ][2015-11-06 16:50:46,050][com.java.SeleniumDriver] [  800] - Test step:2
[INFO ][2015-11-06 16:50:46,050][com.java.SeleniumDriver] [  812] - Datavalue is----------Concept#4:1-20
[INFO ][2015-11-06 16:50:46,050][com.java.SeleniumDriver] [  836] - DataField : test
[INFO ][2015-11-06 16:50:46,050][com.java.SeleniumDriver] [  838] - DataValue : Concept#4:1-20
[INFO ][2015-11-06 16:50:46,050][com.java.SeleniumDriver] [  844] - <In Set values of the page>
[INFO ][2015-11-06 16:50:46,050][com.java.SeleniumDriver] [  847] - {Data Fields & Data Values Exist}
[INFO ][2015-11-06 16:50:46,050][com.java.SeleniumDriver] [  849] - --------------------------setting values-----------------------------
[INFO ][2015-11-06 16:50:46,050][com.java.SeleniumDriver] [  852] - Action Type : ExecuteTestCase
[INFO ][2015-11-06 16:50:46,050][com.java.TestType] [  417] - The Concept sheet name is ---------- Concept
[INFO ][2015-11-06 16:50:46,050][com.java.TestType] [  420] - The Concept ID  is ---------- 4
[DEBUG][2015-11-06 16:50:46,050][com.java.TestType] [  424] - Steps being executted in the Concept are: 1:20
[INFO ][2015-11-06 16:50:46,050][com.java.TestType] [  431] - Test data details path ---------- D:\BankersDashboard\TestInputs\TestData.xls
[INFO ][2015-11-06 16:50:46,081][com.java.TestType] [  462] -  str(1) = 4
[INFO ][2015-11-06 16:50:46,081][com.java.TestType] [  465] - Test case Id is---4
[INFO ][2015-11-06 16:50:46,081][com.java.TestType] [  467] - 4
[INFO ][2015-11-06 16:50:46,082][com.java.TestType] [  462] -  str(2) = 1
[INFO ][2015-11-06 16:50:46,083][com.java.TestType] [  514] - row values are--------{1=com.java.Objects.TestDataDetails@1ce757c}
[INFO ][2015-11-06 16:50:46,083][com.java.TestType] [  462] -  str(1) = 4
[INFO ][2015-11-06 16:50:46,083][com.java.TestType] [  465] - Test case Id is---4
[INFO ][2015-11-06 16:50:46,083][com.java.TestType] [  467] - 4
[INFO ][2015-11-06 16:50:46,083][com.java.TestType] [  462] -  str(2) = 2
[INFO ][2015-11-06 16:50:46,084][com.java.TestType] [  514] - row values are--------{1=com.java.Objects.TestDataDetails@1ce757c, 2=com.java.Objects.TestDataDetails@18218b5}
[INFO ][2015-11-06 16:50:46,085][com.java.TestType] [  462] -  str(1) = 4
[INFO ][2015-11-06 16:50:46,085][com.java.TestType] [  465] - Test case Id is---4
[INFO ][2015-11-06 16:50:46,085][com.java.TestType] [  467] - 4
[INFO ][2015-11-06 16:50:46,085][com.java.TestType] [  462] -  str(2) = 3
[INFO ][2015-11-06 16:50:46,085][com.java.TestType] [  514] - row values are--------{1=com.java.Objects.TestDataDetails@1ce757c, 2=com.java.Objects.TestDataDetails@18218b5, 3=com.java.Objects.TestDataDetails@13ff97c}
[INFO ][2015-11-06 16:50:46,085][com.java.TestType] [  462] -  str(1) = 4
[INFO ][2015-11-06 16:50:46,085][com.java.TestType] [  465] - Test case Id is---4
[INFO ][2015-11-06 16:50:46,086][com.java.TestType] [  467] - 4
[INFO ][2015-11-06 16:50:46,086][com.java.TestType] [  462] -  str(2) = 4
[INFO ][2015-11-06 16:50:46,086][com.java.TestType] [  514] - row values are--------{1=com.java.Objects.TestDataDetails@1ce757c, 2=com.java.Objects.TestDataDetails@18218b5, 3=com.java.Objects.TestDataDetails@13ff97c, 4=com.java.Objects.TestDataDetails@712b94}
[INFO ][2015-11-06 16:50:46,086][com.java.TestType] [  462] -  str(1) = 4
[INFO ][2015-11-06 16:50:46,086][com.java.TestType] [  465] - Test case Id is---4
[INFO ][2015-11-06 16:50:46,086][com.java.TestType] [  467] - 4
[INFO ][2015-11-06 16:50:46,086][com.java.TestType] [  462] -  str(2) = 5
[INFO ][2015-11-06 16:50:46,087][com.java.TestType] [  514] - row values are--------{1=com.java.Objects.TestDataDetails@1ce757c, 2=com.java.Objects.TestDataDetails@18218b5, 3=com.java.Objects.TestDataDetails@13ff97c, 4=com.java.Objects.TestDataDetails@712b94, 5=com.java.Objects.TestDataDetails@1891e9}
[INFO ][2015-11-06 16:50:46,087][com.java.TestType] [  462] -  str(1) = 4
[INFO ][2015-11-06 16:50:46,087][com.java.TestType] [  465] - Test case Id is---4
[INFO ][2015-11-06 16:50:46,087][com.java.TestType] [  467] - 4
[INFO ][2015-11-06 16:50:46,087][com.java.TestType] [  462] -  str(2) = 6
[INFO ][2015-11-06 16:50:46,088][com.java.TestType] [  514] - row values are--------{1=com.java.Objects.TestDataDetails@1ce757c, 2=com.java.Objects.TestDataDetails@18218b5, 3=com.java.Objects.TestDataDetails@13ff97c, 4=com.java.Objects.TestDataDetails@712b94, 5=com.java.Objects.TestDataDetails@1891e9, 6=com.java.Objects.TestDataDetails@53ff89}
[INFO ][2015-11-06 16:50:46,088][com.java.TestType] [  462] -  str(1) = 4
[INFO ][2015-11-06 16:50:46,088][com.java.TestType] [  465] - Test case Id is---4
[INFO ][2015-11-06 16:50:46,088][com.java.TestType] [  467] - 4
[INFO ][2015-11-06 16:50:46,088][com.java.TestType] [  462] -  str(2) = 7
[INFO ][2015-11-06 16:50:46,089][com.java.TestType] [  514] - row values are--------{1=com.java.Objects.TestDataDetails@1ce757c, 2=com.java.Objects.TestDataDetails@18218b5, 3=com.java.Objects.TestDataDetails@13ff97c, 4=com.java.Objects.TestDataDetails@712b94, 5=com.java.Objects.TestDataDetails@1891e9, 6=com.java.Objects.TestDataDetails@53ff89, 7=com.java.Objects.TestDataDetails@184681f}
[INFO ][2015-11-06 16:50:46,089][com.java.TestType] [  462] -  str(1) = 4
[INFO ][2015-11-06 16:50:46,089][com.java.TestType] [  465] - Test case Id is---4
[INFO ][2015-11-06 16:50:46,089][com.java.TestType] [  467] - 4
[INFO ][2015-11-06 16:50:46,089][com.java.TestType] [  462] -  str(2) = 8
[INFO ][2015-11-06 16:50:46,090][com.java.TestType] [  514] - row values are--------{1=com.java.Objects.TestDataDetails@1ce757c, 2=com.java.Objects.TestDataDetails@18218b5, 3=com.java.Objects.TestDataDetails@13ff97c, 4=com.java.Objects.TestDataDetails@712b94, 5=com.java.Objects.TestDataDetails@1891e9, 6=com.java.Objects.TestDataDetails@53ff89, 7=com.java.Objects.TestDataDetails@184681f, 8=com.java.Objects.TestDataDetails@eea4dc}
[INFO ][2015-11-06 16:50:46,090][com.java.TestType] [  462] -  str(1) = 4
[INFO ][2015-11-06 16:50:46,090][com.java.TestType] [  465] - Test case Id is---4
[INFO ][2015-11-06 16:50:46,090][com.java.TestType] [  467] - 4
[INFO ][2015-11-06 16:50:46,090][com.java.TestType] [  462] -  str(2) = 9
[INFO ][2015-11-06 16:50:46,091][com.java.TestType] [  514] - row values are--------{1=com.java.Objects.TestDataDetails@1ce757c, 2=com.java.Objects.TestDataDetails@18218b5, 3=com.java.Objects.TestDataDetails@13ff97c, 4=com.java.Objects.TestDataDetails@712b94, 5=com.java.Objects.TestDataDetails@1891e9, 6=com.java.Objects.TestDataDetails@53ff89, 7=com.java.Objects.TestDataDetails@184681f, 8=com.java.Objects.TestDataDetails@eea4dc, 9=com.java.Objects.TestDataDetails@9176e7}
[INFO ][2015-11-06 16:50:46,091][com.java.TestType] [  462] -  str(1) = 4
[INFO ][2015-11-06 16:50:46,091][com.java.TestType] [  465] - Test case Id is---4
[INFO ][2015-11-06 16:50:46,091][com.java.TestType] [  467] - 4
[INFO ][2015-11-06 16:50:46,091][com.java.TestType] [  462] -  str(2) = 10
[INFO ][2015-11-06 16:50:46,092][com.java.TestType] [  514] - row values are--------{1=com.java.Objects.TestDataDetails@1ce757c, 2=com.java.Objects.TestDataDetails@18218b5, 3=com.java.Objects.TestDataDetails@13ff97c, 4=com.java.Objects.TestDataDetails@712b94, 5=com.java.Objects.TestDataDetails@1891e9, 6=com.java.Objects.TestDataDetails@53ff89, 7=com.java.Objects.TestDataDetails@184681f, 8=com.java.Objects.TestDataDetails@eea4dc, 9=com.java.Objects.TestDataDetails@9176e7, 10=com.java.Objects.TestDataDetails@14fab1a}
[INFO ][2015-11-06 16:50:46,092][com.java.TestType] [  462] -  str(1) = 4
[INFO ][2015-11-06 16:50:46,092][com.java.TestType] [  465] - Test case Id is---4
[INFO ][2015-11-06 16:50:46,092][com.java.TestType] [  467] - 4
[INFO ][2015-11-06 16:50:46,092][com.java.TestType] [  462] -  str(2) = 11
[INFO ][2015-11-06 16:50:46,093][com.java.TestType] [  514] - row values are--------{1=com.java.Objects.TestDataDetails@1ce757c, 2=com.java.Objects.TestDataDetails@18218b5, 3=com.java.Objects.TestDataDetails@13ff97c, 4=com.java.Objects.TestDataDetails@712b94, 5=com.java.Objects.TestDataDetails@1891e9, 6=com.java.Objects.TestDataDetails@53ff89, 7=com.java.Objects.TestDataDetails@184681f, 8=com.java.Objects.TestDataDetails@eea4dc, 9=com.java.Objects.TestDataDetails@9176e7, 10=com.java.Objects.TestDataDetails@14fab1a, 11=com.java.Objects.TestDataDetails@1a00d25}
[INFO ][2015-11-06 16:50:46,093][com.java.TestType] [  462] -  str(1) = 4
[INFO ][2015-11-06 16:50:46,093][com.java.TestType] [  465] - Test case Id is---4
[INFO ][2015-11-06 16:50:46,093][com.java.TestType] [  467] - 4
[INFO ][2015-11-06 16:50:46,093][com.java.TestType] [  462] -  str(2) = 12
[INFO ][2015-11-06 16:50:46,094][com.java.TestType] [  514] - row values are--------{1=com.java.Objects.TestDataDetails@1ce757c, 2=com.java.Objects.TestDataDetails@18218b5, 3=com.java.Objects.TestDataDetails@13ff97c, 4=com.java.Objects.TestDataDetails@712b94, 5=com.java.Objects.TestDataDetails@1891e9, 6=com.java.Objects.TestDataDetails@53ff89, 7=com.java.Objects.TestDataDetails@184681f, 8=com.java.Objects.TestDataDetails@eea4dc, 9=com.java.Objects.TestDataDetails@9176e7, 10=com.java.Objects.TestDataDetails@14fab1a, 11=com.java.Objects.TestDataDetails@1a00d25, 12=com.java.Objects.TestDataDetails@1d5f23f}
[INFO ][2015-11-06 16:50:46,094][com.java.TestType] [  462] -  str(1) = 4
[INFO ][2015-11-06 16:50:46,094][com.java.TestType] [  465] - Test case Id is---4
[INFO ][2015-11-06 16:50:46,094][com.java.TestType] [  467] - 4
[INFO ][2015-11-06 16:50:46,094][com.java.TestType] [  462] -  str(2) = 13
[INFO ][2015-11-06 16:50:46,095][com.java.TestType] [  514] - row values are--------{1=com.java.Objects.TestDataDetails@1ce757c, 2=com.java.Objects.TestDataDetails@18218b5, 3=com.java.Objects.TestDataDetails@13ff97c, 4=com.java.Objects.TestDataDetails@712b94, 5=com.java.Objects.TestDataDetails@1891e9, 6=com.java.Objects.TestDataDetails@53ff89, 7=com.java.Objects.TestDataDetails@184681f, 8=com.java.Objects.TestDataDetails@eea4dc, 9=com.java.Objects.TestDataDetails@9176e7, 10=com.java.Objects.TestDataDetails@14fab1a, 11=com.java.Objects.TestDataDetails@1a00d25, 12=com.java.Objects.TestDataDetails@1d5f23f, 13=com.java.Objects.TestDataDetails@608d4e}
[INFO ][2015-11-06 16:50:46,095][com.java.TestType] [  462] -  str(1) = 4
[INFO ][2015-11-06 16:50:46,095][com.java.TestType] [  465] - Test case Id is---4
[INFO ][2015-11-06 16:50:46,095][com.java.TestType] [  467] - 4
[INFO ][2015-11-06 16:50:46,095][com.java.TestType] [  462] -  str(2) = 14
[INFO ][2015-11-06 16:50:46,096][com.java.TestType] [  514] - row values are--------{1=com.java.Objects.TestDataDetails@1ce757c, 2=com.java.Objects.TestDataDetails@18218b5, 3=com.java.Objects.TestDataDetails@13ff97c, 4=com.java.Objects.TestDataDetails@712b94, 5=com.java.Objects.TestDataDetails@1891e9, 6=com.java.Objects.TestDataDetails@53ff89, 7=com.java.Objects.TestDataDetails@184681f, 8=com.java.Objects.TestDataDetails@eea4dc, 9=com.java.Objects.TestDataDetails@9176e7, 10=com.java.Objects.TestDataDetails@14fab1a, 11=com.java.Objects.TestDataDetails@1a00d25, 12=com.java.Objects.TestDataDetails@1d5f23f, 13=com.java.Objects.TestDataDetails@608d4e, 14=com.java.Objects.TestDataDetails@18de28d}
[INFO ][2015-11-06 16:50:46,096][com.java.TestType] [  462] -  str(1) = 4
[INFO ][2015-11-06 16:50:46,096][com.java.TestType] [  465] - Test case Id is---4
[INFO ][2015-11-06 16:50:46,096][com.java.TestType] [  467] - 4
[INFO ][2015-11-06 16:50:46,096][com.java.TestType] [  462] -  str(2) = 15
[INFO ][2015-11-06 16:50:46,097][com.java.TestType] [  514] - row values are--------{1=com.java.Objects.TestDataDetails@1ce757c, 2=com.java.Objects.TestDataDetails@18218b5, 3=com.java.Objects.TestDataDetails@13ff97c, 4=com.java.Objects.TestDataDetails@712b94, 5=com.java.Objects.TestDataDetails@1891e9, 6=com.java.Objects.TestDataDetails@53ff89, 7=com.java.Objects.TestDataDetails@184681f, 8=com.java.Objects.TestDataDetails@eea4dc, 9=com.java.Objects.TestDataDetails@9176e7, 10=com.java.Objects.TestDataDetails@14fab1a, 11=com.java.Objects.TestDataDetails@1a00d25, 12=com.java.Objects.TestDataDetails@1d5f23f, 13=com.java.Objects.TestDataDetails@608d4e, 14=com.java.Objects.TestDataDetails@18de28d, 15=com.java.Objects.TestDataDetails@1da4a70}
[INFO ][2015-11-06 16:50:46,097][com.java.TestType] [  462] -  str(1) = 4
[INFO ][2015-11-06 16:50:46,097][com.java.TestType] [  465] - Test case Id is---4
[INFO ][2015-11-06 16:50:46,097][com.java.TestType] [  467] - 4
[INFO ][2015-11-06 16:50:46,097][com.java.TestType] [  462] -  str(2) = 16
[INFO ][2015-11-06 16:50:46,098][com.java.TestType] [  514] - row values are--------{1=com.java.Objects.TestDataDetails@1ce757c, 2=com.java.Objects.TestDataDetails@18218b5, 3=com.java.Objects.TestDataDetails@13ff97c, 4=com.java.Objects.TestDataDetails@712b94, 5=com.java.Objects.TestDataDetails@1891e9, 6=com.java.Objects.TestDataDetails@53ff89, 7=com.java.Objects.TestDataDetails@184681f, 8=com.java.Objects.TestDataDetails@eea4dc, 9=com.java.Objects.TestDataDetails@9176e7, 10=com.java.Objects.TestDataDetails@14fab1a, 11=com.java.Objects.TestDataDetails@1a00d25, 12=com.java.Objects.TestDataDetails@1d5f23f, 13=com.java.Objects.TestDataDetails@608d4e, 14=com.java.Objects.TestDataDetails@18de28d, 15=com.java.Objects.TestDataDetails@1da4a70, 16=com.java.Objects.TestDataDetails@159e0c2}
[INFO ][2015-11-06 16:50:46,098][com.java.TestType] [  462] -  str(1) = 4
[INFO ][2015-11-06 16:50:46,098][com.java.TestType] [  465] - Test case Id is---4
[INFO ][2015-11-06 16:50:46,098][com.java.TestType] [  467] - 4
[INFO ][2015-11-06 16:50:46,098][com.java.TestType] [  462] -  str(2) = 17
[INFO ][2015-11-06 16:50:46,098][com.java.TestType] [  514] - row values are--------{1=com.java.Objects.TestDataDetails@1ce757c, 2=com.java.Objects.TestDataDetails@18218b5, 3=com.java.Objects.TestDataDetails@13ff97c, 4=com.java.Objects.TestDataDetails@712b94, 5=com.java.Objects.TestDataDetails@1891e9, 6=com.java.Objects.TestDataDetails@53ff89, 7=com.java.Objects.TestDataDetails@184681f, 8=com.java.Objects.TestDataDetails@eea4dc, 9=com.java.Objects.TestDataDetails@9176e7, 10=com.java.Objects.TestDataDetails@14fab1a, 11=com.java.Objects.TestDataDetails@1a00d25, 12=com.java.Objects.TestDataDetails@1d5f23f, 13=com.java.Objects.TestDataDetails@608d4e, 14=com.java.Objects.TestDataDetails@18de28d, 15=com.java.Objects.TestDataDetails@1da4a70, 17=com.java.Objects.TestDataDetails@1c4d981, 16=com.java.Objects.TestDataDetails@159e0c2}
[INFO ][2015-11-06 16:50:46,099][com.java.TestType] [  462] -  str(1) = 4
[INFO ][2015-11-06 16:50:46,099][com.java.TestType] [  465] - Test case Id is---4
[INFO ][2015-11-06 16:50:46,099][com.java.TestType] [  467] - 4
[INFO ][2015-11-06 16:50:46,099][com.java.TestType] [  462] -  str(2) = 18
[INFO ][2015-11-06 16:50:46,099][com.java.TestType] [  514] - row values are--------{1=com.java.Objects.TestDataDetails@1ce757c, 2=com.java.Objects.TestDataDetails@18218b5, 3=com.java.Objects.TestDataDetails@13ff97c, 4=com.java.Objects.TestDataDetails@712b94, 5=com.java.Objects.TestDataDetails@1891e9, 6=com.java.Objects.TestDataDetails@53ff89, 7=com.java.Objects.TestDataDetails@184681f, 8=com.java.Objects.TestDataDetails@eea4dc, 9=com.java.Objects.TestDataDetails@9176e7, 10=com.java.Objects.TestDataDetails@14fab1a, 11=com.java.Objects.TestDataDetails@1a00d25, 12=com.java.Objects.TestDataDetails@1d5f23f, 13=com.java.Objects.TestDataDetails@608d4e, 14=com.java.Objects.TestDataDetails@18de28d, 15=com.java.Objects.TestDataDetails@1da4a70, 17=com.java.Objects.TestDataDetails@1c4d981, 16=com.java.Objects.TestDataDetails@159e0c2, 18=com.java.Objects.TestDataDetails@14e92d6}
[INFO ][2015-11-06 16:50:46,099][com.java.TestType] [  462] -  str(1) = 4
[INFO ][2015-11-06 16:50:46,099][com.java.TestType] [  465] - Test case Id is---4
[INFO ][2015-11-06 16:50:46,100][com.java.TestType] [  467] - 4
[INFO ][2015-11-06 16:50:46,100][com.java.TestType] [  462] -  str(2) = 19
[INFO ][2015-11-06 16:50:46,101][com.java.TestType] [  514] - row values are--------{1=com.java.Objects.TestDataDetails@1ce757c, 2=com.java.Objects.TestDataDetails@18218b5, 3=com.java.Objects.TestDataDetails@13ff97c, 4=com.java.Objects.TestDataDetails@712b94, 5=com.java.Objects.TestDataDetails@1891e9, 6=com.java.Objects.TestDataDetails@53ff89, 7=com.java.Objects.TestDataDetails@184681f, 8=com.java.Objects.TestDataDetails@eea4dc, 9=com.java.Objects.TestDataDetails@9176e7, 10=com.java.Objects.TestDataDetails@14fab1a, 11=com.java.Objects.TestDataDetails@1a00d25, 12=com.java.Objects.TestDataDetails@1d5f23f, 13=com.java.Objects.TestDataDetails@608d4e, 14=com.java.Objects.TestDataDetails@18de28d, 15=com.java.Objects.TestDataDetails@1da4a70, 17=com.java.Objects.TestDataDetails@1c4d981, 16=com.java.Objects.TestDataDetails@159e0c2, 19=com.java.Objects.TestDataDetails@c8c3cd, 18=com.java.Objects.TestDataDetails@14e92d6}
[INFO ][2015-11-06 16:50:46,101][com.java.TestType] [  462] -  str(1) = 4
[INFO ][2015-11-06 16:50:46,101][com.java.TestType] [  465] - Test case Id is---4
[INFO ][2015-11-06 16:50:46,101][com.java.TestType] [  467] - 4
[INFO ][2015-11-06 16:50:46,101][com.java.TestType] [  462] -  str(2) = 20
[INFO ][2015-11-06 16:50:46,102][com.java.TestType] [  514] - row values are--------{1=com.java.Objects.TestDataDetails@1ce757c, 2=com.java.Objects.TestDataDetails@18218b5, 3=com.java.Objects.TestDataDetails@13ff97c, 4=com.java.Objects.TestDataDetails@712b94, 5=com.java.Objects.TestDataDetails@1891e9, 6=com.java.Objects.TestDataDetails@53ff89, 7=com.java.Objects.TestDataDetails@184681f, 8=com.java.Objects.TestDataDetails@eea4dc, 9=com.java.Objects.TestDataDetails@9176e7, 10=com.java.Objects.TestDataDetails@14fab1a, 11=com.java.Objects.TestDataDetails@1a00d25, 12=com.java.Objects.TestDataDetails@1d5f23f, 13=com.java.Objects.TestDataDetails@608d4e, 14=com.java.Objects.TestDataDetails@18de28d, 15=com.java.Objects.TestDataDetails@1da4a70, 17=com.java.Objects.TestDataDetails@1c4d981, 16=com.java.Objects.TestDataDetails@159e0c2, 19=com.java.Objects.TestDataDetails@c8c3cd, 18=com.java.Objects.TestDataDetails@14e92d6, 20=com.java.Objects.TestDataDetails@e188b0}
[INFO ][2015-11-06 16:50:46,102][com.java.TestType] [ 8177] - Looping 1TCID = 4
[DEBUG][2015-11-06 16:50:46,102][com.java.TestType] [ 8218] - Concept ID:4 :: Step being Executed: 4::1
[ERROR][2015-11-06 16:50:46,102][com.java.TestType] [ 8251] - Exception: null
[INFO ][2015-11-06 16:50:46,102][com.java.TestType] [ 8256] - dataFields : LNKG/L
[DEBUG][2015-11-06 16:50:46,102][com.java.TestType] [ 8262] - <In Set values of the page>
[DEBUG][2015-11-06 16:50:46,102][com.java.TestType] [ 8267] - {Data Fields & Data Values Exist}
[INFO ][2015-11-06 16:50:46,102][com.java.TestType] [ 8273] - --------------------------setting values-----------------------------
[INFO ][2015-11-06 16:50:46,102][com.java.TestType] [ 8276] - Action Type : WAITFORELEMENT
[INFO ][2015-11-06 16:50:46,146][com.java.TestType] [ 8295] -  RESULT true
[INFO ][2015-11-06 16:50:46,146][com.java.TestType] [ 8412] - ?   P A S S   ?
[DEBUG][2015-11-06 16:50:46,146][com.java.TestType] [ 8218] - Concept ID:4 :: Step being Executed: 4::2
[ERROR][2015-11-06 16:50:46,146][com.java.TestType] [ 8251] - Exception: null
[INFO ][2015-11-06 16:50:46,146][com.java.TestType] [ 8256] - dataFields : XPH//div[@class="menu"]//span[@class="icon-pencil2"]
[DEBUG][2015-11-06 16:50:46,146][com.java.TestType] [ 8262] - <In Set values of the page>
[DEBUG][2015-11-06 16:50:46,146][com.java.TestType] [ 8267] - {Data Fields & Data Values Exist}
[INFO ][2015-11-06 16:50:46,147][com.java.TestType] [ 8273] - --------------------------setting values-----------------------------
[INFO ][2015-11-06 16:50:46,147][com.java.TestType] [ 8276] - Action Type : CLICK
[INFO ][2015-11-06 16:50:46,147][com.java.TestType] [ 4341] - Field ::XPH//div[@class="menu"]//span[@class="icon-pencil2"]
[INFO ][2015-11-06 16:50:47,147][com.java.TestType] [ 4400] - BEFORE CLICK
[INFO ][2015-11-06 16:50:48,110][com.java.TestType] [ 4408] - Unable to click the object Edit Content
[INFO ][2015-11-06 16:50:48,110][com.java.TestType] [ 8295] -  RESULT true
[INFO ][2015-11-06 16:50:48,110][com.java.TestType] [ 8412] - ?   P A S S   ?
[DEBUG][2015-11-06 16:50:48,110][com.java.TestType] [ 8218] - Concept ID:4 :: Step being Executed: 4::3
[ERROR][2015-11-06 16:50:48,110][com.java.TestType] [ 8251] - Exception: null
[INFO ][2015-11-06 16:50:48,110][com.java.TestType] [ 8256] - dataFields : test
[DEBUG][2015-11-06 16:50:48,110][com.java.TestType] [ 8262] - <In Set values of the page>
[DEBUG][2015-11-06 16:50:48,110][com.java.TestType] [ 8267] - {Data Fields & Data Values Exist}
[INFO ][2015-11-06 16:50:48,110][com.java.TestType] [ 8273] - --------------------------setting values-----------------------------
[INFO ][2015-11-06 16:50:48,110][com.java.TestType] [ 8276] - Action Type : WaitTime
[DEBUG][2015-11-06 16:50:48,111][com.java.TestType] [ 3861] - sleepTime: 10000
[INFO ][2015-11-06 16:50:58,111][com.java.TestType] [ 8295] -  RESULT true
[INFO ][2015-11-06 16:50:58,111][com.java.TestType] [ 8412] - ?   P A S S   ?
[DEBUG][2015-11-06 16:50:58,111][com.java.TestType] [ 8218] - Concept ID:4 :: Step being Executed: 4::4
[INFO ][2015-11-06 16:50:58,111][com.java.TestType] [ 8256] - dataFields : BTN
[DEBUG][2015-11-06 16:50:58,111][com.java.TestType] [ 8262] - <In Set values of the page>
[DEBUG][2015-11-06 16:50:58,111][com.java.TestType] [ 8267] - {Data Fields & Data Values Exist}
[INFO ][2015-11-06 16:50:58,111][com.java.TestType] [ 8273] - --------------------------setting values-----------------------------
[INFO ][2015-11-06 16:50:58,111][com.java.TestType] [ 8276] - Action Type : VERIFY
[INFO ][2015-11-06 16:50:58,111][com.java.TestType] [ 5154] - field= BTN value= //div[contains(text(),'Fed Funds Futures Curve')]/following-sibling::div//span[@class="icon-remove"]
[INFO ][2015-11-06 16:50:58,112][com.java.TestType] [ 4028] - value = //div[contains(text(),'Fed Funds Futures Curve')]/following-sibling::div//span[@class="icon-remove"]
[INFO ][2015-11-06 16:50:58,295][com.java.TestType] [ 8295] -  RESULT true
[INFO ][2015-11-06 16:50:58,295][com.java.TestType] [ 8412] - ?   P A S S   ?
[DEBUG][2015-11-06 16:50:58,295][com.java.TestType] [ 8218] - Concept ID:4 :: Step being Executed: 4::5
[ERROR][2015-11-06 16:50:58,295][com.java.TestType] [ 8251] - Exception: null
[INFO ][2015-11-06 16:50:58,295][com.java.TestType] [ 8256] - dataFields : XPH//div[contains(text(),'Fed Funds Futures Curve')]/following-sibling::div//span[@class="icon-remove"]
[DEBUG][2015-11-06 16:50:58,296][com.java.TestType] [ 8262] - <In Set values of the page>
[DEBUG][2015-11-06 16:50:58,296][com.java.TestType] [ 8267] - {Data Fields & Data Values Exist}
[INFO ][2015-11-06 16:50:58,296][com.java.TestType] [ 8273] - --------------------------setting values-----------------------------
[INFO ][2015-11-06 16:50:58,296][com.java.TestType] [ 8276] - Action Type : CLICK
[INFO ][2015-11-06 16:50:58,296][com.java.TestType] [ 4341] - Field ::XPH//div[contains(text(),'Fed Funds Futures Curve')]/following-sibling::div//span[@class="icon-remove"]
[INFO ][2015-11-06 16:50:59,297][com.java.TestType] [ 4400] - BEFORE CLICK
[INFO ][2015-11-06 16:51:00,888][com.java.TestType] [ 4408] - Unable to click the object Trash Can Icon
[INFO ][2015-11-06 16:51:00,888][com.java.TestType] [ 8295] -  RESULT true
[INFO ][2015-11-06 16:51:00,888][com.java.TestType] [ 8412] - ?   P A S S   ?
[DEBUG][2015-11-06 16:51:00,888][com.java.TestType] [ 8218] - Concept ID:4 :: Step being Executed: 4::6
[ERROR][2015-11-06 16:51:00,888][com.java.TestType] [ 8251] - Exception: null
[INFO ][2015-11-06 16:51:00,888][com.java.TestType] [ 8256] - dataFields : XPH//span[contains(text(),'Yes')]
[DEBUG][2015-11-06 16:51:00,888][com.java.TestType] [ 8262] - <In Set values of the page>
[DEBUG][2015-11-06 16:51:00,888][com.java.TestType] [ 8267] - {Data Fields & Data Values Exist}
[INFO ][2015-11-06 16:51:00,888][com.java.TestType] [ 8273] - --------------------------setting values-----------------------------
[INFO ][2015-11-06 16:51:00,888][com.java.TestType] [ 8276] - Action Type : CLICK
[INFO ][2015-11-06 16:51:00,889][com.java.TestType] [ 4341] - Field ::XPH//span[contains(text(),'Yes')]
[INFO ][2015-11-06 16:51:01,889][com.java.TestType] [ 4400] - BEFORE CLICK
[INFO ][2015-11-06 16:51:02,859][com.java.TestType] [ 4408] - Unable to click the object No
[INFO ][2015-11-06 16:51:02,859][com.java.TestType] [ 8295] -  RESULT true
[INFO ][2015-11-06 16:51:02,859][com.java.TestType] [ 8412] - ?   P A S S   ?
[DEBUG][2015-11-06 16:51:02,859][com.java.TestType] [ 8218] - Concept ID:4 :: Step being Executed: 4::7
[ERROR][2015-11-06 16:51:02,859][com.java.TestType] [ 8251] - Exception: null
[INFO ][2015-11-06 16:51:02,859][com.java.TestType] [ 8256] - dataFields : test
[DEBUG][2015-11-06 16:51:02,859][com.java.TestType] [ 8262] - <In Set values of the page>
[DEBUG][2015-11-06 16:51:02,859][com.java.TestType] [ 8267] - {Data Fields & Data Values Exist}
[INFO ][2015-11-06 16:51:02,859][com.java.TestType] [ 8273] - --------------------------setting values-----------------------------
[INFO ][2015-11-06 16:51:02,860][com.java.TestType] [ 8276] - Action Type : WaitTime
[DEBUG][2015-11-06 16:51:02,860][com.java.TestType] [ 3861] - sleepTime: 10000
[INFO ][2015-11-06 16:51:12,860][com.java.TestType] [ 8295] -  RESULT true
[INFO ][2015-11-06 16:51:12,860][com.java.TestType] [ 8412] - ?   P A S S   ?
[DEBUG][2015-11-06 16:51:12,860][com.java.TestType] [ 8218] - Concept ID:4 :: Step being Executed: 4::8
[INFO ][2015-11-06 16:51:12,860][com.java.TestType] [ 8256] - dataFields : BTN
[DEBUG][2015-11-06 16:51:12,860][com.java.TestType] [ 8262] - <In Set values of the page>
[DEBUG][2015-11-06 16:51:12,860][com.java.TestType] [ 8267] - {Data Fields & Data Values Exist}
[INFO ][2015-11-06 16:51:12,860][com.java.TestType] [ 8273] - --------------------------setting values-----------------------------
[INFO ][2015-11-06 16:51:12,860][com.java.TestType] [ 8276] - Action Type : VERIFY
[INFO ][2015-11-06 16:51:12,860][com.java.TestType] [ 5154] - field= BTN value= //div[contains(text(),'My Favorite Report')]/following-sibling::div//span[@class="icon-remove"]
[INFO ][2015-11-06 16:51:12,861][com.java.TestType] [ 4028] - value = //div[contains(text(),'My Favorite Report')]/following-sibling::div//span[@class="icon-remove"]
[INFO ][2015-11-06 16:51:12,905][com.java.TestType] [ 8295] -  RESULT true
[INFO ][2015-11-06 16:51:12,906][com.java.TestType] [ 8412] - ?   P A S S   ?
[DEBUG][2015-11-06 16:51:12,906][com.java.TestType] [ 8218] - Concept ID:4 :: Step being Executed: 4::9
[ERROR][2015-11-06 16:51:12,906][com.java.TestType] [ 8251] - Exception: null
[INFO ][2015-11-06 16:51:12,906][com.java.TestType] [ 8256] - dataFields : XPH//div[contains(text(),'My Favorite Report')]/following-sibling::div//span[@class="icon-remove"]
[DEBUG][2015-11-06 16:51:12,906][com.java.TestType] [ 8262] - <In Set values of the page>
[DEBUG][2015-11-06 16:51:12,906][com.java.TestType] [ 8267] - {Data Fields & Data Values Exist}
[INFO ][2015-11-06 16:51:12,906][com.java.TestType] [ 8273] - --------------------------setting values-----------------------------
[INFO ][2015-11-06 16:51:12,906][com.java.TestType] [ 8276] - Action Type : CLICK
[INFO ][2015-11-06 16:51:12,907][com.java.TestType] [ 4341] - Field ::XPH//div[contains(text(),'My Favorite Report')]/following-sibling::div//span[@class="icon-remove"]
[INFO ][2015-11-06 16:51:13,907][com.java.TestType] [ 4400] - BEFORE CLICK
[INFO ][2015-11-06 16:51:14,782][com.java.TestType] [ 4408] - Unable to click the object Trash Can Icon
[INFO ][2015-11-06 16:51:14,782][com.java.TestType] [ 8295] -  RESULT true
[INFO ][2015-11-06 16:51:14,782][com.java.TestType] [ 8412] - ?   P A S S   ?
[DEBUG][2015-11-06 16:51:14,782][com.java.TestType] [ 8218] - Concept ID:4 :: Step being Executed: 4::10
[ERROR][2015-11-06 16:51:14,782][com.java.TestType] [ 8251] - Exception: null
[INFO ][2015-11-06 16:51:14,782][com.java.TestType] [ 8256] - dataFields : XPH//span[contains(text(),'Yes')]
[DEBUG][2015-11-06 16:51:14,782][com.java.TestType] [ 8262] - <In Set values of the page>
[DEBUG][2015-11-06 16:51:14,782][com.java.TestType] [ 8267] - {Data Fields & Data Values Exist}
[INFO ][2015-11-06 16:51:14,782][com.java.TestType] [ 8273] - --------------------------setting values-----------------------------
[INFO ][2015-11-06 16:51:14,782][com.java.TestType] [ 8276] - Action Type : CLICK
[INFO ][2015-11-06 16:51:14,783][com.java.TestType] [ 4341] - Field ::XPH//span[contains(text(),'Yes')]
[INFO ][2015-11-06 16:51:15,783][com.java.TestType] [ 4400] - BEFORE CLICK
[INFO ][2015-11-06 16:51:16,622][com.java.TestType] [ 4408] - Unable to click the object No
[INFO ][2015-11-06 16:51:16,622][com.java.TestType] [ 8295] -  RESULT true
[INFO ][2015-11-06 16:51:16,622][com.java.TestType] [ 8412] - ?   P A S S   ?
[DEBUG][2015-11-06 16:51:16,622][com.java.TestType] [ 8218] - Concept ID:4 :: Step being Executed: 4::11
[ERROR][2015-11-06 16:51:16,623][com.java.TestType] [ 8251] - Exception: null
[INFO ][2015-11-06 16:51:16,623][com.java.TestType] [ 8256] - dataFields : test
[DEBUG][2015-11-06 16:51:16,623][com.java.TestType] [ 8262] - <In Set values of the page>
[DEBUG][2015-11-06 16:51:16,623][com.java.TestType] [ 8267] - {Data Fields & Data Values Exist}
[INFO ][2015-11-06 16:51:16,623][com.java.TestType] [ 8273] - --------------------------setting values-----------------------------
[INFO ][2015-11-06 16:51:16,623][com.java.TestType] [ 8276] - Action Type : WaitTime
[DEBUG][2015-11-06 16:51:16,623][com.java.TestType] [ 3861] - sleepTime: 10000
[INFO ][2015-11-06 16:51:26,623][com.java.TestType] [ 8295] -  RESULT true
[INFO ][2015-11-06 16:51:26,623][com.java.TestType] [ 8412] - ?   P A S S   ?
[DEBUG][2015-11-06 16:51:26,623][com.java.TestType] [ 8218] - Concept ID:4 :: Step being Executed: 4::12
[INFO ][2015-11-06 16:51:26,623][com.java.TestType] [ 8256] - dataFields : BTN
[DEBUG][2015-11-06 16:51:26,623][com.java.TestType] [ 8262] - <In Set values of the page>
[DEBUG][2015-11-06 16:51:26,623][com.java.TestType] [ 8267] - {Data Fields & Data Values Exist}
[INFO ][2015-11-06 16:51:26,623][com.java.TestType] [ 8273] - --------------------------setting values-----------------------------
[INFO ][2015-11-06 16:51:26,623][com.java.TestType] [ 8276] - Action Type : VERIFY
[INFO ][2015-11-06 16:51:26,623][com.java.TestType] [ 5154] - field= BTN value= //div[contains(text(),'My Margin')]/following-sibling::div//span[@class="icon-remove"]
[INFO ][2015-11-06 16:51:26,623][com.java.TestType] [ 4028] - value = //div[contains(text(),'My Margin')]/following-sibling::div//span[@class="icon-remove"]
[INFO ][2015-11-06 16:51:26,661][com.java.TestType] [ 8295] -  RESULT true
[INFO ][2015-11-06 16:51:26,661][com.java.TestType] [ 8412] - ?   P A S S   ?
[DEBUG][2015-11-06 16:51:26,661][com.java.TestType] [ 8218] - Concept ID:4 :: Step being Executed: 4::13
[ERROR][2015-11-06 16:51:26,661][com.java.TestType] [ 8251] - Exception: null
[INFO ][2015-11-06 16:51:26,661][com.java.TestType] [ 8256] - dataFields : XPH//div[contains(text(),'My Margin')]/following-sibling::div//span[@class="icon-remove"]
[DEBUG][2015-11-06 16:51:26,661][com.java.TestType] [ 8262] - <In Set values of the page>
[DEBUG][2015-11-06 16:51:26,661][com.java.TestType] [ 8267] - {Data Fields & Data Values Exist}
[INFO ][2015-11-06 16:51:26,662][com.java.TestType] [ 8273] - --------------------------setting values-----------------------------
[INFO ][2015-11-06 16:51:26,662][com.java.TestType] [ 8276] - Action Type : CLICK
[INFO ][2015-11-06 16:51:26,662][com.java.TestType] [ 4341] - Field ::XPH//div[contains(text(),'My Margin')]/following-sibling::div//span[@class="icon-remove"]
[INFO ][2015-11-06 16:51:27,662][com.java.TestType] [ 4400] - BEFORE CLICK
[INFO ][2015-11-06 16:51:28,661][com.java.TestType] [ 4408] - Unable to click the object Trash Can Icon
[INFO ][2015-11-06 16:51:28,661][com.java.TestType] [ 8295] -  RESULT true
[INFO ][2015-11-06 16:51:28,661][com.java.TestType] [ 8412] - ?   P A S S   ?
[DEBUG][2015-11-06 16:51:28,661][com.java.TestType] [ 8218] - Concept ID:4 :: Step being Executed: 4::14
[ERROR][2015-11-06 16:51:28,661][com.java.TestType] [ 8251] - Exception: null
[INFO ][2015-11-06 16:51:28,661][com.java.TestType] [ 8256] - dataFields : XPH//span[contains(text(),'Yes')]
[DEBUG][2015-11-06 16:51:28,661][com.java.TestType] [ 8262] - <In Set values of the page>
[DEBUG][2015-11-06 16:51:28,661][com.java.TestType] [ 8267] - {Data Fields & Data Values Exist}
[INFO ][2015-11-06 16:51:28,661][com.java.TestType] [ 8273] - --------------------------setting values-----------------------------
[INFO ][2015-11-06 16:51:28,661][com.java.TestType] [ 8276] - Action Type : CLICK
[INFO ][2015-11-06 16:51:28,662][com.java.TestType] [ 4341] - Field ::XPH//span[contains(text(),'Yes')]
[INFO ][2015-11-06 16:51:29,662][com.java.TestType] [ 4400] - BEFORE CLICK
[INFO ][2015-11-06 16:51:30,588][com.java.TestType] [ 4408] - Unable to click the object No
[INFO ][2015-11-06 16:51:30,588][com.java.TestType] [ 8295] -  RESULT true
[INFO ][2015-11-06 16:51:30,588][com.java.TestType] [ 8412] - ?   P A S S   ?
[DEBUG][2015-11-06 16:51:30,588][com.java.TestType] [ 8218] - Concept ID:4 :: Step being Executed: 4::15
[ERROR][2015-11-06 16:51:30,588][com.java.TestType] [ 8251] - Exception: null
[INFO ][2015-11-06 16:51:30,588][com.java.TestType] [ 8256] - dataFields : test
[DEBUG][2015-11-06 16:51:30,588][com.java.TestType] [ 8262] - <In Set values of the page>
[DEBUG][2015-11-06 16:51:30,588][com.java.TestType] [ 8267] - {Data Fields & Data Values Exist}
[INFO ][2015-11-06 16:51:30,588][com.java.TestType] [ 8273] - --------------------------setting values-----------------------------
[INFO ][2015-11-06 16:51:30,588][com.java.TestType] [ 8276] - Action Type : WaitTime
[DEBUG][2015-11-06 16:51:30,589][com.java.TestType] [ 3861] - sleepTime: 10000
[INFO ][2015-11-06 16:51:40,589][com.java.TestType] [ 8295] -  RESULT true
[INFO ][2015-11-06 16:51:40,589][com.java.TestType] [ 8412] - ?   P A S S   ?
[DEBUG][2015-11-06 16:51:40,589][com.java.TestType] [ 8218] - Concept ID:4 :: Step being Executed: 4::16
[INFO ][2015-11-06 16:51:40,589][com.java.TestType] [ 8256] - dataFields : BTN
[DEBUG][2015-11-06 16:51:40,589][com.java.TestType] [ 8262] - <In Set values of the page>
[DEBUG][2015-11-06 16:51:40,589][com.java.TestType] [ 8267] - {Data Fields & Data Values Exist}
[INFO ][2015-11-06 16:51:40,589][com.java.TestType] [ 8273] - --------------------------setting values-----------------------------
[INFO ][2015-11-06 16:51:40,589][com.java.TestType] [ 8276] - Action Type : VERIFY
[INFO ][2015-11-06 16:51:40,589][com.java.TestType] [ 5154] - field= BTN value= //div[contains(text(),'New/Renewed Loans vs CD')]/following-sibling::div//span[@class="icon-remove"]
[INFO ][2015-11-06 16:51:40,589][com.java.TestType] [ 4028] - value = //div[contains(text(),'New/Renewed Loans vs CD')]/following-sibling::div//span[@class="icon-remove"]
[INFO ][2015-11-06 16:51:40,633][com.java.TestType] [ 8295] -  RESULT true
[INFO ][2015-11-06 16:51:40,633][com.java.TestType] [ 8412] - ?   P A S S   ?
[DEBUG][2015-11-06 16:51:40,633][com.java.TestType] [ 8218] - Concept ID:4 :: Step being Executed: 4::17
[ERROR][2015-11-06 16:51:40,633][com.java.TestType] [ 8251] - Exception: null
[INFO ][2015-11-06 16:51:40,634][com.java.TestType] [ 8256] - dataFields : XPH//div[contains(text(),'New/Renewed Loans vs CD')]/following-sibling::div//span[@class="icon-remove"]
[DEBUG][2015-11-06 16:51:40,634][com.java.TestType] [ 8262] - <In Set values of the page>
[DEBUG][2015-11-06 16:51:40,634][com.java.TestType] [ 8267] - {Data Fields & Data Values Exist}
[INFO ][2015-11-06 16:51:40,634][com.java.TestType] [ 8273] - --------------------------setting values-----------------------------
[INFO ][2015-11-06 16:51:40,634][com.java.TestType] [ 8276] - Action Type : CLICK
[INFO ][2015-11-06 16:51:40,634][com.java.TestType] [ 4341] - Field ::XPH//div[contains(text(),'New/Renewed Loans vs CD')]/following-sibling::div//span[@class="icon-remove"]
[INFO ][2015-11-06 16:51:41,634][com.java.TestType] [ 4400] - BEFORE CLICK
[INFO ][2015-11-06 16:51:42,508][com.java.TestType] [ 4408] - Unable to click the object Trash Can Icon
[INFO ][2015-11-06 16:51:42,508][com.java.TestType] [ 8295] -  RESULT true
[INFO ][2015-11-06 16:51:42,508][com.java.TestType] [ 8412] - ?   P A S S   ?
[DEBUG][2015-11-06 16:51:42,508][com.java.TestType] [ 8218] - Concept ID:4 :: Step being Executed: 4::18
[ERROR][2015-11-06 16:51:42,508][com.java.TestType] [ 8251] - Exception: null
[INFO ][2015-11-06 16:51:42,508][com.java.TestType] [ 8256] - dataFields : XPH//span[contains(text(),'Yes')]
[DEBUG][2015-11-06 16:51:42,508][com.java.TestType] [ 8262] - <In Set values of the page>
[DEBUG][2015-11-06 16:51:42,508][com.java.TestType] [ 8267] - {Data Fields & Data Values Exist}
[INFO ][2015-11-06 16:51:42,508][com.java.TestType] [ 8273] - --------------------------setting values-----------------------------
[INFO ][2015-11-06 16:51:42,509][com.java.TestType] [ 8276] - Action Type : CLICK
[INFO ][2015-11-06 16:51:42,509][com.java.TestType] [ 4341] - Field ::XPH//span[contains(text(),'Yes')]
[INFO ][2015-11-06 16:51:43,509][com.java.TestType] [ 4400] - BEFORE CLICK
[INFO ][2015-11-06 16:51:44,334][com.java.TestType] [ 4408] - Unable to click the object No
[INFO ][2015-11-06 16:51:44,334][com.java.TestType] [ 8295] -  RESULT true
[INFO ][2015-11-06 16:51:44,334][com.java.TestType] [ 8412] - ?   P A S S   ?
[DEBUG][2015-11-06 16:51:44,334][com.java.TestType] [ 8218] - Concept ID:4 :: Step being Executed: 4::19
[ERROR][2015-11-06 16:51:44,334][com.java.TestType] [ 8251] - Exception: null
[INFO ][2015-11-06 16:51:44,334][com.java.TestType] [ 8256] - dataFields : test
[DEBUG][2015-11-06 16:51:44,335][com.java.TestType] [ 8262] - <In Set values of the page>
[DEBUG][2015-11-06 16:51:44,335][com.java.TestType] [ 8267] - {Data Fields & Data Values Exist}
[INFO ][2015-11-06 16:51:44,335][com.java.TestType] [ 8273] - --------------------------setting values-----------------------------
[INFO ][2015-11-06 16:51:44,335][com.java.TestType] [ 8276] - Action Type : WaitTime
[DEBUG][2015-11-06 16:51:44,335][com.java.TestType] [ 3861] - sleepTime: 10000
[INFO ][2015-11-06 16:51:54,336][com.java.TestType] [ 8295] -  RESULT true
[INFO ][2015-11-06 16:51:54,336][com.java.TestType] [ 8412] - ?   P A S S   ?
[DEBUG][2015-11-06 16:51:54,336][com.java.TestType] [ 8218] - Concept ID:4 :: Step being Executed: 4::20
[ERROR][2015-11-06 16:51:54,336][com.java.TestType] [ 8251] - Exception: null
[INFO ][2015-11-06 16:51:54,336][com.java.TestType] [ 8256] - dataFields : XPH//div[@class="menu"]//span[@class="icon-pencil2"]
[DEBUG][2015-11-06 16:51:54,336][com.java.TestType] [ 8262] - <In Set values of the page>
[DEBUG][2015-11-06 16:51:54,336][com.java.TestType] [ 8267] - {Data Fields & Data Values Exist}
[INFO ][2015-11-06 16:51:54,336][com.java.TestType] [ 8273] - --------------------------setting values-----------------------------
[INFO ][2015-11-06 16:51:54,336][com.java.TestType] [ 8276] - Action Type : CLICK
[INFO ][2015-11-06 16:51:54,337][com.java.TestType] [ 4341] - Field ::XPH//div[@class="menu"]//span[@class="icon-pencil2"]
[INFO ][2015-11-06 16:51:55,337][com.java.TestType] [ 4400] - BEFORE CLICK
[INFO ][2015-11-06 16:51:56,228][com.java.TestType] [ 4408] - Unable to click the object Edit Content
[INFO ][2015-11-06 16:51:56,228][com.java.TestType] [ 8295] -  RESULT true
[INFO ][2015-11-06 16:51:56,228][com.java.TestType] [ 8412] - ?   P A S S   ?
[INFO ][2015-11-06 16:51:56,228][com.java.TestType] [ 8483] - Looping End......
[INFO ][2015-11-06 16:51:56,232][com.java.SeleniumDriver] [  861] -  RESULT true
[INFO ][2015-11-06 16:51:56,232][com.java.SeleniumDriver] [ 1066] - ?   P A S S   ?
[INFO ][2015-11-06 16:51:56,232][com.java.SeleniumDriver] [  788] - ------------------------------------------
[INFO ][2015-11-06 16:51:56,232][com.java.SeleniumDriver] [  789] - Test case being Executed: 3
[INFO ][2015-11-06 16:51:56,232][com.java.SeleniumDriver] [  800] - Test step:3
[INFO ][2015-11-06 16:51:56,233][com.java.SeleniumDriver] [  812] - Datavalue is----------null
[DEBUG][2015-11-06 16:51:56,233][com.java.SeleniumDriver] [  830] - Exception: null
[INFO ][2015-11-06 16:51:56,233][com.java.SeleniumDriver] [  836] - DataField : XPH//div[@class="menu"]//span[@class="icon-plus"]
[INFO ][2015-11-06 16:51:56,233][com.java.SeleniumDriver] [  838] - DataValue : 
[INFO ][2015-11-06 16:51:56,233][com.java.SeleniumDriver] [  844] - <In Set values of the page>
[INFO ][2015-11-06 16:51:56,233][com.java.SeleniumDriver] [  847] - {Data Fields & Data Values Exist}
[INFO ][2015-11-06 16:51:56,233][com.java.SeleniumDriver] [  849] - --------------------------setting values-----------------------------
[INFO ][2015-11-06 16:51:56,233][com.java.SeleniumDriver] [  852] - Action Type : CLICK
[INFO ][2015-11-06 16:51:56,233][com.java.TestType] [ 4341] - Field ::XPH//div[@class="menu"]//span[@class="icon-plus"]
[INFO ][2015-11-06 16:51:57,233][com.java.TestType] [ 4400] - BEFORE CLICK
[INFO ][2015-11-06 16:51:59,272][com.java.TestType] [ 4408] - Unable to click the object Add Content
[INFO ][2015-11-06 16:51:59,272][com.java.SeleniumDriver] [  861] -  RESULT true
[INFO ][2015-11-06 16:51:59,272][com.java.SeleniumDriver] [ 1066] - ?   P A S S   ?
[INFO ][2015-11-06 16:51:59,272][com.java.SeleniumDriver] [  788] - ------------------------------------------
[INFO ][2015-11-06 16:51:59,272][com.java.SeleniumDriver] [  789] - Test case being Executed: 3
[INFO ][2015-11-06 16:51:59,272][com.java.SeleniumDriver] [  800] - Test step:4
[INFO ][2015-11-06 16:51:59,272][com.java.SeleniumDriver] [  812] - Datavalue is----------null
[DEBUG][2015-11-06 16:51:59,272][com.java.SeleniumDriver] [  830] - Exception: null
[INFO ][2015-11-06 16:51:59,272][com.java.SeleniumDriver] [  836] - DataField : XPH//span[contains(text(),'My Dashboard Modules')]
[INFO ][2015-11-06 16:51:59,272][com.java.SeleniumDriver] [  838] - DataValue : 
[INFO ][2015-11-06 16:51:59,272][com.java.SeleniumDriver] [  844] - <In Set values of the page>
[INFO ][2015-11-06 16:51:59,272][com.java.SeleniumDriver] [  847] - {Data Fields & Data Values Exist}
[INFO ][2015-11-06 16:51:59,273][com.java.SeleniumDriver] [  849] - --------------------------setting values-----------------------------
[INFO ][2015-11-06 16:51:59,273][com.java.SeleniumDriver] [  852] - Action Type : WAITFORELEMENT
[INFO ][2015-11-06 16:51:59,307][com.java.SeleniumDriver] [  861] -  RESULT true
[INFO ][2015-11-06 16:51:59,307][com.java.SeleniumDriver] [ 1066] - ?   P A S S   ?
[INFO ][2015-11-06 16:51:59,307][com.java.SeleniumDriver] [  788] - ------------------------------------------
[INFO ][2015-11-06 16:51:59,307][com.java.SeleniumDriver] [  789] - Test case being Executed: 3
[INFO ][2015-11-06 16:51:59,307][com.java.SeleniumDriver] [  800] - Test step:5
[INFO ][2015-11-06 16:51:59,307][com.java.SeleniumDriver] [  812] - Datavalue is----------null
[DEBUG][2015-11-06 16:51:59,307][com.java.SeleniumDriver] [  830] - Exception: null
[INFO ][2015-11-06 16:51:59,307][com.java.SeleniumDriver] [  836] - DataField : BTNframeDialogContent
[INFO ][2015-11-06 16:51:59,307][com.java.SeleniumDriver] [  838] - DataValue : 
[INFO ][2015-11-06 16:51:59,307][com.java.SeleniumDriver] [  844] - <In Set values of the page>
[INFO ][2015-11-06 16:51:59,308][com.java.SeleniumDriver] [  847] - {Data Fields & Data Values Exist}
[INFO ][2015-11-06 16:51:59,308][com.java.SeleniumDriver] [  849] - --------------------------setting values-----------------------------
[INFO ][2015-11-06 16:51:59,308][com.java.SeleniumDriver] [  852] - Action Type : SELECTFRAME
[INFO ][2015-11-06 16:52:00,574][com.java.SeleniumDriver] [  861] -  RESULT true
[INFO ][2015-11-06 16:52:00,574][com.java.SeleniumDriver] [ 1066] - ?   P A S S   ?
[INFO ][2015-11-06 16:52:00,574][com.java.SeleniumDriver] [  788] - ------------------------------------------
[INFO ][2015-11-06 16:52:00,574][com.java.SeleniumDriver] [  789] - Test case being Executed: 3
[INFO ][2015-11-06 16:52:00,574][com.java.SeleniumDriver] [  800] - Test step:6
[INFO ][2015-11-06 16:52:00,574][com.java.SeleniumDriver] [  812] - Datavalue is----------null
[DEBUG][2015-11-06 16:52:00,574][com.java.SeleniumDriver] [  830] - Exception: null
[INFO ][2015-11-06 16:52:00,575][com.java.SeleniumDriver] [  836] - DataField : XPH//label[contains(text(),'I want to add an')]/preceding-sibling::input
[INFO ][2015-11-06 16:52:00,575][com.java.SeleniumDriver] [  838] - DataValue : 
[INFO ][2015-11-06 16:52:00,575][com.java.SeleniumDriver] [  844] - <In Set values of the page>
[INFO ][2015-11-06 16:52:00,575][com.java.SeleniumDriver] [  847] - {Data Fields & Data Values Exist}
[INFO ][2015-11-06 16:52:00,575][com.java.SeleniumDriver] [  849] - --------------------------setting values-----------------------------
[INFO ][2015-11-06 16:52:00,575][com.java.SeleniumDriver] [  852] - Action Type : CLICK
[INFO ][2015-11-06 16:52:00,575][com.java.TestType] [ 4341] - Field ::XPH//label[contains(text(),'I want to add an')]/preceding-sibling::input
[INFO ][2015-11-06 16:52:01,575][com.java.TestType] [ 4400] - BEFORE CLICK
[INFO ][2015-11-06 16:52:02,361][com.java.TestType] [ 4408] - Unable to click the object Radio button
[INFO ][2015-11-06 16:52:02,361][com.java.SeleniumDriver] [  861] -  RESULT true
[INFO ][2015-11-06 16:52:02,361][com.java.SeleniumDriver] [ 1066] - ?   P A S S   ?
[INFO ][2015-11-06 16:52:02,361][com.java.SeleniumDriver] [  788] - ------------------------------------------
[INFO ][2015-11-06 16:52:02,361][com.java.SeleniumDriver] [  789] - Test case being Executed: 3
[INFO ][2015-11-06 16:52:02,361][com.java.SeleniumDriver] [  800] - Test step:7
[INFO ][2015-11-06 16:52:02,361][com.java.SeleniumDriver] [  812] - Datavalue is----------null
[DEBUG][2015-11-06 16:52:02,361][com.java.SeleniumDriver] [  830] - Exception: null
[INFO ][2015-11-06 16:52:02,361][com.java.SeleniumDriver] [  836] - DataField : BTNnextButton
[INFO ][2015-11-06 16:52:02,361][com.java.SeleniumDriver] [  838] - DataValue : 
[INFO ][2015-11-06 16:52:02,361][com.java.SeleniumDriver] [  844] - <In Set values of the page>
[INFO ][2015-11-06 16:52:02,361][com.java.SeleniumDriver] [  847] - {Data Fields & Data Values Exist}
[INFO ][2015-11-06 16:52:02,362][com.java.SeleniumDriver] [  849] - --------------------------setting values-----------------------------
[INFO ][2015-11-06 16:52:02,362][com.java.SeleniumDriver] [  852] - Action Type : CLICK
[INFO ][2015-11-06 16:52:02,362][com.java.TestType] [ 4341] - Field ::BTNnextButton
[INFO ][2015-11-06 16:52:03,362][com.java.TestType] [ 4379] - BEFORE CLICK
[INFO ][2015-11-06 16:52:05,103][com.java.TestType] [ 4386] - Unable to click the object Next
[INFO ][2015-11-06 16:52:05,103][com.java.SeleniumDriver] [  861] -  RESULT true
[INFO ][2015-11-06 16:52:05,103][com.java.SeleniumDriver] [ 1066] - ?   P A S S   ?
[INFO ][2015-11-06 16:52:05,103][com.java.SeleniumDriver] [  788] - ------------------------------------------
[INFO ][2015-11-06 16:52:05,103][com.java.SeleniumDriver] [  789] - Test case being Executed: 3
[INFO ][2015-11-06 16:52:05,103][com.java.SeleniumDriver] [  800] - Test step:8
[INFO ][2015-11-06 16:52:05,103][com.java.SeleniumDriver] [  812] - Datavalue is----------null
[DEBUG][2015-11-06 16:52:05,103][com.java.SeleniumDriver] [  830] - Exception: null
[INFO ][2015-11-06 16:52:05,103][com.java.SeleniumDriver] [  836] - DataField : XPH//label[contains(text(),"Fed Funds Futures Curve")]/parent::td/preceding-sibling::td/input
[INFO ][2015-11-06 16:52:05,103][com.java.SeleniumDriver] [  838] - DataValue : 
[INFO ][2015-11-06 16:52:05,103][com.java.SeleniumDriver] [  844] - <In Set values of the page>
[INFO ][2015-11-06 16:52:05,104][com.java.SeleniumDriver] [  847] - {Data Fields & Data Values Exist}
[INFO ][2015-11-06 16:52:05,104][com.java.SeleniumDriver] [  849] - --------------------------setting values-----------------------------
[INFO ][2015-11-06 16:52:05,104][com.java.SeleniumDriver] [  852] - Action Type : CLICK
[INFO ][2015-11-06 16:52:05,104][com.java.TestType] [ 4341] - Field ::XPH//label[contains(text(),"Fed Funds Futures Curve")]/parent::td/preceding-sibling::td/input
[INFO ][2015-11-06 16:52:06,105][com.java.TestType] [ 4400] - BEFORE CLICK
[INFO ][2015-11-06 16:52:06,836][com.java.TestType] [ 4408] - Unable to click the object Checkbox
[INFO ][2015-11-06 16:52:06,836][com.java.SeleniumDriver] [  861] -  RESULT true
[INFO ][2015-11-06 16:52:06,836][com.java.SeleniumDriver] [ 1066] - ?   P A S S   ?
[INFO ][2015-11-06 16:52:06,836][com.java.SeleniumDriver] [  788] - ------------------------------------------
[INFO ][2015-11-06 16:52:06,836][com.java.SeleniumDriver] [  789] - Test case being Executed: 3
[INFO ][2015-11-06 16:52:06,836][com.java.SeleniumDriver] [  800] - Test step:9
[INFO ][2015-11-06 16:52:06,836][com.java.SeleniumDriver] [  812] - Datavalue is----------null
[DEBUG][2015-11-06 16:52:06,836][com.java.SeleniumDriver] [  830] - Exception: null
[INFO ][2015-11-06 16:52:06,836][com.java.SeleniumDriver] [  836] - DataField : BTNsaveButton
[INFO ][2015-11-06 16:52:06,836][com.java.SeleniumDriver] [  838] - DataValue : 
[INFO ][2015-11-06 16:52:06,836][com.java.SeleniumDriver] [  844] - <In Set values of the page>
[INFO ][2015-11-06 16:52:06,836][com.java.SeleniumDriver] [  847] - {Data Fields & Data Values Exist}
[INFO ][2015-11-06 16:52:06,837][com.java.SeleniumDriver] [  849] - --------------------------setting values-----------------------------
[INFO ][2015-11-06 16:52:06,837][com.java.SeleniumDriver] [  852] - Action Type : CLICK
[INFO ][2015-11-06 16:52:06,837][com.java.TestType] [ 4341] - Field ::BTNsaveButton
[INFO ][2015-11-06 16:52:07,837][com.java.TestType] [ 4379] - BEFORE CLICK
[INFO ][2015-11-06 16:52:09,864][com.java.TestType] [ 4386] - Unable to click the object Save
[INFO ][2015-11-06 16:52:09,864][com.java.SeleniumDriver] [  861] -  RESULT true
[INFO ][2015-11-06 16:52:09,864][com.java.SeleniumDriver] [ 1066] - ?   P A S S   ?
[INFO ][2015-11-06 16:52:09,864][com.java.SeleniumDriver] [  788] - ------------------------------------------
[INFO ][2015-11-06 16:52:09,864][com.java.SeleniumDriver] [  789] - Test case being Executed: 3
[INFO ][2015-11-06 16:52:09,864][com.java.SeleniumDriver] [  800] - Test step:10
[INFO ][2015-11-06 16:52:09,864][com.java.SeleniumDriver] [  812] - Datavalue is----------null
[DEBUG][2015-11-06 16:52:09,865][com.java.SeleniumDriver] [  830] - Exception: null
[INFO ][2015-11-06 16:52:09,865][com.java.SeleniumDriver] [  836] - DataField : BTNparent
[INFO ][2015-11-06 16:52:09,865][com.java.SeleniumDriver] [  838] - DataValue : 
[INFO ][2015-11-06 16:52:09,865][com.java.SeleniumDriver] [  844] - <In Set values of the page>
[INFO ][2015-11-06 16:52:09,865][com.java.SeleniumDriver] [  847] - {Data Fields & Data Values Exist}
[INFO ][2015-11-06 16:52:09,865][com.java.SeleniumDriver] [  849] - --------------------------setting values-----------------------------
[INFO ][2015-11-06 16:52:09,865][com.java.SeleniumDriver] [  852] - Action Type : SELECTFRAME
[INFO ][2015-11-06 16:52:09,879][com.java.SeleniumDriver] [  861] -  RESULT true
[INFO ][2015-11-06 16:52:09,880][com.java.SeleniumDriver] [ 1066] - ?   P A S S   ?
[INFO ][2015-11-06 16:52:09,880][com.java.SeleniumDriver] [  788] - ------------------------------------------
[INFO ][2015-11-06 16:52:09,880][com.java.SeleniumDriver] [  789] - Test case being Executed: 3
[INFO ][2015-11-06 16:52:09,880][com.java.SeleniumDriver] [  800] - Test step:11
[INFO ][2015-11-06 16:52:09,880][com.java.SeleniumDriver] [  812] - Datavalue is----------null
[DEBUG][2015-11-06 16:52:09,880][com.java.SeleniumDriver] [  830] - Exception: null
[INFO ][2015-11-06 16:52:09,880][com.java.SeleniumDriver] [  836] - DataField : XPH//div[contains(text(),'Fed Funds Futures Curve')]
[INFO ][2015-11-06 16:52:09,880][com.java.SeleniumDriver] [  838] - DataValue : 
[INFO ][2015-11-06 16:52:09,880][com.java.SeleniumDriver] [  844] - <In Set values of the page>
[INFO ][2015-11-06 16:52:09,880][com.java.SeleniumDriver] [  847] - {Data Fields & Data Values Exist}
[INFO ][2015-11-06 16:52:09,880][com.java.SeleniumDriver] [  849] - --------------------------setting values-----------------------------
[INFO ][2015-11-06 16:52:09,880][com.java.SeleniumDriver] [  852] - Action Type : WAITFORELEMENT
[INFO ][2015-11-06 16:52:09,914][com.java.SeleniumDriver] [  861] -  RESULT true
[INFO ][2015-11-06 16:52:09,914][com.java.SeleniumDriver] [ 1066] - ?   P A S S   ?
[INFO ][2015-11-06 16:52:09,914][com.java.SeleniumDriver] [  788] - ------------------------------------------
[INFO ][2015-11-06 16:52:09,914][com.java.SeleniumDriver] [  789] - Test case being Executed: 3
[INFO ][2015-11-06 16:52:09,914][com.java.SeleniumDriver] [  800] - Test step:12
[INFO ][2015-11-06 16:52:09,914][com.java.SeleniumDriver] [  812] - Datavalue is----------Fed Funds Futures Curve
[INFO ][2015-11-06 16:52:09,914][com.java.SeleniumDriver] [  836] - DataField : XPH//div[contains(text(),'Fed Funds Futures Curve')]
[INFO ][2015-11-06 16:52:09,914][com.java.SeleniumDriver] [  838] - DataValue : Fed Funds Futures Curve
[INFO ][2015-11-06 16:52:09,914][com.java.SeleniumDriver] [  844] - <In Set values of the page>
[INFO ][2015-11-06 16:52:09,914][com.java.SeleniumDriver] [  847] - {Data Fields & Data Values Exist}
[INFO ][2015-11-06 16:52:09,914][com.java.SeleniumDriver] [  849] - --------------------------setting values-----------------------------
[INFO ][2015-11-06 16:52:09,914][com.java.SeleniumDriver] [  852] - Action Type : VERIFY
[INFO ][2015-11-06 16:52:09,915][com.java.TestType] [ 5154] - field= XPH//div[contains(text(),'Fed Funds Futures Curve')] value= Fed Funds Futures Curve
[INFO ][2015-11-06 16:52:09,915][com.java.TestType] [ 4028] - value = Fed Funds Futures Curve
[INFO ][2015-11-06 16:52:10,027][com.java.SeleniumDriver] [  861] -  RESULT true
[INFO ][2015-11-06 16:52:10,027][com.java.SeleniumDriver] [ 1066] - ?   P A S S   ?
[INFO ][2015-11-06 16:52:10,027][com.java.SeleniumDriver] [  788] - ------------------------------------------
[INFO ][2015-11-06 16:52:10,027][com.java.SeleniumDriver] [  789] - Test case being Executed: 3
[INFO ][2015-11-06 16:52:10,027][com.java.SeleniumDriver] [  800] - Test step:13
[INFO ][2015-11-06 16:52:10,027][com.java.SeleniumDriver] [  812] - Datavalue is----------null
[DEBUG][2015-11-06 16:52:10,027][com.java.SeleniumDriver] [  830] - Exception: null
[INFO ][2015-11-06 16:52:10,028][com.java.SeleniumDriver] [  836] - DataField : XPH//div[@class="menu"]//span[@class="icon-plus"]
[INFO ][2015-11-06 16:52:10,029][com.java.SeleniumDriver] [  838] - DataValue : 
[INFO ][2015-11-06 16:52:10,029][com.java.SeleniumDriver] [  844] - <In Set values of the page>
[INFO ][2015-11-06 16:52:10,029][com.java.SeleniumDriver] [  847] - {Data Fields & Data Values Exist}
[INFO ][2015-11-06 16:52:10,029][com.java.SeleniumDriver] [  849] - --------------------------setting values-----------------------------
[INFO ][2015-11-06 16:52:10,029][com.java.SeleniumDriver] [  852] - Action Type : CLICK
[INFO ][2015-11-06 16:52:10,029][com.java.TestType] [ 4341] - Field ::XPH//div[@class="menu"]//span[@class="icon-plus"]
[INFO ][2015-11-06 16:52:11,029][com.java.TestType] [ 4400] - BEFORE CLICK
[INFO ][2015-11-06 16:52:12,338][com.java.TestType] [ 4408] - Unable to click the object Add Content
[INFO ][2015-11-06 16:52:12,338][com.java.SeleniumDriver] [  861] -  RESULT true
[INFO ][2015-11-06 16:52:12,338][com.java.SeleniumDriver] [ 1066] - ?   P A S S   ?
[INFO ][2015-11-06 16:52:12,338][com.java.SeleniumDriver] [  788] - ------------------------------------------
[INFO ][2015-11-06 16:52:12,338][com.java.SeleniumDriver] [  789] - Test case being Executed: 3
[INFO ][2015-11-06 16:52:12,338][com.java.SeleniumDriver] [  800] - Test step:14
[INFO ][2015-11-06 16:52:12,338][com.java.SeleniumDriver] [  812] - Datavalue is----------null
[DEBUG][2015-11-06 16:52:12,338][com.java.SeleniumDriver] [  830] - Exception: null
[INFO ][2015-11-06 16:52:12,338][com.java.SeleniumDriver] [  836] - DataField : XPH//span[contains(text(),'My Dashboard Modules')]
[INFO ][2015-11-06 16:52:12,338][com.java.SeleniumDriver] [  838] - DataValue : 
[INFO ][2015-11-06 16:52:12,338][com.java.SeleniumDriver] [  844] - <In Set values of the page>
[INFO ][2015-11-06 16:52:12,338][com.java.SeleniumDriver] [  847] - {Data Fields & Data Values Exist}
[INFO ][2015-11-06 16:52:12,339][com.java.SeleniumDriver] [  849] - --------------------------setting values-----------------------------
[INFO ][2015-11-06 16:52:12,339][com.java.SeleniumDriver] [  852] - Action Type : WAITFORELEMENT
[INFO ][2015-11-06 16:52:12,373][com.java.SeleniumDriver] [  861] -  RESULT true
[INFO ][2015-11-06 16:52:12,373][com.java.SeleniumDriver] [ 1066] - ?   P A S S   ?
[INFO ][2015-11-06 16:52:12,373][com.java.SeleniumDriver] [  788] - ------------------------------------------
[INFO ][2015-11-06 16:52:12,373][com.java.SeleniumDriver] [  789] - Test case being Executed: 3
[INFO ][2015-11-06 16:52:12,373][com.java.SeleniumDriver] [  800] - Test step:15
[INFO ][2015-11-06 16:52:12,373][com.java.SeleniumDriver] [  812] - Datavalue is----------null
[DEBUG][2015-11-06 16:52:12,374][com.java.SeleniumDriver] [  830] - Exception: null
[INFO ][2015-11-06 16:52:12,374][com.java.SeleniumDriver] [  836] - DataField : BTNframeDialogContent
[INFO ][2015-11-06 16:52:12,374][com.java.SeleniumDriver] [  838] - DataValue : 
[INFO ][2015-11-06 16:52:12,374][com.java.SeleniumDriver] [  844] - <In Set values of the page>
[INFO ][2015-11-06 16:52:12,374][com.java.SeleniumDriver] [  847] - {Data Fields & Data Values Exist}
[INFO ][2015-11-06 16:52:12,374][com.java.SeleniumDriver] [  849] - --------------------------setting values-----------------------------
[INFO ][2015-11-06 16:52:12,374][com.java.SeleniumDriver] [  852] - Action Type : SELECTFRAME
[INFO ][2015-11-06 16:52:13,638][com.java.SeleniumDriver] [  861] -  RESULT true
[INFO ][2015-11-06 16:52:13,638][com.java.SeleniumDriver] [ 1066] - ?   P A S S   ?
[INFO ][2015-11-06 16:52:13,638][com.java.SeleniumDriver] [  788] - ------------------------------------------
[INFO ][2015-11-06 16:52:13,638][com.java.SeleniumDriver] [  789] - Test case being Executed: 3
[INFO ][2015-11-06 16:52:13,638][com.java.SeleniumDriver] [  800] - Test step:16
[INFO ][2015-11-06 16:52:13,638][com.java.SeleniumDriver] [  812] - Datavalue is----------null
[DEBUG][2015-11-06 16:52:13,638][com.java.SeleniumDriver] [  830] - Exception: null
[INFO ][2015-11-06 16:52:13,638][com.java.SeleniumDriver] [  836] - DataField : XPH//label[contains(text(),'I want to add an')]/preceding-sibling::input
[INFO ][2015-11-06 16:52:13,639][com.java.SeleniumDriver] [  838] - DataValue : 
[INFO ][2015-11-06 16:52:13,639][com.java.SeleniumDriver] [  844] - <In Set values of the page>
[INFO ][2015-11-06 16:52:13,639][com.java.SeleniumDriver] [  847] - {Data Fields & Data Values Exist}
[INFO ][2015-11-06 16:52:13,639][com.java.SeleniumDriver] [  849] - --------------------------setting values-----------------------------
[INFO ][2015-11-06 16:52:13,639][com.java.SeleniumDriver] [  852] - Action Type : CLICK
[INFO ][2015-11-06 16:52:13,639][com.java.TestType] [ 4341] - Field ::XPH//label[contains(text(),'I want to add an')]/preceding-sibling::input
[INFO ][2015-11-06 16:52:14,639][com.java.TestType] [ 4400] - BEFORE CLICK
[INFO ][2015-11-06 16:52:15,406][com.java.TestType] [ 4408] - Unable to click the object Radio button
[INFO ][2015-11-06 16:52:15,406][com.java.SeleniumDriver] [  861] -  RESULT true
[INFO ][2015-11-06 16:52:15,406][com.java.SeleniumDriver] [ 1066] - ?   P A S S   ?
[INFO ][2015-11-06 16:52:15,406][com.java.SeleniumDriver] [  788] - ------------------------------------------
[INFO ][2015-11-06 16:52:15,406][com.java.SeleniumDriver] [  789] - Test case being Executed: 3
[INFO ][2015-11-06 16:52:15,406][com.java.SeleniumDriver] [  800] - Test step:17
[INFO ][2015-11-06 16:52:15,406][com.java.SeleniumDriver] [  812] - Datavalue is----------null
[DEBUG][2015-11-06 16:52:15,406][com.java.SeleniumDriver] [  830] - Exception: null
[INFO ][2015-11-06 16:52:15,406][com.java.SeleniumDriver] [  836] - DataField : XPH//button[@id='nextButton']
[INFO ][2015-11-06 16:52:15,406][com.java.SeleniumDriver] [  838] - DataValue : 
[INFO ][2015-11-06 16:52:15,406][com.java.SeleniumDriver] [  844] - <In Set values of the page>
[INFO ][2015-11-06 16:52:15,406][com.java.SeleniumDriver] [  847] - {Data Fields & Data Values Exist}
[INFO ][2015-11-06 16:52:15,407][com.java.SeleniumDriver] [  849] - --------------------------setting values-----------------------------
[INFO ][2015-11-06 16:52:15,407][com.java.SeleniumDriver] [  852] - Action Type : CLICK
[INFO ][2015-11-06 16:52:15,407][com.java.TestType] [ 4341] - Field ::XPH//button[@id='nextButton']
[INFO ][2015-11-06 16:52:16,407][com.java.TestType] [ 4400] - BEFORE CLICK
[INFO ][2015-11-06 16:52:17,413][com.java.TestType] [ 4408] - Unable to click the object Next
[INFO ][2015-11-06 16:52:17,413][com.java.SeleniumDriver] [  861] -  RESULT true
[INFO ][2015-11-06 16:52:17,413][com.java.SeleniumDriver] [ 1066] - ?   P A S S   ?
[INFO ][2015-11-06 16:52:17,413][com.java.SeleniumDriver] [  788] - ------------------------------------------
[INFO ][2015-11-06 16:52:17,413][com.java.SeleniumDriver] [  789] - Test case being Executed: 3
[INFO ][2015-11-06 16:52:17,413][com.java.SeleniumDriver] [  800] - Test step:18
[INFO ][2015-11-06 16:52:17,413][com.java.SeleniumDriver] [  812] - Datavalue is----------null
[DEBUG][2015-11-06 16:52:17,413][com.java.SeleniumDriver] [  830] - Exception: null
[INFO ][2015-11-06 16:52:17,413][com.java.SeleniumDriver] [  836] - DataField : XPH//label[contains(text(),"My Favorite Reports")]/parent::td/preceding-sibling::td/input
[INFO ][2015-11-06 16:52:17,413][com.java.SeleniumDriver] [  838] - DataValue : 
[INFO ][2015-11-06 16:52:17,413][com.java.SeleniumDriver] [  844] - <In Set values of the page>
[INFO ][2015-11-06 16:52:17,414][com.java.SeleniumDriver] [  847] - {Data Fields & Data Values Exist}
[INFO ][2015-11-06 16:52:17,414][com.java.SeleniumDriver] [  849] - --------------------------setting values-----------------------------
[INFO ][2015-11-06 16:52:17,414][com.java.SeleniumDriver] [  852] - Action Type : CLICK
[INFO ][2015-11-06 16:52:17,414][com.java.TestType] [ 4341] - Field ::XPH//label[contains(text(),"My Favorite Reports")]/parent::td/preceding-sibling::td/input
[INFO ][2015-11-06 16:52:18,414][com.java.TestType] [ 4400] - BEFORE CLICK
[INFO ][2015-11-06 16:52:19,160][com.java.TestType] [ 4408] - Unable to click the object Checkbox
[INFO ][2015-11-06 16:52:19,160][com.java.SeleniumDriver] [  861] -  RESULT true
[INFO ][2015-11-06 16:52:19,160][com.java.SeleniumDriver] [ 1066] - ?   P A S S   ?
[INFO ][2015-11-06 16:52:19,160][com.java.SeleniumDriver] [  788] - ------------------------------------------
[INFO ][2015-11-06 16:52:19,160][com.java.SeleniumDriver] [  789] - Test case being Executed: 3
[INFO ][2015-11-06 16:52:19,160][com.java.SeleniumDriver] [  800] - Test step:19
[INFO ][2015-11-06 16:52:19,160][com.java.SeleniumDriver] [  812] - Datavalue is----------null
[DEBUG][2015-11-06 16:52:19,160][com.java.SeleniumDriver] [  830] - Exception: null
[INFO ][2015-11-06 16:52:19,160][com.java.SeleniumDriver] [  836] - DataField : BTNsaveButton
[INFO ][2015-11-06 16:52:19,160][com.java.SeleniumDriver] [  838] - DataValue : 
[INFO ][2015-11-06 16:52:19,160][com.java.SeleniumDriver] [  844] - <In Set values of the page>
[INFO ][2015-11-06 16:52:19,160][com.java.SeleniumDriver] [  847] - {Data Fields & Data Values Exist}
[INFO ][2015-11-06 16:52:19,161][com.java.SeleniumDriver] [  849] - --------------------------setting values-----------------------------
[INFO ][2015-11-06 16:52:19,161][com.java.SeleniumDriver] [  852] - Action Type : CLICK
[INFO ][2015-11-06 16:52:19,161][com.java.TestType] [ 4341] - Field ::BTNsaveButton
[INFO ][2015-11-06 16:52:20,161][com.java.TestType] [ 4379] - BEFORE CLICK
[INFO ][2015-11-06 16:52:22,164][com.java.TestType] [ 4386] - Unable to click the object Save
[INFO ][2015-11-06 16:52:22,164][com.java.SeleniumDriver] [  861] -  RESULT true
[INFO ][2015-11-06 16:52:22,164][com.java.SeleniumDriver] [ 1066] - ?   P A S S   ?
[INFO ][2015-11-06 16:52:22,164][com.java.SeleniumDriver] [  788] - ------------------------------------------
[INFO ][2015-11-06 16:52:22,164][com.java.SeleniumDriver] [  789] - Test case being Executed: 3
[INFO ][2015-11-06 16:52:22,164][com.java.SeleniumDriver] [  800] - Test step:20
[INFO ][2015-11-06 16:52:22,164][com.java.SeleniumDriver] [  812] - Datavalue is----------null
[DEBUG][2015-11-06 16:52:22,164][com.java.SeleniumDriver] [  830] - Exception: null
[INFO ][2015-11-06 16:52:22,164][com.java.SeleniumDriver] [  836] - DataField : BTNparent
[INFO ][2015-11-06 16:52:22,164][com.java.SeleniumDriver] [  838] - DataValue : 
[INFO ][2015-11-06 16:52:22,164][com.java.SeleniumDriver] [  844] - <In Set values of the page>
[INFO ][2015-11-06 16:52:22,165][com.java.SeleniumDriver] [  847] - {Data Fields & Data Values Exist}
[INFO ][2015-11-06 16:52:22,165][com.java.SeleniumDriver] [  849] - --------------------------setting values-----------------------------
[INFO ][2015-11-06 16:52:22,165][com.java.SeleniumDriver] [  852] - Action Type : SELECTFRAME
[INFO ][2015-11-06 16:52:22,178][com.java.SeleniumDriver] [  861] -  RESULT true
[INFO ][2015-11-06 16:52:22,178][com.java.SeleniumDriver] [ 1066] - ?   P A S S   ?
[INFO ][2015-11-06 16:52:22,178][com.java.SeleniumDriver] [  788] - ------------------------------------------
[INFO ][2015-11-06 16:52:22,178][com.java.SeleniumDriver] [  789] - Test case being Executed: 3
[INFO ][2015-11-06 16:52:22,178][com.java.SeleniumDriver] [  800] - Test step:21
[INFO ][2015-11-06 16:52:22,178][com.java.SeleniumDriver] [  812] - Datavalue is----------null
[DEBUG][2015-11-06 16:52:22,178][com.java.SeleniumDriver] [  830] - Exception: null
[INFO ][2015-11-06 16:52:22,178][com.java.SeleniumDriver] [  836] - DataField : XPH//div[contains(text(),'My Favorite Reports')]
[INFO ][2015-11-06 16:52:22,178][com.java.SeleniumDriver] [  838] - DataValue : 
[INFO ][2015-11-06 16:52:22,178][com.java.SeleniumDriver] [  844] - <In Set values of the page>
[INFO ][2015-11-06 16:52:22,178][com.java.SeleniumDriver] [  847] - {Data Fields & Data Values Exist}
[INFO ][2015-11-06 16:52:22,179][com.java.SeleniumDriver] [  849] - --------------------------setting values-----------------------------
[INFO ][2015-11-06 16:52:22,179][com.java.SeleniumDriver] [  852] - Action Type : WAITFORELEMENT
[INFO ][2015-11-06 16:52:22,214][com.java.SeleniumDriver] [  861] -  RESULT true
[INFO ][2015-11-06 16:52:22,214][com.java.SeleniumDriver] [ 1066] - ?   P A S S   ?
[INFO ][2015-11-06 16:52:22,214][com.java.SeleniumDriver] [  788] - ------------------------------------------
[INFO ][2015-11-06 16:52:22,214][com.java.SeleniumDriver] [  789] - Test case being Executed: 3
[INFO ][2015-11-06 16:52:22,214][com.java.SeleniumDriver] [  800] - Test step:22
[INFO ][2015-11-06 16:52:22,214][com.java.SeleniumDriver] [  812] - Datavalue is----------My Favorite Reports
[INFO ][2015-11-06 16:52:22,214][com.java.SeleniumDriver] [  836] - DataField : XPH//div[contains(text(),'My Favorite Reports')]
[INFO ][2015-11-06 16:52:22,214][com.java.SeleniumDriver] [  838] - DataValue : My Favorite Reports
[INFO ][2015-11-06 16:52:22,214][com.java.SeleniumDriver] [  844] - <In Set values of the page>
[INFO ][2015-11-06 16:52:22,214][com.java.SeleniumDriver] [  847] - {Data Fields & Data Values Exist}
[INFO ][2015-11-06 16:52:22,214][com.java.SeleniumDriver] [  849] - --------------------------setting values-----------------------------
[INFO ][2015-11-06 16:52:22,214][com.java.SeleniumDriver] [  852] - Action Type : VERIFY
[INFO ][2015-11-06 16:52:22,215][com.java.TestType] [ 5154] - field= XPH//div[contains(text(),'My Favorite Reports')] value= My Favorite Reports
[INFO ][2015-11-06 16:52:22,215][com.java.TestType] [ 4028] - value = My Favorite Reports
[INFO ][2015-11-06 16:52:22,328][com.java.SeleniumDriver] [  861] -  RESULT true
[INFO ][2015-11-06 16:52:22,328][com.java.SeleniumDriver] [ 1066] - ?   P A S S   ?
[INFO ][2015-11-06 16:52:22,328][com.java.SeleniumDriver] [  788] - ------------------------------------------
[INFO ][2015-11-06 16:52:22,328][com.java.SeleniumDriver] [  789] - Test case being Executed: 3
[INFO ][2015-11-06 16:52:22,328][com.java.SeleniumDriver] [  800] - Test step:23
[INFO ][2015-11-06 16:52:22,328][com.java.SeleniumDriver] [  812] - Datavalue is----------null
[DEBUG][2015-11-06 16:52:22,328][com.java.SeleniumDriver] [  830] - Exception: null
[INFO ][2015-11-06 16:52:22,328][com.java.SeleniumDriver] [  836] - DataField : XPH//div[@class="menu"]//span[@class="icon-plus"]
[INFO ][2015-11-06 16:52:22,328][com.java.SeleniumDriver] [  838] - DataValue : 
[INFO ][2015-11-06 16:52:22,328][com.java.SeleniumDriver] [  844] - <In Set values of the page>
[INFO ][2015-11-06 16:52:22,328][com.java.SeleniumDriver] [  847] - {Data Fields & Data Values Exist}
[INFO ][2015-11-06 16:52:22,328][com.java.SeleniumDriver] [  849] - --------------------------setting values-----------------------------
[INFO ][2015-11-06 16:52:22,328][com.java.SeleniumDriver] [  852] - Action Type : CLICK
[INFO ][2015-11-06 16:52:22,329][com.java.TestType] [ 4341] - Field ::XPH//div[@class="menu"]//span[@class="icon-plus"]
[INFO ][2015-11-06 16:52:23,329][com.java.TestType] [ 4400] - BEFORE CLICK
[INFO ][2015-11-06 16:52:24,821][com.java.TestType] [ 4408] - Unable to click the object Add Content
[INFO ][2015-11-06 16:52:24,821][com.java.SeleniumDriver] [  861] -  RESULT true
[INFO ][2015-11-06 16:52:24,821][com.java.SeleniumDriver] [ 1066] - ?   P A S S   ?
[INFO ][2015-11-06 16:52:24,821][com.java.SeleniumDriver] [  788] - ------------------------------------------
[INFO ][2015-11-06 16:52:24,821][com.java.SeleniumDriver] [  789] - Test case being Executed: 3
[INFO ][2015-11-06 16:52:24,821][com.java.SeleniumDriver] [  800] - Test step:24
[INFO ][2015-11-06 16:52:24,821][com.java.SeleniumDriver] [  812] - Datavalue is----------null
[DEBUG][2015-11-06 16:52:24,821][com.java.SeleniumDriver] [  830] - Exception: null
[INFO ][2015-11-06 16:52:24,821][com.java.SeleniumDriver] [  836] - DataField : XPH//span[contains(text(),'My Dashboard Modules')]
[INFO ][2015-11-06 16:52:24,821][com.java.SeleniumDriver] [  838] - DataValue : 
[INFO ][2015-11-06 16:52:24,821][com.java.SeleniumDriver] [  844] - <In Set values of the page>
[INFO ][2015-11-06 16:52:24,822][com.java.SeleniumDriver] [  847] - {Data Fields & Data Values Exist}
[INFO ][2015-11-06 16:52:24,822][com.java.SeleniumDriver] [  849] - --------------------------setting values-----------------------------
[INFO ][2015-11-06 16:52:24,822][com.java.SeleniumDriver] [  852] - Action Type : WAITFORELEMENT
[INFO ][2015-11-06 16:52:24,866][com.java.SeleniumDriver] [  861] -  RESULT true
[INFO ][2015-11-06 16:52:24,866][com.java.SeleniumDriver] [ 1066] - ?   P A S S   ?
[INFO ][2015-11-06 16:52:24,866][com.java.SeleniumDriver] [  788] - ------------------------------------------
[INFO ][2015-11-06 16:52:24,866][com.java.SeleniumDriver] [  789] - Test case being Executed: 3
[INFO ][2015-11-06 16:52:24,866][com.java.SeleniumDriver] [  800] - Test step:25
[INFO ][2015-11-06 16:52:24,866][com.java.SeleniumDriver] [  812] - Datavalue is----------null
[DEBUG][2015-11-06 16:52:24,866][com.java.SeleniumDriver] [  830] - Exception: null
[INFO ][2015-11-06 16:52:24,866][com.java.SeleniumDriver] [  836] - DataField : BTNframeDialogContent
[INFO ][2015-11-06 16:52:24,866][com.java.SeleniumDriver] [  838] - DataValue : 
[INFO ][2015-11-06 16:52:24,866][com.java.SeleniumDriver] [  844] - <In Set values of the page>
[INFO ][2015-11-06 16:52:24,866][com.java.SeleniumDriver] [  847] - {Data Fields & Data Values Exist}
[INFO ][2015-11-06 16:52:24,866][com.java.SeleniumDriver] [  849] - --------------------------setting values-----------------------------
[INFO ][2015-11-06 16:52:24,866][com.java.SeleniumDriver] [  852] - Action Type : SELECTFRAME
[INFO ][2015-11-06 16:52:26,138][com.java.SeleniumDriver] [  861] -  RESULT true
[INFO ][2015-11-06 16:52:26,138][com.java.SeleniumDriver] [ 1066] - ?   P A S S   ?
[INFO ][2015-11-06 16:52:26,138][com.java.SeleniumDriver] [  788] - ------------------------------------------
[INFO ][2015-11-06 16:52:26,138][com.java.SeleniumDriver] [  789] - Test case being Executed: 3
[INFO ][2015-11-06 16:52:26,138][com.java.SeleniumDriver] [  800] - Test step:26
[INFO ][2015-11-06 16:52:26,138][com.java.SeleniumDriver] [  812] - Datavalue is----------null
[DEBUG][2015-11-06 16:52:26,138][com.java.SeleniumDriver] [  830] - Exception: null
[INFO ][2015-11-06 16:52:26,138][com.java.SeleniumDriver] [  836] - DataField : XPH//label[contains(text(),'I want to add an')]/preceding-sibling::input
[INFO ][2015-11-06 16:52:26,138][com.java.SeleniumDriver] [  838] - DataValue : 
[INFO ][2015-11-06 16:52:26,139][com.java.SeleniumDriver] [  844] - <In Set values of the page>
[INFO ][2015-11-06 16:52:26,139][com.java.SeleniumDriver] [  847] - {Data Fields & Data Values Exist}
[INFO ][2015-11-06 16:52:26,139][com.java.SeleniumDriver] [  849] - --------------------------setting values-----------------------------
[INFO ][2015-11-06 16:52:26,139][com.java.SeleniumDriver] [  852] - Action Type : CLICK
[INFO ][2015-11-06 16:52:26,139][com.java.TestType] [ 4341] - Field ::XPH//label[contains(text(),'I want to add an')]/preceding-sibling::input
[INFO ][2015-11-06 16:52:27,139][com.java.TestType] [ 4400] - BEFORE CLICK
[INFO ][2015-11-06 16:52:27,934][com.java.TestType] [ 4408] - Unable to click the object Radio button
[INFO ][2015-11-06 16:52:27,934][com.java.SeleniumDriver] [  861] -  RESULT true
[INFO ][2015-11-06 16:52:27,934][com.java.SeleniumDriver] [ 1066] - ?   P A S S   ?
[INFO ][2015-11-06 16:52:27,935][com.java.SeleniumDriver] [  788] - ------------------------------------------
[INFO ][2015-11-06 16:52:27,935][com.java.SeleniumDriver] [  789] - Test case being Executed: 3
[INFO ][2015-11-06 16:52:27,935][com.java.SeleniumDriver] [  800] - Test step:27
[INFO ][2015-11-06 16:52:27,936][com.java.SeleniumDriver] [  812] - Datavalue is----------null
[DEBUG][2015-11-06 16:52:27,936][com.java.SeleniumDriver] [  830] - Exception: null
[INFO ][2015-11-06 16:52:27,936][com.java.SeleniumDriver] [  836] - DataField : BTNnextButton
[INFO ][2015-11-06 16:52:27,936][com.java.SeleniumDriver] [  838] - DataValue : 
[INFO ][2015-11-06 16:52:27,936][com.java.SeleniumDriver] [  844] - <In Set values of the page>
[INFO ][2015-11-06 16:52:27,936][com.java.SeleniumDriver] [  847] - {Data Fields & Data Values Exist}
[INFO ][2015-11-06 16:52:27,936][com.java.SeleniumDriver] [  849] - --------------------------setting values-----------------------------
[INFO ][2015-11-06 16:52:27,936][com.java.SeleniumDriver] [  852] - Action Type : CLICK
[INFO ][2015-11-06 16:52:27,936][com.java.TestType] [ 4341] - Field ::BTNnextButton
[INFO ][2015-11-06 16:52:28,936][com.java.TestType] [ 4379] - BEFORE CLICK
[INFO ][2015-11-06 16:52:30,664][com.java.TestType] [ 4386] - Unable to click the object Next
[INFO ][2015-11-06 16:52:30,664][com.java.SeleniumDriver] [  861] -  RESULT true
[INFO ][2015-11-06 16:52:30,664][com.java.SeleniumDriver] [ 1066] - ?   P A S S   ?
[INFO ][2015-11-06 16:52:30,664][com.java.SeleniumDriver] [  788] - ------------------------------------------
[INFO ][2015-11-06 16:52:30,664][com.java.SeleniumDriver] [  789] - Test case being Executed: 3
[INFO ][2015-11-06 16:52:30,664][com.java.SeleniumDriver] [  800] - Test step:28
[INFO ][2015-11-06 16:52:30,664][com.java.SeleniumDriver] [  812] - Datavalue is----------null
[DEBUG][2015-11-06 16:52:30,664][com.java.SeleniumDriver] [  830] - Exception: null
[INFO ][2015-11-06 16:52:30,665][com.java.SeleniumDriver] [  836] - DataField : XPH//label[contains(text(),"My Margin")]/parent::td/preceding-sibling::td/input
[INFO ][2015-11-06 16:52:30,665][com.java.SeleniumDriver] [  838] - DataValue : 
[INFO ][2015-11-06 16:52:30,665][com.java.SeleniumDriver] [  844] - <In Set values of the page>
[INFO ][2015-11-06 16:52:30,665][com.java.SeleniumDriver] [  847] - {Data Fields & Data Values Exist}
[INFO ][2015-11-06 16:52:30,665][com.java.SeleniumDriver] [  849] - --------------------------setting values-----------------------------
[INFO ][2015-11-06 16:52:30,665][com.java.SeleniumDriver] [  852] - Action Type : CLICK
[INFO ][2015-11-06 16:52:30,665][com.java.TestType] [ 4341] - Field ::XPH//label[contains(text(),"My Margin")]/parent::td/preceding-sibling::td/input
[INFO ][2015-11-06 16:52:31,665][com.java.TestType] [ 4400] - BEFORE CLICK
[INFO ][2015-11-06 16:52:32,394][com.java.TestType] [ 4408] - Unable to click the object Checkbox
[INFO ][2015-11-06 16:52:32,394][com.java.SeleniumDriver] [  861] -  RESULT true
[INFO ][2015-11-06 16:52:32,394][com.java.SeleniumDriver] [ 1066] - ?   P A S S   ?
[INFO ][2015-11-06 16:52:32,394][com.java.SeleniumDriver] [  788] - ------------------------------------------
[INFO ][2015-11-06 16:52:32,394][com.java.SeleniumDriver] [  789] - Test case being Executed: 3
[INFO ][2015-11-06 16:52:32,394][com.java.SeleniumDriver] [  800] - Test step:29
[INFO ][2015-11-06 16:52:32,394][com.java.SeleniumDriver] [  812] - Datavalue is----------null
[DEBUG][2015-11-06 16:52:32,394][com.java.SeleniumDriver] [  830] - Exception: null
[INFO ][2015-11-06 16:52:32,394][com.java.SeleniumDriver] [  836] - DataField : BTNsaveButton
[INFO ][2015-11-06 16:52:32,394][com.java.SeleniumDriver] [  838] - DataValue : 
[INFO ][2015-11-06 16:52:32,394][com.java.SeleniumDriver] [  844] - <In Set values of the page>
[INFO ][2015-11-06 16:52:32,394][com.java.SeleniumDriver] [  847] - {Data Fields & Data Values Exist}
[INFO ][2015-11-06 16:52:32,394][com.java.SeleniumDriver] [  849] - --------------------------setting values-----------------------------
[INFO ][2015-11-06 16:52:32,395][com.java.SeleniumDriver] [  852] - Action Type : CLICK
[INFO ][2015-11-06 16:52:32,395][com.java.TestType] [ 4341] - Field ::BTNsaveButton
[INFO ][2015-11-06 16:52:33,395][com.java.TestType] [ 4379] - BEFORE CLICK
[INFO ][2015-11-06 16:52:35,393][com.java.TestType] [ 4386] - Unable to click the object Save
[INFO ][2015-11-06 16:52:35,393][com.java.SeleniumDriver] [  861] -  RESULT true
[INFO ][2015-11-06 16:52:35,393][com.java.SeleniumDriver] [ 1066] - ?   P A S S   ?
[INFO ][2015-11-06 16:52:35,393][com.java.SeleniumDriver] [  788] - ------------------------------------------
[INFO ][2015-11-06 16:52:35,393][com.java.SeleniumDriver] [  789] - Test case being Executed: 3
[INFO ][2015-11-06 16:52:35,393][com.java.SeleniumDriver] [  800] - Test step:30
[INFO ][2015-11-06 16:52:35,393][com.java.SeleniumDriver] [  812] - Datavalue is----------null
[DEBUG][2015-11-06 16:52:35,393][com.java.SeleniumDriver] [  830] - Exception: null
[INFO ][2015-11-06 16:52:35,393][com.java.SeleniumDriver] [  836] - DataField : BTNparent
[INFO ][2015-11-06 16:52:35,393][com.java.SeleniumDriver] [  838] - DataValue : 
[INFO ][2015-11-06 16:52:35,394][com.java.SeleniumDriver] [  844] - <In Set values of the page>
[INFO ][2015-11-06 16:52:35,394][com.java.SeleniumDriver] [  847] - {Data Fields & Data Values Exist}
[INFO ][2015-11-06 16:52:35,394][com.java.SeleniumDriver] [  849] - --------------------------setting values-----------------------------
[INFO ][2015-11-06 16:52:35,394][com.java.SeleniumDriver] [  852] - Action Type : SELECTFRAME
[INFO ][2015-11-06 16:52:35,407][com.java.SeleniumDriver] [  861] -  RESULT true
[INFO ][2015-11-06 16:52:35,407][com.java.SeleniumDriver] [ 1066] - ?   P A S S   ?
[INFO ][2015-11-06 16:52:35,407][com.java.SeleniumDriver] [  788] - ------------------------------------------
[INFO ][2015-11-06 16:52:35,407][com.java.SeleniumDriver] [  789] - Test case being Executed: 3
[INFO ][2015-11-06 16:52:35,407][com.java.SeleniumDriver] [  800] - Test step:31
[INFO ][2015-11-06 16:52:35,407][com.java.SeleniumDriver] [  812] - Datavalue is----------null
[DEBUG][2015-11-06 16:52:35,407][com.java.SeleniumDriver] [  830] - Exception: null
[INFO ][2015-11-06 16:52:35,407][com.java.SeleniumDriver] [  836] - DataField : XPH//div[contains(text(),'My Margin')]
[INFO ][2015-11-06 16:52:35,407][com.java.SeleniumDriver] [  838] - DataValue : 
[INFO ][2015-11-06 16:52:35,407][com.java.SeleniumDriver] [  844] - <In Set values of the page>
[INFO ][2015-11-06 16:52:35,407][com.java.SeleniumDriver] [  847] - {Data Fields & Data Values Exist}
[INFO ][2015-11-06 16:52:35,407][com.java.SeleniumDriver] [  849] - --------------------------setting values-----------------------------
[INFO ][2015-11-06 16:52:35,407][com.java.SeleniumDriver] [  852] - Action Type : WAITFORELEMENT
[INFO ][2015-11-06 16:52:35,450][com.java.SeleniumDriver] [  861] -  RESULT true
[INFO ][2015-11-06 16:52:35,450][com.java.SeleniumDriver] [ 1066] - ?   P A S S   ?
[INFO ][2015-11-06 16:52:35,450][com.java.SeleniumDriver] [  788] - ------------------------------------------
[INFO ][2015-11-06 16:52:35,450][com.java.SeleniumDriver] [  789] - Test case being Executed: 3
[INFO ][2015-11-06 16:52:35,450][com.java.SeleniumDriver] [  800] - Test step:32
[INFO ][2015-11-06 16:52:35,450][com.java.SeleniumDriver] [  812] - Datavalue is----------My Margin
[INFO ][2015-11-06 16:52:35,451][com.java.SeleniumDriver] [  836] - DataField : XPH//div[contains(text(),'My Margin')]
[INFO ][2015-11-06 16:52:35,451][com.java.SeleniumDriver] [  838] - DataValue : My Margin
[INFO ][2015-11-06 16:52:35,451][com.java.SeleniumDriver] [  844] - <In Set values of the page>
[INFO ][2015-11-06 16:52:35,451][com.java.SeleniumDriver] [  847] - {Data Fields & Data Values Exist}
[INFO ][2015-11-06 16:52:35,451][com.java.SeleniumDriver] [  849] - --------------------------setting values-----------------------------
[INFO ][2015-11-06 16:52:35,451][com.java.SeleniumDriver] [  852] - Action Type : VERIFY
[INFO ][2015-11-06 16:52:35,451][com.java.TestType] [ 5154] - field= XPH//div[contains(text(),'My Margin')] value= My Margin
[INFO ][2015-11-06 16:52:35,451][com.java.TestType] [ 4028] - value = My Margin
[INFO ][2015-11-06 16:52:35,570][com.java.SeleniumDriver] [  861] -  RESULT true
[INFO ][2015-11-06 16:52:35,570][com.java.SeleniumDriver] [ 1066] - ?   P A S S   ?
[INFO ][2015-11-06 16:52:35,570][com.java.SeleniumDriver] [  788] - ------------------------------------------
[INFO ][2015-11-06 16:52:35,570][com.java.SeleniumDriver] [  789] - Test case being Executed: 3
[INFO ][2015-11-06 16:52:35,570][com.java.SeleniumDriver] [  800] - Test step:33
[INFO ][2015-11-06 16:52:35,570][com.java.SeleniumDriver] [  812] - Datavalue is----------null
[DEBUG][2015-11-06 16:52:35,570][com.java.SeleniumDriver] [  830] - Exception: null
[INFO ][2015-11-06 16:52:35,570][com.java.SeleniumDriver] [  836] - DataField : XPH//div[@class="menu"]//span[@class="icon-plus"]
[INFO ][2015-11-06 16:52:35,570][com.java.SeleniumDriver] [  838] - DataValue : 
[INFO ][2015-11-06 16:52:35,570][com.java.SeleniumDriver] [  844] - <In Set values of the page>
[INFO ][2015-11-06 16:52:35,570][com.java.SeleniumDriver] [  847] - {Data Fields & Data Values Exist}
[INFO ][2015-11-06 16:52:35,570][com.java.SeleniumDriver] [  849] - --------------------------setting values-----------------------------
[INFO ][2015-11-06 16:52:35,570][com.java.SeleniumDriver] [  852] - Action Type : CLICK
[INFO ][2015-11-06 16:52:35,571][com.java.TestType] [ 4341] - Field ::XPH//div[@class="menu"]//span[@class="icon-plus"]
[INFO ][2015-11-06 16:52:36,571][com.java.TestType] [ 4400] - BEFORE CLICK
[INFO ][2015-11-06 16:52:38,875][com.java.TestType] [ 4408] - Unable to click the object Add Content
[INFO ][2015-11-06 16:52:38,875][com.java.SeleniumDriver] [  861] -  RESULT true
[INFO ][2015-11-06 16:52:38,875][com.java.SeleniumDriver] [ 1066] - ?   P A S S   ?
[INFO ][2015-11-06 16:52:38,875][com.java.SeleniumDriver] [  788] - ------------------------------------------
[INFO ][2015-11-06 16:52:38,875][com.java.SeleniumDriver] [  789] - Test case being Executed: 3
[INFO ][2015-11-06 16:52:38,875][com.java.SeleniumDriver] [  800] - Test step:34
[INFO ][2015-11-06 16:52:38,875][com.java.SeleniumDriver] [  812] - Datavalue is----------null
[DEBUG][2015-11-06 16:52:38,875][com.java.SeleniumDriver] [  830] - Exception: null
[INFO ][2015-11-06 16:52:38,875][com.java.SeleniumDriver] [  836] - DataField : XPH//span[contains(text(),'My Dashboard Modules')]
[INFO ][2015-11-06 16:52:38,875][com.java.SeleniumDriver] [  838] - DataValue : 
[INFO ][2015-11-06 16:52:38,875][com.java.SeleniumDriver] [  844] - <In Set values of the page>
[INFO ][2015-11-06 16:52:38,875][com.java.SeleniumDriver] [  847] - {Data Fields & Data Values Exist}
[INFO ][2015-11-06 16:52:38,875][com.java.SeleniumDriver] [  849] - --------------------------setting values-----------------------------
[INFO ][2015-11-06 16:52:38,876][com.java.SeleniumDriver] [  852] - Action Type : WAITFORELEMENT
[INFO ][2015-11-06 16:52:38,911][com.java.SeleniumDriver] [  861] -  RESULT true
[INFO ][2015-11-06 16:52:38,911][com.java.SeleniumDriver] [ 1066] - ?   P A S S   ?
[INFO ][2015-11-06 16:52:38,911][com.java.SeleniumDriver] [  788] - ------------------------------------------
[INFO ][2015-11-06 16:52:38,911][com.java.SeleniumDriver] [  789] - Test case being Executed: 3
[INFO ][2015-11-06 16:52:38,911][com.java.SeleniumDriver] [  800] - Test step:35
[INFO ][2015-11-06 16:52:38,911][com.java.SeleniumDriver] [  812] - Datavalue is----------null
[DEBUG][2015-11-06 16:52:38,911][com.java.SeleniumDriver] [  830] - Exception: null
[INFO ][2015-11-06 16:52:38,911][com.java.SeleniumDriver] [  836] - DataField : BTNframeDialogContent
[INFO ][2015-11-06 16:52:38,911][com.java.SeleniumDriver] [  838] - DataValue : 
[INFO ][2015-11-06 16:52:38,911][com.java.SeleniumDriver] [  844] - <In Set values of the page>
[INFO ][2015-11-06 16:52:38,912][com.java.SeleniumDriver] [  847] - {Data Fields & Data Values Exist}
[INFO ][2015-11-06 16:52:38,912][com.java.SeleniumDriver] [  849] - --------------------------setting values-----------------------------
[INFO ][2015-11-06 16:52:38,912][com.java.SeleniumDriver] [  852] - Action Type : SELECTFRAME
[INFO ][2015-11-06 16:52:40,175][com.java.SeleniumDriver] [  861] -  RESULT true
[INFO ][2015-11-06 16:52:40,175][com.java.SeleniumDriver] [ 1066] - ?   P A S S   ?
[INFO ][2015-11-06 16:52:40,175][com.java.SeleniumDriver] [  788] - ------------------------------------------
[INFO ][2015-11-06 16:52:40,175][com.java.SeleniumDriver] [  789] - Test case being Executed: 3
[INFO ][2015-11-06 16:52:40,175][com.java.SeleniumDriver] [  800] - Test step:36
[INFO ][2015-11-06 16:52:40,175][com.java.SeleniumDriver] [  812] - Datavalue is----------null
[DEBUG][2015-11-06 16:52:40,175][com.java.SeleniumDriver] [  830] - Exception: null
[INFO ][2015-11-06 16:52:40,176][com.java.SeleniumDriver] [  836] - DataField : XPH//label[contains(text(),'I want to add an')]/preceding-sibling::input
[INFO ][2015-11-06 16:52:40,176][com.java.SeleniumDriver] [  838] - DataValue : 
[INFO ][2015-11-06 16:52:40,176][com.java.SeleniumDriver] [  844] - <In Set values of the page>
[INFO ][2015-11-06 16:52:40,176][com.java.SeleniumDriver] [  847] - {Data Fields & Data Values Exist}
[INFO ][2015-11-06 16:52:40,176][com.java.SeleniumDriver] [  849] - --------------------------setting values-----------------------------
[INFO ][2015-11-06 16:52:40,176][com.java.SeleniumDriver] [  852] - Action Type : CLICK
[INFO ][2015-11-06 16:52:40,176][com.java.TestType] [ 4341] - Field ::XPH//label[contains(text(),'I want to add an')]/preceding-sibling::input
[INFO ][2015-11-06 16:52:41,176][com.java.TestType] [ 4400] - BEFORE CLICK
[INFO ][2015-11-06 16:52:41,949][com.java.TestType] [ 4408] - Unable to click the object Radio button
[INFO ][2015-11-06 16:52:41,949][com.java.SeleniumDriver] [  861] -  RESULT true
[INFO ][2015-11-06 16:52:41,949][com.java.SeleniumDriver] [ 1066] - ?   P A S S   ?
[INFO ][2015-11-06 16:52:41,949][com.java.SeleniumDriver] [  788] - ------------------------------------------
[INFO ][2015-11-06 16:52:41,949][com.java.SeleniumDriver] [  789] - Test case being Executed: 3
[INFO ][2015-11-06 16:52:41,949][com.java.SeleniumDriver] [  800] - Test step:37
[INFO ][2015-11-06 16:52:41,949][com.java.SeleniumDriver] [  812] - Datavalue is----------null
[DEBUG][2015-11-06 16:52:41,949][com.java.SeleniumDriver] [  830] - Exception: null
[INFO ][2015-11-06 16:52:41,949][com.java.SeleniumDriver] [  836] - DataField : BTNnextButton
[INFO ][2015-11-06 16:52:41,949][com.java.SeleniumDriver] [  838] - DataValue : 
[INFO ][2015-11-06 16:52:41,949][com.java.SeleniumDriver] [  844] - <In Set values of the page>
[INFO ][2015-11-06 16:52:41,949][com.java.SeleniumDriver] [  847] - {Data Fields & Data Values Exist}
[INFO ][2015-11-06 16:52:41,949][com.java.SeleniumDriver] [  849] - --------------------------setting values-----------------------------
[INFO ][2015-11-06 16:52:41,950][com.java.SeleniumDriver] [  852] - Action Type : CLICK
[INFO ][2015-11-06 16:52:41,950][com.java.TestType] [ 4341] - Field ::BTNnextButton
[INFO ][2015-11-06 16:52:42,950][com.java.TestType] [ 4379] - BEFORE CLICK
[INFO ][2015-11-06 16:52:44,418][com.java.TestType] [ 4386] - Unable to click the object Next
[INFO ][2015-11-06 16:52:44,418][com.java.SeleniumDriver] [  861] -  RESULT true
[INFO ][2015-11-06 16:52:44,418][com.java.SeleniumDriver] [ 1066] - ?   P A S S   ?
[INFO ][2015-11-06 16:52:44,418][com.java.SeleniumDriver] [  788] - ------------------------------------------
[INFO ][2015-11-06 16:52:44,418][com.java.SeleniumDriver] [  789] - Test case being Executed: 3
[INFO ][2015-11-06 16:52:44,418][com.java.SeleniumDriver] [  800] - Test step:38
[INFO ][2015-11-06 16:52:44,418][com.java.SeleniumDriver] [  812] - Datavalue is----------null
[DEBUG][2015-11-06 16:52:44,418][com.java.SeleniumDriver] [  830] - Exception: null
[INFO ][2015-11-06 16:52:44,418][com.java.SeleniumDriver] [  836] - DataField : XPH//label[contains(text(),"New/Renewed Loans vs CD's")]/parent::td/preceding-sibling::td/input
[INFO ][2015-11-06 16:52:44,418][com.java.SeleniumDriver] [  838] - DataValue : 
[INFO ][2015-11-06 16:52:44,418][com.java.SeleniumDriver] [  844] - <In Set values of the page>
[INFO ][2015-11-06 16:52:44,418][com.java.SeleniumDriver] [  847] - {Data Fields & Data Values Exist}
[INFO ][2015-11-06 16:52:44,418][com.java.SeleniumDriver] [  849] - --------------------------setting values-----------------------------
[INFO ][2015-11-06 16:52:44,418][com.java.SeleniumDriver] [  852] - Action Type : CLICK
[INFO ][2015-11-06 16:52:44,419][com.java.TestType] [ 4341] - Field ::XPH//label[contains(text(),"New/Renewed Loans vs CD's")]/parent::td/preceding-sibling::td/input
[INFO ][2015-11-06 16:52:45,419][com.java.TestType] [ 4400] - BEFORE CLICK
[INFO ][2015-11-06 16:52:46,164][com.java.TestType] [ 4408] - Unable to click the object Checkbox
[INFO ][2015-11-06 16:52:46,164][com.java.SeleniumDriver] [  861] -  RESULT true
[INFO ][2015-11-06 16:52:46,164][com.java.SeleniumDriver] [ 1066] - ?   P A S S   ?
[INFO ][2015-11-06 16:52:46,164][com.java.SeleniumDriver] [  788] - ------------------------------------------
[INFO ][2015-11-06 16:52:46,164][com.java.SeleniumDriver] [  789] - Test case being Executed: 3
[INFO ][2015-11-06 16:52:46,164][com.java.SeleniumDriver] [  800] - Test step:39
[INFO ][2015-11-06 16:52:46,164][com.java.SeleniumDriver] [  812] - Datavalue is----------null
[DEBUG][2015-11-06 16:52:46,164][com.java.SeleniumDriver] [  830] - Exception: null
[INFO ][2015-11-06 16:52:46,164][com.java.SeleniumDriver] [  836] - DataField : BTNsaveButton
[INFO ][2015-11-06 16:52:46,164][com.java.SeleniumDriver] [  838] - DataValue : 
[INFO ][2015-11-06 16:52:46,164][com.java.SeleniumDriver] [  844] - <In Set values of the page>
[INFO ][2015-11-06 16:52:46,164][com.java.SeleniumDriver] [  847] - {Data Fields & Data Values Exist}
[INFO ][2015-11-06 16:52:46,165][com.java.SeleniumDriver] [  849] - --------------------------setting values-----------------------------
[INFO ][2015-11-06 16:52:46,165][com.java.SeleniumDriver] [  852] - Action Type : CLICK
[INFO ][2015-11-06 16:52:46,165][com.java.TestType] [ 4341] - Field ::BTNsaveButton
[INFO ][2015-11-06 16:52:47,165][com.java.TestType] [ 4379] - BEFORE CLICK
[INFO ][2015-11-06 16:52:48,998][com.java.TestType] [ 4386] - Unable to click the object Save
[INFO ][2015-11-06 16:52:48,998][com.java.SeleniumDriver] [  861] -  RESULT true
[INFO ][2015-11-06 16:52:48,998][com.java.SeleniumDriver] [ 1066] - ?   P A S S   ?
[INFO ][2015-11-06 16:52:48,998][com.java.SeleniumDriver] [  788] - ------------------------------------------
[INFO ][2015-11-06 16:52:48,998][com.java.SeleniumDriver] [  789] - Test case being Executed: 3
[INFO ][2015-11-06 16:52:48,998][com.java.SeleniumDriver] [  800] - Test step:40
[INFO ][2015-11-06 16:52:48,998][com.java.SeleniumDriver] [  812] - Datavalue is----------null
[DEBUG][2015-11-06 16:52:48,998][com.java.SeleniumDriver] [  830] - Exception: null
[INFO ][2015-11-06 16:52:48,998][com.java.SeleniumDriver] [  836] - DataField : BTNparent
[INFO ][2015-11-06 16:52:48,998][com.java.SeleniumDriver] [  838] - DataValue : 
[INFO ][2015-11-06 16:52:48,998][com.java.SeleniumDriver] [  844] - <In Set values of the page>
[INFO ][2015-11-06 16:52:48,998][com.java.SeleniumDriver] [  847] - {Data Fields & Data Values Exist}
[INFO ][2015-11-06 16:52:48,998][com.java.SeleniumDriver] [  849] - --------------------------setting values-----------------------------
[INFO ][2015-11-06 16:52:48,999][com.java.SeleniumDriver] [  852] - Action Type : SELECTFRAME
[INFO ][2015-11-06 16:52:49,012][com.java.SeleniumDriver] [  861] -  RESULT true
[INFO ][2015-11-06 16:52:49,012][com.java.SeleniumDriver] [ 1066] - ?   P A S S   ?
[INFO ][2015-11-06 16:52:49,012][com.java.SeleniumDriver] [  788] - ------------------------------------------
[INFO ][2015-11-06 16:52:49,012][com.java.SeleniumDriver] [  789] - Test case being Executed: 3
[INFO ][2015-11-06 16:52:49,012][com.java.SeleniumDriver] [  800] - Test step:41
[INFO ][2015-11-06 16:52:49,012][com.java.SeleniumDriver] [  812] - Datavalue is----------null
[DEBUG][2015-11-06 16:52:49,013][com.java.SeleniumDriver] [  830] - Exception: null
[INFO ][2015-11-06 16:52:49,013][com.java.SeleniumDriver] [  836] - DataField : XPH//div[contains(text(),'New/Renewed Loans vs CD')]
[INFO ][2015-11-06 16:52:49,013][com.java.SeleniumDriver] [  838] - DataValue : 
[INFO ][2015-11-06 16:52:49,013][com.java.SeleniumDriver] [  844] - <In Set values of the page>
[INFO ][2015-11-06 16:52:49,013][com.java.SeleniumDriver] [  847] - {Data Fields & Data Values Exist}
[INFO ][2015-11-06 16:52:49,013][com.java.SeleniumDriver] [  849] - --------------------------setting values-----------------------------
[INFO ][2015-11-06 16:52:49,013][com.java.SeleniumDriver] [  852] - Action Type : WAITFORELEMENT
[INFO ][2015-11-06 16:52:49,096][com.java.SeleniumDriver] [  861] -  RESULT true
[INFO ][2015-11-06 16:52:49,096][com.java.SeleniumDriver] [ 1066] - ?   P A S S   ?
[INFO ][2015-11-06 16:52:49,096][com.java.SeleniumDriver] [  788] - ------------------------------------------
[INFO ][2015-11-06 16:52:49,096][com.java.SeleniumDriver] [  789] - Test case being Executed: 3
[INFO ][2015-11-06 16:52:49,096][com.java.SeleniumDriver] [  800] - Test step:42
[INFO ][2015-11-06 16:52:49,096][com.java.SeleniumDriver] [  812] - Datavalue is----------New/Renewed Loans vs CD
[INFO ][2015-11-06 16:52:49,096][com.java.SeleniumDriver] [  836] - DataField : XPH//div[contains(text(),'New/Renewed Loans vs CD')]
[INFO ][2015-11-06 16:52:49,096][com.java.SeleniumDriver] [  838] - DataValue : New/Renewed Loans vs CD
[INFO ][2015-11-06 16:52:49,096][com.java.SeleniumDriver] [  844] - <In Set values of the page>
[INFO ][2015-11-06 16:52:49,096][com.java.SeleniumDriver] [  847] - {Data Fields & Data Values Exist}
[INFO ][2015-11-06 16:52:49,097][com.java.SeleniumDriver] [  849] - --------------------------setting values-----------------------------
[INFO ][2015-11-06 16:52:49,097][com.java.SeleniumDriver] [  852] - Action Type : VERIFY
[INFO ][2015-11-06 16:52:49,097][com.java.TestType] [ 5154] - field= XPH//div[contains(text(),'New/Renewed Loans vs CD')] value= New/Renewed Loans vs CD
[INFO ][2015-11-06 16:52:49,097][com.java.TestType] [ 4028] - value = New/Renewed Loans vs CD
[INFO ][2015-11-06 16:52:49,335][com.java.SeleniumDriver] [  861] -  RESULT true
[INFO ][2015-11-06 16:52:49,336][com.java.SeleniumDriver] [ 1066] - ?   P A S S   ?
[DEBUG][2015-11-06 16:52:49,336][com.java.SeleniumDriver] [ 1168] - Case found
[DEBUG][2015-11-06 16:52:49,336][com.java.SeleniumDriver] [ 1173] - Incrementing ReportCounters[0]:3
[INFO ][2015-11-06 16:52:49,336][com.java.SeleniumDriver] [ 1192] - The results are-------------------[3, 1, Start Page: Add Content: Out of the Box Module, Pass, , Fri Nov 06 16:50:46 IST 2015, 3, 2, Start Page: Add Content: Out of the Box Module, Pass, , Fri Nov 06 16:51:56 IST 2015, 3, 3, Start Page: Add Content: Out of the Box Module, Pass, , Fri Nov 06 16:51:59 IST 2015, 3, 4, Start Page: Add Content: Out of the Box Module, Pass, , Fri Nov 06 16:51:59 IST 2015, 3, 5, Start Page: Add Content: Out of the Box Module, Pass, , Fri Nov 06 16:52:00 IST 2015, 3, 6, Start Page: Add Content: Out of the Box Module, Pass, , Fri Nov 06 16:52:02 IST 2015, 3, 7, Start Page: Add Content: Out of the Box Module, Pass, , Fri Nov 06 16:52:05 IST 2015, 3, 8, Start Page: Add Content: Out of the Box Module, Pass, , Fri Nov 06 16:52:06 IST 2015, 3, 9, Start Page: Add Content: Out of the Box Module, Pass, , Fri Nov 06 16:52:09 IST 2015, 3, 10, Start Page: Add Content: Out of the Box Module, Pass, , Fri Nov 06 16:52:09 IST 2015, 3, 11, Start Page: Add Content: Out of the Box Module, Pass, , Fri Nov 06 16:52:09 IST 2015, 3, 12, Start Page: Add Content: Out of the Box Module, Pass, , Fri Nov 06 16:52:10 IST 2015, 3, 13, Start Page: Add Content: Out of the Box Module, Pass, , Fri Nov 06 16:52:12 IST 2015, 3, 14, Start Page: Add Content: Out of the Box Module, Pass, , Fri Nov 06 16:52:12 IST 2015, 3, 15, Start Page: Add Content: Out of the Box Module, Pass, , Fri Nov 06 16:52:13 IST 2015, 3, 16, Start Page: Add Content: Out of the Box Module, Pass, , Fri Nov 06 16:52:15 IST 2015, 3, 17, Start Page: Add Content: Out of the Box Module, Pass, , Fri Nov 06 16:52:17 IST 2015, 3, 18, Start Page: Add Content: Out of the Box Module, Pass, , Fri Nov 06 16:52:19 IST 2015, 3, 19, Start Page: Add Content: Out of the Box Module, Pass, , Fri Nov 06 16:52:22 IST 2015, 3, 20, Start Page: Add Content: Out of the Box Module, Pass, , Fri Nov 06 16:52:22 IST 2015, 3, 21, Start Page: Add Content: Out of the Box Module, Pass, , Fri Nov 06 16:52:22 IST 2015, 3, 22, Start Page: Add Content: Out of the Box Module, Pass, , Fri Nov 06 16:52:22 IST 2015, 3, 23, Start Page: Add Content: Out of the Box Module, Pass, , Fri Nov 06 16:52:24 IST 2015, 3, 24, Start Page: Add Content: Out of the Box Module, Pass, , Fri Nov 06 16:52:24 IST 2015, 3, 25, Start Page: Add Content: Out of the Box Module, Pass, , Fri Nov 06 16:52:26 IST 2015, 3, 26, Start Page: Add Content: Out of the Box Module, Pass, , Fri Nov 06 16:52:27 IST 2015, 3, 27, Start Page: Add Content: Out of the Box Module, Pass, , Fri Nov 06 16:52:30 IST 2015, 3, 28, Start Page: Add Content: Out of the Box Module, Pass, , Fri Nov 06 16:52:32 IST 2015, 3, 29, Start Page: Add Content: Out of the Box Module, Pass, , Fri Nov 06 16:52:35 IST 2015, 3, 30, Start Page: Add Content: Out of the Box Module, Pass, , Fri Nov 06 16:52:35 IST 2015, 3, 31, Start Page: Add Content: Out of the Box Module, Pass, , Fri Nov 06 16:52:35 IST 2015, 3, 32, Start Page: Add Content: Out of the Box Module, Pass, , Fri Nov 06 16:52:35 IST 2015, 3, 33, Start Page: Add Content: Out of the Box Module, Pass, , Fri Nov 06 16:52:38 IST 2015, 3, 34, Start Page: Add Content: Out of the Box Module, Pass, , Fri Nov 06 16:52:38 IST 2015, 3, 35, Start Page: Add Content: Out of the Box Module, Pass, , Fri Nov 06 16:52:40 IST 2015, 3, 36, Start Page: Add Content: Out of the Box Module, Pass, , Fri Nov 06 16:52:41 IST 2015, 3, 37, Start Page: Add Content: Out of the Box Module, Pass, , Fri Nov 06 16:52:44 IST 2015, 3, 38, Start Page: Add Content: Out of the Box Module, Pass, , Fri Nov 06 16:52:46 IST 2015, 3, 39, Start Page: Add Content: Out of the Box Module, Pass, , Fri Nov 06 16:52:48 IST 2015, 3, 40, Start Page: Add Content: Out of the Box Module, Pass, , Fri Nov 06 16:52:49 IST 2015, 3, 41, Start Page: Add Content: Out of the Box Module, Pass, , Fri Nov 06 16:52:49 IST 2015, 3, 42, Start Page: Add Content: Out of the Box Module, Pass, , Fri Nov 06 16:52:49 IST 2015]
[INFO ][2015-11-06 16:52:49,336][com.java.SeleniumDriver] [ 1196] - End time is-------4 min 9 sec
[INFO ][2015-11-06 16:52:49,336][com.java.SeleniumDriver] [ 1197] - The results are-------------------[3, 1, Start Page: Add Content: Out of the Box Module, Pass, , Fri Nov 06 16:50:46 IST 2015, 3, 2, Start Page: Add Content: Out of the Box Module, Pass, , Fri Nov 06 16:51:56 IST 2015, 3, 3, Start Page: Add Content: Out of the Box Module, Pass, , Fri Nov 06 16:51:59 IST 2015, 3, 4, Start Page: Add Content: Out of the Box Module, Pass, , Fri Nov 06 16:51:59 IST 2015, 3, 5, Start Page: Add Content: Out of the Box Module, Pass, , Fri Nov 06 16:52:00 IST 2015, 3, 6, Start Page: Add Content: Out of the Box Module, Pass, , Fri Nov 06 16:52:02 IST 2015, 3, 7, Start Page: Add Content: Out of the Box Module, Pass, , Fri Nov 06 16:52:05 IST 2015, 3, 8, Start Page: Add Content: Out of the Box Module, Pass, , Fri Nov 06 16:52:06 IST 2015, 3, 9, Start Page: Add Content: Out of the Box Module, Pass, , Fri Nov 06 16:52:09 IST 2015, 3, 10, Start Page: Add Content: Out of the Box Module, Pass, , Fri Nov 06 16:52:09 IST 2015, 3, 11, Start Page: Add Content: Out of the Box Module, Pass, , Fri Nov 06 16:52:09 IST 2015, 3, 12, Start Page: Add Content: Out of the Box Module, Pass, , Fri Nov 06 16:52:10 IST 2015, 3, 13, Start Page: Add Content: Out of the Box Module, Pass, , Fri Nov 06 16:52:12 IST 2015, 3, 14, Start Page: Add Content: Out of the Box Module, Pass, , Fri Nov 06 16:52:12 IST 2015, 3, 15, Start Page: Add Content: Out of the Box Module, Pass, , Fri Nov 06 16:52:13 IST 2015, 3, 16, Start Page: Add Content: Out of the Box Module, Pass, , Fri Nov 06 16:52:15 IST 2015, 3, 17, Start Page: Add Content: Out of the Box Module, Pass, , Fri Nov 06 16:52:17 IST 2015, 3, 18, Start Page: Add Content: Out of the Box Module, Pass, , Fri Nov 06 16:52:19 IST 2015, 3, 19, Start Page: Add Content: Out of the Box Module, Pass, , Fri Nov 06 16:52:22 IST 2015, 3, 20, Start Page: Add Content: Out of the Box Module, Pass, , Fri Nov 06 16:52:22 IST 2015, 3, 21, Start Page: Add Content: Out of the Box Module, Pass, , Fri Nov 06 16:52:22 IST 2015, 3, 22, Start Page: Add Content: Out of the Box Module, Pass, , Fri Nov 06 16:52:22 IST 2015, 3, 23, Start Page: Add Content: Out of the Box Module, Pass, , Fri Nov 06 16:52:24 IST 2015, 3, 24, Start Page: Add Content: Out of the Box Module, Pass, , Fri Nov 06 16:52:24 IST 2015, 3, 25, Start Page: Add Content: Out of the Box Module, Pass, , Fri Nov 06 16:52:26 IST 2015, 3, 26, Start Page: Add Content: Out of the Box Module, Pass, , Fri Nov 06 16:52:27 IST 2015, 3, 27, Start Page: Add Content: Out of the Box Module, Pass, , Fri Nov 06 16:52:30 IST 2015, 3, 28, Start Page: Add Content: Out of the Box Module, Pass, , Fri Nov 06 16:52:32 IST 2015, 3, 29, Start Page: Add Content: Out of the Box Module, Pass, , Fri Nov 06 16:52:35 IST 2015, 3, 30, Start Page: Add Content: Out of the Box Module, Pass, , Fri Nov 06 16:52:35 IST 2015, 3, 31, Start Page: Add Content: Out of the Box Module, Pass, , Fri Nov 06 16:52:35 IST 2015, 3, 32, Start Page: Add Content: Out of the Box Module, Pass, , Fri Nov 06 16:52:35 IST 2015, 3, 33, Start Page: Add Content: Out of the Box Module, Pass, , Fri Nov 06 16:52:38 IST 2015, 3, 34, Start Page: Add Content: Out of the Box Module, Pass, , Fri Nov 06 16:52:38 IST 2015, 3, 35, Start Page: Add Content: Out of the Box Module, Pass, , Fri Nov 06 16:52:40 IST 2015, 3, 36, Start Page: Add Content: Out of the Box Module, Pass, , Fri Nov 06 16:52:41 IST 2015, 3, 37, Start Page: Add Content: Out of the Box Module, Pass, , Fri Nov 06 16:52:44 IST 2015, 3, 38, Start Page: Add Content: Out of the Box Module, Pass, , Fri Nov 06 16:52:46 IST 2015, 3, 39, Start Page: Add Content: Out of the Box Module, Pass, , Fri Nov 06 16:52:48 IST 2015, 3, 40, Start Page: Add Content: Out of the Box Module, Pass, , Fri Nov 06 16:52:49 IST 2015, 3, 41, Start Page: Add Content: Out of the Box Module, Pass, , Fri Nov 06 16:52:49 IST 2015, 3, 42, Start Page: Add Content: Out of the Box Module, Pass, , Fri Nov 06 16:52:49 IST 2015]
[DEBUG][2015-11-06 16:52:49,336][com.java.ImportnExport.ExportTestResultsExcel] [  222] - testResultPath = D:\BankersDashboard/TestReports/Test Results_BankersDashBoard_110615_164842_IE11_Bank of North Carolina.xls
[DEBUG][2015-11-06 16:52:49,336][com.java.ImportnExport.ExportTestResultsExcel] [  223] - browser is------------IE11
[DEBUG][2015-11-06 16:52:49,340][com.java.ImportnExport.ExportTestResultsExcel] [  270] - result.size() = 252
[DEBUG][2015-11-06 16:52:49,340][com.java.ImportnExport.ExportTestResultsExcel] [  274] - No of rows in sheet=3
[DEBUG][2015-11-06 16:52:49,340][com.java.ImportnExport.ExportTestResultsExcel] [  301] - ..in export..3
[DEBUG][2015-11-06 16:52:49,341][com.java.ImportnExport.ExportTestResultsExcel] [  301] - ..in export..Start Page: Add Content: Out of the Box Module
[DEBUG][2015-11-06 16:52:49,341][com.java.ImportnExport.ExportTestResultsExcel] [  301] - ..in export..Pass
[DEBUG][2015-11-06 16:52:49,341][com.java.ImportnExport.ExportTestResultsExcel] [  301] - ..in export..
[DEBUG][2015-11-06 16:52:49,341][com.java.ImportnExport.ExportTestResultsExcel] [  301] - ..in export..Fri Nov 06 16:50:46 IST 2015
[INFO ][2015-11-06 16:52:49,343][com.java.SeleniumDriver] [ 1255] - out loop:2 size:7 TestCases:[1, 2, 3, 4, 5, 6, 7] testcases:[1, 2, 3, 4, 5, 6, 7]
[INFO ][2015-11-06 16:52:49,343][com.java.ImportnExport.ImportTestDataDetailsExcel] [   49] - test data details path===== D:\BankersDashboard\TestInputs\TestData.xls
[INFO ][2015-11-06 16:53:09,942][com.java.SeleniumDriver] [  788] - ------------------------------------------
[INFO ][2015-11-06 16:53:09,942][com.java.SeleniumDriver] [  789] - Test case being Executed: 4
[INFO ][2015-11-06 16:53:09,942][com.java.SeleniumDriver] [  800] - Test step:1
[INFO ][2015-11-06 16:53:09,942][com.java.SeleniumDriver] [  812] - Datavalue is----------null
[DEBUG][2015-11-06 16:53:09,942][com.java.SeleniumDriver] [  830] - Exception: null
[INFO ][2015-11-06 16:53:09,942][com.java.SeleniumDriver] [  836] - DataField : LNKG/L
[INFO ][2015-11-06 16:53:09,942][com.java.SeleniumDriver] [  838] - DataValue : 
[INFO ][2015-11-06 16:53:09,942][com.java.SeleniumDriver] [  844] - <In Set values of the page>
[INFO ][2015-11-06 16:53:09,942][com.java.SeleniumDriver] [  847] - {Data Fields & Data Values Exist}
[INFO ][2015-11-06 16:53:09,942][com.java.SeleniumDriver] [  849] - --------------------------setting values-----------------------------
[INFO ][2015-11-06 16:53:09,942][com.java.SeleniumDriver] [  852] - Action Type : WAITFORELEMENT
[INFO ][2015-11-06 16:53:10,135][com.java.SeleniumDriver] [  861] -  RESULT true
[INFO ][2015-11-06 16:53:10,135][com.java.SeleniumDriver] [ 1066] - ?   P A S S   ?
[INFO ][2015-11-06 16:53:10,135][com.java.SeleniumDriver] [  788] - ------------------------------------------
[INFO ][2015-11-06 16:53:10,135][com.java.SeleniumDriver] [  789] - Test case being Executed: 4
[INFO ][2015-11-06 16:53:10,135][com.java.SeleniumDriver] [  800] - Test step:2
[INFO ][2015-11-06 16:53:10,135][com.java.SeleniumDriver] [  812] - Datavalue is----------null
[DEBUG][2015-11-06 16:53:10,135][com.java.SeleniumDriver] [  830] - Exception: null
[INFO ][2015-11-06 16:53:10,135][com.java.SeleniumDriver] [  836] - DataField : XPH//div[@class="menu"]//span[@class="icon-pencil2"]
[INFO ][2015-11-06 16:53:10,135][com.java.SeleniumDriver] [  838] - DataValue : 
[INFO ][2015-11-06 16:53:10,135][com.java.SeleniumDriver] [  844] - <In Set values of the page>
[INFO ][2015-11-06 16:53:10,136][com.java.SeleniumDriver] [  847] - {Data Fields & Data Values Exist}
[INFO ][2015-11-06 16:53:10,136][com.java.SeleniumDriver] [  849] - --------------------------setting values-----------------------------
[INFO ][2015-11-06 16:53:10,136][com.java.SeleniumDriver] [  852] - Action Type : CLICK
[INFO ][2015-11-06 16:53:10,136][com.java.TestType] [ 4341] - Field ::XPH//div[@class="menu"]//span[@class="icon-pencil2"]
[INFO ][2015-11-06 16:53:11,136][com.java.TestType] [ 4400] - BEFORE CLICK
[INFO ][2015-11-06 16:53:13,015][com.java.TestType] [ 4408] - Unable to click the object Edit Content
[INFO ][2015-11-06 16:53:13,015][com.java.SeleniumDriver] [  861] -  RESULT true
[INFO ][2015-11-06 16:53:13,015][com.java.SeleniumDriver] [ 1066] - ?   P A S S   ?
[INFO ][2015-11-06 16:53:13,015][com.java.SeleniumDriver] [  788] - ------------------------------------------
[INFO ][2015-11-06 16:53:13,015][com.java.SeleniumDriver] [  789] - Test case being Executed: 4
[INFO ][2015-11-06 16:53:13,015][com.java.SeleniumDriver] [  800] - Test step:3
[INFO ][2015-11-06 16:53:13,015][com.java.SeleniumDriver] [  812] - Datavalue is----------null
[DEBUG][2015-11-06 16:53:13,015][com.java.SeleniumDriver] [  830] - Exception: null
[INFO ][2015-11-06 16:53:13,015][com.java.SeleniumDriver] [  836] - DataField : XPH//div[contains(text(),'Fed Funds Futures Curve')]/following-sibling::div//span[@class="icon-remove"]
[INFO ][2015-11-06 16:53:13,015][com.java.SeleniumDriver] [  838] - DataValue : 
[INFO ][2015-11-06 16:53:13,015][com.java.SeleniumDriver] [  844] - <In Set values of the page>
[INFO ][2015-11-06 16:53:13,016][com.java.SeleniumDriver] [  847] - {Data Fields & Data Values Exist}
[INFO ][2015-11-06 16:53:13,016][com.java.SeleniumDriver] [  849] - --------------------------setting values-----------------------------
[INFO ][2015-11-06 16:53:13,016][com.java.SeleniumDriver] [  852] - Action Type : WAITFORELEMENT
[INFO ][2015-11-06 16:53:13,171][com.java.SeleniumDriver] [  861] -  RESULT true
[INFO ][2015-11-06 16:53:13,171][com.java.SeleniumDriver] [ 1066] - ?   P A S S   ?
[INFO ][2015-11-06 16:53:13,171][com.java.SeleniumDriver] [  788] - ------------------------------------------
[INFO ][2015-11-06 16:53:13,171][com.java.SeleniumDriver] [  789] - Test case being Executed: 4
[INFO ][2015-11-06 16:53:13,171][com.java.SeleniumDriver] [  800] - Test step:4
[INFO ][2015-11-06 16:53:13,171][com.java.SeleniumDriver] [  812] - Datavalue is----------null
[DEBUG][2015-11-06 16:53:13,171][com.java.SeleniumDriver] [  830] - Exception: null
[INFO ][2015-11-06 16:53:13,171][com.java.SeleniumDriver] [  836] - DataField : HDN//div[contains(text(),'Fed Funds Futures Curve')]/following-sibling::div//span[@class="icon-remove"]
[INFO ][2015-11-06 16:53:13,171][com.java.SeleniumDriver] [  838] - DataValue : 
[INFO ][2015-11-06 16:53:13,172][com.java.SeleniumDriver] [  844] - <In Set values of the page>
[INFO ][2015-11-06 16:53:13,172][com.java.SeleniumDriver] [  847] - {Data Fields & Data Values Exist}
[INFO ][2015-11-06 16:53:13,172][com.java.SeleniumDriver] [  849] - --------------------------setting values-----------------------------
[INFO ][2015-11-06 16:53:13,172][com.java.SeleniumDriver] [  852] - Action Type : CLICK
[INFO ][2015-11-06 16:53:13,172][com.java.TestType] [ 4341] - Field ::HDN//div[contains(text(),'Fed Funds Futures Curve')]/following-sibling::div//span[@class="icon-remove"]
[INFO ][2015-11-06 16:53:14,784][com.java.SeleniumDriver] [  861] -  RESULT true
[INFO ][2015-11-06 16:53:14,784][com.java.SeleniumDriver] [ 1066] - ?   P A S S   ?
[INFO ][2015-11-06 16:53:14,784][com.java.SeleniumDriver] [  788] - ------------------------------------------
[INFO ][2015-11-06 16:53:14,784][com.java.SeleniumDriver] [  789] - Test case being Executed: 4
[INFO ][2015-11-06 16:53:14,784][com.java.SeleniumDriver] [  800] - Test step:5
[INFO ][2015-11-06 16:53:14,784][com.java.SeleniumDriver] [  812] - Datavalue is----------null
[DEBUG][2015-11-06 16:53:14,784][com.java.SeleniumDriver] [  830] - Exception: null
[INFO ][2015-11-06 16:53:14,784][com.java.SeleniumDriver] [  836] - DataField : XPH//span[contains(text(),'No')]
[INFO ][2015-11-06 16:53:14,784][com.java.SeleniumDriver] [  838] - DataValue : 
[INFO ][2015-11-06 16:53:14,784][com.java.SeleniumDriver] [  844] - <In Set values of the page>
[INFO ][2015-11-06 16:53:14,784][com.java.SeleniumDriver] [  847] - {Data Fields & Data Values Exist}
[INFO ][2015-11-06 16:53:14,785][com.java.SeleniumDriver] [  849] - --------------------------setting values-----------------------------
[INFO ][2015-11-06 16:53:14,785][com.java.SeleniumDriver] [  852] - Action Type : WAITFORELEMENT
[INFO ][2015-11-06 16:53:14,857][com.java.SeleniumDriver] [  861] -  RESULT true
[INFO ][2015-11-06 16:53:14,857][com.java.SeleniumDriver] [ 1066] - ?   P A S S   ?
[INFO ][2015-11-06 16:53:14,857][com.java.SeleniumDriver] [  788] - ------------------------------------------
[INFO ][2015-11-06 16:53:14,857][com.java.SeleniumDriver] [  789] - Test case being Executed: 4
[INFO ][2015-11-06 16:53:14,857][com.java.SeleniumDriver] [  800] - Test step:6
[INFO ][2015-11-06 16:53:14,857][com.java.SeleniumDriver] [  812] - Datavalue is----------null
[DEBUG][2015-11-06 16:53:14,858][com.java.SeleniumDriver] [  830] - Exception: null
[INFO ][2015-11-06 16:53:14,858][com.java.SeleniumDriver] [  836] - DataField : XPH//span[contains(text(),'No')]
[INFO ][2015-11-06 16:53:14,858][com.java.SeleniumDriver] [  838] - DataValue : 
[INFO ][2015-11-06 16:53:14,858][com.java.SeleniumDriver] [  844] - <In Set values of the page>
[INFO ][2015-11-06 16:53:14,858][com.java.SeleniumDriver] [  847] - {Data Fields & Data Values Exist}
[INFO ][2015-11-06 16:53:14,858][com.java.SeleniumDriver] [  849] - --------------------------setting values-----------------------------
[INFO ][2015-11-06 16:53:14,858][com.java.SeleniumDriver] [  852] - Action Type : CLICK
[INFO ][2015-11-06 16:53:14,858][com.java.TestType] [ 4341] - Field ::XPH//span[contains(text(),'No')]
[INFO ][2015-11-06 16:53:15,858][com.java.TestType] [ 4400] - BEFORE CLICK
[ERROR][2015-11-06 16:55:58,044][com.java.TestType] [ 4574] - Exception in click:: Timed out waiting for action to finish
[INFO ][2015-11-06 16:55:58,044][com.java.TestType] [ 4578] - Element :://span[contains(text(),'No')]:: not found
[INFO ][2015-11-06 16:55:58,044][com.java.SeleniumDriver] [  861] -  RESULT false
[INFO ][2015-11-06 16:55:58,044][com.java.SeleniumDriver] [  908] - ?   F A I L   ?
[INFO ][2015-11-06 16:55:58,044][com.java.SeleniumDriver] [  916] - Browser Type : IE11
[INFO ][2015-11-06 16:55:58,044][com.java.SeleniumDriver] [  917] - Adding Failed case4
[INFO ][2015-11-06 16:55:58,296][com.java.SeleniumDriver] [ 1030] - failedCases = 4
[ERROR][2015-11-06 16:55:58,296][com.java.SeleniumDriver] [ 1516] - Platform Errors : Our apologies...::We have encountered an issue with your request.::Our apologies?:We encountered an issue with your request.
[INFO ][2015-11-06 16:55:58,296][com.java.SeleniumDriver] [ 1520] - Length =3
[ERROR][2015-11-06 16:55:58,296][com.java.SeleniumDriver] [ 1523] - Error 0 = Our apologies...
[ERROR][2015-11-06 16:55:58,350][com.java.SeleniumDriver] [ 1523] - Error 1 = We have encountered an issue with your request.
[ERROR][2015-11-06 16:55:58,382][com.java.SeleniumDriver] [ 1523] - Error 2 = Our apologies?:We encountered an issue with your request.
[DEBUG][2015-11-06 16:55:58,427][com.java.SeleniumDriver] [ 1168] - Case found
[DEBUG][2015-11-06 16:55:58,428][com.java.SeleniumDriver] [ 1173] - Incrementing ReportCounters[0]:4
[INFO ][2015-11-06 16:55:58,428][com.java.SeleniumDriver] [ 1192] - The results are-------------------[4, 6, Start Page: Edit Content, Fail, 
Test case failed at Step No. :: 6   Error Message ::  Element :://span[contains(text(),'No')]:: not found. Screen Shot : D:\BankersDashboard\TestReports\110615\4_110615_165558_IE11.png, Fri Nov 06 16:55:58 IST 2015]
[INFO ][2015-11-06 16:55:58,428][com.java.SeleniumDriver] [ 1196] - End time is-------7 min 18 sec
[INFO ][2015-11-06 16:55:58,428][com.java.SeleniumDriver] [ 1197] - The results are-------------------[4, 6, Start Page: Edit Content, Fail, 
Test case failed at Step No. :: 6   Error Message ::  Element :://span[contains(text(),'No')]:: not found. Screen Shot : D:\BankersDashboard\TestReports\110615\4_110615_165558_IE11.png, Fri Nov 06 16:55:58 IST 2015]
[DEBUG][2015-11-06 16:55:58,428][com.java.ImportnExport.ExportTestResultsExcel] [  222] - testResultPath = D:\BankersDashboard/TestReports/Test Results_BankersDashBoard_110615_164842_IE11_Bank of North Carolina.xls
[DEBUG][2015-11-06 16:55:58,428][com.java.ImportnExport.ExportTestResultsExcel] [  223] - browser is------------IE11
[DEBUG][2015-11-06 16:55:58,430][com.java.ImportnExport.ExportTestResultsExcel] [  270] - result.size() = 6
[DEBUG][2015-11-06 16:55:58,430][com.java.ImportnExport.ExportTestResultsExcel] [  274] - No of rows in sheet=4
[DEBUG][2015-11-06 16:55:58,430][com.java.ImportnExport.ExportTestResultsExcel] [  301] - ..in export..4
[DEBUG][2015-11-06 16:55:58,430][com.java.ImportnExport.ExportTestResultsExcel] [  301] - ..in export..Start Page: Edit Content
[DEBUG][2015-11-06 16:55:58,430][com.java.ImportnExport.ExportTestResultsExcel] [  301] - ..in export..Fail
[DEBUG][2015-11-06 16:55:58,430][com.java.ImportnExport.ExportTestResultsExcel] [  301] - ..in export..
Test case failed at Step No. :: 6   Error Message ::  Element :://span[contains(text(),'No')]:: not found. Screen Shot : D:\BankersDashboard\TestReports\110615\4_110615_165558_IE11.png
[DEBUG][2015-11-06 16:55:58,431][com.java.ImportnExport.ExportTestResultsExcel] [  301] - ..in export..Fri Nov 06 16:55:58 IST 2015
[INFO ][2015-11-06 16:55:58,432][com.java.SeleniumDriver] [ 1255] - out loop:3 size:7 TestCases:[1, 2, 3, 4, 5, 6, 7] testcases:[1, 2, 3, 4, 5, 6, 7]
[INFO ][2015-11-06 16:55:58,432][com.java.ImportnExport.ImportTestDataDetailsExcel] [   49] - test data details path===== D:\BankersDashboard\TestInputs\TestData.xls
[INFO ][2015-11-06 16:56:25,413][com.java.SeleniumDriver] [  788] - ------------------------------------------
[INFO ][2015-11-06 16:56:25,413][com.java.SeleniumDriver] [  789] - Test case being Executed: 5
[INFO ][2015-11-06 16:56:25,413][com.java.SeleniumDriver] [  800] - Test step:1
[INFO ][2015-11-06 16:56:25,413][com.java.SeleniumDriver] [  812] - Datavalue is----------null
[DEBUG][2015-11-06 16:56:25,413][com.java.SeleniumDriver] [  830] - Exception: null
[INFO ][2015-11-06 16:56:25,413][com.java.SeleniumDriver] [  836] - DataField : LNKG/L
[INFO ][2015-11-06 16:56:25,413][com.java.SeleniumDriver] [  838] - DataValue : 
[INFO ][2015-11-06 16:56:25,413][com.java.SeleniumDriver] [  844] - <In Set values of the page>
[INFO ][2015-11-06 16:56:25,413][com.java.SeleniumDriver] [  847] - {Data Fields & Data Values Exist}
[INFO ][2015-11-06 16:56:25,413][com.java.SeleniumDriver] [  849] - --------------------------setting values-----------------------------
[INFO ][2015-11-06 16:56:25,413][com.java.SeleniumDriver] [  852] - Action Type : WAITFORELEMENT
[INFO ][2015-11-06 16:56:25,457][com.java.SeleniumDriver] [  861] -  RESULT true
[INFO ][2015-11-06 16:56:25,457][com.java.SeleniumDriver] [ 1066] - ?   P A S S   ?
[INFO ][2015-11-06 16:56:25,457][com.java.SeleniumDriver] [  788] - ------------------------------------------
[INFO ][2015-11-06 16:56:25,457][com.java.SeleniumDriver] [  789] - Test case being Executed: 5
[INFO ][2015-11-06 16:56:25,457][com.java.SeleniumDriver] [  800] - Test step:2
[INFO ][2015-11-06 16:56:25,457][com.java.SeleniumDriver] [  812] - Datavalue is----------null
[DEBUG][2015-11-06 16:56:25,457][com.java.SeleniumDriver] [  830] - Exception: null
[INFO ][2015-11-06 16:56:25,458][com.java.SeleniumDriver] [  836] - DataField : XPH//div[@class="menu"]//span[@class="icon-plus"]
[INFO ][2015-11-06 16:56:25,458][com.java.SeleniumDriver] [  838] - DataValue : 
[INFO ][2015-11-06 16:56:25,458][com.java.SeleniumDriver] [  844] - <In Set values of the page>
[INFO ][2015-11-06 16:56:25,458][com.java.SeleniumDriver] [  847] - {Data Fields & Data Values Exist}
[INFO ][2015-11-06 16:56:25,458][com.java.SeleniumDriver] [  849] - --------------------------setting values-----------------------------
[INFO ][2015-11-06 16:56:25,458][com.java.SeleniumDriver] [  852] - Action Type : CLICK
[INFO ][2015-11-06 16:56:25,458][com.java.TestType] [ 4341] - Field ::XPH//div[@class="menu"]//span[@class="icon-plus"]
[INFO ][2015-11-06 16:56:26,458][com.java.TestType] [ 4400] - BEFORE CLICK
[INFO ][2015-11-06 16:56:28,839][com.java.TestType] [ 4408] - Unable to click the object Add Content
[INFO ][2015-11-06 16:56:28,839][com.java.SeleniumDriver] [  861] -  RESULT true
[INFO ][2015-11-06 16:56:28,839][com.java.SeleniumDriver] [ 1066] - ?   P A S S   ?
[INFO ][2015-11-06 16:56:28,839][com.java.SeleniumDriver] [  788] - ------------------------------------------
[INFO ][2015-11-06 16:56:28,839][com.java.SeleniumDriver] [  789] - Test case being Executed: 5
[INFO ][2015-11-06 16:56:28,839][com.java.SeleniumDriver] [  800] - Test step:3
[INFO ][2015-11-06 16:56:28,839][com.java.SeleniumDriver] [  812] - Datavalue is----------null
[DEBUG][2015-11-06 16:56:28,839][com.java.SeleniumDriver] [  830] - Exception: null
[INFO ][2015-11-06 16:56:28,839][com.java.SeleniumDriver] [  836] - DataField : BTNframeDialogContent
[INFO ][2015-11-06 16:56:28,839][com.java.SeleniumDriver] [  838] - DataValue : 
[INFO ][2015-11-06 16:56:28,840][com.java.SeleniumDriver] [  844] - <In Set values of the page>
[INFO ][2015-11-06 16:56:28,840][com.java.SeleniumDriver] [  847] - {Data Fields & Data Values Exist}
[INFO ][2015-11-06 16:56:28,840][com.java.SeleniumDriver] [  849] - --------------------------setting values-----------------------------
[INFO ][2015-11-06 16:56:28,840][com.java.SeleniumDriver] [  852] - Action Type : SELECTFRAME
[INFO ][2015-11-06 16:56:30,116][com.java.SeleniumDriver] [  861] -  RESULT true
[INFO ][2015-11-06 16:56:30,116][com.java.SeleniumDriver] [ 1066] - ?   P A S S   ?
[INFO ][2015-11-06 16:56:30,116][com.java.SeleniumDriver] [  788] - ------------------------------------------
[INFO ][2015-11-06 16:56:30,116][com.java.SeleniumDriver] [  789] - Test case being Executed: 5
[INFO ][2015-11-06 16:56:30,116][com.java.SeleniumDriver] [  800] - Test step:4
[INFO ][2015-11-06 16:56:30,116][com.java.SeleniumDriver] [  812] - Datavalue is----------null
[DEBUG][2015-11-06 16:56:30,116][com.java.SeleniumDriver] [  830] - Exception: null
[INFO ][2015-11-06 16:56:30,116][com.java.SeleniumDriver] [  836] - DataField : BTNnextButton
[INFO ][2015-11-06 16:56:30,116][com.java.SeleniumDriver] [  838] - DataValue : 
[INFO ][2015-11-06 16:56:30,117][com.java.SeleniumDriver] [  844] - <In Set values of the page>
[INFO ][2015-11-06 16:56:30,117][com.java.SeleniumDriver] [  847] - {Data Fields & Data Values Exist}
[INFO ][2015-11-06 16:56:30,117][com.java.SeleniumDriver] [  849] - --------------------------setting values-----------------------------
[INFO ][2015-11-06 16:56:30,117][com.java.SeleniumDriver] [  852] - Action Type : WAITFORELEMENT
[INFO ][2015-11-06 16:56:31,176][com.java.SeleniumDriver] [  861] -  RESULT true
[INFO ][2015-11-06 16:56:31,176][com.java.SeleniumDriver] [ 1066] - ?   P A S S   ?
[INFO ][2015-11-06 16:56:31,176][com.java.SeleniumDriver] [  788] - ------------------------------------------
[INFO ][2015-11-06 16:56:31,176][com.java.SeleniumDriver] [  789] - Test case being Executed: 5
[INFO ][2015-11-06 16:56:31,176][com.java.SeleniumDriver] [  800] - Test step:5
[INFO ][2015-11-06 16:56:31,176][com.java.SeleniumDriver] [  812] - Datavalue is----------null
[DEBUG][2015-11-06 16:56:31,177][com.java.SeleniumDriver] [  830] - Exception: null
[INFO ][2015-11-06 16:56:31,177][com.java.SeleniumDriver] [  836] - DataField : XPH//label[contains(text(),'indicator')]/preceding-sibling::input
[INFO ][2015-11-06 16:56:31,177][com.java.SeleniumDriver] [  838] - DataValue : 
[INFO ][2015-11-06 16:56:31,177][com.java.SeleniumDriver] [  844] - <In Set values of the page>
[INFO ][2015-11-06 16:56:31,177][com.java.SeleniumDriver] [  847] - {Data Fields & Data Values Exist}
[INFO ][2015-11-06 16:56:31,177][com.java.SeleniumDriver] [  849] - --------------------------setting values-----------------------------
[INFO ][2015-11-06 16:56:31,177][com.java.SeleniumDriver] [  852] - Action Type : CLICK
[INFO ][2015-11-06 16:56:31,177][com.java.TestType] [ 4341] - Field ::XPH//label[contains(text(),'indicator')]/preceding-sibling::input
[INFO ][2015-11-06 16:56:32,177][com.java.TestType] [ 4400] - BEFORE CLICK
[INFO ][2015-11-06 16:56:32,955][com.java.TestType] [ 4408] - Unable to click the object Radio button
[INFO ][2015-11-06 16:56:32,955][com.java.SeleniumDriver] [  861] -  RESULT true
[INFO ][2015-11-06 16:56:32,955][com.java.SeleniumDriver] [ 1066] - ?   P A S S   ?
[INFO ][2015-11-06 16:56:32,955][com.java.SeleniumDriver] [  788] - ------------------------------------------
[INFO ][2015-11-06 16:56:32,955][com.java.SeleniumDriver] [  789] - Test case being Executed: 5
[INFO ][2015-11-06 16:56:32,955][com.java.SeleniumDriver] [  800] - Test step:6
[INFO ][2015-11-06 16:56:32,955][com.java.SeleniumDriver] [  812] - Datavalue is----------null
[DEBUG][2015-11-06 16:56:32,955][com.java.SeleniumDriver] [  830] - Exception: null
[INFO ][2015-11-06 16:56:32,955][com.java.SeleniumDriver] [  836] - DataField : BTNnextButton
[INFO ][2015-11-06 16:56:32,955][com.java.SeleniumDriver] [  838] - DataValue : 
[INFO ][2015-11-06 16:56:32,955][com.java.SeleniumDriver] [  844] - <In Set values of the page>
[INFO ][2015-11-06 16:56:32,955][com.java.SeleniumDriver] [  847] - {Data Fields & Data Values Exist}
[INFO ][2015-11-06 16:56:32,955][com.java.SeleniumDriver] [  849] - --------------------------setting values-----------------------------
[INFO ][2015-11-06 16:56:32,956][com.java.SeleniumDriver] [  852] - Action Type : CLICK
[INFO ][2015-11-06 16:56:32,956][com.java.TestType] [ 4341] - Field ::BTNnextButton
[INFO ][2015-11-06 16:56:33,956][com.java.TestType] [ 4379] - BEFORE CLICK
[INFO ][2015-11-06 16:56:35,169][com.java.TestType] [ 4386] - Unable to click the object Next
[INFO ][2015-11-06 16:56:35,170][com.java.SeleniumDriver] [  861] -  RESULT true
[INFO ][2015-11-06 16:56:35,170][com.java.SeleniumDriver] [ 1066] - ?   P A S S   ?
[INFO ][2015-11-06 16:56:35,170][com.java.SeleniumDriver] [  788] - ------------------------------------------
[INFO ][2015-11-06 16:56:35,170][com.java.SeleniumDriver] [  789] - Test case being Executed: 5
[INFO ][2015-11-06 16:56:35,170][com.java.SeleniumDriver] [  800] - Test step:7
[INFO ][2015-11-06 16:56:35,170][com.java.SeleniumDriver] [  812] - Datavalue is----------null
[DEBUG][2015-11-06 16:56:35,170][com.java.SeleniumDriver] [  830] - Exception: null
[INFO ][2015-11-06 16:56:35,170][com.java.SeleniumDriver] [  836] - DataField : XPH//label[contains(text(),'Balances')]/preceding-sibling::input
[INFO ][2015-11-06 16:56:35,170][com.java.SeleniumDriver] [  838] - DataValue : 
[INFO ][2015-11-06 16:56:35,170][com.java.SeleniumDriver] [  844] - <In Set values of the page>
[INFO ][2015-11-06 16:56:35,170][com.java.SeleniumDriver] [  847] - {Data Fields & Data Values Exist}
[INFO ][2015-11-06 16:56:35,170][com.java.SeleniumDriver] [  849] - --------------------------setting values-----------------------------
[INFO ][2015-11-06 16:56:35,170][com.java.SeleniumDriver] [  852] - Action Type : WAITFORELEMENT
[INFO ][2015-11-06 16:56:35,193][com.java.SeleniumDriver] [  861] -  RESULT true
[INFO ][2015-11-06 16:56:35,193][com.java.SeleniumDriver] [ 1066] - ?   P A S S   ?
[INFO ][2015-11-06 16:56:35,193][com.java.SeleniumDriver] [  788] - ------------------------------------------
[INFO ][2015-11-06 16:56:35,193][com.java.SeleniumDriver] [  789] - Test case being Executed: 5
[INFO ][2015-11-06 16:56:35,193][com.java.SeleniumDriver] [  800] - Test step:8
[INFO ][2015-11-06 16:56:35,193][com.java.SeleniumDriver] [  812] - Datavalue is----------null
[DEBUG][2015-11-06 16:56:35,193][com.java.SeleniumDriver] [  830] - Exception: null
[INFO ][2015-11-06 16:56:35,193][com.java.SeleniumDriver] [  836] - DataField : XPH//label[contains(text(),'Balances')]/preceding-sibling::input
[INFO ][2015-11-06 16:56:35,194][com.java.SeleniumDriver] [  838] - DataValue : 
[INFO ][2015-11-06 16:56:35,194][com.java.SeleniumDriver] [  844] - <In Set values of the page>
[INFO ][2015-11-06 16:56:35,194][com.java.SeleniumDriver] [  847] - {Data Fields & Data Values Exist}
[INFO ][2015-11-06 16:56:35,194][com.java.SeleniumDriver] [  849] - --------------------------setting values-----------------------------
[INFO ][2015-11-06 16:56:35,194][com.java.SeleniumDriver] [  852] - Action Type : CLICK
[INFO ][2015-11-06 16:56:35,194][com.java.TestType] [ 4341] - Field ::XPH//label[contains(text(),'Balances')]/preceding-sibling::input
[INFO ][2015-11-06 16:56:36,194][com.java.TestType] [ 4400] - BEFORE CLICK
[INFO ][2015-11-06 16:56:36,947][com.java.TestType] [ 4408] - Unable to click the object Radio button
[INFO ][2015-11-06 16:56:36,947][com.java.SeleniumDriver] [  861] -  RESULT true
[INFO ][2015-11-06 16:56:36,947][com.java.SeleniumDriver] [ 1066] - ?   P A S S   ?
[INFO ][2015-11-06 16:56:36,947][com.java.SeleniumDriver] [  788] - ------------------------------------------
[INFO ][2015-11-06 16:56:36,947][com.java.SeleniumDriver] [  789] - Test case being Executed: 5
[INFO ][2015-11-06 16:56:36,947][com.java.SeleniumDriver] [  800] - Test step:9
[INFO ][2015-11-06 16:56:36,947][com.java.SeleniumDriver] [  812] - Datavalue is----------null
[DEBUG][2015-11-06 16:56:36,947][com.java.SeleniumDriver] [  830] - Exception: null
[INFO ][2015-11-06 16:56:36,947][com.java.SeleniumDriver] [  836] - DataField : BTNnextButton
[INFO ][2015-11-06 16:56:36,947][com.java.SeleniumDriver] [  838] - DataValue : 
[INFO ][2015-11-06 16:56:36,947][com.java.SeleniumDriver] [  844] - <In Set values of the page>
[INFO ][2015-11-06 16:56:36,947][com.java.SeleniumDriver] [  847] - {Data Fields & Data Values Exist}
[INFO ][2015-11-06 16:56:36,948][com.java.SeleniumDriver] [  849] - --------------------------setting values-----------------------------
[INFO ][2015-11-06 16:56:36,948][com.java.SeleniumDriver] [  852] - Action Type : CLICK
[INFO ][2015-11-06 16:56:36,948][com.java.TestType] [ 4341] - Field ::BTNnextButton
[INFO ][2015-11-06 16:56:37,948][com.java.TestType] [ 4379] - BEFORE CLICK
[INFO ][2015-11-06 16:56:39,163][com.java.TestType] [ 4386] - Unable to click the object Next
[INFO ][2015-11-06 16:56:39,163][com.java.SeleniumDriver] [  861] -  RESULT true
[INFO ][2015-11-06 16:56:39,163][com.java.SeleniumDriver] [ 1066] - ?   P A S S   ?
[INFO ][2015-11-06 16:56:39,163][com.java.SeleniumDriver] [  788] - ------------------------------------------
[INFO ][2015-11-06 16:56:39,163][com.java.SeleniumDriver] [  789] - Test case being Executed: 5
[INFO ][2015-11-06 16:56:39,163][com.java.SeleniumDriver] [  800] - Test step:10
[INFO ][2015-11-06 16:56:39,164][com.java.SeleniumDriver] [  812] - Datavalue is----------null
[DEBUG][2015-11-06 16:56:39,165][com.java.SeleniumDriver] [  830] - Exception: null
[INFO ][2015-11-06 16:56:39,165][com.java.SeleniumDriver] [  836] - DataField : TXTtitle
[INFO ][2015-11-06 16:56:39,165][com.java.SeleniumDriver] [  838] - DataValue : 
[INFO ][2015-11-06 16:56:39,165][com.java.SeleniumDriver] [  844] - <In Set values of the page>
[INFO ][2015-11-06 16:56:39,165][com.java.SeleniumDriver] [  847] - {Data Fields & Data Values Exist}
[INFO ][2015-11-06 16:56:39,165][com.java.SeleniumDriver] [  849] - --------------------------setting values-----------------------------
[INFO ][2015-11-06 16:56:39,165][com.java.SeleniumDriver] [  852] - Action Type : WAITFORELEMENT
[INFO ][2015-11-06 16:56:40,222][com.java.SeleniumDriver] [  861] -  RESULT true
[INFO ][2015-11-06 16:56:40,222][com.java.SeleniumDriver] [ 1066] - ?   P A S S   ?
[INFO ][2015-11-06 16:56:40,222][com.java.SeleniumDriver] [  788] - ------------------------------------------
[INFO ][2015-11-06 16:56:40,222][com.java.SeleniumDriver] [  789] - Test case being Executed: 5
[INFO ][2015-11-06 16:56:40,222][com.java.SeleniumDriver] [  800] - Test step:11
[INFO ][2015-11-06 16:56:40,222][com.java.SeleniumDriver] [  812] - Datavalue is----------RNDBalances
[INFO ][2015-11-06 16:56:40,222][com.java.SeleniumDriver] [  836] - DataField : TXTtitle
[INFO ][2015-11-06 16:56:40,222][com.java.SeleniumDriver] [  838] - DataValue : RNDBalances
[INFO ][2015-11-06 16:56:40,222][com.java.SeleniumDriver] [  844] - <In Set values of the page>
[INFO ][2015-11-06 16:56:40,222][com.java.SeleniumDriver] [  847] - {Data Fields & Data Values Exist}
[INFO ][2015-11-06 16:56:40,222][com.java.SeleniumDriver] [  849] - --------------------------setting values-----------------------------
[INFO ][2015-11-06 16:56:40,223][com.java.SeleniumDriver] [  852] - Action Type : CLEARANDENTER
[INFO ][2015-11-06 16:56:40,223][com.java.TestType] [ 4028] - value = Balances32097
[INFO ][2015-11-06 16:56:42,724][com.java.SeleniumDriver] [  861] -  RESULT true
[INFO ][2015-11-06 16:56:42,724][com.java.SeleniumDriver] [ 1066] - ?   P A S S   ?
[INFO ][2015-11-06 16:56:42,724][com.java.SeleniumDriver] [  788] - ------------------------------------------
[INFO ][2015-11-06 16:56:42,724][com.java.SeleniumDriver] [  789] - Test case being Executed: 5
[INFO ][2015-11-06 16:56:42,724][com.java.SeleniumDriver] [  800] - Test step:12
[INFO ][2015-11-06 16:56:42,724][com.java.SeleniumDriver] [  812] - Datavalue is----------EnteredModuleName
[INFO ][2015-11-06 16:56:42,724][com.java.SeleniumDriver] [  836] - DataField : TXTtitle
[INFO ][2015-11-06 16:56:42,724][com.java.SeleniumDriver] [  838] - DataValue : EnteredModuleName
[INFO ][2015-11-06 16:56:42,724][com.java.SeleniumDriver] [  844] - <In Set values of the page>
[INFO ][2015-11-06 16:56:42,724][com.java.SeleniumDriver] [  847] - {Data Fields & Data Values Exist}
[INFO ][2015-11-06 16:56:42,724][com.java.SeleniumDriver] [  849] - --------------------------setting values-----------------------------
[INFO ][2015-11-06 16:56:42,724][com.java.SeleniumDriver] [  852] - Action Type : STOREVALUE
[INFO ][2015-11-06 16:56:42,725][com.java.TestType] [ 6088] - field= TXTtitle
[DEBUG][2015-11-06 16:56:43,827][com.java.TestType] [ 6102] - Key:: EnteredModuleName  Value:: Balances32097
[INFO ][2015-11-06 16:56:43,827][com.java.SeleniumDriver] [  861] -  RESULT true
[INFO ][2015-11-06 16:56:43,827][com.java.SeleniumDriver] [ 1066] - ?   P A S S   ?
[INFO ][2015-11-06 16:56:43,827][com.java.SeleniumDriver] [  788] - ------------------------------------------
[INFO ][2015-11-06 16:56:43,827][com.java.SeleniumDriver] [  789] - Test case being Executed: 5
[INFO ][2015-11-06 16:56:43,827][com.java.SeleniumDriver] [  800] - Test step:13
[INFO ][2015-11-06 16:56:43,827][com.java.SeleniumDriver] [  812] - Datavalue is----------index:1
[INFO ][2015-11-06 16:56:43,827][com.java.SeleniumDriver] [  836] - DataField : COBcomparator
[INFO ][2015-11-06 16:56:43,827][com.java.SeleniumDriver] [  838] - DataValue : index:1
[INFO ][2015-11-06 16:56:43,827][com.java.SeleniumDriver] [  844] - <In Set values of the page>
[INFO ][2015-11-06 16:56:43,827][com.java.SeleniumDriver] [  847] - {Data Fields & Data Values Exist}
[INFO ][2015-11-06 16:56:43,827][com.java.SeleniumDriver] [  849] - --------------------------setting values-----------------------------
[INFO ][2015-11-06 16:56:43,827][com.java.SeleniumDriver] [  852] - Action Type : SELECT
[INFO ][2015-11-06 16:56:43,827][com.java.TestType] [ 4028] - value = 1
[INFO ][2015-11-06 16:56:44,941][com.java.TestType] [ 4146] -  In COB comparator : 1
[INFO ][2015-11-06 16:56:45,121][com.java.SeleniumDriver] [  861] -  RESULT true
[INFO ][2015-11-06 16:56:45,121][com.java.SeleniumDriver] [ 1066] - ?   P A S S   ?
[INFO ][2015-11-06 16:56:45,121][com.java.SeleniumDriver] [  788] - ------------------------------------------
[INFO ][2015-11-06 16:56:45,121][com.java.SeleniumDriver] [  789] - Test case being Executed: 5
[INFO ][2015-11-06 16:56:45,121][com.java.SeleniumDriver] [  800] - Test step:14
[INFO ][2015-11-06 16:56:45,121][com.java.SeleniumDriver] [  812] - Datavalue is----------index:1
[INFO ][2015-11-06 16:56:45,121][com.java.SeleniumDriver] [  836] - DataField : COBprofitCenter
[INFO ][2015-11-06 16:56:45,121][com.java.SeleniumDriver] [  838] - DataValue : index:1
[INFO ][2015-11-06 16:56:45,121][com.java.SeleniumDriver] [  844] - <In Set values of the page>
[INFO ][2015-11-06 16:56:45,122][com.java.SeleniumDriver] [  847] - {Data Fields & Data Values Exist}
[INFO ][2015-11-06 16:56:45,122][com.java.SeleniumDriver] [  849] - --------------------------setting values-----------------------------
[INFO ][2015-11-06 16:56:45,122][com.java.SeleniumDriver] [  852] - Action Type : SELECT
[INFO ][2015-11-06 16:56:45,122][com.java.TestType] [ 4028] - value = 1
[INFO ][2015-11-06 16:56:46,234][com.java.TestType] [ 4146] -  In COB profitCenter : 1
[ERROR][2015-11-06 16:56:46,299][com.java.TestType] [ 4227] - Unable to perform Action Select Cannot locate option with index: 1
For documentation on this error, please visit: http://seleniumhq.org/exceptions/no_such_element.html
Build info: version: '2.48.2', revision: '41bccdd', time: '2015-10-09 19:59:12'
System info: host: 'FVTIII438F1D', ip: '172.17.68.34', os.name: 'Windows 7', os.arch: 'x86', os.version: '6.1', java.version: '1.7.0_55'
Driver info: driver.version: SeleniumDriver
[INFO ][2015-11-06 16:56:46,299][com.java.SeleniumDriver] [  861] -  RESULT false
[INFO ][2015-11-06 16:56:46,299][com.java.SeleniumDriver] [  908] - ?   F A I L   ?
[INFO ][2015-11-06 16:56:46,299][com.java.SeleniumDriver] [  916] - Browser Type : IE11
[INFO ][2015-11-06 16:56:46,299][com.java.SeleniumDriver] [  917] - Adding Failed case5
[INFO ][2015-11-06 16:56:46,508][com.java.SeleniumDriver] [ 1030] - failedCases = 4-5
[ERROR][2015-11-06 16:56:46,508][com.java.SeleniumDriver] [ 1516] - Platform Errors : Our apologies...::We have encountered an issue with your request.::Our apologies?:We encountered an issue with your request.
[INFO ][2015-11-06 16:56:46,508][com.java.SeleniumDriver] [ 1520] - Length =3
[ERROR][2015-11-06 16:56:46,509][com.java.SeleniumDriver] [ 1523] - Error 0 = Our apologies...
[ERROR][2015-11-06 16:56:46,534][com.java.SeleniumDriver] [ 1523] - Error 1 = We have encountered an issue with your request.
[ERROR][2015-11-06 16:56:46,549][com.java.SeleniumDriver] [ 1523] - Error 2 = Our apologies?:We encountered an issue with your request.
[DEBUG][2015-11-06 16:56:46,576][com.java.SeleniumDriver] [ 1168] - Case found
[DEBUG][2015-11-06 16:56:46,577][com.java.SeleniumDriver] [ 1173] - Incrementing ReportCounters[0]:5
[INFO ][2015-11-06 16:56:46,577][com.java.SeleniumDriver] [ 1192] - The results are-------------------[5, 14, Start Page: Add Content: Custom Dashboard Indicator: Balances, Fail, 
Test case failed at Step No. :: 14   Error Message ::  Option ::1:: not found in Combo box :: profitCenter. Screen Shot : D:\BankersDashboard\TestReports\110615\5_110615_165646_IE11.png, Fri Nov 06 16:56:46 IST 2015]
[INFO ][2015-11-06 16:56:46,577][com.java.SeleniumDriver] [ 1196] - End time is-------8 min 6 sec
[INFO ][2015-11-06 16:56:46,577][com.java.SeleniumDriver] [ 1197] - The results are-------------------[5, 14, Start Page: Add Content: Custom Dashboard Indicator: Balances, Fail, 
Test case failed at Step No. :: 14   Error Message ::  Option ::1:: not found in Combo box :: profitCenter. Screen Shot : D:\BankersDashboard\TestReports\110615\5_110615_165646_IE11.png, Fri Nov 06 16:56:46 IST 2015]
[DEBUG][2015-11-06 16:56:46,577][com.java.ImportnExport.ExportTestResultsExcel] [  222] - testResultPath = D:\BankersDashboard/TestReports/Test Results_BankersDashBoard_110615_164842_IE11_Bank of North Carolina.xls
[DEBUG][2015-11-06 16:56:46,577][com.java.ImportnExport.ExportTestResultsExcel] [  223] - browser is------------IE11
[DEBUG][2015-11-06 16:56:46,579][com.java.ImportnExport.ExportTestResultsExcel] [  270] - result.size() = 6
[DEBUG][2015-11-06 16:56:46,579][com.java.ImportnExport.ExportTestResultsExcel] [  274] - No of rows in sheet=5
[DEBUG][2015-11-06 16:56:46,579][com.java.ImportnExport.ExportTestResultsExcel] [  301] - ..in export..5
[DEBUG][2015-11-06 16:56:46,579][com.java.ImportnExport.ExportTestResultsExcel] [  301] - ..in export..Start Page: Add Content: Custom Dashboard Indicator: Balances
[DEBUG][2015-11-06 16:56:46,579][com.java.ImportnExport.ExportTestResultsExcel] [  301] - ..in export..Fail
[DEBUG][2015-11-06 16:56:46,579][com.java.ImportnExport.ExportTestResultsExcel] [  301] - ..in export..
Test case failed at Step No. :: 14   Error Message ::  Option ::1:: not found in Combo box :: profitCenter. Screen Shot : D:\BankersDashboard\TestReports\110615\5_110615_165646_IE11.png
[DEBUG][2015-11-06 16:56:46,579][com.java.ImportnExport.ExportTestResultsExcel] [  301] - ..in export..Fri Nov 06 16:56:46 IST 2015
[INFO ][2015-11-06 16:56:46,582][com.java.SeleniumDriver] [ 1255] - out loop:4 size:7 TestCases:[1, 2, 3, 4, 5, 6, 7] testcases:[1, 2, 3, 4, 5, 6, 7]
[INFO ][2015-11-06 16:56:46,582][com.java.ImportnExport.ImportTestDataDetailsExcel] [   49] - test data details path===== D:\BankersDashboard\TestInputs\TestData.xls
[INFO ][2015-11-06 16:56:59,234][com.java.SeleniumDriver] [  788] - ------------------------------------------
[INFO ][2015-11-06 16:56:59,234][com.java.SeleniumDriver] [  789] - Test case being Executed: 6
[INFO ][2015-11-06 16:56:59,234][com.java.SeleniumDriver] [  800] - Test step:1
[INFO ][2015-11-06 16:56:59,234][com.java.SeleniumDriver] [  812] - Datavalue is----------null
[DEBUG][2015-11-06 16:56:59,234][com.java.SeleniumDriver] [  830] - Exception: null
[INFO ][2015-11-06 16:56:59,234][com.java.SeleniumDriver] [  836] - DataField : //span[contains(@class,'compass')]&&My Dashboard
[INFO ][2015-11-06 16:56:59,234][com.java.SeleniumDriver] [  838] - DataValue : 
[INFO ][2015-11-06 16:56:59,234][com.java.SeleniumDriver] [  844] - <In Set values of the page>
[INFO ][2015-11-06 16:56:59,234][com.java.SeleniumDriver] [  847] - {Data Fields & Data Values Exist}
[INFO ][2015-11-06 16:56:59,234][com.java.SeleniumDriver] [  849] - --------------------------setting values-----------------------------
[INFO ][2015-11-06 16:56:59,234][com.java.SeleniumDriver] [  852] - Action Type : MOUSEOVER
[INFO ][2015-11-06 16:57:09,131][com.java.SeleniumDriver] [  861] -  RESULT true
[INFO ][2015-11-06 16:57:09,131][com.java.SeleniumDriver] [ 1066] - ?   P A S S   ?
[INFO ][2015-11-06 16:57:09,131][com.java.SeleniumDriver] [  788] - ------------------------------------------
[INFO ][2015-11-06 16:57:09,131][com.java.SeleniumDriver] [  789] - Test case being Executed: 6
[INFO ][2015-11-06 16:57:09,132][com.java.SeleniumDriver] [  800] - Test step:2
[INFO ][2015-11-06 16:57:09,132][com.java.SeleniumDriver] [  812] - Datavalue is----------2
[INFO ][2015-11-06 16:57:09,132][com.java.SeleniumDriver] [  836] - DataField : XPH//span[text()='Show Report']
[INFO ][2015-11-06 16:57:09,133][com.java.SeleniumDriver] [  838] - DataValue : 2
[INFO ][2015-11-06 16:57:09,133][com.java.SeleniumDriver] [  844] - <In Set values of the page>
[INFO ][2015-11-06 16:57:09,133][com.java.SeleniumDriver] [  847] - {Data Fields & Data Values Exist}
[INFO ][2015-11-06 16:57:09,133][com.java.SeleniumDriver] [  849] - --------------------------setting values-----------------------------
[INFO ][2015-11-06 16:57:09,133][com.java.SeleniumDriver] [  852] - Action Type : WAITFORELEMENT
[INFO ][2015-11-06 16:57:09,166][com.java.SeleniumDriver] [  861] -  RESULT true
[INFO ][2015-11-06 16:57:09,166][com.java.SeleniumDriver] [ 1066] - ?   P A S S   ?
[INFO ][2015-11-06 16:57:09,166][com.java.SeleniumDriver] [  788] - ------------------------------------------
[INFO ][2015-11-06 16:57:09,166][com.java.SeleniumDriver] [  789] - Test case being Executed: 6
[INFO ][2015-11-06 16:57:09,166][com.java.SeleniumDriver] [  800] - Test step:3
[INFO ][2015-11-06 16:57:09,166][com.java.SeleniumDriver] [  812] - Datavalue is----------null
[DEBUG][2015-11-06 16:57:09,166][com.java.SeleniumDriver] [  830] - Exception: null
[INFO ][2015-11-06 16:57:09,166][com.java.SeleniumDriver] [  836] - DataField : XPH//span[text()='Show Report']
[INFO ][2015-11-06 16:57:09,166][com.java.SeleniumDriver] [  838] - DataValue : 
[INFO ][2015-11-06 16:57:09,167][com.java.SeleniumDriver] [  844] - <In Set values of the page>
[INFO ][2015-11-06 16:57:09,167][com.java.SeleniumDriver] [  847] - {Data Fields & Data Values Exist}
[INFO ][2015-11-06 16:57:09,167][com.java.SeleniumDriver] [  849] - --------------------------setting values-----------------------------
[INFO ][2015-11-06 16:57:09,167][com.java.SeleniumDriver] [  852] - Action Type : Click
[INFO ][2015-11-06 16:57:09,167][com.java.TestType] [ 4341] - Field ::XPH//span[text()='Show Report']
[INFO ][2015-11-06 16:57:10,167][com.java.TestType] [ 4400] - BEFORE CLICK
[ERROR][2015-11-06 16:57:13,543][com.java.TestType] [ 4574] - Exception in click:: Cannot click on element (WARNING: The server did not provide any stacktrace information)
Command duration or timeout: 3.25 seconds
Build info: version: '2.48.2', revision: '41bccdd', time: '2015-10-09 19:59:12'
System info: host: 'FVTIII438F1D', ip: '172.17.68.34', os.name: 'Windows 7', os.arch: 'x86', os.version: '6.1', java.version: '1.7.0_55'
Session ID: 09691e2c-80e1-43b4-a021-9a1e16bad18d
Driver info: org.openqa.selenium.ie.InternetExplorerDriver
Capabilities [{platform=WINDOWS, javascriptEnabled=true, elementScrollBehavior=0, ignoreZoomSetting=false, enablePersistentHover=true, ie.ensureCleanSession=false, browserName=internet explorer, enableElementCacheCleanup=true, unexpectedAlertBehaviour=dismiss, version=11, ie.usePerProcessProxy=false, ignoreProtectedModeSettings=true, cssSelectorsEnabled=true, requireWindowFocus=false, initialBrowserUrl=http://localhost:33349/, handlesAlerts=true, ie.forceCreateProcessApi=false, nativeEvents=true, browserAttachTimeout=0, ie.browserCommandLineSwitches=, takesScreenshot=true}]
[INFO ][2015-11-06 16:57:13,543][com.java.TestType] [ 4578] - Element :://span[text()='Show Report']:: not found
[INFO ][2015-11-06 16:57:13,543][com.java.SeleniumDriver] [  861] -  RESULT false
[INFO ][2015-11-06 16:57:13,544][com.java.SeleniumDriver] [  908] - ?   F A I L   ?
[INFO ][2015-11-06 16:57:13,544][com.java.SeleniumDriver] [  916] - Browser Type : IE11
[INFO ][2015-11-06 16:57:13,544][com.java.SeleniumDriver] [  917] - Adding Failed case6
[INFO ][2015-11-06 16:57:13,773][com.java.SeleniumDriver] [ 1030] - failedCases = 4-6
[ERROR][2015-11-06 16:57:13,773][com.java.SeleniumDriver] [ 1516] - Platform Errors : Our apologies...::We have encountered an issue with your request.::Our apologies?:We encountered an issue with your request.
[INFO ][2015-11-06 16:57:13,773][com.java.SeleniumDriver] [ 1520] - Length =3
[ERROR][2015-11-06 16:57:13,773][com.java.SeleniumDriver] [ 1523] - Error 0 = Our apologies...
[ERROR][2015-11-06 16:57:13,828][com.java.SeleniumDriver] [ 1523] - Error 1 = We have encountered an issue with your request.
[ERROR][2015-11-06 16:57:13,871][com.java.SeleniumDriver] [ 1523] - Error 2 = Our apologies?:We encountered an issue with your request.
[DEBUG][2015-11-06 16:57:13,914][com.java.SeleniumDriver] [ 1168] - Case found
[DEBUG][2015-11-06 16:57:13,915][com.java.SeleniumDriver] [ 1173] - Incrementing ReportCounters[0]:6
[INFO ][2015-11-06 16:57:13,915][com.java.SeleniumDriver] [ 1192] - The results are-------------------[6, 3, Dashboards: My Dashboard: View - Periods, Fail, 
Test case failed at Step No. :: 3   Error Message ::  Element :://span[text()='Show Report']:: not found. Screen Shot : D:\BankersDashboard\TestReports\110615\6_110615_165713_IE11.png, Fri Nov 06 16:57:13 IST 2015]
[INFO ][2015-11-06 16:57:13,915][com.java.SeleniumDriver] [ 1196] - End time is-------8 min 33 sec
[INFO ][2015-11-06 16:57:13,915][com.java.SeleniumDriver] [ 1197] - The results are-------------------[6, 3, Dashboards: My Dashboard: View - Periods, Fail, 
Test case failed at Step No. :: 3   Error Message ::  Element :://span[text()='Show Report']:: not found. Screen Shot : D:\BankersDashboard\TestReports\110615\6_110615_165713_IE11.png, Fri Nov 06 16:57:13 IST 2015]
[DEBUG][2015-11-06 16:57:13,915][com.java.ImportnExport.ExportTestResultsExcel] [  222] - testResultPath = D:\BankersDashboard/TestReports/Test Results_BankersDashBoard_110615_164842_IE11_Bank of North Carolina.xls
[DEBUG][2015-11-06 16:57:13,915][com.java.ImportnExport.ExportTestResultsExcel] [  223] - browser is------------IE11
[DEBUG][2015-11-06 16:57:13,917][com.java.ImportnExport.ExportTestResultsExcel] [  270] - result.size() = 6
[DEBUG][2015-11-06 16:57:13,917][com.java.ImportnExport.ExportTestResultsExcel] [  274] - No of rows in sheet=6
[DEBUG][2015-11-06 16:57:13,917][com.java.ImportnExport.ExportTestResultsExcel] [  301] - ..in export..6
[DEBUG][2015-11-06 16:57:13,917][com.java.ImportnExport.ExportTestResultsExcel] [  301] - ..in export..Dashboards: My Dashboard: View - Periods
[DEBUG][2015-11-06 16:57:13,918][com.java.ImportnExport.ExportTestResultsExcel] [  301] - ..in export..Fail
[DEBUG][2015-11-06 16:57:13,918][com.java.ImportnExport.ExportTestResultsExcel] [  301] - ..in export..
Test case failed at Step No. :: 3   Error Message ::  Element :://span[text()='Show Report']:: not found. Screen Shot : D:\BankersDashboard\TestReports\110615\6_110615_165713_IE11.png
[DEBUG][2015-11-06 16:57:13,918][com.java.ImportnExport.ExportTestResultsExcel] [  301] - ..in export..Fri Nov 06 16:57:13 IST 2015
[INFO ][2015-11-06 16:57:13,919][com.java.SeleniumDriver] [ 1255] - out loop:5 size:7 TestCases:[1, 2, 3, 4, 5, 6, 7] testcases:[1, 2, 3, 4, 5, 6, 7]
[INFO ][2015-11-06 16:57:13,921][com.java.ImportnExport.ImportTestDataDetailsExcel] [   49] - test data details path===== D:\BankersDashboard\TestInputs\TestData.xls
[INFO ][2015-11-06 16:57:27,796][com.java.SeleniumDriver] [  788] - ------------------------------------------
[INFO ][2015-11-06 16:57:27,796][com.java.SeleniumDriver] [  789] - Test case being Executed: 7
[INFO ][2015-11-06 16:57:27,796][com.java.SeleniumDriver] [  800] - Test step:1
[INFO ][2015-11-06 16:57:27,796][com.java.SeleniumDriver] [  812] - Datavalue is----------null
[DEBUG][2015-11-06 16:57:27,796][com.java.SeleniumDriver] [  830] - Exception: null
[INFO ][2015-11-06 16:57:27,796][com.java.SeleniumDriver] [  836] - DataField : //span[contains(@class,'compass')]&&Monthly Dashboard
[INFO ][2015-11-06 16:57:27,796][com.java.SeleniumDriver] [  838] - DataValue : 
[INFO ][2015-11-06 16:57:27,796][com.java.SeleniumDriver] [  844] - <In Set values of the page>
[INFO ][2015-11-06 16:57:27,796][com.java.SeleniumDriver] [  847] - {Data Fields & Data Values Exist}
[INFO ][2015-11-06 16:57:27,796][com.java.SeleniumDriver] [  849] - --------------------------setting values-----------------------------
[INFO ][2015-11-06 16:57:27,796][com.java.SeleniumDriver] [  852] - Action Type : MOUSEOVER
[INFO ][2015-11-06 16:57:37,674][com.java.SeleniumDriver] [  861] -  RESULT true
[INFO ][2015-11-06 16:57:37,674][com.java.SeleniumDriver] [ 1066] - ?   P A S S   ?
[INFO ][2015-11-06 16:57:37,674][com.java.SeleniumDriver] [  788] - ------------------------------------------
[INFO ][2015-11-06 16:57:37,674][com.java.SeleniumDriver] [  789] - Test case being Executed: 7
[INFO ][2015-11-06 16:57:37,674][com.java.SeleniumDriver] [  800] - Test step:2
[INFO ][2015-11-06 16:57:37,674][com.java.SeleniumDriver] [  812] - Datavalue is----------5
[INFO ][2015-11-06 16:57:37,674][com.java.SeleniumDriver] [  836] - DataField : XPH//span[text()='Show Report']
[INFO ][2015-11-06 16:57:37,675][com.java.SeleniumDriver] [  838] - DataValue : 5
[INFO ][2015-11-06 16:57:37,675][com.java.SeleniumDriver] [  844] - <In Set values of the page>
[INFO ][2015-11-06 16:57:37,675][com.java.SeleniumDriver] [  847] - {Data Fields & Data Values Exist}
[INFO ][2015-11-06 16:57:37,675][com.java.SeleniumDriver] [  849] - --------------------------setting values-----------------------------
[INFO ][2015-11-06 16:57:37,675][com.java.SeleniumDriver] [  852] - Action Type : WAITFORELEMENT
[INFO ][2015-11-06 16:57:37,709][com.java.SeleniumDriver] [  861] -  RESULT true
[INFO ][2015-11-06 16:57:37,709][com.java.SeleniumDriver] [ 1066] - ?   P A S S   ?
[INFO ][2015-11-06 16:57:37,709][com.java.SeleniumDriver] [  788] - ------------------------------------------
[INFO ][2015-11-06 16:57:37,709][com.java.SeleniumDriver] [  789] - Test case being Executed: 7
[INFO ][2015-11-06 16:57:37,709][com.java.SeleniumDriver] [  800] - Test step:3
[INFO ][2015-11-06 16:57:37,709][com.java.SeleniumDriver] [  812] - Datavalue is----------null
[DEBUG][2015-11-06 16:57:37,709][com.java.SeleniumDriver] [  830] - Exception: null
[INFO ][2015-11-06 16:57:37,709][com.java.SeleniumDriver] [  836] - DataField : XPH//span[text()='Show Report']
[INFO ][2015-11-06 16:57:37,711][com.java.SeleniumDriver] [  838] - DataValue : 
[INFO ][2015-11-06 16:57:37,711][com.java.SeleniumDriver] [  844] - <In Set values of the page>
[INFO ][2015-11-06 16:57:37,711][com.java.SeleniumDriver] [  847] - {Data Fields & Data Values Exist}
[INFO ][2015-11-06 16:57:37,711][com.java.SeleniumDriver] [  849] - --------------------------setting values-----------------------------
[INFO ][2015-11-06 16:57:37,711][com.java.SeleniumDriver] [  852] - Action Type : Click
[INFO ][2015-11-06 16:57:37,711][com.java.TestType] [ 4341] - Field ::XPH//span[text()='Show Report']
[INFO ][2015-11-06 16:57:38,711][com.java.TestType] [ 4400] - BEFORE CLICK
[ERROR][2015-11-06 16:57:42,334][com.java.TestType] [ 4574] - Exception in click:: Cannot click on element (WARNING: The server did not provide any stacktrace information)
Command duration or timeout: 3.51 seconds
Build info: version: '2.48.2', revision: '41bccdd', time: '2015-10-09 19:59:12'
System info: host: 'FVTIII438F1D', ip: '172.17.68.34', os.name: 'Windows 7', os.arch: 'x86', os.version: '6.1', java.version: '1.7.0_55'
Session ID: 09691e2c-80e1-43b4-a021-9a1e16bad18d
Driver info: org.openqa.selenium.ie.InternetExplorerDriver
Capabilities [{platform=WINDOWS, javascriptEnabled=true, elementScrollBehavior=0, ignoreZoomSetting=false, enablePersistentHover=true, ie.ensureCleanSession=false, browserName=internet explorer, enableElementCacheCleanup=true, unexpectedAlertBehaviour=dismiss, version=11, ie.usePerProcessProxy=false, ignoreProtectedModeSettings=true, cssSelectorsEnabled=true, requireWindowFocus=false, initialBrowserUrl=http://localhost:33349/, handlesAlerts=true, ie.forceCreateProcessApi=false, nativeEvents=true, browserAttachTimeout=0, ie.browserCommandLineSwitches=, takesScreenshot=true}]
[INFO ][2015-11-06 16:57:42,334][com.java.TestType] [ 4578] - Element :://span[text()='Show Report']:: not found
[INFO ][2015-11-06 16:57:42,334][com.java.SeleniumDriver] [  861] -  RESULT false
[INFO ][2015-11-06 16:57:42,334][com.java.SeleniumDriver] [  908] - ?   F A I L   ?
[INFO ][2015-11-06 16:57:42,334][com.java.SeleniumDriver] [  916] - Browser Type : IE11
[INFO ][2015-11-06 16:57:42,334][com.java.SeleniumDriver] [  917] - Adding Failed case7
[INFO ][2015-11-06 16:57:42,487][com.java.SeleniumDriver] [ 1030] - failedCases = 4-7
[ERROR][2015-11-06 16:57:42,488][com.java.SeleniumDriver] [ 1516] - Platform Errors : Our apologies...::We have encountered an issue with your request.::Our apologies?:We encountered an issue with your request.
[INFO ][2015-11-06 16:57:42,488][com.java.SeleniumDriver] [ 1520] - Length =3
[ERROR][2015-11-06 16:57:42,488][com.java.SeleniumDriver] [ 1523] - Error 0 = Our apologies...
[ERROR][2015-11-06 16:57:42,551][com.java.SeleniumDriver] [ 1523] - Error 1 = We have encountered an issue with your request.
[ERROR][2015-11-06 16:57:42,583][com.java.SeleniumDriver] [ 1523] - Error 2 = Our apologies?:We encountered an issue with your request.
[DEBUG][2015-11-06 16:57:42,626][com.java.SeleniumDriver] [ 1168] - Case found
[DEBUG][2015-11-06 16:57:42,627][com.java.SeleniumDriver] [ 1173] - Incrementing ReportCounters[0]:7
[INFO ][2015-11-06 16:57:42,627][com.java.SeleniumDriver] [ 1192] - The results are-------------------[7, 3, Dashboards: Monthly Dashboard: Data Source - Actual, Fail, 
Test case failed at Step No. :: 3   Error Message ::  Element :://span[text()='Show Report']:: not found. Screen Shot : D:\BankersDashboard\TestReports\110615\7_110615_165742_IE11.png, Fri Nov 06 16:57:42 IST 2015]
[INFO ][2015-11-06 16:57:42,627][com.java.SeleniumDriver] [ 1196] - End time is-------9 min 2 sec
[INFO ][2015-11-06 16:57:42,627][com.java.SeleniumDriver] [ 1197] - The results are-------------------[7, 3, Dashboards: Monthly Dashboard: Data Source - Actual, Fail, 
Test case failed at Step No. :: 3   Error Message ::  Element :://span[text()='Show Report']:: not found. Screen Shot : D:\BankersDashboard\TestReports\110615\7_110615_165742_IE11.png, Fri Nov 06 16:57:42 IST 2015]
[DEBUG][2015-11-06 16:57:42,627][com.java.ImportnExport.ExportTestResultsExcel] [  222] - testResultPath = D:\BankersDashboard/TestReports/Test Results_BankersDashBoard_110615_164842_IE11_Bank of North Carolina.xls
[DEBUG][2015-11-06 16:57:42,627][com.java.ImportnExport.ExportTestResultsExcel] [  223] - browser is------------IE11
[DEBUG][2015-11-06 16:57:42,629][com.java.ImportnExport.ExportTestResultsExcel] [  270] - result.size() = 6
[DEBUG][2015-11-06 16:57:42,629][com.java.ImportnExport.ExportTestResultsExcel] [  274] - No of rows in sheet=7
[DEBUG][2015-11-06 16:57:42,629][com.java.ImportnExport.ExportTestResultsExcel] [  301] - ..in export..7
[DEBUG][2015-11-06 16:57:42,629][com.java.ImportnExport.ExportTestResultsExcel] [  301] - ..in export..Dashboards: Monthly Dashboard: Data Source - Actual
[DEBUG][2015-11-06 16:57:42,629][com.java.ImportnExport.ExportTestResultsExcel] [  301] - ..in export..Fail
[DEBUG][2015-11-06 16:57:42,629][com.java.ImportnExport.ExportTestResultsExcel] [  301] - ..in export..
Test case failed at Step No. :: 3   Error Message ::  Element :://span[text()='Show Report']:: not found. Screen Shot : D:\BankersDashboard\TestReports\110615\7_110615_165742_IE11.png
[DEBUG][2015-11-06 16:57:42,629][com.java.ImportnExport.ExportTestResultsExcel] [  301] - ..in export..Fri Nov 06 16:57:42 IST 2015
[INFO ][2015-11-06 16:57:42,631][com.java.SeleniumDriver] [ 1255] - out loop:6 size:7 TestCases:[1, 2, 3, 4, 5, 6, 7] testcases:[1, 2, 3, 4, 5, 6, 7]
[INFO ][2015-11-06 16:57:44,631][com.java.SeleniumDriver] [ 1297] - Total Number of Cases:7
[INFO ][2015-11-06 16:57:44,631][com.java.TemplateGenerator] [  302] - Executed:7
[INFO ][2015-11-06 16:57:44,631][com.java.TemplateGenerator] [  303] - Passed:3
[INFO ][2015-11-06 16:57:44,631][com.java.TemplateGenerator] [  304] - Failed:4
[INFO ][2015-11-06 16:57:44,631][com.java.TemplateGenerator] [  305] - Skipeed:0
[INFO ][2015-11-06 16:57:44,631][com.java.TemplateGenerator] [  306] - Application URL:https://clients-xuat.bankersdashboard.com
[INFO ][2015-11-06 16:57:44,631][com.java.TemplateGenerator] [  307] - Start Time:110615_164842
[INFO ][2015-11-06 16:57:44,631][com.java.TemplateGenerator] [  308] -  Creating HTML Report 
[ERROR][2015-11-06 16:57:44,632][com.java.TemplateGenerator] [  409] - Unparseable date: "Fri Nov 06 04:48:42 IST 2015"
[INFO ][2015-11-06 16:57:44,632][com.java.TemplateGenerator] [  654] -  Exporting case :: 1
[INFO ][2015-11-06 16:57:44,634][com.java.TemplateGenerator] [  654] -  Exporting case :: 2
[INFO ][2015-11-06 16:57:44,634][com.java.TemplateGenerator] [  654] -  Exporting case :: 3
[INFO ][2015-11-06 16:57:44,634][com.java.TemplateGenerator] [  654] -  Exporting case :: 4
[INFO ][2015-11-06 16:57:44,634][com.java.TemplateGenerator] [  654] -  Exporting case :: 5
[INFO ][2015-11-06 16:57:44,634][com.java.TemplateGenerator] [  654] -  Exporting case :: 6
[INFO ][2015-11-06 16:57:44,634][com.java.TemplateGenerator] [  654] -  Exporting case :: 7
[INFO ][2015-11-06 16:57:44,638][com.java.SeleniumDriver] [ 1346] - End Time:110615_165744
[INFO ][2015-11-06 16:57:44,638][com.java.SeleniumDriver] [ 1349] - Data in Test Execution Details:{1=PASS, 2=PASS, 3=PASS, 4=FAILTest case failed at Step No. :: 6   Error Message ::  Element :://span[contains(text(),'No')]:: not found, 5=FAILTest case failed at Step No. :: 14   Error Message ::  Option ::1:: not found in Combo box :: profitCenter, 6=FAILTest case failed at Step No. :: 3   Error Message ::  Element :://span[text()='Show Report']:: not found, 7=FAILTest case failed at Step No. :: 3   Error Message ::  Element :://span[text()='Show Report']:: not found}
[INFO ][2015-11-06 16:57:44,638][com.java.SeleniumDriver] [ 1350] - Data in Failed Execution Deatils:{}
[INFO ][2015-11-06 16:57:44,639][com.java.SeleniumDriver] [ 1352] - ReportCounter:Total:7 :: PASS: 3 ::FAIL: 4
[INFO ][2015-11-06 16:57:44,639][com.java.SeleniumDriver] [ 1353] - FailedReportCounter:Total:0 :: PASS: 0 ::FAIL: 0
[INFO ][2015-11-06 16:57:44,646][com.java.EmailTestReport] [   63] - Sending report mail details:
[INFO ][2015-11-06 16:57:44,646][com.java.EmailTestReport] [   80] - Excel Report Path:D:\BankersDashboard/TestReports/Test Results_BankersDashBoard_110615_164842_IE11_Bank of North Carolina.xls
[INFO ][2015-11-06 16:57:44,646][com.java.EmailTestReport] [   81] - HTML Report Path:D:\BankersDashboard//TestReports//Test Results_BankersDashBoard_110615_164842_IE11_Bank of North Carolina.html
[INFO ][2015-11-06 16:57:44,646][com.java.EmailTestReport] [   82] - smtpHostName:mail01.valuelabs.com
[INFO ][2015-11-06 16:57:44,646][com.java.EmailTestReport] [   83] - Recipient:venkateswararao.gubbala@valuelabs.com
[INFO ][2015-11-06 16:57:44,646][com.java.EmailTestReport] [   84] - From:venkateswararao.gubbala@valuelabs.com
[INFO ][2015-11-06 16:57:44,646][com.java.EmailTestReport] [   85] - Subject:Deluxe Corp Bankers Dashboard Automation Test Report - Bank of North Carolina - IE11
[INFO ][2015-11-06 16:57:44,661][com.java.EmailTestReport] [  143] -  Added venkateswararao.gubbala@valuelabs.com
[INFO ][2015-11-06 16:57:48,063][com.java.SeleniumDriver] [  719] - quitting the browser 
[INFO ][2015-11-06 16:57:49,418][com.java.SeleniumDriver] [  263] - Execution Completed Stopping the thread
