[INFO ][2016-01-20 15:19:00,272][com.java.SeleniumDriver] [  213] - Execute Failed Casesfalse
[INFO ][2016-01-20 15:19:00,272][com.java.SeleniumDriver] [  214] - Browser: IE10
[INFO ][2016-01-20 15:19:00,272][com.java.SeleniumDriver] [  215] - [1, 6]
[INFO ][2016-01-20 15:19:00,272][com.java.SeleniumDriver] [  216] - Total TestCases:2
[INFO ][2016-01-20 15:19:00,272][com.java.SeleniumDriver] [  217] -  Reading Properties from Property File 
[DEBUG][2016-01-20 15:19:00,273][com.java.SeleniumDriver] [  238] - url : https://clients-xuat.bankersdashboard.com
[INFO ][2016-01-20 15:19:00,274][com.java.ImportnExport.ExportTestResultsExcel] [  116] - Time Stamp Wed Jan 20 03:19:00 IST 2016
[INFO ][2016-01-20 15:19:00,274][com.java.ImportnExport.ExportTestResultsExcel] [  175] - OUT FILE : D:\BankersDashboard/TestReports/Test Results_BankersDashBoard_012016_151900_IE10_Any Bank USA.xls
[INFO ][2016-01-20 15:19:00,303][com.java.ImportnExport.ExportTestResultsExcel] [  180] - Test Result file is created
[DEBUG][2016-01-20 15:19:00,387][com.java.SeleniumDriver] [  426] - Hub ip address is-------172.17.68.34
[INFO ][2016-01-20 15:19:00,387][com.java.SeleniumDriver] [  452] - Grid URL:http://172.17.68.34:4444/wd/hub
[INFO ][2016-01-20 15:19:00,388][com.java.SeleniumDriver] [  453] - Capability:Capabilities [{platform=ANY, ensureCleanSession=true, ignoreProtectedModeSettings=true, acceptSslCerts=true, ignoreZoomSetting=true, browserName=internet explorer, browserstack.ie.noFlash=true, version=null}]
[ERROR][2016-01-20 15:19:01,690][com.java.SeleniumDriver] [  498] - Unable invoke browser in grid:Could not start a new session. Possible causes are invalid address of the remote server or browser start-up failure.
Build info: version: '2.48.2', revision: '41bccdd', time: '2015-10-09 19:59:12'
System info: host: 'FVTIII438F1D', ip: '172.17.68.34', os.name: 'Windows 7', os.arch: 'x86', os.version: '6.1', java.version: '1.7.0_55'
Driver info: driver.version: SeleniumDriver
[INFO ][2016-01-20 15:19:01,691][com.java.SeleniumDriver] [  500] - Executing on local machine
[INFO ][2016-01-20 15:19:14,556][com.java.SeleniumDriver] [  248] - IE10is opened
[INFO ][2016-01-20 15:19:15,402][com.java.SeleniumDriver] [  756] - Test cases to be executed are: [1, 6]
[INFO ][2016-01-20 15:19:15,423][com.java.ImportnExport.ImportTestDataDetailsExcel] [   49] - test data details path===== D:\BankersDashboard\TestInputs\TestData.xls
[INFO ][2016-01-20 15:19:15,484][com.java.SeleniumDriver] [  856] - ------------------------------------------
[INFO ][2016-01-20 15:19:15,484][com.java.SeleniumDriver] [  857] - Test case being Executed: 1
[INFO ][2016-01-20 15:19:15,484][com.java.SeleniumDriver] [  869] - Test step:1
[INFO ][2016-01-20 15:19:15,484][com.java.SeleniumDriver] [  881] - Datavalue is----------Concept#1:1-14
[INFO ][2016-01-20 15:19:15,485][com.java.SeleniumDriver] [  905] - DataField : test
[INFO ][2016-01-20 15:19:15,485][com.java.SeleniumDriver] [  907] - DataValue : Concept#1:1-14
[INFO ][2016-01-20 15:19:15,485][com.java.SeleniumDriver] [  913] - <In Set values of the page>
[INFO ][2016-01-20 15:19:15,485][com.java.SeleniumDriver] [  916] - {Data Fields & Data Values Exist}
[INFO ][2016-01-20 15:19:15,485][com.java.SeleniumDriver] [  918] - --------------------------setting values-----------------------------
[INFO ][2016-01-20 15:19:15,485][com.java.SeleniumDriver] [  921] - Action Type : ExecuteTestCase
[INFO ][2016-01-20 15:19:15,504][com.java.TestType] [  443] - The Concept sheet name is ---------- Concept
[INFO ][2016-01-20 15:19:15,504][com.java.TestType] [  446] - The Concept ID  is ---------- 1
[DEBUG][2016-01-20 15:19:15,506][com.java.TestType] [  450] - Steps being executted in the Concept are: 1:14
[INFO ][2016-01-20 15:19:15,506][com.java.TestType] [  457] - Test data details path ---------- D:\BankersDashboard\TestInputs\TestData.xls
[INFO ][2016-01-20 15:19:15,519][com.java.TestType] [  488] -  str(1) = 1
[INFO ][2016-01-20 15:19:15,520][com.java.TestType] [  491] - Test case Id is---1
[INFO ][2016-01-20 15:19:15,520][com.java.TestType] [  493] - 1
[INFO ][2016-01-20 15:19:15,520][com.java.TestType] [  488] -  str(2) = 1
[INFO ][2016-01-20 15:19:15,521][com.java.TestType] [  488] -  str(1) = 1
[INFO ][2016-01-20 15:19:15,521][com.java.TestType] [  491] - Test case Id is---1
[INFO ][2016-01-20 15:19:15,521][com.java.TestType] [  493] - 1
[INFO ][2016-01-20 15:19:15,521][com.java.TestType] [  488] -  str(2) = 2
[INFO ][2016-01-20 15:19:15,521][com.java.TestType] [  488] -  str(1) = 1
[INFO ][2016-01-20 15:19:15,521][com.java.TestType] [  491] - Test case Id is---1
[INFO ][2016-01-20 15:19:15,521][com.java.TestType] [  493] - 1
[INFO ][2016-01-20 15:19:15,521][com.java.TestType] [  488] -  str(2) = 3
[INFO ][2016-01-20 15:19:15,522][com.java.TestType] [  488] -  str(1) = 1
[INFO ][2016-01-20 15:19:15,522][com.java.TestType] [  491] - Test case Id is---1
[INFO ][2016-01-20 15:19:15,522][com.java.TestType] [  493] - 1
[INFO ][2016-01-20 15:19:15,522][com.java.TestType] [  488] -  str(2) = 4
[INFO ][2016-01-20 15:19:15,522][com.java.TestType] [  488] -  str(1) = 1
[INFO ][2016-01-20 15:19:15,522][com.java.TestType] [  491] - Test case Id is---1
[INFO ][2016-01-20 15:19:15,522][com.java.TestType] [  493] - 1
[INFO ][2016-01-20 15:19:15,523][com.java.TestType] [  488] -  str(2) = 5
[INFO ][2016-01-20 15:19:15,523][com.java.TestType] [  488] -  str(1) = 1
[INFO ][2016-01-20 15:19:15,523][com.java.TestType] [  491] - Test case Id is---1
[INFO ][2016-01-20 15:19:15,523][com.java.TestType] [  493] - 1
[INFO ][2016-01-20 15:19:15,523][com.java.TestType] [  488] -  str(2) = 6
[INFO ][2016-01-20 15:19:15,524][com.java.TestType] [  488] -  str(1) = 1
[INFO ][2016-01-20 15:19:15,524][com.java.TestType] [  491] - Test case Id is---1
[INFO ][2016-01-20 15:19:15,524][com.java.TestType] [  493] - 1
[INFO ][2016-01-20 15:19:15,524][com.java.TestType] [  488] -  str(2) = 7
[INFO ][2016-01-20 15:19:15,524][com.java.TestType] [  488] -  str(1) = 1
[INFO ][2016-01-20 15:19:15,524][com.java.TestType] [  491] - Test case Id is---1
[INFO ][2016-01-20 15:19:15,524][com.java.TestType] [  493] - 1
[INFO ][2016-01-20 15:19:15,524][com.java.TestType] [  488] -  str(2) = 8
[INFO ][2016-01-20 15:19:15,525][com.java.TestType] [  488] -  str(1) = 1
[INFO ][2016-01-20 15:19:15,525][com.java.TestType] [  491] - Test case Id is---1
[INFO ][2016-01-20 15:19:15,525][com.java.TestType] [  493] - 1
[INFO ][2016-01-20 15:19:15,525][com.java.TestType] [  488] -  str(2) = 9
[INFO ][2016-01-20 15:19:15,525][com.java.TestType] [  488] -  str(1) = 1
[INFO ][2016-01-20 15:19:15,525][com.java.TestType] [  491] - Test case Id is---1
[INFO ][2016-01-20 15:19:15,525][com.java.TestType] [  493] - 1
[INFO ][2016-01-20 15:19:15,526][com.java.TestType] [  488] -  str(2) = 10
[INFO ][2016-01-20 15:19:15,526][com.java.TestType] [  488] -  str(1) = 1
[INFO ][2016-01-20 15:19:15,526][com.java.TestType] [  491] - Test case Id is---1
[INFO ][2016-01-20 15:19:15,526][com.java.TestType] [  493] - 1
[INFO ][2016-01-20 15:19:15,526][com.java.TestType] [  488] -  str(2) = 11
[INFO ][2016-01-20 15:19:15,526][com.java.TestType] [  488] -  str(1) = 1
[INFO ][2016-01-20 15:19:15,526][com.java.TestType] [  491] - Test case Id is---1
[INFO ][2016-01-20 15:19:15,526][com.java.TestType] [  493] - 1
[INFO ][2016-01-20 15:19:15,526][com.java.TestType] [  488] -  str(2) = 12
[INFO ][2016-01-20 15:19:15,527][com.java.TestType] [  488] -  str(1) = 1
[INFO ][2016-01-20 15:19:15,527][com.java.TestType] [  491] - Test case Id is---1
[INFO ][2016-01-20 15:19:15,527][com.java.TestType] [  493] - 1
[INFO ][2016-01-20 15:19:15,527][com.java.TestType] [  488] -  str(2) = 13
[INFO ][2016-01-20 15:19:15,527][com.java.TestType] [  488] -  str(1) = 1
[INFO ][2016-01-20 15:19:15,527][com.java.TestType] [  491] - Test case Id is---1
[INFO ][2016-01-20 15:19:15,529][com.java.TestType] [  493] - 1
[INFO ][2016-01-20 15:19:15,529][com.java.TestType] [  488] -  str(2) = 14
[INFO ][2016-01-20 15:19:15,530][com.java.TestType] [  488] -  str(1) = 1
[INFO ][2016-01-20 15:19:15,530][com.java.TestType] [  491] - Test case Id is---1
[INFO ][2016-01-20 15:19:15,530][com.java.TestType] [  493] - 1
[INFO ][2016-01-20 15:19:15,530][com.java.TestType] [  488] -  str(2) = 15
[INFO ][2016-01-20 15:19:15,530][com.java.TestType] [  488] -  str(1) = 1
[INFO ][2016-01-20 15:19:15,530][com.java.TestType] [  491] - Test case Id is---1
[INFO ][2016-01-20 15:19:15,530][com.java.TestType] [  493] - 1
[INFO ][2016-01-20 15:19:15,530][com.java.TestType] [  488] -  str(2) = 16
[INFO ][2016-01-20 15:19:15,531][com.java.TestType] [11410] - Looping 1TCID = 1
[DEBUG][2016-01-20 15:19:15,531][com.java.TestType] [11451] - Concept ID:1 :: Step being Executed: 1::1
[INFO ][2016-01-20 15:19:15,531][com.java.TestType] [11489] - dataFields : TXTusername
[DEBUG][2016-01-20 15:19:15,531][com.java.TestType] [11495] - <In Set values of the page>
[DEBUG][2016-01-20 15:19:15,531][com.java.TestType] [11500] - {Data Fields & Data Values Exist}
[INFO ][2016-01-20 15:19:15,531][com.java.TestType] [11506] - --------------------------setting values-----------------------------
[INFO ][2016-01-20 15:19:15,531][com.java.TestType] [11509] - Action Type : CLEARANDENTER
[INFO ][2016-01-20 15:19:17,822][com.java.TestType] [ 6202] - value = naresh.nayini.00000
[INFO ][2016-01-20 15:19:20,227][com.java.TestType] [11528] -  RESULT true
[INFO ][2016-01-20 15:19:20,228][com.java.TestType] [11645] - ?   P A S S   ?
[DEBUG][2016-01-20 15:19:20,228][com.java.TestType] [11451] - Concept ID:1 :: Step being Executed: 1::2
[INFO ][2016-01-20 15:19:20,228][com.java.TestType] [11489] - dataFields : TXTpassword
[DEBUG][2016-01-20 15:19:20,228][com.java.TestType] [11495] - <In Set values of the page>
[DEBUG][2016-01-20 15:19:20,228][com.java.TestType] [11500] - {Data Fields & Data Values Exist}
[INFO ][2016-01-20 15:19:20,228][com.java.TestType] [11506] - --------------------------setting values-----------------------------
[INFO ][2016-01-20 15:19:20,228][com.java.TestType] [11509] - Action Type : CLEARANDENTER
[INFO ][2016-01-20 15:19:22,512][com.java.TestType] [ 6202] - value = Password1*
[INFO ][2016-01-20 15:19:25,028][com.java.TestType] [11528] -  RESULT true
[INFO ][2016-01-20 15:19:25,028][com.java.TestType] [11645] - ?   P A S S   ?
[DEBUG][2016-01-20 15:19:25,028][com.java.TestType] [11451] - Concept ID:1 :: Step being Executed: 1::3
[ERROR][2016-01-20 15:19:25,028][com.java.TestType] [11484] - Exception: null
[INFO ][2016-01-20 15:19:25,028][com.java.TestType] [11489] - dataFields : XPH//button[@type='submit']
[DEBUG][2016-01-20 15:19:25,029][com.java.TestType] [11495] - <In Set values of the page>
[DEBUG][2016-01-20 15:19:25,029][com.java.TestType] [11500] - {Data Fields & Data Values Exist}
[INFO ][2016-01-20 15:19:25,029][com.java.TestType] [11506] - --------------------------setting values-----------------------------
[INFO ][2016-01-20 15:19:25,029][com.java.TestType] [11509] - Action Type : Click
[INFO ][2016-01-20 15:19:25,029][com.java.TestType] [ 6581] - Field ::XPH//button[@type='submit']
[INFO ][2016-01-20 15:19:25,029][com.java.TestType] [ 6202] - value = 
[INFO ][2016-01-20 15:19:26,029][com.java.TestType] [ 6751] - BEFORE CLICK
[INFO ][2016-01-20 15:19:26,877][com.java.TestType] [ 6759] - Unable to click the object Login
[INFO ][2016-01-20 15:19:26,877][com.java.TestType] [11528] -  RESULT true
[INFO ][2016-01-20 15:19:26,877][com.java.TestType] [11645] - ?   P A S S   ?
[DEBUG][2016-01-20 15:19:26,877][com.java.TestType] [11451] - Concept ID:1 :: Step being Executed: 1::4
[INFO ][2016-01-20 15:19:26,877][com.java.TestType] [11489] - dataFields : LNKLogout
[DEBUG][2016-01-20 15:19:26,877][com.java.TestType] [11495] - <In Set values of the page>
[DEBUG][2016-01-20 15:19:26,877][com.java.TestType] [11500] - {Data Fields & Data Values Exist}
[INFO ][2016-01-20 15:19:26,877][com.java.TestType] [11506] - --------------------------setting values-----------------------------
[INFO ][2016-01-20 15:19:26,877][com.java.TestType] [11509] - Action Type : WaitForElement
[INFO ][2016-01-20 15:19:30,295][com.java.TestType] [11528] -  RESULT true
[INFO ][2016-01-20 15:19:30,295][com.java.TestType] [11645] - ?   P A S S   ?
[INFO ][2016-01-20 15:19:30,295][com.java.TestType] [11716] - Looping End......
[INFO ][2016-01-20 15:19:30,296][com.java.SeleniumDriver] [  930] -  RESULT true
[INFO ][2016-01-20 15:19:30,296][com.java.SeleniumDriver] [ 1136] - ?   P A S S   ?
[INFO ][2016-01-20 15:19:30,296][com.java.SeleniumDriver] [  856] - ------------------------------------------
[INFO ][2016-01-20 15:19:30,296][com.java.SeleniumDriver] [  857] - Test case being Executed: 1
[INFO ][2016-01-20 15:19:30,296][com.java.SeleniumDriver] [  869] - Test step:2
[INFO ][2016-01-20 15:19:30,297][com.java.SeleniumDriver] [  881] - Datavalue is----------Concept#2:1-2
[INFO ][2016-01-20 15:19:30,297][com.java.SeleniumDriver] [  905] - DataField : test
[INFO ][2016-01-20 15:19:30,297][com.java.SeleniumDriver] [  907] - DataValue : Concept#2:1-2
[INFO ][2016-01-20 15:19:30,297][com.java.SeleniumDriver] [  913] - <In Set values of the page>
[INFO ][2016-01-20 15:19:30,297][com.java.SeleniumDriver] [  916] - {Data Fields & Data Values Exist}
[INFO ][2016-01-20 15:19:30,297][com.java.SeleniumDriver] [  918] - --------------------------setting values-----------------------------
[INFO ][2016-01-20 15:19:30,297][com.java.SeleniumDriver] [  921] - Action Type : ExecuteTestCase
[INFO ][2016-01-20 15:19:30,297][com.java.TestType] [  443] - The Concept sheet name is ---------- Concept
[INFO ][2016-01-20 15:19:30,297][com.java.TestType] [  446] - The Concept ID  is ---------- 2
[DEBUG][2016-01-20 15:19:30,297][com.java.TestType] [  450] - Steps being executted in the Concept are: 1:2
[INFO ][2016-01-20 15:19:30,297][com.java.TestType] [  457] - Test data details path ---------- D:\BankersDashboard\TestInputs\TestData.xls
[INFO ][2016-01-20 15:19:30,302][com.java.TestType] [  488] -  str(1) = 2
[INFO ][2016-01-20 15:19:30,302][com.java.TestType] [  491] - Test case Id is---2
[INFO ][2016-01-20 15:19:30,302][com.java.TestType] [  493] - 2
[INFO ][2016-01-20 15:19:30,302][com.java.TestType] [  488] -  str(2) = 1
[INFO ][2016-01-20 15:19:30,303][com.java.TestType] [  488] -  str(1) = 2
[INFO ][2016-01-20 15:19:30,303][com.java.TestType] [  491] - Test case Id is---2
[INFO ][2016-01-20 15:19:30,303][com.java.TestType] [  493] - 2
[INFO ][2016-01-20 15:19:30,303][com.java.TestType] [  488] -  str(2) = 2
[INFO ][2016-01-20 15:19:30,303][com.java.TestType] [  488] -  str(1) = 2
[INFO ][2016-01-20 15:19:30,303][com.java.TestType] [  491] - Test case Id is---2
[INFO ][2016-01-20 15:19:30,303][com.java.TestType] [  493] - 2
[INFO ][2016-01-20 15:19:30,303][com.java.TestType] [  488] -  str(2) = 3
[INFO ][2016-01-20 15:19:30,303][com.java.TestType] [11410] - Looping 1TCID = 2
[DEBUG][2016-01-20 15:19:30,304][com.java.TestType] [11451] - Concept ID:2 :: Step being Executed: 2::1
[INFO ][2016-01-20 15:19:30,304][com.java.TestType] [11489] - dataFields : BNK//select[@id='bank']
[DEBUG][2016-01-20 15:19:30,304][com.java.TestType] [11495] - <In Set values of the page>
[DEBUG][2016-01-20 15:19:30,304][com.java.TestType] [11500] - {Data Fields & Data Values Exist}
[INFO ][2016-01-20 15:19:30,305][com.java.TestType] [11506] - --------------------------setting values-----------------------------
[INFO ][2016-01-20 15:19:30,305][com.java.TestType] [11509] - Action Type : Select
[INFO ][2016-01-20 15:19:30,305][com.java.TestType] [ 6202] - value = PFC
[INFO ][2016-01-20 15:19:30,510][com.java.TestType] [11528] -  RESULT true
[INFO ][2016-01-20 15:19:30,510][com.java.TestType] [11645] - ?   P A S S   ?
[DEBUG][2016-01-20 15:19:30,510][com.java.TestType] [11451] - Concept ID:2 :: Step being Executed: 2::2
[INFO ][2016-01-20 15:19:30,510][com.java.TestType] [11489] - dataFields : LNKLogout
[DEBUG][2016-01-20 15:19:30,510][com.java.TestType] [11495] - <In Set values of the page>
[DEBUG][2016-01-20 15:19:30,510][com.java.TestType] [11500] - {Data Fields & Data Values Exist}
[INFO ][2016-01-20 15:19:30,511][com.java.TestType] [11506] - --------------------------setting values-----------------------------
[INFO ][2016-01-20 15:19:30,511][com.java.TestType] [11509] - Action Type : WaitTime
[DEBUG][2016-01-20 15:19:30,511][com.java.TestType] [ 6016] - sleepTime: 5000
[INFO ][2016-01-20 15:19:35,511][com.java.TestType] [11528] -  RESULT true
[INFO ][2016-01-20 15:19:35,511][com.java.TestType] [11645] - ?   P A S S   ?
[INFO ][2016-01-20 15:19:35,511][com.java.TestType] [11716] - Looping End......
[INFO ][2016-01-20 15:19:35,512][com.java.SeleniumDriver] [  930] -  RESULT true
[INFO ][2016-01-20 15:19:35,512][com.java.SeleniumDriver] [ 1136] - ?   P A S S   ?
[INFO ][2016-01-20 15:19:35,512][com.java.SeleniumDriver] [  856] - ------------------------------------------
[INFO ][2016-01-20 15:19:35,512][com.java.SeleniumDriver] [  857] - Test case being Executed: 1
[INFO ][2016-01-20 15:19:35,513][com.java.SeleniumDriver] [  869] - Test step:3
[INFO ][2016-01-20 15:19:35,513][com.java.SeleniumDriver] [  881] - Datavalue is----------2
[INFO ][2016-01-20 15:19:35,513][com.java.SeleniumDriver] [  905] - DataField : XPH//button[contains(text(),'Add Content')]
[INFO ][2016-01-20 15:19:35,513][com.java.SeleniumDriver] [  907] - DataValue : 2
[INFO ][2016-01-20 15:19:35,513][com.java.SeleniumDriver] [  913] - <In Set values of the page>
[INFO ][2016-01-20 15:19:35,513][com.java.SeleniumDriver] [  916] - {Data Fields & Data Values Exist}
[INFO ][2016-01-20 15:19:35,513][com.java.SeleniumDriver] [  918] - --------------------------setting values-----------------------------
[INFO ][2016-01-20 15:19:35,513][com.java.SeleniumDriver] [  921] - Action Type : WAITFORELEMENT
[INFO ][2016-01-20 15:19:35,551][com.java.SeleniumDriver] [  930] -  RESULT true
[INFO ][2016-01-20 15:19:35,551][com.java.SeleniumDriver] [ 1136] - ?   P A S S   ?
[DEBUG][2016-01-20 15:19:35,551][com.java.SeleniumDriver] [ 1248] - Case found
[DEBUG][2016-01-20 15:19:35,551][com.java.SeleniumDriver] [ 1253] - Incrementing ReportCounters[0]:1
[INFO ][2016-01-20 15:19:35,551][com.java.SeleniumDriver] [ 1272] - The results are-------------------[1, 1, Valid Login, Pass, , Wed Jan 20 15:19:30 IST 2016, 1, 2, Valid Login, Pass, , Wed Jan 20 15:19:35 IST 2016, 1, 3, Valid Login, Pass, , Wed Jan 20 15:19:35 IST 2016]
[INFO ][2016-01-20 15:19:35,552][com.java.SeleniumDriver] [ 1276] - End time is-------37 sec
[INFO ][2016-01-20 15:19:35,552][com.java.SeleniumDriver] [ 1277] - The results are-------------------[1, 1, Valid Login, Pass, , Wed Jan 20 15:19:30 IST 2016, 1, 2, Valid Login, Pass, , Wed Jan 20 15:19:35 IST 2016, 1, 3, Valid Login, Pass, , Wed Jan 20 15:19:35 IST 2016]
[DEBUG][2016-01-20 15:19:35,552][com.java.ImportnExport.ExportTestResultsExcel] [  222] - testResultPath = D:\BankersDashboard/TestReports/Test Results_BankersDashBoard_012016_151900_IE10_Any Bank USA.xls
[DEBUG][2016-01-20 15:19:35,552][com.java.ImportnExport.ExportTestResultsExcel] [  223] - browser is------------IE10
[DEBUG][2016-01-20 15:19:35,601][com.java.ImportnExport.ExportTestResultsExcel] [  270] - result.size() = 18
[DEBUG][2016-01-20 15:19:35,601][com.java.ImportnExport.ExportTestResultsExcel] [  274] - No of rows in sheet=1
[DEBUG][2016-01-20 15:19:35,601][com.java.ImportnExport.ExportTestResultsExcel] [  301] - ..in export..1
[DEBUG][2016-01-20 15:19:35,602][com.java.ImportnExport.ExportTestResultsExcel] [  301] - ..in export..Valid Login
[DEBUG][2016-01-20 15:19:35,602][com.java.ImportnExport.ExportTestResultsExcel] [  301] - ..in export..Pass
[DEBUG][2016-01-20 15:19:35,602][com.java.ImportnExport.ExportTestResultsExcel] [  301] - ..in export..
[DEBUG][2016-01-20 15:19:35,602][com.java.ImportnExport.ExportTestResultsExcel] [  301] - ..in export..Wed Jan 20 15:19:30 IST 2016
[INFO ][2016-01-20 15:19:35,603][com.java.SeleniumDriver] [ 1337] - out loop:0 size:2 TestCases:[1, 6] testcases:[1, 6]
[INFO ][2016-01-20 15:19:35,603][com.java.ImportnExport.ImportTestDataDetailsExcel] [   49] - test data details path===== D:\BankersDashboard\TestInputs\TestData.xls
[INFO ][2016-01-20 15:19:51,972][com.java.SeleniumDriver] [  856] - ------------------------------------------
[INFO ][2016-01-20 15:19:51,972][com.java.SeleniumDriver] [  857] - Test case being Executed: 6
[INFO ][2016-01-20 15:19:51,972][com.java.SeleniumDriver] [  869] - Test step:1
[INFO ][2016-01-20 15:19:51,972][com.java.SeleniumDriver] [  881] - Datavalue is----------Logout
[INFO ][2016-01-20 15:19:51,972][com.java.SeleniumDriver] [  905] - DataField : BTN
[INFO ][2016-01-20 15:19:51,972][com.java.SeleniumDriver] [  907] - DataValue : Logout
[INFO ][2016-01-20 15:19:51,972][com.java.SeleniumDriver] [  913] - <In Set values of the page>
[INFO ][2016-01-20 15:19:51,972][com.java.SeleniumDriver] [  916] - {Data Fields & Data Values Exist}
[INFO ][2016-01-20 15:19:51,972][com.java.SeleniumDriver] [  918] - --------------------------setting values-----------------------------
[INFO ][2016-01-20 15:19:51,972][com.java.SeleniumDriver] [  921] - Action Type : Verify
[INFO ][2016-01-20 15:19:51,972][com.java.TestType] [ 7743] - field= BTN value= Logout
[INFO ][2016-01-20 15:19:51,973][com.java.TestType] [ 6202] - value = Logout
[INFO ][2016-01-20 15:19:52,057][com.java.SeleniumDriver] [  930] -  RESULT true
[INFO ][2016-01-20 15:19:52,057][com.java.SeleniumDriver] [ 1136] - ?   P A S S   ?
[INFO ][2016-01-20 15:19:52,057][com.java.SeleniumDriver] [ 1178] - step change to 3
[INFO ][2016-01-20 15:19:52,058][com.java.SeleniumDriver] [  856] - ------------------------------------------
[INFO ][2016-01-20 15:19:52,058][com.java.SeleniumDriver] [  857] - Test case being Executed: 6
[INFO ][2016-01-20 15:19:52,058][com.java.SeleniumDriver] [  869] - Test step:3
[INFO ][2016-01-20 15:19:52,058][com.java.SeleniumDriver] [  881] - Datavalue is----------Concept#2:1-2
[INFO ][2016-01-20 15:19:52,058][com.java.SeleniumDriver] [  905] - DataField : test
[INFO ][2016-01-20 15:19:52,058][com.java.SeleniumDriver] [  907] - DataValue : Concept#2:1-2
[INFO ][2016-01-20 15:19:52,058][com.java.SeleniumDriver] [  913] - <In Set values of the page>
[INFO ][2016-01-20 15:19:52,058][com.java.SeleniumDriver] [  916] - {Data Fields & Data Values Exist}
[INFO ][2016-01-20 15:19:52,060][com.java.SeleniumDriver] [  918] - --------------------------setting values-----------------------------
[INFO ][2016-01-20 15:19:52,060][com.java.SeleniumDriver] [  921] - Action Type : ExecuteTestCase
[INFO ][2016-01-20 15:19:52,060][com.java.TestType] [  443] - The Concept sheet name is ---------- Concept
[INFO ][2016-01-20 15:19:52,060][com.java.TestType] [  446] - The Concept ID  is ---------- 2
[DEBUG][2016-01-20 15:19:52,060][com.java.TestType] [  450] - Steps being executted in the Concept are: 1:2
[INFO ][2016-01-20 15:19:52,060][com.java.TestType] [  457] - Test data details path ---------- D:\BankersDashboard\TestInputs\TestData.xls
[INFO ][2016-01-20 15:19:52,065][com.java.TestType] [  488] -  str(1) = 2
[INFO ][2016-01-20 15:19:52,065][com.java.TestType] [  491] - Test case Id is---2
[INFO ][2016-01-20 15:19:52,065][com.java.TestType] [  493] - 2
[INFO ][2016-01-20 15:19:52,065][com.java.TestType] [  488] -  str(2) = 1
[INFO ][2016-01-20 15:19:52,065][com.java.TestType] [  488] -  str(1) = 2
[INFO ][2016-01-20 15:19:52,065][com.java.TestType] [  491] - Test case Id is---2
[INFO ][2016-01-20 15:19:52,066][com.java.TestType] [  493] - 2
[INFO ][2016-01-20 15:19:52,066][com.java.TestType] [  488] -  str(2) = 2
[INFO ][2016-01-20 15:19:52,066][com.java.TestType] [  488] -  str(1) = 2
[INFO ][2016-01-20 15:19:52,066][com.java.TestType] [  491] - Test case Id is---2
[INFO ][2016-01-20 15:19:52,066][com.java.TestType] [  493] - 2
[INFO ][2016-01-20 15:19:52,066][com.java.TestType] [  488] -  str(2) = 3
[INFO ][2016-01-20 15:19:52,066][com.java.TestType] [11410] - Looping 1TCID = 2
[DEBUG][2016-01-20 15:19:52,066][com.java.TestType] [11451] - Concept ID:2 :: Step being Executed: 2::1
[INFO ][2016-01-20 15:19:52,066][com.java.TestType] [11489] - dataFields : BNK//select[@id='bank']
[DEBUG][2016-01-20 15:19:52,066][com.java.TestType] [11495] - <In Set values of the page>
[DEBUG][2016-01-20 15:19:52,067][com.java.TestType] [11500] - {Data Fields & Data Values Exist}
[INFO ][2016-01-20 15:19:52,067][com.java.TestType] [11506] - --------------------------setting values-----------------------------
[INFO ][2016-01-20 15:19:52,067][com.java.TestType] [11509] - Action Type : Select
[INFO ][2016-01-20 15:19:52,067][com.java.TestType] [ 6202] - value = PFC
[INFO ][2016-01-20 15:19:52,279][com.java.TestType] [11528] -  RESULT true
[INFO ][2016-01-20 15:19:52,279][com.java.TestType] [11645] - ?   P A S S   ?
[DEBUG][2016-01-20 15:19:52,279][com.java.TestType] [11451] - Concept ID:2 :: Step being Executed: 2::2
[INFO ][2016-01-20 15:19:52,279][com.java.TestType] [11489] - dataFields : LNKLogout
[DEBUG][2016-01-20 15:19:52,279][com.java.TestType] [11495] - <In Set values of the page>
[DEBUG][2016-01-20 15:19:52,279][com.java.TestType] [11500] - {Data Fields & Data Values Exist}
[INFO ][2016-01-20 15:19:52,279][com.java.TestType] [11506] - --------------------------setting values-----------------------------
[INFO ][2016-01-20 15:19:52,280][com.java.TestType] [11509] - Action Type : WaitTime
[DEBUG][2016-01-20 15:19:52,280][com.java.TestType] [ 6016] - sleepTime: 5000
[INFO ][2016-01-20 15:19:57,280][com.java.TestType] [11528] -  RESULT true
[INFO ][2016-01-20 15:19:57,280][com.java.TestType] [11645] - ?   P A S S   ?
[INFO ][2016-01-20 15:19:57,281][com.java.TestType] [11716] - Looping End......
[INFO ][2016-01-20 15:19:57,282][com.java.SeleniumDriver] [  930] -  RESULT true
[INFO ][2016-01-20 15:19:57,282][com.java.SeleniumDriver] [ 1136] - ?   P A S S   ?
[INFO ][2016-01-20 15:19:57,282][com.java.SeleniumDriver] [  856] - ------------------------------------------
[INFO ][2016-01-20 15:19:57,282][com.java.SeleniumDriver] [  857] - Test case being Executed: 6
[INFO ][2016-01-20 15:19:57,282][com.java.SeleniumDriver] [  869] - Test step:4
[INFO ][2016-01-20 15:19:57,282][com.java.SeleniumDriver] [  881] - Datavalue is----------null
[DEBUG][2016-01-20 15:19:57,282][com.java.SeleniumDriver] [  899] - Exception: null
[INFO ][2016-01-20 15:19:57,282][com.java.SeleniumDriver] [  905] - DataField : //span[@class='icon-bars2']&&//a[@data-id='ManageExisting']
[INFO ][2016-01-20 15:19:57,282][com.java.SeleniumDriver] [  907] - DataValue : 
[INFO ][2016-01-20 15:19:57,282][com.java.SeleniumDriver] [  913] - <In Set values of the page>
[INFO ][2016-01-20 15:19:57,283][com.java.SeleniumDriver] [  916] - {Data Fields & Data Values Exist}
[INFO ][2016-01-20 15:19:57,283][com.java.SeleniumDriver] [  918] - --------------------------setting values-----------------------------
[INFO ][2016-01-20 15:19:57,283][com.java.SeleniumDriver] [  921] - Action Type : MOUSEOVER
[INFO ][2016-01-20 15:20:20,617][com.java.SeleniumDriver] [  930] -  RESULT true
[INFO ][2016-01-20 15:20:20,617][com.java.SeleniumDriver] [ 1136] - ?   P A S S   ?
[INFO ][2016-01-20 15:20:20,617][com.java.SeleniumDriver] [  856] - ------------------------------------------
[INFO ][2016-01-20 15:20:20,617][com.java.SeleniumDriver] [  857] - Test case being Executed: 6
[INFO ][2016-01-20 15:20:20,617][com.java.SeleniumDriver] [  869] - Test step:5
[INFO ][2016-01-20 15:20:20,617][com.java.SeleniumDriver] [  881] - Datavalue is----------3
[INFO ][2016-01-20 15:20:20,617][com.java.SeleniumDriver] [  905] - DataField : BTNframeDialogContent
[INFO ][2016-01-20 15:20:20,617][com.java.SeleniumDriver] [  907] - DataValue : 3
[INFO ][2016-01-20 15:20:20,617][com.java.SeleniumDriver] [  913] - <In Set values of the page>
[INFO ][2016-01-20 15:20:20,617][com.java.SeleniumDriver] [  916] - {Data Fields & Data Values Exist}
[INFO ][2016-01-20 15:20:20,617][com.java.SeleniumDriver] [  918] - --------------------------setting values-----------------------------
[INFO ][2016-01-20 15:20:20,617][com.java.SeleniumDriver] [  921] - Action Type : WaitForElement
[INFO ][2016-01-20 15:20:21,824][com.java.SeleniumDriver] [  930] -  RESULT true
[INFO ][2016-01-20 15:20:21,824][com.java.SeleniumDriver] [ 1136] - ?   P A S S   ?
[INFO ][2016-01-20 15:20:21,824][com.java.SeleniumDriver] [  856] - ------------------------------------------
[INFO ][2016-01-20 15:20:21,824][com.java.SeleniumDriver] [  857] - Test case being Executed: 6
[INFO ][2016-01-20 15:20:21,824][com.java.SeleniumDriver] [  869] - Test step:6
[INFO ][2016-01-20 15:20:21,824][com.java.SeleniumDriver] [  881] - Datavalue is----------null
[DEBUG][2016-01-20 15:20:21,824][com.java.SeleniumDriver] [  899] - Exception: null
[INFO ][2016-01-20 15:20:21,824][com.java.SeleniumDriver] [  905] - DataField : BTNframeDialogContent
[INFO ][2016-01-20 15:20:21,824][com.java.SeleniumDriver] [  907] - DataValue : 
[INFO ][2016-01-20 15:20:21,825][com.java.SeleniumDriver] [  913] - <In Set values of the page>
[INFO ][2016-01-20 15:20:21,825][com.java.SeleniumDriver] [  916] - {Data Fields & Data Values Exist}
[INFO ][2016-01-20 15:20:21,825][com.java.SeleniumDriver] [  918] - --------------------------setting values-----------------------------
[INFO ][2016-01-20 15:20:21,825][com.java.SeleniumDriver] [  921] - Action Type : SELECTFRAME
[INFO ][2016-01-20 15:20:23,087][com.java.SeleniumDriver] [  930] -  RESULT true
[INFO ][2016-01-20 15:20:23,087][com.java.SeleniumDriver] [ 1136] - ?   P A S S   ?
[INFO ][2016-01-20 15:20:23,087][com.java.SeleniumDriver] [  856] - ------------------------------------------
[INFO ][2016-01-20 15:20:23,087][com.java.SeleniumDriver] [  857] - Test case being Executed: 6
[INFO ][2016-01-20 15:20:23,087][com.java.SeleniumDriver] [  869] - Test step:7
[INFO ][2016-01-20 15:20:23,088][com.java.SeleniumDriver] [  881] - Datavalue is----------HMVTotemPoleNameNew
[INFO ][2016-01-20 15:20:23,088][com.java.SeleniumDriver] [  905] - DataField : SLBddlTotemPoles
[INFO ][2016-01-20 15:20:23,088][com.java.SeleniumDriver] [  907] - DataValue : HMVTotemPoleNameNew
[INFO ][2016-01-20 15:20:23,088][com.java.SeleniumDriver] [  913] - <In Set values of the page>
[INFO ][2016-01-20 15:20:23,088][com.java.SeleniumDriver] [  916] - {Data Fields & Data Values Exist}
[INFO ][2016-01-20 15:20:23,088][com.java.SeleniumDriver] [  918] - --------------------------setting values-----------------------------
[INFO ][2016-01-20 15:20:23,088][com.java.SeleniumDriver] [  921] - Action Type : Select
[INFO ][2016-01-20 15:20:23,088][com.java.TestType] [ 6202] - value = null
[INFO ][2016-01-20 15:20:25,275][com.java.SeleniumDriver] [  930] -  RESULT false
[INFO ][2016-01-20 15:20:25,276][com.java.SeleniumDriver] [  977] - ?   F A I L   ?
[INFO ][2016-01-20 15:20:25,276][com.java.SeleniumDriver] [  985] - Browser Type : IE10
[INFO ][2016-01-20 15:20:25,276][com.java.SeleniumDriver] [  986] - Adding Failed case6
[DEBUG][2016-01-20 15:20:25,999][com.java.SeleniumDriver] [ 1054] -  tdd.getCondition() IF:9:Next
[INFO ][2016-01-20 15:20:25,999][com.java.SeleniumDriver] [ 1058] - Continue next step...
[INFO ][2016-01-20 15:20:25,999][com.java.SeleniumDriver] [  856] - ------------------------------------------
[INFO ][2016-01-20 15:20:25,999][com.java.SeleniumDriver] [  857] - Test case being Executed: 6
[INFO ][2016-01-20 15:20:25,999][com.java.SeleniumDriver] [  869] - Test step:8
[INFO ][2016-01-20 15:20:25,999][com.java.SeleniumDriver] [  881] - Datavalue is----------index:1
[INFO ][2016-01-20 15:20:26,000][com.java.SeleniumDriver] [  905] - DataField : COBddlTotemPoles
[INFO ][2016-01-20 15:20:26,000][com.java.SeleniumDriver] [  907] - DataValue : index:1
[INFO ][2016-01-20 15:20:26,000][com.java.SeleniumDriver] [  913] - <In Set values of the page>
[INFO ][2016-01-20 15:20:26,000][com.java.SeleniumDriver] [  916] - {Data Fields & Data Values Exist}
[INFO ][2016-01-20 15:20:26,000][com.java.SeleniumDriver] [  918] - --------------------------setting values-----------------------------
[INFO ][2016-01-20 15:20:26,000][com.java.SeleniumDriver] [  921] - Action Type : Select
[INFO ][2016-01-20 15:20:26,000][com.java.TestType] [ 6202] - value = 1
[INFO ][2016-01-20 15:20:27,085][com.java.TestType] [ 6320] -  In COB ddlTotemPoles : 1
[INFO ][2016-01-20 15:20:27,268][com.java.SeleniumDriver] [  930] -  RESULT true
[INFO ][2016-01-20 15:20:27,268][com.java.SeleniumDriver] [ 1136] - ?   P A S S   ?
[INFO ][2016-01-20 15:20:27,268][com.java.SeleniumDriver] [  856] - ------------------------------------------
[INFO ][2016-01-20 15:20:27,268][com.java.SeleniumDriver] [  857] - Test case being Executed: 6
[INFO ][2016-01-20 15:20:27,268][com.java.SeleniumDriver] [  869] - Test step:9
[INFO ][2016-01-20 15:20:27,268][com.java.SeleniumDriver] [  881] - Datavalue is----------null
[DEBUG][2016-01-20 15:20:27,268][com.java.SeleniumDriver] [  899] - Exception: null
[INFO ][2016-01-20 15:20:27,269][com.java.SeleniumDriver] [  905] - DataField : BTNparent
[INFO ][2016-01-20 15:20:27,269][com.java.SeleniumDriver] [  907] - DataValue : 
[INFO ][2016-01-20 15:20:27,269][com.java.SeleniumDriver] [  913] - <In Set values of the page>
[INFO ][2016-01-20 15:20:27,269][com.java.SeleniumDriver] [  916] - {Data Fields & Data Values Exist}
[INFO ][2016-01-20 15:20:27,269][com.java.SeleniumDriver] [  918] - --------------------------setting values-----------------------------
[INFO ][2016-01-20 15:20:27,269][com.java.SeleniumDriver] [  921] - Action Type : SELECTFRAME
[INFO ][2016-01-20 15:20:27,284][com.java.SeleniumDriver] [  930] -  RESULT true
[INFO ][2016-01-20 15:20:27,284][com.java.SeleniumDriver] [ 1136] - ?   P A S S   ?
[INFO ][2016-01-20 15:20:27,284][com.java.SeleniumDriver] [  856] - ------------------------------------------
[INFO ][2016-01-20 15:20:27,284][com.java.SeleniumDriver] [  857] - Test case being Executed: 6
[INFO ][2016-01-20 15:20:27,284][com.java.SeleniumDriver] [  869] - Test step:10
[INFO ][2016-01-20 15:20:27,284][com.java.SeleniumDriver] [  881] - Datavalue is----------null
[DEBUG][2016-01-20 15:20:27,284][com.java.SeleniumDriver] [  899] - Exception: null
[INFO ][2016-01-20 15:20:27,284][com.java.SeleniumDriver] [  905] - DataField : HDN//span[text()='Select']
[INFO ][2016-01-20 15:20:27,285][com.java.SeleniumDriver] [  907] - DataValue : 
[INFO ][2016-01-20 15:20:27,285][com.java.SeleniumDriver] [  913] - <In Set values of the page>
[INFO ][2016-01-20 15:20:27,285][com.java.SeleniumDriver] [  916] - {Data Fields & Data Values Exist}
[INFO ][2016-01-20 15:20:27,285][com.java.SeleniumDriver] [  918] - --------------------------setting values-----------------------------
[INFO ][2016-01-20 15:20:27,285][com.java.SeleniumDriver] [  921] - Action Type : Click
[INFO ][2016-01-20 15:20:27,285][com.java.TestType] [ 6581] - Field ::HDN//span[text()='Select']
[INFO ][2016-01-20 15:20:27,285][com.java.TestType] [ 6202] - value = 
[INFO ][2016-01-20 15:20:28,432][com.java.SeleniumDriver] [  930] -  RESULT true
[INFO ][2016-01-20 15:20:28,432][com.java.SeleniumDriver] [ 1136] - ?   P A S S   ?
[INFO ][2016-01-20 15:20:28,432][com.java.SeleniumDriver] [  856] - ------------------------------------------
[INFO ][2016-01-20 15:20:28,432][com.java.SeleniumDriver] [  857] - Test case being Executed: 6
[INFO ][2016-01-20 15:20:28,432][com.java.SeleniumDriver] [  869] - Test step:11
[INFO ][2016-01-20 15:20:28,432][com.java.SeleniumDriver] [  881] - Datavalue is----------2
[INFO ][2016-01-20 15:20:28,432][com.java.SeleniumDriver] [  905] - DataField : BTNbtnAddItem.BalanceSheet
[INFO ][2016-01-20 15:20:28,432][com.java.SeleniumDriver] [  907] - DataValue : 2
[INFO ][2016-01-20 15:20:28,432][com.java.SeleniumDriver] [  913] - <In Set values of the page>
[INFO ][2016-01-20 15:20:28,432][com.java.SeleniumDriver] [  916] - {Data Fields & Data Values Exist}
[INFO ][2016-01-20 15:20:28,433][com.java.SeleniumDriver] [  918] - --------------------------setting values-----------------------------
[INFO ][2016-01-20 15:20:28,433][com.java.SeleniumDriver] [  921] - Action Type : WaitForElement
[INFO ][2016-01-20 15:20:29,736][com.java.SeleniumDriver] [  930] -  RESULT true
[INFO ][2016-01-20 15:20:29,736][com.java.SeleniumDriver] [ 1136] - ?   P A S S   ?
[INFO ][2016-01-20 15:20:29,736][com.java.SeleniumDriver] [  856] - ------------------------------------------
[INFO ][2016-01-20 15:20:29,736][com.java.SeleniumDriver] [  857] - Test case being Executed: 6
[INFO ][2016-01-20 15:20:29,736][com.java.SeleniumDriver] [  869] - Test step:12
[INFO ][2016-01-20 15:20:29,736][com.java.SeleniumDriver] [  881] - Datavalue is----------null
[DEBUG][2016-01-20 15:20:29,737][com.java.SeleniumDriver] [  899] - Exception: null
[INFO ][2016-01-20 15:20:29,737][com.java.SeleniumDriver] [  905] - DataField : HDNbtnAddItem.BalanceSheet
[INFO ][2016-01-20 15:20:29,737][com.java.SeleniumDriver] [  907] - DataValue : 
[INFO ][2016-01-20 15:20:29,737][com.java.SeleniumDriver] [  913] - <In Set values of the page>
[INFO ][2016-01-20 15:20:29,737][com.java.SeleniumDriver] [  916] - {Data Fields & Data Values Exist}
[INFO ][2016-01-20 15:20:29,737][com.java.SeleniumDriver] [  918] - --------------------------setting values-----------------------------
[INFO ][2016-01-20 15:20:29,737][com.java.SeleniumDriver] [  921] - Action Type : Click
[INFO ][2016-01-20 15:20:29,737][com.java.TestType] [ 6581] - Field ::HDNbtnAddItem.BalanceSheet
[INFO ][2016-01-20 15:20:29,737][com.java.TestType] [ 6202] - value = 
[INFO ][2016-01-20 15:20:32,678][com.java.SeleniumDriver] [  930] -  RESULT true
[INFO ][2016-01-20 15:20:32,678][com.java.SeleniumDriver] [ 1136] - ?   P A S S   ?
[INFO ][2016-01-20 15:20:32,678][com.java.SeleniumDriver] [  856] - ------------------------------------------
[INFO ][2016-01-20 15:20:32,678][com.java.SeleniumDriver] [  857] - Test case being Executed: 6
[INFO ][2016-01-20 15:20:32,678][com.java.SeleniumDriver] [  869] - Test step:13
[INFO ][2016-01-20 15:20:32,678][com.java.SeleniumDriver] [  881] - Datavalue is----------3
[INFO ][2016-01-20 15:20:32,678][com.java.SeleniumDriver] [  905] - DataField : BTNframeDialogContent
[INFO ][2016-01-20 15:20:32,678][com.java.SeleniumDriver] [  907] - DataValue : 3
[INFO ][2016-01-20 15:20:32,678][com.java.SeleniumDriver] [  913] - <In Set values of the page>
[INFO ][2016-01-20 15:20:32,678][com.java.SeleniumDriver] [  916] - {Data Fields & Data Values Exist}
[INFO ][2016-01-20 15:20:32,679][com.java.SeleniumDriver] [  918] - --------------------------setting values-----------------------------
[INFO ][2016-01-20 15:20:32,679][com.java.SeleniumDriver] [  921] - Action Type : WaitForElement
[INFO ][2016-01-20 15:20:33,896][com.java.SeleniumDriver] [  930] -  RESULT true
[INFO ][2016-01-20 15:20:33,896][com.java.SeleniumDriver] [ 1136] - ?   P A S S   ?
[INFO ][2016-01-20 15:20:33,896][com.java.SeleniumDriver] [  856] - ------------------------------------------
[INFO ][2016-01-20 15:20:33,896][com.java.SeleniumDriver] [  857] - Test case being Executed: 6
[INFO ][2016-01-20 15:20:33,896][com.java.SeleniumDriver] [  869] - Test step:14
[INFO ][2016-01-20 15:20:33,897][com.java.SeleniumDriver] [  881] - Datavalue is----------null
[DEBUG][2016-01-20 15:20:33,897][com.java.SeleniumDriver] [  899] - Exception: null
[INFO ][2016-01-20 15:20:33,897][com.java.SeleniumDriver] [  905] - DataField : BTNframeDialogContent
[INFO ][2016-01-20 15:20:33,897][com.java.SeleniumDriver] [  907] - DataValue : 
[INFO ][2016-01-20 15:20:33,897][com.java.SeleniumDriver] [  913] - <In Set values of the page>
[INFO ][2016-01-20 15:20:33,897][com.java.SeleniumDriver] [  916] - {Data Fields & Data Values Exist}
[INFO ][2016-01-20 15:20:33,897][com.java.SeleniumDriver] [  918] - --------------------------setting values-----------------------------
[INFO ][2016-01-20 15:20:33,897][com.java.SeleniumDriver] [  921] - Action Type : SELECTFRAME
[INFO ][2016-01-20 15:20:35,173][com.java.SeleniumDriver] [  930] -  RESULT true
[INFO ][2016-01-20 15:20:35,173][com.java.SeleniumDriver] [ 1136] - ?   P A S S   ?
[INFO ][2016-01-20 15:20:35,173][com.java.SeleniumDriver] [  856] - ------------------------------------------
[INFO ][2016-01-20 15:20:35,173][com.java.SeleniumDriver] [  857] - Test case being Executed: 6
[INFO ][2016-01-20 15:20:35,173][com.java.SeleniumDriver] [  869] - Test step:15
[INFO ][2016-01-20 15:20:35,173][com.java.SeleniumDriver] [  881] - Datavalue is----------3
[INFO ][2016-01-20 15:20:35,173][com.java.SeleniumDriver] [  905] - DataField : BTNtxtItemTitle
[INFO ][2016-01-20 15:20:35,173][com.java.SeleniumDriver] [  907] - DataValue : 3
[INFO ][2016-01-20 15:20:35,174][com.java.SeleniumDriver] [  913] - <In Set values of the page>
[INFO ][2016-01-20 15:20:35,174][com.java.SeleniumDriver] [  916] - {Data Fields & Data Values Exist}
[INFO ][2016-01-20 15:20:35,174][com.java.SeleniumDriver] [  918] - --------------------------setting values-----------------------------
[INFO ][2016-01-20 15:20:35,174][com.java.SeleniumDriver] [  921] - Action Type : WaitForElement
[INFO ][2016-01-20 15:20:36,227][com.java.SeleniumDriver] [  930] -  RESULT true
[INFO ][2016-01-20 15:20:36,228][com.java.SeleniumDriver] [ 1136] - ?   P A S S   ?
[INFO ][2016-01-20 15:20:36,228][com.java.SeleniumDriver] [  856] - ------------------------------------------
[INFO ][2016-01-20 15:20:36,228][com.java.SeleniumDriver] [  857] - Test case being Executed: 6
[INFO ][2016-01-20 15:20:36,228][com.java.SeleniumDriver] [  869] - Test step:16
[INFO ][2016-01-20 15:20:36,228][com.java.SeleniumDriver] [  881] - Datavalue is----------RNDVLBSItem
[INFO ][2016-01-20 15:20:36,228][com.java.SeleniumDriver] [  905] - DataField : TXTtxtItemTitle
[INFO ][2016-01-20 15:20:36,228][com.java.SeleniumDriver] [  907] - DataValue : RNDVLBSItem
[INFO ][2016-01-20 15:20:36,228][com.java.SeleniumDriver] [  913] - <In Set values of the page>
[INFO ][2016-01-20 15:20:36,228][com.java.SeleniumDriver] [  916] - {Data Fields & Data Values Exist}
[INFO ][2016-01-20 15:20:36,228][com.java.SeleniumDriver] [  918] - --------------------------setting values-----------------------------
[INFO ][2016-01-20 15:20:36,228][com.java.SeleniumDriver] [  921] - Action Type : Enter
[INFO ][2016-01-20 15:20:36,228][com.java.TestType] [ 7135] - field = txtItemTitle
[INFO ][2016-01-20 15:20:36,228][com.java.TestType] [ 6202] - value = VLBSItem59833
[INFO ][2016-01-20 15:20:38,050][com.java.SeleniumDriver] [  930] -  RESULT true
[INFO ][2016-01-20 15:20:38,051][com.java.SeleniumDriver] [ 1136] - ?   P A S S   ?
[INFO ][2016-01-20 15:20:38,051][com.java.SeleniumDriver] [  856] - ------------------------------------------
[INFO ][2016-01-20 15:20:38,051][com.java.SeleniumDriver] [  857] - Test case being Executed: 6
[INFO ][2016-01-20 15:20:38,051][com.java.SeleniumDriver] [  869] - Test step:17
[INFO ][2016-01-20 15:20:38,051][com.java.SeleniumDriver] [  881] - Datavalue is----------1
[INFO ][2016-01-20 15:20:38,051][com.java.SeleniumDriver] [  905] - DataField : test
[INFO ][2016-01-20 15:20:38,051][com.java.SeleniumDriver] [  907] - DataValue : 1
[INFO ][2016-01-20 15:20:38,051][com.java.SeleniumDriver] [  913] - <In Set values of the page>
[INFO ][2016-01-20 15:20:38,051][com.java.SeleniumDriver] [  916] - {Data Fields & Data Values Exist}
[INFO ][2016-01-20 15:20:38,051][com.java.SeleniumDriver] [  918] - --------------------------setting values-----------------------------
[INFO ][2016-01-20 15:20:38,051][com.java.SeleniumDriver] [  921] - Action Type : WaitTime
[DEBUG][2016-01-20 15:20:38,051][com.java.TestType] [ 6016] - sleepTime: 1000
[INFO ][2016-01-20 15:20:39,051][com.java.SeleniumDriver] [  930] -  RESULT true
[INFO ][2016-01-20 15:20:39,051][com.java.SeleniumDriver] [ 1136] - ?   P A S S   ?
[INFO ][2016-01-20 15:20:39,051][com.java.SeleniumDriver] [  856] - ------------------------------------------
[INFO ][2016-01-20 15:20:39,051][com.java.SeleniumDriver] [  857] - Test case being Executed: 6
[INFO ][2016-01-20 15:20:39,051][com.java.SeleniumDriver] [  869] - Test step:18
[INFO ][2016-01-20 15:20:39,051][com.java.SeleniumDriver] [  881] - Datavalue is----------BSItemName
[INFO ][2016-01-20 15:20:39,051][com.java.SeleniumDriver] [  905] - DataField : TXTtxtItemTitle
[INFO ][2016-01-20 15:20:39,051][com.java.SeleniumDriver] [  907] - DataValue : BSItemName
[INFO ][2016-01-20 15:20:39,051][com.java.SeleniumDriver] [  913] - <In Set values of the page>
[INFO ][2016-01-20 15:20:39,051][com.java.SeleniumDriver] [  916] - {Data Fields & Data Values Exist}
[INFO ][2016-01-20 15:20:39,051][com.java.SeleniumDriver] [  918] - --------------------------setting values-----------------------------
[INFO ][2016-01-20 15:20:39,051][com.java.SeleniumDriver] [  921] - Action Type : StoreValue
[INFO ][2016-01-20 15:20:39,052][com.java.TestType] [ 9170] - field= TXTtxtItemTitle
[DEBUG][2016-01-20 15:20:40,155][com.java.TestType] [ 9184] - Key:: BSItemName  Value:: VLBSItem59833
[INFO ][2016-01-20 15:20:40,155][com.java.SeleniumDriver] [  930] -  RESULT true
[INFO ][2016-01-20 15:20:40,155][com.java.SeleniumDriver] [ 1136] - ?   P A S S   ?
[INFO ][2016-01-20 15:20:40,155][com.java.SeleniumDriver] [  856] - ------------------------------------------
[INFO ][2016-01-20 15:20:40,155][com.java.SeleniumDriver] [  857] - Test case being Executed: 6
[INFO ][2016-01-20 15:20:40,155][com.java.SeleniumDriver] [  869] - Test step:19
[INFO ][2016-01-20 15:20:40,156][com.java.SeleniumDriver] [  881] - Datavalue is----------40
[INFO ][2016-01-20 15:20:40,156][com.java.SeleniumDriver] [  905] - DataField : TXTtxtItemWeight
[INFO ][2016-01-20 15:20:40,156][com.java.SeleniumDriver] [  907] - DataValue : 40
[INFO ][2016-01-20 15:20:40,156][com.java.SeleniumDriver] [  913] - <In Set values of the page>
[INFO ][2016-01-20 15:20:40,156][com.java.SeleniumDriver] [  916] - {Data Fields & Data Values Exist}
[INFO ][2016-01-20 15:20:40,156][com.java.SeleniumDriver] [  918] - --------------------------setting values-----------------------------
[INFO ][2016-01-20 15:20:40,156][com.java.SeleniumDriver] [  921] - Action Type : ClearAndEnter
[INFO ][2016-01-20 15:20:41,291][com.java.TestType] [ 6202] - value = 40
[INFO ][2016-01-20 15:20:42,437][com.java.SeleniumDriver] [  930] -  RESULT true
[INFO ][2016-01-20 15:20:42,437][com.java.SeleniumDriver] [ 1136] - ?   P A S S   ?
[INFO ][2016-01-20 15:20:42,437][com.java.SeleniumDriver] [  856] - ------------------------------------------
[INFO ][2016-01-20 15:20:42,437][com.java.SeleniumDriver] [  857] - Test case being Executed: 6
[INFO ][2016-01-20 15:20:42,437][com.java.SeleniumDriver] [  869] - Test step:20
[INFO ][2016-01-20 15:20:42,437][com.java.SeleniumDriver] [  881] - Datavalue is----------null
[DEBUG][2016-01-20 15:20:42,437][com.java.SeleniumDriver] [  899] - Exception: null
[INFO ][2016-01-20 15:20:42,437][com.java.SeleniumDriver] [  905] - DataField : HDNchkAvg
[INFO ][2016-01-20 15:20:42,438][com.java.SeleniumDriver] [  907] - DataValue : 
[INFO ][2016-01-20 15:20:42,438][com.java.SeleniumDriver] [  913] - <In Set values of the page>
[INFO ][2016-01-20 15:20:42,438][com.java.SeleniumDriver] [  916] - {Data Fields & Data Values Exist}
[INFO ][2016-01-20 15:20:42,438][com.java.SeleniumDriver] [  918] - --------------------------setting values-----------------------------
[INFO ][2016-01-20 15:20:42,438][com.java.SeleniumDriver] [  921] - Action Type : Click
[INFO ][2016-01-20 15:20:42,438][com.java.TestType] [ 6581] - Field ::HDNchkAvg
[INFO ][2016-01-20 15:20:42,438][com.java.TestType] [ 6202] - value = 
[INFO ][2016-01-20 15:20:44,510][com.java.SeleniumDriver] [  930] -  RESULT true
[INFO ][2016-01-20 15:20:44,510][com.java.SeleniumDriver] [ 1136] - ?   P A S S   ?
[INFO ][2016-01-20 15:20:44,510][com.java.SeleniumDriver] [  856] - ------------------------------------------
[INFO ][2016-01-20 15:20:44,510][com.java.SeleniumDriver] [  857] - Test case being Executed: 6
[INFO ][2016-01-20 15:20:44,510][com.java.SeleniumDriver] [  869] - Test step:21
[INFO ][2016-01-20 15:20:44,510][com.java.SeleniumDriver] [  881] - Datavalue is----------Change
[INFO ][2016-01-20 15:20:44,510][com.java.SeleniumDriver] [  905] - DataField : SLBddlItemVariance
[INFO ][2016-01-20 15:20:44,510][com.java.SeleniumDriver] [  907] - DataValue : Change
[INFO ][2016-01-20 15:20:44,510][com.java.SeleniumDriver] [  913] - <In Set values of the page>
[INFO ][2016-01-20 15:20:44,511][com.java.SeleniumDriver] [  916] - {Data Fields & Data Values Exist}
[INFO ][2016-01-20 15:20:44,511][com.java.SeleniumDriver] [  918] - --------------------------setting values-----------------------------
[INFO ][2016-01-20 15:20:44,511][com.java.SeleniumDriver] [  921] - Action Type : Select
[INFO ][2016-01-20 15:20:44,511][com.java.TestType] [ 6202] - value = Change
[INFO ][2016-01-20 15:20:46,822][com.java.SeleniumDriver] [  930] -  RESULT true
[INFO ][2016-01-20 15:20:46,822][com.java.SeleniumDriver] [ 1136] - ?   P A S S   ?
[INFO ][2016-01-20 15:20:46,822][com.java.SeleniumDriver] [  856] - ------------------------------------------
[INFO ][2016-01-20 15:20:46,822][com.java.SeleniumDriver] [  857] - Test case being Executed: 6
[INFO ][2016-01-20 15:20:46,822][com.java.SeleniumDriver] [  869] - Test step:22
[INFO ][2016-01-20 15:20:46,822][com.java.SeleniumDriver] [  881] - Datavalue is----------3
[INFO ][2016-01-20 15:20:46,822][com.java.SeleniumDriver] [  905] - DataField : test
[INFO ][2016-01-20 15:20:46,822][com.java.SeleniumDriver] [  907] - DataValue : 3
[INFO ][2016-01-20 15:20:46,822][com.java.SeleniumDriver] [  913] - <In Set values of the page>
[INFO ][2016-01-20 15:20:46,823][com.java.SeleniumDriver] [  916] - {Data Fields & Data Values Exist}
[INFO ][2016-01-20 15:20:46,823][com.java.SeleniumDriver] [  918] - --------------------------setting values-----------------------------
[INFO ][2016-01-20 15:20:46,823][com.java.SeleniumDriver] [  921] - Action Type : WaitTime
[DEBUG][2016-01-20 15:20:46,823][com.java.TestType] [ 6016] - sleepTime: 3000
[INFO ][2016-01-20 15:20:49,824][com.java.SeleniumDriver] [  930] -  RESULT true
[INFO ][2016-01-20 15:20:49,824][com.java.SeleniumDriver] [ 1136] - ?   P A S S   ?
[INFO ][2016-01-20 15:20:49,824][com.java.SeleniumDriver] [  856] - ------------------------------------------
[INFO ][2016-01-20 15:20:49,824][com.java.SeleniumDriver] [  857] - Test case being Executed: 6
[INFO ][2016-01-20 15:20:49,825][com.java.SeleniumDriver] [  869] - Test step:23
[INFO ][2016-01-20 15:20:49,825][com.java.SeleniumDriver] [  881] - Datavalue is----------Actual
[INFO ][2016-01-20 15:20:49,825][com.java.SeleniumDriver] [  905] - DataField : SLBddlVarianceSource
[INFO ][2016-01-20 15:20:49,825][com.java.SeleniumDriver] [  907] - DataValue : Actual
[INFO ][2016-01-20 15:20:49,825][com.java.SeleniumDriver] [  913] - <In Set values of the page>
[INFO ][2016-01-20 15:20:49,825][com.java.SeleniumDriver] [  916] - {Data Fields & Data Values Exist}
[INFO ][2016-01-20 15:20:49,825][com.java.SeleniumDriver] [  918] - --------------------------setting values-----------------------------
[INFO ][2016-01-20 15:20:49,825][com.java.SeleniumDriver] [  921] - Action Type : Select
[INFO ][2016-01-20 15:20:49,825][com.java.TestType] [ 6202] - value = Actual
[INFO ][2016-01-20 15:20:52,158][com.java.SeleniumDriver] [  930] -  RESULT true
[INFO ][2016-01-20 15:20:52,158][com.java.SeleniumDriver] [ 1136] - ?   P A S S   ?
[INFO ][2016-01-20 15:20:52,158][com.java.SeleniumDriver] [  856] - ------------------------------------------
[INFO ][2016-01-20 15:20:52,158][com.java.SeleniumDriver] [  857] - Test case being Executed: 6
[INFO ][2016-01-20 15:20:52,158][com.java.SeleniumDriver] [  869] - Test step:24
[INFO ][2016-01-20 15:20:52,158][com.java.SeleniumDriver] [  881] - Datavalue is----------Same Period
[INFO ][2016-01-20 15:20:52,158][com.java.SeleniumDriver] [  905] - DataField : SLBddlVarianceRange
[INFO ][2016-01-20 15:20:52,159][com.java.SeleniumDriver] [  907] - DataValue : Same Period
[INFO ][2016-01-20 15:20:52,159][com.java.SeleniumDriver] [  913] - <In Set values of the page>
[INFO ][2016-01-20 15:20:52,159][com.java.SeleniumDriver] [  916] - {Data Fields & Data Values Exist}
[INFO ][2016-01-20 15:20:52,159][com.java.SeleniumDriver] [  918] - --------------------------setting values-----------------------------
[INFO ][2016-01-20 15:20:52,159][com.java.SeleniumDriver] [  921] - Action Type : Select
[INFO ][2016-01-20 15:20:52,159][com.java.TestType] [ 6202] - value = Same Period
[INFO ][2016-01-20 15:20:54,461][com.java.SeleniumDriver] [  930] -  RESULT true
[INFO ][2016-01-20 15:20:54,461][com.java.SeleniumDriver] [ 1136] - ?   P A S S   ?
[INFO ][2016-01-20 15:20:54,461][com.java.SeleniumDriver] [  856] - ------------------------------------------
[INFO ][2016-01-20 15:20:54,461][com.java.SeleniumDriver] [  857] - Test case being Executed: 6
[INFO ][2016-01-20 15:20:54,461][com.java.SeleniumDriver] [  869] - Test step:25
[INFO ][2016-01-20 15:20:54,461][com.java.SeleniumDriver] [  881] - Datavalue is----------null
[DEBUG][2016-01-20 15:20:54,461][com.java.SeleniumDriver] [  899] - Exception: null
[INFO ][2016-01-20 15:20:54,462][com.java.SeleniumDriver] [  905] - DataField : BTN//select[@id='opGroups']/optgroup[1]/option[2]
[INFO ][2016-01-20 15:20:54,462][com.java.SeleniumDriver] [  907] - DataValue : 
[INFO ][2016-01-20 15:20:54,462][com.java.SeleniumDriver] [  913] - <In Set values of the page>
[INFO ][2016-01-20 15:20:54,462][com.java.SeleniumDriver] [  916] - {Data Fields & Data Values Exist}
[INFO ][2016-01-20 15:20:54,462][com.java.SeleniumDriver] [  918] - --------------------------setting values-----------------------------
[INFO ][2016-01-20 15:20:54,462][com.java.SeleniumDriver] [  921] - Action Type : Click
[INFO ][2016-01-20 15:20:54,462][com.java.TestType] [ 6581] - Field ::BTN//select[@id='opGroups']/optgroup[1]/option[2]
[INFO ][2016-01-20 15:20:54,462][com.java.TestType] [ 6202] - value = 
[INFO ][2016-01-20 15:20:55,462][com.java.TestType] [ 6730] - BEFORE CLICK
[INFO ][2016-01-20 15:20:55,597][com.java.TestType] [ 6737] - Unable to click the object Group option
[INFO ][2016-01-20 15:20:55,597][com.java.SeleniumDriver] [  930] -  RESULT true
[INFO ][2016-01-20 15:20:55,597][com.java.SeleniumDriver] [ 1136] - ?   P A S S   ?
[INFO ][2016-01-20 15:20:55,597][com.java.SeleniumDriver] [ 1178] - step change to 27
[INFO ][2016-01-20 15:20:55,597][com.java.SeleniumDriver] [  856] - ------------------------------------------
[INFO ][2016-01-20 15:20:55,597][com.java.SeleniumDriver] [  857] - Test case being Executed: 6
[INFO ][2016-01-20 15:20:55,597][com.java.SeleniumDriver] [  869] - Test step:27
[INFO ][2016-01-20 15:20:55,598][com.java.SeleniumDriver] [  881] - Datavalue is----------5
[INFO ][2016-01-20 15:20:55,598][com.java.SeleniumDriver] [  905] - DataField : BTN//select[@id='opAccounts']/option[1]
[INFO ][2016-01-20 15:20:55,598][com.java.SeleniumDriver] [  907] - DataValue : 5
[INFO ][2016-01-20 15:20:55,598][com.java.SeleniumDriver] [  913] - <In Set values of the page>
[INFO ][2016-01-20 15:20:55,598][com.java.SeleniumDriver] [  916] - {Data Fields & Data Values Exist}
[INFO ][2016-01-20 15:20:55,598][com.java.SeleniumDriver] [  918] - --------------------------setting values-----------------------------
[INFO ][2016-01-20 15:20:55,598][com.java.SeleniumDriver] [  921] - Action Type : WaitForElement
[INFO ][2016-01-20 15:20:56,687][com.java.SeleniumDriver] [  930] -  RESULT true
[INFO ][2016-01-20 15:20:56,687][com.java.SeleniumDriver] [ 1136] - ?   P A S S   ?
[INFO ][2016-01-20 15:20:56,687][com.java.SeleniumDriver] [  856] - ------------------------------------------
[INFO ][2016-01-20 15:20:56,687][com.java.SeleniumDriver] [  857] - Test case being Executed: 6
[INFO ][2016-01-20 15:20:56,687][com.java.SeleniumDriver] [  869] - Test step:28
[INFO ][2016-01-20 15:20:56,687][com.java.SeleniumDriver] [  881] - Datavalue is----------index:1
[INFO ][2016-01-20 15:20:56,687][com.java.SeleniumDriver] [  905] - DataField : COBopAccounts
[INFO ][2016-01-20 15:20:56,687][com.java.SeleniumDriver] [  907] - DataValue : index:1
[INFO ][2016-01-20 15:20:56,687][com.java.SeleniumDriver] [  913] - <In Set values of the page>
[INFO ][2016-01-20 15:20:56,687][com.java.SeleniumDriver] [  916] - {Data Fields & Data Values Exist}
[INFO ][2016-01-20 15:20:56,687][com.java.SeleniumDriver] [  918] - --------------------------setting values-----------------------------
[INFO ][2016-01-20 15:20:56,687][com.java.SeleniumDriver] [  921] - Action Type : Select
[INFO ][2016-01-20 15:20:56,687][com.java.TestType] [ 6202] - value = 1
[INFO ][2016-01-20 15:20:57,785][com.java.TestType] [ 6320] -  In COB opAccounts : 1
[INFO ][2016-01-20 15:20:57,958][com.java.SeleniumDriver] [  930] -  RESULT true
[INFO ][2016-01-20 15:20:57,958][com.java.SeleniumDriver] [ 1136] - ?   P A S S   ?
[INFO ][2016-01-20 15:20:57,958][com.java.SeleniumDriver] [  856] - ------------------------------------------
[INFO ][2016-01-20 15:20:57,958][com.java.SeleniumDriver] [  857] - Test case being Executed: 6
[INFO ][2016-01-20 15:20:57,958][com.java.SeleniumDriver] [  869] - Test step:29
[INFO ][2016-01-20 15:20:57,958][com.java.SeleniumDriver] [  881] - Datavalue is----------null
[DEBUG][2016-01-20 15:20:57,959][com.java.SeleniumDriver] [  899] - Exception: null
[INFO ][2016-01-20 15:20:57,959][com.java.SeleniumDriver] [  905] - DataField : BTN//select[@id='opAccounts']/option[2]
[INFO ][2016-01-20 15:20:57,959][com.java.SeleniumDriver] [  907] - DataValue : 
[INFO ][2016-01-20 15:20:57,959][com.java.SeleniumDriver] [  913] - <In Set values of the page>
[INFO ][2016-01-20 15:20:57,959][com.java.SeleniumDriver] [  916] - {Data Fields & Data Values Exist}
[INFO ][2016-01-20 15:20:57,959][com.java.SeleniumDriver] [  918] - --------------------------setting values-----------------------------
[INFO ][2016-01-20 15:20:57,959][com.java.SeleniumDriver] [  921] - Action Type : Click
[INFO ][2016-01-20 15:20:57,959][com.java.TestType] [ 6581] - Field ::BTN//select[@id='opAccounts']/option[2]
[INFO ][2016-01-20 15:20:57,959][com.java.TestType] [ 6202] - value = 
[INFO ][2016-01-20 15:20:58,959][com.java.TestType] [ 6730] - BEFORE CLICK
[INFO ][2016-01-20 15:20:59,051][com.java.TestType] [ 6737] - Unable to click the object Average check box
[INFO ][2016-01-20 15:20:59,051][com.java.SeleniumDriver] [  930] -  RESULT true
[INFO ][2016-01-20 15:20:59,051][com.java.SeleniumDriver] [ 1136] - ?   P A S S   ?
[INFO ][2016-01-20 15:20:59,051][com.java.SeleniumDriver] [  856] - ------------------------------------------
[INFO ][2016-01-20 15:20:59,051][com.java.SeleniumDriver] [  857] - Test case being Executed: 6
[INFO ][2016-01-20 15:20:59,051][com.java.SeleniumDriver] [  869] - Test step:30
[INFO ][2016-01-20 15:20:59,051][com.java.SeleniumDriver] [  881] - Datavalue is----------5
[INFO ][2016-01-20 15:20:59,052][com.java.SeleniumDriver] [  905] - DataField : BTN//div[@id="expression"]/span[2]
[INFO ][2016-01-20 15:20:59,052][com.java.SeleniumDriver] [  907] - DataValue : 5
[INFO ][2016-01-20 15:20:59,052][com.java.SeleniumDriver] [  913] - <In Set values of the page>
[INFO ][2016-01-20 15:20:59,052][com.java.SeleniumDriver] [  916] - {Data Fields & Data Values Exist}
[INFO ][2016-01-20 15:20:59,052][com.java.SeleniumDriver] [  918] - --------------------------setting values-----------------------------
[INFO ][2016-01-20 15:20:59,052][com.java.SeleniumDriver] [  921] - Action Type : WaitForElement
[INFO ][2016-01-20 15:21:28,018][com.java.SeleniumDriver] [  930] -  RESULT true
[INFO ][2016-01-20 15:21:28,018][com.java.SeleniumDriver] [ 1136] - ?   P A S S   ?
[INFO ][2016-01-20 15:21:28,019][com.java.SeleniumDriver] [  856] - ------------------------------------------
[INFO ][2016-01-20 15:21:28,019][com.java.SeleniumDriver] [  857] - Test case being Executed: 6
[INFO ][2016-01-20 15:21:28,019][com.java.SeleniumDriver] [  869] - Test step:31
[INFO ][2016-01-20 15:21:28,019][com.java.SeleniumDriver] [  881] - Datavalue is----------null
[DEBUG][2016-01-20 15:21:28,019][com.java.SeleniumDriver] [  899] - Exception: null
[INFO ][2016-01-20 15:21:28,019][com.java.SeleniumDriver] [  905] - DataField : BTNbtnSave
[INFO ][2016-01-20 15:21:28,019][com.java.SeleniumDriver] [  907] - DataValue : 
[INFO ][2016-01-20 15:21:28,019][com.java.SeleniumDriver] [  913] - <In Set values of the page>
[INFO ][2016-01-20 15:21:28,019][com.java.SeleniumDriver] [  916] - {Data Fields & Data Values Exist}
[INFO ][2016-01-20 15:21:28,019][com.java.SeleniumDriver] [  918] - --------------------------setting values-----------------------------
[INFO ][2016-01-20 15:21:28,019][com.java.SeleniumDriver] [  921] - Action Type : Click
[INFO ][2016-01-20 15:21:28,019][com.java.TestType] [ 6581] - Field ::BTNbtnSave
[INFO ][2016-01-20 15:21:28,019][com.java.TestType] [ 6202] - value = 
[INFO ][2016-01-20 15:21:29,019][com.java.TestType] [ 6730] - BEFORE CLICK
[INFO ][2016-01-20 15:21:30,243][com.java.TestType] [ 6737] - Unable to click the object Average check box
[INFO ][2016-01-20 15:21:30,243][com.java.SeleniumDriver] [  930] -  RESULT true
[INFO ][2016-01-20 15:21:30,243][com.java.SeleniumDriver] [ 1136] - ?   P A S S   ?
[INFO ][2016-01-20 15:21:30,243][com.java.SeleniumDriver] [  856] - ------------------------------------------
[INFO ][2016-01-20 15:21:30,243][com.java.SeleniumDriver] [  857] - Test case being Executed: 6
[INFO ][2016-01-20 15:21:30,243][com.java.SeleniumDriver] [  869] - Test step:32
[INFO ][2016-01-20 15:21:30,243][com.java.SeleniumDriver] [  881] - Datavalue is----------5
[INFO ][2016-01-20 15:21:30,243][com.java.SeleniumDriver] [  905] - DataField : BTNbtnAddItem.BalanceSheet
[INFO ][2016-01-20 15:21:30,243][com.java.SeleniumDriver] [  907] - DataValue : 5
[INFO ][2016-01-20 15:21:30,243][com.java.SeleniumDriver] [  913] - <In Set values of the page>
[INFO ][2016-01-20 15:21:30,244][com.java.SeleniumDriver] [  916] - {Data Fields & Data Values Exist}
[INFO ][2016-01-20 15:21:30,244][com.java.SeleniumDriver] [  918] - --------------------------setting values-----------------------------
[INFO ][2016-01-20 15:21:30,244][com.java.SeleniumDriver] [  921] - Action Type : WaitForElement
[DEBUG][2016-01-20 15:22:57,715][com.java.TestType] [ 7403] - btnAddItem.BalanceSheet   :: Element not Found
[INFO ][2016-01-20 15:22:57,715][com.java.SeleniumDriver] [  930] -  RESULT false
[INFO ][2016-01-20 15:22:57,715][com.java.SeleniumDriver] [  977] - ?   F A I L   ?
[INFO ][2016-01-20 15:22:57,715][com.java.SeleniumDriver] [  985] - Browser Type : IE10
[INFO ][2016-01-20 15:22:57,715][com.java.SeleniumDriver] [  986] - Adding Failed case6
[INFO ][2016-01-20 15:23:08,380][com.java.SeleniumDriver] [ 1100] - failedCases = 6
[ERROR][2016-01-20 15:23:08,380][com.java.SeleniumDriver] [ 1599] - Platform Errors : Our apologies...::We have encountered an issue with your request.::Our apologies?:We encountered an issue with your request.
[INFO ][2016-01-20 15:23:08,380][com.java.SeleniumDriver] [ 1603] - Length =3
[ERROR][2016-01-20 15:23:08,380][com.java.SeleniumDriver] [ 1606] - Error 0 = Our apologies...
[ERROR][2016-01-20 15:23:08,447][com.java.SeleniumDriver] [ 1606] - Error 1 = We have encountered an issue with your request.
[ERROR][2016-01-20 15:23:08,462][com.java.SeleniumDriver] [ 1606] - Error 2 = Our apologies?:We encountered an issue with your request.
[INFO ][2016-01-20 15:23:08,477][com.java.SeleniumDriver] [ 1617] - strError:
[DEBUG][2016-01-20 15:23:08,492][com.java.SeleniumDriver] [ 1248] - Case found
[DEBUG][2016-01-20 15:23:08,492][com.java.SeleniumDriver] [ 1253] - Incrementing ReportCounters[0]:2
[INFO ][2016-01-20 15:23:08,492][com.java.SeleniumDriver] [ 1272] - The results are-------------------[6, 32, Totem Poles : Manage Existing Totem Pole : Add new item, Fail, 
Test case failed at Step No. :: 32   Error Message ::  btnAddItem.BalanceSheet   :: Element not Found. Screen Shot : D:\BankersDashboard\TestReports\012016\6_012016_152257_IE10.png, Wed Jan 20 15:23:08 IST 2016]
[INFO ][2016-01-20 15:23:08,492][com.java.SeleniumDriver] [ 1276] - End time is-------4 min 10 sec
[INFO ][2016-01-20 15:23:08,492][com.java.SeleniumDriver] [ 1277] - The results are-------------------[6, 32, Totem Poles : Manage Existing Totem Pole : Add new item, Fail, 
Test case failed at Step No. :: 32   Error Message ::  btnAddItem.BalanceSheet   :: Element not Found. Screen Shot : D:\BankersDashboard\TestReports\012016\6_012016_152257_IE10.png, Wed Jan 20 15:23:08 IST 2016]
[DEBUG][2016-01-20 15:23:08,492][com.java.ImportnExport.ExportTestResultsExcel] [  222] - testResultPath = D:\BankersDashboard/TestReports/Test Results_BankersDashBoard_012016_151900_IE10_Any Bank USA.xls
[DEBUG][2016-01-20 15:23:08,492][com.java.ImportnExport.ExportTestResultsExcel] [  223] - browser is------------IE10
[DEBUG][2016-01-20 15:23:08,495][com.java.ImportnExport.ExportTestResultsExcel] [  270] - result.size() = 6
[DEBUG][2016-01-20 15:23:08,495][com.java.ImportnExport.ExportTestResultsExcel] [  274] - No of rows in sheet=2
[DEBUG][2016-01-20 15:23:08,495][com.java.ImportnExport.ExportTestResultsExcel] [  301] - ..in export..6
[DEBUG][2016-01-20 15:23:08,495][com.java.ImportnExport.ExportTestResultsExcel] [  301] - ..in export..Totem Poles : Manage Existing Totem Pole : Add new item
[DEBUG][2016-01-20 15:23:08,495][com.java.ImportnExport.ExportTestResultsExcel] [  301] - ..in export..Fail
[DEBUG][2016-01-20 15:23:08,495][com.java.ImportnExport.ExportTestResultsExcel] [  301] - ..in export..
Test case failed at Step No. :: 32   Error Message ::  btnAddItem.BalanceSheet   :: Element not Found. Screen Shot : D:\BankersDashboard\TestReports\012016\6_012016_152257_IE10.png
[DEBUG][2016-01-20 15:23:08,495][com.java.ImportnExport.ExportTestResultsExcel] [  301] - ..in export..Wed Jan 20 15:23:08 IST 2016
[INFO ][2016-01-20 15:23:08,496][com.java.SeleniumDriver] [ 1337] - out loop:1 size:2 TestCases:[1, 6] testcases:[1, 6]
[INFO ][2016-01-20 15:23:10,496][com.java.SeleniumDriver] [ 1380] - Total Number of Cases:2
[INFO ][2016-01-20 15:23:10,496][com.java.TemplateGenerator] [  302] - Executed:2
[INFO ][2016-01-20 15:23:10,496][com.java.TemplateGenerator] [  303] - Passed:1
[INFO ][2016-01-20 15:23:10,496][com.java.TemplateGenerator] [  304] - Failed:1
[INFO ][2016-01-20 15:23:10,496][com.java.TemplateGenerator] [  305] - Skipeed:0
[INFO ][2016-01-20 15:23:10,496][com.java.TemplateGenerator] [  306] - Application URL:https://clients-xuat.bankersdashboard.com
[INFO ][2016-01-20 15:23:10,496][com.java.TemplateGenerator] [  307] - Start Time:012016_151900
[INFO ][2016-01-20 15:23:10,496][com.java.TemplateGenerator] [  308] -  Creating HTML Report 
[ERROR][2016-01-20 15:23:10,499][com.java.TemplateGenerator] [  409] - Unparseable date: "Wed Jan 20 03:19:00 IST 2016"
[INFO ][2016-01-20 15:23:10,499][com.java.TemplateGenerator] [  654] -  Exporting case :: 1
[INFO ][2016-01-20 15:23:10,499][com.java.TemplateGenerator] [  654] -  Exporting case :: 6
[INFO ][2016-01-20 15:23:10,504][com.java.SeleniumDriver] [ 1429] - End Time:012016_152310
[INFO ][2016-01-20 15:23:10,504][com.java.SeleniumDriver] [ 1432] - Data in Test Execution Details:{1=PASS, 6=FAILTest case failed at Step No. :: 32   Error Message ::  btnAddItem.BalanceSheet   :: Element not Found}
[INFO ][2016-01-20 15:23:10,504][com.java.SeleniumDriver] [ 1433] - Data in Failed Execution Deatils:{}
[INFO ][2016-01-20 15:23:10,504][com.java.SeleniumDriver] [ 1435] - ReportCounter:Total:2 :: PASS: 1 ::FAIL: 1
[INFO ][2016-01-20 15:23:10,504][com.java.SeleniumDriver] [ 1436] - FailedReportCounter:Total:0 :: PASS: 0 ::FAIL: 0
[INFO ][2016-01-20 15:23:10,512][com.java.EmailTestReport] [   63] - Sending report mail details:
[INFO ][2016-01-20 15:23:10,512][com.java.EmailTestReport] [   80] - Excel Report Path:D:\BankersDashboard/TestReports/Test Results_BankersDashBoard_012016_151900_IE10_Any Bank USA.xls
[INFO ][2016-01-20 15:23:10,512][com.java.EmailTestReport] [   81] - HTML Report Path:D:\BankersDashboard//TestReports//Test Results_BankersDashBoard_012016_151900_IE10_Any Bank USA.html
[INFO ][2016-01-20 15:23:10,512][com.java.EmailTestReport] [   82] - smtpHostName:mail01.valuelabs.com
[INFO ][2016-01-20 15:23:10,513][com.java.EmailTestReport] [   83] - Recipient:venkateswararao.gubbala@valuelabs.com;
[INFO ][2016-01-20 15:23:10,513][com.java.EmailTestReport] [   84] - From:venkateswararao.gubbala@valuelabs.com;
[INFO ][2016-01-20 15:23:10,513][com.java.EmailTestReport] [   85] - Subject:Deluxe Corp Bankers Dashboard Automation Test Report - Any Bank USA - IE10
[INFO ][2016-01-20 15:23:10,530][com.java.EmailTestReport] [  143] -  Added venkateswararao.gubbala@valuelabs.com
[INFO ][2016-01-20 15:23:13,892][com.java.SeleniumDriver] [  722] - quitting the browser 
[INFO ][2016-01-20 15:23:15,199][com.java.SeleniumDriver] [  264] - Execution Completed Stopping the thread
