[INFO ][2015-12-11 14:34:14,791][com.java.SeleniumDriver] [  213] - Execute Failed Casesfalse
[INFO ][2015-12-11 14:34:14,791][com.java.SeleniumDriver] [  214] - Browser: IE10
[INFO ][2015-12-11 14:34:14,791][com.java.SeleniumDriver] [  215] - [1, 9]
[INFO ][2015-12-11 14:34:14,791][com.java.SeleniumDriver] [  216] - Total TestCases:2
[INFO ][2015-12-11 14:34:14,792][com.java.SeleniumDriver] [  217] -  Reading Properties from Property File 
[DEBUG][2015-12-11 14:34:14,792][com.java.SeleniumDriver] [  238] - url : https://clients-xuat.bankersdashboard.com
[INFO ][2015-12-11 14:34:14,793][com.java.ImportnExport.ExportTestResultsExcel] [  116] - Time Stamp Fri Dec 11 02:34:14 IST 2015
[INFO ][2015-12-11 14:34:14,793][com.java.ImportnExport.ExportTestResultsExcel] [  175] - OUT FILE : D:\BankersDashboard/TestReports/Test Results_BankersDashBoard_121115_143414_IE10_First Bank.xls
[INFO ][2015-12-11 14:34:14,825][com.java.ImportnExport.ExportTestResultsExcel] [  180] - Test Result file is created
[DEBUG][2015-12-11 14:34:14,926][com.java.SeleniumDriver] [  426] - Hub ip address is-------172.17.68.34
[INFO ][2015-12-11 14:34:14,927][com.java.SeleniumDriver] [  452] - Grid URL:http://172.17.68.34:4444/wd/hub
[INFO ][2015-12-11 14:34:14,927][com.java.SeleniumDriver] [  453] - Capability:Capabilities [{platform=ANY, ensureCleanSession=true, ignoreProtectedModeSettings=true, acceptSslCerts=true, ignoreZoomSetting=true, browserName=internet explorer, browserstack.ie.noFlash=true, version=null}]
[ERROR][2015-12-11 14:34:16,238][com.java.SeleniumDriver] [  497] - Unable invoke browser in grid:Could not start a new session. Possible causes are invalid address of the remote server or browser start-up failure.
Build info: version: '2.48.2', revision: '41bccdd', time: '2015-10-09 19:59:12'
System info: host: 'FVTIII438F1D', ip: '172.17.68.34', os.name: 'Windows 7', os.arch: 'x86', os.version: '6.1', java.version: '1.7.0_55'
Driver info: driver.version: SeleniumDriver
[INFO ][2015-12-11 14:34:16,238][com.java.SeleniumDriver] [  499] - Executing on local machine
[INFO ][2015-12-11 14:34:25,430][com.java.SeleniumDriver] [  248] - IE10is opened
[INFO ][2015-12-11 14:34:26,333][com.java.SeleniumDriver] [  754] - Test cases to be executed are: [1, 9]
[INFO ][2015-12-11 14:34:26,352][com.java.ImportnExport.ImportTestDataDetailsExcel] [   49] - test data details path===== D:\BankersDashboard\TestInputs\TestData.xls
[INFO ][2015-12-11 14:34:26,683][com.java.SeleniumDriver] [  821] - ------------------------------------------
[INFO ][2015-12-11 14:34:26,683][com.java.SeleniumDriver] [  822] - Test case being Executed: 1
[INFO ][2015-12-11 14:34:26,684][com.java.SeleniumDriver] [  833] - Test step:1
[INFO ][2015-12-11 14:34:26,684][com.java.SeleniumDriver] [  845] - Datavalue is----------Concept#1:1-16
[INFO ][2015-12-11 14:34:26,684][com.java.SeleniumDriver] [  869] - DataField : test
[INFO ][2015-12-11 14:34:26,684][com.java.SeleniumDriver] [  871] - DataValue : Concept#1:1-16
[INFO ][2015-12-11 14:34:26,684][com.java.SeleniumDriver] [  877] - <In Set values of the page>
[INFO ][2015-12-11 14:34:26,684][com.java.SeleniumDriver] [  880] - {Data Fields & Data Values Exist}
[INFO ][2015-12-11 14:34:26,684][com.java.SeleniumDriver] [  882] - --------------------------setting values-----------------------------
[INFO ][2015-12-11 14:34:26,684][com.java.SeleniumDriver] [  885] - Action Type : ExecuteTestCase
[INFO ][2015-12-11 14:34:26,703][com.java.TestType] [  436] - The Concept sheet name is ---------- Concept
[INFO ][2015-12-11 14:34:26,703][com.java.TestType] [  439] - The Concept ID  is ---------- 1
[DEBUG][2015-12-11 14:34:26,703][com.java.TestType] [  443] - Steps being executted in the Concept are: 1:16
[INFO ][2015-12-11 14:34:26,703][com.java.TestType] [  450] - Test data details path ---------- D:\BankersDashboard\TestInputs\TestData.xls
[INFO ][2015-12-11 14:34:26,737][com.java.TestType] [  481] -  str(1) = 1
[INFO ][2015-12-11 14:34:26,737][com.java.TestType] [  484] - Test case Id is---1
[INFO ][2015-12-11 14:34:26,737][com.java.TestType] [  486] - 1
[INFO ][2015-12-11 14:34:26,738][com.java.TestType] [  481] -  str(2) = 1
[INFO ][2015-12-11 14:34:26,740][com.java.TestType] [  533] - row values are--------{1=com.java.Objects.TestDataDetails@2a55df}
[INFO ][2015-12-11 14:34:26,740][com.java.TestType] [  481] -  str(1) = 1
[INFO ][2015-12-11 14:34:26,740][com.java.TestType] [  484] - Test case Id is---1
[INFO ][2015-12-11 14:34:26,740][com.java.TestType] [  486] - 1
[INFO ][2015-12-11 14:34:26,740][com.java.TestType] [  481] -  str(2) = 2
[INFO ][2015-12-11 14:34:26,742][com.java.TestType] [  533] - row values are--------{1=com.java.Objects.TestDataDetails@2a55df, 2=com.java.Objects.TestDataDetails@abee72}
[INFO ][2015-12-11 14:34:26,743][com.java.TestType] [  481] -  str(1) = 1
[INFO ][2015-12-11 14:34:26,744][com.java.TestType] [  484] - Test case Id is---1
[INFO ][2015-12-11 14:34:26,744][com.java.TestType] [  486] - 1
[INFO ][2015-12-11 14:34:26,744][com.java.TestType] [  481] -  str(2) = 3
[INFO ][2015-12-11 14:34:26,745][com.java.TestType] [  533] - row values are--------{1=com.java.Objects.TestDataDetails@2a55df, 2=com.java.Objects.TestDataDetails@abee72, 3=com.java.Objects.TestDataDetails@16be535}
[INFO ][2015-12-11 14:34:26,745][com.java.TestType] [  481] -  str(1) = 1
[INFO ][2015-12-11 14:34:26,745][com.java.TestType] [  484] - Test case Id is---1
[INFO ][2015-12-11 14:34:26,745][com.java.TestType] [  486] - 1
[INFO ][2015-12-11 14:34:26,745][com.java.TestType] [  481] -  str(2) = 4
[INFO ][2015-12-11 14:34:26,747][com.java.TestType] [  533] - row values are--------{1=com.java.Objects.TestDataDetails@2a55df, 2=com.java.Objects.TestDataDetails@abee72, 3=com.java.Objects.TestDataDetails@16be535, 4=com.java.Objects.TestDataDetails@1cd72ca}
[INFO ][2015-12-11 14:34:26,747][com.java.TestType] [  481] -  str(1) = 1
[INFO ][2015-12-11 14:34:26,747][com.java.TestType] [  484] - Test case Id is---1
[INFO ][2015-12-11 14:34:26,747][com.java.TestType] [  486] - 1
[INFO ][2015-12-11 14:34:26,747][com.java.TestType] [  481] -  str(2) = 5
[INFO ][2015-12-11 14:34:26,748][com.java.TestType] [  533] - row values are--------{1=com.java.Objects.TestDataDetails@2a55df, 2=com.java.Objects.TestDataDetails@abee72, 3=com.java.Objects.TestDataDetails@16be535, 4=com.java.Objects.TestDataDetails@1cd72ca, 5=com.java.Objects.TestDataDetails@fa1477}
[INFO ][2015-12-11 14:34:26,748][com.java.TestType] [  481] -  str(1) = 1
[INFO ][2015-12-11 14:34:26,748][com.java.TestType] [  484] - Test case Id is---1
[INFO ][2015-12-11 14:34:26,749][com.java.TestType] [  486] - 1
[INFO ][2015-12-11 14:34:26,749][com.java.TestType] [  481] -  str(2) = 6
[INFO ][2015-12-11 14:34:26,750][com.java.TestType] [  533] - row values are--------{1=com.java.Objects.TestDataDetails@2a55df, 2=com.java.Objects.TestDataDetails@abee72, 3=com.java.Objects.TestDataDetails@16be535, 4=com.java.Objects.TestDataDetails@1cd72ca, 5=com.java.Objects.TestDataDetails@fa1477, 6=com.java.Objects.TestDataDetails@20b52}
[INFO ][2015-12-11 14:34:26,750][com.java.TestType] [  481] -  str(1) = 1
[INFO ][2015-12-11 14:34:26,750][com.java.TestType] [  484] - Test case Id is---1
[INFO ][2015-12-11 14:34:26,750][com.java.TestType] [  486] - 1
[INFO ][2015-12-11 14:34:26,751][com.java.TestType] [  481] -  str(2) = 7
[INFO ][2015-12-11 14:34:26,751][com.java.TestType] [  533] - row values are--------{1=com.java.Objects.TestDataDetails@2a55df, 2=com.java.Objects.TestDataDetails@abee72, 3=com.java.Objects.TestDataDetails@16be535, 4=com.java.Objects.TestDataDetails@1cd72ca, 5=com.java.Objects.TestDataDetails@fa1477, 6=com.java.Objects.TestDataDetails@20b52, 7=com.java.Objects.TestDataDetails@6a67ab}
[INFO ][2015-12-11 14:34:26,751][com.java.TestType] [  481] -  str(1) = 1
[INFO ][2015-12-11 14:34:26,752][com.java.TestType] [  484] - Test case Id is---1
[INFO ][2015-12-11 14:34:26,752][com.java.TestType] [  486] - 1
[INFO ][2015-12-11 14:34:26,752][com.java.TestType] [  481] -  str(2) = 8
[INFO ][2015-12-11 14:34:26,754][com.java.TestType] [  533] - row values are--------{1=com.java.Objects.TestDataDetails@2a55df, 2=com.java.Objects.TestDataDetails@abee72, 3=com.java.Objects.TestDataDetails@16be535, 4=com.java.Objects.TestDataDetails@1cd72ca, 5=com.java.Objects.TestDataDetails@fa1477, 6=com.java.Objects.TestDataDetails@20b52, 7=com.java.Objects.TestDataDetails@6a67ab, 8=com.java.Objects.TestDataDetails@a71b2e}
[INFO ][2015-12-11 14:34:26,754][com.java.TestType] [  481] -  str(1) = 1
[INFO ][2015-12-11 14:34:26,754][com.java.TestType] [  484] - Test case Id is---1
[INFO ][2015-12-11 14:34:26,754][com.java.TestType] [  486] - 1
[INFO ][2015-12-11 14:34:26,754][com.java.TestType] [  481] -  str(2) = 9
[INFO ][2015-12-11 14:34:26,755][com.java.TestType] [  533] - row values are--------{1=com.java.Objects.TestDataDetails@2a55df, 2=com.java.Objects.TestDataDetails@abee72, 3=com.java.Objects.TestDataDetails@16be535, 4=com.java.Objects.TestDataDetails@1cd72ca, 5=com.java.Objects.TestDataDetails@fa1477, 6=com.java.Objects.TestDataDetails@20b52, 7=com.java.Objects.TestDataDetails@6a67ab, 8=com.java.Objects.TestDataDetails@a71b2e, 9=com.java.Objects.TestDataDetails@20ac02}
[INFO ][2015-12-11 14:34:26,755][com.java.TestType] [  481] -  str(1) = 1
[INFO ][2015-12-11 14:34:26,755][com.java.TestType] [  484] - Test case Id is---1
[INFO ][2015-12-11 14:34:26,755][com.java.TestType] [  486] - 1
[INFO ][2015-12-11 14:34:26,756][com.java.TestType] [  481] -  str(2) = 10
[INFO ][2015-12-11 14:34:26,756][com.java.TestType] [  533] - row values are--------{1=com.java.Objects.TestDataDetails@2a55df, 2=com.java.Objects.TestDataDetails@abee72, 3=com.java.Objects.TestDataDetails@16be535, 4=com.java.Objects.TestDataDetails@1cd72ca, 5=com.java.Objects.TestDataDetails@fa1477, 6=com.java.Objects.TestDataDetails@20b52, 7=com.java.Objects.TestDataDetails@6a67ab, 8=com.java.Objects.TestDataDetails@a71b2e, 9=com.java.Objects.TestDataDetails@20ac02, 10=com.java.Objects.TestDataDetails@1887c71}
[INFO ][2015-12-11 14:34:26,756][com.java.TestType] [  481] -  str(1) = 1
[INFO ][2015-12-11 14:34:26,757][com.java.TestType] [  484] - Test case Id is---1
[INFO ][2015-12-11 14:34:26,757][com.java.TestType] [  486] - 1
[INFO ][2015-12-11 14:34:26,757][com.java.TestType] [  481] -  str(2) = 11
[INFO ][2015-12-11 14:34:26,757][com.java.TestType] [  533] - row values are--------{1=com.java.Objects.TestDataDetails@2a55df, 2=com.java.Objects.TestDataDetails@abee72, 3=com.java.Objects.TestDataDetails@16be535, 4=com.java.Objects.TestDataDetails@1cd72ca, 5=com.java.Objects.TestDataDetails@fa1477, 6=com.java.Objects.TestDataDetails@20b52, 7=com.java.Objects.TestDataDetails@6a67ab, 8=com.java.Objects.TestDataDetails@a71b2e, 9=com.java.Objects.TestDataDetails@20ac02, 10=com.java.Objects.TestDataDetails@1887c71, 11=com.java.Objects.TestDataDetails@119ab42}
[INFO ][2015-12-11 14:34:26,758][com.java.TestType] [  481] -  str(1) = 1
[INFO ][2015-12-11 14:34:26,758][com.java.TestType] [  484] - Test case Id is---1
[INFO ][2015-12-11 14:34:26,758][com.java.TestType] [  486] - 1
[INFO ][2015-12-11 14:34:26,758][com.java.TestType] [  481] -  str(2) = 12
[INFO ][2015-12-11 14:34:26,759][com.java.TestType] [  533] - row values are--------{1=com.java.Objects.TestDataDetails@2a55df, 2=com.java.Objects.TestDataDetails@abee72, 3=com.java.Objects.TestDataDetails@16be535, 4=com.java.Objects.TestDataDetails@1cd72ca, 5=com.java.Objects.TestDataDetails@fa1477, 6=com.java.Objects.TestDataDetails@20b52, 7=com.java.Objects.TestDataDetails@6a67ab, 8=com.java.Objects.TestDataDetails@a71b2e, 9=com.java.Objects.TestDataDetails@20ac02, 10=com.java.Objects.TestDataDetails@1887c71, 11=com.java.Objects.TestDataDetails@119ab42, 12=com.java.Objects.TestDataDetails@915056}
[INFO ][2015-12-11 14:34:26,759][com.java.TestType] [  481] -  str(1) = 1
[INFO ][2015-12-11 14:34:26,759][com.java.TestType] [  484] - Test case Id is---1
[INFO ][2015-12-11 14:34:26,759][com.java.TestType] [  486] - 1
[INFO ][2015-12-11 14:34:26,759][com.java.TestType] [  481] -  str(2) = 13
[INFO ][2015-12-11 14:34:26,760][com.java.TestType] [  533] - row values are--------{1=com.java.Objects.TestDataDetails@2a55df, 2=com.java.Objects.TestDataDetails@abee72, 3=com.java.Objects.TestDataDetails@16be535, 4=com.java.Objects.TestDataDetails@1cd72ca, 5=com.java.Objects.TestDataDetails@fa1477, 6=com.java.Objects.TestDataDetails@20b52, 7=com.java.Objects.TestDataDetails@6a67ab, 8=com.java.Objects.TestDataDetails@a71b2e, 9=com.java.Objects.TestDataDetails@20ac02, 10=com.java.Objects.TestDataDetails@1887c71, 11=com.java.Objects.TestDataDetails@119ab42, 12=com.java.Objects.TestDataDetails@915056, 13=com.java.Objects.TestDataDetails@185a2a8}
[INFO ][2015-12-11 14:34:26,760][com.java.TestType] [  481] -  str(1) = 1
[INFO ][2015-12-11 14:34:26,760][com.java.TestType] [  484] - Test case Id is---1
[INFO ][2015-12-11 14:34:26,760][com.java.TestType] [  486] - 1
[INFO ][2015-12-11 14:34:26,760][com.java.TestType] [  481] -  str(2) = 14
[INFO ][2015-12-11 14:34:26,761][com.java.TestType] [  533] - row values are--------{1=com.java.Objects.TestDataDetails@2a55df, 2=com.java.Objects.TestDataDetails@abee72, 3=com.java.Objects.TestDataDetails@16be535, 4=com.java.Objects.TestDataDetails@1cd72ca, 5=com.java.Objects.TestDataDetails@fa1477, 6=com.java.Objects.TestDataDetails@20b52, 7=com.java.Objects.TestDataDetails@6a67ab, 8=com.java.Objects.TestDataDetails@a71b2e, 9=com.java.Objects.TestDataDetails@20ac02, 10=com.java.Objects.TestDataDetails@1887c71, 11=com.java.Objects.TestDataDetails@119ab42, 12=com.java.Objects.TestDataDetails@915056, 13=com.java.Objects.TestDataDetails@185a2a8, 14=com.java.Objects.TestDataDetails@b04f0b}
[INFO ][2015-12-11 14:34:26,761][com.java.TestType] [  481] -  str(1) = 1
[INFO ][2015-12-11 14:34:26,761][com.java.TestType] [  484] - Test case Id is---1
[INFO ][2015-12-11 14:34:26,761][com.java.TestType] [  486] - 1
[INFO ][2015-12-11 14:34:26,762][com.java.TestType] [  481] -  str(2) = 15
[INFO ][2015-12-11 14:34:26,763][com.java.TestType] [  533] - row values are--------{1=com.java.Objects.TestDataDetails@2a55df, 2=com.java.Objects.TestDataDetails@abee72, 3=com.java.Objects.TestDataDetails@16be535, 4=com.java.Objects.TestDataDetails@1cd72ca, 5=com.java.Objects.TestDataDetails@fa1477, 6=com.java.Objects.TestDataDetails@20b52, 7=com.java.Objects.TestDataDetails@6a67ab, 8=com.java.Objects.TestDataDetails@a71b2e, 9=com.java.Objects.TestDataDetails@20ac02, 10=com.java.Objects.TestDataDetails@1887c71, 11=com.java.Objects.TestDataDetails@119ab42, 12=com.java.Objects.TestDataDetails@915056, 13=com.java.Objects.TestDataDetails@185a2a8, 14=com.java.Objects.TestDataDetails@b04f0b, 15=com.java.Objects.TestDataDetails@1c2c35}
[INFO ][2015-12-11 14:34:26,763][com.java.TestType] [  481] -  str(1) = 1
[INFO ][2015-12-11 14:34:26,763][com.java.TestType] [  484] - Test case Id is---1
[INFO ][2015-12-11 14:34:26,763][com.java.TestType] [  486] - 1
[INFO ][2015-12-11 14:34:26,763][com.java.TestType] [  481] -  str(2) = 16
[INFO ][2015-12-11 14:34:26,764][com.java.TestType] [  533] - row values are--------{1=com.java.Objects.TestDataDetails@2a55df, 2=com.java.Objects.TestDataDetails@abee72, 3=com.java.Objects.TestDataDetails@16be535, 4=com.java.Objects.TestDataDetails@1cd72ca, 5=com.java.Objects.TestDataDetails@fa1477, 6=com.java.Objects.TestDataDetails@20b52, 7=com.java.Objects.TestDataDetails@6a67ab, 8=com.java.Objects.TestDataDetails@a71b2e, 9=com.java.Objects.TestDataDetails@20ac02, 10=com.java.Objects.TestDataDetails@1887c71, 11=com.java.Objects.TestDataDetails@119ab42, 12=com.java.Objects.TestDataDetails@915056, 13=com.java.Objects.TestDataDetails@185a2a8, 14=com.java.Objects.TestDataDetails@b04f0b, 15=com.java.Objects.TestDataDetails@1c2c35, 16=com.java.Objects.TestDataDetails@16e68a0}
[INFO ][2015-12-11 14:34:26,764][com.java.TestType] [10074] - Looping 1TCID = 1
[DEBUG][2015-12-11 14:34:26,764][com.java.TestType] [10115] - Concept ID:1 :: Step being Executed: 1::1
[INFO ][2015-12-11 14:34:26,765][com.java.TestType] [10153] - dataFields : TXTusername
[DEBUG][2015-12-11 14:34:26,765][com.java.TestType] [10159] - <In Set values of the page>
[DEBUG][2015-12-11 14:34:26,765][com.java.TestType] [10164] - {Data Fields & Data Values Exist}
[INFO ][2015-12-11 14:34:26,765][com.java.TestType] [10170] - --------------------------setting values-----------------------------
[INFO ][2015-12-11 14:34:26,765][com.java.TestType] [10173] - Action Type : CLEARANDENTER
[INFO ][2015-12-11 14:34:26,765][com.java.TestType] [ 5500] - value = valuelabs.ie10.15019
[INFO ][2015-12-11 14:34:31,516][com.java.TestType] [10192] -  RESULT true
[INFO ][2015-12-11 14:34:31,516][com.java.TestType] [10309] - ?   P A S S   ?
[DEBUG][2015-12-11 14:34:31,517][com.java.TestType] [10115] - Concept ID:1 :: Step being Executed: 1::2
[INFO ][2015-12-11 14:34:31,517][com.java.TestType] [10153] - dataFields : TXTpassword
[DEBUG][2015-12-11 14:34:31,517][com.java.TestType] [10159] - <In Set values of the page>
[DEBUG][2015-12-11 14:34:31,517][com.java.TestType] [10164] - {Data Fields & Data Values Exist}
[INFO ][2015-12-11 14:34:31,517][com.java.TestType] [10170] - --------------------------setting values-----------------------------
[INFO ][2015-12-11 14:34:31,517][com.java.TestType] [10173] - Action Type : CLEARANDENTER
[INFO ][2015-12-11 14:34:31,517][com.java.TestType] [ 5500] - value = Password1*
[INFO ][2015-12-11 14:34:36,363][com.java.TestType] [10192] -  RESULT true
[INFO ][2015-12-11 14:34:36,363][com.java.TestType] [10309] - ?   P A S S   ?
[DEBUG][2015-12-11 14:34:36,363][com.java.TestType] [10115] - Concept ID:1 :: Step being Executed: 1::3
[ERROR][2015-12-11 14:34:36,363][com.java.TestType] [10148] - Exception: null
[INFO ][2015-12-11 14:34:36,363][com.java.TestType] [10153] - dataFields : XPH//button[@type='submit']
[DEBUG][2015-12-11 14:34:36,363][com.java.TestType] [10159] - <In Set values of the page>
[DEBUG][2015-12-11 14:34:36,363][com.java.TestType] [10164] - {Data Fields & Data Values Exist}
[INFO ][2015-12-11 14:34:36,363][com.java.TestType] [10170] - --------------------------setting values-----------------------------
[INFO ][2015-12-11 14:34:36,364][com.java.TestType] [10173] - Action Type : Click
[INFO ][2015-12-11 14:34:36,364][com.java.TestType] [ 5849] - Field ::XPH//button[@type='submit']
[INFO ][2015-12-11 14:34:36,364][com.java.TestType] [ 5500] - value = 
[INFO ][2015-12-11 14:34:37,364][com.java.TestType] [ 5956] - BEFORE CLICK
[INFO ][2015-12-11 14:34:38,207][com.java.TestType] [ 5964] - Unable to click the object Login
[INFO ][2015-12-11 14:34:38,207][com.java.TestType] [10192] -  RESULT true
[INFO ][2015-12-11 14:34:38,207][com.java.TestType] [10309] - ?   P A S S   ?
[DEBUG][2015-12-11 14:34:38,207][com.java.TestType] [10115] - Concept ID:1 :: Step being Executed: 1::4
[INFO ][2015-12-11 14:34:38,207][com.java.TestType] [10153] - dataFields : LNKLogout
[DEBUG][2015-12-11 14:34:38,207][com.java.TestType] [10159] - <In Set values of the page>
[DEBUG][2015-12-11 14:34:38,207][com.java.TestType] [10164] - {Data Fields & Data Values Exist}
[INFO ][2015-12-11 14:34:38,207][com.java.TestType] [10170] - --------------------------setting values-----------------------------
[INFO ][2015-12-11 14:34:38,207][com.java.TestType] [10173] - Action Type : WaitForElement
[INFO ][2015-12-11 14:34:41,622][com.java.TestType] [10192] -  RESULT true
[INFO ][2015-12-11 14:34:41,622][com.java.TestType] [10309] - ?   P A S S   ?
[DEBUG][2015-12-11 14:34:41,622][com.java.TestType] [10115] - Concept ID:1 :: Step being Executed: 1::15
[INFO ][2015-12-11 14:34:41,622][com.java.TestType] [10153] - dataFields : LNK
[DEBUG][2015-12-11 14:34:41,622][com.java.TestType] [10159] - <In Set values of the page>
[DEBUG][2015-12-11 14:34:41,622][com.java.TestType] [10164] - {Data Fields & Data Values Exist}
[INFO ][2015-12-11 14:34:41,622][com.java.TestType] [10170] - --------------------------setting values-----------------------------
[INFO ][2015-12-11 14:34:41,622][com.java.TestType] [10173] - Action Type : Verify
[INFO ][2015-12-11 14:34:41,623][com.java.TestType] [ 6762] - field= LNK value= Logout
[INFO ][2015-12-11 14:34:41,623][com.java.TestType] [ 5500] - value = Logout
[INFO ][2015-12-11 14:34:41,657][com.java.TestType] [10192] -  RESULT true
[INFO ][2015-12-11 14:34:41,657][com.java.TestType] [10309] - ?   P A S S   ?
[DEBUG][2015-12-11 14:34:41,657][com.java.TestType] [10115] - Concept ID:1 :: Step being Executed: 1::16
[INFO ][2015-12-11 14:34:41,657][com.java.TestType] [10153] - dataFields : BTN
[DEBUG][2015-12-11 14:34:41,657][com.java.TestType] [10159] - <In Set values of the page>
[DEBUG][2015-12-11 14:34:41,657][com.java.TestType] [10164] - {Data Fields & Data Values Exist}
[INFO ][2015-12-11 14:34:41,657][com.java.TestType] [10170] - --------------------------setting values-----------------------------
[INFO ][2015-12-11 14:34:41,657][com.java.TestType] [10173] - Action Type : Verify
[INFO ][2015-12-11 14:34:41,658][com.java.TestType] [ 6762] - field= BTN value= //img[contains(@src,'bdlogo.jpg')]
[INFO ][2015-12-11 14:34:41,658][com.java.TestType] [ 5500] - value = //img[contains(@src,'bdlogo.jpg')]
[INFO ][2015-12-11 14:34:41,734][com.java.TestType] [10192] -  RESULT true
[INFO ][2015-12-11 14:34:41,734][com.java.TestType] [10309] - ?   P A S S   ?
[INFO ][2015-12-11 14:34:41,734][com.java.TestType] [10380] - Looping End......
[INFO ][2015-12-11 14:34:41,738][com.java.SeleniumDriver] [  894] -  RESULT true
[INFO ][2015-12-11 14:34:41,738][com.java.SeleniumDriver] [ 1100] - ?   P A S S   ?
[INFO ][2015-12-11 14:34:41,738][com.java.SeleniumDriver] [  821] - ------------------------------------------
[INFO ][2015-12-11 14:34:41,738][com.java.SeleniumDriver] [  822] - Test case being Executed: 1
[INFO ][2015-12-11 14:34:41,738][com.java.SeleniumDriver] [  833] - Test step:2
[INFO ][2015-12-11 14:34:41,738][com.java.SeleniumDriver] [  845] - Datavalue is----------Concept#2:1-2
[INFO ][2015-12-11 14:34:41,738][com.java.SeleniumDriver] [  869] - DataField : test
[INFO ][2015-12-11 14:34:41,738][com.java.SeleniumDriver] [  871] - DataValue : Concept#2:1-2
[INFO ][2015-12-11 14:34:41,738][com.java.SeleniumDriver] [  877] - <In Set values of the page>
[INFO ][2015-12-11 14:34:41,738][com.java.SeleniumDriver] [  880] - {Data Fields & Data Values Exist}
[INFO ][2015-12-11 14:34:41,738][com.java.SeleniumDriver] [  882] - --------------------------setting values-----------------------------
[INFO ][2015-12-11 14:34:41,738][com.java.SeleniumDriver] [  885] - Action Type : ExecuteTestCase
[INFO ][2015-12-11 14:34:41,739][com.java.TestType] [  436] - The Concept sheet name is ---------- Concept
[INFO ][2015-12-11 14:34:41,739][com.java.TestType] [  439] - The Concept ID  is ---------- 2
[DEBUG][2015-12-11 14:34:41,739][com.java.TestType] [  443] - Steps being executted in the Concept are: 1:2
[INFO ][2015-12-11 14:34:41,739][com.java.TestType] [  450] - Test data details path ---------- D:\BankersDashboard\TestInputs\TestData.xls
[INFO ][2015-12-11 14:34:41,769][com.java.TestType] [  481] -  str(1) = 2
[INFO ][2015-12-11 14:34:41,769][com.java.TestType] [  484] - Test case Id is---2
[INFO ][2015-12-11 14:34:41,769][com.java.TestType] [  486] - 2
[INFO ][2015-12-11 14:34:41,769][com.java.TestType] [  481] -  str(2) = 1
[INFO ][2015-12-11 14:34:41,771][com.java.TestType] [  533] - row values are--------{1=com.java.Objects.TestDataDetails@145fed7}
[INFO ][2015-12-11 14:34:41,771][com.java.TestType] [  481] -  str(1) = 2
[INFO ][2015-12-11 14:34:41,771][com.java.TestType] [  484] - Test case Id is---2
[INFO ][2015-12-11 14:34:41,771][com.java.TestType] [  486] - 2
[INFO ][2015-12-11 14:34:41,771][com.java.TestType] [  481] -  str(2) = 2
[INFO ][2015-12-11 14:34:41,771][com.java.TestType] [  533] - row values are--------{1=com.java.Objects.TestDataDetails@145fed7, 2=com.java.Objects.TestDataDetails@b4f39c}
[INFO ][2015-12-11 14:34:41,772][com.java.TestType] [  481] -  str(1) = 2
[INFO ][2015-12-11 14:34:41,772][com.java.TestType] [  484] - Test case Id is---2
[INFO ][2015-12-11 14:34:41,772][com.java.TestType] [  486] - 2
[INFO ][2015-12-11 14:34:41,772][com.java.TestType] [  481] -  str(2) = 3
[INFO ][2015-12-11 14:34:41,772][com.java.TestType] [  533] - row values are--------{1=com.java.Objects.TestDataDetails@145fed7, 2=com.java.Objects.TestDataDetails@b4f39c, 3=com.java.Objects.TestDataDetails@469173}
[INFO ][2015-12-11 14:34:41,773][com.java.TestType] [10074] - Looping 1TCID = 2
[DEBUG][2015-12-11 14:34:41,773][com.java.TestType] [10115] - Concept ID:2 :: Step being Executed: 2::1
[INFO ][2015-12-11 14:34:41,773][com.java.TestType] [10153] - dataFields : BNK//select[@id='bank']
[DEBUG][2015-12-11 14:34:41,773][com.java.TestType] [10159] - <In Set values of the page>
[DEBUG][2015-12-11 14:34:41,773][com.java.TestType] [10164] - {Data Fields & Data Values Exist}
[INFO ][2015-12-11 14:34:41,773][com.java.TestType] [10170] - --------------------------setting values-----------------------------
[INFO ][2015-12-11 14:34:41,773][com.java.TestType] [10173] - Action Type : Select
[INFO ][2015-12-11 14:34:41,773][com.java.TestType] [ 5500] - value = PFC
[INFO ][2015-12-11 14:34:41,909][com.java.TestType] [10192] -  RESULT true
[INFO ][2015-12-11 14:34:41,909][com.java.TestType] [10309] - ?   P A S S   ?
[DEBUG][2015-12-11 14:34:41,909][com.java.TestType] [10115] - Concept ID:2 :: Step being Executed: 2::2
[INFO ][2015-12-11 14:34:41,909][com.java.TestType] [10153] - dataFields : LNKLogout
[DEBUG][2015-12-11 14:34:41,909][com.java.TestType] [10159] - <In Set values of the page>
[DEBUG][2015-12-11 14:34:41,909][com.java.TestType] [10164] - {Data Fields & Data Values Exist}
[INFO ][2015-12-11 14:34:41,909][com.java.TestType] [10170] - --------------------------setting values-----------------------------
[INFO ][2015-12-11 14:34:41,909][com.java.TestType] [10173] - Action Type : WaitTime
[DEBUG][2015-12-11 14:34:41,909][com.java.TestType] [ 5320] - sleepTime: 5000
[INFO ][2015-12-11 14:34:46,910][com.java.TestType] [10192] -  RESULT true
[INFO ][2015-12-11 14:34:46,910][com.java.TestType] [10309] - ?   P A S S   ?
[INFO ][2015-12-11 14:34:46,910][com.java.TestType] [10380] - Looping End......
[INFO ][2015-12-11 14:34:46,914][com.java.SeleniumDriver] [  894] -  RESULT true
[INFO ][2015-12-11 14:34:46,914][com.java.SeleniumDriver] [ 1100] - ?   P A S S   ?
[INFO ][2015-12-11 14:34:46,914][com.java.SeleniumDriver] [  821] - ------------------------------------------
[INFO ][2015-12-11 14:34:46,914][com.java.SeleniumDriver] [  822] - Test case being Executed: 1
[INFO ][2015-12-11 14:34:46,914][com.java.SeleniumDriver] [  833] - Test step:3
[INFO ][2015-12-11 14:34:46,914][com.java.SeleniumDriver] [  845] - Datavalue is----------2
[INFO ][2015-12-11 14:34:46,914][com.java.SeleniumDriver] [  869] - DataField : XPH//button[contains(text(),'Add Content')]
[INFO ][2015-12-11 14:34:46,914][com.java.SeleniumDriver] [  871] - DataValue : 2
[INFO ][2015-12-11 14:34:46,915][com.java.SeleniumDriver] [  877] - <In Set values of the page>
[INFO ][2015-12-11 14:34:46,915][com.java.SeleniumDriver] [  880] - {Data Fields & Data Values Exist}
[INFO ][2015-12-11 14:34:46,915][com.java.SeleniumDriver] [  882] - --------------------------setting values-----------------------------
[INFO ][2015-12-11 14:34:46,915][com.java.SeleniumDriver] [  885] - Action Type : WAITFORELEMENT
[INFO ][2015-12-11 14:34:46,949][com.java.SeleniumDriver] [  894] -  RESULT true
[INFO ][2015-12-11 14:34:46,949][com.java.SeleniumDriver] [ 1100] - ?   P A S S   ?
[DEBUG][2015-12-11 14:34:46,949][com.java.SeleniumDriver] [ 1212] - Case found
[DEBUG][2015-12-11 14:34:46,949][com.java.SeleniumDriver] [ 1217] - Incrementing ReportCounters[0]:1
[INFO ][2015-12-11 14:34:46,949][com.java.SeleniumDriver] [ 1236] - The results are-------------------[1, 1, Valid Login, Pass, , Fri Dec 11 14:34:41 IST 2015, 1, 2, Valid Login, Pass, , Fri Dec 11 14:34:46 IST 2015, 1, 3, Valid Login, Pass, , Fri Dec 11 14:34:46 IST 2015]
[INFO ][2015-12-11 14:34:46,949][com.java.SeleniumDriver] [ 1240] - End time is-------34 sec
[INFO ][2015-12-11 14:34:46,949][com.java.SeleniumDriver] [ 1241] - The results are-------------------[1, 1, Valid Login, Pass, , Fri Dec 11 14:34:41 IST 2015, 1, 2, Valid Login, Pass, , Fri Dec 11 14:34:46 IST 2015, 1, 3, Valid Login, Pass, , Fri Dec 11 14:34:46 IST 2015]
[DEBUG][2015-12-11 14:34:46,949][com.java.ImportnExport.ExportTestResultsExcel] [  222] - testResultPath = D:\BankersDashboard/TestReports/Test Results_BankersDashBoard_121115_143414_IE10_First Bank.xls
[DEBUG][2015-12-11 14:34:46,950][com.java.ImportnExport.ExportTestResultsExcel] [  223] - browser is------------IE10
[DEBUG][2015-12-11 14:34:46,994][com.java.ImportnExport.ExportTestResultsExcel] [  270] - result.size() = 18
[DEBUG][2015-12-11 14:34:46,994][com.java.ImportnExport.ExportTestResultsExcel] [  274] - No of rows in sheet=1
[DEBUG][2015-12-11 14:34:46,994][com.java.ImportnExport.ExportTestResultsExcel] [  301] - ..in export..1
[DEBUG][2015-12-11 14:34:46,994][com.java.ImportnExport.ExportTestResultsExcel] [  301] - ..in export..Valid Login
[DEBUG][2015-12-11 14:34:46,994][com.java.ImportnExport.ExportTestResultsExcel] [  301] - ..in export..Pass
[DEBUG][2015-12-11 14:34:46,994][com.java.ImportnExport.ExportTestResultsExcel] [  301] - ..in export..
[DEBUG][2015-12-11 14:34:46,994][com.java.ImportnExport.ExportTestResultsExcel] [  301] - ..in export..Fri Dec 11 14:34:41 IST 2015
[INFO ][2015-12-11 14:34:46,996][com.java.SeleniumDriver] [ 1299] - out loop:0 size:2 TestCases:[1, 9] testcases:[1, 9]
[INFO ][2015-12-11 14:34:46,996][com.java.ImportnExport.ImportTestDataDetailsExcel] [   49] - test data details path===== D:\BankersDashboard\TestInputs\TestData.xls
[INFO ][2015-12-11 14:35:08,130][com.java.SeleniumDriver] [  821] - ------------------------------------------
[INFO ][2015-12-11 14:35:08,130][com.java.SeleniumDriver] [  822] - Test case being Executed: 9
[INFO ][2015-12-11 14:35:08,130][com.java.SeleniumDriver] [  833] - Test step:1
[INFO ][2015-12-11 14:35:08,130][com.java.SeleniumDriver] [  845] - Datavalue is----------Logout
[INFO ][2015-12-11 14:35:08,130][com.java.SeleniumDriver] [  869] - DataField : BTN
[INFO ][2015-12-11 14:35:08,130][com.java.SeleniumDriver] [  871] - DataValue : Logout
[INFO ][2015-12-11 14:35:08,130][com.java.SeleniumDriver] [  877] - <In Set values of the page>
[INFO ][2015-12-11 14:35:08,130][com.java.SeleniumDriver] [  880] - {Data Fields & Data Values Exist}
[INFO ][2015-12-11 14:35:08,130][com.java.SeleniumDriver] [  882] - --------------------------setting values-----------------------------
[INFO ][2015-12-11 14:35:08,130][com.java.SeleniumDriver] [  885] - Action Type : Verify
[INFO ][2015-12-11 14:35:08,130][com.java.TestType] [ 6762] - field= BTN value= Logout
[INFO ][2015-12-11 14:35:08,130][com.java.TestType] [ 5500] - value = Logout
[INFO ][2015-12-11 14:35:08,196][com.java.SeleniumDriver] [  894] -  RESULT true
[INFO ][2015-12-11 14:35:08,196][com.java.SeleniumDriver] [ 1100] - ?   P A S S   ?
[INFO ][2015-12-11 14:35:08,196][com.java.SeleniumDriver] [ 1142] - step change to 3
[INFO ][2015-12-11 14:35:08,196][com.java.SeleniumDriver] [  821] - ------------------------------------------
[INFO ][2015-12-11 14:35:08,196][com.java.SeleniumDriver] [  822] - Test case being Executed: 9
[INFO ][2015-12-11 14:35:08,196][com.java.SeleniumDriver] [  833] - Test step:3
[INFO ][2015-12-11 14:35:08,196][com.java.SeleniumDriver] [  845] - Datavalue is----------Concept#2:1-2
[INFO ][2015-12-11 14:35:08,196][com.java.SeleniumDriver] [  869] - DataField : test
[INFO ][2015-12-11 14:35:08,196][com.java.SeleniumDriver] [  871] - DataValue : Concept#2:1-2
[INFO ][2015-12-11 14:35:08,196][com.java.SeleniumDriver] [  877] - <In Set values of the page>
[INFO ][2015-12-11 14:35:08,197][com.java.SeleniumDriver] [  880] - {Data Fields & Data Values Exist}
[INFO ][2015-12-11 14:35:08,197][com.java.SeleniumDriver] [  882] - --------------------------setting values-----------------------------
[INFO ][2015-12-11 14:35:08,197][com.java.SeleniumDriver] [  885] - Action Type : ExecuteTestCase
[INFO ][2015-12-11 14:35:08,197][com.java.TestType] [  436] - The Concept sheet name is ---------- Concept
[INFO ][2015-12-11 14:35:08,197][com.java.TestType] [  439] - The Concept ID  is ---------- 2
[DEBUG][2015-12-11 14:35:08,197][com.java.TestType] [  443] - Steps being executted in the Concept are: 1:2
[INFO ][2015-12-11 14:35:08,197][com.java.TestType] [  450] - Test data details path ---------- D:\BankersDashboard\TestInputs\TestData.xls
[INFO ][2015-12-11 14:35:08,227][com.java.TestType] [  481] -  str(1) = 2
[INFO ][2015-12-11 14:35:08,227][com.java.TestType] [  484] - Test case Id is---2
[INFO ][2015-12-11 14:35:08,227][com.java.TestType] [  486] - 2
[INFO ][2015-12-11 14:35:08,227][com.java.TestType] [  481] -  str(2) = 1
[INFO ][2015-12-11 14:35:08,228][com.java.TestType] [  533] - row values are--------{1=com.java.Objects.TestDataDetails@158e60}
[INFO ][2015-12-11 14:35:08,228][com.java.TestType] [  481] -  str(1) = 2
[INFO ][2015-12-11 14:35:08,228][com.java.TestType] [  484] - Test case Id is---2
[INFO ][2015-12-11 14:35:08,229][com.java.TestType] [  486] - 2
[INFO ][2015-12-11 14:35:08,229][com.java.TestType] [  481] -  str(2) = 2
[INFO ][2015-12-11 14:35:08,229][com.java.TestType] [  533] - row values are--------{1=com.java.Objects.TestDataDetails@158e60, 2=com.java.Objects.TestDataDetails@1cef2cd}
[INFO ][2015-12-11 14:35:08,229][com.java.TestType] [  481] -  str(1) = 2
[INFO ][2015-12-11 14:35:08,229][com.java.TestType] [  484] - Test case Id is---2
[INFO ][2015-12-11 14:35:08,229][com.java.TestType] [  486] - 2
[INFO ][2015-12-11 14:35:08,230][com.java.TestType] [  481] -  str(2) = 3
[INFO ][2015-12-11 14:35:08,230][com.java.TestType] [  533] - row values are--------{1=com.java.Objects.TestDataDetails@158e60, 2=com.java.Objects.TestDataDetails@1cef2cd, 3=com.java.Objects.TestDataDetails@1f91667}
[INFO ][2015-12-11 14:35:08,230][com.java.TestType] [10074] - Looping 1TCID = 2
[DEBUG][2015-12-11 14:35:08,230][com.java.TestType] [10115] - Concept ID:2 :: Step being Executed: 2::1
[INFO ][2015-12-11 14:35:08,230][com.java.TestType] [10153] - dataFields : BNK//select[@id='bank']
[DEBUG][2015-12-11 14:35:08,231][com.java.TestType] [10159] - <In Set values of the page>
[DEBUG][2015-12-11 14:35:08,231][com.java.TestType] [10164] - {Data Fields & Data Values Exist}
[INFO ][2015-12-11 14:35:08,231][com.java.TestType] [10170] - --------------------------setting values-----------------------------
[INFO ][2015-12-11 14:35:08,231][com.java.TestType] [10173] - Action Type : Select
[INFO ][2015-12-11 14:35:08,231][com.java.TestType] [ 5500] - value = PFC
[INFO ][2015-12-11 14:35:08,365][com.java.TestType] [10192] -  RESULT true
[INFO ][2015-12-11 14:35:08,365][com.java.TestType] [10309] - ?   P A S S   ?
[DEBUG][2015-12-11 14:35:08,365][com.java.TestType] [10115] - Concept ID:2 :: Step being Executed: 2::2
[INFO ][2015-12-11 14:35:08,365][com.java.TestType] [10153] - dataFields : LNKLogout
[DEBUG][2015-12-11 14:35:08,365][com.java.TestType] [10159] - <In Set values of the page>
[DEBUG][2015-12-11 14:35:08,365][com.java.TestType] [10164] - {Data Fields & Data Values Exist}
[INFO ][2015-12-11 14:35:08,365][com.java.TestType] [10170] - --------------------------setting values-----------------------------
[INFO ][2015-12-11 14:35:08,365][com.java.TestType] [10173] - Action Type : WaitTime
[DEBUG][2015-12-11 14:35:08,365][com.java.TestType] [ 5320] - sleepTime: 5000
[INFO ][2015-12-11 14:35:13,365][com.java.TestType] [10192] -  RESULT true
[INFO ][2015-12-11 14:35:13,365][com.java.TestType] [10309] - ?   P A S S   ?
[INFO ][2015-12-11 14:35:13,365][com.java.TestType] [10380] - Looping End......
[INFO ][2015-12-11 14:35:13,369][com.java.SeleniumDriver] [  894] -  RESULT true
[INFO ][2015-12-11 14:35:13,369][com.java.SeleniumDriver] [ 1100] - ?   P A S S   ?
[INFO ][2015-12-11 14:35:13,369][com.java.SeleniumDriver] [  821] - ------------------------------------------
[INFO ][2015-12-11 14:35:13,369][com.java.SeleniumDriver] [  822] - Test case being Executed: 9
[INFO ][2015-12-11 14:35:13,369][com.java.SeleniumDriver] [  833] - Test step:4
[INFO ][2015-12-11 14:35:13,369][com.java.SeleniumDriver] [  845] - Datavalue is----------null
[DEBUG][2015-12-11 14:35:13,369][com.java.SeleniumDriver] [  863] - Exception: null
[INFO ][2015-12-11 14:35:13,369][com.java.SeleniumDriver] [  869] - DataField : //span[@class='icon-stack']&&//a[@data-id='RunPackage']
[INFO ][2015-12-11 14:35:13,369][com.java.SeleniumDriver] [  871] - DataValue : 
[INFO ][2015-12-11 14:35:13,370][com.java.SeleniumDriver] [  877] - <In Set values of the page>
[INFO ][2015-12-11 14:35:13,370][com.java.SeleniumDriver] [  880] - {Data Fields & Data Values Exist}
[INFO ][2015-12-11 14:35:13,370][com.java.SeleniumDriver] [  882] - --------------------------setting values-----------------------------
[INFO ][2015-12-11 14:35:13,370][com.java.SeleniumDriver] [  885] - Action Type : MOUSEOVER
[INFO ][2015-12-11 14:35:36,313][com.java.SeleniumDriver] [  894] -  RESULT true
[INFO ][2015-12-11 14:35:36,313][com.java.SeleniumDriver] [ 1100] - ?   P A S S   ?
[INFO ][2015-12-11 14:35:36,313][com.java.SeleniumDriver] [  821] - ------------------------------------------
[INFO ][2015-12-11 14:35:36,313][com.java.SeleniumDriver] [  822] - Test case being Executed: 9
[INFO ][2015-12-11 14:35:36,313][com.java.SeleniumDriver] [  833] - Test step:5
[INFO ][2015-12-11 14:35:36,313][com.java.SeleniumDriver] [  845] - Datavalue is----------Run Report Package
[INFO ][2015-12-11 14:35:36,313][com.java.SeleniumDriver] [  869] - DataField : XPH//span[contains(text(),'Run Report Package')]
[INFO ][2015-12-11 14:35:36,313][com.java.SeleniumDriver] [  871] - DataValue : Run Report Package
[INFO ][2015-12-11 14:35:36,313][com.java.SeleniumDriver] [  877] - <In Set values of the page>
[INFO ][2015-12-11 14:35:36,313][com.java.SeleniumDriver] [  880] - {Data Fields & Data Values Exist}
[INFO ][2015-12-11 14:35:36,313][com.java.SeleniumDriver] [  882] - --------------------------setting values-----------------------------
[INFO ][2015-12-11 14:35:36,313][com.java.SeleniumDriver] [  885] - Action Type : VERIFY
[INFO ][2015-12-11 14:35:36,313][com.java.TestType] [ 6762] - field= XPH//span[contains(text(),'Run Report Package')] value= Run Report Package
[INFO ][2015-12-11 14:35:36,314][com.java.TestType] [ 5500] - value = Run Report Package
[INFO ][2015-12-11 14:35:36,446][com.java.SeleniumDriver] [  894] -  RESULT true
[INFO ][2015-12-11 14:35:36,446][com.java.SeleniumDriver] [ 1100] - ?   P A S S   ?
[INFO ][2015-12-11 14:35:36,447][com.java.SeleniumDriver] [  821] - ------------------------------------------
[INFO ][2015-12-11 14:35:36,447][com.java.SeleniumDriver] [  822] - Test case being Executed: 9
[INFO ][2015-12-11 14:35:36,447][com.java.SeleniumDriver] [  833] - Test step:6
[INFO ][2015-12-11 14:35:36,447][com.java.SeleniumDriver] [  845] - Datavalue is----------null
[DEBUG][2015-12-11 14:35:36,447][com.java.SeleniumDriver] [  863] - Exception: null
[INFO ][2015-12-11 14:35:36,448][com.java.SeleniumDriver] [  869] - DataField : BTNframeDialogContent
[INFO ][2015-12-11 14:35:36,448][com.java.SeleniumDriver] [  871] - DataValue : 
[INFO ][2015-12-11 14:35:36,448][com.java.SeleniumDriver] [  877] - <In Set values of the page>
[INFO ][2015-12-11 14:35:36,448][com.java.SeleniumDriver] [  880] - {Data Fields & Data Values Exist}
[INFO ][2015-12-11 14:35:36,448][com.java.SeleniumDriver] [  882] - --------------------------setting values-----------------------------
[INFO ][2015-12-11 14:35:36,448][com.java.SeleniumDriver] [  885] - Action Type : SELECTFRAME
[INFO ][2015-12-11 14:35:37,687][com.java.SeleniumDriver] [  894] -  RESULT true
[INFO ][2015-12-11 14:35:37,687][com.java.SeleniumDriver] [ 1100] - ?   P A S S   ?
[INFO ][2015-12-11 14:35:37,687][com.java.SeleniumDriver] [  821] - ------------------------------------------
[INFO ][2015-12-11 14:35:37,687][com.java.SeleniumDriver] [  822] - Test case being Executed: 9
[INFO ][2015-12-11 14:35:37,687][com.java.SeleniumDriver] [  833] - Test step:7
[INFO ][2015-12-11 14:35:37,687][com.java.SeleniumDriver] [  845] - Datavalue is----------null
[DEBUG][2015-12-11 14:35:37,687][com.java.SeleniumDriver] [  863] - Exception: null
[INFO ][2015-12-11 14:35:37,687][com.java.SeleniumDriver] [  869] - DataField : XPH//select[@id='ddlPackage']//option[starts-with(.,'VL_Test')][1]
[INFO ][2015-12-11 14:35:37,687][com.java.SeleniumDriver] [  871] - DataValue : 
[INFO ][2015-12-11 14:35:37,687][com.java.SeleniumDriver] [  877] - <In Set values of the page>
[INFO ][2015-12-11 14:35:37,687][com.java.SeleniumDriver] [  880] - {Data Fields & Data Values Exist}
[INFO ][2015-12-11 14:35:37,687][com.java.SeleniumDriver] [  882] - --------------------------setting values-----------------------------
[INFO ][2015-12-11 14:35:37,689][com.java.SeleniumDriver] [  885] - Action Type : CLICK
[INFO ][2015-12-11 14:35:37,689][com.java.TestType] [ 5849] - Field ::XPH//select[@id='ddlPackage']//option[starts-with(.,'VL_Test')][1]
[INFO ][2015-12-11 14:35:37,689][com.java.TestType] [ 5500] - value = 
[INFO ][2015-12-11 14:35:38,689][com.java.TestType] [ 5956] - BEFORE CLICK
[INFO ][2015-12-11 14:35:39,452][com.java.TestType] [ 5964] - Unable to click the object Select any report under Add New Report ddropdown
[INFO ][2015-12-11 14:35:39,452][com.java.SeleniumDriver] [  894] -  RESULT true
[INFO ][2015-12-11 14:35:39,452][com.java.SeleniumDriver] [ 1100] - ?   P A S S   ?
[INFO ][2015-12-11 14:35:39,452][com.java.SeleniumDriver] [ 1142] - step change to 12
[INFO ][2015-12-11 14:35:39,452][com.java.SeleniumDriver] [  821] - ------------------------------------------
[INFO ][2015-12-11 14:35:39,452][com.java.SeleniumDriver] [  822] - Test case being Executed: 9
[INFO ][2015-12-11 14:35:39,452][com.java.SeleniumDriver] [  833] - Test step:12
[INFO ][2015-12-11 14:35:39,452][com.java.SeleniumDriver] [  845] - Datavalue is----------null
[DEBUG][2015-12-11 14:35:39,452][com.java.SeleniumDriver] [  863] - Exception: null
[INFO ][2015-12-11 14:35:39,452][com.java.SeleniumDriver] [  869] - DataField : BTN-1
[INFO ][2015-12-11 14:35:39,452][com.java.SeleniumDriver] [  871] - DataValue : 
[INFO ][2015-12-11 14:35:39,452][com.java.SeleniumDriver] [  877] - <In Set values of the page>
[INFO ][2015-12-11 14:35:39,453][com.java.SeleniumDriver] [  880] - {Data Fields & Data Values Exist}
[INFO ][2015-12-11 14:35:39,453][com.java.SeleniumDriver] [  882] - --------------------------setting values-----------------------------
[INFO ][2015-12-11 14:35:39,453][com.java.SeleniumDriver] [  885] - Action Type : CLICK
[INFO ][2015-12-11 14:35:39,453][com.java.TestType] [ 5849] - Field ::BTN-1
[INFO ][2015-12-11 14:35:39,453][com.java.TestType] [ 5500] - value = 
[INFO ][2015-12-11 14:35:40,453][com.java.TestType] [ 5935] - BEFORE CLICK
[INFO ][2015-12-11 14:35:41,649][com.java.TestType] [ 5942] - Unable to click the object Profit Centers Dropdown
[INFO ][2015-12-11 14:35:41,649][com.java.SeleniumDriver] [  894] -  RESULT true
[INFO ][2015-12-11 14:35:41,649][com.java.SeleniumDriver] [ 1100] - ?   P A S S   ?
[INFO ][2015-12-11 14:35:41,649][com.java.SeleniumDriver] [  821] - ------------------------------------------
[INFO ][2015-12-11 14:35:41,649][com.java.SeleniumDriver] [  822] - Test case being Executed: 9
[INFO ][2015-12-11 14:35:41,649][com.java.SeleniumDriver] [  833] - Test step:13
[INFO ][2015-12-11 14:35:41,649][com.java.SeleniumDriver] [  845] - Datavalue is----------index:3
[INFO ][2015-12-11 14:35:41,649][com.java.SeleniumDriver] [  869] - DataField : COBddlDate
[INFO ][2015-12-11 14:35:41,649][com.java.SeleniumDriver] [  871] - DataValue : index:3
[INFO ][2015-12-11 14:35:41,649][com.java.SeleniumDriver] [  877] - <In Set values of the page>
[INFO ][2015-12-11 14:35:41,649][com.java.SeleniumDriver] [  880] - {Data Fields & Data Values Exist}
[INFO ][2015-12-11 14:35:41,649][com.java.SeleniumDriver] [  882] - --------------------------setting values-----------------------------
[INFO ][2015-12-11 14:35:41,650][com.java.SeleniumDriver] [  885] - Action Type : SELECT
[INFO ][2015-12-11 14:35:41,650][com.java.TestType] [ 5500] - value = 3
[INFO ][2015-12-11 14:35:42,779][com.java.TestType] [ 5618] -  In COB ddlDate : 3
[INFO ][2015-12-11 14:35:43,147][com.java.SeleniumDriver] [  894] -  RESULT true
[INFO ][2015-12-11 14:35:43,147][com.java.SeleniumDriver] [ 1100] - ?   P A S S   ?
[INFO ][2015-12-11 14:35:43,147][com.java.SeleniumDriver] [  821] - ------------------------------------------
[INFO ][2015-12-11 14:35:43,147][com.java.SeleniumDriver] [  822] - Test case being Executed: 9
[INFO ][2015-12-11 14:35:43,147][com.java.SeleniumDriver] [  833] - Test step:14
[INFO ][2015-12-11 14:35:43,147][com.java.SeleniumDriver] [  845] - Datavalue is----------null
[DEBUG][2015-12-11 14:35:43,147][com.java.SeleniumDriver] [  863] - Exception: null
[INFO ][2015-12-11 14:35:43,147][com.java.SeleniumDriver] [  869] - DataField : BTNrdoScreen
[INFO ][2015-12-11 14:35:43,147][com.java.SeleniumDriver] [  871] - DataValue : 
[INFO ][2015-12-11 14:35:43,147][com.java.SeleniumDriver] [  877] - <In Set values of the page>
[INFO ][2015-12-11 14:35:43,147][com.java.SeleniumDriver] [  880] - {Data Fields & Data Values Exist}
[INFO ][2015-12-11 14:35:43,147][com.java.SeleniumDriver] [  882] - --------------------------setting values-----------------------------
[INFO ][2015-12-11 14:35:43,148][com.java.SeleniumDriver] [  885] - Action Type : CLICK
[INFO ][2015-12-11 14:35:43,148][com.java.TestType] [ 5849] - Field ::BTNrdoScreen
[INFO ][2015-12-11 14:35:43,148][com.java.TestType] [ 5500] - value = 
[INFO ][2015-12-11 14:35:44,148][com.java.TestType] [ 5935] - BEFORE CLICK
[INFO ][2015-12-11 14:35:45,364][com.java.TestType] [ 5942] - Unable to click the object Format Radiobuttons
[INFO ][2015-12-11 14:35:45,364][com.java.SeleniumDriver] [  894] -  RESULT true
[INFO ][2015-12-11 14:35:45,364][com.java.SeleniumDriver] [ 1100] - ?   P A S S   ?
[INFO ][2015-12-11 14:35:45,364][com.java.SeleniumDriver] [  821] - ------------------------------------------
[INFO ][2015-12-11 14:35:45,364][com.java.SeleniumDriver] [  822] - Test case being Executed: 9
[INFO ][2015-12-11 14:35:45,364][com.java.SeleniumDriver] [  833] - Test step:15
[INFO ][2015-12-11 14:35:45,364][com.java.SeleniumDriver] [  845] - Datavalue is----------null
[DEBUG][2015-12-11 14:35:45,365][com.java.SeleniumDriver] [  863] - Exception: null
[INFO ][2015-12-11 14:35:45,365][com.java.SeleniumDriver] [  869] - DataField : BTNparent
[INFO ][2015-12-11 14:35:45,365][com.java.SeleniumDriver] [  871] - DataValue : 
[INFO ][2015-12-11 14:35:45,365][com.java.SeleniumDriver] [  877] - <In Set values of the page>
[INFO ][2015-12-11 14:35:45,365][com.java.SeleniumDriver] [  880] - {Data Fields & Data Values Exist}
[INFO ][2015-12-11 14:35:45,365][com.java.SeleniumDriver] [  882] - --------------------------setting values-----------------------------
[INFO ][2015-12-11 14:35:45,365][com.java.SeleniumDriver] [  885] - Action Type : SELECTFRAME
[INFO ][2015-12-11 14:35:45,379][com.java.SeleniumDriver] [  894] -  RESULT true
[INFO ][2015-12-11 14:35:45,379][com.java.SeleniumDriver] [ 1100] - ?   P A S S   ?
[INFO ][2015-12-11 14:35:45,379][com.java.SeleniumDriver] [  821] - ------------------------------------------
[INFO ][2015-12-11 14:35:45,379][com.java.SeleniumDriver] [  822] - Test case being Executed: 9
[INFO ][2015-12-11 14:35:45,379][com.java.SeleniumDriver] [  833] - Test step:16
[INFO ][2015-12-11 14:35:45,379][com.java.SeleniumDriver] [  845] - Datavalue is----------null
[DEBUG][2015-12-11 14:35:45,380][com.java.SeleniumDriver] [  863] - Exception: null
[INFO ][2015-12-11 14:35:45,380][com.java.SeleniumDriver] [  869] - DataField : XPH//span[contains(text(),'Run Package')]
[INFO ][2015-12-11 14:35:45,380][com.java.SeleniumDriver] [  871] - DataValue : 
[INFO ][2015-12-11 14:35:45,380][com.java.SeleniumDriver] [  877] - <In Set values of the page>
[INFO ][2015-12-11 14:35:45,380][com.java.SeleniumDriver] [  880] - {Data Fields & Data Values Exist}
[INFO ][2015-12-11 14:35:45,380][com.java.SeleniumDriver] [  882] - --------------------------setting values-----------------------------
[INFO ][2015-12-11 14:35:45,380][com.java.SeleniumDriver] [  885] - Action Type : CLICK
[INFO ][2015-12-11 14:35:45,380][com.java.TestType] [ 5849] - Field ::XPH//span[contains(text(),'Run Package')]
[INFO ][2015-12-11 14:35:45,380][com.java.TestType] [ 5500] - value = 
[INFO ][2015-12-11 14:35:46,380][com.java.TestType] [ 5956] - BEFORE CLICK
[INFO ][2015-12-11 14:35:47,495][com.java.TestType] [ 5964] - Unable to click the object Run Package Button
[INFO ][2015-12-11 14:35:47,495][com.java.SeleniumDriver] [  894] -  RESULT true
[INFO ][2015-12-11 14:35:47,495][com.java.SeleniumDriver] [ 1100] - ?   P A S S   ?
[INFO ][2015-12-11 14:35:47,495][com.java.SeleniumDriver] [  821] - ------------------------------------------
[INFO ][2015-12-11 14:35:47,495][com.java.SeleniumDriver] [  822] - Test case being Executed: 9
[INFO ][2015-12-11 14:35:47,495][com.java.SeleniumDriver] [  833] - Test step:17
[INFO ][2015-12-11 14:35:47,495][com.java.SeleniumDriver] [  845] - Datavalue is----------3
[INFO ][2015-12-11 14:35:47,495][com.java.SeleniumDriver] [  869] - DataField : XPH//img[@id='loading']
[INFO ][2015-12-11 14:35:47,495][com.java.SeleniumDriver] [  871] - DataValue : 3
[INFO ][2015-12-11 14:35:47,495][com.java.SeleniumDriver] [  877] - <In Set values of the page>
[INFO ][2015-12-11 14:35:47,495][com.java.SeleniumDriver] [  880] - {Data Fields & Data Values Exist}
[INFO ][2015-12-11 14:35:47,495][com.java.SeleniumDriver] [  882] - --------------------------setting values-----------------------------
[INFO ][2015-12-11 14:35:47,495][com.java.SeleniumDriver] [  885] - Action Type : WaitForElement
[INFO ][2015-12-11 14:35:47,519][com.java.SeleniumDriver] [  894] -  RESULT true
[INFO ][2015-12-11 14:35:47,519][com.java.SeleniumDriver] [ 1100] - ?   P A S S   ?
[INFO ][2015-12-11 14:35:47,519][com.java.SeleniumDriver] [  821] - ------------------------------------------
[INFO ][2015-12-11 14:35:47,519][com.java.SeleniumDriver] [  822] - Test case being Executed: 9
[INFO ][2015-12-11 14:35:47,519][com.java.SeleniumDriver] [  833] - Test step:18
[INFO ][2015-12-11 14:35:47,519][com.java.SeleniumDriver] [  845] - Datavalue is----------null
[DEBUG][2015-12-11 14:35:47,519][com.java.SeleniumDriver] [  863] - Exception: null
[INFO ][2015-12-11 14:35:47,519][com.java.SeleniumDriver] [  869] - DataField : XPH//img[@id='loading']
[INFO ][2015-12-11 14:35:47,519][com.java.SeleniumDriver] [  871] - DataValue : 
[INFO ][2015-12-11 14:35:47,519][com.java.SeleniumDriver] [  877] - <In Set values of the page>
[INFO ][2015-12-11 14:35:47,519][com.java.SeleniumDriver] [  880] - {Data Fields & Data Values Exist}
[INFO ][2015-12-11 14:35:47,519][com.java.SeleniumDriver] [  882] - --------------------------setting values-----------------------------
[INFO ][2015-12-11 14:35:47,520][com.java.SeleniumDriver] [  885] - Action Type : waitForElementNotPresent
[INFO ][2015-12-11 14:35:47,620][com.java.SeleniumDriver] [  894] -  RESULT true
[INFO ][2015-12-11 14:35:47,620][com.java.SeleniumDriver] [ 1100] - ?   P A S S   ?
[INFO ][2015-12-11 14:35:47,620][com.java.SeleniumDriver] [  821] - ------------------------------------------
[INFO ][2015-12-11 14:35:47,620][com.java.SeleniumDriver] [  822] - Test case being Executed: 9
[INFO ][2015-12-11 14:35:47,620][com.java.SeleniumDriver] [  833] - Test step:19
[INFO ][2015-12-11 14:35:47,620][com.java.SeleniumDriver] [  845] - Datavalue is----------Executive Summary (12mos.)
[INFO ][2015-12-11 14:35:47,620][com.java.SeleniumDriver] [  869] - DataField : XPH//td[contains(text(),'Executive Summary (12mos.)')]
[INFO ][2015-12-11 14:35:47,621][com.java.SeleniumDriver] [  871] - DataValue : Executive Summary (12mos.)
[INFO ][2015-12-11 14:35:47,621][com.java.SeleniumDriver] [  877] - <In Set values of the page>
[INFO ][2015-12-11 14:35:47,622][com.java.SeleniumDriver] [  880] - {Data Fields & Data Values Exist}
[INFO ][2015-12-11 14:35:47,622][com.java.SeleniumDriver] [  882] - --------------------------setting values-----------------------------
[INFO ][2015-12-11 14:35:47,622][com.java.SeleniumDriver] [  885] - Action Type : VERIFY
[INFO ][2015-12-11 14:35:47,622][com.java.TestType] [ 6762] - field= XPH//td[contains(text(),'Executive Summary (12mos.)')] value= Executive Summary (12mos.)
[INFO ][2015-12-11 14:35:47,622][com.java.TestType] [ 5500] - value = Executive Summary (12mos.)
[INFO ][2015-12-11 14:36:08,362][com.java.SeleniumDriver] [  894] -  RESULT true
[INFO ][2015-12-11 14:36:08,362][com.java.SeleniumDriver] [ 1100] - ?   P A S S   ?
[INFO ][2015-12-11 14:36:08,362][com.java.SeleniumDriver] [  821] - ------------------------------------------
[INFO ][2015-12-11 14:36:08,362][com.java.SeleniumDriver] [  822] - Test case being Executed: 9
[INFO ][2015-12-11 14:36:08,362][com.java.SeleniumDriver] [  833] - Test step:20
[INFO ][2015-12-11 14:36:08,363][com.java.SeleniumDriver] [  845] - Datavalue is----------null
[DEBUG][2015-12-11 14:36:08,363][com.java.SeleniumDriver] [  863] - Exception: null
[INFO ][2015-12-11 14:36:08,363][com.java.SeleniumDriver] [  869] - DataField : BTNcloseAllTabs
[INFO ][2015-12-11 14:36:08,363][com.java.SeleniumDriver] [  871] - DataValue : 
[INFO ][2015-12-11 14:36:08,363][com.java.SeleniumDriver] [  877] - <In Set values of the page>
[INFO ][2015-12-11 14:36:08,363][com.java.SeleniumDriver] [  880] - {Data Fields & Data Values Exist}
[INFO ][2015-12-11 14:36:08,363][com.java.SeleniumDriver] [  882] - --------------------------setting values-----------------------------
[INFO ][2015-12-11 14:36:08,363][com.java.SeleniumDriver] [  885] - Action Type : CLICK
[INFO ][2015-12-11 14:36:08,363][com.java.TestType] [ 5849] - Field ::BTNcloseAllTabs
[INFO ][2015-12-11 14:36:08,363][com.java.TestType] [ 5500] - value = 
[INFO ][2015-12-11 14:36:09,363][com.java.TestType] [ 5935] - BEFORE CLICK
[INFO ][2015-12-11 14:36:10,968][com.java.TestType] [ 5942] - Unable to click the object Close all tabs button
[INFO ][2015-12-11 14:36:10,968][com.java.SeleniumDriver] [  894] -  RESULT true
[INFO ][2015-12-11 14:36:10,968][com.java.SeleniumDriver] [ 1100] - ?   P A S S   ?
[INFO ][2015-12-11 14:36:10,968][com.java.SeleniumDriver] [  821] - ------------------------------------------
[INFO ][2015-12-11 14:36:10,968][com.java.SeleniumDriver] [  822] - Test case being Executed: 9
[INFO ][2015-12-11 14:36:10,968][com.java.SeleniumDriver] [  833] - Test step:21
[INFO ][2015-12-11 14:36:10,968][com.java.SeleniumDriver] [  845] - Datavalue is----------3
[INFO ][2015-12-11 14:36:10,968][com.java.SeleniumDriver] [  869] - DataField : XPH//div[contains(text(), 'My Dashboard')]
[INFO ][2015-12-11 14:36:10,968][com.java.SeleniumDriver] [  871] - DataValue : 3
[INFO ][2015-12-11 14:36:10,968][com.java.SeleniumDriver] [  877] - <In Set values of the page>
[INFO ][2015-12-11 14:36:10,968][com.java.SeleniumDriver] [  880] - {Data Fields & Data Values Exist}
[INFO ][2015-12-11 14:36:10,968][com.java.SeleniumDriver] [  882] - --------------------------setting values-----------------------------
[INFO ][2015-12-11 14:36:10,968][com.java.SeleniumDriver] [  885] - Action Type : WAITFORELEMENT
[INFO ][2015-12-11 14:36:11,141][com.java.SeleniumDriver] [  894] -  RESULT true
[INFO ][2015-12-11 14:36:11,141][com.java.SeleniumDriver] [ 1100] - ?   P A S S   ?
[INFO ][2015-12-11 14:36:11,141][com.java.SeleniumDriver] [  821] - ------------------------------------------
[INFO ][2015-12-11 14:36:11,141][com.java.SeleniumDriver] [  822] - Test case being Executed: 9
[INFO ][2015-12-11 14:36:11,141][com.java.SeleniumDriver] [  833] - Test step:22
[INFO ][2015-12-11 14:36:11,141][com.java.SeleniumDriver] [  845] - Datavalue is----------My Dashboard
[INFO ][2015-12-11 14:36:11,141][com.java.SeleniumDriver] [  869] - DataField : XPH//div[contains(text(), 'My Dashboard')]
[INFO ][2015-12-11 14:36:11,141][com.java.SeleniumDriver] [  871] - DataValue : My Dashboard
[INFO ][2015-12-11 14:36:11,141][com.java.SeleniumDriver] [  877] - <In Set values of the page>
[INFO ][2015-12-11 14:36:11,141][com.java.SeleniumDriver] [  880] - {Data Fields & Data Values Exist}
[INFO ][2015-12-11 14:36:11,141][com.java.SeleniumDriver] [  882] - --------------------------setting values-----------------------------
[INFO ][2015-12-11 14:36:11,141][com.java.SeleniumDriver] [  885] - Action Type : VERIFY
[INFO ][2015-12-11 14:36:11,142][com.java.TestType] [ 6762] - field= XPH//div[contains(text(), 'My Dashboard')] value= My Dashboard
[INFO ][2015-12-11 14:36:11,142][com.java.TestType] [ 5500] - value = My Dashboard
[INFO ][2015-12-11 14:36:11,533][com.java.SeleniumDriver] [  894] -  RESULT true
[INFO ][2015-12-11 14:36:11,533][com.java.SeleniumDriver] [ 1100] - ?   P A S S   ?
[DEBUG][2015-12-11 14:36:11,533][com.java.SeleniumDriver] [ 1212] - Case found
[DEBUG][2015-12-11 14:36:11,533][com.java.SeleniumDriver] [ 1217] - Incrementing ReportCounters[0]:2
[INFO ][2015-12-11 14:36:11,533][com.java.SeleniumDriver] [ 1236] - The results are-------------------[9, 1, Report Packages: Run Regular Report Package on Screen, Pass, , Fri Dec 11 14:35:08 IST 2015, 9, 3, Report Packages: Run Regular Report Package on Screen, Pass, , Fri Dec 11 14:35:13 IST 2015, 9, 4, Report Packages: Run Regular Report Package on Screen, Pass, , Fri Dec 11 14:35:36 IST 2015, 9, 5, Report Packages: Run Regular Report Package on Screen, Pass, , Fri Dec 11 14:35:36 IST 2015, 9, 6, Report Packages: Run Regular Report Package on Screen, Pass, , Fri Dec 11 14:35:37 IST 2015, 9, 7, Report Packages: Run Regular Report Package on Screen, Pass, , Fri Dec 11 14:35:39 IST 2015, 9, 12, Report Packages: Run Regular Report Package on Screen, Pass, , Fri Dec 11 14:35:41 IST 2015, 9, 13, Report Packages: Run Regular Report Package on Screen, Pass, , Fri Dec 11 14:35:43 IST 2015, 9, 14, Report Packages: Run Regular Report Package on Screen, Pass, , Fri Dec 11 14:35:45 IST 2015, 9, 15, Report Packages: Run Regular Report Package on Screen, Pass, , Fri Dec 11 14:35:45 IST 2015, 9, 16, Report Packages: Run Regular Report Package on Screen, Pass, , Fri Dec 11 14:35:47 IST 2015, 9, 17, Report Packages: Run Regular Report Package on Screen, Pass, , Fri Dec 11 14:35:47 IST 2015, 9, 18, Report Packages: Run Regular Report Package on Screen, Pass, , Fri Dec 11 14:35:47 IST 2015, 9, 19, Report Packages: Run Regular Report Package on Screen, Pass, , Fri Dec 11 14:36:08 IST 2015, 9, 20, Report Packages: Run Regular Report Package on Screen, Pass, , Fri Dec 11 14:36:10 IST 2015, 9, 21, Report Packages: Run Regular Report Package on Screen, Pass, , Fri Dec 11 14:36:11 IST 2015, 9, 22, Report Packages: Run Regular Report Package on Screen, Pass, , Fri Dec 11 14:36:11 IST 2015]
[INFO ][2015-12-11 14:36:11,533][com.java.SeleniumDriver] [ 1240] - End time is-------1 min 58 sec
[INFO ][2015-12-11 14:36:11,533][com.java.SeleniumDriver] [ 1241] - The results are-------------------[9, 1, Report Packages: Run Regular Report Package on Screen, Pass, , Fri Dec 11 14:35:08 IST 2015, 9, 3, Report Packages: Run Regular Report Package on Screen, Pass, , Fri Dec 11 14:35:13 IST 2015, 9, 4, Report Packages: Run Regular Report Package on Screen, Pass, , Fri Dec 11 14:35:36 IST 2015, 9, 5, Report Packages: Run Regular Report Package on Screen, Pass, , Fri Dec 11 14:35:36 IST 2015, 9, 6, Report Packages: Run Regular Report Package on Screen, Pass, , Fri Dec 11 14:35:37 IST 2015, 9, 7, Report Packages: Run Regular Report Package on Screen, Pass, , Fri Dec 11 14:35:39 IST 2015, 9, 12, Report Packages: Run Regular Report Package on Screen, Pass, , Fri Dec 11 14:35:41 IST 2015, 9, 13, Report Packages: Run Regular Report Package on Screen, Pass, , Fri Dec 11 14:35:43 IST 2015, 9, 14, Report Packages: Run Regular Report Package on Screen, Pass, , Fri Dec 11 14:35:45 IST 2015, 9, 15, Report Packages: Run Regular Report Package on Screen, Pass, , Fri Dec 11 14:35:45 IST 2015, 9, 16, Report Packages: Run Regular Report Package on Screen, Pass, , Fri Dec 11 14:35:47 IST 2015, 9, 17, Report Packages: Run Regular Report Package on Screen, Pass, , Fri Dec 11 14:35:47 IST 2015, 9, 18, Report Packages: Run Regular Report Package on Screen, Pass, , Fri Dec 11 14:35:47 IST 2015, 9, 19, Report Packages: Run Regular Report Package on Screen, Pass, , Fri Dec 11 14:36:08 IST 2015, 9, 20, Report Packages: Run Regular Report Package on Screen, Pass, , Fri Dec 11 14:36:10 IST 2015, 9, 21, Report Packages: Run Regular Report Package on Screen, Pass, , Fri Dec 11 14:36:11 IST 2015, 9, 22, Report Packages: Run Regular Report Package on Screen, Pass, , Fri Dec 11 14:36:11 IST 2015]
[DEBUG][2015-12-11 14:36:11,533][com.java.ImportnExport.ExportTestResultsExcel] [  222] - testResultPath = D:\BankersDashboard/TestReports/Test Results_BankersDashBoard_121115_143414_IE10_First Bank.xls
[DEBUG][2015-12-11 14:36:11,533][com.java.ImportnExport.ExportTestResultsExcel] [  223] - browser is------------IE10
[DEBUG][2015-12-11 14:36:11,537][com.java.ImportnExport.ExportTestResultsExcel] [  270] - result.size() = 102
[DEBUG][2015-12-11 14:36:11,537][com.java.ImportnExport.ExportTestResultsExcel] [  274] - No of rows in sheet=2
[DEBUG][2015-12-11 14:36:11,537][com.java.ImportnExport.ExportTestResultsExcel] [  301] - ..in export..9
[DEBUG][2015-12-11 14:36:11,537][com.java.ImportnExport.ExportTestResultsExcel] [  301] - ..in export..Report Packages: Run Regular Report Package on Screen
[DEBUG][2015-12-11 14:36:11,537][com.java.ImportnExport.ExportTestResultsExcel] [  301] - ..in export..Pass
[DEBUG][2015-12-11 14:36:11,538][com.java.ImportnExport.ExportTestResultsExcel] [  301] - ..in export..
[DEBUG][2015-12-11 14:36:11,538][com.java.ImportnExport.ExportTestResultsExcel] [  301] - ..in export..Fri Dec 11 14:35:08 IST 2015
[INFO ][2015-12-11 14:36:11,539][com.java.SeleniumDriver] [ 1299] - out loop:1 size:2 TestCases:[1, 9] testcases:[1, 9]
[INFO ][2015-12-11 14:36:13,539][com.java.SeleniumDriver] [ 1342] - Total Number of Cases:2
[INFO ][2015-12-11 14:36:13,539][com.java.TemplateGenerator] [  302] - Executed:2
[INFO ][2015-12-11 14:36:13,539][com.java.TemplateGenerator] [  303] - Passed:2
[INFO ][2015-12-11 14:36:13,539][com.java.TemplateGenerator] [  304] - Failed:0
[INFO ][2015-12-11 14:36:13,539][com.java.TemplateGenerator] [  305] - Skipeed:0
[INFO ][2015-12-11 14:36:13,539][com.java.TemplateGenerator] [  306] - Application URL:https://clients-xuat.bankersdashboard.com
[INFO ][2015-12-11 14:36:13,539][com.java.TemplateGenerator] [  307] - Start Time:121115_143414
[INFO ][2015-12-11 14:36:13,539][com.java.TemplateGenerator] [  308] -  Creating HTML Report 
[ERROR][2015-12-11 14:36:13,540][com.java.TemplateGenerator] [  409] - Unparseable date: "Fri Dec 11 02:34:14 IST 2015"
[INFO ][2015-12-11 14:36:13,540][com.java.TemplateGenerator] [  654] -  Exporting case :: 1
[INFO ][2015-12-11 14:36:13,540][com.java.TemplateGenerator] [  654] -  Exporting case :: 9
[INFO ][2015-12-11 14:36:13,548][com.java.SeleniumDriver] [ 1391] - End Time:121115_143613
[INFO ][2015-12-11 14:36:13,548][com.java.SeleniumDriver] [ 1394] - Data in Test Execution Details:{1=PASS, 9=PASS}
[INFO ][2015-12-11 14:36:13,548][com.java.SeleniumDriver] [ 1395] - Data in Failed Execution Deatils:{}
[INFO ][2015-12-11 14:36:13,548][com.java.SeleniumDriver] [ 1397] - ReportCounter:Total:2 :: PASS: 2 ::FAIL: 0
[INFO ][2015-12-11 14:36:13,548][com.java.SeleniumDriver] [ 1398] - FailedReportCounter:Total:0 :: PASS: 0 ::FAIL: 0
[INFO ][2015-12-11 14:36:13,554][com.java.EmailTestReport] [   63] - Sending report mail details:
[INFO ][2015-12-11 14:36:13,554][com.java.EmailTestReport] [   80] - Excel Report Path:D:\BankersDashboard/TestReports/Test Results_BankersDashBoard_121115_143414_IE10_First Bank.xls
[INFO ][2015-12-11 14:36:13,554][com.java.EmailTestReport] [   81] - HTML Report Path:D:\BankersDashboard//TestReports//Test Results_BankersDashBoard_121115_143414_IE10_First Bank.html
[INFO ][2015-12-11 14:36:13,554][com.java.EmailTestReport] [   82] - smtpHostName:mail01.valuelabs.com
[INFO ][2015-12-11 14:36:13,554][com.java.EmailTestReport] [   83] - Recipient:venkateswararao.gubbala@valuelabs.com;
[INFO ][2015-12-11 14:36:13,554][com.java.EmailTestReport] [   84] - From:venkateswararao.gubbala@valuelabs.com;
[INFO ][2015-12-11 14:36:13,554][com.java.EmailTestReport] [   85] - Subject:Deluxe Corp Bankers Dashboard Automation Test Report - First Bank - IE10
[INFO ][2015-12-11 14:36:13,570][com.java.EmailTestReport] [  143] -  Added venkateswararao.gubbala@valuelabs.com
[INFO ][2015-12-11 14:36:16,684][com.java.SeleniumDriver] [  720] - quitting the browser 
[INFO ][2015-12-11 14:36:18,378][com.java.SeleniumDriver] [  264] - Execution Completed Stopping the thread
