[INFO ][2016-01-06 14:54:34,824][com.java.SeleniumDriver] [  213] - Execute Failed Casesfalse
[INFO ][2016-01-06 14:54:34,824][com.java.SeleniumDriver] [  214] - Browser: IE10
[INFO ][2016-01-06 14:54:34,827][com.java.SeleniumDriver] [  215] - [1, 6]
[INFO ][2016-01-06 14:54:34,827][com.java.SeleniumDriver] [  216] - Total TestCases:2
[INFO ][2016-01-06 14:54:34,827][com.java.SeleniumDriver] [  217] -  Reading Properties from Property File 
[DEBUG][2016-01-06 14:54:34,827][com.java.SeleniumDriver] [  238] - url : https://clients-xuat.bankersdashboard.com
[INFO ][2016-01-06 14:54:34,827][com.java.ImportnExport.ExportTestResultsExcel] [  116] - Time Stamp Wed Jan 06 02:54:34 IST 2016
[INFO ][2016-01-06 14:54:34,827][com.java.ImportnExport.ExportTestResultsExcel] [  175] - OUT FILE : D:\BankersDashboard/TestReports/Test Results_BankersDashBoard_010616_145434_IE10_United Bank.xls
[INFO ][2016-01-06 14:54:34,856][com.java.ImportnExport.ExportTestResultsExcel] [  180] - Test Result file is created
[DEBUG][2016-01-06 14:54:34,956][com.java.SeleniumDriver] [  426] - Hub ip address is-------172.17.68.34
[INFO ][2016-01-06 14:54:34,958][com.java.SeleniumDriver] [  452] - Grid URL:http://172.17.68.34:4444/wd/hub
[INFO ][2016-01-06 14:54:34,958][com.java.SeleniumDriver] [  453] - Capability:Capabilities [{platform=ANY, ensureCleanSession=true, ignoreProtectedModeSettings=true, acceptSslCerts=true, ignoreZoomSetting=true, browserName=internet explorer, browserstack.ie.noFlash=true, version=null}]
[ERROR][2016-01-06 14:54:36,273][com.java.SeleniumDriver] [  498] - Unable invoke browser in grid:Could not start a new session. Possible causes are invalid address of the remote server or browser start-up failure.
Build info: version: '2.48.2', revision: '41bccdd', time: '2015-10-09 19:59:12'
System info: host: 'FVTIII438F1D', ip: '172.17.68.34', os.name: 'Windows 7', os.arch: 'x86', os.version: '6.1', java.version: '1.7.0_55'
Driver info: driver.version: SeleniumDriver
[INFO ][2016-01-06 14:54:36,276][com.java.SeleniumDriver] [  500] - Executing on local machine
[INFO ][2016-01-06 14:54:46,538][com.java.SeleniumDriver] [  248] - IE10is opened
[INFO ][2016-01-06 14:54:47,185][com.java.SeleniumDriver] [  756] - Test cases to be executed are: [1, 6]
[INFO ][2016-01-06 14:54:47,206][com.java.ImportnExport.ImportTestDataDetailsExcel] [   49] - test data details path===== D:\BankersDashboard\TestInputs\TestData.xls
[INFO ][2016-01-06 14:54:47,298][com.java.SeleniumDriver] [  832] - ------------------------------------------
[INFO ][2016-01-06 14:54:47,298][com.java.SeleniumDriver] [  833] - Test case being Executed: 1
[INFO ][2016-01-06 14:54:47,298][com.java.SeleniumDriver] [  845] - Test step:1
[INFO ][2016-01-06 14:54:47,298][com.java.SeleniumDriver] [  857] - Datavalue is----------Concept#1:1-16
[INFO ][2016-01-06 14:54:47,298][com.java.SeleniumDriver] [  881] - DataField : test
[INFO ][2016-01-06 14:54:47,299][com.java.SeleniumDriver] [  883] - DataValue : Concept#1:1-16
[INFO ][2016-01-06 14:54:47,299][com.java.SeleniumDriver] [  889] - <In Set values of the page>
[INFO ][2016-01-06 14:54:47,299][com.java.SeleniumDriver] [  892] - {Data Fields & Data Values Exist}
[INFO ][2016-01-06 14:54:47,299][com.java.SeleniumDriver] [  894] - --------------------------setting values-----------------------------
[INFO ][2016-01-06 14:54:47,299][com.java.SeleniumDriver] [  897] - Action Type : ExecuteTestCase
[INFO ][2016-01-06 14:54:47,317][com.java.TestType] [  437] - The Concept sheet name is ---------- Concept
[INFO ][2016-01-06 14:54:47,317][com.java.TestType] [  440] - The Concept ID  is ---------- 1
[DEBUG][2016-01-06 14:54:47,317][com.java.TestType] [  444] - Steps being executted in the Concept are: 1:16
[INFO ][2016-01-06 14:54:47,317][com.java.TestType] [  451] - Test data details path ---------- D:\BankersDashboard\TestInputs\TestData.xls
[INFO ][2016-01-06 14:54:47,350][com.java.TestType] [  482] -  str(1) = 1
[INFO ][2016-01-06 14:54:47,350][com.java.TestType] [  485] - Test case Id is---1
[INFO ][2016-01-06 14:54:47,350][com.java.TestType] [  487] - 1
[INFO ][2016-01-06 14:54:47,350][com.java.TestType] [  482] -  str(2) = 1
[INFO ][2016-01-06 14:54:47,352][com.java.TestType] [  482] -  str(1) = 1
[INFO ][2016-01-06 14:54:47,352][com.java.TestType] [  485] - Test case Id is---1
[INFO ][2016-01-06 14:54:47,353][com.java.TestType] [  487] - 1
[INFO ][2016-01-06 14:54:47,353][com.java.TestType] [  482] -  str(2) = 2
[INFO ][2016-01-06 14:54:47,354][com.java.TestType] [  482] -  str(1) = 1
[INFO ][2016-01-06 14:54:47,354][com.java.TestType] [  485] - Test case Id is---1
[INFO ][2016-01-06 14:54:47,354][com.java.TestType] [  487] - 1
[INFO ][2016-01-06 14:54:47,354][com.java.TestType] [  482] -  str(2) = 3
[INFO ][2016-01-06 14:54:47,355][com.java.TestType] [  482] -  str(1) = 1
[INFO ][2016-01-06 14:54:47,355][com.java.TestType] [  485] - Test case Id is---1
[INFO ][2016-01-06 14:54:47,356][com.java.TestType] [  487] - 1
[INFO ][2016-01-06 14:54:47,356][com.java.TestType] [  482] -  str(2) = 4
[INFO ][2016-01-06 14:54:47,357][com.java.TestType] [  482] -  str(1) = 1
[INFO ][2016-01-06 14:54:47,357][com.java.TestType] [  485] - Test case Id is---1
[INFO ][2016-01-06 14:54:47,357][com.java.TestType] [  487] - 1
[INFO ][2016-01-06 14:54:47,357][com.java.TestType] [  482] -  str(2) = 5
[INFO ][2016-01-06 14:54:47,358][com.java.TestType] [  482] -  str(1) = 1
[INFO ][2016-01-06 14:54:47,358][com.java.TestType] [  485] - Test case Id is---1
[INFO ][2016-01-06 14:54:47,358][com.java.TestType] [  487] - 1
[INFO ][2016-01-06 14:54:47,358][com.java.TestType] [  482] -  str(2) = 6
[INFO ][2016-01-06 14:54:47,361][com.java.TestType] [  482] -  str(1) = 1
[INFO ][2016-01-06 14:54:47,361][com.java.TestType] [  485] - Test case Id is---1
[INFO ][2016-01-06 14:54:47,361][com.java.TestType] [  487] - 1
[INFO ][2016-01-06 14:54:47,361][com.java.TestType] [  482] -  str(2) = 7
[INFO ][2016-01-06 14:54:47,362][com.java.TestType] [  482] -  str(1) = 1
[INFO ][2016-01-06 14:54:47,362][com.java.TestType] [  485] - Test case Id is---1
[INFO ][2016-01-06 14:54:47,362][com.java.TestType] [  487] - 1
[INFO ][2016-01-06 14:54:47,362][com.java.TestType] [  482] -  str(2) = 8
[INFO ][2016-01-06 14:54:47,363][com.java.TestType] [  482] -  str(1) = 1
[INFO ][2016-01-06 14:54:47,363][com.java.TestType] [  485] - Test case Id is---1
[INFO ][2016-01-06 14:54:47,363][com.java.TestType] [  487] - 1
[INFO ][2016-01-06 14:54:47,363][com.java.TestType] [  482] -  str(2) = 9
[INFO ][2016-01-06 14:54:47,364][com.java.TestType] [  482] -  str(1) = 1
[INFO ][2016-01-06 14:54:47,364][com.java.TestType] [  485] - Test case Id is---1
[INFO ][2016-01-06 14:54:47,364][com.java.TestType] [  487] - 1
[INFO ][2016-01-06 14:54:47,364][com.java.TestType] [  482] -  str(2) = 10
[INFO ][2016-01-06 14:54:47,365][com.java.TestType] [  482] -  str(1) = 1
[INFO ][2016-01-06 14:54:47,365][com.java.TestType] [  485] - Test case Id is---1
[INFO ][2016-01-06 14:54:47,365][com.java.TestType] [  487] - 1
[INFO ][2016-01-06 14:54:47,365][com.java.TestType] [  482] -  str(2) = 11
[INFO ][2016-01-06 14:54:47,366][com.java.TestType] [  482] -  str(1) = 1
[INFO ][2016-01-06 14:54:47,366][com.java.TestType] [  485] - Test case Id is---1
[INFO ][2016-01-06 14:54:47,366][com.java.TestType] [  487] - 1
[INFO ][2016-01-06 14:54:47,366][com.java.TestType] [  482] -  str(2) = 12
[INFO ][2016-01-06 14:54:47,367][com.java.TestType] [  482] -  str(1) = 1
[INFO ][2016-01-06 14:54:47,367][com.java.TestType] [  485] - Test case Id is---1
[INFO ][2016-01-06 14:54:47,367][com.java.TestType] [  487] - 1
[INFO ][2016-01-06 14:54:47,367][com.java.TestType] [  482] -  str(2) = 13
[INFO ][2016-01-06 14:54:47,368][com.java.TestType] [  482] -  str(1) = 1
[INFO ][2016-01-06 14:54:47,368][com.java.TestType] [  485] - Test case Id is---1
[INFO ][2016-01-06 14:54:47,368][com.java.TestType] [  487] - 1
[INFO ][2016-01-06 14:54:47,370][com.java.TestType] [  482] -  str(2) = 14
[INFO ][2016-01-06 14:54:47,371][com.java.TestType] [  482] -  str(1) = 1
[INFO ][2016-01-06 14:54:47,371][com.java.TestType] [  485] - Test case Id is---1
[INFO ][2016-01-06 14:54:47,371][com.java.TestType] [  487] - 1
[INFO ][2016-01-06 14:54:47,371][com.java.TestType] [  482] -  str(2) = 15
[INFO ][2016-01-06 14:54:47,372][com.java.TestType] [  482] -  str(1) = 1
[INFO ][2016-01-06 14:54:47,372][com.java.TestType] [  485] - Test case Id is---1
[INFO ][2016-01-06 14:54:47,372][com.java.TestType] [  487] - 1
[INFO ][2016-01-06 14:54:47,372][com.java.TestType] [  482] -  str(2) = 16
[INFO ][2016-01-06 14:54:47,373][com.java.TestType] [10670] - Looping 1TCID = 1
[DEBUG][2016-01-06 14:54:47,373][com.java.TestType] [10711] - Concept ID:1 :: Step being Executed: 1::1
[INFO ][2016-01-06 14:54:47,373][com.java.TestType] [10749] - dataFields : TXTusername
[DEBUG][2016-01-06 14:54:47,373][com.java.TestType] [10755] - <In Set values of the page>
[DEBUG][2016-01-06 14:54:47,373][com.java.TestType] [10760] - {Data Fields & Data Values Exist}
[INFO ][2016-01-06 14:54:47,373][com.java.TestType] [10766] - --------------------------setting values-----------------------------
[INFO ][2016-01-06 14:54:47,374][com.java.TestType] [10769] - Action Type : CLEARANDENTER
[INFO ][2016-01-06 14:54:47,374][com.java.TestType] [ 5768] - value = valuelabs.ie10.00058
[INFO ][2016-01-06 14:54:52,119][com.java.TestType] [10788] -  RESULT true
[INFO ][2016-01-06 14:54:52,119][com.java.TestType] [10905] - ?   P A S S   ?
[DEBUG][2016-01-06 14:54:52,119][com.java.TestType] [10711] - Concept ID:1 :: Step being Executed: 1::2
[INFO ][2016-01-06 14:54:52,119][com.java.TestType] [10749] - dataFields : TXTpassword
[DEBUG][2016-01-06 14:54:52,119][com.java.TestType] [10755] - <In Set values of the page>
[DEBUG][2016-01-06 14:54:52,119][com.java.TestType] [10760] - {Data Fields & Data Values Exist}
[INFO ][2016-01-06 14:54:52,120][com.java.TestType] [10766] - --------------------------setting values-----------------------------
[INFO ][2016-01-06 14:54:52,120][com.java.TestType] [10769] - Action Type : CLEARANDENTER
[INFO ][2016-01-06 14:54:52,120][com.java.TestType] [ 5768] - value = Password1*
[INFO ][2016-01-06 14:54:56,993][com.java.TestType] [10788] -  RESULT true
[INFO ][2016-01-06 14:54:56,993][com.java.TestType] [10905] - ?   P A S S   ?
[DEBUG][2016-01-06 14:54:56,993][com.java.TestType] [10711] - Concept ID:1 :: Step being Executed: 1::3
[ERROR][2016-01-06 14:54:56,993][com.java.TestType] [10744] - Exception: null
[INFO ][2016-01-06 14:54:56,994][com.java.TestType] [10749] - dataFields : XPH//button[@type='submit']
[DEBUG][2016-01-06 14:54:56,994][com.java.TestType] [10755] - <In Set values of the page>
[DEBUG][2016-01-06 14:54:56,994][com.java.TestType] [10760] - {Data Fields & Data Values Exist}
[INFO ][2016-01-06 14:54:56,994][com.java.TestType] [10766] - --------------------------setting values-----------------------------
[INFO ][2016-01-06 14:54:56,994][com.java.TestType] [10769] - Action Type : Click
[INFO ][2016-01-06 14:54:56,994][com.java.TestType] [ 6147] - Field ::XPH//button[@type='submit']
[INFO ][2016-01-06 14:54:56,994][com.java.TestType] [ 5768] - value = 
[INFO ][2016-01-06 14:54:57,994][com.java.TestType] [ 6284] - BEFORE CLICK
[INFO ][2016-01-06 14:54:58,859][com.java.TestType] [ 6292] - Unable to click the object Login
[INFO ][2016-01-06 14:54:58,859][com.java.TestType] [10788] -  RESULT true
[INFO ][2016-01-06 14:54:58,859][com.java.TestType] [10905] - ?   P A S S   ?
[DEBUG][2016-01-06 14:54:58,859][com.java.TestType] [10711] - Concept ID:1 :: Step being Executed: 1::4
[INFO ][2016-01-06 14:54:58,859][com.java.TestType] [10749] - dataFields : LNKLogout
[DEBUG][2016-01-06 14:54:58,859][com.java.TestType] [10755] - <In Set values of the page>
[DEBUG][2016-01-06 14:54:58,859][com.java.TestType] [10760] - {Data Fields & Data Values Exist}
[INFO ][2016-01-06 14:54:58,859][com.java.TestType] [10766] - --------------------------setting values-----------------------------
[INFO ][2016-01-06 14:54:58,859][com.java.TestType] [10769] - Action Type : WaitForElement
[INFO ][2016-01-06 14:55:02,386][com.java.TestType] [10788] -  RESULT true
[INFO ][2016-01-06 14:55:02,386][com.java.TestType] [10905] - ?   P A S S   ?
[DEBUG][2016-01-06 14:55:02,386][com.java.TestType] [10711] - Concept ID:1 :: Step being Executed: 1::15
[INFO ][2016-01-06 14:55:02,386][com.java.TestType] [10749] - dataFields : LNK
[DEBUG][2016-01-06 14:55:02,386][com.java.TestType] [10755] - <In Set values of the page>
[DEBUG][2016-01-06 14:55:02,387][com.java.TestType] [10760] - {Data Fields & Data Values Exist}
[INFO ][2016-01-06 14:55:02,387][com.java.TestType] [10766] - --------------------------setting values-----------------------------
[INFO ][2016-01-06 14:55:02,387][com.java.TestType] [10769] - Action Type : Verify
[INFO ][2016-01-06 14:55:02,387][com.java.TestType] [ 7142] - field= LNK value= Logout
[INFO ][2016-01-06 14:55:02,388][com.java.TestType] [ 5768] - value = Logout
[INFO ][2016-01-06 14:55:02,426][com.java.TestType] [10788] -  RESULT true
[INFO ][2016-01-06 14:55:02,426][com.java.TestType] [10905] - ?   P A S S   ?
[DEBUG][2016-01-06 14:55:02,426][com.java.TestType] [10711] - Concept ID:1 :: Step being Executed: 1::16
[INFO ][2016-01-06 14:55:02,426][com.java.TestType] [10749] - dataFields : BTN
[DEBUG][2016-01-06 14:55:02,426][com.java.TestType] [10755] - <In Set values of the page>
[DEBUG][2016-01-06 14:55:02,426][com.java.TestType] [10760] - {Data Fields & Data Values Exist}
[INFO ][2016-01-06 14:55:02,427][com.java.TestType] [10766] - --------------------------setting values-----------------------------
[INFO ][2016-01-06 14:55:02,427][com.java.TestType] [10769] - Action Type : Verify
[INFO ][2016-01-06 14:55:02,427][com.java.TestType] [ 7142] - field= BTN value= //img[contains(@src,'bdlogo.jpg')]
[INFO ][2016-01-06 14:55:02,427][com.java.TestType] [ 5768] - value = //img[contains(@src,'bdlogo.jpg')]
[INFO ][2016-01-06 14:55:02,498][com.java.TestType] [10788] -  RESULT true
[INFO ][2016-01-06 14:55:02,498][com.java.TestType] [10905] - ?   P A S S   ?
[INFO ][2016-01-06 14:55:02,498][com.java.TestType] [10976] - Looping End......
[INFO ][2016-01-06 14:55:02,502][com.java.SeleniumDriver] [  906] -  RESULT true
[INFO ][2016-01-06 14:55:02,502][com.java.SeleniumDriver] [ 1112] - ?   P A S S   ?
[INFO ][2016-01-06 14:55:02,502][com.java.SeleniumDriver] [  832] - ------------------------------------------
[INFO ][2016-01-06 14:55:02,502][com.java.SeleniumDriver] [  833] - Test case being Executed: 1
[INFO ][2016-01-06 14:55:02,502][com.java.SeleniumDriver] [  845] - Test step:2
[INFO ][2016-01-06 14:55:02,502][com.java.SeleniumDriver] [  857] - Datavalue is----------Concept#2:1-2
[INFO ][2016-01-06 14:55:02,502][com.java.SeleniumDriver] [  881] - DataField : test
[INFO ][2016-01-06 14:55:02,503][com.java.SeleniumDriver] [  883] - DataValue : Concept#2:1-2
[INFO ][2016-01-06 14:55:02,503][com.java.SeleniumDriver] [  889] - <In Set values of the page>
[INFO ][2016-01-06 14:55:02,503][com.java.SeleniumDriver] [  892] - {Data Fields & Data Values Exist}
[INFO ][2016-01-06 14:55:02,503][com.java.SeleniumDriver] [  894] - --------------------------setting values-----------------------------
[INFO ][2016-01-06 14:55:02,503][com.java.SeleniumDriver] [  897] - Action Type : ExecuteTestCase
[INFO ][2016-01-06 14:55:02,503][com.java.TestType] [  437] - The Concept sheet name is ---------- Concept
[INFO ][2016-01-06 14:55:02,503][com.java.TestType] [  440] - The Concept ID  is ---------- 2
[DEBUG][2016-01-06 14:55:02,504][com.java.TestType] [  444] - Steps being executted in the Concept are: 1:2
[INFO ][2016-01-06 14:55:02,504][com.java.TestType] [  451] - Test data details path ---------- D:\BankersDashboard\TestInputs\TestData.xls
[INFO ][2016-01-06 14:55:02,533][com.java.TestType] [  482] -  str(1) = 2
[INFO ][2016-01-06 14:55:02,534][com.java.TestType] [  485] - Test case Id is---2
[INFO ][2016-01-06 14:55:02,534][com.java.TestType] [  487] - 2
[INFO ][2016-01-06 14:55:02,534][com.java.TestType] [  482] -  str(2) = 1
[INFO ][2016-01-06 14:55:02,536][com.java.TestType] [  482] -  str(1) = 2
[INFO ][2016-01-06 14:55:02,536][com.java.TestType] [  485] - Test case Id is---2
[INFO ][2016-01-06 14:55:02,536][com.java.TestType] [  487] - 2
[INFO ][2016-01-06 14:55:02,536][com.java.TestType] [  482] -  str(2) = 2
[INFO ][2016-01-06 14:55:02,537][com.java.TestType] [  482] -  str(1) = 2
[INFO ][2016-01-06 14:55:02,537][com.java.TestType] [  485] - Test case Id is---2
[INFO ][2016-01-06 14:55:02,537][com.java.TestType] [  487] - 2
[INFO ][2016-01-06 14:55:02,537][com.java.TestType] [  482] -  str(2) = 3
[INFO ][2016-01-06 14:55:02,538][com.java.TestType] [10670] - Looping 1TCID = 2
[DEBUG][2016-01-06 14:55:02,538][com.java.TestType] [10711] - Concept ID:2 :: Step being Executed: 2::1
[INFO ][2016-01-06 14:55:02,538][com.java.TestType] [10749] - dataFields : BNK//select[@id='bank']
[DEBUG][2016-01-06 14:55:02,538][com.java.TestType] [10755] - <In Set values of the page>
[DEBUG][2016-01-06 14:55:02,538][com.java.TestType] [10760] - {Data Fields & Data Values Exist}
[INFO ][2016-01-06 14:55:02,538][com.java.TestType] [10766] - --------------------------setting values-----------------------------
[INFO ][2016-01-06 14:55:02,538][com.java.TestType] [10769] - Action Type : Select
[INFO ][2016-01-06 14:55:02,538][com.java.TestType] [ 5768] - value = PFC
[INFO ][2016-01-06 14:55:03,019][com.java.TestType] [10788] -  RESULT true
[INFO ][2016-01-06 14:55:03,019][com.java.TestType] [10905] - ?   P A S S   ?
[DEBUG][2016-01-06 14:55:03,019][com.java.TestType] [10711] - Concept ID:2 :: Step being Executed: 2::2
[INFO ][2016-01-06 14:55:03,019][com.java.TestType] [10749] - dataFields : LNKLogout
[DEBUG][2016-01-06 14:55:03,020][com.java.TestType] [10755] - <In Set values of the page>
[DEBUG][2016-01-06 14:55:03,020][com.java.TestType] [10760] - {Data Fields & Data Values Exist}
[INFO ][2016-01-06 14:55:03,020][com.java.TestType] [10766] - --------------------------setting values-----------------------------
[INFO ][2016-01-06 14:55:03,020][com.java.TestType] [10769] - Action Type : WaitTime
[DEBUG][2016-01-06 14:55:03,020][com.java.TestType] [ 5588] - sleepTime: 5000
[INFO ][2016-01-06 14:55:08,020][com.java.TestType] [10788] -  RESULT true
[INFO ][2016-01-06 14:55:08,020][com.java.TestType] [10905] - ?   P A S S   ?
[INFO ][2016-01-06 14:55:08,020][com.java.TestType] [10976] - Looping End......
[INFO ][2016-01-06 14:55:08,024][com.java.SeleniumDriver] [  906] -  RESULT true
[INFO ][2016-01-06 14:55:08,024][com.java.SeleniumDriver] [ 1112] - ?   P A S S   ?
[INFO ][2016-01-06 14:55:08,024][com.java.SeleniumDriver] [  832] - ------------------------------------------
[INFO ][2016-01-06 14:55:08,024][com.java.SeleniumDriver] [  833] - Test case being Executed: 1
[INFO ][2016-01-06 14:55:08,024][com.java.SeleniumDriver] [  845] - Test step:3
[INFO ][2016-01-06 14:55:08,024][com.java.SeleniumDriver] [  857] - Datavalue is----------2
[INFO ][2016-01-06 14:55:08,024][com.java.SeleniumDriver] [  881] - DataField : XPH//button[contains(text(),'Add Content')]
[INFO ][2016-01-06 14:55:08,024][com.java.SeleniumDriver] [  883] - DataValue : 2
[INFO ][2016-01-06 14:55:08,024][com.java.SeleniumDriver] [  889] - <In Set values of the page>
[INFO ][2016-01-06 14:55:08,024][com.java.SeleniumDriver] [  892] - {Data Fields & Data Values Exist}
[INFO ][2016-01-06 14:55:08,024][com.java.SeleniumDriver] [  894] - --------------------------setting values-----------------------------
[INFO ][2016-01-06 14:55:08,025][com.java.SeleniumDriver] [  897] - Action Type : WAITFORELEMENT
[INFO ][2016-01-06 14:55:08,063][com.java.SeleniumDriver] [  906] -  RESULT true
[INFO ][2016-01-06 14:55:08,063][com.java.SeleniumDriver] [ 1112] - ?   P A S S   ?
[DEBUG][2016-01-06 14:55:08,063][com.java.SeleniumDriver] [ 1224] - Case found
[DEBUG][2016-01-06 14:55:08,063][com.java.SeleniumDriver] [ 1229] - Incrementing ReportCounters[0]:1
[INFO ][2016-01-06 14:55:08,063][com.java.SeleniumDriver] [ 1248] - The results are-------------------[1, 1, Valid Login, Pass, , Wed Jan 06 14:55:02 IST 2016, 1, 2, Valid Login, Pass, , Wed Jan 06 14:55:08 IST 2016, 1, 3, Valid Login, Pass, , Wed Jan 06 14:55:08 IST 2016]
[INFO ][2016-01-06 14:55:08,063][com.java.SeleniumDriver] [ 1252] - End time is-------35 sec
[INFO ][2016-01-06 14:55:08,063][com.java.SeleniumDriver] [ 1253] - The results are-------------------[1, 1, Valid Login, Pass, , Wed Jan 06 14:55:02 IST 2016, 1, 2, Valid Login, Pass, , Wed Jan 06 14:55:08 IST 2016, 1, 3, Valid Login, Pass, , Wed Jan 06 14:55:08 IST 2016]
[DEBUG][2016-01-06 14:55:08,064][com.java.ImportnExport.ExportTestResultsExcel] [  222] - testResultPath = D:\BankersDashboard/TestReports/Test Results_BankersDashBoard_010616_145434_IE10_United Bank.xls
[DEBUG][2016-01-06 14:55:08,064][com.java.ImportnExport.ExportTestResultsExcel] [  223] - browser is------------IE10
[DEBUG][2016-01-06 14:55:08,111][com.java.ImportnExport.ExportTestResultsExcel] [  270] - result.size() = 18
[DEBUG][2016-01-06 14:55:08,111][com.java.ImportnExport.ExportTestResultsExcel] [  274] - No of rows in sheet=1
[DEBUG][2016-01-06 14:55:08,111][com.java.ImportnExport.ExportTestResultsExcel] [  301] - ..in export..1
[DEBUG][2016-01-06 14:55:08,111][com.java.ImportnExport.ExportTestResultsExcel] [  301] - ..in export..Valid Login
[DEBUG][2016-01-06 14:55:08,111][com.java.ImportnExport.ExportTestResultsExcel] [  301] - ..in export..Pass
[DEBUG][2016-01-06 14:55:08,111][com.java.ImportnExport.ExportTestResultsExcel] [  301] - ..in export..
[DEBUG][2016-01-06 14:55:08,111][com.java.ImportnExport.ExportTestResultsExcel] [  301] - ..in export..Wed Jan 06 14:55:02 IST 2016
[INFO ][2016-01-06 14:55:08,113][com.java.SeleniumDriver] [ 1313] - out loop:0 size:2 TestCases:[1, 6] testcases:[1, 6]
[INFO ][2016-01-06 14:55:08,113][com.java.ImportnExport.ImportTestDataDetailsExcel] [   49] - test data details path===== D:\BankersDashboard\TestInputs\TestData.xls
[INFO ][2016-01-06 14:55:38,609][com.java.SeleniumDriver] [  832] - ------------------------------------------
[INFO ][2016-01-06 14:55:38,609][com.java.SeleniumDriver] [  833] - Test case being Executed: 6
[INFO ][2016-01-06 14:55:38,609][com.java.SeleniumDriver] [  845] - Test step:1
[INFO ][2016-01-06 14:55:38,609][com.java.SeleniumDriver] [  857] - Datavalue is----------5
[INFO ][2016-01-06 14:55:38,609][com.java.SeleniumDriver] [  881] - DataField : LNKLogout
[INFO ][2016-01-06 14:55:38,609][com.java.SeleniumDriver] [  883] - DataValue : 5
[INFO ][2016-01-06 14:55:38,609][com.java.SeleniumDriver] [  889] - <In Set values of the page>
[INFO ][2016-01-06 14:55:38,609][com.java.SeleniumDriver] [  892] - {Data Fields & Data Values Exist}
[INFO ][2016-01-06 14:55:38,609][com.java.SeleniumDriver] [  894] - --------------------------setting values-----------------------------
[INFO ][2016-01-06 14:55:38,609][com.java.SeleniumDriver] [  897] - Action Type : WaitForElement
[INFO ][2016-01-06 14:55:38,657][com.java.SeleniumDriver] [  906] -  RESULT true
[INFO ][2016-01-06 14:55:38,657][com.java.SeleniumDriver] [ 1112] - ?   P A S S   ?
[INFO ][2016-01-06 14:55:38,657][com.java.SeleniumDriver] [ 1154] - step change to 3
[INFO ][2016-01-06 14:55:38,657][com.java.SeleniumDriver] [  832] - ------------------------------------------
[INFO ][2016-01-06 14:55:38,658][com.java.SeleniumDriver] [  833] - Test case being Executed: 6
[INFO ][2016-01-06 14:55:38,658][com.java.SeleniumDriver] [  845] - Test step:3
[INFO ][2016-01-06 14:55:38,658][com.java.SeleniumDriver] [  857] - Datavalue is----------Concept#2:1-2
[INFO ][2016-01-06 14:55:38,658][com.java.SeleniumDriver] [  881] - DataField : test
[INFO ][2016-01-06 14:55:38,658][com.java.SeleniumDriver] [  883] - DataValue : Concept#2:1-2
[INFO ][2016-01-06 14:55:38,658][com.java.SeleniumDriver] [  889] - <In Set values of the page>
[INFO ][2016-01-06 14:55:38,658][com.java.SeleniumDriver] [  892] - {Data Fields & Data Values Exist}
[INFO ][2016-01-06 14:55:38,658][com.java.SeleniumDriver] [  894] - --------------------------setting values-----------------------------
[INFO ][2016-01-06 14:55:38,658][com.java.SeleniumDriver] [  897] - Action Type : ExecuteTestCase
[INFO ][2016-01-06 14:55:38,658][com.java.TestType] [  437] - The Concept sheet name is ---------- Concept
[INFO ][2016-01-06 14:55:38,658][com.java.TestType] [  440] - The Concept ID  is ---------- 2
[DEBUG][2016-01-06 14:55:38,658][com.java.TestType] [  444] - Steps being executted in the Concept are: 1:2
[INFO ][2016-01-06 14:55:38,658][com.java.TestType] [  451] - Test data details path ---------- D:\BankersDashboard\TestInputs\TestData.xls
[INFO ][2016-01-06 14:55:38,687][com.java.TestType] [  482] -  str(1) = 2
[INFO ][2016-01-06 14:55:38,688][com.java.TestType] [  485] - Test case Id is---2
[INFO ][2016-01-06 14:55:38,688][com.java.TestType] [  487] - 2
[INFO ][2016-01-06 14:55:38,688][com.java.TestType] [  482] -  str(2) = 1
[INFO ][2016-01-06 14:55:38,689][com.java.TestType] [  482] -  str(1) = 2
[INFO ][2016-01-06 14:55:38,689][com.java.TestType] [  485] - Test case Id is---2
[INFO ][2016-01-06 14:55:38,689][com.java.TestType] [  487] - 2
[INFO ][2016-01-06 14:55:38,689][com.java.TestType] [  482] -  str(2) = 2
[INFO ][2016-01-06 14:55:38,690][com.java.TestType] [  482] -  str(1) = 2
[INFO ][2016-01-06 14:55:38,690][com.java.TestType] [  485] - Test case Id is---2
[INFO ][2016-01-06 14:55:38,690][com.java.TestType] [  487] - 2
[INFO ][2016-01-06 14:55:38,690][com.java.TestType] [  482] -  str(2) = 3
[INFO ][2016-01-06 14:55:38,691][com.java.TestType] [10670] - Looping 1TCID = 2
[DEBUG][2016-01-06 14:55:38,691][com.java.TestType] [10711] - Concept ID:2 :: Step being Executed: 2::1
[INFO ][2016-01-06 14:55:38,691][com.java.TestType] [10749] - dataFields : BNK//select[@id='bank']
[DEBUG][2016-01-06 14:55:38,691][com.java.TestType] [10755] - <In Set values of the page>
[DEBUG][2016-01-06 14:55:38,691][com.java.TestType] [10760] - {Data Fields & Data Values Exist}
[INFO ][2016-01-06 14:55:38,691][com.java.TestType] [10766] - --------------------------setting values-----------------------------
[INFO ][2016-01-06 14:55:38,691][com.java.TestType] [10769] - Action Type : Select
[INFO ][2016-01-06 14:55:38,691][com.java.TestType] [ 5768] - value = PFC
[INFO ][2016-01-06 14:55:38,903][com.java.TestType] [10788] -  RESULT true
[INFO ][2016-01-06 14:55:38,904][com.java.TestType] [10905] - ?   P A S S   ?
[DEBUG][2016-01-06 14:55:38,904][com.java.TestType] [10711] - Concept ID:2 :: Step being Executed: 2::2
[INFO ][2016-01-06 14:55:38,904][com.java.TestType] [10749] - dataFields : LNKLogout
[DEBUG][2016-01-06 14:55:38,904][com.java.TestType] [10755] - <In Set values of the page>
[DEBUG][2016-01-06 14:55:38,904][com.java.TestType] [10760] - {Data Fields & Data Values Exist}
[INFO ][2016-01-06 14:55:38,904][com.java.TestType] [10766] - --------------------------setting values-----------------------------
[INFO ][2016-01-06 14:55:38,904][com.java.TestType] [10769] - Action Type : WaitTime
[DEBUG][2016-01-06 14:55:38,904][com.java.TestType] [ 5588] - sleepTime: 5000
[INFO ][2016-01-06 14:55:43,904][com.java.TestType] [10788] -  RESULT true
[INFO ][2016-01-06 14:55:43,904][com.java.TestType] [10905] - ?   P A S S   ?
[INFO ][2016-01-06 14:55:43,904][com.java.TestType] [10976] - Looping End......
[INFO ][2016-01-06 14:55:43,907][com.java.SeleniumDriver] [  906] -  RESULT true
[INFO ][2016-01-06 14:55:43,907][com.java.SeleniumDriver] [ 1112] - ?   P A S S   ?
[INFO ][2016-01-06 14:55:43,907][com.java.SeleniumDriver] [  832] - ------------------------------------------
[INFO ][2016-01-06 14:55:43,907][com.java.SeleniumDriver] [  833] - Test case being Executed: 6
[INFO ][2016-01-06 14:55:43,907][com.java.SeleniumDriver] [  845] - Test step:4
[INFO ][2016-01-06 14:55:43,908][com.java.SeleniumDriver] [  857] - Datavalue is----------null
[DEBUG][2016-01-06 14:55:43,908][com.java.SeleniumDriver] [  875] - Exception: null
[INFO ][2016-01-06 14:55:43,908][com.java.SeleniumDriver] [  881] - DataField : //span[@class='icon-user4']&&//ul[@id='Admin']/li[2]/a&&//ul[@id="GLMapping"]//a[@data-id="ProfitCenters"]
[INFO ][2016-01-06 14:55:43,908][com.java.SeleniumDriver] [  883] - DataValue : 
[INFO ][2016-01-06 14:55:43,908][com.java.SeleniumDriver] [  889] - <In Set values of the page>
[INFO ][2016-01-06 14:55:43,908][com.java.SeleniumDriver] [  892] - {Data Fields & Data Values Exist}
[INFO ][2016-01-06 14:55:43,908][com.java.SeleniumDriver] [  894] - --------------------------setting values-----------------------------
[INFO ][2016-01-06 14:55:43,908][com.java.SeleniumDriver] [  897] - Action Type : mouseover
[INFO ][2016-01-06 14:56:12,210][com.java.SeleniumDriver] [  906] -  RESULT true
[INFO ][2016-01-06 14:56:12,210][com.java.SeleniumDriver] [ 1112] - ?   P A S S   ?
[INFO ][2016-01-06 14:56:12,210][com.java.SeleniumDriver] [  832] - ------------------------------------------
[INFO ][2016-01-06 14:56:12,210][com.java.SeleniumDriver] [  833] - Test case being Executed: 6
[INFO ][2016-01-06 14:56:12,210][com.java.SeleniumDriver] [  845] - Test step:5
[INFO ][2016-01-06 14:56:12,210][com.java.SeleniumDriver] [  857] - Datavalue is----------5
[INFO ][2016-01-06 14:56:12,211][com.java.SeleniumDriver] [  881] - DataField : XPH//iframe[@class='frameTabContent']
[INFO ][2016-01-06 14:56:12,211][com.java.SeleniumDriver] [  883] - DataValue : 5
[INFO ][2016-01-06 14:56:12,211][com.java.SeleniumDriver] [  889] - <In Set values of the page>
[INFO ][2016-01-06 14:56:12,211][com.java.SeleniumDriver] [  892] - {Data Fields & Data Values Exist}
[INFO ][2016-01-06 14:56:12,211][com.java.SeleniumDriver] [  894] - --------------------------setting values-----------------------------
[INFO ][2016-01-06 14:56:12,211][com.java.SeleniumDriver] [  897] - Action Type : waitforelement
[INFO ][2016-01-06 14:56:12,467][com.java.SeleniumDriver] [  906] -  RESULT true
[INFO ][2016-01-06 14:56:12,467][com.java.SeleniumDriver] [ 1112] - ?   P A S S   ?
[INFO ][2016-01-06 14:56:12,467][com.java.SeleniumDriver] [  832] - ------------------------------------------
[INFO ][2016-01-06 14:56:12,467][com.java.SeleniumDriver] [  833] - Test case being Executed: 6
[INFO ][2016-01-06 14:56:12,467][com.java.SeleniumDriver] [  845] - Test step:6
[INFO ][2016-01-06 14:56:12,467][com.java.SeleniumDriver] [  857] - Datavalue is----------null
[DEBUG][2016-01-06 14:56:12,467][com.java.SeleniumDriver] [  875] - Exception: null
[INFO ][2016-01-06 14:56:12,468][com.java.SeleniumDriver] [  881] - DataField : BTN//iframe[@class='frameTabContent']
[INFO ][2016-01-06 14:56:12,468][com.java.SeleniumDriver] [  883] - DataValue : 
[INFO ][2016-01-06 14:56:12,468][com.java.SeleniumDriver] [  889] - <In Set values of the page>
[INFO ][2016-01-06 14:56:12,468][com.java.SeleniumDriver] [  892] - {Data Fields & Data Values Exist}
[INFO ][2016-01-06 14:56:12,468][com.java.SeleniumDriver] [  894] - --------------------------setting values-----------------------------
[INFO ][2016-01-06 14:56:12,468][com.java.SeleniumDriver] [  897] - Action Type : SELECTFRAME
[INFO ][2016-01-06 14:56:12,744][com.java.SeleniumDriver] [  906] -  RESULT true
[INFO ][2016-01-06 14:56:12,744][com.java.SeleniumDriver] [ 1112] - ?   P A S S   ?
[INFO ][2016-01-06 14:56:12,744][com.java.SeleniumDriver] [  832] - ------------------------------------------
[INFO ][2016-01-06 14:56:12,744][com.java.SeleniumDriver] [  833] - Test case being Executed: 6
[INFO ][2016-01-06 14:56:12,744][com.java.SeleniumDriver] [  845] - Test step:7
[INFO ][2016-01-06 14:56:12,744][com.java.SeleniumDriver] [  857] - Datavalue is----------Manage Profit Centers and Regions 
[INFO ][2016-01-06 14:56:12,744][com.java.SeleniumDriver] [  881] - DataField : MSG
[INFO ][2016-01-06 14:56:12,744][com.java.SeleniumDriver] [  883] - DataValue : Manage Profit Centers and Regions 
[INFO ][2016-01-06 14:56:12,745][com.java.SeleniumDriver] [  889] - <In Set values of the page>
[INFO ][2016-01-06 14:56:12,745][com.java.SeleniumDriver] [  892] - {Data Fields & Data Values Exist}
[INFO ][2016-01-06 14:56:12,745][com.java.SeleniumDriver] [  894] - --------------------------setting values-----------------------------
[INFO ][2016-01-06 14:56:12,745][com.java.SeleniumDriver] [  897] - Action Type : VERIFY
[INFO ][2016-01-06 14:56:12,745][com.java.TestType] [ 7142] - field= MSG value= Manage Profit Centers and Regions 
[INFO ][2016-01-06 14:56:12,745][com.java.TestType] [ 5768] - value = Manage Profit Centers and Regions 
[DEBUG][2016-01-06 14:56:12,745][com.java.TestType] [ 7963] - value :: Manage Profit Centers and Regions 
[INFO ][2016-01-06 14:56:12,772][com.java.SeleniumDriver] [  906] -  RESULT true
[INFO ][2016-01-06 14:56:12,773][com.java.SeleniumDriver] [ 1112] - ?   P A S S   ?
[INFO ][2016-01-06 14:56:12,773][com.java.SeleniumDriver] [  832] - ------------------------------------------
[INFO ][2016-01-06 14:56:12,773][com.java.SeleniumDriver] [  833] - Test case being Executed: 6
[INFO ][2016-01-06 14:56:12,773][com.java.SeleniumDriver] [  845] - Test step:8
[INFO ][2016-01-06 14:56:12,773][com.java.SeleniumDriver] [  857] - Datavalue is----------null
[DEBUG][2016-01-06 14:56:12,773][com.java.SeleniumDriver] [  875] - Exception: null
[INFO ][2016-01-06 14:56:12,773][com.java.SeleniumDriver] [  881] - DataField : LNKRegions
[INFO ][2016-01-06 14:56:12,773][com.java.SeleniumDriver] [  883] - DataValue : 
[INFO ][2016-01-06 14:56:12,773][com.java.SeleniumDriver] [  889] - <In Set values of the page>
[INFO ][2016-01-06 14:56:12,773][com.java.SeleniumDriver] [  892] - {Data Fields & Data Values Exist}
[INFO ][2016-01-06 14:56:12,773][com.java.SeleniumDriver] [  894] - --------------------------setting values-----------------------------
[INFO ][2016-01-06 14:56:12,773][com.java.SeleniumDriver] [  897] - Action Type : click
[INFO ][2016-01-06 14:56:12,774][com.java.TestType] [ 6147] - Field ::LNKRegions
[INFO ][2016-01-06 14:56:12,774][com.java.TestType] [ 5768] - value = 
[INFO ][2016-01-06 14:56:13,774][com.java.TestType] [ 6247] - BEFORE CLICK on Regions
[INFO ][2016-01-06 14:56:14,187][com.java.SeleniumDriver] [  906] -  RESULT true
[INFO ][2016-01-06 14:56:14,187][com.java.SeleniumDriver] [ 1112] - ?   P A S S   ?
[INFO ][2016-01-06 14:56:14,187][com.java.SeleniumDriver] [  832] - ------------------------------------------
[INFO ][2016-01-06 14:56:14,187][com.java.SeleniumDriver] [  833] - Test case being Executed: 6
[INFO ][2016-01-06 14:56:14,187][com.java.SeleniumDriver] [  845] - Test step:9
[INFO ][2016-01-06 14:56:14,187][com.java.SeleniumDriver] [  857] - Datavalue is----------null
[DEBUG][2016-01-06 14:56:14,187][com.java.SeleniumDriver] [  875] - Exception: null
[INFO ][2016-01-06 14:56:14,188][com.java.SeleniumDriver] [  881] - DataField : HDN//span[@class='glyphicon glyphicon-plus']
[INFO ][2016-01-06 14:56:14,188][com.java.SeleniumDriver] [  883] - DataValue : 
[INFO ][2016-01-06 14:56:14,188][com.java.SeleniumDriver] [  889] - <In Set values of the page>
[INFO ][2016-01-06 14:56:14,188][com.java.SeleniumDriver] [  892] - {Data Fields & Data Values Exist}
[INFO ][2016-01-06 14:56:14,188][com.java.SeleniumDriver] [  894] - --------------------------setting values-----------------------------
[INFO ][2016-01-06 14:56:14,188][com.java.SeleniumDriver] [  897] - Action Type : click
[INFO ][2016-01-06 14:56:14,188][com.java.TestType] [ 6147] - Field ::HDN//span[@class='glyphicon glyphicon-plus']
[INFO ][2016-01-06 14:56:14,188][com.java.TestType] [ 5768] - value = 
[INFO ][2016-01-06 14:56:35,757][com.java.SeleniumDriver] [  906] -  RESULT false
[INFO ][2016-01-06 14:56:35,757][com.java.SeleniumDriver] [  953] - ?   F A I L   ?
[INFO ][2016-01-06 14:56:35,757][com.java.SeleniumDriver] [  961] - Browser Type : IE10
[INFO ][2016-01-06 14:56:35,757][com.java.SeleniumDriver] [  962] - Adding Failed case6
[INFO ][2016-01-06 14:56:36,505][com.java.SeleniumDriver] [ 1076] - failedCases = 6
[ERROR][2016-01-06 14:56:36,506][com.java.SeleniumDriver] [ 1575] - Platform Errors : Our apologies...::We have encountered an issue with your request.::Our apologies?:We encountered an issue with your request.
[INFO ][2016-01-06 14:56:36,506][com.java.SeleniumDriver] [ 1579] - Length =3
[ERROR][2016-01-06 14:56:36,506][com.java.SeleniumDriver] [ 1582] - Error 0 = Our apologies...
[ERROR][2016-01-06 14:56:36,574][com.java.SeleniumDriver] [ 1582] - Error 1 = We have encountered an issue with your request.
[ERROR][2016-01-06 14:56:36,591][com.java.SeleniumDriver] [ 1582] - Error 2 = Our apologies?:We encountered an issue with your request.
[INFO ][2016-01-06 14:56:36,609][com.java.SeleniumDriver] [ 1593] - strError:
[DEBUG][2016-01-06 14:56:36,624][com.java.SeleniumDriver] [ 1224] - Case found
[DEBUG][2016-01-06 14:56:36,624][com.java.SeleniumDriver] [ 1229] - Incrementing ReportCounters[0]:2
[INFO ][2016-01-06 14:56:36,624][com.java.SeleniumDriver] [ 1248] - The results are-------------------[6, 9, Admin: GL Mapping: Profit Centers: GL Regions Newly added Regions show up in report lists, Fail, 
Test case failed at Step No. :: 9. Screen Shot : D:\BankersDashboard\TestReports\010616\6_010616_145635_IE10.png, Wed Jan 06 14:56:36 IST 2016]
[INFO ][2016-01-06 14:56:36,624][com.java.SeleniumDriver] [ 1252] - End time is-------2 min 4 sec
[INFO ][2016-01-06 14:56:36,624][com.java.SeleniumDriver] [ 1253] - The results are-------------------[6, 9, Admin: GL Mapping: Profit Centers: GL Regions Newly added Regions show up in report lists, Fail, 
Test case failed at Step No. :: 9. Screen Shot : D:\BankersDashboard\TestReports\010616\6_010616_145635_IE10.png, Wed Jan 06 14:56:36 IST 2016]
[DEBUG][2016-01-06 14:56:36,624][com.java.ImportnExport.ExportTestResultsExcel] [  222] - testResultPath = D:\BankersDashboard/TestReports/Test Results_BankersDashBoard_010616_145434_IE10_United Bank.xls
[DEBUG][2016-01-06 14:56:36,624][com.java.ImportnExport.ExportTestResultsExcel] [  223] - browser is------------IE10
[DEBUG][2016-01-06 14:56:36,626][com.java.ImportnExport.ExportTestResultsExcel] [  270] - result.size() = 6
[DEBUG][2016-01-06 14:56:36,627][com.java.ImportnExport.ExportTestResultsExcel] [  274] - No of rows in sheet=2
[DEBUG][2016-01-06 14:56:36,627][com.java.ImportnExport.ExportTestResultsExcel] [  301] - ..in export..6
[DEBUG][2016-01-06 14:56:36,627][com.java.ImportnExport.ExportTestResultsExcel] [  301] - ..in export..Admin: GL Mapping: Profit Centers: GL Regions Newly added Regions show up in report lists
[DEBUG][2016-01-06 14:56:36,627][com.java.ImportnExport.ExportTestResultsExcel] [  301] - ..in export..Fail
[DEBUG][2016-01-06 14:56:36,627][com.java.ImportnExport.ExportTestResultsExcel] [  301] - ..in export..
Test case failed at Step No. :: 9. Screen Shot : D:\BankersDashboard\TestReports\010616\6_010616_145635_IE10.png
[DEBUG][2016-01-06 14:56:36,627][com.java.ImportnExport.ExportTestResultsExcel] [  301] - ..in export..Wed Jan 06 14:56:36 IST 2016
[INFO ][2016-01-06 14:56:36,628][com.java.SeleniumDriver] [ 1313] - out loop:1 size:2 TestCases:[1, 6] testcases:[1, 6]
[INFO ][2016-01-06 14:56:38,629][com.java.SeleniumDriver] [ 1356] - Total Number of Cases:2
[INFO ][2016-01-06 14:56:38,629][com.java.TemplateGenerator] [  302] - Executed:2
[INFO ][2016-01-06 14:56:38,629][com.java.TemplateGenerator] [  303] - Passed:1
[INFO ][2016-01-06 14:56:38,629][com.java.TemplateGenerator] [  304] - Failed:1
[INFO ][2016-01-06 14:56:38,629][com.java.TemplateGenerator] [  305] - Skipeed:0
[INFO ][2016-01-06 14:56:38,629][com.java.TemplateGenerator] [  306] - Application URL:https://clients-xuat.bankersdashboard.com
[INFO ][2016-01-06 14:56:38,629][com.java.TemplateGenerator] [  307] - Start Time:010616_145434
[INFO ][2016-01-06 14:56:38,629][com.java.TemplateGenerator] [  308] -  Creating HTML Report 
[ERROR][2016-01-06 14:56:38,630][com.java.TemplateGenerator] [  409] - Unparseable date: "Wed Jan 06 02:54:34 IST 2016"
[INFO ][2016-01-06 14:56:38,632][com.java.TemplateGenerator] [  654] -  Exporting case :: 1
[INFO ][2016-01-06 14:56:38,632][com.java.TemplateGenerator] [  654] -  Exporting case :: 6
[INFO ][2016-01-06 14:56:38,637][com.java.SeleniumDriver] [ 1405] - End Time:010616_145638
[INFO ][2016-01-06 14:56:38,637][com.java.SeleniumDriver] [ 1408] - Data in Test Execution Details:{1=PASS, 6=FAILTest case failed at Step No. :: 9}
[INFO ][2016-01-06 14:56:38,637][com.java.SeleniumDriver] [ 1409] - Data in Failed Execution Deatils:{}
[INFO ][2016-01-06 14:56:38,637][com.java.SeleniumDriver] [ 1411] - ReportCounter:Total:2 :: PASS: 1 ::FAIL: 1
[INFO ][2016-01-06 14:56:38,637][com.java.SeleniumDriver] [ 1412] - FailedReportCounter:Total:0 :: PASS: 0 ::FAIL: 0
[INFO ][2016-01-06 14:56:38,645][com.java.EmailTestReport] [   63] - Sending report mail details:
[INFO ][2016-01-06 14:56:38,645][com.java.EmailTestReport] [   80] - Excel Report Path:D:\BankersDashboard/TestReports/Test Results_BankersDashBoard_010616_145434_IE10_United Bank.xls
[INFO ][2016-01-06 14:56:38,645][com.java.EmailTestReport] [   81] - HTML Report Path:D:\BankersDashboard//TestReports//Test Results_BankersDashBoard_010616_145434_IE10_United Bank.html
[INFO ][2016-01-06 14:56:38,645][com.java.EmailTestReport] [   82] - smtpHostName:mail01.valuelabs.com
[INFO ][2016-01-06 14:56:38,645][com.java.EmailTestReport] [   83] - Recipient:venkateswararao.gubbala@valuelabs.com;
[INFO ][2016-01-06 14:56:38,645][com.java.EmailTestReport] [   84] - From:venkateswararao.gubbala@valuelabs.com;
[INFO ][2016-01-06 14:56:38,645][com.java.EmailTestReport] [   85] - Subject:Deluxe Corp Bankers Dashboard Automation Test Report - United Bank - IE10
[INFO ][2016-01-06 14:56:38,662][com.java.EmailTestReport] [  143] -  Added venkateswararao.gubbala@valuelabs.com
[INFO ][2016-01-06 14:56:41,778][com.java.SeleniumDriver] [  722] - quitting the browser 
[INFO ][2016-01-06 14:56:43,038][com.java.SeleniumDriver] [  264] - Execution Completed Stopping the thread
