[INFO ][2016-01-27 14:55:11,925][com.java.SeleniumDriver] [  213] - Execute Failed Casesfalse
[INFO ][2016-01-27 14:55:11,925][com.java.SeleniumDriver] [  214] - Browser: IE10
[INFO ][2016-01-27 14:55:11,935][com.java.SeleniumDriver] [  215] - [1, 5]
[INFO ][2016-01-27 14:55:11,935][com.java.SeleniumDriver] [  216] - Total TestCases:2
[INFO ][2016-01-27 14:55:11,935][com.java.SeleniumDriver] [  217] -  Reading Properties from Property File 
[DEBUG][2016-01-27 14:55:11,935][com.java.SeleniumDriver] [  238] - url : https://clients-xuat.bankersdashboard.com
[INFO ][2016-01-27 14:55:11,935][com.java.ImportnExport.ExportTestResultsExcel] [  116] - Time Stamp Wed Jan 27 02:55:11 IST 2016
[INFO ][2016-01-27 14:55:11,935][com.java.ImportnExport.ExportTestResultsExcel] [  175] - OUT FILE : D:\BankersDashboard/TestReports/Test Results_BankersDashBoard_012716_145511_IE10_Bank of North Carolina.xls
[INFO ][2016-01-27 14:55:11,976][com.java.ImportnExport.ExportTestResultsExcel] [  180] - Test Result file is created
[DEBUG][2016-01-27 14:55:12,066][com.java.SeleniumDriver] [  426] - Hub ip address is-------172.17.68.34
[INFO ][2016-01-27 14:55:12,066][com.java.SeleniumDriver] [  452] - Grid URL:http://172.17.68.34:4444/wd/hub
[INFO ][2016-01-27 14:55:12,066][com.java.SeleniumDriver] [  453] - Capability:Capabilities [{platform=ANY, ensureCleanSession=true, ignoreProtectedModeSettings=true, acceptSslCerts=true, ignoreZoomSetting=true, browserName=internet explorer, browserstack.ie.noFlash=true, version=null}]
[ERROR][2016-01-27 14:55:13,366][com.java.SeleniumDriver] [  498] - Unable invoke browser in grid:Could not start a new session. Possible causes are invalid address of the remote server or browser start-up failure.
Build info: version: '2.48.2', revision: '41bccdd', time: '2015-10-09 19:59:12'
System info: host: 'FVTIII438F1D', ip: '172.17.68.34', os.name: 'Windows 7', os.arch: 'x86', os.version: '6.1', java.version: '1.7.0_55'
Driver info: driver.version: SeleniumDriver
[INFO ][2016-01-27 14:55:13,366][com.java.SeleniumDriver] [  500] - Executing on local machine
[INFO ][2016-01-27 14:55:23,925][com.java.SeleniumDriver] [  248] - IE10is opened
[INFO ][2016-01-27 14:55:24,745][com.java.SeleniumDriver] [  756] - Test cases to be executed are: [1, 5]
[INFO ][2016-01-27 14:55:24,756][com.java.ImportnExport.ImportTestDataDetailsExcel] [   49] - test data details path===== D:\BankersDashboard\TestInputs\TestData.xls
[INFO ][2016-01-27 14:55:24,826][com.java.SeleniumDriver] [  856] - ------------------------------------------
[INFO ][2016-01-27 14:55:24,826][com.java.SeleniumDriver] [  857] - Test case being Executed: 1
[INFO ][2016-01-27 14:55:24,826][com.java.SeleniumDriver] [  869] - Test step:1
[INFO ][2016-01-27 14:55:24,826][com.java.SeleniumDriver] [  881] - Datavalue is----------Concept#1:1-14
[INFO ][2016-01-27 14:55:24,826][com.java.SeleniumDriver] [  905] - DataField : test
[INFO ][2016-01-27 14:55:24,826][com.java.SeleniumDriver] [  907] - DataValue : Concept#1:1-14
[INFO ][2016-01-27 14:55:24,826][com.java.SeleniumDriver] [  913] - <In Set values of the page>
[INFO ][2016-01-27 14:55:24,826][com.java.SeleniumDriver] [  916] - {Data Fields & Data Values Exist}
[INFO ][2016-01-27 14:55:24,826][com.java.SeleniumDriver] [  918] - --------------------------setting values-----------------------------
[INFO ][2016-01-27 14:55:24,826][com.java.SeleniumDriver] [  921] - Action Type : ExecuteTestCase
[INFO ][2016-01-27 14:55:24,846][com.java.TestType] [  442] - The Concept sheet name is ---------- Concept
[INFO ][2016-01-27 14:55:24,846][com.java.TestType] [  445] - The Concept ID  is ---------- 1
[DEBUG][2016-01-27 14:55:24,846][com.java.TestType] [  449] - Steps being executted in the Concept are: 1:14
[INFO ][2016-01-27 14:55:24,846][com.java.TestType] [  456] - Test data details path ---------- D:\BankersDashboard\TestInputs\TestData.xls
[INFO ][2016-01-27 14:55:24,856][com.java.TestType] [  487] -  str(1) = 1
[INFO ][2016-01-27 14:55:24,856][com.java.TestType] [  490] - Test case Id is---1
[INFO ][2016-01-27 14:55:24,856][com.java.TestType] [  492] - 1
[INFO ][2016-01-27 14:55:24,856][com.java.TestType] [  487] -  str(2) = 1
[INFO ][2016-01-27 14:55:24,856][com.java.TestType] [  487] -  str(1) = 1
[INFO ][2016-01-27 14:55:24,856][com.java.TestType] [  490] - Test case Id is---1
[INFO ][2016-01-27 14:55:24,856][com.java.TestType] [  492] - 1
[INFO ][2016-01-27 14:55:24,856][com.java.TestType] [  487] -  str(2) = 2
[INFO ][2016-01-27 14:55:24,856][com.java.TestType] [  487] -  str(1) = 1
[INFO ][2016-01-27 14:55:24,856][com.java.TestType] [  490] - Test case Id is---1
[INFO ][2016-01-27 14:55:24,856][com.java.TestType] [  492] - 1
[INFO ][2016-01-27 14:55:24,856][com.java.TestType] [  487] -  str(2) = 3
[INFO ][2016-01-27 14:55:24,856][com.java.TestType] [  487] -  str(1) = 1
[INFO ][2016-01-27 14:55:24,856][com.java.TestType] [  490] - Test case Id is---1
[INFO ][2016-01-27 14:55:24,856][com.java.TestType] [  492] - 1
[INFO ][2016-01-27 14:55:24,856][com.java.TestType] [  487] -  str(2) = 4
[INFO ][2016-01-27 14:55:24,856][com.java.TestType] [  487] -  str(1) = 1
[INFO ][2016-01-27 14:55:24,856][com.java.TestType] [  490] - Test case Id is---1
[INFO ][2016-01-27 14:55:24,856][com.java.TestType] [  492] - 1
[INFO ][2016-01-27 14:55:24,856][com.java.TestType] [  487] -  str(2) = 5
[INFO ][2016-01-27 14:55:24,856][com.java.TestType] [  487] -  str(1) = 1
[INFO ][2016-01-27 14:55:24,856][com.java.TestType] [  490] - Test case Id is---1
[INFO ][2016-01-27 14:55:24,856][com.java.TestType] [  492] - 1
[INFO ][2016-01-27 14:55:24,856][com.java.TestType] [  487] -  str(2) = 6
[INFO ][2016-01-27 14:55:24,856][com.java.TestType] [  487] -  str(1) = 1
[INFO ][2016-01-27 14:55:24,856][com.java.TestType] [  490] - Test case Id is---1
[INFO ][2016-01-27 14:55:24,856][com.java.TestType] [  492] - 1
[INFO ][2016-01-27 14:55:24,856][com.java.TestType] [  487] -  str(2) = 7
[INFO ][2016-01-27 14:55:24,856][com.java.TestType] [  487] -  str(1) = 1
[INFO ][2016-01-27 14:55:24,856][com.java.TestType] [  490] - Test case Id is---1
[INFO ][2016-01-27 14:55:24,856][com.java.TestType] [  492] - 1
[INFO ][2016-01-27 14:55:24,856][com.java.TestType] [  487] -  str(2) = 8
[INFO ][2016-01-27 14:55:24,856][com.java.TestType] [  487] -  str(1) = 1
[INFO ][2016-01-27 14:55:24,856][com.java.TestType] [  490] - Test case Id is---1
[INFO ][2016-01-27 14:55:24,856][com.java.TestType] [  492] - 1
[INFO ][2016-01-27 14:55:24,856][com.java.TestType] [  487] -  str(2) = 9
[INFO ][2016-01-27 14:55:24,856][com.java.TestType] [  487] -  str(1) = 1
[INFO ][2016-01-27 14:55:24,856][com.java.TestType] [  490] - Test case Id is---1
[INFO ][2016-01-27 14:55:24,856][com.java.TestType] [  492] - 1
[INFO ][2016-01-27 14:55:24,856][com.java.TestType] [  487] -  str(2) = 10
[INFO ][2016-01-27 14:55:24,856][com.java.TestType] [  487] -  str(1) = 1
[INFO ][2016-01-27 14:55:24,856][com.java.TestType] [  490] - Test case Id is---1
[INFO ][2016-01-27 14:55:24,856][com.java.TestType] [  492] - 1
[INFO ][2016-01-27 14:55:24,856][com.java.TestType] [  487] -  str(2) = 11
[INFO ][2016-01-27 14:55:24,856][com.java.TestType] [  487] -  str(1) = 1
[INFO ][2016-01-27 14:55:24,856][com.java.TestType] [  490] - Test case Id is---1
[INFO ][2016-01-27 14:55:24,856][com.java.TestType] [  492] - 1
[INFO ][2016-01-27 14:55:24,856][com.java.TestType] [  487] -  str(2) = 12
[INFO ][2016-01-27 14:55:24,856][com.java.TestType] [  487] -  str(1) = 1
[INFO ][2016-01-27 14:55:24,856][com.java.TestType] [  490] - Test case Id is---1
[INFO ][2016-01-27 14:55:24,856][com.java.TestType] [  492] - 1
[INFO ][2016-01-27 14:55:24,866][com.java.TestType] [  487] -  str(2) = 13
[INFO ][2016-01-27 14:55:24,866][com.java.TestType] [  487] -  str(1) = 1
[INFO ][2016-01-27 14:55:24,866][com.java.TestType] [  490] - Test case Id is---1
[INFO ][2016-01-27 14:55:24,866][com.java.TestType] [  492] - 1
[INFO ][2016-01-27 14:55:24,866][com.java.TestType] [  487] -  str(2) = 14
[INFO ][2016-01-27 14:55:24,866][com.java.TestType] [  487] -  str(1) = 1
[INFO ][2016-01-27 14:55:24,866][com.java.TestType] [  490] - Test case Id is---1
[INFO ][2016-01-27 14:55:24,866][com.java.TestType] [  492] - 1
[INFO ][2016-01-27 14:55:24,866][com.java.TestType] [  487] -  str(2) = 15
[INFO ][2016-01-27 14:55:24,866][com.java.TestType] [  487] -  str(1) = 1
[INFO ][2016-01-27 14:55:24,866][com.java.TestType] [  490] - Test case Id is---1
[INFO ][2016-01-27 14:55:24,866][com.java.TestType] [  492] - 1
[INFO ][2016-01-27 14:55:24,866][com.java.TestType] [  487] -  str(2) = 16
[INFO ][2016-01-27 14:55:24,866][com.java.TestType] [11659] - Looping 1TCID = 1
[DEBUG][2016-01-27 14:55:24,866][com.java.TestType] [11700] - Concept ID:1 :: Step being Executed: 1::1
[INFO ][2016-01-27 14:55:24,866][com.java.TestType] [11738] - dataFields : TXTusername
[DEBUG][2016-01-27 14:55:24,866][com.java.TestType] [11744] - <In Set values of the page>
[DEBUG][2016-01-27 14:55:24,866][com.java.TestType] [11749] - {Data Fields & Data Values Exist}
[INFO ][2016-01-27 14:55:24,866][com.java.TestType] [11755] - --------------------------setting values-----------------------------
[INFO ][2016-01-27 14:55:24,866][com.java.TestType] [11758] - Action Type : CLEARANDENTER
[INFO ][2016-01-27 14:55:27,177][com.java.TestType] [ 6404] - value = valuelabs.ie10.33527
[INFO ][2016-01-27 14:55:29,588][com.java.TestType] [11777] -  RESULT true
[INFO ][2016-01-27 14:55:29,588][com.java.TestType] [11894] - ?   P A S S   ?
[DEBUG][2016-01-27 14:55:29,588][com.java.TestType] [11700] - Concept ID:1 :: Step being Executed: 1::2
[INFO ][2016-01-27 14:55:29,588][com.java.TestType] [11738] - dataFields : TXTpassword
[DEBUG][2016-01-27 14:55:29,588][com.java.TestType] [11744] - <In Set values of the page>
[DEBUG][2016-01-27 14:55:29,588][com.java.TestType] [11749] - {Data Fields & Data Values Exist}
[INFO ][2016-01-27 14:55:29,588][com.java.TestType] [11755] - --------------------------setting values-----------------------------
[INFO ][2016-01-27 14:55:29,588][com.java.TestType] [11758] - Action Type : CLEARANDENTER
[INFO ][2016-01-27 14:55:31,830][com.java.TestType] [ 6404] - value = Password1*
[INFO ][2016-01-27 14:55:34,376][com.java.TestType] [11777] -  RESULT true
[INFO ][2016-01-27 14:55:34,376][com.java.TestType] [11894] - ?   P A S S   ?
[DEBUG][2016-01-27 14:55:34,376][com.java.TestType] [11700] - Concept ID:1 :: Step being Executed: 1::3
[ERROR][2016-01-27 14:55:34,376][com.java.TestType] [11733] - Exception: null
[INFO ][2016-01-27 14:55:34,376][com.java.TestType] [11738] - dataFields : XPH//button[@type='submit']
[DEBUG][2016-01-27 14:55:34,376][com.java.TestType] [11744] - <In Set values of the page>
[DEBUG][2016-01-27 14:55:34,376][com.java.TestType] [11749] - {Data Fields & Data Values Exist}
[INFO ][2016-01-27 14:55:34,376][com.java.TestType] [11755] - --------------------------setting values-----------------------------
[INFO ][2016-01-27 14:55:34,376][com.java.TestType] [11758] - Action Type : Click
[INFO ][2016-01-27 14:55:34,376][com.java.TestType] [ 6783] - Field ::XPH//button[@type='submit']
[INFO ][2016-01-27 14:55:34,376][com.java.TestType] [ 6404] - value = 
[INFO ][2016-01-27 14:55:35,376][com.java.TestType] [ 6956] - BEFORE CLICK
[INFO ][2016-01-27 14:55:36,218][com.java.TestType] [ 6964] - Unable to click the object Login
[INFO ][2016-01-27 14:55:36,218][com.java.TestType] [11777] -  RESULT true
[INFO ][2016-01-27 14:55:36,218][com.java.TestType] [11894] - ?   P A S S   ?
[DEBUG][2016-01-27 14:55:36,218][com.java.TestType] [11700] - Concept ID:1 :: Step being Executed: 1::4
[INFO ][2016-01-27 14:55:36,218][com.java.TestType] [11738] - dataFields : LNKLogout
[DEBUG][2016-01-27 14:55:36,218][com.java.TestType] [11744] - <In Set values of the page>
[DEBUG][2016-01-27 14:55:36,218][com.java.TestType] [11749] - {Data Fields & Data Values Exist}
[INFO ][2016-01-27 14:55:36,218][com.java.TestType] [11755] - --------------------------setting values-----------------------------
[INFO ][2016-01-27 14:55:36,218][com.java.TestType] [11758] - Action Type : WaitForElement
[INFO ][2016-01-27 14:55:39,645][com.java.TestType] [11777] -  RESULT true
[INFO ][2016-01-27 14:55:39,645][com.java.TestType] [11894] - ?   P A S S   ?
[INFO ][2016-01-27 14:55:39,645][com.java.TestType] [11965] - Looping End......
[INFO ][2016-01-27 14:55:39,645][com.java.SeleniumDriver] [  930] -  RESULT true
[INFO ][2016-01-27 14:55:39,645][com.java.SeleniumDriver] [ 1136] - ?   P A S S   ?
[INFO ][2016-01-27 14:55:39,645][com.java.SeleniumDriver] [  856] - ------------------------------------------
[INFO ][2016-01-27 14:55:39,645][com.java.SeleniumDriver] [  857] - Test case being Executed: 1
[INFO ][2016-01-27 14:55:39,645][com.java.SeleniumDriver] [  869] - Test step:2
[INFO ][2016-01-27 14:55:39,645][com.java.SeleniumDriver] [  881] - Datavalue is----------Concept#2:1-2
[INFO ][2016-01-27 14:55:39,645][com.java.SeleniumDriver] [  905] - DataField : test
[INFO ][2016-01-27 14:55:39,645][com.java.SeleniumDriver] [  907] - DataValue : Concept#2:1-2
[INFO ][2016-01-27 14:55:39,645][com.java.SeleniumDriver] [  913] - <In Set values of the page>
[INFO ][2016-01-27 14:55:39,645][com.java.SeleniumDriver] [  916] - {Data Fields & Data Values Exist}
[INFO ][2016-01-27 14:55:39,645][com.java.SeleniumDriver] [  918] - --------------------------setting values-----------------------------
[INFO ][2016-01-27 14:55:39,645][com.java.SeleniumDriver] [  921] - Action Type : ExecuteTestCase
[INFO ][2016-01-27 14:55:39,645][com.java.TestType] [  442] - The Concept sheet name is ---------- Concept
[INFO ][2016-01-27 14:55:39,645][com.java.TestType] [  445] - The Concept ID  is ---------- 2
[DEBUG][2016-01-27 14:55:39,645][com.java.TestType] [  449] - Steps being executted in the Concept are: 1:2
[INFO ][2016-01-27 14:55:39,645][com.java.TestType] [  456] - Test data details path ---------- D:\BankersDashboard\TestInputs\TestData.xls
[INFO ][2016-01-27 14:55:39,645][com.java.TestType] [  487] -  str(1) = 2
[INFO ][2016-01-27 14:55:39,645][com.java.TestType] [  490] - Test case Id is---2
[INFO ][2016-01-27 14:55:39,645][com.java.TestType] [  492] - 2
[INFO ][2016-01-27 14:55:39,645][com.java.TestType] [  487] -  str(2) = 1
[INFO ][2016-01-27 14:55:39,646][com.java.TestType] [  487] -  str(1) = 2
[INFO ][2016-01-27 14:55:39,646][com.java.TestType] [  490] - Test case Id is---2
[INFO ][2016-01-27 14:55:39,646][com.java.TestType] [  492] - 2
[INFO ][2016-01-27 14:55:39,646][com.java.TestType] [  487] -  str(2) = 2
[INFO ][2016-01-27 14:55:39,646][com.java.TestType] [  487] -  str(1) = 2
[INFO ][2016-01-27 14:55:39,646][com.java.TestType] [  490] - Test case Id is---2
[INFO ][2016-01-27 14:55:39,646][com.java.TestType] [  492] - 2
[INFO ][2016-01-27 14:55:39,646][com.java.TestType] [  487] -  str(2) = 3
[INFO ][2016-01-27 14:55:39,646][com.java.TestType] [11659] - Looping 1TCID = 2
[DEBUG][2016-01-27 14:55:39,646][com.java.TestType] [11700] - Concept ID:2 :: Step being Executed: 2::1
[INFO ][2016-01-27 14:55:39,646][com.java.TestType] [11738] - dataFields : BNK//select[@id='bank']
[DEBUG][2016-01-27 14:55:39,646][com.java.TestType] [11744] - <In Set values of the page>
[DEBUG][2016-01-27 14:55:39,646][com.java.TestType] [11749] - {Data Fields & Data Values Exist}
[INFO ][2016-01-27 14:55:39,646][com.java.TestType] [11755] - --------------------------setting values-----------------------------
[INFO ][2016-01-27 14:55:39,646][com.java.TestType] [11758] - Action Type : Select
[INFO ][2016-01-27 14:55:39,646][com.java.TestType] [ 6404] - value = PFC
[INFO ][2016-01-27 14:55:39,836][com.java.TestType] [11777] -  RESULT true
[INFO ][2016-01-27 14:55:39,836][com.java.TestType] [11894] - ?   P A S S   ?
[DEBUG][2016-01-27 14:55:39,836][com.java.TestType] [11700] - Concept ID:2 :: Step being Executed: 2::2
[INFO ][2016-01-27 14:55:39,836][com.java.TestType] [11738] - dataFields : LNKLogout
[DEBUG][2016-01-27 14:55:39,836][com.java.TestType] [11744] - <In Set values of the page>
[DEBUG][2016-01-27 14:55:39,836][com.java.TestType] [11749] - {Data Fields & Data Values Exist}
[INFO ][2016-01-27 14:55:39,836][com.java.TestType] [11755] - --------------------------setting values-----------------------------
[INFO ][2016-01-27 14:55:39,836][com.java.TestType] [11758] - Action Type : WaitTime
[DEBUG][2016-01-27 14:55:39,836][com.java.TestType] [ 6218] - sleepTime: 5000
[INFO ][2016-01-27 14:55:44,839][com.java.TestType] [11777] -  RESULT true
[INFO ][2016-01-27 14:55:44,839][com.java.TestType] [11894] - ?   P A S S   ?
[INFO ][2016-01-27 14:55:44,839][com.java.TestType] [11965] - Looping End......
[INFO ][2016-01-27 14:55:44,839][com.java.SeleniumDriver] [  930] -  RESULT true
[INFO ][2016-01-27 14:55:44,839][com.java.SeleniumDriver] [ 1136] - ?   P A S S   ?
[INFO ][2016-01-27 14:55:44,839][com.java.SeleniumDriver] [  856] - ------------------------------------------
[INFO ][2016-01-27 14:55:44,839][com.java.SeleniumDriver] [  857] - Test case being Executed: 1
[INFO ][2016-01-27 14:55:44,839][com.java.SeleniumDriver] [  869] - Test step:3
[INFO ][2016-01-27 14:55:44,839][com.java.SeleniumDriver] [  881] - Datavalue is----------2
[INFO ][2016-01-27 14:55:44,839][com.java.SeleniumDriver] [  905] - DataField : XPH//button[contains(text(),'Add Content')]
[INFO ][2016-01-27 14:55:44,839][com.java.SeleniumDriver] [  907] - DataValue : 2
[INFO ][2016-01-27 14:55:44,839][com.java.SeleniumDriver] [  913] - <In Set values of the page>
[INFO ][2016-01-27 14:55:44,839][com.java.SeleniumDriver] [  916] - {Data Fields & Data Values Exist}
[INFO ][2016-01-27 14:55:44,839][com.java.SeleniumDriver] [  918] - --------------------------setting values-----------------------------
[INFO ][2016-01-27 14:55:44,839][com.java.SeleniumDriver] [  921] - Action Type : WAITFORELEMENT
[INFO ][2016-01-27 14:55:44,973][com.java.SeleniumDriver] [  930] -  RESULT true
[INFO ][2016-01-27 14:55:44,973][com.java.SeleniumDriver] [ 1136] - ?   P A S S   ?
[DEBUG][2016-01-27 14:55:44,973][com.java.SeleniumDriver] [ 1248] - Case found
[DEBUG][2016-01-27 14:55:44,973][com.java.SeleniumDriver] [ 1253] - Incrementing ReportCounters[0]:1
[INFO ][2016-01-27 14:55:44,973][com.java.SeleniumDriver] [ 1272] - The results are-------------------[1, 1, Valid Login, Pass, , Wed Jan 27 14:55:39 IST 2016, 1, 2, Valid Login, Pass, , Wed Jan 27 14:55:44 IST 2016, 1, 3, Valid Login, Pass, , Wed Jan 27 14:55:44 IST 2016]
[INFO ][2016-01-27 14:55:44,973][com.java.SeleniumDriver] [ 1276] - End time is-------35 sec
[INFO ][2016-01-27 14:55:44,973][com.java.SeleniumDriver] [ 1277] - The results are-------------------[1, 1, Valid Login, Pass, , Wed Jan 27 14:55:39 IST 2016, 1, 2, Valid Login, Pass, , Wed Jan 27 14:55:44 IST 2016, 1, 3, Valid Login, Pass, , Wed Jan 27 14:55:44 IST 2016]
[DEBUG][2016-01-27 14:55:44,973][com.java.ImportnExport.ExportTestResultsExcel] [  222] - testResultPath = D:\BankersDashboard/TestReports/Test Results_BankersDashBoard_012716_145511_IE10_Bank of North Carolina.xls
[DEBUG][2016-01-27 14:55:44,973][com.java.ImportnExport.ExportTestResultsExcel] [  223] - browser is------------IE10
[DEBUG][2016-01-27 14:55:45,018][com.java.ImportnExport.ExportTestResultsExcel] [  270] - result.size() = 18
[DEBUG][2016-01-27 14:55:45,018][com.java.ImportnExport.ExportTestResultsExcel] [  274] - No of rows in sheet=1
[DEBUG][2016-01-27 14:55:45,018][com.java.ImportnExport.ExportTestResultsExcel] [  301] - ..in export..1
[DEBUG][2016-01-27 14:55:45,018][com.java.ImportnExport.ExportTestResultsExcel] [  301] - ..in export..Valid Login
[DEBUG][2016-01-27 14:55:45,018][com.java.ImportnExport.ExportTestResultsExcel] [  301] - ..in export..Pass
[DEBUG][2016-01-27 14:55:45,018][com.java.ImportnExport.ExportTestResultsExcel] [  301] - ..in export..
[DEBUG][2016-01-27 14:55:45,018][com.java.ImportnExport.ExportTestResultsExcel] [  301] - ..in export..Wed Jan 27 14:55:39 IST 2016
[INFO ][2016-01-27 14:55:45,020][com.java.SeleniumDriver] [ 1337] - out loop:0 size:2 TestCases:[1, 5] testcases:[1, 5]
[INFO ][2016-01-27 14:55:45,020][com.java.ImportnExport.ImportTestDataDetailsExcel] [   49] - test data details path===== D:\BankersDashboard\TestInputs\TestData.xls
[INFO ][2016-01-27 14:56:05,459][com.java.SeleniumDriver] [  856] - ------------------------------------------
[INFO ][2016-01-27 14:56:05,459][com.java.SeleniumDriver] [  857] - Test case being Executed: 5
[INFO ][2016-01-27 14:56:05,459][com.java.SeleniumDriver] [  869] - Test step:1
[INFO ][2016-01-27 14:56:05,459][com.java.SeleniumDriver] [  881] - Datavalue is----------Logout
[INFO ][2016-01-27 14:56:05,459][com.java.SeleniumDriver] [  905] - DataField : BTN
[INFO ][2016-01-27 14:56:05,459][com.java.SeleniumDriver] [  907] - DataValue : Logout
[INFO ][2016-01-27 14:56:05,459][com.java.SeleniumDriver] [  913] - <In Set values of the page>
[INFO ][2016-01-27 14:56:05,459][com.java.SeleniumDriver] [  916] - {Data Fields & Data Values Exist}
[INFO ][2016-01-27 14:56:05,459][com.java.SeleniumDriver] [  918] - --------------------------setting values-----------------------------
[INFO ][2016-01-27 14:56:05,459][com.java.SeleniumDriver] [  921] - Action Type : Verify
[INFO ][2016-01-27 14:56:05,459][com.java.TestType] [ 7994] - field= BTN value= Logout
[INFO ][2016-01-27 14:56:05,459][com.java.TestType] [ 6404] - value = Logout
[INFO ][2016-01-27 14:56:05,520][com.java.SeleniumDriver] [  930] -  RESULT true
[INFO ][2016-01-27 14:56:05,520][com.java.SeleniumDriver] [ 1136] - ?   P A S S   ?
[INFO ][2016-01-27 14:56:05,520][com.java.SeleniumDriver] [ 1178] - step change to 3
[INFO ][2016-01-27 14:56:05,520][com.java.SeleniumDriver] [  856] - ------------------------------------------
[INFO ][2016-01-27 14:56:05,520][com.java.SeleniumDriver] [  857] - Test case being Executed: 5
[INFO ][2016-01-27 14:56:05,520][com.java.SeleniumDriver] [  869] - Test step:3
[INFO ][2016-01-27 14:56:05,520][com.java.SeleniumDriver] [  881] - Datavalue is----------Concept#2:1-2
[INFO ][2016-01-27 14:56:05,520][com.java.SeleniumDriver] [  905] - DataField : test
[INFO ][2016-01-27 14:56:05,520][com.java.SeleniumDriver] [  907] - DataValue : Concept#2:1-2
[INFO ][2016-01-27 14:56:05,520][com.java.SeleniumDriver] [  913] - <In Set values of the page>
[INFO ][2016-01-27 14:56:05,520][com.java.SeleniumDriver] [  916] - {Data Fields & Data Values Exist}
[INFO ][2016-01-27 14:56:05,520][com.java.SeleniumDriver] [  918] - --------------------------setting values-----------------------------
[INFO ][2016-01-27 14:56:05,520][com.java.SeleniumDriver] [  921] - Action Type : ExecuteTestCase
[INFO ][2016-01-27 14:56:05,520][com.java.TestType] [  442] - The Concept sheet name is ---------- Concept
[INFO ][2016-01-27 14:56:05,520][com.java.TestType] [  445] - The Concept ID  is ---------- 2
[DEBUG][2016-01-27 14:56:05,520][com.java.TestType] [  449] - Steps being executted in the Concept are: 1:2
[INFO ][2016-01-27 14:56:05,520][com.java.TestType] [  456] - Test data details path ---------- D:\BankersDashboard\TestInputs\TestData.xls
[INFO ][2016-01-27 14:56:05,530][com.java.TestType] [  487] -  str(1) = 2
[INFO ][2016-01-27 14:56:05,530][com.java.TestType] [  490] - Test case Id is---2
[INFO ][2016-01-27 14:56:05,530][com.java.TestType] [  492] - 2
[INFO ][2016-01-27 14:56:05,530][com.java.TestType] [  487] -  str(2) = 1
[INFO ][2016-01-27 14:56:05,530][com.java.TestType] [  487] -  str(1) = 2
[INFO ][2016-01-27 14:56:05,530][com.java.TestType] [  490] - Test case Id is---2
[INFO ][2016-01-27 14:56:05,530][com.java.TestType] [  492] - 2
[INFO ][2016-01-27 14:56:05,530][com.java.TestType] [  487] -  str(2) = 2
[INFO ][2016-01-27 14:56:05,530][com.java.TestType] [  487] -  str(1) = 2
[INFO ][2016-01-27 14:56:05,530][com.java.TestType] [  490] - Test case Id is---2
[INFO ][2016-01-27 14:56:05,530][com.java.TestType] [  492] - 2
[INFO ][2016-01-27 14:56:05,530][com.java.TestType] [  487] -  str(2) = 3
[INFO ][2016-01-27 14:56:05,530][com.java.TestType] [11659] - Looping 1TCID = 2
[DEBUG][2016-01-27 14:56:05,530][com.java.TestType] [11700] - Concept ID:2 :: Step being Executed: 2::1
[INFO ][2016-01-27 14:56:05,530][com.java.TestType] [11738] - dataFields : BNK//select[@id='bank']
[DEBUG][2016-01-27 14:56:05,530][com.java.TestType] [11744] - <In Set values of the page>
[DEBUG][2016-01-27 14:56:05,530][com.java.TestType] [11749] - {Data Fields & Data Values Exist}
[INFO ][2016-01-27 14:56:05,530][com.java.TestType] [11755] - --------------------------setting values-----------------------------
[INFO ][2016-01-27 14:56:05,530][com.java.TestType] [11758] - Action Type : Select
[INFO ][2016-01-27 14:56:05,530][com.java.TestType] [ 6404] - value = PFC
[INFO ][2016-01-27 14:56:05,740][com.java.TestType] [11777] -  RESULT true
[INFO ][2016-01-27 14:56:05,740][com.java.TestType] [11894] - ?   P A S S   ?
[DEBUG][2016-01-27 14:56:05,740][com.java.TestType] [11700] - Concept ID:2 :: Step being Executed: 2::2
[INFO ][2016-01-27 14:56:05,740][com.java.TestType] [11738] - dataFields : LNKLogout
[DEBUG][2016-01-27 14:56:05,740][com.java.TestType] [11744] - <In Set values of the page>
[DEBUG][2016-01-27 14:56:05,740][com.java.TestType] [11749] - {Data Fields & Data Values Exist}
[INFO ][2016-01-27 14:56:05,740][com.java.TestType] [11755] - --------------------------setting values-----------------------------
[INFO ][2016-01-27 14:56:05,740][com.java.TestType] [11758] - Action Type : WaitTime
[DEBUG][2016-01-27 14:56:05,740][com.java.TestType] [ 6218] - sleepTime: 5000
[INFO ][2016-01-27 14:56:10,740][com.java.TestType] [11777] -  RESULT true
[INFO ][2016-01-27 14:56:10,740][com.java.TestType] [11894] - ?   P A S S   ?
[INFO ][2016-01-27 14:56:10,740][com.java.TestType] [11965] - Looping End......
[INFO ][2016-01-27 14:56:10,740][com.java.SeleniumDriver] [  930] -  RESULT true
[INFO ][2016-01-27 14:56:10,740][com.java.SeleniumDriver] [ 1136] - ?   P A S S   ?
[INFO ][2016-01-27 14:56:10,740][com.java.SeleniumDriver] [  856] - ------------------------------------------
[INFO ][2016-01-27 14:56:10,740][com.java.SeleniumDriver] [  857] - Test case being Executed: 5
[INFO ][2016-01-27 14:56:10,740][com.java.SeleniumDriver] [  869] - Test step:4
[INFO ][2016-01-27 14:56:10,740][com.java.SeleniumDriver] [  881] - Datavalue is----------null
[DEBUG][2016-01-27 14:56:10,740][com.java.SeleniumDriver] [  899] - Exception: null
[INFO ][2016-01-27 14:56:10,740][com.java.SeleniumDriver] [  905] - DataField : //span[@class='icon-bars2']&&//a[@data-id='ManageExisting']
[INFO ][2016-01-27 14:56:10,740][com.java.SeleniumDriver] [  907] - DataValue : 
[INFO ][2016-01-27 14:56:10,740][com.java.SeleniumDriver] [  913] - <In Set values of the page>
[INFO ][2016-01-27 14:56:10,740][com.java.SeleniumDriver] [  916] - {Data Fields & Data Values Exist}
[INFO ][2016-01-27 14:56:10,740][com.java.SeleniumDriver] [  918] - --------------------------setting values-----------------------------
[INFO ][2016-01-27 14:56:10,740][com.java.SeleniumDriver] [  921] - Action Type : MOUSEOVER
[INFO ][2016-01-27 14:56:33,871][com.java.SeleniumDriver] [  930] -  RESULT true
[INFO ][2016-01-27 14:56:33,871][com.java.SeleniumDriver] [ 1136] - ?   P A S S   ?
[INFO ][2016-01-27 14:56:33,871][com.java.SeleniumDriver] [  856] - ------------------------------------------
[INFO ][2016-01-27 14:56:33,871][com.java.SeleniumDriver] [  857] - Test case being Executed: 5
[INFO ][2016-01-27 14:56:33,871][com.java.SeleniumDriver] [  869] - Test step:5
[INFO ][2016-01-27 14:56:33,871][com.java.SeleniumDriver] [  881] - Datavalue is----------3
[INFO ][2016-01-27 14:56:33,871][com.java.SeleniumDriver] [  905] - DataField : BTNframeDialogContent
[INFO ][2016-01-27 14:56:33,871][com.java.SeleniumDriver] [  907] - DataValue : 3
[INFO ][2016-01-27 14:56:33,871][com.java.SeleniumDriver] [  913] - <In Set values of the page>
[INFO ][2016-01-27 14:56:33,871][com.java.SeleniumDriver] [  916] - {Data Fields & Data Values Exist}
[INFO ][2016-01-27 14:56:33,871][com.java.SeleniumDriver] [  918] - --------------------------setting values-----------------------------
[INFO ][2016-01-27 14:56:33,871][com.java.SeleniumDriver] [  921] - Action Type : WaitForElement
[INFO ][2016-01-27 14:56:35,132][com.java.SeleniumDriver] [  930] -  RESULT true
[INFO ][2016-01-27 14:56:35,132][com.java.SeleniumDriver] [ 1136] - ?   P A S S   ?
[INFO ][2016-01-27 14:56:35,132][com.java.SeleniumDriver] [  856] - ------------------------------------------
[INFO ][2016-01-27 14:56:35,132][com.java.SeleniumDriver] [  857] - Test case being Executed: 5
[INFO ][2016-01-27 14:56:35,132][com.java.SeleniumDriver] [  869] - Test step:6
[INFO ][2016-01-27 14:56:35,132][com.java.SeleniumDriver] [  881] - Datavalue is----------null
[DEBUG][2016-01-27 14:56:35,132][com.java.SeleniumDriver] [  899] - Exception: null
[INFO ][2016-01-27 14:56:35,132][com.java.SeleniumDriver] [  905] - DataField : BTNframeDialogContent
[INFO ][2016-01-27 14:56:35,132][com.java.SeleniumDriver] [  907] - DataValue : 
[INFO ][2016-01-27 14:56:35,132][com.java.SeleniumDriver] [  913] - <In Set values of the page>
[INFO ][2016-01-27 14:56:35,132][com.java.SeleniumDriver] [  916] - {Data Fields & Data Values Exist}
[INFO ][2016-01-27 14:56:35,132][com.java.SeleniumDriver] [  918] - --------------------------setting values-----------------------------
[INFO ][2016-01-27 14:56:35,132][com.java.SeleniumDriver] [  921] - Action Type : SELECTFRAME
[INFO ][2016-01-27 14:56:36,424][com.java.SeleniumDriver] [  930] -  RESULT true
[INFO ][2016-01-27 14:56:36,424][com.java.SeleniumDriver] [ 1136] - ?   P A S S   ?
[INFO ][2016-01-27 14:56:36,424][com.java.SeleniumDriver] [  856] - ------------------------------------------
[INFO ][2016-01-27 14:56:36,424][com.java.SeleniumDriver] [  857] - Test case being Executed: 5
[INFO ][2016-01-27 14:56:36,424][com.java.SeleniumDriver] [  869] - Test step:7
[INFO ][2016-01-27 14:56:36,424][com.java.SeleniumDriver] [  881] - Datavalue is----------HMVTotemPoleNameNew
[INFO ][2016-01-27 14:56:36,424][com.java.SeleniumDriver] [  905] - DataField : SLBddlTotemPoles
[INFO ][2016-01-27 14:56:36,424][com.java.SeleniumDriver] [  907] - DataValue : HMVTotemPoleNameNew
[INFO ][2016-01-27 14:56:36,424][com.java.SeleniumDriver] [  913] - <In Set values of the page>
[INFO ][2016-01-27 14:56:36,424][com.java.SeleniumDriver] [  916] - {Data Fields & Data Values Exist}
[INFO ][2016-01-27 14:56:36,424][com.java.SeleniumDriver] [  918] - --------------------------setting values-----------------------------
[INFO ][2016-01-27 14:56:36,424][com.java.SeleniumDriver] [  921] - Action Type : Select
[INFO ][2016-01-27 14:56:36,424][com.java.TestType] [ 6404] - value = null
[INFO ][2016-01-27 14:56:38,686][com.java.SeleniumDriver] [  930] -  RESULT false
[INFO ][2016-01-27 14:56:38,686][com.java.SeleniumDriver] [  977] - ?   F A I L   ?
[INFO ][2016-01-27 14:56:38,686][com.java.SeleniumDriver] [  985] - Browser Type : IE10
[INFO ][2016-01-27 14:56:38,686][com.java.SeleniumDriver] [  986] - Adding Failed case5
[DEBUG][2016-01-27 14:56:39,016][com.java.SeleniumDriver] [ 1054] -  tdd.getCondition() IF:9:Next
[INFO ][2016-01-27 14:56:39,016][com.java.SeleniumDriver] [ 1058] - Continue next step...
[INFO ][2016-01-27 14:56:39,016][com.java.SeleniumDriver] [  856] - ------------------------------------------
[INFO ][2016-01-27 14:56:39,016][com.java.SeleniumDriver] [  857] - Test case being Executed: 5
[INFO ][2016-01-27 14:56:39,016][com.java.SeleniumDriver] [  869] - Test step:8
[INFO ][2016-01-27 14:56:39,016][com.java.SeleniumDriver] [  881] - Datavalue is----------index:1
[INFO ][2016-01-27 14:56:39,016][com.java.SeleniumDriver] [  905] - DataField : COBddlTotemPoles
[INFO ][2016-01-27 14:56:39,016][com.java.SeleniumDriver] [  907] - DataValue : index:1
[INFO ][2016-01-27 14:56:39,016][com.java.SeleniumDriver] [  913] - <In Set values of the page>
[INFO ][2016-01-27 14:56:39,016][com.java.SeleniumDriver] [  916] - {Data Fields & Data Values Exist}
[INFO ][2016-01-27 14:56:39,016][com.java.SeleniumDriver] [  918] - --------------------------setting values-----------------------------
[INFO ][2016-01-27 14:56:39,016][com.java.SeleniumDriver] [  921] - Action Type : Select
[INFO ][2016-01-27 14:56:39,016][com.java.TestType] [ 6404] - value = 1
[INFO ][2016-01-27 14:56:40,147][com.java.TestType] [ 6522] -  In COB ddlTotemPoles : 1
[INFO ][2016-01-27 14:56:40,287][com.java.SeleniumDriver] [  930] -  RESULT true
[INFO ][2016-01-27 14:56:40,287][com.java.SeleniumDriver] [ 1136] - ?   P A S S   ?
[INFO ][2016-01-27 14:56:40,287][com.java.SeleniumDriver] [  856] - ------------------------------------------
[INFO ][2016-01-27 14:56:40,287][com.java.SeleniumDriver] [  857] - Test case being Executed: 5
[INFO ][2016-01-27 14:56:40,287][com.java.SeleniumDriver] [  869] - Test step:9
[INFO ][2016-01-27 14:56:40,287][com.java.SeleniumDriver] [  881] - Datavalue is----------null
[DEBUG][2016-01-27 14:56:40,287][com.java.SeleniumDriver] [  899] - Exception: null
[INFO ][2016-01-27 14:56:40,287][com.java.SeleniumDriver] [  905] - DataField : BTNparent
[INFO ][2016-01-27 14:56:40,287][com.java.SeleniumDriver] [  907] - DataValue : 
[INFO ][2016-01-27 14:56:40,287][com.java.SeleniumDriver] [  913] - <In Set values of the page>
[INFO ][2016-01-27 14:56:40,287][com.java.SeleniumDriver] [  916] - {Data Fields & Data Values Exist}
[INFO ][2016-01-27 14:56:40,287][com.java.SeleniumDriver] [  918] - --------------------------setting values-----------------------------
[INFO ][2016-01-27 14:56:40,287][com.java.SeleniumDriver] [  921] - Action Type : SELECTFRAME
[INFO ][2016-01-27 14:56:40,297][com.java.SeleniumDriver] [  930] -  RESULT true
[INFO ][2016-01-27 14:56:40,297][com.java.SeleniumDriver] [ 1136] - ?   P A S S   ?
[INFO ][2016-01-27 14:56:40,297][com.java.SeleniumDriver] [  856] - ------------------------------------------
[INFO ][2016-01-27 14:56:40,297][com.java.SeleniumDriver] [  857] - Test case being Executed: 5
[INFO ][2016-01-27 14:56:40,297][com.java.SeleniumDriver] [  869] - Test step:10
[INFO ][2016-01-27 14:56:40,297][com.java.SeleniumDriver] [  881] - Datavalue is----------null
[DEBUG][2016-01-27 14:56:40,297][com.java.SeleniumDriver] [  899] - Exception: null
[INFO ][2016-01-27 14:56:40,297][com.java.SeleniumDriver] [  905] - DataField : HDN//span[text()='Select']
[INFO ][2016-01-27 14:56:40,297][com.java.SeleniumDriver] [  907] - DataValue : 
[INFO ][2016-01-27 14:56:40,297][com.java.SeleniumDriver] [  913] - <In Set values of the page>
[INFO ][2016-01-27 14:56:40,297][com.java.SeleniumDriver] [  916] - {Data Fields & Data Values Exist}
[INFO ][2016-01-27 14:56:40,297][com.java.SeleniumDriver] [  918] - --------------------------setting values-----------------------------
[INFO ][2016-01-27 14:56:40,297][com.java.SeleniumDriver] [  921] - Action Type : Click
[INFO ][2016-01-27 14:56:40,297][com.java.TestType] [ 6783] - Field ::HDN//span[text()='Select']
[INFO ][2016-01-27 14:56:40,297][com.java.TestType] [ 6404] - value = 
[INFO ][2016-01-27 14:56:41,498][com.java.SeleniumDriver] [  930] -  RESULT true
[INFO ][2016-01-27 14:56:41,498][com.java.SeleniumDriver] [ 1136] - ?   P A S S   ?
[INFO ][2016-01-27 14:56:41,498][com.java.SeleniumDriver] [  856] - ------------------------------------------
[INFO ][2016-01-27 14:56:41,498][com.java.SeleniumDriver] [  857] - Test case being Executed: 5
[INFO ][2016-01-27 14:56:41,498][com.java.SeleniumDriver] [  869] - Test step:11
[INFO ][2016-01-27 14:56:41,498][com.java.SeleniumDriver] [  881] - Datavalue is----------2
[INFO ][2016-01-27 14:56:41,498][com.java.SeleniumDriver] [  905] - DataField : BTNcopyButton
[INFO ][2016-01-27 14:56:41,498][com.java.SeleniumDriver] [  907] - DataValue : 2
[INFO ][2016-01-27 14:56:41,498][com.java.SeleniumDriver] [  913] - <In Set values of the page>
[INFO ][2016-01-27 14:56:41,498][com.java.SeleniumDriver] [  916] - {Data Fields & Data Values Exist}
[INFO ][2016-01-27 14:56:41,498][com.java.SeleniumDriver] [  918] - --------------------------setting values-----------------------------
[INFO ][2016-01-27 14:56:41,498][com.java.SeleniumDriver] [  921] - Action Type : WaitForElement
[INFO ][2016-01-27 14:56:42,723][com.java.SeleniumDriver] [  930] -  RESULT true
[INFO ][2016-01-27 14:56:42,723][com.java.SeleniumDriver] [ 1136] - ?   P A S S   ?
[INFO ][2016-01-27 14:56:42,723][com.java.SeleniumDriver] [  856] - ------------------------------------------
[INFO ][2016-01-27 14:56:42,723][com.java.SeleniumDriver] [  857] - Test case being Executed: 5
[INFO ][2016-01-27 14:56:42,723][com.java.SeleniumDriver] [  869] - Test step:12
[INFO ][2016-01-27 14:56:42,723][com.java.SeleniumDriver] [  881] - Datavalue is----------Cancel
[INFO ][2016-01-27 14:56:42,723][com.java.SeleniumDriver] [  905] - DataField : MTCcopyButton
[INFO ][2016-01-27 14:56:42,723][com.java.SeleniumDriver] [  907] - DataValue : Cancel
[INFO ][2016-01-27 14:56:42,723][com.java.SeleniumDriver] [  913] - <In Set values of the page>
[INFO ][2016-01-27 14:56:42,723][com.java.SeleniumDriver] [  916] - {Data Fields & Data Values Exist}
[INFO ][2016-01-27 14:56:42,723][com.java.SeleniumDriver] [  918] - --------------------------setting values-----------------------------
[INFO ][2016-01-27 14:56:42,723][com.java.SeleniumDriver] [  921] - Action Type : ClickWithalert
[INFO ][2016-01-27 14:56:50,410][com.java.SeleniumDriver] [  930] -  RESULT true
[INFO ][2016-01-27 14:56:50,410][com.java.SeleniumDriver] [ 1136] - ?   P A S S   ?
[INFO ][2016-01-27 14:56:50,410][com.java.SeleniumDriver] [  856] - ------------------------------------------
[INFO ][2016-01-27 14:56:50,410][com.java.SeleniumDriver] [  857] - Test case being Executed: 5
[INFO ][2016-01-27 14:56:50,410][com.java.SeleniumDriver] [  869] - Test step:13
[INFO ][2016-01-27 14:56:50,410][com.java.SeleniumDriver] [  881] - Datavalue is----------3
[INFO ][2016-01-27 14:56:50,410][com.java.SeleniumDriver] [  905] - DataField : test
[INFO ][2016-01-27 14:56:50,410][com.java.SeleniumDriver] [  907] - DataValue : 3
[INFO ][2016-01-27 14:56:50,411][com.java.SeleniumDriver] [  913] - <In Set values of the page>
[INFO ][2016-01-27 14:56:50,411][com.java.SeleniumDriver] [  916] - {Data Fields & Data Values Exist}
[INFO ][2016-01-27 14:56:50,411][com.java.SeleniumDriver] [  918] - --------------------------setting values-----------------------------
[INFO ][2016-01-27 14:56:50,411][com.java.SeleniumDriver] [  921] - Action Type : WaitTime
[DEBUG][2016-01-27 14:56:50,411][com.java.TestType] [ 6218] - sleepTime: 3000
[INFO ][2016-01-27 14:56:53,428][com.java.SeleniumDriver] [  930] -  RESULT true
[INFO ][2016-01-27 14:56:53,428][com.java.SeleniumDriver] [ 1136] - ?   P A S S   ?
[INFO ][2016-01-27 14:56:53,428][com.java.SeleniumDriver] [  856] - ------------------------------------------
[INFO ][2016-01-27 14:56:53,428][com.java.SeleniumDriver] [  857] - Test case being Executed: 5
[INFO ][2016-01-27 14:56:53,428][com.java.SeleniumDriver] [  869] - Test step:14
[INFO ][2016-01-27 14:56:53,428][com.java.SeleniumDriver] [  881] - Datavalue is----------copy
[INFO ][2016-01-27 14:56:53,428][com.java.SeleniumDriver] [  905] - DataField : TXT//table[@class='dlg_moduleCellTitle']//td[text()='Branch TotemPole Title']/span
[INFO ][2016-01-27 14:56:53,428][com.java.SeleniumDriver] [  907] - DataValue : copy
[INFO ][2016-01-27 14:56:53,428][com.java.SeleniumDriver] [  913] - <In Set values of the page>
[INFO ][2016-01-27 14:56:53,428][com.java.SeleniumDriver] [  916] - {Data Fields & Data Values Exist}
[INFO ][2016-01-27 14:56:53,428][com.java.SeleniumDriver] [  918] - --------------------------setting values-----------------------------
[INFO ][2016-01-27 14:56:53,428][com.java.SeleniumDriver] [  921] - Action Type : VerifyNotPresent
[INFO ][2016-01-27 14:56:53,428][com.java.TestType] [ 9743] - field= TXT//table[@class='dlg_moduleCellTitle']//td[text()='Branch TotemPole Title']/span value= copy
[DEBUG][2016-01-27 14:56:53,549][com.java.TestType] [ 9840] - values not matched
[INFO ][2016-01-27 14:56:53,549][com.java.SeleniumDriver] [  930] -  RESULT true
[INFO ][2016-01-27 14:56:53,549][com.java.SeleniumDriver] [ 1136] - ?   P A S S   ?
[INFO ][2016-01-27 14:56:53,549][com.java.SeleniumDriver] [  856] - ------------------------------------------
[INFO ][2016-01-27 14:56:53,549][com.java.SeleniumDriver] [  857] - Test case being Executed: 5
[INFO ][2016-01-27 14:56:53,549][com.java.SeleniumDriver] [  869] - Test step:15
[INFO ][2016-01-27 14:56:53,549][com.java.SeleniumDriver] [  881] - Datavalue is----------null
[DEBUG][2016-01-27 14:56:53,549][com.java.SeleniumDriver] [  899] - Exception: null
[INFO ][2016-01-27 14:56:53,549][com.java.SeleniumDriver] [  905] - DataField : BTNcopyButton
[INFO ][2016-01-27 14:56:53,549][com.java.SeleniumDriver] [  907] - DataValue : 
[INFO ][2016-01-27 14:56:53,549][com.java.SeleniumDriver] [  913] - <In Set values of the page>
[INFO ][2016-01-27 14:56:53,549][com.java.SeleniumDriver] [  916] - {Data Fields & Data Values Exist}
[INFO ][2016-01-27 14:56:53,549][com.java.SeleniumDriver] [  918] - --------------------------setting values-----------------------------
[INFO ][2016-01-27 14:56:53,549][com.java.SeleniumDriver] [  921] - Action Type : Click
[INFO ][2016-01-27 14:56:53,549][com.java.TestType] [ 6783] - Field ::BTNcopyButton
[INFO ][2016-01-27 14:56:53,549][com.java.TestType] [ 6404] - value = 
[INFO ][2016-01-27 14:56:54,549][com.java.TestType] [ 6935] - BEFORE CLICK
[INFO ][2016-01-27 14:56:56,130][com.java.TestType] [ 6942] - Unable to click the object Modify Totem Pole button
[INFO ][2016-01-27 14:56:56,130][com.java.SeleniumDriver] [  930] -  RESULT true
[INFO ][2016-01-27 14:56:56,130][com.java.SeleniumDriver] [ 1136] - ?   P A S S   ?
[INFO ][2016-01-27 14:56:56,130][com.java.SeleniumDriver] [  856] - ------------------------------------------
[INFO ][2016-01-27 14:56:56,130][com.java.SeleniumDriver] [  857] - Test case being Executed: 5
[INFO ][2016-01-27 14:56:56,130][com.java.SeleniumDriver] [  869] - Test step:16
[INFO ][2016-01-27 14:56:56,130][com.java.SeleniumDriver] [  881] - Datavalue is----------Ok
[INFO ][2016-01-27 14:56:56,130][com.java.SeleniumDriver] [  905] - DataField : CNF
[INFO ][2016-01-27 14:56:56,130][com.java.SeleniumDriver] [  907] - DataValue : Ok
[INFO ][2016-01-27 14:56:56,130][com.java.SeleniumDriver] [  913] - <In Set values of the page>
[INFO ][2016-01-27 14:56:56,130][com.java.SeleniumDriver] [  916] - {Data Fields & Data Values Exist}
[INFO ][2016-01-27 14:56:56,130][com.java.SeleniumDriver] [  918] - --------------------------setting values-----------------------------
[INFO ][2016-01-27 14:56:56,130][com.java.SeleniumDriver] [  921] - Action Type : Click
[INFO ][2016-01-27 14:56:56,130][com.java.TestType] [ 6783] - Field ::CNF
[INFO ][2016-01-27 14:56:56,130][com.java.TestType] [ 6404] - value = Ok
[INFO ][2016-01-27 14:56:58,430][com.java.TestType] [ 6952] - Click the object Accept alert
[INFO ][2016-01-27 14:56:58,430][com.java.TestType] [ 6953] - Unable to click the object Accept alert
[INFO ][2016-01-27 14:56:58,430][com.java.SeleniumDriver] [  930] -  RESULT true
[INFO ][2016-01-27 14:56:58,430][com.java.SeleniumDriver] [ 1136] - ?   P A S S   ?
[INFO ][2016-01-27 14:56:58,430][com.java.SeleniumDriver] [  856] - ------------------------------------------
[INFO ][2016-01-27 14:56:58,430][com.java.SeleniumDriver] [  857] - Test case being Executed: 5
[INFO ][2016-01-27 14:56:58,430][com.java.SeleniumDriver] [  869] - Test step:17
[INFO ][2016-01-27 14:56:58,430][com.java.SeleniumDriver] [  881] - Datavalue is----------5
[INFO ][2016-01-27 14:56:58,430][com.java.SeleniumDriver] [  905] - DataField : test
[INFO ][2016-01-27 14:56:58,430][com.java.SeleniumDriver] [  907] - DataValue : 5
[INFO ][2016-01-27 14:56:58,430][com.java.SeleniumDriver] [  913] - <In Set values of the page>
[INFO ][2016-01-27 14:56:58,430][com.java.SeleniumDriver] [  916] - {Data Fields & Data Values Exist}
[INFO ][2016-01-27 14:56:58,430][com.java.SeleniumDriver] [  918] - --------------------------setting values-----------------------------
[INFO ][2016-01-27 14:56:58,430][com.java.SeleniumDriver] [  921] - Action Type : WaitTime
[DEBUG][2016-01-27 14:56:58,430][com.java.TestType] [ 6218] - sleepTime: 5000
[INFO ][2016-01-27 14:57:03,434][com.java.SeleniumDriver] [  930] -  RESULT true
[INFO ][2016-01-27 14:57:03,434][com.java.SeleniumDriver] [ 1136] - ?   P A S S   ?
[INFO ][2016-01-27 14:57:03,434][com.java.SeleniumDriver] [  856] - ------------------------------------------
[INFO ][2016-01-27 14:57:03,434][com.java.SeleniumDriver] [  857] - Test case being Executed: 5
[INFO ][2016-01-27 14:57:03,434][com.java.SeleniumDriver] [  869] - Test step:18
[INFO ][2016-01-27 14:57:03,434][com.java.SeleniumDriver] [  881] - Datavalue is----------copy
[INFO ][2016-01-27 14:57:03,434][com.java.SeleniumDriver] [  905] - DataField : XPH//table[@class='dlg_moduleCellTitle']//td[text()='Branch TotemPole Title']/span
[INFO ][2016-01-27 14:57:03,434][com.java.SeleniumDriver] [  907] - DataValue : copy
[INFO ][2016-01-27 14:57:03,434][com.java.SeleniumDriver] [  913] - <In Set values of the page>
[INFO ][2016-01-27 14:57:03,434][com.java.SeleniumDriver] [  916] - {Data Fields & Data Values Exist}
[INFO ][2016-01-27 14:57:03,434][com.java.SeleniumDriver] [  918] - --------------------------setting values-----------------------------
[INFO ][2016-01-27 14:57:03,434][com.java.SeleniumDriver] [  921] - Action Type : Verify
[INFO ][2016-01-27 14:57:03,434][com.java.TestType] [ 7994] - field= XPH//table[@class='dlg_moduleCellTitle']//td[text()='Branch TotemPole Title']/span value= copy
[INFO ][2016-01-27 14:57:03,434][com.java.TestType] [ 6404] - value = copy
[INFO ][2016-01-27 14:57:03,545][com.java.SeleniumDriver] [  930] -  RESULT true
[INFO ][2016-01-27 14:57:03,545][com.java.SeleniumDriver] [ 1136] - ?   P A S S   ?
[INFO ][2016-01-27 14:57:03,545][com.java.SeleniumDriver] [  856] - ------------------------------------------
[INFO ][2016-01-27 14:57:03,545][com.java.SeleniumDriver] [  857] - Test case being Executed: 5
[INFO ][2016-01-27 14:57:03,545][com.java.SeleniumDriver] [  869] - Test step:19
[INFO ][2016-01-27 14:57:03,545][com.java.SeleniumDriver] [  881] - Datavalue is----------TotempoleCopyName
[INFO ][2016-01-27 14:57:03,545][com.java.SeleniumDriver] [  905] - DataField : XPH//table[@class='dlg_moduleCellTitle']//td[text()='Branch TotemPole Title']/span
[INFO ][2016-01-27 14:57:03,545][com.java.SeleniumDriver] [  907] - DataValue : TotempoleCopyName
[INFO ][2016-01-27 14:57:03,545][com.java.SeleniumDriver] [  913] - <In Set values of the page>
[INFO ][2016-01-27 14:57:03,545][com.java.SeleniumDriver] [  916] - {Data Fields & Data Values Exist}
[INFO ][2016-01-27 14:57:03,545][com.java.SeleniumDriver] [  918] - --------------------------setting values-----------------------------
[INFO ][2016-01-27 14:57:03,545][com.java.SeleniumDriver] [  921] - Action Type : StoreValue
[INFO ][2016-01-27 14:57:03,545][com.java.TestType] [ 9419] - field= XPH//table[@class='dlg_moduleCellTitle']//td[text()='Branch TotemPole Title']/span
[DEBUG][2016-01-27 14:57:03,645][com.java.TestType] [ 9474] - Key:: TotempoleCopyName   Value:: Sample Totem Pole copy
[INFO ][2016-01-27 14:57:03,645][com.java.SeleniumDriver] [  930] -  RESULT true
[INFO ][2016-01-27 14:57:03,645][com.java.SeleniumDriver] [ 1136] - ?   P A S S   ?
[INFO ][2016-01-27 14:57:03,645][com.java.SeleniumDriver] [  856] - ------------------------------------------
[INFO ][2016-01-27 14:57:03,645][com.java.SeleniumDriver] [  857] - Test case being Executed: 5
[INFO ][2016-01-27 14:57:03,645][com.java.SeleniumDriver] [  869] - Test step:20
[INFO ][2016-01-27 14:57:03,645][com.java.SeleniumDriver] [  881] - Datavalue is----------null
[DEBUG][2016-01-27 14:57:03,645][com.java.SeleniumDriver] [  899] - Exception: null
[INFO ][2016-01-27 14:57:03,645][com.java.SeleniumDriver] [  905] - DataField : BTNcloseAllTabs
[INFO ][2016-01-27 14:57:03,645][com.java.SeleniumDriver] [  907] - DataValue : 
[INFO ][2016-01-27 14:57:03,645][com.java.SeleniumDriver] [  913] - <In Set values of the page>
[INFO ][2016-01-27 14:57:03,645][com.java.SeleniumDriver] [  916] - {Data Fields & Data Values Exist}
[INFO ][2016-01-27 14:57:03,645][com.java.SeleniumDriver] [  918] - --------------------------setting values-----------------------------
[INFO ][2016-01-27 14:57:03,645][com.java.SeleniumDriver] [  921] - Action Type : CLICK
[INFO ][2016-01-27 14:57:03,645][com.java.TestType] [ 6783] - Field ::BTNcloseAllTabs
[INFO ][2016-01-27 14:57:03,645][com.java.TestType] [ 6404] - value = 
[INFO ][2016-01-27 14:57:04,645][com.java.TestType] [ 6935] - BEFORE CLICK
[INFO ][2016-01-27 14:57:06,136][com.java.TestType] [ 6942] - Unable to click the object Close all tabs button
[INFO ][2016-01-27 14:57:06,136][com.java.SeleniumDriver] [  930] -  RESULT true
[INFO ][2016-01-27 14:57:06,136][com.java.SeleniumDriver] [ 1136] - ?   P A S S   ?
[INFO ][2016-01-27 14:57:06,136][com.java.SeleniumDriver] [  856] - ------------------------------------------
[INFO ][2016-01-27 14:57:06,136][com.java.SeleniumDriver] [  857] - Test case being Executed: 5
[INFO ][2016-01-27 14:57:06,136][com.java.SeleniumDriver] [  869] - Test step:21
[INFO ][2016-01-27 14:57:06,136][com.java.SeleniumDriver] [  881] - Datavalue is----------3
[INFO ][2016-01-27 14:57:06,136][com.java.SeleniumDriver] [  905] - DataField : XPH//div[contains(text(), 'My Dashboard')]
[INFO ][2016-01-27 14:57:06,136][com.java.SeleniumDriver] [  907] - DataValue : 3
[INFO ][2016-01-27 14:57:06,136][com.java.SeleniumDriver] [  913] - <In Set values of the page>
[INFO ][2016-01-27 14:57:06,136][com.java.SeleniumDriver] [  916] - {Data Fields & Data Values Exist}
[INFO ][2016-01-27 14:57:06,136][com.java.SeleniumDriver] [  918] - --------------------------setting values-----------------------------
[INFO ][2016-01-27 14:57:06,136][com.java.SeleniumDriver] [  921] - Action Type : WAITFORELEMENT
[INFO ][2016-01-27 14:57:06,226][com.java.SeleniumDriver] [  930] -  RESULT true
[INFO ][2016-01-27 14:57:06,226][com.java.SeleniumDriver] [ 1136] - ?   P A S S   ?
[INFO ][2016-01-27 14:57:06,226][com.java.SeleniumDriver] [  856] - ------------------------------------------
[INFO ][2016-01-27 14:57:06,226][com.java.SeleniumDriver] [  857] - Test case being Executed: 5
[INFO ][2016-01-27 14:57:06,226][com.java.SeleniumDriver] [  869] - Test step:22
[INFO ][2016-01-27 14:57:06,226][com.java.SeleniumDriver] [  881] - Datavalue is----------//div[contains(text(), 'My Dashboard')]
[INFO ][2016-01-27 14:57:06,226][com.java.SeleniumDriver] [  905] - DataField : BTN
[INFO ][2016-01-27 14:57:06,226][com.java.SeleniumDriver] [  907] - DataValue : //div[contains(text(), 'My Dashboard')]
[INFO ][2016-01-27 14:57:06,226][com.java.SeleniumDriver] [  913] - <In Set values of the page>
[INFO ][2016-01-27 14:57:06,226][com.java.SeleniumDriver] [  916] - {Data Fields & Data Values Exist}
[INFO ][2016-01-27 14:57:06,226][com.java.SeleniumDriver] [  918] - --------------------------setting values-----------------------------
[INFO ][2016-01-27 14:57:06,226][com.java.SeleniumDriver] [  921] - Action Type : VERIFY
[INFO ][2016-01-27 14:57:06,226][com.java.TestType] [ 7994] - field= BTN value= //div[contains(text(), 'My Dashboard')]
[INFO ][2016-01-27 14:57:06,226][com.java.TestType] [ 6404] - value = //div[contains(text(), 'My Dashboard')]
[INFO ][2016-01-27 14:57:06,426][com.java.SeleniumDriver] [  930] -  RESULT true
[INFO ][2016-01-27 14:57:06,426][com.java.SeleniumDriver] [ 1136] - ?   P A S S   ?
[INFO ][2016-01-27 14:57:06,426][com.java.SeleniumDriver] [  856] - ------------------------------------------
[INFO ][2016-01-27 14:57:06,426][com.java.SeleniumDriver] [  857] - Test case being Executed: 5
[INFO ][2016-01-27 14:57:06,426][com.java.SeleniumDriver] [  869] - Test step:23
[INFO ][2016-01-27 14:57:06,426][com.java.SeleniumDriver] [  881] - Datavalue is----------null
[DEBUG][2016-01-27 14:57:06,426][com.java.SeleniumDriver] [  899] - Exception: null
[INFO ][2016-01-27 14:57:06,426][com.java.SeleniumDriver] [  905] - DataField : //span[@class='icon-bars2']&&//a[@data-id='ManageExisting']
[INFO ][2016-01-27 14:57:06,426][com.java.SeleniumDriver] [  907] - DataValue : 
[INFO ][2016-01-27 14:57:06,426][com.java.SeleniumDriver] [  913] - <In Set values of the page>
[INFO ][2016-01-27 14:57:06,426][com.java.SeleniumDriver] [  916] - {Data Fields & Data Values Exist}
[INFO ][2016-01-27 14:57:06,426][com.java.SeleniumDriver] [  918] - --------------------------setting values-----------------------------
[INFO ][2016-01-27 14:57:06,426][com.java.SeleniumDriver] [  921] - Action Type : MOUSEOVER
[INFO ][2016-01-27 14:57:29,543][com.java.SeleniumDriver] [  930] -  RESULT true
[INFO ][2016-01-27 14:57:29,543][com.java.SeleniumDriver] [ 1136] - ?   P A S S   ?
[INFO ][2016-01-27 14:57:29,543][com.java.SeleniumDriver] [  856] - ------------------------------------------
[INFO ][2016-01-27 14:57:29,543][com.java.SeleniumDriver] [  857] - Test case being Executed: 5
[INFO ][2016-01-27 14:57:29,543][com.java.SeleniumDriver] [  869] - Test step:24
[INFO ][2016-01-27 14:57:29,543][com.java.SeleniumDriver] [  881] - Datavalue is----------3
[INFO ][2016-01-27 14:57:29,543][com.java.SeleniumDriver] [  905] - DataField : BTNframeDialogContent
[INFO ][2016-01-27 14:57:29,543][com.java.SeleniumDriver] [  907] - DataValue : 3
[INFO ][2016-01-27 14:57:29,543][com.java.SeleniumDriver] [  913] - <In Set values of the page>
[INFO ][2016-01-27 14:57:29,543][com.java.SeleniumDriver] [  916] - {Data Fields & Data Values Exist}
[INFO ][2016-01-27 14:57:29,543][com.java.SeleniumDriver] [  918] - --------------------------setting values-----------------------------
[INFO ][2016-01-27 14:57:29,543][com.java.SeleniumDriver] [  921] - Action Type : WaitForElement
[INFO ][2016-01-27 14:57:30,824][com.java.SeleniumDriver] [  930] -  RESULT true
[INFO ][2016-01-27 14:57:30,824][com.java.SeleniumDriver] [ 1136] - ?   P A S S   ?
[INFO ][2016-01-27 14:57:30,824][com.java.SeleniumDriver] [  856] - ------------------------------------------
[INFO ][2016-01-27 14:57:30,824][com.java.SeleniumDriver] [  857] - Test case being Executed: 5
[INFO ][2016-01-27 14:57:30,824][com.java.SeleniumDriver] [  869] - Test step:25
[INFO ][2016-01-27 14:57:30,824][com.java.SeleniumDriver] [  881] - Datavalue is----------null
[DEBUG][2016-01-27 14:57:30,824][com.java.SeleniumDriver] [  899] - Exception: null
[INFO ][2016-01-27 14:57:30,824][com.java.SeleniumDriver] [  905] - DataField : BTNframeDialogContent
[INFO ][2016-01-27 14:57:30,824][com.java.SeleniumDriver] [  907] - DataValue : 
[INFO ][2016-01-27 14:57:30,824][com.java.SeleniumDriver] [  913] - <In Set values of the page>
[INFO ][2016-01-27 14:57:30,824][com.java.SeleniumDriver] [  916] - {Data Fields & Data Values Exist}
[INFO ][2016-01-27 14:57:30,824][com.java.SeleniumDriver] [  918] - --------------------------setting values-----------------------------
[INFO ][2016-01-27 14:57:30,824][com.java.SeleniumDriver] [  921] - Action Type : SELECTFRAME
[INFO ][2016-01-27 14:57:32,116][com.java.SeleniumDriver] [  930] -  RESULT true
[INFO ][2016-01-27 14:57:32,116][com.java.SeleniumDriver] [ 1136] - ?   P A S S   ?
[INFO ][2016-01-27 14:57:32,116][com.java.SeleniumDriver] [  856] - ------------------------------------------
[INFO ][2016-01-27 14:57:32,116][com.java.SeleniumDriver] [  857] - Test case being Executed: 5
[INFO ][2016-01-27 14:57:32,116][com.java.SeleniumDriver] [  869] - Test step:26
[INFO ][2016-01-27 14:57:32,116][com.java.SeleniumDriver] [  881] - Datavalue is----------HMVTotempoleCopyName
[INFO ][2016-01-27 14:57:32,116][com.java.SeleniumDriver] [  905] - DataField : SLBddlTotemPoles
[INFO ][2016-01-27 14:57:32,116][com.java.SeleniumDriver] [  907] - DataValue : HMVTotempoleCopyName
[INFO ][2016-01-27 14:57:32,116][com.java.SeleniumDriver] [  913] - <In Set values of the page>
[INFO ][2016-01-27 14:57:32,116][com.java.SeleniumDriver] [  916] - {Data Fields & Data Values Exist}
[INFO ][2016-01-27 14:57:32,116][com.java.SeleniumDriver] [  918] - --------------------------setting values-----------------------------
[INFO ][2016-01-27 14:57:32,116][com.java.SeleniumDriver] [  921] - Action Type : Select
[INFO ][2016-01-27 14:57:32,116][com.java.TestType] [ 6404] - value = Sample Totem Pole copy
[INFO ][2016-01-27 14:57:34,478][com.java.SeleniumDriver] [  930] -  RESULT true
[INFO ][2016-01-27 14:57:34,478][com.java.SeleniumDriver] [ 1136] - ?   P A S S   ?
[INFO ][2016-01-27 14:57:34,478][com.java.SeleniumDriver] [  856] - ------------------------------------------
[INFO ][2016-01-27 14:57:34,478][com.java.SeleniumDriver] [  857] - Test case being Executed: 5
[INFO ][2016-01-27 14:57:34,478][com.java.SeleniumDriver] [  869] - Test step:27
[INFO ][2016-01-27 14:57:34,478][com.java.SeleniumDriver] [  881] - Datavalue is----------null
[DEBUG][2016-01-27 14:57:34,478][com.java.SeleniumDriver] [  899] - Exception: null
[INFO ][2016-01-27 14:57:34,478][com.java.SeleniumDriver] [  905] - DataField : BTNparent
[INFO ][2016-01-27 14:57:34,478][com.java.SeleniumDriver] [  907] - DataValue : 
[INFO ][2016-01-27 14:57:34,478][com.java.SeleniumDriver] [  913] - <In Set values of the page>
[INFO ][2016-01-27 14:57:34,478][com.java.SeleniumDriver] [  916] - {Data Fields & Data Values Exist}
[INFO ][2016-01-27 14:57:34,478][com.java.SeleniumDriver] [  918] - --------------------------setting values-----------------------------
[INFO ][2016-01-27 14:57:34,478][com.java.SeleniumDriver] [  921] - Action Type : SELECTFRAME
[INFO ][2016-01-27 14:57:34,488][com.java.SeleniumDriver] [  930] -  RESULT true
[INFO ][2016-01-27 14:57:34,488][com.java.SeleniumDriver] [ 1136] - ?   P A S S   ?
[INFO ][2016-01-27 14:57:34,488][com.java.SeleniumDriver] [  856] - ------------------------------------------
[INFO ][2016-01-27 14:57:34,488][com.java.SeleniumDriver] [  857] - Test case being Executed: 5
[INFO ][2016-01-27 14:57:34,488][com.java.SeleniumDriver] [  869] - Test step:28
[INFO ][2016-01-27 14:57:34,488][com.java.SeleniumDriver] [  881] - Datavalue is----------null
[DEBUG][2016-01-27 14:57:34,488][com.java.SeleniumDriver] [  899] - Exception: null
[INFO ][2016-01-27 14:57:34,488][com.java.SeleniumDriver] [  905] - DataField : HDN//span[text()='Select']
[INFO ][2016-01-27 14:57:34,488][com.java.SeleniumDriver] [  907] - DataValue : 
[INFO ][2016-01-27 14:57:34,488][com.java.SeleniumDriver] [  913] - <In Set values of the page>
[INFO ][2016-01-27 14:57:34,488][com.java.SeleniumDriver] [  916] - {Data Fields & Data Values Exist}
[INFO ][2016-01-27 14:57:34,488][com.java.SeleniumDriver] [  918] - --------------------------setting values-----------------------------
[INFO ][2016-01-27 14:57:34,488][com.java.SeleniumDriver] [  921] - Action Type : Click
[INFO ][2016-01-27 14:57:34,488][com.java.TestType] [ 6783] - Field ::HDN//span[text()='Select']
[INFO ][2016-01-27 14:57:34,488][com.java.TestType] [ 6404] - value = 
[INFO ][2016-01-27 14:57:35,659][com.java.SeleniumDriver] [  930] -  RESULT true
[INFO ][2016-01-27 14:57:35,659][com.java.SeleniumDriver] [ 1136] - ?   P A S S   ?
[INFO ][2016-01-27 14:57:35,659][com.java.SeleniumDriver] [  856] - ------------------------------------------
[INFO ][2016-01-27 14:57:35,659][com.java.SeleniumDriver] [  857] - Test case being Executed: 5
[INFO ][2016-01-27 14:57:35,659][com.java.SeleniumDriver] [  869] - Test step:29
[INFO ][2016-01-27 14:57:35,659][com.java.SeleniumDriver] [  881] - Datavalue is----------2
[INFO ][2016-01-27 14:57:35,659][com.java.SeleniumDriver] [  905] - DataField : BTNcopyButton
[INFO ][2016-01-27 14:57:35,659][com.java.SeleniumDriver] [  907] - DataValue : 2
[INFO ][2016-01-27 14:57:35,659][com.java.SeleniumDriver] [  913] - <In Set values of the page>
[INFO ][2016-01-27 14:57:35,659][com.java.SeleniumDriver] [  916] - {Data Fields & Data Values Exist}
[INFO ][2016-01-27 14:57:35,659][com.java.SeleniumDriver] [  918] - --------------------------setting values-----------------------------
[INFO ][2016-01-27 14:57:35,659][com.java.SeleniumDriver] [  921] - Action Type : WaitForElement
[INFO ][2016-01-27 14:57:36,911][com.java.SeleniumDriver] [  930] -  RESULT true
[INFO ][2016-01-27 14:57:36,911][com.java.SeleniumDriver] [ 1136] - ?   P A S S   ?
[INFO ][2016-01-27 14:57:36,911][com.java.SeleniumDriver] [  856] - ------------------------------------------
[INFO ][2016-01-27 14:57:36,911][com.java.SeleniumDriver] [  857] - Test case being Executed: 5
[INFO ][2016-01-27 14:57:36,911][com.java.SeleniumDriver] [  869] - Test step:30
[INFO ][2016-01-27 14:57:36,911][com.java.SeleniumDriver] [  881] - Datavalue is----------3
[INFO ][2016-01-27 14:57:36,911][com.java.SeleniumDriver] [  905] - DataField : test
[INFO ][2016-01-27 14:57:36,911][com.java.SeleniumDriver] [  907] - DataValue : 3
[INFO ][2016-01-27 14:57:36,911][com.java.SeleniumDriver] [  913] - <In Set values of the page>
[INFO ][2016-01-27 14:57:36,911][com.java.SeleniumDriver] [  916] - {Data Fields & Data Values Exist}
[INFO ][2016-01-27 14:57:36,911][com.java.SeleniumDriver] [  918] - --------------------------setting values-----------------------------
[INFO ][2016-01-27 14:57:36,911][com.java.SeleniumDriver] [  921] - Action Type : WaitTime
[DEBUG][2016-01-27 14:57:36,911][com.java.TestType] [ 6218] - sleepTime: 3000
[INFO ][2016-01-27 14:57:39,912][com.java.SeleniumDriver] [  930] -  RESULT true
[INFO ][2016-01-27 14:57:39,912][com.java.SeleniumDriver] [ 1136] - ?   P A S S   ?
[INFO ][2016-01-27 14:57:39,912][com.java.SeleniumDriver] [  856] - ------------------------------------------
[INFO ][2016-01-27 14:57:39,912][com.java.SeleniumDriver] [  857] - Test case being Executed: 5
[INFO ][2016-01-27 14:57:39,912][com.java.SeleniumDriver] [  869] - Test step:31
[INFO ][2016-01-27 14:57:39,912][com.java.SeleniumDriver] [  881] - Datavalue is----------copy
[INFO ][2016-01-27 14:57:39,912][com.java.SeleniumDriver] [  905] - DataField : XPH//div[@id='newusercontent']/div[last()]//table[@class='dlg_moduleCellTitle']//td[text()='Branch TotemPole Title']/span
[INFO ][2016-01-27 14:57:39,912][com.java.SeleniumDriver] [  907] - DataValue : copy
[INFO ][2016-01-27 14:57:39,912][com.java.SeleniumDriver] [  913] - <In Set values of the page>
[INFO ][2016-01-27 14:57:39,912][com.java.SeleniumDriver] [  916] - {Data Fields & Data Values Exist}
[INFO ][2016-01-27 14:57:39,912][com.java.SeleniumDriver] [  918] - --------------------------setting values-----------------------------
[INFO ][2016-01-27 14:57:39,912][com.java.SeleniumDriver] [  921] - Action Type : Verify
[INFO ][2016-01-27 14:57:39,912][com.java.TestType] [ 7994] - field= XPH//div[@id='newusercontent']/div[last()]//table[@class='dlg_moduleCellTitle']//td[text()='Branch TotemPole Title']/span value= copy
[INFO ][2016-01-27 14:57:39,912][com.java.TestType] [ 6404] - value = copy
[INFO ][2016-01-27 14:57:40,033][com.java.SeleniumDriver] [  930] -  RESULT true
[INFO ][2016-01-27 14:57:40,033][com.java.SeleniumDriver] [ 1136] - ?   P A S S   ?
[INFO ][2016-01-27 14:57:40,033][com.java.SeleniumDriver] [  856] - ------------------------------------------
[INFO ][2016-01-27 14:57:40,033][com.java.SeleniumDriver] [  857] - Test case being Executed: 5
[INFO ][2016-01-27 14:57:40,033][com.java.SeleniumDriver] [  869] - Test step:32
[INFO ][2016-01-27 14:57:40,033][com.java.SeleniumDriver] [  881] - Datavalue is----------30%
[INFO ][2016-01-27 14:57:40,033][com.java.SeleniumDriver] [  905] - DataField : XPH//div[@id='newusercontent']/div[last()]//td[text()='Balance Sheet']/following-sibling::td[1]
[INFO ][2016-01-27 14:57:40,033][com.java.SeleniumDriver] [  907] - DataValue : 30%
[INFO ][2016-01-27 14:57:40,033][com.java.SeleniumDriver] [  913] - <In Set values of the page>
[INFO ][2016-01-27 14:57:40,033][com.java.SeleniumDriver] [  916] - {Data Fields & Data Values Exist}
[INFO ][2016-01-27 14:57:40,033][com.java.SeleniumDriver] [  918] - --------------------------setting values-----------------------------
[INFO ][2016-01-27 14:57:40,033][com.java.SeleniumDriver] [  921] - Action Type : Verify
[INFO ][2016-01-27 14:57:40,033][com.java.TestType] [ 7994] - field= XPH//div[@id='newusercontent']/div[last()]//td[text()='Balance Sheet']/following-sibling::td[1] value= 30%
[INFO ][2016-01-27 14:57:40,033][com.java.TestType] [ 6404] - value = 30%
[INFO ][2016-01-27 14:57:40,143][com.java.SeleniumDriver] [  930] -  RESULT true
[INFO ][2016-01-27 14:57:40,143][com.java.SeleniumDriver] [ 1136] - ?   P A S S   ?
[INFO ][2016-01-27 14:57:40,143][com.java.SeleniumDriver] [  856] - ------------------------------------------
[INFO ][2016-01-27 14:57:40,143][com.java.SeleniumDriver] [  857] - Test case being Executed: 5
[INFO ][2016-01-27 14:57:40,143][com.java.SeleniumDriver] [  869] - Test step:33
[INFO ][2016-01-27 14:57:40,143][com.java.SeleniumDriver] [  881] - Datavalue is----------40%
[INFO ][2016-01-27 14:57:40,143][com.java.SeleniumDriver] [  905] - DataField : XPH//div[@id='newusercontent']/div[last()]//td[text()='Income Statement']/following-sibling::td[1]
[INFO ][2016-01-27 14:57:40,143][com.java.SeleniumDriver] [  907] - DataValue : 40%
[INFO ][2016-01-27 14:57:40,143][com.java.SeleniumDriver] [  913] - <In Set values of the page>
[INFO ][2016-01-27 14:57:40,143][com.java.SeleniumDriver] [  916] - {Data Fields & Data Values Exist}
[INFO ][2016-01-27 14:57:40,143][com.java.SeleniumDriver] [  918] - --------------------------setting values-----------------------------
[INFO ][2016-01-27 14:57:40,143][com.java.SeleniumDriver] [  921] - Action Type : Verify
[INFO ][2016-01-27 14:57:40,143][com.java.TestType] [ 7994] - field= XPH//div[@id='newusercontent']/div[last()]//td[text()='Income Statement']/following-sibling::td[1] value= 40%
[INFO ][2016-01-27 14:57:40,143][com.java.TestType] [ 6404] - value = 40%
[INFO ][2016-01-27 14:57:40,263][com.java.SeleniumDriver] [  930] -  RESULT false
[INFO ][2016-01-27 14:57:40,263][com.java.SeleniumDriver] [  977] - ?   F A I L   ?
[INFO ][2016-01-27 14:57:40,263][com.java.SeleniumDriver] [  985] - Browser Type : IE10
[INFO ][2016-01-27 14:57:40,263][com.java.SeleniumDriver] [  986] - Adding Failed case5
[INFO ][2016-01-27 14:57:40,433][com.java.SeleniumDriver] [ 1100] - failedCases = 5
[ERROR][2016-01-27 14:57:40,433][com.java.SeleniumDriver] [ 1599] - Platform Errors : Our apologies...::We have encountered an issue with your request.::Our apologies?:We encountered an issue with your request.
[INFO ][2016-01-27 14:57:40,433][com.java.SeleniumDriver] [ 1603] - Length =3
[ERROR][2016-01-27 14:57:40,433][com.java.SeleniumDriver] [ 1606] - Error 0 = Our apologies...
[ERROR][2016-01-27 14:57:40,513][com.java.SeleniumDriver] [ 1606] - Error 1 = We have encountered an issue with your request.
[ERROR][2016-01-27 14:57:40,593][com.java.SeleniumDriver] [ 1606] - Error 2 = Our apologies?:We encountered an issue with your request.
[INFO ][2016-01-27 14:57:40,643][com.java.SeleniumDriver] [ 1617] - strError:
[DEBUG][2016-01-27 14:57:40,653][com.java.SeleniumDriver] [ 1248] - Case found
[DEBUG][2016-01-27 14:57:40,653][com.java.SeleniumDriver] [ 1253] - Incrementing ReportCounters[0]:2
[INFO ][2016-01-27 14:57:40,653][com.java.SeleniumDriver] [ 1272] - The results are-------------------[5, 33, Totem Poles : Manage Existing Totem Poles : Copy Totem Pole, Fail, 
Test case failed at Step No. :: 33. Screen Shot : D:\BankersDashboard\TestReports\012716\5_012716_145740_IE10.png, Wed Jan 27 14:57:40 IST 2016]
[INFO ][2016-01-27 14:57:40,653][com.java.SeleniumDriver] [ 1276] - End time is-------2 min 30 sec
[INFO ][2016-01-27 14:57:40,653][com.java.SeleniumDriver] [ 1277] - The results are-------------------[5, 33, Totem Poles : Manage Existing Totem Poles : Copy Totem Pole, Fail, 
Test case failed at Step No. :: 33. Screen Shot : D:\BankersDashboard\TestReports\012716\5_012716_145740_IE10.png, Wed Jan 27 14:57:40 IST 2016]
[DEBUG][2016-01-27 14:57:40,653][com.java.ImportnExport.ExportTestResultsExcel] [  222] - testResultPath = D:\BankersDashboard/TestReports/Test Results_BankersDashBoard_012716_145511_IE10_Bank of North Carolina.xls
[DEBUG][2016-01-27 14:57:40,653][com.java.ImportnExport.ExportTestResultsExcel] [  223] - browser is------------IE10
[DEBUG][2016-01-27 14:57:40,653][com.java.ImportnExport.ExportTestResultsExcel] [  270] - result.size() = 6
[DEBUG][2016-01-27 14:57:40,653][com.java.ImportnExport.ExportTestResultsExcel] [  274] - No of rows in sheet=2
[DEBUG][2016-01-27 14:57:40,653][com.java.ImportnExport.ExportTestResultsExcel] [  301] - ..in export..5
[DEBUG][2016-01-27 14:57:40,653][com.java.ImportnExport.ExportTestResultsExcel] [  301] - ..in export..Totem Poles : Manage Existing Totem Poles : Copy Totem Pole
[DEBUG][2016-01-27 14:57:40,653][com.java.ImportnExport.ExportTestResultsExcel] [  301] - ..in export..Fail
[DEBUG][2016-01-27 14:57:40,653][com.java.ImportnExport.ExportTestResultsExcel] [  301] - ..in export..
Test case failed at Step No. :: 33. Screen Shot : D:\BankersDashboard\TestReports\012716\5_012716_145740_IE10.png
[DEBUG][2016-01-27 14:57:40,653][com.java.ImportnExport.ExportTestResultsExcel] [  301] - ..in export..Wed Jan 27 14:57:40 IST 2016
[INFO ][2016-01-27 14:57:40,653][com.java.SeleniumDriver] [ 1337] - out loop:1 size:2 TestCases:[1, 5] testcases:[1, 5]
[INFO ][2016-01-27 14:57:42,653][com.java.SeleniumDriver] [ 1380] - Total Number of Cases:2
[INFO ][2016-01-27 14:57:42,653][com.java.TemplateGenerator] [  302] - Executed:2
[INFO ][2016-01-27 14:57:42,653][com.java.TemplateGenerator] [  303] - Passed:1
[INFO ][2016-01-27 14:57:42,653][com.java.TemplateGenerator] [  304] - Failed:1
[INFO ][2016-01-27 14:57:42,653][com.java.TemplateGenerator] [  305] - Skipeed:0
[INFO ][2016-01-27 14:57:42,653][com.java.TemplateGenerator] [  306] - Application URL:https://clients-xuat.bankersdashboard.com
[INFO ][2016-01-27 14:57:42,653][com.java.TemplateGenerator] [  307] - Start Time:012716_145511
[INFO ][2016-01-27 14:57:42,653][com.java.TemplateGenerator] [  308] -  Creating HTML Report 
[ERROR][2016-01-27 14:57:42,653][com.java.TemplateGenerator] [  409] - Unparseable date: "Wed Jan 27 02:55:11 IST 2016"
[INFO ][2016-01-27 14:57:42,653][com.java.TemplateGenerator] [  654] -  Exporting case :: 1
[INFO ][2016-01-27 14:57:42,653][com.java.TemplateGenerator] [  654] -  Exporting case :: 5
[INFO ][2016-01-27 14:57:42,653][com.java.SeleniumDriver] [ 1429] - End Time:012716_145742
[INFO ][2016-01-27 14:57:42,653][com.java.SeleniumDriver] [ 1432] - Data in Test Execution Details:{1=PASS, 5=FAILTest case failed at Step No. :: 33}
[INFO ][2016-01-27 14:57:42,653][com.java.SeleniumDriver] [ 1433] - Data in Failed Execution Deatils:{}
[INFO ][2016-01-27 14:57:42,653][com.java.SeleniumDriver] [ 1435] - ReportCounter:Total:2 :: PASS: 1 ::FAIL: 1
[INFO ][2016-01-27 14:57:42,653][com.java.SeleniumDriver] [ 1436] - FailedReportCounter:Total:0 :: PASS: 0 ::FAIL: 0
[INFO ][2016-01-27 14:57:42,654][com.java.EmailTestReport] [   63] - Sending report mail details:
[INFO ][2016-01-27 14:57:42,654][com.java.EmailTestReport] [   80] - Excel Report Path:D:\BankersDashboard/TestReports/Test Results_BankersDashBoard_012716_145511_IE10_Bank of North Carolina.xls
[INFO ][2016-01-27 14:57:42,654][com.java.EmailTestReport] [   81] - HTML Report Path:D:\BankersDashboard//TestReports//Test Results_BankersDashBoard_012716_145511_IE10_Bank of North Carolina.html
[INFO ][2016-01-27 14:57:42,654][com.java.EmailTestReport] [   82] - smtpHostName:mail01.valuelabs.com
[INFO ][2016-01-27 14:57:42,654][com.java.EmailTestReport] [   83] - Recipient:venkateswararao.gubbala@valuelabs.com;
[INFO ][2016-01-27 14:57:42,654][com.java.EmailTestReport] [   84] - From:venkateswararao.gubbala@valuelabs.com;
[INFO ][2016-01-27 14:57:42,654][com.java.EmailTestReport] [   85] - Subject:Deluxe Corp Bankers Dashboard Automation Test Report - Bank of North Carolina - IE10
[INFO ][2016-01-27 14:57:42,684][com.java.EmailTestReport] [  143] -  Added venkateswararao.gubbala@valuelabs.com
[INFO ][2016-01-27 14:57:45,834][com.java.SeleniumDriver] [  722] - quitting the browser 
[INFO ][2016-01-27 14:57:47,084][com.java.SeleniumDriver] [  264] - Execution Completed Stopping the thread
