[INFO ][2015-10-30 12:08:42,861][com.java.SeleniumDriver] [  213] - Execute Failed Casesfalse
[INFO ][2015-10-30 12:08:42,861][com.java.SeleniumDriver] [  214] - Browser: IE11
[INFO ][2015-10-30 12:08:42,861][com.java.SeleniumDriver] [  215] - [1, 10]
[INFO ][2015-10-30 12:08:42,861][com.java.SeleniumDriver] [  216] - Total TestCases:2
[INFO ][2015-10-30 12:08:42,861][com.java.SeleniumDriver] [  217] -  Reading Properties from Property File 
[DEBUG][2015-10-30 12:08:42,861][com.java.SeleniumDriver] [  238] - url : https://clients-xuat.bankersdashboard.com
[INFO ][2015-10-30 12:08:42,861][com.java.ImportnExport.ExportTestResultsExcel] [  116] - Time Stamp Fri Oct 30 12:08:42 IST 2015
[INFO ][2015-10-30 12:08:42,861][com.java.ImportnExport.ExportTestResultsExcel] [  175] - OUT FILE : D:\BankersDashboard/TestReports/Test Results_BankersDashBoard_103015_120842_IE11_Any Bank USA.xls
[INFO ][2015-10-30 12:08:42,892][com.java.ImportnExport.ExportTestResultsExcel] [  180] - Test Result file is created
[DEBUG][2015-10-30 12:08:42,992][com.java.SeleniumDriver] [  425] - Hub ip address is-------172.17.68.34
[INFO ][2015-10-30 12:08:42,992][com.java.SeleniumDriver] [  451] - Grid URL:http://172.17.68.34:4444/wd/hub
[INFO ][2015-10-30 12:08:42,992][com.java.SeleniumDriver] [  452] - Capability:Capabilities [{platform=ANY, ensureCleanSession=true, ignoreProtectedModeSettings=true, acceptSslCerts=true, ignoreZoomSetting=true, browserName=internet explorer, browserstack.ie.noFlash=true, version=Node1}]
[ERROR][2015-10-30 12:08:44,290][com.java.SeleniumDriver] [  496] - Unable invoke browser in grid:Could not start a new session. Possible causes are invalid address of the remote server or browser start-up failure.
Build info: version: '2.48.2', revision: '41bccdd', time: '2015-10-09 19:59:12'
System info: host: 'FVTIII438F1D', ip: '172.17.68.34', os.name: 'Windows 7', os.arch: 'x86', os.version: '6.1', java.version: '1.7.0_55'
Driver info: driver.version: SeleniumDriver
[INFO ][2015-10-30 12:08:44,290][com.java.SeleniumDriver] [  498] - Executing on local machine
[INFO ][2015-10-30 12:08:53,325][com.java.SeleniumDriver] [  248] - IE11is opened
[INFO ][2015-10-30 12:08:54,145][com.java.SeleniumDriver] [  752] - Test cases to be executed are: [1, 10]
[INFO ][2015-10-30 12:08:54,145][com.java.ImportnExport.ImportTestDataDetailsExcel] [   49] - test data details path===== D:\BankersDashboard\TestInputs\TestData.xls
[INFO ][2015-10-30 12:09:04,911][com.java.SeleniumDriver] [  788] - ------------------------------------------
[INFO ][2015-10-30 12:09:04,911][com.java.SeleniumDriver] [  789] - Test case being Executed: 1
[INFO ][2015-10-30 12:09:04,912][com.java.SeleniumDriver] [  800] - Test step:1
[INFO ][2015-10-30 12:09:04,912][com.java.SeleniumDriver] [  812] - Datavalue is----------Concept#1:1-14
[INFO ][2015-10-30 12:09:04,912][com.java.SeleniumDriver] [  836] - DataField : test
[INFO ][2015-10-30 12:09:04,912][com.java.SeleniumDriver] [  838] - DataValue : Concept#1:1-14
[INFO ][2015-10-30 12:09:04,912][com.java.SeleniumDriver] [  844] - <In Set values of the page>
[INFO ][2015-10-30 12:09:04,912][com.java.SeleniumDriver] [  847] - {Data Fields & Data Values Exist}
[INFO ][2015-10-30 12:09:04,912][com.java.SeleniumDriver] [  849] - --------------------------setting values-----------------------------
[INFO ][2015-10-30 12:09:04,912][com.java.SeleniumDriver] [  852] - Action Type : ExecuteTestCase
[INFO ][2015-10-30 12:09:04,942][com.java.TestType] [  411] - The Concept sheet name is ---------- Concept
[INFO ][2015-10-30 12:09:04,942][com.java.TestType] [  414] - The Concept ID  is ---------- 1
[DEBUG][2015-10-30 12:09:04,942][com.java.TestType] [  418] - Steps being executted in the Concept are: 1:14
[INFO ][2015-10-30 12:09:04,942][com.java.TestType] [  425] - Test data details path ---------- D:\BankersDashboard\TestInputs\TestData.xls
[INFO ][2015-10-30 12:09:04,972][com.java.TestType] [  456] -  str(1) = 1
[INFO ][2015-10-30 12:09:04,972][com.java.TestType] [  459] - Test case Id is---1
[INFO ][2015-10-30 12:09:04,972][com.java.TestType] [  461] - 1
[INFO ][2015-10-30 12:09:04,972][com.java.TestType] [  456] -  str(2) = 1
[INFO ][2015-10-30 12:09:04,982][com.java.TestType] [  508] - row values are--------{1=com.java.Objects.TestDataDetails@c42e5a}
[INFO ][2015-10-30 12:09:04,982][com.java.TestType] [  456] -  str(1) = 1
[INFO ][2015-10-30 12:09:04,982][com.java.TestType] [  459] - Test case Id is---1
[INFO ][2015-10-30 12:09:04,982][com.java.TestType] [  461] - 1
[INFO ][2015-10-30 12:09:04,982][com.java.TestType] [  456] -  str(2) = 2
[INFO ][2015-10-30 12:09:04,982][com.java.TestType] [  508] - row values are--------{1=com.java.Objects.TestDataDetails@c42e5a, 2=com.java.Objects.TestDataDetails@9a8e52}
[INFO ][2015-10-30 12:09:04,982][com.java.TestType] [  456] -  str(1) = 1
[INFO ][2015-10-30 12:09:04,982][com.java.TestType] [  459] - Test case Id is---1
[INFO ][2015-10-30 12:09:04,982][com.java.TestType] [  461] - 1
[INFO ][2015-10-30 12:09:04,982][com.java.TestType] [  456] -  str(2) = 3
[INFO ][2015-10-30 12:09:04,982][com.java.TestType] [  508] - row values are--------{1=com.java.Objects.TestDataDetails@c42e5a, 2=com.java.Objects.TestDataDetails@9a8e52, 3=com.java.Objects.TestDataDetails@170ad95}
[INFO ][2015-10-30 12:09:04,982][com.java.TestType] [  456] -  str(1) = 1
[INFO ][2015-10-30 12:09:04,982][com.java.TestType] [  459] - Test case Id is---1
[INFO ][2015-10-30 12:09:04,982][com.java.TestType] [  461] - 1
[INFO ][2015-10-30 12:09:04,982][com.java.TestType] [  456] -  str(2) = 4
[INFO ][2015-10-30 12:09:04,982][com.java.TestType] [  508] - row values are--------{1=com.java.Objects.TestDataDetails@c42e5a, 2=com.java.Objects.TestDataDetails@9a8e52, 3=com.java.Objects.TestDataDetails@170ad95, 4=com.java.Objects.TestDataDetails@5dc0a5}
[INFO ][2015-10-30 12:09:04,982][com.java.TestType] [  456] -  str(1) = 1
[INFO ][2015-10-30 12:09:04,982][com.java.TestType] [  459] - Test case Id is---1
[INFO ][2015-10-30 12:09:04,982][com.java.TestType] [  461] - 1
[INFO ][2015-10-30 12:09:04,982][com.java.TestType] [  456] -  str(2) = 5
[INFO ][2015-10-30 12:09:04,982][com.java.TestType] [  508] - row values are--------{1=com.java.Objects.TestDataDetails@c42e5a, 2=com.java.Objects.TestDataDetails@9a8e52, 3=com.java.Objects.TestDataDetails@170ad95, 4=com.java.Objects.TestDataDetails@5dc0a5, 5=com.java.Objects.TestDataDetails@452fb4}
[INFO ][2015-10-30 12:09:04,982][com.java.TestType] [  456] -  str(1) = 1
[INFO ][2015-10-30 12:09:04,982][com.java.TestType] [  459] - Test case Id is---1
[INFO ][2015-10-30 12:09:04,982][com.java.TestType] [  461] - 1
[INFO ][2015-10-30 12:09:04,982][com.java.TestType] [  456] -  str(2) = 6
[INFO ][2015-10-30 12:09:04,992][com.java.TestType] [  508] - row values are--------{1=com.java.Objects.TestDataDetails@c42e5a, 2=com.java.Objects.TestDataDetails@9a8e52, 3=com.java.Objects.TestDataDetails@170ad95, 4=com.java.Objects.TestDataDetails@5dc0a5, 5=com.java.Objects.TestDataDetails@452fb4, 6=com.java.Objects.TestDataDetails@997b5c}
[INFO ][2015-10-30 12:09:04,992][com.java.TestType] [  456] -  str(1) = 1
[INFO ][2015-10-30 12:09:04,992][com.java.TestType] [  459] - Test case Id is---1
[INFO ][2015-10-30 12:09:04,992][com.java.TestType] [  461] - 1
[INFO ][2015-10-30 12:09:04,992][com.java.TestType] [  456] -  str(2) = 7
[INFO ][2015-10-30 12:09:04,992][com.java.TestType] [  508] - row values are--------{1=com.java.Objects.TestDataDetails@c42e5a, 2=com.java.Objects.TestDataDetails@9a8e52, 3=com.java.Objects.TestDataDetails@170ad95, 4=com.java.Objects.TestDataDetails@5dc0a5, 5=com.java.Objects.TestDataDetails@452fb4, 6=com.java.Objects.TestDataDetails@997b5c, 7=com.java.Objects.TestDataDetails@193c96b}
[INFO ][2015-10-30 12:09:04,992][com.java.TestType] [  456] -  str(1) = 1
[INFO ][2015-10-30 12:09:04,992][com.java.TestType] [  459] - Test case Id is---1
[INFO ][2015-10-30 12:09:04,992][com.java.TestType] [  461] - 1
[INFO ][2015-10-30 12:09:04,992][com.java.TestType] [  456] -  str(2) = 8
[INFO ][2015-10-30 12:09:04,992][com.java.TestType] [  508] - row values are--------{1=com.java.Objects.TestDataDetails@c42e5a, 2=com.java.Objects.TestDataDetails@9a8e52, 3=com.java.Objects.TestDataDetails@170ad95, 4=com.java.Objects.TestDataDetails@5dc0a5, 5=com.java.Objects.TestDataDetails@452fb4, 6=com.java.Objects.TestDataDetails@997b5c, 7=com.java.Objects.TestDataDetails@193c96b, 8=com.java.Objects.TestDataDetails@1ba3e33}
[INFO ][2015-10-30 12:09:04,992][com.java.TestType] [  456] -  str(1) = 1
[INFO ][2015-10-30 12:09:04,992][com.java.TestType] [  459] - Test case Id is---1
[INFO ][2015-10-30 12:09:04,992][com.java.TestType] [  461] - 1
[INFO ][2015-10-30 12:09:04,992][com.java.TestType] [  456] -  str(2) = 9
[INFO ][2015-10-30 12:09:04,992][com.java.TestType] [  508] - row values are--------{1=com.java.Objects.TestDataDetails@c42e5a, 2=com.java.Objects.TestDataDetails@9a8e52, 3=com.java.Objects.TestDataDetails@170ad95, 4=com.java.Objects.TestDataDetails@5dc0a5, 5=com.java.Objects.TestDataDetails@452fb4, 6=com.java.Objects.TestDataDetails@997b5c, 7=com.java.Objects.TestDataDetails@193c96b, 8=com.java.Objects.TestDataDetails@1ba3e33, 9=com.java.Objects.TestDataDetails@1ddbf6e}
[INFO ][2015-10-30 12:09:04,992][com.java.TestType] [  456] -  str(1) = 1
[INFO ][2015-10-30 12:09:04,992][com.java.TestType] [  459] - Test case Id is---1
[INFO ][2015-10-30 12:09:04,992][com.java.TestType] [  461] - 1
[INFO ][2015-10-30 12:09:04,992][com.java.TestType] [  456] -  str(2) = 10
[INFO ][2015-10-30 12:09:04,992][com.java.TestType] [  508] - row values are--------{1=com.java.Objects.TestDataDetails@c42e5a, 2=com.java.Objects.TestDataDetails@9a8e52, 3=com.java.Objects.TestDataDetails@170ad95, 4=com.java.Objects.TestDataDetails@5dc0a5, 5=com.java.Objects.TestDataDetails@452fb4, 6=com.java.Objects.TestDataDetails@997b5c, 7=com.java.Objects.TestDataDetails@193c96b, 8=com.java.Objects.TestDataDetails@1ba3e33, 9=com.java.Objects.TestDataDetails@1ddbf6e, 10=com.java.Objects.TestDataDetails@110b9b2}
[INFO ][2015-10-30 12:09:04,992][com.java.TestType] [  456] -  str(1) = 1
[INFO ][2015-10-30 12:09:04,992][com.java.TestType] [  459] - Test case Id is---1
[INFO ][2015-10-30 12:09:04,992][com.java.TestType] [  461] - 1
[INFO ][2015-10-30 12:09:04,992][com.java.TestType] [  456] -  str(2) = 11
[INFO ][2015-10-30 12:09:04,992][com.java.TestType] [  508] - row values are--------{1=com.java.Objects.TestDataDetails@c42e5a, 2=com.java.Objects.TestDataDetails@9a8e52, 3=com.java.Objects.TestDataDetails@170ad95, 4=com.java.Objects.TestDataDetails@5dc0a5, 5=com.java.Objects.TestDataDetails@452fb4, 6=com.java.Objects.TestDataDetails@997b5c, 7=com.java.Objects.TestDataDetails@193c96b, 8=com.java.Objects.TestDataDetails@1ba3e33, 9=com.java.Objects.TestDataDetails@1ddbf6e, 10=com.java.Objects.TestDataDetails@110b9b2, 11=com.java.Objects.TestDataDetails@1cade4}
[INFO ][2015-10-30 12:09:04,992][com.java.TestType] [  456] -  str(1) = 1
[INFO ][2015-10-30 12:09:04,992][com.java.TestType] [  459] - Test case Id is---1
[INFO ][2015-10-30 12:09:04,992][com.java.TestType] [  461] - 1
[INFO ][2015-10-30 12:09:04,992][com.java.TestType] [  456] -  str(2) = 12
[INFO ][2015-10-30 12:09:04,992][com.java.TestType] [  508] - row values are--------{1=com.java.Objects.TestDataDetails@c42e5a, 2=com.java.Objects.TestDataDetails@9a8e52, 3=com.java.Objects.TestDataDetails@170ad95, 4=com.java.Objects.TestDataDetails@5dc0a5, 5=com.java.Objects.TestDataDetails@452fb4, 6=com.java.Objects.TestDataDetails@997b5c, 7=com.java.Objects.TestDataDetails@193c96b, 8=com.java.Objects.TestDataDetails@1ba3e33, 9=com.java.Objects.TestDataDetails@1ddbf6e, 10=com.java.Objects.TestDataDetails@110b9b2, 11=com.java.Objects.TestDataDetails@1cade4, 12=com.java.Objects.TestDataDetails@10ff6e0}
[INFO ][2015-10-30 12:09:04,992][com.java.TestType] [  456] -  str(1) = 1
[INFO ][2015-10-30 12:09:04,992][com.java.TestType] [  459] - Test case Id is---1
[INFO ][2015-10-30 12:09:04,992][com.java.TestType] [  461] - 1
[INFO ][2015-10-30 12:09:04,992][com.java.TestType] [  456] -  str(2) = 13
[INFO ][2015-10-30 12:09:04,992][com.java.TestType] [  508] - row values are--------{1=com.java.Objects.TestDataDetails@c42e5a, 2=com.java.Objects.TestDataDetails@9a8e52, 3=com.java.Objects.TestDataDetails@170ad95, 4=com.java.Objects.TestDataDetails@5dc0a5, 5=com.java.Objects.TestDataDetails@452fb4, 6=com.java.Objects.TestDataDetails@997b5c, 7=com.java.Objects.TestDataDetails@193c96b, 8=com.java.Objects.TestDataDetails@1ba3e33, 9=com.java.Objects.TestDataDetails@1ddbf6e, 10=com.java.Objects.TestDataDetails@110b9b2, 11=com.java.Objects.TestDataDetails@1cade4, 12=com.java.Objects.TestDataDetails@10ff6e0, 13=com.java.Objects.TestDataDetails@1d4f42a}
[INFO ][2015-10-30 12:09:04,992][com.java.TestType] [  456] -  str(1) = 1
[INFO ][2015-10-30 12:09:04,992][com.java.TestType] [  459] - Test case Id is---1
[INFO ][2015-10-30 12:09:04,992][com.java.TestType] [  461] - 1
[INFO ][2015-10-30 12:09:04,992][com.java.TestType] [  456] -  str(2) = 14
[INFO ][2015-10-30 12:09:05,002][com.java.TestType] [  508] - row values are--------{1=com.java.Objects.TestDataDetails@c42e5a, 2=com.java.Objects.TestDataDetails@9a8e52, 3=com.java.Objects.TestDataDetails@170ad95, 4=com.java.Objects.TestDataDetails@5dc0a5, 5=com.java.Objects.TestDataDetails@452fb4, 6=com.java.Objects.TestDataDetails@997b5c, 7=com.java.Objects.TestDataDetails@193c96b, 8=com.java.Objects.TestDataDetails@1ba3e33, 9=com.java.Objects.TestDataDetails@1ddbf6e, 10=com.java.Objects.TestDataDetails@110b9b2, 11=com.java.Objects.TestDataDetails@1cade4, 12=com.java.Objects.TestDataDetails@10ff6e0, 13=com.java.Objects.TestDataDetails@1d4f42a, 14=com.java.Objects.TestDataDetails@14f8e8b}
[INFO ][2015-10-30 12:09:05,002][com.java.TestType] [ 7898] - Looping 1TCID = 1
[DEBUG][2015-10-30 12:09:05,002][com.java.TestType] [ 7939] - Concept ID:1 :: Step being Executed: 1::1
[INFO ][2015-10-30 12:09:05,002][com.java.TestType] [ 7977] - dataFields : TXTusername
[DEBUG][2015-10-30 12:09:05,002][com.java.TestType] [ 7983] - <In Set values of the page>
[DEBUG][2015-10-30 12:09:05,002][com.java.TestType] [ 7988] - {Data Fields & Data Values Exist}
[INFO ][2015-10-30 12:09:05,002][com.java.TestType] [ 7994] - --------------------------setting values-----------------------------
[INFO ][2015-10-30 12:09:05,002][com.java.TestType] [ 7997] - Action Type : CLEARANDENTER
[INFO ][2015-10-30 12:09:05,002][com.java.TestType] [ 3749] - value = naresh.nayini.00000
[INFO ][2015-10-30 12:09:07,651][com.java.TestType] [ 8016] -  RESULT true
[INFO ][2015-10-30 12:09:07,651][com.java.TestType] [ 8133] - ?   P A S S   ?
[DEBUG][2015-10-30 12:09:07,651][com.java.TestType] [ 7939] - Concept ID:1 :: Step being Executed: 1::2
[INFO ][2015-10-30 12:09:07,651][com.java.TestType] [ 7977] - dataFields : TXTpassword
[DEBUG][2015-10-30 12:09:07,651][com.java.TestType] [ 7983] - <In Set values of the page>
[DEBUG][2015-10-30 12:09:07,651][com.java.TestType] [ 7988] - {Data Fields & Data Values Exist}
[INFO ][2015-10-30 12:09:07,651][com.java.TestType] [ 7994] - --------------------------setting values-----------------------------
[INFO ][2015-10-30 12:09:07,651][com.java.TestType] [ 7997] - Action Type : CLEARANDENTER
[INFO ][2015-10-30 12:09:07,661][com.java.TestType] [ 3749] - value = Password1*
[INFO ][2015-10-30 12:09:10,418][com.java.TestType] [ 8016] -  RESULT true
[INFO ][2015-10-30 12:09:10,418][com.java.TestType] [ 8133] - ?   P A S S   ?
[DEBUG][2015-10-30 12:09:10,418][com.java.TestType] [ 7939] - Concept ID:1 :: Step being Executed: 1::3
[ERROR][2015-10-30 12:09:10,418][com.java.TestType] [ 7972] - Exception: null
[INFO ][2015-10-30 12:09:10,418][com.java.TestType] [ 7977] - dataFields : XPH//button[@type='submit']
[DEBUG][2015-10-30 12:09:10,418][com.java.TestType] [ 7983] - <In Set values of the page>
[DEBUG][2015-10-30 12:09:10,418][com.java.TestType] [ 7988] - {Data Fields & Data Values Exist}
[INFO ][2015-10-30 12:09:10,418][com.java.TestType] [ 7994] - --------------------------setting values-----------------------------
[INFO ][2015-10-30 12:09:10,418][com.java.TestType] [ 7997] - Action Type : Click
[INFO ][2015-10-30 12:09:10,418][com.java.TestType] [ 4062] - Field ::XPH//button[@type='submit']
[INFO ][2015-10-30 12:09:11,418][com.java.TestType] [ 4121] - BEFORE CLICK
[INFO ][2015-10-30 12:09:21,115][com.java.TestType] [ 4129] - Unable to click the object Login
[INFO ][2015-10-30 12:09:21,115][com.java.TestType] [ 8016] -  RESULT true
[INFO ][2015-10-30 12:09:21,115][com.java.TestType] [ 8133] - ?   P A S S   ?
[DEBUG][2015-10-30 12:09:21,115][com.java.TestType] [ 7939] - Concept ID:1 :: Step being Executed: 1::4
[INFO ][2015-10-30 12:09:21,115][com.java.TestType] [ 7977] - dataFields : LNKLogout
[DEBUG][2015-10-30 12:09:21,115][com.java.TestType] [ 7983] - <In Set values of the page>
[DEBUG][2015-10-30 12:09:21,115][com.java.TestType] [ 7988] - {Data Fields & Data Values Exist}
[INFO ][2015-10-30 12:09:21,115][com.java.TestType] [ 7994] - --------------------------setting values-----------------------------
[INFO ][2015-10-30 12:09:21,115][com.java.TestType] [ 7997] - Action Type : WaitForElement
[INFO ][2015-10-30 12:09:23,256][com.java.TestType] [ 8016] -  RESULT true
[INFO ][2015-10-30 12:09:23,256][com.java.TestType] [ 8133] - ?   P A S S   ?
[DEBUG][2015-10-30 12:09:23,256][com.java.TestType] [ 7939] - Concept ID:1 :: Step being Executed: 1::13
[INFO ][2015-10-30 12:09:23,256][com.java.TestType] [ 7977] - dataFields : LGN
[DEBUG][2015-10-30 12:09:23,256][com.java.TestType] [ 7983] - <In Set values of the page>
[DEBUG][2015-10-30 12:09:23,256][com.java.TestType] [ 7988] - {Data Fields & Data Values Exist}
[INFO ][2015-10-30 12:09:23,256][com.java.TestType] [ 7994] - --------------------------setting values-----------------------------
[INFO ][2015-10-30 12:09:23,256][com.java.TestType] [ 7997] - Action Type : Verify
[INFO ][2015-10-30 12:09:23,256][com.java.TestType] [ 4875] - field= LGN value= Username
[INFO ][2015-10-30 12:09:23,256][com.java.TestType] [ 3749] - value = Username
[INFO ][2015-10-30 12:09:23,407][com.java.TestType] [ 8016] -  RESULT true
[INFO ][2015-10-30 12:09:23,407][com.java.TestType] [ 8133] - ?   P A S S   ?
[DEBUG][2015-10-30 12:09:23,407][com.java.TestType] [ 7939] - Concept ID:1 :: Step being Executed: 1::14
[INFO ][2015-10-30 12:09:23,407][com.java.TestType] [ 7977] - dataFields : BTN
[DEBUG][2015-10-30 12:09:23,407][com.java.TestType] [ 7983] - <In Set values of the page>
[DEBUG][2015-10-30 12:09:23,407][com.java.TestType] [ 7988] - {Data Fields & Data Values Exist}
[INFO ][2015-10-30 12:09:23,407][com.java.TestType] [ 7994] - --------------------------setting values-----------------------------
[INFO ][2015-10-30 12:09:23,407][com.java.TestType] [ 7997] - Action Type : Verify
[INFO ][2015-10-30 12:09:23,407][com.java.TestType] [ 4875] - field= BTN value= //img[contains(@src,'bdlogo.jpg')]
[INFO ][2015-10-30 12:09:23,407][com.java.TestType] [ 3749] - value = //img[contains(@src,'bdlogo.jpg')]
[INFO ][2015-10-30 12:09:23,437][com.java.TestType] [ 8016] -  RESULT true
[INFO ][2015-10-30 12:09:23,437][com.java.TestType] [ 8133] - ?   P A S S   ?
[INFO ][2015-10-30 12:09:23,437][com.java.TestType] [ 8204] - Looping End......
[INFO ][2015-10-30 12:09:23,437][com.java.SeleniumDriver] [  861] -  RESULT true
[INFO ][2015-10-30 12:09:23,437][com.java.SeleniumDriver] [ 1066] - ?   P A S S   ?
[INFO ][2015-10-30 12:09:23,437][com.java.SeleniumDriver] [  788] - ------------------------------------------
[INFO ][2015-10-30 12:09:23,437][com.java.SeleniumDriver] [  789] - Test case being Executed: 1
[INFO ][2015-10-30 12:09:23,437][com.java.SeleniumDriver] [  800] - Test step:2
[INFO ][2015-10-30 12:09:23,437][com.java.SeleniumDriver] [  812] - Datavalue is----------Concept#2:1-2
[INFO ][2015-10-30 12:09:23,437][com.java.SeleniumDriver] [  836] - DataField : test
[INFO ][2015-10-30 12:09:23,437][com.java.SeleniumDriver] [  838] - DataValue : Concept#2:1-2
[INFO ][2015-10-30 12:09:23,437][com.java.SeleniumDriver] [  844] - <In Set values of the page>
[INFO ][2015-10-30 12:09:23,437][com.java.SeleniumDriver] [  847] - {Data Fields & Data Values Exist}
[INFO ][2015-10-30 12:09:23,437][com.java.SeleniumDriver] [  849] - --------------------------setting values-----------------------------
[INFO ][2015-10-30 12:09:23,437][com.java.SeleniumDriver] [  852] - Action Type : ExecuteTestCase
[INFO ][2015-10-30 12:09:23,437][com.java.TestType] [  411] - The Concept sheet name is ---------- Concept
[INFO ][2015-10-30 12:09:23,437][com.java.TestType] [  414] - The Concept ID  is ---------- 2
[DEBUG][2015-10-30 12:09:23,437][com.java.TestType] [  418] - Steps being executted in the Concept are: 1:2
[INFO ][2015-10-30 12:09:23,437][com.java.TestType] [  425] - Test data details path ---------- D:\BankersDashboard\TestInputs\TestData.xls
[INFO ][2015-10-30 12:09:23,477][com.java.TestType] [  456] -  str(1) = 2
[INFO ][2015-10-30 12:09:23,477][com.java.TestType] [  459] - Test case Id is---2
[INFO ][2015-10-30 12:09:23,477][com.java.TestType] [  461] - 2
[INFO ][2015-10-30 12:09:23,477][com.java.TestType] [  456] -  str(2) = 1
[INFO ][2015-10-30 12:09:23,477][com.java.TestType] [  508] - row values are--------{1=com.java.Objects.TestDataDetails@20f49e}
[INFO ][2015-10-30 12:09:23,477][com.java.TestType] [  456] -  str(1) = 2
[INFO ][2015-10-30 12:09:23,477][com.java.TestType] [  459] - Test case Id is---2
[INFO ][2015-10-30 12:09:23,477][com.java.TestType] [  461] - 2
[INFO ][2015-10-30 12:09:23,477][com.java.TestType] [  456] -  str(2) = 2
[INFO ][2015-10-30 12:09:23,477][com.java.TestType] [  508] - row values are--------{1=com.java.Objects.TestDataDetails@20f49e, 2=com.java.Objects.TestDataDetails@19bc302}
[INFO ][2015-10-30 12:09:23,477][com.java.TestType] [  456] -  str(1) = 2
[INFO ][2015-10-30 12:09:23,477][com.java.TestType] [  459] - Test case Id is---2
[INFO ][2015-10-30 12:09:23,477][com.java.TestType] [  461] - 2
[INFO ][2015-10-30 12:09:23,477][com.java.TestType] [  456] -  str(2) = 3
[INFO ][2015-10-30 12:09:23,477][com.java.TestType] [  508] - row values are--------{1=com.java.Objects.TestDataDetails@20f49e, 2=com.java.Objects.TestDataDetails@19bc302, 3=com.java.Objects.TestDataDetails@ebc808}
[INFO ][2015-10-30 12:09:23,477][com.java.TestType] [ 7898] - Looping 1TCID = 2
[DEBUG][2015-10-30 12:09:23,477][com.java.TestType] [ 7939] - Concept ID:2 :: Step being Executed: 2::1
[INFO ][2015-10-30 12:09:23,477][com.java.TestType] [ 7977] - dataFields : BNK//select[@id='bank']
[DEBUG][2015-10-30 12:09:23,477][com.java.TestType] [ 7983] - <In Set values of the page>
[DEBUG][2015-10-30 12:09:23,477][com.java.TestType] [ 7988] - {Data Fields & Data Values Exist}
[INFO ][2015-10-30 12:09:23,477][com.java.TestType] [ 7994] - --------------------------setting values-----------------------------
[INFO ][2015-10-30 12:09:23,477][com.java.TestType] [ 7997] - Action Type : Select
[INFO ][2015-10-30 12:09:23,477][com.java.TestType] [ 3749] - value = PFC
[INFO ][2015-10-30 12:09:23,667][com.java.TestType] [ 8016] -  RESULT true
[INFO ][2015-10-30 12:09:23,667][com.java.TestType] [ 8133] - ?   P A S S   ?
[DEBUG][2015-10-30 12:09:23,667][com.java.TestType] [ 7939] - Concept ID:2 :: Step being Executed: 2::2
[INFO ][2015-10-30 12:09:23,667][com.java.TestType] [ 7977] - dataFields : LNKLogout
[DEBUG][2015-10-30 12:09:23,667][com.java.TestType] [ 7983] - <In Set values of the page>
[DEBUG][2015-10-30 12:09:23,667][com.java.TestType] [ 7988] - {Data Fields & Data Values Exist}
[INFO ][2015-10-30 12:09:23,667][com.java.TestType] [ 7994] - --------------------------setting values-----------------------------
[INFO ][2015-10-30 12:09:23,667][com.java.TestType] [ 7997] - Action Type : WaitTime
[DEBUG][2015-10-30 12:09:23,667][com.java.TestType] [ 3653] - sleepTime: 5000
[INFO ][2015-10-30 12:09:28,670][com.java.TestType] [ 8016] -  RESULT true
[INFO ][2015-10-30 12:09:28,670][com.java.TestType] [ 8133] - ?   P A S S   ?
[INFO ][2015-10-30 12:09:28,670][com.java.TestType] [ 8204] - Looping End......
[INFO ][2015-10-30 12:09:28,670][com.java.SeleniumDriver] [  861] -  RESULT true
[INFO ][2015-10-30 12:09:28,670][com.java.SeleniumDriver] [ 1066] - ?   P A S S   ?
[INFO ][2015-10-30 12:09:28,670][com.java.SeleniumDriver] [  788] - ------------------------------------------
[INFO ][2015-10-30 12:09:28,670][com.java.SeleniumDriver] [  789] - Test case being Executed: 1
[INFO ][2015-10-30 12:09:28,670][com.java.SeleniumDriver] [  800] - Test step:3
[INFO ][2015-10-30 12:09:28,670][com.java.SeleniumDriver] [  812] - Datavalue is----------2
[INFO ][2015-10-30 12:09:28,670][com.java.SeleniumDriver] [  836] - DataField : XPH//button[contains(text(),'Add Content')]
[INFO ][2015-10-30 12:09:28,670][com.java.SeleniumDriver] [  838] - DataValue : 2
[INFO ][2015-10-30 12:09:28,670][com.java.SeleniumDriver] [  844] - <In Set values of the page>
[INFO ][2015-10-30 12:09:28,670][com.java.SeleniumDriver] [  847] - {Data Fields & Data Values Exist}
[INFO ][2015-10-30 12:09:28,670][com.java.SeleniumDriver] [  849] - --------------------------setting values-----------------------------
[INFO ][2015-10-30 12:09:28,670][com.java.SeleniumDriver] [  852] - Action Type : WAITFORELEMENT
[INFO ][2015-10-30 12:09:28,821][com.java.SeleniumDriver] [  861] -  RESULT true
[INFO ][2015-10-30 12:09:28,821][com.java.SeleniumDriver] [ 1066] - ?   P A S S   ?
[DEBUG][2015-10-30 12:09:28,821][com.java.SeleniumDriver] [ 1168] - Case found
[DEBUG][2015-10-30 12:09:28,821][com.java.SeleniumDriver] [ 1173] - Incrementing ReportCounters[0]:1
[INFO ][2015-10-30 12:09:28,821][com.java.SeleniumDriver] [ 1192] - The results are-------------------[1, 1, Valid Login, Pass, , Fri Oct 30 12:09:23 IST 2015, 1, 2, Valid Login, Pass, , Fri Oct 30 12:09:28 IST 2015, 1, 3, Add Custom Calculation Indicator to Start Page, Pass, , Fri Oct 30 12:09:28 IST 2015]
[INFO ][2015-10-30 12:09:28,821][com.java.SeleniumDriver] [ 1196] - End time is-------48 sec
[INFO ][2015-10-30 12:09:28,821][com.java.SeleniumDriver] [ 1197] - The results are-------------------[1, 1, Valid Login, Pass, , Fri Oct 30 12:09:23 IST 2015, 1, 2, Valid Login, Pass, , Fri Oct 30 12:09:28 IST 2015, 1, 3, Add Custom Calculation Indicator to Start Page, Pass, , Fri Oct 30 12:09:28 IST 2015]
[DEBUG][2015-10-30 12:09:28,821][com.java.ImportnExport.ExportTestResultsExcel] [  222] - testResultPath = D:\BankersDashboard/TestReports/Test Results_BankersDashBoard_103015_120842_IE11_Any Bank USA.xls
[DEBUG][2015-10-30 12:09:28,821][com.java.ImportnExport.ExportTestResultsExcel] [  223] - browser is------------IE11
[DEBUG][2015-10-30 12:09:28,861][com.java.ImportnExport.ExportTestResultsExcel] [  270] - result.size() = 18
[DEBUG][2015-10-30 12:09:28,861][com.java.ImportnExport.ExportTestResultsExcel] [  274] - No of rows in sheet=1
[DEBUG][2015-10-30 12:09:28,861][com.java.ImportnExport.ExportTestResultsExcel] [  301] - ..in export..1
[DEBUG][2015-10-30 12:09:28,861][com.java.ImportnExport.ExportTestResultsExcel] [  301] - ..in export..Valid Login
[DEBUG][2015-10-30 12:09:28,861][com.java.ImportnExport.ExportTestResultsExcel] [  301] - ..in export..Pass
[DEBUG][2015-10-30 12:09:28,861][com.java.ImportnExport.ExportTestResultsExcel] [  301] - ..in export..
[DEBUG][2015-10-30 12:09:28,861][com.java.ImportnExport.ExportTestResultsExcel] [  301] - ..in export..Fri Oct 30 12:09:23 IST 2015
[INFO ][2015-10-30 12:09:28,861][com.java.SeleniumDriver] [ 1255] - out loop:0 size:2 TestCases:[1, 10] testcases:[1, 10]
[INFO ][2015-10-30 12:09:28,861][com.java.ImportnExport.ImportTestDataDetailsExcel] [   49] - test data details path===== D:\BankersDashboard\TestInputs\TestData.xls
[INFO ][2015-10-30 12:09:46,651][com.java.SeleniumDriver] [  788] - ------------------------------------------
[INFO ][2015-10-30 12:09:46,651][com.java.SeleniumDriver] [  789] - Test case being Executed: 10
[INFO ][2015-10-30 12:09:46,651][com.java.SeleniumDriver] [  800] - Test step:1
[INFO ][2015-10-30 12:09:46,651][com.java.SeleniumDriver] [  812] - Datavalue is----------Logout
[INFO ][2015-10-30 12:09:46,651][com.java.SeleniumDriver] [  836] - DataField : BTN
[INFO ][2015-10-30 12:09:46,651][com.java.SeleniumDriver] [  838] - DataValue : Logout
[INFO ][2015-10-30 12:09:46,651][com.java.SeleniumDriver] [  844] - <In Set values of the page>
[INFO ][2015-10-30 12:09:46,651][com.java.SeleniumDriver] [  847] - {Data Fields & Data Values Exist}
[INFO ][2015-10-30 12:09:46,651][com.java.SeleniumDriver] [  849] - --------------------------setting values-----------------------------
[INFO ][2015-10-30 12:09:46,651][com.java.SeleniumDriver] [  852] - Action Type : Verify
[INFO ][2015-10-30 12:09:46,651][com.java.TestType] [ 4875] - field= BTN value= Logout
[INFO ][2015-10-30 12:09:46,651][com.java.TestType] [ 3749] - value = Logout
[INFO ][2015-10-30 12:09:49,162][com.java.SeleniumDriver] [  861] -  RESULT true
[INFO ][2015-10-30 12:09:49,162][com.java.SeleniumDriver] [ 1066] - ?   P A S S   ?
[INFO ][2015-10-30 12:09:49,162][com.java.SeleniumDriver] [ 1108] - step change to 3
[INFO ][2015-10-30 12:09:49,162][com.java.SeleniumDriver] [  788] - ------------------------------------------
[INFO ][2015-10-30 12:09:49,162][com.java.SeleniumDriver] [  789] - Test case being Executed: 10
[INFO ][2015-10-30 12:09:49,162][com.java.SeleniumDriver] [  800] - Test step:3
[INFO ][2015-10-30 12:09:49,162][com.java.SeleniumDriver] [  812] - Datavalue is----------null
[DEBUG][2015-10-30 12:09:49,162][com.java.SeleniumDriver] [  830] - Exception: null
[INFO ][2015-10-30 12:09:49,162][com.java.SeleniumDriver] [  836] - DataField : //span[@class='icon-user4']&&Users&&Manage Users
[INFO ][2015-10-30 12:09:49,162][com.java.SeleniumDriver] [  838] - DataValue : 
[INFO ][2015-10-30 12:09:49,162][com.java.SeleniumDriver] [  844] - <In Set values of the page>
[INFO ][2015-10-30 12:09:49,162][com.java.SeleniumDriver] [  847] - {Data Fields & Data Values Exist}
[INFO ][2015-10-30 12:09:49,162][com.java.SeleniumDriver] [  849] - --------------------------setting values-----------------------------
[INFO ][2015-10-30 12:09:49,162][com.java.SeleniumDriver] [  852] - Action Type : MouseOver
[ERROR][2015-10-30 12:09:56,273][com.java.TestType] [  929] - exception value : Cannot click on element (WARNING: The server did not provide any stacktrace information)
Command duration or timeout: 40 milliseconds
Build info: version: '2.48.2', revision: '41bccdd', time: '2015-10-09 19:59:12'
System info: host: 'FVTIII438F1D', ip: '172.17.68.34', os.name: 'Windows 7', os.arch: 'x86', os.version: '6.1', java.version: '1.7.0_55'
Session ID: f85e5ef0-22eb-4513-866b-31906d497666
Driver info: org.openqa.selenium.ie.InternetExplorerDriver
Capabilities [{platform=WINDOWS, javascriptEnabled=true, elementScrollBehavior=0, ignoreZoomSetting=false, enablePersistentHover=true, ie.ensureCleanSession=false, browserName=internet explorer, enableElementCacheCleanup=true, unexpectedAlertBehaviour=dismiss, version=11, ie.usePerProcessProxy=false, ignoreProtectedModeSettings=true, cssSelectorsEnabled=true, requireWindowFocus=false, initialBrowserUrl=http://localhost:1066/, handlesAlerts=true, ie.forceCreateProcessApi=false, nativeEvents=true, browserAttachTimeout=0, ie.browserCommandLineSwitches=, takesScreenshot=true}]
[INFO ][2015-10-30 12:09:56,273][com.java.SeleniumDriver] [  861] -  RESULT false
[INFO ][2015-10-30 12:09:56,273][com.java.SeleniumDriver] [  908] - ?   F A I L   ?
[INFO ][2015-10-30 12:09:56,273][com.java.SeleniumDriver] [  916] - Browser Type : IE11
[INFO ][2015-10-30 12:09:56,273][com.java.SeleniumDriver] [  917] - Adding Failed case10
[INFO ][2015-10-30 12:09:57,064][com.java.SeleniumDriver] [ 1030] - failedCases = 10
[ERROR][2015-10-30 12:09:57,064][com.java.SeleniumDriver] [ 1516] - Platform Errors : Our apologies...::We have encountered an issue with your request.::Our apologies?:We encountered an issue with your request.
[INFO ][2015-10-30 12:09:57,064][com.java.SeleniumDriver] [ 1520] - Length =3
[ERROR][2015-10-30 12:09:57,064][com.java.SeleniumDriver] [ 1523] - Error 0 = Our apologies...
[ERROR][2015-10-30 12:09:57,114][com.java.SeleniumDriver] [ 1523] - Error 1 = We have encountered an issue with your request.
[ERROR][2015-10-30 12:09:57,154][com.java.SeleniumDriver] [ 1523] - Error 2 = Our apologies?:We encountered an issue with your request.
[DEBUG][2015-10-30 12:09:57,224][com.java.SeleniumDriver] [ 1168] - Case found
[DEBUG][2015-10-30 12:09:57,224][com.java.SeleniumDriver] [ 1173] - Incrementing ReportCounters[0]:2
[INFO ][2015-10-30 12:09:57,224][com.java.SeleniumDriver] [ 1192] - The results are-------------------[10, 3, Manage Users: Add User, Fail, 
Test case failed at Step No. :: 3   Error Message ::  Element: Users is not found. Screen Shot : D:\BankersDashboard\TestReports\103015\10_103015_120956_IE11.png, Fri Oct 30 12:09:57 IST 2015]
[INFO ][2015-10-30 12:09:57,224][com.java.SeleniumDriver] [ 1196] - End time is-------1 min 16 sec
[INFO ][2015-10-30 12:09:57,224][com.java.SeleniumDriver] [ 1197] - The results are-------------------[10, 3, Manage Users: Add User, Fail, 
Test case failed at Step No. :: 3   Error Message ::  Element: Users is not found. Screen Shot : D:\BankersDashboard\TestReports\103015\10_103015_120956_IE11.png, Fri Oct 30 12:09:57 IST 2015]
[DEBUG][2015-10-30 12:09:57,224][com.java.ImportnExport.ExportTestResultsExcel] [  222] - testResultPath = D:\BankersDashboard/TestReports/Test Results_BankersDashBoard_103015_120842_IE11_Any Bank USA.xls
[DEBUG][2015-10-30 12:09:57,224][com.java.ImportnExport.ExportTestResultsExcel] [  223] - browser is------------IE11
[DEBUG][2015-10-30 12:09:57,224][com.java.ImportnExport.ExportTestResultsExcel] [  270] - result.size() = 6
[DEBUG][2015-10-30 12:09:57,224][com.java.ImportnExport.ExportTestResultsExcel] [  274] - No of rows in sheet=2
[DEBUG][2015-10-30 12:09:57,224][com.java.ImportnExport.ExportTestResultsExcel] [  301] - ..in export..10
[DEBUG][2015-10-30 12:09:57,224][com.java.ImportnExport.ExportTestResultsExcel] [  301] - ..in export..Manage Users: Add User
[DEBUG][2015-10-30 12:09:57,224][com.java.ImportnExport.ExportTestResultsExcel] [  301] - ..in export..Fail
[DEBUG][2015-10-30 12:09:57,224][com.java.ImportnExport.ExportTestResultsExcel] [  301] - ..in export..
Test case failed at Step No. :: 3   Error Message ::  Element: Users is not found. Screen Shot : D:\BankersDashboard\TestReports\103015\10_103015_120956_IE11.png
[DEBUG][2015-10-30 12:09:57,224][com.java.ImportnExport.ExportTestResultsExcel] [  301] - ..in export..Fri Oct 30 12:09:57 IST 2015
[INFO ][2015-10-30 12:09:57,224][com.java.SeleniumDriver] [ 1255] - out loop:1 size:2 TestCases:[1, 10] testcases:[1, 10]
[INFO ][2015-10-30 12:09:59,224][com.java.SeleniumDriver] [ 1297] - Total Number of Cases:2
[INFO ][2015-10-30 12:09:59,224][com.java.TemplateGenerator] [  302] - Executed:2
[INFO ][2015-10-30 12:09:59,224][com.java.TemplateGenerator] [  303] - Passed:1
[INFO ][2015-10-30 12:09:59,224][com.java.TemplateGenerator] [  304] - Failed:1
[INFO ][2015-10-30 12:09:59,224][com.java.TemplateGenerator] [  305] - Skipeed:0
[INFO ][2015-10-30 12:09:59,224][com.java.TemplateGenerator] [  306] - Application URL:https://clients-xuat.bankersdashboard.com
[INFO ][2015-10-30 12:09:59,224][com.java.TemplateGenerator] [  307] - Start Time:103015_120842
[INFO ][2015-10-30 12:09:59,224][com.java.TemplateGenerator] [  308] -  Creating HTML Report 
[ERROR][2015-10-30 12:09:59,224][com.java.TemplateGenerator] [  409] - Unparseable date: "Fri Oct 30 12:08:42 IST 2015"
[INFO ][2015-10-30 12:09:59,224][com.java.TemplateGenerator] [  654] -  Exporting case :: 1
[INFO ][2015-10-30 12:09:59,224][com.java.TemplateGenerator] [  654] -  Exporting case :: 10
[INFO ][2015-10-30 12:09:59,224][com.java.SeleniumDriver] [ 1346] - End Time:103015_120959
[INFO ][2015-10-30 12:09:59,224][com.java.SeleniumDriver] [ 1349] - Data in Test Execution Details:{1=PASS, 10=FAILTest case failed at Step No. :: 3   Error Message ::  Element: Users is not found}
[INFO ][2015-10-30 12:09:59,224][com.java.SeleniumDriver] [ 1350] - Data in Failed Execution Deatils:{}
[INFO ][2015-10-30 12:09:59,224][com.java.SeleniumDriver] [ 1352] - ReportCounter:Total:2 :: PASS: 1 ::FAIL: 1
[INFO ][2015-10-30 12:09:59,224][com.java.SeleniumDriver] [ 1353] - FailedReportCounter:Total:0 :: PASS: 0 ::FAIL: 0
[INFO ][2015-10-30 12:09:59,225][com.java.EmailTestReport] [   63] - Sending report mail details:
[INFO ][2015-10-30 12:09:59,225][com.java.EmailTestReport] [   80] - Excel Report Path:D:\BankersDashboard/TestReports/Test Results_BankersDashBoard_103015_120842_IE11_Any Bank USA.xls
[INFO ][2015-10-30 12:09:59,225][com.java.EmailTestReport] [   81] - HTML Report Path:D:\BankersDashboard//TestReports//Test Results_BankersDashBoard_103015_120842_IE11_Any Bank USA.html
[INFO ][2015-10-30 12:09:59,225][com.java.EmailTestReport] [   82] - smtpHostName:mail01.valuelabs.com
[INFO ][2015-10-30 12:09:59,225][com.java.EmailTestReport] [   83] - Recipient:venkateswararao.gubbala@valuelabs.com
[INFO ][2015-10-30 12:09:59,225][com.java.EmailTestReport] [   84] - From:venkateswararao.gubbala@valuelabs.com
[INFO ][2015-10-30 12:09:59,225][com.java.EmailTestReport] [   85] - Subject:DestinationRewards Automation Test Report - Any Bank USA - IE11
[INFO ][2015-10-30 12:09:59,245][com.java.EmailTestReport] [  143] -  Added venkateswararao.gubbala@valuelabs.com
[INFO ][2015-10-30 12:10:02,365][com.java.SeleniumDriver] [  719] - quitting the browser 
[INFO ][2015-10-30 12:10:03,547][com.java.SeleniumDriver] [  263] - Execution Completed Stopping the thread
