[INFO ][2016-01-21 17:37:25,075][com.java.SeleniumDriver] [  213] - Execute Failed Casesfalse
[INFO ][2016-01-21 17:37:25,075][com.java.SeleniumDriver] [  214] - Browser: IE10
[INFO ][2016-01-21 17:37:25,075][com.java.SeleniumDriver] [  215] - [1, 4]
[INFO ][2016-01-21 17:37:25,075][com.java.SeleniumDriver] [  216] - Total TestCases:2
[INFO ][2016-01-21 17:37:25,075][com.java.SeleniumDriver] [  217] -  Reading Properties from Property File 
[DEBUG][2016-01-21 17:37:25,076][com.java.SeleniumDriver] [  238] - url : https://clients-xuat.bankersdashboard.com
[INFO ][2016-01-21 17:37:25,077][com.java.ImportnExport.ExportTestResultsExcel] [  116] - Time Stamp Thu Jan 21 05:37:25 IST 2016
[INFO ][2016-01-21 17:37:25,077][com.java.ImportnExport.ExportTestResultsExcel] [  175] - OUT FILE : D:\BankersDashboard/TestReports/Test Results_BankersDashBoard_012116_173725_IE10_Any Bank USA.xls
[INFO ][2016-01-21 17:37:25,106][com.java.ImportnExport.ExportTestResultsExcel] [  180] - Test Result file is created
[DEBUG][2016-01-21 17:37:25,193][com.java.SeleniumDriver] [  426] - Hub ip address is-------172.17.68.34
[INFO ][2016-01-21 17:37:25,194][com.java.SeleniumDriver] [  452] - Grid URL:http://172.17.68.34:4444/wd/hub
[INFO ][2016-01-21 17:37:25,194][com.java.SeleniumDriver] [  453] - Capability:Capabilities [{platform=ANY, ensureCleanSession=true, ignoreProtectedModeSettings=true, acceptSslCerts=true, ignoreZoomSetting=true, browserName=internet explorer, browserstack.ie.noFlash=true, version=null}]
[ERROR][2016-01-21 17:37:26,512][com.java.SeleniumDriver] [  498] - Unable invoke browser in grid:Could not start a new session. Possible causes are invalid address of the remote server or browser start-up failure.
Build info: version: '2.48.2', revision: '41bccdd', time: '2015-10-09 19:59:12'
System info: host: 'FVTIII438F1D', ip: '172.17.68.34', os.name: 'Windows 7', os.arch: 'x86', os.version: '6.1', java.version: '1.7.0_55'
Driver info: driver.version: SeleniumDriver
[INFO ][2016-01-21 17:37:26,513][com.java.SeleniumDriver] [  500] - Executing on local machine
[INFO ][2016-01-21 17:37:37,081][com.java.SeleniumDriver] [  248] - IE10is opened
[INFO ][2016-01-21 17:37:37,924][com.java.SeleniumDriver] [  756] - Test cases to be executed are: [1, 4]
[INFO ][2016-01-21 17:37:37,946][com.java.ImportnExport.ImportTestDataDetailsExcel] [   49] - test data details path===== D:\BankersDashboard\TestInputs\TestData.xls
[INFO ][2016-01-21 17:37:38,020][com.java.SeleniumDriver] [  856] - ------------------------------------------
[INFO ][2016-01-21 17:37:38,020][com.java.SeleniumDriver] [  857] - Test case being Executed: 1
[INFO ][2016-01-21 17:37:38,020][com.java.SeleniumDriver] [  869] - Test step:1
[INFO ][2016-01-21 17:37:38,020][com.java.SeleniumDriver] [  881] - Datavalue is----------Concept#1:1-14
[INFO ][2016-01-21 17:37:38,020][com.java.SeleniumDriver] [  905] - DataField : test
[INFO ][2016-01-21 17:37:38,021][com.java.SeleniumDriver] [  907] - DataValue : Concept#1:1-14
[INFO ][2016-01-21 17:37:38,021][com.java.SeleniumDriver] [  913] - <In Set values of the page>
[INFO ][2016-01-21 17:37:38,021][com.java.SeleniumDriver] [  916] - {Data Fields & Data Values Exist}
[INFO ][2016-01-21 17:37:38,021][com.java.SeleniumDriver] [  918] - --------------------------setting values-----------------------------
[INFO ][2016-01-21 17:37:38,021][com.java.SeleniumDriver] [  921] - Action Type : ExecuteTestCase
[INFO ][2016-01-21 17:37:38,040][com.java.TestType] [  442] - The Concept sheet name is ---------- Concept
[INFO ][2016-01-21 17:37:38,041][com.java.TestType] [  445] - The Concept ID  is ---------- 1
[DEBUG][2016-01-21 17:37:38,041][com.java.TestType] [  449] - Steps being executted in the Concept are: 1:14
[INFO ][2016-01-21 17:37:38,041][com.java.TestType] [  456] - Test data details path ---------- D:\BankersDashboard\TestInputs\TestData.xls
[INFO ][2016-01-21 17:37:38,061][com.java.TestType] [  487] -  str(1) = 1
[INFO ][2016-01-21 17:37:38,062][com.java.TestType] [  490] - Test case Id is---1
[INFO ][2016-01-21 17:37:38,062][com.java.TestType] [  492] - 1
[INFO ][2016-01-21 17:37:38,062][com.java.TestType] [  487] -  str(2) = 1
[INFO ][2016-01-21 17:37:38,066][com.java.TestType] [  487] -  str(1) = 1
[INFO ][2016-01-21 17:37:38,066][com.java.TestType] [  490] - Test case Id is---1
[INFO ][2016-01-21 17:37:38,066][com.java.TestType] [  492] - 1
[INFO ][2016-01-21 17:37:38,066][com.java.TestType] [  487] -  str(2) = 2
[INFO ][2016-01-21 17:37:38,068][com.java.TestType] [  487] -  str(1) = 1
[INFO ][2016-01-21 17:37:38,068][com.java.TestType] [  490] - Test case Id is---1
[INFO ][2016-01-21 17:37:38,068][com.java.TestType] [  492] - 1
[INFO ][2016-01-21 17:37:38,068][com.java.TestType] [  487] -  str(2) = 3
[INFO ][2016-01-21 17:37:38,070][com.java.TestType] [  487] -  str(1) = 1
[INFO ][2016-01-21 17:37:38,070][com.java.TestType] [  490] - Test case Id is---1
[INFO ][2016-01-21 17:37:38,070][com.java.TestType] [  492] - 1
[INFO ][2016-01-21 17:37:38,070][com.java.TestType] [  487] -  str(2) = 4
[INFO ][2016-01-21 17:37:38,071][com.java.TestType] [  487] -  str(1) = 1
[INFO ][2016-01-21 17:37:38,071][com.java.TestType] [  490] - Test case Id is---1
[INFO ][2016-01-21 17:37:38,071][com.java.TestType] [  492] - 1
[INFO ][2016-01-21 17:37:38,072][com.java.TestType] [  487] -  str(2) = 5
[INFO ][2016-01-21 17:37:38,073][com.java.TestType] [  487] -  str(1) = 1
[INFO ][2016-01-21 17:37:38,073][com.java.TestType] [  490] - Test case Id is---1
[INFO ][2016-01-21 17:37:38,073][com.java.TestType] [  492] - 1
[INFO ][2016-01-21 17:37:38,073][com.java.TestType] [  487] -  str(2) = 6
[INFO ][2016-01-21 17:37:38,076][com.java.TestType] [  487] -  str(1) = 1
[INFO ][2016-01-21 17:37:38,076][com.java.TestType] [  490] - Test case Id is---1
[INFO ][2016-01-21 17:37:38,076][com.java.TestType] [  492] - 1
[INFO ][2016-01-21 17:37:38,076][com.java.TestType] [  487] -  str(2) = 7
[INFO ][2016-01-21 17:37:38,077][com.java.TestType] [  487] -  str(1) = 1
[INFO ][2016-01-21 17:37:38,077][com.java.TestType] [  490] - Test case Id is---1
[INFO ][2016-01-21 17:37:38,077][com.java.TestType] [  492] - 1
[INFO ][2016-01-21 17:37:38,077][com.java.TestType] [  487] -  str(2) = 8
[INFO ][2016-01-21 17:37:38,078][com.java.TestType] [  487] -  str(1) = 1
[INFO ][2016-01-21 17:37:38,078][com.java.TestType] [  490] - Test case Id is---1
[INFO ][2016-01-21 17:37:38,078][com.java.TestType] [  492] - 1
[INFO ][2016-01-21 17:37:38,078][com.java.TestType] [  487] -  str(2) = 9
[INFO ][2016-01-21 17:37:38,079][com.java.TestType] [  487] -  str(1) = 1
[INFO ][2016-01-21 17:37:38,079][com.java.TestType] [  490] - Test case Id is---1
[INFO ][2016-01-21 17:37:38,079][com.java.TestType] [  492] - 1
[INFO ][2016-01-21 17:37:38,079][com.java.TestType] [  487] -  str(2) = 10
[INFO ][2016-01-21 17:37:38,080][com.java.TestType] [  487] -  str(1) = 1
[INFO ][2016-01-21 17:37:38,080][com.java.TestType] [  490] - Test case Id is---1
[INFO ][2016-01-21 17:37:38,080][com.java.TestType] [  492] - 1
[INFO ][2016-01-21 17:37:38,080][com.java.TestType] [  487] -  str(2) = 11
[INFO ][2016-01-21 17:37:38,081][com.java.TestType] [  487] -  str(1) = 1
[INFO ][2016-01-21 17:37:38,081][com.java.TestType] [  490] - Test case Id is---1
[INFO ][2016-01-21 17:37:38,082][com.java.TestType] [  492] - 1
[INFO ][2016-01-21 17:37:38,082][com.java.TestType] [  487] -  str(2) = 12
[INFO ][2016-01-21 17:37:38,082][com.java.TestType] [  487] -  str(1) = 1
[INFO ][2016-01-21 17:37:38,083][com.java.TestType] [  490] - Test case Id is---1
[INFO ][2016-01-21 17:37:38,083][com.java.TestType] [  492] - 1
[INFO ][2016-01-21 17:37:38,083][com.java.TestType] [  487] -  str(2) = 13
[INFO ][2016-01-21 17:37:38,084][com.java.TestType] [  487] -  str(1) = 1
[INFO ][2016-01-21 17:37:38,085][com.java.TestType] [  490] - Test case Id is---1
[INFO ][2016-01-21 17:37:38,085][com.java.TestType] [  492] - 1
[INFO ][2016-01-21 17:37:38,085][com.java.TestType] [  487] -  str(2) = 14
[INFO ][2016-01-21 17:37:38,086][com.java.TestType] [11632] - Looping 1TCID = 1
[DEBUG][2016-01-21 17:37:38,086][com.java.TestType] [11673] - Concept ID:1 :: Step being Executed: 1::1
[INFO ][2016-01-21 17:37:38,086][com.java.TestType] [11711] - dataFields : TXTusername
[DEBUG][2016-01-21 17:37:38,086][com.java.TestType] [11717] - <In Set values of the page>
[DEBUG][2016-01-21 17:37:38,086][com.java.TestType] [11722] - {Data Fields & Data Values Exist}
[INFO ][2016-01-21 17:37:38,086][com.java.TestType] [11728] - --------------------------setting values-----------------------------
[INFO ][2016-01-21 17:37:38,086][com.java.TestType] [11731] - Action Type : CLEARANDENTER
[INFO ][2016-01-21 17:37:40,376][com.java.TestType] [ 6375] - value = naresh.nayini.00000
[INFO ][2016-01-21 17:37:42,758][com.java.TestType] [11750] -  RESULT true
[INFO ][2016-01-21 17:37:42,758][com.java.TestType] [11867] - ?   P A S S   ?
[DEBUG][2016-01-21 17:37:42,758][com.java.TestType] [11673] - Concept ID:1 :: Step being Executed: 1::2
[INFO ][2016-01-21 17:37:42,758][com.java.TestType] [11711] - dataFields : TXTpassword
[DEBUG][2016-01-21 17:37:42,758][com.java.TestType] [11717] - <In Set values of the page>
[DEBUG][2016-01-21 17:37:42,758][com.java.TestType] [11722] - {Data Fields & Data Values Exist}
[INFO ][2016-01-21 17:37:42,759][com.java.TestType] [11728] - --------------------------setting values-----------------------------
[INFO ][2016-01-21 17:37:42,759][com.java.TestType] [11731] - Action Type : CLEARANDENTER
[INFO ][2016-01-21 17:37:45,016][com.java.TestType] [ 6375] - value = Password1*
[INFO ][2016-01-21 17:37:47,532][com.java.TestType] [11750] -  RESULT true
[INFO ][2016-01-21 17:37:47,532][com.java.TestType] [11867] - ?   P A S S   ?
[DEBUG][2016-01-21 17:37:47,532][com.java.TestType] [11673] - Concept ID:1 :: Step being Executed: 1::3
[ERROR][2016-01-21 17:37:47,532][com.java.TestType] [11706] - Exception: null
[INFO ][2016-01-21 17:37:47,532][com.java.TestType] [11711] - dataFields : XPH//button[@type='submit']
[DEBUG][2016-01-21 17:37:47,532][com.java.TestType] [11717] - <In Set values of the page>
[DEBUG][2016-01-21 17:37:47,532][com.java.TestType] [11722] - {Data Fields & Data Values Exist}
[INFO ][2016-01-21 17:37:47,533][com.java.TestType] [11728] - --------------------------setting values-----------------------------
[INFO ][2016-01-21 17:37:47,533][com.java.TestType] [11731] - Action Type : Click
[INFO ][2016-01-21 17:37:47,533][com.java.TestType] [ 6754] - Field ::XPH//button[@type='submit']
[INFO ][2016-01-21 17:37:47,533][com.java.TestType] [ 6375] - value = 
[INFO ][2016-01-21 17:37:48,533][com.java.TestType] [ 6927] - BEFORE CLICK
[INFO ][2016-01-21 17:37:49,378][com.java.TestType] [ 6935] - Unable to click the object Login
[INFO ][2016-01-21 17:37:49,378][com.java.TestType] [11750] -  RESULT true
[INFO ][2016-01-21 17:37:49,378][com.java.TestType] [11867] - ?   P A S S   ?
[DEBUG][2016-01-21 17:37:49,378][com.java.TestType] [11673] - Concept ID:1 :: Step being Executed: 1::4
[INFO ][2016-01-21 17:37:49,378][com.java.TestType] [11711] - dataFields : LNKLogout
[DEBUG][2016-01-21 17:37:49,378][com.java.TestType] [11717] - <In Set values of the page>
[DEBUG][2016-01-21 17:37:49,378][com.java.TestType] [11722] - {Data Fields & Data Values Exist}
[INFO ][2016-01-21 17:37:49,378][com.java.TestType] [11728] - --------------------------setting values-----------------------------
[INFO ][2016-01-21 17:37:49,378][com.java.TestType] [11731] - Action Type : WaitForElement
[INFO ][2016-01-21 17:37:52,824][com.java.TestType] [11750] -  RESULT true
[INFO ][2016-01-21 17:37:52,824][com.java.TestType] [11867] - ?   P A S S   ?
[DEBUG][2016-01-21 17:37:52,824][com.java.TestType] [11673] - Concept ID:1 :: Step being Executed: 1::13
[INFO ][2016-01-21 17:37:52,824][com.java.TestType] [11711] - dataFields : LNK
[DEBUG][2016-01-21 17:37:52,824][com.java.TestType] [11717] - <In Set values of the page>
[DEBUG][2016-01-21 17:37:52,825][com.java.TestType] [11722] - {Data Fields & Data Values Exist}
[INFO ][2016-01-21 17:37:52,825][com.java.TestType] [11728] - --------------------------setting values-----------------------------
[INFO ][2016-01-21 17:37:52,825][com.java.TestType] [11731] - Action Type : Verify
[INFO ][2016-01-21 17:37:52,825][com.java.TestType] [ 7965] - field= LNK value= Logout
[INFO ][2016-01-21 17:37:52,826][com.java.TestType] [ 6375] - value = Logout
[INFO ][2016-01-21 17:37:52,862][com.java.TestType] [11750] -  RESULT true
[INFO ][2016-01-21 17:37:52,863][com.java.TestType] [11867] - ?   P A S S   ?
[DEBUG][2016-01-21 17:37:52,863][com.java.TestType] [11673] - Concept ID:1 :: Step being Executed: 1::14
[INFO ][2016-01-21 17:37:52,863][com.java.TestType] [11711] - dataFields : BTN
[DEBUG][2016-01-21 17:37:52,863][com.java.TestType] [11717] - <In Set values of the page>
[DEBUG][2016-01-21 17:37:52,863][com.java.TestType] [11722] - {Data Fields & Data Values Exist}
[INFO ][2016-01-21 17:37:52,863][com.java.TestType] [11728] - --------------------------setting values-----------------------------
[INFO ][2016-01-21 17:37:52,863][com.java.TestType] [11731] - Action Type : Verify
[INFO ][2016-01-21 17:37:52,863][com.java.TestType] [ 7965] - field= BTN value= //img[contains(@src,'bdlogo.jpg')]
[INFO ][2016-01-21 17:37:52,863][com.java.TestType] [ 6375] - value = //img[contains(@src,'bdlogo.jpg')]
[INFO ][2016-01-21 17:37:52,933][com.java.TestType] [11750] -  RESULT true
[INFO ][2016-01-21 17:37:52,933][com.java.TestType] [11867] - ?   P A S S   ?
[INFO ][2016-01-21 17:37:52,933][com.java.TestType] [11938] - Looping End......
[INFO ][2016-01-21 17:37:52,934][com.java.SeleniumDriver] [  930] -  RESULT true
[INFO ][2016-01-21 17:37:52,935][com.java.SeleniumDriver] [ 1136] - ?   P A S S   ?
[INFO ][2016-01-21 17:37:52,935][com.java.SeleniumDriver] [  856] - ------------------------------------------
[INFO ][2016-01-21 17:37:52,935][com.java.SeleniumDriver] [  857] - Test case being Executed: 1
[INFO ][2016-01-21 17:37:52,935][com.java.SeleniumDriver] [  869] - Test step:2
[INFO ][2016-01-21 17:37:52,935][com.java.SeleniumDriver] [  881] - Datavalue is----------Concept#2:1-2
[INFO ][2016-01-21 17:37:52,935][com.java.SeleniumDriver] [  905] - DataField : test
[INFO ][2016-01-21 17:37:52,935][com.java.SeleniumDriver] [  907] - DataValue : Concept#2:1-2
[INFO ][2016-01-21 17:37:52,935][com.java.SeleniumDriver] [  913] - <In Set values of the page>
[INFO ][2016-01-21 17:37:52,935][com.java.SeleniumDriver] [  916] - {Data Fields & Data Values Exist}
[INFO ][2016-01-21 17:37:52,935][com.java.SeleniumDriver] [  918] - --------------------------setting values-----------------------------
[INFO ][2016-01-21 17:37:52,937][com.java.SeleniumDriver] [  921] - Action Type : ExecuteTestCase
[INFO ][2016-01-21 17:37:52,937][com.java.TestType] [  442] - The Concept sheet name is ---------- Concept
[INFO ][2016-01-21 17:37:52,938][com.java.TestType] [  445] - The Concept ID  is ---------- 2
[DEBUG][2016-01-21 17:37:52,938][com.java.TestType] [  449] - Steps being executted in the Concept are: 1:2
[INFO ][2016-01-21 17:37:52,938][com.java.TestType] [  456] - Test data details path ---------- D:\BankersDashboard\TestInputs\TestData.xls
[INFO ][2016-01-21 17:37:52,955][com.java.TestType] [  487] -  str(1) = 2
[INFO ][2016-01-21 17:37:52,955][com.java.TestType] [  490] - Test case Id is---2
[INFO ][2016-01-21 17:37:52,955][com.java.TestType] [  492] - 2
[INFO ][2016-01-21 17:37:52,955][com.java.TestType] [  487] -  str(2) = 1
[INFO ][2016-01-21 17:37:52,957][com.java.TestType] [  487] -  str(1) = 2
[INFO ][2016-01-21 17:37:52,957][com.java.TestType] [  490] - Test case Id is---2
[INFO ][2016-01-21 17:37:52,957][com.java.TestType] [  492] - 2
[INFO ][2016-01-21 17:37:52,957][com.java.TestType] [  487] -  str(2) = 2
[INFO ][2016-01-21 17:37:52,957][com.java.TestType] [  487] -  str(1) = 2
[INFO ][2016-01-21 17:37:52,958][com.java.TestType] [  490] - Test case Id is---2
[INFO ][2016-01-21 17:37:52,958][com.java.TestType] [  492] - 2
[INFO ][2016-01-21 17:37:52,958][com.java.TestType] [  487] -  str(2) = 3
[INFO ][2016-01-21 17:37:52,958][com.java.TestType] [11632] - Looping 1TCID = 2
[DEBUG][2016-01-21 17:37:52,959][com.java.TestType] [11673] - Concept ID:2 :: Step being Executed: 2::1
[INFO ][2016-01-21 17:37:52,959][com.java.TestType] [11711] - dataFields : BNK//select[@id='bank']
[DEBUG][2016-01-21 17:37:52,960][com.java.TestType] [11717] - <In Set values of the page>
[DEBUG][2016-01-21 17:37:52,960][com.java.TestType] [11722] - {Data Fields & Data Values Exist}
[INFO ][2016-01-21 17:37:52,960][com.java.TestType] [11728] - --------------------------setting values-----------------------------
[INFO ][2016-01-21 17:37:52,960][com.java.TestType] [11731] - Action Type : Select
[INFO ][2016-01-21 17:37:52,960][com.java.TestType] [ 6375] - value = PFC
[INFO ][2016-01-21 17:37:53,153][com.java.TestType] [11750] -  RESULT true
[INFO ][2016-01-21 17:37:53,153][com.java.TestType] [11867] - ?   P A S S   ?
[DEBUG][2016-01-21 17:37:53,153][com.java.TestType] [11673] - Concept ID:2 :: Step being Executed: 2::2
[INFO ][2016-01-21 17:37:53,153][com.java.TestType] [11711] - dataFields : LNKLogout
[DEBUG][2016-01-21 17:37:53,153][com.java.TestType] [11717] - <In Set values of the page>
[DEBUG][2016-01-21 17:37:53,154][com.java.TestType] [11722] - {Data Fields & Data Values Exist}
[INFO ][2016-01-21 17:37:53,154][com.java.TestType] [11728] - --------------------------setting values-----------------------------
[INFO ][2016-01-21 17:37:53,154][com.java.TestType] [11731] - Action Type : WaitTime
[DEBUG][2016-01-21 17:37:53,154][com.java.TestType] [ 6189] - sleepTime: 5000
[INFO ][2016-01-21 17:37:58,154][com.java.TestType] [11750] -  RESULT true
[INFO ][2016-01-21 17:37:58,154][com.java.TestType] [11867] - ?   P A S S   ?
[INFO ][2016-01-21 17:37:58,154][com.java.TestType] [11938] - Looping End......
[INFO ][2016-01-21 17:37:58,155][com.java.SeleniumDriver] [  930] -  RESULT true
[INFO ][2016-01-21 17:37:58,155][com.java.SeleniumDriver] [ 1136] - ?   P A S S   ?
[INFO ][2016-01-21 17:37:58,155][com.java.SeleniumDriver] [  856] - ------------------------------------------
[INFO ][2016-01-21 17:37:58,156][com.java.SeleniumDriver] [  857] - Test case being Executed: 1
[INFO ][2016-01-21 17:37:58,156][com.java.SeleniumDriver] [  869] - Test step:3
[INFO ][2016-01-21 17:37:58,156][com.java.SeleniumDriver] [  881] - Datavalue is----------2
[INFO ][2016-01-21 17:37:58,156][com.java.SeleniumDriver] [  905] - DataField : XPH//button[contains(text(),'Add Content')]
[INFO ][2016-01-21 17:37:58,156][com.java.SeleniumDriver] [  907] - DataValue : 2
[INFO ][2016-01-21 17:37:58,156][com.java.SeleniumDriver] [  913] - <In Set values of the page>
[INFO ][2016-01-21 17:37:58,156][com.java.SeleniumDriver] [  916] - {Data Fields & Data Values Exist}
[INFO ][2016-01-21 17:37:58,156][com.java.SeleniumDriver] [  918] - --------------------------setting values-----------------------------
[INFO ][2016-01-21 17:37:58,156][com.java.SeleniumDriver] [  921] - Action Type : WAITFORELEMENT
[INFO ][2016-01-21 17:37:58,193][com.java.SeleniumDriver] [  930] -  RESULT true
[INFO ][2016-01-21 17:37:58,193][com.java.SeleniumDriver] [ 1136] - ?   P A S S   ?
[DEBUG][2016-01-21 17:37:58,193][com.java.SeleniumDriver] [ 1248] - Case found
[DEBUG][2016-01-21 17:37:58,193][com.java.SeleniumDriver] [ 1253] - Incrementing ReportCounters[0]:1
[INFO ][2016-01-21 17:37:58,194][com.java.SeleniumDriver] [ 1272] - The results are-------------------[1, 1, Valid Login, Pass, , Thu Jan 21 17:37:52 IST 2016, 1, 2, Valid Login, Pass, , Thu Jan 21 17:37:58 IST 2016, 1, 3, Valid Login, Pass, , Thu Jan 21 17:37:58 IST 2016]
[INFO ][2016-01-21 17:37:58,194][com.java.SeleniumDriver] [ 1276] - End time is-------35 sec
[INFO ][2016-01-21 17:37:58,194][com.java.SeleniumDriver] [ 1277] - The results are-------------------[1, 1, Valid Login, Pass, , Thu Jan 21 17:37:52 IST 2016, 1, 2, Valid Login, Pass, , Thu Jan 21 17:37:58 IST 2016, 1, 3, Valid Login, Pass, , Thu Jan 21 17:37:58 IST 2016]
[DEBUG][2016-01-21 17:37:58,194][com.java.ImportnExport.ExportTestResultsExcel] [  222] - testResultPath = D:\BankersDashboard/TestReports/Test Results_BankersDashBoard_012116_173725_IE10_Any Bank USA.xls
[DEBUG][2016-01-21 17:37:58,194][com.java.ImportnExport.ExportTestResultsExcel] [  223] - browser is------------IE10
[DEBUG][2016-01-21 17:37:58,236][com.java.ImportnExport.ExportTestResultsExcel] [  270] - result.size() = 18
[DEBUG][2016-01-21 17:37:58,236][com.java.ImportnExport.ExportTestResultsExcel] [  274] - No of rows in sheet=1
[DEBUG][2016-01-21 17:37:58,236][com.java.ImportnExport.ExportTestResultsExcel] [  301] - ..in export..1
[DEBUG][2016-01-21 17:37:58,237][com.java.ImportnExport.ExportTestResultsExcel] [  301] - ..in export..Valid Login
[DEBUG][2016-01-21 17:37:58,238][com.java.ImportnExport.ExportTestResultsExcel] [  301] - ..in export..Pass
[DEBUG][2016-01-21 17:37:58,238][com.java.ImportnExport.ExportTestResultsExcel] [  301] - ..in export..
[DEBUG][2016-01-21 17:37:58,238][com.java.ImportnExport.ExportTestResultsExcel] [  301] - ..in export..Thu Jan 21 17:37:52 IST 2016
[INFO ][2016-01-21 17:37:58,239][com.java.SeleniumDriver] [ 1337] - out loop:0 size:2 TestCases:[1, 4] testcases:[1, 4]
[INFO ][2016-01-21 17:37:58,239][com.java.ImportnExport.ImportTestDataDetailsExcel] [   49] - test data details path===== D:\BankersDashboard\TestInputs\TestData.xls
[INFO ][2016-01-21 17:38:13,658][com.java.SeleniumDriver] [  856] - ------------------------------------------
[INFO ][2016-01-21 17:38:13,658][com.java.SeleniumDriver] [  857] - Test case being Executed: 4
[INFO ][2016-01-21 17:38:13,658][com.java.SeleniumDriver] [  869] - Test step:1
[INFO ][2016-01-21 17:38:13,658][com.java.SeleniumDriver] [  881] - Datavalue is----------Logout
[INFO ][2016-01-21 17:38:13,658][com.java.SeleniumDriver] [  905] - DataField : BTN
[INFO ][2016-01-21 17:38:13,658][com.java.SeleniumDriver] [  907] - DataValue : Logout
[INFO ][2016-01-21 17:38:13,658][com.java.SeleniumDriver] [  913] - <In Set values of the page>
[INFO ][2016-01-21 17:38:13,658][com.java.SeleniumDriver] [  916] - {Data Fields & Data Values Exist}
[INFO ][2016-01-21 17:38:13,658][com.java.SeleniumDriver] [  918] - --------------------------setting values-----------------------------
[INFO ][2016-01-21 17:38:13,658][com.java.SeleniumDriver] [  921] - Action Type : Verify
[INFO ][2016-01-21 17:38:13,658][com.java.TestType] [ 7965] - field= BTN value= Logout
[INFO ][2016-01-21 17:38:13,659][com.java.TestType] [ 6375] - value = Logout
[INFO ][2016-01-21 17:38:13,739][com.java.SeleniumDriver] [  930] -  RESULT true
[INFO ][2016-01-21 17:38:13,739][com.java.SeleniumDriver] [ 1136] - ?   P A S S   ?
[INFO ][2016-01-21 17:38:13,739][com.java.SeleniumDriver] [ 1178] - step change to 3
[INFO ][2016-01-21 17:38:13,739][com.java.SeleniumDriver] [  856] - ------------------------------------------
[INFO ][2016-01-21 17:38:13,739][com.java.SeleniumDriver] [  857] - Test case being Executed: 4
[INFO ][2016-01-21 17:38:13,739][com.java.SeleniumDriver] [  869] - Test step:3
[INFO ][2016-01-21 17:38:13,739][com.java.SeleniumDriver] [  881] - Datavalue is----------Concept#2:1-2
[INFO ][2016-01-21 17:38:13,739][com.java.SeleniumDriver] [  905] - DataField : test
[INFO ][2016-01-21 17:38:13,739][com.java.SeleniumDriver] [  907] - DataValue : Concept#2:1-2
[INFO ][2016-01-21 17:38:13,740][com.java.SeleniumDriver] [  913] - <In Set values of the page>
[INFO ][2016-01-21 17:38:13,740][com.java.SeleniumDriver] [  916] - {Data Fields & Data Values Exist}
[INFO ][2016-01-21 17:38:13,740][com.java.SeleniumDriver] [  918] - --------------------------setting values-----------------------------
[INFO ][2016-01-21 17:38:13,740][com.java.SeleniumDriver] [  921] - Action Type : ExecuteTestCase
[INFO ][2016-01-21 17:38:13,740][com.java.TestType] [  442] - The Concept sheet name is ---------- Concept
[INFO ][2016-01-21 17:38:13,740][com.java.TestType] [  445] - The Concept ID  is ---------- 2
[DEBUG][2016-01-21 17:38:13,740][com.java.TestType] [  449] - Steps being executted in the Concept are: 1:2
[INFO ][2016-01-21 17:38:13,740][com.java.TestType] [  456] - Test data details path ---------- D:\BankersDashboard\TestInputs\TestData.xls
[INFO ][2016-01-21 17:38:13,757][com.java.TestType] [  487] -  str(1) = 2
[INFO ][2016-01-21 17:38:13,757][com.java.TestType] [  490] - Test case Id is---2
[INFO ][2016-01-21 17:38:13,757][com.java.TestType] [  492] - 2
[INFO ][2016-01-21 17:38:13,757][com.java.TestType] [  487] -  str(2) = 1
[INFO ][2016-01-21 17:38:13,758][com.java.TestType] [  487] -  str(1) = 2
[INFO ][2016-01-21 17:38:13,758][com.java.TestType] [  490] - Test case Id is---2
[INFO ][2016-01-21 17:38:13,759][com.java.TestType] [  492] - 2
[INFO ][2016-01-21 17:38:13,759][com.java.TestType] [  487] -  str(2) = 2
[INFO ][2016-01-21 17:38:13,759][com.java.TestType] [  487] -  str(1) = 2
[INFO ][2016-01-21 17:38:13,759][com.java.TestType] [  490] - Test case Id is---2
[INFO ][2016-01-21 17:38:13,759][com.java.TestType] [  492] - 2
[INFO ][2016-01-21 17:38:13,760][com.java.TestType] [  487] -  str(2) = 3
[INFO ][2016-01-21 17:38:13,761][com.java.TestType] [11632] - Looping 1TCID = 2
[DEBUG][2016-01-21 17:38:13,761][com.java.TestType] [11673] - Concept ID:2 :: Step being Executed: 2::1
[INFO ][2016-01-21 17:38:13,761][com.java.TestType] [11711] - dataFields : BNK//select[@id='bank']
[DEBUG][2016-01-21 17:38:13,761][com.java.TestType] [11717] - <In Set values of the page>
[DEBUG][2016-01-21 17:38:13,761][com.java.TestType] [11722] - {Data Fields & Data Values Exist}
[INFO ][2016-01-21 17:38:13,761][com.java.TestType] [11728] - --------------------------setting values-----------------------------
[INFO ][2016-01-21 17:38:13,761][com.java.TestType] [11731] - Action Type : Select
[INFO ][2016-01-21 17:38:13,762][com.java.TestType] [ 6375] - value = PFC
[INFO ][2016-01-21 17:38:13,971][com.java.TestType] [11750] -  RESULT true
[INFO ][2016-01-21 17:38:13,971][com.java.TestType] [11867] - ?   P A S S   ?
[DEBUG][2016-01-21 17:38:13,971][com.java.TestType] [11673] - Concept ID:2 :: Step being Executed: 2::2
[INFO ][2016-01-21 17:38:13,971][com.java.TestType] [11711] - dataFields : LNKLogout
[DEBUG][2016-01-21 17:38:13,971][com.java.TestType] [11717] - <In Set values of the page>
[DEBUG][2016-01-21 17:38:13,971][com.java.TestType] [11722] - {Data Fields & Data Values Exist}
[INFO ][2016-01-21 17:38:13,971][com.java.TestType] [11728] - --------------------------setting values-----------------------------
[INFO ][2016-01-21 17:38:13,972][com.java.TestType] [11731] - Action Type : WaitTime
[DEBUG][2016-01-21 17:38:13,972][com.java.TestType] [ 6189] - sleepTime: 5000
[INFO ][2016-01-21 17:38:18,972][com.java.TestType] [11750] -  RESULT true
[INFO ][2016-01-21 17:38:18,972][com.java.TestType] [11867] - ?   P A S S   ?
[INFO ][2016-01-21 17:38:18,972][com.java.TestType] [11938] - Looping End......
[INFO ][2016-01-21 17:38:18,973][com.java.SeleniumDriver] [  930] -  RESULT true
[INFO ][2016-01-21 17:38:18,973][com.java.SeleniumDriver] [ 1136] - ?   P A S S   ?
[INFO ][2016-01-21 17:38:18,973][com.java.SeleniumDriver] [  856] - ------------------------------------------
[INFO ][2016-01-21 17:38:18,973][com.java.SeleniumDriver] [  857] - Test case being Executed: 4
[INFO ][2016-01-21 17:38:18,973][com.java.SeleniumDriver] [  869] - Test step:4
[INFO ][2016-01-21 17:38:18,974][com.java.SeleniumDriver] [  881] - Datavalue is----------2
[INFO ][2016-01-21 17:38:18,974][com.java.SeleniumDriver] [  905] - DataField : BTNG/L
[INFO ][2016-01-21 17:38:18,974][com.java.SeleniumDriver] [  907] - DataValue : 2
[INFO ][2016-01-21 17:38:18,974][com.java.SeleniumDriver] [  913] - <In Set values of the page>
[INFO ][2016-01-21 17:38:18,974][com.java.SeleniumDriver] [  916] - {Data Fields & Data Values Exist}
[INFO ][2016-01-21 17:38:18,974][com.java.SeleniumDriver] [  918] - --------------------------setting values-----------------------------
[INFO ][2016-01-21 17:38:18,974][com.java.SeleniumDriver] [  921] - Action Type : WAITFORELEMENT
[INFO ][2016-01-21 17:38:19,020][com.java.SeleniumDriver] [  930] -  RESULT true
[INFO ][2016-01-21 17:38:19,020][com.java.SeleniumDriver] [ 1136] - ?   P A S S   ?
[INFO ][2016-01-21 17:38:19,020][com.java.SeleniumDriver] [  856] - ------------------------------------------
[INFO ][2016-01-21 17:38:19,020][com.java.SeleniumDriver] [  857] - Test case being Executed: 4
[INFO ][2016-01-21 17:38:19,020][com.java.SeleniumDriver] [  869] - Test step:5
[INFO ][2016-01-21 17:38:19,020][com.java.SeleniumDriver] [  881] - Datavalue is----------null
[DEBUG][2016-01-21 17:38:19,020][com.java.SeleniumDriver] [  899] - Exception: null
[INFO ][2016-01-21 17:38:19,020][com.java.SeleniumDriver] [  905] - DataField : //a[starts-with(normalize-space(.), 'Settings')]/span[2]&&//a[starts-with(normalize-space(.), 'Customize')]&&//li[@data-id='MyDashboard']/a[starts-with(text(), 'My Dashboard')]
[INFO ][2016-01-21 17:38:19,020][com.java.SeleniumDriver] [  907] - DataValue : 
[INFO ][2016-01-21 17:38:19,021][com.java.SeleniumDriver] [  913] - <In Set values of the page>
[INFO ][2016-01-21 17:38:19,021][com.java.SeleniumDriver] [  916] - {Data Fields & Data Values Exist}
[INFO ][2016-01-21 17:38:19,021][com.java.SeleniumDriver] [  918] - --------------------------setting values-----------------------------
[INFO ][2016-01-21 17:38:19,021][com.java.SeleniumDriver] [  921] - Action Type : MOUSEOVER
[INFO ][2016-01-21 17:38:46,367][com.java.SeleniumDriver] [  930] -  RESULT true
[INFO ][2016-01-21 17:38:46,367][com.java.SeleniumDriver] [ 1136] - ?   P A S S   ?
[INFO ][2016-01-21 17:38:46,367][com.java.SeleniumDriver] [  856] - ------------------------------------------
[INFO ][2016-01-21 17:38:46,367][com.java.SeleniumDriver] [  857] - Test case being Executed: 4
[INFO ][2016-01-21 17:38:46,367][com.java.SeleniumDriver] [  869] - Test step:6
[INFO ][2016-01-21 17:38:46,367][com.java.SeleniumDriver] [  881] - Datavalue is----------5
[INFO ][2016-01-21 17:38:46,367][com.java.SeleniumDriver] [  905] - DataField : BTN//iframe[@id='frameDialogContent']
[INFO ][2016-01-21 17:38:46,367][com.java.SeleniumDriver] [  907] - DataValue : 5
[INFO ][2016-01-21 17:38:46,367][com.java.SeleniumDriver] [  913] - <In Set values of the page>
[INFO ][2016-01-21 17:38:46,367][com.java.SeleniumDriver] [  916] - {Data Fields & Data Values Exist}
[INFO ][2016-01-21 17:38:46,367][com.java.SeleniumDriver] [  918] - --------------------------setting values-----------------------------
[INFO ][2016-01-21 17:38:46,368][com.java.SeleniumDriver] [  921] - Action Type : WAITFORELEMENT
[INFO ][2016-01-21 17:38:46,404][com.java.SeleniumDriver] [  930] -  RESULT true
[INFO ][2016-01-21 17:38:46,404][com.java.SeleniumDriver] [ 1136] - ?   P A S S   ?
[INFO ][2016-01-21 17:38:46,404][com.java.SeleniumDriver] [  856] - ------------------------------------------
[INFO ][2016-01-21 17:38:46,404][com.java.SeleniumDriver] [  857] - Test case being Executed: 4
[INFO ][2016-01-21 17:38:46,404][com.java.SeleniumDriver] [  869] - Test step:7
[INFO ][2016-01-21 17:38:46,404][com.java.SeleniumDriver] [  881] - Datavalue is----------null
[DEBUG][2016-01-21 17:38:46,404][com.java.SeleniumDriver] [  899] - Exception: null
[INFO ][2016-01-21 17:38:46,404][com.java.SeleniumDriver] [  905] - DataField : BTN//iframe[@id='frameDialogContent']
[INFO ][2016-01-21 17:38:46,404][com.java.SeleniumDriver] [  907] - DataValue : 
[INFO ][2016-01-21 17:38:46,404][com.java.SeleniumDriver] [  913] - <In Set values of the page>
[INFO ][2016-01-21 17:38:46,405][com.java.SeleniumDriver] [  916] - {Data Fields & Data Values Exist}
[INFO ][2016-01-21 17:38:46,405][com.java.SeleniumDriver] [  918] - --------------------------setting values-----------------------------
[INFO ][2016-01-21 17:38:46,405][com.java.SeleniumDriver] [  921] - Action Type : SELECTFRAME
[INFO ][2016-01-21 17:38:46,500][com.java.SeleniumDriver] [  930] -  RESULT true
[INFO ][2016-01-21 17:38:46,502][com.java.SeleniumDriver] [ 1136] - ?   P A S S   ?
[INFO ][2016-01-21 17:38:46,502][com.java.SeleniumDriver] [  856] - ------------------------------------------
[INFO ][2016-01-21 17:38:46,502][com.java.SeleniumDriver] [  857] - Test case being Executed: 4
[INFO ][2016-01-21 17:38:46,502][com.java.SeleniumDriver] [  869] - Test step:8
[INFO ][2016-01-21 17:38:46,502][com.java.SeleniumDriver] [  881] - Datavalue is----------#_keys
[INFO ][2016-01-21 17:38:46,502][com.java.SeleniumDriver] [  905] - DataField : XPH//td[starts-with(text(), '#_CAL')]
[INFO ][2016-01-21 17:38:46,502][com.java.SeleniumDriver] [  907] - DataValue : #_keys
[INFO ][2016-01-21 17:38:46,502][com.java.SeleniumDriver] [  913] - <In Set values of the page>
[INFO ][2016-01-21 17:38:46,502][com.java.SeleniumDriver] [  916] - {Data Fields & Data Values Exist}
[INFO ][2016-01-21 17:38:46,502][com.java.SeleniumDriver] [  918] - --------------------------setting values-----------------------------
[INFO ][2016-01-21 17:38:46,502][com.java.SeleniumDriver] [  921] - Action Type : STOREVALUE
[INFO ][2016-01-21 17:38:46,502][com.java.TestType] [ 9392] - field= XPH//td[starts-with(text(), '#_CAL')]
[DEBUG][2016-01-21 17:38:46,576][com.java.TestType] [ 9447] - Key:: #_keys   Value:: #_CAL57027
[INFO ][2016-01-21 17:38:46,576][com.java.SeleniumDriver] [  930] -  RESULT true
[INFO ][2016-01-21 17:38:46,576][com.java.SeleniumDriver] [ 1136] - ?   P A S S   ?
[INFO ][2016-01-21 17:38:46,576][com.java.SeleniumDriver] [ 1173] - Continue next step...
[INFO ][2016-01-21 17:38:46,576][com.java.SeleniumDriver] [  856] - ------------------------------------------
[INFO ][2016-01-21 17:38:46,576][com.java.SeleniumDriver] [  857] - Test case being Executed: 4
[INFO ][2016-01-21 17:38:46,576][com.java.SeleniumDriver] [  869] - Test step:9
[INFO ][2016-01-21 17:38:46,577][com.java.SeleniumDriver] [  881] - Datavalue is----------#_keys
[INFO ][2016-01-21 17:38:46,577][com.java.SeleniumDriver] [  905] - DataField : MNC//td[contains(text(),'mytext')]/../td[@align='center']/span[2]
[INFO ][2016-01-21 17:38:46,577][com.java.SeleniumDriver] [  907] - DataValue : #_keys
[INFO ][2016-01-21 17:38:46,577][com.java.SeleniumDriver] [  913] - <In Set values of the page>
[INFO ][2016-01-21 17:38:46,577][com.java.SeleniumDriver] [  916] - {Data Fields & Data Values Exist}
[INFO ][2016-01-21 17:38:46,577][com.java.SeleniumDriver] [  918] - --------------------------setting values-----------------------------
[INFO ][2016-01-21 17:38:46,577][com.java.SeleniumDriver] [  921] - Action Type : Click
[INFO ][2016-01-21 17:38:46,577][com.java.TestType] [ 6754] - Field ::MNC//td[contains(text(),'mytext')]/../td[@align='center']/span[2]
[INFO ][2016-01-21 17:38:46,577][com.java.TestType] [ 6375] - value = #_keys
[INFO ][2016-01-21 17:38:47,816][com.java.SeleniumDriver] [  930] -  RESULT true
[INFO ][2016-01-21 17:38:47,816][com.java.SeleniumDriver] [ 1136] - ?   P A S S   ?
[INFO ][2016-01-21 17:38:47,816][com.java.SeleniumDriver] [ 1178] - step change to 15
[INFO ][2016-01-21 17:38:47,816][com.java.SeleniumDriver] [  856] - ------------------------------------------
[INFO ][2016-01-21 17:38:47,816][com.java.SeleniumDriver] [  857] - Test case being Executed: 4
[INFO ][2016-01-21 17:38:47,816][com.java.SeleniumDriver] [  869] - Test step:15
[INFO ][2016-01-21 17:38:47,816][com.java.SeleniumDriver] [  881] - Datavalue is----------#_keys
[INFO ][2016-01-21 17:38:47,816][com.java.SeleniumDriver] [  905] - DataField : HDC//td[contains(text(),'mytext')]/../td[@align='center']/span[2]
[INFO ][2016-01-21 17:38:47,816][com.java.SeleniumDriver] [  907] - DataValue : #_keys
[INFO ][2016-01-21 17:38:47,817][com.java.SeleniumDriver] [  913] - <In Set values of the page>
[INFO ][2016-01-21 17:38:47,817][com.java.SeleniumDriver] [  916] - {Data Fields & Data Values Exist}
[INFO ][2016-01-21 17:38:47,817][com.java.SeleniumDriver] [  918] - --------------------------setting values-----------------------------
[INFO ][2016-01-21 17:38:47,817][com.java.SeleniumDriver] [  921] - Action Type : Click
[INFO ][2016-01-21 17:38:47,817][com.java.TestType] [ 6754] - Field ::HDC//td[contains(text(),'mytext')]/../td[@align='center']/span[2]
[INFO ][2016-01-21 17:38:47,817][com.java.TestType] [ 6375] - value = #_keys
[INFO ][2016-01-21 17:38:50,763][com.java.SeleniumDriver] [  930] -  RESULT true
[INFO ][2016-01-21 17:38:50,764][com.java.SeleniumDriver] [ 1136] - ?   P A S S   ?
[INFO ][2016-01-21 17:38:50,764][com.java.SeleniumDriver] [  856] - ------------------------------------------
[INFO ][2016-01-21 17:38:50,764][com.java.SeleniumDriver] [  857] - Test case being Executed: 4
[INFO ][2016-01-21 17:38:50,764][com.java.SeleniumDriver] [  869] - Test step:16
[INFO ][2016-01-21 17:38:50,764][com.java.SeleniumDriver] [  881] - Datavalue is----------10
[INFO ][2016-01-21 17:38:50,764][com.java.SeleniumDriver] [  905] - DataField : test
[INFO ][2016-01-21 17:38:50,764][com.java.SeleniumDriver] [  907] - DataValue : 10
[INFO ][2016-01-21 17:38:50,764][com.java.SeleniumDriver] [  913] - <In Set values of the page>
[INFO ][2016-01-21 17:38:50,764][com.java.SeleniumDriver] [  916] - {Data Fields & Data Values Exist}
[INFO ][2016-01-21 17:38:50,764][com.java.SeleniumDriver] [  918] - --------------------------setting values-----------------------------
[INFO ][2016-01-21 17:38:50,764][com.java.SeleniumDriver] [  921] - Action Type : WaitTime
[DEBUG][2016-01-21 17:38:50,764][com.java.TestType] [ 6189] - sleepTime: 10000
[INFO ][2016-01-21 17:39:00,765][com.java.SeleniumDriver] [  930] -  RESULT true
[INFO ][2016-01-21 17:39:00,765][com.java.SeleniumDriver] [ 1136] - ?   P A S S   ?
[INFO ][2016-01-21 17:39:00,765][com.java.SeleniumDriver] [  856] - ------------------------------------------
[INFO ][2016-01-21 17:39:00,765][com.java.SeleniumDriver] [  857] - Test case being Executed: 4
[INFO ][2016-01-21 17:39:00,765][com.java.SeleniumDriver] [  869] - Test step:17
[INFO ][2016-01-21 17:39:00,765][com.java.SeleniumDriver] [  881] - Datavalue is----------Indicator Type
[INFO ][2016-01-21 17:39:00,765][com.java.SeleniumDriver] [  905] - DataField : MSG
[INFO ][2016-01-21 17:39:00,765][com.java.SeleniumDriver] [  907] - DataValue : Indicator Type
[INFO ][2016-01-21 17:39:00,765][com.java.SeleniumDriver] [  913] - <In Set values of the page>
[INFO ][2016-01-21 17:39:00,765][com.java.SeleniumDriver] [  916] - {Data Fields & Data Values Exist}
[INFO ][2016-01-21 17:39:00,765][com.java.SeleniumDriver] [  918] - --------------------------setting values-----------------------------
[INFO ][2016-01-21 17:39:00,765][com.java.SeleniumDriver] [  921] - Action Type : verify
[INFO ][2016-01-21 17:39:00,766][com.java.TestType] [ 7965] - field= MSG value= Indicator Type
[INFO ][2016-01-21 17:39:00,766][com.java.TestType] [ 6375] - value = Indicator Type
[DEBUG][2016-01-21 17:39:00,766][com.java.TestType] [ 8795] - value :: Indicator Type
[INFO ][2016-01-21 17:39:00,796][com.java.SeleniumDriver] [  930] -  RESULT true
[INFO ][2016-01-21 17:39:00,796][com.java.SeleniumDriver] [ 1136] - ?   P A S S   ?
[INFO ][2016-01-21 17:39:00,796][com.java.SeleniumDriver] [  856] - ------------------------------------------
[INFO ][2016-01-21 17:39:00,796][com.java.SeleniumDriver] [  857] - Test case being Executed: 4
[INFO ][2016-01-21 17:39:00,796][com.java.SeleniumDriver] [  869] - Test step:18
[INFO ][2016-01-21 17:39:00,796][com.java.SeleniumDriver] [  881] - Datavalue is----------Indicator Value
[INFO ][2016-01-21 17:39:00,797][com.java.SeleniumDriver] [  905] - DataField : MSG
[INFO ][2016-01-21 17:39:00,797][com.java.SeleniumDriver] [  907] - DataValue : Indicator Value
[INFO ][2016-01-21 17:39:00,797][com.java.SeleniumDriver] [  913] - <In Set values of the page>
[INFO ][2016-01-21 17:39:00,797][com.java.SeleniumDriver] [  916] - {Data Fields & Data Values Exist}
[INFO ][2016-01-21 17:39:00,797][com.java.SeleniumDriver] [  918] - --------------------------setting values-----------------------------
[INFO ][2016-01-21 17:39:00,797][com.java.SeleniumDriver] [  921] - Action Type : verify
[INFO ][2016-01-21 17:39:00,797][com.java.TestType] [ 7965] - field= MSG value= Indicator Value
[INFO ][2016-01-21 17:39:00,797][com.java.TestType] [ 6375] - value = Indicator Value
[DEBUG][2016-01-21 17:39:00,797][com.java.TestType] [ 8795] - value :: Indicator Value
[INFO ][2016-01-21 17:39:00,816][com.java.SeleniumDriver] [  930] -  RESULT true
[INFO ][2016-01-21 17:39:00,816][com.java.SeleniumDriver] [ 1136] - ?   P A S S   ?
[INFO ][2016-01-21 17:39:00,816][com.java.SeleniumDriver] [  856] - ------------------------------------------
[INFO ][2016-01-21 17:39:00,816][com.java.SeleniumDriver] [  857] - Test case being Executed: 4
[INFO ][2016-01-21 17:39:00,816][com.java.SeleniumDriver] [  869] - Test step:19
[INFO ][2016-01-21 17:39:00,816][com.java.SeleniumDriver] [  881] - Datavalue is----------Indicator Name
[INFO ][2016-01-21 17:39:00,816][com.java.SeleniumDriver] [  905] - DataField : MSG
[INFO ][2016-01-21 17:39:00,816][com.java.SeleniumDriver] [  907] - DataValue : Indicator Name
[INFO ][2016-01-21 17:39:00,816][com.java.SeleniumDriver] [  913] - <In Set values of the page>
[INFO ][2016-01-21 17:39:00,816][com.java.SeleniumDriver] [  916] - {Data Fields & Data Values Exist}
[INFO ][2016-01-21 17:39:00,816][com.java.SeleniumDriver] [  918] - --------------------------setting values-----------------------------
[INFO ][2016-01-21 17:39:00,816][com.java.SeleniumDriver] [  921] - Action Type : verify
[INFO ][2016-01-21 17:39:00,816][com.java.TestType] [ 7965] - field= MSG value= Indicator Name
[INFO ][2016-01-21 17:39:00,817][com.java.TestType] [ 6375] - value = Indicator Name
[DEBUG][2016-01-21 17:39:00,817][com.java.TestType] [ 8795] - value :: Indicator Name
[INFO ][2016-01-21 17:39:00,834][com.java.SeleniumDriver] [  930] -  RESULT true
[INFO ][2016-01-21 17:39:00,834][com.java.SeleniumDriver] [ 1136] - ?   P A S S   ?
[INFO ][2016-01-21 17:39:00,834][com.java.SeleniumDriver] [  856] - ------------------------------------------
[INFO ][2016-01-21 17:39:00,834][com.java.SeleniumDriver] [  857] - Test case being Executed: 4
[INFO ][2016-01-21 17:39:00,834][com.java.SeleniumDriver] [  869] - Test step:20
[INFO ][2016-01-21 17:39:00,834][com.java.SeleniumDriver] [  881] - Datavalue is----------5
[INFO ][2016-01-21 17:39:00,834][com.java.SeleniumDriver] [  905] - DataField : test
[INFO ][2016-01-21 17:39:00,834][com.java.SeleniumDriver] [  907] - DataValue : 5
[INFO ][2016-01-21 17:39:00,834][com.java.SeleniumDriver] [  913] - <In Set values of the page>
[INFO ][2016-01-21 17:39:00,834][com.java.SeleniumDriver] [  916] - {Data Fields & Data Values Exist}
[INFO ][2016-01-21 17:39:00,836][com.java.SeleniumDriver] [  918] - --------------------------setting values-----------------------------
[INFO ][2016-01-21 17:39:00,836][com.java.SeleniumDriver] [  921] - Action Type : WaitTime
[DEBUG][2016-01-21 17:39:00,836][com.java.TestType] [ 6189] - sleepTime: 5000
[INFO ][2016-01-21 17:39:05,837][com.java.SeleniumDriver] [  930] -  RESULT true
[INFO ][2016-01-21 17:39:05,837][com.java.SeleniumDriver] [ 1136] - ?   P A S S   ?
[INFO ][2016-01-21 17:39:05,837][com.java.SeleniumDriver] [  856] - ------------------------------------------
[INFO ][2016-01-21 17:39:05,837][com.java.SeleniumDriver] [  857] - Test case being Executed: 4
[INFO ][2016-01-21 17:39:05,837][com.java.SeleniumDriver] [  869] - Test step:21
[INFO ][2016-01-21 17:39:05,837][com.java.SeleniumDriver] [  881] - Datavalue is----------null
[DEBUG][2016-01-21 17:39:05,837][com.java.SeleniumDriver] [  899] - Exception: null
[INFO ][2016-01-21 17:39:05,837][com.java.SeleniumDriver] [  905] - DataField : HDN//input[@id='btnNext']
[INFO ][2016-01-21 17:39:05,837][com.java.SeleniumDriver] [  907] - DataValue : 
[INFO ][2016-01-21 17:39:05,837][com.java.SeleniumDriver] [  913] - <In Set values of the page>
[INFO ][2016-01-21 17:39:05,837][com.java.SeleniumDriver] [  916] - {Data Fields & Data Values Exist}
[INFO ][2016-01-21 17:39:05,837][com.java.SeleniumDriver] [  918] - --------------------------setting values-----------------------------
[INFO ][2016-01-21 17:39:05,838][com.java.SeleniumDriver] [  921] - Action Type : CLICK
[INFO ][2016-01-21 17:39:05,838][com.java.TestType] [ 6754] - Field ::HDN//input[@id='btnNext']
[INFO ][2016-01-21 17:39:05,838][com.java.TestType] [ 6375] - value = 
[INFO ][2016-01-21 17:39:06,943][com.java.SeleniumDriver] [  930] -  RESULT true
[INFO ][2016-01-21 17:39:06,943][com.java.SeleniumDriver] [ 1136] - ?   P A S S   ?
[INFO ][2016-01-21 17:39:06,943][com.java.SeleniumDriver] [  856] - ------------------------------------------
[INFO ][2016-01-21 17:39:06,943][com.java.SeleniumDriver] [  857] - Test case being Executed: 4
[INFO ][2016-01-21 17:39:06,943][com.java.SeleniumDriver] [  869] - Test step:22
[INFO ][2016-01-21 17:39:06,943][com.java.SeleniumDriver] [  881] - Datavalue is----------3
[INFO ][2016-01-21 17:39:06,943][com.java.SeleniumDriver] [  905] - DataField : TXTGreenCompare
[INFO ][2016-01-21 17:39:06,943][com.java.SeleniumDriver] [  907] - DataValue : 3
[INFO ][2016-01-21 17:39:06,944][com.java.SeleniumDriver] [  913] - <In Set values of the page>
[INFO ][2016-01-21 17:39:06,944][com.java.SeleniumDriver] [  916] - {Data Fields & Data Values Exist}
[INFO ][2016-01-21 17:39:06,944][com.java.SeleniumDriver] [  918] - --------------------------setting values-----------------------------
[INFO ][2016-01-21 17:39:06,944][com.java.SeleniumDriver] [  921] - Action Type : WaitForElement
[INFO ][2016-01-21 17:39:08,039][com.java.SeleniumDriver] [  930] -  RESULT true
[INFO ][2016-01-21 17:39:08,039][com.java.SeleniumDriver] [ 1136] - ?   P A S S   ?
[INFO ][2016-01-21 17:39:08,039][com.java.SeleniumDriver] [  856] - ------------------------------------------
[INFO ][2016-01-21 17:39:08,039][com.java.SeleniumDriver] [  857] - Test case being Executed: 4
[INFO ][2016-01-21 17:39:08,039][com.java.SeleniumDriver] [  869] - Test step:23
[INFO ][2016-01-21 17:39:08,039][com.java.SeleniumDriver] [  881] - Datavalue is----------index:1
[INFO ][2016-01-21 17:39:08,039][com.java.SeleniumDriver] [  905] - DataField : COBGreenCompare
[INFO ][2016-01-21 17:39:08,039][com.java.SeleniumDriver] [  907] - DataValue : index:1
[INFO ][2016-01-21 17:39:08,040][com.java.SeleniumDriver] [  913] - <In Set values of the page>
[INFO ][2016-01-21 17:39:08,040][com.java.SeleniumDriver] [  916] - {Data Fields & Data Values Exist}
[INFO ][2016-01-21 17:39:08,040][com.java.SeleniumDriver] [  918] - --------------------------setting values-----------------------------
[INFO ][2016-01-21 17:39:08,040][com.java.SeleniumDriver] [  921] - Action Type : Select
[INFO ][2016-01-21 17:39:08,040][com.java.TestType] [ 6375] - value = 1
[INFO ][2016-01-21 17:39:09,176][com.java.TestType] [ 6493] -  In COB GreenCompare : 1
[INFO ][2016-01-21 17:39:09,340][com.java.SeleniumDriver] [  930] -  RESULT true
[INFO ][2016-01-21 17:39:09,340][com.java.SeleniumDriver] [ 1136] - ?   P A S S   ?
[INFO ][2016-01-21 17:39:09,340][com.java.SeleniumDriver] [  856] - ------------------------------------------
[INFO ][2016-01-21 17:39:09,340][com.java.SeleniumDriver] [  857] - Test case being Executed: 4
[INFO ][2016-01-21 17:39:09,340][com.java.SeleniumDriver] [  869] - Test step:24
[INFO ][2016-01-21 17:39:09,340][com.java.SeleniumDriver] [  881] - Datavalue is----------100000000
[INFO ][2016-01-21 17:39:09,340][com.java.SeleniumDriver] [  905] - DataField : TXTGreenValue
[INFO ][2016-01-21 17:39:09,340][com.java.SeleniumDriver] [  907] - DataValue : 100000000
[INFO ][2016-01-21 17:39:09,340][com.java.SeleniumDriver] [  913] - <In Set values of the page>
[INFO ][2016-01-21 17:39:09,340][com.java.SeleniumDriver] [  916] - {Data Fields & Data Values Exist}
[INFO ][2016-01-21 17:39:09,340][com.java.SeleniumDriver] [  918] - --------------------------setting values-----------------------------
[INFO ][2016-01-21 17:39:09,340][com.java.SeleniumDriver] [  921] - Action Type : CLEARANDENTER
[INFO ][2016-01-21 17:39:10,522][com.java.TestType] [ 6375] - value = 100000000
[INFO ][2016-01-21 17:39:11,752][com.java.SeleniumDriver] [  930] -  RESULT true
[INFO ][2016-01-21 17:39:11,752][com.java.SeleniumDriver] [ 1136] - ?   P A S S   ?
[INFO ][2016-01-21 17:39:11,752][com.java.SeleniumDriver] [  856] - ------------------------------------------
[INFO ][2016-01-21 17:39:11,752][com.java.SeleniumDriver] [  857] - Test case being Executed: 4
[INFO ][2016-01-21 17:39:11,752][com.java.SeleniumDriver] [  869] - Test step:25
[INFO ][2016-01-21 17:39:11,752][com.java.SeleniumDriver] [  881] - Datavalue is----------null
[DEBUG][2016-01-21 17:39:11,752][com.java.SeleniumDriver] [  899] - Exception: null
[INFO ][2016-01-21 17:39:11,752][com.java.SeleniumDriver] [  905] - DataField : BTNparent
[INFO ][2016-01-21 17:39:11,753][com.java.SeleniumDriver] [  907] - DataValue : 
[INFO ][2016-01-21 17:39:11,753][com.java.SeleniumDriver] [  913] - <In Set values of the page>
[INFO ][2016-01-21 17:39:11,753][com.java.SeleniumDriver] [  916] - {Data Fields & Data Values Exist}
[INFO ][2016-01-21 17:39:11,753][com.java.SeleniumDriver] [  918] - --------------------------setting values-----------------------------
[INFO ][2016-01-21 17:39:11,753][com.java.SeleniumDriver] [  921] - Action Type : SELECTFRAME
[INFO ][2016-01-21 17:39:11,768][com.java.SeleniumDriver] [  930] -  RESULT true
[INFO ][2016-01-21 17:39:11,768][com.java.SeleniumDriver] [ 1136] - ?   P A S S   ?
[INFO ][2016-01-21 17:39:11,768][com.java.SeleniumDriver] [  856] - ------------------------------------------
[INFO ][2016-01-21 17:39:11,769][com.java.SeleniumDriver] [  857] - Test case being Executed: 4
[INFO ][2016-01-21 17:39:11,769][com.java.SeleniumDriver] [  869] - Test step:26
[INFO ][2016-01-21 17:39:11,769][com.java.SeleniumDriver] [  881] - Datavalue is----------5
[INFO ][2016-01-21 17:39:11,769][com.java.SeleniumDriver] [  905] - DataField : XPH//span[contains(text(),'Finished')]
[INFO ][2016-01-21 17:39:11,769][com.java.SeleniumDriver] [  907] - DataValue : 5
[INFO ][2016-01-21 17:39:11,769][com.java.SeleniumDriver] [  913] - <In Set values of the page>
[INFO ][2016-01-21 17:39:11,769][com.java.SeleniumDriver] [  916] - {Data Fields & Data Values Exist}
[INFO ][2016-01-21 17:39:11,769][com.java.SeleniumDriver] [  918] - --------------------------setting values-----------------------------
[INFO ][2016-01-21 17:39:11,769][com.java.SeleniumDriver] [  921] - Action Type : WAITFORELEMENT
[INFO ][2016-01-21 17:39:11,805][com.java.SeleniumDriver] [  930] -  RESULT true
[INFO ][2016-01-21 17:39:11,805][com.java.SeleniumDriver] [ 1136] - ?   P A S S   ?
[INFO ][2016-01-21 17:39:11,805][com.java.SeleniumDriver] [  856] - ------------------------------------------
[INFO ][2016-01-21 17:39:11,805][com.java.SeleniumDriver] [  857] - Test case being Executed: 4
[INFO ][2016-01-21 17:39:11,805][com.java.SeleniumDriver] [  869] - Test step:27
[INFO ][2016-01-21 17:39:11,805][com.java.SeleniumDriver] [  881] - Datavalue is----------null
[DEBUG][2016-01-21 17:39:11,805][com.java.SeleniumDriver] [  899] - Exception: null
[INFO ][2016-01-21 17:39:11,805][com.java.SeleniumDriver] [  905] - DataField : HDN//span[contains(text(),'Finished')]
[INFO ][2016-01-21 17:39:11,805][com.java.SeleniumDriver] [  907] - DataValue : 
[INFO ][2016-01-21 17:39:11,805][com.java.SeleniumDriver] [  913] - <In Set values of the page>
[INFO ][2016-01-21 17:39:11,805][com.java.SeleniumDriver] [  916] - {Data Fields & Data Values Exist}
[INFO ][2016-01-21 17:39:11,805][com.java.SeleniumDriver] [  918] - --------------------------setting values-----------------------------
[INFO ][2016-01-21 17:39:11,805][com.java.SeleniumDriver] [  921] - Action Type : CLICK
[INFO ][2016-01-21 17:39:11,806][com.java.TestType] [ 6754] - Field ::HDN//span[contains(text(),'Finished')]
[INFO ][2016-01-21 17:39:11,806][com.java.TestType] [ 6375] - value = 
[INFO ][2016-01-21 17:39:12,972][com.java.SeleniumDriver] [  930] -  RESULT true
[INFO ][2016-01-21 17:39:12,972][com.java.SeleniumDriver] [ 1136] - ?   P A S S   ?
[INFO ][2016-01-21 17:39:12,972][com.java.SeleniumDriver] [  856] - ------------------------------------------
[INFO ][2016-01-21 17:39:12,972][com.java.SeleniumDriver] [  857] - Test case being Executed: 4
[INFO ][2016-01-21 17:39:12,972][com.java.SeleniumDriver] [  869] - Test step:28
[INFO ][2016-01-21 17:39:12,972][com.java.SeleniumDriver] [  881] - Datavalue is----------5
[INFO ][2016-01-21 17:39:12,972][com.java.SeleniumDriver] [  905] - DataField : BTN//iframe[@id='frameDialogContent']
[INFO ][2016-01-21 17:39:12,972][com.java.SeleniumDriver] [  907] - DataValue : 5
[INFO ][2016-01-21 17:39:12,972][com.java.SeleniumDriver] [  913] - <In Set values of the page>
[INFO ][2016-01-21 17:39:12,972][com.java.SeleniumDriver] [  916] - {Data Fields & Data Values Exist}
[INFO ][2016-01-21 17:39:12,972][com.java.SeleniumDriver] [  918] - --------------------------setting values-----------------------------
[INFO ][2016-01-21 17:39:12,973][com.java.SeleniumDriver] [  921] - Action Type : WAITFORELEMENT
[INFO ][2016-01-21 17:39:13,008][com.java.SeleniumDriver] [  930] -  RESULT true
[INFO ][2016-01-21 17:39:13,008][com.java.SeleniumDriver] [ 1136] - ?   P A S S   ?
[INFO ][2016-01-21 17:39:13,008][com.java.SeleniumDriver] [  856] - ------------------------------------------
[INFO ][2016-01-21 17:39:13,008][com.java.SeleniumDriver] [  857] - Test case being Executed: 4
[INFO ][2016-01-21 17:39:13,008][com.java.SeleniumDriver] [  869] - Test step:29
[INFO ][2016-01-21 17:39:13,009][com.java.SeleniumDriver] [  881] - Datavalue is----------null
[DEBUG][2016-01-21 17:39:13,009][com.java.SeleniumDriver] [  899] - Exception: null
[INFO ][2016-01-21 17:39:13,009][com.java.SeleniumDriver] [  905] - DataField : BTN//iframe[@id='frameDialogContent']
[INFO ][2016-01-21 17:39:13,009][com.java.SeleniumDriver] [  907] - DataValue : 
[INFO ][2016-01-21 17:39:13,009][com.java.SeleniumDriver] [  913] - <In Set values of the page>
[INFO ][2016-01-21 17:39:13,009][com.java.SeleniumDriver] [  916] - {Data Fields & Data Values Exist}
[INFO ][2016-01-21 17:39:13,009][com.java.SeleniumDriver] [  918] - --------------------------setting values-----------------------------
[INFO ][2016-01-21 17:39:13,010][com.java.SeleniumDriver] [  921] - Action Type : SELECTFRAME
[INFO ][2016-01-21 17:39:13,094][com.java.SeleniumDriver] [  930] -  RESULT true
[INFO ][2016-01-21 17:39:13,095][com.java.SeleniumDriver] [ 1136] - ?   P A S S   ?
[INFO ][2016-01-21 17:39:13,095][com.java.SeleniumDriver] [  856] - ------------------------------------------
[INFO ][2016-01-21 17:39:13,095][com.java.SeleniumDriver] [  857] - Test case being Executed: 4
[INFO ][2016-01-21 17:39:13,095][com.java.SeleniumDriver] [  869] - Test step:30
[INFO ][2016-01-21 17:39:13,095][com.java.SeleniumDriver] [  881] - Datavalue is----------5
[INFO ][2016-01-21 17:39:13,096][com.java.SeleniumDriver] [  905] - DataField : test
[INFO ][2016-01-21 17:39:13,097][com.java.SeleniumDriver] [  907] - DataValue : 5
[INFO ][2016-01-21 17:39:13,097][com.java.SeleniumDriver] [  913] - <In Set values of the page>
[INFO ][2016-01-21 17:39:13,097][com.java.SeleniumDriver] [  916] - {Data Fields & Data Values Exist}
[INFO ][2016-01-21 17:39:13,097][com.java.SeleniumDriver] [  918] - --------------------------setting values-----------------------------
[INFO ][2016-01-21 17:39:13,097][com.java.SeleniumDriver] [  921] - Action Type : WaitTime
[DEBUG][2016-01-21 17:39:13,097][com.java.TestType] [ 6189] - sleepTime: 5000
[INFO ][2016-01-21 17:39:18,097][com.java.SeleniumDriver] [  930] -  RESULT true
[INFO ][2016-01-21 17:39:18,097][com.java.SeleniumDriver] [ 1136] - ?   P A S S   ?
[INFO ][2016-01-21 17:39:18,097][com.java.SeleniumDriver] [  856] - ------------------------------------------
[INFO ][2016-01-21 17:39:18,097][com.java.SeleniumDriver] [  857] - Test case being Executed: 4
[INFO ][2016-01-21 17:39:18,097][com.java.SeleniumDriver] [  869] - Test step:31
[INFO ][2016-01-21 17:39:18,097][com.java.SeleniumDriver] [  881] - Datavalue is----------#_keys::< 100,000,000
[INFO ][2016-01-21 17:39:18,097][com.java.SeleniumDriver] [  905] - DataField : PVP//td[contains(text(),'mytext')]//following-sibling::td[1]
[INFO ][2016-01-21 17:39:18,097][com.java.SeleniumDriver] [  907] - DataValue : #_keys::< 100,000,000
[INFO ][2016-01-21 17:39:18,097][com.java.SeleniumDriver] [  913] - <In Set values of the page>
[INFO ][2016-01-21 17:39:18,097][com.java.SeleniumDriver] [  916] - {Data Fields & Data Values Exist}
[INFO ][2016-01-21 17:39:18,097][com.java.SeleniumDriver] [  918] - --------------------------setting values-----------------------------
[INFO ][2016-01-21 17:39:18,097][com.java.SeleniumDriver] [  921] - Action Type : verify
[INFO ][2016-01-21 17:39:18,098][com.java.TestType] [ 7965] - field= PVP//td[contains(text(),'mytext')]//following-sibling::td[1] value= #_keys::< 100,000,000
[INFO ][2016-01-21 17:39:18,098][com.java.TestType] [ 6375] - value = #_keys::< 100,000,000
[INFO ][2016-01-21 17:39:18,208][com.java.SeleniumDriver] [  930] -  RESULT true
[INFO ][2016-01-21 17:39:18,208][com.java.SeleniumDriver] [ 1136] - ?   P A S S   ?
[INFO ][2016-01-21 17:39:18,208][com.java.SeleniumDriver] [  856] - ------------------------------------------
[INFO ][2016-01-21 17:39:18,208][com.java.SeleniumDriver] [  857] - Test case being Executed: 4
[INFO ][2016-01-21 17:39:18,208][com.java.SeleniumDriver] [  869] - Test step:32
[INFO ][2016-01-21 17:39:18,208][com.java.SeleniumDriver] [  881] - Datavalue is----------null
[DEBUG][2016-01-21 17:39:18,208][com.java.SeleniumDriver] [  899] - Exception: null
[INFO ][2016-01-21 17:39:18,209][com.java.SeleniumDriver] [  905] - DataField : BTNparent
[INFO ][2016-01-21 17:39:18,209][com.java.SeleniumDriver] [  907] - DataValue : 
[INFO ][2016-01-21 17:39:18,209][com.java.SeleniumDriver] [  913] - <In Set values of the page>
[INFO ][2016-01-21 17:39:18,209][com.java.SeleniumDriver] [  916] - {Data Fields & Data Values Exist}
[INFO ][2016-01-21 17:39:18,209][com.java.SeleniumDriver] [  918] - --------------------------setting values-----------------------------
[INFO ][2016-01-21 17:39:18,209][com.java.SeleniumDriver] [  921] - Action Type : SELECTFRAME
[INFO ][2016-01-21 17:39:18,224][com.java.SeleniumDriver] [  930] -  RESULT true
[INFO ][2016-01-21 17:39:18,224][com.java.SeleniumDriver] [ 1136] - ?   P A S S   ?
[INFO ][2016-01-21 17:39:18,224][com.java.SeleniumDriver] [  856] - ------------------------------------------
[INFO ][2016-01-21 17:39:18,224][com.java.SeleniumDriver] [  857] - Test case being Executed: 4
[INFO ][2016-01-21 17:39:18,224][com.java.SeleniumDriver] [  869] - Test step:33
[INFO ][2016-01-21 17:39:18,224][com.java.SeleniumDriver] [  881] - Datavalue is----------5
[INFO ][2016-01-21 17:39:18,224][com.java.SeleniumDriver] [  905] - DataField : XPH//span[contains(text(),'Finished')]
[INFO ][2016-01-21 17:39:18,224][com.java.SeleniumDriver] [  907] - DataValue : 5
[INFO ][2016-01-21 17:39:18,225][com.java.SeleniumDriver] [  913] - <In Set values of the page>
[INFO ][2016-01-21 17:39:18,225][com.java.SeleniumDriver] [  916] - {Data Fields & Data Values Exist}
[INFO ][2016-01-21 17:39:18,225][com.java.SeleniumDriver] [  918] - --------------------------setting values-----------------------------
[INFO ][2016-01-21 17:39:18,225][com.java.SeleniumDriver] [  921] - Action Type : WAITFORELEMENT
[INFO ][2016-01-21 17:39:18,260][com.java.SeleniumDriver] [  930] -  RESULT true
[INFO ][2016-01-21 17:39:18,260][com.java.SeleniumDriver] [ 1136] - ?   P A S S   ?
[INFO ][2016-01-21 17:39:18,260][com.java.SeleniumDriver] [  856] - ------------------------------------------
[INFO ][2016-01-21 17:39:18,260][com.java.SeleniumDriver] [  857] - Test case being Executed: 4
[INFO ][2016-01-21 17:39:18,260][com.java.SeleniumDriver] [  869] - Test step:34
[INFO ][2016-01-21 17:39:18,261][com.java.SeleniumDriver] [  881] - Datavalue is----------null
[DEBUG][2016-01-21 17:39:18,261][com.java.SeleniumDriver] [  899] - Exception: null
[INFO ][2016-01-21 17:39:18,261][com.java.SeleniumDriver] [  905] - DataField : HDN//span[contains(text(),'Finished')]
[INFO ][2016-01-21 17:39:18,261][com.java.SeleniumDriver] [  907] - DataValue : 
[INFO ][2016-01-21 17:39:18,261][com.java.SeleniumDriver] [  913] - <In Set values of the page>
[INFO ][2016-01-21 17:39:18,261][com.java.SeleniumDriver] [  916] - {Data Fields & Data Values Exist}
[INFO ][2016-01-21 17:39:18,261][com.java.SeleniumDriver] [  918] - --------------------------setting values-----------------------------
[INFO ][2016-01-21 17:39:18,261][com.java.SeleniumDriver] [  921] - Action Type : CLICK
[INFO ][2016-01-21 17:39:18,261][com.java.TestType] [ 6754] - Field ::HDN//span[contains(text(),'Finished')]
[INFO ][2016-01-21 17:39:18,261][com.java.TestType] [ 6375] - value = 
[INFO ][2016-01-21 17:39:19,398][com.java.SeleniumDriver] [  930] -  RESULT true
[INFO ][2016-01-21 17:39:19,398][com.java.SeleniumDriver] [ 1136] - ?   P A S S   ?
[INFO ][2016-01-21 17:39:19,398][com.java.SeleniumDriver] [  856] - ------------------------------------------
[INFO ][2016-01-21 17:39:19,398][com.java.SeleniumDriver] [  857] - Test case being Executed: 4
[INFO ][2016-01-21 17:39:19,398][com.java.SeleniumDriver] [  869] - Test step:35
[INFO ][2016-01-21 17:39:19,398][com.java.SeleniumDriver] [  881] - Datavalue is----------10
[INFO ][2016-01-21 17:39:19,398][com.java.SeleniumDriver] [  905] - DataField : DSP//div[@class='widgetBody']//tr[last()]
[INFO ][2016-01-21 17:39:19,398][com.java.SeleniumDriver] [  907] - DataValue : 10
[INFO ][2016-01-21 17:39:19,398][com.java.SeleniumDriver] [  913] - <In Set values of the page>
[INFO ][2016-01-21 17:39:19,398][com.java.SeleniumDriver] [  916] - {Data Fields & Data Values Exist}
[INFO ][2016-01-21 17:39:19,398][com.java.SeleniumDriver] [  918] - --------------------------setting values-----------------------------
[INFO ][2016-01-21 17:39:19,398][com.java.SeleniumDriver] [  921] - Action Type : WaitForElement
[INFO ][2016-01-21 17:39:19,566][com.java.SeleniumDriver] [  930] -  RESULT true
[INFO ][2016-01-21 17:39:19,566][com.java.SeleniumDriver] [ 1136] - ?   P A S S   ?
[INFO ][2016-01-21 17:39:19,566][com.java.SeleniumDriver] [  856] - ------------------------------------------
[INFO ][2016-01-21 17:39:19,566][com.java.SeleniumDriver] [  857] - Test case being Executed: 4
[INFO ][2016-01-21 17:39:19,566][com.java.SeleniumDriver] [  869] - Test step:36
[INFO ][2016-01-21 17:39:19,566][com.java.SeleniumDriver] [  881] - Datavalue is----------HMV#_keys
[INFO ][2016-01-21 17:39:19,566][com.java.SeleniumDriver] [  905] - DataField : MSG
[INFO ][2016-01-21 17:39:19,566][com.java.SeleniumDriver] [  907] - DataValue : HMV#_keys
[INFO ][2016-01-21 17:39:19,566][com.java.SeleniumDriver] [  913] - <In Set values of the page>
[INFO ][2016-01-21 17:39:19,566][com.java.SeleniumDriver] [  916] - {Data Fields & Data Values Exist}
[INFO ][2016-01-21 17:39:19,567][com.java.SeleniumDriver] [  918] - --------------------------setting values-----------------------------
[INFO ][2016-01-21 17:39:19,567][com.java.SeleniumDriver] [  921] - Action Type : verify
[INFO ][2016-01-21 17:39:19,567][com.java.TestType] [ 7965] - field= MSG value= HMV#_keys
[INFO ][2016-01-21 17:39:19,567][com.java.TestType] [ 6375] - value = #_CAL57027
[DEBUG][2016-01-21 17:39:19,567][com.java.TestType] [ 8795] - value :: #_CAL57027
[INFO ][2016-01-21 17:39:19,631][com.java.SeleniumDriver] [  930] -  RESULT true
[INFO ][2016-01-21 17:39:19,631][com.java.SeleniumDriver] [ 1136] - ?   P A S S   ?
[INFO ][2016-01-21 17:39:19,631][com.java.SeleniumDriver] [  856] - ------------------------------------------
[INFO ][2016-01-21 17:39:19,631][com.java.SeleniumDriver] [  857] - Test case being Executed: 4
[INFO ][2016-01-21 17:39:19,631][com.java.SeleniumDriver] [  869] - Test step:37
[INFO ][2016-01-21 17:39:19,631][com.java.SeleniumDriver] [  881] - Datavalue is----------5
[INFO ][2016-01-21 17:39:19,631][com.java.SeleniumDriver] [  905] - DataField : test
[INFO ][2016-01-21 17:39:19,631][com.java.SeleniumDriver] [  907] - DataValue : 5
[INFO ][2016-01-21 17:39:19,631][com.java.SeleniumDriver] [  913] - <In Set values of the page>
[INFO ][2016-01-21 17:39:19,631][com.java.SeleniumDriver] [  916] - {Data Fields & Data Values Exist}
[INFO ][2016-01-21 17:39:19,631][com.java.SeleniumDriver] [  918] - --------------------------setting values-----------------------------
[INFO ][2016-01-21 17:39:19,631][com.java.SeleniumDriver] [  921] - Action Type : WaitTime
[DEBUG][2016-01-21 17:39:19,632][com.java.TestType] [ 6189] - sleepTime: 5000
[INFO ][2016-01-21 17:39:24,633][com.java.SeleniumDriver] [  930] -  RESULT true
[INFO ][2016-01-21 17:39:24,633][com.java.SeleniumDriver] [ 1136] - ?   P A S S   ?
[INFO ][2016-01-21 17:39:24,633][com.java.SeleniumDriver] [  856] - ------------------------------------------
[INFO ][2016-01-21 17:39:24,633][com.java.SeleniumDriver] [  857] - Test case being Executed: 4
[INFO ][2016-01-21 17:39:24,633][com.java.SeleniumDriver] [  869] - Test step:38
[INFO ][2016-01-21 17:39:24,633][com.java.SeleniumDriver] [  881] - Datavalue is----------Concept#8:1-16
[INFO ][2016-01-21 17:39:24,633][com.java.SeleniumDriver] [  905] - DataField : test
[INFO ][2016-01-21 17:39:24,633][com.java.SeleniumDriver] [  907] - DataValue : Concept#8:1-16
[INFO ][2016-01-21 17:39:24,633][com.java.SeleniumDriver] [  913] - <In Set values of the page>
[INFO ][2016-01-21 17:39:24,633][com.java.SeleniumDriver] [  916] - {Data Fields & Data Values Exist}
[INFO ][2016-01-21 17:39:24,633][com.java.SeleniumDriver] [  918] - --------------------------setting values-----------------------------
[INFO ][2016-01-21 17:39:24,633][com.java.SeleniumDriver] [  921] - Action Type : ExecuteTestCase
[INFO ][2016-01-21 17:39:24,634][com.java.TestType] [  442] - The Concept sheet name is ---------- Concept
[INFO ][2016-01-21 17:39:24,634][com.java.TestType] [  445] - The Concept ID  is ---------- 8
[DEBUG][2016-01-21 17:39:24,634][com.java.TestType] [  449] - Steps being executted in the Concept are: 1:16
[INFO ][2016-01-21 17:39:24,634][com.java.TestType] [  456] - Test data details path ---------- D:\BankersDashboard\TestInputs\TestData.xls
[INFO ][2016-01-21 17:39:24,653][com.java.TestType] [  487] -  str(1) = 8
[INFO ][2016-01-21 17:39:24,653][com.java.TestType] [  490] - Test case Id is---8
[INFO ][2016-01-21 17:39:24,653][com.java.TestType] [  492] - 8
[INFO ][2016-01-21 17:39:24,653][com.java.TestType] [  487] -  str(2) = 1
[INFO ][2016-01-21 17:39:24,654][com.java.TestType] [  487] -  str(1) = 8
[INFO ][2016-01-21 17:39:24,654][com.java.TestType] [  490] - Test case Id is---8
[INFO ][2016-01-21 17:39:24,655][com.java.TestType] [  492] - 8
[INFO ][2016-01-21 17:39:24,655][com.java.TestType] [  487] -  str(2) = 2
[INFO ][2016-01-21 17:39:24,655][com.java.TestType] [  487] -  str(1) = 8
[INFO ][2016-01-21 17:39:24,655][com.java.TestType] [  490] - Test case Id is---8
[INFO ][2016-01-21 17:39:24,655][com.java.TestType] [  492] - 8
[INFO ][2016-01-21 17:39:24,655][com.java.TestType] [  487] -  str(2) = 3
[INFO ][2016-01-21 17:39:24,656][com.java.TestType] [  487] -  str(1) = 8
[INFO ][2016-01-21 17:39:24,656][com.java.TestType] [  490] - Test case Id is---8
[INFO ][2016-01-21 17:39:24,656][com.java.TestType] [  492] - 8
[INFO ][2016-01-21 17:39:24,656][com.java.TestType] [  487] -  str(2) = 4
[INFO ][2016-01-21 17:39:24,657][com.java.TestType] [  487] -  str(1) = 8
[INFO ][2016-01-21 17:39:24,657][com.java.TestType] [  490] - Test case Id is---8
[INFO ][2016-01-21 17:39:24,657][com.java.TestType] [  492] - 8
[INFO ][2016-01-21 17:39:24,657][com.java.TestType] [  487] -  str(2) = 5
[INFO ][2016-01-21 17:39:24,658][com.java.TestType] [  487] -  str(1) = 8
[INFO ][2016-01-21 17:39:24,658][com.java.TestType] [  490] - Test case Id is---8
[INFO ][2016-01-21 17:39:24,658][com.java.TestType] [  492] - 8
[INFO ][2016-01-21 17:39:24,658][com.java.TestType] [  487] -  str(2) = 6
[INFO ][2016-01-21 17:39:24,659][com.java.TestType] [  487] -  str(1) = 8
[INFO ][2016-01-21 17:39:24,659][com.java.TestType] [  490] - Test case Id is---8
[INFO ][2016-01-21 17:39:24,659][com.java.TestType] [  492] - 8
[INFO ][2016-01-21 17:39:24,659][com.java.TestType] [  487] -  str(2) = 7
[INFO ][2016-01-21 17:39:24,660][com.java.TestType] [  487] -  str(1) = 8
[INFO ][2016-01-21 17:39:24,660][com.java.TestType] [  490] - Test case Id is---8
[INFO ][2016-01-21 17:39:24,660][com.java.TestType] [  492] - 8
[INFO ][2016-01-21 17:39:24,660][com.java.TestType] [  487] -  str(2) = 8
[INFO ][2016-01-21 17:39:24,661][com.java.TestType] [  487] -  str(1) = 8
[INFO ][2016-01-21 17:39:24,661][com.java.TestType] [  490] - Test case Id is---8
[INFO ][2016-01-21 17:39:24,661][com.java.TestType] [  492] - 8
[INFO ][2016-01-21 17:39:24,661][com.java.TestType] [  487] -  str(2) = 9
[INFO ][2016-01-21 17:39:24,662][com.java.TestType] [  487] -  str(1) = 8
[INFO ][2016-01-21 17:39:24,662][com.java.TestType] [  490] - Test case Id is---8
[INFO ][2016-01-21 17:39:24,662][com.java.TestType] [  492] - 8
[INFO ][2016-01-21 17:39:24,662][com.java.TestType] [  487] -  str(2) = 10
[INFO ][2016-01-21 17:39:24,663][com.java.TestType] [  487] -  str(1) = 8
[INFO ][2016-01-21 17:39:24,663][com.java.TestType] [  490] - Test case Id is---8
[INFO ][2016-01-21 17:39:24,663][com.java.TestType] [  492] - 8
[INFO ][2016-01-21 17:39:24,663][com.java.TestType] [  487] -  str(2) = 11
[INFO ][2016-01-21 17:39:24,663][com.java.TestType] [  487] -  str(1) = 8
[INFO ][2016-01-21 17:39:24,663][com.java.TestType] [  490] - Test case Id is---8
[INFO ][2016-01-21 17:39:24,663][com.java.TestType] [  492] - 8
[INFO ][2016-01-21 17:39:24,664][com.java.TestType] [  487] -  str(2) = 12
[INFO ][2016-01-21 17:39:24,664][com.java.TestType] [  487] -  str(1) = 8
[INFO ][2016-01-21 17:39:24,664][com.java.TestType] [  490] - Test case Id is---8
[INFO ][2016-01-21 17:39:24,664][com.java.TestType] [  492] - 8
[INFO ][2016-01-21 17:39:24,664][com.java.TestType] [  487] -  str(2) = 13
[INFO ][2016-01-21 17:39:24,665][com.java.TestType] [  487] -  str(1) = 8
[INFO ][2016-01-21 17:39:24,665][com.java.TestType] [  490] - Test case Id is---8
[INFO ][2016-01-21 17:39:24,665][com.java.TestType] [  492] - 8
[INFO ][2016-01-21 17:39:24,665][com.java.TestType] [  487] -  str(2) = 14
[INFO ][2016-01-21 17:39:24,666][com.java.TestType] [  487] -  str(1) = 8
[INFO ][2016-01-21 17:39:24,666][com.java.TestType] [  490] - Test case Id is---8
[INFO ][2016-01-21 17:39:24,666][com.java.TestType] [  492] - 8
[INFO ][2016-01-21 17:39:24,666][com.java.TestType] [  487] -  str(2) = 15
[INFO ][2016-01-21 17:39:24,667][com.java.TestType] [  487] -  str(1) = 8
[INFO ][2016-01-21 17:39:24,667][com.java.TestType] [  490] - Test case Id is---8
[INFO ][2016-01-21 17:39:24,667][com.java.TestType] [  492] - 8
[INFO ][2016-01-21 17:39:24,667][com.java.TestType] [  487] -  str(2) = 16
[INFO ][2016-01-21 17:39:24,668][com.java.TestType] [11632] - Looping 1TCID = 8
[DEBUG][2016-01-21 17:39:24,668][com.java.TestType] [11673] - Concept ID:8 :: Step being Executed: 8::1
[ERROR][2016-01-21 17:39:24,668][com.java.TestType] [11706] - Exception: null
[INFO ][2016-01-21 17:39:24,668][com.java.TestType] [11711] - dataFields : BTNparent
[DEBUG][2016-01-21 17:39:24,669][com.java.TestType] [11717] - <In Set values of the page>
[DEBUG][2016-01-21 17:39:24,669][com.java.TestType] [11722] - {Data Fields & Data Values Exist}
[INFO ][2016-01-21 17:39:24,669][com.java.TestType] [11728] - --------------------------setting values-----------------------------
[INFO ][2016-01-21 17:39:24,669][com.java.TestType] [11731] - Action Type : SELECTFRAME
[INFO ][2016-01-21 17:39:24,684][com.java.TestType] [11750] -  RESULT true
[INFO ][2016-01-21 17:39:24,684][com.java.TestType] [11867] - ?   P A S S   ?
[DEBUG][2016-01-21 17:39:24,684][com.java.TestType] [11673] - Concept ID:8 :: Step being Executed: 8::2
[INFO ][2016-01-21 17:39:24,684][com.java.TestType] [11711] - dataFields : test
[DEBUG][2016-01-21 17:39:24,684][com.java.TestType] [11717] - <In Set values of the page>
[DEBUG][2016-01-21 17:39:24,684][com.java.TestType] [11722] - {Data Fields & Data Values Exist}
[INFO ][2016-01-21 17:39:24,684][com.java.TestType] [11728] - --------------------------setting values-----------------------------
[INFO ][2016-01-21 17:39:24,684][com.java.TestType] [11731] - Action Type : OPENURL
[INFO ][2016-01-21 17:39:24,685][com.java.TestType] [ 6375] - value = https://clients-xuat.bankersdashboard.com
[INFO ][2016-01-21 17:39:24,685][com.java.TestType] [  358] - Open URL : https://clients-xuat.bankersdashboard.com
[INFO ][2016-01-21 17:39:27,020][com.java.TestType] [11750] -  RESULT true
[INFO ][2016-01-21 17:39:27,020][com.java.TestType] [11867] - ?   P A S S   ?
[DEBUG][2016-01-21 17:39:27,021][com.java.TestType] [11673] - Concept ID:8 :: Step being Executed: 8::3
[ERROR][2016-01-21 17:39:27,021][com.java.TestType] [11706] - Exception: null
[INFO ][2016-01-21 17:39:27,021][com.java.TestType] [11711] - dataFields : //span[@class='icon-cog2']&&//ul[@id='Settings']/li/a&&//ul[@id='Customize']/li/a
[DEBUG][2016-01-21 17:39:27,021][com.java.TestType] [11717] - <In Set values of the page>
[DEBUG][2016-01-21 17:39:27,021][com.java.TestType] [11722] - {Data Fields & Data Values Exist}
[INFO ][2016-01-21 17:39:27,021][com.java.TestType] [11728] - --------------------------setting values-----------------------------
[INFO ][2016-01-21 17:39:27,021][com.java.TestType] [11731] - Action Type : MOUSEOVER
[INFO ][2016-01-21 17:39:54,417][com.java.TestType] [11750] -  RESULT true
[INFO ][2016-01-21 17:39:54,417][com.java.TestType] [11867] - ?   P A S S   ?
[DEBUG][2016-01-21 17:39:54,417][com.java.TestType] [11673] - Concept ID:8 :: Step being Executed: 8::4
[INFO ][2016-01-21 17:39:54,417][com.java.TestType] [11711] - dataFields : XPH//span[@class='ui-dialog-title']
[DEBUG][2016-01-21 17:39:54,417][com.java.TestType] [11717] - <In Set values of the page>
[DEBUG][2016-01-21 17:39:54,417][com.java.TestType] [11722] - {Data Fields & Data Values Exist}
[INFO ][2016-01-21 17:39:54,417][com.java.TestType] [11728] - --------------------------setting values-----------------------------
[INFO ][2016-01-21 17:39:54,417][com.java.TestType] [11731] - Action Type : Verify
[INFO ][2016-01-21 17:39:54,417][com.java.TestType] [ 7965] - field= XPH//span[@class='ui-dialog-title'] value= My Dashboard Indicators
[INFO ][2016-01-21 17:39:54,417][com.java.TestType] [ 6375] - value = My Dashboard Indicators
[INFO ][2016-01-21 17:39:54,535][com.java.TestType] [11750] -  RESULT true
[INFO ][2016-01-21 17:39:54,535][com.java.TestType] [11867] - ?   P A S S   ?
[DEBUG][2016-01-21 17:39:54,535][com.java.TestType] [11673] - Concept ID:8 :: Step being Executed: 8::5
[ERROR][2016-01-21 17:39:54,535][com.java.TestType] [11706] - Exception: null
[INFO ][2016-01-21 17:39:54,536][com.java.TestType] [11711] - dataFields : BTNframeDialogContent
[DEBUG][2016-01-21 17:39:54,536][com.java.TestType] [11717] - <In Set values of the page>
[DEBUG][2016-01-21 17:39:54,536][com.java.TestType] [11722] - {Data Fields & Data Values Exist}
[INFO ][2016-01-21 17:39:54,537][com.java.TestType] [11728] - --------------------------setting values-----------------------------
[INFO ][2016-01-21 17:39:54,537][com.java.TestType] [11731] - Action Type : selectframe
[INFO ][2016-01-21 17:39:55,804][com.java.TestType] [11750] -  RESULT true
[INFO ][2016-01-21 17:39:55,804][com.java.TestType] [11867] - ?   P A S S   ?
[DEBUG][2016-01-21 17:39:55,804][com.java.TestType] [11673] - Concept ID:8 :: Step being Executed: 8::6
[INFO ][2016-01-21 17:39:55,804][com.java.TestType] [11711] - dataFields : HDC//td[contains(text(),'mytext')]
[DEBUG][2016-01-21 17:39:55,805][com.java.TestType] [11717] - <In Set values of the page>
[DEBUG][2016-01-21 17:39:55,805][com.java.TestType] [11722] - {Data Fields & Data Values Exist}
[INFO ][2016-01-21 17:39:55,805][com.java.TestType] [11728] - --------------------------setting values-----------------------------
[INFO ][2016-01-21 17:39:55,805][com.java.TestType] [11731] - Action Type : CLICK
[INFO ][2016-01-21 17:39:55,805][com.java.TestType] [ 6754] - Field ::HDC//td[contains(text(),'mytext')]
[INFO ][2016-01-21 17:39:55,805][com.java.TestType] [ 6375] - value = #_keys
[INFO ][2016-01-21 17:39:57,129][com.java.TestType] [11750] -  RESULT true
[INFO ][2016-01-21 17:39:57,129][com.java.TestType] [11867] - ?   P A S S   ?
[DEBUG][2016-01-21 17:39:57,130][com.java.TestType] [11673] - Concept ID:8 :: Step being Executed: 8::7
[INFO ][2016-01-21 17:39:57,130][com.java.TestType] [11711] - dataFields : RCC//td[contains(text(),'mytext')]/following-sibling::td[7]//span[@class="glyphicon glyphicon-remove"]
[DEBUG][2016-01-21 17:39:57,130][com.java.TestType] [11717] - <In Set values of the page>
[DEBUG][2016-01-21 17:39:57,130][com.java.TestType] [11722] - {Data Fields & Data Values Exist}
[INFO ][2016-01-21 17:39:57,130][com.java.TestType] [11728] - --------------------------setting values-----------------------------
[INFO ][2016-01-21 17:39:57,130][com.java.TestType] [11731] - Action Type : CLICKWITHALERT
[INFO ][2016-01-21 17:40:08,255][com.java.TestType] [11750] -  RESULT true
[INFO ][2016-01-21 17:40:08,256][com.java.TestType] [11867] - ?   P A S S   ?
[DEBUG][2016-01-21 17:40:08,256][com.java.TestType] [11673] - Concept ID:8 :: Step being Executed: 8::9
[INFO ][2016-01-21 17:40:08,257][com.java.TestType] [11711] - dataFields : test
[DEBUG][2016-01-21 17:40:08,257][com.java.TestType] [11717] - <In Set values of the page>
[DEBUG][2016-01-21 17:40:08,257][com.java.TestType] [11722] - {Data Fields & Data Values Exist}
[INFO ][2016-01-21 17:40:08,257][com.java.TestType] [11728] - --------------------------setting values-----------------------------
[INFO ][2016-01-21 17:40:08,257][com.java.TestType] [11731] - Action Type : waittime
[DEBUG][2016-01-21 17:40:08,257][com.java.TestType] [ 6189] - sleepTime: 10000
[INFO ][2016-01-21 17:40:18,258][com.java.TestType] [11750] -  RESULT true
[INFO ][2016-01-21 17:40:18,258][com.java.TestType] [11867] - ?   P A S S   ?
[DEBUG][2016-01-21 17:40:18,258][com.java.TestType] [11673] - Concept ID:8 :: Step being Executed: 8::10
[ERROR][2016-01-21 17:40:18,258][com.java.TestType] [11706] - Exception: null
[INFO ][2016-01-21 17:40:18,258][com.java.TestType] [11711] - dataFields : BTNparent
[DEBUG][2016-01-21 17:40:18,258][com.java.TestType] [11717] - <In Set values of the page>
[DEBUG][2016-01-21 17:40:18,258][com.java.TestType] [11722] - {Data Fields & Data Values Exist}
[INFO ][2016-01-21 17:40:18,258][com.java.TestType] [11728] - --------------------------setting values-----------------------------
[INFO ][2016-01-21 17:40:18,258][com.java.TestType] [11731] - Action Type : SELECTFRAME
[INFO ][2016-01-21 17:40:18,274][com.java.TestType] [11750] -  RESULT true
[INFO ][2016-01-21 17:40:18,275][com.java.TestType] [11867] - ?   P A S S   ?
[DEBUG][2016-01-21 17:40:18,275][com.java.TestType] [11673] - Concept ID:8 :: Step being Executed: 8::11
[INFO ][2016-01-21 17:40:18,275][com.java.TestType] [11711] - dataFields : XPH//span[contains(text(),'Finished')]
[DEBUG][2016-01-21 17:40:18,275][com.java.TestType] [11717] - <In Set values of the page>
[DEBUG][2016-01-21 17:40:18,275][com.java.TestType] [11722] - {Data Fields & Data Values Exist}
[INFO ][2016-01-21 17:40:18,275][com.java.TestType] [11728] - --------------------------setting values-----------------------------
[INFO ][2016-01-21 17:40:18,275][com.java.TestType] [11731] - Action Type : WAITFORELEMENT
[INFO ][2016-01-21 17:40:18,310][com.java.TestType] [11750] -  RESULT true
[INFO ][2016-01-21 17:40:18,310][com.java.TestType] [11867] - ?   P A S S   ?
[DEBUG][2016-01-21 17:40:18,310][com.java.TestType] [11673] - Concept ID:8 :: Step being Executed: 8::12
[ERROR][2016-01-21 17:40:18,310][com.java.TestType] [11706] - Exception: null
[INFO ][2016-01-21 17:40:18,310][com.java.TestType] [11711] - dataFields : HDN//span[contains(text(),'Finished')]
[DEBUG][2016-01-21 17:40:18,310][com.java.TestType] [11717] - <In Set values of the page>
[DEBUG][2016-01-21 17:40:18,311][com.java.TestType] [11722] - {Data Fields & Data Values Exist}
[INFO ][2016-01-21 17:40:18,311][com.java.TestType] [11728] - --------------------------setting values-----------------------------
[INFO ][2016-01-21 17:40:18,311][com.java.TestType] [11731] - Action Type : click
[INFO ][2016-01-21 17:40:18,311][com.java.TestType] [ 6754] - Field ::HDN//span[contains(text(),'Finished')]
[INFO ][2016-01-21 17:40:18,311][com.java.TestType] [ 6375] - value = 
[INFO ][2016-01-21 17:40:19,467][com.java.TestType] [11750] -  RESULT true
[INFO ][2016-01-21 17:40:19,467][com.java.TestType] [11867] - ?   P A S S   ?
[DEBUG][2016-01-21 17:40:19,467][com.java.TestType] [11673] - Concept ID:8 :: Step being Executed: 8::13
[INFO ][2016-01-21 17:40:19,467][com.java.TestType] [11711] - dataFields : test
[DEBUG][2016-01-21 17:40:19,467][com.java.TestType] [11717] - <In Set values of the page>
[DEBUG][2016-01-21 17:40:19,467][com.java.TestType] [11722] - {Data Fields & Data Values Exist}
[INFO ][2016-01-21 17:40:19,467][com.java.TestType] [11728] - --------------------------setting values-----------------------------
[INFO ][2016-01-21 17:40:19,467][com.java.TestType] [11731] - Action Type : waittime
[DEBUG][2016-01-21 17:40:19,468][com.java.TestType] [ 6189] - sleepTime: 10000
[INFO ][2016-01-21 17:40:29,469][com.java.TestType] [11750] -  RESULT true
[INFO ][2016-01-21 17:40:29,469][com.java.TestType] [11867] - ?   P A S S   ?
[DEBUG][2016-01-21 17:40:29,469][com.java.TestType] [11673] - Concept ID:8 :: Step being Executed: 8::14
[INFO ][2016-01-21 17:40:29,469][com.java.TestType] [11711] - dataFields : XPH//div[contains(text(), 'My Dashboard')]
[DEBUG][2016-01-21 17:40:29,469][com.java.TestType] [11717] - <In Set values of the page>
[DEBUG][2016-01-21 17:40:29,469][com.java.TestType] [11722] - {Data Fields & Data Values Exist}
[INFO ][2016-01-21 17:40:29,469][com.java.TestType] [11728] - --------------------------setting values-----------------------------
[INFO ][2016-01-21 17:40:29,469][com.java.TestType] [11731] - Action Type : WAITFORELEMENT
[INFO ][2016-01-21 17:40:29,505][com.java.TestType] [11750] -  RESULT true
[INFO ][2016-01-21 17:40:29,505][com.java.TestType] [11867] - ?   P A S S   ?
[DEBUG][2016-01-21 17:40:29,505][com.java.TestType] [11673] - Concept ID:8 :: Step being Executed: 8::15
[INFO ][2016-01-21 17:40:29,505][com.java.TestType] [11711] - dataFields : BTN
[DEBUG][2016-01-21 17:40:29,506][com.java.TestType] [11717] - <In Set values of the page>
[DEBUG][2016-01-21 17:40:29,506][com.java.TestType] [11722] - {Data Fields & Data Values Exist}
[INFO ][2016-01-21 17:40:29,506][com.java.TestType] [11728] - --------------------------setting values-----------------------------
[INFO ][2016-01-21 17:40:29,506][com.java.TestType] [11731] - Action Type : Verify
[INFO ][2016-01-21 17:40:29,506][com.java.TestType] [ 7965] - field= BTN value= //div[contains(text(), 'My Dashboard')]
[INFO ][2016-01-21 17:40:29,506][com.java.TestType] [ 6375] - value = //div[contains(text(), 'My Dashboard')]
[INFO ][2016-01-21 17:40:29,587][com.java.TestType] [11750] -  RESULT true
[INFO ][2016-01-21 17:40:29,587][com.java.TestType] [11867] - ?   P A S S   ?
[DEBUG][2016-01-21 17:40:29,587][com.java.TestType] [11673] - Concept ID:8 :: Step being Executed: 8::16
[INFO ][2016-01-21 17:40:29,587][com.java.TestType] [11711] - dataFields : MSG
[DEBUG][2016-01-21 17:40:29,587][com.java.TestType] [11717] - <In Set values of the page>
[DEBUG][2016-01-21 17:40:29,588][com.java.TestType] [11722] - {Data Fields & Data Values Exist}
[INFO ][2016-01-21 17:40:29,588][com.java.TestType] [11728] - --------------------------setting values-----------------------------
[INFO ][2016-01-21 17:40:29,588][com.java.TestType] [11731] - Action Type : VERIFYNOTPRESENT
[INFO ][2016-01-21 17:40:29,588][com.java.TestType] [ 9716] - field= MSG value= HMV#_keys
[INFO ][2016-01-21 17:40:29,654][com.java.TestType] [11750] -  RESULT true
[INFO ][2016-01-21 17:40:29,654][com.java.TestType] [11867] - ?   P A S S   ?
[INFO ][2016-01-21 17:40:29,654][com.java.TestType] [11938] - Looping End......
[INFO ][2016-01-21 17:40:29,656][com.java.SeleniumDriver] [  930] -  RESULT true
[INFO ][2016-01-21 17:40:29,656][com.java.SeleniumDriver] [ 1136] - ?   P A S S   ?
[INFO ][2016-01-21 17:40:29,656][com.java.SeleniumDriver] [  856] - ------------------------------------------
[INFO ][2016-01-21 17:40:29,656][com.java.SeleniumDriver] [  857] - Test case being Executed: 4
[INFO ][2016-01-21 17:40:29,656][com.java.SeleniumDriver] [  869] - Test step:39
[INFO ][2016-01-21 17:40:29,656][com.java.SeleniumDriver] [  881] - Datavalue is----------Concept#9:1-25
[INFO ][2016-01-21 17:40:29,656][com.java.SeleniumDriver] [  905] - DataField : test
[INFO ][2016-01-21 17:40:29,656][com.java.SeleniumDriver] [  907] - DataValue : Concept#9:1-25
[INFO ][2016-01-21 17:40:29,656][com.java.SeleniumDriver] [  913] - <In Set values of the page>
[INFO ][2016-01-21 17:40:29,656][com.java.SeleniumDriver] [  916] - {Data Fields & Data Values Exist}
[INFO ][2016-01-21 17:40:29,656][com.java.SeleniumDriver] [  918] - --------------------------setting values-----------------------------
[INFO ][2016-01-21 17:40:29,656][com.java.SeleniumDriver] [  921] - Action Type : ExecuteTestCase
[INFO ][2016-01-21 17:40:29,656][com.java.TestType] [  442] - The Concept sheet name is ---------- Concept
[INFO ][2016-01-21 17:40:29,657][com.java.TestType] [  445] - The Concept ID  is ---------- 9
[DEBUG][2016-01-21 17:40:29,657][com.java.TestType] [  449] - Steps being executted in the Concept are: 1:25
[INFO ][2016-01-21 17:40:29,657][com.java.TestType] [  456] - Test data details path ---------- D:\BankersDashboard\TestInputs\TestData.xls
[INFO ][2016-01-21 17:40:29,679][com.java.TestType] [  487] -  str(1) = 9
[INFO ][2016-01-21 17:40:29,679][com.java.TestType] [  490] - Test case Id is---9
[INFO ][2016-01-21 17:40:29,679][com.java.TestType] [  492] - 9
[INFO ][2016-01-21 17:40:29,679][com.java.TestType] [  487] -  str(2) = 1
[INFO ][2016-01-21 17:40:29,680][com.java.TestType] [  487] -  str(1) = 9
[INFO ][2016-01-21 17:40:29,680][com.java.TestType] [  490] - Test case Id is---9
[INFO ][2016-01-21 17:40:29,680][com.java.TestType] [  492] - 9
[INFO ][2016-01-21 17:40:29,680][com.java.TestType] [  487] -  str(2) = 2
[INFO ][2016-01-21 17:40:29,681][com.java.TestType] [  487] -  str(1) = 9
[INFO ][2016-01-21 17:40:29,681][com.java.TestType] [  490] - Test case Id is---9
[INFO ][2016-01-21 17:40:29,681][com.java.TestType] [  492] - 9
[INFO ][2016-01-21 17:40:29,681][com.java.TestType] [  487] -  str(2) = 3
[INFO ][2016-01-21 17:40:29,682][com.java.TestType] [  487] -  str(1) = 9
[INFO ][2016-01-21 17:40:29,682][com.java.TestType] [  490] - Test case Id is---9
[INFO ][2016-01-21 17:40:29,682][com.java.TestType] [  492] - 9
[INFO ][2016-01-21 17:40:29,682][com.java.TestType] [  487] -  str(2) = 4
[INFO ][2016-01-21 17:40:29,683][com.java.TestType] [  487] -  str(1) = 9
[INFO ][2016-01-21 17:40:29,683][com.java.TestType] [  490] - Test case Id is---9
[INFO ][2016-01-21 17:40:29,683][com.java.TestType] [  492] - 9
[INFO ][2016-01-21 17:40:29,683][com.java.TestType] [  487] -  str(2) = 5
[INFO ][2016-01-21 17:40:29,684][com.java.TestType] [  487] -  str(1) = 9
[INFO ][2016-01-21 17:40:29,684][com.java.TestType] [  490] - Test case Id is---9
[INFO ][2016-01-21 17:40:29,684][com.java.TestType] [  492] - 9
[INFO ][2016-01-21 17:40:29,684][com.java.TestType] [  487] -  str(2) = 6
[INFO ][2016-01-21 17:40:29,685][com.java.TestType] [  487] -  str(1) = 9
[INFO ][2016-01-21 17:40:29,685][com.java.TestType] [  490] - Test case Id is---9
[INFO ][2016-01-21 17:40:29,685][com.java.TestType] [  492] - 9
[INFO ][2016-01-21 17:40:29,685][com.java.TestType] [  487] -  str(2) = 7
[INFO ][2016-01-21 17:40:29,686][com.java.TestType] [  487] -  str(1) = 9
[INFO ][2016-01-21 17:40:29,686][com.java.TestType] [  490] - Test case Id is---9
[INFO ][2016-01-21 17:40:29,686][com.java.TestType] [  492] - 9
[INFO ][2016-01-21 17:40:29,686][com.java.TestType] [  487] -  str(2) = 8
[INFO ][2016-01-21 17:40:29,687][com.java.TestType] [  487] -  str(1) = 9
[INFO ][2016-01-21 17:40:29,687][com.java.TestType] [  490] - Test case Id is---9
[INFO ][2016-01-21 17:40:29,687][com.java.TestType] [  492] - 9
[INFO ][2016-01-21 17:40:29,687][com.java.TestType] [  487] -  str(2) = 9
[INFO ][2016-01-21 17:40:29,687][com.java.TestType] [  487] -  str(1) = 9
[INFO ][2016-01-21 17:40:29,687][com.java.TestType] [  490] - Test case Id is---9
[INFO ][2016-01-21 17:40:29,687][com.java.TestType] [  492] - 9
[INFO ][2016-01-21 17:40:29,688][com.java.TestType] [  487] -  str(2) = 10
[INFO ][2016-01-21 17:40:29,688][com.java.TestType] [  487] -  str(1) = 9
[INFO ][2016-01-21 17:40:29,688][com.java.TestType] [  490] - Test case Id is---9
[INFO ][2016-01-21 17:40:29,688][com.java.TestType] [  492] - 9
[INFO ][2016-01-21 17:40:29,688][com.java.TestType] [  487] -  str(2) = 11
[INFO ][2016-01-21 17:40:29,689][com.java.TestType] [  487] -  str(1) = 9
[INFO ][2016-01-21 17:40:29,689][com.java.TestType] [  490] - Test case Id is---9
[INFO ][2016-01-21 17:40:29,689][com.java.TestType] [  492] - 9
[INFO ][2016-01-21 17:40:29,689][com.java.TestType] [  487] -  str(2) = 12
[INFO ][2016-01-21 17:40:29,690][com.java.TestType] [  487] -  str(1) = 9
[INFO ][2016-01-21 17:40:29,690][com.java.TestType] [  490] - Test case Id is---9
[INFO ][2016-01-21 17:40:29,690][com.java.TestType] [  492] - 9
[INFO ][2016-01-21 17:40:29,690][com.java.TestType] [  487] -  str(2) = 13
[INFO ][2016-01-21 17:40:29,691][com.java.TestType] [  487] -  str(1) = 9
[INFO ][2016-01-21 17:40:29,691][com.java.TestType] [  490] - Test case Id is---9
[INFO ][2016-01-21 17:40:29,691][com.java.TestType] [  492] - 9
[INFO ][2016-01-21 17:40:29,691][com.java.TestType] [  487] -  str(2) = 14
[INFO ][2016-01-21 17:40:29,692][com.java.TestType] [  487] -  str(1) = 9
[INFO ][2016-01-21 17:40:29,692][com.java.TestType] [  490] - Test case Id is---9
[INFO ][2016-01-21 17:40:29,692][com.java.TestType] [  492] - 9
[INFO ][2016-01-21 17:40:29,692][com.java.TestType] [  487] -  str(2) = 15
[INFO ][2016-01-21 17:40:29,693][com.java.TestType] [  487] -  str(1) = 9
[INFO ][2016-01-21 17:40:29,693][com.java.TestType] [  490] - Test case Id is---9
[INFO ][2016-01-21 17:40:29,693][com.java.TestType] [  492] - 9
[INFO ][2016-01-21 17:40:29,693][com.java.TestType] [  487] -  str(2) = 16
[INFO ][2016-01-21 17:40:29,694][com.java.TestType] [  487] -  str(1) = 9
[INFO ][2016-01-21 17:40:29,694][com.java.TestType] [  490] - Test case Id is---9
[INFO ][2016-01-21 17:40:29,694][com.java.TestType] [  492] - 9
[INFO ][2016-01-21 17:40:29,694][com.java.TestType] [  487] -  str(2) = 17
[INFO ][2016-01-21 17:40:29,695][com.java.TestType] [  487] -  str(1) = 9
[INFO ][2016-01-21 17:40:29,695][com.java.TestType] [  490] - Test case Id is---9
[INFO ][2016-01-21 17:40:29,695][com.java.TestType] [  492] - 9
[INFO ][2016-01-21 17:40:29,695][com.java.TestType] [  487] -  str(2) = 18
[INFO ][2016-01-21 17:40:29,695][com.java.TestType] [  487] -  str(1) = 9
[INFO ][2016-01-21 17:40:29,695][com.java.TestType] [  490] - Test case Id is---9
[INFO ][2016-01-21 17:40:29,695][com.java.TestType] [  492] - 9
[INFO ][2016-01-21 17:40:29,696][com.java.TestType] [  487] -  str(2) = 19
[INFO ][2016-01-21 17:40:29,696][com.java.TestType] [  487] -  str(1) = 9
[INFO ][2016-01-21 17:40:29,696][com.java.TestType] [  490] - Test case Id is---9
[INFO ][2016-01-21 17:40:29,696][com.java.TestType] [  492] - 9
[INFO ][2016-01-21 17:40:29,696][com.java.TestType] [  487] -  str(2) = 20
[INFO ][2016-01-21 17:40:29,697][com.java.TestType] [  487] -  str(1) = 9
[INFO ][2016-01-21 17:40:29,697][com.java.TestType] [  490] - Test case Id is---9
[INFO ][2016-01-21 17:40:29,697][com.java.TestType] [  492] - 9
[INFO ][2016-01-21 17:40:29,697][com.java.TestType] [  487] -  str(2) = 21
[INFO ][2016-01-21 17:40:29,698][com.java.TestType] [  487] -  str(1) = 9
[INFO ][2016-01-21 17:40:29,698][com.java.TestType] [  490] - Test case Id is---9
[INFO ][2016-01-21 17:40:29,698][com.java.TestType] [  492] - 9
[INFO ][2016-01-21 17:40:29,698][com.java.TestType] [  487] -  str(2) = 22
[INFO ][2016-01-21 17:40:29,699][com.java.TestType] [  487] -  str(1) = 9
[INFO ][2016-01-21 17:40:29,699][com.java.TestType] [  490] - Test case Id is---9
[INFO ][2016-01-21 17:40:29,699][com.java.TestType] [  492] - 9
[INFO ][2016-01-21 17:40:29,699][com.java.TestType] [  487] -  str(2) = 23
[INFO ][2016-01-21 17:40:29,700][com.java.TestType] [  487] -  str(1) = 9
[INFO ][2016-01-21 17:40:29,700][com.java.TestType] [  490] - Test case Id is---9
[INFO ][2016-01-21 17:40:29,700][com.java.TestType] [  492] - 9
[INFO ][2016-01-21 17:40:29,700][com.java.TestType] [  487] -  str(2) = 24
[INFO ][2016-01-21 17:40:29,701][com.java.TestType] [  487] -  str(1) = 9
[INFO ][2016-01-21 17:40:29,701][com.java.TestType] [  490] - Test case Id is---9
[INFO ][2016-01-21 17:40:29,701][com.java.TestType] [  492] - 9
[INFO ][2016-01-21 17:40:29,701][com.java.TestType] [  487] -  str(2) = 25
[INFO ][2016-01-21 17:40:29,702][com.java.TestType] [11632] - Looping 1TCID = 9
[DEBUG][2016-01-21 17:40:29,702][com.java.TestType] [11673] - Concept ID:9 :: Step being Executed: 9::1
[ERROR][2016-01-21 17:40:29,702][com.java.TestType] [11706] - Exception: null
[INFO ][2016-01-21 17:40:29,702][com.java.TestType] [11711] - dataFields : BTNparent
[DEBUG][2016-01-21 17:40:29,702][com.java.TestType] [11717] - <In Set values of the page>
[DEBUG][2016-01-21 17:40:29,702][com.java.TestType] [11722] - {Data Fields & Data Values Exist}
[INFO ][2016-01-21 17:40:29,702][com.java.TestType] [11728] - --------------------------setting values-----------------------------
[INFO ][2016-01-21 17:40:29,702][com.java.TestType] [11731] - Action Type : SELECTFRAME
[INFO ][2016-01-21 17:40:29,717][com.java.TestType] [11750] -  RESULT true
[INFO ][2016-01-21 17:40:29,717][com.java.TestType] [11867] - ?   P A S S   ?
[DEBUG][2016-01-21 17:40:29,717][com.java.TestType] [11673] - Concept ID:9 :: Step being Executed: 9::2
[INFO ][2016-01-21 17:40:29,717][com.java.TestType] [11711] - dataFields : test
[DEBUG][2016-01-21 17:40:29,717][com.java.TestType] [11717] - <In Set values of the page>
[DEBUG][2016-01-21 17:40:29,717][com.java.TestType] [11722] - {Data Fields & Data Values Exist}
[INFO ][2016-01-21 17:40:29,717][com.java.TestType] [11728] - --------------------------setting values-----------------------------
[INFO ][2016-01-21 17:40:29,717][com.java.TestType] [11731] - Action Type : OPENURL
[INFO ][2016-01-21 17:40:29,717][com.java.TestType] [ 6375] - value = https://clients-xuat.bankersdashboard.com
[INFO ][2016-01-21 17:40:29,717][com.java.TestType] [  358] - Open URL : https://clients-xuat.bankersdashboard.com
[INFO ][2016-01-21 17:40:32,063][com.java.TestType] [11750] -  RESULT true
[INFO ][2016-01-21 17:40:32,063][com.java.TestType] [11867] - ?   P A S S   ?
[DEBUG][2016-01-21 17:40:32,063][com.java.TestType] [11673] - Concept ID:9 :: Step being Executed: 9::3
[ERROR][2016-01-21 17:40:32,063][com.java.TestType] [11706] - Exception: null
[INFO ][2016-01-21 17:40:32,063][com.java.TestType] [11711] - dataFields : //span[@class='icon-hammer']&&//a[text()='Custom Calculations']
[DEBUG][2016-01-21 17:40:32,063][com.java.TestType] [11717] - <In Set values of the page>
[DEBUG][2016-01-21 17:40:32,063][com.java.TestType] [11722] - {Data Fields & Data Values Exist}
[INFO ][2016-01-21 17:40:32,064][com.java.TestType] [11728] - --------------------------setting values-----------------------------
[INFO ][2016-01-21 17:40:32,064][com.java.TestType] [11731] - Action Type : MOUSEOVER
[INFO ][2016-01-21 17:40:56,276][com.java.TestType] [11750] -  RESULT true
[INFO ][2016-01-21 17:40:56,276][com.java.TestType] [11867] - ?   P A S S   ?
[DEBUG][2016-01-21 17:40:56,276][com.java.TestType] [11673] - Concept ID:9 :: Step being Executed: 9::4
[INFO ][2016-01-21 17:40:56,276][com.java.TestType] [11711] - dataFields : BTN//iframe[@class='frameTabContent']
[DEBUG][2016-01-21 17:40:56,276][com.java.TestType] [11717] - <In Set values of the page>
[DEBUG][2016-01-21 17:40:56,276][com.java.TestType] [11722] - {Data Fields & Data Values Exist}
[INFO ][2016-01-21 17:40:56,276][com.java.TestType] [11728] - --------------------------setting values-----------------------------
[INFO ][2016-01-21 17:40:56,276][com.java.TestType] [11731] - Action Type : waitforelement
[INFO ][2016-01-21 17:40:56,503][com.java.TestType] [11750] -  RESULT true
[INFO ][2016-01-21 17:40:56,503][com.java.TestType] [11867] - ?   P A S S   ?
[DEBUG][2016-01-21 17:40:56,503][com.java.TestType] [11673] - Concept ID:9 :: Step being Executed: 9::5
[INFO ][2016-01-21 17:40:56,503][com.java.TestType] [11711] - dataFields : XPH//li[@class="inactiveTab"]//a[@title="Custom Calcs"]
[DEBUG][2016-01-21 17:40:56,503][com.java.TestType] [11717] - <In Set values of the page>
[DEBUG][2016-01-21 17:40:56,503][com.java.TestType] [11722] - {Data Fields & Data Values Exist}
[INFO ][2016-01-21 17:40:56,503][com.java.TestType] [11728] - --------------------------setting values-----------------------------
[INFO ][2016-01-21 17:40:56,503][com.java.TestType] [11731] - Action Type : waitforelement
[DEBUG][2016-01-21 17:41:38,607][com.java.TestType] [ 7625] - //li[@class="inactiveTab"]//a[@title="Custom Calcs"]   :: Element not Found
[INFO ][2016-01-21 17:41:38,607][com.java.TestType] [11750] -  RESULT false
[INFO ][2016-01-21 17:41:38,607][com.java.TestType] [11788] - ?   F A I L   ?
[DEBUG][2016-01-21 17:41:38,607][com.java.TestType] [11791] - Browser Type : IE10
[DEBUG][2016-01-21 17:41:38,608][com.java.TestType] [11673] - Concept ID:9 :: Step being Executed: 9::9
[INFO ][2016-01-21 17:41:38,609][com.java.TestType] [11711] - dataFields : BTN//iframe[@class='frameTabContent']
[DEBUG][2016-01-21 17:41:38,609][com.java.TestType] [11717] - <In Set values of the page>
[DEBUG][2016-01-21 17:41:38,609][com.java.TestType] [11722] - {Data Fields & Data Values Exist}
[INFO ][2016-01-21 17:41:38,609][com.java.TestType] [11728] - --------------------------setting values-----------------------------
[INFO ][2016-01-21 17:41:38,609][com.java.TestType] [11731] - Action Type : waitforelement
[INFO ][2016-01-21 17:41:38,874][com.java.TestType] [11750] -  RESULT true
[INFO ][2016-01-21 17:41:38,874][com.java.TestType] [11867] - ?   P A S S   ?
[DEBUG][2016-01-21 17:41:38,875][com.java.TestType] [11673] - Concept ID:9 :: Step being Executed: 9::10
[ERROR][2016-01-21 17:41:38,875][com.java.TestType] [11706] - Exception: null
[INFO ][2016-01-21 17:41:38,876][com.java.TestType] [11711] - dataFields : BTN//iframe[@class='frameTabContent']
[DEBUG][2016-01-21 17:41:38,876][com.java.TestType] [11717] - <In Set values of the page>
[DEBUG][2016-01-21 17:41:38,876][com.java.TestType] [11722] - {Data Fields & Data Values Exist}
[INFO ][2016-01-21 17:41:38,876][com.java.TestType] [11728] - --------------------------setting values-----------------------------
[INFO ][2016-01-21 17:41:38,876][com.java.TestType] [11731] - Action Type : SELECTFRAME
[INFO ][2016-01-21 17:41:39,490][com.java.TestType] [11750] -  RESULT true
[INFO ][2016-01-21 17:41:39,490][com.java.TestType] [11867] - ?   P A S S   ?
[DEBUG][2016-01-21 17:41:39,490][com.java.TestType] [11673] - Concept ID:9 :: Step being Executed: 9::11
[INFO ][2016-01-21 17:41:39,490][com.java.TestType] [11711] - dataFields : null
[DEBUG][2016-01-21 17:41:39,490][com.java.TestType] [11717] - <In Set values of the page>
[INFO ][2016-01-21 17:41:39,490][com.java.TestType] [11867] - ?   P A S S   ?
[DEBUG][2016-01-21 17:41:39,490][com.java.TestType] [11673] - Concept ID:9 :: Step being Executed: 9::12
[INFO ][2016-01-21 17:41:39,491][com.java.TestType] [11711] - dataFields : EDT//div[@class='dataTables_filter']/label/input
[DEBUG][2016-01-21 17:41:39,491][com.java.TestType] [11717] - <In Set values of the page>
[DEBUG][2016-01-21 17:41:39,491][com.java.TestType] [11722] - {Data Fields & Data Values Exist}
[INFO ][2016-01-21 17:41:39,491][com.java.TestType] [11728] - --------------------------setting values-----------------------------
[INFO ][2016-01-21 17:41:39,491][com.java.TestType] [11731] - Action Type : CLEARANDENTER
[INFO ][2016-01-21 17:41:40,245][com.java.TestType] [ 6375] - value = #_CAL57027
[INFO ][2016-01-21 17:41:41,630][com.java.TestType] [11750] -  RESULT true
[INFO ][2016-01-21 17:41:41,630][com.java.TestType] [11867] - ?   P A S S   ?
[DEBUG][2016-01-21 17:41:41,630][com.java.TestType] [11673] - Concept ID:9 :: Step being Executed: 9::13
[INFO ][2016-01-21 17:41:41,630][com.java.TestType] [11711] - dataFields : null
[DEBUG][2016-01-21 17:41:41,630][com.java.TestType] [11717] - <In Set values of the page>
[INFO ][2016-01-21 17:41:41,630][com.java.TestType] [11867] - ?   P A S S   ?
[DEBUG][2016-01-21 17:41:41,630][com.java.TestType] [11673] - Concept ID:9 :: Step being Executed: 9::14
[INFO ][2016-01-21 17:41:41,630][com.java.TestType] [11711] - dataFields : HDC//td[contains(text(),'mytext')]
[DEBUG][2016-01-21 17:41:41,630][com.java.TestType] [11717] - <In Set values of the page>
[DEBUG][2016-01-21 17:41:41,631][com.java.TestType] [11722] - {Data Fields & Data Values Exist}
[INFO ][2016-01-21 17:41:41,631][com.java.TestType] [11728] - --------------------------setting values-----------------------------
[INFO ][2016-01-21 17:41:41,631][com.java.TestType] [11731] - Action Type : CLICK
[INFO ][2016-01-21 17:41:41,631][com.java.TestType] [ 6754] - Field ::HDC//td[contains(text(),'mytext')]
[INFO ][2016-01-21 17:41:41,631][com.java.TestType] [ 6375] - value = #_keys
[INFO ][2016-01-21 17:41:43,648][com.java.TestType] [11750] -  RESULT true
[INFO ][2016-01-21 17:41:43,648][com.java.TestType] [11867] - ?   P A S S   ?
[DEBUG][2016-01-21 17:41:43,649][com.java.TestType] [11673] - Concept ID:9 :: Step being Executed: 9::15
[ERROR][2016-01-21 17:41:43,649][com.java.TestType] [11706] - Exception: null
[INFO ][2016-01-21 17:41:43,649][com.java.TestType] [11711] - dataFields : MTC//div[@class="actions"]//span[@class="glyphicon glyphicon-remove"]
[DEBUG][2016-01-21 17:41:43,649][com.java.TestType] [11717] - <In Set values of the page>
[DEBUG][2016-01-21 17:41:43,649][com.java.TestType] [11722] - {Data Fields & Data Values Exist}
[INFO ][2016-01-21 17:41:43,649][com.java.TestType] [11728] - --------------------------setting values-----------------------------
[INFO ][2016-01-21 17:41:43,649][com.java.TestType] [11731] - Action Type : CLICKWITHALERT
[INFO ][2016-01-21 17:42:01,932][com.java.TestType] [11750] -  RESULT true
[INFO ][2016-01-21 17:42:01,932][com.java.TestType] [11867] - ?   P A S S   ?
[DEBUG][2016-01-21 17:42:01,932][com.java.TestType] [11673] - Concept ID:9 :: Step being Executed: 9::16
[INFO ][2016-01-21 17:42:01,932][com.java.TestType] [11711] - dataFields : null
[DEBUG][2016-01-21 17:42:01,932][com.java.TestType] [11717] - <In Set values of the page>
[INFO ][2016-01-21 17:42:01,932][com.java.TestType] [11867] - ?   P A S S   ?
[DEBUG][2016-01-21 17:42:01,933][com.java.TestType] [11673] - Concept ID:9 :: Step being Executed: 9::17
[INFO ][2016-01-21 17:42:01,933][com.java.TestType] [11711] - dataFields : MSG
[DEBUG][2016-01-21 17:42:01,933][com.java.TestType] [11717] - <In Set values of the page>
[DEBUG][2016-01-21 17:42:01,933][com.java.TestType] [11722] - {Data Fields & Data Values Exist}
[INFO ][2016-01-21 17:42:01,933][com.java.TestType] [11728] - --------------------------setting values-----------------------------
[INFO ][2016-01-21 17:42:01,933][com.java.TestType] [11731] - Action Type : VERIFYNOTPRESENT
[INFO ][2016-01-21 17:42:01,933][com.java.TestType] [ 9716] - field= MSG value= HMV#_keys
[DEBUG][2016-01-21 17:42:01,949][com.java.TestType] [ 9733] - Text :: +#_CAL57027   :: found which is NOT expected.
[INFO ][2016-01-21 17:42:01,949][com.java.TestType] [11750] -  RESULT false
[INFO ][2016-01-21 17:42:01,950][com.java.TestType] [11788] - ?   F A I L   ?
[DEBUG][2016-01-21 17:42:01,950][com.java.TestType] [11791] - Browser Type : IE10
[INFO ][2016-01-21 17:42:01,951][com.java.SeleniumDriver] [  930] -  RESULT false
[INFO ][2016-01-21 17:42:01,951][com.java.SeleniumDriver] [  977] - ?   F A I L   ?
[INFO ][2016-01-21 17:42:01,951][com.java.SeleniumDriver] [  985] - Browser Type : IE10
[INFO ][2016-01-21 17:42:01,951][com.java.SeleniumDriver] [  986] - Adding Failed case4
[INFO ][2016-01-21 17:42:02,716][com.java.SeleniumDriver] [ 1100] - failedCases = 4
[ERROR][2016-01-21 17:42:02,716][com.java.SeleniumDriver] [ 1599] - Platform Errors : Our apologies...::We have encountered an issue with your request.::Our apologies?:We encountered an issue with your request.
[INFO ][2016-01-21 17:42:02,717][com.java.SeleniumDriver] [ 1603] - Length =3
[ERROR][2016-01-21 17:42:02,717][com.java.SeleniumDriver] [ 1606] - Error 0 = Our apologies...
[ERROR][2016-01-21 17:42:02,732][com.java.SeleniumDriver] [ 1606] - Error 1 = We have encountered an issue with your request.
[ERROR][2016-01-21 17:42:02,748][com.java.SeleniumDriver] [ 1606] - Error 2 = Our apologies?:We encountered an issue with your request.
[INFO ][2016-01-21 17:42:02,764][com.java.SeleniumDriver] [ 1617] - strError:
[DEBUG][2016-01-21 17:42:02,778][com.java.SeleniumDriver] [ 1248] - Case found
[DEBUG][2016-01-21 17:42:02,778][com.java.SeleniumDriver] [ 1253] - Incrementing ReportCounters[0]:2
[INFO ][2016-01-21 17:42:02,778][com.java.SeleniumDriver] [ 1272] - The results are-------------------[4, 39, Settings: Customize My Dashboards: Custom Calculations: Edit Custom Calculation Indicator, Fail, 
Test case failed at Step No. :: 39   Error Message ::  In CONCEPT: Test case failed at Step No. :: 17   Error Message ::  Text :: +#_CAL57027   :: found which is NOT expected.. Screen Shot : D:\BankersDashboard\TestReports\012116\4_012116_174201_IE10.png, Thu Jan 21 17:42:02 IST 2016]
[INFO ][2016-01-21 17:42:02,778][com.java.SeleniumDriver] [ 1276] - End time is-------4 min 39 sec
[INFO ][2016-01-21 17:42:02,778][com.java.SeleniumDriver] [ 1277] - The results are-------------------[4, 39, Settings: Customize My Dashboards: Custom Calculations: Edit Custom Calculation Indicator, Fail, 
Test case failed at Step No. :: 39   Error Message ::  In CONCEPT: Test case failed at Step No. :: 17   Error Message ::  Text :: +#_CAL57027   :: found which is NOT expected.. Screen Shot : D:\BankersDashboard\TestReports\012116\4_012116_174201_IE10.png, Thu Jan 21 17:42:02 IST 2016]
[DEBUG][2016-01-21 17:42:02,778][com.java.ImportnExport.ExportTestResultsExcel] [  222] - testResultPath = D:\BankersDashboard/TestReports/Test Results_BankersDashBoard_012116_173725_IE10_Any Bank USA.xls
[DEBUG][2016-01-21 17:42:02,778][com.java.ImportnExport.ExportTestResultsExcel] [  223] - browser is------------IE10
[DEBUG][2016-01-21 17:42:02,780][com.java.ImportnExport.ExportTestResultsExcel] [  270] - result.size() = 6
[DEBUG][2016-01-21 17:42:02,780][com.java.ImportnExport.ExportTestResultsExcel] [  274] - No of rows in sheet=2
[DEBUG][2016-01-21 17:42:02,780][com.java.ImportnExport.ExportTestResultsExcel] [  301] - ..in export..4
[DEBUG][2016-01-21 17:42:02,781][com.java.ImportnExport.ExportTestResultsExcel] [  301] - ..in export..Settings: Customize My Dashboards: Custom Calculations: Edit Custom Calculation Indicator
[DEBUG][2016-01-21 17:42:02,781][com.java.ImportnExport.ExportTestResultsExcel] [  301] - ..in export..Fail
[DEBUG][2016-01-21 17:42:02,781][com.java.ImportnExport.ExportTestResultsExcel] [  301] - ..in export..
Test case failed at Step No. :: 39   Error Message ::  In CONCEPT: Test case failed at Step No. :: 17   Error Message ::  Text :: +#_CAL57027   :: found which is NOT expected.. Screen Shot : D:\BankersDashboard\TestReports\012116\4_012116_174201_IE10.png
[DEBUG][2016-01-21 17:42:02,781][com.java.ImportnExport.ExportTestResultsExcel] [  301] - ..in export..Thu Jan 21 17:42:02 IST 2016
[INFO ][2016-01-21 17:42:02,782][com.java.SeleniumDriver] [ 1337] - out loop:1 size:2 TestCases:[1, 4] testcases:[1, 4]
[INFO ][2016-01-21 17:42:04,782][com.java.SeleniumDriver] [ 1380] - Total Number of Cases:2
[INFO ][2016-01-21 17:42:04,782][com.java.TemplateGenerator] [  302] - Executed:2
[INFO ][2016-01-21 17:42:04,782][com.java.TemplateGenerator] [  303] - Passed:1
[INFO ][2016-01-21 17:42:04,782][com.java.TemplateGenerator] [  304] - Failed:1
[INFO ][2016-01-21 17:42:04,782][com.java.TemplateGenerator] [  305] - Skipeed:0
[INFO ][2016-01-21 17:42:04,782][com.java.TemplateGenerator] [  306] - Application URL:https://clients-xuat.bankersdashboard.com
[INFO ][2016-01-21 17:42:04,782][com.java.TemplateGenerator] [  307] - Start Time:012116_173725
[INFO ][2016-01-21 17:42:04,782][com.java.TemplateGenerator] [  308] -  Creating HTML Report 
[ERROR][2016-01-21 17:42:04,783][com.java.TemplateGenerator] [  409] - Unparseable date: "Thu Jan 21 05:37:25 IST 2016"
[INFO ][2016-01-21 17:42:04,783][com.java.TemplateGenerator] [  654] -  Exporting case :: 1
[INFO ][2016-01-21 17:42:04,783][com.java.TemplateGenerator] [  654] -  Exporting case :: 4
[INFO ][2016-01-21 17:42:04,790][com.java.SeleniumDriver] [ 1429] - End Time:012116_174204
[INFO ][2016-01-21 17:42:04,801][com.java.SeleniumDriver] [ 1432] - Data in Test Execution Details:{1=PASS, 4=FAILTest case failed at Step No. :: 39   Error Message ::  In CONCEPT: Test case failed at Step No. :: 17   Error Message ::  Text :: +#_CAL57027   :: found which is NOT expected.}
[INFO ][2016-01-21 17:42:04,801][com.java.SeleniumDriver] [ 1433] - Data in Failed Execution Deatils:{}
[INFO ][2016-01-21 17:42:04,801][com.java.SeleniumDriver] [ 1435] - ReportCounter:Total:2 :: PASS: 1 ::FAIL: 1
[INFO ][2016-01-21 17:42:04,802][com.java.SeleniumDriver] [ 1436] - FailedReportCounter:Total:0 :: PASS: 0 ::FAIL: 0
[INFO ][2016-01-21 17:42:04,807][com.java.EmailTestReport] [   63] - Sending report mail details:
[INFO ][2016-01-21 17:42:04,808][com.java.EmailTestReport] [   80] - Excel Report Path:D:\BankersDashboard/TestReports/Test Results_BankersDashBoard_012116_173725_IE10_Any Bank USA.xls
[INFO ][2016-01-21 17:42:04,808][com.java.EmailTestReport] [   81] - HTML Report Path:D:\BankersDashboard//TestReports//Test Results_BankersDashBoard_012116_173725_IE10_Any Bank USA.html
[INFO ][2016-01-21 17:42:04,808][com.java.EmailTestReport] [   82] - smtpHostName:mail01.valuelabs.com
[INFO ][2016-01-21 17:42:04,808][com.java.EmailTestReport] [   83] - Recipient:venkateswararao.gubbala@valuelabs.com;
[INFO ][2016-01-21 17:42:04,808][com.java.EmailTestReport] [   84] - From:venkateswararao.gubbala@valuelabs.com;
[INFO ][2016-01-21 17:42:04,808][com.java.EmailTestReport] [   85] - Subject:Deluxe Corp Bankers Dashboard Automation Test Report - Any Bank USA - IE10
[INFO ][2016-01-21 17:42:04,825][com.java.EmailTestReport] [  143] -  Added venkateswararao.gubbala@valuelabs.com
[INFO ][2016-01-21 17:42:07,935][com.java.SeleniumDriver] [  722] - quitting the browser 
[INFO ][2016-01-21 17:42:09,649][com.java.SeleniumDriver] [  264] - Execution Completed Stopping the thread
