[INFO ][2015-11-03 14:43:06,157][com.java.SeleniumDriver] [  213] - Execute Failed Casesfalse
[INFO ][2015-11-03 14:43:06,157][com.java.SeleniumDriver] [  214] - Browser: IE11
[INFO ][2015-11-03 14:43:06,158][com.java.SeleniumDriver] [  215] - [1, 9]
[INFO ][2015-11-03 14:43:06,158][com.java.SeleniumDriver] [  216] - Total TestCases:2
[INFO ][2015-11-03 14:43:06,158][com.java.SeleniumDriver] [  217] -  Reading Properties from Property File 
[DEBUG][2015-11-03 14:43:06,167][com.java.SeleniumDriver] [  238] - url : https://clients-xuat.bankersdashboard.com
[INFO ][2015-11-03 14:43:06,169][com.java.ImportnExport.ExportTestResultsExcel] [  116] - Time Stamp Tue Nov 03 02:43:06 IST 2015
[INFO ][2015-11-03 14:43:06,169][com.java.ImportnExport.ExportTestResultsExcel] [  175] - OUT FILE : D:\BankersDashboard/TestReports/Test Results_BankersDashBoard_110315_144306_IE11_Any Bank USA.xls
[INFO ][2015-11-03 14:43:06,215][com.java.ImportnExport.ExportTestResultsExcel] [  180] - Test Result file is created
[DEBUG][2015-11-03 14:43:06,589][com.java.SeleniumDriver] [  425] - Hub ip address is-------172.17.68.34
[INFO ][2015-11-03 14:43:06,590][com.java.SeleniumDriver] [  451] - Grid URL:http://172.17.68.34:4444/wd/hub
[INFO ][2015-11-03 14:43:06,591][com.java.SeleniumDriver] [  452] - Capability:Capabilities [{platform=ANY, ensureCleanSession=true, ignoreProtectedModeSettings=true, acceptSslCerts=true, ignoreZoomSetting=true, browserName=internet explorer, browserstack.ie.noFlash=true, version=Node1}]
[ERROR][2015-11-03 14:43:08,241][com.java.SeleniumDriver] [  496] - Unable invoke browser in grid:Could not start a new session. Possible causes are invalid address of the remote server or browser start-up failure.
Build info: version: '2.48.2', revision: '41bccdd', time: '2015-10-09 19:59:12'
System info: host: 'FVTIII438F1D', ip: '172.17.68.34', os.name: 'Windows 7', os.arch: 'x86', os.version: '6.1', java.version: '1.7.0_55'
Driver info: driver.version: SeleniumDriver
[INFO ][2015-11-03 14:43:08,241][com.java.SeleniumDriver] [  498] - Executing on local machine
[INFO ][2015-11-03 14:43:17,422][com.java.SeleniumDriver] [  248] - IE11is opened
[INFO ][2015-11-03 14:43:18,301][com.java.SeleniumDriver] [  752] - Test cases to be executed are: [1, 9]
[INFO ][2015-11-03 14:43:18,301][com.java.ImportnExport.ImportTestDataDetailsExcel] [   49] - test data details path===== D:\BankersDashboard\TestInputs\TestData.xls
[INFO ][2015-11-03 14:43:29,395][com.java.SeleniumDriver] [  788] - ------------------------------------------
[INFO ][2015-11-03 14:43:29,395][com.java.SeleniumDriver] [  789] - Test case being Executed: 1
[INFO ][2015-11-03 14:43:29,412][com.java.SeleniumDriver] [  800] - Test step:1
[INFO ][2015-11-03 14:43:29,412][com.java.SeleniumDriver] [  812] - Datavalue is----------Concept#1:1-14
[INFO ][2015-11-03 14:43:29,412][com.java.SeleniumDriver] [  836] - DataField : test
[INFO ][2015-11-03 14:43:29,412][com.java.SeleniumDriver] [  838] - DataValue : Concept#1:1-14
[INFO ][2015-11-03 14:43:29,412][com.java.SeleniumDriver] [  844] - <In Set values of the page>
[INFO ][2015-11-03 14:43:29,413][com.java.SeleniumDriver] [  847] - {Data Fields & Data Values Exist}
[INFO ][2015-11-03 14:43:29,413][com.java.SeleniumDriver] [  849] - --------------------------setting values-----------------------------
[INFO ][2015-11-03 14:43:29,413][com.java.SeleniumDriver] [  852] - Action Type : ExecuteTestCase
[INFO ][2015-11-03 14:43:29,530][com.java.TestType] [  411] - The Concept sheet name is ---------- Concept
[INFO ][2015-11-03 14:43:29,530][com.java.TestType] [  414] - The Concept ID  is ---------- 1
[DEBUG][2015-11-03 14:43:29,531][com.java.TestType] [  418] - Steps being executted in the Concept are: 1:14
[INFO ][2015-11-03 14:43:29,531][com.java.TestType] [  425] - Test data details path ---------- D:\BankersDashboard\TestInputs\TestData.xls
[INFO ][2015-11-03 14:43:29,561][com.java.TestType] [  456] -  str(1) = 1
[INFO ][2015-11-03 14:43:29,562][com.java.TestType] [  459] - Test case Id is---1
[INFO ][2015-11-03 14:43:29,562][com.java.TestType] [  461] - 1
[INFO ][2015-11-03 14:43:29,562][com.java.TestType] [  456] -  str(2) = 1
[INFO ][2015-11-03 14:43:29,564][com.java.TestType] [  508] - row values are--------{1=com.java.Objects.TestDataDetails@9985a5}
[INFO ][2015-11-03 14:43:29,564][com.java.TestType] [  456] -  str(1) = 1
[INFO ][2015-11-03 14:43:29,565][com.java.TestType] [  459] - Test case Id is---1
[INFO ][2015-11-03 14:43:29,565][com.java.TestType] [  461] - 1
[INFO ][2015-11-03 14:43:29,565][com.java.TestType] [  456] -  str(2) = 2
[INFO ][2015-11-03 14:43:29,566][com.java.TestType] [  508] - row values are--------{1=com.java.Objects.TestDataDetails@9985a5, 2=com.java.Objects.TestDataDetails@151da55}
[INFO ][2015-11-03 14:43:29,566][com.java.TestType] [  456] -  str(1) = 1
[INFO ][2015-11-03 14:43:29,566][com.java.TestType] [  459] - Test case Id is---1
[INFO ][2015-11-03 14:43:29,566][com.java.TestType] [  461] - 1
[INFO ][2015-11-03 14:43:29,567][com.java.TestType] [  456] -  str(2) = 3
[INFO ][2015-11-03 14:43:29,568][com.java.TestType] [  508] - row values are--------{1=com.java.Objects.TestDataDetails@9985a5, 2=com.java.Objects.TestDataDetails@151da55, 3=com.java.Objects.TestDataDetails@bbf6ed}
[INFO ][2015-11-03 14:43:29,568][com.java.TestType] [  456] -  str(1) = 1
[INFO ][2015-11-03 14:43:29,568][com.java.TestType] [  459] - Test case Id is---1
[INFO ][2015-11-03 14:43:29,568][com.java.TestType] [  461] - 1
[INFO ][2015-11-03 14:43:29,568][com.java.TestType] [  456] -  str(2) = 4
[INFO ][2015-11-03 14:43:29,570][com.java.TestType] [  508] - row values are--------{1=com.java.Objects.TestDataDetails@9985a5, 2=com.java.Objects.TestDataDetails@151da55, 3=com.java.Objects.TestDataDetails@bbf6ed, 4=com.java.Objects.TestDataDetails@82306}
[INFO ][2015-11-03 14:43:29,570][com.java.TestType] [  456] -  str(1) = 1
[INFO ][2015-11-03 14:43:29,570][com.java.TestType] [  459] - Test case Id is---1
[INFO ][2015-11-03 14:43:29,570][com.java.TestType] [  461] - 1
[INFO ][2015-11-03 14:43:29,570][com.java.TestType] [  456] -  str(2) = 5
[INFO ][2015-11-03 14:43:29,573][com.java.TestType] [  508] - row values are--------{1=com.java.Objects.TestDataDetails@9985a5, 2=com.java.Objects.TestDataDetails@151da55, 3=com.java.Objects.TestDataDetails@bbf6ed, 4=com.java.Objects.TestDataDetails@82306, 5=com.java.Objects.TestDataDetails@1a2f3f2}
[INFO ][2015-11-03 14:43:29,573][com.java.TestType] [  456] -  str(1) = 1
[INFO ][2015-11-03 14:43:29,573][com.java.TestType] [  459] - Test case Id is---1
[INFO ][2015-11-03 14:43:29,573][com.java.TestType] [  461] - 1
[INFO ][2015-11-03 14:43:29,574][com.java.TestType] [  456] -  str(2) = 6
[INFO ][2015-11-03 14:43:29,575][com.java.TestType] [  508] - row values are--------{1=com.java.Objects.TestDataDetails@9985a5, 2=com.java.Objects.TestDataDetails@151da55, 3=com.java.Objects.TestDataDetails@bbf6ed, 4=com.java.Objects.TestDataDetails@82306, 5=com.java.Objects.TestDataDetails@1a2f3f2, 6=com.java.Objects.TestDataDetails@167db34}
[INFO ][2015-11-03 14:43:29,575][com.java.TestType] [  456] -  str(1) = 1
[INFO ][2015-11-03 14:43:29,575][com.java.TestType] [  459] - Test case Id is---1
[INFO ][2015-11-03 14:43:29,575][com.java.TestType] [  461] - 1
[INFO ][2015-11-03 14:43:29,575][com.java.TestType] [  456] -  str(2) = 7
[INFO ][2015-11-03 14:43:29,576][com.java.TestType] [  508] - row values are--------{1=com.java.Objects.TestDataDetails@9985a5, 2=com.java.Objects.TestDataDetails@151da55, 3=com.java.Objects.TestDataDetails@bbf6ed, 4=com.java.Objects.TestDataDetails@82306, 5=com.java.Objects.TestDataDetails@1a2f3f2, 6=com.java.Objects.TestDataDetails@167db34, 7=com.java.Objects.TestDataDetails@15453d8}
[INFO ][2015-11-03 14:43:29,576][com.java.TestType] [  456] -  str(1) = 1
[INFO ][2015-11-03 14:43:29,576][com.java.TestType] [  459] - Test case Id is---1
[INFO ][2015-11-03 14:43:29,576][com.java.TestType] [  461] - 1
[INFO ][2015-11-03 14:43:29,576][com.java.TestType] [  456] -  str(2) = 8
[INFO ][2015-11-03 14:43:29,578][com.java.TestType] [  508] - row values are--------{1=com.java.Objects.TestDataDetails@9985a5, 2=com.java.Objects.TestDataDetails@151da55, 3=com.java.Objects.TestDataDetails@bbf6ed, 4=com.java.Objects.TestDataDetails@82306, 5=com.java.Objects.TestDataDetails@1a2f3f2, 6=com.java.Objects.TestDataDetails@167db34, 7=com.java.Objects.TestDataDetails@15453d8, 8=com.java.Objects.TestDataDetails@c6e290}
[INFO ][2015-11-03 14:43:29,578][com.java.TestType] [  456] -  str(1) = 1
[INFO ][2015-11-03 14:43:29,578][com.java.TestType] [  459] - Test case Id is---1
[INFO ][2015-11-03 14:43:29,578][com.java.TestType] [  461] - 1
[INFO ][2015-11-03 14:43:29,578][com.java.TestType] [  456] -  str(2) = 9
[INFO ][2015-11-03 14:43:29,579][com.java.TestType] [  508] - row values are--------{1=com.java.Objects.TestDataDetails@9985a5, 2=com.java.Objects.TestDataDetails@151da55, 3=com.java.Objects.TestDataDetails@bbf6ed, 4=com.java.Objects.TestDataDetails@82306, 5=com.java.Objects.TestDataDetails@1a2f3f2, 6=com.java.Objects.TestDataDetails@167db34, 7=com.java.Objects.TestDataDetails@15453d8, 8=com.java.Objects.TestDataDetails@c6e290, 9=com.java.Objects.TestDataDetails@1c087a2}
[INFO ][2015-11-03 14:43:29,579][com.java.TestType] [  456] -  str(1) = 1
[INFO ][2015-11-03 14:43:29,579][com.java.TestType] [  459] - Test case Id is---1
[INFO ][2015-11-03 14:43:29,580][com.java.TestType] [  461] - 1
[INFO ][2015-11-03 14:43:29,580][com.java.TestType] [  456] -  str(2) = 10
[INFO ][2015-11-03 14:43:29,580][com.java.TestType] [  508] - row values are--------{1=com.java.Objects.TestDataDetails@9985a5, 2=com.java.Objects.TestDataDetails@151da55, 3=com.java.Objects.TestDataDetails@bbf6ed, 4=com.java.Objects.TestDataDetails@82306, 5=com.java.Objects.TestDataDetails@1a2f3f2, 6=com.java.Objects.TestDataDetails@167db34, 7=com.java.Objects.TestDataDetails@15453d8, 8=com.java.Objects.TestDataDetails@c6e290, 9=com.java.Objects.TestDataDetails@1c087a2, 10=com.java.Objects.TestDataDetails@13b56ce}
[INFO ][2015-11-03 14:43:29,581][com.java.TestType] [  456] -  str(1) = 1
[INFO ][2015-11-03 14:43:29,581][com.java.TestType] [  459] - Test case Id is---1
[INFO ][2015-11-03 14:43:29,581][com.java.TestType] [  461] - 1
[INFO ][2015-11-03 14:43:29,583][com.java.TestType] [  456] -  str(2) = 11
[INFO ][2015-11-03 14:43:29,583][com.java.TestType] [  508] - row values are--------{1=com.java.Objects.TestDataDetails@9985a5, 2=com.java.Objects.TestDataDetails@151da55, 3=com.java.Objects.TestDataDetails@bbf6ed, 4=com.java.Objects.TestDataDetails@82306, 5=com.java.Objects.TestDataDetails@1a2f3f2, 6=com.java.Objects.TestDataDetails@167db34, 7=com.java.Objects.TestDataDetails@15453d8, 8=com.java.Objects.TestDataDetails@c6e290, 9=com.java.Objects.TestDataDetails@1c087a2, 10=com.java.Objects.TestDataDetails@13b56ce, 11=com.java.Objects.TestDataDetails@1fde7bf}
[INFO ][2015-11-03 14:43:29,583][com.java.TestType] [  456] -  str(1) = 1
[INFO ][2015-11-03 14:43:29,583][com.java.TestType] [  459] - Test case Id is---1
[INFO ][2015-11-03 14:43:29,584][com.java.TestType] [  461] - 1
[INFO ][2015-11-03 14:43:29,584][com.java.TestType] [  456] -  str(2) = 12
[INFO ][2015-11-03 14:43:29,584][com.java.TestType] [  508] - row values are--------{1=com.java.Objects.TestDataDetails@9985a5, 2=com.java.Objects.TestDataDetails@151da55, 3=com.java.Objects.TestDataDetails@bbf6ed, 4=com.java.Objects.TestDataDetails@82306, 5=com.java.Objects.TestDataDetails@1a2f3f2, 6=com.java.Objects.TestDataDetails@167db34, 7=com.java.Objects.TestDataDetails@15453d8, 8=com.java.Objects.TestDataDetails@c6e290, 9=com.java.Objects.TestDataDetails@1c087a2, 10=com.java.Objects.TestDataDetails@13b56ce, 11=com.java.Objects.TestDataDetails@1fde7bf, 12=com.java.Objects.TestDataDetails@542b0c}
[INFO ][2015-11-03 14:43:29,584][com.java.TestType] [  456] -  str(1) = 1
[INFO ][2015-11-03 14:43:29,585][com.java.TestType] [  459] - Test case Id is---1
[INFO ][2015-11-03 14:43:29,585][com.java.TestType] [  461] - 1
[INFO ][2015-11-03 14:43:29,585][com.java.TestType] [  456] -  str(2) = 13
[INFO ][2015-11-03 14:43:29,585][com.java.TestType] [  508] - row values are--------{1=com.java.Objects.TestDataDetails@9985a5, 2=com.java.Objects.TestDataDetails@151da55, 3=com.java.Objects.TestDataDetails@bbf6ed, 4=com.java.Objects.TestDataDetails@82306, 5=com.java.Objects.TestDataDetails@1a2f3f2, 6=com.java.Objects.TestDataDetails@167db34, 7=com.java.Objects.TestDataDetails@15453d8, 8=com.java.Objects.TestDataDetails@c6e290, 9=com.java.Objects.TestDataDetails@1c087a2, 10=com.java.Objects.TestDataDetails@13b56ce, 11=com.java.Objects.TestDataDetails@1fde7bf, 12=com.java.Objects.TestDataDetails@542b0c, 13=com.java.Objects.TestDataDetails@1eaeb3e}
[INFO ][2015-11-03 14:43:29,585][com.java.TestType] [  456] -  str(1) = 1
[INFO ][2015-11-03 14:43:29,586][com.java.TestType] [  459] - Test case Id is---1
[INFO ][2015-11-03 14:43:29,586][com.java.TestType] [  461] - 1
[INFO ][2015-11-03 14:43:29,586][com.java.TestType] [  456] -  str(2) = 14
[INFO ][2015-11-03 14:43:29,586][com.java.TestType] [  508] - row values are--------{1=com.java.Objects.TestDataDetails@9985a5, 2=com.java.Objects.TestDataDetails@151da55, 3=com.java.Objects.TestDataDetails@bbf6ed, 4=com.java.Objects.TestDataDetails@82306, 5=com.java.Objects.TestDataDetails@1a2f3f2, 6=com.java.Objects.TestDataDetails@167db34, 7=com.java.Objects.TestDataDetails@15453d8, 8=com.java.Objects.TestDataDetails@c6e290, 9=com.java.Objects.TestDataDetails@1c087a2, 10=com.java.Objects.TestDataDetails@13b56ce, 11=com.java.Objects.TestDataDetails@1fde7bf, 12=com.java.Objects.TestDataDetails@542b0c, 13=com.java.Objects.TestDataDetails@1eaeb3e, 14=com.java.Objects.TestDataDetails@6d2d52}
[INFO ][2015-11-03 14:43:29,587][com.java.TestType] [ 7899] - Looping 1TCID = 1
[DEBUG][2015-11-03 14:43:29,587][com.java.TestType] [ 7940] - Concept ID:1 :: Step being Executed: 1::1
[INFO ][2015-11-03 14:43:29,587][com.java.TestType] [ 7978] - dataFields : TXTusername
[DEBUG][2015-11-03 14:43:29,587][com.java.TestType] [ 7984] - <In Set values of the page>
[DEBUG][2015-11-03 14:43:29,587][com.java.TestType] [ 7989] - {Data Fields & Data Values Exist}
[INFO ][2015-11-03 14:43:29,587][com.java.TestType] [ 7995] - --------------------------setting values-----------------------------
[INFO ][2015-11-03 14:43:29,587][com.java.TestType] [ 7998] - Action Type : CLEARANDENTER
[INFO ][2015-11-03 14:43:29,587][com.java.TestType] [ 3750] - value = naresh.nayini.00000
[INFO ][2015-11-03 14:43:34,421][com.java.TestType] [ 8017] -  RESULT true
[INFO ][2015-11-03 14:43:34,421][com.java.TestType] [ 8134] - ?   P A S S   ?
[DEBUG][2015-11-03 14:43:34,421][com.java.TestType] [ 7940] - Concept ID:1 :: Step being Executed: 1::2
[INFO ][2015-11-03 14:43:34,421][com.java.TestType] [ 7978] - dataFields : TXTpassword
[DEBUG][2015-11-03 14:43:34,421][com.java.TestType] [ 7984] - <In Set values of the page>
[DEBUG][2015-11-03 14:43:34,421][com.java.TestType] [ 7989] - {Data Fields & Data Values Exist}
[INFO ][2015-11-03 14:43:34,421][com.java.TestType] [ 7995] - --------------------------setting values-----------------------------
[INFO ][2015-11-03 14:43:34,422][com.java.TestType] [ 7998] - Action Type : CLEARANDENTER
[INFO ][2015-11-03 14:43:34,422][com.java.TestType] [ 3750] - value = Password1*
[INFO ][2015-11-03 14:43:39,340][com.java.TestType] [ 8017] -  RESULT true
[INFO ][2015-11-03 14:43:39,340][com.java.TestType] [ 8134] - ?   P A S S   ?
[DEBUG][2015-11-03 14:43:39,340][com.java.TestType] [ 7940] - Concept ID:1 :: Step being Executed: 1::3
[ERROR][2015-11-03 14:43:39,340][com.java.TestType] [ 7973] - Exception: null
[INFO ][2015-11-03 14:43:39,340][com.java.TestType] [ 7978] - dataFields : XPH//button[@type='submit']
[DEBUG][2015-11-03 14:43:39,340][com.java.TestType] [ 7984] - <In Set values of the page>
[DEBUG][2015-11-03 14:43:39,340][com.java.TestType] [ 7989] - {Data Fields & Data Values Exist}
[INFO ][2015-11-03 14:43:39,340][com.java.TestType] [ 7995] - --------------------------setting values-----------------------------
[INFO ][2015-11-03 14:43:39,340][com.java.TestType] [ 7998] - Action Type : Click
[INFO ][2015-11-03 14:43:39,341][com.java.TestType] [ 4063] - Field ::XPH//button[@type='submit']
[INFO ][2015-11-03 14:43:40,341][com.java.TestType] [ 4122] - BEFORE CLICK
[INFO ][2015-11-03 14:43:41,227][com.java.TestType] [ 4130] - Unable to click the object Login
[INFO ][2015-11-03 14:43:41,227][com.java.TestType] [ 8017] -  RESULT true
[INFO ][2015-11-03 14:43:41,227][com.java.TestType] [ 8134] - ?   P A S S   ?
[DEBUG][2015-11-03 14:43:41,227][com.java.TestType] [ 7940] - Concept ID:1 :: Step being Executed: 1::4
[INFO ][2015-11-03 14:43:41,227][com.java.TestType] [ 7978] - dataFields : LNKLogout
[DEBUG][2015-11-03 14:43:41,227][com.java.TestType] [ 7984] - <In Set values of the page>
[DEBUG][2015-11-03 14:43:41,227][com.java.TestType] [ 7989] - {Data Fields & Data Values Exist}
[INFO ][2015-11-03 14:43:41,227][com.java.TestType] [ 7995] - --------------------------setting values-----------------------------
[INFO ][2015-11-03 14:43:41,227][com.java.TestType] [ 7998] - Action Type : WaitForElement
[INFO ][2015-11-03 14:43:48,529][com.java.TestType] [ 8017] -  RESULT true
[INFO ][2015-11-03 14:43:48,529][com.java.TestType] [ 8134] - ?   P A S S   ?
[DEBUG][2015-11-03 14:43:48,529][com.java.TestType] [ 7940] - Concept ID:1 :: Step being Executed: 1::13
[INFO ][2015-11-03 14:43:48,529][com.java.TestType] [ 7978] - dataFields : LGN
[DEBUG][2015-11-03 14:43:48,529][com.java.TestType] [ 7984] - <In Set values of the page>
[DEBUG][2015-11-03 14:43:48,529][com.java.TestType] [ 7989] - {Data Fields & Data Values Exist}
[INFO ][2015-11-03 14:43:48,529][com.java.TestType] [ 7995] - --------------------------setting values-----------------------------
[INFO ][2015-11-03 14:43:48,530][com.java.TestType] [ 7998] - Action Type : Verify
[INFO ][2015-11-03 14:43:48,530][com.java.TestType] [ 4876] - field= LGN value= Username
[INFO ][2015-11-03 14:43:48,532][com.java.TestType] [ 3750] - value = Username
[INFO ][2015-11-03 14:43:48,686][com.java.TestType] [ 8017] -  RESULT true
[INFO ][2015-11-03 14:43:48,686][com.java.TestType] [ 8134] - ?   P A S S   ?
[DEBUG][2015-11-03 14:43:48,686][com.java.TestType] [ 7940] - Concept ID:1 :: Step being Executed: 1::14
[INFO ][2015-11-03 14:43:48,686][com.java.TestType] [ 7978] - dataFields : BTN
[DEBUG][2015-11-03 14:43:48,686][com.java.TestType] [ 7984] - <In Set values of the page>
[DEBUG][2015-11-03 14:43:48,686][com.java.TestType] [ 7989] - {Data Fields & Data Values Exist}
[INFO ][2015-11-03 14:43:48,686][com.java.TestType] [ 7995] - --------------------------setting values-----------------------------
[INFO ][2015-11-03 14:43:48,686][com.java.TestType] [ 7998] - Action Type : Verify
[INFO ][2015-11-03 14:43:48,686][com.java.TestType] [ 4876] - field= BTN value= //img[contains(@src,'bdlogo.jpg')]
[INFO ][2015-11-03 14:43:48,687][com.java.TestType] [ 3750] - value = //img[contains(@src,'bdlogo.jpg')]
[INFO ][2015-11-03 14:43:48,720][com.java.TestType] [ 8017] -  RESULT true
[INFO ][2015-11-03 14:43:48,720][com.java.TestType] [ 8134] - ?   P A S S   ?
[INFO ][2015-11-03 14:43:48,720][com.java.TestType] [ 8205] - Looping End......
[INFO ][2015-11-03 14:43:48,724][com.java.SeleniumDriver] [  861] -  RESULT true
[INFO ][2015-11-03 14:43:48,724][com.java.SeleniumDriver] [ 1066] - ?   P A S S   ?
[INFO ][2015-11-03 14:43:48,725][com.java.SeleniumDriver] [  788] - ------------------------------------------
[INFO ][2015-11-03 14:43:48,725][com.java.SeleniumDriver] [  789] - Test case being Executed: 1
[INFO ][2015-11-03 14:43:48,725][com.java.SeleniumDriver] [  800] - Test step:2
[INFO ][2015-11-03 14:43:48,725][com.java.SeleniumDriver] [  812] - Datavalue is----------Concept#2:1-2
[INFO ][2015-11-03 14:43:48,725][com.java.SeleniumDriver] [  836] - DataField : test
[INFO ][2015-11-03 14:43:48,725][com.java.SeleniumDriver] [  838] - DataValue : Concept#2:1-2
[INFO ][2015-11-03 14:43:48,725][com.java.SeleniumDriver] [  844] - <In Set values of the page>
[INFO ][2015-11-03 14:43:48,725][com.java.SeleniumDriver] [  847] - {Data Fields & Data Values Exist}
[INFO ][2015-11-03 14:43:48,725][com.java.SeleniumDriver] [  849] - --------------------------setting values-----------------------------
[INFO ][2015-11-03 14:43:48,725][com.java.SeleniumDriver] [  852] - Action Type : ExecuteTestCase
[INFO ][2015-11-03 14:43:48,726][com.java.TestType] [  411] - The Concept sheet name is ---------- Concept
[INFO ][2015-11-03 14:43:48,726][com.java.TestType] [  414] - The Concept ID  is ---------- 2
[DEBUG][2015-11-03 14:43:48,726][com.java.TestType] [  418] - Steps being executted in the Concept are: 1:2
[INFO ][2015-11-03 14:43:48,726][com.java.TestType] [  425] - Test data details path ---------- D:\BankersDashboard\TestInputs\TestData.xls
[INFO ][2015-11-03 14:43:48,759][com.java.TestType] [  456] -  str(1) = 2
[INFO ][2015-11-03 14:43:48,759][com.java.TestType] [  459] - Test case Id is---2
[INFO ][2015-11-03 14:43:48,759][com.java.TestType] [  461] - 2
[INFO ][2015-11-03 14:43:48,759][com.java.TestType] [  456] -  str(2) = 1
[INFO ][2015-11-03 14:43:48,761][com.java.TestType] [  508] - row values are--------{1=com.java.Objects.TestDataDetails@1ae9ba8}
[INFO ][2015-11-03 14:43:48,761][com.java.TestType] [  456] -  str(1) = 2
[INFO ][2015-11-03 14:43:48,761][com.java.TestType] [  459] - Test case Id is---2
[INFO ][2015-11-03 14:43:48,761][com.java.TestType] [  461] - 2
[INFO ][2015-11-03 14:43:48,761][com.java.TestType] [  456] -  str(2) = 2
[INFO ][2015-11-03 14:43:48,762][com.java.TestType] [  508] - row values are--------{1=com.java.Objects.TestDataDetails@1ae9ba8, 2=com.java.Objects.TestDataDetails@144f45c}
[INFO ][2015-11-03 14:43:48,762][com.java.TestType] [  456] -  str(1) = 2
[INFO ][2015-11-03 14:43:48,762][com.java.TestType] [  459] - Test case Id is---2
[INFO ][2015-11-03 14:43:48,762][com.java.TestType] [  461] - 2
[INFO ][2015-11-03 14:43:48,762][com.java.TestType] [  456] -  str(2) = 3
[INFO ][2015-11-03 14:43:48,763][com.java.TestType] [  508] - row values are--------{1=com.java.Objects.TestDataDetails@1ae9ba8, 2=com.java.Objects.TestDataDetails@144f45c, 3=com.java.Objects.TestDataDetails@1b4b8fc}
[INFO ][2015-11-03 14:43:48,763][com.java.TestType] [ 7899] - Looping 1TCID = 2
[DEBUG][2015-11-03 14:43:48,763][com.java.TestType] [ 7940] - Concept ID:2 :: Step being Executed: 2::1
[INFO ][2015-11-03 14:43:48,763][com.java.TestType] [ 7978] - dataFields : BNK//select[@id='bank']
[DEBUG][2015-11-03 14:43:48,763][com.java.TestType] [ 7984] - <In Set values of the page>
[DEBUG][2015-11-03 14:43:48,763][com.java.TestType] [ 7989] - {Data Fields & Data Values Exist}
[INFO ][2015-11-03 14:43:48,763][com.java.TestType] [ 7995] - --------------------------setting values-----------------------------
[INFO ][2015-11-03 14:43:48,764][com.java.TestType] [ 7998] - Action Type : Select
[INFO ][2015-11-03 14:43:48,764][com.java.TestType] [ 3750] - value = PFC
[INFO ][2015-11-03 14:43:48,960][com.java.TestType] [ 8017] -  RESULT true
[INFO ][2015-11-03 14:43:48,960][com.java.TestType] [ 8134] - ?   P A S S   ?
[DEBUG][2015-11-03 14:43:48,960][com.java.TestType] [ 7940] - Concept ID:2 :: Step being Executed: 2::2
[INFO ][2015-11-03 14:43:48,961][com.java.TestType] [ 7978] - dataFields : LNKLogout
[DEBUG][2015-11-03 14:43:48,961][com.java.TestType] [ 7984] - <In Set values of the page>
[DEBUG][2015-11-03 14:43:48,961][com.java.TestType] [ 7989] - {Data Fields & Data Values Exist}
[INFO ][2015-11-03 14:43:48,961][com.java.TestType] [ 7995] - --------------------------setting values-----------------------------
[INFO ][2015-11-03 14:43:48,961][com.java.TestType] [ 7998] - Action Type : WaitTime
[DEBUG][2015-11-03 14:43:48,961][com.java.TestType] [ 3654] - sleepTime: 5000
[INFO ][2015-11-03 14:43:53,963][com.java.TestType] [ 8017] -  RESULT true
[INFO ][2015-11-03 14:43:53,963][com.java.TestType] [ 8134] - ?   P A S S   ?
[INFO ][2015-11-03 14:43:53,963][com.java.TestType] [ 8205] - Looping End......
[INFO ][2015-11-03 14:43:53,967][com.java.SeleniumDriver] [  861] -  RESULT true
[INFO ][2015-11-03 14:43:53,967][com.java.SeleniumDriver] [ 1066] - ?   P A S S   ?
[INFO ][2015-11-03 14:43:53,967][com.java.SeleniumDriver] [  788] - ------------------------------------------
[INFO ][2015-11-03 14:43:53,967][com.java.SeleniumDriver] [  789] - Test case being Executed: 1
[INFO ][2015-11-03 14:43:53,967][com.java.SeleniumDriver] [  800] - Test step:3
[INFO ][2015-11-03 14:43:53,968][com.java.SeleniumDriver] [  812] - Datavalue is----------2
[INFO ][2015-11-03 14:43:53,968][com.java.SeleniumDriver] [  836] - DataField : XPH//button[contains(text(),'Add Content')]
[INFO ][2015-11-03 14:43:53,968][com.java.SeleniumDriver] [  838] - DataValue : 2
[INFO ][2015-11-03 14:43:53,968][com.java.SeleniumDriver] [  844] - <In Set values of the page>
[INFO ][2015-11-03 14:43:53,968][com.java.SeleniumDriver] [  847] - {Data Fields & Data Values Exist}
[INFO ][2015-11-03 14:43:53,968][com.java.SeleniumDriver] [  849] - --------------------------setting values-----------------------------
[INFO ][2015-11-03 14:43:53,968][com.java.SeleniumDriver] [  852] - Action Type : WAITFORELEMENT
[INFO ][2015-11-03 14:43:54,002][com.java.SeleniumDriver] [  861] -  RESULT true
[INFO ][2015-11-03 14:43:54,002][com.java.SeleniumDriver] [ 1066] - ?   P A S S   ?
[DEBUG][2015-11-03 14:43:54,002][com.java.SeleniumDriver] [ 1168] - Case found
[DEBUG][2015-11-03 14:43:54,002][com.java.SeleniumDriver] [ 1173] - Incrementing ReportCounters[0]:1
[INFO ][2015-11-03 14:43:54,002][com.java.SeleniumDriver] [ 1192] - The results are-------------------[1, 1, Valid Login, Pass, , Tue Nov 03 14:43:48 IST 2015, 1, 2, Valid Login, Pass, , Tue Nov 03 14:43:53 IST 2015, 1, 3, Add Custom Calculation Indicator to Start Page, Pass, , Tue Nov 03 14:43:54 IST 2015]
[INFO ][2015-11-03 14:43:54,002][com.java.SeleniumDriver] [ 1196] - End time is-------50 sec
[INFO ][2015-11-03 14:43:54,002][com.java.SeleniumDriver] [ 1197] - The results are-------------------[1, 1, Valid Login, Pass, , Tue Nov 03 14:43:48 IST 2015, 1, 2, Valid Login, Pass, , Tue Nov 03 14:43:53 IST 2015, 1, 3, Add Custom Calculation Indicator to Start Page, Pass, , Tue Nov 03 14:43:54 IST 2015]
[DEBUG][2015-11-03 14:43:54,002][com.java.ImportnExport.ExportTestResultsExcel] [  222] - testResultPath = D:\BankersDashboard/TestReports/Test Results_BankersDashBoard_110315_144306_IE11_Any Bank USA.xls
[DEBUG][2015-11-03 14:43:54,003][com.java.ImportnExport.ExportTestResultsExcel] [  223] - browser is------------IE11
[DEBUG][2015-11-03 14:43:54,117][com.java.ImportnExport.ExportTestResultsExcel] [  270] - result.size() = 18
[DEBUG][2015-11-03 14:43:54,117][com.java.ImportnExport.ExportTestResultsExcel] [  274] - No of rows in sheet=1
[DEBUG][2015-11-03 14:43:54,117][com.java.ImportnExport.ExportTestResultsExcel] [  301] - ..in export..1
[DEBUG][2015-11-03 14:43:54,117][com.java.ImportnExport.ExportTestResultsExcel] [  301] - ..in export..Valid Login
[DEBUG][2015-11-03 14:43:54,118][com.java.ImportnExport.ExportTestResultsExcel] [  301] - ..in export..Pass
[DEBUG][2015-11-03 14:43:54,118][com.java.ImportnExport.ExportTestResultsExcel] [  301] - ..in export..
[DEBUG][2015-11-03 14:43:54,118][com.java.ImportnExport.ExportTestResultsExcel] [  301] - ..in export..Tue Nov 03 14:43:48 IST 2015
[INFO ][2015-11-03 14:43:54,119][com.java.SeleniumDriver] [ 1255] - out loop:0 size:2 TestCases:[1, 9] testcases:[1, 9]
[INFO ][2015-11-03 14:43:54,119][com.java.ImportnExport.ImportTestDataDetailsExcel] [   49] - test data details path===== D:\BankersDashboard\TestInputs\TestData.xls
[INFO ][2015-11-03 14:44:14,565][com.java.SeleniumDriver] [  788] - ------------------------------------------
[INFO ][2015-11-03 14:44:14,565][com.java.SeleniumDriver] [  789] - Test case being Executed: 9
[INFO ][2015-11-03 14:44:14,565][com.java.SeleniumDriver] [  800] - Test step:1
[INFO ][2015-11-03 14:44:14,565][com.java.SeleniumDriver] [  812] - Datavalue is----------Logout
[INFO ][2015-11-03 14:44:14,565][com.java.SeleniumDriver] [  836] - DataField : BTN
[INFO ][2015-11-03 14:44:14,565][com.java.SeleniumDriver] [  838] - DataValue : Logout
[INFO ][2015-11-03 14:44:14,565][com.java.SeleniumDriver] [  844] - <In Set values of the page>
[INFO ][2015-11-03 14:44:14,565][com.java.SeleniumDriver] [  847] - {Data Fields & Data Values Exist}
[INFO ][2015-11-03 14:44:14,565][com.java.SeleniumDriver] [  849] - --------------------------setting values-----------------------------
[INFO ][2015-11-03 14:44:14,565][com.java.SeleniumDriver] [  852] - Action Type : Verify
[INFO ][2015-11-03 14:44:14,565][com.java.TestType] [ 4876] - field= BTN value= Logout
[INFO ][2015-11-03 14:44:14,565][com.java.TestType] [ 3750] - value = Logout
[INFO ][2015-11-03 14:44:14,620][com.java.SeleniumDriver] [  861] -  RESULT true
[INFO ][2015-11-03 14:44:14,620][com.java.SeleniumDriver] [ 1066] - ?   P A S S   ?
[INFO ][2015-11-03 14:44:14,620][com.java.SeleniumDriver] [ 1108] - step change to 3
[INFO ][2015-11-03 14:44:14,620][com.java.SeleniumDriver] [  788] - ------------------------------------------
[INFO ][2015-11-03 14:44:14,620][com.java.SeleniumDriver] [  789] - Test case being Executed: 9
[INFO ][2015-11-03 14:44:14,620][com.java.SeleniumDriver] [  800] - Test step:3
[INFO ][2015-11-03 14:44:14,620][com.java.SeleniumDriver] [  812] - Datavalue is----------null
[DEBUG][2015-11-03 14:44:14,621][com.java.SeleniumDriver] [  830] - Exception: null
[INFO ][2015-11-03 14:44:14,621][com.java.SeleniumDriver] [  836] - DataField : //span[@class='icon-hammer']&&//a[text()='Custom Calculations']
[INFO ][2015-11-03 14:44:14,621][com.java.SeleniumDriver] [  838] - DataValue : 
[INFO ][2015-11-03 14:44:14,621][com.java.SeleniumDriver] [  844] - <In Set values of the page>
[INFO ][2015-11-03 14:44:14,621][com.java.SeleniumDriver] [  847] - {Data Fields & Data Values Exist}
[INFO ][2015-11-03 14:44:14,621][com.java.SeleniumDriver] [  849] - --------------------------setting values-----------------------------
[INFO ][2015-11-03 14:44:14,621][com.java.SeleniumDriver] [  852] - Action Type : MOUSEOVER
[INFO ][2015-11-03 14:44:24,530][com.java.SeleniumDriver] [  861] -  RESULT true
[INFO ][2015-11-03 14:44:24,530][com.java.SeleniumDriver] [ 1066] - ?   P A S S   ?
[INFO ][2015-11-03 14:44:24,530][com.java.SeleniumDriver] [  788] - ------------------------------------------
[INFO ][2015-11-03 14:44:24,530][com.java.SeleniumDriver] [  789] - Test case being Executed: 9
[INFO ][2015-11-03 14:44:24,530][com.java.SeleniumDriver] [  800] - Test step:4
[INFO ][2015-11-03 14:44:24,530][com.java.SeleniumDriver] [  812] - Datavalue is----------null
[DEBUG][2015-11-03 14:44:24,530][com.java.SeleniumDriver] [  830] - Exception: null
[INFO ][2015-11-03 14:44:24,530][com.java.SeleniumDriver] [  836] - DataField : BTN//iframe[@class='frameTabContent']
[INFO ][2015-11-03 14:44:24,530][com.java.SeleniumDriver] [  838] - DataValue : 
[INFO ][2015-11-03 14:44:24,530][com.java.SeleniumDriver] [  844] - <In Set values of the page>
[INFO ][2015-11-03 14:44:24,530][com.java.SeleniumDriver] [  847] - {Data Fields & Data Values Exist}
[INFO ][2015-11-03 14:44:24,530][com.java.SeleniumDriver] [  849] - --------------------------setting values-----------------------------
[INFO ][2015-11-03 14:44:24,531][com.java.SeleniumDriver] [  852] - Action Type : SELECTFRAME
[INFO ][2015-11-03 14:44:24,673][com.java.SeleniumDriver] [  861] -  RESULT true
[INFO ][2015-11-03 14:44:24,673][com.java.SeleniumDriver] [ 1066] - ?   P A S S   ?
[INFO ][2015-11-03 14:44:24,673][com.java.SeleniumDriver] [  788] - ------------------------------------------
[INFO ][2015-11-03 14:44:24,673][com.java.SeleniumDriver] [  789] - Test case being Executed: 9
[INFO ][2015-11-03 14:44:24,673][com.java.SeleniumDriver] [  800] - Test step:5
[INFO ][2015-11-03 14:44:24,673][com.java.SeleniumDriver] [  812] - Datavalue is----------5
[INFO ][2015-11-03 14:44:24,673][com.java.SeleniumDriver] [  836] - DataField : XPH//h1[contains(text(), 'Custom Calculations')]
[INFO ][2015-11-03 14:44:24,673][com.java.SeleniumDriver] [  838] - DataValue : 5
[INFO ][2015-11-03 14:44:24,673][com.java.SeleniumDriver] [  844] - <In Set values of the page>
[INFO ][2015-11-03 14:44:24,673][com.java.SeleniumDriver] [  847] - {Data Fields & Data Values Exist}
[INFO ][2015-11-03 14:44:24,674][com.java.SeleniumDriver] [  849] - --------------------------setting values-----------------------------
[INFO ][2015-11-03 14:44:24,674][com.java.SeleniumDriver] [  852] - Action Type : waitforelement
[INFO ][2015-11-03 14:44:24,726][com.java.SeleniumDriver] [  861] -  RESULT true
[INFO ][2015-11-03 14:44:24,726][com.java.SeleniumDriver] [ 1066] - ?   P A S S   ?
[INFO ][2015-11-03 14:44:24,726][com.java.SeleniumDriver] [  788] - ------------------------------------------
[INFO ][2015-11-03 14:44:24,726][com.java.SeleniumDriver] [  789] - Test case being Executed: 9
[INFO ][2015-11-03 14:44:24,726][com.java.SeleniumDriver] [  800] - Test step:6
[INFO ][2015-11-03 14:44:24,726][com.java.SeleniumDriver] [  812] - Datavalue is----------Custom Calculations
[INFO ][2015-11-03 14:44:24,727][com.java.SeleniumDriver] [  836] - DataField : XPH//h1[contains(text(), 'Custom Calculations')]
[INFO ][2015-11-03 14:44:24,727][com.java.SeleniumDriver] [  838] - DataValue : Custom Calculations
[INFO ][2015-11-03 14:44:24,727][com.java.SeleniumDriver] [  844] - <In Set values of the page>
[INFO ][2015-11-03 14:44:24,727][com.java.SeleniumDriver] [  847] - {Data Fields & Data Values Exist}
[INFO ][2015-11-03 14:44:24,727][com.java.SeleniumDriver] [  849] - --------------------------setting values-----------------------------
[INFO ][2015-11-03 14:44:24,727][com.java.SeleniumDriver] [  852] - Action Type : Verify
[INFO ][2015-11-03 14:44:24,727][com.java.TestType] [ 4876] - field= XPH//h1[contains(text(), 'Custom Calculations')] value= Custom Calculations
[INFO ][2015-11-03 14:44:24,727][com.java.TestType] [ 3750] - value = Custom Calculations
[INFO ][2015-11-03 14:44:24,814][com.java.SeleniumDriver] [  861] -  RESULT true
[INFO ][2015-11-03 14:44:24,814][com.java.SeleniumDriver] [ 1066] - ?   P A S S   ?
[INFO ][2015-11-03 14:44:24,814][com.java.SeleniumDriver] [  788] - ------------------------------------------
[INFO ][2015-11-03 14:44:24,814][com.java.SeleniumDriver] [  789] - Test case being Executed: 9
[INFO ][2015-11-03 14:44:24,814][com.java.SeleniumDriver] [  800] - Test step:7
[INFO ][2015-11-03 14:44:24,814][com.java.SeleniumDriver] [  812] - Datavalue is----------5
[INFO ][2015-11-03 14:44:24,814][com.java.SeleniumDriver] [  836] - DataField : XPH//a[contains(text(), 'Add Calculation')]
[INFO ][2015-11-03 14:44:24,814][com.java.SeleniumDriver] [  838] - DataValue : 5
[INFO ][2015-11-03 14:44:24,814][com.java.SeleniumDriver] [  844] - <In Set values of the page>
[INFO ][2015-11-03 14:44:24,814][com.java.SeleniumDriver] [  847] - {Data Fields & Data Values Exist}
[INFO ][2015-11-03 14:44:24,814][com.java.SeleniumDriver] [  849] - --------------------------setting values-----------------------------
[INFO ][2015-11-03 14:44:24,814][com.java.SeleniumDriver] [  852] - Action Type : waitforelement
[INFO ][2015-11-03 14:44:24,837][com.java.SeleniumDriver] [  861] -  RESULT true
[INFO ][2015-11-03 14:44:24,837][com.java.SeleniumDriver] [ 1066] - ?   P A S S   ?
[INFO ][2015-11-03 14:44:24,837][com.java.SeleniumDriver] [  788] - ------------------------------------------
[INFO ][2015-11-03 14:44:24,837][com.java.SeleniumDriver] [  789] - Test case being Executed: 9
[INFO ][2015-11-03 14:44:24,837][com.java.SeleniumDriver] [  800] - Test step:8
[INFO ][2015-11-03 14:44:24,837][com.java.SeleniumDriver] [  812] - Datavalue is----------null
[DEBUG][2015-11-03 14:44:24,837][com.java.SeleniumDriver] [  830] - Exception: null
[INFO ][2015-11-03 14:44:24,837][com.java.SeleniumDriver] [  836] - DataField : XPH//a[contains(text(), 'Add Calculation')]
[INFO ][2015-11-03 14:44:24,838][com.java.SeleniumDriver] [  838] - DataValue : 
[INFO ][2015-11-03 14:44:24,838][com.java.SeleniumDriver] [  844] - <In Set values of the page>
[INFO ][2015-11-03 14:44:24,838][com.java.SeleniumDriver] [  847] - {Data Fields & Data Values Exist}
[INFO ][2015-11-03 14:44:24,838][com.java.SeleniumDriver] [  849] - --------------------------setting values-----------------------------
[INFO ][2015-11-03 14:44:24,838][com.java.SeleniumDriver] [  852] - Action Type : click
[INFO ][2015-11-03 14:44:24,838][com.java.TestType] [ 4063] - Field ::XPH//a[contains(text(), 'Add Calculation')]
[INFO ][2015-11-03 14:44:25,838][com.java.TestType] [ 4122] - BEFORE CLICK
[INFO ][2015-11-03 14:44:27,304][com.java.TestType] [ 4130] - Unable to click the object click on add button
[INFO ][2015-11-03 14:44:27,304][com.java.SeleniumDriver] [  861] -  RESULT true
[INFO ][2015-11-03 14:44:27,304][com.java.SeleniumDriver] [ 1066] - ?   P A S S   ?
[INFO ][2015-11-03 14:44:27,304][com.java.SeleniumDriver] [  788] - ------------------------------------------
[INFO ][2015-11-03 14:44:27,304][com.java.SeleniumDriver] [  789] - Test case being Executed: 9
[INFO ][2015-11-03 14:44:27,304][com.java.SeleniumDriver] [  800] - Test step:9
[INFO ][2015-11-03 14:44:27,305][com.java.SeleniumDriver] [  812] - Datavalue is----------3
[INFO ][2015-11-03 14:44:27,305][com.java.SeleniumDriver] [  836] - DataField : XPH//label[contains(text(), 'Dashboard Groups:')]
[INFO ][2015-11-03 14:44:27,305][com.java.SeleniumDriver] [  838] - DataValue : 3
[INFO ][2015-11-03 14:44:27,305][com.java.SeleniumDriver] [  844] - <In Set values of the page>
[INFO ][2015-11-03 14:44:27,305][com.java.SeleniumDriver] [  847] - {Data Fields & Data Values Exist}
[INFO ][2015-11-03 14:44:27,305][com.java.SeleniumDriver] [  849] - --------------------------setting values-----------------------------
[INFO ][2015-11-03 14:44:27,305][com.java.SeleniumDriver] [  852] - Action Type : waitforelement
[INFO ][2015-11-03 14:44:27,328][com.java.SeleniumDriver] [  861] -  RESULT true
[INFO ][2015-11-03 14:44:27,329][com.java.SeleniumDriver] [ 1066] - ?   P A S S   ?
[INFO ][2015-11-03 14:44:27,329][com.java.SeleniumDriver] [  788] - ------------------------------------------
[INFO ][2015-11-03 14:44:27,329][com.java.SeleniumDriver] [  789] - Test case being Executed: 9
[INFO ][2015-11-03 14:44:27,329][com.java.SeleniumDriver] [  800] - Test step:10
[INFO ][2015-11-03 14:44:27,329][com.java.SeleniumDriver] [  812] - Datavalue is----------null
[DEBUG][2015-11-03 14:44:27,329][com.java.SeleniumDriver] [  830] - Exception: null
[INFO ][2015-11-03 14:44:27,329][com.java.SeleniumDriver] [  836] - DataField : XPH//button[contains(text(), 'Save')]
[INFO ][2015-11-03 14:44:27,329][com.java.SeleniumDriver] [  838] - DataValue : 
[INFO ][2015-11-03 14:44:27,329][com.java.SeleniumDriver] [  844] - <In Set values of the page>
[INFO ][2015-11-03 14:44:27,329][com.java.SeleniumDriver] [  847] - {Data Fields & Data Values Exist}
[INFO ][2015-11-03 14:44:27,329][com.java.SeleniumDriver] [  849] - --------------------------setting values-----------------------------
[INFO ][2015-11-03 14:44:27,329][com.java.SeleniumDriver] [  852] - Action Type : ISDISABLED
[INFO ][2015-11-03 14:44:27,330][com.java.TestType] [ 5735] - field= XPH//button[contains(text(), 'Save')]
[INFO ][2015-11-03 14:44:27,408][com.java.SeleniumDriver] [  861] -  RESULT true
[INFO ][2015-11-03 14:44:27,408][com.java.SeleniumDriver] [ 1066] - ?   P A S S   ?
[INFO ][2015-11-03 14:44:27,408][com.java.SeleniumDriver] [  788] - ------------------------------------------
[INFO ][2015-11-03 14:44:27,408][com.java.SeleniumDriver] [  789] - Test case being Executed: 9
[INFO ][2015-11-03 14:44:27,408][com.java.SeleniumDriver] [  800] - Test step:11
[INFO ][2015-11-03 14:44:27,408][com.java.SeleniumDriver] [  812] - Datavalue is----------3
[INFO ][2015-11-03 14:44:27,408][com.java.SeleniumDriver] [  836] - DataField : XPH//select[contains(@class,'mber-select form-control')]
[INFO ][2015-11-03 14:44:27,408][com.java.SeleniumDriver] [  838] - DataValue : 3
[INFO ][2015-11-03 14:44:27,408][com.java.SeleniumDriver] [  844] - <In Set values of the page>
[INFO ][2015-11-03 14:44:27,408][com.java.SeleniumDriver] [  847] - {Data Fields & Data Values Exist}
[INFO ][2015-11-03 14:44:27,408][com.java.SeleniumDriver] [  849] - --------------------------setting values-----------------------------
[INFO ][2015-11-03 14:44:27,409][com.java.SeleniumDriver] [  852] - Action Type : waitforelement
[INFO ][2015-11-03 14:44:27,431][com.java.SeleniumDriver] [  861] -  RESULT true
[INFO ][2015-11-03 14:44:27,431][com.java.SeleniumDriver] [ 1066] - ?   P A S S   ?
[INFO ][2015-11-03 14:44:27,431][com.java.SeleniumDriver] [  788] - ------------------------------------------
[INFO ][2015-11-03 14:44:27,431][com.java.SeleniumDriver] [  789] - Test case being Executed: 9
[INFO ][2015-11-03 14:44:27,431][com.java.SeleniumDriver] [  800] - Test step:12
[INFO ][2015-11-03 14:44:27,431][com.java.SeleniumDriver] [  812] - Datavalue is----------null
[DEBUG][2015-11-03 14:44:27,431][com.java.SeleniumDriver] [  830] - Exception: null
[INFO ][2015-11-03 14:44:27,431][com.java.SeleniumDriver] [  836] - DataField : XPH//select[contains(@class,'mber-select form-control')]
[INFO ][2015-11-03 14:44:27,431][com.java.SeleniumDriver] [  838] - DataValue : 
[INFO ][2015-11-03 14:44:27,431][com.java.SeleniumDriver] [  844] - <In Set values of the page>
[INFO ][2015-11-03 14:44:27,431][com.java.SeleniumDriver] [  847] - {Data Fields & Data Values Exist}
[INFO ][2015-11-03 14:44:27,432][com.java.SeleniumDriver] [  849] - --------------------------setting values-----------------------------
[INFO ][2015-11-03 14:44:27,432][com.java.SeleniumDriver] [  852] - Action Type : click
[INFO ][2015-11-03 14:44:27,432][com.java.TestType] [ 4063] - Field ::XPH//select[contains(@class,'mber-select form-control')]
[INFO ][2015-11-03 14:44:28,432][com.java.TestType] [ 4122] - BEFORE CLICK
[INFO ][2015-11-03 14:44:29,189][com.java.TestType] [ 4130] - Unable to click the object dollar value dropdown
[INFO ][2015-11-03 14:44:29,190][com.java.SeleniumDriver] [  861] -  RESULT true
[INFO ][2015-11-03 14:44:29,190][com.java.SeleniumDriver] [ 1066] - ?   P A S S   ?
[INFO ][2015-11-03 14:44:29,190][com.java.SeleniumDriver] [  788] - ------------------------------------------
[INFO ][2015-11-03 14:44:29,190][com.java.SeleniumDriver] [  789] - Test case being Executed: 9
[INFO ][2015-11-03 14:44:29,190][com.java.SeleniumDriver] [  800] - Test step:13
[INFO ][2015-11-03 14:44:29,190][com.java.SeleniumDriver] [  812] - Datavalue is----------3
[INFO ][2015-11-03 14:44:29,190][com.java.SeleniumDriver] [  836] - DataField : XPH//select/option[contains(text(), 'Dollar ($)')]
[INFO ][2015-11-03 14:44:29,190][com.java.SeleniumDriver] [  838] - DataValue : 3
[INFO ][2015-11-03 14:44:29,190][com.java.SeleniumDriver] [  844] - <In Set values of the page>
[INFO ][2015-11-03 14:44:29,190][com.java.SeleniumDriver] [  847] - {Data Fields & Data Values Exist}
[INFO ][2015-11-03 14:44:29,190][com.java.SeleniumDriver] [  849] - --------------------------setting values-----------------------------
[INFO ][2015-11-03 14:44:29,190][com.java.SeleniumDriver] [  852] - Action Type : waitforelement
[INFO ][2015-11-03 14:44:29,213][com.java.SeleniumDriver] [  861] -  RESULT true
[INFO ][2015-11-03 14:44:29,213][com.java.SeleniumDriver] [ 1066] - ?   P A S S   ?
[INFO ][2015-11-03 14:44:29,213][com.java.SeleniumDriver] [  788] - ------------------------------------------
[INFO ][2015-11-03 14:44:29,213][com.java.SeleniumDriver] [  789] - Test case being Executed: 9
[INFO ][2015-11-03 14:44:29,213][com.java.SeleniumDriver] [  800] - Test step:14
[INFO ][2015-11-03 14:44:29,213][com.java.SeleniumDriver] [  812] - Datavalue is----------null
[DEBUG][2015-11-03 14:44:29,213][com.java.SeleniumDriver] [  830] - Exception: null
[INFO ][2015-11-03 14:44:29,213][com.java.SeleniumDriver] [  836] - DataField : XPH//select/option[contains(text(), 'Dollar ($)')]
[INFO ][2015-11-03 14:44:29,213][com.java.SeleniumDriver] [  838] - DataValue : 
[INFO ][2015-11-03 14:44:29,214][com.java.SeleniumDriver] [  844] - <In Set values of the page>
[INFO ][2015-11-03 14:44:29,214][com.java.SeleniumDriver] [  847] - {Data Fields & Data Values Exist}
[INFO ][2015-11-03 14:44:29,214][com.java.SeleniumDriver] [  849] - --------------------------setting values-----------------------------
[INFO ][2015-11-03 14:44:29,214][com.java.SeleniumDriver] [  852] - Action Type : click
[INFO ][2015-11-03 14:44:29,214][com.java.TestType] [ 4063] - Field ::XPH//select/option[contains(text(), 'Dollar ($)')]
[INFO ][2015-11-03 14:44:30,215][com.java.TestType] [ 4122] - BEFORE CLICK
[INFO ][2015-11-03 14:44:30,924][com.java.TestType] [ 4130] - Unable to click the object dollar value dropdown
[INFO ][2015-11-03 14:44:30,924][com.java.SeleniumDriver] [  861] -  RESULT true
[INFO ][2015-11-03 14:44:30,924][com.java.SeleniumDriver] [ 1066] - ?   P A S S   ?
[INFO ][2015-11-03 14:44:30,924][com.java.SeleniumDriver] [  788] - ------------------------------------------
[INFO ][2015-11-03 14:44:30,924][com.java.SeleniumDriver] [  789] - Test case being Executed: 9
[INFO ][2015-11-03 14:44:30,924][com.java.SeleniumDriver] [  800] - Test step:15
[INFO ][2015-11-03 14:44:30,924][com.java.SeleniumDriver] [  812] - Datavalue is----------RNDVLTest
[INFO ][2015-11-03 14:44:30,924][com.java.SeleniumDriver] [  836] - DataField : RDN//input[contains(@placeholder, 'Name your Calcu')]
[INFO ][2015-11-03 14:44:30,924][com.java.SeleniumDriver] [  838] - DataValue : RNDVLTest
[INFO ][2015-11-03 14:44:30,924][com.java.SeleniumDriver] [  844] - <In Set values of the page>
[INFO ][2015-11-03 14:44:30,924][com.java.SeleniumDriver] [  847] - {Data Fields & Data Values Exist}
[INFO ][2015-11-03 14:44:30,924][com.java.SeleniumDriver] [  849] - --------------------------setting values-----------------------------
[INFO ][2015-11-03 14:44:30,925][com.java.SeleniumDriver] [  852] - Action Type : enter
[INFO ][2015-11-03 14:44:30,925][com.java.TestType] [ 4383] - field = //input[contains(@placeholder, 'Name your Calcu')]
[INFO ][2015-11-03 14:44:30,925][com.java.TestType] [ 3750] - value = VLTest10966
[INFO ][2015-11-03 14:44:31,414][com.java.SeleniumDriver] [  861] -  RESULT true
[INFO ][2015-11-03 14:44:31,414][com.java.SeleniumDriver] [ 1066] - ?   P A S S   ?
[INFO ][2015-11-03 14:44:31,414][com.java.SeleniumDriver] [  788] - ------------------------------------------
[INFO ][2015-11-03 14:44:31,415][com.java.SeleniumDriver] [  789] - Test case being Executed: 9
[INFO ][2015-11-03 14:44:31,415][com.java.SeleniumDriver] [  800] - Test step:16
[INFO ][2015-11-03 14:44:31,415][com.java.SeleniumDriver] [  812] - Datavalue is----------//div[@id='group-list']/ul/li[2]//a
[INFO ][2015-11-03 14:44:31,415][com.java.SeleniumDriver] [  836] - DataField : BTN
[INFO ][2015-11-03 14:44:31,415][com.java.SeleniumDriver] [  838] - DataValue : //div[@id='group-list']/ul/li[2]//a
[INFO ][2015-11-03 14:44:31,415][com.java.SeleniumDriver] [  844] - <In Set values of the page>
[INFO ][2015-11-03 14:44:31,415][com.java.SeleniumDriver] [  847] - {Data Fields & Data Values Exist}
[INFO ][2015-11-03 14:44:31,415][com.java.SeleniumDriver] [  849] - --------------------------setting values-----------------------------
[INFO ][2015-11-03 14:44:31,415][com.java.SeleniumDriver] [  852] - Action Type : verify
[INFO ][2015-11-03 14:44:31,415][com.java.TestType] [ 4876] - field= BTN value= //div[@id='group-list']/ul/li[2]//a
[INFO ][2015-11-03 14:44:31,415][com.java.TestType] [ 3750] - value = //div[@id='group-list']/ul/li[2]//a
[INFO ][2015-11-03 14:44:31,438][com.java.SeleniumDriver] [  861] -  RESULT true
[INFO ][2015-11-03 14:44:31,438][com.java.SeleniumDriver] [ 1066] - ?   P A S S   ?
[INFO ][2015-11-03 14:44:31,438][com.java.SeleniumDriver] [  788] - ------------------------------------------
[INFO ][2015-11-03 14:44:31,438][com.java.SeleniumDriver] [  789] - Test case being Executed: 9
[INFO ][2015-11-03 14:44:31,438][com.java.SeleniumDriver] [  800] - Test step:17
[INFO ][2015-11-03 14:44:31,438][com.java.SeleniumDriver] [  812] - Datavalue is----------null
[DEBUG][2015-11-03 14:44:31,438][com.java.SeleniumDriver] [  830] - Exception: null
[INFO ][2015-11-03 14:44:31,438][com.java.SeleniumDriver] [  836] - DataField : XPH//div[@id='group-list']/ul/li[2]//a
[INFO ][2015-11-03 14:44:31,438][com.java.SeleniumDriver] [  838] - DataValue : 
[INFO ][2015-11-03 14:44:31,438][com.java.SeleniumDriver] [  844] - <In Set values of the page>
[INFO ][2015-11-03 14:44:31,439][com.java.SeleniumDriver] [  847] - {Data Fields & Data Values Exist}
[INFO ][2015-11-03 14:44:31,439][com.java.SeleniumDriver] [  849] - --------------------------setting values-----------------------------
[INFO ][2015-11-03 14:44:31,439][com.java.SeleniumDriver] [  852] - Action Type : CLICK
[INFO ][2015-11-03 14:44:31,439][com.java.TestType] [ 4063] - Field ::XPH//div[@id='group-list']/ul/li[2]//a
[INFO ][2015-11-03 14:44:32,440][com.java.TestType] [ 4122] - BEFORE CLICK
[INFO ][2015-11-03 14:44:33,335][com.java.TestType] [ 4130] - Unable to click the object calculation name field
[INFO ][2015-11-03 14:44:33,335][com.java.SeleniumDriver] [  861] -  RESULT true
[INFO ][2015-11-03 14:44:33,335][com.java.SeleniumDriver] [ 1066] - ?   P A S S   ?
[INFO ][2015-11-03 14:44:33,335][com.java.SeleniumDriver] [  788] - ------------------------------------------
[INFO ][2015-11-03 14:44:33,335][com.java.SeleniumDriver] [  789] - Test case being Executed: 9
[INFO ][2015-11-03 14:44:33,335][com.java.SeleniumDriver] [  800] - Test step:18
[INFO ][2015-11-03 14:44:33,335][com.java.SeleniumDriver] [  812] - Datavalue is----------3
[INFO ][2015-11-03 14:44:33,335][com.java.SeleniumDriver] [  836] - DataField : XPH//a[contains(text(),'Non-Interest Bearing Deposits')]
[INFO ][2015-11-03 14:44:33,335][com.java.SeleniumDriver] [  838] - DataValue : 3
[INFO ][2015-11-03 14:44:33,335][com.java.SeleniumDriver] [  844] - <In Set values of the page>
[INFO ][2015-11-03 14:44:33,335][com.java.SeleniumDriver] [  847] - {Data Fields & Data Values Exist}
[INFO ][2015-11-03 14:44:33,335][com.java.SeleniumDriver] [  849] - --------------------------setting values-----------------------------
[INFO ][2015-11-03 14:44:33,335][com.java.SeleniumDriver] [  852] - Action Type : waitforelement
[INFO ][2015-11-03 14:44:33,359][com.java.SeleniumDriver] [  861] -  RESULT true
[INFO ][2015-11-03 14:44:33,359][com.java.SeleniumDriver] [ 1066] - ?   P A S S   ?
[INFO ][2015-11-03 14:44:33,359][com.java.SeleniumDriver] [  788] - ------------------------------------------
[INFO ][2015-11-03 14:44:33,359][com.java.SeleniumDriver] [  789] - Test case being Executed: 9
[INFO ][2015-11-03 14:44:33,359][com.java.SeleniumDriver] [  800] - Test step:19
[INFO ][2015-11-03 14:44:33,359][com.java.SeleniumDriver] [  812] - Datavalue is----------//a[contains(text(),'Non-Interest Bearing Deposits')]
[INFO ][2015-11-03 14:44:33,359][com.java.SeleniumDriver] [  836] - DataField : //div[@class="ember-view alert alert-info expression ui-droppable"]
[INFO ][2015-11-03 14:44:33,359][com.java.SeleniumDriver] [  838] - DataValue : //a[contains(text(),'Non-Interest Bearing Deposits')]
[INFO ][2015-11-03 14:44:33,360][com.java.SeleniumDriver] [  844] - <In Set values of the page>
[INFO ][2015-11-03 14:44:33,360][com.java.SeleniumDriver] [  847] - {Data Fields & Data Values Exist}
[INFO ][2015-11-03 14:44:33,360][com.java.SeleniumDriver] [  849] - --------------------------setting values-----------------------------
[INFO ][2015-11-03 14:44:33,360][com.java.SeleniumDriver] [  852] - Action Type : DRAGANDDROP
[INFO ][2015-11-03 14:44:33,893][com.java.SeleniumDriver] [  861] -  RESULT true
[INFO ][2015-11-03 14:44:33,893][com.java.SeleniumDriver] [ 1066] - ?   P A S S   ?
[INFO ][2015-11-03 14:44:33,893][com.java.SeleniumDriver] [  788] - ------------------------------------------
[INFO ][2015-11-03 14:44:33,893][com.java.SeleniumDriver] [  789] - Test case being Executed: 9
[INFO ][2015-11-03 14:44:33,893][com.java.SeleniumDriver] [  800] - Test step:20
[INFO ][2015-11-03 14:44:33,893][com.java.SeleniumDriver] [  812] - Datavalue is----------null
[DEBUG][2015-11-03 14:44:33,893][com.java.SeleniumDriver] [  830] - Exception: null
[INFO ][2015-11-03 14:44:33,893][com.java.SeleniumDriver] [  836] - DataField : XPH//button[text()='+']
[INFO ][2015-11-03 14:44:33,893][com.java.SeleniumDriver] [  838] - DataValue : 
[INFO ][2015-11-03 14:44:33,893][com.java.SeleniumDriver] [  844] - <In Set values of the page>
[INFO ][2015-11-03 14:44:33,893][com.java.SeleniumDriver] [  847] - {Data Fields & Data Values Exist}
[INFO ][2015-11-03 14:44:33,893][com.java.SeleniumDriver] [  849] - --------------------------setting values-----------------------------
[INFO ][2015-11-03 14:44:33,893][com.java.SeleniumDriver] [  852] - Action Type : click
[INFO ][2015-11-03 14:44:33,894][com.java.TestType] [ 4063] - Field ::XPH//button[text()='+']
[INFO ][2015-11-03 14:44:34,894][com.java.TestType] [ 4122] - BEFORE CLICK
[INFO ][2015-11-03 14:44:35,679][com.java.TestType] [ 4130] - Unable to click the object enter operator
[INFO ][2015-11-03 14:44:35,679][com.java.SeleniumDriver] [  861] -  RESULT true
[INFO ][2015-11-03 14:44:35,679][com.java.SeleniumDriver] [ 1066] - ?   P A S S   ?
[INFO ][2015-11-03 14:44:35,679][com.java.SeleniumDriver] [  788] - ------------------------------------------
[INFO ][2015-11-03 14:44:35,679][com.java.SeleniumDriver] [  789] - Test case being Executed: 9
[INFO ][2015-11-03 14:44:35,679][com.java.SeleniumDriver] [  800] - Test step:21
[INFO ][2015-11-03 14:44:35,679][com.java.SeleniumDriver] [  812] - Datavalue is----------//a[contains(text(),'Interest bearing demand deposits')]
[INFO ][2015-11-03 14:44:35,679][com.java.SeleniumDriver] [  836] - DataField : //div[@class="ember-view alert alert-info expression ui-droppable"]
[INFO ][2015-11-03 14:44:35,679][com.java.SeleniumDriver] [  838] - DataValue : //a[contains(text(),'Interest bearing demand deposits')]
[INFO ][2015-11-03 14:44:35,679][com.java.SeleniumDriver] [  844] - <In Set values of the page>
[INFO ][2015-11-03 14:44:35,679][com.java.SeleniumDriver] [  847] - {Data Fields & Data Values Exist}
[INFO ][2015-11-03 14:44:35,679][com.java.SeleniumDriver] [  849] - --------------------------setting values-----------------------------
[INFO ][2015-11-03 14:44:35,679][com.java.SeleniumDriver] [  852] - Action Type : DRAGANDDROP
[INFO ][2015-11-03 14:44:36,149][com.java.SeleniumDriver] [  861] -  RESULT true
[INFO ][2015-11-03 14:44:36,149][com.java.SeleniumDriver] [ 1066] - ?   P A S S   ?
[INFO ][2015-11-03 14:44:36,149][com.java.SeleniumDriver] [  788] - ------------------------------------------
[INFO ][2015-11-03 14:44:36,149][com.java.SeleniumDriver] [  789] - Test case being Executed: 9
[INFO ][2015-11-03 14:44:36,149][com.java.SeleniumDriver] [  800] - Test step:22
[INFO ][2015-11-03 14:44:36,149][com.java.SeleniumDriver] [  812] - Datavalue is----------3
[INFO ][2015-11-03 14:44:36,149][com.java.SeleniumDriver] [  836] - DataField : XPH//button[contains(text(), 'Save')]
[INFO ][2015-11-03 14:44:36,149][com.java.SeleniumDriver] [  838] - DataValue : 3
[INFO ][2015-11-03 14:44:36,149][com.java.SeleniumDriver] [  844] - <In Set values of the page>
[INFO ][2015-11-03 14:44:36,149][com.java.SeleniumDriver] [  847] - {Data Fields & Data Values Exist}
[INFO ][2015-11-03 14:44:36,149][com.java.SeleniumDriver] [  849] - --------------------------setting values-----------------------------
[INFO ][2015-11-03 14:44:36,149][com.java.SeleniumDriver] [  852] - Action Type : waitforelement
[INFO ][2015-11-03 14:44:36,172][com.java.SeleniumDriver] [  861] -  RESULT true
[INFO ][2015-11-03 14:44:36,173][com.java.SeleniumDriver] [ 1066] - ?   P A S S   ?
[INFO ][2015-11-03 14:44:36,173][com.java.SeleniumDriver] [  788] - ------------------------------------------
[INFO ][2015-11-03 14:44:36,173][com.java.SeleniumDriver] [  789] - Test case being Executed: 9
[INFO ][2015-11-03 14:44:36,173][com.java.SeleniumDriver] [  800] - Test step:23
[INFO ][2015-11-03 14:44:36,173][com.java.SeleniumDriver] [  812] - Datavalue is----------null
[DEBUG][2015-11-03 14:44:36,173][com.java.SeleniumDriver] [  830] - Exception: null
[INFO ][2015-11-03 14:44:36,173][com.java.SeleniumDriver] [  836] - DataField : XPH//button[contains(text(), 'Save')]
[INFO ][2015-11-03 14:44:36,173][com.java.SeleniumDriver] [  838] - DataValue : 
[INFO ][2015-11-03 14:44:36,173][com.java.SeleniumDriver] [  844] - <In Set values of the page>
[INFO ][2015-11-03 14:44:36,173][com.java.SeleniumDriver] [  847] - {Data Fields & Data Values Exist}
[INFO ][2015-11-03 14:44:36,173][com.java.SeleniumDriver] [  849] - --------------------------setting values-----------------------------
[INFO ][2015-11-03 14:44:36,173][com.java.SeleniumDriver] [  852] - Action Type : ISENABLED
[INFO ][2015-11-03 14:44:36,173][com.java.TestType] [ 5771] - field= XPH//button[contains(text(), 'Save')]
[DEBUG][2015-11-03 14:44:36,231][com.java.TestType] [ 5787] - Element is Disabled:: //button[contains(text(), 'Save')]
[INFO ][2015-11-03 14:44:36,231][com.java.SeleniumDriver] [  861] -  RESULT false
[INFO ][2015-11-03 14:44:36,231][com.java.SeleniumDriver] [  908] - ?   F A I L   ?
[INFO ][2015-11-03 14:44:36,231][com.java.SeleniumDriver] [  916] - Browser Type : IE11
[INFO ][2015-11-03 14:44:36,231][com.java.SeleniumDriver] [  917] - Adding Failed case9
[INFO ][2015-11-03 14:44:37,674][com.java.SeleniumDriver] [ 1030] - failedCases = 9
[ERROR][2015-11-03 14:44:37,674][com.java.SeleniumDriver] [ 1516] - Platform Errors : Our apologies...::We have encountered an issue with your request.::Our apologies?:We encountered an issue with your request.
[INFO ][2015-11-03 14:44:37,674][com.java.SeleniumDriver] [ 1520] - Length =3
[ERROR][2015-11-03 14:44:37,674][com.java.SeleniumDriver] [ 1523] - Error 0 = Our apologies...
[ERROR][2015-11-03 14:44:37,689][com.java.SeleniumDriver] [ 1523] - Error 1 = We have encountered an issue with your request.
[ERROR][2015-11-03 14:44:37,703][com.java.SeleniumDriver] [ 1523] - Error 2 = Our apologies?:We encountered an issue with your request.
[DEBUG][2015-11-03 14:44:37,730][com.java.SeleniumDriver] [ 1168] - Case found
[DEBUG][2015-11-03 14:44:37,730][com.java.SeleniumDriver] [ 1173] - Incrementing ReportCounters[0]:2
[INFO ][2015-11-03 14:44:37,730][com.java.SeleniumDriver] [ 1192] - The results are-------------------[9, 23, Tools->Custom Calculations, Fail, 
Test case failed at Step No. :: 23   Error Message ::  Element is Disabled:: //button[contains(text(), 'Save')]. Screen Shot : D:\BankersDashboard\TestReports\110315\9_110315_144436_IE11.png, Tue Nov 03 14:44:37 IST 2015]
[INFO ][2015-11-03 14:44:37,730][com.java.SeleniumDriver] [ 1196] - End time is-------1 min 33 sec
[INFO ][2015-11-03 14:44:37,730][com.java.SeleniumDriver] [ 1197] - The results are-------------------[9, 23, Tools->Custom Calculations, Fail, 
Test case failed at Step No. :: 23   Error Message ::  Element is Disabled:: //button[contains(text(), 'Save')]. Screen Shot : D:\BankersDashboard\TestReports\110315\9_110315_144436_IE11.png, Tue Nov 03 14:44:37 IST 2015]
[DEBUG][2015-11-03 14:44:37,730][com.java.ImportnExport.ExportTestResultsExcel] [  222] - testResultPath = D:\BankersDashboard/TestReports/Test Results_BankersDashBoard_110315_144306_IE11_Any Bank USA.xls
[DEBUG][2015-11-03 14:44:37,730][com.java.ImportnExport.ExportTestResultsExcel] [  223] - browser is------------IE11
[DEBUG][2015-11-03 14:44:37,732][com.java.ImportnExport.ExportTestResultsExcel] [  270] - result.size() = 6
[DEBUG][2015-11-03 14:44:37,732][com.java.ImportnExport.ExportTestResultsExcel] [  274] - No of rows in sheet=2
[DEBUG][2015-11-03 14:44:37,733][com.java.ImportnExport.ExportTestResultsExcel] [  301] - ..in export..9
[DEBUG][2015-11-03 14:44:37,733][com.java.ImportnExport.ExportTestResultsExcel] [  301] - ..in export..Tools->Custom Calculations
[DEBUG][2015-11-03 14:44:37,733][com.java.ImportnExport.ExportTestResultsExcel] [  301] - ..in export..Fail
[DEBUG][2015-11-03 14:44:37,733][com.java.ImportnExport.ExportTestResultsExcel] [  301] - ..in export..
Test case failed at Step No. :: 23   Error Message ::  Element is Disabled:: //button[contains(text(), 'Save')]. Screen Shot : D:\BankersDashboard\TestReports\110315\9_110315_144436_IE11.png
[DEBUG][2015-11-03 14:44:37,733][com.java.ImportnExport.ExportTestResultsExcel] [  301] - ..in export..Tue Nov 03 14:44:37 IST 2015
[INFO ][2015-11-03 14:44:37,736][com.java.SeleniumDriver] [ 1255] - out loop:1 size:2 TestCases:[1, 9] testcases:[1, 9]
[INFO ][2015-11-03 14:44:39,736][com.java.SeleniumDriver] [ 1297] - Total Number of Cases:2
[INFO ][2015-11-03 14:44:39,736][com.java.TemplateGenerator] [  302] - Executed:2
[INFO ][2015-11-03 14:44:39,736][com.java.TemplateGenerator] [  303] - Passed:1
[INFO ][2015-11-03 14:44:39,736][com.java.TemplateGenerator] [  304] - Failed:1
[INFO ][2015-11-03 14:44:39,736][com.java.TemplateGenerator] [  305] - Skipeed:0
[INFO ][2015-11-03 14:44:39,736][com.java.TemplateGenerator] [  306] - Application URL:https://clients-xuat.bankersdashboard.com
[INFO ][2015-11-03 14:44:39,736][com.java.TemplateGenerator] [  307] - Start Time:110315_144306
[INFO ][2015-11-03 14:44:39,736][com.java.TemplateGenerator] [  308] -  Creating HTML Report 
[ERROR][2015-11-03 14:44:39,737][com.java.TemplateGenerator] [  409] - Unparseable date: "Tue Nov 03 02:43:06 IST 2015"
[INFO ][2015-11-03 14:44:39,739][com.java.TemplateGenerator] [  654] -  Exporting case :: 1
[INFO ][2015-11-03 14:44:39,739][com.java.TemplateGenerator] [  654] -  Exporting case :: 9
[INFO ][2015-11-03 14:44:39,744][com.java.SeleniumDriver] [ 1346] - End Time:110315_144439
[INFO ][2015-11-03 14:44:39,744][com.java.SeleniumDriver] [ 1349] - Data in Test Execution Details:{1=PASS, 9=FAILTest case failed at Step No. :: 23   Error Message ::  Element is Disabled:: //button[contains(text(), 'Save')]}
[INFO ][2015-11-03 14:44:39,744][com.java.SeleniumDriver] [ 1350] - Data in Failed Execution Deatils:{}
[INFO ][2015-11-03 14:44:39,744][com.java.SeleniumDriver] [ 1352] - ReportCounter:Total:2 :: PASS: 1 ::FAIL: 1
[INFO ][2015-11-03 14:44:39,744][com.java.SeleniumDriver] [ 1353] - FailedReportCounter:Total:0 :: PASS: 0 ::FAIL: 0
[INFO ][2015-11-03 14:44:39,783][com.java.EmailTestReport] [   63] - Sending report mail details:
[INFO ][2015-11-03 14:44:39,783][com.java.EmailTestReport] [   80] - Excel Report Path:D:\BankersDashboard/TestReports/Test Results_BankersDashBoard_110315_144306_IE11_Any Bank USA.xls
[INFO ][2015-11-03 14:44:39,783][com.java.EmailTestReport] [   81] - HTML Report Path:D:\BankersDashboard//TestReports//Test Results_BankersDashBoard_110315_144306_IE11_Any Bank USA.html
[INFO ][2015-11-03 14:44:39,783][com.java.EmailTestReport] [   82] - smtpHostName:mail01.valuelabs.com
[INFO ][2015-11-03 14:44:39,783][com.java.EmailTestReport] [   83] - Recipient:venkateswararao.gubbala@valuelabs.com
[INFO ][2015-11-03 14:44:39,783][com.java.EmailTestReport] [   84] - From:venkateswararao.gubbala@valuelabs.com
[INFO ][2015-11-03 14:44:39,783][com.java.EmailTestReport] [   85] - Subject:DestinationRewards Automation Test Report - Any Bank USA - IE11
[INFO ][2015-11-03 14:44:39,800][com.java.EmailTestReport] [  143] -  Added venkateswararao.gubbala@valuelabs.com
[INFO ][2015-11-03 14:44:43,192][com.java.SeleniumDriver] [  719] - quitting the browser 
[INFO ][2015-11-03 14:44:44,527][com.java.SeleniumDriver] [  263] - Execution Completed Stopping the thread
