[INFO ][2016-02-10 19:36:15,607][com.java.SeleniumDriver] [  213] - Execute Failed Casesfalse
[INFO ][2016-02-10 19:36:15,607][com.java.SeleniumDriver] [  214] - Browser: IE10
[INFO ][2016-02-10 19:36:15,607][com.java.SeleniumDriver] [  215] - [1, 24, 25, 29, 30]
[INFO ][2016-02-10 19:36:15,607][com.java.SeleniumDriver] [  216] - Total TestCases:5
[INFO ][2016-02-10 19:36:15,607][com.java.SeleniumDriver] [  217] -  Reading Properties from Property File 
[DEBUG][2016-02-10 19:36:15,607][com.java.SeleniumDriver] [  238] - url : https://clients-xuat.bankersdashboard.com
[INFO ][2016-02-10 19:36:15,608][com.java.ImportnExport.ExportTestResultsExcel] [  116] - Time Stamp Wed Feb 10 07:36:15 IST 2016
[INFO ][2016-02-10 19:36:15,609][com.java.ImportnExport.ExportTestResultsExcel] [  175] - OUT FILE : D:\BankersDashboard/TestReports/Test Results_BankersDashBoard_021016_193615_IE10_CB&S Bank.xls
[INFO ][2016-02-10 19:36:15,638][com.java.ImportnExport.ExportTestResultsExcel] [  180] - Test Result file is created
[DEBUG][2016-02-10 19:36:15,745][com.java.SeleniumDriver] [  426] - Hub ip address is-------172.17.68.34
[INFO ][2016-02-10 19:36:15,792][com.java.SeleniumDriver] [  452] - Grid URL:http://172.17.68.34:4444/wd/hub
[INFO ][2016-02-10 19:36:15,792][com.java.SeleniumDriver] [  453] - Capability:Capabilities [{platform=ANY, ensureCleanSession=true, ignoreProtectedModeSettings=true, acceptSslCerts=true, ignoreZoomSetting=true, browserName=internet explorer, browserstack.ie.noFlash=true, version=null}]
[ERROR][2016-02-10 19:36:17,132][com.java.SeleniumDriver] [  498] - Unable invoke browser in grid:Could not start a new session. Possible causes are invalid address of the remote server or browser start-up failure.
Build info: version: '2.48.2', revision: '41bccdd', time: '2015-10-09 19:59:12'
System info: host: 'FVTIII438F1D', ip: '172.17.68.34', os.name: 'Windows 7', os.arch: 'x86', os.version: '6.1', java.version: '1.7.0_55'
Driver info: driver.version: SeleniumDriver
[INFO ][2016-02-10 19:36:17,132][com.java.SeleniumDriver] [  500] - Executing on local machine
[INFO ][2016-02-10 19:36:27,613][com.java.SeleniumDriver] [  248] - IE10is opened
[INFO ][2016-02-10 19:36:28,474][com.java.SeleniumDriver] [  756] - Test cases to be executed are: [1, 24, 25, 29, 30]
[INFO ][2016-02-10 19:36:28,499][com.java.ImportnExport.ImportTestDataDetailsExcel] [   49] - test data details path===== D:\BankersDashboard\TestInputs\TestData.xls
[INFO ][2016-02-10 19:36:28,602][com.java.SeleniumDriver] [  856] - ------------------------------------------
[INFO ][2016-02-10 19:36:28,602][com.java.SeleniumDriver] [  857] - Test case being Executed: 1
[INFO ][2016-02-10 19:36:28,603][com.java.SeleniumDriver] [  869] - Test step:1
[INFO ][2016-02-10 19:36:28,603][com.java.SeleniumDriver] [  881] - Datavalue is----------Concept#1:1-16
[INFO ][2016-02-10 19:36:28,603][com.java.SeleniumDriver] [  905] - DataField : test
[INFO ][2016-02-10 19:36:28,603][com.java.SeleniumDriver] [  907] - DataValue : Concept#1:1-16
[INFO ][2016-02-10 19:36:28,603][com.java.SeleniumDriver] [  913] - <In Set values of the page>
[INFO ][2016-02-10 19:36:28,603][com.java.SeleniumDriver] [  916] - {Data Fields & Data Values Exist}
[INFO ][2016-02-10 19:36:28,603][com.java.SeleniumDriver] [  918] - --------------------------setting values-----------------------------
[INFO ][2016-02-10 19:36:28,603][com.java.SeleniumDriver] [  921] - Action Type : ExecuteTestCase
[INFO ][2016-02-10 19:36:28,622][com.java.TestType] [  460] - The Concept sheet name is ---------- Concept
[INFO ][2016-02-10 19:36:28,622][com.java.TestType] [  463] - The Concept ID  is ---------- 1
[DEBUG][2016-02-10 19:36:28,622][com.java.TestType] [  467] - Steps being executted in the Concept are: 1:16
[INFO ][2016-02-10 19:36:28,622][com.java.TestType] [  474] - Test data details path ---------- D:\BankersDashboard\TestInputs\TestData.xls
[INFO ][2016-02-10 19:36:28,661][com.java.TestType] [  505] -  str(1) = 1
[INFO ][2016-02-10 19:36:28,661][com.java.TestType] [  508] - Test case Id is---1
[INFO ][2016-02-10 19:36:28,662][com.java.TestType] [  510] - 1
[INFO ][2016-02-10 19:36:28,662][com.java.TestType] [  505] -  str(2) = 1
[INFO ][2016-02-10 19:36:28,664][com.java.TestType] [  505] -  str(1) = 1
[INFO ][2016-02-10 19:36:28,664][com.java.TestType] [  508] - Test case Id is---1
[INFO ][2016-02-10 19:36:28,664][com.java.TestType] [  510] - 1
[INFO ][2016-02-10 19:36:28,664][com.java.TestType] [  505] -  str(2) = 2
[INFO ][2016-02-10 19:36:28,666][com.java.TestType] [  505] -  str(1) = 1
[INFO ][2016-02-10 19:36:28,666][com.java.TestType] [  508] - Test case Id is---1
[INFO ][2016-02-10 19:36:28,666][com.java.TestType] [  510] - 1
[INFO ][2016-02-10 19:36:28,666][com.java.TestType] [  505] -  str(2) = 3
[INFO ][2016-02-10 19:36:28,667][com.java.TestType] [  505] -  str(1) = 1
[INFO ][2016-02-10 19:36:28,667][com.java.TestType] [  508] - Test case Id is---1
[INFO ][2016-02-10 19:36:28,667][com.java.TestType] [  510] - 1
[INFO ][2016-02-10 19:36:28,668][com.java.TestType] [  505] -  str(2) = 4
[INFO ][2016-02-10 19:36:28,669][com.java.TestType] [  505] -  str(1) = 1
[INFO ][2016-02-10 19:36:28,669][com.java.TestType] [  508] - Test case Id is---1
[INFO ][2016-02-10 19:36:28,669][com.java.TestType] [  510] - 1
[INFO ][2016-02-10 19:36:28,669][com.java.TestType] [  505] -  str(2) = 5
[INFO ][2016-02-10 19:36:28,670][com.java.TestType] [  505] -  str(1) = 1
[INFO ][2016-02-10 19:36:28,672][com.java.TestType] [  508] - Test case Id is---1
[INFO ][2016-02-10 19:36:28,672][com.java.TestType] [  510] - 1
[INFO ][2016-02-10 19:36:28,673][com.java.TestType] [  505] -  str(2) = 6
[INFO ][2016-02-10 19:36:28,674][com.java.TestType] [  505] -  str(1) = 1
[INFO ][2016-02-10 19:36:28,674][com.java.TestType] [  508] - Test case Id is---1
[INFO ][2016-02-10 19:36:28,674][com.java.TestType] [  510] - 1
[INFO ][2016-02-10 19:36:28,674][com.java.TestType] [  505] -  str(2) = 7
[INFO ][2016-02-10 19:36:28,675][com.java.TestType] [  505] -  str(1) = 1
[INFO ][2016-02-10 19:36:28,675][com.java.TestType] [  508] - Test case Id is---1
[INFO ][2016-02-10 19:36:28,675][com.java.TestType] [  510] - 1
[INFO ][2016-02-10 19:36:28,675][com.java.TestType] [  505] -  str(2) = 8
[INFO ][2016-02-10 19:36:28,676][com.java.TestType] [  505] -  str(1) = 1
[INFO ][2016-02-10 19:36:28,676][com.java.TestType] [  508] - Test case Id is---1
[INFO ][2016-02-10 19:36:28,676][com.java.TestType] [  510] - 1
[INFO ][2016-02-10 19:36:28,676][com.java.TestType] [  505] -  str(2) = 9
[INFO ][2016-02-10 19:36:28,677][com.java.TestType] [  505] -  str(1) = 1
[INFO ][2016-02-10 19:36:28,677][com.java.TestType] [  508] - Test case Id is---1
[INFO ][2016-02-10 19:36:28,677][com.java.TestType] [  510] - 1
[INFO ][2016-02-10 19:36:28,677][com.java.TestType] [  505] -  str(2) = 10
[INFO ][2016-02-10 19:36:28,678][com.java.TestType] [  505] -  str(1) = 1
[INFO ][2016-02-10 19:36:28,678][com.java.TestType] [  508] - Test case Id is---1
[INFO ][2016-02-10 19:36:28,678][com.java.TestType] [  510] - 1
[INFO ][2016-02-10 19:36:28,678][com.java.TestType] [  505] -  str(2) = 11
[INFO ][2016-02-10 19:36:28,679][com.java.TestType] [  505] -  str(1) = 1
[INFO ][2016-02-10 19:36:28,679][com.java.TestType] [  508] - Test case Id is---1
[INFO ][2016-02-10 19:36:28,679][com.java.TestType] [  510] - 1
[INFO ][2016-02-10 19:36:28,679][com.java.TestType] [  505] -  str(2) = 12
[INFO ][2016-02-10 19:36:28,680][com.java.TestType] [  505] -  str(1) = 1
[INFO ][2016-02-10 19:36:28,680][com.java.TestType] [  508] - Test case Id is---1
[INFO ][2016-02-10 19:36:28,680][com.java.TestType] [  510] - 1
[INFO ][2016-02-10 19:36:28,680][com.java.TestType] [  505] -  str(2) = 13
[INFO ][2016-02-10 19:36:28,683][com.java.TestType] [  505] -  str(1) = 1
[INFO ][2016-02-10 19:36:28,683][com.java.TestType] [  508] - Test case Id is---1
[INFO ][2016-02-10 19:36:28,683][com.java.TestType] [  510] - 1
[INFO ][2016-02-10 19:36:28,683][com.java.TestType] [  505] -  str(2) = 14
[INFO ][2016-02-10 19:36:28,684][com.java.TestType] [  505] -  str(1) = 1
[INFO ][2016-02-10 19:36:28,684][com.java.TestType] [  508] - Test case Id is---1
[INFO ][2016-02-10 19:36:28,684][com.java.TestType] [  510] - 1
[INFO ][2016-02-10 19:36:28,684][com.java.TestType] [  505] -  str(2) = 15
[INFO ][2016-02-10 19:36:28,685][com.java.TestType] [  505] -  str(1) = 1
[INFO ][2016-02-10 19:36:28,685][com.java.TestType] [  508] - Test case Id is---1
[INFO ][2016-02-10 19:36:28,685][com.java.TestType] [  510] - 1
[INFO ][2016-02-10 19:36:28,685][com.java.TestType] [  505] -  str(2) = 16
[INFO ][2016-02-10 19:36:28,686][com.java.TestType] [12463] - Looping 1TCID = 1
[DEBUG][2016-02-10 19:36:28,686][com.java.TestType] [12504] - Concept ID:1 :: Step being Executed: 1::1
[INFO ][2016-02-10 19:36:28,686][com.java.TestType] [12542] - dataFields : TXTusername
[DEBUG][2016-02-10 19:36:28,686][com.java.TestType] [12548] - <In Set values of the page>
[DEBUG][2016-02-10 19:36:28,686][com.java.TestType] [12553] - {Data Fields & Data Values Exist}
[INFO ][2016-02-10 19:36:28,686][com.java.TestType] [12559] - --------------------------setting values-----------------------------
[INFO ][2016-02-10 19:36:28,686][com.java.TestType] [12562] - Action Type : CLEARANDENTER
[INFO ][2016-02-10 19:36:30,978][com.java.TestType] [ 6884] - value = valuelabs.ie10.15310
[INFO ][2016-02-10 19:36:33,360][com.java.TestType] [12581] -  RESULT true
[INFO ][2016-02-10 19:36:33,360][com.java.TestType] [12698] - ?   P A S S   ?
[DEBUG][2016-02-10 19:36:33,360][com.java.TestType] [12504] - Concept ID:1 :: Step being Executed: 1::2
[INFO ][2016-02-10 19:36:33,360][com.java.TestType] [12542] - dataFields : TXTpassword
[DEBUG][2016-02-10 19:36:33,360][com.java.TestType] [12548] - <In Set values of the page>
[DEBUG][2016-02-10 19:36:33,360][com.java.TestType] [12553] - {Data Fields & Data Values Exist}
[INFO ][2016-02-10 19:36:33,360][com.java.TestType] [12559] - --------------------------setting values-----------------------------
[INFO ][2016-02-10 19:36:33,360][com.java.TestType] [12562] - Action Type : CLEARANDENTER
[INFO ][2016-02-10 19:36:35,605][com.java.TestType] [ 6884] - value = Password1*
[INFO ][2016-02-10 19:36:38,110][com.java.TestType] [12581] -  RESULT true
[INFO ][2016-02-10 19:36:38,110][com.java.TestType] [12698] - ?   P A S S   ?
[DEBUG][2016-02-10 19:36:38,110][com.java.TestType] [12504] - Concept ID:1 :: Step being Executed: 1::3
[ERROR][2016-02-10 19:36:38,110][com.java.TestType] [12537] - Exception: null
[INFO ][2016-02-10 19:36:38,110][com.java.TestType] [12542] - dataFields : XPH//button[@type='submit']
[DEBUG][2016-02-10 19:36:38,111][com.java.TestType] [12548] - <In Set values of the page>
[DEBUG][2016-02-10 19:36:38,111][com.java.TestType] [12553] - {Data Fields & Data Values Exist}
[INFO ][2016-02-10 19:36:38,111][com.java.TestType] [12559] - --------------------------setting values-----------------------------
[INFO ][2016-02-10 19:36:38,111][com.java.TestType] [12562] - Action Type : Click
[INFO ][2016-02-10 19:36:38,111][com.java.TestType] [ 7297] - Field ::XPH//button[@type='submit']
[INFO ][2016-02-10 19:36:38,111][com.java.TestType] [ 6884] - value = 
[INFO ][2016-02-10 19:36:39,111][com.java.TestType] [ 7493] - BEFORE CLICK
[INFO ][2016-02-10 19:36:39,974][com.java.TestType] [ 7501] - Unable to click the object Login
[INFO ][2016-02-10 19:36:39,974][com.java.TestType] [12581] -  RESULT true
[INFO ][2016-02-10 19:36:39,974][com.java.TestType] [12698] - ?   P A S S   ?
[DEBUG][2016-02-10 19:36:39,974][com.java.TestType] [12504] - Concept ID:1 :: Step being Executed: 1::4
[INFO ][2016-02-10 19:36:39,974][com.java.TestType] [12542] - dataFields : LNKLogout
[DEBUG][2016-02-10 19:36:39,974][com.java.TestType] [12548] - <In Set values of the page>
[DEBUG][2016-02-10 19:36:39,974][com.java.TestType] [12553] - {Data Fields & Data Values Exist}
[INFO ][2016-02-10 19:36:39,974][com.java.TestType] [12559] - --------------------------setting values-----------------------------
[INFO ][2016-02-10 19:36:39,974][com.java.TestType] [12562] - Action Type : WaitForElement
[INFO ][2016-02-10 19:36:43,506][com.java.TestType] [12581] -  RESULT true
[INFO ][2016-02-10 19:36:43,506][com.java.TestType] [12698] - ?   P A S S   ?
[DEBUG][2016-02-10 19:36:43,506][com.java.TestType] [12504] - Concept ID:1 :: Step being Executed: 1::15
[INFO ][2016-02-10 19:36:43,506][com.java.TestType] [12542] - dataFields : LNK
[DEBUG][2016-02-10 19:36:43,506][com.java.TestType] [12548] - <In Set values of the page>
[DEBUG][2016-02-10 19:36:43,506][com.java.TestType] [12553] - {Data Fields & Data Values Exist}
[INFO ][2016-02-10 19:36:43,507][com.java.TestType] [12559] - --------------------------setting values-----------------------------
[INFO ][2016-02-10 19:36:43,507][com.java.TestType] [12562] - Action Type : Verify
[INFO ][2016-02-10 19:36:43,507][com.java.TestType] [ 8585] - field= LNK value= Logout
[INFO ][2016-02-10 19:36:43,508][com.java.TestType] [ 6884] - value = Logout
[INFO ][2016-02-10 19:36:43,544][com.java.TestType] [12581] -  RESULT true
[INFO ][2016-02-10 19:36:43,544][com.java.TestType] [12698] - ?   P A S S   ?
[DEBUG][2016-02-10 19:36:43,544][com.java.TestType] [12504] - Concept ID:1 :: Step being Executed: 1::16
[INFO ][2016-02-10 19:36:43,545][com.java.TestType] [12542] - dataFields : BTN
[DEBUG][2016-02-10 19:36:43,545][com.java.TestType] [12548] - <In Set values of the page>
[DEBUG][2016-02-10 19:36:43,545][com.java.TestType] [12553] - {Data Fields & Data Values Exist}
[INFO ][2016-02-10 19:36:43,545][com.java.TestType] [12559] - --------------------------setting values-----------------------------
[INFO ][2016-02-10 19:36:43,545][com.java.TestType] [12562] - Action Type : Verify
[INFO ][2016-02-10 19:36:43,545][com.java.TestType] [ 8585] - field= BTN value= //img[contains(@src,'bdlogo.jpg')]
[INFO ][2016-02-10 19:36:43,545][com.java.TestType] [ 6884] - value = //img[contains(@src,'bdlogo.jpg')]
[INFO ][2016-02-10 19:36:43,617][com.java.TestType] [12581] -  RESULT true
[INFO ][2016-02-10 19:36:43,617][com.java.TestType] [12698] - ?   P A S S   ?
[INFO ][2016-02-10 19:36:43,617][com.java.TestType] [12769] - Looping End......
[INFO ][2016-02-10 19:36:43,623][com.java.SeleniumDriver] [  930] -  RESULT true
[INFO ][2016-02-10 19:36:43,623][com.java.SeleniumDriver] [ 1136] - ?   P A S S   ?
[INFO ][2016-02-10 19:36:43,623][com.java.SeleniumDriver] [  856] - ------------------------------------------
[INFO ][2016-02-10 19:36:43,623][com.java.SeleniumDriver] [  857] - Test case being Executed: 1
[INFO ][2016-02-10 19:36:43,623][com.java.SeleniumDriver] [  869] - Test step:2
[INFO ][2016-02-10 19:36:43,623][com.java.SeleniumDriver] [  881] - Datavalue is----------Concept#2:1-2
[INFO ][2016-02-10 19:36:43,623][com.java.SeleniumDriver] [  905] - DataField : test
[INFO ][2016-02-10 19:36:43,623][com.java.SeleniumDriver] [  907] - DataValue : Concept#2:1-2
[INFO ][2016-02-10 19:36:43,623][com.java.SeleniumDriver] [  913] - <In Set values of the page>
[INFO ][2016-02-10 19:36:43,623][com.java.SeleniumDriver] [  916] - {Data Fields & Data Values Exist}
[INFO ][2016-02-10 19:36:43,623][com.java.SeleniumDriver] [  918] - --------------------------setting values-----------------------------
[INFO ][2016-02-10 19:36:43,623][com.java.SeleniumDriver] [  921] - Action Type : ExecuteTestCase
[INFO ][2016-02-10 19:36:43,624][com.java.TestType] [  460] - The Concept sheet name is ---------- Concept
[INFO ][2016-02-10 19:36:43,624][com.java.TestType] [  463] - The Concept ID  is ---------- 2
[DEBUG][2016-02-10 19:36:43,624][com.java.TestType] [  467] - Steps being executted in the Concept are: 1:2
[INFO ][2016-02-10 19:36:43,624][com.java.TestType] [  474] - Test data details path ---------- D:\BankersDashboard\TestInputs\TestData.xls
[INFO ][2016-02-10 19:36:43,662][com.java.TestType] [  505] -  str(1) = 2
[INFO ][2016-02-10 19:36:43,662][com.java.TestType] [  508] - Test case Id is---2
[INFO ][2016-02-10 19:36:43,662][com.java.TestType] [  510] - 2
[INFO ][2016-02-10 19:36:43,662][com.java.TestType] [  505] -  str(2) = 1
[INFO ][2016-02-10 19:36:43,665][com.java.TestType] [  505] -  str(1) = 2
[INFO ][2016-02-10 19:36:43,665][com.java.TestType] [  508] - Test case Id is---2
[INFO ][2016-02-10 19:36:43,665][com.java.TestType] [  510] - 2
[INFO ][2016-02-10 19:36:43,665][com.java.TestType] [  505] -  str(2) = 2
[INFO ][2016-02-10 19:36:43,666][com.java.TestType] [  505] -  str(1) = 2
[INFO ][2016-02-10 19:36:43,666][com.java.TestType] [  508] - Test case Id is---2
[INFO ][2016-02-10 19:36:43,666][com.java.TestType] [  510] - 2
[INFO ][2016-02-10 19:36:43,666][com.java.TestType] [  505] -  str(2) = 3
[INFO ][2016-02-10 19:36:43,667][com.java.TestType] [12463] - Looping 1TCID = 2
[DEBUG][2016-02-10 19:36:43,667][com.java.TestType] [12504] - Concept ID:2 :: Step being Executed: 2::1
[INFO ][2016-02-10 19:36:43,667][com.java.TestType] [12542] - dataFields : BNK//select[@id='bank']
[DEBUG][2016-02-10 19:36:43,667][com.java.TestType] [12548] - <In Set values of the page>
[DEBUG][2016-02-10 19:36:43,667][com.java.TestType] [12553] - {Data Fields & Data Values Exist}
[INFO ][2016-02-10 19:36:43,667][com.java.TestType] [12559] - --------------------------setting values-----------------------------
[INFO ][2016-02-10 19:36:43,667][com.java.TestType] [12562] - Action Type : Select
[INFO ][2016-02-10 19:36:43,667][com.java.TestType] [ 6884] - value = PFC
[INFO ][2016-02-10 19:36:44,181][com.java.TestType] [12581] -  RESULT true
[INFO ][2016-02-10 19:36:44,181][com.java.TestType] [12698] - ?   P A S S   ?
[DEBUG][2016-02-10 19:36:44,181][com.java.TestType] [12504] - Concept ID:2 :: Step being Executed: 2::2
[INFO ][2016-02-10 19:36:44,181][com.java.TestType] [12542] - dataFields : LNKLogout
[DEBUG][2016-02-10 19:36:44,181][com.java.TestType] [12548] - <In Set values of the page>
[DEBUG][2016-02-10 19:36:44,181][com.java.TestType] [12553] - {Data Fields & Data Values Exist}
[INFO ][2016-02-10 19:36:44,182][com.java.TestType] [12559] - --------------------------setting values-----------------------------
[INFO ][2016-02-10 19:36:44,182][com.java.TestType] [12562] - Action Type : WaitTime
[DEBUG][2016-02-10 19:36:44,182][com.java.TestType] [ 6693] - sleepTime: 5000
[INFO ][2016-02-10 19:36:49,182][com.java.TestType] [12581] -  RESULT true
[INFO ][2016-02-10 19:36:49,182][com.java.TestType] [12698] - ?   P A S S   ?
[INFO ][2016-02-10 19:36:49,182][com.java.TestType] [12769] - Looping End......
[INFO ][2016-02-10 19:36:49,186][com.java.SeleniumDriver] [  930] -  RESULT true
[INFO ][2016-02-10 19:36:49,186][com.java.SeleniumDriver] [ 1136] - ?   P A S S   ?
[INFO ][2016-02-10 19:36:49,186][com.java.SeleniumDriver] [  856] - ------------------------------------------
[INFO ][2016-02-10 19:36:49,186][com.java.SeleniumDriver] [  857] - Test case being Executed: 1
[INFO ][2016-02-10 19:36:49,186][com.java.SeleniumDriver] [  869] - Test step:3
[INFO ][2016-02-10 19:36:49,186][com.java.SeleniumDriver] [  881] - Datavalue is----------2
[INFO ][2016-02-10 19:36:49,186][com.java.SeleniumDriver] [  905] - DataField : XPH//button[contains(text(),'Add Content')]
[INFO ][2016-02-10 19:36:49,186][com.java.SeleniumDriver] [  907] - DataValue : 2
[INFO ][2016-02-10 19:36:49,187][com.java.SeleniumDriver] [  913] - <In Set values of the page>
[INFO ][2016-02-10 19:36:49,187][com.java.SeleniumDriver] [  916] - {Data Fields & Data Values Exist}
[INFO ][2016-02-10 19:36:49,187][com.java.SeleniumDriver] [  918] - --------------------------setting values-----------------------------
[INFO ][2016-02-10 19:36:49,187][com.java.SeleniumDriver] [  921] - Action Type : WAITFORELEMENT
[INFO ][2016-02-10 19:36:49,223][com.java.SeleniumDriver] [  930] -  RESULT true
[INFO ][2016-02-10 19:36:49,223][com.java.SeleniumDriver] [ 1136] - ?   P A S S   ?
[DEBUG][2016-02-10 19:36:49,223][com.java.SeleniumDriver] [ 1248] - Case found
[DEBUG][2016-02-10 19:36:49,223][com.java.SeleniumDriver] [ 1253] - Incrementing ReportCounters[0]:1
[INFO ][2016-02-10 19:36:49,223][com.java.SeleniumDriver] [ 1272] - The results are-------------------[1, 1, Valid Login, Pass, , Wed Feb 10 19:36:43 IST 2016, 1, 2, Valid Login, Pass, , Wed Feb 10 19:36:49 IST 2016, 1, 3, Valid Login, Pass, , Wed Feb 10 19:36:49 IST 2016]
[INFO ][2016-02-10 19:36:49,224][com.java.SeleniumDriver] [ 1276] - End time is-------35 sec
[INFO ][2016-02-10 19:36:49,224][com.java.SeleniumDriver] [ 1277] - The results are-------------------[1, 1, Valid Login, Pass, , Wed Feb 10 19:36:43 IST 2016, 1, 2, Valid Login, Pass, , Wed Feb 10 19:36:49 IST 2016, 1, 3, Valid Login, Pass, , Wed Feb 10 19:36:49 IST 2016]
[DEBUG][2016-02-10 19:36:49,224][com.java.ImportnExport.ExportTestResultsExcel] [  222] - testResultPath = D:\BankersDashboard/TestReports/Test Results_BankersDashBoard_021016_193615_IE10_CB&S Bank.xls
[DEBUG][2016-02-10 19:36:49,224][com.java.ImportnExport.ExportTestResultsExcel] [  223] - browser is------------IE10
[DEBUG][2016-02-10 19:36:49,268][com.java.ImportnExport.ExportTestResultsExcel] [  270] - result.size() = 18
[DEBUG][2016-02-10 19:36:49,268][com.java.ImportnExport.ExportTestResultsExcel] [  274] - No of rows in sheet=1
[DEBUG][2016-02-10 19:36:49,268][com.java.ImportnExport.ExportTestResultsExcel] [  301] - ..in export..1
[DEBUG][2016-02-10 19:36:49,269][com.java.ImportnExport.ExportTestResultsExcel] [  301] - ..in export..Valid Login
[DEBUG][2016-02-10 19:36:49,269][com.java.ImportnExport.ExportTestResultsExcel] [  301] - ..in export..Pass
[DEBUG][2016-02-10 19:36:49,269][com.java.ImportnExport.ExportTestResultsExcel] [  301] - ..in export..
[DEBUG][2016-02-10 19:36:49,269][com.java.ImportnExport.ExportTestResultsExcel] [  301] - ..in export..Wed Feb 10 19:36:43 IST 2016
[INFO ][2016-02-10 19:36:49,271][com.java.SeleniumDriver] [ 1337] - out loop:0 size:5 TestCases:[1, 24, 25, 29, 30] testcases:[1, 24, 25, 29, 30]
[INFO ][2016-02-10 19:36:49,271][com.java.ImportnExport.ImportTestDataDetailsExcel] [   49] - test data details path===== D:\BankersDashboard\TestInputs\TestData.xls
[INFO ][2016-02-10 19:37:06,809][com.java.SeleniumDriver] [  856] - ------------------------------------------
[INFO ][2016-02-10 19:37:06,809][com.java.SeleniumDriver] [  857] - Test case being Executed: 24
[INFO ][2016-02-10 19:37:06,809][com.java.SeleniumDriver] [  869] - Test step:1
[INFO ][2016-02-10 19:37:06,809][com.java.SeleniumDriver] [  881] - Datavalue is----------Logout
[INFO ][2016-02-10 19:37:06,809][com.java.SeleniumDriver] [  905] - DataField : BTN
[INFO ][2016-02-10 19:37:06,809][com.java.SeleniumDriver] [  907] - DataValue : Logout
[INFO ][2016-02-10 19:37:06,809][com.java.SeleniumDriver] [  913] - <In Set values of the page>
[INFO ][2016-02-10 19:37:06,809][com.java.SeleniumDriver] [  916] - {Data Fields & Data Values Exist}
[INFO ][2016-02-10 19:37:06,809][com.java.SeleniumDriver] [  918] - --------------------------setting values-----------------------------
[INFO ][2016-02-10 19:37:06,809][com.java.SeleniumDriver] [  921] - Action Type : Verify
[INFO ][2016-02-10 19:37:06,809][com.java.TestType] [ 8585] - field= BTN value= Logout
[INFO ][2016-02-10 19:37:06,809][com.java.TestType] [ 6884] - value = Logout
[INFO ][2016-02-10 19:37:06,900][com.java.SeleniumDriver] [  930] -  RESULT true
[INFO ][2016-02-10 19:37:06,900][com.java.SeleniumDriver] [ 1136] - ?   P A S S   ?
[INFO ][2016-02-10 19:37:06,900][com.java.SeleniumDriver] [ 1178] - step change to 3
[INFO ][2016-02-10 19:37:06,900][com.java.SeleniumDriver] [  856] - ------------------------------------------
[INFO ][2016-02-10 19:37:06,900][com.java.SeleniumDriver] [  857] - Test case being Executed: 24
[INFO ][2016-02-10 19:37:06,900][com.java.SeleniumDriver] [  869] - Test step:3
[INFO ][2016-02-10 19:37:06,900][com.java.SeleniumDriver] [  881] - Datavalue is----------Concept#2:1-2
[INFO ][2016-02-10 19:37:06,900][com.java.SeleniumDriver] [  905] - DataField : test
[INFO ][2016-02-10 19:37:06,900][com.java.SeleniumDriver] [  907] - DataValue : Concept#2:1-2
[INFO ][2016-02-10 19:37:06,900][com.java.SeleniumDriver] [  913] - <In Set values of the page>
[INFO ][2016-02-10 19:37:06,900][com.java.SeleniumDriver] [  916] - {Data Fields & Data Values Exist}
[INFO ][2016-02-10 19:37:06,900][com.java.SeleniumDriver] [  918] - --------------------------setting values-----------------------------
[INFO ][2016-02-10 19:37:06,900][com.java.SeleniumDriver] [  921] - Action Type : ExecuteTestCase
[INFO ][2016-02-10 19:37:06,900][com.java.TestType] [  460] - The Concept sheet name is ---------- Concept
[INFO ][2016-02-10 19:37:06,900][com.java.TestType] [  463] - The Concept ID  is ---------- 2
[DEBUG][2016-02-10 19:37:06,900][com.java.TestType] [  467] - Steps being executted in the Concept are: 1:2
[INFO ][2016-02-10 19:37:06,900][com.java.TestType] [  474] - Test data details path ---------- D:\BankersDashboard\TestInputs\TestData.xls
[INFO ][2016-02-10 19:37:06,930][com.java.TestType] [  505] -  str(1) = 2
[INFO ][2016-02-10 19:37:06,930][com.java.TestType] [  508] - Test case Id is---2
[INFO ][2016-02-10 19:37:06,930][com.java.TestType] [  510] - 2
[INFO ][2016-02-10 19:37:06,930][com.java.TestType] [  505] -  str(2) = 1
[INFO ][2016-02-10 19:37:06,930][com.java.TestType] [  505] -  str(1) = 2
[INFO ][2016-02-10 19:37:06,930][com.java.TestType] [  508] - Test case Id is---2
[INFO ][2016-02-10 19:37:06,930][com.java.TestType] [  510] - 2
[INFO ][2016-02-10 19:37:06,930][com.java.TestType] [  505] -  str(2) = 2
[INFO ][2016-02-10 19:37:06,930][com.java.TestType] [  505] -  str(1) = 2
[INFO ][2016-02-10 19:37:06,930][com.java.TestType] [  508] - Test case Id is---2
[INFO ][2016-02-10 19:37:06,930][com.java.TestType] [  510] - 2
[INFO ][2016-02-10 19:37:06,930][com.java.TestType] [  505] -  str(2) = 3
[INFO ][2016-02-10 19:37:06,940][com.java.TestType] [12463] - Looping 1TCID = 2
[DEBUG][2016-02-10 19:37:06,940][com.java.TestType] [12504] - Concept ID:2 :: Step being Executed: 2::1
[INFO ][2016-02-10 19:37:06,940][com.java.TestType] [12542] - dataFields : BNK//select[@id='bank']
[DEBUG][2016-02-10 19:37:06,940][com.java.TestType] [12548] - <In Set values of the page>
[DEBUG][2016-02-10 19:37:06,940][com.java.TestType] [12553] - {Data Fields & Data Values Exist}
[INFO ][2016-02-10 19:37:06,940][com.java.TestType] [12559] - --------------------------setting values-----------------------------
[INFO ][2016-02-10 19:37:06,940][com.java.TestType] [12562] - Action Type : Select
[INFO ][2016-02-10 19:37:06,940][com.java.TestType] [ 6884] - value = PFC
[INFO ][2016-02-10 19:37:07,120][com.java.TestType] [12581] -  RESULT true
[INFO ][2016-02-10 19:37:07,120][com.java.TestType] [12698] - ?   P A S S   ?
[DEBUG][2016-02-10 19:37:07,120][com.java.TestType] [12504] - Concept ID:2 :: Step being Executed: 2::2
[INFO ][2016-02-10 19:37:07,120][com.java.TestType] [12542] - dataFields : LNKLogout
[DEBUG][2016-02-10 19:37:07,120][com.java.TestType] [12548] - <In Set values of the page>
[DEBUG][2016-02-10 19:37:07,120][com.java.TestType] [12553] - {Data Fields & Data Values Exist}
[INFO ][2016-02-10 19:37:07,120][com.java.TestType] [12559] - --------------------------setting values-----------------------------
[INFO ][2016-02-10 19:37:07,120][com.java.TestType] [12562] - Action Type : WaitTime
[DEBUG][2016-02-10 19:37:07,120][com.java.TestType] [ 6693] - sleepTime: 5000
[INFO ][2016-02-10 19:37:12,120][com.java.TestType] [12581] -  RESULT true
[INFO ][2016-02-10 19:37:12,120][com.java.TestType] [12698] - ?   P A S S   ?
[INFO ][2016-02-10 19:37:12,120][com.java.TestType] [12769] - Looping End......
[INFO ][2016-02-10 19:37:12,120][com.java.SeleniumDriver] [  930] -  RESULT true
[INFO ][2016-02-10 19:37:12,120][com.java.SeleniumDriver] [ 1136] - ?   P A S S   ?
[INFO ][2016-02-10 19:37:12,120][com.java.SeleniumDriver] [  856] - ------------------------------------------
[INFO ][2016-02-10 19:37:12,120][com.java.SeleniumDriver] [  857] - Test case being Executed: 24
[INFO ][2016-02-10 19:37:12,120][com.java.SeleniumDriver] [  869] - Test step:4
[INFO ][2016-02-10 19:37:12,120][com.java.SeleniumDriver] [  881] - Datavalue is----------null
[DEBUG][2016-02-10 19:37:12,120][com.java.SeleniumDriver] [  899] - Exception: null
[INFO ][2016-02-10 19:37:12,120][com.java.SeleniumDriver] [  905] - DataField : //span[@class='icon-user4']&&//a[text()='G/L Mapping']&&//a[@data-id="AcctMapping"]
[INFO ][2016-02-10 19:37:12,120][com.java.SeleniumDriver] [  907] - DataValue : 
[INFO ][2016-02-10 19:37:12,120][com.java.SeleniumDriver] [  913] - <In Set values of the page>
[INFO ][2016-02-10 19:37:12,120][com.java.SeleniumDriver] [  916] - {Data Fields & Data Values Exist}
[INFO ][2016-02-10 19:37:12,120][com.java.SeleniumDriver] [  918] - --------------------------setting values-----------------------------
[INFO ][2016-02-10 19:37:12,120][com.java.SeleniumDriver] [  921] - Action Type : MOUSEOVER
[INFO ][2016-02-10 19:37:56,869][com.java.SeleniumDriver] [  930] -  RESULT true
[INFO ][2016-02-10 19:37:56,869][com.java.SeleniumDriver] [ 1136] - ?   P A S S   ?
[INFO ][2016-02-10 19:37:56,869][com.java.SeleniumDriver] [  856] - ------------------------------------------
[INFO ][2016-02-10 19:37:56,869][com.java.SeleniumDriver] [  857] - Test case being Executed: 24
[INFO ][2016-02-10 19:37:56,869][com.java.SeleniumDriver] [  869] - Test step:5
[INFO ][2016-02-10 19:37:56,869][com.java.SeleniumDriver] [  881] - Datavalue is----------Assets
[INFO ][2016-02-10 19:37:56,869][com.java.SeleniumDriver] [  905] - DataField : XPH//*[@id='glMappingTabAssets']
[INFO ][2016-02-10 19:37:56,869][com.java.SeleniumDriver] [  907] - DataValue : Assets
[INFO ][2016-02-10 19:37:56,869][com.java.SeleniumDriver] [  913] - <In Set values of the page>
[INFO ][2016-02-10 19:37:56,869][com.java.SeleniumDriver] [  916] - {Data Fields & Data Values Exist}
[INFO ][2016-02-10 19:37:56,869][com.java.SeleniumDriver] [  918] - --------------------------setting values-----------------------------
[INFO ][2016-02-10 19:37:56,869][com.java.SeleniumDriver] [  921] - Action Type : VERIFY
[INFO ][2016-02-10 19:37:56,869][com.java.TestType] [ 8585] - field= XPH//*[@id='glMappingTabAssets'] value= Assets
[INFO ][2016-02-10 19:37:56,869][com.java.TestType] [ 6884] - value = Assets
[INFO ][2016-02-10 19:37:57,110][com.java.SeleniumDriver] [  930] -  RESULT true
[INFO ][2016-02-10 19:37:57,110][com.java.SeleniumDriver] [ 1136] - ?   P A S S   ?
[INFO ][2016-02-10 19:37:57,110][com.java.SeleniumDriver] [  856] - ------------------------------------------
[INFO ][2016-02-10 19:37:57,110][com.java.SeleniumDriver] [  857] - Test case being Executed: 24
[INFO ][2016-02-10 19:37:57,110][com.java.SeleniumDriver] [  869] - Test step:6
[INFO ][2016-02-10 19:37:57,110][com.java.SeleniumDriver] [  881] - Datavalue is----------null
[DEBUG][2016-02-10 19:37:57,110][com.java.SeleniumDriver] [  899] - Exception: null
[INFO ][2016-02-10 19:37:57,110][com.java.SeleniumDriver] [  905] - DataField : FEA
[INFO ][2016-02-10 19:37:57,110][com.java.SeleniumDriver] [  907] - DataValue : 
[INFO ][2016-02-10 19:37:57,110][com.java.SeleniumDriver] [  913] - <In Set values of the page>
[INFO ][2016-02-10 19:37:57,110][com.java.SeleniumDriver] [  916] - {Data Fields & Data Values Exist}
[INFO ][2016-02-10 19:37:57,110][com.java.SeleniumDriver] [  918] - --------------------------setting values-----------------------------
[INFO ][2016-02-10 19:37:57,110][com.java.SeleniumDriver] [  921] - Action Type : CLICKACCOUNT
[INFO ][2016-02-10 19:38:13,802][com.java.SeleniumDriver] [  930] -  RESULT true
[INFO ][2016-02-10 19:38:13,802][com.java.SeleniumDriver] [ 1136] - ?   P A S S   ?
[INFO ][2016-02-10 19:38:13,802][com.java.SeleniumDriver] [  856] - ------------------------------------------
[INFO ][2016-02-10 19:38:13,802][com.java.SeleniumDriver] [  857] - Test case being Executed: 24
[INFO ][2016-02-10 19:38:13,802][com.java.SeleniumDriver] [  869] - Test step:7
[INFO ][2016-02-10 19:38:13,802][com.java.SeleniumDriver] [  881] - Datavalue is----------5
[INFO ][2016-02-10 19:38:13,802][com.java.SeleniumDriver] [  905] - DataField : test
[INFO ][2016-02-10 19:38:13,802][com.java.SeleniumDriver] [  907] - DataValue : 5
[INFO ][2016-02-10 19:38:13,802][com.java.SeleniumDriver] [  913] - <In Set values of the page>
[INFO ][2016-02-10 19:38:13,802][com.java.SeleniumDriver] [  916] - {Data Fields & Data Values Exist}
[INFO ][2016-02-10 19:38:13,802][com.java.SeleniumDriver] [  918] - --------------------------setting values-----------------------------
[INFO ][2016-02-10 19:38:13,802][com.java.SeleniumDriver] [  921] - Action Type : WAITTIME
[DEBUG][2016-02-10 19:38:13,802][com.java.TestType] [ 6693] - sleepTime: 5000
[INFO ][2016-02-10 19:38:18,803][com.java.SeleniumDriver] [  930] -  RESULT true
[INFO ][2016-02-10 19:38:18,803][com.java.SeleniumDriver] [ 1136] - ?   P A S S   ?
[INFO ][2016-02-10 19:38:18,803][com.java.SeleniumDriver] [  856] - ------------------------------------------
[INFO ][2016-02-10 19:38:18,803][com.java.SeleniumDriver] [  857] - Test case being Executed: 24
[INFO ][2016-02-10 19:38:18,803][com.java.SeleniumDriver] [  869] - Test step:8
[INFO ][2016-02-10 19:38:18,803][com.java.SeleniumDriver] [  881] - Datavalue is----------GL Account Mapping
[INFO ][2016-02-10 19:38:18,803][com.java.SeleniumDriver] [  905] - DataField : XPH//span[contains(text(),'GL Account Mapping')]
[INFO ][2016-02-10 19:38:18,803][com.java.SeleniumDriver] [  907] - DataValue : GL Account Mapping
[INFO ][2016-02-10 19:38:18,803][com.java.SeleniumDriver] [  913] - <In Set values of the page>
[INFO ][2016-02-10 19:38:18,803][com.java.SeleniumDriver] [  916] - {Data Fields & Data Values Exist}
[INFO ][2016-02-10 19:38:18,803][com.java.SeleniumDriver] [  918] - --------------------------setting values-----------------------------
[INFO ][2016-02-10 19:38:18,803][com.java.SeleniumDriver] [  921] - Action Type : VERIFY
[INFO ][2016-02-10 19:38:18,803][com.java.TestType] [ 8585] - field= XPH//span[contains(text(),'GL Account Mapping')] value= GL Account Mapping
[INFO ][2016-02-10 19:38:18,803][com.java.TestType] [ 6884] - value = GL Account Mapping
[INFO ][2016-02-10 19:38:18,954][com.java.SeleniumDriver] [  930] -  RESULT true
[INFO ][2016-02-10 19:38:18,954][com.java.SeleniumDriver] [ 1136] - ?   P A S S   ?
[INFO ][2016-02-10 19:38:18,954][com.java.SeleniumDriver] [  856] - ------------------------------------------
[INFO ][2016-02-10 19:38:18,954][com.java.SeleniumDriver] [  857] - Test case being Executed: 24
[INFO ][2016-02-10 19:38:18,954][com.java.SeleniumDriver] [  869] - Test step:9
[INFO ][2016-02-10 19:38:18,954][com.java.SeleniumDriver] [  881] - Datavalue is----------null
[DEBUG][2016-02-10 19:38:18,954][com.java.SeleniumDriver] [  899] - Exception: null
[INFO ][2016-02-10 19:38:18,954][com.java.SeleniumDriver] [  905] - DataField : BTNframeDialogContent
[INFO ][2016-02-10 19:38:18,954][com.java.SeleniumDriver] [  907] - DataValue : 
[INFO ][2016-02-10 19:38:18,954][com.java.SeleniumDriver] [  913] - <In Set values of the page>
[INFO ][2016-02-10 19:38:18,954][com.java.SeleniumDriver] [  916] - {Data Fields & Data Values Exist}
[INFO ][2016-02-10 19:38:18,954][com.java.SeleniumDriver] [  918] - --------------------------setting values-----------------------------
[INFO ][2016-02-10 19:38:18,954][com.java.SeleniumDriver] [  921] - Action Type : SELECTFRAME
[INFO ][2016-02-10 19:38:21,545][com.java.SeleniumDriver] [  930] -  RESULT true
[INFO ][2016-02-10 19:38:21,545][com.java.SeleniumDriver] [ 1136] - ?   P A S S   ?
[INFO ][2016-02-10 19:38:21,545][com.java.SeleniumDriver] [  856] - ------------------------------------------
[INFO ][2016-02-10 19:38:21,545][com.java.SeleniumDriver] [  857] - Test case being Executed: 24
[INFO ][2016-02-10 19:38:21,545][com.java.SeleniumDriver] [  869] - Test step:10
[INFO ][2016-02-10 19:38:21,545][com.java.SeleniumDriver] [  881] - Datavalue is----------Assets
[INFO ][2016-02-10 19:38:21,545][com.java.SeleniumDriver] [  905] - DataField : XPH//ul[@class="dynatree-container"]/li[1]/span/a
[INFO ][2016-02-10 19:38:21,545][com.java.SeleniumDriver] [  907] - DataValue : Assets
[INFO ][2016-02-10 19:38:21,545][com.java.SeleniumDriver] [  913] - <In Set values of the page>
[INFO ][2016-02-10 19:38:21,545][com.java.SeleniumDriver] [  916] - {Data Fields & Data Values Exist}
[INFO ][2016-02-10 19:38:21,545][com.java.SeleniumDriver] [  918] - --------------------------setting values-----------------------------
[INFO ][2016-02-10 19:38:21,545][com.java.SeleniumDriver] [  921] - Action Type : VERIFY
[INFO ][2016-02-10 19:38:21,545][com.java.TestType] [ 8585] - field= XPH//ul[@class="dynatree-container"]/li[1]/span/a value= Assets
[INFO ][2016-02-10 19:38:21,545][com.java.TestType] [ 6884] - value = Assets
[INFO ][2016-02-10 19:38:21,665][com.java.SeleniumDriver] [  930] -  RESULT true
[INFO ][2016-02-10 19:38:21,665][com.java.SeleniumDriver] [ 1136] - ?   P A S S   ?
[INFO ][2016-02-10 19:38:21,665][com.java.SeleniumDriver] [  856] - ------------------------------------------
[INFO ][2016-02-10 19:38:21,665][com.java.SeleniumDriver] [  857] - Test case being Executed: 24
[INFO ][2016-02-10 19:38:21,665][com.java.SeleniumDriver] [  869] - Test step:11
[INFO ][2016-02-10 19:38:21,665][com.java.SeleniumDriver] [  881] - Datavalue is----------cash and due from banks
[INFO ][2016-02-10 19:38:21,665][com.java.SeleniumDriver] [  905] - DataField : XPH//ul[@class="dynatree-container"]/li[1]/ul/li[1]/span/a
[INFO ][2016-02-10 19:38:21,665][com.java.SeleniumDriver] [  907] - DataValue : cash and due from banks
[INFO ][2016-02-10 19:38:21,665][com.java.SeleniumDriver] [  913] - <In Set values of the page>
[INFO ][2016-02-10 19:38:21,665][com.java.SeleniumDriver] [  916] - {Data Fields & Data Values Exist}
[INFO ][2016-02-10 19:38:21,665][com.java.SeleniumDriver] [  918] - --------------------------setting values-----------------------------
[INFO ][2016-02-10 19:38:21,665][com.java.SeleniumDriver] [  921] - Action Type : VERIFY
[INFO ][2016-02-10 19:38:21,665][com.java.TestType] [ 8585] - field= XPH//ul[@class="dynatree-container"]/li[1]/ul/li[1]/span/a value= cash and due from banks
[INFO ][2016-02-10 19:38:21,665][com.java.TestType] [ 6884] - value = cash and due from banks
[INFO ][2016-02-10 19:38:21,735][com.java.SeleniumDriver] [  930] -  RESULT true
[INFO ][2016-02-10 19:38:21,735][com.java.SeleniumDriver] [ 1136] - ?   P A S S   ?
[INFO ][2016-02-10 19:38:21,735][com.java.SeleniumDriver] [  856] - ------------------------------------------
[INFO ][2016-02-10 19:38:21,735][com.java.SeleniumDriver] [  857] - Test case being Executed: 24
[INFO ][2016-02-10 19:38:21,735][com.java.SeleniumDriver] [  869] - Test step:12
[INFO ][2016-02-10 19:38:21,735][com.java.SeleniumDriver] [  881] - Datavalue is----------5
[INFO ][2016-02-10 19:38:21,735][com.java.SeleniumDriver] [  905] - DataField : null
[INFO ][2016-02-10 19:38:21,735][com.java.SeleniumDriver] [  907] - DataValue : 5
[INFO ][2016-02-10 19:38:21,735][com.java.SeleniumDriver] [  913] - <In Set values of the page>
[INFO ][2016-02-10 19:38:21,735][com.java.SeleniumDriver] [  916] - {Data Fields & Data Values Exist}
[INFO ][2016-02-10 19:38:21,735][com.java.SeleniumDriver] [  918] - --------------------------setting values-----------------------------
[INFO ][2016-02-10 19:38:21,735][com.java.SeleniumDriver] [  921] - Action Type : WAITTIME
[DEBUG][2016-02-10 19:38:21,735][com.java.TestType] [ 6693] - sleepTime: 5000
[INFO ][2016-02-10 19:38:26,735][com.java.SeleniumDriver] [  930] -  RESULT true
[INFO ][2016-02-10 19:38:26,735][com.java.SeleniumDriver] [ 1136] - ?   P A S S   ?
[INFO ][2016-02-10 19:38:26,735][com.java.SeleniumDriver] [  856] - ------------------------------------------
[INFO ][2016-02-10 19:38:26,735][com.java.SeleniumDriver] [  857] - Test case being Executed: 24
[INFO ][2016-02-10 19:38:26,735][com.java.SeleniumDriver] [  869] - Test step:13
[INFO ][2016-02-10 19:38:26,735][com.java.SeleniumDriver] [  881] - Datavalue is----------index:2
[INFO ][2016-02-10 19:38:26,735][com.java.SeleniumDriver] [  905] - DataField : SLVddlFeeAcct
[INFO ][2016-02-10 19:38:26,735][com.java.SeleniumDriver] [  907] - DataValue : index:2
[INFO ][2016-02-10 19:38:26,735][com.java.SeleniumDriver] [  913] - <In Set values of the page>
[INFO ][2016-02-10 19:38:26,735][com.java.SeleniumDriver] [  916] - {Data Fields & Data Values Exist}
[INFO ][2016-02-10 19:38:26,735][com.java.SeleniumDriver] [  918] - --------------------------setting values-----------------------------
[INFO ][2016-02-10 19:38:26,735][com.java.SeleniumDriver] [  921] - Action Type : VERIFY
[INFO ][2016-02-10 19:38:26,735][com.java.TestType] [ 8585] - field= SLVddlFeeAcct value= index:2
[DEBUG][2016-02-10 19:38:26,735][com.java.TestType] [  936] - Unable to perform actionSLVddlFeeAcct
[ERROR][2016-02-10 19:38:26,735][com.java.TestType] [  937] - Exception: No enum constant com.java.TestType.DataFileds.SLV
[INFO ][2016-02-10 19:38:26,735][com.java.SeleniumDriver] [  930] -  RESULT false
[INFO ][2016-02-10 19:38:26,735][com.java.SeleniumDriver] [  977] - ?   F A I L   ?
[INFO ][2016-02-10 19:38:26,735][com.java.SeleniumDriver] [  985] - Browser Type : IE10
[INFO ][2016-02-10 19:38:26,735][com.java.SeleniumDriver] [  986] - Adding Failed case24
[DEBUG][2016-02-10 19:38:27,066][com.java.SeleniumDriver] [ 1054] -  tdd.getCondition() IF:15:14
[INFO ][2016-02-10 19:38:27,066][com.java.SeleniumDriver] [ 1063] - step change to 14
[INFO ][2016-02-10 19:38:27,066][com.java.SeleniumDriver] [  856] - ------------------------------------------
[INFO ][2016-02-10 19:38:27,066][com.java.SeleniumDriver] [  857] - Test case being Executed: 24
[INFO ][2016-02-10 19:38:27,066][com.java.SeleniumDriver] [  869] - Test step:14
[INFO ][2016-02-10 19:38:27,066][com.java.SeleniumDriver] [  881] - Datavalue is----------index:5
[INFO ][2016-02-10 19:38:27,066][com.java.SeleniumDriver] [  905] - DataField : COBddlFeeAcct
[INFO ][2016-02-10 19:38:27,066][com.java.SeleniumDriver] [  907] - DataValue : index:5
[INFO ][2016-02-10 19:38:27,066][com.java.SeleniumDriver] [  913] - <In Set values of the page>
[INFO ][2016-02-10 19:38:27,066][com.java.SeleniumDriver] [  916] - {Data Fields & Data Values Exist}
[INFO ][2016-02-10 19:38:27,066][com.java.SeleniumDriver] [  918] - --------------------------setting values-----------------------------
[INFO ][2016-02-10 19:38:27,066][com.java.SeleniumDriver] [  921] - Action Type : SELECT
[INFO ][2016-02-10 19:38:27,066][com.java.TestType] [ 6884] - value = 5
[INFO ][2016-02-10 19:38:28,447][com.java.TestType] [ 7032] -  In COB ddlFeeAcct : 5
[INFO ][2016-02-10 19:38:29,667][com.java.SeleniumDriver] [  930] -  RESULT true
[INFO ][2016-02-10 19:38:29,667][com.java.SeleniumDriver] [ 1136] - ?   P A S S   ?
[INFO ][2016-02-10 19:38:29,667][com.java.SeleniumDriver] [  856] - ------------------------------------------
[INFO ][2016-02-10 19:38:29,667][com.java.SeleniumDriver] [  857] - Test case being Executed: 24
[INFO ][2016-02-10 19:38:29,667][com.java.SeleniumDriver] [  869] - Test step:15
[INFO ][2016-02-10 19:38:29,667][com.java.SeleniumDriver] [  881] - Datavalue is----------index:2
[INFO ][2016-02-10 19:38:29,667][com.java.SeleniumDriver] [  905] - DataField : COBddlFeeAcct
[INFO ][2016-02-10 19:38:29,667][com.java.SeleniumDriver] [  907] - DataValue : index:2
[INFO ][2016-02-10 19:38:29,667][com.java.SeleniumDriver] [  913] - <In Set values of the page>
[INFO ][2016-02-10 19:38:29,667][com.java.SeleniumDriver] [  916] - {Data Fields & Data Values Exist}
[INFO ][2016-02-10 19:38:29,667][com.java.SeleniumDriver] [  918] - --------------------------setting values-----------------------------
[INFO ][2016-02-10 19:38:29,667][com.java.SeleniumDriver] [  921] - Action Type : SELECT
[INFO ][2016-02-10 19:38:29,667][com.java.TestType] [ 6884] - value = 2
[INFO ][2016-02-10 19:38:31,059][com.java.TestType] [ 7032] -  In COB ddlFeeAcct : 2
[INFO ][2016-02-10 19:38:32,239][com.java.SeleniumDriver] [  930] -  RESULT true
[INFO ][2016-02-10 19:38:32,239][com.java.SeleniumDriver] [ 1136] - ?   P A S S   ?
[INFO ][2016-02-10 19:38:32,239][com.java.SeleniumDriver] [  856] - ------------------------------------------
[INFO ][2016-02-10 19:38:32,239][com.java.SeleniumDriver] [  857] - Test case being Executed: 24
[INFO ][2016-02-10 19:38:32,239][com.java.SeleniumDriver] [  869] - Test step:16
[INFO ][2016-02-10 19:38:32,239][com.java.SeleniumDriver] [  881] - Datavalue is----------5
[INFO ][2016-02-10 19:38:32,239][com.java.SeleniumDriver] [  905] - DataField : null
[INFO ][2016-02-10 19:38:32,239][com.java.SeleniumDriver] [  907] - DataValue : 5
[INFO ][2016-02-10 19:38:32,239][com.java.SeleniumDriver] [  913] - <In Set values of the page>
[INFO ][2016-02-10 19:38:32,239][com.java.SeleniumDriver] [  916] - {Data Fields & Data Values Exist}
[INFO ][2016-02-10 19:38:32,239][com.java.SeleniumDriver] [  918] - --------------------------setting values-----------------------------
[INFO ][2016-02-10 19:38:32,239][com.java.SeleniumDriver] [  921] - Action Type : WAITTIME
[DEBUG][2016-02-10 19:38:32,239][com.java.TestType] [ 6693] - sleepTime: 5000
[INFO ][2016-02-10 19:38:37,240][com.java.SeleniumDriver] [  930] -  RESULT true
[INFO ][2016-02-10 19:38:37,240][com.java.SeleniumDriver] [ 1136] - ?   P A S S   ?
[INFO ][2016-02-10 19:38:37,240][com.java.SeleniumDriver] [  856] - ------------------------------------------
[INFO ][2016-02-10 19:38:37,240][com.java.SeleniumDriver] [  857] - Test case being Executed: 24
[INFO ][2016-02-10 19:38:37,240][com.java.SeleniumDriver] [  869] - Test step:17
[INFO ][2016-02-10 19:38:37,240][com.java.SeleniumDriver] [  881] - Datavalue is----------null
[DEBUG][2016-02-10 19:38:37,240][com.java.SeleniumDriver] [  899] - Exception: null
[INFO ][2016-02-10 19:38:37,240][com.java.SeleniumDriver] [  905] - DataField : BTNparent
[INFO ][2016-02-10 19:38:37,240][com.java.SeleniumDriver] [  907] - DataValue : 
[INFO ][2016-02-10 19:38:37,240][com.java.SeleniumDriver] [  913] - <In Set values of the page>
[INFO ][2016-02-10 19:38:37,240][com.java.SeleniumDriver] [  916] - {Data Fields & Data Values Exist}
[INFO ][2016-02-10 19:38:37,240][com.java.SeleniumDriver] [  918] - --------------------------setting values-----------------------------
[INFO ][2016-02-10 19:38:37,240][com.java.SeleniumDriver] [  921] - Action Type : SELECTFRAME
[INFO ][2016-02-10 19:38:37,241][com.java.SeleniumDriver] [  930] -  RESULT true
[INFO ][2016-02-10 19:38:37,241][com.java.SeleniumDriver] [ 1136] - ?   P A S S   ?
[INFO ][2016-02-10 19:38:37,241][com.java.SeleniumDriver] [  856] - ------------------------------------------
[INFO ][2016-02-10 19:38:37,241][com.java.SeleniumDriver] [  857] - Test case being Executed: 24
[INFO ][2016-02-10 19:38:37,241][com.java.SeleniumDriver] [  869] - Test step:18
[INFO ][2016-02-10 19:38:37,241][com.java.SeleniumDriver] [  881] - Datavalue is----------null
[DEBUG][2016-02-10 19:38:37,241][com.java.SeleniumDriver] [  899] - Exception: null
[INFO ][2016-02-10 19:38:37,241][com.java.SeleniumDriver] [  905] - DataField : XPH//span[contains(text(),'Finished')]
[INFO ][2016-02-10 19:38:37,241][com.java.SeleniumDriver] [  907] - DataValue : 
[INFO ][2016-02-10 19:38:37,241][com.java.SeleniumDriver] [  913] - <In Set values of the page>
[INFO ][2016-02-10 19:38:37,241][com.java.SeleniumDriver] [  916] - {Data Fields & Data Values Exist}
[INFO ][2016-02-10 19:38:37,241][com.java.SeleniumDriver] [  918] - --------------------------setting values-----------------------------
[INFO ][2016-02-10 19:38:37,241][com.java.SeleniumDriver] [  921] - Action Type : CLICK
[INFO ][2016-02-10 19:38:37,241][com.java.TestType] [ 7297] - Field ::XPH//span[contains(text(),'Finished')]
[INFO ][2016-02-10 19:38:37,241][com.java.TestType] [ 6884] - value = 
[INFO ][2016-02-10 19:38:38,251][com.java.TestType] [ 7493] - BEFORE CLICK
[INFO ][2016-02-10 19:38:39,871][com.java.TestType] [ 7501] - Unable to click the object Finished
[INFO ][2016-02-10 19:38:39,871][com.java.SeleniumDriver] [  930] -  RESULT true
[INFO ][2016-02-10 19:38:39,871][com.java.SeleniumDriver] [ 1136] - ?   P A S S   ?
[INFO ][2016-02-10 19:38:39,871][com.java.SeleniumDriver] [  856] - ------------------------------------------
[INFO ][2016-02-10 19:38:39,871][com.java.SeleniumDriver] [  857] - Test case being Executed: 24
[INFO ][2016-02-10 19:38:39,871][com.java.SeleniumDriver] [  869] - Test step:19
[INFO ][2016-02-10 19:38:39,871][com.java.SeleniumDriver] [  881] - Datavalue is----------10
[INFO ][2016-02-10 19:38:39,871][com.java.SeleniumDriver] [  905] - DataField : test
[INFO ][2016-02-10 19:38:39,871][com.java.SeleniumDriver] [  907] - DataValue : 10
[INFO ][2016-02-10 19:38:39,871][com.java.SeleniumDriver] [  913] - <In Set values of the page>
[INFO ][2016-02-10 19:38:39,871][com.java.SeleniumDriver] [  916] - {Data Fields & Data Values Exist}
[INFO ][2016-02-10 19:38:39,871][com.java.SeleniumDriver] [  918] - --------------------------setting values-----------------------------
[INFO ][2016-02-10 19:38:39,871][com.java.SeleniumDriver] [  921] - Action Type : WAITTIME
[DEBUG][2016-02-10 19:38:39,871][com.java.TestType] [ 6693] - sleepTime: 10000
[INFO ][2016-02-10 19:38:49,873][com.java.SeleniumDriver] [  930] -  RESULT true
[INFO ][2016-02-10 19:38:49,873][com.java.SeleniumDriver] [ 1136] - ?   P A S S   ?
[INFO ][2016-02-10 19:38:49,873][com.java.SeleniumDriver] [  856] - ------------------------------------------
[INFO ][2016-02-10 19:38:49,873][com.java.SeleniumDriver] [  857] - Test case being Executed: 24
[INFO ][2016-02-10 19:38:49,873][com.java.SeleniumDriver] [  869] - Test step:20
[INFO ][2016-02-10 19:38:49,873][com.java.SeleniumDriver] [  881] - Datavalue is----------null
[DEBUG][2016-02-10 19:38:49,873][com.java.SeleniumDriver] [  899] - Exception: null
[INFO ][2016-02-10 19:38:49,873][com.java.SeleniumDriver] [  905] - DataField : BTNcloseAllTabs
[INFO ][2016-02-10 19:38:49,873][com.java.SeleniumDriver] [  907] - DataValue : 
[INFO ][2016-02-10 19:38:49,873][com.java.SeleniumDriver] [  913] - <In Set values of the page>
[INFO ][2016-02-10 19:38:49,873][com.java.SeleniumDriver] [  916] - {Data Fields & Data Values Exist}
[INFO ][2016-02-10 19:38:49,873][com.java.SeleniumDriver] [  918] - --------------------------setting values-----------------------------
[INFO ][2016-02-10 19:38:49,873][com.java.SeleniumDriver] [  921] - Action Type : CLICK
[INFO ][2016-02-10 19:38:49,873][com.java.TestType] [ 7297] - Field ::BTNcloseAllTabs
[INFO ][2016-02-10 19:38:49,873][com.java.TestType] [ 6884] - value = 
[INFO ][2016-02-10 19:38:50,874][com.java.TestType] [ 7469] - BEFORE CLICK
[INFO ][2016-02-10 19:38:54,415][com.java.TestType] [ 7476] - Unable to click the object Close all tabs button
[INFO ][2016-02-10 19:38:54,415][com.java.SeleniumDriver] [  930] -  RESULT true
[INFO ][2016-02-10 19:38:54,415][com.java.SeleniumDriver] [ 1136] - ?   P A S S   ?
[INFO ][2016-02-10 19:38:54,415][com.java.SeleniumDriver] [  856] - ------------------------------------------
[INFO ][2016-02-10 19:38:54,415][com.java.SeleniumDriver] [  857] - Test case being Executed: 24
[INFO ][2016-02-10 19:38:54,415][com.java.SeleniumDriver] [  869] - Test step:21
[INFO ][2016-02-10 19:38:54,415][com.java.SeleniumDriver] [  881] - Datavalue is----------5
[INFO ][2016-02-10 19:38:54,415][com.java.SeleniumDriver] [  905] - DataField : test
[INFO ][2016-02-10 19:38:54,415][com.java.SeleniumDriver] [  907] - DataValue : 5
[INFO ][2016-02-10 19:38:54,415][com.java.SeleniumDriver] [  913] - <In Set values of the page>
[INFO ][2016-02-10 19:38:54,415][com.java.SeleniumDriver] [  916] - {Data Fields & Data Values Exist}
[INFO ][2016-02-10 19:38:54,415][com.java.SeleniumDriver] [  918] - --------------------------setting values-----------------------------
[INFO ][2016-02-10 19:38:54,415][com.java.SeleniumDriver] [  921] - Action Type : WAITTIME
[DEBUG][2016-02-10 19:38:54,415][com.java.TestType] [ 6693] - sleepTime: 5000
[INFO ][2016-02-10 19:38:59,416][com.java.SeleniumDriver] [  930] -  RESULT true
[INFO ][2016-02-10 19:38:59,416][com.java.SeleniumDriver] [ 1136] - ?   P A S S   ?
[INFO ][2016-02-10 19:38:59,416][com.java.SeleniumDriver] [  856] - ------------------------------------------
[INFO ][2016-02-10 19:38:59,416][com.java.SeleniumDriver] [  857] - Test case being Executed: 24
[INFO ][2016-02-10 19:38:59,416][com.java.SeleniumDriver] [  869] - Test step:22
[INFO ][2016-02-10 19:38:59,416][com.java.SeleniumDriver] [  881] - Datavalue is----------3
[INFO ][2016-02-10 19:38:59,416][com.java.SeleniumDriver] [  905] - DataField : XPH//div[contains(text(), 'My Dashboard')]
[INFO ][2016-02-10 19:38:59,416][com.java.SeleniumDriver] [  907] - DataValue : 3
[INFO ][2016-02-10 19:38:59,416][com.java.SeleniumDriver] [  913] - <In Set values of the page>
[INFO ][2016-02-10 19:38:59,416][com.java.SeleniumDriver] [  916] - {Data Fields & Data Values Exist}
[INFO ][2016-02-10 19:38:59,416][com.java.SeleniumDriver] [  918] - --------------------------setting values-----------------------------
[INFO ][2016-02-10 19:38:59,416][com.java.SeleniumDriver] [  921] - Action Type : WAITFORELEMENT
[INFO ][2016-02-10 19:38:59,457][com.java.SeleniumDriver] [  930] -  RESULT true
[INFO ][2016-02-10 19:38:59,457][com.java.SeleniumDriver] [ 1136] - ?   P A S S   ?
[INFO ][2016-02-10 19:38:59,457][com.java.SeleniumDriver] [  856] - ------------------------------------------
[INFO ][2016-02-10 19:38:59,457][com.java.SeleniumDriver] [  857] - Test case being Executed: 24
[INFO ][2016-02-10 19:38:59,457][com.java.SeleniumDriver] [  869] - Test step:23
[INFO ][2016-02-10 19:38:59,457][com.java.SeleniumDriver] [  881] - Datavalue is----------My Dashboard
[INFO ][2016-02-10 19:38:59,457][com.java.SeleniumDriver] [  905] - DataField : XPH//div[contains(text(), 'My Dashboard')]
[INFO ][2016-02-10 19:38:59,457][com.java.SeleniumDriver] [  907] - DataValue : My Dashboard
[INFO ][2016-02-10 19:38:59,457][com.java.SeleniumDriver] [  913] - <In Set values of the page>
[INFO ][2016-02-10 19:38:59,457][com.java.SeleniumDriver] [  916] - {Data Fields & Data Values Exist}
[INFO ][2016-02-10 19:38:59,457][com.java.SeleniumDriver] [  918] - --------------------------setting values-----------------------------
[INFO ][2016-02-10 19:38:59,457][com.java.SeleniumDriver] [  921] - Action Type : VERIFY
[INFO ][2016-02-10 19:38:59,457][com.java.TestType] [ 8585] - field= XPH//div[contains(text(), 'My Dashboard')] value= My Dashboard
[INFO ][2016-02-10 19:38:59,457][com.java.TestType] [ 6884] - value = My Dashboard
[INFO ][2016-02-10 19:38:59,567][com.java.SeleniumDriver] [  930] -  RESULT true
[INFO ][2016-02-10 19:38:59,567][com.java.SeleniumDriver] [ 1136] - ?   P A S S   ?
[DEBUG][2016-02-10 19:38:59,567][com.java.SeleniumDriver] [ 1248] - Case found
[DEBUG][2016-02-10 19:38:59,567][com.java.SeleniumDriver] [ 1253] - Incrementing ReportCounters[0]:2
[INFO ][2016-02-10 19:38:59,567][com.java.SeleniumDriver] [ 1272] - The results are-------------------[24, 1, Admin: GL Mapping: Account Mapping: Attempt to Map G/L Account with Fee Account without Mapping to Child Account, Pass, , Wed Feb 10 19:37:06 IST 2016, 24, 3, Admin: GL Mapping: Account Mapping: Attempt to Map G/L Account with Fee Account without Mapping to Child Account, Pass, , Wed Feb 10 19:37:12 IST 2016, 24, 4, Admin: GL Mapping: Account Mapping: Attempt to Map G/L Account with Fee Account without Mapping to Child Account, Pass, , Wed Feb 10 19:37:56 IST 2016, 24, 5, Admin: GL Mapping: Account Mapping: Attempt to Map G/L Account with Fee Account without Mapping to Child Account, Pass, , Wed Feb 10 19:37:57 IST 2016, 24, 6, Admin: GL Mapping: Account Mapping: Attempt to Map G/L Account with Fee Account without Mapping to Child Account, Pass, , Wed Feb 10 19:38:13 IST 2016, 24, 7, Admin: GL Mapping: Account Mapping: Attempt to Map G/L Account with Fee Account without Mapping to Child Account, Pass, , Wed Feb 10 19:38:18 IST 2016, 24, 8, Admin: GL Mapping: Account Mapping: Attempt to Map G/L Account with Fee Account without Mapping to Child Account, Pass, , Wed Feb 10 19:38:18 IST 2016, 24, 9, Admin: GL Mapping: Account Mapping: Attempt to Map G/L Account with Fee Account without Mapping to Child Account, Pass, , Wed Feb 10 19:38:21 IST 2016, 24, 10, Admin: GL Mapping: Account Mapping: Attempt to Map G/L Account with Fee Account without Mapping to Child Account, Pass, , Wed Feb 10 19:38:21 IST 2016, 24, 11, Admin: GL Mapping: Account Mapping: Attempt to Map G/L Account with Fee Account without Mapping to Child Account, Pass, , Wed Feb 10 19:38:21 IST 2016, 24, 12, Admin: GL Mapping: Account Mapping: Attempt to Map G/L Account with Fee Account without Mapping to Child Account, Pass, , Wed Feb 10 19:38:26 IST 2016, 24, 13, Admin: GL Mapping: Account Mapping: Attempt to Map G/L Account with Fee Account without Mapping to Child Account, Pass, , Wed Feb 10 19:38:27 IST 2016, 24, 14, Admin: GL Mapping: Account Mapping: Attempt to Map G/L Account with Fee Account without Mapping to Child Account, Pass, , Wed Feb 10 19:38:29 IST 2016, 24, 15, Admin: GL Mapping: Account Mapping: Attempt to Map G/L Account with Fee Account without Mapping to Child Account, Pass, , Wed Feb 10 19:38:32 IST 2016, 24, 16, Admin: GL Mapping: Account Mapping: Attempt to Map G/L Account with Fee Account without Mapping to Child Account, Pass, , Wed Feb 10 19:38:37 IST 2016, 24, 17, Admin: GL Mapping: Account Mapping: Attempt to Map G/L Account with Fee Account without Mapping to Child Account, Pass, , Wed Feb 10 19:38:37 IST 2016, 24, 18, Admin: GL Mapping: Account Mapping: Attempt to Map G/L Account with Fee Account without Mapping to Child Account, Pass, , Wed Feb 10 19:38:39 IST 2016, 24, 19, Admin: GL Mapping: Account Mapping: Attempt to Map G/L Account with Fee Account without Mapping to Child Account, Pass, , Wed Feb 10 19:38:49 IST 2016, 24, 20, Admin: GL Mapping: Account Mapping: Attempt to Map G/L Account with Fee Account without Mapping to Child Account, Pass, , Wed Feb 10 19:38:54 IST 2016, 24, 21, Admin: GL Mapping: Account Mapping: Attempt to Map G/L Account with Fee Account without Mapping to Child Account, Pass, , Wed Feb 10 19:38:59 IST 2016, 24, 22, Admin: GL Mapping: Account Mapping: Attempt to Map G/L Account with Fee Account without Mapping to Child Account, Pass, , Wed Feb 10 19:38:59 IST 2016, 24, 23, Admin: GL Mapping: Account Mapping: Attempt to Map G/L Account with Fee Account without Mapping to Child Account, Pass, , Wed Feb 10 19:38:59 IST 2016]
[INFO ][2016-02-10 19:38:59,567][com.java.SeleniumDriver] [ 1276] - End time is-------2 min 46 sec
[INFO ][2016-02-10 19:38:59,567][com.java.SeleniumDriver] [ 1277] - The results are-------------------[24, 1, Admin: GL Mapping: Account Mapping: Attempt to Map G/L Account with Fee Account without Mapping to Child Account, Pass, , Wed Feb 10 19:37:06 IST 2016, 24, 3, Admin: GL Mapping: Account Mapping: Attempt to Map G/L Account with Fee Account without Mapping to Child Account, Pass, , Wed Feb 10 19:37:12 IST 2016, 24, 4, Admin: GL Mapping: Account Mapping: Attempt to Map G/L Account with Fee Account without Mapping to Child Account, Pass, , Wed Feb 10 19:37:56 IST 2016, 24, 5, Admin: GL Mapping: Account Mapping: Attempt to Map G/L Account with Fee Account without Mapping to Child Account, Pass, , Wed Feb 10 19:37:57 IST 2016, 24, 6, Admin: GL Mapping: Account Mapping: Attempt to Map G/L Account with Fee Account without Mapping to Child Account, Pass, , Wed Feb 10 19:38:13 IST 2016, 24, 7, Admin: GL Mapping: Account Mapping: Attempt to Map G/L Account with Fee Account without Mapping to Child Account, Pass, , Wed Feb 10 19:38:18 IST 2016, 24, 8, Admin: GL Mapping: Account Mapping: Attempt to Map G/L Account with Fee Account without Mapping to Child Account, Pass, , Wed Feb 10 19:38:18 IST 2016, 24, 9, Admin: GL Mapping: Account Mapping: Attempt to Map G/L Account with Fee Account without Mapping to Child Account, Pass, , Wed Feb 10 19:38:21 IST 2016, 24, 10, Admin: GL Mapping: Account Mapping: Attempt to Map G/L Account with Fee Account without Mapping to Child Account, Pass, , Wed Feb 10 19:38:21 IST 2016, 24, 11, Admin: GL Mapping: Account Mapping: Attempt to Map G/L Account with Fee Account without Mapping to Child Account, Pass, , Wed Feb 10 19:38:21 IST 2016, 24, 12, Admin: GL Mapping: Account Mapping: Attempt to Map G/L Account with Fee Account without Mapping to Child Account, Pass, , Wed Feb 10 19:38:26 IST 2016, 24, 13, Admin: GL Mapping: Account Mapping: Attempt to Map G/L Account with Fee Account without Mapping to Child Account, Pass, , Wed Feb 10 19:38:27 IST 2016, 24, 14, Admin: GL Mapping: Account Mapping: Attempt to Map G/L Account with Fee Account without Mapping to Child Account, Pass, , Wed Feb 10 19:38:29 IST 2016, 24, 15, Admin: GL Mapping: Account Mapping: Attempt to Map G/L Account with Fee Account without Mapping to Child Account, Pass, , Wed Feb 10 19:38:32 IST 2016, 24, 16, Admin: GL Mapping: Account Mapping: Attempt to Map G/L Account with Fee Account without Mapping to Child Account, Pass, , Wed Feb 10 19:38:37 IST 2016, 24, 17, Admin: GL Mapping: Account Mapping: Attempt to Map G/L Account with Fee Account without Mapping to Child Account, Pass, , Wed Feb 10 19:38:37 IST 2016, 24, 18, Admin: GL Mapping: Account Mapping: Attempt to Map G/L Account with Fee Account without Mapping to Child Account, Pass, , Wed Feb 10 19:38:39 IST 2016, 24, 19, Admin: GL Mapping: Account Mapping: Attempt to Map G/L Account with Fee Account without Mapping to Child Account, Pass, , Wed Feb 10 19:38:49 IST 2016, 24, 20, Admin: GL Mapping: Account Mapping: Attempt to Map G/L Account with Fee Account without Mapping to Child Account, Pass, , Wed Feb 10 19:38:54 IST 2016, 24, 21, Admin: GL Mapping: Account Mapping: Attempt to Map G/L Account with Fee Account without Mapping to Child Account, Pass, , Wed Feb 10 19:38:59 IST 2016, 24, 22, Admin: GL Mapping: Account Mapping: Attempt to Map G/L Account with Fee Account without Mapping to Child Account, Pass, , Wed Feb 10 19:38:59 IST 2016, 24, 23, Admin: GL Mapping: Account Mapping: Attempt to Map G/L Account with Fee Account without Mapping to Child Account, Pass, , Wed Feb 10 19:38:59 IST 2016]
[DEBUG][2016-02-10 19:38:59,567][com.java.ImportnExport.ExportTestResultsExcel] [  222] - testResultPath = D:\BankersDashboard/TestReports/Test Results_BankersDashBoard_021016_193615_IE10_CB&S Bank.xls
[DEBUG][2016-02-10 19:38:59,567][com.java.ImportnExport.ExportTestResultsExcel] [  223] - browser is------------IE10
[DEBUG][2016-02-10 19:38:59,567][com.java.ImportnExport.ExportTestResultsExcel] [  270] - result.size() = 132
[DEBUG][2016-02-10 19:38:59,567][com.java.ImportnExport.ExportTestResultsExcel] [  274] - No of rows in sheet=2
[DEBUG][2016-02-10 19:38:59,567][com.java.ImportnExport.ExportTestResultsExcel] [  301] - ..in export..24
[DEBUG][2016-02-10 19:38:59,567][com.java.ImportnExport.ExportTestResultsExcel] [  301] - ..in export..Admin: GL Mapping: Account Mapping: Attempt to Map G/L Account with Fee Account without Mapping to Child Account
[DEBUG][2016-02-10 19:38:59,567][com.java.ImportnExport.ExportTestResultsExcel] [  301] - ..in export..Pass
[DEBUG][2016-02-10 19:38:59,567][com.java.ImportnExport.ExportTestResultsExcel] [  301] - ..in export..
[DEBUG][2016-02-10 19:38:59,567][com.java.ImportnExport.ExportTestResultsExcel] [  301] - ..in export..Wed Feb 10 19:37:06 IST 2016
[INFO ][2016-02-10 19:38:59,567][com.java.SeleniumDriver] [ 1337] - out loop:1 size:5 TestCases:[1, 24, 25, 29, 30] testcases:[1, 24, 25, 29, 30]
[INFO ][2016-02-10 19:38:59,567][com.java.ImportnExport.ImportTestDataDetailsExcel] [   49] - test data details path===== D:\BankersDashboard\TestInputs\TestData.xls
[INFO ][2016-02-10 19:39:19,491][com.java.SeleniumDriver] [  856] - ------------------------------------------
[INFO ][2016-02-10 19:39:19,491][com.java.SeleniumDriver] [  857] - Test case being Executed: 25
[INFO ][2016-02-10 19:39:19,491][com.java.SeleniumDriver] [  869] - Test step:1
[INFO ][2016-02-10 19:39:19,491][com.java.SeleniumDriver] [  881] - Datavalue is----------Logout
[INFO ][2016-02-10 19:39:19,491][com.java.SeleniumDriver] [  905] - DataField : BTN
[INFO ][2016-02-10 19:39:19,491][com.java.SeleniumDriver] [  907] - DataValue : Logout
[INFO ][2016-02-10 19:39:19,491][com.java.SeleniumDriver] [  913] - <In Set values of the page>
[INFO ][2016-02-10 19:39:19,491][com.java.SeleniumDriver] [  916] - {Data Fields & Data Values Exist}
[INFO ][2016-02-10 19:39:19,491][com.java.SeleniumDriver] [  918] - --------------------------setting values-----------------------------
[INFO ][2016-02-10 19:39:19,491][com.java.SeleniumDriver] [  921] - Action Type : Verify
[INFO ][2016-02-10 19:39:19,491][com.java.TestType] [ 8585] - field= BTN value= Logout
[INFO ][2016-02-10 19:39:19,491][com.java.TestType] [ 6884] - value = Logout
[INFO ][2016-02-10 19:39:19,552][com.java.SeleniumDriver] [  930] -  RESULT true
[INFO ][2016-02-10 19:39:19,552][com.java.SeleniumDriver] [ 1136] - ?   P A S S   ?
[INFO ][2016-02-10 19:39:19,552][com.java.SeleniumDriver] [ 1178] - step change to 3
[INFO ][2016-02-10 19:39:19,552][com.java.SeleniumDriver] [  856] - ------------------------------------------
[INFO ][2016-02-10 19:39:19,552][com.java.SeleniumDriver] [  857] - Test case being Executed: 25
[INFO ][2016-02-10 19:39:19,552][com.java.SeleniumDriver] [  869] - Test step:3
[INFO ][2016-02-10 19:39:19,552][com.java.SeleniumDriver] [  881] - Datavalue is----------Concept#2:1-2
[INFO ][2016-02-10 19:39:19,552][com.java.SeleniumDriver] [  905] - DataField : test
[INFO ][2016-02-10 19:39:19,552][com.java.SeleniumDriver] [  907] - DataValue : Concept#2:1-2
[INFO ][2016-02-10 19:39:19,552][com.java.SeleniumDriver] [  913] - <In Set values of the page>
[INFO ][2016-02-10 19:39:19,552][com.java.SeleniumDriver] [  916] - {Data Fields & Data Values Exist}
[INFO ][2016-02-10 19:39:19,552][com.java.SeleniumDriver] [  918] - --------------------------setting values-----------------------------
[INFO ][2016-02-10 19:39:19,552][com.java.SeleniumDriver] [  921] - Action Type : ExecuteTestCase
[INFO ][2016-02-10 19:39:19,552][com.java.TestType] [  460] - The Concept sheet name is ---------- Concept
[INFO ][2016-02-10 19:39:19,552][com.java.TestType] [  463] - The Concept ID  is ---------- 2
[DEBUG][2016-02-10 19:39:19,552][com.java.TestType] [  467] - Steps being executted in the Concept are: 1:2
[INFO ][2016-02-10 19:39:19,552][com.java.TestType] [  474] - Test data details path ---------- D:\BankersDashboard\TestInputs\TestData.xls
[INFO ][2016-02-10 19:39:19,582][com.java.TestType] [  505] -  str(1) = 2
[INFO ][2016-02-10 19:39:19,582][com.java.TestType] [  508] - Test case Id is---2
[INFO ][2016-02-10 19:39:19,592][com.java.TestType] [  510] - 2
[INFO ][2016-02-10 19:39:19,592][com.java.TestType] [  505] -  str(2) = 1
[INFO ][2016-02-10 19:39:19,592][com.java.TestType] [  505] -  str(1) = 2
[INFO ][2016-02-10 19:39:19,592][com.java.TestType] [  508] - Test case Id is---2
[INFO ][2016-02-10 19:39:19,592][com.java.TestType] [  510] - 2
[INFO ][2016-02-10 19:39:19,592][com.java.TestType] [  505] -  str(2) = 2
[INFO ][2016-02-10 19:39:19,592][com.java.TestType] [  505] -  str(1) = 2
[INFO ][2016-02-10 19:39:19,592][com.java.TestType] [  508] - Test case Id is---2
[INFO ][2016-02-10 19:39:19,592][com.java.TestType] [  510] - 2
[INFO ][2016-02-10 19:39:19,592][com.java.TestType] [  505] -  str(2) = 3
[INFO ][2016-02-10 19:39:19,592][com.java.TestType] [12463] - Looping 1TCID = 2
[DEBUG][2016-02-10 19:39:19,592][com.java.TestType] [12504] - Concept ID:2 :: Step being Executed: 2::1
[INFO ][2016-02-10 19:39:19,592][com.java.TestType] [12542] - dataFields : BNK//select[@id='bank']
[DEBUG][2016-02-10 19:39:19,592][com.java.TestType] [12548] - <In Set values of the page>
[DEBUG][2016-02-10 19:39:19,592][com.java.TestType] [12553] - {Data Fields & Data Values Exist}
[INFO ][2016-02-10 19:39:19,592][com.java.TestType] [12559] - --------------------------setting values-----------------------------
[INFO ][2016-02-10 19:39:19,592][com.java.TestType] [12562] - Action Type : Select
[INFO ][2016-02-10 19:39:19,592][com.java.TestType] [ 6884] - value = PFC
[INFO ][2016-02-10 19:39:19,802][com.java.TestType] [12581] -  RESULT true
[INFO ][2016-02-10 19:39:19,802][com.java.TestType] [12698] - ?   P A S S   ?
[DEBUG][2016-02-10 19:39:19,802][com.java.TestType] [12504] - Concept ID:2 :: Step being Executed: 2::2
[INFO ][2016-02-10 19:39:19,802][com.java.TestType] [12542] - dataFields : LNKLogout
[DEBUG][2016-02-10 19:39:19,802][com.java.TestType] [12548] - <In Set values of the page>
[DEBUG][2016-02-10 19:39:19,802][com.java.TestType] [12553] - {Data Fields & Data Values Exist}
[INFO ][2016-02-10 19:39:19,802][com.java.TestType] [12559] - --------------------------setting values-----------------------------
[INFO ][2016-02-10 19:39:19,802][com.java.TestType] [12562] - Action Type : WaitTime
[DEBUG][2016-02-10 19:39:19,802][com.java.TestType] [ 6693] - sleepTime: 5000
[INFO ][2016-02-10 19:39:24,802][com.java.TestType] [12581] -  RESULT true
[INFO ][2016-02-10 19:39:24,802][com.java.TestType] [12698] - ?   P A S S   ?
[INFO ][2016-02-10 19:39:24,802][com.java.TestType] [12769] - Looping End......
[INFO ][2016-02-10 19:39:24,802][com.java.SeleniumDriver] [  930] -  RESULT true
[INFO ][2016-02-10 19:39:24,802][com.java.SeleniumDriver] [ 1136] - ?   P A S S   ?
[INFO ][2016-02-10 19:39:24,802][com.java.SeleniumDriver] [  856] - ------------------------------------------
[INFO ][2016-02-10 19:39:24,802][com.java.SeleniumDriver] [  857] - Test case being Executed: 25
[INFO ][2016-02-10 19:39:24,802][com.java.SeleniumDriver] [  869] - Test step:4
[INFO ][2016-02-10 19:39:24,802][com.java.SeleniumDriver] [  881] - Datavalue is----------null
[DEBUG][2016-02-10 19:39:24,802][com.java.SeleniumDriver] [  899] - Exception: null
[INFO ][2016-02-10 19:39:24,802][com.java.SeleniumDriver] [  905] - DataField : //span[@class='icon-user4']&&//a[text()='G/L Mapping']&&//a[@data-id="AcctMapping"]
[INFO ][2016-02-10 19:39:24,802][com.java.SeleniumDriver] [  907] - DataValue : 
[INFO ][2016-02-10 19:39:24,802][com.java.SeleniumDriver] [  913] - <In Set values of the page>
[INFO ][2016-02-10 19:39:24,802][com.java.SeleniumDriver] [  916] - {Data Fields & Data Values Exist}
[INFO ][2016-02-10 19:39:24,802][com.java.SeleniumDriver] [  918] - --------------------------setting values-----------------------------
[INFO ][2016-02-10 19:39:24,802][com.java.SeleniumDriver] [  921] - Action Type : MOUSEOVER
[INFO ][2016-02-10 19:40:09,420][com.java.SeleniumDriver] [  930] -  RESULT true
[INFO ][2016-02-10 19:40:09,420][com.java.SeleniumDriver] [ 1136] - ?   P A S S   ?
[INFO ][2016-02-10 19:40:09,420][com.java.SeleniumDriver] [  856] - ------------------------------------------
[INFO ][2016-02-10 19:40:09,420][com.java.SeleniumDriver] [  857] - Test case being Executed: 25
[INFO ][2016-02-10 19:40:09,420][com.java.SeleniumDriver] [  869] - Test step:5
[INFO ][2016-02-10 19:40:09,420][com.java.SeleniumDriver] [  881] - Datavalue is----------Assets
[INFO ][2016-02-10 19:40:09,420][com.java.SeleniumDriver] [  905] - DataField : XPH//*[@id='glMappingTabAssets']
[INFO ][2016-02-10 19:40:09,420][com.java.SeleniumDriver] [  907] - DataValue : Assets
[INFO ][2016-02-10 19:40:09,420][com.java.SeleniumDriver] [  913] - <In Set values of the page>
[INFO ][2016-02-10 19:40:09,420][com.java.SeleniumDriver] [  916] - {Data Fields & Data Values Exist}
[INFO ][2016-02-10 19:40:09,420][com.java.SeleniumDriver] [  918] - --------------------------setting values-----------------------------
[INFO ][2016-02-10 19:40:09,420][com.java.SeleniumDriver] [  921] - Action Type : VERIFY
[INFO ][2016-02-10 19:40:09,420][com.java.TestType] [ 8585] - field= XPH//*[@id='glMappingTabAssets'] value= Assets
[INFO ][2016-02-10 19:40:09,420][com.java.TestType] [ 6884] - value = Assets
[INFO ][2016-02-10 19:40:09,661][com.java.SeleniumDriver] [  930] -  RESULT true
[INFO ][2016-02-10 19:40:09,661][com.java.SeleniumDriver] [ 1136] - ?   P A S S   ?
[INFO ][2016-02-10 19:40:09,661][com.java.SeleniumDriver] [  856] - ------------------------------------------
[INFO ][2016-02-10 19:40:09,661][com.java.SeleniumDriver] [  857] - Test case being Executed: 25
[INFO ][2016-02-10 19:40:09,661][com.java.SeleniumDriver] [  869] - Test step:6
[INFO ][2016-02-10 19:40:09,661][com.java.SeleniumDriver] [  881] - Datavalue is----------null
[DEBUG][2016-02-10 19:40:09,661][com.java.SeleniumDriver] [  899] - Exception: null
[INFO ][2016-02-10 19:40:09,661][com.java.SeleniumDriver] [  905] - DataField : FEA
[INFO ][2016-02-10 19:40:09,661][com.java.SeleniumDriver] [  907] - DataValue : 
[INFO ][2016-02-10 19:40:09,661][com.java.SeleniumDriver] [  913] - <In Set values of the page>
[INFO ][2016-02-10 19:40:09,661][com.java.SeleniumDriver] [  916] - {Data Fields & Data Values Exist}
[INFO ][2016-02-10 19:40:09,661][com.java.SeleniumDriver] [  918] - --------------------------setting values-----------------------------
[INFO ][2016-02-10 19:40:09,661][com.java.SeleniumDriver] [  921] - Action Type : CLICKACCOUNT
[INFO ][2016-02-10 19:40:26,241][com.java.SeleniumDriver] [  930] -  RESULT true
[INFO ][2016-02-10 19:40:26,241][com.java.SeleniumDriver] [ 1136] - ?   P A S S   ?
[INFO ][2016-02-10 19:40:26,241][com.java.SeleniumDriver] [  856] - ------------------------------------------
[INFO ][2016-02-10 19:40:26,241][com.java.SeleniumDriver] [  857] - Test case being Executed: 25
[INFO ][2016-02-10 19:40:26,241][com.java.SeleniumDriver] [  869] - Test step:7
[INFO ][2016-02-10 19:40:26,241][com.java.SeleniumDriver] [  881] - Datavalue is----------5
[INFO ][2016-02-10 19:40:26,241][com.java.SeleniumDriver] [  905] - DataField : test
[INFO ][2016-02-10 19:40:26,241][com.java.SeleniumDriver] [  907] - DataValue : 5
[INFO ][2016-02-10 19:40:26,241][com.java.SeleniumDriver] [  913] - <In Set values of the page>
[INFO ][2016-02-10 19:40:26,241][com.java.SeleniumDriver] [  916] - {Data Fields & Data Values Exist}
[INFO ][2016-02-10 19:40:26,241][com.java.SeleniumDriver] [  918] - --------------------------setting values-----------------------------
[INFO ][2016-02-10 19:40:26,241][com.java.SeleniumDriver] [  921] - Action Type : WAITTIME
[DEBUG][2016-02-10 19:40:26,241][com.java.TestType] [ 6693] - sleepTime: 5000
[INFO ][2016-02-10 19:40:31,242][com.java.SeleniumDriver] [  930] -  RESULT true
[INFO ][2016-02-10 19:40:31,242][com.java.SeleniumDriver] [ 1136] - ?   P A S S   ?
[INFO ][2016-02-10 19:40:31,242][com.java.SeleniumDriver] [  856] - ------------------------------------------
[INFO ][2016-02-10 19:40:31,242][com.java.SeleniumDriver] [  857] - Test case being Executed: 25
[INFO ][2016-02-10 19:40:31,242][com.java.SeleniumDriver] [  869] - Test step:8
[INFO ][2016-02-10 19:40:31,242][com.java.SeleniumDriver] [  881] - Datavalue is----------GL Account Mapping
[INFO ][2016-02-10 19:40:31,242][com.java.SeleniumDriver] [  905] - DataField : XPH//span[contains(text(),'GL Account Mapping')]
[INFO ][2016-02-10 19:40:31,242][com.java.SeleniumDriver] [  907] - DataValue : GL Account Mapping
[INFO ][2016-02-10 19:40:31,242][com.java.SeleniumDriver] [  913] - <In Set values of the page>
[INFO ][2016-02-10 19:40:31,242][com.java.SeleniumDriver] [  916] - {Data Fields & Data Values Exist}
[INFO ][2016-02-10 19:40:31,242][com.java.SeleniumDriver] [  918] - --------------------------setting values-----------------------------
[INFO ][2016-02-10 19:40:31,242][com.java.SeleniumDriver] [  921] - Action Type : VERIFY
[INFO ][2016-02-10 19:40:31,242][com.java.TestType] [ 8585] - field= XPH//span[contains(text(),'GL Account Mapping')] value= GL Account Mapping
[INFO ][2016-02-10 19:40:31,242][com.java.TestType] [ 6884] - value = GL Account Mapping
[INFO ][2016-02-10 19:40:31,353][com.java.SeleniumDriver] [  930] -  RESULT true
[INFO ][2016-02-10 19:40:31,353][com.java.SeleniumDriver] [ 1136] - ?   P A S S   ?
[INFO ][2016-02-10 19:40:31,353][com.java.SeleniumDriver] [  856] - ------------------------------------------
[INFO ][2016-02-10 19:40:31,353][com.java.SeleniumDriver] [  857] - Test case being Executed: 25
[INFO ][2016-02-10 19:40:31,353][com.java.SeleniumDriver] [  869] - Test step:9
[INFO ][2016-02-10 19:40:31,353][com.java.SeleniumDriver] [  881] - Datavalue is----------null
[DEBUG][2016-02-10 19:40:31,353][com.java.SeleniumDriver] [  899] - Exception: null
[INFO ][2016-02-10 19:40:31,353][com.java.SeleniumDriver] [  905] - DataField : BTNframeDialogContent
[INFO ][2016-02-10 19:40:31,353][com.java.SeleniumDriver] [  907] - DataValue : 
[INFO ][2016-02-10 19:40:31,353][com.java.SeleniumDriver] [  913] - <In Set values of the page>
[INFO ][2016-02-10 19:40:31,353][com.java.SeleniumDriver] [  916] - {Data Fields & Data Values Exist}
[INFO ][2016-02-10 19:40:31,353][com.java.SeleniumDriver] [  918] - --------------------------setting values-----------------------------
[INFO ][2016-02-10 19:40:31,353][com.java.SeleniumDriver] [  921] - Action Type : SELECTFRAME
[INFO ][2016-02-10 19:40:33,844][com.java.SeleniumDriver] [  930] -  RESULT true
[INFO ][2016-02-10 19:40:33,844][com.java.SeleniumDriver] [ 1136] - ?   P A S S   ?
[INFO ][2016-02-10 19:40:33,844][com.java.SeleniumDriver] [  856] - ------------------------------------------
[INFO ][2016-02-10 19:40:33,844][com.java.SeleniumDriver] [  857] - Test case being Executed: 25
[INFO ][2016-02-10 19:40:33,844][com.java.SeleniumDriver] [  869] - Test step:10
[INFO ][2016-02-10 19:40:33,844][com.java.SeleniumDriver] [  881] - Datavalue is----------Assets
[INFO ][2016-02-10 19:40:33,844][com.java.SeleniumDriver] [  905] - DataField : XPH//ul[@class="dynatree-container"]/li[1]/span/a
[INFO ][2016-02-10 19:40:33,844][com.java.SeleniumDriver] [  907] - DataValue : Assets
[INFO ][2016-02-10 19:40:33,844][com.java.SeleniumDriver] [  913] - <In Set values of the page>
[INFO ][2016-02-10 19:40:33,844][com.java.SeleniumDriver] [  916] - {Data Fields & Data Values Exist}
[INFO ][2016-02-10 19:40:33,844][com.java.SeleniumDriver] [  918] - --------------------------setting values-----------------------------
[INFO ][2016-02-10 19:40:33,844][com.java.SeleniumDriver] [  921] - Action Type : VERIFY
[INFO ][2016-02-10 19:40:33,844][com.java.TestType] [ 8585] - field= XPH//ul[@class="dynatree-container"]/li[1]/span/a value= Assets
[INFO ][2016-02-10 19:40:33,844][com.java.TestType] [ 6884] - value = Assets
[INFO ][2016-02-10 19:40:34,024][com.java.SeleniumDriver] [  930] -  RESULT true
[INFO ][2016-02-10 19:40:34,024][com.java.SeleniumDriver] [ 1136] - ?   P A S S   ?
[INFO ][2016-02-10 19:40:34,024][com.java.SeleniumDriver] [  856] - ------------------------------------------
[INFO ][2016-02-10 19:40:34,024][com.java.SeleniumDriver] [  857] - Test case being Executed: 25
[INFO ][2016-02-10 19:40:34,024][com.java.SeleniumDriver] [  869] - Test step:11
[INFO ][2016-02-10 19:40:34,024][com.java.SeleniumDriver] [  881] - Datavalue is----------cash and due from banks
[INFO ][2016-02-10 19:40:34,024][com.java.SeleniumDriver] [  905] - DataField : XPH//ul[@class="dynatree-container"]/li[1]/ul/li[1]/span/a
[INFO ][2016-02-10 19:40:34,024][com.java.SeleniumDriver] [  907] - DataValue : cash and due from banks
[INFO ][2016-02-10 19:40:34,024][com.java.SeleniumDriver] [  913] - <In Set values of the page>
[INFO ][2016-02-10 19:40:34,024][com.java.SeleniumDriver] [  916] - {Data Fields & Data Values Exist}
[INFO ][2016-02-10 19:40:34,024][com.java.SeleniumDriver] [  918] - --------------------------setting values-----------------------------
[INFO ][2016-02-10 19:40:34,024][com.java.SeleniumDriver] [  921] - Action Type : VERIFY
[INFO ][2016-02-10 19:40:34,024][com.java.TestType] [ 8585] - field= XPH//ul[@class="dynatree-container"]/li[1]/ul/li[1]/span/a value= cash and due from banks
[INFO ][2016-02-10 19:40:34,024][com.java.TestType] [ 6884] - value = cash and due from banks
[INFO ][2016-02-10 19:40:34,094][com.java.SeleniumDriver] [  930] -  RESULT true
[INFO ][2016-02-10 19:40:34,094][com.java.SeleniumDriver] [ 1136] - ?   P A S S   ?
[INFO ][2016-02-10 19:40:34,094][com.java.SeleniumDriver] [  856] - ------------------------------------------
[INFO ][2016-02-10 19:40:34,094][com.java.SeleniumDriver] [  857] - Test case being Executed: 25
[INFO ][2016-02-10 19:40:34,094][com.java.SeleniumDriver] [  869] - Test step:12
[INFO ][2016-02-10 19:40:34,094][com.java.SeleniumDriver] [  881] - Datavalue is----------5
[INFO ][2016-02-10 19:40:34,094][com.java.SeleniumDriver] [  905] - DataField : test
[INFO ][2016-02-10 19:40:34,094][com.java.SeleniumDriver] [  907] - DataValue : 5
[INFO ][2016-02-10 19:40:34,094][com.java.SeleniumDriver] [  913] - <In Set values of the page>
[INFO ][2016-02-10 19:40:34,094][com.java.SeleniumDriver] [  916] - {Data Fields & Data Values Exist}
[INFO ][2016-02-10 19:40:34,094][com.java.SeleniumDriver] [  918] - --------------------------setting values-----------------------------
[INFO ][2016-02-10 19:40:34,094][com.java.SeleniumDriver] [  921] - Action Type : WAITTIME
[DEBUG][2016-02-10 19:40:34,094][com.java.TestType] [ 6693] - sleepTime: 5000
[INFO ][2016-02-10 19:40:39,094][com.java.SeleniumDriver] [  930] -  RESULT true
[INFO ][2016-02-10 19:40:39,094][com.java.SeleniumDriver] [ 1136] - ?   P A S S   ?
[INFO ][2016-02-10 19:40:39,094][com.java.SeleniumDriver] [  856] - ------------------------------------------
[INFO ][2016-02-10 19:40:39,094][com.java.SeleniumDriver] [  857] - Test case being Executed: 25
[INFO ][2016-02-10 19:40:39,094][com.java.SeleniumDriver] [  869] - Test step:13
[INFO ][2016-02-10 19:40:39,094][com.java.SeleniumDriver] [  881] - Datavalue is----------index:2
[INFO ][2016-02-10 19:40:39,094][com.java.SeleniumDriver] [  905] - DataField : SLVddlFeeAcct
[INFO ][2016-02-10 19:40:39,094][com.java.SeleniumDriver] [  907] - DataValue : index:2
[INFO ][2016-02-10 19:40:39,094][com.java.SeleniumDriver] [  913] - <In Set values of the page>
[INFO ][2016-02-10 19:40:39,094][com.java.SeleniumDriver] [  916] - {Data Fields & Data Values Exist}
[INFO ][2016-02-10 19:40:39,094][com.java.SeleniumDriver] [  918] - --------------------------setting values-----------------------------
[INFO ][2016-02-10 19:40:39,094][com.java.SeleniumDriver] [  921] - Action Type : VERIFY
[INFO ][2016-02-10 19:40:39,094][com.java.TestType] [ 8585] - field= SLVddlFeeAcct value= index:2
[DEBUG][2016-02-10 19:40:39,094][com.java.TestType] [  936] - Unable to perform actionSLVddlFeeAcct
[ERROR][2016-02-10 19:40:39,094][com.java.TestType] [  937] - Exception: No enum constant com.java.TestType.DataFileds.SLV
[INFO ][2016-02-10 19:40:39,094][com.java.SeleniumDriver] [  930] -  RESULT false
[INFO ][2016-02-10 19:40:39,094][com.java.SeleniumDriver] [  977] - ?   F A I L   ?
[INFO ][2016-02-10 19:40:39,094][com.java.SeleniumDriver] [  985] - Browser Type : IE10
[INFO ][2016-02-10 19:40:39,094][com.java.SeleniumDriver] [  986] - Adding Failed case25
[DEBUG][2016-02-10 19:40:39,365][com.java.SeleniumDriver] [ 1054] -  tdd.getCondition() IF:15:14
[INFO ][2016-02-10 19:40:39,365][com.java.SeleniumDriver] [ 1063] - step change to 14
[INFO ][2016-02-10 19:40:39,365][com.java.SeleniumDriver] [  856] - ------------------------------------------
[INFO ][2016-02-10 19:40:39,365][com.java.SeleniumDriver] [  857] - Test case being Executed: 25
[INFO ][2016-02-10 19:40:39,365][com.java.SeleniumDriver] [  869] - Test step:14
[INFO ][2016-02-10 19:40:39,365][com.java.SeleniumDriver] [  881] - Datavalue is----------index:3
[INFO ][2016-02-10 19:40:39,365][com.java.SeleniumDriver] [  905] - DataField : COBddlFeeAcct
[INFO ][2016-02-10 19:40:39,365][com.java.SeleniumDriver] [  907] - DataValue : index:3
[INFO ][2016-02-10 19:40:39,365][com.java.SeleniumDriver] [  913] - <In Set values of the page>
[INFO ][2016-02-10 19:40:39,365][com.java.SeleniumDriver] [  916] - {Data Fields & Data Values Exist}
[INFO ][2016-02-10 19:40:39,365][com.java.SeleniumDriver] [  918] - --------------------------setting values-----------------------------
[INFO ][2016-02-10 19:40:39,365][com.java.SeleniumDriver] [  921] - Action Type : SELECT
[INFO ][2016-02-10 19:40:39,365][com.java.TestType] [ 6884] - value = 3
[INFO ][2016-02-10 19:40:40,916][com.java.TestType] [ 7032] -  In COB ddlFeeAcct : 3
[INFO ][2016-02-10 19:40:42,126][com.java.SeleniumDriver] [  930] -  RESULT true
[INFO ][2016-02-10 19:40:42,126][com.java.SeleniumDriver] [ 1136] - ?   P A S S   ?
[INFO ][2016-02-10 19:40:42,126][com.java.SeleniumDriver] [  856] - ------------------------------------------
[INFO ][2016-02-10 19:40:42,126][com.java.SeleniumDriver] [  857] - Test case being Executed: 25
[INFO ][2016-02-10 19:40:42,126][com.java.SeleniumDriver] [  869] - Test step:15
[INFO ][2016-02-10 19:40:42,126][com.java.SeleniumDriver] [  881] - Datavalue is----------index:2
[INFO ][2016-02-10 19:40:42,126][com.java.SeleniumDriver] [  905] - DataField : COBddlFeeAcct
[INFO ][2016-02-10 19:40:42,126][com.java.SeleniumDriver] [  907] - DataValue : index:2
[INFO ][2016-02-10 19:40:42,126][com.java.SeleniumDriver] [  913] - <In Set values of the page>
[INFO ][2016-02-10 19:40:42,126][com.java.SeleniumDriver] [  916] - {Data Fields & Data Values Exist}
[INFO ][2016-02-10 19:40:42,126][com.java.SeleniumDriver] [  918] - --------------------------setting values-----------------------------
[INFO ][2016-02-10 19:40:42,126][com.java.SeleniumDriver] [  921] - Action Type : SELECT
[INFO ][2016-02-10 19:40:42,126][com.java.TestType] [ 6884] - value = 2
[INFO ][2016-02-10 19:40:43,419][com.java.TestType] [ 7032] -  In COB ddlFeeAcct : 2
[INFO ][2016-02-10 19:40:44,589][com.java.SeleniumDriver] [  930] -  RESULT true
[INFO ][2016-02-10 19:40:44,589][com.java.SeleniumDriver] [ 1136] - ?   P A S S   ?
[INFO ][2016-02-10 19:40:44,589][com.java.SeleniumDriver] [  856] - ------------------------------------------
[INFO ][2016-02-10 19:40:44,589][com.java.SeleniumDriver] [  857] - Test case being Executed: 25
[INFO ][2016-02-10 19:40:44,589][com.java.SeleniumDriver] [  869] - Test step:16
[INFO ][2016-02-10 19:40:44,589][com.java.SeleniumDriver] [  881] - Datavalue is----------5
[INFO ][2016-02-10 19:40:44,589][com.java.SeleniumDriver] [  905] - DataField : null
[INFO ][2016-02-10 19:40:44,589][com.java.SeleniumDriver] [  907] - DataValue : 5
[INFO ][2016-02-10 19:40:44,589][com.java.SeleniumDriver] [  913] - <In Set values of the page>
[INFO ][2016-02-10 19:40:44,589][com.java.SeleniumDriver] [  916] - {Data Fields & Data Values Exist}
[INFO ][2016-02-10 19:40:44,589][com.java.SeleniumDriver] [  918] - --------------------------setting values-----------------------------
[INFO ][2016-02-10 19:40:44,589][com.java.SeleniumDriver] [  921] - Action Type : WAITTIME
[DEBUG][2016-02-10 19:40:44,589][com.java.TestType] [ 6693] - sleepTime: 5000
[INFO ][2016-02-10 19:40:49,590][com.java.SeleniumDriver] [  930] -  RESULT true
[INFO ][2016-02-10 19:40:49,590][com.java.SeleniumDriver] [ 1136] - ?   P A S S   ?
[INFO ][2016-02-10 19:40:49,590][com.java.SeleniumDriver] [  856] - ------------------------------------------
[INFO ][2016-02-10 19:40:49,590][com.java.SeleniumDriver] [  857] - Test case being Executed: 25
[INFO ][2016-02-10 19:40:49,590][com.java.SeleniumDriver] [  869] - Test step:17
[INFO ][2016-02-10 19:40:49,590][com.java.SeleniumDriver] [  881] - Datavalue is----------null
[DEBUG][2016-02-10 19:40:49,590][com.java.SeleniumDriver] [  899] - Exception: null
[INFO ][2016-02-10 19:40:49,590][com.java.SeleniumDriver] [  905] - DataField : BTNparent
[INFO ][2016-02-10 19:40:49,590][com.java.SeleniumDriver] [  907] - DataValue : 
[INFO ][2016-02-10 19:40:49,590][com.java.SeleniumDriver] [  913] - <In Set values of the page>
[INFO ][2016-02-10 19:40:49,590][com.java.SeleniumDriver] [  916] - {Data Fields & Data Values Exist}
[INFO ][2016-02-10 19:40:49,590][com.java.SeleniumDriver] [  918] - --------------------------setting values-----------------------------
[INFO ][2016-02-10 19:40:49,590][com.java.SeleniumDriver] [  921] - Action Type : SELECTFRAME
[INFO ][2016-02-10 19:40:49,591][com.java.SeleniumDriver] [  930] -  RESULT true
[INFO ][2016-02-10 19:40:49,591][com.java.SeleniumDriver] [ 1136] - ?   P A S S   ?
[INFO ][2016-02-10 19:40:49,591][com.java.SeleniumDriver] [  856] - ------------------------------------------
[INFO ][2016-02-10 19:40:49,591][com.java.SeleniumDriver] [  857] - Test case being Executed: 25
[INFO ][2016-02-10 19:40:49,591][com.java.SeleniumDriver] [  869] - Test step:18
[INFO ][2016-02-10 19:40:49,591][com.java.SeleniumDriver] [  881] - Datavalue is----------null
[DEBUG][2016-02-10 19:40:49,591][com.java.SeleniumDriver] [  899] - Exception: null
[INFO ][2016-02-10 19:40:49,591][com.java.SeleniumDriver] [  905] - DataField : XPH//span[contains(text(),'Finished')]
[INFO ][2016-02-10 19:40:49,591][com.java.SeleniumDriver] [  907] - DataValue : 
[INFO ][2016-02-10 19:40:49,591][com.java.SeleniumDriver] [  913] - <In Set values of the page>
[INFO ][2016-02-10 19:40:49,591][com.java.SeleniumDriver] [  916] - {Data Fields & Data Values Exist}
[INFO ][2016-02-10 19:40:49,591][com.java.SeleniumDriver] [  918] - --------------------------setting values-----------------------------
[INFO ][2016-02-10 19:40:49,591][com.java.SeleniumDriver] [  921] - Action Type : CLICK
[INFO ][2016-02-10 19:40:49,591][com.java.TestType] [ 7297] - Field ::XPH//span[contains(text(),'Finished')]
[INFO ][2016-02-10 19:40:49,591][com.java.TestType] [ 6884] - value = 
[INFO ][2016-02-10 19:40:50,601][com.java.TestType] [ 7493] - BEFORE CLICK
[INFO ][2016-02-10 19:40:52,251][com.java.TestType] [ 7501] - Unable to click the object Finished
[INFO ][2016-02-10 19:40:52,251][com.java.SeleniumDriver] [  930] -  RESULT true
[INFO ][2016-02-10 19:40:52,251][com.java.SeleniumDriver] [ 1136] - ?   P A S S   ?
[INFO ][2016-02-10 19:40:52,251][com.java.SeleniumDriver] [  856] - ------------------------------------------
[INFO ][2016-02-10 19:40:52,251][com.java.SeleniumDriver] [  857] - Test case being Executed: 25
[INFO ][2016-02-10 19:40:52,251][com.java.SeleniumDriver] [  869] - Test step:19
[INFO ][2016-02-10 19:40:52,251][com.java.SeleniumDriver] [  881] - Datavalue is----------10
[INFO ][2016-02-10 19:40:52,251][com.java.SeleniumDriver] [  905] - DataField : test
[INFO ][2016-02-10 19:40:52,251][com.java.SeleniumDriver] [  907] - DataValue : 10
[INFO ][2016-02-10 19:40:52,251][com.java.SeleniumDriver] [  913] - <In Set values of the page>
[INFO ][2016-02-10 19:40:52,251][com.java.SeleniumDriver] [  916] - {Data Fields & Data Values Exist}
[INFO ][2016-02-10 19:40:52,251][com.java.SeleniumDriver] [  918] - --------------------------setting values-----------------------------
[INFO ][2016-02-10 19:40:52,251][com.java.SeleniumDriver] [  921] - Action Type : WAITTIME
[DEBUG][2016-02-10 19:40:52,251][com.java.TestType] [ 6693] - sleepTime: 10000
[INFO ][2016-02-10 19:41:02,252][com.java.SeleniumDriver] [  930] -  RESULT true
[INFO ][2016-02-10 19:41:02,252][com.java.SeleniumDriver] [ 1136] - ?   P A S S   ?
[INFO ][2016-02-10 19:41:02,252][com.java.SeleniumDriver] [  856] - ------------------------------------------
[INFO ][2016-02-10 19:41:02,252][com.java.SeleniumDriver] [  857] - Test case being Executed: 25
[INFO ][2016-02-10 19:41:02,252][com.java.SeleniumDriver] [  869] - Test step:20
[INFO ][2016-02-10 19:41:02,252][com.java.SeleniumDriver] [  881] - Datavalue is----------null
[DEBUG][2016-02-10 19:41:02,252][com.java.SeleniumDriver] [  899] - Exception: null
[INFO ][2016-02-10 19:41:02,252][com.java.SeleniumDriver] [  905] - DataField : BTNcloseAllTabs
[INFO ][2016-02-10 19:41:02,252][com.java.SeleniumDriver] [  907] - DataValue : 
[INFO ][2016-02-10 19:41:02,252][com.java.SeleniumDriver] [  913] - <In Set values of the page>
[INFO ][2016-02-10 19:41:02,252][com.java.SeleniumDriver] [  916] - {Data Fields & Data Values Exist}
[INFO ][2016-02-10 19:41:02,252][com.java.SeleniumDriver] [  918] - --------------------------setting values-----------------------------
[INFO ][2016-02-10 19:41:02,252][com.java.SeleniumDriver] [  921] - Action Type : CLICK
[INFO ][2016-02-10 19:41:02,252][com.java.TestType] [ 7297] - Field ::BTNcloseAllTabs
[INFO ][2016-02-10 19:41:02,252][com.java.TestType] [ 6884] - value = 
[INFO ][2016-02-10 19:41:03,253][com.java.TestType] [ 7469] - BEFORE CLICK
[INFO ][2016-02-10 19:41:06,797][com.java.TestType] [ 7476] - Unable to click the object Close all tabs button
[INFO ][2016-02-10 19:41:06,797][com.java.SeleniumDriver] [  930] -  RESULT true
[INFO ][2016-02-10 19:41:06,797][com.java.SeleniumDriver] [ 1136] - ?   P A S S   ?
[INFO ][2016-02-10 19:41:06,797][com.java.SeleniumDriver] [  856] - ------------------------------------------
[INFO ][2016-02-10 19:41:06,797][com.java.SeleniumDriver] [  857] - Test case being Executed: 25
[INFO ][2016-02-10 19:41:06,797][com.java.SeleniumDriver] [  869] - Test step:21
[INFO ][2016-02-10 19:41:06,797][com.java.SeleniumDriver] [  881] - Datavalue is----------5
[INFO ][2016-02-10 19:41:06,797][com.java.SeleniumDriver] [  905] - DataField : test
[INFO ][2016-02-10 19:41:06,797][com.java.SeleniumDriver] [  907] - DataValue : 5
[INFO ][2016-02-10 19:41:06,797][com.java.SeleniumDriver] [  913] - <In Set values of the page>
[INFO ][2016-02-10 19:41:06,797][com.java.SeleniumDriver] [  916] - {Data Fields & Data Values Exist}
[INFO ][2016-02-10 19:41:06,797][com.java.SeleniumDriver] [  918] - --------------------------setting values-----------------------------
[INFO ][2016-02-10 19:41:06,797][com.java.SeleniumDriver] [  921] - Action Type : WAITTIME
[DEBUG][2016-02-10 19:41:06,797][com.java.TestType] [ 6693] - sleepTime: 5000
[INFO ][2016-02-10 19:41:11,798][com.java.SeleniumDriver] [  930] -  RESULT true
[INFO ][2016-02-10 19:41:11,798][com.java.SeleniumDriver] [ 1136] - ?   P A S S   ?
[INFO ][2016-02-10 19:41:11,798][com.java.SeleniumDriver] [  856] - ------------------------------------------
[INFO ][2016-02-10 19:41:11,798][com.java.SeleniumDriver] [  857] - Test case being Executed: 25
[INFO ][2016-02-10 19:41:11,798][com.java.SeleniumDriver] [  869] - Test step:22
[INFO ][2016-02-10 19:41:11,798][com.java.SeleniumDriver] [  881] - Datavalue is----------3
[INFO ][2016-02-10 19:41:11,798][com.java.SeleniumDriver] [  905] - DataField : XPH//div[contains(text(), 'My Dashboard')]
[INFO ][2016-02-10 19:41:11,798][com.java.SeleniumDriver] [  907] - DataValue : 3
[INFO ][2016-02-10 19:41:11,798][com.java.SeleniumDriver] [  913] - <In Set values of the page>
[INFO ][2016-02-10 19:41:11,798][com.java.SeleniumDriver] [  916] - {Data Fields & Data Values Exist}
[INFO ][2016-02-10 19:41:11,798][com.java.SeleniumDriver] [  918] - --------------------------setting values-----------------------------
[INFO ][2016-02-10 19:41:11,798][com.java.SeleniumDriver] [  921] - Action Type : WAITFORELEMENT
[INFO ][2016-02-10 19:41:11,840][com.java.SeleniumDriver] [  930] -  RESULT true
[INFO ][2016-02-10 19:41:11,840][com.java.SeleniumDriver] [ 1136] - ?   P A S S   ?
[INFO ][2016-02-10 19:41:11,840][com.java.SeleniumDriver] [  856] - ------------------------------------------
[INFO ][2016-02-10 19:41:11,840][com.java.SeleniumDriver] [  857] - Test case being Executed: 25
[INFO ][2016-02-10 19:41:11,840][com.java.SeleniumDriver] [  869] - Test step:23
[INFO ][2016-02-10 19:41:11,840][com.java.SeleniumDriver] [  881] - Datavalue is----------My Dashboard
[INFO ][2016-02-10 19:41:11,840][com.java.SeleniumDriver] [  905] - DataField : XPH//div[contains(text(), 'My Dashboard')]
[INFO ][2016-02-10 19:41:11,840][com.java.SeleniumDriver] [  907] - DataValue : My Dashboard
[INFO ][2016-02-10 19:41:11,840][com.java.SeleniumDriver] [  913] - <In Set values of the page>
[INFO ][2016-02-10 19:41:11,840][com.java.SeleniumDriver] [  916] - {Data Fields & Data Values Exist}
[INFO ][2016-02-10 19:41:11,840][com.java.SeleniumDriver] [  918] - --------------------------setting values-----------------------------
[INFO ][2016-02-10 19:41:11,840][com.java.SeleniumDriver] [  921] - Action Type : VERIFY
[INFO ][2016-02-10 19:41:11,840][com.java.TestType] [ 8585] - field= XPH//div[contains(text(), 'My Dashboard')] value= My Dashboard
[INFO ][2016-02-10 19:41:11,840][com.java.TestType] [ 6884] - value = My Dashboard
[INFO ][2016-02-10 19:41:11,950][com.java.SeleniumDriver] [  930] -  RESULT true
[INFO ][2016-02-10 19:41:11,950][com.java.SeleniumDriver] [ 1136] - ?   P A S S   ?
[DEBUG][2016-02-10 19:41:11,950][com.java.SeleniumDriver] [ 1248] - Case found
[DEBUG][2016-02-10 19:41:11,950][com.java.SeleniumDriver] [ 1253] - Incrementing ReportCounters[0]:3
[INFO ][2016-02-10 19:41:11,950][com.java.SeleniumDriver] [ 1272] - The results are-------------------[25, 1, Admin: GL Mapping: Account Mapping: Map G/L Account with Fee Account Information, Pass, , Wed Feb 10 19:39:19 IST 2016, 25, 3, Admin: GL Mapping: Account Mapping: Map G/L Account with Fee Account Information, Pass, , Wed Feb 10 19:39:24 IST 2016, 25, 4, Admin: GL Mapping: Account Mapping: Map G/L Account with Fee Account Information, Pass, , Wed Feb 10 19:40:09 IST 2016, 25, 5, Admin: GL Mapping: Account Mapping: Map G/L Account with Fee Account Information, Pass, , Wed Feb 10 19:40:09 IST 2016, 25, 6, Admin: GL Mapping: Account Mapping: Map G/L Account with Fee Account Information, Pass, , Wed Feb 10 19:40:26 IST 2016, 25, 7, Admin: GL Mapping: Account Mapping: Map G/L Account with Fee Account Information, Pass, , Wed Feb 10 19:40:31 IST 2016, 25, 8, Admin: GL Mapping: Account Mapping: Map G/L Account with Fee Account Information, Pass, , Wed Feb 10 19:40:31 IST 2016, 25, 9, Admin: GL Mapping: Account Mapping: Map G/L Account with Fee Account Information, Pass, , Wed Feb 10 19:40:33 IST 2016, 25, 10, Admin: GL Mapping: Account Mapping: Map G/L Account with Fee Account Information, Pass, , Wed Feb 10 19:40:34 IST 2016, 25, 11, Admin: GL Mapping: Account Mapping: Map G/L Account with Fee Account Information, Pass, , Wed Feb 10 19:40:34 IST 2016, 25, 12, Admin: GL Mapping: Account Mapping: Map G/L Account with Fee Account Information, Pass, , Wed Feb 10 19:40:39 IST 2016, 25, 13, Admin: GL Mapping: Account Mapping: Map G/L Account with Fee Account Information, Pass, , Wed Feb 10 19:40:39 IST 2016, 25, 14, Admin: GL Mapping: Account Mapping: Map G/L Account with Fee Account Information, Pass, , Wed Feb 10 19:40:42 IST 2016, 25, 15, Admin: GL Mapping: Account Mapping: Map G/L Account with Fee Account Information, Pass, , Wed Feb 10 19:40:44 IST 2016, 25, 16, Admin: GL Mapping: Account Mapping: Map G/L Account with Fee Account Information, Pass, , Wed Feb 10 19:40:49 IST 2016, 25, 17, Admin: GL Mapping: Account Mapping: Map G/L Account with Fee Account Information, Pass, , Wed Feb 10 19:40:49 IST 2016, 25, 18, Admin: GL Mapping: Account Mapping: Map G/L Account with Fee Account Information, Pass, , Wed Feb 10 19:40:52 IST 2016, 25, 19, Admin: GL Mapping: Account Mapping: Map G/L Account with Fee Account Information, Pass, , Wed Feb 10 19:41:02 IST 2016, 25, 20, Admin: GL Mapping: Account Mapping: Map G/L Account with Fee Account Information, Pass, , Wed Feb 10 19:41:06 IST 2016, 25, 21, Admin: GL Mapping: Account Mapping: Map G/L Account with Fee Account Information, Pass, , Wed Feb 10 19:41:11 IST 2016, 25, 22, Admin: GL Mapping: Account Mapping: Map G/L Account with Fee Account Information, Pass, , Wed Feb 10 19:41:11 IST 2016, 25, 23, Admin: GL Mapping: Account Mapping: Map G/L Account with Fee Account Information, Pass, , Wed Feb 10 19:41:11 IST 2016]
[INFO ][2016-02-10 19:41:11,950][com.java.SeleniumDriver] [ 1276] - End time is-------4 min 58 sec
[INFO ][2016-02-10 19:41:11,950][com.java.SeleniumDriver] [ 1277] - The results are-------------------[25, 1, Admin: GL Mapping: Account Mapping: Map G/L Account with Fee Account Information, Pass, , Wed Feb 10 19:39:19 IST 2016, 25, 3, Admin: GL Mapping: Account Mapping: Map G/L Account with Fee Account Information, Pass, , Wed Feb 10 19:39:24 IST 2016, 25, 4, Admin: GL Mapping: Account Mapping: Map G/L Account with Fee Account Information, Pass, , Wed Feb 10 19:40:09 IST 2016, 25, 5, Admin: GL Mapping: Account Mapping: Map G/L Account with Fee Account Information, Pass, , Wed Feb 10 19:40:09 IST 2016, 25, 6, Admin: GL Mapping: Account Mapping: Map G/L Account with Fee Account Information, Pass, , Wed Feb 10 19:40:26 IST 2016, 25, 7, Admin: GL Mapping: Account Mapping: Map G/L Account with Fee Account Information, Pass, , Wed Feb 10 19:40:31 IST 2016, 25, 8, Admin: GL Mapping: Account Mapping: Map G/L Account with Fee Account Information, Pass, , Wed Feb 10 19:40:31 IST 2016, 25, 9, Admin: GL Mapping: Account Mapping: Map G/L Account with Fee Account Information, Pass, , Wed Feb 10 19:40:33 IST 2016, 25, 10, Admin: GL Mapping: Account Mapping: Map G/L Account with Fee Account Information, Pass, , Wed Feb 10 19:40:34 IST 2016, 25, 11, Admin: GL Mapping: Account Mapping: Map G/L Account with Fee Account Information, Pass, , Wed Feb 10 19:40:34 IST 2016, 25, 12, Admin: GL Mapping: Account Mapping: Map G/L Account with Fee Account Information, Pass, , Wed Feb 10 19:40:39 IST 2016, 25, 13, Admin: GL Mapping: Account Mapping: Map G/L Account with Fee Account Information, Pass, , Wed Feb 10 19:40:39 IST 2016, 25, 14, Admin: GL Mapping: Account Mapping: Map G/L Account with Fee Account Information, Pass, , Wed Feb 10 19:40:42 IST 2016, 25, 15, Admin: GL Mapping: Account Mapping: Map G/L Account with Fee Account Information, Pass, , Wed Feb 10 19:40:44 IST 2016, 25, 16, Admin: GL Mapping: Account Mapping: Map G/L Account with Fee Account Information, Pass, , Wed Feb 10 19:40:49 IST 2016, 25, 17, Admin: GL Mapping: Account Mapping: Map G/L Account with Fee Account Information, Pass, , Wed Feb 10 19:40:49 IST 2016, 25, 18, Admin: GL Mapping: Account Mapping: Map G/L Account with Fee Account Information, Pass, , Wed Feb 10 19:40:52 IST 2016, 25, 19, Admin: GL Mapping: Account Mapping: Map G/L Account with Fee Account Information, Pass, , Wed Feb 10 19:41:02 IST 2016, 25, 20, Admin: GL Mapping: Account Mapping: Map G/L Account with Fee Account Information, Pass, , Wed Feb 10 19:41:06 IST 2016, 25, 21, Admin: GL Mapping: Account Mapping: Map G/L Account with Fee Account Information, Pass, , Wed Feb 10 19:41:11 IST 2016, 25, 22, Admin: GL Mapping: Account Mapping: Map G/L Account with Fee Account Information, Pass, , Wed Feb 10 19:41:11 IST 2016, 25, 23, Admin: GL Mapping: Account Mapping: Map G/L Account with Fee Account Information, Pass, , Wed Feb 10 19:41:11 IST 2016]
[DEBUG][2016-02-10 19:41:11,950][com.java.ImportnExport.ExportTestResultsExcel] [  222] - testResultPath = D:\BankersDashboard/TestReports/Test Results_BankersDashBoard_021016_193615_IE10_CB&S Bank.xls
[DEBUG][2016-02-10 19:41:11,950][com.java.ImportnExport.ExportTestResultsExcel] [  223] - browser is------------IE10
[DEBUG][2016-02-10 19:41:11,950][com.java.ImportnExport.ExportTestResultsExcel] [  270] - result.size() = 132
[DEBUG][2016-02-10 19:41:11,950][com.java.ImportnExport.ExportTestResultsExcel] [  274] - No of rows in sheet=3
[DEBUG][2016-02-10 19:41:11,950][com.java.ImportnExport.ExportTestResultsExcel] [  301] - ..in export..25
[DEBUG][2016-02-10 19:41:11,950][com.java.ImportnExport.ExportTestResultsExcel] [  301] - ..in export..Admin: GL Mapping: Account Mapping: Map G/L Account with Fee Account Information
[DEBUG][2016-02-10 19:41:11,950][com.java.ImportnExport.ExportTestResultsExcel] [  301] - ..in export..Pass
[DEBUG][2016-02-10 19:41:11,950][com.java.ImportnExport.ExportTestResultsExcel] [  301] - ..in export..
[DEBUG][2016-02-10 19:41:11,950][com.java.ImportnExport.ExportTestResultsExcel] [  301] - ..in export..Wed Feb 10 19:39:19 IST 2016
[INFO ][2016-02-10 19:41:11,950][com.java.SeleniumDriver] [ 1337] - out loop:2 size:5 TestCases:[1, 24, 25, 29, 30] testcases:[1, 24, 25, 29, 30]
[INFO ][2016-02-10 19:41:11,950][com.java.ImportnExport.ImportTestDataDetailsExcel] [   49] - test data details path===== D:\BankersDashboard\TestInputs\TestData.xls
[INFO ][2016-02-10 19:41:31,816][com.java.SeleniumDriver] [  856] - ------------------------------------------
[INFO ][2016-02-10 19:41:31,816][com.java.SeleniumDriver] [  857] - Test case being Executed: 29
[INFO ][2016-02-10 19:41:31,816][com.java.SeleniumDriver] [  869] - Test step:1
[INFO ][2016-02-10 19:41:31,816][com.java.SeleniumDriver] [  881] - Datavalue is----------Logout
[INFO ][2016-02-10 19:41:31,816][com.java.SeleniumDriver] [  905] - DataField : BTN
[INFO ][2016-02-10 19:41:31,816][com.java.SeleniumDriver] [  907] - DataValue : Logout
[INFO ][2016-02-10 19:41:31,816][com.java.SeleniumDriver] [  913] - <In Set values of the page>
[INFO ][2016-02-10 19:41:31,816][com.java.SeleniumDriver] [  916] - {Data Fields & Data Values Exist}
[INFO ][2016-02-10 19:41:31,816][com.java.SeleniumDriver] [  918] - --------------------------setting values-----------------------------
[INFO ][2016-02-10 19:41:31,816][com.java.SeleniumDriver] [  921] - Action Type : Verify
[INFO ][2016-02-10 19:41:31,816][com.java.TestType] [ 8585] - field= BTN value= Logout
[INFO ][2016-02-10 19:41:31,816][com.java.TestType] [ 6884] - value = Logout
[INFO ][2016-02-10 19:41:31,897][com.java.SeleniumDriver] [  930] -  RESULT true
[INFO ][2016-02-10 19:41:31,897][com.java.SeleniumDriver] [ 1136] - ?   P A S S   ?
[INFO ][2016-02-10 19:41:31,897][com.java.SeleniumDriver] [ 1178] - step change to 3
[INFO ][2016-02-10 19:41:31,897][com.java.SeleniumDriver] [  856] - ------------------------------------------
[INFO ][2016-02-10 19:41:31,897][com.java.SeleniumDriver] [  857] - Test case being Executed: 29
[INFO ][2016-02-10 19:41:31,897][com.java.SeleniumDriver] [  869] - Test step:3
[INFO ][2016-02-10 19:41:31,897][com.java.SeleniumDriver] [  881] - Datavalue is----------Concept#2:1-2
[INFO ][2016-02-10 19:41:31,897][com.java.SeleniumDriver] [  905] - DataField : test
[INFO ][2016-02-10 19:41:31,897][com.java.SeleniumDriver] [  907] - DataValue : Concept#2:1-2
[INFO ][2016-02-10 19:41:31,897][com.java.SeleniumDriver] [  913] - <In Set values of the page>
[INFO ][2016-02-10 19:41:31,897][com.java.SeleniumDriver] [  916] - {Data Fields & Data Values Exist}
[INFO ][2016-02-10 19:41:31,897][com.java.SeleniumDriver] [  918] - --------------------------setting values-----------------------------
[INFO ][2016-02-10 19:41:31,897][com.java.SeleniumDriver] [  921] - Action Type : ExecuteTestCase
[INFO ][2016-02-10 19:41:31,897][com.java.TestType] [  460] - The Concept sheet name is ---------- Concept
[INFO ][2016-02-10 19:41:31,897][com.java.TestType] [  463] - The Concept ID  is ---------- 2
[DEBUG][2016-02-10 19:41:31,897][com.java.TestType] [  467] - Steps being executted in the Concept are: 1:2
[INFO ][2016-02-10 19:41:31,897][com.java.TestType] [  474] - Test data details path ---------- D:\BankersDashboard\TestInputs\TestData.xls
[INFO ][2016-02-10 19:41:31,937][com.java.TestType] [  505] -  str(1) = 2
[INFO ][2016-02-10 19:41:31,937][com.java.TestType] [  508] - Test case Id is---2
[INFO ][2016-02-10 19:41:31,937][com.java.TestType] [  510] - 2
[INFO ][2016-02-10 19:41:31,937][com.java.TestType] [  505] -  str(2) = 1
[INFO ][2016-02-10 19:41:31,937][com.java.TestType] [  505] -  str(1) = 2
[INFO ][2016-02-10 19:41:31,937][com.java.TestType] [  508] - Test case Id is---2
[INFO ][2016-02-10 19:41:31,937][com.java.TestType] [  510] - 2
[INFO ][2016-02-10 19:41:31,937][com.java.TestType] [  505] -  str(2) = 2
[INFO ][2016-02-10 19:41:31,937][com.java.TestType] [  505] -  str(1) = 2
[INFO ][2016-02-10 19:41:31,937][com.java.TestType] [  508] - Test case Id is---2
[INFO ][2016-02-10 19:41:31,937][com.java.TestType] [  510] - 2
[INFO ][2016-02-10 19:41:31,937][com.java.TestType] [  505] -  str(2) = 3
[INFO ][2016-02-10 19:41:31,937][com.java.TestType] [12463] - Looping 1TCID = 2
[DEBUG][2016-02-10 19:41:31,937][com.java.TestType] [12504] - Concept ID:2 :: Step being Executed: 2::1
[INFO ][2016-02-10 19:41:31,937][com.java.TestType] [12542] - dataFields : BNK//select[@id='bank']
[DEBUG][2016-02-10 19:41:31,937][com.java.TestType] [12548] - <In Set values of the page>
[DEBUG][2016-02-10 19:41:31,937][com.java.TestType] [12553] - {Data Fields & Data Values Exist}
[INFO ][2016-02-10 19:41:31,937][com.java.TestType] [12559] - --------------------------setting values-----------------------------
[INFO ][2016-02-10 19:41:31,937][com.java.TestType] [12562] - Action Type : Select
[INFO ][2016-02-10 19:41:31,937][com.java.TestType] [ 6884] - value = PFC
[INFO ][2016-02-10 19:41:32,157][com.java.TestType] [12581] -  RESULT true
[INFO ][2016-02-10 19:41:32,157][com.java.TestType] [12698] - ?   P A S S   ?
[DEBUG][2016-02-10 19:41:32,157][com.java.TestType] [12504] - Concept ID:2 :: Step being Executed: 2::2
[INFO ][2016-02-10 19:41:32,157][com.java.TestType] [12542] - dataFields : LNKLogout
[DEBUG][2016-02-10 19:41:32,157][com.java.TestType] [12548] - <In Set values of the page>
[DEBUG][2016-02-10 19:41:32,157][com.java.TestType] [12553] - {Data Fields & Data Values Exist}
[INFO ][2016-02-10 19:41:32,157][com.java.TestType] [12559] - --------------------------setting values-----------------------------
[INFO ][2016-02-10 19:41:32,157][com.java.TestType] [12562] - Action Type : WaitTime
[DEBUG][2016-02-10 19:41:32,157][com.java.TestType] [ 6693] - sleepTime: 5000
[INFO ][2016-02-10 19:41:37,157][com.java.TestType] [12581] -  RESULT true
[INFO ][2016-02-10 19:41:37,157][com.java.TestType] [12698] - ?   P A S S   ?
[INFO ][2016-02-10 19:41:37,157][com.java.TestType] [12769] - Looping End......
[INFO ][2016-02-10 19:41:37,157][com.java.SeleniumDriver] [  930] -  RESULT true
[INFO ][2016-02-10 19:41:37,157][com.java.SeleniumDriver] [ 1136] - ?   P A S S   ?
[INFO ][2016-02-10 19:41:37,157][com.java.SeleniumDriver] [  856] - ------------------------------------------
[INFO ][2016-02-10 19:41:37,157][com.java.SeleniumDriver] [  857] - Test case being Executed: 29
[INFO ][2016-02-10 19:41:37,157][com.java.SeleniumDriver] [  869] - Test step:4
[INFO ][2016-02-10 19:41:37,157][com.java.SeleniumDriver] [  881] - Datavalue is----------2
[INFO ][2016-02-10 19:41:37,157][com.java.SeleniumDriver] [  905] - DataField : XPH//button[contains(text(),'Add Content')]
[INFO ][2016-02-10 19:41:37,157][com.java.SeleniumDriver] [  907] - DataValue : 2
[INFO ][2016-02-10 19:41:37,157][com.java.SeleniumDriver] [  913] - <In Set values of the page>
[INFO ][2016-02-10 19:41:37,157][com.java.SeleniumDriver] [  916] - {Data Fields & Data Values Exist}
[INFO ][2016-02-10 19:41:37,157][com.java.SeleniumDriver] [  918] - --------------------------setting values-----------------------------
[INFO ][2016-02-10 19:41:37,157][com.java.SeleniumDriver] [  921] - Action Type : WAITFORELEMENT
[INFO ][2016-02-10 19:41:37,238][com.java.SeleniumDriver] [  930] -  RESULT true
[INFO ][2016-02-10 19:41:37,238][com.java.SeleniumDriver] [ 1136] - ?   P A S S   ?
[INFO ][2016-02-10 19:41:37,238][com.java.SeleniumDriver] [  856] - ------------------------------------------
[INFO ][2016-02-10 19:41:37,238][com.java.SeleniumDriver] [  857] - Test case being Executed: 29
[INFO ][2016-02-10 19:41:37,238][com.java.SeleniumDriver] [  869] - Test step:5
[INFO ][2016-02-10 19:41:37,238][com.java.SeleniumDriver] [  881] - Datavalue is----------null
[DEBUG][2016-02-10 19:41:37,238][com.java.SeleniumDriver] [  899] - Exception: null
[INFO ][2016-02-10 19:41:37,238][com.java.SeleniumDriver] [  905] - DataField : //span[@class='icon-user4']&&//ul[@id='Admin']/li[2]/a&&//ul[@id="GLMapping"]//a[@data-id="LoanConcentration"]
[INFO ][2016-02-10 19:41:37,238][com.java.SeleniumDriver] [  907] - DataValue : 
[INFO ][2016-02-10 19:41:37,238][com.java.SeleniumDriver] [  913] - <In Set values of the page>
[INFO ][2016-02-10 19:41:37,238][com.java.SeleniumDriver] [  916] - {Data Fields & Data Values Exist}
[INFO ][2016-02-10 19:41:37,238][com.java.SeleniumDriver] [  918] - --------------------------setting values-----------------------------
[INFO ][2016-02-10 19:41:37,238][com.java.SeleniumDriver] [  921] - Action Type : mouseover
[INFO ][2016-02-10 19:42:21,676][com.java.SeleniumDriver] [  930] -  RESULT true
[INFO ][2016-02-10 19:42:21,676][com.java.SeleniumDriver] [ 1136] - ?   P A S S   ?
[INFO ][2016-02-10 19:42:21,676][com.java.SeleniumDriver] [  856] - ------------------------------------------
[INFO ][2016-02-10 19:42:21,676][com.java.SeleniumDriver] [  857] - Test case being Executed: 29
[INFO ][2016-02-10 19:42:21,676][com.java.SeleniumDriver] [  869] - Test step:6
[INFO ][2016-02-10 19:42:21,676][com.java.SeleniumDriver] [  881] - Datavalue is----------Loan Concentration
[INFO ][2016-02-10 19:42:21,676][com.java.SeleniumDriver] [  905] - DataField : XPH//span[@class='ui-dialog-title']
[INFO ][2016-02-10 19:42:21,676][com.java.SeleniumDriver] [  907] - DataValue : Loan Concentration
[INFO ][2016-02-10 19:42:21,676][com.java.SeleniumDriver] [  913] - <In Set values of the page>
[INFO ][2016-02-10 19:42:21,676][com.java.SeleniumDriver] [  916] - {Data Fields & Data Values Exist}
[INFO ][2016-02-10 19:42:21,676][com.java.SeleniumDriver] [  918] - --------------------------setting values-----------------------------
[INFO ][2016-02-10 19:42:21,676][com.java.SeleniumDriver] [  921] - Action Type : verify
[INFO ][2016-02-10 19:42:21,676][com.java.TestType] [ 8585] - field= XPH//span[@class='ui-dialog-title'] value= Loan Concentration
[INFO ][2016-02-10 19:42:21,676][com.java.TestType] [ 6884] - value = Loan Concentration
[INFO ][2016-02-10 19:42:21,819][com.java.SeleniumDriver] [  930] -  RESULT true
[INFO ][2016-02-10 19:42:21,819][com.java.SeleniumDriver] [ 1136] - ?   P A S S   ?
[INFO ][2016-02-10 19:42:21,819][com.java.SeleniumDriver] [  856] - ------------------------------------------
[INFO ][2016-02-10 19:42:21,819][com.java.SeleniumDriver] [  857] - Test case being Executed: 29
[INFO ][2016-02-10 19:42:21,819][com.java.SeleniumDriver] [  869] - Test step:7
[INFO ][2016-02-10 19:42:21,819][com.java.SeleniumDriver] [  881] - Datavalue is----------null
[DEBUG][2016-02-10 19:42:21,819][com.java.SeleniumDriver] [  899] - Exception: null
[INFO ][2016-02-10 19:42:21,819][com.java.SeleniumDriver] [  905] - DataField : BTNframeDialogContent
[INFO ][2016-02-10 19:42:21,819][com.java.SeleniumDriver] [  907] - DataValue : 
[INFO ][2016-02-10 19:42:21,819][com.java.SeleniumDriver] [  913] - <In Set values of the page>
[INFO ][2016-02-10 19:42:21,819][com.java.SeleniumDriver] [  916] - {Data Fields & Data Values Exist}
[INFO ][2016-02-10 19:42:21,819][com.java.SeleniumDriver] [  918] - --------------------------setting values-----------------------------
[INFO ][2016-02-10 19:42:21,819][com.java.SeleniumDriver] [  921] - Action Type : selectframe
[INFO ][2016-02-10 19:42:23,080][com.java.SeleniumDriver] [  930] -  RESULT true
[INFO ][2016-02-10 19:42:23,080][com.java.SeleniumDriver] [ 1136] - ?   P A S S   ?
[INFO ][2016-02-10 19:42:23,080][com.java.SeleniumDriver] [  856] - ------------------------------------------
[INFO ][2016-02-10 19:42:23,080][com.java.SeleniumDriver] [  857] - Test case being Executed: 29
[INFO ][2016-02-10 19:42:23,080][com.java.SeleniumDriver] [  869] - Test step:8
[INFO ][2016-02-10 19:42:23,080][com.java.SeleniumDriver] [  881] - Datavalue is----------null
[DEBUG][2016-02-10 19:42:23,080][com.java.SeleniumDriver] [  899] - Exception: null
[INFO ][2016-02-10 19:42:23,080][com.java.SeleniumDriver] [  905] - DataField : BTNbtnAddCategory
[INFO ][2016-02-10 19:42:23,080][com.java.SeleniumDriver] [  907] - DataValue : 
[INFO ][2016-02-10 19:42:23,080][com.java.SeleniumDriver] [  913] - <In Set values of the page>
[INFO ][2016-02-10 19:42:23,080][com.java.SeleniumDriver] [  916] - {Data Fields & Data Values Exist}
[INFO ][2016-02-10 19:42:23,080][com.java.SeleniumDriver] [  918] - --------------------------setting values-----------------------------
[INFO ][2016-02-10 19:42:23,080][com.java.SeleniumDriver] [  921] - Action Type : click
[INFO ][2016-02-10 19:42:23,080][com.java.TestType] [ 7297] - Field ::BTNbtnAddCategory
[INFO ][2016-02-10 19:42:23,080][com.java.TestType] [ 6884] - value = 
[INFO ][2016-02-10 19:42:24,080][com.java.TestType] [ 7469] - BEFORE CLICK
[INFO ][2016-02-10 19:42:25,331][com.java.TestType] [ 7476] - Unable to click the object click on Add new category button
[INFO ][2016-02-10 19:42:25,331][com.java.SeleniumDriver] [  930] -  RESULT true
[INFO ][2016-02-10 19:42:25,331][com.java.SeleniumDriver] [ 1136] - ?   P A S S   ?
[INFO ][2016-02-10 19:42:25,331][com.java.SeleniumDriver] [  856] - ------------------------------------------
[INFO ][2016-02-10 19:42:25,331][com.java.SeleniumDriver] [  857] - Test case being Executed: 29
[INFO ][2016-02-10 19:42:25,331][com.java.SeleniumDriver] [  869] - Test step:9
[INFO ][2016-02-10 19:42:25,331][com.java.SeleniumDriver] [  881] - Datavalue is----------10
[INFO ][2016-02-10 19:42:25,331][com.java.SeleniumDriver] [  905] - DataField : DSPddlGroup
[INFO ][2016-02-10 19:42:25,331][com.java.SeleniumDriver] [  907] - DataValue : 10
[INFO ][2016-02-10 19:42:25,331][com.java.SeleniumDriver] [  913] - <In Set values of the page>
[INFO ][2016-02-10 19:42:25,331][com.java.SeleniumDriver] [  916] - {Data Fields & Data Values Exist}
[INFO ][2016-02-10 19:42:25,331][com.java.SeleniumDriver] [  918] - --------------------------setting values-----------------------------
[INFO ][2016-02-10 19:42:25,331][com.java.SeleniumDriver] [  921] - Action Type : waitforelement
[INFO ][2016-02-10 19:42:26,462][com.java.SeleniumDriver] [  930] -  RESULT true
[INFO ][2016-02-10 19:42:26,462][com.java.SeleniumDriver] [ 1136] - ?   P A S S   ?
[INFO ][2016-02-10 19:42:26,462][com.java.SeleniumDriver] [  856] - ------------------------------------------
[INFO ][2016-02-10 19:42:26,462][com.java.SeleniumDriver] [  857] - Test case being Executed: 29
[INFO ][2016-02-10 19:42:26,462][com.java.SeleniumDriver] [  869] - Test step:10
[INFO ][2016-02-10 19:42:26,462][com.java.SeleniumDriver] [  881] - Datavalue is----------Primary Group
[INFO ][2016-02-10 19:42:26,462][com.java.SeleniumDriver] [  905] - DataField : MSG
[INFO ][2016-02-10 19:42:26,462][com.java.SeleniumDriver] [  907] - DataValue : Primary Group
[INFO ][2016-02-10 19:42:26,462][com.java.SeleniumDriver] [  913] - <In Set values of the page>
[INFO ][2016-02-10 19:42:26,462][com.java.SeleniumDriver] [  916] - {Data Fields & Data Values Exist}
[INFO ][2016-02-10 19:42:26,462][com.java.SeleniumDriver] [  918] - --------------------------setting values-----------------------------
[INFO ][2016-02-10 19:42:26,462][com.java.SeleniumDriver] [  921] - Action Type : verify
[INFO ][2016-02-10 19:42:26,462][com.java.TestType] [ 8585] - field= MSG value= Primary Group
[INFO ][2016-02-10 19:42:26,462][com.java.TestType] [ 6884] - value = Primary Group
[DEBUG][2016-02-10 19:42:26,462][com.java.TestType] [ 9494] - value :: Primary Group
[INFO ][2016-02-10 19:42:26,482][com.java.SeleniumDriver] [  930] -  RESULT true
[INFO ][2016-02-10 19:42:26,482][com.java.SeleniumDriver] [ 1136] - ?   P A S S   ?
[INFO ][2016-02-10 19:42:26,482][com.java.SeleniumDriver] [  856] - ------------------------------------------
[INFO ][2016-02-10 19:42:26,482][com.java.SeleniumDriver] [  857] - Test case being Executed: 29
[INFO ][2016-02-10 19:42:26,482][com.java.SeleniumDriver] [  869] - Test step:11
[INFO ][2016-02-10 19:42:26,482][com.java.SeleniumDriver] [  881] - Datavalue is----------Category
[INFO ][2016-02-10 19:42:26,482][com.java.SeleniumDriver] [  905] - DataField : MSG
[INFO ][2016-02-10 19:42:26,482][com.java.SeleniumDriver] [  907] - DataValue : Category
[INFO ][2016-02-10 19:42:26,482][com.java.SeleniumDriver] [  913] - <In Set values of the page>
[INFO ][2016-02-10 19:42:26,482][com.java.SeleniumDriver] [  916] - {Data Fields & Data Values Exist}
[INFO ][2016-02-10 19:42:26,482][com.java.SeleniumDriver] [  918] - --------------------------setting values-----------------------------
[INFO ][2016-02-10 19:42:26,482][com.java.SeleniumDriver] [  921] - Action Type : verify
[INFO ][2016-02-10 19:42:26,482][com.java.TestType] [ 8585] - field= MSG value= Category
[INFO ][2016-02-10 19:42:26,482][com.java.TestType] [ 6884] - value = Category
[DEBUG][2016-02-10 19:42:26,482][com.java.TestType] [ 9494] - value :: Category
[INFO ][2016-02-10 19:42:26,502][com.java.SeleniumDriver] [  930] -  RESULT true
[INFO ][2016-02-10 19:42:26,502][com.java.SeleniumDriver] [ 1136] - ?   P A S S   ?
[INFO ][2016-02-10 19:42:26,502][com.java.SeleniumDriver] [  856] - ------------------------------------------
[INFO ][2016-02-10 19:42:26,502][com.java.SeleniumDriver] [  857] - Test case being Executed: 29
[INFO ][2016-02-10 19:42:26,502][com.java.SeleniumDriver] [  869] - Test step:12
[INFO ][2016-02-10 19:42:26,502][com.java.SeleniumDriver] [  881] - Datavalue is----------Approved Capital %
[INFO ][2016-02-10 19:42:26,502][com.java.SeleniumDriver] [  905] - DataField : MSG
[INFO ][2016-02-10 19:42:26,502][com.java.SeleniumDriver] [  907] - DataValue : Approved Capital %
[INFO ][2016-02-10 19:42:26,502][com.java.SeleniumDriver] [  913] - <In Set values of the page>
[INFO ][2016-02-10 19:42:26,502][com.java.SeleniumDriver] [  916] - {Data Fields & Data Values Exist}
[INFO ][2016-02-10 19:42:26,502][com.java.SeleniumDriver] [  918] - --------------------------setting values-----------------------------
[INFO ][2016-02-10 19:42:26,502][com.java.SeleniumDriver] [  921] - Action Type : verify
[INFO ][2016-02-10 19:42:26,502][com.java.TestType] [ 8585] - field= MSG value= Approved Capital %
[INFO ][2016-02-10 19:42:26,502][com.java.TestType] [ 6884] - value = Approved Capital %
[DEBUG][2016-02-10 19:42:26,502][com.java.TestType] [ 9494] - value :: Approved Capital %
[INFO ][2016-02-10 19:42:26,522][com.java.SeleniumDriver] [  930] -  RESULT true
[INFO ][2016-02-10 19:42:26,522][com.java.SeleniumDriver] [ 1136] - ?   P A S S   ?
[INFO ][2016-02-10 19:42:26,522][com.java.SeleniumDriver] [  856] - ------------------------------------------
[INFO ][2016-02-10 19:42:26,522][com.java.SeleniumDriver] [  857] - Test case being Executed: 29
[INFO ][2016-02-10 19:42:26,522][com.java.SeleniumDriver] [  869] - Test step:13
[INFO ][2016-02-10 19:42:26,522][com.java.SeleniumDriver] [  881] - Datavalue is----------Approved Loan %
[INFO ][2016-02-10 19:42:26,522][com.java.SeleniumDriver] [  905] - DataField : MSG
[INFO ][2016-02-10 19:42:26,522][com.java.SeleniumDriver] [  907] - DataValue : Approved Loan %
[INFO ][2016-02-10 19:42:26,522][com.java.SeleniumDriver] [  913] - <In Set values of the page>
[INFO ][2016-02-10 19:42:26,522][com.java.SeleniumDriver] [  916] - {Data Fields & Data Values Exist}
[INFO ][2016-02-10 19:42:26,522][com.java.SeleniumDriver] [  918] - --------------------------setting values-----------------------------
[INFO ][2016-02-10 19:42:26,522][com.java.SeleniumDriver] [  921] - Action Type : verify
[INFO ][2016-02-10 19:42:26,522][com.java.TestType] [ 8585] - field= MSG value= Approved Loan %
[INFO ][2016-02-10 19:42:26,522][com.java.TestType] [ 6884] - value = Approved Loan %
[DEBUG][2016-02-10 19:42:26,522][com.java.TestType] [ 9494] - value :: Approved Loan %
[INFO ][2016-02-10 19:42:26,542][com.java.SeleniumDriver] [  930] -  RESULT true
[INFO ][2016-02-10 19:42:26,542][com.java.SeleniumDriver] [ 1136] - ?   P A S S   ?
[INFO ][2016-02-10 19:42:26,542][com.java.SeleniumDriver] [  856] - ------------------------------------------
[INFO ][2016-02-10 19:42:26,542][com.java.SeleniumDriver] [  857] - Test case being Executed: 29
[INFO ][2016-02-10 19:42:26,542][com.java.SeleniumDriver] [  869] - Test step:14
[INFO ][2016-02-10 19:42:26,542][com.java.SeleniumDriver] [  881] - Datavalue is----------2
[INFO ][2016-02-10 19:42:26,542][com.java.SeleniumDriver] [  905] - DataField : null
[INFO ][2016-02-10 19:42:26,542][com.java.SeleniumDriver] [  907] - DataValue : 2
[INFO ][2016-02-10 19:42:26,542][com.java.SeleniumDriver] [  913] - <In Set values of the page>
[INFO ][2016-02-10 19:42:26,542][com.java.SeleniumDriver] [  916] - {Data Fields & Data Values Exist}
[INFO ][2016-02-10 19:42:26,542][com.java.SeleniumDriver] [  918] - --------------------------setting values-----------------------------
[INFO ][2016-02-10 19:42:26,542][com.java.SeleniumDriver] [  921] - Action Type : waittime
[DEBUG][2016-02-10 19:42:26,542][com.java.TestType] [ 6693] - sleepTime: 2000
[INFO ][2016-02-10 19:42:28,542][com.java.SeleniumDriver] [  930] -  RESULT true
[INFO ][2016-02-10 19:42:28,542][com.java.SeleniumDriver] [ 1136] - ?   P A S S   ?
[INFO ][2016-02-10 19:42:28,542][com.java.SeleniumDriver] [  856] - ------------------------------------------
[INFO ][2016-02-10 19:42:28,542][com.java.SeleniumDriver] [  857] - Test case being Executed: 29
[INFO ][2016-02-10 19:42:28,542][com.java.SeleniumDriver] [  869] - Test step:15
[INFO ][2016-02-10 19:42:28,542][com.java.SeleniumDriver] [  881] - Datavalue is----------null
[DEBUG][2016-02-10 19:42:28,542][com.java.SeleniumDriver] [  899] - Exception: null
[INFO ][2016-02-10 19:42:28,542][com.java.SeleniumDriver] [  905] - DataField : BTNddlGroup
[INFO ][2016-02-10 19:42:28,542][com.java.SeleniumDriver] [  907] - DataValue : 
[INFO ][2016-02-10 19:42:28,542][com.java.SeleniumDriver] [  913] - <In Set values of the page>
[INFO ][2016-02-10 19:42:28,542][com.java.SeleniumDriver] [  916] - {Data Fields & Data Values Exist}
[INFO ][2016-02-10 19:42:28,542][com.java.SeleniumDriver] [  918] - --------------------------setting values-----------------------------
[INFO ][2016-02-10 19:42:28,542][com.java.SeleniumDriver] [  921] - Action Type : click
[INFO ][2016-02-10 19:42:28,542][com.java.TestType] [ 7297] - Field ::BTNddlGroup
[INFO ][2016-02-10 19:42:28,542][com.java.TestType] [ 6884] - value = 
[INFO ][2016-02-10 19:42:29,543][com.java.TestType] [ 7469] - BEFORE CLICK
[INFO ][2016-02-10 19:42:30,774][com.java.TestType] [ 7476] - Unable to click the object Click on Primary Group
[INFO ][2016-02-10 19:42:30,774][com.java.SeleniumDriver] [  930] -  RESULT true
[INFO ][2016-02-10 19:42:30,774][com.java.SeleniumDriver] [ 1136] - ?   P A S S   ?
[INFO ][2016-02-10 19:42:30,774][com.java.SeleniumDriver] [  856] - ------------------------------------------
[INFO ][2016-02-10 19:42:30,774][com.java.SeleniumDriver] [  857] - Test case being Executed: 29
[INFO ][2016-02-10 19:42:30,774][com.java.SeleniumDriver] [  869] - Test step:16
[INFO ][2016-02-10 19:42:30,774][com.java.SeleniumDriver] [  881] - Datavalue is----------index:3
[INFO ][2016-02-10 19:42:30,774][com.java.SeleniumDriver] [  905] - DataField : COBddlGroup
[INFO ][2016-02-10 19:42:30,774][com.java.SeleniumDriver] [  907] - DataValue : index:3
[INFO ][2016-02-10 19:42:30,774][com.java.SeleniumDriver] [  913] - <In Set values of the page>
[INFO ][2016-02-10 19:42:30,774][com.java.SeleniumDriver] [  916] - {Data Fields & Data Values Exist}
[INFO ][2016-02-10 19:42:30,774][com.java.SeleniumDriver] [  918] - --------------------------setting values-----------------------------
[INFO ][2016-02-10 19:42:30,774][com.java.SeleniumDriver] [  921] - Action Type : select
[INFO ][2016-02-10 19:42:30,774][com.java.TestType] [ 6884] - value = 3
[INFO ][2016-02-10 19:42:31,875][com.java.TestType] [ 7032] -  In COB ddlGroup : 3
[ERROR][2016-02-10 19:42:31,915][com.java.TestType] [ 7183] - Unable to perform Action Select Cannot locate option with index: 3
For documentation on this error, please visit: http://seleniumhq.org/exceptions/no_such_element.html
Build info: version: '2.48.2', revision: '41bccdd', time: '2015-10-09 19:59:12'
System info: host: 'FVTIII438F1D', ip: '172.17.68.34', os.name: 'Windows 7', os.arch: 'x86', os.version: '6.1', java.version: '1.7.0_55'
Driver info: driver.version: SeleniumDriver
[INFO ][2016-02-10 19:42:31,915][com.java.SeleniumDriver] [  930] -  RESULT false
[INFO ][2016-02-10 19:42:31,915][com.java.SeleniumDriver] [  977] - ?   F A I L   ?
[INFO ][2016-02-10 19:42:31,915][com.java.SeleniumDriver] [  985] - Browser Type : IE10
[INFO ][2016-02-10 19:42:31,915][com.java.SeleniumDriver] [  986] - Adding Failed case29
[INFO ][2016-02-10 19:42:32,135][com.java.SeleniumDriver] [ 1100] - failedCases = 29
[ERROR][2016-02-10 19:42:32,135][com.java.SeleniumDriver] [ 1599] - Platform Errors : Our apologies...::We have encountered an issue with your request.::Our apologies?:We encountered an issue with your request.
[INFO ][2016-02-10 19:42:32,135][com.java.SeleniumDriver] [ 1603] - Length =3
[ERROR][2016-02-10 19:42:32,135][com.java.SeleniumDriver] [ 1606] - Error 0 = Our apologies...
[ERROR][2016-02-10 19:42:32,255][com.java.SeleniumDriver] [ 1606] - Error 1 = We have encountered an issue with your request.
[ERROR][2016-02-10 19:42:32,275][com.java.SeleniumDriver] [ 1606] - Error 2 = Our apologies?:We encountered an issue with your request.
[INFO ][2016-02-10 19:42:32,295][com.java.SeleniumDriver] [ 1617] - strError:
[DEBUG][2016-02-10 19:42:32,305][com.java.SeleniumDriver] [ 1248] - Case found
[DEBUG][2016-02-10 19:42:32,305][com.java.SeleniumDriver] [ 1253] - Incrementing ReportCounters[0]:4
[INFO ][2016-02-10 19:42:32,305][com.java.SeleniumDriver] [ 1272] - The results are-------------------[29, 16, Admin: GL Mapping: Loan Concentration: Add & Delete New Category, Fail, 
Test case failed at Step No. :: 16   Error Message ::  Option ::3:: not found in Combo box :: ddlGroup. Screen Shot : D:\BankersDashboard\TestReports\021016\29_021016_194231_IE10.png, Wed Feb 10 19:42:32 IST 2016]
[INFO ][2016-02-10 19:42:32,305][com.java.SeleniumDriver] [ 1276] - End time is-------6 min 18 sec
[INFO ][2016-02-10 19:42:32,305][com.java.SeleniumDriver] [ 1277] - The results are-------------------[29, 16, Admin: GL Mapping: Loan Concentration: Add & Delete New Category, Fail, 
Test case failed at Step No. :: 16   Error Message ::  Option ::3:: not found in Combo box :: ddlGroup. Screen Shot : D:\BankersDashboard\TestReports\021016\29_021016_194231_IE10.png, Wed Feb 10 19:42:32 IST 2016]
[DEBUG][2016-02-10 19:42:32,305][com.java.ImportnExport.ExportTestResultsExcel] [  222] - testResultPath = D:\BankersDashboard/TestReports/Test Results_BankersDashBoard_021016_193615_IE10_CB&S Bank.xls
[DEBUG][2016-02-10 19:42:32,305][com.java.ImportnExport.ExportTestResultsExcel] [  223] - browser is------------IE10
[DEBUG][2016-02-10 19:42:32,305][com.java.ImportnExport.ExportTestResultsExcel] [  270] - result.size() = 6
[DEBUG][2016-02-10 19:42:32,305][com.java.ImportnExport.ExportTestResultsExcel] [  274] - No of rows in sheet=4
[DEBUG][2016-02-10 19:42:32,305][com.java.ImportnExport.ExportTestResultsExcel] [  301] - ..in export..29
[DEBUG][2016-02-10 19:42:32,305][com.java.ImportnExport.ExportTestResultsExcel] [  301] - ..in export..Admin: GL Mapping: Loan Concentration: Add & Delete New Category
[DEBUG][2016-02-10 19:42:32,305][com.java.ImportnExport.ExportTestResultsExcel] [  301] - ..in export..Fail
[DEBUG][2016-02-10 19:42:32,305][com.java.ImportnExport.ExportTestResultsExcel] [  301] - ..in export..
Test case failed at Step No. :: 16   Error Message ::  Option ::3:: not found in Combo box :: ddlGroup. Screen Shot : D:\BankersDashboard\TestReports\021016\29_021016_194231_IE10.png
[DEBUG][2016-02-10 19:42:32,305][com.java.ImportnExport.ExportTestResultsExcel] [  301] - ..in export..Wed Feb 10 19:42:32 IST 2016
[INFO ][2016-02-10 19:42:32,305][com.java.SeleniumDriver] [ 1337] - out loop:3 size:5 TestCases:[1, 24, 25, 29, 30] testcases:[1, 24, 25, 29, 30]
[INFO ][2016-02-10 19:42:32,305][com.java.ImportnExport.ImportTestDataDetailsExcel] [   49] - test data details path===== D:\BankersDashboard\TestInputs\TestData.xls
[INFO ][2016-02-10 19:42:49,766][com.java.SeleniumDriver] [  856] - ------------------------------------------
[INFO ][2016-02-10 19:42:49,766][com.java.SeleniumDriver] [  857] - Test case being Executed: 30
[INFO ][2016-02-10 19:42:49,766][com.java.SeleniumDriver] [  869] - Test step:1
[INFO ][2016-02-10 19:42:49,766][com.java.SeleniumDriver] [  881] - Datavalue is----------Logout
[INFO ][2016-02-10 19:42:49,766][com.java.SeleniumDriver] [  905] - DataField : BTN
[INFO ][2016-02-10 19:42:49,766][com.java.SeleniumDriver] [  907] - DataValue : Logout
[INFO ][2016-02-10 19:42:49,766][com.java.SeleniumDriver] [  913] - <In Set values of the page>
[INFO ][2016-02-10 19:42:49,766][com.java.SeleniumDriver] [  916] - {Data Fields & Data Values Exist}
[INFO ][2016-02-10 19:42:49,766][com.java.SeleniumDriver] [  918] - --------------------------setting values-----------------------------
[INFO ][2016-02-10 19:42:49,766][com.java.SeleniumDriver] [  921] - Action Type : Verify
[INFO ][2016-02-10 19:42:49,766][com.java.TestType] [ 8585] - field= BTN value= Logout
[INFO ][2016-02-10 19:42:49,766][com.java.TestType] [ 6884] - value = Logout
[INFO ][2016-02-10 19:42:49,897][com.java.SeleniumDriver] [  930] -  RESULT true
[INFO ][2016-02-10 19:42:49,897][com.java.SeleniumDriver] [ 1136] - ?   P A S S   ?
[INFO ][2016-02-10 19:42:49,897][com.java.SeleniumDriver] [ 1178] - step change to 3
[INFO ][2016-02-10 19:42:49,897][com.java.SeleniumDriver] [  856] - ------------------------------------------
[INFO ][2016-02-10 19:42:49,897][com.java.SeleniumDriver] [  857] - Test case being Executed: 30
[INFO ][2016-02-10 19:42:49,897][com.java.SeleniumDriver] [  869] - Test step:3
[INFO ][2016-02-10 19:42:49,897][com.java.SeleniumDriver] [  881] - Datavalue is----------Concept#2:1-2
[INFO ][2016-02-10 19:42:49,897][com.java.SeleniumDriver] [  905] - DataField : test
[INFO ][2016-02-10 19:42:49,897][com.java.SeleniumDriver] [  907] - DataValue : Concept#2:1-2
[INFO ][2016-02-10 19:42:49,897][com.java.SeleniumDriver] [  913] - <In Set values of the page>
[INFO ][2016-02-10 19:42:49,897][com.java.SeleniumDriver] [  916] - {Data Fields & Data Values Exist}
[INFO ][2016-02-10 19:42:49,897][com.java.SeleniumDriver] [  918] - --------------------------setting values-----------------------------
[INFO ][2016-02-10 19:42:49,897][com.java.SeleniumDriver] [  921] - Action Type : ExecuteTestCase
[INFO ][2016-02-10 19:42:49,897][com.java.TestType] [  460] - The Concept sheet name is ---------- Concept
[INFO ][2016-02-10 19:42:49,897][com.java.TestType] [  463] - The Concept ID  is ---------- 2
[DEBUG][2016-02-10 19:42:49,897][com.java.TestType] [  467] - Steps being executted in the Concept are: 1:2
[INFO ][2016-02-10 19:42:49,897][com.java.TestType] [  474] - Test data details path ---------- D:\BankersDashboard\TestInputs\TestData.xls
[INFO ][2016-02-10 19:42:49,927][com.java.TestType] [  505] -  str(1) = 2
[INFO ][2016-02-10 19:42:49,927][com.java.TestType] [  508] - Test case Id is---2
[INFO ][2016-02-10 19:42:49,927][com.java.TestType] [  510] - 2
[INFO ][2016-02-10 19:42:49,927][com.java.TestType] [  505] -  str(2) = 1
[INFO ][2016-02-10 19:42:49,927][com.java.TestType] [  505] -  str(1) = 2
[INFO ][2016-02-10 19:42:49,927][com.java.TestType] [  508] - Test case Id is---2
[INFO ][2016-02-10 19:42:49,927][com.java.TestType] [  510] - 2
[INFO ][2016-02-10 19:42:49,927][com.java.TestType] [  505] -  str(2) = 2
[INFO ][2016-02-10 19:42:49,927][com.java.TestType] [  505] -  str(1) = 2
[INFO ][2016-02-10 19:42:49,927][com.java.TestType] [  508] - Test case Id is---2
[INFO ][2016-02-10 19:42:49,927][com.java.TestType] [  510] - 2
[INFO ][2016-02-10 19:42:49,927][com.java.TestType] [  505] -  str(2) = 3
[INFO ][2016-02-10 19:42:49,937][com.java.TestType] [12463] - Looping 1TCID = 2
[DEBUG][2016-02-10 19:42:49,937][com.java.TestType] [12504] - Concept ID:2 :: Step being Executed: 2::1
[INFO ][2016-02-10 19:42:49,937][com.java.TestType] [12542] - dataFields : BNK//select[@id='bank']
[DEBUG][2016-02-10 19:42:49,937][com.java.TestType] [12548] - <In Set values of the page>
[DEBUG][2016-02-10 19:42:49,937][com.java.TestType] [12553] - {Data Fields & Data Values Exist}
[INFO ][2016-02-10 19:42:49,937][com.java.TestType] [12559] - --------------------------setting values-----------------------------
[INFO ][2016-02-10 19:42:49,937][com.java.TestType] [12562] - Action Type : Select
[INFO ][2016-02-10 19:42:49,937][com.java.TestType] [ 6884] - value = PFC
[INFO ][2016-02-10 19:42:50,217][com.java.TestType] [12581] -  RESULT true
[INFO ][2016-02-10 19:42:50,217][com.java.TestType] [12698] - ?   P A S S   ?
[DEBUG][2016-02-10 19:42:50,217][com.java.TestType] [12504] - Concept ID:2 :: Step being Executed: 2::2
[INFO ][2016-02-10 19:42:50,217][com.java.TestType] [12542] - dataFields : LNKLogout
[DEBUG][2016-02-10 19:42:50,217][com.java.TestType] [12548] - <In Set values of the page>
[DEBUG][2016-02-10 19:42:50,217][com.java.TestType] [12553] - {Data Fields & Data Values Exist}
[INFO ][2016-02-10 19:42:50,217][com.java.TestType] [12559] - --------------------------setting values-----------------------------
[INFO ][2016-02-10 19:42:50,217][com.java.TestType] [12562] - Action Type : WaitTime
[DEBUG][2016-02-10 19:42:50,217][com.java.TestType] [ 6693] - sleepTime: 5000
[INFO ][2016-02-10 19:42:55,217][com.java.TestType] [12581] -  RESULT true
[INFO ][2016-02-10 19:42:55,217][com.java.TestType] [12698] - ?   P A S S   ?
[INFO ][2016-02-10 19:42:55,217][com.java.TestType] [12769] - Looping End......
[INFO ][2016-02-10 19:42:55,217][com.java.SeleniumDriver] [  930] -  RESULT true
[INFO ][2016-02-10 19:42:55,217][com.java.SeleniumDriver] [ 1136] - ?   P A S S   ?
[INFO ][2016-02-10 19:42:55,217][com.java.SeleniumDriver] [  856] - ------------------------------------------
[INFO ][2016-02-10 19:42:55,217][com.java.SeleniumDriver] [  857] - Test case being Executed: 30
[INFO ][2016-02-10 19:42:55,217][com.java.SeleniumDriver] [  869] - Test step:4
[INFO ][2016-02-10 19:42:55,217][com.java.SeleniumDriver] [  881] - Datavalue is----------2
[INFO ][2016-02-10 19:42:55,217][com.java.SeleniumDriver] [  905] - DataField : XPH//button[contains(text(),'Add Content')]
[INFO ][2016-02-10 19:42:55,217][com.java.SeleniumDriver] [  907] - DataValue : 2
[INFO ][2016-02-10 19:42:55,217][com.java.SeleniumDriver] [  913] - <In Set values of the page>
[INFO ][2016-02-10 19:42:55,217][com.java.SeleniumDriver] [  916] - {Data Fields & Data Values Exist}
[INFO ][2016-02-10 19:42:55,217][com.java.SeleniumDriver] [  918] - --------------------------setting values-----------------------------
[INFO ][2016-02-10 19:42:55,217][com.java.SeleniumDriver] [  921] - Action Type : WAITFORELEMENT
[INFO ][2016-02-10 19:42:55,258][com.java.SeleniumDriver] [  930] -  RESULT true
[INFO ][2016-02-10 19:42:55,258][com.java.SeleniumDriver] [ 1136] - ?   P A S S   ?
[INFO ][2016-02-10 19:42:55,258][com.java.SeleniumDriver] [  856] - ------------------------------------------
[INFO ][2016-02-10 19:42:55,258][com.java.SeleniumDriver] [  857] - Test case being Executed: 30
[INFO ][2016-02-10 19:42:55,258][com.java.SeleniumDriver] [  869] - Test step:5
[INFO ][2016-02-10 19:42:55,258][com.java.SeleniumDriver] [  881] - Datavalue is----------null
[DEBUG][2016-02-10 19:42:55,258][com.java.SeleniumDriver] [  899] - Exception: null
[INFO ][2016-02-10 19:42:55,258][com.java.SeleniumDriver] [  905] - DataField : //span[@class='icon-user4']&&//ul[@id='Admin']/li[2]/a&&//ul[@id="GLMapping"]//a[@data-id="LoanConcentration"]
[INFO ][2016-02-10 19:42:55,258][com.java.SeleniumDriver] [  907] - DataValue : 
[INFO ][2016-02-10 19:42:55,258][com.java.SeleniumDriver] [  913] - <In Set values of the page>
[INFO ][2016-02-10 19:42:55,258][com.java.SeleniumDriver] [  916] - {Data Fields & Data Values Exist}
[INFO ][2016-02-10 19:42:55,258][com.java.SeleniumDriver] [  918] - --------------------------setting values-----------------------------
[INFO ][2016-02-10 19:42:55,258][com.java.SeleniumDriver] [  921] - Action Type : mouseover
[INFO ][2016-02-10 19:43:39,989][com.java.SeleniumDriver] [  930] -  RESULT true
[INFO ][2016-02-10 19:43:39,989][com.java.SeleniumDriver] [ 1136] - ?   P A S S   ?
[INFO ][2016-02-10 19:43:39,989][com.java.SeleniumDriver] [  856] - ------------------------------------------
[INFO ][2016-02-10 19:43:39,989][com.java.SeleniumDriver] [  857] - Test case being Executed: 30
[INFO ][2016-02-10 19:43:39,989][com.java.SeleniumDriver] [  869] - Test step:6
[INFO ][2016-02-10 19:43:39,989][com.java.SeleniumDriver] [  881] - Datavalue is----------Loan Concentration
[INFO ][2016-02-10 19:43:39,989][com.java.SeleniumDriver] [  905] - DataField : XPH//span[@class='ui-dialog-title']
[INFO ][2016-02-10 19:43:39,989][com.java.SeleniumDriver] [  907] - DataValue : Loan Concentration
[INFO ][2016-02-10 19:43:39,989][com.java.SeleniumDriver] [  913] - <In Set values of the page>
[INFO ][2016-02-10 19:43:39,989][com.java.SeleniumDriver] [  916] - {Data Fields & Data Values Exist}
[INFO ][2016-02-10 19:43:39,989][com.java.SeleniumDriver] [  918] - --------------------------setting values-----------------------------
[INFO ][2016-02-10 19:43:39,989][com.java.SeleniumDriver] [  921] - Action Type : verify
[INFO ][2016-02-10 19:43:39,989][com.java.TestType] [ 8585] - field= XPH//span[@class='ui-dialog-title'] value= Loan Concentration
[INFO ][2016-02-10 19:43:39,989][com.java.TestType] [ 6884] - value = Loan Concentration
[INFO ][2016-02-10 19:43:40,130][com.java.SeleniumDriver] [  930] -  RESULT true
[INFO ][2016-02-10 19:43:40,130][com.java.SeleniumDriver] [ 1136] - ?   P A S S   ?
[INFO ][2016-02-10 19:43:40,130][com.java.SeleniumDriver] [  856] - ------------------------------------------
[INFO ][2016-02-10 19:43:40,130][com.java.SeleniumDriver] [  857] - Test case being Executed: 30
[INFO ][2016-02-10 19:43:40,130][com.java.SeleniumDriver] [  869] - Test step:7
[INFO ][2016-02-10 19:43:40,130][com.java.SeleniumDriver] [  881] - Datavalue is----------null
[DEBUG][2016-02-10 19:43:40,130][com.java.SeleniumDriver] [  899] - Exception: null
[INFO ][2016-02-10 19:43:40,130][com.java.SeleniumDriver] [  905] - DataField : BTNframeDialogContent
[INFO ][2016-02-10 19:43:40,130][com.java.SeleniumDriver] [  907] - DataValue : 
[INFO ][2016-02-10 19:43:40,130][com.java.SeleniumDriver] [  913] - <In Set values of the page>
[INFO ][2016-02-10 19:43:40,130][com.java.SeleniumDriver] [  916] - {Data Fields & Data Values Exist}
[INFO ][2016-02-10 19:43:40,130][com.java.SeleniumDriver] [  918] - --------------------------setting values-----------------------------
[INFO ][2016-02-10 19:43:40,130][com.java.SeleniumDriver] [  921] - Action Type : selectframe
[INFO ][2016-02-10 19:43:41,561][com.java.SeleniumDriver] [  930] -  RESULT true
[INFO ][2016-02-10 19:43:41,561][com.java.SeleniumDriver] [ 1136] - ?   P A S S   ?
[INFO ][2016-02-10 19:43:41,561][com.java.SeleniumDriver] [  856] - ------------------------------------------
[INFO ][2016-02-10 19:43:41,561][com.java.SeleniumDriver] [  857] - Test case being Executed: 30
[INFO ][2016-02-10 19:43:41,561][com.java.SeleniumDriver] [  869] - Test step:8
[INFO ][2016-02-10 19:43:41,561][com.java.SeleniumDriver] [  881] - Datavalue is----------null
[DEBUG][2016-02-10 19:43:41,561][com.java.SeleniumDriver] [  899] - Exception: null
[INFO ][2016-02-10 19:43:41,561][com.java.SeleniumDriver] [  905] - DataField : BTNbtnAddGroup
[INFO ][2016-02-10 19:43:41,561][com.java.SeleniumDriver] [  907] - DataValue : 
[INFO ][2016-02-10 19:43:41,561][com.java.SeleniumDriver] [  913] - <In Set values of the page>
[INFO ][2016-02-10 19:43:41,561][com.java.SeleniumDriver] [  916] - {Data Fields & Data Values Exist}
[INFO ][2016-02-10 19:43:41,561][com.java.SeleniumDriver] [  918] - --------------------------setting values-----------------------------
[INFO ][2016-02-10 19:43:41,561][com.java.SeleniumDriver] [  921] - Action Type : click
[INFO ][2016-02-10 19:43:41,561][com.java.TestType] [ 7297] - Field ::BTNbtnAddGroup
[INFO ][2016-02-10 19:43:41,561][com.java.TestType] [ 6884] - value = 
[INFO ][2016-02-10 19:43:42,561][com.java.TestType] [ 7469] - BEFORE CLICK
[INFO ][2016-02-10 19:43:43,762][com.java.TestType] [ 7476] - Unable to click the object click on add new group button
[INFO ][2016-02-10 19:43:43,762][com.java.SeleniumDriver] [  930] -  RESULT true
[INFO ][2016-02-10 19:43:43,762][com.java.SeleniumDriver] [ 1136] - ?   P A S S   ?
[INFO ][2016-02-10 19:43:43,762][com.java.SeleniumDriver] [  856] - ------------------------------------------
[INFO ][2016-02-10 19:43:43,762][com.java.SeleniumDriver] [  857] - Test case being Executed: 30
[INFO ][2016-02-10 19:43:43,762][com.java.SeleniumDriver] [  869] - Test step:9
[INFO ][2016-02-10 19:43:43,762][com.java.SeleniumDriver] [  881] - Datavalue is----------2
[INFO ][2016-02-10 19:43:43,762][com.java.SeleniumDriver] [  905] - DataField : TXTtxtDescription
[INFO ][2016-02-10 19:43:43,762][com.java.SeleniumDriver] [  907] - DataValue : 2
[INFO ][2016-02-10 19:43:43,762][com.java.SeleniumDriver] [  913] - <In Set values of the page>
[INFO ][2016-02-10 19:43:43,762][com.java.SeleniumDriver] [  916] - {Data Fields & Data Values Exist}
[INFO ][2016-02-10 19:43:43,762][com.java.SeleniumDriver] [  918] - --------------------------setting values-----------------------------
[INFO ][2016-02-10 19:43:43,762][com.java.SeleniumDriver] [  921] - Action Type : waitforelement
[INFO ][2016-02-10 19:43:44,802][com.java.SeleniumDriver] [  930] -  RESULT true
[INFO ][2016-02-10 19:43:44,802][com.java.SeleniumDriver] [ 1136] - ?   P A S S   ?
[INFO ][2016-02-10 19:43:44,802][com.java.SeleniumDriver] [  856] - ------------------------------------------
[INFO ][2016-02-10 19:43:44,802][com.java.SeleniumDriver] [  857] - Test case being Executed: 30
[INFO ][2016-02-10 19:43:44,802][com.java.SeleniumDriver] [  869] - Test step:10
[INFO ][2016-02-10 19:43:44,802][com.java.SeleniumDriver] [  881] - Datavalue is----------RNDvaluethetime
[INFO ][2016-02-10 19:43:44,802][com.java.SeleniumDriver] [  905] - DataField : TXTtxtDescription
[INFO ][2016-02-10 19:43:44,802][com.java.SeleniumDriver] [  907] - DataValue : RNDvaluethetime
[INFO ][2016-02-10 19:43:44,802][com.java.SeleniumDriver] [  913] - <In Set values of the page>
[INFO ][2016-02-10 19:43:44,802][com.java.SeleniumDriver] [  916] - {Data Fields & Data Values Exist}
[INFO ][2016-02-10 19:43:44,802][com.java.SeleniumDriver] [  918] - --------------------------setting values-----------------------------
[INFO ][2016-02-10 19:43:44,802][com.java.SeleniumDriver] [  921] - Action Type : clearandenter
[INFO ][2016-02-10 19:43:45,934][com.java.TestType] [ 6884] - value = valuethetime78814
[INFO ][2016-02-10 19:43:47,225][com.java.SeleniumDriver] [  930] -  RESULT true
[INFO ][2016-02-10 19:43:47,225][com.java.SeleniumDriver] [ 1136] - ?   P A S S   ?
[INFO ][2016-02-10 19:43:47,225][com.java.SeleniumDriver] [  856] - ------------------------------------------
[INFO ][2016-02-10 19:43:47,225][com.java.SeleniumDriver] [  857] - Test case being Executed: 30
[INFO ][2016-02-10 19:43:47,225][com.java.SeleniumDriver] [  869] - Test step:11
[INFO ][2016-02-10 19:43:47,225][com.java.SeleniumDriver] [  881] - Datavalue is----------Description
[INFO ][2016-02-10 19:43:47,225][com.java.SeleniumDriver] [  905] - DataField : TXTtxtDescription
[INFO ][2016-02-10 19:43:47,225][com.java.SeleniumDriver] [  907] - DataValue : Description
[INFO ][2016-02-10 19:43:47,225][com.java.SeleniumDriver] [  913] - <In Set values of the page>
[INFO ][2016-02-10 19:43:47,225][com.java.SeleniumDriver] [  916] - {Data Fields & Data Values Exist}
[INFO ][2016-02-10 19:43:47,225][com.java.SeleniumDriver] [  918] - --------------------------setting values-----------------------------
[INFO ][2016-02-10 19:43:47,225][com.java.SeleniumDriver] [  921] - Action Type : storevalue
[INFO ][2016-02-10 19:43:47,225][com.java.TestType] [10194] - field= TXTtxtDescription
[DEBUG][2016-02-10 19:43:48,306][com.java.TestType] [10213] - Key:: Description  Value:: valuethetime78814
[INFO ][2016-02-10 19:43:48,306][com.java.SeleniumDriver] [  930] -  RESULT true
[INFO ][2016-02-10 19:43:48,306][com.java.SeleniumDriver] [ 1136] - ?   P A S S   ?
[INFO ][2016-02-10 19:43:48,306][com.java.SeleniumDriver] [  856] - ------------------------------------------
[INFO ][2016-02-10 19:43:48,306][com.java.SeleniumDriver] [  857] - Test case being Executed: 30
[INFO ][2016-02-10 19:43:48,306][com.java.SeleniumDriver] [  869] - Test step:12
[INFO ][2016-02-10 19:43:48,306][com.java.SeleniumDriver] [  881] - Datavalue is----------null
[DEBUG][2016-02-10 19:43:48,306][com.java.SeleniumDriver] [  899] - Exception: null
[INFO ][2016-02-10 19:43:48,306][com.java.SeleniumDriver] [  905] - DataField : BTNparent
[INFO ][2016-02-10 19:43:48,306][com.java.SeleniumDriver] [  907] - DataValue : 
[INFO ][2016-02-10 19:43:48,306][com.java.SeleniumDriver] [  913] - <In Set values of the page>
[INFO ][2016-02-10 19:43:48,306][com.java.SeleniumDriver] [  916] - {Data Fields & Data Values Exist}
[INFO ][2016-02-10 19:43:48,306][com.java.SeleniumDriver] [  918] - --------------------------setting values-----------------------------
[INFO ][2016-02-10 19:43:48,306][com.java.SeleniumDriver] [  921] - Action Type : selectframe
[INFO ][2016-02-10 19:43:48,316][com.java.SeleniumDriver] [  930] -  RESULT true
[INFO ][2016-02-10 19:43:48,316][com.java.SeleniumDriver] [ 1136] - ?   P A S S   ?
[INFO ][2016-02-10 19:43:48,316][com.java.SeleniumDriver] [  856] - ------------------------------------------
[INFO ][2016-02-10 19:43:48,316][com.java.SeleniumDriver] [  857] - Test case being Executed: 30
[INFO ][2016-02-10 19:43:48,316][com.java.SeleniumDriver] [  869] - Test step:13
[INFO ][2016-02-10 19:43:48,316][com.java.SeleniumDriver] [  881] - Datavalue is----------null
[DEBUG][2016-02-10 19:43:48,316][com.java.SeleniumDriver] [  899] - Exception: null
[INFO ][2016-02-10 19:43:48,316][com.java.SeleniumDriver] [  905] - DataField : XPH//span[contains(text(),'Finished')]
[INFO ][2016-02-10 19:43:48,316][com.java.SeleniumDriver] [  907] - DataValue : 
[INFO ][2016-02-10 19:43:48,316][com.java.SeleniumDriver] [  913] - <In Set values of the page>
[INFO ][2016-02-10 19:43:48,316][com.java.SeleniumDriver] [  916] - {Data Fields & Data Values Exist}
[INFO ][2016-02-10 19:43:48,316][com.java.SeleniumDriver] [  918] - --------------------------setting values-----------------------------
[INFO ][2016-02-10 19:43:48,316][com.java.SeleniumDriver] [  921] - Action Type : click
[INFO ][2016-02-10 19:43:48,316][com.java.TestType] [ 7297] - Field ::XPH//span[contains(text(),'Finished')]
[INFO ][2016-02-10 19:43:48,316][com.java.TestType] [ 6884] - value = 
[INFO ][2016-02-10 19:43:49,316][com.java.TestType] [ 7493] - BEFORE CLICK
[INFO ][2016-02-10 19:43:51,069][com.java.TestType] [ 7501] - Unable to click the object click on finished button
[INFO ][2016-02-10 19:43:51,069][com.java.SeleniumDriver] [  930] -  RESULT true
[INFO ][2016-02-10 19:43:51,069][com.java.SeleniumDriver] [ 1136] - ?   P A S S   ?
[INFO ][2016-02-10 19:43:51,069][com.java.SeleniumDriver] [  856] - ------------------------------------------
[INFO ][2016-02-10 19:43:51,069][com.java.SeleniumDriver] [  857] - Test case being Executed: 30
[INFO ][2016-02-10 19:43:51,069][com.java.SeleniumDriver] [  869] - Test step:14
[INFO ][2016-02-10 19:43:51,069][com.java.SeleniumDriver] [  881] - Datavalue is----------null
[DEBUG][2016-02-10 19:43:51,069][com.java.SeleniumDriver] [  899] - Exception: null
[INFO ][2016-02-10 19:43:51,069][com.java.SeleniumDriver] [  905] - DataField : BTNframeDialogContent
[INFO ][2016-02-10 19:43:51,069][com.java.SeleniumDriver] [  907] - DataValue : 
[INFO ][2016-02-10 19:43:51,069][com.java.SeleniumDriver] [  913] - <In Set values of the page>
[INFO ][2016-02-10 19:43:51,069][com.java.SeleniumDriver] [  916] - {Data Fields & Data Values Exist}
[INFO ][2016-02-10 19:43:51,069][com.java.SeleniumDriver] [  918] - --------------------------setting values-----------------------------
[INFO ][2016-02-10 19:43:51,069][com.java.SeleniumDriver] [  921] - Action Type : selectframe
[INFO ][2016-02-10 19:43:53,291][com.java.SeleniumDriver] [  930] -  RESULT true
[INFO ][2016-02-10 19:43:53,291][com.java.SeleniumDriver] [ 1136] - ?   P A S S   ?
[INFO ][2016-02-10 19:43:53,291][com.java.SeleniumDriver] [  856] - ------------------------------------------
[INFO ][2016-02-10 19:43:53,291][com.java.SeleniumDriver] [  857] - Test case being Executed: 30
[INFO ][2016-02-10 19:43:53,291][com.java.SeleniumDriver] [  869] - Test step:15
[INFO ][2016-02-10 19:43:53,291][com.java.SeleniumDriver] [  881] - Datavalue is----------2
[INFO ][2016-02-10 19:43:53,291][com.java.SeleniumDriver] [  905] - DataField : XPH//td[contains(text(),'valuethetime')]/following::span[2]
[INFO ][2016-02-10 19:43:53,291][com.java.SeleniumDriver] [  907] - DataValue : 2
[INFO ][2016-02-10 19:43:53,291][com.java.SeleniumDriver] [  913] - <In Set values of the page>
[INFO ][2016-02-10 19:43:53,291][com.java.SeleniumDriver] [  916] - {Data Fields & Data Values Exist}
[INFO ][2016-02-10 19:43:53,291][com.java.SeleniumDriver] [  918] - --------------------------setting values-----------------------------
[INFO ][2016-02-10 19:43:53,291][com.java.SeleniumDriver] [  921] - Action Type : waittime
[DEBUG][2016-02-10 19:43:53,291][com.java.TestType] [ 6693] - sleepTime: 2000
[INFO ][2016-02-10 19:43:55,291][com.java.SeleniumDriver] [  930] -  RESULT true
[INFO ][2016-02-10 19:43:55,291][com.java.SeleniumDriver] [ 1136] - ?   P A S S   ?
[INFO ][2016-02-10 19:43:55,291][com.java.SeleniumDriver] [  856] - ------------------------------------------
[INFO ][2016-02-10 19:43:55,291][com.java.SeleniumDriver] [  857] - Test case being Executed: 30
[INFO ][2016-02-10 19:43:55,291][com.java.SeleniumDriver] [  869] - Test step:16
[INFO ][2016-02-10 19:43:55,291][com.java.SeleniumDriver] [  881] - Datavalue is----------Description
[INFO ][2016-02-10 19:43:55,291][com.java.SeleniumDriver] [  905] - DataField : BSR//td[contains(text(),'description')]/following::span[2]
[INFO ][2016-02-10 19:43:55,291][com.java.SeleniumDriver] [  907] - DataValue : Description
[INFO ][2016-02-10 19:43:55,291][com.java.SeleniumDriver] [  913] - <In Set values of the page>
[INFO ][2016-02-10 19:43:55,291][com.java.SeleniumDriver] [  916] - {Data Fields & Data Values Exist}
[INFO ][2016-02-10 19:43:55,291][com.java.SeleniumDriver] [  918] - --------------------------setting values-----------------------------
[INFO ][2016-02-10 19:43:55,291][com.java.SeleniumDriver] [  921] - Action Type : click
[INFO ][2016-02-10 19:43:55,291][com.java.TestType] [ 7297] - Field ::BSR//td[contains(text(),'description')]/following::span[2]
[INFO ][2016-02-10 19:43:55,291][com.java.TestType] [ 6884] - value = Description
[INFO ][2016-02-10 19:43:56,603][com.java.SeleniumDriver] [  930] -  RESULT true
[INFO ][2016-02-10 19:43:56,603][com.java.SeleniumDriver] [ 1136] - ?   P A S S   ?
[INFO ][2016-02-10 19:43:56,603][com.java.SeleniumDriver] [  856] - ------------------------------------------
[INFO ][2016-02-10 19:43:56,603][com.java.SeleniumDriver] [  857] - Test case being Executed: 30
[INFO ][2016-02-10 19:43:56,603][com.java.SeleniumDriver] [  869] - Test step:17
[INFO ][2016-02-10 19:43:56,603][com.java.SeleniumDriver] [  881] - Datavalue is----------5
[INFO ][2016-02-10 19:43:56,603][com.java.SeleniumDriver] [  905] - DataField : TXTtxtDescription
[INFO ][2016-02-10 19:43:56,603][com.java.SeleniumDriver] [  907] - DataValue : 5
[INFO ][2016-02-10 19:43:56,603][com.java.SeleniumDriver] [  913] - <In Set values of the page>
[INFO ][2016-02-10 19:43:56,603][com.java.SeleniumDriver] [  916] - {Data Fields & Data Values Exist}
[INFO ][2016-02-10 19:43:56,603][com.java.SeleniumDriver] [  918] - --------------------------setting values-----------------------------
[INFO ][2016-02-10 19:43:56,603][com.java.SeleniumDriver] [  921] - Action Type : waitforelement
[INFO ][2016-02-10 19:43:57,643][com.java.SeleniumDriver] [  930] -  RESULT true
[INFO ][2016-02-10 19:43:57,643][com.java.SeleniumDriver] [ 1136] - ?   P A S S   ?
[INFO ][2016-02-10 19:43:57,643][com.java.SeleniumDriver] [  856] - ------------------------------------------
[INFO ][2016-02-10 19:43:57,643][com.java.SeleniumDriver] [  857] - Test case being Executed: 30
[INFO ][2016-02-10 19:43:57,643][com.java.SeleniumDriver] [  869] - Test step:18
[INFO ][2016-02-10 19:43:57,643][com.java.SeleniumDriver] [  881] - Datavalue is----------RNDvaluethetimecompletely
[INFO ][2016-02-10 19:43:57,643][com.java.SeleniumDriver] [  905] - DataField : TXTtxtDescription
[INFO ][2016-02-10 19:43:57,643][com.java.SeleniumDriver] [  907] - DataValue : RNDvaluethetimecompletely
[INFO ][2016-02-10 19:43:57,643][com.java.SeleniumDriver] [  913] - <In Set values of the page>
[INFO ][2016-02-10 19:43:57,643][com.java.SeleniumDriver] [  916] - {Data Fields & Data Values Exist}
[INFO ][2016-02-10 19:43:57,643][com.java.SeleniumDriver] [  918] - --------------------------setting values-----------------------------
[INFO ][2016-02-10 19:43:57,643][com.java.SeleniumDriver] [  921] - Action Type : clearandenter
[INFO ][2016-02-10 19:43:58,775][com.java.TestType] [ 6884] - value = valuethetimecompletely13361
[INFO ][2016-02-10 19:44:00,166][com.java.SeleniumDriver] [  930] -  RESULT true
[INFO ][2016-02-10 19:44:00,166][com.java.SeleniumDriver] [ 1136] - ?   P A S S   ?
[INFO ][2016-02-10 19:44:00,166][com.java.SeleniumDriver] [  856] - ------------------------------------------
[INFO ][2016-02-10 19:44:00,166][com.java.SeleniumDriver] [  857] - Test case being Executed: 30
[INFO ][2016-02-10 19:44:00,166][com.java.SeleniumDriver] [  869] - Test step:19
[INFO ][2016-02-10 19:44:00,166][com.java.SeleniumDriver] [  881] - Datavalue is----------Description1
[INFO ][2016-02-10 19:44:00,166][com.java.SeleniumDriver] [  905] - DataField : TXTtxtDescription
[INFO ][2016-02-10 19:44:00,166][com.java.SeleniumDriver] [  907] - DataValue : Description1
[INFO ][2016-02-10 19:44:00,166][com.java.SeleniumDriver] [  913] - <In Set values of the page>
[INFO ][2016-02-10 19:44:00,166][com.java.SeleniumDriver] [  916] - {Data Fields & Data Values Exist}
[INFO ][2016-02-10 19:44:00,166][com.java.SeleniumDriver] [  918] - --------------------------setting values-----------------------------
[INFO ][2016-02-10 19:44:00,166][com.java.SeleniumDriver] [  921] - Action Type : storevalue
[INFO ][2016-02-10 19:44:00,166][com.java.TestType] [10194] - field= TXTtxtDescription
[DEBUG][2016-02-10 19:44:01,247][com.java.TestType] [10213] - Key:: Description1  Value:: valuethetimecompletely13361
[INFO ][2016-02-10 19:44:01,247][com.java.SeleniumDriver] [  930] -  RESULT true
[INFO ][2016-02-10 19:44:01,247][com.java.SeleniumDriver] [ 1136] - ?   P A S S   ?
[INFO ][2016-02-10 19:44:01,247][com.java.SeleniumDriver] [  856] - ------------------------------------------
[INFO ][2016-02-10 19:44:01,247][com.java.SeleniumDriver] [  857] - Test case being Executed: 30
[INFO ][2016-02-10 19:44:01,247][com.java.SeleniumDriver] [  869] - Test step:20
[INFO ][2016-02-10 19:44:01,247][com.java.SeleniumDriver] [  881] - Datavalue is----------null
[DEBUG][2016-02-10 19:44:01,247][com.java.SeleniumDriver] [  899] - Exception: null
[INFO ][2016-02-10 19:44:01,247][com.java.SeleniumDriver] [  905] - DataField : BTNparent
[INFO ][2016-02-10 19:44:01,247][com.java.SeleniumDriver] [  907] - DataValue : 
[INFO ][2016-02-10 19:44:01,247][com.java.SeleniumDriver] [  913] - <In Set values of the page>
[INFO ][2016-02-10 19:44:01,247][com.java.SeleniumDriver] [  916] - {Data Fields & Data Values Exist}
[INFO ][2016-02-10 19:44:01,247][com.java.SeleniumDriver] [  918] - --------------------------setting values-----------------------------
[INFO ][2016-02-10 19:44:01,247][com.java.SeleniumDriver] [  921] - Action Type : selectframe
[INFO ][2016-02-10 19:44:01,257][com.java.SeleniumDriver] [  930] -  RESULT true
[INFO ][2016-02-10 19:44:01,257][com.java.SeleniumDriver] [ 1136] - ?   P A S S   ?
[INFO ][2016-02-10 19:44:01,257][com.java.SeleniumDriver] [  856] - ------------------------------------------
[INFO ][2016-02-10 19:44:01,257][com.java.SeleniumDriver] [  857] - Test case being Executed: 30
[INFO ][2016-02-10 19:44:01,257][com.java.SeleniumDriver] [  869] - Test step:21
[INFO ][2016-02-10 19:44:01,257][com.java.SeleniumDriver] [  881] - Datavalue is----------null
[DEBUG][2016-02-10 19:44:01,257][com.java.SeleniumDriver] [  899] - Exception: null
[INFO ][2016-02-10 19:44:01,257][com.java.SeleniumDriver] [  905] - DataField : XPH//span[contains(text(),'Finished')]
[INFO ][2016-02-10 19:44:01,257][com.java.SeleniumDriver] [  907] - DataValue : 
[INFO ][2016-02-10 19:44:01,257][com.java.SeleniumDriver] [  913] - <In Set values of the page>
[INFO ][2016-02-10 19:44:01,257][com.java.SeleniumDriver] [  916] - {Data Fields & Data Values Exist}
[INFO ][2016-02-10 19:44:01,257][com.java.SeleniumDriver] [  918] - --------------------------setting values-----------------------------
[INFO ][2016-02-10 19:44:01,257][com.java.SeleniumDriver] [  921] - Action Type : click
[INFO ][2016-02-10 19:44:01,257][com.java.TestType] [ 7297] - Field ::XPH//span[contains(text(),'Finished')]
[INFO ][2016-02-10 19:44:01,257][com.java.TestType] [ 6884] - value = 
[INFO ][2016-02-10 19:44:02,257][com.java.TestType] [ 7493] - BEFORE CLICK
[INFO ][2016-02-10 19:44:04,529][com.java.TestType] [ 7501] - Unable to click the object click on finished button
[INFO ][2016-02-10 19:44:04,529][com.java.SeleniumDriver] [  930] -  RESULT true
[INFO ][2016-02-10 19:44:04,529][com.java.SeleniumDriver] [ 1136] - ?   P A S S   ?
[INFO ][2016-02-10 19:44:04,529][com.java.SeleniumDriver] [  856] - ------------------------------------------
[INFO ][2016-02-10 19:44:04,529][com.java.SeleniumDriver] [  857] - Test case being Executed: 30
[INFO ][2016-02-10 19:44:04,529][com.java.SeleniumDriver] [  869] - Test step:22
[INFO ][2016-02-10 19:44:04,529][com.java.SeleniumDriver] [  881] - Datavalue is----------2
[INFO ][2016-02-10 19:44:04,529][com.java.SeleniumDriver] [  905] - DataField : XPH//span[contains(text(),'Finished')]
[INFO ][2016-02-10 19:44:04,529][com.java.SeleniumDriver] [  907] - DataValue : 2
[INFO ][2016-02-10 19:44:04,529][com.java.SeleniumDriver] [  913] - <In Set values of the page>
[INFO ][2016-02-10 19:44:04,529][com.java.SeleniumDriver] [  916] - {Data Fields & Data Values Exist}
[INFO ][2016-02-10 19:44:04,529][com.java.SeleniumDriver] [  918] - --------------------------setting values-----------------------------
[INFO ][2016-02-10 19:44:04,529][com.java.SeleniumDriver] [  921] - Action Type : waitforelement
[INFO ][2016-02-10 19:44:04,800][com.java.SeleniumDriver] [  930] -  RESULT true
[INFO ][2016-02-10 19:44:04,800][com.java.SeleniumDriver] [ 1136] - ?   P A S S   ?
[INFO ][2016-02-10 19:44:04,800][com.java.SeleniumDriver] [  856] - ------------------------------------------
[INFO ][2016-02-10 19:44:04,800][com.java.SeleniumDriver] [  857] - Test case being Executed: 30
[INFO ][2016-02-10 19:44:04,800][com.java.SeleniumDriver] [  869] - Test step:23
[INFO ][2016-02-10 19:44:04,800][com.java.SeleniumDriver] [  881] - Datavalue is----------null
[DEBUG][2016-02-10 19:44:04,800][com.java.SeleniumDriver] [  899] - Exception: null
[INFO ][2016-02-10 19:44:04,800][com.java.SeleniumDriver] [  905] - DataField : XPH//span[contains(text(),'Finished')]
[INFO ][2016-02-10 19:44:04,800][com.java.SeleniumDriver] [  907] - DataValue : 
[INFO ][2016-02-10 19:44:04,800][com.java.SeleniumDriver] [  913] - <In Set values of the page>
[INFO ][2016-02-10 19:44:04,800][com.java.SeleniumDriver] [  916] - {Data Fields & Data Values Exist}
[INFO ][2016-02-10 19:44:04,800][com.java.SeleniumDriver] [  918] - --------------------------setting values-----------------------------
[INFO ][2016-02-10 19:44:04,800][com.java.SeleniumDriver] [  921] - Action Type : click
[INFO ][2016-02-10 19:44:04,800][com.java.TestType] [ 7297] - Field ::XPH//span[contains(text(),'Finished')]
[INFO ][2016-02-10 19:44:04,800][com.java.TestType] [ 6884] - value = 
[INFO ][2016-02-10 19:44:05,800][com.java.TestType] [ 7493] - BEFORE CLICK
[INFO ][2016-02-10 19:44:08,520][com.java.TestType] [ 7501] - Unable to click the object click on finished button
[INFO ][2016-02-10 19:44:08,520][com.java.SeleniumDriver] [  930] -  RESULT true
[INFO ][2016-02-10 19:44:08,520][com.java.SeleniumDriver] [ 1136] - ?   P A S S   ?
[INFO ][2016-02-10 19:44:08,520][com.java.SeleniumDriver] [  856] - ------------------------------------------
[INFO ][2016-02-10 19:44:08,520][com.java.SeleniumDriver] [  857] - Test case being Executed: 30
[INFO ][2016-02-10 19:44:08,520][com.java.SeleniumDriver] [  869] - Test step:24
[INFO ][2016-02-10 19:44:08,520][com.java.SeleniumDriver] [  881] - Datavalue is----------null
[DEBUG][2016-02-10 19:44:08,520][com.java.SeleniumDriver] [  899] - Exception: null
[INFO ][2016-02-10 19:44:08,520][com.java.SeleniumDriver] [  905] - DataField : //span[@class='icon-user4']&&//ul[@id='Admin']/li[2]/a&&//ul[@id="GLMapping"]//a[@data-id="LoanConcentration"]
[INFO ][2016-02-10 19:44:08,520][com.java.SeleniumDriver] [  907] - DataValue : 
[INFO ][2016-02-10 19:44:08,520][com.java.SeleniumDriver] [  913] - <In Set values of the page>
[INFO ][2016-02-10 19:44:08,520][com.java.SeleniumDriver] [  916] - {Data Fields & Data Values Exist}
[INFO ][2016-02-10 19:44:08,520][com.java.SeleniumDriver] [  918] - --------------------------setting values-----------------------------
[INFO ][2016-02-10 19:44:08,520][com.java.SeleniumDriver] [  921] - Action Type : mouseover
[INFO ][2016-02-10 19:44:57,769][com.java.SeleniumDriver] [  930] -  RESULT true
[INFO ][2016-02-10 19:44:57,769][com.java.SeleniumDriver] [ 1136] - ?   P A S S   ?
[INFO ][2016-02-10 19:44:57,769][com.java.SeleniumDriver] [  856] - ------------------------------------------
[INFO ][2016-02-10 19:44:57,769][com.java.SeleniumDriver] [  857] - Test case being Executed: 30
[INFO ][2016-02-10 19:44:57,769][com.java.SeleniumDriver] [  869] - Test step:25
[INFO ][2016-02-10 19:44:57,769][com.java.SeleniumDriver] [  881] - Datavalue is----------null
[DEBUG][2016-02-10 19:44:57,769][com.java.SeleniumDriver] [  899] - Exception: null
[INFO ][2016-02-10 19:44:57,769][com.java.SeleniumDriver] [  905] - DataField : BTNframeDialogContent
[INFO ][2016-02-10 19:44:57,769][com.java.SeleniumDriver] [  907] - DataValue : 
[INFO ][2016-02-10 19:44:57,769][com.java.SeleniumDriver] [  913] - <In Set values of the page>
[INFO ][2016-02-10 19:44:57,769][com.java.SeleniumDriver] [  916] - {Data Fields & Data Values Exist}
[INFO ][2016-02-10 19:44:57,769][com.java.SeleniumDriver] [  918] - --------------------------setting values-----------------------------
[INFO ][2016-02-10 19:44:57,769][com.java.SeleniumDriver] [  921] - Action Type : selectframe
[INFO ][2016-02-10 19:44:59,021][com.java.SeleniumDriver] [  930] -  RESULT true
[INFO ][2016-02-10 19:44:59,021][com.java.SeleniumDriver] [ 1136] - ?   P A S S   ?
[INFO ][2016-02-10 19:44:59,021][com.java.SeleniumDriver] [  856] - ------------------------------------------
[INFO ][2016-02-10 19:44:59,021][com.java.SeleniumDriver] [  857] - Test case being Executed: 30
[INFO ][2016-02-10 19:44:59,021][com.java.SeleniumDriver] [  869] - Test step:26
[INFO ][2016-02-10 19:44:59,021][com.java.SeleniumDriver] [  881] - Datavalue is----------Description1
[INFO ][2016-02-10 19:44:59,021][com.java.SeleniumDriver] [  905] - DataField : BSR//td[contains(text(),'description')]/following::span[1]
[INFO ][2016-02-10 19:44:59,021][com.java.SeleniumDriver] [  907] - DataValue : Description1
[INFO ][2016-02-10 19:44:59,021][com.java.SeleniumDriver] [  913] - <In Set values of the page>
[INFO ][2016-02-10 19:44:59,021][com.java.SeleniumDriver] [  916] - {Data Fields & Data Values Exist}
[INFO ][2016-02-10 19:44:59,021][com.java.SeleniumDriver] [  918] - --------------------------setting values-----------------------------
[INFO ][2016-02-10 19:44:59,021][com.java.SeleniumDriver] [  921] - Action Type : click
[INFO ][2016-02-10 19:44:59,021][com.java.TestType] [ 7297] - Field ::BSR//td[contains(text(),'description')]/following::span[1]
[INFO ][2016-02-10 19:44:59,021][com.java.TestType] [ 6884] - value = Description1
[INFO ][2016-02-10 19:45:00,862][com.java.SeleniumDriver] [  930] -  RESULT true
[INFO ][2016-02-10 19:45:00,862][com.java.SeleniumDriver] [ 1136] - ?   P A S S   ?
[INFO ][2016-02-10 19:45:00,862][com.java.SeleniumDriver] [  856] - ------------------------------------------
[INFO ][2016-02-10 19:45:00,862][com.java.SeleniumDriver] [  857] - Test case being Executed: 30
[INFO ][2016-02-10 19:45:00,862][com.java.SeleniumDriver] [  869] - Test step:27
[INFO ][2016-02-10 19:45:00,862][com.java.SeleniumDriver] [  881] - Datavalue is----------2
[INFO ][2016-02-10 19:45:00,862][com.java.SeleniumDriver] [  905] - DataField : XPH//td[contains(text(),'valuethetime')]/following::span[2]
[INFO ][2016-02-10 19:45:00,862][com.java.SeleniumDriver] [  907] - DataValue : 2
[INFO ][2016-02-10 19:45:00,862][com.java.SeleniumDriver] [  913] - <In Set values of the page>
[INFO ][2016-02-10 19:45:00,862][com.java.SeleniumDriver] [  916] - {Data Fields & Data Values Exist}
[INFO ][2016-02-10 19:45:00,862][com.java.SeleniumDriver] [  918] - --------------------------setting values-----------------------------
[INFO ][2016-02-10 19:45:00,862][com.java.SeleniumDriver] [  921] - Action Type : waittime
[DEBUG][2016-02-10 19:45:00,862][com.java.TestType] [ 6693] - sleepTime: 2000
[INFO ][2016-02-10 19:45:02,862][com.java.SeleniumDriver] [  930] -  RESULT true
[INFO ][2016-02-10 19:45:02,862][com.java.SeleniumDriver] [ 1136] - ?   P A S S   ?
[INFO ][2016-02-10 19:45:02,862][com.java.SeleniumDriver] [  856] - ------------------------------------------
[INFO ][2016-02-10 19:45:02,862][com.java.SeleniumDriver] [  857] - Test case being Executed: 30
[INFO ][2016-02-10 19:45:02,862][com.java.SeleniumDriver] [  869] - Test step:28
[INFO ][2016-02-10 19:45:02,862][com.java.SeleniumDriver] [  881] - Datavalue is----------null
[DEBUG][2016-02-10 19:45:02,862][com.java.SeleniumDriver] [  899] - Exception: null
[INFO ][2016-02-10 19:45:02,862][com.java.SeleniumDriver] [  905] - DataField : BTNparent
[INFO ][2016-02-10 19:45:02,862][com.java.SeleniumDriver] [  907] - DataValue : 
[INFO ][2016-02-10 19:45:02,862][com.java.SeleniumDriver] [  913] - <In Set values of the page>
[INFO ][2016-02-10 19:45:02,862][com.java.SeleniumDriver] [  916] - {Data Fields & Data Values Exist}
[INFO ][2016-02-10 19:45:02,862][com.java.SeleniumDriver] [  918] - --------------------------setting values-----------------------------
[INFO ][2016-02-10 19:45:02,862][com.java.SeleniumDriver] [  921] - Action Type : selectframe
[INFO ][2016-02-10 19:45:02,863][com.java.SeleniumDriver] [  930] -  RESULT true
[INFO ][2016-02-10 19:45:02,863][com.java.SeleniumDriver] [ 1136] - ?   P A S S   ?
[INFO ][2016-02-10 19:45:02,863][com.java.SeleniumDriver] [  856] - ------------------------------------------
[INFO ][2016-02-10 19:45:02,863][com.java.SeleniumDriver] [  857] - Test case being Executed: 30
[INFO ][2016-02-10 19:45:02,863][com.java.SeleniumDriver] [  869] - Test step:29
[INFO ][2016-02-10 19:45:02,863][com.java.SeleniumDriver] [  881] - Datavalue is----------null
[DEBUG][2016-02-10 19:45:02,863][com.java.SeleniumDriver] [  899] - Exception: null
[INFO ][2016-02-10 19:45:02,863][com.java.SeleniumDriver] [  905] - DataField : XPH//span[contains(text(),'Finished')]
[INFO ][2016-02-10 19:45:02,863][com.java.SeleniumDriver] [  907] - DataValue : 
[INFO ][2016-02-10 19:45:02,863][com.java.SeleniumDriver] [  913] - <In Set values of the page>
[INFO ][2016-02-10 19:45:02,863][com.java.SeleniumDriver] [  916] - {Data Fields & Data Values Exist}
[INFO ][2016-02-10 19:45:02,863][com.java.SeleniumDriver] [  918] - --------------------------setting values-----------------------------
[INFO ][2016-02-10 19:45:02,863][com.java.SeleniumDriver] [  921] - Action Type : click
[INFO ][2016-02-10 19:45:02,863][com.java.TestType] [ 7297] - Field ::XPH//span[contains(text(),'Finished')]
[INFO ][2016-02-10 19:45:02,863][com.java.TestType] [ 6884] - value = 
[INFO ][2016-02-10 19:45:03,873][com.java.TestType] [ 7493] - BEFORE CLICK
[INFO ][2016-02-10 19:45:06,273][com.java.TestType] [ 7501] - Unable to click the object click on finished button
[INFO ][2016-02-10 19:45:06,273][com.java.SeleniumDriver] [  930] -  RESULT true
[INFO ][2016-02-10 19:45:06,273][com.java.SeleniumDriver] [ 1136] - ?   P A S S   ?
[DEBUG][2016-02-10 19:45:06,273][com.java.SeleniumDriver] [ 1248] - Case found
[DEBUG][2016-02-10 19:45:06,273][com.java.SeleniumDriver] [ 1253] - Incrementing ReportCounters[0]:5
[INFO ][2016-02-10 19:45:06,273][com.java.SeleniumDriver] [ 1272] - The results are-------------------[30, 1, Admin: GL Mapping: Loan Concentration: Add & Delete New Group, Pass, , Wed Feb 10 19:42:49 IST 2016, 30, 3, Admin: GL Mapping: Loan Concentration: Add & Delete New Group, Pass, , Wed Feb 10 19:42:55 IST 2016, 30, 4, Admin: GL Mapping: Loan Concentration: Add & Delete New Group, Pass, , Wed Feb 10 19:42:55 IST 2016, 30, 5, Admin: GL Mapping: Loan Concentration: Add & Delete New Group, Pass, , Wed Feb 10 19:43:39 IST 2016, 30, 6, Admin: GL Mapping: Loan Concentration: Add & Delete New Group, Pass, , Wed Feb 10 19:43:40 IST 2016, 30, 7, Admin: GL Mapping: Loan Concentration: Add & Delete New Group, Pass, , Wed Feb 10 19:43:41 IST 2016, 30, 8, Admin: GL Mapping: Loan Concentration: Add & Delete New Group, Pass, , Wed Feb 10 19:43:43 IST 2016, 30, 9, Admin: GL Mapping: Loan Concentration: Add & Delete New Group, Pass, , Wed Feb 10 19:43:44 IST 2016, 30, 10, Admin: GL Mapping: Loan Concentration: Add & Delete New Group, Pass, , Wed Feb 10 19:43:47 IST 2016, 30, 11, Admin: GL Mapping: Loan Concentration: Add & Delete New Group, Pass, , Wed Feb 10 19:43:48 IST 2016, 30, 12, Admin: GL Mapping: Loan Concentration: Add & Delete New Group, Pass, , Wed Feb 10 19:43:48 IST 2016, 30, 13, Admin: GL Mapping: Loan Concentration: Add & Delete New Group, Pass, , Wed Feb 10 19:43:51 IST 2016, 30, 14, Admin: GL Mapping: Loan Concentration: Add & Delete New Group, Pass, , Wed Feb 10 19:43:53 IST 2016, 30, 15, Admin: GL Mapping: Loan Concentration: Add & Delete New Group, Pass, , Wed Feb 10 19:43:55 IST 2016, 30, 16, Admin: GL Mapping: Loan Concentration: Add & Delete New Group, Pass, , Wed Feb 10 19:43:56 IST 2016, 30, 17, Admin: GL Mapping: Loan Concentration: Add & Delete New Group, Pass, , Wed Feb 10 19:43:57 IST 2016, 30, 18, Admin: GL Mapping: Loan Concentration: Add & Delete New Group, Pass, , Wed Feb 10 19:44:00 IST 2016, 30, 19, Admin: GL Mapping: Loan Concentration: Add & Delete New Group, Pass, , Wed Feb 10 19:44:01 IST 2016, 30, 20, Admin: GL Mapping: Loan Concentration: Add & Delete New Group, Pass, , Wed Feb 10 19:44:01 IST 2016, 30, 21, Admin: GL Mapping: Loan Concentration: Add & Delete New Group, Pass, , Wed Feb 10 19:44:04 IST 2016, 30, 22, Admin: GL Mapping: Loan Concentration: Add & Delete New Group, Pass, , Wed Feb 10 19:44:04 IST 2016, 30, 23, Admin: GL Mapping: Loan Concentration: Add & Delete New Group, Pass, , Wed Feb 10 19:44:08 IST 2016, 30, 24, Admin: GL Mapping: Loan Concentration: Add & Delete New Group, Pass, , Wed Feb 10 19:44:57 IST 2016, 30, 25, Admin: GL Mapping: Loan Concentration: Add & Delete New Group, Pass, , Wed Feb 10 19:44:59 IST 2016, 30, 26, Admin: GL Mapping: Loan Concentration: Add & Delete New Group, Pass, , Wed Feb 10 19:45:00 IST 2016, 30, 27, Admin: GL Mapping: Loan Concentration: Add & Delete New Group, Pass, , Wed Feb 10 19:45:02 IST 2016, 30, 28, Admin: GL Mapping: Loan Concentration: Add & Delete New Group, Pass, , Wed Feb 10 19:45:02 IST 2016, 30, 29, Admin: GL Mapping: Loan Concentration: Add & Delete New Group, Pass, , Wed Feb 10 19:45:06 IST 2016]
[INFO ][2016-02-10 19:45:06,273][com.java.SeleniumDriver] [ 1276] - End time is-------8 min 52 sec
[INFO ][2016-02-10 19:45:06,273][com.java.SeleniumDriver] [ 1277] - The results are-------------------[30, 1, Admin: GL Mapping: Loan Concentration: Add & Delete New Group, Pass, , Wed Feb 10 19:42:49 IST 2016, 30, 3, Admin: GL Mapping: Loan Concentration: Add & Delete New Group, Pass, , Wed Feb 10 19:42:55 IST 2016, 30, 4, Admin: GL Mapping: Loan Concentration: Add & Delete New Group, Pass, , Wed Feb 10 19:42:55 IST 2016, 30, 5, Admin: GL Mapping: Loan Concentration: Add & Delete New Group, Pass, , Wed Feb 10 19:43:39 IST 2016, 30, 6, Admin: GL Mapping: Loan Concentration: Add & Delete New Group, Pass, , Wed Feb 10 19:43:40 IST 2016, 30, 7, Admin: GL Mapping: Loan Concentration: Add & Delete New Group, Pass, , Wed Feb 10 19:43:41 IST 2016, 30, 8, Admin: GL Mapping: Loan Concentration: Add & Delete New Group, Pass, , Wed Feb 10 19:43:43 IST 2016, 30, 9, Admin: GL Mapping: Loan Concentration: Add & Delete New Group, Pass, , Wed Feb 10 19:43:44 IST 2016, 30, 10, Admin: GL Mapping: Loan Concentration: Add & Delete New Group, Pass, , Wed Feb 10 19:43:47 IST 2016, 30, 11, Admin: GL Mapping: Loan Concentration: Add & Delete New Group, Pass, , Wed Feb 10 19:43:48 IST 2016, 30, 12, Admin: GL Mapping: Loan Concentration: Add & Delete New Group, Pass, , Wed Feb 10 19:43:48 IST 2016, 30, 13, Admin: GL Mapping: Loan Concentration: Add & Delete New Group, Pass, , Wed Feb 10 19:43:51 IST 2016, 30, 14, Admin: GL Mapping: Loan Concentration: Add & Delete New Group, Pass, , Wed Feb 10 19:43:53 IST 2016, 30, 15, Admin: GL Mapping: Loan Concentration: Add & Delete New Group, Pass, , Wed Feb 10 19:43:55 IST 2016, 30, 16, Admin: GL Mapping: Loan Concentration: Add & Delete New Group, Pass, , Wed Feb 10 19:43:56 IST 2016, 30, 17, Admin: GL Mapping: Loan Concentration: Add & Delete New Group, Pass, , Wed Feb 10 19:43:57 IST 2016, 30, 18, Admin: GL Mapping: Loan Concentration: Add & Delete New Group, Pass, , Wed Feb 10 19:44:00 IST 2016, 30, 19, Admin: GL Mapping: Loan Concentration: Add & Delete New Group, Pass, , Wed Feb 10 19:44:01 IST 2016, 30, 20, Admin: GL Mapping: Loan Concentration: Add & Delete New Group, Pass, , Wed Feb 10 19:44:01 IST 2016, 30, 21, Admin: GL Mapping: Loan Concentration: Add & Delete New Group, Pass, , Wed Feb 10 19:44:04 IST 2016, 30, 22, Admin: GL Mapping: Loan Concentration: Add & Delete New Group, Pass, , Wed Feb 10 19:44:04 IST 2016, 30, 23, Admin: GL Mapping: Loan Concentration: Add & Delete New Group, Pass, , Wed Feb 10 19:44:08 IST 2016, 30, 24, Admin: GL Mapping: Loan Concentration: Add & Delete New Group, Pass, , Wed Feb 10 19:44:57 IST 2016, 30, 25, Admin: GL Mapping: Loan Concentration: Add & Delete New Group, Pass, , Wed Feb 10 19:44:59 IST 2016, 30, 26, Admin: GL Mapping: Loan Concentration: Add & Delete New Group, Pass, , Wed Feb 10 19:45:00 IST 2016, 30, 27, Admin: GL Mapping: Loan Concentration: Add & Delete New Group, Pass, , Wed Feb 10 19:45:02 IST 2016, 30, 28, Admin: GL Mapping: Loan Concentration: Add & Delete New Group, Pass, , Wed Feb 10 19:45:02 IST 2016, 30, 29, Admin: GL Mapping: Loan Concentration: Add & Delete New Group, Pass, , Wed Feb 10 19:45:06 IST 2016]
[DEBUG][2016-02-10 19:45:06,273][com.java.ImportnExport.ExportTestResultsExcel] [  222] - testResultPath = D:\BankersDashboard/TestReports/Test Results_BankersDashBoard_021016_193615_IE10_CB&S Bank.xls
[DEBUG][2016-02-10 19:45:06,273][com.java.ImportnExport.ExportTestResultsExcel] [  223] - browser is------------IE10
[DEBUG][2016-02-10 19:45:06,273][com.java.ImportnExport.ExportTestResultsExcel] [  270] - result.size() = 168
[DEBUG][2016-02-10 19:45:06,273][com.java.ImportnExport.ExportTestResultsExcel] [  274] - No of rows in sheet=5
[DEBUG][2016-02-10 19:45:06,273][com.java.ImportnExport.ExportTestResultsExcel] [  301] - ..in export..30
[DEBUG][2016-02-10 19:45:06,273][com.java.ImportnExport.ExportTestResultsExcel] [  301] - ..in export..Admin: GL Mapping: Loan Concentration: Add & Delete New Group
[DEBUG][2016-02-10 19:45:06,273][com.java.ImportnExport.ExportTestResultsExcel] [  301] - ..in export..Pass
[DEBUG][2016-02-10 19:45:06,273][com.java.ImportnExport.ExportTestResultsExcel] [  301] - ..in export..
[DEBUG][2016-02-10 19:45:06,273][com.java.ImportnExport.ExportTestResultsExcel] [  301] - ..in export..Wed Feb 10 19:42:49 IST 2016
[INFO ][2016-02-10 19:45:06,273][com.java.SeleniumDriver] [ 1337] - out loop:4 size:5 TestCases:[1, 24, 25, 29, 30] testcases:[1, 24, 25, 29, 30]
[INFO ][2016-02-10 19:45:08,274][com.java.SeleniumDriver] [ 1380] - Total Number of Cases:5
[INFO ][2016-02-10 19:45:08,274][com.java.TemplateGenerator] [  302] - Executed:5
[INFO ][2016-02-10 19:45:08,274][com.java.TemplateGenerator] [  303] - Passed:4
[INFO ][2016-02-10 19:45:08,274][com.java.TemplateGenerator] [  304] - Failed:1
[INFO ][2016-02-10 19:45:08,274][com.java.TemplateGenerator] [  305] - Skipeed:0
[INFO ][2016-02-10 19:45:08,274][com.java.TemplateGenerator] [  306] - Application URL:https://clients-xuat.bankersdashboard.com
[INFO ][2016-02-10 19:45:08,274][com.java.TemplateGenerator] [  307] - Start Time:021016_193615
[INFO ][2016-02-10 19:45:08,274][com.java.TemplateGenerator] [  308] -  Creating HTML Report 
[ERROR][2016-02-10 19:45:08,274][com.java.TemplateGenerator] [  409] - Unparseable date: "Wed Feb 10 07:36:15 IST 2016"
[INFO ][2016-02-10 19:45:08,274][com.java.TemplateGenerator] [  654] -  Exporting case :: 1
[INFO ][2016-02-10 19:45:08,274][com.java.TemplateGenerator] [  654] -  Exporting case :: 24
[INFO ][2016-02-10 19:45:08,274][com.java.TemplateGenerator] [  654] -  Exporting case :: 25
[INFO ][2016-02-10 19:45:08,274][com.java.TemplateGenerator] [  654] -  Exporting case :: 29
[INFO ][2016-02-10 19:45:08,274][com.java.TemplateGenerator] [  654] -  Exporting case :: 30
[INFO ][2016-02-10 19:45:08,274][com.java.SeleniumDriver] [ 1429] - End Time:021016_194508
[INFO ][2016-02-10 19:45:08,274][com.java.SeleniumDriver] [ 1432] - Data in Test Execution Details:{1=PASS, 25=PASS, 24=PASS, 29=FAILTest case failed at Step No. :: 16   Error Message ::  Option ::3:: not found in Combo box :: ddlGroup, 30=PASS}
[INFO ][2016-02-10 19:45:08,274][com.java.SeleniumDriver] [ 1433] - Data in Failed Execution Deatils:{}
[INFO ][2016-02-10 19:45:08,274][com.java.SeleniumDriver] [ 1435] - ReportCounter:Total:5 :: PASS: 4 ::FAIL: 1
[INFO ][2016-02-10 19:45:08,275][com.java.SeleniumDriver] [ 1436] - FailedReportCounter:Total:0 :: PASS: 0 ::FAIL: 0
[INFO ][2016-02-10 19:45:08,275][com.java.EmailTestReport] [   63] - Sending report mail details:
[INFO ][2016-02-10 19:45:08,275][com.java.EmailTestReport] [   80] - Excel Report Path:D:\BankersDashboard/TestReports/Test Results_BankersDashBoard_021016_193615_IE10_CB&S Bank.xls
[INFO ][2016-02-10 19:45:08,275][com.java.EmailTestReport] [   81] - HTML Report Path:D:\BankersDashboard//TestReports//Test Results_BankersDashBoard_021016_193615_IE10_CB&S Bank.html
[INFO ][2016-02-10 19:45:08,275][com.java.EmailTestReport] [   82] - smtpHostName:mail01.valuelabs.com
[INFO ][2016-02-10 19:45:08,275][com.java.EmailTestReport] [   83] - Recipient:venkateswararao.gubbala@valuelabs.com;
[INFO ][2016-02-10 19:45:08,275][com.java.EmailTestReport] [   84] - From:venkateswararao.gubbala@valuelabs.com;
[INFO ][2016-02-10 19:45:08,275][com.java.EmailTestReport] [   85] - Subject:Deluxe Corp Bankers Dashboard Automation Test Report - CB&S Bank - IE10
[INFO ][2016-02-10 19:45:08,305][com.java.EmailTestReport] [  143] -  Added venkateswararao.gubbala@valuelabs.com
[INFO ][2016-02-10 19:45:11,415][com.java.SeleniumDriver] [  722] - quitting the browser 
[INFO ][2016-02-10 19:45:13,102][com.java.SeleniumDriver] [  264] - Execution Completed Stopping the thread
