[INFO ][2015-12-01 14:18:25,067][com.java.SeleniumDriver] [  213] - Execute Failed Casesfalse
[INFO ][2015-12-01 14:18:25,068][com.java.SeleniumDriver] [  214] - Browser: IE10
[INFO ][2015-12-01 14:18:25,068][com.java.SeleniumDriver] [  215] - [1, 9]
[INFO ][2015-12-01 14:18:25,068][com.java.SeleniumDriver] [  216] - Total TestCases:2
[INFO ][2015-12-01 14:18:25,068][com.java.SeleniumDriver] [  217] -  Reading Properties from Property File 
[DEBUG][2015-12-01 14:18:25,069][com.java.SeleniumDriver] [  238] - url : https://clients-xuat.bankersdashboard.com
[INFO ][2015-12-01 14:18:25,074][com.java.ImportnExport.ExportTestResultsExcel] [  116] - Time Stamp Tue Dec 01 02:18:25 IST 2015
[INFO ][2015-12-01 14:18:25,075][com.java.ImportnExport.ExportTestResultsExcel] [  175] - OUT FILE : D:\BankersDashboard/TestReports/Test Results_BankersDashBoard_120115_141825_IE10_Any Bank USA.xls
[INFO ][2015-12-01 14:18:25,120][com.java.ImportnExport.ExportTestResultsExcel] [  180] - Test Result file is created
[DEBUG][2015-12-01 14:18:25,295][com.java.SeleniumDriver] [  426] - Hub ip address is-------172.17.68.34
[INFO ][2015-12-01 14:18:25,296][com.java.SeleniumDriver] [  452] - Grid URL:http://172.17.68.34:4444/wd/hub
[INFO ][2015-12-01 14:18:25,297][com.java.SeleniumDriver] [  453] - Capability:Capabilities [{platform=ANY, ensureCleanSession=true, ignoreProtectedModeSettings=true, acceptSslCerts=true, ignoreZoomSetting=true, browserName=internet explorer, browserstack.ie.noFlash=true, version=null}]
[ERROR][2015-12-01 14:18:27,039][com.java.SeleniumDriver] [  497] - Unable invoke browser in grid:Could not start a new session. Possible causes are invalid address of the remote server or browser start-up failure.
Build info: version: '2.48.2', revision: '41bccdd', time: '2015-10-09 19:59:12'
System info: host: 'FVTIII438F1D', ip: '172.17.68.34', os.name: 'Windows 7', os.arch: 'x86', os.version: '6.1', java.version: '1.7.0_55'
Driver info: driver.version: SeleniumDriver
[INFO ][2015-12-01 14:18:27,039][com.java.SeleniumDriver] [  499] - Executing on local machine
[INFO ][2015-12-01 14:18:38,075][com.java.SeleniumDriver] [  248] - IE10is opened
[INFO ][2015-12-01 14:18:39,216][com.java.SeleniumDriver] [  754] - Test cases to be executed are: [1, 9]
[INFO ][2015-12-01 14:18:39,262][com.java.ImportnExport.ImportTestDataDetailsExcel] [   49] - test data details path===== D:\BankersDashboard\TestInputs\TestData.xls
[INFO ][2015-12-01 14:19:12,147][com.java.SeleniumDriver] [  801] - ------------------------------------------
[INFO ][2015-12-01 14:19:12,147][com.java.SeleniumDriver] [  802] - Test case being Executed: 1
[INFO ][2015-12-01 14:19:12,147][com.java.SeleniumDriver] [  813] - Test step:1
[INFO ][2015-12-01 14:19:12,147][com.java.SeleniumDriver] [  825] - Datavalue is----------Concept#1:1-14
[INFO ][2015-12-01 14:19:12,147][com.java.SeleniumDriver] [  849] - DataField : test
[INFO ][2015-12-01 14:19:12,147][com.java.SeleniumDriver] [  851] - DataValue : Concept#1:1-14
[INFO ][2015-12-01 14:19:12,147][com.java.SeleniumDriver] [  857] - <In Set values of the page>
[INFO ][2015-12-01 14:19:12,148][com.java.SeleniumDriver] [  860] - {Data Fields & Data Values Exist}
[INFO ][2015-12-01 14:19:12,148][com.java.SeleniumDriver] [  862] - --------------------------setting values-----------------------------
[INFO ][2015-12-01 14:19:12,148][com.java.SeleniumDriver] [  865] - Action Type : ExecuteTestCase
[INFO ][2015-12-01 14:19:12,293][com.java.TestType] [  433] - The Concept sheet name is ---------- Concept
[INFO ][2015-12-01 14:19:12,294][com.java.TestType] [  436] - The Concept ID  is ---------- 1
[DEBUG][2015-12-01 14:19:12,294][com.java.TestType] [  440] - Steps being executted in the Concept are: 1:14
[INFO ][2015-12-01 14:19:12,294][com.java.TestType] [  447] - Test data details path ---------- D:\BankersDashboard\TestInputs\TestData.xls
[INFO ][2015-12-01 14:19:12,328][com.java.TestType] [  478] -  str(1) = 1
[INFO ][2015-12-01 14:19:12,328][com.java.TestType] [  481] - Test case Id is---1
[INFO ][2015-12-01 14:19:12,328][com.java.TestType] [  483] - 1
[INFO ][2015-12-01 14:19:12,328][com.java.TestType] [  478] -  str(2) = 1
[INFO ][2015-12-01 14:19:12,331][com.java.TestType] [  530] - row values are--------{1=com.java.Objects.TestDataDetails@1f9c1f5}
[INFO ][2015-12-01 14:19:12,331][com.java.TestType] [  478] -  str(1) = 1
[INFO ][2015-12-01 14:19:12,331][com.java.TestType] [  481] - Test case Id is---1
[INFO ][2015-12-01 14:19:12,331][com.java.TestType] [  483] - 1
[INFO ][2015-12-01 14:19:12,331][com.java.TestType] [  478] -  str(2) = 2
[INFO ][2015-12-01 14:19:12,332][com.java.TestType] [  530] - row values are--------{1=com.java.Objects.TestDataDetails@1f9c1f5, 2=com.java.Objects.TestDataDetails@1bb9d54}
[INFO ][2015-12-01 14:19:12,333][com.java.TestType] [  478] -  str(1) = 1
[INFO ][2015-12-01 14:19:12,333][com.java.TestType] [  481] - Test case Id is---1
[INFO ][2015-12-01 14:19:12,333][com.java.TestType] [  483] - 1
[INFO ][2015-12-01 14:19:12,333][com.java.TestType] [  478] -  str(2) = 3
[INFO ][2015-12-01 14:19:12,334][com.java.TestType] [  530] - row values are--------{1=com.java.Objects.TestDataDetails@1f9c1f5, 2=com.java.Objects.TestDataDetails@1bb9d54, 3=com.java.Objects.TestDataDetails@caeeb8}
[INFO ][2015-12-01 14:19:12,334][com.java.TestType] [  478] -  str(1) = 1
[INFO ][2015-12-01 14:19:12,335][com.java.TestType] [  481] - Test case Id is---1
[INFO ][2015-12-01 14:19:12,335][com.java.TestType] [  483] - 1
[INFO ][2015-12-01 14:19:12,335][com.java.TestType] [  478] -  str(2) = 4
[INFO ][2015-12-01 14:19:12,336][com.java.TestType] [  530] - row values are--------{1=com.java.Objects.TestDataDetails@1f9c1f5, 2=com.java.Objects.TestDataDetails@1bb9d54, 3=com.java.Objects.TestDataDetails@caeeb8, 4=com.java.Objects.TestDataDetails@1b267b7}
[INFO ][2015-12-01 14:19:12,336][com.java.TestType] [  478] -  str(1) = 1
[INFO ][2015-12-01 14:19:12,337][com.java.TestType] [  481] - Test case Id is---1
[INFO ][2015-12-01 14:19:12,337][com.java.TestType] [  483] - 1
[INFO ][2015-12-01 14:19:12,337][com.java.TestType] [  478] -  str(2) = 5
[INFO ][2015-12-01 14:19:12,341][com.java.TestType] [  530] - row values are--------{1=com.java.Objects.TestDataDetails@1f9c1f5, 2=com.java.Objects.TestDataDetails@1bb9d54, 3=com.java.Objects.TestDataDetails@caeeb8, 4=com.java.Objects.TestDataDetails@1b267b7, 5=com.java.Objects.TestDataDetails@d163cf}
[INFO ][2015-12-01 14:19:12,342][com.java.TestType] [  478] -  str(1) = 1
[INFO ][2015-12-01 14:19:12,342][com.java.TestType] [  481] - Test case Id is---1
[INFO ][2015-12-01 14:19:12,342][com.java.TestType] [  483] - 1
[INFO ][2015-12-01 14:19:12,342][com.java.TestType] [  478] -  str(2) = 6
[INFO ][2015-12-01 14:19:12,343][com.java.TestType] [  530] - row values are--------{1=com.java.Objects.TestDataDetails@1f9c1f5, 2=com.java.Objects.TestDataDetails@1bb9d54, 3=com.java.Objects.TestDataDetails@caeeb8, 4=com.java.Objects.TestDataDetails@1b267b7, 5=com.java.Objects.TestDataDetails@d163cf, 6=com.java.Objects.TestDataDetails@402aaa}
[INFO ][2015-12-01 14:19:12,343][com.java.TestType] [  478] -  str(1) = 1
[INFO ][2015-12-01 14:19:12,343][com.java.TestType] [  481] - Test case Id is---1
[INFO ][2015-12-01 14:19:12,343][com.java.TestType] [  483] - 1
[INFO ][2015-12-01 14:19:12,344][com.java.TestType] [  478] -  str(2) = 7
[INFO ][2015-12-01 14:19:12,345][com.java.TestType] [  530] - row values are--------{1=com.java.Objects.TestDataDetails@1f9c1f5, 2=com.java.Objects.TestDataDetails@1bb9d54, 3=com.java.Objects.TestDataDetails@caeeb8, 4=com.java.Objects.TestDataDetails@1b267b7, 5=com.java.Objects.TestDataDetails@d163cf, 6=com.java.Objects.TestDataDetails@402aaa, 7=com.java.Objects.TestDataDetails@1152e3f}
[INFO ][2015-12-01 14:19:12,345][com.java.TestType] [  478] -  str(1) = 1
[INFO ][2015-12-01 14:19:12,345][com.java.TestType] [  481] - Test case Id is---1
[INFO ][2015-12-01 14:19:12,345][com.java.TestType] [  483] - 1
[INFO ][2015-12-01 14:19:12,345][com.java.TestType] [  478] -  str(2) = 8
[INFO ][2015-12-01 14:19:12,346][com.java.TestType] [  530] - row values are--------{1=com.java.Objects.TestDataDetails@1f9c1f5, 2=com.java.Objects.TestDataDetails@1bb9d54, 3=com.java.Objects.TestDataDetails@caeeb8, 4=com.java.Objects.TestDataDetails@1b267b7, 5=com.java.Objects.TestDataDetails@d163cf, 6=com.java.Objects.TestDataDetails@402aaa, 7=com.java.Objects.TestDataDetails@1152e3f, 8=com.java.Objects.TestDataDetails@9a9308}
[INFO ][2015-12-01 14:19:12,346][com.java.TestType] [  478] -  str(1) = 1
[INFO ][2015-12-01 14:19:12,346][com.java.TestType] [  481] - Test case Id is---1
[INFO ][2015-12-01 14:19:12,346][com.java.TestType] [  483] - 1
[INFO ][2015-12-01 14:19:12,346][com.java.TestType] [  478] -  str(2) = 9
[INFO ][2015-12-01 14:19:12,347][com.java.TestType] [  530] - row values are--------{1=com.java.Objects.TestDataDetails@1f9c1f5, 2=com.java.Objects.TestDataDetails@1bb9d54, 3=com.java.Objects.TestDataDetails@caeeb8, 4=com.java.Objects.TestDataDetails@1b267b7, 5=com.java.Objects.TestDataDetails@d163cf, 6=com.java.Objects.TestDataDetails@402aaa, 7=com.java.Objects.TestDataDetails@1152e3f, 8=com.java.Objects.TestDataDetails@9a9308, 9=com.java.Objects.TestDataDetails@129bd87}
[INFO ][2015-12-01 14:19:12,347][com.java.TestType] [  478] -  str(1) = 1
[INFO ][2015-12-01 14:19:12,347][com.java.TestType] [  481] - Test case Id is---1
[INFO ][2015-12-01 14:19:12,348][com.java.TestType] [  483] - 1
[INFO ][2015-12-01 14:19:12,348][com.java.TestType] [  478] -  str(2) = 10
[INFO ][2015-12-01 14:19:12,348][com.java.TestType] [  530] - row values are--------{1=com.java.Objects.TestDataDetails@1f9c1f5, 2=com.java.Objects.TestDataDetails@1bb9d54, 3=com.java.Objects.TestDataDetails@caeeb8, 4=com.java.Objects.TestDataDetails@1b267b7, 5=com.java.Objects.TestDataDetails@d163cf, 6=com.java.Objects.TestDataDetails@402aaa, 7=com.java.Objects.TestDataDetails@1152e3f, 8=com.java.Objects.TestDataDetails@9a9308, 9=com.java.Objects.TestDataDetails@129bd87, 10=com.java.Objects.TestDataDetails@cdd62}
[INFO ][2015-12-01 14:19:12,349][com.java.TestType] [  478] -  str(1) = 1
[INFO ][2015-12-01 14:19:12,349][com.java.TestType] [  481] - Test case Id is---1
[INFO ][2015-12-01 14:19:12,349][com.java.TestType] [  483] - 1
[INFO ][2015-12-01 14:19:12,349][com.java.TestType] [  478] -  str(2) = 11
[INFO ][2015-12-01 14:19:12,350][com.java.TestType] [  530] - row values are--------{1=com.java.Objects.TestDataDetails@1f9c1f5, 2=com.java.Objects.TestDataDetails@1bb9d54, 3=com.java.Objects.TestDataDetails@caeeb8, 4=com.java.Objects.TestDataDetails@1b267b7, 5=com.java.Objects.TestDataDetails@d163cf, 6=com.java.Objects.TestDataDetails@402aaa, 7=com.java.Objects.TestDataDetails@1152e3f, 8=com.java.Objects.TestDataDetails@9a9308, 9=com.java.Objects.TestDataDetails@129bd87, 10=com.java.Objects.TestDataDetails@cdd62, 11=com.java.Objects.TestDataDetails@181de30}
[INFO ][2015-12-01 14:19:12,350][com.java.TestType] [  478] -  str(1) = 1
[INFO ][2015-12-01 14:19:12,350][com.java.TestType] [  481] - Test case Id is---1
[INFO ][2015-12-01 14:19:12,350][com.java.TestType] [  483] - 1
[INFO ][2015-12-01 14:19:12,350][com.java.TestType] [  478] -  str(2) = 12
[INFO ][2015-12-01 14:19:12,351][com.java.TestType] [  530] - row values are--------{1=com.java.Objects.TestDataDetails@1f9c1f5, 2=com.java.Objects.TestDataDetails@1bb9d54, 3=com.java.Objects.TestDataDetails@caeeb8, 4=com.java.Objects.TestDataDetails@1b267b7, 5=com.java.Objects.TestDataDetails@d163cf, 6=com.java.Objects.TestDataDetails@402aaa, 7=com.java.Objects.TestDataDetails@1152e3f, 8=com.java.Objects.TestDataDetails@9a9308, 9=com.java.Objects.TestDataDetails@129bd87, 10=com.java.Objects.TestDataDetails@cdd62, 11=com.java.Objects.TestDataDetails@181de30, 12=com.java.Objects.TestDataDetails@1e2cdd5}
[INFO ][2015-12-01 14:19:12,351][com.java.TestType] [  478] -  str(1) = 1
[INFO ][2015-12-01 14:19:12,351][com.java.TestType] [  481] - Test case Id is---1
[INFO ][2015-12-01 14:19:12,351][com.java.TestType] [  483] - 1
[INFO ][2015-12-01 14:19:12,351][com.java.TestType] [  478] -  str(2) = 13
[INFO ][2015-12-01 14:19:12,352][com.java.TestType] [  530] - row values are--------{1=com.java.Objects.TestDataDetails@1f9c1f5, 2=com.java.Objects.TestDataDetails@1bb9d54, 3=com.java.Objects.TestDataDetails@caeeb8, 4=com.java.Objects.TestDataDetails@1b267b7, 5=com.java.Objects.TestDataDetails@d163cf, 6=com.java.Objects.TestDataDetails@402aaa, 7=com.java.Objects.TestDataDetails@1152e3f, 8=com.java.Objects.TestDataDetails@9a9308, 9=com.java.Objects.TestDataDetails@129bd87, 10=com.java.Objects.TestDataDetails@cdd62, 11=com.java.Objects.TestDataDetails@181de30, 12=com.java.Objects.TestDataDetails@1e2cdd5, 13=com.java.Objects.TestDataDetails@1a054f5}
[INFO ][2015-12-01 14:19:12,352][com.java.TestType] [  478] -  str(1) = 1
[INFO ][2015-12-01 14:19:12,352][com.java.TestType] [  481] - Test case Id is---1
[INFO ][2015-12-01 14:19:12,353][com.java.TestType] [  483] - 1
[INFO ][2015-12-01 14:19:12,353][com.java.TestType] [  478] -  str(2) = 14
[INFO ][2015-12-01 14:19:12,353][com.java.TestType] [  530] - row values are--------{1=com.java.Objects.TestDataDetails@1f9c1f5, 2=com.java.Objects.TestDataDetails@1bb9d54, 3=com.java.Objects.TestDataDetails@caeeb8, 4=com.java.Objects.TestDataDetails@1b267b7, 5=com.java.Objects.TestDataDetails@d163cf, 6=com.java.Objects.TestDataDetails@402aaa, 7=com.java.Objects.TestDataDetails@1152e3f, 8=com.java.Objects.TestDataDetails@9a9308, 9=com.java.Objects.TestDataDetails@129bd87, 10=com.java.Objects.TestDataDetails@cdd62, 11=com.java.Objects.TestDataDetails@181de30, 12=com.java.Objects.TestDataDetails@1e2cdd5, 13=com.java.Objects.TestDataDetails@1a054f5, 14=com.java.Objects.TestDataDetails@dace3b}
[INFO ][2015-12-01 14:19:12,353][com.java.TestType] [ 9407] - Looping 1TCID = 1
[DEBUG][2015-12-01 14:19:12,354][com.java.TestType] [ 9448] - Concept ID:1 :: Step being Executed: 1::1
[INFO ][2015-12-01 14:19:12,354][com.java.TestType] [ 9486] - dataFields : TXTusername
[DEBUG][2015-12-01 14:19:12,354][com.java.TestType] [ 9492] - <In Set values of the page>
[DEBUG][2015-12-01 14:19:12,354][com.java.TestType] [ 9497] - {Data Fields & Data Values Exist}
[INFO ][2015-12-01 14:19:12,354][com.java.TestType] [ 9503] - --------------------------setting values-----------------------------
[INFO ][2015-12-01 14:19:12,354][com.java.TestType] [ 9506] - Action Type : CLEARANDENTER
[INFO ][2015-12-01 14:19:12,354][com.java.TestType] [ 4930] - value = naresh.nayini.00000
[INFO ][2015-12-01 14:19:17,207][com.java.TestType] [ 9525] -  RESULT true
[INFO ][2015-12-01 14:19:17,207][com.java.TestType] [ 9642] - ?   P A S S   ?
[DEBUG][2015-12-01 14:19:17,208][com.java.TestType] [ 9448] - Concept ID:1 :: Step being Executed: 1::2
[INFO ][2015-12-01 14:19:17,208][com.java.TestType] [ 9486] - dataFields : TXTpassword
[DEBUG][2015-12-01 14:19:17,208][com.java.TestType] [ 9492] - <In Set values of the page>
[DEBUG][2015-12-01 14:19:17,208][com.java.TestType] [ 9497] - {Data Fields & Data Values Exist}
[INFO ][2015-12-01 14:19:17,208][com.java.TestType] [ 9503] - --------------------------setting values-----------------------------
[INFO ][2015-12-01 14:19:17,208][com.java.TestType] [ 9506] - Action Type : CLEARANDENTER
[INFO ][2015-12-01 14:19:17,208][com.java.TestType] [ 4930] - value = Password1*
[INFO ][2015-12-01 14:19:22,129][com.java.TestType] [ 9525] -  RESULT true
[INFO ][2015-12-01 14:19:22,129][com.java.TestType] [ 9642] - ?   P A S S   ?
[DEBUG][2015-12-01 14:19:22,129][com.java.TestType] [ 9448] - Concept ID:1 :: Step being Executed: 1::3
[ERROR][2015-12-01 14:19:22,130][com.java.TestType] [ 9481] - Exception: null
[INFO ][2015-12-01 14:19:22,130][com.java.TestType] [ 9486] - dataFields : XPH//button[@type='submit']
[DEBUG][2015-12-01 14:19:22,130][com.java.TestType] [ 9492] - <In Set values of the page>
[DEBUG][2015-12-01 14:19:22,130][com.java.TestType] [ 9497] - {Data Fields & Data Values Exist}
[INFO ][2015-12-01 14:19:22,130][com.java.TestType] [ 9503] - --------------------------setting values-----------------------------
[INFO ][2015-12-01 14:19:22,130][com.java.TestType] [ 9506] - Action Type : Click
[INFO ][2015-12-01 14:19:22,130][com.java.TestType] [ 5258] - Field ::XPH//button[@type='submit']
[INFO ][2015-12-01 14:19:23,136][com.java.TestType] [ 5345] - BEFORE CLICK
[INFO ][2015-12-01 14:19:24,063][com.java.TestType] [ 5353] - Unable to click the object Login
[INFO ][2015-12-01 14:19:24,063][com.java.TestType] [ 9525] -  RESULT true
[INFO ][2015-12-01 14:19:24,063][com.java.TestType] [ 9642] - ?   P A S S   ?
[DEBUG][2015-12-01 14:19:24,063][com.java.TestType] [ 9448] - Concept ID:1 :: Step being Executed: 1::4
[INFO ][2015-12-01 14:19:24,063][com.java.TestType] [ 9486] - dataFields : LNKLogout
[DEBUG][2015-12-01 14:19:24,063][com.java.TestType] [ 9492] - <In Set values of the page>
[DEBUG][2015-12-01 14:19:24,063][com.java.TestType] [ 9497] - {Data Fields & Data Values Exist}
[INFO ][2015-12-01 14:19:24,063][com.java.TestType] [ 9503] - --------------------------setting values-----------------------------
[INFO ][2015-12-01 14:19:24,063][com.java.TestType] [ 9506] - Action Type : WaitForElement
[INFO ][2015-12-01 14:19:28,685][com.java.TestType] [ 9525] -  RESULT true
[INFO ][2015-12-01 14:19:28,686][com.java.TestType] [ 9642] - ?   P A S S   ?
[DEBUG][2015-12-01 14:19:28,686][com.java.TestType] [ 9448] - Concept ID:1 :: Step being Executed: 1::13
[INFO ][2015-12-01 14:19:28,686][com.java.TestType] [ 9486] - dataFields : LNK
[DEBUG][2015-12-01 14:19:28,686][com.java.TestType] [ 9492] - <In Set values of the page>
[DEBUG][2015-12-01 14:19:28,686][com.java.TestType] [ 9497] - {Data Fields & Data Values Exist}
[INFO ][2015-12-01 14:19:28,686][com.java.TestType] [ 9503] - --------------------------setting values-----------------------------
[INFO ][2015-12-01 14:19:28,686][com.java.TestType] [ 9506] - Action Type : Verify
[INFO ][2015-12-01 14:19:28,686][com.java.TestType] [ 6115] - field= LNK value= Logout
[INFO ][2015-12-01 14:19:28,689][com.java.TestType] [ 4930] - value = Logout
[INFO ][2015-12-01 14:19:28,724][com.java.TestType] [ 9525] -  RESULT true
[INFO ][2015-12-01 14:19:28,724][com.java.TestType] [ 9642] - ?   P A S S   ?
[DEBUG][2015-12-01 14:19:28,724][com.java.TestType] [ 9448] - Concept ID:1 :: Step being Executed: 1::14
[INFO ][2015-12-01 14:19:28,724][com.java.TestType] [ 9486] - dataFields : BTN
[DEBUG][2015-12-01 14:19:28,724][com.java.TestType] [ 9492] - <In Set values of the page>
[DEBUG][2015-12-01 14:19:28,724][com.java.TestType] [ 9497] - {Data Fields & Data Values Exist}
[INFO ][2015-12-01 14:19:28,724][com.java.TestType] [ 9503] - --------------------------setting values-----------------------------
[INFO ][2015-12-01 14:19:28,724][com.java.TestType] [ 9506] - Action Type : Verify
[INFO ][2015-12-01 14:19:28,724][com.java.TestType] [ 6115] - field= BTN value= //img[contains(@src,'bdlogo.jpg')]
[INFO ][2015-12-01 14:19:28,724][com.java.TestType] [ 4930] - value = //img[contains(@src,'bdlogo.jpg')]
[INFO ][2015-12-01 14:19:28,790][com.java.TestType] [ 9525] -  RESULT true
[INFO ][2015-12-01 14:19:28,791][com.java.TestType] [ 9642] - ?   P A S S   ?
[INFO ][2015-12-01 14:19:28,791][com.java.TestType] [ 9713] - Looping End......
[INFO ][2015-12-01 14:19:28,795][com.java.SeleniumDriver] [  874] -  RESULT true
[INFO ][2015-12-01 14:19:28,795][com.java.SeleniumDriver] [ 1080] - ?   P A S S   ?
[INFO ][2015-12-01 14:19:28,795][com.java.SeleniumDriver] [  801] - ------------------------------------------
[INFO ][2015-12-01 14:19:28,795][com.java.SeleniumDriver] [  802] - Test case being Executed: 1
[INFO ][2015-12-01 14:19:28,795][com.java.SeleniumDriver] [  813] - Test step:2
[INFO ][2015-12-01 14:19:28,795][com.java.SeleniumDriver] [  825] - Datavalue is----------Concept#2:1-2
[INFO ][2015-12-01 14:19:28,795][com.java.SeleniumDriver] [  849] - DataField : test
[INFO ][2015-12-01 14:19:28,795][com.java.SeleniumDriver] [  851] - DataValue : Concept#2:1-2
[INFO ][2015-12-01 14:19:28,796][com.java.SeleniumDriver] [  857] - <In Set values of the page>
[INFO ][2015-12-01 14:19:28,796][com.java.SeleniumDriver] [  860] - {Data Fields & Data Values Exist}
[INFO ][2015-12-01 14:19:28,796][com.java.SeleniumDriver] [  862] - --------------------------setting values-----------------------------
[INFO ][2015-12-01 14:19:28,796][com.java.SeleniumDriver] [  865] - Action Type : ExecuteTestCase
[INFO ][2015-12-01 14:19:28,796][com.java.TestType] [  433] - The Concept sheet name is ---------- Concept
[INFO ][2015-12-01 14:19:28,796][com.java.TestType] [  436] - The Concept ID  is ---------- 2
[DEBUG][2015-12-01 14:19:28,796][com.java.TestType] [  440] - Steps being executted in the Concept are: 1:2
[INFO ][2015-12-01 14:19:28,797][com.java.TestType] [  447] - Test data details path ---------- D:\BankersDashboard\TestInputs\TestData.xls
[INFO ][2015-12-01 14:19:28,832][com.java.TestType] [  478] -  str(1) = 2
[INFO ][2015-12-01 14:19:28,832][com.java.TestType] [  481] - Test case Id is---2
[INFO ][2015-12-01 14:19:28,832][com.java.TestType] [  483] - 2
[INFO ][2015-12-01 14:19:28,832][com.java.TestType] [  478] -  str(2) = 1
[INFO ][2015-12-01 14:19:28,834][com.java.TestType] [  530] - row values are--------{1=com.java.Objects.TestDataDetails@272b1a}
[INFO ][2015-12-01 14:19:28,834][com.java.TestType] [  478] -  str(1) = 2
[INFO ][2015-12-01 14:19:28,834][com.java.TestType] [  481] - Test case Id is---2
[INFO ][2015-12-01 14:19:28,834][com.java.TestType] [  483] - 2
[INFO ][2015-12-01 14:19:28,834][com.java.TestType] [  478] -  str(2) = 2
[INFO ][2015-12-01 14:19:28,835][com.java.TestType] [  530] - row values are--------{1=com.java.Objects.TestDataDetails@272b1a, 2=com.java.Objects.TestDataDetails@47da2e}
[INFO ][2015-12-01 14:19:28,835][com.java.TestType] [  478] -  str(1) = 2
[INFO ][2015-12-01 14:19:28,835][com.java.TestType] [  481] - Test case Id is---2
[INFO ][2015-12-01 14:19:28,835][com.java.TestType] [  483] - 2
[INFO ][2015-12-01 14:19:28,835][com.java.TestType] [  478] -  str(2) = 3
[INFO ][2015-12-01 14:19:28,836][com.java.TestType] [  530] - row values are--------{1=com.java.Objects.TestDataDetails@272b1a, 2=com.java.Objects.TestDataDetails@47da2e, 3=com.java.Objects.TestDataDetails@c2bff3}
[INFO ][2015-12-01 14:19:28,836][com.java.TestType] [ 9407] - Looping 1TCID = 2
[DEBUG][2015-12-01 14:19:28,836][com.java.TestType] [ 9448] - Concept ID:2 :: Step being Executed: 2::1
[INFO ][2015-12-01 14:19:28,836][com.java.TestType] [ 9486] - dataFields : BNK//select[@id='bank']
[DEBUG][2015-12-01 14:19:28,836][com.java.TestType] [ 9492] - <In Set values of the page>
[DEBUG][2015-12-01 14:19:28,836][com.java.TestType] [ 9497] - {Data Fields & Data Values Exist}
[INFO ][2015-12-01 14:19:28,836][com.java.TestType] [ 9503] - --------------------------setting values-----------------------------
[INFO ][2015-12-01 14:19:28,837][com.java.TestType] [ 9506] - Action Type : Select
[INFO ][2015-12-01 14:19:28,837][com.java.TestType] [ 4930] - value = PFC
[INFO ][2015-12-01 14:19:29,147][com.java.TestType] [ 9525] -  RESULT true
[INFO ][2015-12-01 14:19:29,147][com.java.TestType] [ 9642] - ?   P A S S   ?
[DEBUG][2015-12-01 14:19:29,147][com.java.TestType] [ 9448] - Concept ID:2 :: Step being Executed: 2::2
[INFO ][2015-12-01 14:19:29,148][com.java.TestType] [ 9486] - dataFields : LNKLogout
[DEBUG][2015-12-01 14:19:29,148][com.java.TestType] [ 9492] - <In Set values of the page>
[DEBUG][2015-12-01 14:19:29,148][com.java.TestType] [ 9497] - {Data Fields & Data Values Exist}
[INFO ][2015-12-01 14:19:29,148][com.java.TestType] [ 9503] - --------------------------setting values-----------------------------
[INFO ][2015-12-01 14:19:29,148][com.java.TestType] [ 9506] - Action Type : WaitTime
[DEBUG][2015-12-01 14:19:29,148][com.java.TestType] [ 4750] - sleepTime: 5000
[INFO ][2015-12-01 14:19:34,148][com.java.TestType] [ 9525] -  RESULT true
[INFO ][2015-12-01 14:19:34,148][com.java.TestType] [ 9642] - ?   P A S S   ?
[INFO ][2015-12-01 14:19:34,148][com.java.TestType] [ 9713] - Looping End......
[INFO ][2015-12-01 14:19:34,152][com.java.SeleniumDriver] [  874] -  RESULT true
[INFO ][2015-12-01 14:19:34,152][com.java.SeleniumDriver] [ 1080] - ?   P A S S   ?
[INFO ][2015-12-01 14:19:34,152][com.java.SeleniumDriver] [  801] - ------------------------------------------
[INFO ][2015-12-01 14:19:34,152][com.java.SeleniumDriver] [  802] - Test case being Executed: 1
[INFO ][2015-12-01 14:19:34,153][com.java.SeleniumDriver] [  813] - Test step:3
[INFO ][2015-12-01 14:19:34,153][com.java.SeleniumDriver] [  825] - Datavalue is----------2
[INFO ][2015-12-01 14:19:34,153][com.java.SeleniumDriver] [  849] - DataField : XPH//button[contains(text(),'Add Content')]
[INFO ][2015-12-01 14:19:34,153][com.java.SeleniumDriver] [  851] - DataValue : 2
[INFO ][2015-12-01 14:19:34,153][com.java.SeleniumDriver] [  857] - <In Set values of the page>
[INFO ][2015-12-01 14:19:34,153][com.java.SeleniumDriver] [  860] - {Data Fields & Data Values Exist}
[INFO ][2015-12-01 14:19:34,153][com.java.SeleniumDriver] [  862] - --------------------------setting values-----------------------------
[INFO ][2015-12-01 14:19:34,153][com.java.SeleniumDriver] [  865] - Action Type : WAITFORELEMENT
[INFO ][2015-12-01 14:19:34,190][com.java.SeleniumDriver] [  874] -  RESULT true
[INFO ][2015-12-01 14:19:34,190][com.java.SeleniumDriver] [ 1080] - ?   P A S S   ?
[DEBUG][2015-12-01 14:19:34,190][com.java.SeleniumDriver] [ 1192] - Case found
[DEBUG][2015-12-01 14:19:34,190][com.java.SeleniumDriver] [ 1197] - Incrementing ReportCounters[0]:1
[INFO ][2015-12-01 14:19:34,190][com.java.SeleniumDriver] [ 1216] - The results are-------------------[1, 1, Valid Login, Pass, , Tue Dec 01 14:19:28 IST 2015, 1, 2, Valid Login, Pass, , Tue Dec 01 14:19:34 IST 2015, 1, 3, Valid Login, Pass, , Tue Dec 01 14:19:34 IST 2015]
[INFO ][2015-12-01 14:19:34,190][com.java.SeleniumDriver] [ 1220] - End time is-------1 min 11 sec
[INFO ][2015-12-01 14:19:34,190][com.java.SeleniumDriver] [ 1221] - The results are-------------------[1, 1, Valid Login, Pass, , Tue Dec 01 14:19:28 IST 2015, 1, 2, Valid Login, Pass, , Tue Dec 01 14:19:34 IST 2015, 1, 3, Valid Login, Pass, , Tue Dec 01 14:19:34 IST 2015]
[DEBUG][2015-12-01 14:19:34,190][com.java.ImportnExport.ExportTestResultsExcel] [  222] - testResultPath = D:\BankersDashboard/TestReports/Test Results_BankersDashBoard_120115_141825_IE10_Any Bank USA.xls
[DEBUG][2015-12-01 14:19:34,190][com.java.ImportnExport.ExportTestResultsExcel] [  223] - browser is------------IE10
[DEBUG][2015-12-01 14:19:34,261][com.java.ImportnExport.ExportTestResultsExcel] [  270] - result.size() = 18
[DEBUG][2015-12-01 14:19:34,261][com.java.ImportnExport.ExportTestResultsExcel] [  274] - No of rows in sheet=1
[DEBUG][2015-12-01 14:19:34,261][com.java.ImportnExport.ExportTestResultsExcel] [  301] - ..in export..1
[DEBUG][2015-12-01 14:19:34,261][com.java.ImportnExport.ExportTestResultsExcel] [  301] - ..in export..Valid Login
[DEBUG][2015-12-01 14:19:34,262][com.java.ImportnExport.ExportTestResultsExcel] [  301] - ..in export..Pass
[DEBUG][2015-12-01 14:19:34,262][com.java.ImportnExport.ExportTestResultsExcel] [  301] - ..in export..
[DEBUG][2015-12-01 14:19:34,262][com.java.ImportnExport.ExportTestResultsExcel] [  301] - ..in export..Tue Dec 01 14:19:28 IST 2015
[INFO ][2015-12-01 14:19:34,263][com.java.SeleniumDriver] [ 1279] - out loop:0 size:2 TestCases:[1, 9] testcases:[1, 9]
[INFO ][2015-12-01 14:19:34,264][com.java.ImportnExport.ImportTestDataDetailsExcel] [   49] - test data details path===== D:\BankersDashboard\TestInputs\TestData.xls
[DEBUG][2015-12-01 14:19:58,408][com.java.TestType] [ 5839] - //td[text()='Consolidated']   :: Element not Found
[INFO ][2015-12-01 14:20:08,408][com.java.SeleniumDriver] [  801] - ------------------------------------------
[INFO ][2015-12-01 14:20:08,408][com.java.SeleniumDriver] [  802] - Test case being Executed: 9
[INFO ][2015-12-01 14:20:08,408][com.java.SeleniumDriver] [  813] - Test step:1
[INFO ][2015-12-01 14:20:08,408][com.java.SeleniumDriver] [  825] - Datavalue is----------Logout
[INFO ][2015-12-01 14:20:08,408][com.java.SeleniumDriver] [  849] - DataField : BTN
[INFO ][2015-12-01 14:20:08,408][com.java.SeleniumDriver] [  851] - DataValue : Logout
[INFO ][2015-12-01 14:20:08,408][com.java.SeleniumDriver] [  857] - <In Set values of the page>
[INFO ][2015-12-01 14:20:08,408][com.java.SeleniumDriver] [  860] - {Data Fields & Data Values Exist}
[INFO ][2015-12-01 14:20:08,408][com.java.SeleniumDriver] [  862] - --------------------------setting values-----------------------------
[INFO ][2015-12-01 14:20:08,408][com.java.SeleniumDriver] [  865] - Action Type : Verify
[INFO ][2015-12-01 14:20:08,408][com.java.TestType] [ 6115] - field= BTN value= Logout
[INFO ][2015-12-01 14:20:08,409][com.java.TestType] [ 4930] - value = Logout
[INFO ][2015-12-01 14:20:08,478][com.java.SeleniumDriver] [  874] -  RESULT true
[INFO ][2015-12-01 14:20:08,479][com.java.SeleniumDriver] [ 1080] - ?   P A S S   ?
[INFO ][2015-12-01 14:20:08,479][com.java.SeleniumDriver] [ 1122] - step change to 3
[INFO ][2015-12-01 14:20:08,479][com.java.SeleniumDriver] [  801] - ------------------------------------------
[INFO ][2015-12-01 14:20:08,479][com.java.SeleniumDriver] [  802] - Test case being Executed: 9
[INFO ][2015-12-01 14:20:08,479][com.java.SeleniumDriver] [  813] - Test step:3
[INFO ][2015-12-01 14:20:08,479][com.java.SeleniumDriver] [  825] - Datavalue is----------Concept#2:1-2
[INFO ][2015-12-01 14:20:08,479][com.java.SeleniumDriver] [  849] - DataField : test
[INFO ][2015-12-01 14:20:08,479][com.java.SeleniumDriver] [  851] - DataValue : Concept#2:1-2
[INFO ][2015-12-01 14:20:08,479][com.java.SeleniumDriver] [  857] - <In Set values of the page>
[INFO ][2015-12-01 14:20:08,479][com.java.SeleniumDriver] [  860] - {Data Fields & Data Values Exist}
[INFO ][2015-12-01 14:20:08,479][com.java.SeleniumDriver] [  862] - --------------------------setting values-----------------------------
[INFO ][2015-12-01 14:20:08,479][com.java.SeleniumDriver] [  865] - Action Type : ExecuteTestCase
[INFO ][2015-12-01 14:20:08,480][com.java.TestType] [  433] - The Concept sheet name is ---------- Concept
[INFO ][2015-12-01 14:20:08,480][com.java.TestType] [  436] - The Concept ID  is ---------- 2
[DEBUG][2015-12-01 14:20:08,480][com.java.TestType] [  440] - Steps being executted in the Concept are: 1:2
[INFO ][2015-12-01 14:20:08,480][com.java.TestType] [  447] - Test data details path ---------- D:\BankersDashboard\TestInputs\TestData.xls
[INFO ][2015-12-01 14:20:08,512][com.java.TestType] [  478] -  str(1) = 2
[INFO ][2015-12-01 14:20:08,512][com.java.TestType] [  481] - Test case Id is---2
[INFO ][2015-12-01 14:20:08,512][com.java.TestType] [  483] - 2
[INFO ][2015-12-01 14:20:08,512][com.java.TestType] [  478] -  str(2) = 1
[INFO ][2015-12-01 14:20:08,514][com.java.TestType] [  530] - row values are--------{1=com.java.Objects.TestDataDetails@51e55a}
[INFO ][2015-12-01 14:20:08,514][com.java.TestType] [  478] -  str(1) = 2
[INFO ][2015-12-01 14:20:08,514][com.java.TestType] [  481] - Test case Id is---2
[INFO ][2015-12-01 14:20:08,514][com.java.TestType] [  483] - 2
[INFO ][2015-12-01 14:20:08,514][com.java.TestType] [  478] -  str(2) = 2
[INFO ][2015-12-01 14:20:08,515][com.java.TestType] [  530] - row values are--------{1=com.java.Objects.TestDataDetails@51e55a, 2=com.java.Objects.TestDataDetails@18da4e2}
[INFO ][2015-12-01 14:20:08,515][com.java.TestType] [  478] -  str(1) = 2
[INFO ][2015-12-01 14:20:08,515][com.java.TestType] [  481] - Test case Id is---2
[INFO ][2015-12-01 14:20:08,515][com.java.TestType] [  483] - 2
[INFO ][2015-12-01 14:20:08,515][com.java.TestType] [  478] -  str(2) = 3
[INFO ][2015-12-01 14:20:08,516][com.java.TestType] [  530] - row values are--------{1=com.java.Objects.TestDataDetails@51e55a, 2=com.java.Objects.TestDataDetails@18da4e2, 3=com.java.Objects.TestDataDetails@1d78c7a}
[INFO ][2015-12-01 14:20:08,516][com.java.TestType] [ 9407] - Looping 1TCID = 2
[DEBUG][2015-12-01 14:20:08,516][com.java.TestType] [ 9448] - Concept ID:2 :: Step being Executed: 2::1
[INFO ][2015-12-01 14:20:08,516][com.java.TestType] [ 9486] - dataFields : BNK//select[@id='bank']
[DEBUG][2015-12-01 14:20:08,516][com.java.TestType] [ 9492] - <In Set values of the page>
[DEBUG][2015-12-01 14:20:08,516][com.java.TestType] [ 9497] - {Data Fields & Data Values Exist}
[INFO ][2015-12-01 14:20:08,516][com.java.TestType] [ 9503] - --------------------------setting values-----------------------------
[INFO ][2015-12-01 14:20:08,516][com.java.TestType] [ 9506] - Action Type : Select
[INFO ][2015-12-01 14:20:08,517][com.java.TestType] [ 4930] - value = PFC
[INFO ][2015-12-01 14:20:08,701][com.java.TestType] [ 9525] -  RESULT true
[INFO ][2015-12-01 14:20:08,701][com.java.TestType] [ 9642] - ?   P A S S   ?
[DEBUG][2015-12-01 14:20:08,702][com.java.TestType] [ 9448] - Concept ID:2 :: Step being Executed: 2::2
[INFO ][2015-12-01 14:20:08,702][com.java.TestType] [ 9486] - dataFields : LNKLogout
[DEBUG][2015-12-01 14:20:08,702][com.java.TestType] [ 9492] - <In Set values of the page>
[DEBUG][2015-12-01 14:20:08,702][com.java.TestType] [ 9497] - {Data Fields & Data Values Exist}
[INFO ][2015-12-01 14:20:08,702][com.java.TestType] [ 9503] - --------------------------setting values-----------------------------
[INFO ][2015-12-01 14:20:08,702][com.java.TestType] [ 9506] - Action Type : WaitTime
[DEBUG][2015-12-01 14:20:08,702][com.java.TestType] [ 4750] - sleepTime: 5000
[INFO ][2015-12-01 14:20:13,702][com.java.TestType] [ 9525] -  RESULT true
[INFO ][2015-12-01 14:20:13,702][com.java.TestType] [ 9642] - ?   P A S S   ?
[INFO ][2015-12-01 14:20:13,702][com.java.TestType] [ 9713] - Looping End......
[INFO ][2015-12-01 14:20:13,706][com.java.SeleniumDriver] [  874] -  RESULT true
[INFO ][2015-12-01 14:20:13,706][com.java.SeleniumDriver] [ 1080] - ?   P A S S   ?
[INFO ][2015-12-01 14:20:13,706][com.java.SeleniumDriver] [  801] - ------------------------------------------
[INFO ][2015-12-01 14:20:13,706][com.java.SeleniumDriver] [  802] - Test case being Executed: 9
[INFO ][2015-12-01 14:20:13,706][com.java.SeleniumDriver] [  813] - Test step:4
[INFO ][2015-12-01 14:20:13,707][com.java.SeleniumDriver] [  825] - Datavalue is----------null
[DEBUG][2015-12-01 14:20:13,708][com.java.SeleniumDriver] [  843] - Exception: null
[INFO ][2015-12-01 14:20:13,709][com.java.SeleniumDriver] [  849] - DataField : null
[INFO ][2015-12-01 14:20:13,709][com.java.SeleniumDriver] [  851] - DataValue : 
[INFO ][2015-12-01 14:20:13,709][com.java.SeleniumDriver] [  857] - <In Set values of the page>
[INFO ][2015-12-01 14:20:13,709][com.java.SeleniumDriver] [  860] - {Data Fields & Data Values Exist}
[INFO ][2015-12-01 14:20:13,709][com.java.SeleniumDriver] [  862] - --------------------------setting values-----------------------------
[INFO ][2015-12-01 14:20:13,709][com.java.SeleniumDriver] [  865] - Action Type : MOUSEOVER
[ERROR][2015-12-01 14:20:13,814][com.java.TestType] [ 1981] - exception value : null
[INFO ][2015-12-01 14:20:13,814][com.java.SeleniumDriver] [  874] -  RESULT false
[INFO ][2015-12-01 14:20:13,814][com.java.SeleniumDriver] [  921] - ?   F A I L   ?
[INFO ][2015-12-01 14:20:13,814][com.java.SeleniumDriver] [  929] - Browser Type : IE10
[INFO ][2015-12-01 14:20:13,814][com.java.SeleniumDriver] [  930] - Adding Failed case9
[INFO ][2015-12-01 14:20:13,815][com.java.SeleniumDriver] [  949] - Directory Created
[INFO ][2015-12-01 14:20:14,100][com.java.SeleniumDriver] [ 1044] - failedCases = 9
[ERROR][2015-12-01 14:20:14,100][com.java.SeleniumDriver] [ 1541] - Platform Errors : Our apologies...::We have encountered an issue with your request.::Our apologies?:We encountered an issue with your request.
[INFO ][2015-12-01 14:20:14,100][com.java.SeleniumDriver] [ 1545] - Length =3
[ERROR][2015-12-01 14:20:14,101][com.java.SeleniumDriver] [ 1548] - Error 0 = Our apologies...
[ERROR][2015-12-01 14:20:14,149][com.java.SeleniumDriver] [ 1548] - Error 1 = We have encountered an issue with your request.
[ERROR][2015-12-01 14:20:14,187][com.java.SeleniumDriver] [ 1548] - Error 2 = Our apologies?:We encountered an issue with your request.
[INFO ][2015-12-01 14:20:14,222][com.java.SeleniumDriver] [ 1559] - strError:
[DEBUG][2015-12-01 14:20:14,236][com.java.SeleniumDriver] [ 1192] - Case found
[DEBUG][2015-12-01 14:20:14,236][com.java.SeleniumDriver] [ 1197] - Incrementing ReportCounters[0]:2
[INFO ][2015-12-01 14:20:14,236][com.java.SeleniumDriver] [ 1216] - The results are-------------------[9, 4, Projections > Create New Projections, Fail, 
Test case failed at Step No. :: 4   Error Message ::  Element:  is not found. Screen Shot : D:\BankersDashboard\TestReports\120115\9_120115_142013_IE10.png, Tue Dec 01 14:20:14 IST 2015]
[INFO ][2015-12-01 14:20:14,236][com.java.SeleniumDriver] [ 1220] - End time is-------1 min 51 sec
[INFO ][2015-12-01 14:20:14,237][com.java.SeleniumDriver] [ 1221] - The results are-------------------[9, 4, Projections > Create New Projections, Fail, 
Test case failed at Step No. :: 4   Error Message ::  Element:  is not found. Screen Shot : D:\BankersDashboard\TestReports\120115\9_120115_142013_IE10.png, Tue Dec 01 14:20:14 IST 2015]
[DEBUG][2015-12-01 14:20:14,237][com.java.ImportnExport.ExportTestResultsExcel] [  222] - testResultPath = D:\BankersDashboard/TestReports/Test Results_BankersDashBoard_120115_141825_IE10_Any Bank USA.xls
[DEBUG][2015-12-01 14:20:14,237][com.java.ImportnExport.ExportTestResultsExcel] [  223] - browser is------------IE10
[DEBUG][2015-12-01 14:20:14,239][com.java.ImportnExport.ExportTestResultsExcel] [  270] - result.size() = 6
[DEBUG][2015-12-01 14:20:14,239][com.java.ImportnExport.ExportTestResultsExcel] [  274] - No of rows in sheet=2
[DEBUG][2015-12-01 14:20:14,239][com.java.ImportnExport.ExportTestResultsExcel] [  301] - ..in export..9
[DEBUG][2015-12-01 14:20:14,239][com.java.ImportnExport.ExportTestResultsExcel] [  301] - ..in export..Projections > Create New Projections
[DEBUG][2015-12-01 14:20:14,239][com.java.ImportnExport.ExportTestResultsExcel] [  301] - ..in export..Fail
[DEBUG][2015-12-01 14:20:14,239][com.java.ImportnExport.ExportTestResultsExcel] [  301] - ..in export..
Test case failed at Step No. :: 4   Error Message ::  Element:  is not found. Screen Shot : D:\BankersDashboard\TestReports\120115\9_120115_142013_IE10.png
[DEBUG][2015-12-01 14:20:14,239][com.java.ImportnExport.ExportTestResultsExcel] [  301] - ..in export..Tue Dec 01 14:20:14 IST 2015
[INFO ][2015-12-01 14:20:14,241][com.java.SeleniumDriver] [ 1279] - out loop:1 size:2 TestCases:[1, 9] testcases:[1, 9]
[INFO ][2015-12-01 14:20:16,241][com.java.SeleniumDriver] [ 1322] - Total Number of Cases:2
[INFO ][2015-12-01 14:20:16,241][com.java.TemplateGenerator] [  302] - Executed:2
[INFO ][2015-12-01 14:20:16,241][com.java.TemplateGenerator] [  303] - Passed:1
[INFO ][2015-12-01 14:20:16,241][com.java.TemplateGenerator] [  304] - Failed:1
[INFO ][2015-12-01 14:20:16,241][com.java.TemplateGenerator] [  305] - Skipeed:0
[INFO ][2015-12-01 14:20:16,241][com.java.TemplateGenerator] [  306] - Application URL:https://clients-xuat.bankersdashboard.com
[INFO ][2015-12-01 14:20:16,241][com.java.TemplateGenerator] [  307] - Start Time:120115_141825
[INFO ][2015-12-01 14:20:16,241][com.java.TemplateGenerator] [  308] -  Creating HTML Report 
[ERROR][2015-12-01 14:20:16,244][com.java.TemplateGenerator] [  409] - Unparseable date: "Tue Dec 01 02:18:25 IST 2015"
[INFO ][2015-12-01 14:20:16,244][com.java.TemplateGenerator] [  654] -  Exporting case :: 1
[INFO ][2015-12-01 14:20:16,244][com.java.TemplateGenerator] [  654] -  Exporting case :: 9
[INFO ][2015-12-01 14:20:16,251][com.java.SeleniumDriver] [ 1371] - End Time:120115_142016
[INFO ][2015-12-01 14:20:16,251][com.java.SeleniumDriver] [ 1374] - Data in Test Execution Details:{1=PASS, 9=FAILTest case failed at Step No. :: 4   Error Message ::  Element:  is not found}
[INFO ][2015-12-01 14:20:16,251][com.java.SeleniumDriver] [ 1375] - Data in Failed Execution Deatils:{}
[INFO ][2015-12-01 14:20:16,253][com.java.SeleniumDriver] [ 1377] - ReportCounter:Total:2 :: PASS: 1 ::FAIL: 1
[INFO ][2015-12-01 14:20:16,253][com.java.SeleniumDriver] [ 1378] - FailedReportCounter:Total:0 :: PASS: 0 ::FAIL: 0
[INFO ][2015-12-01 14:20:16,261][com.java.EmailTestReport] [   63] - Sending report mail details:
[INFO ][2015-12-01 14:20:16,261][com.java.EmailTestReport] [   80] - Excel Report Path:D:\BankersDashboard/TestReports/Test Results_BankersDashBoard_120115_141825_IE10_Any Bank USA.xls
[INFO ][2015-12-01 14:20:16,261][com.java.EmailTestReport] [   81] - HTML Report Path:D:\BankersDashboard//TestReports//Test Results_BankersDashBoard_120115_141825_IE10_Any Bank USA.html
[INFO ][2015-12-01 14:20:16,261][com.java.EmailTestReport] [   82] - smtpHostName:mail01.valuelabs.com
[INFO ][2015-12-01 14:20:16,261][com.java.EmailTestReport] [   83] - Recipient:venkateswararao.gubbala@valuelabs.com;
[INFO ][2015-12-01 14:20:16,261][com.java.EmailTestReport] [   84] - From:venkateswararao.gubbala@valuelabs.com;
[INFO ][2015-12-01 14:20:16,262][com.java.EmailTestReport] [   85] - Subject:Deluxe Corp Bankers Dashboard Automation Test Report - Any Bank USA - IE10
[INFO ][2015-12-01 14:20:16,294][com.java.EmailTestReport] [  143] -  Added venkateswararao.gubbala@valuelabs.com
[INFO ][2015-12-01 14:20:19,696][com.java.SeleniumDriver] [  720] - quitting the browser 
