[INFO ][2016-01-28 11:28:43,613][com.java.SeleniumDriver] [  213] - Execute Failed Casesfalse
[INFO ][2016-01-28 11:28:43,613][com.java.SeleniumDriver] [  214] - Browser: IE10
[INFO ][2016-01-28 11:28:43,617][com.java.SeleniumDriver] [  215] - [1, 2, 3, 4, 5, 6, 7, 8, 9, 10]
[INFO ][2016-01-28 11:28:43,617][com.java.SeleniumDriver] [  216] - Total TestCases:10
[INFO ][2016-01-28 11:28:43,617][com.java.SeleniumDriver] [  217] -  Reading Properties from Property File 
[DEBUG][2016-01-28 11:28:43,618][com.java.SeleniumDriver] [  238] - url : https://clients-xuat.bankersdashboard.com
[INFO ][2016-01-28 11:28:43,619][com.java.ImportnExport.ExportTestResultsExcel] [  116] - Time Stamp Thu Jan 28 11:28:43 IST 2016
[INFO ][2016-01-28 11:28:43,619][com.java.ImportnExport.ExportTestResultsExcel] [  175] - OUT FILE : D:\BankersDashboard/TestReports/Test Results_BankersDashBoard_012816_112843_IE10_CB&S Bank.xls
[INFO ][2016-01-28 11:28:43,647][com.java.ImportnExport.ExportTestResultsExcel] [  180] - Test Result file is created
[DEBUG][2016-01-28 11:28:43,752][com.java.SeleniumDriver] [  426] - Hub ip address is-------172.17.68.34
[INFO ][2016-01-28 11:28:43,753][com.java.SeleniumDriver] [  452] - Grid URL:http://172.17.68.34:4444/wd/hub
[INFO ][2016-01-28 11:28:43,753][com.java.SeleniumDriver] [  453] - Capability:Capabilities [{platform=ANY, ensureCleanSession=true, ignoreProtectedModeSettings=true, acceptSslCerts=true, ignoreZoomSetting=true, browserName=internet explorer, browserstack.ie.noFlash=true, version=null}]
[ERROR][2016-01-28 11:28:45,065][com.java.SeleniumDriver] [  498] - Unable invoke browser in grid:Could not start a new session. Possible causes are invalid address of the remote server or browser start-up failure.
Build info: version: '2.48.2', revision: '41bccdd', time: '2015-10-09 19:59:12'
System info: host: 'FVTIII438F1D', ip: '172.17.68.34', os.name: 'Windows 7', os.arch: 'x86', os.version: '6.1', java.version: '1.7.0_55'
Driver info: driver.version: SeleniumDriver
[INFO ][2016-01-28 11:28:45,065][com.java.SeleniumDriver] [  500] - Executing on local machine
[INFO ][2016-01-28 11:28:56,799][com.java.SeleniumDriver] [  248] - IE10is opened
[INFO ][2016-01-28 11:28:57,652][com.java.SeleniumDriver] [  756] - Test cases to be executed are: [1, 2, 3, 4, 5, 6, 7, 8, 9, 10]
[INFO ][2016-01-28 11:28:57,676][com.java.ImportnExport.ImportTestDataDetailsExcel] [   49] - test data details path===== D:\BankersDashboard\TestInputs\TestData.xls
[INFO ][2016-01-28 11:28:57,774][com.java.SeleniumDriver] [  856] - ------------------------------------------
[INFO ][2016-01-28 11:28:57,774][com.java.SeleniumDriver] [  857] - Test case being Executed: 1
[INFO ][2016-01-28 11:28:57,774][com.java.SeleniumDriver] [  869] - Test step:1
[INFO ][2016-01-28 11:28:57,774][com.java.SeleniumDriver] [  881] - Datavalue is----------Concept#1:1-16
[INFO ][2016-01-28 11:28:57,775][com.java.SeleniumDriver] [  905] - DataField : test
[INFO ][2016-01-28 11:28:57,775][com.java.SeleniumDriver] [  907] - DataValue : Concept#1:1-16
[INFO ][2016-01-28 11:28:57,775][com.java.SeleniumDriver] [  913] - <In Set values of the page>
[INFO ][2016-01-28 11:28:57,775][com.java.SeleniumDriver] [  916] - {Data Fields & Data Values Exist}
[INFO ][2016-01-28 11:28:57,775][com.java.SeleniumDriver] [  918] - --------------------------setting values-----------------------------
[INFO ][2016-01-28 11:28:57,775][com.java.SeleniumDriver] [  921] - Action Type : ExecuteTestCase
[INFO ][2016-01-28 11:28:57,793][com.java.TestType] [  442] - The Concept sheet name is ---------- Concept
[INFO ][2016-01-28 11:28:57,793][com.java.TestType] [  445] - The Concept ID  is ---------- 1
[DEBUG][2016-01-28 11:28:57,793][com.java.TestType] [  449] - Steps being executted in the Concept are: 1:16
[INFO ][2016-01-28 11:28:57,793][com.java.TestType] [  456] - Test data details path ---------- D:\BankersDashboard\TestInputs\TestData.xls
[INFO ][2016-01-28 11:28:57,829][com.java.TestType] [  487] -  str(1) = 1
[INFO ][2016-01-28 11:28:57,829][com.java.TestType] [  490] - Test case Id is---1
[INFO ][2016-01-28 11:28:57,830][com.java.TestType] [  492] - 1
[INFO ][2016-01-28 11:28:57,830][com.java.TestType] [  487] -  str(2) = 1
[INFO ][2016-01-28 11:28:57,832][com.java.TestType] [  487] -  str(1) = 1
[INFO ][2016-01-28 11:28:57,832][com.java.TestType] [  490] - Test case Id is---1
[INFO ][2016-01-28 11:28:57,832][com.java.TestType] [  492] - 1
[INFO ][2016-01-28 11:28:57,832][com.java.TestType] [  487] -  str(2) = 2
[INFO ][2016-01-28 11:28:57,834][com.java.TestType] [  487] -  str(1) = 1
[INFO ][2016-01-28 11:28:57,834][com.java.TestType] [  490] - Test case Id is---1
[INFO ][2016-01-28 11:28:57,834][com.java.TestType] [  492] - 1
[INFO ][2016-01-28 11:28:57,834][com.java.TestType] [  487] -  str(2) = 3
[INFO ][2016-01-28 11:28:57,836][com.java.TestType] [  487] -  str(1) = 1
[INFO ][2016-01-28 11:28:57,836][com.java.TestType] [  490] - Test case Id is---1
[INFO ][2016-01-28 11:28:57,836][com.java.TestType] [  492] - 1
[INFO ][2016-01-28 11:28:57,836][com.java.TestType] [  487] -  str(2) = 4
[INFO ][2016-01-28 11:28:57,837][com.java.TestType] [  487] -  str(1) = 1
[INFO ][2016-01-28 11:28:57,837][com.java.TestType] [  490] - Test case Id is---1
[INFO ][2016-01-28 11:28:57,837][com.java.TestType] [  492] - 1
[INFO ][2016-01-28 11:28:57,838][com.java.TestType] [  487] -  str(2) = 5
[INFO ][2016-01-28 11:28:57,840][com.java.TestType] [  487] -  str(1) = 1
[INFO ][2016-01-28 11:28:57,840][com.java.TestType] [  490] - Test case Id is---1
[INFO ][2016-01-28 11:28:57,840][com.java.TestType] [  492] - 1
[INFO ][2016-01-28 11:28:57,841][com.java.TestType] [  487] -  str(2) = 6
[INFO ][2016-01-28 11:28:57,842][com.java.TestType] [  487] -  str(1) = 1
[INFO ][2016-01-28 11:28:57,842][com.java.TestType] [  490] - Test case Id is---1
[INFO ][2016-01-28 11:28:57,842][com.java.TestType] [  492] - 1
[INFO ][2016-01-28 11:28:57,842][com.java.TestType] [  487] -  str(2) = 7
[INFO ][2016-01-28 11:28:57,842][com.java.TestType] [  487] -  str(1) = 1
[INFO ][2016-01-28 11:28:57,843][com.java.TestType] [  490] - Test case Id is---1
[INFO ][2016-01-28 11:28:57,843][com.java.TestType] [  492] - 1
[INFO ][2016-01-28 11:28:57,843][com.java.TestType] [  487] -  str(2) = 8
[INFO ][2016-01-28 11:28:57,844][com.java.TestType] [  487] -  str(1) = 1
[INFO ][2016-01-28 11:28:57,844][com.java.TestType] [  490] - Test case Id is---1
[INFO ][2016-01-28 11:28:57,844][com.java.TestType] [  492] - 1
[INFO ][2016-01-28 11:28:57,844][com.java.TestType] [  487] -  str(2) = 9
[INFO ][2016-01-28 11:28:57,844][com.java.TestType] [  487] -  str(1) = 1
[INFO ][2016-01-28 11:28:57,845][com.java.TestType] [  490] - Test case Id is---1
[INFO ][2016-01-28 11:28:57,845][com.java.TestType] [  492] - 1
[INFO ][2016-01-28 11:28:57,845][com.java.TestType] [  487] -  str(2) = 10
[INFO ][2016-01-28 11:28:57,845][com.java.TestType] [  487] -  str(1) = 1
[INFO ][2016-01-28 11:28:57,846][com.java.TestType] [  490] - Test case Id is---1
[INFO ][2016-01-28 11:28:57,846][com.java.TestType] [  492] - 1
[INFO ][2016-01-28 11:28:57,846][com.java.TestType] [  487] -  str(2) = 11
[INFO ][2016-01-28 11:28:57,846][com.java.TestType] [  487] -  str(1) = 1
[INFO ][2016-01-28 11:28:57,846][com.java.TestType] [  490] - Test case Id is---1
[INFO ][2016-01-28 11:28:57,847][com.java.TestType] [  492] - 1
[INFO ][2016-01-28 11:28:57,847][com.java.TestType] [  487] -  str(2) = 12
[INFO ][2016-01-28 11:28:57,847][com.java.TestType] [  487] -  str(1) = 1
[INFO ][2016-01-28 11:28:57,847][com.java.TestType] [  490] - Test case Id is---1
[INFO ][2016-01-28 11:28:57,848][com.java.TestType] [  492] - 1
[INFO ][2016-01-28 11:28:57,848][com.java.TestType] [  487] -  str(2) = 13
[INFO ][2016-01-28 11:28:57,850][com.java.TestType] [  487] -  str(1) = 1
[INFO ][2016-01-28 11:28:57,850][com.java.TestType] [  490] - Test case Id is---1
[INFO ][2016-01-28 11:28:57,850][com.java.TestType] [  492] - 1
[INFO ][2016-01-28 11:28:57,851][com.java.TestType] [  487] -  str(2) = 14
[INFO ][2016-01-28 11:28:57,851][com.java.TestType] [  487] -  str(1) = 1
[INFO ][2016-01-28 11:28:57,851][com.java.TestType] [  490] - Test case Id is---1
[INFO ][2016-01-28 11:28:57,851][com.java.TestType] [  492] - 1
[INFO ][2016-01-28 11:28:57,852][com.java.TestType] [  487] -  str(2) = 15
[INFO ][2016-01-28 11:28:57,852][com.java.TestType] [  487] -  str(1) = 1
[INFO ][2016-01-28 11:28:57,852][com.java.TestType] [  490] - Test case Id is---1
[INFO ][2016-01-28 11:28:57,852][com.java.TestType] [  492] - 1
[INFO ][2016-01-28 11:28:57,852][com.java.TestType] [  487] -  str(2) = 16
[INFO ][2016-01-28 11:28:57,853][com.java.TestType] [11650] - Looping 1TCID = 1
[DEBUG][2016-01-28 11:28:57,853][com.java.TestType] [11691] - Concept ID:1 :: Step being Executed: 1::1
[INFO ][2016-01-28 11:28:57,853][com.java.TestType] [11729] - dataFields : TXTusername
[DEBUG][2016-01-28 11:28:57,853][com.java.TestType] [11735] - <In Set values of the page>
[DEBUG][2016-01-28 11:28:57,853][com.java.TestType] [11740] - {Data Fields & Data Values Exist}
[INFO ][2016-01-28 11:28:57,854][com.java.TestType] [11746] - --------------------------setting values-----------------------------
[INFO ][2016-01-28 11:28:57,854][com.java.TestType] [11749] - Action Type : CLEARANDENTER
[INFO ][2016-01-28 11:29:00,127][com.java.TestType] [ 6395] - value = valuelabs.ie10.15310
[INFO ][2016-01-28 11:29:02,506][com.java.TestType] [11768] -  RESULT true
[INFO ][2016-01-28 11:29:02,506][com.java.TestType] [11885] - ?   P A S S   ?
[DEBUG][2016-01-28 11:29:02,506][com.java.TestType] [11691] - Concept ID:1 :: Step being Executed: 1::2
[INFO ][2016-01-28 11:29:02,506][com.java.TestType] [11729] - dataFields : TXTpassword
[DEBUG][2016-01-28 11:29:02,506][com.java.TestType] [11735] - <In Set values of the page>
[DEBUG][2016-01-28 11:29:02,506][com.java.TestType] [11740] - {Data Fields & Data Values Exist}
[INFO ][2016-01-28 11:29:02,507][com.java.TestType] [11746] - --------------------------setting values-----------------------------
[INFO ][2016-01-28 11:29:02,507][com.java.TestType] [11749] - Action Type : CLEARANDENTER
[INFO ][2016-01-28 11:29:04,739][com.java.TestType] [ 6395] - value = Password1*
[INFO ][2016-01-28 11:29:07,228][com.java.TestType] [11768] -  RESULT true
[INFO ][2016-01-28 11:29:07,228][com.java.TestType] [11885] - ?   P A S S   ?
[DEBUG][2016-01-28 11:29:07,229][com.java.TestType] [11691] - Concept ID:1 :: Step being Executed: 1::3
[ERROR][2016-01-28 11:29:07,229][com.java.TestType] [11724] - Exception: null
[INFO ][2016-01-28 11:29:07,229][com.java.TestType] [11729] - dataFields : XPH//button[@type='submit']
[DEBUG][2016-01-28 11:29:07,229][com.java.TestType] [11735] - <In Set values of the page>
[DEBUG][2016-01-28 11:29:07,229][com.java.TestType] [11740] - {Data Fields & Data Values Exist}
[INFO ][2016-01-28 11:29:07,229][com.java.TestType] [11746] - --------------------------setting values-----------------------------
[INFO ][2016-01-28 11:29:07,229][com.java.TestType] [11749] - Action Type : Click
[INFO ][2016-01-28 11:29:07,229][com.java.TestType] [ 6774] - Field ::XPH//button[@type='submit']
[INFO ][2016-01-28 11:29:07,229][com.java.TestType] [ 6395] - value = 
[INFO ][2016-01-28 11:29:08,230][com.java.TestType] [ 6947] - BEFORE CLICK
[INFO ][2016-01-28 11:29:09,056][com.java.TestType] [ 6955] - Unable to click the object Login
[INFO ][2016-01-28 11:29:09,056][com.java.TestType] [11768] -  RESULT true
[INFO ][2016-01-28 11:29:09,056][com.java.TestType] [11885] - ?   P A S S   ?
[DEBUG][2016-01-28 11:29:09,056][com.java.TestType] [11691] - Concept ID:1 :: Step being Executed: 1::4
[INFO ][2016-01-28 11:29:09,056][com.java.TestType] [11729] - dataFields : LNKLogout
[DEBUG][2016-01-28 11:29:09,056][com.java.TestType] [11735] - <In Set values of the page>
[DEBUG][2016-01-28 11:29:09,056][com.java.TestType] [11740] - {Data Fields & Data Values Exist}
[INFO ][2016-01-28 11:29:09,056][com.java.TestType] [11746] - --------------------------setting values-----------------------------
[INFO ][2016-01-28 11:29:09,056][com.java.TestType] [11749] - Action Type : WaitForElement
[INFO ][2016-01-28 11:29:17,452][com.java.TestType] [11768] -  RESULT true
[INFO ][2016-01-28 11:29:17,452][com.java.TestType] [11885] - ?   P A S S   ?
[DEBUG][2016-01-28 11:29:17,452][com.java.TestType] [11691] - Concept ID:1 :: Step being Executed: 1::15
[INFO ][2016-01-28 11:29:17,452][com.java.TestType] [11729] - dataFields : LNK
[DEBUG][2016-01-28 11:29:17,452][com.java.TestType] [11735] - <In Set values of the page>
[DEBUG][2016-01-28 11:29:17,453][com.java.TestType] [11740] - {Data Fields & Data Values Exist}
[INFO ][2016-01-28 11:29:17,453][com.java.TestType] [11746] - --------------------------setting values-----------------------------
[INFO ][2016-01-28 11:29:17,453][com.java.TestType] [11749] - Action Type : Verify
[INFO ][2016-01-28 11:29:17,453][com.java.TestType] [ 7985] - field= LNK value= Logout
[INFO ][2016-01-28 11:29:17,454][com.java.TestType] [ 6395] - value = Logout
[INFO ][2016-01-28 11:29:17,512][com.java.TestType] [11768] -  RESULT true
[INFO ][2016-01-28 11:29:17,512][com.java.TestType] [11885] - ?   P A S S   ?
[DEBUG][2016-01-28 11:29:17,512][com.java.TestType] [11691] - Concept ID:1 :: Step being Executed: 1::16
[INFO ][2016-01-28 11:29:17,513][com.java.TestType] [11729] - dataFields : BTN
[DEBUG][2016-01-28 11:29:17,513][com.java.TestType] [11735] - <In Set values of the page>
[DEBUG][2016-01-28 11:29:17,513][com.java.TestType] [11740] - {Data Fields & Data Values Exist}
[INFO ][2016-01-28 11:29:17,513][com.java.TestType] [11746] - --------------------------setting values-----------------------------
[INFO ][2016-01-28 11:29:17,513][com.java.TestType] [11749] - Action Type : Verify
[INFO ][2016-01-28 11:29:17,513][com.java.TestType] [ 7985] - field= BTN value= //img[contains(@src,'bdlogo.jpg')]
[INFO ][2016-01-28 11:29:17,513][com.java.TestType] [ 6395] - value = //img[contains(@src,'bdlogo.jpg')]
[INFO ][2016-01-28 11:29:17,574][com.java.TestType] [11768] -  RESULT true
[INFO ][2016-01-28 11:29:17,574][com.java.TestType] [11885] - ?   P A S S   ?
[INFO ][2016-01-28 11:29:17,574][com.java.TestType] [11956] - Looping End......
[INFO ][2016-01-28 11:29:17,578][com.java.SeleniumDriver] [  930] -  RESULT true
[INFO ][2016-01-28 11:29:17,579][com.java.SeleniumDriver] [ 1136] - ?   P A S S   ?
[INFO ][2016-01-28 11:29:17,579][com.java.SeleniumDriver] [  856] - ------------------------------------------
[INFO ][2016-01-28 11:29:17,579][com.java.SeleniumDriver] [  857] - Test case being Executed: 1
[INFO ][2016-01-28 11:29:17,579][com.java.SeleniumDriver] [  869] - Test step:2
[INFO ][2016-01-28 11:29:17,579][com.java.SeleniumDriver] [  881] - Datavalue is----------Concept#2:1-2
[INFO ][2016-01-28 11:29:17,579][com.java.SeleniumDriver] [  905] - DataField : test
[INFO ][2016-01-28 11:29:17,579][com.java.SeleniumDriver] [  907] - DataValue : Concept#2:1-2
[INFO ][2016-01-28 11:29:17,579][com.java.SeleniumDriver] [  913] - <In Set values of the page>
[INFO ][2016-01-28 11:29:17,579][com.java.SeleniumDriver] [  916] - {Data Fields & Data Values Exist}
[INFO ][2016-01-28 11:29:17,579][com.java.SeleniumDriver] [  918] - --------------------------setting values-----------------------------
[INFO ][2016-01-28 11:29:17,579][com.java.SeleniumDriver] [  921] - Action Type : ExecuteTestCase
[INFO ][2016-01-28 11:29:17,580][com.java.TestType] [  442] - The Concept sheet name is ---------- Concept
[INFO ][2016-01-28 11:29:17,580][com.java.TestType] [  445] - The Concept ID  is ---------- 2
[DEBUG][2016-01-28 11:29:17,580][com.java.TestType] [  449] - Steps being executted in the Concept are: 1:2
[INFO ][2016-01-28 11:29:17,580][com.java.TestType] [  456] - Test data details path ---------- D:\BankersDashboard\TestInputs\TestData.xls
[INFO ][2016-01-28 11:29:17,612][com.java.TestType] [  487] -  str(1) = 2
[INFO ][2016-01-28 11:29:17,612][com.java.TestType] [  490] - Test case Id is---2
[INFO ][2016-01-28 11:29:17,612][com.java.TestType] [  492] - 2
[INFO ][2016-01-28 11:29:17,612][com.java.TestType] [  487] -  str(2) = 1
[INFO ][2016-01-28 11:29:17,614][com.java.TestType] [  487] -  str(1) = 2
[INFO ][2016-01-28 11:29:17,614][com.java.TestType] [  490] - Test case Id is---2
[INFO ][2016-01-28 11:29:17,614][com.java.TestType] [  492] - 2
[INFO ][2016-01-28 11:29:17,614][com.java.TestType] [  487] -  str(2) = 2
[INFO ][2016-01-28 11:29:17,615][com.java.TestType] [  487] -  str(1) = 2
[INFO ][2016-01-28 11:29:17,615][com.java.TestType] [  490] - Test case Id is---2
[INFO ][2016-01-28 11:29:17,615][com.java.TestType] [  492] - 2
[INFO ][2016-01-28 11:29:17,615][com.java.TestType] [  487] -  str(2) = 3
[INFO ][2016-01-28 11:29:17,616][com.java.TestType] [11650] - Looping 1TCID = 2
[DEBUG][2016-01-28 11:29:17,616][com.java.TestType] [11691] - Concept ID:2 :: Step being Executed: 2::1
[INFO ][2016-01-28 11:29:17,616][com.java.TestType] [11729] - dataFields : BNK//select[@id='bank']
[DEBUG][2016-01-28 11:29:17,616][com.java.TestType] [11735] - <In Set values of the page>
[DEBUG][2016-01-28 11:29:17,616][com.java.TestType] [11740] - {Data Fields & Data Values Exist}
[INFO ][2016-01-28 11:29:17,616][com.java.TestType] [11746] - --------------------------setting values-----------------------------
[INFO ][2016-01-28 11:29:17,616][com.java.TestType] [11749] - Action Type : Select
[INFO ][2016-01-28 11:29:17,616][com.java.TestType] [ 6395] - value = PFC
[INFO ][2016-01-28 11:29:17,844][com.java.TestType] [11768] -  RESULT true
[INFO ][2016-01-28 11:29:17,844][com.java.TestType] [11885] - ?   P A S S   ?
[DEBUG][2016-01-28 11:29:17,844][com.java.TestType] [11691] - Concept ID:2 :: Step being Executed: 2::2
[INFO ][2016-01-28 11:29:17,844][com.java.TestType] [11729] - dataFields : LNKLogout
[DEBUG][2016-01-28 11:29:17,844][com.java.TestType] [11735] - <In Set values of the page>
[DEBUG][2016-01-28 11:29:17,845][com.java.TestType] [11740] - {Data Fields & Data Values Exist}
[INFO ][2016-01-28 11:29:17,845][com.java.TestType] [11746] - --------------------------setting values-----------------------------
[INFO ][2016-01-28 11:29:17,845][com.java.TestType] [11749] - Action Type : WaitTime
[DEBUG][2016-01-28 11:29:17,845][com.java.TestType] [ 6209] - sleepTime: 5000
[INFO ][2016-01-28 11:29:22,847][com.java.TestType] [11768] -  RESULT true
[INFO ][2016-01-28 11:29:22,847][com.java.TestType] [11885] - ?   P A S S   ?
[INFO ][2016-01-28 11:29:22,848][com.java.TestType] [11956] - Looping End......
[INFO ][2016-01-28 11:29:22,852][com.java.SeleniumDriver] [  930] -  RESULT true
[INFO ][2016-01-28 11:29:22,853][com.java.SeleniumDriver] [ 1136] - ?   P A S S   ?
[INFO ][2016-01-28 11:29:22,853][com.java.SeleniumDriver] [  856] - ------------------------------------------
[INFO ][2016-01-28 11:29:22,853][com.java.SeleniumDriver] [  857] - Test case being Executed: 1
[INFO ][2016-01-28 11:29:22,853][com.java.SeleniumDriver] [  869] - Test step:3
[INFO ][2016-01-28 11:29:22,853][com.java.SeleniumDriver] [  881] - Datavalue is----------2
[INFO ][2016-01-28 11:29:22,853][com.java.SeleniumDriver] [  905] - DataField : XPH//button[contains(text(),'Add Content')]
[INFO ][2016-01-28 11:29:22,853][com.java.SeleniumDriver] [  907] - DataValue : 2
[INFO ][2016-01-28 11:29:22,853][com.java.SeleniumDriver] [  913] - <In Set values of the page>
[INFO ][2016-01-28 11:29:22,853][com.java.SeleniumDriver] [  916] - {Data Fields & Data Values Exist}
[INFO ][2016-01-28 11:29:22,853][com.java.SeleniumDriver] [  918] - --------------------------setting values-----------------------------
[INFO ][2016-01-28 11:29:22,853][com.java.SeleniumDriver] [  921] - Action Type : WAITFORELEMENT
[INFO ][2016-01-28 11:29:22,888][com.java.SeleniumDriver] [  930] -  RESULT true
[INFO ][2016-01-28 11:29:22,888][com.java.SeleniumDriver] [ 1136] - ?   P A S S   ?
[DEBUG][2016-01-28 11:29:22,888][com.java.SeleniumDriver] [ 1248] - Case found
[DEBUG][2016-01-28 11:29:22,888][com.java.SeleniumDriver] [ 1253] - Incrementing ReportCounters[0]:1
[INFO ][2016-01-28 11:29:22,889][com.java.SeleniumDriver] [ 1272] - The results are-------------------[1, 1, Valid Login, Pass, , Thu Jan 28 11:29:17 IST 2016, 1, 2, Valid Login, Pass, , Thu Jan 28 11:29:22 IST 2016, 1, 3, Valid Login, Pass, , Thu Jan 28 11:29:22 IST 2016]
[INFO ][2016-01-28 11:29:22,889][com.java.SeleniumDriver] [ 1276] - End time is-------41 sec
[INFO ][2016-01-28 11:29:22,889][com.java.SeleniumDriver] [ 1277] - The results are-------------------[1, 1, Valid Login, Pass, , Thu Jan 28 11:29:17 IST 2016, 1, 2, Valid Login, Pass, , Thu Jan 28 11:29:22 IST 2016, 1, 3, Valid Login, Pass, , Thu Jan 28 11:29:22 IST 2016]
[DEBUG][2016-01-28 11:29:22,889][com.java.ImportnExport.ExportTestResultsExcel] [  222] - testResultPath = D:\BankersDashboard/TestReports/Test Results_BankersDashBoard_012816_112843_IE10_CB&S Bank.xls
[DEBUG][2016-01-28 11:29:22,889][com.java.ImportnExport.ExportTestResultsExcel] [  223] - browser is------------IE10
[DEBUG][2016-01-28 11:29:22,950][com.java.ImportnExport.ExportTestResultsExcel] [  270] - result.size() = 18
[DEBUG][2016-01-28 11:29:22,950][com.java.ImportnExport.ExportTestResultsExcel] [  274] - No of rows in sheet=1
[DEBUG][2016-01-28 11:29:22,950][com.java.ImportnExport.ExportTestResultsExcel] [  301] - ..in export..1
[DEBUG][2016-01-28 11:29:22,950][com.java.ImportnExport.ExportTestResultsExcel] [  301] - ..in export..Valid Login
[DEBUG][2016-01-28 11:29:22,950][com.java.ImportnExport.ExportTestResultsExcel] [  301] - ..in export..Pass
[DEBUG][2016-01-28 11:29:22,950][com.java.ImportnExport.ExportTestResultsExcel] [  301] - ..in export..
[DEBUG][2016-01-28 11:29:22,950][com.java.ImportnExport.ExportTestResultsExcel] [  301] - ..in export..Thu Jan 28 11:29:17 IST 2016
[INFO ][2016-01-28 11:29:22,952][com.java.SeleniumDriver] [ 1337] - out loop:0 size:10 TestCases:[1, 2, 3, 4, 5, 6, 7, 8, 9, 10] testcases:[1, 2, 3, 4, 5, 6, 7, 8, 9, 10]
[INFO ][2016-01-28 11:29:22,952][com.java.ImportnExport.ImportTestDataDetailsExcel] [   49] - test data details path===== D:\BankersDashboard\TestInputs\TestData.xls
[INFO ][2016-01-28 11:29:42,500][com.java.SeleniumDriver] [  856] - ------------------------------------------
[INFO ][2016-01-28 11:29:42,500][com.java.SeleniumDriver] [  857] - Test case being Executed: 2
[INFO ][2016-01-28 11:29:42,500][com.java.SeleniumDriver] [  869] - Test step:1
[INFO ][2016-01-28 11:29:42,500][com.java.SeleniumDriver] [  881] - Datavalue is----------Logout
[INFO ][2016-01-28 11:29:42,500][com.java.SeleniumDriver] [  905] - DataField : BTN
[INFO ][2016-01-28 11:29:42,500][com.java.SeleniumDriver] [  907] - DataValue : Logout
[INFO ][2016-01-28 11:29:42,500][com.java.SeleniumDriver] [  913] - <In Set values of the page>
[INFO ][2016-01-28 11:29:42,500][com.java.SeleniumDriver] [  916] - {Data Fields & Data Values Exist}
[INFO ][2016-01-28 11:29:42,500][com.java.SeleniumDriver] [  918] - --------------------------setting values-----------------------------
[INFO ][2016-01-28 11:29:42,500][com.java.SeleniumDriver] [  921] - Action Type : Verify
[INFO ][2016-01-28 11:29:42,500][com.java.TestType] [ 7985] - field= BTN value= Logout
[INFO ][2016-01-28 11:29:42,500][com.java.TestType] [ 6395] - value = Logout
[INFO ][2016-01-28 11:29:42,570][com.java.SeleniumDriver] [  930] -  RESULT true
[INFO ][2016-01-28 11:29:42,570][com.java.SeleniumDriver] [ 1136] - ?   P A S S   ?
[INFO ][2016-01-28 11:29:42,570][com.java.SeleniumDriver] [ 1178] - step change to 3
[INFO ][2016-01-28 11:29:42,570][com.java.SeleniumDriver] [  856] - ------------------------------------------
[INFO ][2016-01-28 11:29:42,570][com.java.SeleniumDriver] [  857] - Test case being Executed: 2
[INFO ][2016-01-28 11:29:42,570][com.java.SeleniumDriver] [  869] - Test step:3
[INFO ][2016-01-28 11:29:42,571][com.java.SeleniumDriver] [  881] - Datavalue is----------Concept#2:1-2
[INFO ][2016-01-28 11:29:42,571][com.java.SeleniumDriver] [  905] - DataField : test
[INFO ][2016-01-28 11:29:42,571][com.java.SeleniumDriver] [  907] - DataValue : Concept#2:1-2
[INFO ][2016-01-28 11:29:42,571][com.java.SeleniumDriver] [  913] - <In Set values of the page>
[INFO ][2016-01-28 11:29:42,571][com.java.SeleniumDriver] [  916] - {Data Fields & Data Values Exist}
[INFO ][2016-01-28 11:29:42,571][com.java.SeleniumDriver] [  918] - --------------------------setting values-----------------------------
[INFO ][2016-01-28 11:29:42,571][com.java.SeleniumDriver] [  921] - Action Type : ExecuteTestCase
[INFO ][2016-01-28 11:29:42,571][com.java.TestType] [  442] - The Concept sheet name is ---------- Concept
[INFO ][2016-01-28 11:29:42,571][com.java.TestType] [  445] - The Concept ID  is ---------- 2
[DEBUG][2016-01-28 11:29:42,571][com.java.TestType] [  449] - Steps being executted in the Concept are: 1:2
[INFO ][2016-01-28 11:29:42,571][com.java.TestType] [  456] - Test data details path ---------- D:\BankersDashboard\TestInputs\TestData.xls
[INFO ][2016-01-28 11:29:42,603][com.java.TestType] [  487] -  str(1) = 2
[INFO ][2016-01-28 11:29:42,603][com.java.TestType] [  490] - Test case Id is---2
[INFO ][2016-01-28 11:29:42,603][com.java.TestType] [  492] - 2
[INFO ][2016-01-28 11:29:42,603][com.java.TestType] [  487] -  str(2) = 1
[INFO ][2016-01-28 11:29:42,604][com.java.TestType] [  487] -  str(1) = 2
[INFO ][2016-01-28 11:29:42,604][com.java.TestType] [  490] - Test case Id is---2
[INFO ][2016-01-28 11:29:42,604][com.java.TestType] [  492] - 2
[INFO ][2016-01-28 11:29:42,605][com.java.TestType] [  487] -  str(2) = 2
[INFO ][2016-01-28 11:29:42,605][com.java.TestType] [  487] -  str(1) = 2
[INFO ][2016-01-28 11:29:42,606][com.java.TestType] [  490] - Test case Id is---2
[INFO ][2016-01-28 11:29:42,606][com.java.TestType] [  492] - 2
[INFO ][2016-01-28 11:29:42,606][com.java.TestType] [  487] -  str(2) = 3
[INFO ][2016-01-28 11:29:42,607][com.java.TestType] [11650] - Looping 1TCID = 2
[DEBUG][2016-01-28 11:29:42,607][com.java.TestType] [11691] - Concept ID:2 :: Step being Executed: 2::1
[INFO ][2016-01-28 11:29:42,607][com.java.TestType] [11729] - dataFields : BNK//select[@id='bank']
[DEBUG][2016-01-28 11:29:42,607][com.java.TestType] [11735] - <In Set values of the page>
[DEBUG][2016-01-28 11:29:42,607][com.java.TestType] [11740] - {Data Fields & Data Values Exist}
[INFO ][2016-01-28 11:29:42,607][com.java.TestType] [11746] - --------------------------setting values-----------------------------
[INFO ][2016-01-28 11:29:42,607][com.java.TestType] [11749] - Action Type : Select
[INFO ][2016-01-28 11:29:42,607][com.java.TestType] [ 6395] - value = PFC
[INFO ][2016-01-28 11:29:42,803][com.java.TestType] [11768] -  RESULT true
[INFO ][2016-01-28 11:29:42,803][com.java.TestType] [11885] - ?   P A S S   ?
[DEBUG][2016-01-28 11:29:42,803][com.java.TestType] [11691] - Concept ID:2 :: Step being Executed: 2::2
[INFO ][2016-01-28 11:29:42,803][com.java.TestType] [11729] - dataFields : LNKLogout
[DEBUG][2016-01-28 11:29:42,803][com.java.TestType] [11735] - <In Set values of the page>
[DEBUG][2016-01-28 11:29:42,803][com.java.TestType] [11740] - {Data Fields & Data Values Exist}
[INFO ][2016-01-28 11:29:42,803][com.java.TestType] [11746] - --------------------------setting values-----------------------------
[INFO ][2016-01-28 11:29:42,803][com.java.TestType] [11749] - Action Type : WaitTime
[DEBUG][2016-01-28 11:29:42,804][com.java.TestType] [ 6209] - sleepTime: 5000
[INFO ][2016-01-28 11:29:47,805][com.java.TestType] [11768] -  RESULT true
[INFO ][2016-01-28 11:29:47,805][com.java.TestType] [11885] - ?   P A S S   ?
[INFO ][2016-01-28 11:29:47,805][com.java.TestType] [11956] - Looping End......
[INFO ][2016-01-28 11:29:47,809][com.java.SeleniumDriver] [  930] -  RESULT true
[INFO ][2016-01-28 11:29:47,809][com.java.SeleniumDriver] [ 1136] - ?   P A S S   ?
[INFO ][2016-01-28 11:29:47,809][com.java.SeleniumDriver] [  856] - ------------------------------------------
[INFO ][2016-01-28 11:29:47,809][com.java.SeleniumDriver] [  857] - Test case being Executed: 2
[INFO ][2016-01-28 11:29:47,809][com.java.SeleniumDriver] [  869] - Test step:4
[INFO ][2016-01-28 11:29:47,809][com.java.SeleniumDriver] [  881] - Datavalue is----------2
[INFO ][2016-01-28 11:29:47,809][com.java.SeleniumDriver] [  905] - DataField : BTNG/L
[INFO ][2016-01-28 11:29:47,810][com.java.SeleniumDriver] [  907] - DataValue : 2
[INFO ][2016-01-28 11:29:47,810][com.java.SeleniumDriver] [  913] - <In Set values of the page>
[INFO ][2016-01-28 11:29:47,810][com.java.SeleniumDriver] [  916] - {Data Fields & Data Values Exist}
[INFO ][2016-01-28 11:29:47,810][com.java.SeleniumDriver] [  918] - --------------------------setting values-----------------------------
[INFO ][2016-01-28 11:29:47,810][com.java.SeleniumDriver] [  921] - Action Type : WAITFORELEMENT
[INFO ][2016-01-28 11:29:47,856][com.java.SeleniumDriver] [  930] -  RESULT true
[INFO ][2016-01-28 11:29:47,856][com.java.SeleniumDriver] [ 1136] - ?   P A S S   ?
[INFO ][2016-01-28 11:29:47,856][com.java.SeleniumDriver] [  856] - ------------------------------------------
[INFO ][2016-01-28 11:29:47,857][com.java.SeleniumDriver] [  857] - Test case being Executed: 2
[INFO ][2016-01-28 11:29:47,857][com.java.SeleniumDriver] [  869] - Test step:5
[INFO ][2016-01-28 11:29:47,857][com.java.SeleniumDriver] [  881] - Datavalue is----------null
[DEBUG][2016-01-28 11:29:47,857][com.java.SeleniumDriver] [  899] - Exception: null
[INFO ][2016-01-28 11:29:47,857][com.java.SeleniumDriver] [  905] - DataField : //span[@class='icon-hammer']&&//a[text()='Custom Calculations']
[INFO ][2016-01-28 11:29:47,857][com.java.SeleniumDriver] [  907] - DataValue : 
[INFO ][2016-01-28 11:29:47,857][com.java.SeleniumDriver] [  913] - <In Set values of the page>
[INFO ][2016-01-28 11:29:47,857][com.java.SeleniumDriver] [  916] - {Data Fields & Data Values Exist}
[INFO ][2016-01-28 11:29:47,857][com.java.SeleniumDriver] [  918] - --------------------------setting values-----------------------------
[INFO ][2016-01-28 11:29:47,857][com.java.SeleniumDriver] [  921] - Action Type : MOUSEOVER
[INFO ][2016-01-28 11:30:12,736][com.java.SeleniumDriver] [  930] -  RESULT true
[INFO ][2016-01-28 11:30:12,736][com.java.SeleniumDriver] [ 1136] - ?   P A S S   ?
[INFO ][2016-01-28 11:30:12,736][com.java.SeleniumDriver] [  856] - ------------------------------------------
[INFO ][2016-01-28 11:30:12,736][com.java.SeleniumDriver] [  857] - Test case being Executed: 2
[INFO ][2016-01-28 11:30:12,736][com.java.SeleniumDriver] [  869] - Test step:6
[INFO ][2016-01-28 11:30:12,736][com.java.SeleniumDriver] [  881] - Datavalue is----------5
[INFO ][2016-01-28 11:30:12,736][com.java.SeleniumDriver] [  905] - DataField : BTN//iframe[@class='frameTabContent']
[INFO ][2016-01-28 11:30:12,736][com.java.SeleniumDriver] [  907] - DataValue : 5
[INFO ][2016-01-28 11:30:12,736][com.java.SeleniumDriver] [  913] - <In Set values of the page>
[INFO ][2016-01-28 11:30:12,736][com.java.SeleniumDriver] [  916] - {Data Fields & Data Values Exist}
[INFO ][2016-01-28 11:30:12,736][com.java.SeleniumDriver] [  918] - --------------------------setting values-----------------------------
[INFO ][2016-01-28 11:30:12,736][com.java.SeleniumDriver] [  921] - Action Type : waitforelement
[INFO ][2016-01-28 11:30:12,767][com.java.SeleniumDriver] [  930] -  RESULT true
[INFO ][2016-01-28 11:30:12,767][com.java.SeleniumDriver] [ 1136] - ?   P A S S   ?
[INFO ][2016-01-28 11:30:12,767][com.java.SeleniumDriver] [  856] - ------------------------------------------
[INFO ][2016-01-28 11:30:12,767][com.java.SeleniumDriver] [  857] - Test case being Executed: 2
[INFO ][2016-01-28 11:30:12,767][com.java.SeleniumDriver] [  869] - Test step:7
[INFO ][2016-01-28 11:30:12,767][com.java.SeleniumDriver] [  881] - Datavalue is----------2
[INFO ][2016-01-28 11:30:12,767][com.java.SeleniumDriver] [  905] - DataField : XPH//li[@class="inactiveTab"]//a[@title="Custom Calcs"]
[INFO ][2016-01-28 11:30:12,767][com.java.SeleniumDriver] [  907] - DataValue : 2
[INFO ][2016-01-28 11:30:12,767][com.java.SeleniumDriver] [  913] - <In Set values of the page>
[INFO ][2016-01-28 11:30:12,767][com.java.SeleniumDriver] [  916] - {Data Fields & Data Values Exist}
[INFO ][2016-01-28 11:30:12,767][com.java.SeleniumDriver] [  918] - --------------------------setting values-----------------------------
[INFO ][2016-01-28 11:30:12,767][com.java.SeleniumDriver] [  921] - Action Type : waitforelement
[DEBUG][2016-01-28 11:30:56,859][com.java.TestType] [ 7645] - //li[@class="inactiveTab"]//a[@title="Custom Calcs"]   :: Element not Found
[INFO ][2016-01-28 11:30:56,859][com.java.SeleniumDriver] [  930] -  RESULT false
[INFO ][2016-01-28 11:30:56,859][com.java.SeleniumDriver] [  977] - ?   F A I L   ?
[INFO ][2016-01-28 11:30:56,859][com.java.SeleniumDriver] [  985] - Browser Type : IE10
[INFO ][2016-01-28 11:30:56,859][com.java.SeleniumDriver] [  986] - Adding Failed case2
[INFO ][2016-01-28 11:30:56,859][com.java.SeleniumDriver] [ 1005] - Directory Created
[DEBUG][2016-01-28 11:30:57,593][com.java.SeleniumDriver] [ 1054] -  tdd.getCondition() IF:Next:12
[INFO ][2016-01-28 11:30:57,593][com.java.SeleniumDriver] [ 1063] - step change to 12
[INFO ][2016-01-28 11:30:57,593][com.java.SeleniumDriver] [  856] - ------------------------------------------
[INFO ][2016-01-28 11:30:57,593][com.java.SeleniumDriver] [  857] - Test case being Executed: 2
[INFO ][2016-01-28 11:30:57,593][com.java.SeleniumDriver] [  869] - Test step:12
[INFO ][2016-01-28 11:30:57,593][com.java.SeleniumDriver] [  881] - Datavalue is----------null
[DEBUG][2016-01-28 11:30:57,593][com.java.SeleniumDriver] [  899] - Exception: null
[INFO ][2016-01-28 11:30:57,593][com.java.SeleniumDriver] [  905] - DataField : BTN//iframe[@class='frameTabContent']
[INFO ][2016-01-28 11:30:57,593][com.java.SeleniumDriver] [  907] - DataValue : 
[INFO ][2016-01-28 11:30:57,593][com.java.SeleniumDriver] [  913] - <In Set values of the page>
[INFO ][2016-01-28 11:30:57,593][com.java.SeleniumDriver] [  916] - {Data Fields & Data Values Exist}
[INFO ][2016-01-28 11:30:57,593][com.java.SeleniumDriver] [  918] - --------------------------setting values-----------------------------
[INFO ][2016-01-28 11:30:57,593][com.java.SeleniumDriver] [  921] - Action Type : SELECTFRAME
[INFO ][2016-01-28 11:30:57,718][com.java.SeleniumDriver] [  930] -  RESULT true
[INFO ][2016-01-28 11:30:57,718][com.java.SeleniumDriver] [ 1136] - ?   P A S S   ?
[INFO ][2016-01-28 11:30:57,718][com.java.SeleniumDriver] [  856] - ------------------------------------------
[INFO ][2016-01-28 11:30:57,718][com.java.SeleniumDriver] [  857] - Test case being Executed: 2
[INFO ][2016-01-28 11:30:57,718][com.java.SeleniumDriver] [  869] - Test step:13
[INFO ][2016-01-28 11:30:57,718][com.java.SeleniumDriver] [  881] - Datavalue is----------Custom Calculations
[INFO ][2016-01-28 11:30:57,718][com.java.SeleniumDriver] [  905] - DataField : MSG
[INFO ][2016-01-28 11:30:57,718][com.java.SeleniumDriver] [  907] - DataValue : Custom Calculations
[INFO ][2016-01-28 11:30:57,718][com.java.SeleniumDriver] [  913] - <In Set values of the page>
[INFO ][2016-01-28 11:30:57,718][com.java.SeleniumDriver] [  916] - {Data Fields & Data Values Exist}
[INFO ][2016-01-28 11:30:57,718][com.java.SeleniumDriver] [  918] - --------------------------setting values-----------------------------
[INFO ][2016-01-28 11:30:57,718][com.java.SeleniumDriver] [  921] - Action Type : VERIFY
[INFO ][2016-01-28 11:30:57,718][com.java.TestType] [ 7985] - field= MSG value= Custom Calculations
[INFO ][2016-01-28 11:30:57,718][com.java.TestType] [ 6395] - value = Custom Calculations
[DEBUG][2016-01-28 11:30:57,718][com.java.TestType] [ 8813] - value :: Custom Calculations
[INFO ][2016-01-28 11:30:57,749][com.java.SeleniumDriver] [  930] -  RESULT true
[INFO ][2016-01-28 11:30:57,749][com.java.SeleniumDriver] [ 1136] - ?   P A S S   ?
[INFO ][2016-01-28 11:30:57,749][com.java.SeleniumDriver] [  856] - ------------------------------------------
[INFO ][2016-01-28 11:30:57,749][com.java.SeleniumDriver] [  857] - Test case being Executed: 2
[INFO ][2016-01-28 11:30:57,749][com.java.SeleniumDriver] [  869] - Test step:14
[INFO ][2016-01-28 11:30:57,749][com.java.SeleniumDriver] [  881] - Datavalue is----------RND$_CAL
[INFO ][2016-01-28 11:30:57,749][com.java.SeleniumDriver] [  905] - DataField : TXT//div[@class='dataTables_filter']/label/input
[INFO ][2016-01-28 11:30:57,749][com.java.SeleniumDriver] [  907] - DataValue : RND$_CAL
[INFO ][2016-01-28 11:30:57,749][com.java.SeleniumDriver] [  913] - <In Set values of the page>
[INFO ][2016-01-28 11:30:57,749][com.java.SeleniumDriver] [  916] - {Data Fields & Data Values Exist}
[INFO ][2016-01-28 11:30:57,749][com.java.SeleniumDriver] [  918] - --------------------------setting values-----------------------------
[INFO ][2016-01-28 11:30:57,749][com.java.SeleniumDriver] [  921] - Action Type : ENTER
[INFO ][2016-01-28 11:30:57,749][com.java.TestType] [ 7377] - field = //div[@class='dataTables_filter']/label/input
[INFO ][2016-01-28 11:30:57,749][com.java.TestType] [ 6395] - value = $_CAL100479
[INFO ][2016-01-28 11:30:58,889][com.java.SeleniumDriver] [  930] -  RESULT true
[INFO ][2016-01-28 11:30:58,889][com.java.SeleniumDriver] [ 1136] - ?   P A S S   ?
[INFO ][2016-01-28 11:30:58,889][com.java.SeleniumDriver] [  856] - ------------------------------------------
[INFO ][2016-01-28 11:30:58,889][com.java.SeleniumDriver] [  857] - Test case being Executed: 2
[INFO ][2016-01-28 11:30:58,889][com.java.SeleniumDriver] [  869] - Test step:15
[INFO ][2016-01-28 11:30:58,889][com.java.SeleniumDriver] [  881] - Datavalue is----------$_keys
[INFO ][2016-01-28 11:30:58,889][com.java.SeleniumDriver] [  905] - DataField : TXT//label[contains(text(), 'Search')]/input
[INFO ][2016-01-28 11:30:58,889][com.java.SeleniumDriver] [  907] - DataValue : $_keys
[INFO ][2016-01-28 11:30:58,889][com.java.SeleniumDriver] [  913] - <In Set values of the page>
[INFO ][2016-01-28 11:30:58,889][com.java.SeleniumDriver] [  916] - {Data Fields & Data Values Exist}
[INFO ][2016-01-28 11:30:58,889][com.java.SeleniumDriver] [  918] - --------------------------setting values-----------------------------
[INFO ][2016-01-28 11:30:58,889][com.java.SeleniumDriver] [  921] - Action Type : STOREVALUE
[INFO ][2016-01-28 11:30:58,889][com.java.TestType] [ 9410] - field= TXT//label[contains(text(), 'Search')]/input
[DEBUG][2016-01-28 11:30:58,968][com.java.TestType] [ 9424] - Key:: $_keys  Value:: $_CAL100479
[INFO ][2016-01-28 11:30:58,968][com.java.SeleniumDriver] [  930] -  RESULT true
[INFO ][2016-01-28 11:30:58,968][com.java.SeleniumDriver] [ 1136] - ?   P A S S   ?
[INFO ][2016-01-28 11:30:58,968][com.java.SeleniumDriver] [  856] - ------------------------------------------
[INFO ][2016-01-28 11:30:58,968][com.java.SeleniumDriver] [  857] - Test case being Executed: 2
[INFO ][2016-01-28 11:30:58,968][com.java.SeleniumDriver] [  869] - Test step:16
[INFO ][2016-01-28 11:30:58,968][com.java.SeleniumDriver] [  881] - Datavalue is----------5
[INFO ][2016-01-28 11:30:58,968][com.java.SeleniumDriver] [  905] - DataField : null
[INFO ][2016-01-28 11:30:58,968][com.java.SeleniumDriver] [  907] - DataValue : 5
[INFO ][2016-01-28 11:30:58,968][com.java.SeleniumDriver] [  913] - <In Set values of the page>
[INFO ][2016-01-28 11:30:58,968][com.java.SeleniumDriver] [  916] - {Data Fields & Data Values Exist}
[INFO ][2016-01-28 11:30:58,968][com.java.SeleniumDriver] [  918] - --------------------------setting values-----------------------------
[INFO ][2016-01-28 11:30:58,968][com.java.SeleniumDriver] [  921] - Action Type : WaitTime
[DEBUG][2016-01-28 11:30:58,968][com.java.TestType] [ 6209] - sleepTime: 5000
[INFO ][2016-01-28 11:31:03,976][com.java.SeleniumDriver] [  930] -  RESULT true
[INFO ][2016-01-28 11:31:03,976][com.java.SeleniumDriver] [ 1136] - ?   P A S S   ?
[INFO ][2016-01-28 11:31:03,976][com.java.SeleniumDriver] [  856] - ------------------------------------------
[INFO ][2016-01-28 11:31:03,976][com.java.SeleniumDriver] [  857] - Test case being Executed: 2
[INFO ][2016-01-28 11:31:03,976][com.java.SeleniumDriver] [  869] - Test step:17
[INFO ][2016-01-28 11:31:03,976][com.java.SeleniumDriver] [  881] - Datavalue is----------HMV$_keys
[INFO ][2016-01-28 11:31:03,976][com.java.SeleniumDriver] [  905] - DataField : XPH//table[contains(@class, 'dataTable no-')]/tbody/tr[1]
[INFO ][2016-01-28 11:31:03,976][com.java.SeleniumDriver] [  907] - DataValue : HMV$_keys
[INFO ][2016-01-28 11:31:03,976][com.java.SeleniumDriver] [  913] - <In Set values of the page>
[INFO ][2016-01-28 11:31:03,976][com.java.SeleniumDriver] [  916] - {Data Fields & Data Values Exist}
[INFO ][2016-01-28 11:31:03,976][com.java.SeleniumDriver] [  918] - --------------------------setting values-----------------------------
[INFO ][2016-01-28 11:31:03,976][com.java.SeleniumDriver] [  921] - Action Type : VERIFY
[INFO ][2016-01-28 11:31:03,976][com.java.TestType] [ 7985] - field= XPH//table[contains(@class, 'dataTable no-')]/tbody/tr[1] value= HMV$_keys
[INFO ][2016-01-28 11:31:03,976][com.java.TestType] [ 6395] - value = $_CAL100479
[INFO ][2016-01-28 11:31:04,055][com.java.SeleniumDriver] [  930] -  RESULT false
[INFO ][2016-01-28 11:31:04,055][com.java.SeleniumDriver] [  977] - ?   F A I L   ?
[INFO ][2016-01-28 11:31:04,055][com.java.SeleniumDriver] [  985] - Browser Type : IE10
[INFO ][2016-01-28 11:31:04,055][com.java.SeleniumDriver] [  986] - Adding Failed case2
[DEBUG][2016-01-28 11:31:04,882][com.java.SeleniumDriver] [ 1054] -  tdd.getCondition() IF:37:Next
[INFO ][2016-01-28 11:31:04,882][com.java.SeleniumDriver] [ 1058] - Continue next step...
[INFO ][2016-01-28 11:31:04,882][com.java.SeleniumDriver] [  856] - ------------------------------------------
[INFO ][2016-01-28 11:31:04,882][com.java.SeleniumDriver] [  857] - Test case being Executed: 2
[INFO ][2016-01-28 11:31:04,882][com.java.SeleniumDriver] [  869] - Test step:18
[INFO ][2016-01-28 11:31:04,882][com.java.SeleniumDriver] [  881] - Datavalue is----------null
[DEBUG][2016-01-28 11:31:04,882][com.java.SeleniumDriver] [  899] - Exception: null
[INFO ][2016-01-28 11:31:04,882][com.java.SeleniumDriver] [  905] - DataField : HDN//a[contains(text(), 'Add Calculation')]
[INFO ][2016-01-28 11:31:04,882][com.java.SeleniumDriver] [  907] - DataValue : 
[INFO ][2016-01-28 11:31:04,882][com.java.SeleniumDriver] [  913] - <In Set values of the page>
[INFO ][2016-01-28 11:31:04,882][com.java.SeleniumDriver] [  916] - {Data Fields & Data Values Exist}
[INFO ][2016-01-28 11:31:04,882][com.java.SeleniumDriver] [  918] - --------------------------setting values-----------------------------
[INFO ][2016-01-28 11:31:04,882][com.java.SeleniumDriver] [  921] - Action Type : CLICK
[INFO ][2016-01-28 11:31:04,882][com.java.TestType] [ 6774] - Field ::HDN//a[contains(text(), 'Add Calculation')]
[INFO ][2016-01-28 11:31:04,882][com.java.TestType] [ 6395] - value = 
[INFO ][2016-01-28 11:31:06,069][com.java.SeleniumDriver] [  930] -  RESULT true
[INFO ][2016-01-28 11:31:06,069][com.java.SeleniumDriver] [ 1136] - ?   P A S S   ?
[INFO ][2016-01-28 11:31:06,069][com.java.SeleniumDriver] [  856] - ------------------------------------------
[INFO ][2016-01-28 11:31:06,069][com.java.SeleniumDriver] [  857] - Test case being Executed: 2
[INFO ][2016-01-28 11:31:06,069][com.java.SeleniumDriver] [  869] - Test step:19
[INFO ][2016-01-28 11:31:06,069][com.java.SeleniumDriver] [  881] - Datavalue is----------10
[INFO ][2016-01-28 11:31:06,069][com.java.SeleniumDriver] [  905] - DataField : XPH//*[@*='Name your Calculation']
[INFO ][2016-01-28 11:31:06,069][com.java.SeleniumDriver] [  907] - DataValue : 10
[INFO ][2016-01-28 11:31:06,069][com.java.SeleniumDriver] [  913] - <In Set values of the page>
[INFO ][2016-01-28 11:31:06,069][com.java.SeleniumDriver] [  916] - {Data Fields & Data Values Exist}
[INFO ][2016-01-28 11:31:06,069][com.java.SeleniumDriver] [  918] - --------------------------setting values-----------------------------
[INFO ][2016-01-28 11:31:06,069][com.java.SeleniumDriver] [  921] - Action Type : WAITFORELEMENT
[INFO ][2016-01-28 11:31:06,100][com.java.SeleniumDriver] [  930] -  RESULT true
[INFO ][2016-01-28 11:31:06,100][com.java.SeleniumDriver] [ 1136] - ?   P A S S   ?
[INFO ][2016-01-28 11:31:06,100][com.java.SeleniumDriver] [  856] - ------------------------------------------
[INFO ][2016-01-28 11:31:06,100][com.java.SeleniumDriver] [  857] - Test case being Executed: 2
[INFO ][2016-01-28 11:31:06,100][com.java.SeleniumDriver] [  869] - Test step:20
[INFO ][2016-01-28 11:31:06,100][com.java.SeleniumDriver] [  881] - Datavalue is----------HMV$_keys
[INFO ][2016-01-28 11:31:06,100][com.java.SeleniumDriver] [  905] - DataField : TXT//*[@*='Name your Calculation']
[INFO ][2016-01-28 11:31:06,100][com.java.SeleniumDriver] [  907] - DataValue : HMV$_keys
[INFO ][2016-01-28 11:31:06,100][com.java.SeleniumDriver] [  913] - <In Set values of the page>
[INFO ][2016-01-28 11:31:06,100][com.java.SeleniumDriver] [  916] - {Data Fields & Data Values Exist}
[INFO ][2016-01-28 11:31:06,100][com.java.SeleniumDriver] [  918] - --------------------------setting values-----------------------------
[INFO ][2016-01-28 11:31:06,100][com.java.SeleniumDriver] [  921] - Action Type : ENTER
[INFO ][2016-01-28 11:31:06,100][com.java.TestType] [ 7377] - field = //*[@*='Name your Calculation']
[INFO ][2016-01-28 11:31:06,100][com.java.TestType] [ 6395] - value = $_CAL100479
[INFO ][2016-01-28 11:31:07,192][com.java.SeleniumDriver] [  930] -  RESULT true
[INFO ][2016-01-28 11:31:07,192][com.java.SeleniumDriver] [ 1136] - ?   P A S S   ?
[INFO ][2016-01-28 11:31:07,192][com.java.SeleniumDriver] [  856] - ------------------------------------------
[INFO ][2016-01-28 11:31:07,192][com.java.SeleniumDriver] [  857] - Test case being Executed: 2
[INFO ][2016-01-28 11:31:07,192][com.java.SeleniumDriver] [  869] - Test step:21
[INFO ][2016-01-28 11:31:07,192][com.java.SeleniumDriver] [  881] - Datavalue is----------5
[INFO ][2016-01-28 11:31:07,192][com.java.SeleniumDriver] [  905] - DataField : null
[INFO ][2016-01-28 11:31:07,192][com.java.SeleniumDriver] [  907] - DataValue : 5
[INFO ][2016-01-28 11:31:07,192][com.java.SeleniumDriver] [  913] - <In Set values of the page>
[INFO ][2016-01-28 11:31:07,192][com.java.SeleniumDriver] [  916] - {Data Fields & Data Values Exist}
[INFO ][2016-01-28 11:31:07,192][com.java.SeleniumDriver] [  918] - --------------------------setting values-----------------------------
[INFO ][2016-01-28 11:31:07,192][com.java.SeleniumDriver] [  921] - Action Type : WaitTime
[DEBUG][2016-01-28 11:31:07,192][com.java.TestType] [ 6209] - sleepTime: 5000
[INFO ][2016-01-28 11:31:12,201][com.java.SeleniumDriver] [  930] -  RESULT true
[INFO ][2016-01-28 11:31:12,201][com.java.SeleniumDriver] [ 1136] - ?   P A S S   ?
[INFO ][2016-01-28 11:31:12,201][com.java.SeleniumDriver] [  856] - ------------------------------------------
[INFO ][2016-01-28 11:31:12,201][com.java.SeleniumDriver] [  857] - Test case being Executed: 2
[INFO ][2016-01-28 11:31:12,201][com.java.SeleniumDriver] [  869] - Test step:22
[INFO ][2016-01-28 11:31:12,201][com.java.SeleniumDriver] [  881] - Datavalue is----------$_keys
[INFO ][2016-01-28 11:31:12,201][com.java.SeleniumDriver] [  905] - DataField : TXT//*[@*='Name your Calculation']
[INFO ][2016-01-28 11:31:12,201][com.java.SeleniumDriver] [  907] - DataValue : $_keys
[INFO ][2016-01-28 11:31:12,201][com.java.SeleniumDriver] [  913] - <In Set values of the page>
[INFO ][2016-01-28 11:31:12,201][com.java.SeleniumDriver] [  916] - {Data Fields & Data Values Exist}
[INFO ][2016-01-28 11:31:12,201][com.java.SeleniumDriver] [  918] - --------------------------setting values-----------------------------
[INFO ][2016-01-28 11:31:12,201][com.java.SeleniumDriver] [  921] - Action Type : STOREVALUE
[INFO ][2016-01-28 11:31:12,201][com.java.TestType] [ 9410] - field= TXT//*[@*='Name your Calculation']
[DEBUG][2016-01-28 11:31:12,311][com.java.TestType] [ 9424] - Key:: $_keys  Value:: $_CAL100479
[INFO ][2016-01-28 11:31:12,311][com.java.SeleniumDriver] [  930] -  RESULT true
[INFO ][2016-01-28 11:31:12,311][com.java.SeleniumDriver] [ 1136] - ?   P A S S   ?
[INFO ][2016-01-28 11:31:12,311][com.java.SeleniumDriver] [  856] - ------------------------------------------
[INFO ][2016-01-28 11:31:12,311][com.java.SeleniumDriver] [  857] - Test case being Executed: 2
[INFO ][2016-01-28 11:31:12,311][com.java.SeleniumDriver] [  869] - Test step:23
[INFO ][2016-01-28 11:31:12,311][com.java.SeleniumDriver] [  881] - Datavalue is----------null
[DEBUG][2016-01-28 11:31:12,311][com.java.SeleniumDriver] [  899] - Exception: null
[INFO ][2016-01-28 11:31:12,311][com.java.SeleniumDriver] [  905] - DataField : XPH//select[contains(@class, 'ember-select ')]
[INFO ][2016-01-28 11:31:12,311][com.java.SeleniumDriver] [  907] - DataValue : 
[INFO ][2016-01-28 11:31:12,311][com.java.SeleniumDriver] [  913] - <In Set values of the page>
[INFO ][2016-01-28 11:31:12,311][com.java.SeleniumDriver] [  916] - {Data Fields & Data Values Exist}
[INFO ][2016-01-28 11:31:12,311][com.java.SeleniumDriver] [  918] - --------------------------setting values-----------------------------
[INFO ][2016-01-28 11:31:12,311][com.java.SeleniumDriver] [  921] - Action Type : click
[INFO ][2016-01-28 11:31:12,311][com.java.TestType] [ 6774] - Field ::XPH//select[contains(@class, 'ember-select ')]
[INFO ][2016-01-28 11:31:12,311][com.java.TestType] [ 6395] - value = 
[INFO ][2016-01-28 11:31:13,325][com.java.TestType] [ 6947] - BEFORE CLICK
[INFO ][2016-01-28 11:31:14,230][com.java.TestType] [ 6955] - Unable to click the object format dropdown
[INFO ][2016-01-28 11:31:14,230][com.java.SeleniumDriver] [  930] -  RESULT true
[INFO ][2016-01-28 11:31:14,230][com.java.SeleniumDriver] [ 1136] - ?   P A S S   ?
[INFO ][2016-01-28 11:31:14,230][com.java.SeleniumDriver] [  856] - ------------------------------------------
[INFO ][2016-01-28 11:31:14,230][com.java.SeleniumDriver] [  857] - Test case being Executed: 2
[INFO ][2016-01-28 11:31:14,230][com.java.SeleniumDriver] [  869] - Test step:24
[INFO ][2016-01-28 11:31:14,230][com.java.SeleniumDriver] [  881] - Datavalue is----------10
[INFO ][2016-01-28 11:31:14,230][com.java.SeleniumDriver] [  905] - DataField : XPH//select[contains(@class, 'ember-select ')]/option[contains(text(), '$')]
[INFO ][2016-01-28 11:31:14,230][com.java.SeleniumDriver] [  907] - DataValue : 10
[INFO ][2016-01-28 11:31:14,230][com.java.SeleniumDriver] [  913] - <In Set values of the page>
[INFO ][2016-01-28 11:31:14,230][com.java.SeleniumDriver] [  916] - {Data Fields & Data Values Exist}
[INFO ][2016-01-28 11:31:14,230][com.java.SeleniumDriver] [  918] - --------------------------setting values-----------------------------
[INFO ][2016-01-28 11:31:14,230][com.java.SeleniumDriver] [  921] - Action Type : WAITFORELEMENT
[INFO ][2016-01-28 11:31:14,262][com.java.SeleniumDriver] [  930] -  RESULT true
[INFO ][2016-01-28 11:31:14,262][com.java.SeleniumDriver] [ 1136] - ?   P A S S   ?
[INFO ][2016-01-28 11:31:14,262][com.java.SeleniumDriver] [  856] - ------------------------------------------
[INFO ][2016-01-28 11:31:14,262][com.java.SeleniumDriver] [  857] - Test case being Executed: 2
[INFO ][2016-01-28 11:31:14,262][com.java.SeleniumDriver] [  869] - Test step:25
[INFO ][2016-01-28 11:31:14,262][com.java.SeleniumDriver] [  881] - Datavalue is----------null
[DEBUG][2016-01-28 11:31:14,262][com.java.SeleniumDriver] [  899] - Exception: null
[INFO ][2016-01-28 11:31:14,262][com.java.SeleniumDriver] [  905] - DataField : XPH//select[contains(@class, 'ember-select ')]/option[contains(text(), '$')]
[INFO ][2016-01-28 11:31:14,262][com.java.SeleniumDriver] [  907] - DataValue : 
[INFO ][2016-01-28 11:31:14,262][com.java.SeleniumDriver] [  913] - <In Set values of the page>
[INFO ][2016-01-28 11:31:14,262][com.java.SeleniumDriver] [  916] - {Data Fields & Data Values Exist}
[INFO ][2016-01-28 11:31:14,262][com.java.SeleniumDriver] [  918] - --------------------------setting values-----------------------------
[INFO ][2016-01-28 11:31:14,262][com.java.SeleniumDriver] [  921] - Action Type : click
[INFO ][2016-01-28 11:31:14,262][com.java.TestType] [ 6774] - Field ::XPH//select[contains(@class, 'ember-select ')]/option[contains(text(), '$')]
[INFO ][2016-01-28 11:31:14,262][com.java.TestType] [ 6395] - value = 
[INFO ][2016-01-28 11:31:15,276][com.java.TestType] [ 6947] - BEFORE CLICK
[INFO ][2016-01-28 11:31:16,009][com.java.TestType] [ 6955] - Unable to click the object select dollar
[INFO ][2016-01-28 11:31:16,009][com.java.SeleniumDriver] [  930] -  RESULT true
[INFO ][2016-01-28 11:31:16,009][com.java.SeleniumDriver] [ 1136] - ?   P A S S   ?
[INFO ][2016-01-28 11:31:16,009][com.java.SeleniumDriver] [  856] - ------------------------------------------
[INFO ][2016-01-28 11:31:16,009][com.java.SeleniumDriver] [  857] - Test case being Executed: 2
[INFO ][2016-01-28 11:31:16,009][com.java.SeleniumDriver] [  869] - Test step:26
[INFO ][2016-01-28 11:31:16,009][com.java.SeleniumDriver] [  881] - Datavalue is----------10
[INFO ][2016-01-28 11:31:16,009][com.java.SeleniumDriver] [  905] - DataField : XPH//a[text()='Assets']
[INFO ][2016-01-28 11:31:16,009][com.java.SeleniumDriver] [  907] - DataValue : 10
[INFO ][2016-01-28 11:31:16,009][com.java.SeleniumDriver] [  913] - <In Set values of the page>
[INFO ][2016-01-28 11:31:16,009][com.java.SeleniumDriver] [  916] - {Data Fields & Data Values Exist}
[INFO ][2016-01-28 11:31:16,009][com.java.SeleniumDriver] [  918] - --------------------------setting values-----------------------------
[INFO ][2016-01-28 11:31:16,009][com.java.SeleniumDriver] [  921] - Action Type : WAITFORELEMENT
[INFO ][2016-01-28 11:31:16,010][com.java.SeleniumDriver] [  930] -  RESULT true
[INFO ][2016-01-28 11:31:16,010][com.java.SeleniumDriver] [ 1136] - ?   P A S S   ?
[INFO ][2016-01-28 11:31:16,010][com.java.SeleniumDriver] [  856] - ------------------------------------------
[INFO ][2016-01-28 11:31:16,010][com.java.SeleniumDriver] [  857] - Test case being Executed: 2
[INFO ][2016-01-28 11:31:16,010][com.java.SeleniumDriver] [  869] - Test step:27
[INFO ][2016-01-28 11:31:16,010][com.java.SeleniumDriver] [  881] - Datavalue is----------null
[DEBUG][2016-01-28 11:31:16,010][com.java.SeleniumDriver] [  899] - Exception: null
[INFO ][2016-01-28 11:31:16,010][com.java.SeleniumDriver] [  905] - DataField : XPH//a[text()='Assets']
[INFO ][2016-01-28 11:31:16,010][com.java.SeleniumDriver] [  907] - DataValue : 
[INFO ][2016-01-28 11:31:16,010][com.java.SeleniumDriver] [  913] - <In Set values of the page>
[INFO ][2016-01-28 11:31:16,010][com.java.SeleniumDriver] [  916] - {Data Fields & Data Values Exist}
[INFO ][2016-01-28 11:31:16,010][com.java.SeleniumDriver] [  918] - --------------------------setting values-----------------------------
[INFO ][2016-01-28 11:31:16,010][com.java.SeleniumDriver] [  921] - Action Type : click
[INFO ][2016-01-28 11:31:16,010][com.java.TestType] [ 6774] - Field ::XPH//a[text()='Assets']
[INFO ][2016-01-28 11:31:16,010][com.java.TestType] [ 6395] - value = 
[INFO ][2016-01-28 11:31:17,040][com.java.TestType] [ 6947] - BEFORE CLICK
[INFO ][2016-01-28 11:31:17,961][com.java.TestType] [ 6955] - Unable to click the object assets link
[INFO ][2016-01-28 11:31:17,961][com.java.SeleniumDriver] [  930] -  RESULT true
[INFO ][2016-01-28 11:31:17,961][com.java.SeleniumDriver] [ 1136] - ?   P A S S   ?
[INFO ][2016-01-28 11:31:17,961][com.java.SeleniumDriver] [  856] - ------------------------------------------
[INFO ][2016-01-28 11:31:17,961][com.java.SeleniumDriver] [  857] - Test case being Executed: 2
[INFO ][2016-01-28 11:31:17,961][com.java.SeleniumDriver] [  869] - Test step:28
[INFO ][2016-01-28 11:31:17,961][com.java.SeleniumDriver] [  881] - Datavalue is----------10
[INFO ][2016-01-28 11:31:17,961][com.java.SeleniumDriver] [  905] - DataField : XPH//a[text()='Assets']/../../ul/li[1]//a
[INFO ][2016-01-28 11:31:17,961][com.java.SeleniumDriver] [  907] - DataValue : 10
[INFO ][2016-01-28 11:31:17,961][com.java.SeleniumDriver] [  913] - <In Set values of the page>
[INFO ][2016-01-28 11:31:17,961][com.java.SeleniumDriver] [  916] - {Data Fields & Data Values Exist}
[INFO ][2016-01-28 11:31:17,961][com.java.SeleniumDriver] [  918] - --------------------------setting values-----------------------------
[INFO ][2016-01-28 11:31:17,961][com.java.SeleniumDriver] [  921] - Action Type : WAITFORELEMENT
[INFO ][2016-01-28 11:31:17,962][com.java.SeleniumDriver] [  930] -  RESULT true
[INFO ][2016-01-28 11:31:17,962][com.java.SeleniumDriver] [ 1136] - ?   P A S S   ?
[INFO ][2016-01-28 11:31:17,962][com.java.SeleniumDriver] [  856] - ------------------------------------------
[INFO ][2016-01-28 11:31:17,962][com.java.SeleniumDriver] [  857] - Test case being Executed: 2
[INFO ][2016-01-28 11:31:17,962][com.java.SeleniumDriver] [  869] - Test step:29
[INFO ][2016-01-28 11:31:17,962][com.java.SeleniumDriver] [  881] - Datavalue is----------//div[contains(@class, 'ui-droppable')]
[INFO ][2016-01-28 11:31:17,962][com.java.SeleniumDriver] [  905] - DataField : //a[text()='Assets']/../../ul/li[1]//a
[INFO ][2016-01-28 11:31:17,962][com.java.SeleniumDriver] [  907] - DataValue : //div[contains(@class, 'ui-droppable')]
[INFO ][2016-01-28 11:31:17,962][com.java.SeleniumDriver] [  913] - <In Set values of the page>
[INFO ][2016-01-28 11:31:17,962][com.java.SeleniumDriver] [  916] - {Data Fields & Data Values Exist}
[INFO ][2016-01-28 11:31:17,962][com.java.SeleniumDriver] [  918] - --------------------------setting values-----------------------------
[INFO ][2016-01-28 11:31:17,962][com.java.SeleniumDriver] [  921] - Action Type : DRAGANDDROP
[INFO ][2016-01-28 11:31:18,479][com.java.SeleniumDriver] [  930] -  RESULT true
[INFO ][2016-01-28 11:31:18,479][com.java.SeleniumDriver] [ 1136] - ?   P A S S   ?
[INFO ][2016-01-28 11:31:18,479][com.java.SeleniumDriver] [  856] - ------------------------------------------
[INFO ][2016-01-28 11:31:18,479][com.java.SeleniumDriver] [  857] - Test case being Executed: 2
[INFO ][2016-01-28 11:31:18,479][com.java.SeleniumDriver] [  869] - Test step:30
[INFO ][2016-01-28 11:31:18,479][com.java.SeleniumDriver] [  881] - Datavalue is----------10
[INFO ][2016-01-28 11:31:18,479][com.java.SeleniumDriver] [  905] - DataField : XPH//div[contains(@class, 'alert-success') and contains(normalize-space(.), 'Valid Calculation!')]
[INFO ][2016-01-28 11:31:18,479][com.java.SeleniumDriver] [  907] - DataValue : 10
[INFO ][2016-01-28 11:31:18,479][com.java.SeleniumDriver] [  913] - <In Set values of the page>
[INFO ][2016-01-28 11:31:18,479][com.java.SeleniumDriver] [  916] - {Data Fields & Data Values Exist}
[INFO ][2016-01-28 11:31:18,479][com.java.SeleniumDriver] [  918] - --------------------------setting values-----------------------------
[INFO ][2016-01-28 11:31:18,479][com.java.SeleniumDriver] [  921] - Action Type : WAITFORELEMENT
[INFO ][2016-01-28 11:31:18,526][com.java.SeleniumDriver] [  930] -  RESULT true
[INFO ][2016-01-28 11:31:18,526][com.java.SeleniumDriver] [ 1136] - ?   P A S S   ?
[INFO ][2016-01-28 11:31:18,526][com.java.SeleniumDriver] [  856] - ------------------------------------------
[INFO ][2016-01-28 11:31:18,526][com.java.SeleniumDriver] [  857] - Test case being Executed: 2
[INFO ][2016-01-28 11:31:18,526][com.java.SeleniumDriver] [  869] - Test step:31
[INFO ][2016-01-28 11:31:18,526][com.java.SeleniumDriver] [  881] - Datavalue is----------null
[DEBUG][2016-01-28 11:31:18,526][com.java.SeleniumDriver] [  899] - Exception: null
[INFO ][2016-01-28 11:31:18,526][com.java.SeleniumDriver] [  905] - DataField : XPH//button[text()='+']
[INFO ][2016-01-28 11:31:18,526][com.java.SeleniumDriver] [  907] - DataValue : 
[INFO ][2016-01-28 11:31:18,526][com.java.SeleniumDriver] [  913] - <In Set values of the page>
[INFO ][2016-01-28 11:31:18,526][com.java.SeleniumDriver] [  916] - {Data Fields & Data Values Exist}
[INFO ][2016-01-28 11:31:18,526][com.java.SeleniumDriver] [  918] - --------------------------setting values-----------------------------
[INFO ][2016-01-28 11:31:18,526][com.java.SeleniumDriver] [  921] - Action Type : click
[INFO ][2016-01-28 11:31:18,526][com.java.TestType] [ 6774] - Field ::XPH//button[text()='+']
[INFO ][2016-01-28 11:31:18,526][com.java.TestType] [ 6395] - value = 
[INFO ][2016-01-28 11:31:19,540][com.java.TestType] [ 6947] - BEFORE CLICK
[INFO ][2016-01-28 11:31:20,335][com.java.TestType] [ 6955] - Unable to click the object  + button
[INFO ][2016-01-28 11:31:20,335][com.java.SeleniumDriver] [  930] -  RESULT true
[INFO ][2016-01-28 11:31:20,335][com.java.SeleniumDriver] [ 1136] - ?   P A S S   ?
[INFO ][2016-01-28 11:31:20,335][com.java.SeleniumDriver] [  856] - ------------------------------------------
[INFO ][2016-01-28 11:31:20,335][com.java.SeleniumDriver] [  857] - Test case being Executed: 2
[INFO ][2016-01-28 11:31:20,335][com.java.SeleniumDriver] [  869] - Test step:32
[INFO ][2016-01-28 11:31:20,335][com.java.SeleniumDriver] [  881] - Datavalue is----------10
[INFO ][2016-01-28 11:31:20,335][com.java.SeleniumDriver] [  905] - DataField : XPH//a[text()='Assets']/../../ul/li[2]//a
[INFO ][2016-01-28 11:31:20,335][com.java.SeleniumDriver] [  907] - DataValue : 10
[INFO ][2016-01-28 11:31:20,335][com.java.SeleniumDriver] [  913] - <In Set values of the page>
[INFO ][2016-01-28 11:31:20,335][com.java.SeleniumDriver] [  916] - {Data Fields & Data Values Exist}
[INFO ][2016-01-28 11:31:20,335][com.java.SeleniumDriver] [  918] - --------------------------setting values-----------------------------
[INFO ][2016-01-28 11:31:20,335][com.java.SeleniumDriver] [  921] - Action Type : WAITFORELEMENT
[INFO ][2016-01-28 11:31:20,336][com.java.SeleniumDriver] [  930] -  RESULT true
[INFO ][2016-01-28 11:31:20,336][com.java.SeleniumDriver] [ 1136] - ?   P A S S   ?
[INFO ][2016-01-28 11:31:20,336][com.java.SeleniumDriver] [  856] - ------------------------------------------
[INFO ][2016-01-28 11:31:20,336][com.java.SeleniumDriver] [  857] - Test case being Executed: 2
[INFO ][2016-01-28 11:31:20,336][com.java.SeleniumDriver] [  869] - Test step:33
[INFO ][2016-01-28 11:31:20,336][com.java.SeleniumDriver] [  881] - Datavalue is----------//div[contains(@class, 'ui-droppable')]
[INFO ][2016-01-28 11:31:20,336][com.java.SeleniumDriver] [  905] - DataField : //a[text()='Assets']/../../ul/li[2]//a
[INFO ][2016-01-28 11:31:20,336][com.java.SeleniumDriver] [  907] - DataValue : //div[contains(@class, 'ui-droppable')]
[INFO ][2016-01-28 11:31:20,336][com.java.SeleniumDriver] [  913] - <In Set values of the page>
[INFO ][2016-01-28 11:31:20,336][com.java.SeleniumDriver] [  916] - {Data Fields & Data Values Exist}
[INFO ][2016-01-28 11:31:20,336][com.java.SeleniumDriver] [  918] - --------------------------setting values-----------------------------
[INFO ][2016-01-28 11:31:20,336][com.java.SeleniumDriver] [  921] - Action Type : DRAGANDDROP
[INFO ][2016-01-28 11:31:20,947][com.java.SeleniumDriver] [  930] -  RESULT true
[INFO ][2016-01-28 11:31:20,947][com.java.SeleniumDriver] [ 1136] - ?   P A S S   ?
[INFO ][2016-01-28 11:31:20,947][com.java.SeleniumDriver] [  856] - ------------------------------------------
[INFO ][2016-01-28 11:31:20,947][com.java.SeleniumDriver] [  857] - Test case being Executed: 2
[INFO ][2016-01-28 11:31:20,947][com.java.SeleniumDriver] [  869] - Test step:34
[INFO ][2016-01-28 11:31:20,947][com.java.SeleniumDriver] [  881] - Datavalue is----------10
[INFO ][2016-01-28 11:31:20,947][com.java.SeleniumDriver] [  905] - DataField : XPH//div[contains(@class, 'alert-success') and contains(normalize-space(.), 'Valid Calculation!')]
[INFO ][2016-01-28 11:31:20,947][com.java.SeleniumDriver] [  907] - DataValue : 10
[INFO ][2016-01-28 11:31:20,947][com.java.SeleniumDriver] [  913] - <In Set values of the page>
[INFO ][2016-01-28 11:31:20,947][com.java.SeleniumDriver] [  916] - {Data Fields & Data Values Exist}
[INFO ][2016-01-28 11:31:20,947][com.java.SeleniumDriver] [  918] - --------------------------setting values-----------------------------
[INFO ][2016-01-28 11:31:20,947][com.java.SeleniumDriver] [  921] - Action Type : WAITFORELEMENT
[INFO ][2016-01-28 11:31:20,963][com.java.SeleniumDriver] [  930] -  RESULT true
[INFO ][2016-01-28 11:31:20,963][com.java.SeleniumDriver] [ 1136] - ?   P A S S   ?
[INFO ][2016-01-28 11:31:20,963][com.java.SeleniumDriver] [  856] - ------------------------------------------
[INFO ][2016-01-28 11:31:20,963][com.java.SeleniumDriver] [  857] - Test case being Executed: 2
[INFO ][2016-01-28 11:31:20,963][com.java.SeleniumDriver] [  869] - Test step:35
[INFO ][2016-01-28 11:31:20,979][com.java.SeleniumDriver] [  881] - Datavalue is----------null
[DEBUG][2016-01-28 11:31:20,979][com.java.SeleniumDriver] [  899] - Exception: null
[INFO ][2016-01-28 11:31:20,979][com.java.SeleniumDriver] [  905] - DataField : HDN//button[contains(text(),'Save')]
[INFO ][2016-01-28 11:31:20,979][com.java.SeleniumDriver] [  907] - DataValue : 
[INFO ][2016-01-28 11:31:20,979][com.java.SeleniumDriver] [  913] - <In Set values of the page>
[INFO ][2016-01-28 11:31:20,979][com.java.SeleniumDriver] [  916] - {Data Fields & Data Values Exist}
[INFO ][2016-01-28 11:31:20,979][com.java.SeleniumDriver] [  918] - --------------------------setting values-----------------------------
[INFO ][2016-01-28 11:31:20,979][com.java.SeleniumDriver] [  921] - Action Type : click
[INFO ][2016-01-28 11:31:20,979][com.java.TestType] [ 6774] - Field ::HDN//button[contains(text(),'Save')]
[INFO ][2016-01-28 11:31:20,979][com.java.TestType] [ 6395] - value = 
[INFO ][2016-01-28 11:31:22,103][com.java.SeleniumDriver] [  930] -  RESULT true
[INFO ][2016-01-28 11:31:22,103][com.java.SeleniumDriver] [ 1136] - ?   P A S S   ?
[INFO ][2016-01-28 11:31:22,103][com.java.SeleniumDriver] [  856] - ------------------------------------------
[INFO ][2016-01-28 11:31:22,103][com.java.SeleniumDriver] [  857] - Test case being Executed: 2
[INFO ][2016-01-28 11:31:22,103][com.java.SeleniumDriver] [  869] - Test step:36
[INFO ][2016-01-28 11:31:22,103][com.java.SeleniumDriver] [  881] - Datavalue is----------10
[INFO ][2016-01-28 11:31:22,103][com.java.SeleniumDriver] [  905] - DataField : XPH//label[contains(text(), 'Show')]
[INFO ][2016-01-28 11:31:22,103][com.java.SeleniumDriver] [  907] - DataValue : 10
[INFO ][2016-01-28 11:31:22,103][com.java.SeleniumDriver] [  913] - <In Set values of the page>
[INFO ][2016-01-28 11:31:22,103][com.java.SeleniumDriver] [  916] - {Data Fields & Data Values Exist}
[INFO ][2016-01-28 11:31:22,103][com.java.SeleniumDriver] [  918] - --------------------------setting values-----------------------------
[INFO ][2016-01-28 11:31:22,103][com.java.SeleniumDriver] [  921] - Action Type : WAITFORELEMENT
[INFO ][2016-01-28 11:31:23,186][com.java.SeleniumDriver] [  930] -  RESULT true
[INFO ][2016-01-28 11:31:23,186][com.java.SeleniumDriver] [ 1136] - ?   P A S S   ?
[INFO ][2016-01-28 11:31:23,186][com.java.SeleniumDriver] [  856] - ------------------------------------------
[INFO ][2016-01-28 11:31:23,186][com.java.SeleniumDriver] [  857] - Test case being Executed: 2
[INFO ][2016-01-28 11:31:23,186][com.java.SeleniumDriver] [  869] - Test step:37
[INFO ][2016-01-28 11:31:23,186][com.java.SeleniumDriver] [  881] - Datavalue is----------RND#_CAL
[INFO ][2016-01-28 11:31:23,186][com.java.SeleniumDriver] [  905] - DataField : EDT//div[@class='dataTables_filter']/label/input
[INFO ][2016-01-28 11:31:23,186][com.java.SeleniumDriver] [  907] - DataValue : RND#_CAL
[INFO ][2016-01-28 11:31:23,186][com.java.SeleniumDriver] [  913] - <In Set values of the page>
[INFO ][2016-01-28 11:31:23,186][com.java.SeleniumDriver] [  916] - {Data Fields & Data Values Exist}
[INFO ][2016-01-28 11:31:23,186][com.java.SeleniumDriver] [  918] - --------------------------setting values-----------------------------
[INFO ][2016-01-28 11:31:23,186][com.java.SeleniumDriver] [  921] - Action Type : ENTER
[INFO ][2016-01-28 11:31:23,186][com.java.TestType] [ 7377] - field = //div[@class='dataTables_filter']/label/input
[INFO ][2016-01-28 11:31:23,186][com.java.TestType] [ 6395] - value = #_CAL100084
[INFO ][2016-01-28 11:31:24,170][com.java.SeleniumDriver] [  930] -  RESULT true
[INFO ][2016-01-28 11:31:24,170][com.java.SeleniumDriver] [ 1136] - ?   P A S S   ?
[INFO ][2016-01-28 11:31:24,170][com.java.SeleniumDriver] [  856] - ------------------------------------------
[INFO ][2016-01-28 11:31:24,170][com.java.SeleniumDriver] [  857] - Test case being Executed: 2
[INFO ][2016-01-28 11:31:24,170][com.java.SeleniumDriver] [  869] - Test step:38
[INFO ][2016-01-28 11:31:24,170][com.java.SeleniumDriver] [  881] - Datavalue is----------5
[INFO ][2016-01-28 11:31:24,170][com.java.SeleniumDriver] [  905] - DataField : null
[INFO ][2016-01-28 11:31:24,170][com.java.SeleniumDriver] [  907] - DataValue : 5
[INFO ][2016-01-28 11:31:24,170][com.java.SeleniumDriver] [  913] - <In Set values of the page>
[INFO ][2016-01-28 11:31:24,170][com.java.SeleniumDriver] [  916] - {Data Fields & Data Values Exist}
[INFO ][2016-01-28 11:31:24,170][com.java.SeleniumDriver] [  918] - --------------------------setting values-----------------------------
[INFO ][2016-01-28 11:31:24,170][com.java.SeleniumDriver] [  921] - Action Type : WaitTime
[DEBUG][2016-01-28 11:31:24,170][com.java.TestType] [ 6209] - sleepTime: 5000
[INFO ][2016-01-28 11:31:29,178][com.java.SeleniumDriver] [  930] -  RESULT true
[INFO ][2016-01-28 11:31:29,178][com.java.SeleniumDriver] [ 1136] - ?   P A S S   ?
[INFO ][2016-01-28 11:31:29,178][com.java.SeleniumDriver] [  856] - ------------------------------------------
[INFO ][2016-01-28 11:31:29,178][com.java.SeleniumDriver] [  857] - Test case being Executed: 2
[INFO ][2016-01-28 11:31:29,178][com.java.SeleniumDriver] [  869] - Test step:39
[INFO ][2016-01-28 11:31:29,178][com.java.SeleniumDriver] [  881] - Datavalue is----------#_keys
[INFO ][2016-01-28 11:31:29,178][com.java.SeleniumDriver] [  905] - DataField : TXT//label[contains(text(), 'Search')]/input
[INFO ][2016-01-28 11:31:29,178][com.java.SeleniumDriver] [  907] - DataValue : #_keys
[INFO ][2016-01-28 11:31:29,178][com.java.SeleniumDriver] [  913] - <In Set values of the page>
[INFO ][2016-01-28 11:31:29,178][com.java.SeleniumDriver] [  916] - {Data Fields & Data Values Exist}
[INFO ][2016-01-28 11:31:29,178][com.java.SeleniumDriver] [  918] - --------------------------setting values-----------------------------
[INFO ][2016-01-28 11:31:29,178][com.java.SeleniumDriver] [  921] - Action Type : STOREVALUE
[INFO ][2016-01-28 11:31:29,178][com.java.TestType] [ 9410] - field= TXT//label[contains(text(), 'Search')]/input
[DEBUG][2016-01-28 11:31:29,226][com.java.TestType] [ 9424] - Key:: #_keys  Value:: #_CAL100084
[INFO ][2016-01-28 11:31:29,226][com.java.SeleniumDriver] [  930] -  RESULT true
[INFO ][2016-01-28 11:31:29,226][com.java.SeleniumDriver] [ 1136] - ?   P A S S   ?
[INFO ][2016-01-28 11:31:29,226][com.java.SeleniumDriver] [  856] - ------------------------------------------
[INFO ][2016-01-28 11:31:29,226][com.java.SeleniumDriver] [  857] - Test case being Executed: 2
[INFO ][2016-01-28 11:31:29,226][com.java.SeleniumDriver] [  869] - Test step:40
[INFO ][2016-01-28 11:31:29,226][com.java.SeleniumDriver] [  881] - Datavalue is----------3
[INFO ][2016-01-28 11:31:29,226][com.java.SeleniumDriver] [  905] - DataField : null
[INFO ][2016-01-28 11:31:29,226][com.java.SeleniumDriver] [  907] - DataValue : 3
[INFO ][2016-01-28 11:31:29,226][com.java.SeleniumDriver] [  913] - <In Set values of the page>
[INFO ][2016-01-28 11:31:29,226][com.java.SeleniumDriver] [  916] - {Data Fields & Data Values Exist}
[INFO ][2016-01-28 11:31:29,226][com.java.SeleniumDriver] [  918] - --------------------------setting values-----------------------------
[INFO ][2016-01-28 11:31:29,226][com.java.SeleniumDriver] [  921] - Action Type : WaitTime
[DEBUG][2016-01-28 11:31:29,226][com.java.TestType] [ 6209] - sleepTime: 3000
[INFO ][2016-01-28 11:31:32,237][com.java.SeleniumDriver] [  930] -  RESULT true
[INFO ][2016-01-28 11:31:32,237][com.java.SeleniumDriver] [ 1136] - ?   P A S S   ?
[INFO ][2016-01-28 11:31:32,237][com.java.SeleniumDriver] [  856] - ------------------------------------------
[INFO ][2016-01-28 11:31:32,237][com.java.SeleniumDriver] [  857] - Test case being Executed: 2
[INFO ][2016-01-28 11:31:32,237][com.java.SeleniumDriver] [  869] - Test step:41
[INFO ][2016-01-28 11:31:32,237][com.java.SeleniumDriver] [  881] - Datavalue is----------HMV#_keys
[INFO ][2016-01-28 11:31:32,237][com.java.SeleniumDriver] [  905] - DataField : MSG
[INFO ][2016-01-28 11:31:32,237][com.java.SeleniumDriver] [  907] - DataValue : HMV#_keys
[INFO ][2016-01-28 11:31:32,237][com.java.SeleniumDriver] [  913] - <In Set values of the page>
[INFO ][2016-01-28 11:31:32,237][com.java.SeleniumDriver] [  916] - {Data Fields & Data Values Exist}
[INFO ][2016-01-28 11:31:32,237][com.java.SeleniumDriver] [  918] - --------------------------setting values-----------------------------
[INFO ][2016-01-28 11:31:32,237][com.java.SeleniumDriver] [  921] - Action Type : VERIFY
[INFO ][2016-01-28 11:31:32,237][com.java.TestType] [ 7985] - field= MSG value= HMV#_keys
[INFO ][2016-01-28 11:31:32,237][com.java.TestType] [ 6395] - value = #_CAL100084
[DEBUG][2016-01-28 11:31:32,237][com.java.TestType] [ 8813] - value :: #_CAL100084
[ERROR][2016-01-28 11:31:32,238][com.java.TestType] [ 8818] - Assertion Error: 
[INFO ][2016-01-28 11:31:32,238][com.java.SeleniumDriver] [  930] -  RESULT false
[INFO ][2016-01-28 11:31:32,238][com.java.SeleniumDriver] [  977] - ?   F A I L   ?
[INFO ][2016-01-28 11:31:32,238][com.java.SeleniumDriver] [  985] - Browser Type : IE10
[INFO ][2016-01-28 11:31:32,238][com.java.SeleniumDriver] [  986] - Adding Failed case2
[DEBUG][2016-01-28 11:31:32,909][com.java.SeleniumDriver] [ 1054] -  tdd.getCondition() IF:61:Next
[INFO ][2016-01-28 11:31:32,909][com.java.SeleniumDriver] [ 1058] - Continue next step...
[INFO ][2016-01-28 11:31:32,924][com.java.SeleniumDriver] [  856] - ------------------------------------------
[INFO ][2016-01-28 11:31:32,924][com.java.SeleniumDriver] [  857] - Test case being Executed: 2
[INFO ][2016-01-28 11:31:32,924][com.java.SeleniumDriver] [  869] - Test step:42
[INFO ][2016-01-28 11:31:32,924][com.java.SeleniumDriver] [  881] - Datavalue is----------null
[DEBUG][2016-01-28 11:31:32,924][com.java.SeleniumDriver] [  899] - Exception: null
[INFO ][2016-01-28 11:31:32,924][com.java.SeleniumDriver] [  905] - DataField : HDN//a[contains(text(), 'Add Calculation')]
[INFO ][2016-01-28 11:31:32,924][com.java.SeleniumDriver] [  907] - DataValue : 
[INFO ][2016-01-28 11:31:32,924][com.java.SeleniumDriver] [  913] - <In Set values of the page>
[INFO ][2016-01-28 11:31:32,924][com.java.SeleniumDriver] [  916] - {Data Fields & Data Values Exist}
[INFO ][2016-01-28 11:31:32,924][com.java.SeleniumDriver] [  918] - --------------------------setting values-----------------------------
[INFO ][2016-01-28 11:31:32,924][com.java.SeleniumDriver] [  921] - Action Type : Click
[INFO ][2016-01-28 11:31:32,924][com.java.TestType] [ 6774] - Field ::HDN//a[contains(text(), 'Add Calculation')]
[INFO ][2016-01-28 11:31:32,924][com.java.TestType] [ 6395] - value = 
[INFO ][2016-01-28 11:31:34,049][com.java.SeleniumDriver] [  930] -  RESULT true
[INFO ][2016-01-28 11:31:34,049][com.java.SeleniumDriver] [ 1136] - ?   P A S S   ?
[INFO ][2016-01-28 11:31:34,049][com.java.SeleniumDriver] [  856] - ------------------------------------------
[INFO ][2016-01-28 11:31:34,049][com.java.SeleniumDriver] [  857] - Test case being Executed: 2
[INFO ][2016-01-28 11:31:34,049][com.java.SeleniumDriver] [  869] - Test step:43
[INFO ][2016-01-28 11:31:34,049][com.java.SeleniumDriver] [  881] - Datavalue is----------10
[INFO ][2016-01-28 11:31:34,049][com.java.SeleniumDriver] [  905] - DataField : XPH//*[@*='Name your Calculation']
[INFO ][2016-01-28 11:31:34,049][com.java.SeleniumDriver] [  907] - DataValue : 10
[INFO ][2016-01-28 11:31:34,049][com.java.SeleniumDriver] [  913] - <In Set values of the page>
[INFO ][2016-01-28 11:31:34,049][com.java.SeleniumDriver] [  916] - {Data Fields & Data Values Exist}
[INFO ][2016-01-28 11:31:34,049][com.java.SeleniumDriver] [  918] - --------------------------setting values-----------------------------
[INFO ][2016-01-28 11:31:34,049][com.java.SeleniumDriver] [  921] - Action Type : WAITFORELEMENT
[INFO ][2016-01-28 11:31:34,080][com.java.SeleniumDriver] [  930] -  RESULT true
[INFO ][2016-01-28 11:31:34,080][com.java.SeleniumDriver] [ 1136] - ?   P A S S   ?
[INFO ][2016-01-28 11:31:34,080][com.java.SeleniumDriver] [  856] - ------------------------------------------
[INFO ][2016-01-28 11:31:34,080][com.java.SeleniumDriver] [  857] - Test case being Executed: 2
[INFO ][2016-01-28 11:31:34,080][com.java.SeleniumDriver] [  869] - Test step:44
[INFO ][2016-01-28 11:31:34,080][com.java.SeleniumDriver] [  881] - Datavalue is----------HMV#_keys
[INFO ][2016-01-28 11:31:34,080][com.java.SeleniumDriver] [  905] - DataField : TXT//*[@*='Name your Calculation']
[INFO ][2016-01-28 11:31:34,080][com.java.SeleniumDriver] [  907] - DataValue : HMV#_keys
[INFO ][2016-01-28 11:31:34,080][com.java.SeleniumDriver] [  913] - <In Set values of the page>
[INFO ][2016-01-28 11:31:34,080][com.java.SeleniumDriver] [  916] - {Data Fields & Data Values Exist}
[INFO ][2016-01-28 11:31:34,080][com.java.SeleniumDriver] [  918] - --------------------------setting values-----------------------------
[INFO ][2016-01-28 11:31:34,080][com.java.SeleniumDriver] [  921] - Action Type : ENTER
[INFO ][2016-01-28 11:31:34,080][com.java.TestType] [ 7377] - field = //*[@*='Name your Calculation']
[INFO ][2016-01-28 11:31:34,080][com.java.TestType] [ 6395] - value = #_CAL100084
[INFO ][2016-01-28 11:31:35,141][com.java.SeleniumDriver] [  930] -  RESULT true
[INFO ][2016-01-28 11:31:35,141][com.java.SeleniumDriver] [ 1136] - ?   P A S S   ?
[INFO ][2016-01-28 11:31:35,141][com.java.SeleniumDriver] [  856] - ------------------------------------------
[INFO ][2016-01-28 11:31:35,141][com.java.SeleniumDriver] [  857] - Test case being Executed: 2
[INFO ][2016-01-28 11:31:35,141][com.java.SeleniumDriver] [  869] - Test step:45
[INFO ][2016-01-28 11:31:35,141][com.java.SeleniumDriver] [  881] - Datavalue is----------2
[INFO ][2016-01-28 11:31:35,141][com.java.SeleniumDriver] [  905] - DataField : null
[INFO ][2016-01-28 11:31:35,141][com.java.SeleniumDriver] [  907] - DataValue : 2
[INFO ][2016-01-28 11:31:35,141][com.java.SeleniumDriver] [  913] - <In Set values of the page>
[INFO ][2016-01-28 11:31:35,141][com.java.SeleniumDriver] [  916] - {Data Fields & Data Values Exist}
[INFO ][2016-01-28 11:31:35,141][com.java.SeleniumDriver] [  918] - --------------------------setting values-----------------------------
[INFO ][2016-01-28 11:31:35,141][com.java.SeleniumDriver] [  921] - Action Type : WaitTime
[DEBUG][2016-01-28 11:31:35,141][com.java.TestType] [ 6209] - sleepTime: 2000
[INFO ][2016-01-28 11:31:37,154][com.java.SeleniumDriver] [  930] -  RESULT true
[INFO ][2016-01-28 11:31:37,154][com.java.SeleniumDriver] [ 1136] - ?   P A S S   ?
[INFO ][2016-01-28 11:31:37,154][com.java.SeleniumDriver] [  856] - ------------------------------------------
[INFO ][2016-01-28 11:31:37,154][com.java.SeleniumDriver] [  857] - Test case being Executed: 2
[INFO ][2016-01-28 11:31:37,154][com.java.SeleniumDriver] [  869] - Test step:46
[INFO ][2016-01-28 11:31:37,154][com.java.SeleniumDriver] [  881] - Datavalue is----------#_keys
[INFO ][2016-01-28 11:31:37,154][com.java.SeleniumDriver] [  905] - DataField : TXT//*[@*='Name your Calculation']
[INFO ][2016-01-28 11:31:37,154][com.java.SeleniumDriver] [  907] - DataValue : #_keys
[INFO ][2016-01-28 11:31:37,154][com.java.SeleniumDriver] [  913] - <In Set values of the page>
[INFO ][2016-01-28 11:31:37,154][com.java.SeleniumDriver] [  916] - {Data Fields & Data Values Exist}
[INFO ][2016-01-28 11:31:37,154][com.java.SeleniumDriver] [  918] - --------------------------setting values-----------------------------
[INFO ][2016-01-28 11:31:37,154][com.java.SeleniumDriver] [  921] - Action Type : STOREVALUE
[INFO ][2016-01-28 11:31:37,154][com.java.TestType] [ 9410] - field= TXT//*[@*='Name your Calculation']
[DEBUG][2016-01-28 11:31:37,202][com.java.TestType] [ 9424] - Key:: #_keys  Value:: #_CAL100084
[INFO ][2016-01-28 11:31:37,202][com.java.SeleniumDriver] [  930] -  RESULT true
[INFO ][2016-01-28 11:31:37,202][com.java.SeleniumDriver] [ 1136] - ?   P A S S   ?
[INFO ][2016-01-28 11:31:37,202][com.java.SeleniumDriver] [  856] - ------------------------------------------
[INFO ][2016-01-28 11:31:37,202][com.java.SeleniumDriver] [  857] - Test case being Executed: 2
[INFO ][2016-01-28 11:31:37,202][com.java.SeleniumDriver] [  869] - Test step:47
[INFO ][2016-01-28 11:31:37,202][com.java.SeleniumDriver] [  881] - Datavalue is----------null
[DEBUG][2016-01-28 11:31:37,202][com.java.SeleniumDriver] [  899] - Exception: null
[INFO ][2016-01-28 11:31:37,202][com.java.SeleniumDriver] [  905] - DataField : XPH//select[contains(@class, 'ember-select ')]
[INFO ][2016-01-28 11:31:37,202][com.java.SeleniumDriver] [  907] - DataValue : 
[INFO ][2016-01-28 11:31:37,202][com.java.SeleniumDriver] [  913] - <In Set values of the page>
[INFO ][2016-01-28 11:31:37,202][com.java.SeleniumDriver] [  916] - {Data Fields & Data Values Exist}
[INFO ][2016-01-28 11:31:37,202][com.java.SeleniumDriver] [  918] - --------------------------setting values-----------------------------
[INFO ][2016-01-28 11:31:37,202][com.java.SeleniumDriver] [  921] - Action Type : click
[INFO ][2016-01-28 11:31:37,202][com.java.TestType] [ 6774] - Field ::XPH//select[contains(@class, 'ember-select ')]
[INFO ][2016-01-28 11:31:37,202][com.java.TestType] [ 6395] - value = 
[INFO ][2016-01-28 11:31:38,216][com.java.TestType] [ 6947] - BEFORE CLICK
[INFO ][2016-01-28 11:31:38,996][com.java.TestType] [ 6955] - Unable to click the object format dropdown
[INFO ][2016-01-28 11:31:38,996][com.java.SeleniumDriver] [  930] -  RESULT true
[INFO ][2016-01-28 11:31:38,996][com.java.SeleniumDriver] [ 1136] - ?   P A S S   ?
[INFO ][2016-01-28 11:31:38,996][com.java.SeleniumDriver] [  856] - ------------------------------------------
[INFO ][2016-01-28 11:31:38,996][com.java.SeleniumDriver] [  857] - Test case being Executed: 2
[INFO ][2016-01-28 11:31:38,996][com.java.SeleniumDriver] [  869] - Test step:48
[INFO ][2016-01-28 11:31:38,996][com.java.SeleniumDriver] [  881] - Datavalue is----------10
[INFO ][2016-01-28 11:31:38,996][com.java.SeleniumDriver] [  905] - DataField : XPH//select[contains(@class, 'ember-select ')]/option[contains(text(), '#')]
[INFO ][2016-01-28 11:31:38,996][com.java.SeleniumDriver] [  907] - DataValue : 10
[INFO ][2016-01-28 11:31:38,996][com.java.SeleniumDriver] [  913] - <In Set values of the page>
[INFO ][2016-01-28 11:31:38,996][com.java.SeleniumDriver] [  916] - {Data Fields & Data Values Exist}
[INFO ][2016-01-28 11:31:38,996][com.java.SeleniumDriver] [  918] - --------------------------setting values-----------------------------
[INFO ][2016-01-28 11:31:38,996][com.java.SeleniumDriver] [  921] - Action Type : WAITFORELEMENT
[INFO ][2016-01-28 11:31:38,997][com.java.SeleniumDriver] [  930] -  RESULT true
[INFO ][2016-01-28 11:31:38,997][com.java.SeleniumDriver] [ 1136] - ?   P A S S   ?
[INFO ][2016-01-28 11:31:38,997][com.java.SeleniumDriver] [  856] - ------------------------------------------
[INFO ][2016-01-28 11:31:38,997][com.java.SeleniumDriver] [  857] - Test case being Executed: 2
[INFO ][2016-01-28 11:31:38,997][com.java.SeleniumDriver] [  869] - Test step:49
[INFO ][2016-01-28 11:31:38,997][com.java.SeleniumDriver] [  881] - Datavalue is----------null
[DEBUG][2016-01-28 11:31:38,997][com.java.SeleniumDriver] [  899] - Exception: null
[INFO ][2016-01-28 11:31:38,997][com.java.SeleniumDriver] [  905] - DataField : XPH//select[contains(@class, 'ember-select ')]/option[contains(text(), '#')]
[INFO ][2016-01-28 11:31:38,997][com.java.SeleniumDriver] [  907] - DataValue : 
[INFO ][2016-01-28 11:31:38,997][com.java.SeleniumDriver] [  913] - <In Set values of the page>
[INFO ][2016-01-28 11:31:38,997][com.java.SeleniumDriver] [  916] - {Data Fields & Data Values Exist}
[INFO ][2016-01-28 11:31:38,997][com.java.SeleniumDriver] [  918] - --------------------------setting values-----------------------------
[INFO ][2016-01-28 11:31:38,997][com.java.SeleniumDriver] [  921] - Action Type : click
[INFO ][2016-01-28 11:31:38,997][com.java.TestType] [ 6774] - Field ::XPH//select[contains(@class, 'ember-select ')]/option[contains(text(), '#')]
[INFO ][2016-01-28 11:31:38,997][com.java.TestType] [ 6395] - value = 
[INFO ][2016-01-28 11:31:40,027][com.java.TestType] [ 6947] - BEFORE CLICK
[INFO ][2016-01-28 11:31:40,760][com.java.TestType] [ 6955] - Unable to click the object select dollar
[INFO ][2016-01-28 11:31:40,760][com.java.SeleniumDriver] [  930] -  RESULT true
[INFO ][2016-01-28 11:31:40,760][com.java.SeleniumDriver] [ 1136] - ?   P A S S   ?
[INFO ][2016-01-28 11:31:40,760][com.java.SeleniumDriver] [  856] - ------------------------------------------
[INFO ][2016-01-28 11:31:40,760][com.java.SeleniumDriver] [  857] - Test case being Executed: 2
[INFO ][2016-01-28 11:31:40,760][com.java.SeleniumDriver] [  869] - Test step:50
[INFO ][2016-01-28 11:31:40,760][com.java.SeleniumDriver] [  881] - Datavalue is----------10
[INFO ][2016-01-28 11:31:40,760][com.java.SeleniumDriver] [  905] - DataField : XPH//a[text()='Assets']
[INFO ][2016-01-28 11:31:40,760][com.java.SeleniumDriver] [  907] - DataValue : 10
[INFO ][2016-01-28 11:31:40,760][com.java.SeleniumDriver] [  913] - <In Set values of the page>
[INFO ][2016-01-28 11:31:40,760][com.java.SeleniumDriver] [  916] - {Data Fields & Data Values Exist}
[INFO ][2016-01-28 11:31:40,760][com.java.SeleniumDriver] [  918] - --------------------------setting values-----------------------------
[INFO ][2016-01-28 11:31:40,760][com.java.SeleniumDriver] [  921] - Action Type : WAITFORELEMENT
[INFO ][2016-01-28 11:31:40,761][com.java.SeleniumDriver] [  930] -  RESULT true
[INFO ][2016-01-28 11:31:40,761][com.java.SeleniumDriver] [ 1136] - ?   P A S S   ?
[INFO ][2016-01-28 11:31:40,761][com.java.SeleniumDriver] [  856] - ------------------------------------------
[INFO ][2016-01-28 11:31:40,761][com.java.SeleniumDriver] [  857] - Test case being Executed: 2
[INFO ][2016-01-28 11:31:40,761][com.java.SeleniumDriver] [  869] - Test step:51
[INFO ][2016-01-28 11:31:40,761][com.java.SeleniumDriver] [  881] - Datavalue is----------null
[DEBUG][2016-01-28 11:31:40,761][com.java.SeleniumDriver] [  899] - Exception: null
[INFO ][2016-01-28 11:31:40,761][com.java.SeleniumDriver] [  905] - DataField : XPH//a[text()='Assets']
[INFO ][2016-01-28 11:31:40,761][com.java.SeleniumDriver] [  907] - DataValue : 
[INFO ][2016-01-28 11:31:40,761][com.java.SeleniumDriver] [  913] - <In Set values of the page>
[INFO ][2016-01-28 11:31:40,761][com.java.SeleniumDriver] [  916] - {Data Fields & Data Values Exist}
[INFO ][2016-01-28 11:31:40,761][com.java.SeleniumDriver] [  918] - --------------------------setting values-----------------------------
[INFO ][2016-01-28 11:31:40,761][com.java.SeleniumDriver] [  921] - Action Type : click
[INFO ][2016-01-28 11:31:40,761][com.java.TestType] [ 6774] - Field ::XPH//a[text()='Assets']
[INFO ][2016-01-28 11:31:40,761][com.java.TestType] [ 6395] - value = 
[INFO ][2016-01-28 11:31:41,791][com.java.TestType] [ 6947] - BEFORE CLICK
[INFO ][2016-01-28 11:31:42,711][com.java.TestType] [ 6955] - Unable to click the object assets link
[INFO ][2016-01-28 11:31:42,711][com.java.SeleniumDriver] [  930] -  RESULT true
[INFO ][2016-01-28 11:31:42,711][com.java.SeleniumDriver] [ 1136] - ?   P A S S   ?
[INFO ][2016-01-28 11:31:42,711][com.java.SeleniumDriver] [  856] - ------------------------------------------
[INFO ][2016-01-28 11:31:42,711][com.java.SeleniumDriver] [  857] - Test case being Executed: 2
[INFO ][2016-01-28 11:31:42,711][com.java.SeleniumDriver] [  869] - Test step:52
[INFO ][2016-01-28 11:31:42,711][com.java.SeleniumDriver] [  881] - Datavalue is----------10
[INFO ][2016-01-28 11:31:42,711][com.java.SeleniumDriver] [  905] - DataField : XPH//a[text()='Assets']/../../ul/li[1]//a
[INFO ][2016-01-28 11:31:42,711][com.java.SeleniumDriver] [  907] - DataValue : 10
[INFO ][2016-01-28 11:31:42,711][com.java.SeleniumDriver] [  913] - <In Set values of the page>
[INFO ][2016-01-28 11:31:42,711][com.java.SeleniumDriver] [  916] - {Data Fields & Data Values Exist}
[INFO ][2016-01-28 11:31:42,711][com.java.SeleniumDriver] [  918] - --------------------------setting values-----------------------------
[INFO ][2016-01-28 11:31:42,711][com.java.SeleniumDriver] [  921] - Action Type : WAITFORELEMENT
[INFO ][2016-01-28 11:31:42,712][com.java.SeleniumDriver] [  930] -  RESULT true
[INFO ][2016-01-28 11:31:42,712][com.java.SeleniumDriver] [ 1136] - ?   P A S S   ?
[INFO ][2016-01-28 11:31:42,712][com.java.SeleniumDriver] [  856] - ------------------------------------------
[INFO ][2016-01-28 11:31:42,712][com.java.SeleniumDriver] [  857] - Test case being Executed: 2
[INFO ][2016-01-28 11:31:42,712][com.java.SeleniumDriver] [  869] - Test step:53
[INFO ][2016-01-28 11:31:42,712][com.java.SeleniumDriver] [  881] - Datavalue is----------//div[contains(@class, 'ui-droppable')]
[INFO ][2016-01-28 11:31:42,712][com.java.SeleniumDriver] [  905] - DataField : //a[text()='Assets']/../../ul/li[1]//a
[INFO ][2016-01-28 11:31:42,712][com.java.SeleniumDriver] [  907] - DataValue : //div[contains(@class, 'ui-droppable')]
[INFO ][2016-01-28 11:31:42,712][com.java.SeleniumDriver] [  913] - <In Set values of the page>
[INFO ][2016-01-28 11:31:42,712][com.java.SeleniumDriver] [  916] - {Data Fields & Data Values Exist}
[INFO ][2016-01-28 11:31:42,712][com.java.SeleniumDriver] [  918] - --------------------------setting values-----------------------------
[INFO ][2016-01-28 11:31:42,712][com.java.SeleniumDriver] [  921] - Action Type : DRAGANDDROP
[INFO ][2016-01-28 11:31:43,276][com.java.SeleniumDriver] [  930] -  RESULT true
[INFO ][2016-01-28 11:31:43,276][com.java.SeleniumDriver] [ 1136] - ?   P A S S   ?
[INFO ][2016-01-28 11:31:43,276][com.java.SeleniumDriver] [  856] - ------------------------------------------
[INFO ][2016-01-28 11:31:43,276][com.java.SeleniumDriver] [  857] - Test case being Executed: 2
[INFO ][2016-01-28 11:31:43,276][com.java.SeleniumDriver] [  869] - Test step:54
[INFO ][2016-01-28 11:31:43,276][com.java.SeleniumDriver] [  881] - Datavalue is----------10
[INFO ][2016-01-28 11:31:43,276][com.java.SeleniumDriver] [  905] - DataField : XPH//div[contains(@class, 'alert-success') and contains(normalize-space(.), 'Valid Calculation!')]
[INFO ][2016-01-28 11:31:43,276][com.java.SeleniumDriver] [  907] - DataValue : 10
[INFO ][2016-01-28 11:31:43,276][com.java.SeleniumDriver] [  913] - <In Set values of the page>
[INFO ][2016-01-28 11:31:43,276][com.java.SeleniumDriver] [  916] - {Data Fields & Data Values Exist}
[INFO ][2016-01-28 11:31:43,276][com.java.SeleniumDriver] [  918] - --------------------------setting values-----------------------------
[INFO ][2016-01-28 11:31:43,276][com.java.SeleniumDriver] [  921] - Action Type : WAITFORELEMENT
[INFO ][2016-01-28 11:31:43,323][com.java.SeleniumDriver] [  930] -  RESULT true
[INFO ][2016-01-28 11:31:43,323][com.java.SeleniumDriver] [ 1136] - ?   P A S S   ?
[INFO ][2016-01-28 11:31:43,323][com.java.SeleniumDriver] [  856] - ------------------------------------------
[INFO ][2016-01-28 11:31:43,323][com.java.SeleniumDriver] [  857] - Test case being Executed: 2
[INFO ][2016-01-28 11:31:43,323][com.java.SeleniumDriver] [  869] - Test step:55
[INFO ][2016-01-28 11:31:43,323][com.java.SeleniumDriver] [  881] - Datavalue is----------null
[DEBUG][2016-01-28 11:31:43,323][com.java.SeleniumDriver] [  899] - Exception: null
[INFO ][2016-01-28 11:31:43,323][com.java.SeleniumDriver] [  905] - DataField : XPH//button[text()='+']
[INFO ][2016-01-28 11:31:43,323][com.java.SeleniumDriver] [  907] - DataValue : 
[INFO ][2016-01-28 11:31:43,323][com.java.SeleniumDriver] [  913] - <In Set values of the page>
[INFO ][2016-01-28 11:31:43,323][com.java.SeleniumDriver] [  916] - {Data Fields & Data Values Exist}
[INFO ][2016-01-28 11:31:43,323][com.java.SeleniumDriver] [  918] - --------------------------setting values-----------------------------
[INFO ][2016-01-28 11:31:43,323][com.java.SeleniumDriver] [  921] - Action Type : click
[INFO ][2016-01-28 11:31:43,323][com.java.TestType] [ 6774] - Field ::XPH//button[text()='+']
[INFO ][2016-01-28 11:31:43,323][com.java.TestType] [ 6395] - value = 
[INFO ][2016-01-28 11:31:44,337][com.java.TestType] [ 6947] - BEFORE CLICK
[INFO ][2016-01-28 11:31:45,133][com.java.TestType] [ 6955] - Unable to click the object  + button
[INFO ][2016-01-28 11:31:45,133][com.java.SeleniumDriver] [  930] -  RESULT true
[INFO ][2016-01-28 11:31:45,133][com.java.SeleniumDriver] [ 1136] - ?   P A S S   ?
[INFO ][2016-01-28 11:31:45,133][com.java.SeleniumDriver] [  856] - ------------------------------------------
[INFO ][2016-01-28 11:31:45,133][com.java.SeleniumDriver] [  857] - Test case being Executed: 2
[INFO ][2016-01-28 11:31:45,133][com.java.SeleniumDriver] [  869] - Test step:56
[INFO ][2016-01-28 11:31:45,133][com.java.SeleniumDriver] [  881] - Datavalue is----------10
[INFO ][2016-01-28 11:31:45,133][com.java.SeleniumDriver] [  905] - DataField : XPH//a[text()='Assets']/../../ul/li[2]//a
[INFO ][2016-01-28 11:31:45,133][com.java.SeleniumDriver] [  907] - DataValue : 10
[INFO ][2016-01-28 11:31:45,133][com.java.SeleniumDriver] [  913] - <In Set values of the page>
[INFO ][2016-01-28 11:31:45,133][com.java.SeleniumDriver] [  916] - {Data Fields & Data Values Exist}
[INFO ][2016-01-28 11:31:45,133][com.java.SeleniumDriver] [  918] - --------------------------setting values-----------------------------
[INFO ][2016-01-28 11:31:45,133][com.java.SeleniumDriver] [  921] - Action Type : WAITFORELEMENT
[INFO ][2016-01-28 11:31:45,134][com.java.SeleniumDriver] [  930] -  RESULT true
[INFO ][2016-01-28 11:31:45,134][com.java.SeleniumDriver] [ 1136] - ?   P A S S   ?
[INFO ][2016-01-28 11:31:45,134][com.java.SeleniumDriver] [  856] - ------------------------------------------
[INFO ][2016-01-28 11:31:45,134][com.java.SeleniumDriver] [  857] - Test case being Executed: 2
[INFO ][2016-01-28 11:31:45,134][com.java.SeleniumDriver] [  869] - Test step:57
[INFO ][2016-01-28 11:31:45,134][com.java.SeleniumDriver] [  881] - Datavalue is----------//div[contains(@class, 'ui-droppable')]
[INFO ][2016-01-28 11:31:45,134][com.java.SeleniumDriver] [  905] - DataField : //a[text()='Assets']/../../ul/li[2]//a
[INFO ][2016-01-28 11:31:45,134][com.java.SeleniumDriver] [  907] - DataValue : //div[contains(@class, 'ui-droppable')]
[INFO ][2016-01-28 11:31:45,134][com.java.SeleniumDriver] [  913] - <In Set values of the page>
[INFO ][2016-01-28 11:31:45,134][com.java.SeleniumDriver] [  916] - {Data Fields & Data Values Exist}
[INFO ][2016-01-28 11:31:45,134][com.java.SeleniumDriver] [  918] - --------------------------setting values-----------------------------
[INFO ][2016-01-28 11:31:45,134][com.java.SeleniumDriver] [  921] - Action Type : DRAGANDDROP
[INFO ][2016-01-28 11:31:45,760][com.java.SeleniumDriver] [  930] -  RESULT true
[INFO ][2016-01-28 11:31:45,760][com.java.SeleniumDriver] [ 1136] - ?   P A S S   ?
[INFO ][2016-01-28 11:31:45,760][com.java.SeleniumDriver] [  856] - ------------------------------------------
[INFO ][2016-01-28 11:31:45,760][com.java.SeleniumDriver] [  857] - Test case being Executed: 2
[INFO ][2016-01-28 11:31:45,760][com.java.SeleniumDriver] [  869] - Test step:58
[INFO ][2016-01-28 11:31:45,760][com.java.SeleniumDriver] [  881] - Datavalue is----------10
[INFO ][2016-01-28 11:31:45,760][com.java.SeleniumDriver] [  905] - DataField : XPH//div[contains(@class, 'alert-success') and contains(normalize-space(.), 'Valid Calculation!')]
[INFO ][2016-01-28 11:31:45,760][com.java.SeleniumDriver] [  907] - DataValue : 10
[INFO ][2016-01-28 11:31:45,760][com.java.SeleniumDriver] [  913] - <In Set values of the page>
[INFO ][2016-01-28 11:31:45,760][com.java.SeleniumDriver] [  916] - {Data Fields & Data Values Exist}
[INFO ][2016-01-28 11:31:45,760][com.java.SeleniumDriver] [  918] - --------------------------setting values-----------------------------
[INFO ][2016-01-28 11:31:45,760][com.java.SeleniumDriver] [  921] - Action Type : WAITFORELEMENT
[INFO ][2016-01-28 11:31:45,776][com.java.SeleniumDriver] [  930] -  RESULT true
[INFO ][2016-01-28 11:31:45,776][com.java.SeleniumDriver] [ 1136] - ?   P A S S   ?
[INFO ][2016-01-28 11:31:45,776][com.java.SeleniumDriver] [  856] - ------------------------------------------
[INFO ][2016-01-28 11:31:45,776][com.java.SeleniumDriver] [  857] - Test case being Executed: 2
[INFO ][2016-01-28 11:31:45,776][com.java.SeleniumDriver] [  869] - Test step:59
[INFO ][2016-01-28 11:31:45,776][com.java.SeleniumDriver] [  881] - Datavalue is----------null
[DEBUG][2016-01-28 11:31:45,776][com.java.SeleniumDriver] [  899] - Exception: null
[INFO ][2016-01-28 11:31:45,776][com.java.SeleniumDriver] [  905] - DataField : XPH//button[contains(text(),'Save')]
[INFO ][2016-01-28 11:31:45,776][com.java.SeleniumDriver] [  907] - DataValue : 
[INFO ][2016-01-28 11:31:45,776][com.java.SeleniumDriver] [  913] - <In Set values of the page>
[INFO ][2016-01-28 11:31:45,776][com.java.SeleniumDriver] [  916] - {Data Fields & Data Values Exist}
[INFO ][2016-01-28 11:31:45,776][com.java.SeleniumDriver] [  918] - --------------------------setting values-----------------------------
[INFO ][2016-01-28 11:31:45,792][com.java.SeleniumDriver] [  921] - Action Type : click
[INFO ][2016-01-28 11:31:45,792][com.java.TestType] [ 6774] - Field ::XPH//button[contains(text(),'Save')]
[INFO ][2016-01-28 11:31:45,792][com.java.TestType] [ 6395] - value = 
[INFO ][2016-01-28 11:31:46,806][com.java.TestType] [ 6947] - BEFORE CLICK
[INFO ][2016-01-28 11:31:47,767][com.java.TestType] [ 6955] - Unable to click the object save button
[INFO ][2016-01-28 11:31:47,767][com.java.SeleniumDriver] [  930] -  RESULT true
[INFO ][2016-01-28 11:31:47,767][com.java.SeleniumDriver] [ 1136] - ?   P A S S   ?
[INFO ][2016-01-28 11:31:47,767][com.java.SeleniumDriver] [  856] - ------------------------------------------
[INFO ][2016-01-28 11:31:47,767][com.java.SeleniumDriver] [  857] - Test case being Executed: 2
[INFO ][2016-01-28 11:31:47,767][com.java.SeleniumDriver] [  869] - Test step:60
[INFO ][2016-01-28 11:31:47,767][com.java.SeleniumDriver] [  881] - Datavalue is----------10
[INFO ][2016-01-28 11:31:47,767][com.java.SeleniumDriver] [  905] - DataField : XPH//label[contains(text(), 'Show')]
[INFO ][2016-01-28 11:31:47,767][com.java.SeleniumDriver] [  907] - DataValue : 10
[INFO ][2016-01-28 11:31:47,767][com.java.SeleniumDriver] [  913] - <In Set values of the page>
[INFO ][2016-01-28 11:31:47,767][com.java.SeleniumDriver] [  916] - {Data Fields & Data Values Exist}
[INFO ][2016-01-28 11:31:47,767][com.java.SeleniumDriver] [  918] - --------------------------setting values-----------------------------
[INFO ][2016-01-28 11:31:47,767][com.java.SeleniumDriver] [  921] - Action Type : WAITFORELEMENT
[INFO ][2016-01-28 11:31:47,799][com.java.SeleniumDriver] [  930] -  RESULT true
[INFO ][2016-01-28 11:31:47,799][com.java.SeleniumDriver] [ 1136] - ?   P A S S   ?
[INFO ][2016-01-28 11:31:47,799][com.java.SeleniumDriver] [  856] - ------------------------------------------
[INFO ][2016-01-28 11:31:47,799][com.java.SeleniumDriver] [  857] - Test case being Executed: 2
[INFO ][2016-01-28 11:31:47,799][com.java.SeleniumDriver] [  869] - Test step:61
[INFO ][2016-01-28 11:31:47,799][com.java.SeleniumDriver] [  881] - Datavalue is----------RND%_CAL
[INFO ][2016-01-28 11:31:47,799][com.java.SeleniumDriver] [  905] - DataField : EDT//div[@class='dataTables_filter']/label/input
[INFO ][2016-01-28 11:31:47,799][com.java.SeleniumDriver] [  907] - DataValue : RND%_CAL
[INFO ][2016-01-28 11:31:47,799][com.java.SeleniumDriver] [  913] - <In Set values of the page>
[INFO ][2016-01-28 11:31:47,799][com.java.SeleniumDriver] [  916] - {Data Fields & Data Values Exist}
[INFO ][2016-01-28 11:31:47,799][com.java.SeleniumDriver] [  918] - --------------------------setting values-----------------------------
[INFO ][2016-01-28 11:31:47,799][com.java.SeleniumDriver] [  921] - Action Type : ENTER
[INFO ][2016-01-28 11:31:47,799][com.java.TestType] [ 7377] - field = //div[@class='dataTables_filter']/label/input
[INFO ][2016-01-28 11:31:47,799][com.java.TestType] [ 6395] - value = %_CAL77095
[INFO ][2016-01-28 11:31:48,782][com.java.SeleniumDriver] [  930] -  RESULT true
[INFO ][2016-01-28 11:31:48,782][com.java.SeleniumDriver] [ 1136] - ?   P A S S   ?
[INFO ][2016-01-28 11:31:48,782][com.java.SeleniumDriver] [  856] - ------------------------------------------
[INFO ][2016-01-28 11:31:48,782][com.java.SeleniumDriver] [  857] - Test case being Executed: 2
[INFO ][2016-01-28 11:31:48,782][com.java.SeleniumDriver] [  869] - Test step:62
[INFO ][2016-01-28 11:31:48,782][com.java.SeleniumDriver] [  881] - Datavalue is----------%_keys
[INFO ][2016-01-28 11:31:48,782][com.java.SeleniumDriver] [  905] - DataField : TXT//label[contains(text(), 'Search')]/input
[INFO ][2016-01-28 11:31:48,782][com.java.SeleniumDriver] [  907] - DataValue : %_keys
[INFO ][2016-01-28 11:31:48,782][com.java.SeleniumDriver] [  913] - <In Set values of the page>
[INFO ][2016-01-28 11:31:48,782][com.java.SeleniumDriver] [  916] - {Data Fields & Data Values Exist}
[INFO ][2016-01-28 11:31:48,782][com.java.SeleniumDriver] [  918] - --------------------------setting values-----------------------------
[INFO ][2016-01-28 11:31:48,782][com.java.SeleniumDriver] [  921] - Action Type : STOREVALUE
[INFO ][2016-01-28 11:31:48,782][com.java.TestType] [ 9410] - field= TXT//label[contains(text(), 'Search')]/input
[DEBUG][2016-01-28 11:31:48,830][com.java.TestType] [ 9424] - Key:: %_keys  Value:: %_CAL77095
[INFO ][2016-01-28 11:31:48,830][com.java.SeleniumDriver] [  930] -  RESULT true
[INFO ][2016-01-28 11:31:48,830][com.java.SeleniumDriver] [ 1136] - ?   P A S S   ?
[INFO ][2016-01-28 11:31:48,830][com.java.SeleniumDriver] [  856] - ------------------------------------------
[INFO ][2016-01-28 11:31:48,830][com.java.SeleniumDriver] [  857] - Test case being Executed: 2
[INFO ][2016-01-28 11:31:48,830][com.java.SeleniumDriver] [  869] - Test step:63
[INFO ][2016-01-28 11:31:48,830][com.java.SeleniumDriver] [  881] - Datavalue is----------5
[INFO ][2016-01-28 11:31:48,830][com.java.SeleniumDriver] [  905] - DataField : null
[INFO ][2016-01-28 11:31:48,830][com.java.SeleniumDriver] [  907] - DataValue : 5
[INFO ][2016-01-28 11:31:48,830][com.java.SeleniumDriver] [  913] - <In Set values of the page>
[INFO ][2016-01-28 11:31:48,830][com.java.SeleniumDriver] [  916] - {Data Fields & Data Values Exist}
[INFO ][2016-01-28 11:31:48,830][com.java.SeleniumDriver] [  918] - --------------------------setting values-----------------------------
[INFO ][2016-01-28 11:31:48,830][com.java.SeleniumDriver] [  921] - Action Type : WaitTime
[DEBUG][2016-01-28 11:31:48,830][com.java.TestType] [ 6209] - sleepTime: 5000
[INFO ][2016-01-28 11:31:53,838][com.java.SeleniumDriver] [  930] -  RESULT true
[INFO ][2016-01-28 11:31:53,838][com.java.SeleniumDriver] [ 1136] - ?   P A S S   ?
[INFO ][2016-01-28 11:31:53,838][com.java.SeleniumDriver] [  856] - ------------------------------------------
[INFO ][2016-01-28 11:31:53,838][com.java.SeleniumDriver] [  857] - Test case being Executed: 2
[INFO ][2016-01-28 11:31:53,838][com.java.SeleniumDriver] [  869] - Test step:64
[INFO ][2016-01-28 11:31:53,838][com.java.SeleniumDriver] [  881] - Datavalue is----------HMV%_keys
[INFO ][2016-01-28 11:31:53,838][com.java.SeleniumDriver] [  905] - DataField : MSG
[INFO ][2016-01-28 11:31:53,838][com.java.SeleniumDriver] [  907] - DataValue : HMV%_keys
[INFO ][2016-01-28 11:31:53,838][com.java.SeleniumDriver] [  913] - <In Set values of the page>
[INFO ][2016-01-28 11:31:53,838][com.java.SeleniumDriver] [  916] - {Data Fields & Data Values Exist}
[INFO ][2016-01-28 11:31:53,838][com.java.SeleniumDriver] [  918] - --------------------------setting values-----------------------------
[INFO ][2016-01-28 11:31:53,838][com.java.SeleniumDriver] [  921] - Action Type : VERIFY
[INFO ][2016-01-28 11:31:53,838][com.java.TestType] [ 7985] - field= MSG value= HMV%_keys
[INFO ][2016-01-28 11:31:53,838][com.java.TestType] [ 6395] - value = %_CAL77095
[DEBUG][2016-01-28 11:31:53,838][com.java.TestType] [ 8813] - value :: %_CAL77095
[ERROR][2016-01-28 11:31:53,839][com.java.TestType] [ 8818] - Assertion Error: 
[INFO ][2016-01-28 11:31:53,839][com.java.SeleniumDriver] [  930] -  RESULT false
[INFO ][2016-01-28 11:31:53,839][com.java.SeleniumDriver] [  977] - ?   F A I L   ?
[INFO ][2016-01-28 11:31:53,839][com.java.SeleniumDriver] [  985] - Browser Type : IE10
[INFO ][2016-01-28 11:31:53,839][com.java.SeleniumDriver] [  986] - Adding Failed case2
[DEBUG][2016-01-28 11:31:54,587][com.java.SeleniumDriver] [ 1054] -  tdd.getCondition() IF:84:Next
[INFO ][2016-01-28 11:31:54,587][com.java.SeleniumDriver] [ 1058] - Continue next step...
[INFO ][2016-01-28 11:31:54,587][com.java.SeleniumDriver] [  856] - ------------------------------------------
[INFO ][2016-01-28 11:31:54,587][com.java.SeleniumDriver] [  857] - Test case being Executed: 2
[INFO ][2016-01-28 11:31:54,587][com.java.SeleniumDriver] [  869] - Test step:65
[INFO ][2016-01-28 11:31:54,587][com.java.SeleniumDriver] [  881] - Datavalue is----------null
[DEBUG][2016-01-28 11:31:54,587][com.java.SeleniumDriver] [  899] - Exception: null
[INFO ][2016-01-28 11:31:54,587][com.java.SeleniumDriver] [  905] - DataField : HDN//a[contains(text(), 'Add Calculation')]
[INFO ][2016-01-28 11:31:54,587][com.java.SeleniumDriver] [  907] - DataValue : 
[INFO ][2016-01-28 11:31:54,587][com.java.SeleniumDriver] [  913] - <In Set values of the page>
[INFO ][2016-01-28 11:31:54,587][com.java.SeleniumDriver] [  916] - {Data Fields & Data Values Exist}
[INFO ][2016-01-28 11:31:54,587][com.java.SeleniumDriver] [  918] - --------------------------setting values-----------------------------
[INFO ][2016-01-28 11:31:54,587][com.java.SeleniumDriver] [  921] - Action Type : Click
[INFO ][2016-01-28 11:31:54,587][com.java.TestType] [ 6774] - Field ::HDN//a[contains(text(), 'Add Calculation')]
[INFO ][2016-01-28 11:31:54,587][com.java.TestType] [ 6395] - value = 
[INFO ][2016-01-28 11:31:55,743][com.java.SeleniumDriver] [  930] -  RESULT true
[INFO ][2016-01-28 11:31:55,743][com.java.SeleniumDriver] [ 1136] - ?   P A S S   ?
[INFO ][2016-01-28 11:31:55,743][com.java.SeleniumDriver] [  856] - ------------------------------------------
[INFO ][2016-01-28 11:31:55,743][com.java.SeleniumDriver] [  857] - Test case being Executed: 2
[INFO ][2016-01-28 11:31:55,743][com.java.SeleniumDriver] [  869] - Test step:66
[INFO ][2016-01-28 11:31:55,743][com.java.SeleniumDriver] [  881] - Datavalue is----------10
[INFO ][2016-01-28 11:31:55,743][com.java.SeleniumDriver] [  905] - DataField : XPH//*[@*='Name your Calculation']
[INFO ][2016-01-28 11:31:55,743][com.java.SeleniumDriver] [  907] - DataValue : 10
[INFO ][2016-01-28 11:31:55,743][com.java.SeleniumDriver] [  913] - <In Set values of the page>
[INFO ][2016-01-28 11:31:55,743][com.java.SeleniumDriver] [  916] - {Data Fields & Data Values Exist}
[INFO ][2016-01-28 11:31:55,743][com.java.SeleniumDriver] [  918] - --------------------------setting values-----------------------------
[INFO ][2016-01-28 11:31:55,743][com.java.SeleniumDriver] [  921] - Action Type : WAITFORELEMENT
[INFO ][2016-01-28 11:31:55,774][com.java.SeleniumDriver] [  930] -  RESULT true
[INFO ][2016-01-28 11:31:55,774][com.java.SeleniumDriver] [ 1136] - ?   P A S S   ?
[INFO ][2016-01-28 11:31:55,774][com.java.SeleniumDriver] [  856] - ------------------------------------------
[INFO ][2016-01-28 11:31:55,774][com.java.SeleniumDriver] [  857] - Test case being Executed: 2
[INFO ][2016-01-28 11:31:55,774][com.java.SeleniumDriver] [  869] - Test step:67
[INFO ][2016-01-28 11:31:55,774][com.java.SeleniumDriver] [  881] - Datavalue is----------HMV%_keys
[INFO ][2016-01-28 11:31:55,774][com.java.SeleniumDriver] [  905] - DataField : TXT//*[@*='Name your Calculation']
[INFO ][2016-01-28 11:31:55,774][com.java.SeleniumDriver] [  907] - DataValue : HMV%_keys
[INFO ][2016-01-28 11:31:55,774][com.java.SeleniumDriver] [  913] - <In Set values of the page>
[INFO ][2016-01-28 11:31:55,774][com.java.SeleniumDriver] [  916] - {Data Fields & Data Values Exist}
[INFO ][2016-01-28 11:31:55,774][com.java.SeleniumDriver] [  918] - --------------------------setting values-----------------------------
[INFO ][2016-01-28 11:31:55,774][com.java.SeleniumDriver] [  921] - Action Type : ENTER
[INFO ][2016-01-28 11:31:55,774][com.java.TestType] [ 7377] - field = //*[@*='Name your Calculation']
[INFO ][2016-01-28 11:31:55,774][com.java.TestType] [ 6395] - value = %_CAL77095
[INFO ][2016-01-28 11:31:56,819][com.java.SeleniumDriver] [  930] -  RESULT true
[INFO ][2016-01-28 11:31:56,819][com.java.SeleniumDriver] [ 1136] - ?   P A S S   ?
[INFO ][2016-01-28 11:31:56,819][com.java.SeleniumDriver] [  856] - ------------------------------------------
[INFO ][2016-01-28 11:31:56,819][com.java.SeleniumDriver] [  857] - Test case being Executed: 2
[INFO ][2016-01-28 11:31:56,819][com.java.SeleniumDriver] [  869] - Test step:68
[INFO ][2016-01-28 11:31:56,819][com.java.SeleniumDriver] [  881] - Datavalue is----------4
[INFO ][2016-01-28 11:31:56,819][com.java.SeleniumDriver] [  905] - DataField : null
[INFO ][2016-01-28 11:31:56,819][com.java.SeleniumDriver] [  907] - DataValue : 4
[INFO ][2016-01-28 11:31:56,819][com.java.SeleniumDriver] [  913] - <In Set values of the page>
[INFO ][2016-01-28 11:31:56,819][com.java.SeleniumDriver] [  916] - {Data Fields & Data Values Exist}
[INFO ][2016-01-28 11:31:56,819][com.java.SeleniumDriver] [  918] - --------------------------setting values-----------------------------
[INFO ][2016-01-28 11:31:56,819][com.java.SeleniumDriver] [  921] - Action Type : WaitTime
[DEBUG][2016-01-28 11:31:56,819][com.java.TestType] [ 6209] - sleepTime: 4000
[INFO ][2016-01-28 11:32:00,830][com.java.SeleniumDriver] [  930] -  RESULT true
[INFO ][2016-01-28 11:32:00,830][com.java.SeleniumDriver] [ 1136] - ?   P A S S   ?
[INFO ][2016-01-28 11:32:00,830][com.java.SeleniumDriver] [  856] - ------------------------------------------
[INFO ][2016-01-28 11:32:00,830][com.java.SeleniumDriver] [  857] - Test case being Executed: 2
[INFO ][2016-01-28 11:32:00,830][com.java.SeleniumDriver] [  869] - Test step:69
[INFO ][2016-01-28 11:32:00,830][com.java.SeleniumDriver] [  881] - Datavalue is----------%_keys
[INFO ][2016-01-28 11:32:00,830][com.java.SeleniumDriver] [  905] - DataField : TXT//*[@*='Name your Calculation']
[INFO ][2016-01-28 11:32:00,830][com.java.SeleniumDriver] [  907] - DataValue : %_keys
[INFO ][2016-01-28 11:32:00,830][com.java.SeleniumDriver] [  913] - <In Set values of the page>
[INFO ][2016-01-28 11:32:00,830][com.java.SeleniumDriver] [  916] - {Data Fields & Data Values Exist}
[INFO ][2016-01-28 11:32:00,830][com.java.SeleniumDriver] [  918] - --------------------------setting values-----------------------------
[INFO ][2016-01-28 11:32:00,830][com.java.SeleniumDriver] [  921] - Action Type : STOREVALUE
[INFO ][2016-01-28 11:32:00,830][com.java.TestType] [ 9410] - field= TXT//*[@*='Name your Calculation']
[DEBUG][2016-01-28 11:32:00,831][com.java.TestType] [ 9432] - Error occured while storing the value form:: //*[@*='Name your Calculation'] null
[INFO ][2016-01-28 11:32:00,831][com.java.SeleniumDriver] [  930] -  RESULT false
[INFO ][2016-01-28 11:32:00,831][com.java.SeleniumDriver] [  977] - ?   F A I L   ?
[INFO ][2016-01-28 11:32:00,831][com.java.SeleniumDriver] [  985] - Browser Type : IE10
[INFO ][2016-01-28 11:32:00,831][com.java.SeleniumDriver] [  986] - Adding Failed case2
[WARN ][2016-01-28 11:32:00,847][com.java.SeleniumDriver] [ 1046] - Source 'D:\BankersDashboard\TestReports\012816' exists but is a directory
[INFO ][2016-01-28 11:32:00,847][com.java.SeleniumDriver] [ 1100] - failedCases = 2
[ERROR][2016-01-28 11:32:00,847][com.java.SeleniumDriver] [ 1599] - Platform Errors : Our apologies...::We have encountered an issue with your request.::Our apologies?:We encountered an issue with your request.
[INFO ][2016-01-28 11:32:00,847][com.java.SeleniumDriver] [ 1603] - Length =3
[ERROR][2016-01-28 11:32:00,863][com.java.SeleniumDriver] [ 1606] - Error 0 = Our apologies...
[ERROR][2016-01-28 11:32:00,879][com.java.SeleniumDriver] [ 1620] - Unable to get browser (WARNING: The server did not provide any stacktrace information)
Command duration or timeout: 16 milliseconds
Build info: version: '2.48.2', revision: '41bccdd', time: '2015-10-09 19:59:12'
System info: host: 'FVTIII438F1D', ip: '172.17.68.34', os.name: 'Windows 7', os.arch: 'x86', os.version: '6.1', java.version: '1.7.0_55'
Session ID: 7887a4d2-4bf4-4178-bd46-329d1ed5e80a
Driver info: org.openqa.selenium.ie.InternetExplorerDriver
Capabilities [{platform=WINDOWS, javascriptEnabled=true, elementScrollBehavior=0, ignoreZoomSetting=false, enablePersistentHover=true, ie.ensureCleanSession=false, browserName=internet explorer, enableElementCacheCleanup=true, unexpectedAlertBehaviour=dismiss, version=10, ie.usePerProcessProxy=false, ignoreProtectedModeSettings=true, cssSelectorsEnabled=true, requireWindowFocus=false, initialBrowserUrl=http://localhost:36451/, handlesAlerts=true, ie.forceCreateProcessApi=false, nativeEvents=true, browserAttachTimeout=0, ie.browserCommandLineSwitches=, takesScreenshot=true}]
[INFO ][2016-01-28 11:32:00,879][com.java.SeleniumDriver] [ 1622] - FindPlatformErrors exception: Unable to get browser (WARNING: The server did not provide any stacktrace information)
Command duration or timeout: 16 milliseconds
Build info: version: '2.48.2', revision: '41bccdd', time: '2015-10-09 19:59:12'
System info: host: 'FVTIII438F1D', ip: '172.17.68.34', os.name: 'Windows 7', os.arch: 'x86', os.version: '6.1', java.version: '1.7.0_55'
Session ID: 7887a4d2-4bf4-4178-bd46-329d1ed5e80a
Driver info: org.openqa.selenium.ie.InternetExplorerDriver
Capabilities [{platform=WINDOWS, javascriptEnabled=true, elementScrollBehavior=0, ignoreZoomSetting=false, enablePersistentHover=true, ie.ensureCleanSession=false, browserName=internet explorer, enableElementCacheCleanup=true, unexpectedAlertBehaviour=dismiss, version=10, ie.usePerProcessProxy=false, ignoreProtectedModeSettings=true, cssSelectorsEnabled=true, requireWindowFocus=false, initialBrowserUrl=http://localhost:36451/, handlesAlerts=true, ie.forceCreateProcessApi=false, nativeEvents=true, browserAttachTimeout=0, ie.browserCommandLineSwitches=, takesScreenshot=true}]
[DEBUG][2016-01-28 11:32:00,879][com.java.SeleniumDriver] [ 1624] - Unable to get the Platform Error list from Hash Map.
[ERROR][2016-01-28 11:32:00,894][com.java.SeleniumDriver] [ 1218] - Unable to get browser (WARNING: The server did not provide any stacktrace information)
Command duration or timeout: 15 milliseconds
Build info: version: '2.48.2', revision: '41bccdd', time: '2015-10-09 19:59:12'
System info: host: 'FVTIII438F1D', ip: '172.17.68.34', os.name: 'Windows 7', os.arch: 'x86', os.version: '6.1', java.version: '1.7.0_55'
Session ID: 7887a4d2-4bf4-4178-bd46-329d1ed5e80a
Driver info: org.openqa.selenium.ie.InternetExplorerDriver
Capabilities [{platform=WINDOWS, javascriptEnabled=true, elementScrollBehavior=0, ignoreZoomSetting=false, enablePersistentHover=true, ie.ensureCleanSession=false, browserName=internet explorer, enableElementCacheCleanup=true, unexpectedAlertBehaviour=dismiss, version=10, ie.usePerProcessProxy=false, ignoreProtectedModeSettings=true, cssSelectorsEnabled=true, requireWindowFocus=false, initialBrowserUrl=http://localhost:36451/, handlesAlerts=true, ie.forceCreateProcessApi=false, nativeEvents=true, browserAttachTimeout=0, ie.browserCommandLineSwitches=, takesScreenshot=true}]
[INFO ][2016-01-28 11:32:00,894][com.java.SeleniumDriver] [  856] - ------------------------------------------
[INFO ][2016-01-28 11:32:00,894][com.java.SeleniumDriver] [  857] - Test case being Executed: 2
[INFO ][2016-01-28 11:32:00,894][com.java.SeleniumDriver] [  869] - Test step:70
[INFO ][2016-01-28 11:32:00,894][com.java.SeleniumDriver] [  881] - Datavalue is----------null
[DEBUG][2016-01-28 11:32:00,894][com.java.SeleniumDriver] [  899] - Exception: null
[INFO ][2016-01-28 11:32:00,894][com.java.SeleniumDriver] [  905] - DataField : XPH//select[contains(@class, 'ember-select ')]
[INFO ][2016-01-28 11:32:00,894][com.java.SeleniumDriver] [  907] - DataValue : 
[INFO ][2016-01-28 11:32:00,894][com.java.SeleniumDriver] [  913] - <In Set values of the page>
[INFO ][2016-01-28 11:32:00,894][com.java.SeleniumDriver] [  916] - {Data Fields & Data Values Exist}
[INFO ][2016-01-28 11:32:00,894][com.java.SeleniumDriver] [  918] - --------------------------setting values-----------------------------
[INFO ][2016-01-28 11:32:00,894][com.java.SeleniumDriver] [  921] - Action Type : click
[INFO ][2016-01-28 11:32:00,894][com.java.TestType] [ 6774] - Field ::XPH//select[contains(@class, 'ember-select ')]
[INFO ][2016-01-28 11:32:00,894][com.java.TestType] [ 6395] - value = 
