[INFO ][2016-01-11 15:39:07,583][com.java.SeleniumDriver] [  213] - Execute Failed Casesfalse
[INFO ][2016-01-11 15:39:07,583][com.java.SeleniumDriver] [  214] - Browser: IE10
[INFO ][2016-01-11 15:39:07,583][com.java.SeleniumDriver] [  215] - [1, 58, 59, 60, 61, 62, 63, 64, 65]
[INFO ][2016-01-11 15:39:07,583][com.java.SeleniumDriver] [  216] - Total TestCases:9
[INFO ][2016-01-11 15:39:07,583][com.java.SeleniumDriver] [  217] -  Reading Properties from Property File 
[DEBUG][2016-01-11 15:39:07,583][com.java.SeleniumDriver] [  238] - url : https://clients-xuat.bankersdashboard.com
[INFO ][2016-01-11 15:39:07,583][com.java.ImportnExport.ExportTestResultsExcel] [  116] - Time Stamp Mon Jan 11 03:39:07 IST 2016
[INFO ][2016-01-11 15:39:07,583][com.java.ImportnExport.ExportTestResultsExcel] [  175] - OUT FILE : D:\BankersDashboard/TestReports/Test Results_BankersDashBoard_011116_153907_IE10_CB&S Bank.xls
[INFO ][2016-01-11 15:39:07,616][com.java.ImportnExport.ExportTestResultsExcel] [  180] - Test Result file is created
[DEBUG][2016-01-11 15:39:07,709][com.java.SeleniumDriver] [  426] - Hub ip address is-------172.17.68.34
[INFO ][2016-01-11 15:39:07,709][com.java.SeleniumDriver] [  452] - Grid URL:http://172.17.68.34:4444/wd/hub
[INFO ][2016-01-11 15:39:07,709][com.java.SeleniumDriver] [  453] - Capability:Capabilities [{platform=ANY, ensureCleanSession=true, ignoreProtectedModeSettings=true, acceptSslCerts=true, ignoreZoomSetting=true, browserName=internet explorer, browserstack.ie.noFlash=true, version=null}]
[ERROR][2016-01-11 15:39:09,035][com.java.SeleniumDriver] [  498] - Unable invoke browser in grid:Could not start a new session. Possible causes are invalid address of the remote server or browser start-up failure.
Build info: version: '2.48.2', revision: '41bccdd', time: '2015-10-09 19:59:12'
System info: host: 'FVTIII438F1D', ip: '172.17.68.34', os.name: 'Windows 7', os.arch: 'x86', os.version: '6.1', java.version: '1.7.0_55'
Driver info: driver.version: SeleniumDriver
[INFO ][2016-01-11 15:39:09,035][com.java.SeleniumDriver] [  500] - Executing on local machine
[INFO ][2016-01-11 15:39:21,424][com.java.SeleniumDriver] [  248] - IE10is opened
[INFO ][2016-01-11 15:39:22,269][com.java.SeleniumDriver] [  756] - Test cases to be executed are: [1, 58, 59, 60, 61, 62, 63, 64, 65]
[INFO ][2016-01-11 15:39:22,270][com.java.ImportnExport.ImportTestDataDetailsExcel] [   49] - test data details path===== D:\BankersDashboard\TestInputs\TestData.xls
[INFO ][2016-01-11 15:39:22,379][com.java.SeleniumDriver] [  832] - ------------------------------------------
[INFO ][2016-01-11 15:39:22,379][com.java.SeleniumDriver] [  833] - Test case being Executed: 1
[INFO ][2016-01-11 15:39:22,379][com.java.SeleniumDriver] [  845] - Test step:1
[INFO ][2016-01-11 15:39:22,379][com.java.SeleniumDriver] [  857] - Datavalue is----------Concept#1:1-16
[INFO ][2016-01-11 15:39:22,379][com.java.SeleniumDriver] [  881] - DataField : test
[INFO ][2016-01-11 15:39:22,379][com.java.SeleniumDriver] [  883] - DataValue : Concept#1:1-16
[INFO ][2016-01-11 15:39:22,379][com.java.SeleniumDriver] [  889] - <In Set values of the page>
[INFO ][2016-01-11 15:39:22,379][com.java.SeleniumDriver] [  892] - {Data Fields & Data Values Exist}
[INFO ][2016-01-11 15:39:22,379][com.java.SeleniumDriver] [  894] - --------------------------setting values-----------------------------
[INFO ][2016-01-11 15:39:22,379][com.java.SeleniumDriver] [  897] - Action Type : ExecuteTestCase
[INFO ][2016-01-11 15:39:22,395][com.java.TestType] [  437] - The Concept sheet name is ---------- Concept
[INFO ][2016-01-11 15:39:22,395][com.java.TestType] [  440] - The Concept ID  is ---------- 1
[DEBUG][2016-01-11 15:39:22,395][com.java.TestType] [  444] - Steps being executted in the Concept are: 1:16
[INFO ][2016-01-11 15:39:22,395][com.java.TestType] [  451] - Test data details path ---------- D:\BankersDashboard\TestInputs\TestData.xls
[INFO ][2016-01-11 15:39:22,426][com.java.TestType] [  482] -  str(1) = 1
[INFO ][2016-01-11 15:39:22,426][com.java.TestType] [  485] - Test case Id is---1
[INFO ][2016-01-11 15:39:22,426][com.java.TestType] [  487] - 1
[INFO ][2016-01-11 15:39:22,426][com.java.TestType] [  482] -  str(2) = 1
[INFO ][2016-01-11 15:39:22,426][com.java.TestType] [  482] -  str(1) = 1
[INFO ][2016-01-11 15:39:22,426][com.java.TestType] [  485] - Test case Id is---1
[INFO ][2016-01-11 15:39:22,426][com.java.TestType] [  487] - 1
[INFO ][2016-01-11 15:39:22,426][com.java.TestType] [  482] -  str(2) = 2
[INFO ][2016-01-11 15:39:22,426][com.java.TestType] [  482] -  str(1) = 1
[INFO ][2016-01-11 15:39:22,426][com.java.TestType] [  485] - Test case Id is---1
[INFO ][2016-01-11 15:39:22,426][com.java.TestType] [  487] - 1
[INFO ][2016-01-11 15:39:22,426][com.java.TestType] [  482] -  str(2) = 3
[INFO ][2016-01-11 15:39:22,426][com.java.TestType] [  482] -  str(1) = 1
[INFO ][2016-01-11 15:39:22,441][com.java.TestType] [  485] - Test case Id is---1
[INFO ][2016-01-11 15:39:22,441][com.java.TestType] [  487] - 1
[INFO ][2016-01-11 15:39:22,441][com.java.TestType] [  482] -  str(2) = 4
[INFO ][2016-01-11 15:39:22,441][com.java.TestType] [  482] -  str(1) = 1
[INFO ][2016-01-11 15:39:22,441][com.java.TestType] [  485] - Test case Id is---1
[INFO ][2016-01-11 15:39:22,441][com.java.TestType] [  487] - 1
[INFO ][2016-01-11 15:39:22,441][com.java.TestType] [  482] -  str(2) = 5
[INFO ][2016-01-11 15:39:22,441][com.java.TestType] [  482] -  str(1) = 1
[INFO ][2016-01-11 15:39:22,441][com.java.TestType] [  485] - Test case Id is---1
[INFO ][2016-01-11 15:39:22,441][com.java.TestType] [  487] - 1
[INFO ][2016-01-11 15:39:22,441][com.java.TestType] [  482] -  str(2) = 6
[INFO ][2016-01-11 15:39:22,441][com.java.TestType] [  482] -  str(1) = 1
[INFO ][2016-01-11 15:39:22,441][com.java.TestType] [  485] - Test case Id is---1
[INFO ][2016-01-11 15:39:22,441][com.java.TestType] [  487] - 1
[INFO ][2016-01-11 15:39:22,441][com.java.TestType] [  482] -  str(2) = 7
[INFO ][2016-01-11 15:39:22,441][com.java.TestType] [  482] -  str(1) = 1
[INFO ][2016-01-11 15:39:22,441][com.java.TestType] [  485] - Test case Id is---1
[INFO ][2016-01-11 15:39:22,441][com.java.TestType] [  487] - 1
[INFO ][2016-01-11 15:39:22,441][com.java.TestType] [  482] -  str(2) = 8
[INFO ][2016-01-11 15:39:22,441][com.java.TestType] [  482] -  str(1) = 1
[INFO ][2016-01-11 15:39:22,441][com.java.TestType] [  485] - Test case Id is---1
[INFO ][2016-01-11 15:39:22,441][com.java.TestType] [  487] - 1
[INFO ][2016-01-11 15:39:22,441][com.java.TestType] [  482] -  str(2) = 9
[INFO ][2016-01-11 15:39:22,441][com.java.TestType] [  482] -  str(1) = 1
[INFO ][2016-01-11 15:39:22,441][com.java.TestType] [  485] - Test case Id is---1
[INFO ][2016-01-11 15:39:22,441][com.java.TestType] [  487] - 1
[INFO ][2016-01-11 15:39:22,441][com.java.TestType] [  482] -  str(2) = 10
[INFO ][2016-01-11 15:39:22,441][com.java.TestType] [  482] -  str(1) = 1
[INFO ][2016-01-11 15:39:22,441][com.java.TestType] [  485] - Test case Id is---1
[INFO ][2016-01-11 15:39:22,441][com.java.TestType] [  487] - 1
[INFO ][2016-01-11 15:39:22,441][com.java.TestType] [  482] -  str(2) = 11
[INFO ][2016-01-11 15:39:22,441][com.java.TestType] [  482] -  str(1) = 1
[INFO ][2016-01-11 15:39:22,441][com.java.TestType] [  485] - Test case Id is---1
[INFO ][2016-01-11 15:39:22,441][com.java.TestType] [  487] - 1
[INFO ][2016-01-11 15:39:22,441][com.java.TestType] [  482] -  str(2) = 12
[INFO ][2016-01-11 15:39:22,441][com.java.TestType] [  482] -  str(1) = 1
[INFO ][2016-01-11 15:39:22,441][com.java.TestType] [  485] - Test case Id is---1
[INFO ][2016-01-11 15:39:22,441][com.java.TestType] [  487] - 1
[INFO ][2016-01-11 15:39:22,441][com.java.TestType] [  482] -  str(2) = 13
[INFO ][2016-01-11 15:39:22,441][com.java.TestType] [  482] -  str(1) = 1
[INFO ][2016-01-11 15:39:22,441][com.java.TestType] [  485] - Test case Id is---1
[INFO ][2016-01-11 15:39:22,441][com.java.TestType] [  487] - 1
[INFO ][2016-01-11 15:39:22,441][com.java.TestType] [  482] -  str(2) = 14
[INFO ][2016-01-11 15:39:22,441][com.java.TestType] [  482] -  str(1) = 1
[INFO ][2016-01-11 15:39:22,441][com.java.TestType] [  485] - Test case Id is---1
[INFO ][2016-01-11 15:39:22,441][com.java.TestType] [  487] - 1
[INFO ][2016-01-11 15:39:22,441][com.java.TestType] [  482] -  str(2) = 15
[INFO ][2016-01-11 15:39:22,441][com.java.TestType] [  482] -  str(1) = 1
[INFO ][2016-01-11 15:39:22,441][com.java.TestType] [  485] - Test case Id is---1
[INFO ][2016-01-11 15:39:22,457][com.java.TestType] [  487] - 1
[INFO ][2016-01-11 15:39:22,457][com.java.TestType] [  482] -  str(2) = 16
[INFO ][2016-01-11 15:39:22,457][com.java.TestType] [11095] - Looping 1TCID = 1
[DEBUG][2016-01-11 15:39:22,457][com.java.TestType] [11136] - Concept ID:1 :: Step being Executed: 1::1
[INFO ][2016-01-11 15:39:22,457][com.java.TestType] [11174] - dataFields : TXTusername
[DEBUG][2016-01-11 15:39:22,457][com.java.TestType] [11180] - <In Set values of the page>
[DEBUG][2016-01-11 15:39:22,457][com.java.TestType] [11185] - {Data Fields & Data Values Exist}
[INFO ][2016-01-11 15:39:22,457][com.java.TestType] [11191] - --------------------------setting values-----------------------------
[INFO ][2016-01-11 15:39:22,457][com.java.TestType] [11194] - Action Type : CLEARANDENTER
[INFO ][2016-01-11 15:39:22,457][com.java.TestType] [ 6130] - value = valuelabs.ie10.15310
[INFO ][2016-01-11 15:39:27,404][com.java.TestType] [11213] -  RESULT true
[INFO ][2016-01-11 15:39:27,404][com.java.TestType] [11330] - ?   P A S S   ?
[DEBUG][2016-01-11 15:39:27,404][com.java.TestType] [11136] - Concept ID:1 :: Step being Executed: 1::2
[INFO ][2016-01-11 15:39:27,404][com.java.TestType] [11174] - dataFields : TXTpassword
[DEBUG][2016-01-11 15:39:27,404][com.java.TestType] [11180] - <In Set values of the page>
[DEBUG][2016-01-11 15:39:27,404][com.java.TestType] [11185] - {Data Fields & Data Values Exist}
[INFO ][2016-01-11 15:39:27,404][com.java.TestType] [11191] - --------------------------setting values-----------------------------
[INFO ][2016-01-11 15:39:27,404][com.java.TestType] [11194] - Action Type : CLEARANDENTER
[INFO ][2016-01-11 15:39:27,404][com.java.TestType] [ 6130] - value = Password1*
[INFO ][2016-01-11 15:39:32,411][com.java.TestType] [11213] -  RESULT true
[INFO ][2016-01-11 15:39:32,411][com.java.TestType] [11330] - ?   P A S S   ?
[DEBUG][2016-01-11 15:39:32,411][com.java.TestType] [11136] - Concept ID:1 :: Step being Executed: 1::3
[ERROR][2016-01-11 15:39:32,411][com.java.TestType] [11169] - Exception: null
[INFO ][2016-01-11 15:39:32,411][com.java.TestType] [11174] - dataFields : XPH//button[@type='submit']
[DEBUG][2016-01-11 15:39:32,411][com.java.TestType] [11180] - <In Set values of the page>
[DEBUG][2016-01-11 15:39:32,411][com.java.TestType] [11185] - {Data Fields & Data Values Exist}
[INFO ][2016-01-11 15:39:32,411][com.java.TestType] [11191] - --------------------------setting values-----------------------------
[INFO ][2016-01-11 15:39:32,411][com.java.TestType] [11194] - Action Type : Click
[INFO ][2016-01-11 15:39:32,411][com.java.TestType] [ 6509] - Field ::XPH//button[@type='submit']
[INFO ][2016-01-11 15:39:32,411][com.java.TestType] [ 6130] - value = 
[INFO ][2016-01-11 15:39:33,425][com.java.TestType] [ 6646] - BEFORE CLICK
[INFO ][2016-01-11 15:39:34,316][com.java.TestType] [ 6654] - Unable to click the object Login
[INFO ][2016-01-11 15:39:34,316][com.java.TestType] [11213] -  RESULT true
[INFO ][2016-01-11 15:39:34,316][com.java.TestType] [11330] - ?   P A S S   ?
[DEBUG][2016-01-11 15:39:34,316][com.java.TestType] [11136] - Concept ID:1 :: Step being Executed: 1::4
[INFO ][2016-01-11 15:39:34,316][com.java.TestType] [11174] - dataFields : LNKLogout
[DEBUG][2016-01-11 15:39:34,316][com.java.TestType] [11180] - <In Set values of the page>
[DEBUG][2016-01-11 15:39:34,316][com.java.TestType] [11185] - {Data Fields & Data Values Exist}
[INFO ][2016-01-11 15:39:34,316][com.java.TestType] [11191] - --------------------------setting values-----------------------------
[INFO ][2016-01-11 15:39:34,316][com.java.TestType] [11194] - Action Type : WaitForElement
[INFO ][2016-01-11 15:39:37,626][com.java.TestType] [11213] -  RESULT true
[INFO ][2016-01-11 15:39:37,627][com.java.TestType] [11330] - ?   P A S S   ?
[DEBUG][2016-01-11 15:39:37,627][com.java.TestType] [11136] - Concept ID:1 :: Step being Executed: 1::15
[INFO ][2016-01-11 15:39:37,627][com.java.TestType] [11174] - dataFields : LNK
[DEBUG][2016-01-11 15:39:37,627][com.java.TestType] [11180] - <In Set values of the page>
[DEBUG][2016-01-11 15:39:37,627][com.java.TestType] [11185] - {Data Fields & Data Values Exist}
[INFO ][2016-01-11 15:39:37,627][com.java.TestType] [11191] - --------------------------setting values-----------------------------
[INFO ][2016-01-11 15:39:37,627][com.java.TestType] [11194] - Action Type : Verify
[INFO ][2016-01-11 15:39:37,627][com.java.TestType] [ 7504] - field= LNK value= Logout
[INFO ][2016-01-11 15:39:37,627][com.java.TestType] [ 6130] - value = Logout
[INFO ][2016-01-11 15:39:37,673][com.java.TestType] [11213] -  RESULT true
[INFO ][2016-01-11 15:39:37,673][com.java.TestType] [11330] - ?   P A S S   ?
[DEBUG][2016-01-11 15:39:37,673][com.java.TestType] [11136] - Concept ID:1 :: Step being Executed: 1::16
[INFO ][2016-01-11 15:39:37,673][com.java.TestType] [11174] - dataFields : BTN
[DEBUG][2016-01-11 15:39:37,673][com.java.TestType] [11180] - <In Set values of the page>
[DEBUG][2016-01-11 15:39:37,673][com.java.TestType] [11185] - {Data Fields & Data Values Exist}
[INFO ][2016-01-11 15:39:37,673][com.java.TestType] [11191] - --------------------------setting values-----------------------------
[INFO ][2016-01-11 15:39:37,673][com.java.TestType] [11194] - Action Type : Verify
[INFO ][2016-01-11 15:39:37,673][com.java.TestType] [ 7504] - field= BTN value= //img[contains(@src,'bdlogo.jpg')]
[INFO ][2016-01-11 15:39:37,673][com.java.TestType] [ 6130] - value = //img[contains(@src,'bdlogo.jpg')]
[INFO ][2016-01-11 15:39:37,736][com.java.TestType] [11213] -  RESULT true
[INFO ][2016-01-11 15:39:37,736][com.java.TestType] [11330] - ?   P A S S   ?
[INFO ][2016-01-11 15:39:37,736][com.java.TestType] [11401] - Looping End......
[INFO ][2016-01-11 15:39:37,736][com.java.SeleniumDriver] [  906] -  RESULT true
[INFO ][2016-01-11 15:39:37,736][com.java.SeleniumDriver] [ 1112] - ?   P A S S   ?
[INFO ][2016-01-11 15:39:37,736][com.java.SeleniumDriver] [  832] - ------------------------------------------
[INFO ][2016-01-11 15:39:37,736][com.java.SeleniumDriver] [  833] - Test case being Executed: 1
[INFO ][2016-01-11 15:39:37,736][com.java.SeleniumDriver] [  845] - Test step:2
[INFO ][2016-01-11 15:39:37,736][com.java.SeleniumDriver] [  857] - Datavalue is----------Concept#2:1-2
[INFO ][2016-01-11 15:39:37,736][com.java.SeleniumDriver] [  881] - DataField : test
[INFO ][2016-01-11 15:39:37,736][com.java.SeleniumDriver] [  883] - DataValue : Concept#2:1-2
[INFO ][2016-01-11 15:39:37,736][com.java.SeleniumDriver] [  889] - <In Set values of the page>
[INFO ][2016-01-11 15:39:37,736][com.java.SeleniumDriver] [  892] - {Data Fields & Data Values Exist}
[INFO ][2016-01-11 15:39:37,736][com.java.SeleniumDriver] [  894] - --------------------------setting values-----------------------------
[INFO ][2016-01-11 15:39:37,736][com.java.SeleniumDriver] [  897] - Action Type : ExecuteTestCase
[INFO ][2016-01-11 15:39:37,736][com.java.TestType] [  437] - The Concept sheet name is ---------- Concept
[INFO ][2016-01-11 15:39:37,736][com.java.TestType] [  440] - The Concept ID  is ---------- 2
[DEBUG][2016-01-11 15:39:37,736][com.java.TestType] [  444] - Steps being executted in the Concept are: 1:2
[INFO ][2016-01-11 15:39:37,736][com.java.TestType] [  451] - Test data details path ---------- D:\BankersDashboard\TestInputs\TestData.xls
[INFO ][2016-01-11 15:39:37,767][com.java.TestType] [  482] -  str(1) = 2
[INFO ][2016-01-11 15:39:37,767][com.java.TestType] [  485] - Test case Id is---2
[INFO ][2016-01-11 15:39:37,767][com.java.TestType] [  487] - 2
[INFO ][2016-01-11 15:39:37,767][com.java.TestType] [  482] -  str(2) = 1
[INFO ][2016-01-11 15:39:37,767][com.java.TestType] [  482] -  str(1) = 2
[INFO ][2016-01-11 15:39:37,767][com.java.TestType] [  485] - Test case Id is---2
[INFO ][2016-01-11 15:39:37,767][com.java.TestType] [  487] - 2
[INFO ][2016-01-11 15:39:37,767][com.java.TestType] [  482] -  str(2) = 2
[INFO ][2016-01-11 15:39:37,767][com.java.TestType] [  482] -  str(1) = 2
[INFO ][2016-01-11 15:39:37,767][com.java.TestType] [  485] - Test case Id is---2
[INFO ][2016-01-11 15:39:37,767][com.java.TestType] [  487] - 2
[INFO ][2016-01-11 15:39:37,767][com.java.TestType] [  482] -  str(2) = 3
[INFO ][2016-01-11 15:39:37,767][com.java.TestType] [11095] - Looping 1TCID = 2
[DEBUG][2016-01-11 15:39:37,767][com.java.TestType] [11136] - Concept ID:2 :: Step being Executed: 2::1
[INFO ][2016-01-11 15:39:37,767][com.java.TestType] [11174] - dataFields : BNK//select[@id='bank']
[DEBUG][2016-01-11 15:39:37,767][com.java.TestType] [11180] - <In Set values of the page>
[DEBUG][2016-01-11 15:39:37,767][com.java.TestType] [11185] - {Data Fields & Data Values Exist}
[INFO ][2016-01-11 15:39:37,767][com.java.TestType] [11191] - --------------------------setting values-----------------------------
[INFO ][2016-01-11 15:39:37,767][com.java.TestType] [11194] - Action Type : Select
[INFO ][2016-01-11 15:39:37,767][com.java.TestType] [ 6130] - value = PFC
[INFO ][2016-01-11 15:39:37,970][com.java.TestType] [11213] -  RESULT true
[INFO ][2016-01-11 15:39:37,970][com.java.TestType] [11330] - ?   P A S S   ?
[DEBUG][2016-01-11 15:39:37,970][com.java.TestType] [11136] - Concept ID:2 :: Step being Executed: 2::2
[INFO ][2016-01-11 15:39:37,970][com.java.TestType] [11174] - dataFields : LNKLogout
[DEBUG][2016-01-11 15:39:37,970][com.java.TestType] [11180] - <In Set values of the page>
[DEBUG][2016-01-11 15:39:37,970][com.java.TestType] [11185] - {Data Fields & Data Values Exist}
[INFO ][2016-01-11 15:39:37,970][com.java.TestType] [11191] - --------------------------setting values-----------------------------
[INFO ][2016-01-11 15:39:37,970][com.java.TestType] [11194] - Action Type : WaitTime
[DEBUG][2016-01-11 15:39:37,970][com.java.TestType] [ 5950] - sleepTime: 5000
[INFO ][2016-01-11 15:39:42,982][com.java.TestType] [11213] -  RESULT true
[INFO ][2016-01-11 15:39:42,982][com.java.TestType] [11330] - ?   P A S S   ?
[INFO ][2016-01-11 15:39:42,982][com.java.TestType] [11401] - Looping End......
[INFO ][2016-01-11 15:39:42,982][com.java.SeleniumDriver] [  906] -  RESULT true
[INFO ][2016-01-11 15:39:42,982][com.java.SeleniumDriver] [ 1112] - ?   P A S S   ?
[INFO ][2016-01-11 15:39:42,982][com.java.SeleniumDriver] [  832] - ------------------------------------------
[INFO ][2016-01-11 15:39:42,982][com.java.SeleniumDriver] [  833] - Test case being Executed: 1
[INFO ][2016-01-11 15:39:42,982][com.java.SeleniumDriver] [  845] - Test step:3
[INFO ][2016-01-11 15:39:42,982][com.java.SeleniumDriver] [  857] - Datavalue is----------2
[INFO ][2016-01-11 15:39:42,982][com.java.SeleniumDriver] [  881] - DataField : XPH//button[contains(text(),'Add Content')]
[INFO ][2016-01-11 15:39:42,982][com.java.SeleniumDriver] [  883] - DataValue : 2
[INFO ][2016-01-11 15:39:42,982][com.java.SeleniumDriver] [  889] - <In Set values of the page>
[INFO ][2016-01-11 15:39:42,982][com.java.SeleniumDriver] [  892] - {Data Fields & Data Values Exist}
[INFO ][2016-01-11 15:39:42,982][com.java.SeleniumDriver] [  894] - --------------------------setting values-----------------------------
[INFO ][2016-01-11 15:39:42,982][com.java.SeleniumDriver] [  897] - Action Type : WAITFORELEMENT
[INFO ][2016-01-11 15:39:43,029][com.java.SeleniumDriver] [  906] -  RESULT true
[INFO ][2016-01-11 15:39:43,029][com.java.SeleniumDriver] [ 1112] - ?   P A S S   ?
[DEBUG][2016-01-11 15:39:43,029][com.java.SeleniumDriver] [ 1224] - Case found
[DEBUG][2016-01-11 15:39:43,029][com.java.SeleniumDriver] [ 1229] - Incrementing ReportCounters[0]:1
[INFO ][2016-01-11 15:39:43,029][com.java.SeleniumDriver] [ 1248] - The results are-------------------[1, 1, Valid Login, Pass, , Mon Jan 11 15:39:37 IST 2016, 1, 2, Valid Login, Pass, , Mon Jan 11 15:39:42 IST 2016, 1, 3, Valid Login, Pass, , Mon Jan 11 15:39:43 IST 2016]
[INFO ][2016-01-11 15:39:43,029][com.java.SeleniumDriver] [ 1252] - End time is-------37 sec
[INFO ][2016-01-11 15:39:43,029][com.java.SeleniumDriver] [ 1253] - The results are-------------------[1, 1, Valid Login, Pass, , Mon Jan 11 15:39:37 IST 2016, 1, 2, Valid Login, Pass, , Mon Jan 11 15:39:42 IST 2016, 1, 3, Valid Login, Pass, , Mon Jan 11 15:39:43 IST 2016]
[DEBUG][2016-01-11 15:39:43,029][com.java.ImportnExport.ExportTestResultsExcel] [  222] - testResultPath = D:\BankersDashboard/TestReports/Test Results_BankersDashBoard_011116_153907_IE10_CB&S Bank.xls
[DEBUG][2016-01-11 15:39:43,029][com.java.ImportnExport.ExportTestResultsExcel] [  223] - browser is------------IE10
[DEBUG][2016-01-11 15:39:43,061][com.java.ImportnExport.ExportTestResultsExcel] [  270] - result.size() = 18
[DEBUG][2016-01-11 15:39:43,061][com.java.ImportnExport.ExportTestResultsExcel] [  274] - No of rows in sheet=1
[DEBUG][2016-01-11 15:39:43,061][com.java.ImportnExport.ExportTestResultsExcel] [  301] - ..in export..1
[DEBUG][2016-01-11 15:39:43,076][com.java.ImportnExport.ExportTestResultsExcel] [  301] - ..in export..Valid Login
[DEBUG][2016-01-11 15:39:43,076][com.java.ImportnExport.ExportTestResultsExcel] [  301] - ..in export..Pass
[DEBUG][2016-01-11 15:39:43,076][com.java.ImportnExport.ExportTestResultsExcel] [  301] - ..in export..
[DEBUG][2016-01-11 15:39:43,076][com.java.ImportnExport.ExportTestResultsExcel] [  301] - ..in export..Mon Jan 11 15:39:37 IST 2016
[INFO ][2016-01-11 15:39:43,076][com.java.SeleniumDriver] [ 1313] - out loop:0 size:9 TestCases:[1, 58, 59, 60, 61, 62, 63, 64, 65] testcases:[1, 58, 59, 60, 61, 62, 63, 64, 65]
[INFO ][2016-01-11 15:39:43,076][com.java.ImportnExport.ImportTestDataDetailsExcel] [   49] - test data details path===== D:\BankersDashboard\TestInputs\TestData.xls
[INFO ][2016-01-11 15:40:00,756][com.java.SeleniumDriver] [  832] - ------------------------------------------
[INFO ][2016-01-11 15:40:00,756][com.java.SeleniumDriver] [  833] - Test case being Executed: 58
[INFO ][2016-01-11 15:40:00,756][com.java.SeleniumDriver] [  845] - Test step:1
[INFO ][2016-01-11 15:40:00,756][com.java.SeleniumDriver] [  857] - Datavalue is----------Logout
[INFO ][2016-01-11 15:40:00,756][com.java.SeleniumDriver] [  881] - DataField : BTN
[INFO ][2016-01-11 15:40:00,756][com.java.SeleniumDriver] [  883] - DataValue : Logout
[INFO ][2016-01-11 15:40:00,756][com.java.SeleniumDriver] [  889] - <In Set values of the page>
[INFO ][2016-01-11 15:40:00,756][com.java.SeleniumDriver] [  892] - {Data Fields & Data Values Exist}
[INFO ][2016-01-11 15:40:00,756][com.java.SeleniumDriver] [  894] - --------------------------setting values-----------------------------
[INFO ][2016-01-11 15:40:00,756][com.java.SeleniumDriver] [  897] - Action Type : Verify
[INFO ][2016-01-11 15:40:00,756][com.java.TestType] [ 7504] - field= BTN value= Logout
[INFO ][2016-01-11 15:40:00,756][com.java.TestType] [ 6130] - value = Logout
[INFO ][2016-01-11 15:40:00,944][com.java.SeleniumDriver] [  906] -  RESULT true
[INFO ][2016-01-11 15:40:00,944][com.java.SeleniumDriver] [ 1112] - ?   P A S S   ?
[INFO ][2016-01-11 15:40:00,944][com.java.SeleniumDriver] [ 1154] - step change to 3
[INFO ][2016-01-11 15:40:00,944][com.java.SeleniumDriver] [  832] - ------------------------------------------
[INFO ][2016-01-11 15:40:00,944][com.java.SeleniumDriver] [  833] - Test case being Executed: 58
[INFO ][2016-01-11 15:40:00,944][com.java.SeleniumDriver] [  845] - Test step:3
[INFO ][2016-01-11 15:40:00,944][com.java.SeleniumDriver] [  857] - Datavalue is----------Concept#2:1-2
[INFO ][2016-01-11 15:40:00,944][com.java.SeleniumDriver] [  881] - DataField : test
[INFO ][2016-01-11 15:40:00,944][com.java.SeleniumDriver] [  883] - DataValue : Concept#2:1-2
[INFO ][2016-01-11 15:40:00,944][com.java.SeleniumDriver] [  889] - <In Set values of the page>
[INFO ][2016-01-11 15:40:00,944][com.java.SeleniumDriver] [  892] - {Data Fields & Data Values Exist}
[INFO ][2016-01-11 15:40:00,944][com.java.SeleniumDriver] [  894] - --------------------------setting values-----------------------------
[INFO ][2016-01-11 15:40:00,944][com.java.SeleniumDriver] [  897] - Action Type : ExecuteTestCase
[INFO ][2016-01-11 15:40:00,944][com.java.TestType] [  437] - The Concept sheet name is ---------- Concept
[INFO ][2016-01-11 15:40:00,944][com.java.TestType] [  440] - The Concept ID  is ---------- 2
[DEBUG][2016-01-11 15:40:00,944][com.java.TestType] [  444] - Steps being executted in the Concept are: 1:2
[INFO ][2016-01-11 15:40:00,944][com.java.TestType] [  451] - Test data details path ---------- D:\BankersDashboard\TestInputs\TestData.xls
[INFO ][2016-01-11 15:40:00,975][com.java.TestType] [  482] -  str(1) = 2
[INFO ][2016-01-11 15:40:00,975][com.java.TestType] [  485] - Test case Id is---2
[INFO ][2016-01-11 15:40:00,975][com.java.TestType] [  487] - 2
[INFO ][2016-01-11 15:40:00,975][com.java.TestType] [  482] -  str(2) = 1
[INFO ][2016-01-11 15:40:00,975][com.java.TestType] [  482] -  str(1) = 2
[INFO ][2016-01-11 15:40:00,975][com.java.TestType] [  485] - Test case Id is---2
[INFO ][2016-01-11 15:40:00,975][com.java.TestType] [  487] - 2
[INFO ][2016-01-11 15:40:00,975][com.java.TestType] [  482] -  str(2) = 2
[INFO ][2016-01-11 15:40:00,975][com.java.TestType] [  482] -  str(1) = 2
[INFO ][2016-01-11 15:40:00,975][com.java.TestType] [  485] - Test case Id is---2
[INFO ][2016-01-11 15:40:00,975][com.java.TestType] [  487] - 2
[INFO ][2016-01-11 15:40:00,975][com.java.TestType] [  482] -  str(2) = 3
[INFO ][2016-01-11 15:40:00,975][com.java.TestType] [11095] - Looping 1TCID = 2
[DEBUG][2016-01-11 15:40:00,975][com.java.TestType] [11136] - Concept ID:2 :: Step being Executed: 2::1
[INFO ][2016-01-11 15:40:00,975][com.java.TestType] [11174] - dataFields : BNK//select[@id='bank']
[DEBUG][2016-01-11 15:40:00,975][com.java.TestType] [11180] - <In Set values of the page>
[DEBUG][2016-01-11 15:40:00,975][com.java.TestType] [11185] - {Data Fields & Data Values Exist}
[INFO ][2016-01-11 15:40:00,975][com.java.TestType] [11191] - --------------------------setting values-----------------------------
[INFO ][2016-01-11 15:40:00,975][com.java.TestType] [11194] - Action Type : Select
[INFO ][2016-01-11 15:40:00,975][com.java.TestType] [ 6130] - value = PFC
[INFO ][2016-01-11 15:40:01,412][com.java.TestType] [11213] -  RESULT true
[INFO ][2016-01-11 15:40:01,412][com.java.TestType] [11330] - ?   P A S S   ?
[DEBUG][2016-01-11 15:40:01,412][com.java.TestType] [11136] - Concept ID:2 :: Step being Executed: 2::2
[INFO ][2016-01-11 15:40:01,412][com.java.TestType] [11174] - dataFields : LNKLogout
[DEBUG][2016-01-11 15:40:01,412][com.java.TestType] [11180] - <In Set values of the page>
[DEBUG][2016-01-11 15:40:01,412][com.java.TestType] [11185] - {Data Fields & Data Values Exist}
[INFO ][2016-01-11 15:40:01,412][com.java.TestType] [11191] - --------------------------setting values-----------------------------
[INFO ][2016-01-11 15:40:01,412][com.java.TestType] [11194] - Action Type : WaitTime
[DEBUG][2016-01-11 15:40:01,412][com.java.TestType] [ 5950] - sleepTime: 5000
[INFO ][2016-01-11 15:40:06,419][com.java.TestType] [11213] -  RESULT true
[INFO ][2016-01-11 15:40:06,419][com.java.TestType] [11330] - ?   P A S S   ?
[INFO ][2016-01-11 15:40:06,419][com.java.TestType] [11401] - Looping End......
[INFO ][2016-01-11 15:40:06,419][com.java.SeleniumDriver] [  906] -  RESULT true
[INFO ][2016-01-11 15:40:06,419][com.java.SeleniumDriver] [ 1112] - ?   P A S S   ?
[INFO ][2016-01-11 15:40:06,419][com.java.SeleniumDriver] [  832] - ------------------------------------------
[INFO ][2016-01-11 15:40:06,419][com.java.SeleniumDriver] [  833] - Test case being Executed: 58
[INFO ][2016-01-11 15:40:06,419][com.java.SeleniumDriver] [  845] - Test step:4
[INFO ][2016-01-11 15:40:06,419][com.java.SeleniumDriver] [  857] - Datavalue is----------2
[INFO ][2016-01-11 15:40:06,419][com.java.SeleniumDriver] [  881] - DataField : BTNG/L
[INFO ][2016-01-11 15:40:06,419][com.java.SeleniumDriver] [  883] - DataValue : 2
[INFO ][2016-01-11 15:40:06,419][com.java.SeleniumDriver] [  889] - <In Set values of the page>
[INFO ][2016-01-11 15:40:06,419][com.java.SeleniumDriver] [  892] - {Data Fields & Data Values Exist}
[INFO ][2016-01-11 15:40:06,419][com.java.SeleniumDriver] [  894] - --------------------------setting values-----------------------------
[INFO ][2016-01-11 15:40:06,419][com.java.SeleniumDriver] [  897] - Action Type : WAITFORELEMENT
[INFO ][2016-01-11 15:40:06,529][com.java.SeleniumDriver] [  906] -  RESULT true
[INFO ][2016-01-11 15:40:06,529][com.java.SeleniumDriver] [ 1112] - ?   P A S S   ?
[INFO ][2016-01-11 15:40:06,529][com.java.SeleniumDriver] [  832] - ------------------------------------------
[INFO ][2016-01-11 15:40:06,529][com.java.SeleniumDriver] [  833] - Test case being Executed: 58
[INFO ][2016-01-11 15:40:06,529][com.java.SeleniumDriver] [  845] - Test step:5
[INFO ][2016-01-11 15:40:06,529][com.java.SeleniumDriver] [  857] - Datavalue is----------null
[DEBUG][2016-01-11 15:40:06,529][com.java.SeleniumDriver] [  875] - Exception: null
[INFO ][2016-01-11 15:40:06,529][com.java.SeleniumDriver] [  881] - DataField : //span[@class="icon-user4"]&&//a[contains(text(),'Manage Data')]&&//a[@data-id="Export"]
[INFO ][2016-01-11 15:40:06,529][com.java.SeleniumDriver] [  883] - DataValue : 
[INFO ][2016-01-11 15:40:06,529][com.java.SeleniumDriver] [  889] - <In Set values of the page>
[INFO ][2016-01-11 15:40:06,529][com.java.SeleniumDriver] [  892] - {Data Fields & Data Values Exist}
[INFO ][2016-01-11 15:40:06,529][com.java.SeleniumDriver] [  894] - --------------------------setting values-----------------------------
[INFO ][2016-01-11 15:40:06,529][com.java.SeleniumDriver] [  897] - Action Type : MOUSEOVER
[INFO ][2016-01-11 15:40:35,138][com.java.SeleniumDriver] [  906] -  RESULT true
[INFO ][2016-01-11 15:40:35,138][com.java.SeleniumDriver] [ 1112] - ?   P A S S   ?
[INFO ][2016-01-11 15:40:35,138][com.java.SeleniumDriver] [  832] - ------------------------------------------
[INFO ][2016-01-11 15:40:35,138][com.java.SeleniumDriver] [  833] - Test case being Executed: 58
[INFO ][2016-01-11 15:40:35,138][com.java.SeleniumDriver] [  845] - Test step:6
[INFO ][2016-01-11 15:40:35,138][com.java.SeleniumDriver] [  857] - Datavalue is----------5
[INFO ][2016-01-11 15:40:35,138][com.java.SeleniumDriver] [  881] - DataField : BTN//iframe[@id='frameDialogContent']
[INFO ][2016-01-11 15:40:35,138][com.java.SeleniumDriver] [  883] - DataValue : 5
[INFO ][2016-01-11 15:40:35,138][com.java.SeleniumDriver] [  889] - <In Set values of the page>
[INFO ][2016-01-11 15:40:35,138][com.java.SeleniumDriver] [  892] - {Data Fields & Data Values Exist}
[INFO ][2016-01-11 15:40:35,138][com.java.SeleniumDriver] [  894] - --------------------------setting values-----------------------------
[INFO ][2016-01-11 15:40:35,138][com.java.SeleniumDriver] [  897] - Action Type : waitforelement
[INFO ][2016-01-11 15:40:35,170][com.java.SeleniumDriver] [  906] -  RESULT true
[INFO ][2016-01-11 15:40:35,170][com.java.SeleniumDriver] [ 1112] - ?   P A S S   ?
[INFO ][2016-01-11 15:40:35,170][com.java.SeleniumDriver] [  832] - ------------------------------------------
[INFO ][2016-01-11 15:40:35,170][com.java.SeleniumDriver] [  833] - Test case being Executed: 58
[INFO ][2016-01-11 15:40:35,170][com.java.SeleniumDriver] [  845] - Test step:7
[INFO ][2016-01-11 15:40:35,170][com.java.SeleniumDriver] [  857] - Datavalue is----------Export Data
[INFO ][2016-01-11 15:40:35,170][com.java.SeleniumDriver] [  881] - DataField : MSG
[INFO ][2016-01-11 15:40:35,170][com.java.SeleniumDriver] [  883] - DataValue : Export Data
[INFO ][2016-01-11 15:40:35,170][com.java.SeleniumDriver] [  889] - <In Set values of the page>
[INFO ][2016-01-11 15:40:35,170][com.java.SeleniumDriver] [  892] - {Data Fields & Data Values Exist}
[INFO ][2016-01-11 15:40:35,170][com.java.SeleniumDriver] [  894] - --------------------------setting values-----------------------------
[INFO ][2016-01-11 15:40:35,170][com.java.SeleniumDriver] [  897] - Action Type : VERIFY
[INFO ][2016-01-11 15:40:35,170][com.java.TestType] [ 7504] - field= MSG value= Export Data
[INFO ][2016-01-11 15:40:35,170][com.java.TestType] [ 6130] - value = Export Data
[DEBUG][2016-01-11 15:40:35,170][com.java.TestType] [ 8310] - value :: Export Data
[INFO ][2016-01-11 15:40:35,232][com.java.SeleniumDriver] [  906] -  RESULT true
[INFO ][2016-01-11 15:40:35,232][com.java.SeleniumDriver] [ 1112] - ?   P A S S   ?
[INFO ][2016-01-11 15:40:35,232][com.java.SeleniumDriver] [  832] - ------------------------------------------
[INFO ][2016-01-11 15:40:35,232][com.java.SeleniumDriver] [  833] - Test case being Executed: 58
[INFO ][2016-01-11 15:40:35,232][com.java.SeleniumDriver] [  845] - Test step:8
[INFO ][2016-01-11 15:40:35,232][com.java.SeleniumDriver] [  857] - Datavalue is----------null
[DEBUG][2016-01-11 15:40:35,232][com.java.SeleniumDriver] [  875] - Exception: null
[INFO ][2016-01-11 15:40:35,232][com.java.SeleniumDriver] [  881] - DataField : BTN//iframe[@id='frameDialogContent']
[INFO ][2016-01-11 15:40:35,232][com.java.SeleniumDriver] [  883] - DataValue : 
[INFO ][2016-01-11 15:40:35,232][com.java.SeleniumDriver] [  889] - <In Set values of the page>
[INFO ][2016-01-11 15:40:35,232][com.java.SeleniumDriver] [  892] - {Data Fields & Data Values Exist}
[INFO ][2016-01-11 15:40:35,232][com.java.SeleniumDriver] [  894] - --------------------------setting values-----------------------------
[INFO ][2016-01-11 15:40:35,232][com.java.SeleniumDriver] [  897] - Action Type : SELECTFRAME
[INFO ][2016-01-11 15:40:35,342][com.java.SeleniumDriver] [  906] -  RESULT true
[INFO ][2016-01-11 15:40:35,342][com.java.SeleniumDriver] [ 1112] - ?   P A S S   ?
[INFO ][2016-01-11 15:40:35,342][com.java.SeleniumDriver] [  832] - ------------------------------------------
[INFO ][2016-01-11 15:40:35,342][com.java.SeleniumDriver] [  833] - Test case being Executed: 58
[INFO ][2016-01-11 15:40:35,342][com.java.SeleniumDriver] [  845] - Test step:9
[INFO ][2016-01-11 15:40:35,342][com.java.SeleniumDriver] [  857] - Datavalue is----------5
[INFO ][2016-01-11 15:40:35,342][com.java.SeleniumDriver] [  881] - DataField : BTNrdoLedgerGL
[INFO ][2016-01-11 15:40:35,342][com.java.SeleniumDriver] [  883] - DataValue : 5
[INFO ][2016-01-11 15:40:35,342][com.java.SeleniumDriver] [  889] - <In Set values of the page>
[INFO ][2016-01-11 15:40:35,342][com.java.SeleniumDriver] [  892] - {Data Fields & Data Values Exist}
[INFO ][2016-01-11 15:40:35,342][com.java.SeleniumDriver] [  894] - --------------------------setting values-----------------------------
[INFO ][2016-01-11 15:40:35,342][com.java.SeleniumDriver] [  897] - Action Type : waitforelement
[INFO ][2016-01-11 15:40:36,418][com.java.SeleniumDriver] [  906] -  RESULT true
[INFO ][2016-01-11 15:40:36,418][com.java.SeleniumDriver] [ 1112] - ?   P A S S   ?
[INFO ][2016-01-11 15:40:36,418][com.java.SeleniumDriver] [  832] - ------------------------------------------
[INFO ][2016-01-11 15:40:36,418][com.java.SeleniumDriver] [  833] - Test case being Executed: 58
[INFO ][2016-01-11 15:40:36,418][com.java.SeleniumDriver] [  845] - Test step:10
[INFO ][2016-01-11 15:40:36,418][com.java.SeleniumDriver] [  857] - Datavalue is----------null
[DEBUG][2016-01-11 15:40:36,418][com.java.SeleniumDriver] [  875] - Exception: null
[INFO ][2016-01-11 15:40:36,418][com.java.SeleniumDriver] [  881] - DataField : BTNrdoLedgerGL
[INFO ][2016-01-11 15:40:36,418][com.java.SeleniumDriver] [  883] - DataValue : 
[INFO ][2016-01-11 15:40:36,418][com.java.SeleniumDriver] [  889] - <In Set values of the page>
[INFO ][2016-01-11 15:40:36,418][com.java.SeleniumDriver] [  892] - {Data Fields & Data Values Exist}
[INFO ][2016-01-11 15:40:36,418][com.java.SeleniumDriver] [  894] - --------------------------setting values-----------------------------
[INFO ][2016-01-11 15:40:36,418][com.java.SeleniumDriver] [  897] - Action Type : click
[INFO ][2016-01-11 15:40:36,418][com.java.TestType] [ 6509] - Field ::BTNrdoLedgerGL
[INFO ][2016-01-11 15:40:36,418][com.java.TestType] [ 6130] - value = 
[INFO ][2016-01-11 15:40:37,433][com.java.TestType] [ 6625] - BEFORE CLICK
[INFO ][2016-01-11 15:40:38,650][com.java.TestType] [ 6632] - Unable to click the object click on G/L button
[INFO ][2016-01-11 15:40:38,650][com.java.SeleniumDriver] [  906] -  RESULT true
[INFO ][2016-01-11 15:40:38,650][com.java.SeleniumDriver] [ 1112] - ?   P A S S   ?
[INFO ][2016-01-11 15:40:38,650][com.java.SeleniumDriver] [  832] - ------------------------------------------
[INFO ][2016-01-11 15:40:38,650][com.java.SeleniumDriver] [  833] - Test case being Executed: 58
[INFO ][2016-01-11 15:40:38,650][com.java.SeleniumDriver] [  845] - Test step:11
[INFO ][2016-01-11 15:40:38,650][com.java.SeleniumDriver] [  857] - Datavalue is----------null
[DEBUG][2016-01-11 15:40:38,650][com.java.SeleniumDriver] [  875] - Exception: null
[INFO ][2016-01-11 15:40:38,650][com.java.SeleniumDriver] [  881] - DataField : BTNnextButton
[INFO ][2016-01-11 15:40:38,650][com.java.SeleniumDriver] [  883] - DataValue : 
[INFO ][2016-01-11 15:40:38,650][com.java.SeleniumDriver] [  889] - <In Set values of the page>
[INFO ][2016-01-11 15:40:38,650][com.java.SeleniumDriver] [  892] - {Data Fields & Data Values Exist}
[INFO ][2016-01-11 15:40:38,650][com.java.SeleniumDriver] [  894] - --------------------------setting values-----------------------------
[INFO ][2016-01-11 15:40:38,650][com.java.SeleniumDriver] [  897] - Action Type : click
[INFO ][2016-01-11 15:40:38,650][com.java.TestType] [ 6509] - Field ::BTNnextButton
[INFO ][2016-01-11 15:40:38,650][com.java.TestType] [ 6130] - value = 
[INFO ][2016-01-11 15:40:39,664][com.java.TestType] [ 6625] - BEFORE CLICK
[INFO ][2016-01-11 15:40:40,866][com.java.TestType] [ 6632] - Unable to click the object click on Next button
[INFO ][2016-01-11 15:40:40,866][com.java.SeleniumDriver] [  906] -  RESULT true
[INFO ][2016-01-11 15:40:40,866][com.java.SeleniumDriver] [ 1112] - ?   P A S S   ?
[INFO ][2016-01-11 15:40:40,866][com.java.SeleniumDriver] [  832] - ------------------------------------------
[INFO ][2016-01-11 15:40:40,866][com.java.SeleniumDriver] [  833] - Test case being Executed: 58
[INFO ][2016-01-11 15:40:40,866][com.java.SeleniumDriver] [  845] - Test step:12
[INFO ][2016-01-11 15:40:40,866][com.java.SeleniumDriver] [  857] - Datavalue is----------5
[INFO ][2016-01-11 15:40:40,866][com.java.SeleniumDriver] [  881] - DataField : BTNrdoDetailDetailed
[INFO ][2016-01-11 15:40:40,866][com.java.SeleniumDriver] [  883] - DataValue : 5
[INFO ][2016-01-11 15:40:40,866][com.java.SeleniumDriver] [  889] - <In Set values of the page>
[INFO ][2016-01-11 15:40:40,866][com.java.SeleniumDriver] [  892] - {Data Fields & Data Values Exist}
[INFO ][2016-01-11 15:40:40,866][com.java.SeleniumDriver] [  894] - --------------------------setting values-----------------------------
[INFO ][2016-01-11 15:40:40,866][com.java.SeleniumDriver] [  897] - Action Type : waitforelement
[INFO ][2016-01-11 15:40:41,927][com.java.SeleniumDriver] [  906] -  RESULT true
[INFO ][2016-01-11 15:40:41,927][com.java.SeleniumDriver] [ 1112] - ?   P A S S   ?
[INFO ][2016-01-11 15:40:41,927][com.java.SeleniumDriver] [  832] - ------------------------------------------
[INFO ][2016-01-11 15:40:41,927][com.java.SeleniumDriver] [  833] - Test case being Executed: 58
[INFO ][2016-01-11 15:40:41,927][com.java.SeleniumDriver] [  845] - Test step:13
[INFO ][2016-01-11 15:40:41,927][com.java.SeleniumDriver] [  857] - Datavalue is----------Actual
[INFO ][2016-01-11 15:40:41,927][com.java.SeleniumDriver] [  881] - DataField : SLBddlDataSource
[INFO ][2016-01-11 15:40:41,927][com.java.SeleniumDriver] [  883] - DataValue : Actual
[INFO ][2016-01-11 15:40:41,927][com.java.SeleniumDriver] [  889] - <In Set values of the page>
[INFO ][2016-01-11 15:40:41,927][com.java.SeleniumDriver] [  892] - {Data Fields & Data Values Exist}
[INFO ][2016-01-11 15:40:41,927][com.java.SeleniumDriver] [  894] - --------------------------setting values-----------------------------
[INFO ][2016-01-11 15:40:41,927][com.java.SeleniumDriver] [  897] - Action Type : Select
[INFO ][2016-01-11 15:40:41,927][com.java.TestType] [ 6130] - value = Actual
[INFO ][2016-01-11 15:40:44,207][com.java.SeleniumDriver] [  906] -  RESULT true
[INFO ][2016-01-11 15:40:44,207][com.java.SeleniumDriver] [ 1112] - ?   P A S S   ?
[INFO ][2016-01-11 15:40:44,207][com.java.SeleniumDriver] [  832] - ------------------------------------------
[INFO ][2016-01-11 15:40:44,207][com.java.SeleniumDriver] [  833] - Test case being Executed: 58
[INFO ][2016-01-11 15:40:44,207][com.java.SeleniumDriver] [  845] - Test step:14
[INFO ][2016-01-11 15:40:44,207][com.java.SeleniumDriver] [  857] - Datavalue is----------null
[DEBUG][2016-01-11 15:40:44,207][com.java.SeleniumDriver] [  875] - Exception: null
[INFO ][2016-01-11 15:40:44,207][com.java.SeleniumDriver] [  881] - DataField : BTNrdoDetailDetailed
[INFO ][2016-01-11 15:40:44,207][com.java.SeleniumDriver] [  883] - DataValue : 
[INFO ][2016-01-11 15:40:44,207][com.java.SeleniumDriver] [  889] - <In Set values of the page>
[INFO ][2016-01-11 15:40:44,207][com.java.SeleniumDriver] [  892] - {Data Fields & Data Values Exist}
[INFO ][2016-01-11 15:40:44,207][com.java.SeleniumDriver] [  894] - --------------------------setting values-----------------------------
[INFO ][2016-01-11 15:40:44,207][com.java.SeleniumDriver] [  897] - Action Type : click
[INFO ][2016-01-11 15:40:44,207][com.java.TestType] [ 6509] - Field ::BTNrdoDetailDetailed
[INFO ][2016-01-11 15:40:44,207][com.java.TestType] [ 6130] - value = 
[INFO ][2016-01-11 15:40:45,221][com.java.TestType] [ 6625] - BEFORE CLICK
[INFO ][2016-01-11 15:40:46,407][com.java.TestType] [ 6632] - Unable to click the object click on Detailed radio button
[INFO ][2016-01-11 15:40:46,407][com.java.SeleniumDriver] [  906] -  RESULT true
[INFO ][2016-01-11 15:40:46,407][com.java.SeleniumDriver] [ 1112] - ?   P A S S   ?
[INFO ][2016-01-11 15:40:46,407][com.java.SeleniumDriver] [  832] - ------------------------------------------
[INFO ][2016-01-11 15:40:46,407][com.java.SeleniumDriver] [  833] - Test case being Executed: 58
[INFO ][2016-01-11 15:40:46,407][com.java.SeleniumDriver] [  845] - Test step:15
[INFO ][2016-01-11 15:40:46,407][com.java.SeleniumDriver] [  857] - Datavalue is----------null
[DEBUG][2016-01-11 15:40:46,407][com.java.SeleniumDriver] [  875] - Exception: null
[INFO ][2016-01-11 15:40:46,407][com.java.SeleniumDriver] [  881] - DataField : BTNnextButton
[INFO ][2016-01-11 15:40:46,407][com.java.SeleniumDriver] [  883] - DataValue : 
[INFO ][2016-01-11 15:40:46,407][com.java.SeleniumDriver] [  889] - <In Set values of the page>
[INFO ][2016-01-11 15:40:46,407][com.java.SeleniumDriver] [  892] - {Data Fields & Data Values Exist}
[INFO ][2016-01-11 15:40:46,407][com.java.SeleniumDriver] [  894] - --------------------------setting values-----------------------------
[INFO ][2016-01-11 15:40:46,407][com.java.SeleniumDriver] [  897] - Action Type : click
[INFO ][2016-01-11 15:40:46,407][com.java.TestType] [ 6509] - Field ::BTNnextButton
[INFO ][2016-01-11 15:40:46,407][com.java.TestType] [ 6130] - value = 
[INFO ][2016-01-11 15:40:47,421][com.java.TestType] [ 6625] - BEFORE CLICK
[INFO ][2016-01-11 15:40:48,686][com.java.TestType] [ 6632] - Unable to click the object click on Next button
[INFO ][2016-01-11 15:40:48,686][com.java.SeleniumDriver] [  906] -  RESULT true
[INFO ][2016-01-11 15:40:48,686][com.java.SeleniumDriver] [ 1112] - ?   P A S S   ?
[INFO ][2016-01-11 15:40:48,686][com.java.SeleniumDriver] [  832] - ------------------------------------------
[INFO ][2016-01-11 15:40:48,686][com.java.SeleniumDriver] [  833] - Test case being Executed: 58
[INFO ][2016-01-11 15:40:48,686][com.java.SeleniumDriver] [  845] - Test step:16
[INFO ][2016-01-11 15:40:48,686][com.java.SeleniumDriver] [  857] - Datavalue is----------5
[INFO ][2016-01-11 15:40:48,686][com.java.SeleniumDriver] [  881] - DataField : BTNddlProfitCenters
[INFO ][2016-01-11 15:40:48,686][com.java.SeleniumDriver] [  883] - DataValue : 5
[INFO ][2016-01-11 15:40:48,686][com.java.SeleniumDriver] [  889] - <In Set values of the page>
[INFO ][2016-01-11 15:40:48,686][com.java.SeleniumDriver] [  892] - {Data Fields & Data Values Exist}
[INFO ][2016-01-11 15:40:48,686][com.java.SeleniumDriver] [  894] - --------------------------setting values-----------------------------
[INFO ][2016-01-11 15:40:48,686][com.java.SeleniumDriver] [  897] - Action Type : waitforelement
[INFO ][2016-01-11 15:40:49,762][com.java.SeleniumDriver] [  906] -  RESULT true
[INFO ][2016-01-11 15:40:49,762][com.java.SeleniumDriver] [ 1112] - ?   P A S S   ?
[INFO ][2016-01-11 15:40:49,762][com.java.SeleniumDriver] [  832] - ------------------------------------------
[INFO ][2016-01-11 15:40:49,762][com.java.SeleniumDriver] [  833] - Test case being Executed: 58
[INFO ][2016-01-11 15:40:49,762][com.java.SeleniumDriver] [  845] - Test step:17
[INFO ][2016-01-11 15:40:49,762][com.java.SeleniumDriver] [  857] - Datavalue is----------index:2
[INFO ][2016-01-11 15:40:49,762][com.java.SeleniumDriver] [  881] - DataField : COBddlProfitCenters
[INFO ][2016-01-11 15:40:49,762][com.java.SeleniumDriver] [  883] - DataValue : index:2
[INFO ][2016-01-11 15:40:49,762][com.java.SeleniumDriver] [  889] - <In Set values of the page>
[INFO ][2016-01-11 15:40:49,762][com.java.SeleniumDriver] [  892] - {Data Fields & Data Values Exist}
[INFO ][2016-01-11 15:40:49,762][com.java.SeleniumDriver] [  894] - --------------------------setting values-----------------------------
[INFO ][2016-01-11 15:40:49,762][com.java.SeleniumDriver] [  897] - Action Type : Select
[INFO ][2016-01-11 15:40:49,762][com.java.TestType] [ 6130] - value = 2
[INFO ][2016-01-11 15:40:50,887][com.java.TestType] [ 6248] -  In COB ddlProfitCenters : 2
[INFO ][2016-01-11 15:40:51,308][com.java.SeleniumDriver] [  906] -  RESULT true
[INFO ][2016-01-11 15:40:51,308][com.java.SeleniumDriver] [ 1112] - ?   P A S S   ?
[INFO ][2016-01-11 15:40:51,308][com.java.SeleniumDriver] [  832] - ------------------------------------------
[INFO ][2016-01-11 15:40:51,308][com.java.SeleniumDriver] [  833] - Test case being Executed: 58
[INFO ][2016-01-11 15:40:51,308][com.java.SeleniumDriver] [  845] - Test step:18
[INFO ][2016-01-11 15:40:51,308][com.java.SeleniumDriver] [  857] - Datavalue is----------index:2
[INFO ][2016-01-11 15:40:51,308][com.java.SeleniumDriver] [  881] - DataField : COBddlStartDate
[INFO ][2016-01-11 15:40:51,308][com.java.SeleniumDriver] [  883] - DataValue : index:2
[INFO ][2016-01-11 15:40:51,308][com.java.SeleniumDriver] [  889] - <In Set values of the page>
[INFO ][2016-01-11 15:40:51,308][com.java.SeleniumDriver] [  892] - {Data Fields & Data Values Exist}
[INFO ][2016-01-11 15:40:51,308][com.java.SeleniumDriver] [  894] - --------------------------setting values-----------------------------
[INFO ][2016-01-11 15:40:51,308][com.java.SeleniumDriver] [  897] - Action Type : Select
[INFO ][2016-01-11 15:40:51,308][com.java.TestType] [ 6130] - value = 2
[INFO ][2016-01-11 15:40:52,417][com.java.TestType] [ 6248] -  In COB ddlStartDate : 2
[INFO ][2016-01-11 15:40:52,744][com.java.SeleniumDriver] [  906] -  RESULT true
[INFO ][2016-01-11 15:40:52,744][com.java.SeleniumDriver] [ 1112] - ?   P A S S   ?
[INFO ][2016-01-11 15:40:52,744][com.java.SeleniumDriver] [  832] - ------------------------------------------
[INFO ][2016-01-11 15:40:52,744][com.java.SeleniumDriver] [  833] - Test case being Executed: 58
[INFO ][2016-01-11 15:40:52,744][com.java.SeleniumDriver] [  845] - Test step:19
[INFO ][2016-01-11 15:40:52,744][com.java.SeleniumDriver] [  857] - Datavalue is----------10
[INFO ][2016-01-11 15:40:52,744][com.java.SeleniumDriver] [  881] - DataField : TXTtxtMonths
[INFO ][2016-01-11 15:40:52,744][com.java.SeleniumDriver] [  883] - DataValue : 10
[INFO ][2016-01-11 15:40:52,744][com.java.SeleniumDriver] [  889] - <In Set values of the page>
[INFO ][2016-01-11 15:40:52,744][com.java.SeleniumDriver] [  892] - {Data Fields & Data Values Exist}
[INFO ][2016-01-11 15:40:52,744][com.java.SeleniumDriver] [  894] - --------------------------setting values-----------------------------
[INFO ][2016-01-11 15:40:52,744][com.java.SeleniumDriver] [  897] - Action Type : CLEARANDENTER
[INFO ][2016-01-11 15:40:52,744][com.java.TestType] [ 6130] - value = 10
[INFO ][2016-01-11 15:40:55,086][com.java.SeleniumDriver] [  906] -  RESULT true
[INFO ][2016-01-11 15:40:55,086][com.java.SeleniumDriver] [ 1112] - ?   P A S S   ?
[INFO ][2016-01-11 15:40:55,086][com.java.SeleniumDriver] [  832] - ------------------------------------------
[INFO ][2016-01-11 15:40:55,086][com.java.SeleniumDriver] [  833] - Test case being Executed: 58
[INFO ][2016-01-11 15:40:55,086][com.java.SeleniumDriver] [  845] - Test step:20
[INFO ][2016-01-11 15:40:55,086][com.java.SeleniumDriver] [  857] - Datavalue is----------null
[DEBUG][2016-01-11 15:40:55,086][com.java.SeleniumDriver] [  875] - Exception: null
[INFO ][2016-01-11 15:40:55,086][com.java.SeleniumDriver] [  881] - DataField : BTNnextButton
[INFO ][2016-01-11 15:40:55,086][com.java.SeleniumDriver] [  883] - DataValue : 
[INFO ][2016-01-11 15:40:55,086][com.java.SeleniumDriver] [  889] - <In Set values of the page>
[INFO ][2016-01-11 15:40:55,086][com.java.SeleniumDriver] [  892] - {Data Fields & Data Values Exist}
[INFO ][2016-01-11 15:40:55,086][com.java.SeleniumDriver] [  894] - --------------------------setting values-----------------------------
[INFO ][2016-01-11 15:40:55,086][com.java.SeleniumDriver] [  897] - Action Type : click
[INFO ][2016-01-11 15:40:55,086][com.java.TestType] [ 6509] - Field ::BTNnextButton
[INFO ][2016-01-11 15:40:55,086][com.java.TestType] [ 6130] - value = 
[INFO ][2016-01-11 15:40:56,100][com.java.TestType] [ 6625] - BEFORE CLICK
[INFO ][2016-01-11 15:40:57,520][com.java.TestType] [ 6632] - Unable to click the object click on Next button
[INFO ][2016-01-11 15:40:57,520][com.java.SeleniumDriver] [  906] -  RESULT true
[INFO ][2016-01-11 15:40:57,520][com.java.SeleniumDriver] [ 1112] - ?   P A S S   ?
[INFO ][2016-01-11 15:40:57,520][com.java.SeleniumDriver] [  832] - ------------------------------------------
[INFO ][2016-01-11 15:40:57,520][com.java.SeleniumDriver] [  833] - Test case being Executed: 58
[INFO ][2016-01-11 15:40:57,520][com.java.SeleniumDriver] [  845] - Test step:21
[INFO ][2016-01-11 15:40:57,520][com.java.SeleniumDriver] [  857] - Datavalue is----------5
[INFO ][2016-01-11 15:40:57,520][com.java.SeleniumDriver] [  881] - DataField : BTNlblEmail
[INFO ][2016-01-11 15:40:57,520][com.java.SeleniumDriver] [  883] - DataValue : 5
[INFO ][2016-01-11 15:40:57,520][com.java.SeleniumDriver] [  889] - <In Set values of the page>
[INFO ][2016-01-11 15:40:57,520][com.java.SeleniumDriver] [  892] - {Data Fields & Data Values Exist}
[INFO ][2016-01-11 15:40:57,520][com.java.SeleniumDriver] [  894] - --------------------------setting values-----------------------------
[INFO ][2016-01-11 15:40:57,520][com.java.SeleniumDriver] [  897] - Action Type : waitforelement
[INFO ][2016-01-11 15:40:58,596][com.java.SeleniumDriver] [  906] -  RESULT true
[INFO ][2016-01-11 15:40:58,596][com.java.SeleniumDriver] [ 1112] - ?   P A S S   ?
[INFO ][2016-01-11 15:40:58,596][com.java.SeleniumDriver] [  832] - ------------------------------------------
[INFO ][2016-01-11 15:40:58,596][com.java.SeleniumDriver] [  833] - Test case being Executed: 58
[INFO ][2016-01-11 15:40:58,596][com.java.SeleniumDriver] [  845] - Test step:22
[INFO ][2016-01-11 15:40:58,596][com.java.SeleniumDriver] [  857] - Datavalue is----------The file you requested is now being prepared.  It will be e-mailed to
[INFO ][2016-01-11 15:40:58,596][com.java.SeleniumDriver] [  881] - DataField : MSG
[INFO ][2016-01-11 15:40:58,596][com.java.SeleniumDriver] [  883] - DataValue : The file you requested is now being prepared.  It will be e-mailed to
[INFO ][2016-01-11 15:40:58,596][com.java.SeleniumDriver] [  889] - <In Set values of the page>
[INFO ][2016-01-11 15:40:58,596][com.java.SeleniumDriver] [  892] - {Data Fields & Data Values Exist}
[INFO ][2016-01-11 15:40:58,596][com.java.SeleniumDriver] [  894] - --------------------------setting values-----------------------------
[INFO ][2016-01-11 15:40:58,596][com.java.SeleniumDriver] [  897] - Action Type : VERIFY
[INFO ][2016-01-11 15:40:58,596][com.java.TestType] [ 7504] - field= MSG value= The file you requested is now being prepared.  It will be e-mailed to
[INFO ][2016-01-11 15:40:58,596][com.java.TestType] [ 6130] - value = The file you requested is now being prepared.  It will be e-mailed to
[DEBUG][2016-01-11 15:40:58,596][com.java.TestType] [ 8310] - value :: The file you requested is now being prepared.  It will be e-mailed to
[INFO ][2016-01-11 15:40:58,628][com.java.SeleniumDriver] [  906] -  RESULT true
[INFO ][2016-01-11 15:40:58,628][com.java.SeleniumDriver] [ 1112] - ?   P A S S   ?
[INFO ][2016-01-11 15:40:58,628][com.java.SeleniumDriver] [  832] - ------------------------------------------
[INFO ][2016-01-11 15:40:58,628][com.java.SeleniumDriver] [  833] - Test case being Executed: 58
[INFO ][2016-01-11 15:40:58,628][com.java.SeleniumDriver] [  845] - Test step:23
[INFO ][2016-01-11 15:40:58,628][com.java.SeleniumDriver] [  857] - Datavalue is----------when it is ready.  You can now close this wizard and continue working.
[INFO ][2016-01-11 15:40:58,628][com.java.SeleniumDriver] [  881] - DataField : MSG
[INFO ][2016-01-11 15:40:58,628][com.java.SeleniumDriver] [  883] - DataValue : when it is ready.  You can now close this wizard and continue working.
[INFO ][2016-01-11 15:40:58,628][com.java.SeleniumDriver] [  889] - <In Set values of the page>
[INFO ][2016-01-11 15:40:58,628][com.java.SeleniumDriver] [  892] - {Data Fields & Data Values Exist}
[INFO ][2016-01-11 15:40:58,628][com.java.SeleniumDriver] [  894] - --------------------------setting values-----------------------------
[INFO ][2016-01-11 15:40:58,628][com.java.SeleniumDriver] [  897] - Action Type : VERIFY
[INFO ][2016-01-11 15:40:58,628][com.java.TestType] [ 7504] - field= MSG value= when it is ready.  You can now close this wizard and continue working.
[INFO ][2016-01-11 15:40:58,628][com.java.TestType] [ 6130] - value = when it is ready.  You can now close this wizard and continue working.
[DEBUG][2016-01-11 15:40:58,628][com.java.TestType] [ 8310] - value :: when it is ready.  You can now close this wizard and continue working.
[INFO ][2016-01-11 15:40:58,644][com.java.SeleniumDriver] [  906] -  RESULT true
[INFO ][2016-01-11 15:40:58,644][com.java.SeleniumDriver] [ 1112] - ?   P A S S   ?
[INFO ][2016-01-11 15:40:58,644][com.java.SeleniumDriver] [  832] - ------------------------------------------
[INFO ][2016-01-11 15:40:58,644][com.java.SeleniumDriver] [  833] - Test case being Executed: 58
[INFO ][2016-01-11 15:40:58,644][com.java.SeleniumDriver] [  845] - Test step:24
[INFO ][2016-01-11 15:40:58,644][com.java.SeleniumDriver] [  857] - Datavalue is----------null
[DEBUG][2016-01-11 15:40:58,644][com.java.SeleniumDriver] [  875] - Exception: null
[INFO ][2016-01-11 15:40:58,644][com.java.SeleniumDriver] [  881] - DataField : BTNparent
[INFO ][2016-01-11 15:40:58,644][com.java.SeleniumDriver] [  883] - DataValue : 
[INFO ][2016-01-11 15:40:58,644][com.java.SeleniumDriver] [  889] - <In Set values of the page>
[INFO ][2016-01-11 15:40:58,644][com.java.SeleniumDriver] [  892] - {Data Fields & Data Values Exist}
[INFO ][2016-01-11 15:40:58,644][com.java.SeleniumDriver] [  894] - --------------------------setting values-----------------------------
[INFO ][2016-01-11 15:40:58,644][com.java.SeleniumDriver] [  897] - Action Type : SELECTFRAME
[INFO ][2016-01-11 15:40:58,660][com.java.SeleniumDriver] [  906] -  RESULT true
[INFO ][2016-01-11 15:40:58,660][com.java.SeleniumDriver] [ 1112] - ?   P A S S   ?
[INFO ][2016-01-11 15:40:58,660][com.java.SeleniumDriver] [  832] - ------------------------------------------
[INFO ][2016-01-11 15:40:58,660][com.java.SeleniumDriver] [  833] - Test case being Executed: 58
[INFO ][2016-01-11 15:40:58,660][com.java.SeleniumDriver] [  845] - Test step:25
[INFO ][2016-01-11 15:40:58,660][com.java.SeleniumDriver] [  857] - Datavalue is----------null
[DEBUG][2016-01-11 15:40:58,660][com.java.SeleniumDriver] [  875] - Exception: null
[INFO ][2016-01-11 15:40:58,660][com.java.SeleniumDriver] [  881] - DataField : BTN//button[@title="close"]//span[@class="ui-button-text"]
[INFO ][2016-01-11 15:40:58,660][com.java.SeleniumDriver] [  883] - DataValue : 
[INFO ][2016-01-11 15:40:58,660][com.java.SeleniumDriver] [  889] - <In Set values of the page>
[INFO ][2016-01-11 15:40:58,660][com.java.SeleniumDriver] [  892] - {Data Fields & Data Values Exist}
[INFO ][2016-01-11 15:40:58,660][com.java.SeleniumDriver] [  894] - --------------------------setting values-----------------------------
[INFO ][2016-01-11 15:40:58,660][com.java.SeleniumDriver] [  897] - Action Type : click
[INFO ][2016-01-11 15:40:58,660][com.java.TestType] [ 6509] - Field ::BTN//button[@title="close"]//span[@class="ui-button-text"]
[INFO ][2016-01-11 15:40:58,660][com.java.TestType] [ 6130] - value = 
[INFO ][2016-01-11 15:40:59,673][com.java.TestType] [ 6625] - BEFORE CLICK
[INFO ][2016-01-11 15:40:59,908][com.java.TestType] [ 6632] - Unable to click the object click on Close button for Export Data dialog
[INFO ][2016-01-11 15:40:59,908][com.java.SeleniumDriver] [  906] -  RESULT true
[INFO ][2016-01-11 15:40:59,908][com.java.SeleniumDriver] [ 1112] - ?   P A S S   ?
[INFO ][2016-01-11 15:40:59,908][com.java.SeleniumDriver] [  832] - ------------------------------------------
[INFO ][2016-01-11 15:40:59,908][com.java.SeleniumDriver] [  833] - Test case being Executed: 58
[INFO ][2016-01-11 15:40:59,908][com.java.SeleniumDriver] [  845] - Test step:26
[INFO ][2016-01-11 15:40:59,908][com.java.SeleniumDriver] [  857] - Datavalue is----------//img[@alt="Banker's Dashboard"]
[INFO ][2016-01-11 15:40:59,908][com.java.SeleniumDriver] [  881] - DataField : BTN
[INFO ][2016-01-11 15:40:59,908][com.java.SeleniumDriver] [  883] - DataValue : //img[@alt="Banker's Dashboard"]
[INFO ][2016-01-11 15:40:59,908][com.java.SeleniumDriver] [  889] - <In Set values of the page>
[INFO ][2016-01-11 15:40:59,908][com.java.SeleniumDriver] [  892] - {Data Fields & Data Values Exist}
[INFO ][2016-01-11 15:40:59,908][com.java.SeleniumDriver] [  894] - --------------------------setting values-----------------------------
[INFO ][2016-01-11 15:40:59,908][com.java.SeleniumDriver] [  897] - Action Type : Verify
[INFO ][2016-01-11 15:40:59,908][com.java.TestType] [ 7504] - field= BTN value= //img[@alt="Banker's Dashboard"]
[INFO ][2016-01-11 15:40:59,908][com.java.TestType] [ 6130] - value = //img[@alt="Banker's Dashboard"]
[INFO ][2016-01-11 15:41:00,096][com.java.SeleniumDriver] [  906] -  RESULT true
[INFO ][2016-01-11 15:41:00,096][com.java.SeleniumDriver] [ 1112] - ?   P A S S   ?
[DEBUG][2016-01-11 15:41:00,096][com.java.SeleniumDriver] [ 1224] - Case found
[DEBUG][2016-01-11 15:41:00,096][com.java.SeleniumDriver] [ 1229] - Incrementing ReportCounters[0]:2
[INFO ][2016-01-11 15:41:00,096][com.java.SeleniumDriver] [ 1248] - The results are-------------------[58, 1, Admin: Manage Data: Export Data: G/L - Actual - Detailed, Pass, , Mon Jan 11 15:40:00 IST 2016, 58, 3, Admin: Manage Data: Export Data: G/L - Actual - Detailed, Pass, , Mon Jan 11 15:40:06 IST 2016, 58, 4, Admin: Manage Data: Export Data: G/L - Actual - Detailed, Pass, , Mon Jan 11 15:40:06 IST 2016, 58, 5, Admin: Manage Data: Export Data: G/L - Actual - Detailed, Pass, , Mon Jan 11 15:40:35 IST 2016, 58, 6, Admin: Manage Data: Export Data: G/L - Actual - Detailed, Pass, , Mon Jan 11 15:40:35 IST 2016, 58, 7, Admin: Manage Data: Export Data: G/L - Actual - Detailed, Pass, , Mon Jan 11 15:40:35 IST 2016, 58, 8, Admin: Manage Data: Export Data: G/L - Actual - Detailed, Pass, , Mon Jan 11 15:40:35 IST 2016, 58, 9, Admin: Manage Data: Export Data: G/L - Actual - Detailed, Pass, , Mon Jan 11 15:40:36 IST 2016, 58, 10, Admin: Manage Data: Export Data: G/L - Actual - Detailed, Pass, , Mon Jan 11 15:40:38 IST 2016, 58, 11, Admin: Manage Data: Export Data: G/L - Actual - Detailed, Pass, , Mon Jan 11 15:40:40 IST 2016, 58, 12, Admin: Manage Data: Export Data: G/L - Actual - Detailed, Pass, , Mon Jan 11 15:40:41 IST 2016, 58, 13, Admin: Manage Data: Export Data: G/L - Actual - Detailed, Pass, , Mon Jan 11 15:40:44 IST 2016, 58, 14, Admin: Manage Data: Export Data: G/L - Actual - Detailed, Pass, , Mon Jan 11 15:40:46 IST 2016, 58, 15, Admin: Manage Data: Export Data: G/L - Actual - Detailed, Pass, , Mon Jan 11 15:40:48 IST 2016, 58, 16, Admin: Manage Data: Export Data: G/L - Actual - Detailed, Pass, , Mon Jan 11 15:40:49 IST 2016, 58, 17, Admin: Manage Data: Export Data: G/L - Actual - Detailed, Pass, , Mon Jan 11 15:40:51 IST 2016, 58, 18, Admin: Manage Data: Export Data: G/L - Actual - Detailed, Pass, , Mon Jan 11 15:40:52 IST 2016, 58, 19, Admin: Manage Data: Export Data: G/L - Actual - Detailed, Pass, , Mon Jan 11 15:40:55 IST 2016, 58, 20, Admin: Manage Data: Export Data: G/L - Actual - Detailed, Pass, , Mon Jan 11 15:40:57 IST 2016, 58, 21, Admin: Manage Data: Export Data: G/L - Actual - Detailed, Pass, , Mon Jan 11 15:40:58 IST 2016, 58, 22, Admin: Manage Data: Export Data: G/L - Actual - Detailed, Pass, , Mon Jan 11 15:40:58 IST 2016, 58, 23, Admin: Manage Data: Export Data: G/L - Actual - Detailed, Pass, , Mon Jan 11 15:40:58 IST 2016, 58, 24, Admin: Manage Data: Export Data: G/L - Actual - Detailed, Pass, , Mon Jan 11 15:40:58 IST 2016, 58, 25, Admin: Manage Data: Export Data: G/L - Actual - Detailed, Pass, , Mon Jan 11 15:40:59 IST 2016, 58, 26, Admin: Manage Data: Export Data: G/L - Actual - Detailed, Pass, , Mon Jan 11 15:41:00 IST 2016]
[INFO ][2016-01-11 15:41:00,096][com.java.SeleniumDriver] [ 1252] - End time is-------1 min 54 sec
[INFO ][2016-01-11 15:41:00,096][com.java.SeleniumDriver] [ 1253] - The results are-------------------[58, 1, Admin: Manage Data: Export Data: G/L - Actual - Detailed, Pass, , Mon Jan 11 15:40:00 IST 2016, 58, 3, Admin: Manage Data: Export Data: G/L - Actual - Detailed, Pass, , Mon Jan 11 15:40:06 IST 2016, 58, 4, Admin: Manage Data: Export Data: G/L - Actual - Detailed, Pass, , Mon Jan 11 15:40:06 IST 2016, 58, 5, Admin: Manage Data: Export Data: G/L - Actual - Detailed, Pass, , Mon Jan 11 15:40:35 IST 2016, 58, 6, Admin: Manage Data: Export Data: G/L - Actual - Detailed, Pass, , Mon Jan 11 15:40:35 IST 2016, 58, 7, Admin: Manage Data: Export Data: G/L - Actual - Detailed, Pass, , Mon Jan 11 15:40:35 IST 2016, 58, 8, Admin: Manage Data: Export Data: G/L - Actual - Detailed, Pass, , Mon Jan 11 15:40:35 IST 2016, 58, 9, Admin: Manage Data: Export Data: G/L - Actual - Detailed, Pass, , Mon Jan 11 15:40:36 IST 2016, 58, 10, Admin: Manage Data: Export Data: G/L - Actual - Detailed, Pass, , Mon Jan 11 15:40:38 IST 2016, 58, 11, Admin: Manage Data: Export Data: G/L - Actual - Detailed, Pass, , Mon Jan 11 15:40:40 IST 2016, 58, 12, Admin: Manage Data: Export Data: G/L - Actual - Detailed, Pass, , Mon Jan 11 15:40:41 IST 2016, 58, 13, Admin: Manage Data: Export Data: G/L - Actual - Detailed, Pass, , Mon Jan 11 15:40:44 IST 2016, 58, 14, Admin: Manage Data: Export Data: G/L - Actual - Detailed, Pass, , Mon Jan 11 15:40:46 IST 2016, 58, 15, Admin: Manage Data: Export Data: G/L - Actual - Detailed, Pass, , Mon Jan 11 15:40:48 IST 2016, 58, 16, Admin: Manage Data: Export Data: G/L - Actual - Detailed, Pass, , Mon Jan 11 15:40:49 IST 2016, 58, 17, Admin: Manage Data: Export Data: G/L - Actual - Detailed, Pass, , Mon Jan 11 15:40:51 IST 2016, 58, 18, Admin: Manage Data: Export Data: G/L - Actual - Detailed, Pass, , Mon Jan 11 15:40:52 IST 2016, 58, 19, Admin: Manage Data: Export Data: G/L - Actual - Detailed, Pass, , Mon Jan 11 15:40:55 IST 2016, 58, 20, Admin: Manage Data: Export Data: G/L - Actual - Detailed, Pass, , Mon Jan 11 15:40:57 IST 2016, 58, 21, Admin: Manage Data: Export Data: G/L - Actual - Detailed, Pass, , Mon Jan 11 15:40:58 IST 2016, 58, 22, Admin: Manage Data: Export Data: G/L - Actual - Detailed, Pass, , Mon Jan 11 15:40:58 IST 2016, 58, 23, Admin: Manage Data: Export Data: G/L - Actual - Detailed, Pass, , Mon Jan 11 15:40:58 IST 2016, 58, 24, Admin: Manage Data: Export Data: G/L - Actual - Detailed, Pass, , Mon Jan 11 15:40:58 IST 2016, 58, 25, Admin: Manage Data: Export Data: G/L - Actual - Detailed, Pass, , Mon Jan 11 15:40:59 IST 2016, 58, 26, Admin: Manage Data: Export Data: G/L - Actual - Detailed, Pass, , Mon Jan 11 15:41:00 IST 2016]
[DEBUG][2016-01-11 15:41:00,096][com.java.ImportnExport.ExportTestResultsExcel] [  222] - testResultPath = D:\BankersDashboard/TestReports/Test Results_BankersDashBoard_011116_153907_IE10_CB&S Bank.xls
[DEBUG][2016-01-11 15:41:00,096][com.java.ImportnExport.ExportTestResultsExcel] [  223] - browser is------------IE10
[DEBUG][2016-01-11 15:41:00,096][com.java.ImportnExport.ExportTestResultsExcel] [  270] - result.size() = 150
[DEBUG][2016-01-11 15:41:00,096][com.java.ImportnExport.ExportTestResultsExcel] [  274] - No of rows in sheet=2
[DEBUG][2016-01-11 15:41:00,096][com.java.ImportnExport.ExportTestResultsExcel] [  301] - ..in export..58
[DEBUG][2016-01-11 15:41:00,096][com.java.ImportnExport.ExportTestResultsExcel] [  301] - ..in export..Admin: Manage Data: Export Data: G/L - Actual - Detailed
[DEBUG][2016-01-11 15:41:00,096][com.java.ImportnExport.ExportTestResultsExcel] [  301] - ..in export..Pass
[DEBUG][2016-01-11 15:41:00,096][com.java.ImportnExport.ExportTestResultsExcel] [  301] - ..in export..
[DEBUG][2016-01-11 15:41:00,096][com.java.ImportnExport.ExportTestResultsExcel] [  301] - ..in export..Mon Jan 11 15:40:00 IST 2016
[INFO ][2016-01-11 15:41:00,096][com.java.SeleniumDriver] [ 1313] - out loop:1 size:9 TestCases:[1, 58, 59, 60, 61, 62, 63, 64, 65] testcases:[1, 58, 59, 60, 61, 62, 63, 64, 65]
[INFO ][2016-01-11 15:41:00,096][com.java.ImportnExport.ImportTestDataDetailsExcel] [   49] - test data details path===== D:\BankersDashboard\TestInputs\TestData.xls
[INFO ][2016-01-11 15:41:20,560][com.java.SeleniumDriver] [  832] - ------------------------------------------
[INFO ][2016-01-11 15:41:20,560][com.java.SeleniumDriver] [  833] - Test case being Executed: 59
[INFO ][2016-01-11 15:41:20,560][com.java.SeleniumDriver] [  845] - Test step:1
[INFO ][2016-01-11 15:41:20,560][com.java.SeleniumDriver] [  857] - Datavalue is----------Logout
[INFO ][2016-01-11 15:41:20,560][com.java.SeleniumDriver] [  881] - DataField : BTN
[INFO ][2016-01-11 15:41:20,560][com.java.SeleniumDriver] [  883] - DataValue : Logout
[INFO ][2016-01-11 15:41:20,560][com.java.SeleniumDriver] [  889] - <In Set values of the page>
[INFO ][2016-01-11 15:41:20,560][com.java.SeleniumDriver] [  892] - {Data Fields & Data Values Exist}
[INFO ][2016-01-11 15:41:20,560][com.java.SeleniumDriver] [  894] - --------------------------setting values-----------------------------
[INFO ][2016-01-11 15:41:20,560][com.java.SeleniumDriver] [  897] - Action Type : Verify
[INFO ][2016-01-11 15:41:20,560][com.java.TestType] [ 7504] - field= BTN value= Logout
[INFO ][2016-01-11 15:41:20,560][com.java.TestType] [ 6130] - value = Logout
[INFO ][2016-01-11 15:41:20,639][com.java.SeleniumDriver] [  906] -  RESULT true
[INFO ][2016-01-11 15:41:20,639][com.java.SeleniumDriver] [ 1112] - ?   P A S S   ?
[INFO ][2016-01-11 15:41:20,639][com.java.SeleniumDriver] [ 1154] - step change to 3
[INFO ][2016-01-11 15:41:20,639][com.java.SeleniumDriver] [  832] - ------------------------------------------
[INFO ][2016-01-11 15:41:20,639][com.java.SeleniumDriver] [  833] - Test case being Executed: 59
[INFO ][2016-01-11 15:41:20,639][com.java.SeleniumDriver] [  845] - Test step:3
[INFO ][2016-01-11 15:41:20,639][com.java.SeleniumDriver] [  857] - Datavalue is----------Concept#2:1-2
[INFO ][2016-01-11 15:41:20,639][com.java.SeleniumDriver] [  881] - DataField : test
[INFO ][2016-01-11 15:41:20,639][com.java.SeleniumDriver] [  883] - DataValue : Concept#2:1-2
[INFO ][2016-01-11 15:41:20,639][com.java.SeleniumDriver] [  889] - <In Set values of the page>
[INFO ][2016-01-11 15:41:20,639][com.java.SeleniumDriver] [  892] - {Data Fields & Data Values Exist}
[INFO ][2016-01-11 15:41:20,639][com.java.SeleniumDriver] [  894] - --------------------------setting values-----------------------------
[INFO ][2016-01-11 15:41:20,639][com.java.SeleniumDriver] [  897] - Action Type : ExecuteTestCase
[INFO ][2016-01-11 15:41:20,639][com.java.TestType] [  437] - The Concept sheet name is ---------- Concept
[INFO ][2016-01-11 15:41:20,639][com.java.TestType] [  440] - The Concept ID  is ---------- 2
[DEBUG][2016-01-11 15:41:20,639][com.java.TestType] [  444] - Steps being executted in the Concept are: 1:2
[INFO ][2016-01-11 15:41:20,639][com.java.TestType] [  451] - Test data details path ---------- D:\BankersDashboard\TestInputs\TestData.xls
[INFO ][2016-01-11 15:41:20,670][com.java.TestType] [  482] -  str(1) = 2
[INFO ][2016-01-11 15:41:20,670][com.java.TestType] [  485] - Test case Id is---2
[INFO ][2016-01-11 15:41:20,670][com.java.TestType] [  487] - 2
[INFO ][2016-01-11 15:41:20,670][com.java.TestType] [  482] -  str(2) = 1
[INFO ][2016-01-11 15:41:20,670][com.java.TestType] [  482] -  str(1) = 2
[INFO ][2016-01-11 15:41:20,670][com.java.TestType] [  485] - Test case Id is---2
[INFO ][2016-01-11 15:41:20,670][com.java.TestType] [  487] - 2
[INFO ][2016-01-11 15:41:20,670][com.java.TestType] [  482] -  str(2) = 2
[INFO ][2016-01-11 15:41:20,670][com.java.TestType] [  482] -  str(1) = 2
[INFO ][2016-01-11 15:41:20,670][com.java.TestType] [  485] - Test case Id is---2
[INFO ][2016-01-11 15:41:20,670][com.java.TestType] [  487] - 2
[INFO ][2016-01-11 15:41:20,670][com.java.TestType] [  482] -  str(2) = 3
[INFO ][2016-01-11 15:41:20,670][com.java.TestType] [11095] - Looping 1TCID = 2
[DEBUG][2016-01-11 15:41:20,670][com.java.TestType] [11136] - Concept ID:2 :: Step being Executed: 2::1
[INFO ][2016-01-11 15:41:20,670][com.java.TestType] [11174] - dataFields : BNK//select[@id='bank']
[DEBUG][2016-01-11 15:41:20,670][com.java.TestType] [11180] - <In Set values of the page>
[DEBUG][2016-01-11 15:41:20,670][com.java.TestType] [11185] - {Data Fields & Data Values Exist}
[INFO ][2016-01-11 15:41:20,670][com.java.TestType] [11191] - --------------------------setting values-----------------------------
[INFO ][2016-01-11 15:41:20,670][com.java.TestType] [11194] - Action Type : Select
[INFO ][2016-01-11 15:41:20,670][com.java.TestType] [ 6130] - value = PFC
[INFO ][2016-01-11 15:41:20,873][com.java.TestType] [11213] -  RESULT true
[INFO ][2016-01-11 15:41:20,873][com.java.TestType] [11330] - ?   P A S S   ?
[DEBUG][2016-01-11 15:41:20,873][com.java.TestType] [11136] - Concept ID:2 :: Step being Executed: 2::2
[INFO ][2016-01-11 15:41:20,873][com.java.TestType] [11174] - dataFields : LNKLogout
[DEBUG][2016-01-11 15:41:20,873][com.java.TestType] [11180] - <In Set values of the page>
[DEBUG][2016-01-11 15:41:20,873][com.java.TestType] [11185] - {Data Fields & Data Values Exist}
[INFO ][2016-01-11 15:41:20,873][com.java.TestType] [11191] - --------------------------setting values-----------------------------
[INFO ][2016-01-11 15:41:20,873][com.java.TestType] [11194] - Action Type : WaitTime
[DEBUG][2016-01-11 15:41:20,873][com.java.TestType] [ 5950] - sleepTime: 5000
[INFO ][2016-01-11 15:41:25,880][com.java.TestType] [11213] -  RESULT true
[INFO ][2016-01-11 15:41:25,880][com.java.TestType] [11330] - ?   P A S S   ?
[INFO ][2016-01-11 15:41:25,880][com.java.TestType] [11401] - Looping End......
[INFO ][2016-01-11 15:41:25,880][com.java.SeleniumDriver] [  906] -  RESULT true
[INFO ][2016-01-11 15:41:25,880][com.java.SeleniumDriver] [ 1112] - ?   P A S S   ?
[INFO ][2016-01-11 15:41:25,880][com.java.SeleniumDriver] [  832] - ------------------------------------------
[INFO ][2016-01-11 15:41:25,880][com.java.SeleniumDriver] [  833] - Test case being Executed: 59
[INFO ][2016-01-11 15:41:25,880][com.java.SeleniumDriver] [  845] - Test step:4
[INFO ][2016-01-11 15:41:25,880][com.java.SeleniumDriver] [  857] - Datavalue is----------2
[INFO ][2016-01-11 15:41:25,880][com.java.SeleniumDriver] [  881] - DataField : BTNG/L
[INFO ][2016-01-11 15:41:25,880][com.java.SeleniumDriver] [  883] - DataValue : 2
[INFO ][2016-01-11 15:41:25,880][com.java.SeleniumDriver] [  889] - <In Set values of the page>
[INFO ][2016-01-11 15:41:25,880][com.java.SeleniumDriver] [  892] - {Data Fields & Data Values Exist}
[INFO ][2016-01-11 15:41:25,880][com.java.SeleniumDriver] [  894] - --------------------------setting values-----------------------------
[INFO ][2016-01-11 15:41:25,880][com.java.SeleniumDriver] [  897] - Action Type : WAITFORELEMENT
[INFO ][2016-01-11 15:41:25,943][com.java.SeleniumDriver] [  906] -  RESULT true
[INFO ][2016-01-11 15:41:25,943][com.java.SeleniumDriver] [ 1112] - ?   P A S S   ?
[INFO ][2016-01-11 15:41:25,943][com.java.SeleniumDriver] [  832] - ------------------------------------------
[INFO ][2016-01-11 15:41:25,943][com.java.SeleniumDriver] [  833] - Test case being Executed: 59
[INFO ][2016-01-11 15:41:25,943][com.java.SeleniumDriver] [  845] - Test step:5
[INFO ][2016-01-11 15:41:25,943][com.java.SeleniumDriver] [  857] - Datavalue is----------null
[DEBUG][2016-01-11 15:41:25,943][com.java.SeleniumDriver] [  875] - Exception: null
[INFO ][2016-01-11 15:41:25,943][com.java.SeleniumDriver] [  881] - DataField : //span[@class="icon-user4"]&&//a[contains(text(),'Manage Data')]&&//a[@data-id="Export"]
[INFO ][2016-01-11 15:41:25,943][com.java.SeleniumDriver] [  883] - DataValue : 
[INFO ][2016-01-11 15:41:25,943][com.java.SeleniumDriver] [  889] - <In Set values of the page>
[INFO ][2016-01-11 15:41:25,943][com.java.SeleniumDriver] [  892] - {Data Fields & Data Values Exist}
[INFO ][2016-01-11 15:41:25,943][com.java.SeleniumDriver] [  894] - --------------------------setting values-----------------------------
[INFO ][2016-01-11 15:41:25,943][com.java.SeleniumDriver] [  897] - Action Type : MOUSEOVER
[INFO ][2016-01-11 15:41:53,758][com.java.SeleniumDriver] [  906] -  RESULT true
[INFO ][2016-01-11 15:41:53,758][com.java.SeleniumDriver] [ 1112] - ?   P A S S   ?
[INFO ][2016-01-11 15:41:53,758][com.java.SeleniumDriver] [  832] - ------------------------------------------
[INFO ][2016-01-11 15:41:53,758][com.java.SeleniumDriver] [  833] - Test case being Executed: 59
[INFO ][2016-01-11 15:41:53,758][com.java.SeleniumDriver] [  845] - Test step:6
[INFO ][2016-01-11 15:41:53,758][com.java.SeleniumDriver] [  857] - Datavalue is----------5
[INFO ][2016-01-11 15:41:53,758][com.java.SeleniumDriver] [  881] - DataField : BTN//iframe[@id='frameDialogContent']
[INFO ][2016-01-11 15:41:53,758][com.java.SeleniumDriver] [  883] - DataValue : 5
[INFO ][2016-01-11 15:41:53,758][com.java.SeleniumDriver] [  889] - <In Set values of the page>
[INFO ][2016-01-11 15:41:53,758][com.java.SeleniumDriver] [  892] - {Data Fields & Data Values Exist}
[INFO ][2016-01-11 15:41:53,758][com.java.SeleniumDriver] [  894] - --------------------------setting values-----------------------------
[INFO ][2016-01-11 15:41:53,758][com.java.SeleniumDriver] [  897] - Action Type : waitforelement
[INFO ][2016-01-11 15:41:53,791][com.java.SeleniumDriver] [  906] -  RESULT true
[INFO ][2016-01-11 15:41:53,791][com.java.SeleniumDriver] [ 1112] - ?   P A S S   ?
[INFO ][2016-01-11 15:41:53,791][com.java.SeleniumDriver] [  832] - ------------------------------------------
[INFO ][2016-01-11 15:41:53,791][com.java.SeleniumDriver] [  833] - Test case being Executed: 59
[INFO ][2016-01-11 15:41:53,791][com.java.SeleniumDriver] [  845] - Test step:7
[INFO ][2016-01-11 15:41:53,791][com.java.SeleniumDriver] [  857] - Datavalue is----------Export Data
[INFO ][2016-01-11 15:41:53,791][com.java.SeleniumDriver] [  881] - DataField : MSG
[INFO ][2016-01-11 15:41:53,791][com.java.SeleniumDriver] [  883] - DataValue : Export Data
[INFO ][2016-01-11 15:41:53,791][com.java.SeleniumDriver] [  889] - <In Set values of the page>
[INFO ][2016-01-11 15:41:53,791][com.java.SeleniumDriver] [  892] - {Data Fields & Data Values Exist}
[INFO ][2016-01-11 15:41:53,791][com.java.SeleniumDriver] [  894] - --------------------------setting values-----------------------------
[INFO ][2016-01-11 15:41:53,791][com.java.SeleniumDriver] [  897] - Action Type : VERIFY
[INFO ][2016-01-11 15:41:53,791][com.java.TestType] [ 7504] - field= MSG value= Export Data
[INFO ][2016-01-11 15:41:53,791][com.java.TestType] [ 6130] - value = Export Data
[DEBUG][2016-01-11 15:41:53,791][com.java.TestType] [ 8310] - value :: Export Data
[INFO ][2016-01-11 15:41:53,853][com.java.SeleniumDriver] [  906] -  RESULT true
[INFO ][2016-01-11 15:41:53,853][com.java.SeleniumDriver] [ 1112] - ?   P A S S   ?
[INFO ][2016-01-11 15:41:53,853][com.java.SeleniumDriver] [  832] - ------------------------------------------
[INFO ][2016-01-11 15:41:53,853][com.java.SeleniumDriver] [  833] - Test case being Executed: 59
[INFO ][2016-01-11 15:41:53,853][com.java.SeleniumDriver] [  845] - Test step:8
[INFO ][2016-01-11 15:41:53,853][com.java.SeleniumDriver] [  857] - Datavalue is----------null
[DEBUG][2016-01-11 15:41:53,853][com.java.SeleniumDriver] [  875] - Exception: null
[INFO ][2016-01-11 15:41:53,853][com.java.SeleniumDriver] [  881] - DataField : BTN//iframe[@id='frameDialogContent']
[INFO ][2016-01-11 15:41:53,853][com.java.SeleniumDriver] [  883] - DataValue : 
[INFO ][2016-01-11 15:41:53,853][com.java.SeleniumDriver] [  889] - <In Set values of the page>
[INFO ][2016-01-11 15:41:53,853][com.java.SeleniumDriver] [  892] - {Data Fields & Data Values Exist}
[INFO ][2016-01-11 15:41:53,853][com.java.SeleniumDriver] [  894] - --------------------------setting values-----------------------------
[INFO ][2016-01-11 15:41:53,853][com.java.SeleniumDriver] [  897] - Action Type : SELECTFRAME
[INFO ][2016-01-11 15:41:53,962][com.java.SeleniumDriver] [  906] -  RESULT true
[INFO ][2016-01-11 15:41:53,962][com.java.SeleniumDriver] [ 1112] - ?   P A S S   ?
[INFO ][2016-01-11 15:41:53,962][com.java.SeleniumDriver] [  832] - ------------------------------------------
[INFO ][2016-01-11 15:41:53,962][com.java.SeleniumDriver] [  833] - Test case being Executed: 59
[INFO ][2016-01-11 15:41:53,962][com.java.SeleniumDriver] [  845] - Test step:9
[INFO ][2016-01-11 15:41:53,962][com.java.SeleniumDriver] [  857] - Datavalue is----------5
[INFO ][2016-01-11 15:41:53,962][com.java.SeleniumDriver] [  881] - DataField : BTNrdoLedgerGL
[INFO ][2016-01-11 15:41:53,962][com.java.SeleniumDriver] [  883] - DataValue : 5
[INFO ][2016-01-11 15:41:53,962][com.java.SeleniumDriver] [  889] - <In Set values of the page>
[INFO ][2016-01-11 15:41:53,962][com.java.SeleniumDriver] [  892] - {Data Fields & Data Values Exist}
[INFO ][2016-01-11 15:41:53,962][com.java.SeleniumDriver] [  894] - --------------------------setting values-----------------------------
[INFO ][2016-01-11 15:41:53,962][com.java.SeleniumDriver] [  897] - Action Type : waitforelement
[INFO ][2016-01-11 15:41:55,023][com.java.SeleniumDriver] [  906] -  RESULT true
[INFO ][2016-01-11 15:41:55,023][com.java.SeleniumDriver] [ 1112] - ?   P A S S   ?
[INFO ][2016-01-11 15:41:55,023][com.java.SeleniumDriver] [  832] - ------------------------------------------
[INFO ][2016-01-11 15:41:55,023][com.java.SeleniumDriver] [  833] - Test case being Executed: 59
[INFO ][2016-01-11 15:41:55,023][com.java.SeleniumDriver] [  845] - Test step:10
[INFO ][2016-01-11 15:41:55,023][com.java.SeleniumDriver] [  857] - Datavalue is----------null
[DEBUG][2016-01-11 15:41:55,023][com.java.SeleniumDriver] [  875] - Exception: null
[INFO ][2016-01-11 15:41:55,023][com.java.SeleniumDriver] [  881] - DataField : BTNrdoLedgerGL
[INFO ][2016-01-11 15:41:55,023][com.java.SeleniumDriver] [  883] - DataValue : 
[INFO ][2016-01-11 15:41:55,023][com.java.SeleniumDriver] [  889] - <In Set values of the page>
[INFO ][2016-01-11 15:41:55,023][com.java.SeleniumDriver] [  892] - {Data Fields & Data Values Exist}
[INFO ][2016-01-11 15:41:55,023][com.java.SeleniumDriver] [  894] - --------------------------setting values-----------------------------
[INFO ][2016-01-11 15:41:55,023][com.java.SeleniumDriver] [  897] - Action Type : click
[INFO ][2016-01-11 15:41:55,023][com.java.TestType] [ 6509] - Field ::BTNrdoLedgerGL
[INFO ][2016-01-11 15:41:55,023][com.java.TestType] [ 6130] - value = 
[INFO ][2016-01-11 15:41:56,038][com.java.TestType] [ 6625] - BEFORE CLICK
[INFO ][2016-01-11 15:41:57,240][com.java.TestType] [ 6632] - Unable to click the object click on G/L button
[INFO ][2016-01-11 15:41:57,240][com.java.SeleniumDriver] [  906] -  RESULT true
[INFO ][2016-01-11 15:41:57,240][com.java.SeleniumDriver] [ 1112] - ?   P A S S   ?
[INFO ][2016-01-11 15:41:57,240][com.java.SeleniumDriver] [  832] - ------------------------------------------
[INFO ][2016-01-11 15:41:57,240][com.java.SeleniumDriver] [  833] - Test case being Executed: 59
[INFO ][2016-01-11 15:41:57,240][com.java.SeleniumDriver] [  845] - Test step:11
[INFO ][2016-01-11 15:41:57,240][com.java.SeleniumDriver] [  857] - Datavalue is----------null
[DEBUG][2016-01-11 15:41:57,240][com.java.SeleniumDriver] [  875] - Exception: null
[INFO ][2016-01-11 15:41:57,240][com.java.SeleniumDriver] [  881] - DataField : BTNnextButton
[INFO ][2016-01-11 15:41:57,240][com.java.SeleniumDriver] [  883] - DataValue : 
[INFO ][2016-01-11 15:41:57,240][com.java.SeleniumDriver] [  889] - <In Set values of the page>
[INFO ][2016-01-11 15:41:57,240][com.java.SeleniumDriver] [  892] - {Data Fields & Data Values Exist}
[INFO ][2016-01-11 15:41:57,240][com.java.SeleniumDriver] [  894] - --------------------------setting values-----------------------------
[INFO ][2016-01-11 15:41:57,240][com.java.SeleniumDriver] [  897] - Action Type : click
[INFO ][2016-01-11 15:41:57,240][com.java.TestType] [ 6509] - Field ::BTNnextButton
[INFO ][2016-01-11 15:41:57,240][com.java.TestType] [ 6130] - value = 
[INFO ][2016-01-11 15:41:58,254][com.java.TestType] [ 6625] - BEFORE CLICK
[INFO ][2016-01-11 15:41:59,424][com.java.TestType] [ 6632] - Unable to click the object click on Next button
[INFO ][2016-01-11 15:41:59,424][com.java.SeleniumDriver] [  906] -  RESULT true
[INFO ][2016-01-11 15:41:59,424][com.java.SeleniumDriver] [ 1112] - ?   P A S S   ?
[INFO ][2016-01-11 15:41:59,424][com.java.SeleniumDriver] [  832] - ------------------------------------------
[INFO ][2016-01-11 15:41:59,424][com.java.SeleniumDriver] [  833] - Test case being Executed: 59
[INFO ][2016-01-11 15:41:59,424][com.java.SeleniumDriver] [  845] - Test step:12
[INFO ][2016-01-11 15:41:59,424][com.java.SeleniumDriver] [  857] - Datavalue is----------5
[INFO ][2016-01-11 15:41:59,424][com.java.SeleniumDriver] [  881] - DataField : BTNrdoDetailConsolidated
[INFO ][2016-01-11 15:41:59,424][com.java.SeleniumDriver] [  883] - DataValue : 5
[INFO ][2016-01-11 15:41:59,424][com.java.SeleniumDriver] [  889] - <In Set values of the page>
[INFO ][2016-01-11 15:41:59,424][com.java.SeleniumDriver] [  892] - {Data Fields & Data Values Exist}
[INFO ][2016-01-11 15:41:59,424][com.java.SeleniumDriver] [  894] - --------------------------setting values-----------------------------
[INFO ][2016-01-11 15:41:59,424][com.java.SeleniumDriver] [  897] - Action Type : waitforelement
[INFO ][2016-01-11 15:42:00,501][com.java.SeleniumDriver] [  906] -  RESULT true
[INFO ][2016-01-11 15:42:00,501][com.java.SeleniumDriver] [ 1112] - ?   P A S S   ?
[INFO ][2016-01-11 15:42:00,501][com.java.SeleniumDriver] [  832] - ------------------------------------------
[INFO ][2016-01-11 15:42:00,501][com.java.SeleniumDriver] [  833] - Test case being Executed: 59
[INFO ][2016-01-11 15:42:00,501][com.java.SeleniumDriver] [  845] - Test step:13
[INFO ][2016-01-11 15:42:00,501][com.java.SeleniumDriver] [  857] - Datavalue is----------Actual
[INFO ][2016-01-11 15:42:00,501][com.java.SeleniumDriver] [  881] - DataField : SLBddlDataSource
[INFO ][2016-01-11 15:42:00,501][com.java.SeleniumDriver] [  883] - DataValue : Actual
[INFO ][2016-01-11 15:42:00,501][com.java.SeleniumDriver] [  889] - <In Set values of the page>
[INFO ][2016-01-11 15:42:00,501][com.java.SeleniumDriver] [  892] - {Data Fields & Data Values Exist}
[INFO ][2016-01-11 15:42:00,501][com.java.SeleniumDriver] [  894] - --------------------------setting values-----------------------------
[INFO ][2016-01-11 15:42:00,501][com.java.SeleniumDriver] [  897] - Action Type : Select
[INFO ][2016-01-11 15:42:00,501][com.java.TestType] [ 6130] - value = Actual
[INFO ][2016-01-11 15:42:02,765][com.java.SeleniumDriver] [  906] -  RESULT true
[INFO ][2016-01-11 15:42:02,765][com.java.SeleniumDriver] [ 1112] - ?   P A S S   ?
[INFO ][2016-01-11 15:42:02,765][com.java.SeleniumDriver] [  832] - ------------------------------------------
[INFO ][2016-01-11 15:42:02,765][com.java.SeleniumDriver] [  833] - Test case being Executed: 59
[INFO ][2016-01-11 15:42:02,765][com.java.SeleniumDriver] [  845] - Test step:14
[INFO ][2016-01-11 15:42:02,765][com.java.SeleniumDriver] [  857] - Datavalue is----------null
[DEBUG][2016-01-11 15:42:02,765][com.java.SeleniumDriver] [  875] - Exception: null
[INFO ][2016-01-11 15:42:02,765][com.java.SeleniumDriver] [  881] - DataField : BTNrdoDetailConsolidated
[INFO ][2016-01-11 15:42:02,765][com.java.SeleniumDriver] [  883] - DataValue : 
[INFO ][2016-01-11 15:42:02,765][com.java.SeleniumDriver] [  889] - <In Set values of the page>
[INFO ][2016-01-11 15:42:02,765][com.java.SeleniumDriver] [  892] - {Data Fields & Data Values Exist}
[INFO ][2016-01-11 15:42:02,765][com.java.SeleniumDriver] [  894] - --------------------------setting values-----------------------------
[INFO ][2016-01-11 15:42:02,765][com.java.SeleniumDriver] [  897] - Action Type : click
[INFO ][2016-01-11 15:42:02,765][com.java.TestType] [ 6509] - Field ::BTNrdoDetailConsolidated
[INFO ][2016-01-11 15:42:02,765][com.java.TestType] [ 6130] - value = 
[INFO ][2016-01-11 15:42:03,779][com.java.TestType] [ 6625] - BEFORE CLICK
[INFO ][2016-01-11 15:42:04,966][com.java.TestType] [ 6632] - Unable to click the object click on Consolidated radio button
[INFO ][2016-01-11 15:42:04,966][com.java.SeleniumDriver] [  906] -  RESULT true
[INFO ][2016-01-11 15:42:04,966][com.java.SeleniumDriver] [ 1112] - ?   P A S S   ?
[INFO ][2016-01-11 15:42:04,966][com.java.SeleniumDriver] [  832] - ------------------------------------------
[INFO ][2016-01-11 15:42:04,966][com.java.SeleniumDriver] [  833] - Test case being Executed: 59
[INFO ][2016-01-11 15:42:04,966][com.java.SeleniumDriver] [  845] - Test step:15
[INFO ][2016-01-11 15:42:04,966][com.java.SeleniumDriver] [  857] - Datavalue is----------null
[DEBUG][2016-01-11 15:42:04,966][com.java.SeleniumDriver] [  875] - Exception: null
[INFO ][2016-01-11 15:42:04,966][com.java.SeleniumDriver] [  881] - DataField : BTNnextButton
[INFO ][2016-01-11 15:42:04,966][com.java.SeleniumDriver] [  883] - DataValue : 
[INFO ][2016-01-11 15:42:04,966][com.java.SeleniumDriver] [  889] - <In Set values of the page>
[INFO ][2016-01-11 15:42:04,966][com.java.SeleniumDriver] [  892] - {Data Fields & Data Values Exist}
[INFO ][2016-01-11 15:42:04,966][com.java.SeleniumDriver] [  894] - --------------------------setting values-----------------------------
[INFO ][2016-01-11 15:42:04,966][com.java.SeleniumDriver] [  897] - Action Type : click
[INFO ][2016-01-11 15:42:04,966][com.java.TestType] [ 6509] - Field ::BTNnextButton
[INFO ][2016-01-11 15:42:04,966][com.java.TestType] [ 6130] - value = 
[INFO ][2016-01-11 15:42:05,979][com.java.TestType] [ 6625] - BEFORE CLICK
[INFO ][2016-01-11 15:42:07,197][com.java.TestType] [ 6632] - Unable to click the object click on Next button
[INFO ][2016-01-11 15:42:07,197][com.java.SeleniumDriver] [  906] -  RESULT true
[INFO ][2016-01-11 15:42:07,197][com.java.SeleniumDriver] [ 1112] - ?   P A S S   ?
[INFO ][2016-01-11 15:42:07,197][com.java.SeleniumDriver] [  832] - ------------------------------------------
[INFO ][2016-01-11 15:42:07,197][com.java.SeleniumDriver] [  833] - Test case being Executed: 59
[INFO ][2016-01-11 15:42:07,197][com.java.SeleniumDriver] [  845] - Test step:16
[INFO ][2016-01-11 15:42:07,197][com.java.SeleniumDriver] [  857] - Datavalue is----------5
[INFO ][2016-01-11 15:42:07,197][com.java.SeleniumDriver] [  881] - DataField : BTNddlStartDate
[INFO ][2016-01-11 15:42:07,197][com.java.SeleniumDriver] [  883] - DataValue : 5
[INFO ][2016-01-11 15:42:07,197][com.java.SeleniumDriver] [  889] - <In Set values of the page>
[INFO ][2016-01-11 15:42:07,197][com.java.SeleniumDriver] [  892] - {Data Fields & Data Values Exist}
[INFO ][2016-01-11 15:42:07,197][com.java.SeleniumDriver] [  894] - --------------------------setting values-----------------------------
[INFO ][2016-01-11 15:42:07,197][com.java.SeleniumDriver] [  897] - Action Type : waitforelement
[INFO ][2016-01-11 15:42:08,273][com.java.SeleniumDriver] [  906] -  RESULT true
[INFO ][2016-01-11 15:42:08,273][com.java.SeleniumDriver] [ 1112] - ?   P A S S   ?
[INFO ][2016-01-11 15:42:08,273][com.java.SeleniumDriver] [  832] - ------------------------------------------
[INFO ][2016-01-11 15:42:08,273][com.java.SeleniumDriver] [  833] - Test case being Executed: 59
[INFO ][2016-01-11 15:42:08,273][com.java.SeleniumDriver] [  845] - Test step:17
[INFO ][2016-01-11 15:42:08,273][com.java.SeleniumDriver] [  857] - Datavalue is----------index:2
[INFO ][2016-01-11 15:42:08,273][com.java.SeleniumDriver] [  881] - DataField : COBddlStartDate
[INFO ][2016-01-11 15:42:08,273][com.java.SeleniumDriver] [  883] - DataValue : index:2
[INFO ][2016-01-11 15:42:08,273][com.java.SeleniumDriver] [  889] - <In Set values of the page>
[INFO ][2016-01-11 15:42:08,273][com.java.SeleniumDriver] [  892] - {Data Fields & Data Values Exist}
[INFO ][2016-01-11 15:42:08,273][com.java.SeleniumDriver] [  894] - --------------------------setting values-----------------------------
[INFO ][2016-01-11 15:42:08,273][com.java.SeleniumDriver] [  897] - Action Type : Select
[INFO ][2016-01-11 15:42:08,273][com.java.TestType] [ 6130] - value = 2
[INFO ][2016-01-11 15:42:09,383][com.java.TestType] [ 6248] -  In COB ddlStartDate : 2
[ERROR][2016-01-11 15:42:09,664][com.java.TestType] [ 6395] - Unable to perform Action Select Cannot locate option with index: 2
For documentation on this error, please visit: http://seleniumhq.org/exceptions/no_such_element.html
Build info: version: '2.48.2', revision: '41bccdd', time: '2015-10-09 19:59:12'
System info: host: 'FVTIII438F1D', ip: '172.17.68.34', os.name: 'Windows 7', os.arch: 'x86', os.version: '6.1', java.version: '1.7.0_55'
Driver info: driver.version: SeleniumDriver
[INFO ][2016-01-11 15:42:09,664][com.java.SeleniumDriver] [  906] -  RESULT false
[INFO ][2016-01-11 15:42:09,664][com.java.SeleniumDriver] [  953] - ?   F A I L   ?
[INFO ][2016-01-11 15:42:09,664][com.java.SeleniumDriver] [  961] - Browser Type : IE10
[INFO ][2016-01-11 15:42:09,664][com.java.SeleniumDriver] [  962] - Adding Failed case59
[INFO ][2016-01-11 15:42:10,397][com.java.SeleniumDriver] [ 1076] - failedCases = 59
[ERROR][2016-01-11 15:42:10,397][com.java.SeleniumDriver] [ 1575] - Platform Errors : Our apologies...::We have encountered an issue with your request.::Our apologies?:We encountered an issue with your request.
[INFO ][2016-01-11 15:42:10,397][com.java.SeleniumDriver] [ 1579] - Length =3
[ERROR][2016-01-11 15:42:10,397][com.java.SeleniumDriver] [ 1582] - Error 0 = Our apologies...
[ERROR][2016-01-11 15:42:10,460][com.java.SeleniumDriver] [ 1582] - Error 1 = We have encountered an issue with your request.
[ERROR][2016-01-11 15:42:10,476][com.java.SeleniumDriver] [ 1582] - Error 2 = Our apologies?:We encountered an issue with your request.
[INFO ][2016-01-11 15:42:10,491][com.java.SeleniumDriver] [ 1593] - strError:
[DEBUG][2016-01-11 15:42:10,507][com.java.SeleniumDriver] [ 1224] - Case found
[DEBUG][2016-01-11 15:42:10,507][com.java.SeleniumDriver] [ 1229] - Incrementing ReportCounters[0]:3
[INFO ][2016-01-11 15:42:10,507][com.java.SeleniumDriver] [ 1248] - The results are-------------------[59, 17, Admin: Manage Data: Export Data: G/L - Actual - Consolidated, Fail, 
Test case failed at Step No. :: 17   Error Message ::  Option ::2:: not found in Combo box :: ddlStartDate. Screen Shot : D:\BankersDashboard\TestReports\011116\59_011116_154209_IE10.png, Mon Jan 11 15:42:10 IST 2016]
[INFO ][2016-01-11 15:42:10,507][com.java.SeleniumDriver] [ 1252] - End time is-------3 min 5 sec
[INFO ][2016-01-11 15:42:10,507][com.java.SeleniumDriver] [ 1253] - The results are-------------------[59, 17, Admin: Manage Data: Export Data: G/L - Actual - Consolidated, Fail, 
Test case failed at Step No. :: 17   Error Message ::  Option ::2:: not found in Combo box :: ddlStartDate. Screen Shot : D:\BankersDashboard\TestReports\011116\59_011116_154209_IE10.png, Mon Jan 11 15:42:10 IST 2016]
[DEBUG][2016-01-11 15:42:10,507][com.java.ImportnExport.ExportTestResultsExcel] [  222] - testResultPath = D:\BankersDashboard/TestReports/Test Results_BankersDashBoard_011116_153907_IE10_CB&S Bank.xls
[DEBUG][2016-01-11 15:42:10,507][com.java.ImportnExport.ExportTestResultsExcel] [  223] - browser is------------IE10
[DEBUG][2016-01-11 15:42:10,507][com.java.ImportnExport.ExportTestResultsExcel] [  270] - result.size() = 6
[DEBUG][2016-01-11 15:42:10,507][com.java.ImportnExport.ExportTestResultsExcel] [  274] - No of rows in sheet=3
[DEBUG][2016-01-11 15:42:10,507][com.java.ImportnExport.ExportTestResultsExcel] [  301] - ..in export..59
[DEBUG][2016-01-11 15:42:10,507][com.java.ImportnExport.ExportTestResultsExcel] [  301] - ..in export..Admin: Manage Data: Export Data: G/L - Actual - Consolidated
[DEBUG][2016-01-11 15:42:10,507][com.java.ImportnExport.ExportTestResultsExcel] [  301] - ..in export..Fail
[DEBUG][2016-01-11 15:42:10,507][com.java.ImportnExport.ExportTestResultsExcel] [  301] - ..in export..
Test case failed at Step No. :: 17   Error Message ::  Option ::2:: not found in Combo box :: ddlStartDate. Screen Shot : D:\BankersDashboard\TestReports\011116\59_011116_154209_IE10.png
[DEBUG][2016-01-11 15:42:10,507][com.java.ImportnExport.ExportTestResultsExcel] [  301] - ..in export..Mon Jan 11 15:42:10 IST 2016
[INFO ][2016-01-11 15:42:10,507][com.java.SeleniumDriver] [ 1313] - out loop:2 size:9 TestCases:[1, 58, 59, 60, 61, 62, 63, 64, 65] testcases:[1, 58, 59, 60, 61, 62, 63, 64, 65]
[INFO ][2016-01-11 15:42:10,507][com.java.ImportnExport.ImportTestDataDetailsExcel] [   49] - test data details path===== D:\BankersDashboard\TestInputs\TestData.xls
[INFO ][2016-01-11 15:42:28,976][com.java.SeleniumDriver] [  832] - ------------------------------------------
[INFO ][2016-01-11 15:42:28,976][com.java.SeleniumDriver] [  833] - Test case being Executed: 60
[INFO ][2016-01-11 15:42:28,976][com.java.SeleniumDriver] [  845] - Test step:1
[INFO ][2016-01-11 15:42:28,976][com.java.SeleniumDriver] [  857] - Datavalue is----------Logout
[INFO ][2016-01-11 15:42:28,976][com.java.SeleniumDriver] [  881] - DataField : BTN
[INFO ][2016-01-11 15:42:28,976][com.java.SeleniumDriver] [  883] - DataValue : Logout
[INFO ][2016-01-11 15:42:28,976][com.java.SeleniumDriver] [  889] - <In Set values of the page>
[INFO ][2016-01-11 15:42:28,976][com.java.SeleniumDriver] [  892] - {Data Fields & Data Values Exist}
[INFO ][2016-01-11 15:42:28,976][com.java.SeleniumDriver] [  894] - --------------------------setting values-----------------------------
[INFO ][2016-01-11 15:42:28,976][com.java.SeleniumDriver] [  897] - Action Type : Verify
[INFO ][2016-01-11 15:42:28,976][com.java.TestType] [ 7504] - field= BTN value= Logout
[INFO ][2016-01-11 15:42:28,976][com.java.TestType] [ 6130] - value = Logout
[INFO ][2016-01-11 15:42:29,039][com.java.SeleniumDriver] [  906] -  RESULT true
[INFO ][2016-01-11 15:42:29,039][com.java.SeleniumDriver] [ 1112] - ?   P A S S   ?
[INFO ][2016-01-11 15:42:29,039][com.java.SeleniumDriver] [ 1154] - step change to 3
[INFO ][2016-01-11 15:42:29,039][com.java.SeleniumDriver] [  832] - ------------------------------------------
[INFO ][2016-01-11 15:42:29,039][com.java.SeleniumDriver] [  833] - Test case being Executed: 60
[INFO ][2016-01-11 15:42:29,039][com.java.SeleniumDriver] [  845] - Test step:3
[INFO ][2016-01-11 15:42:29,039][com.java.SeleniumDriver] [  857] - Datavalue is----------Concept#2:1-2
[INFO ][2016-01-11 15:42:29,039][com.java.SeleniumDriver] [  881] - DataField : test
[INFO ][2016-01-11 15:42:29,039][com.java.SeleniumDriver] [  883] - DataValue : Concept#2:1-2
[INFO ][2016-01-11 15:42:29,039][com.java.SeleniumDriver] [  889] - <In Set values of the page>
[INFO ][2016-01-11 15:42:29,039][com.java.SeleniumDriver] [  892] - {Data Fields & Data Values Exist}
[INFO ][2016-01-11 15:42:29,039][com.java.SeleniumDriver] [  894] - --------------------------setting values-----------------------------
[INFO ][2016-01-11 15:42:29,039][com.java.SeleniumDriver] [  897] - Action Type : ExecuteTestCase
[INFO ][2016-01-11 15:42:29,039][com.java.TestType] [  437] - The Concept sheet name is ---------- Concept
[INFO ][2016-01-11 15:42:29,039][com.java.TestType] [  440] - The Concept ID  is ---------- 2
[DEBUG][2016-01-11 15:42:29,039][com.java.TestType] [  444] - Steps being executted in the Concept are: 1:2
[INFO ][2016-01-11 15:42:29,039][com.java.TestType] [  451] - Test data details path ---------- D:\BankersDashboard\TestInputs\TestData.xls
[INFO ][2016-01-11 15:42:29,070][com.java.TestType] [  482] -  str(1) = 2
[INFO ][2016-01-11 15:42:29,070][com.java.TestType] [  485] - Test case Id is---2
[INFO ][2016-01-11 15:42:29,070][com.java.TestType] [  487] - 2
[INFO ][2016-01-11 15:42:29,070][com.java.TestType] [  482] -  str(2) = 1
[INFO ][2016-01-11 15:42:29,070][com.java.TestType] [  482] -  str(1) = 2
[INFO ][2016-01-11 15:42:29,070][com.java.TestType] [  485] - Test case Id is---2
[INFO ][2016-01-11 15:42:29,070][com.java.TestType] [  487] - 2
[INFO ][2016-01-11 15:42:29,070][com.java.TestType] [  482] -  str(2) = 2
[INFO ][2016-01-11 15:42:29,070][com.java.TestType] [  482] -  str(1) = 2
[INFO ][2016-01-11 15:42:29,070][com.java.TestType] [  485] - Test case Id is---2
[INFO ][2016-01-11 15:42:29,070][com.java.TestType] [  487] - 2
[INFO ][2016-01-11 15:42:29,070][com.java.TestType] [  482] -  str(2) = 3
[INFO ][2016-01-11 15:42:29,070][com.java.TestType] [11095] - Looping 1TCID = 2
[DEBUG][2016-01-11 15:42:29,070][com.java.TestType] [11136] - Concept ID:2 :: Step being Executed: 2::1
[INFO ][2016-01-11 15:42:29,070][com.java.TestType] [11174] - dataFields : BNK//select[@id='bank']
[DEBUG][2016-01-11 15:42:29,070][com.java.TestType] [11180] - <In Set values of the page>
[DEBUG][2016-01-11 15:42:29,070][com.java.TestType] [11185] - {Data Fields & Data Values Exist}
[INFO ][2016-01-11 15:42:29,070][com.java.TestType] [11191] - --------------------------setting values-----------------------------
[INFO ][2016-01-11 15:42:29,070][com.java.TestType] [11194] - Action Type : Select
[INFO ][2016-01-11 15:42:29,070][com.java.TestType] [ 6130] - value = PFC
[INFO ][2016-01-11 15:42:29,273][com.java.TestType] [11213] -  RESULT true
[INFO ][2016-01-11 15:42:29,273][com.java.TestType] [11330] - ?   P A S S   ?
[DEBUG][2016-01-11 15:42:29,273][com.java.TestType] [11136] - Concept ID:2 :: Step being Executed: 2::2
[INFO ][2016-01-11 15:42:29,273][com.java.TestType] [11174] - dataFields : LNKLogout
[DEBUG][2016-01-11 15:42:29,273][com.java.TestType] [11180] - <In Set values of the page>
[DEBUG][2016-01-11 15:42:29,273][com.java.TestType] [11185] - {Data Fields & Data Values Exist}
[INFO ][2016-01-11 15:42:29,273][com.java.TestType] [11191] - --------------------------setting values-----------------------------
[INFO ][2016-01-11 15:42:29,273][com.java.TestType] [11194] - Action Type : WaitTime
[DEBUG][2016-01-11 15:42:29,273][com.java.TestType] [ 5950] - sleepTime: 5000
[INFO ][2016-01-11 15:42:34,280][com.java.TestType] [11213] -  RESULT true
[INFO ][2016-01-11 15:42:34,280][com.java.TestType] [11330] - ?   P A S S   ?
[INFO ][2016-01-11 15:42:34,280][com.java.TestType] [11401] - Looping End......
[INFO ][2016-01-11 15:42:34,280][com.java.SeleniumDriver] [  906] -  RESULT true
[INFO ][2016-01-11 15:42:34,280][com.java.SeleniumDriver] [ 1112] - ?   P A S S   ?
[INFO ][2016-01-11 15:42:34,280][com.java.SeleniumDriver] [  832] - ------------------------------------------
[INFO ][2016-01-11 15:42:34,280][com.java.SeleniumDriver] [  833] - Test case being Executed: 60
[INFO ][2016-01-11 15:42:34,280][com.java.SeleniumDriver] [  845] - Test step:4
[INFO ][2016-01-11 15:42:34,280][com.java.SeleniumDriver] [  857] - Datavalue is----------2
[INFO ][2016-01-11 15:42:34,280][com.java.SeleniumDriver] [  881] - DataField : BTNG/L
[INFO ][2016-01-11 15:42:34,280][com.java.SeleniumDriver] [  883] - DataValue : 2
[INFO ][2016-01-11 15:42:34,280][com.java.SeleniumDriver] [  889] - <In Set values of the page>
[INFO ][2016-01-11 15:42:34,280][com.java.SeleniumDriver] [  892] - {Data Fields & Data Values Exist}
[INFO ][2016-01-11 15:42:34,280][com.java.SeleniumDriver] [  894] - --------------------------setting values-----------------------------
[INFO ][2016-01-11 15:42:34,280][com.java.SeleniumDriver] [  897] - Action Type : WAITFORELEMENT
[INFO ][2016-01-11 15:42:34,328][com.java.SeleniumDriver] [  906] -  RESULT true
[INFO ][2016-01-11 15:42:34,328][com.java.SeleniumDriver] [ 1112] - ?   P A S S   ?
[INFO ][2016-01-11 15:42:34,328][com.java.SeleniumDriver] [  832] - ------------------------------------------
[INFO ][2016-01-11 15:42:34,328][com.java.SeleniumDriver] [  833] - Test case being Executed: 60
[INFO ][2016-01-11 15:42:34,328][com.java.SeleniumDriver] [  845] - Test step:5
[INFO ][2016-01-11 15:42:34,328][com.java.SeleniumDriver] [  857] - Datavalue is----------null
[DEBUG][2016-01-11 15:42:34,328][com.java.SeleniumDriver] [  875] - Exception: null
[INFO ][2016-01-11 15:42:34,328][com.java.SeleniumDriver] [  881] - DataField : //span[@class="icon-user4"]&&//a[contains(text(),'Manage Data')]&&//a[@data-id="Export"]
[INFO ][2016-01-11 15:42:34,328][com.java.SeleniumDriver] [  883] - DataValue : 
[INFO ][2016-01-11 15:42:34,328][com.java.SeleniumDriver] [  889] - <In Set values of the page>
[INFO ][2016-01-11 15:42:34,328][com.java.SeleniumDriver] [  892] - {Data Fields & Data Values Exist}
[INFO ][2016-01-11 15:42:34,328][com.java.SeleniumDriver] [  894] - --------------------------setting values-----------------------------
[INFO ][2016-01-11 15:42:34,328][com.java.SeleniumDriver] [  897] - Action Type : MOUSEOVER
[INFO ][2016-01-11 15:43:01,398][com.java.SeleniumDriver] [  906] -  RESULT true
[INFO ][2016-01-11 15:43:01,398][com.java.SeleniumDriver] [ 1112] - ?   P A S S   ?
[INFO ][2016-01-11 15:43:01,398][com.java.SeleniumDriver] [  832] - ------------------------------------------
[INFO ][2016-01-11 15:43:01,398][com.java.SeleniumDriver] [  833] - Test case being Executed: 60
[INFO ][2016-01-11 15:43:01,398][com.java.SeleniumDriver] [  845] - Test step:6
[INFO ][2016-01-11 15:43:01,398][com.java.SeleniumDriver] [  857] - Datavalue is----------5
[INFO ][2016-01-11 15:43:01,398][com.java.SeleniumDriver] [  881] - DataField : BTN//iframe[@id='frameDialogContent']
[INFO ][2016-01-11 15:43:01,398][com.java.SeleniumDriver] [  883] - DataValue : 5
[INFO ][2016-01-11 15:43:01,398][com.java.SeleniumDriver] [  889] - <In Set values of the page>
[INFO ][2016-01-11 15:43:01,398][com.java.SeleniumDriver] [  892] - {Data Fields & Data Values Exist}
[INFO ][2016-01-11 15:43:01,398][com.java.SeleniumDriver] [  894] - --------------------------setting values-----------------------------
[INFO ][2016-01-11 15:43:01,398][com.java.SeleniumDriver] [  897] - Action Type : waitforelement
[INFO ][2016-01-11 15:43:01,430][com.java.SeleniumDriver] [  906] -  RESULT true
[INFO ][2016-01-11 15:43:01,430][com.java.SeleniumDriver] [ 1112] - ?   P A S S   ?
[INFO ][2016-01-11 15:43:01,430][com.java.SeleniumDriver] [  832] - ------------------------------------------
[INFO ][2016-01-11 15:43:01,430][com.java.SeleniumDriver] [  833] - Test case being Executed: 60
[INFO ][2016-01-11 15:43:01,430][com.java.SeleniumDriver] [  845] - Test step:7
[INFO ][2016-01-11 15:43:01,430][com.java.SeleniumDriver] [  857] - Datavalue is----------Export Data
[INFO ][2016-01-11 15:43:01,430][com.java.SeleniumDriver] [  881] - DataField : MSG
[INFO ][2016-01-11 15:43:01,430][com.java.SeleniumDriver] [  883] - DataValue : Export Data
[INFO ][2016-01-11 15:43:01,430][com.java.SeleniumDriver] [  889] - <In Set values of the page>
[INFO ][2016-01-11 15:43:01,430][com.java.SeleniumDriver] [  892] - {Data Fields & Data Values Exist}
[INFO ][2016-01-11 15:43:01,430][com.java.SeleniumDriver] [  894] - --------------------------setting values-----------------------------
[INFO ][2016-01-11 15:43:01,430][com.java.SeleniumDriver] [  897] - Action Type : VERIFY
[INFO ][2016-01-11 15:43:01,430][com.java.TestType] [ 7504] - field= MSG value= Export Data
[INFO ][2016-01-11 15:43:01,430][com.java.TestType] [ 6130] - value = Export Data
[DEBUG][2016-01-11 15:43:01,430][com.java.TestType] [ 8310] - value :: Export Data
[INFO ][2016-01-11 15:43:01,508][com.java.SeleniumDriver] [  906] -  RESULT true
[INFO ][2016-01-11 15:43:01,508][com.java.SeleniumDriver] [ 1112] - ?   P A S S   ?
[INFO ][2016-01-11 15:43:01,508][com.java.SeleniumDriver] [  832] - ------------------------------------------
[INFO ][2016-01-11 15:43:01,508][com.java.SeleniumDriver] [  833] - Test case being Executed: 60
[INFO ][2016-01-11 15:43:01,508][com.java.SeleniumDriver] [  845] - Test step:8
[INFO ][2016-01-11 15:43:01,508][com.java.SeleniumDriver] [  857] - Datavalue is----------null
[DEBUG][2016-01-11 15:43:01,508][com.java.SeleniumDriver] [  875] - Exception: null
[INFO ][2016-01-11 15:43:01,508][com.java.SeleniumDriver] [  881] - DataField : BTN//iframe[@id='frameDialogContent']
[INFO ][2016-01-11 15:43:01,508][com.java.SeleniumDriver] [  883] - DataValue : 
[INFO ][2016-01-11 15:43:01,508][com.java.SeleniumDriver] [  889] - <In Set values of the page>
[INFO ][2016-01-11 15:43:01,508][com.java.SeleniumDriver] [  892] - {Data Fields & Data Values Exist}
[INFO ][2016-01-11 15:43:01,508][com.java.SeleniumDriver] [  894] - --------------------------setting values-----------------------------
[INFO ][2016-01-11 15:43:01,508][com.java.SeleniumDriver] [  897] - Action Type : SELECTFRAME
[INFO ][2016-01-11 15:43:01,617][com.java.SeleniumDriver] [  906] -  RESULT true
[INFO ][2016-01-11 15:43:01,617][com.java.SeleniumDriver] [ 1112] - ?   P A S S   ?
[INFO ][2016-01-11 15:43:01,617][com.java.SeleniumDriver] [  832] - ------------------------------------------
[INFO ][2016-01-11 15:43:01,617][com.java.SeleniumDriver] [  833] - Test case being Executed: 60
[INFO ][2016-01-11 15:43:01,617][com.java.SeleniumDriver] [  845] - Test step:9
[INFO ][2016-01-11 15:43:01,617][com.java.SeleniumDriver] [  857] - Datavalue is----------5
[INFO ][2016-01-11 15:43:01,617][com.java.SeleniumDriver] [  881] - DataField : BTNrdoLedgerGL
[INFO ][2016-01-11 15:43:01,617][com.java.SeleniumDriver] [  883] - DataValue : 5
[INFO ][2016-01-11 15:43:01,617][com.java.SeleniumDriver] [  889] - <In Set values of the page>
[INFO ][2016-01-11 15:43:01,617][com.java.SeleniumDriver] [  892] - {Data Fields & Data Values Exist}
[INFO ][2016-01-11 15:43:01,617][com.java.SeleniumDriver] [  894] - --------------------------setting values-----------------------------
[INFO ][2016-01-11 15:43:01,617][com.java.SeleniumDriver] [  897] - Action Type : waitforelement
[INFO ][2016-01-11 15:43:02,678][com.java.SeleniumDriver] [  906] -  RESULT true
[INFO ][2016-01-11 15:43:02,678][com.java.SeleniumDriver] [ 1112] - ?   P A S S   ?
[INFO ][2016-01-11 15:43:02,678][com.java.SeleniumDriver] [  832] - ------------------------------------------
[INFO ][2016-01-11 15:43:02,678][com.java.SeleniumDriver] [  833] - Test case being Executed: 60
[INFO ][2016-01-11 15:43:02,678][com.java.SeleniumDriver] [  845] - Test step:10
[INFO ][2016-01-11 15:43:02,678][com.java.SeleniumDriver] [  857] - Datavalue is----------null
[DEBUG][2016-01-11 15:43:02,678][com.java.SeleniumDriver] [  875] - Exception: null
[INFO ][2016-01-11 15:43:02,678][com.java.SeleniumDriver] [  881] - DataField : BTNrdoLedgerGL
[INFO ][2016-01-11 15:43:02,678][com.java.SeleniumDriver] [  883] - DataValue : 
[INFO ][2016-01-11 15:43:02,678][com.java.SeleniumDriver] [  889] - <In Set values of the page>
[INFO ][2016-01-11 15:43:02,678][com.java.SeleniumDriver] [  892] - {Data Fields & Data Values Exist}
[INFO ][2016-01-11 15:43:02,678][com.java.SeleniumDriver] [  894] - --------------------------setting values-----------------------------
[INFO ][2016-01-11 15:43:02,678][com.java.SeleniumDriver] [  897] - Action Type : click
[INFO ][2016-01-11 15:43:02,678][com.java.TestType] [ 6509] - Field ::BTNrdoLedgerGL
[INFO ][2016-01-11 15:43:02,678][com.java.TestType] [ 6130] - value = 
[INFO ][2016-01-11 15:43:03,693][com.java.TestType] [ 6625] - BEFORE CLICK
[INFO ][2016-01-11 15:43:04,879][com.java.TestType] [ 6632] - Unable to click the object click on G/L button
[INFO ][2016-01-11 15:43:04,879][com.java.SeleniumDriver] [  906] -  RESULT true
[INFO ][2016-01-11 15:43:04,879][com.java.SeleniumDriver] [ 1112] - ?   P A S S   ?
[INFO ][2016-01-11 15:43:04,879][com.java.SeleniumDriver] [  832] - ------------------------------------------
[INFO ][2016-01-11 15:43:04,879][com.java.SeleniumDriver] [  833] - Test case being Executed: 60
[INFO ][2016-01-11 15:43:04,879][com.java.SeleniumDriver] [  845] - Test step:11
[INFO ][2016-01-11 15:43:04,879][com.java.SeleniumDriver] [  857] - Datavalue is----------null
[DEBUG][2016-01-11 15:43:04,879][com.java.SeleniumDriver] [  875] - Exception: null
[INFO ][2016-01-11 15:43:04,879][com.java.SeleniumDriver] [  881] - DataField : BTNnextButton
[INFO ][2016-01-11 15:43:04,879][com.java.SeleniumDriver] [  883] - DataValue : 
[INFO ][2016-01-11 15:43:04,879][com.java.SeleniumDriver] [  889] - <In Set values of the page>
[INFO ][2016-01-11 15:43:04,879][com.java.SeleniumDriver] [  892] - {Data Fields & Data Values Exist}
[INFO ][2016-01-11 15:43:04,879][com.java.SeleniumDriver] [  894] - --------------------------setting values-----------------------------
[INFO ][2016-01-11 15:43:04,879][com.java.SeleniumDriver] [  897] - Action Type : click
[INFO ][2016-01-11 15:43:04,879][com.java.TestType] [ 6509] - Field ::BTNnextButton
[INFO ][2016-01-11 15:43:04,879][com.java.TestType] [ 6130] - value = 
[INFO ][2016-01-11 15:43:05,893][com.java.TestType] [ 6625] - BEFORE CLICK
[INFO ][2016-01-11 15:43:07,064][com.java.TestType] [ 6632] - Unable to click the object click on Next button
[INFO ][2016-01-11 15:43:07,064][com.java.SeleniumDriver] [  906] -  RESULT true
[INFO ][2016-01-11 15:43:07,064][com.java.SeleniumDriver] [ 1112] - ?   P A S S   ?
[INFO ][2016-01-11 15:43:07,064][com.java.SeleniumDriver] [  832] - ------------------------------------------
[INFO ][2016-01-11 15:43:07,064][com.java.SeleniumDriver] [  833] - Test case being Executed: 60
[INFO ][2016-01-11 15:43:07,064][com.java.SeleniumDriver] [  845] - Test step:12
[INFO ][2016-01-11 15:43:07,064][com.java.SeleniumDriver] [  857] - Datavalue is----------5
[INFO ][2016-01-11 15:43:07,064][com.java.SeleniumDriver] [  881] - DataField : BTNrdoDetailDetailed
[INFO ][2016-01-11 15:43:07,064][com.java.SeleniumDriver] [  883] - DataValue : 5
[INFO ][2016-01-11 15:43:07,064][com.java.SeleniumDriver] [  889] - <In Set values of the page>
[INFO ][2016-01-11 15:43:07,064][com.java.SeleniumDriver] [  892] - {Data Fields & Data Values Exist}
[INFO ][2016-01-11 15:43:07,064][com.java.SeleniumDriver] [  894] - --------------------------setting values-----------------------------
[INFO ][2016-01-11 15:43:07,064][com.java.SeleniumDriver] [  897] - Action Type : waitforelement
[INFO ][2016-01-11 15:43:08,140][com.java.SeleniumDriver] [  906] -  RESULT true
[INFO ][2016-01-11 15:43:08,140][com.java.SeleniumDriver] [ 1112] - ?   P A S S   ?
[INFO ][2016-01-11 15:43:08,140][com.java.SeleniumDriver] [  832] - ------------------------------------------
[INFO ][2016-01-11 15:43:08,140][com.java.SeleniumDriver] [  833] - Test case being Executed: 60
[INFO ][2016-01-11 15:43:08,140][com.java.SeleniumDriver] [  845] - Test step:13
[INFO ][2016-01-11 15:43:08,140][com.java.SeleniumDriver] [  857] - Datavalue is----------Budget
[INFO ][2016-01-11 15:43:08,140][com.java.SeleniumDriver] [  881] - DataField : SLBddlDataSource
[INFO ][2016-01-11 15:43:08,140][com.java.SeleniumDriver] [  883] - DataValue : Budget
[INFO ][2016-01-11 15:43:08,140][com.java.SeleniumDriver] [  889] - <In Set values of the page>
[INFO ][2016-01-11 15:43:08,140][com.java.SeleniumDriver] [  892] - {Data Fields & Data Values Exist}
[INFO ][2016-01-11 15:43:08,140][com.java.SeleniumDriver] [  894] - --------------------------setting values-----------------------------
[INFO ][2016-01-11 15:43:08,140][com.java.SeleniumDriver] [  897] - Action Type : Select
[INFO ][2016-01-11 15:43:08,140][com.java.TestType] [ 6130] - value = Budget
[INFO ][2016-01-11 15:43:10,467][com.java.SeleniumDriver] [  906] -  RESULT true
[INFO ][2016-01-11 15:43:10,467][com.java.SeleniumDriver] [ 1112] - ?   P A S S   ?
[INFO ][2016-01-11 15:43:10,467][com.java.SeleniumDriver] [  832] - ------------------------------------------
[INFO ][2016-01-11 15:43:10,467][com.java.SeleniumDriver] [  833] - Test case being Executed: 60
[INFO ][2016-01-11 15:43:10,467][com.java.SeleniumDriver] [  845] - Test step:14
[INFO ][2016-01-11 15:43:10,467][com.java.SeleniumDriver] [  857] - Datavalue is----------null
[DEBUG][2016-01-11 15:43:10,467][com.java.SeleniumDriver] [  875] - Exception: null
[INFO ][2016-01-11 15:43:10,467][com.java.SeleniumDriver] [  881] - DataField : BTNrdoDetailDetailed
[INFO ][2016-01-11 15:43:10,467][com.java.SeleniumDriver] [  883] - DataValue : 
[INFO ][2016-01-11 15:43:10,467][com.java.SeleniumDriver] [  889] - <In Set values of the page>
[INFO ][2016-01-11 15:43:10,467][com.java.SeleniumDriver] [  892] - {Data Fields & Data Values Exist}
[INFO ][2016-01-11 15:43:10,467][com.java.SeleniumDriver] [  894] - --------------------------setting values-----------------------------
[INFO ][2016-01-11 15:43:10,467][com.java.SeleniumDriver] [  897] - Action Type : click
[INFO ][2016-01-11 15:43:10,467][com.java.TestType] [ 6509] - Field ::BTNrdoDetailDetailed
[INFO ][2016-01-11 15:43:10,467][com.java.TestType] [ 6130] - value = 
[INFO ][2016-01-11 15:43:11,481][com.java.TestType] [ 6625] - BEFORE CLICK
[INFO ][2016-01-11 15:43:12,652][com.java.TestType] [ 6632] - Unable to click the object click on Detailed radio button
[INFO ][2016-01-11 15:43:12,652][com.java.SeleniumDriver] [  906] -  RESULT true
[INFO ][2016-01-11 15:43:12,652][com.java.SeleniumDriver] [ 1112] - ?   P A S S   ?
[INFO ][2016-01-11 15:43:12,652][com.java.SeleniumDriver] [  832] - ------------------------------------------
[INFO ][2016-01-11 15:43:12,652][com.java.SeleniumDriver] [  833] - Test case being Executed: 60
[INFO ][2016-01-11 15:43:12,652][com.java.SeleniumDriver] [  845] - Test step:15
[INFO ][2016-01-11 15:43:12,652][com.java.SeleniumDriver] [  857] - Datavalue is----------null
[DEBUG][2016-01-11 15:43:12,652][com.java.SeleniumDriver] [  875] - Exception: null
[INFO ][2016-01-11 15:43:12,652][com.java.SeleniumDriver] [  881] - DataField : BTNnextButton
[INFO ][2016-01-11 15:43:12,652][com.java.SeleniumDriver] [  883] - DataValue : 
[INFO ][2016-01-11 15:43:12,652][com.java.SeleniumDriver] [  889] - <In Set values of the page>
[INFO ][2016-01-11 15:43:12,652][com.java.SeleniumDriver] [  892] - {Data Fields & Data Values Exist}
[INFO ][2016-01-11 15:43:12,652][com.java.SeleniumDriver] [  894] - --------------------------setting values-----------------------------
[INFO ][2016-01-11 15:43:12,652][com.java.SeleniumDriver] [  897] - Action Type : click
[INFO ][2016-01-11 15:43:12,652][com.java.TestType] [ 6509] - Field ::BTNnextButton
[INFO ][2016-01-11 15:43:12,652][com.java.TestType] [ 6130] - value = 
[INFO ][2016-01-11 15:43:13,666][com.java.TestType] [ 6625] - BEFORE CLICK
[INFO ][2016-01-11 15:43:14,915][com.java.TestType] [ 6632] - Unable to click the object click on Next button
[INFO ][2016-01-11 15:43:14,915][com.java.SeleniumDriver] [  906] -  RESULT true
[INFO ][2016-01-11 15:43:14,915][com.java.SeleniumDriver] [ 1112] - ?   P A S S   ?
[INFO ][2016-01-11 15:43:14,915][com.java.SeleniumDriver] [  832] - ------------------------------------------
[INFO ][2016-01-11 15:43:14,915][com.java.SeleniumDriver] [  833] - Test case being Executed: 60
[INFO ][2016-01-11 15:43:14,915][com.java.SeleniumDriver] [  845] - Test step:16
[INFO ][2016-01-11 15:43:14,915][com.java.SeleniumDriver] [  857] - Datavalue is----------5
[INFO ][2016-01-11 15:43:14,915][com.java.SeleniumDriver] [  881] - DataField : BTNddlProfitCenters
[INFO ][2016-01-11 15:43:14,915][com.java.SeleniumDriver] [  883] - DataValue : 5
[INFO ][2016-01-11 15:43:14,915][com.java.SeleniumDriver] [  889] - <In Set values of the page>
[INFO ][2016-01-11 15:43:14,915][com.java.SeleniumDriver] [  892] - {Data Fields & Data Values Exist}
[INFO ][2016-01-11 15:43:14,915][com.java.SeleniumDriver] [  894] - --------------------------setting values-----------------------------
[INFO ][2016-01-11 15:43:14,915][com.java.SeleniumDriver] [  897] - Action Type : waitforelement
[INFO ][2016-01-11 15:43:15,991][com.java.SeleniumDriver] [  906] -  RESULT true
[INFO ][2016-01-11 15:43:15,991][com.java.SeleniumDriver] [ 1112] - ?   P A S S   ?
[INFO ][2016-01-11 15:43:15,991][com.java.SeleniumDriver] [  832] - ------------------------------------------
[INFO ][2016-01-11 15:43:15,991][com.java.SeleniumDriver] [  833] - Test case being Executed: 60
[INFO ][2016-01-11 15:43:15,991][com.java.SeleniumDriver] [  845] - Test step:17
[INFO ][2016-01-11 15:43:15,991][com.java.SeleniumDriver] [  857] - Datavalue is----------index:2
[INFO ][2016-01-11 15:43:15,991][com.java.SeleniumDriver] [  881] - DataField : COBddlProfitCenters
[INFO ][2016-01-11 15:43:15,991][com.java.SeleniumDriver] [  883] - DataValue : index:2
[INFO ][2016-01-11 15:43:15,991][com.java.SeleniumDriver] [  889] - <In Set values of the page>
[INFO ][2016-01-11 15:43:15,991][com.java.SeleniumDriver] [  892] - {Data Fields & Data Values Exist}
[INFO ][2016-01-11 15:43:15,991][com.java.SeleniumDriver] [  894] - --------------------------setting values-----------------------------
[INFO ][2016-01-11 15:43:15,991][com.java.SeleniumDriver] [  897] - Action Type : Select
[INFO ][2016-01-11 15:43:15,991][com.java.TestType] [ 6130] - value = 2
[INFO ][2016-01-11 15:43:17,085][com.java.TestType] [ 6248] -  In COB ddlProfitCenters : 2
[INFO ][2016-01-11 15:43:17,506][com.java.SeleniumDriver] [  906] -  RESULT true
[INFO ][2016-01-11 15:43:17,506][com.java.SeleniumDriver] [ 1112] - ?   P A S S   ?
[INFO ][2016-01-11 15:43:17,506][com.java.SeleniumDriver] [  832] - ------------------------------------------
[INFO ][2016-01-11 15:43:17,506][com.java.SeleniumDriver] [  833] - Test case being Executed: 60
[INFO ][2016-01-11 15:43:17,506][com.java.SeleniumDriver] [  845] - Test step:18
[INFO ][2016-01-11 15:43:17,506][com.java.SeleniumDriver] [  857] - Datavalue is----------index:2
[INFO ][2016-01-11 15:43:17,506][com.java.SeleniumDriver] [  881] - DataField : COBddlStartDate
[INFO ][2016-01-11 15:43:17,506][com.java.SeleniumDriver] [  883] - DataValue : index:2
[INFO ][2016-01-11 15:43:17,506][com.java.SeleniumDriver] [  889] - <In Set values of the page>
[INFO ][2016-01-11 15:43:17,506][com.java.SeleniumDriver] [  892] - {Data Fields & Data Values Exist}
[INFO ][2016-01-11 15:43:17,506][com.java.SeleniumDriver] [  894] - --------------------------setting values-----------------------------
[INFO ][2016-01-11 15:43:17,506][com.java.SeleniumDriver] [  897] - Action Type : Select
[INFO ][2016-01-11 15:43:17,506][com.java.TestType] [ 6130] - value = 2
[INFO ][2016-01-11 15:43:18,630][com.java.TestType] [ 6248] -  In COB ddlStartDate : 2
[ERROR][2016-01-11 15:43:18,911][com.java.TestType] [ 6395] - Unable to perform Action Select Cannot locate option with index: 2
For documentation on this error, please visit: http://seleniumhq.org/exceptions/no_such_element.html
Build info: version: '2.48.2', revision: '41bccdd', time: '2015-10-09 19:59:12'
System info: host: 'FVTIII438F1D', ip: '172.17.68.34', os.name: 'Windows 7', os.arch: 'x86', os.version: '6.1', java.version: '1.7.0_55'
Driver info: driver.version: SeleniumDriver
[INFO ][2016-01-11 15:43:18,911][com.java.SeleniumDriver] [  906] -  RESULT false
[INFO ][2016-01-11 15:43:18,911][com.java.SeleniumDriver] [  953] - ?   F A I L   ?
[INFO ][2016-01-11 15:43:18,911][com.java.SeleniumDriver] [  961] - Browser Type : IE10
[INFO ][2016-01-11 15:43:18,911][com.java.SeleniumDriver] [  962] - Adding Failed case60
[INFO ][2016-01-11 15:43:19,613][com.java.SeleniumDriver] [ 1076] - failedCases = 59-60
[ERROR][2016-01-11 15:43:19,613][com.java.SeleniumDriver] [ 1575] - Platform Errors : Our apologies...::We have encountered an issue with your request.::Our apologies?:We encountered an issue with your request.
[INFO ][2016-01-11 15:43:19,613][com.java.SeleniumDriver] [ 1579] - Length =3
[ERROR][2016-01-11 15:43:19,613][com.java.SeleniumDriver] [ 1582] - Error 0 = Our apologies...
[ERROR][2016-01-11 15:43:19,739][com.java.SeleniumDriver] [ 1582] - Error 1 = We have encountered an issue with your request.
[ERROR][2016-01-11 15:43:19,755][com.java.SeleniumDriver] [ 1582] - Error 2 = Our apologies?:We encountered an issue with your request.
[INFO ][2016-01-11 15:43:19,770][com.java.SeleniumDriver] [ 1593] - strError:
[DEBUG][2016-01-11 15:43:19,786][com.java.SeleniumDriver] [ 1224] - Case found
[DEBUG][2016-01-11 15:43:19,786][com.java.SeleniumDriver] [ 1229] - Incrementing ReportCounters[0]:4
[INFO ][2016-01-11 15:43:19,786][com.java.SeleniumDriver] [ 1248] - The results are-------------------[60, 18, Admin: Manage Data: Export Data: G/L - Budget - Detailed, Fail, 
Test case failed at Step No. :: 18   Error Message ::  Option ::2:: not found in Combo box :: ddlStartDate. Screen Shot : D:\BankersDashboard\TestReports\011116\60_011116_154318_IE10.png, Mon Jan 11 15:43:19 IST 2016]
[INFO ][2016-01-11 15:43:19,786][com.java.SeleniumDriver] [ 1252] - End time is-------4 min 14 sec
[INFO ][2016-01-11 15:43:19,786][com.java.SeleniumDriver] [ 1253] - The results are-------------------[60, 18, Admin: Manage Data: Export Data: G/L - Budget - Detailed, Fail, 
Test case failed at Step No. :: 18   Error Message ::  Option ::2:: not found in Combo box :: ddlStartDate. Screen Shot : D:\BankersDashboard\TestReports\011116\60_011116_154318_IE10.png, Mon Jan 11 15:43:19 IST 2016]
[DEBUG][2016-01-11 15:43:19,786][com.java.ImportnExport.ExportTestResultsExcel] [  222] - testResultPath = D:\BankersDashboard/TestReports/Test Results_BankersDashBoard_011116_153907_IE10_CB&S Bank.xls
[DEBUG][2016-01-11 15:43:19,786][com.java.ImportnExport.ExportTestResultsExcel] [  223] - browser is------------IE10
[DEBUG][2016-01-11 15:43:19,786][com.java.ImportnExport.ExportTestResultsExcel] [  270] - result.size() = 6
[DEBUG][2016-01-11 15:43:19,786][com.java.ImportnExport.ExportTestResultsExcel] [  274] - No of rows in sheet=4
[DEBUG][2016-01-11 15:43:19,786][com.java.ImportnExport.ExportTestResultsExcel] [  301] - ..in export..60
[DEBUG][2016-01-11 15:43:19,786][com.java.ImportnExport.ExportTestResultsExcel] [  301] - ..in export..Admin: Manage Data: Export Data: G/L - Budget - Detailed
[DEBUG][2016-01-11 15:43:19,786][com.java.ImportnExport.ExportTestResultsExcel] [  301] - ..in export..Fail
[DEBUG][2016-01-11 15:43:19,786][com.java.ImportnExport.ExportTestResultsExcel] [  301] - ..in export..
Test case failed at Step No. :: 18   Error Message ::  Option ::2:: not found in Combo box :: ddlStartDate. Screen Shot : D:\BankersDashboard\TestReports\011116\60_011116_154318_IE10.png
[DEBUG][2016-01-11 15:43:19,786][com.java.ImportnExport.ExportTestResultsExcel] [  301] - ..in export..Mon Jan 11 15:43:19 IST 2016
[INFO ][2016-01-11 15:43:19,786][com.java.SeleniumDriver] [ 1313] - out loop:3 size:9 TestCases:[1, 58, 59, 60, 61, 62, 63, 64, 65] testcases:[1, 58, 59, 60, 61, 62, 63, 64, 65]
[INFO ][2016-01-11 15:43:19,786][com.java.ImportnExport.ImportTestDataDetailsExcel] [   49] - test data details path===== D:\BankersDashboard\TestInputs\TestData.xls
[INFO ][2016-01-11 15:43:40,184][com.java.SeleniumDriver] [  832] - ------------------------------------------
[INFO ][2016-01-11 15:43:40,184][com.java.SeleniumDriver] [  833] - Test case being Executed: 61
[INFO ][2016-01-11 15:43:40,184][com.java.SeleniumDriver] [  845] - Test step:1
[INFO ][2016-01-11 15:43:40,184][com.java.SeleniumDriver] [  857] - Datavalue is----------Logout
[INFO ][2016-01-11 15:43:40,184][com.java.SeleniumDriver] [  881] - DataField : BTN
[INFO ][2016-01-11 15:43:40,184][com.java.SeleniumDriver] [  883] - DataValue : Logout
[INFO ][2016-01-11 15:43:40,184][com.java.SeleniumDriver] [  889] - <In Set values of the page>
[INFO ][2016-01-11 15:43:40,184][com.java.SeleniumDriver] [  892] - {Data Fields & Data Values Exist}
[INFO ][2016-01-11 15:43:40,184][com.java.SeleniumDriver] [  894] - --------------------------setting values-----------------------------
[INFO ][2016-01-11 15:43:40,184][com.java.SeleniumDriver] [  897] - Action Type : Verify
[INFO ][2016-01-11 15:43:40,184][com.java.TestType] [ 7504] - field= BTN value= Logout
[INFO ][2016-01-11 15:43:40,184][com.java.TestType] [ 6130] - value = Logout
[INFO ][2016-01-11 15:43:40,279][com.java.SeleniumDriver] [  906] -  RESULT true
[INFO ][2016-01-11 15:43:40,279][com.java.SeleniumDriver] [ 1112] - ?   P A S S   ?
[INFO ][2016-01-11 15:43:40,279][com.java.SeleniumDriver] [ 1154] - step change to 3
[INFO ][2016-01-11 15:43:40,279][com.java.SeleniumDriver] [  832] - ------------------------------------------
[INFO ][2016-01-11 15:43:40,279][com.java.SeleniumDriver] [  833] - Test case being Executed: 61
[INFO ][2016-01-11 15:43:40,279][com.java.SeleniumDriver] [  845] - Test step:3
[INFO ][2016-01-11 15:43:40,279][com.java.SeleniumDriver] [  857] - Datavalue is----------Concept#2:1-2
[INFO ][2016-01-11 15:43:40,279][com.java.SeleniumDriver] [  881] - DataField : test
[INFO ][2016-01-11 15:43:40,279][com.java.SeleniumDriver] [  883] - DataValue : Concept#2:1-2
[INFO ][2016-01-11 15:43:40,279][com.java.SeleniumDriver] [  889] - <In Set values of the page>
[INFO ][2016-01-11 15:43:40,279][com.java.SeleniumDriver] [  892] - {Data Fields & Data Values Exist}
[INFO ][2016-01-11 15:43:40,279][com.java.SeleniumDriver] [  894] - --------------------------setting values-----------------------------
[INFO ][2016-01-11 15:43:40,279][com.java.SeleniumDriver] [  897] - Action Type : ExecuteTestCase
[INFO ][2016-01-11 15:43:40,279][com.java.TestType] [  437] - The Concept sheet name is ---------- Concept
[INFO ][2016-01-11 15:43:40,279][com.java.TestType] [  440] - The Concept ID  is ---------- 2
[DEBUG][2016-01-11 15:43:40,279][com.java.TestType] [  444] - Steps being executted in the Concept are: 1:2
[INFO ][2016-01-11 15:43:40,279][com.java.TestType] [  451] - Test data details path ---------- D:\BankersDashboard\TestInputs\TestData.xls
[INFO ][2016-01-11 15:43:40,310][com.java.TestType] [  482] -  str(1) = 2
[INFO ][2016-01-11 15:43:40,310][com.java.TestType] [  485] - Test case Id is---2
[INFO ][2016-01-11 15:43:40,310][com.java.TestType] [  487] - 2
[INFO ][2016-01-11 15:43:40,310][com.java.TestType] [  482] -  str(2) = 1
[INFO ][2016-01-11 15:43:40,310][com.java.TestType] [  482] -  str(1) = 2
[INFO ][2016-01-11 15:43:40,310][com.java.TestType] [  485] - Test case Id is---2
[INFO ][2016-01-11 15:43:40,310][com.java.TestType] [  487] - 2
[INFO ][2016-01-11 15:43:40,310][com.java.TestType] [  482] -  str(2) = 2
[INFO ][2016-01-11 15:43:40,310][com.java.TestType] [  482] -  str(1) = 2
[INFO ][2016-01-11 15:43:40,310][com.java.TestType] [  485] - Test case Id is---2
[INFO ][2016-01-11 15:43:40,310][com.java.TestType] [  487] - 2
[INFO ][2016-01-11 15:43:40,310][com.java.TestType] [  482] -  str(2) = 3
[INFO ][2016-01-11 15:43:40,310][com.java.TestType] [11095] - Looping 1TCID = 2
[DEBUG][2016-01-11 15:43:40,310][com.java.TestType] [11136] - Concept ID:2 :: Step being Executed: 2::1
[INFO ][2016-01-11 15:43:40,310][com.java.TestType] [11174] - dataFields : BNK//select[@id='bank']
[DEBUG][2016-01-11 15:43:40,310][com.java.TestType] [11180] - <In Set values of the page>
[DEBUG][2016-01-11 15:43:40,310][com.java.TestType] [11185] - {Data Fields & Data Values Exist}
[INFO ][2016-01-11 15:43:40,310][com.java.TestType] [11191] - --------------------------setting values-----------------------------
[INFO ][2016-01-11 15:43:40,310][com.java.TestType] [11194] - Action Type : Select
[INFO ][2016-01-11 15:43:40,310][com.java.TestType] [ 6130] - value = PFC
[INFO ][2016-01-11 15:43:40,497][com.java.TestType] [11213] -  RESULT true
[INFO ][2016-01-11 15:43:40,497][com.java.TestType] [11330] - ?   P A S S   ?
[DEBUG][2016-01-11 15:43:40,497][com.java.TestType] [11136] - Concept ID:2 :: Step being Executed: 2::2
[INFO ][2016-01-11 15:43:40,497][com.java.TestType] [11174] - dataFields : LNKLogout
[DEBUG][2016-01-11 15:43:40,497][com.java.TestType] [11180] - <In Set values of the page>
[DEBUG][2016-01-11 15:43:40,497][com.java.TestType] [11185] - {Data Fields & Data Values Exist}
[INFO ][2016-01-11 15:43:40,497][com.java.TestType] [11191] - --------------------------setting values-----------------------------
[INFO ][2016-01-11 15:43:40,497][com.java.TestType] [11194] - Action Type : WaitTime
[DEBUG][2016-01-11 15:43:40,497][com.java.TestType] [ 5950] - sleepTime: 5000
[INFO ][2016-01-11 15:43:45,504][com.java.TestType] [11213] -  RESULT true
[INFO ][2016-01-11 15:43:45,504][com.java.TestType] [11330] - ?   P A S S   ?
[INFO ][2016-01-11 15:43:45,504][com.java.TestType] [11401] - Looping End......
[INFO ][2016-01-11 15:43:45,504][com.java.SeleniumDriver] [  906] -  RESULT true
[INFO ][2016-01-11 15:43:45,504][com.java.SeleniumDriver] [ 1112] - ?   P A S S   ?
[INFO ][2016-01-11 15:43:45,504][com.java.SeleniumDriver] [  832] - ------------------------------------------
[INFO ][2016-01-11 15:43:45,504][com.java.SeleniumDriver] [  833] - Test case being Executed: 61
[INFO ][2016-01-11 15:43:45,504][com.java.SeleniumDriver] [  845] - Test step:4
[INFO ][2016-01-11 15:43:45,504][com.java.SeleniumDriver] [  857] - Datavalue is----------2
[INFO ][2016-01-11 15:43:45,504][com.java.SeleniumDriver] [  881] - DataField : BTNG/L
[INFO ][2016-01-11 15:43:45,504][com.java.SeleniumDriver] [  883] - DataValue : 2
[INFO ][2016-01-11 15:43:45,504][com.java.SeleniumDriver] [  889] - <In Set values of the page>
[INFO ][2016-01-11 15:43:45,504][com.java.SeleniumDriver] [  892] - {Data Fields & Data Values Exist}
[INFO ][2016-01-11 15:43:45,504][com.java.SeleniumDriver] [  894] - --------------------------setting values-----------------------------
[INFO ][2016-01-11 15:43:45,504][com.java.SeleniumDriver] [  897] - Action Type : WAITFORELEMENT
[INFO ][2016-01-11 15:43:45,552][com.java.SeleniumDriver] [  906] -  RESULT true
[INFO ][2016-01-11 15:43:45,552][com.java.SeleniumDriver] [ 1112] - ?   P A S S   ?
[INFO ][2016-01-11 15:43:45,552][com.java.SeleniumDriver] [  832] - ------------------------------------------
[INFO ][2016-01-11 15:43:45,552][com.java.SeleniumDriver] [  833] - Test case being Executed: 61
[INFO ][2016-01-11 15:43:45,552][com.java.SeleniumDriver] [  845] - Test step:5
[INFO ][2016-01-11 15:43:45,552][com.java.SeleniumDriver] [  857] - Datavalue is----------null
[DEBUG][2016-01-11 15:43:45,552][com.java.SeleniumDriver] [  875] - Exception: null
[INFO ][2016-01-11 15:43:45,552][com.java.SeleniumDriver] [  881] - DataField : //span[@class="icon-user4"]&&//a[contains(text(),'Manage Data')]&&//a[@data-id="Export"]
[INFO ][2016-01-11 15:43:45,552][com.java.SeleniumDriver] [  883] - DataValue : 
[INFO ][2016-01-11 15:43:45,552][com.java.SeleniumDriver] [  889] - <In Set values of the page>
[INFO ][2016-01-11 15:43:45,552][com.java.SeleniumDriver] [  892] - {Data Fields & Data Values Exist}
[INFO ][2016-01-11 15:43:45,552][com.java.SeleniumDriver] [  894] - --------------------------setting values-----------------------------
[INFO ][2016-01-11 15:43:45,552][com.java.SeleniumDriver] [  897] - Action Type : MOUSEOVER
[INFO ][2016-01-11 15:44:12,947][com.java.SeleniumDriver] [  906] -  RESULT true
[INFO ][2016-01-11 15:44:12,947][com.java.SeleniumDriver] [ 1112] - ?   P A S S   ?
[INFO ][2016-01-11 15:44:12,947][com.java.SeleniumDriver] [  832] - ------------------------------------------
[INFO ][2016-01-11 15:44:12,947][com.java.SeleniumDriver] [  833] - Test case being Executed: 61
[INFO ][2016-01-11 15:44:12,947][com.java.SeleniumDriver] [  845] - Test step:6
[INFO ][2016-01-11 15:44:12,947][com.java.SeleniumDriver] [  857] - Datavalue is----------5
[INFO ][2016-01-11 15:44:12,947][com.java.SeleniumDriver] [  881] - DataField : BTN//iframe[@id='frameDialogContent']
[INFO ][2016-01-11 15:44:12,947][com.java.SeleniumDriver] [  883] - DataValue : 5
[INFO ][2016-01-11 15:44:12,947][com.java.SeleniumDriver] [  889] - <In Set values of the page>
[INFO ][2016-01-11 15:44:12,947][com.java.SeleniumDriver] [  892] - {Data Fields & Data Values Exist}
[INFO ][2016-01-11 15:44:12,947][com.java.SeleniumDriver] [  894] - --------------------------setting values-----------------------------
[INFO ][2016-01-11 15:44:12,947][com.java.SeleniumDriver] [  897] - Action Type : waitforelement
[INFO ][2016-01-11 15:44:12,979][com.java.SeleniumDriver] [  906] -  RESULT true
[INFO ][2016-01-11 15:44:12,979][com.java.SeleniumDriver] [ 1112] - ?   P A S S   ?
[INFO ][2016-01-11 15:44:12,979][com.java.SeleniumDriver] [  832] - ------------------------------------------
[INFO ][2016-01-11 15:44:12,979][com.java.SeleniumDriver] [  833] - Test case being Executed: 61
[INFO ][2016-01-11 15:44:12,979][com.java.SeleniumDriver] [  845] - Test step:7
[INFO ][2016-01-11 15:44:12,979][com.java.SeleniumDriver] [  857] - Datavalue is----------Export Data
[INFO ][2016-01-11 15:44:12,979][com.java.SeleniumDriver] [  881] - DataField : MSG
[INFO ][2016-01-11 15:44:12,979][com.java.SeleniumDriver] [  883] - DataValue : Export Data
[INFO ][2016-01-11 15:44:12,979][com.java.SeleniumDriver] [  889] - <In Set values of the page>
[INFO ][2016-01-11 15:44:12,979][com.java.SeleniumDriver] [  892] - {Data Fields & Data Values Exist}
[INFO ][2016-01-11 15:44:12,979][com.java.SeleniumDriver] [  894] - --------------------------setting values-----------------------------
[INFO ][2016-01-11 15:44:12,979][com.java.SeleniumDriver] [  897] - Action Type : VERIFY
[INFO ][2016-01-11 15:44:12,979][com.java.TestType] [ 7504] - field= MSG value= Export Data
[INFO ][2016-01-11 15:44:12,979][com.java.TestType] [ 6130] - value = Export Data
[DEBUG][2016-01-11 15:44:12,979][com.java.TestType] [ 8310] - value :: Export Data
[INFO ][2016-01-11 15:44:13,057][com.java.SeleniumDriver] [  906] -  RESULT true
[INFO ][2016-01-11 15:44:13,057][com.java.SeleniumDriver] [ 1112] - ?   P A S S   ?
[INFO ][2016-01-11 15:44:13,057][com.java.SeleniumDriver] [  832] - ------------------------------------------
[INFO ][2016-01-11 15:44:13,057][com.java.SeleniumDriver] [  833] - Test case being Executed: 61
[INFO ][2016-01-11 15:44:13,057][com.java.SeleniumDriver] [  845] - Test step:8
[INFO ][2016-01-11 15:44:13,057][com.java.SeleniumDriver] [  857] - Datavalue is----------null
[DEBUG][2016-01-11 15:44:13,057][com.java.SeleniumDriver] [  875] - Exception: null
[INFO ][2016-01-11 15:44:13,057][com.java.SeleniumDriver] [  881] - DataField : BTN//iframe[@id='frameDialogContent']
[INFO ][2016-01-11 15:44:13,057][com.java.SeleniumDriver] [  883] - DataValue : 
[INFO ][2016-01-11 15:44:13,057][com.java.SeleniumDriver] [  889] - <In Set values of the page>
[INFO ][2016-01-11 15:44:13,057][com.java.SeleniumDriver] [  892] - {Data Fields & Data Values Exist}
[INFO ][2016-01-11 15:44:13,057][com.java.SeleniumDriver] [  894] - --------------------------setting values-----------------------------
[INFO ][2016-01-11 15:44:13,057][com.java.SeleniumDriver] [  897] - Action Type : SELECTFRAME
[INFO ][2016-01-11 15:44:13,166][com.java.SeleniumDriver] [  906] -  RESULT true
[INFO ][2016-01-11 15:44:13,166][com.java.SeleniumDriver] [ 1112] - ?   P A S S   ?
[INFO ][2016-01-11 15:44:13,166][com.java.SeleniumDriver] [  832] - ------------------------------------------
[INFO ][2016-01-11 15:44:13,166][com.java.SeleniumDriver] [  833] - Test case being Executed: 61
[INFO ][2016-01-11 15:44:13,166][com.java.SeleniumDriver] [  845] - Test step:9
[INFO ][2016-01-11 15:44:13,166][com.java.SeleniumDriver] [  857] - Datavalue is----------5
[INFO ][2016-01-11 15:44:13,166][com.java.SeleniumDriver] [  881] - DataField : BTNrdoLedgerGL
[INFO ][2016-01-11 15:44:13,166][com.java.SeleniumDriver] [  883] - DataValue : 5
[INFO ][2016-01-11 15:44:13,166][com.java.SeleniumDriver] [  889] - <In Set values of the page>
[INFO ][2016-01-11 15:44:13,166][com.java.SeleniumDriver] [  892] - {Data Fields & Data Values Exist}
[INFO ][2016-01-11 15:44:13,166][com.java.SeleniumDriver] [  894] - --------------------------setting values-----------------------------
[INFO ][2016-01-11 15:44:13,166][com.java.SeleniumDriver] [  897] - Action Type : waitforelement
[INFO ][2016-01-11 15:44:14,242][com.java.SeleniumDriver] [  906] -  RESULT true
[INFO ][2016-01-11 15:44:14,242][com.java.SeleniumDriver] [ 1112] - ?   P A S S   ?
[INFO ][2016-01-11 15:44:14,242][com.java.SeleniumDriver] [  832] - ------------------------------------------
[INFO ][2016-01-11 15:44:14,242][com.java.SeleniumDriver] [  833] - Test case being Executed: 61
[INFO ][2016-01-11 15:44:14,242][com.java.SeleniumDriver] [  845] - Test step:10
[INFO ][2016-01-11 15:44:14,242][com.java.SeleniumDriver] [  857] - Datavalue is----------null
[DEBUG][2016-01-11 15:44:14,242][com.java.SeleniumDriver] [  875] - Exception: null
[INFO ][2016-01-11 15:44:14,242][com.java.SeleniumDriver] [  881] - DataField : BTNrdoLedgerGL
[INFO ][2016-01-11 15:44:14,242][com.java.SeleniumDriver] [  883] - DataValue : 
[INFO ][2016-01-11 15:44:14,242][com.java.SeleniumDriver] [  889] - <In Set values of the page>
[INFO ][2016-01-11 15:44:14,242][com.java.SeleniumDriver] [  892] - {Data Fields & Data Values Exist}
[INFO ][2016-01-11 15:44:14,242][com.java.SeleniumDriver] [  894] - --------------------------setting values-----------------------------
[INFO ][2016-01-11 15:44:14,242][com.java.SeleniumDriver] [  897] - Action Type : click
[INFO ][2016-01-11 15:44:14,242][com.java.TestType] [ 6509] - Field ::BTNrdoLedgerGL
[INFO ][2016-01-11 15:44:14,242][com.java.TestType] [ 6130] - value = 
[INFO ][2016-01-11 15:44:15,257][com.java.TestType] [ 6625] - BEFORE CLICK
[INFO ][2016-01-11 15:44:16,475][com.java.TestType] [ 6632] - Unable to click the object click on G/L button
[INFO ][2016-01-11 15:44:16,475][com.java.SeleniumDriver] [  906] -  RESULT true
[INFO ][2016-01-11 15:44:16,475][com.java.SeleniumDriver] [ 1112] - ?   P A S S   ?
[INFO ][2016-01-11 15:44:16,475][com.java.SeleniumDriver] [  832] - ------------------------------------------
[INFO ][2016-01-11 15:44:16,475][com.java.SeleniumDriver] [  833] - Test case being Executed: 61
[INFO ][2016-01-11 15:44:16,475][com.java.SeleniumDriver] [  845] - Test step:11
[INFO ][2016-01-11 15:44:16,475][com.java.SeleniumDriver] [  857] - Datavalue is----------null
[DEBUG][2016-01-11 15:44:16,475][com.java.SeleniumDriver] [  875] - Exception: null
[INFO ][2016-01-11 15:44:16,475][com.java.SeleniumDriver] [  881] - DataField : BTNnextButton
[INFO ][2016-01-11 15:44:16,475][com.java.SeleniumDriver] [  883] - DataValue : 
[INFO ][2016-01-11 15:44:16,475][com.java.SeleniumDriver] [  889] - <In Set values of the page>
[INFO ][2016-01-11 15:44:16,475][com.java.SeleniumDriver] [  892] - {Data Fields & Data Values Exist}
[INFO ][2016-01-11 15:44:16,475][com.java.SeleniumDriver] [  894] - --------------------------setting values-----------------------------
[INFO ][2016-01-11 15:44:16,475][com.java.SeleniumDriver] [  897] - Action Type : click
[INFO ][2016-01-11 15:44:16,475][com.java.TestType] [ 6509] - Field ::BTNnextButton
[INFO ][2016-01-11 15:44:16,475][com.java.TestType] [ 6130] - value = 
[INFO ][2016-01-11 15:44:17,489][com.java.TestType] [ 6625] - BEFORE CLICK
[INFO ][2016-01-11 15:44:18,660][com.java.TestType] [ 6632] - Unable to click the object click on Next button
[INFO ][2016-01-11 15:44:18,660][com.java.SeleniumDriver] [  906] -  RESULT true
[INFO ][2016-01-11 15:44:18,660][com.java.SeleniumDriver] [ 1112] - ?   P A S S   ?
[INFO ][2016-01-11 15:44:18,660][com.java.SeleniumDriver] [  832] - ------------------------------------------
[INFO ][2016-01-11 15:44:18,660][com.java.SeleniumDriver] [  833] - Test case being Executed: 61
[INFO ][2016-01-11 15:44:18,660][com.java.SeleniumDriver] [  845] - Test step:12
[INFO ][2016-01-11 15:44:18,660][com.java.SeleniumDriver] [  857] - Datavalue is----------5
[INFO ][2016-01-11 15:44:18,660][com.java.SeleniumDriver] [  881] - DataField : BTNrdoDetailConsolidated
[INFO ][2016-01-11 15:44:18,660][com.java.SeleniumDriver] [  883] - DataValue : 5
[INFO ][2016-01-11 15:44:18,660][com.java.SeleniumDriver] [  889] - <In Set values of the page>
[INFO ][2016-01-11 15:44:18,660][com.java.SeleniumDriver] [  892] - {Data Fields & Data Values Exist}
[INFO ][2016-01-11 15:44:18,660][com.java.SeleniumDriver] [  894] - --------------------------setting values-----------------------------
[INFO ][2016-01-11 15:44:18,660][com.java.SeleniumDriver] [  897] - Action Type : waitforelement
[INFO ][2016-01-11 15:44:19,736][com.java.SeleniumDriver] [  906] -  RESULT true
[INFO ][2016-01-11 15:44:19,736][com.java.SeleniumDriver] [ 1112] - ?   P A S S   ?
[INFO ][2016-01-11 15:44:19,736][com.java.SeleniumDriver] [  832] - ------------------------------------------
[INFO ][2016-01-11 15:44:19,736][com.java.SeleniumDriver] [  833] - Test case being Executed: 61
[INFO ][2016-01-11 15:44:19,736][com.java.SeleniumDriver] [  845] - Test step:13
[INFO ][2016-01-11 15:44:19,736][com.java.SeleniumDriver] [  857] - Datavalue is----------Budget
[INFO ][2016-01-11 15:44:19,736][com.java.SeleniumDriver] [  881] - DataField : SLBddlDataSource
[INFO ][2016-01-11 15:44:19,736][com.java.SeleniumDriver] [  883] - DataValue : Budget
[INFO ][2016-01-11 15:44:19,736][com.java.SeleniumDriver] [  889] - <In Set values of the page>
[INFO ][2016-01-11 15:44:19,736][com.java.SeleniumDriver] [  892] - {Data Fields & Data Values Exist}
[INFO ][2016-01-11 15:44:19,736][com.java.SeleniumDriver] [  894] - --------------------------setting values-----------------------------
[INFO ][2016-01-11 15:44:19,736][com.java.SeleniumDriver] [  897] - Action Type : Select
[INFO ][2016-01-11 15:44:19,736][com.java.TestType] [ 6130] - value = Budget
[INFO ][2016-01-11 15:44:22,079][com.java.SeleniumDriver] [  906] -  RESULT true
[INFO ][2016-01-11 15:44:22,079][com.java.SeleniumDriver] [ 1112] - ?   P A S S   ?
[INFO ][2016-01-11 15:44:22,079][com.java.SeleniumDriver] [  832] - ------------------------------------------
[INFO ][2016-01-11 15:44:22,079][com.java.SeleniumDriver] [  833] - Test case being Executed: 61
[INFO ][2016-01-11 15:44:22,079][com.java.SeleniumDriver] [  845] - Test step:14
[INFO ][2016-01-11 15:44:22,079][com.java.SeleniumDriver] [  857] - Datavalue is----------null
[DEBUG][2016-01-11 15:44:22,079][com.java.SeleniumDriver] [  875] - Exception: null
[INFO ][2016-01-11 15:44:22,079][com.java.SeleniumDriver] [  881] - DataField : BTNrdoDetailConsolidated
[INFO ][2016-01-11 15:44:22,079][com.java.SeleniumDriver] [  883] - DataValue : 
[INFO ][2016-01-11 15:44:22,079][com.java.SeleniumDriver] [  889] - <In Set values of the page>
[INFO ][2016-01-11 15:44:22,079][com.java.SeleniumDriver] [  892] - {Data Fields & Data Values Exist}
[INFO ][2016-01-11 15:44:22,079][com.java.SeleniumDriver] [  894] - --------------------------setting values-----------------------------
[INFO ][2016-01-11 15:44:22,079][com.java.SeleniumDriver] [  897] - Action Type : click
[INFO ][2016-01-11 15:44:22,079][com.java.TestType] [ 6509] - Field ::BTNrdoDetailConsolidated
[INFO ][2016-01-11 15:44:22,079][com.java.TestType] [ 6130] - value = 
[INFO ][2016-01-11 15:44:23,093][com.java.TestType] [ 6625] - BEFORE CLICK
[INFO ][2016-01-11 15:44:24,280][com.java.TestType] [ 6632] - Unable to click the object click on Consolidated radio button
[INFO ][2016-01-11 15:44:24,280][com.java.SeleniumDriver] [  906] -  RESULT true
[INFO ][2016-01-11 15:44:24,280][com.java.SeleniumDriver] [ 1112] - ?   P A S S   ?
[INFO ][2016-01-11 15:44:24,280][com.java.SeleniumDriver] [  832] - ------------------------------------------
[INFO ][2016-01-11 15:44:24,280][com.java.SeleniumDriver] [  833] - Test case being Executed: 61
[INFO ][2016-01-11 15:44:24,280][com.java.SeleniumDriver] [  845] - Test step:15
[INFO ][2016-01-11 15:44:24,280][com.java.SeleniumDriver] [  857] - Datavalue is----------null
[DEBUG][2016-01-11 15:44:24,280][com.java.SeleniumDriver] [  875] - Exception: null
[INFO ][2016-01-11 15:44:24,280][com.java.SeleniumDriver] [  881] - DataField : BTNnextButton
[INFO ][2016-01-11 15:44:24,280][com.java.SeleniumDriver] [  883] - DataValue : 
[INFO ][2016-01-11 15:44:24,280][com.java.SeleniumDriver] [  889] - <In Set values of the page>
[INFO ][2016-01-11 15:44:24,280][com.java.SeleniumDriver] [  892] - {Data Fields & Data Values Exist}
[INFO ][2016-01-11 15:44:24,280][com.java.SeleniumDriver] [  894] - --------------------------setting values-----------------------------
[INFO ][2016-01-11 15:44:24,280][com.java.SeleniumDriver] [  897] - Action Type : click
[INFO ][2016-01-11 15:44:24,280][com.java.TestType] [ 6509] - Field ::BTNnextButton
[INFO ][2016-01-11 15:44:24,280][com.java.TestType] [ 6130] - value = 
[INFO ][2016-01-11 15:44:25,294][com.java.TestType] [ 6625] - BEFORE CLICK
[INFO ][2016-01-11 15:44:26,511][com.java.TestType] [ 6632] - Unable to click the object click on Next button
[INFO ][2016-01-11 15:44:26,511][com.java.SeleniumDriver] [  906] -  RESULT true
[INFO ][2016-01-11 15:44:26,511][com.java.SeleniumDriver] [ 1112] - ?   P A S S   ?
[INFO ][2016-01-11 15:44:26,511][com.java.SeleniumDriver] [  832] - ------------------------------------------
[INFO ][2016-01-11 15:44:26,511][com.java.SeleniumDriver] [  833] - Test case being Executed: 61
[INFO ][2016-01-11 15:44:26,511][com.java.SeleniumDriver] [  845] - Test step:16
[INFO ][2016-01-11 15:44:26,511][com.java.SeleniumDriver] [  857] - Datavalue is----------5
[INFO ][2016-01-11 15:44:26,511][com.java.SeleniumDriver] [  881] - DataField : BTNddlStartDate
[INFO ][2016-01-11 15:44:26,511][com.java.SeleniumDriver] [  883] - DataValue : 5
[INFO ][2016-01-11 15:44:26,511][com.java.SeleniumDriver] [  889] - <In Set values of the page>
[INFO ][2016-01-11 15:44:26,511][com.java.SeleniumDriver] [  892] - {Data Fields & Data Values Exist}
[INFO ][2016-01-11 15:44:26,511][com.java.SeleniumDriver] [  894] - --------------------------setting values-----------------------------
[INFO ][2016-01-11 15:44:26,511][com.java.SeleniumDriver] [  897] - Action Type : waitforelement
[INFO ][2016-01-11 15:44:27,588][com.java.SeleniumDriver] [  906] -  RESULT true
[INFO ][2016-01-11 15:44:27,588][com.java.SeleniumDriver] [ 1112] - ?   P A S S   ?
[INFO ][2016-01-11 15:44:27,588][com.java.SeleniumDriver] [  832] - ------------------------------------------
[INFO ][2016-01-11 15:44:27,588][com.java.SeleniumDriver] [  833] - Test case being Executed: 61
[INFO ][2016-01-11 15:44:27,588][com.java.SeleniumDriver] [  845] - Test step:17
[INFO ][2016-01-11 15:44:27,588][com.java.SeleniumDriver] [  857] - Datavalue is----------index:2
[INFO ][2016-01-11 15:44:27,588][com.java.SeleniumDriver] [  881] - DataField : COBddlStartDate
[INFO ][2016-01-11 15:44:27,588][com.java.SeleniumDriver] [  883] - DataValue : index:2
[INFO ][2016-01-11 15:44:27,588][com.java.SeleniumDriver] [  889] - <In Set values of the page>
[INFO ][2016-01-11 15:44:27,588][com.java.SeleniumDriver] [  892] - {Data Fields & Data Values Exist}
[INFO ][2016-01-11 15:44:27,588][com.java.SeleniumDriver] [  894] - --------------------------setting values-----------------------------
[INFO ][2016-01-11 15:44:27,588][com.java.SeleniumDriver] [  897] - Action Type : Select
[INFO ][2016-01-11 15:44:27,588][com.java.TestType] [ 6130] - value = 2
[INFO ][2016-01-11 15:44:28,697][com.java.TestType] [ 6248] -  In COB ddlStartDate : 2
[ERROR][2016-01-11 15:44:28,978][com.java.TestType] [ 6395] - Unable to perform Action Select Cannot locate option with index: 2
For documentation on this error, please visit: http://seleniumhq.org/exceptions/no_such_element.html
Build info: version: '2.48.2', revision: '41bccdd', time: '2015-10-09 19:59:12'
System info: host: 'FVTIII438F1D', ip: '172.17.68.34', os.name: 'Windows 7', os.arch: 'x86', os.version: '6.1', java.version: '1.7.0_55'
Driver info: driver.version: SeleniumDriver
[INFO ][2016-01-11 15:44:28,978][com.java.SeleniumDriver] [  906] -  RESULT false
[INFO ][2016-01-11 15:44:28,978][com.java.SeleniumDriver] [  953] - ?   F A I L   ?
[INFO ][2016-01-11 15:44:28,978][com.java.SeleniumDriver] [  961] - Browser Type : IE10
[INFO ][2016-01-11 15:44:28,978][com.java.SeleniumDriver] [  962] - Adding Failed case61
[INFO ][2016-01-11 15:44:29,633][com.java.SeleniumDriver] [ 1076] - failedCases = 59-61
[ERROR][2016-01-11 15:44:29,633][com.java.SeleniumDriver] [ 1575] - Platform Errors : Our apologies...::We have encountered an issue with your request.::Our apologies?:We encountered an issue with your request.
[INFO ][2016-01-11 15:44:29,633][com.java.SeleniumDriver] [ 1579] - Length =3
[ERROR][2016-01-11 15:44:29,633][com.java.SeleniumDriver] [ 1582] - Error 0 = Our apologies...
[ERROR][2016-01-11 15:44:29,742][com.java.SeleniumDriver] [ 1582] - Error 1 = We have encountered an issue with your request.
[ERROR][2016-01-11 15:44:29,743][com.java.SeleniumDriver] [ 1582] - Error 2 = Our apologies?:We encountered an issue with your request.
[INFO ][2016-01-11 15:44:29,774][com.java.SeleniumDriver] [ 1593] - strError:
[DEBUG][2016-01-11 15:44:29,790][com.java.SeleniumDriver] [ 1224] - Case found
[DEBUG][2016-01-11 15:44:29,790][com.java.SeleniumDriver] [ 1229] - Incrementing ReportCounters[0]:5
[INFO ][2016-01-11 15:44:29,790][com.java.SeleniumDriver] [ 1248] - The results are-------------------[61, 17, Admin: Manage Data: Export Data: G/L - Budget - Consolidated, Fail, 
Test case failed at Step No. :: 17   Error Message ::  Option ::2:: not found in Combo box :: ddlStartDate. Screen Shot : D:\BankersDashboard\TestReports\011116\61_011116_154428_IE10.png, Mon Jan 11 15:44:29 IST 2016]
[INFO ][2016-01-11 15:44:29,790][com.java.SeleniumDriver] [ 1252] - End time is-------5 min 24 sec
[INFO ][2016-01-11 15:44:29,790][com.java.SeleniumDriver] [ 1253] - The results are-------------------[61, 17, Admin: Manage Data: Export Data: G/L - Budget - Consolidated, Fail, 
Test case failed at Step No. :: 17   Error Message ::  Option ::2:: not found in Combo box :: ddlStartDate. Screen Shot : D:\BankersDashboard\TestReports\011116\61_011116_154428_IE10.png, Mon Jan 11 15:44:29 IST 2016]
[DEBUG][2016-01-11 15:44:29,790][com.java.ImportnExport.ExportTestResultsExcel] [  222] - testResultPath = D:\BankersDashboard/TestReports/Test Results_BankersDashBoard_011116_153907_IE10_CB&S Bank.xls
[DEBUG][2016-01-11 15:44:29,790][com.java.ImportnExport.ExportTestResultsExcel] [  223] - browser is------------IE10
[DEBUG][2016-01-11 15:44:29,790][com.java.ImportnExport.ExportTestResultsExcel] [  270] - result.size() = 6
[DEBUG][2016-01-11 15:44:29,790][com.java.ImportnExport.ExportTestResultsExcel] [  274] - No of rows in sheet=5
[DEBUG][2016-01-11 15:44:29,790][com.java.ImportnExport.ExportTestResultsExcel] [  301] - ..in export..61
[DEBUG][2016-01-11 15:44:29,790][com.java.ImportnExport.ExportTestResultsExcel] [  301] - ..in export..Admin: Manage Data: Export Data: G/L - Budget - Consolidated
[DEBUG][2016-01-11 15:44:29,790][com.java.ImportnExport.ExportTestResultsExcel] [  301] - ..in export..Fail
[DEBUG][2016-01-11 15:44:29,790][com.java.ImportnExport.ExportTestResultsExcel] [  301] - ..in export..
Test case failed at Step No. :: 17   Error Message ::  Option ::2:: not found in Combo box :: ddlStartDate. Screen Shot : D:\BankersDashboard\TestReports\011116\61_011116_154428_IE10.png
[DEBUG][2016-01-11 15:44:29,790][com.java.ImportnExport.ExportTestResultsExcel] [  301] - ..in export..Mon Jan 11 15:44:29 IST 2016
[INFO ][2016-01-11 15:44:29,790][com.java.SeleniumDriver] [ 1313] - out loop:4 size:9 TestCases:[1, 58, 59, 60, 61, 62, 63, 64, 65] testcases:[1, 58, 59, 60, 61, 62, 63, 64, 65]
[INFO ][2016-01-11 15:44:29,790][com.java.ImportnExport.ImportTestDataDetailsExcel] [   49] - test data details path===== D:\BankersDashboard\TestInputs\TestData.xls
