[INFO ][2015-10-30 18:45:38,501][com.java.SeleniumDriver] [  213] - Execute Failed Casesfalse
[INFO ][2015-10-30 18:45:38,501][com.java.SeleniumDriver] [  214] - Browser: IE11
[INFO ][2015-10-30 18:45:38,501][com.java.SeleniumDriver] [  215] - [1, 14]
[INFO ][2015-10-30 18:45:38,501][com.java.SeleniumDriver] [  216] - Total TestCases:2
[INFO ][2015-10-30 18:45:38,501][com.java.SeleniumDriver] [  217] -  Reading Properties from Property File 
[DEBUG][2015-10-30 18:45:38,501][com.java.SeleniumDriver] [  238] - url : https://clients-xuat.bankersdashboard.com
[INFO ][2015-10-30 18:45:38,501][com.java.ImportnExport.ExportTestResultsExcel] [  116] - Time Stamp Fri Oct 30 06:45:38 IST 2015
[INFO ][2015-10-30 18:45:38,501][com.java.ImportnExport.ExportTestResultsExcel] [  175] - OUT FILE : D:\BankersDashboard/TestReports/Test Results_BankersDashBoard_103015_184538_IE11_Any Bank USA.xls
[INFO ][2015-10-30 18:45:38,532][com.java.ImportnExport.ExportTestResultsExcel] [  180] - Test Result file is created
[DEBUG][2015-10-30 18:45:38,632][com.java.SeleniumDriver] [  425] - Hub ip address is-------172.17.68.34
[INFO ][2015-10-30 18:45:38,632][com.java.SeleniumDriver] [  451] - Grid URL:http://172.17.68.34:4444/wd/hub
[INFO ][2015-10-30 18:45:38,632][com.java.SeleniumDriver] [  452] - Capability:Capabilities [{platform=ANY, ensureCleanSession=true, ignoreProtectedModeSettings=true, acceptSslCerts=true, ignoreZoomSetting=true, browserName=internet explorer, browserstack.ie.noFlash=true, version=Node1}]
[ERROR][2015-10-30 18:45:39,922][com.java.SeleniumDriver] [  496] - Unable invoke browser in grid:Could not start a new session. Possible causes are invalid address of the remote server or browser start-up failure.
Build info: version: '2.48.2', revision: '41bccdd', time: '2015-10-09 19:59:12'
System info: host: 'FVTIII438F1D', ip: '172.17.68.34', os.name: 'Windows 7', os.arch: 'x86', os.version: '6.1', java.version: '1.7.0_55'
Driver info: driver.version: SeleniumDriver
[INFO ][2015-10-30 18:45:39,922][com.java.SeleniumDriver] [  498] - Executing on local machine
[INFO ][2015-10-30 18:45:48,961][com.java.SeleniumDriver] [  248] - IE11is opened
[INFO ][2015-10-30 18:45:49,584][com.java.SeleniumDriver] [  752] - Test cases to be executed are: [1, 14]
[INFO ][2015-10-30 18:45:49,584][com.java.ImportnExport.ImportTestDataDetailsExcel] [   49] - test data details path===== D:\BankersDashboard\TestInputs\TestData.xls
[INFO ][2015-10-30 18:46:00,345][com.java.SeleniumDriver] [  788] - ------------------------------------------
[INFO ][2015-10-30 18:46:00,345][com.java.SeleniumDriver] [  789] - Test case being Executed: 1
[INFO ][2015-10-30 18:46:00,355][com.java.SeleniumDriver] [  800] - Test step:1
[INFO ][2015-10-30 18:46:00,355][com.java.SeleniumDriver] [  812] - Datavalue is----------Concept#1:1-14
[INFO ][2015-10-30 18:46:00,355][com.java.SeleniumDriver] [  836] - DataField : test
[INFO ][2015-10-30 18:46:00,355][com.java.SeleniumDriver] [  838] - DataValue : Concept#1:1-14
[INFO ][2015-10-30 18:46:00,355][com.java.SeleniumDriver] [  844] - <In Set values of the page>
[INFO ][2015-10-30 18:46:00,355][com.java.SeleniumDriver] [  847] - {Data Fields & Data Values Exist}
[INFO ][2015-10-30 18:46:00,355][com.java.SeleniumDriver] [  849] - --------------------------setting values-----------------------------
[INFO ][2015-10-30 18:46:00,355][com.java.SeleniumDriver] [  852] - Action Type : ExecuteTestCase
[INFO ][2015-10-30 18:46:00,376][com.java.TestType] [  411] - The Concept sheet name is ---------- Concept
[INFO ][2015-10-30 18:46:00,376][com.java.TestType] [  414] - The Concept ID  is ---------- 1
[DEBUG][2015-10-30 18:46:00,376][com.java.TestType] [  418] - Steps being executted in the Concept are: 1:14
[INFO ][2015-10-30 18:46:00,376][com.java.TestType] [  425] - Test data details path ---------- D:\BankersDashboard\TestInputs\TestData.xls
[INFO ][2015-10-30 18:46:00,406][com.java.TestType] [  456] -  str(1) = 1
[INFO ][2015-10-30 18:46:00,406][com.java.TestType] [  459] - Test case Id is---1
[INFO ][2015-10-30 18:46:00,406][com.java.TestType] [  461] - 1
[INFO ][2015-10-30 18:46:00,406][com.java.TestType] [  456] -  str(2) = 1
[INFO ][2015-10-30 18:46:00,406][com.java.TestType] [  508] - row values are--------{1=com.java.Objects.TestDataDetails@1bf57bb}
[INFO ][2015-10-30 18:46:00,406][com.java.TestType] [  456] -  str(1) = 1
[INFO ][2015-10-30 18:46:00,406][com.java.TestType] [  459] - Test case Id is---1
[INFO ][2015-10-30 18:46:00,406][com.java.TestType] [  461] - 1
[INFO ][2015-10-30 18:46:00,406][com.java.TestType] [  456] -  str(2) = 2
[INFO ][2015-10-30 18:46:00,406][com.java.TestType] [  508] - row values are--------{1=com.java.Objects.TestDataDetails@1bf57bb, 2=com.java.Objects.TestDataDetails@f5bb3d}
[INFO ][2015-10-30 18:46:00,406][com.java.TestType] [  456] -  str(1) = 1
[INFO ][2015-10-30 18:46:00,406][com.java.TestType] [  459] - Test case Id is---1
[INFO ][2015-10-30 18:46:00,406][com.java.TestType] [  461] - 1
[INFO ][2015-10-30 18:46:00,406][com.java.TestType] [  456] -  str(2) = 3
[INFO ][2015-10-30 18:46:00,406][com.java.TestType] [  508] - row values are--------{1=com.java.Objects.TestDataDetails@1bf57bb, 2=com.java.Objects.TestDataDetails@f5bb3d, 3=com.java.Objects.TestDataDetails@945083}
[INFO ][2015-10-30 18:46:00,406][com.java.TestType] [  456] -  str(1) = 1
[INFO ][2015-10-30 18:46:00,406][com.java.TestType] [  459] - Test case Id is---1
[INFO ][2015-10-30 18:46:00,406][com.java.TestType] [  461] - 1
[INFO ][2015-10-30 18:46:00,416][com.java.TestType] [  456] -  str(2) = 4
[INFO ][2015-10-30 18:46:00,416][com.java.TestType] [  508] - row values are--------{1=com.java.Objects.TestDataDetails@1bf57bb, 2=com.java.Objects.TestDataDetails@f5bb3d, 3=com.java.Objects.TestDataDetails@945083, 4=com.java.Objects.TestDataDetails@112c003}
[INFO ][2015-10-30 18:46:00,416][com.java.TestType] [  456] -  str(1) = 1
[INFO ][2015-10-30 18:46:00,416][com.java.TestType] [  459] - Test case Id is---1
[INFO ][2015-10-30 18:46:00,416][com.java.TestType] [  461] - 1
[INFO ][2015-10-30 18:46:00,416][com.java.TestType] [  456] -  str(2) = 5
[INFO ][2015-10-30 18:46:00,416][com.java.TestType] [  508] - row values are--------{1=com.java.Objects.TestDataDetails@1bf57bb, 2=com.java.Objects.TestDataDetails@f5bb3d, 3=com.java.Objects.TestDataDetails@945083, 4=com.java.Objects.TestDataDetails@112c003, 5=com.java.Objects.TestDataDetails@452fb4}
[INFO ][2015-10-30 18:46:00,416][com.java.TestType] [  456] -  str(1) = 1
[INFO ][2015-10-30 18:46:00,416][com.java.TestType] [  459] - Test case Id is---1
[INFO ][2015-10-30 18:46:00,416][com.java.TestType] [  461] - 1
[INFO ][2015-10-30 18:46:00,416][com.java.TestType] [  456] -  str(2) = 6
[INFO ][2015-10-30 18:46:00,416][com.java.TestType] [  508] - row values are--------{1=com.java.Objects.TestDataDetails@1bf57bb, 2=com.java.Objects.TestDataDetails@f5bb3d, 3=com.java.Objects.TestDataDetails@945083, 4=com.java.Objects.TestDataDetails@112c003, 5=com.java.Objects.TestDataDetails@452fb4, 6=com.java.Objects.TestDataDetails@997b5c}
[INFO ][2015-10-30 18:46:00,416][com.java.TestType] [  456] -  str(1) = 1
[INFO ][2015-10-30 18:46:00,416][com.java.TestType] [  459] - Test case Id is---1
[INFO ][2015-10-30 18:46:00,416][com.java.TestType] [  461] - 1
[INFO ][2015-10-30 18:46:00,416][com.java.TestType] [  456] -  str(2) = 7
[INFO ][2015-10-30 18:46:00,416][com.java.TestType] [  508] - row values are--------{1=com.java.Objects.TestDataDetails@1bf57bb, 2=com.java.Objects.TestDataDetails@f5bb3d, 3=com.java.Objects.TestDataDetails@945083, 4=com.java.Objects.TestDataDetails@112c003, 5=com.java.Objects.TestDataDetails@452fb4, 6=com.java.Objects.TestDataDetails@997b5c, 7=com.java.Objects.TestDataDetails@193c96b}
[INFO ][2015-10-30 18:46:00,416][com.java.TestType] [  456] -  str(1) = 1
[INFO ][2015-10-30 18:46:00,416][com.java.TestType] [  459] - Test case Id is---1
[INFO ][2015-10-30 18:46:00,416][com.java.TestType] [  461] - 1
[INFO ][2015-10-30 18:46:00,416][com.java.TestType] [  456] -  str(2) = 8
[INFO ][2015-10-30 18:46:00,416][com.java.TestType] [  508] - row values are--------{1=com.java.Objects.TestDataDetails@1bf57bb, 2=com.java.Objects.TestDataDetails@f5bb3d, 3=com.java.Objects.TestDataDetails@945083, 4=com.java.Objects.TestDataDetails@112c003, 5=com.java.Objects.TestDataDetails@452fb4, 6=com.java.Objects.TestDataDetails@997b5c, 7=com.java.Objects.TestDataDetails@193c96b, 8=com.java.Objects.TestDataDetails@1ba3e33}
[INFO ][2015-10-30 18:46:00,416][com.java.TestType] [  456] -  str(1) = 1
[INFO ][2015-10-30 18:46:00,416][com.java.TestType] [  459] - Test case Id is---1
[INFO ][2015-10-30 18:46:00,416][com.java.TestType] [  461] - 1
[INFO ][2015-10-30 18:46:00,416][com.java.TestType] [  456] -  str(2) = 9
[INFO ][2015-10-30 18:46:00,416][com.java.TestType] [  508] - row values are--------{1=com.java.Objects.TestDataDetails@1bf57bb, 2=com.java.Objects.TestDataDetails@f5bb3d, 3=com.java.Objects.TestDataDetails@945083, 4=com.java.Objects.TestDataDetails@112c003, 5=com.java.Objects.TestDataDetails@452fb4, 6=com.java.Objects.TestDataDetails@997b5c, 7=com.java.Objects.TestDataDetails@193c96b, 8=com.java.Objects.TestDataDetails@1ba3e33, 9=com.java.Objects.TestDataDetails@1ddbf6e}
[INFO ][2015-10-30 18:46:00,416][com.java.TestType] [  456] -  str(1) = 1
[INFO ][2015-10-30 18:46:00,416][com.java.TestType] [  459] - Test case Id is---1
[INFO ][2015-10-30 18:46:00,416][com.java.TestType] [  461] - 1
[INFO ][2015-10-30 18:46:00,416][com.java.TestType] [  456] -  str(2) = 10
[INFO ][2015-10-30 18:46:00,426][com.java.TestType] [  508] - row values are--------{1=com.java.Objects.TestDataDetails@1bf57bb, 2=com.java.Objects.TestDataDetails@f5bb3d, 3=com.java.Objects.TestDataDetails@945083, 4=com.java.Objects.TestDataDetails@112c003, 5=com.java.Objects.TestDataDetails@452fb4, 6=com.java.Objects.TestDataDetails@997b5c, 7=com.java.Objects.TestDataDetails@193c96b, 8=com.java.Objects.TestDataDetails@1ba3e33, 9=com.java.Objects.TestDataDetails@1ddbf6e, 10=com.java.Objects.TestDataDetails@110b9b2}
[INFO ][2015-10-30 18:46:00,426][com.java.TestType] [  456] -  str(1) = 1
[INFO ][2015-10-30 18:46:00,426][com.java.TestType] [  459] - Test case Id is---1
[INFO ][2015-10-30 18:46:00,426][com.java.TestType] [  461] - 1
[INFO ][2015-10-30 18:46:00,426][com.java.TestType] [  456] -  str(2) = 11
[INFO ][2015-10-30 18:46:00,426][com.java.TestType] [  508] - row values are--------{1=com.java.Objects.TestDataDetails@1bf57bb, 2=com.java.Objects.TestDataDetails@f5bb3d, 3=com.java.Objects.TestDataDetails@945083, 4=com.java.Objects.TestDataDetails@112c003, 5=com.java.Objects.TestDataDetails@452fb4, 6=com.java.Objects.TestDataDetails@997b5c, 7=com.java.Objects.TestDataDetails@193c96b, 8=com.java.Objects.TestDataDetails@1ba3e33, 9=com.java.Objects.TestDataDetails@1ddbf6e, 10=com.java.Objects.TestDataDetails@110b9b2, 11=com.java.Objects.TestDataDetails@1cae761}
[INFO ][2015-10-30 18:46:00,426][com.java.TestType] [  456] -  str(1) = 1
[INFO ][2015-10-30 18:46:00,426][com.java.TestType] [  459] - Test case Id is---1
[INFO ][2015-10-30 18:46:00,426][com.java.TestType] [  461] - 1
[INFO ][2015-10-30 18:46:00,426][com.java.TestType] [  456] -  str(2) = 12
[INFO ][2015-10-30 18:46:00,426][com.java.TestType] [  508] - row values are--------{1=com.java.Objects.TestDataDetails@1bf57bb, 2=com.java.Objects.TestDataDetails@f5bb3d, 3=com.java.Objects.TestDataDetails@945083, 4=com.java.Objects.TestDataDetails@112c003, 5=com.java.Objects.TestDataDetails@452fb4, 6=com.java.Objects.TestDataDetails@997b5c, 7=com.java.Objects.TestDataDetails@193c96b, 8=com.java.Objects.TestDataDetails@1ba3e33, 9=com.java.Objects.TestDataDetails@1ddbf6e, 10=com.java.Objects.TestDataDetails@110b9b2, 11=com.java.Objects.TestDataDetails@1cae761, 12=com.java.Objects.TestDataDetails@10ff6e0}
[INFO ][2015-10-30 18:46:00,426][com.java.TestType] [  456] -  str(1) = 1
[INFO ][2015-10-30 18:46:00,426][com.java.TestType] [  459] - Test case Id is---1
[INFO ][2015-10-30 18:46:00,426][com.java.TestType] [  461] - 1
[INFO ][2015-10-30 18:46:00,426][com.java.TestType] [  456] -  str(2) = 13
[INFO ][2015-10-30 18:46:00,426][com.java.TestType] [  508] - row values are--------{1=com.java.Objects.TestDataDetails@1bf57bb, 2=com.java.Objects.TestDataDetails@f5bb3d, 3=com.java.Objects.TestDataDetails@945083, 4=com.java.Objects.TestDataDetails@112c003, 5=com.java.Objects.TestDataDetails@452fb4, 6=com.java.Objects.TestDataDetails@997b5c, 7=com.java.Objects.TestDataDetails@193c96b, 8=com.java.Objects.TestDataDetails@1ba3e33, 9=com.java.Objects.TestDataDetails@1ddbf6e, 10=com.java.Objects.TestDataDetails@110b9b2, 11=com.java.Objects.TestDataDetails@1cae761, 12=com.java.Objects.TestDataDetails@10ff6e0, 13=com.java.Objects.TestDataDetails@1d4f42a}
[INFO ][2015-10-30 18:46:00,426][com.java.TestType] [  456] -  str(1) = 1
[INFO ][2015-10-30 18:46:00,426][com.java.TestType] [  459] - Test case Id is---1
[INFO ][2015-10-30 18:46:00,426][com.java.TestType] [  461] - 1
[INFO ][2015-10-30 18:46:00,426][com.java.TestType] [  456] -  str(2) = 14
[INFO ][2015-10-30 18:46:00,426][com.java.TestType] [  508] - row values are--------{1=com.java.Objects.TestDataDetails@1bf57bb, 2=com.java.Objects.TestDataDetails@f5bb3d, 3=com.java.Objects.TestDataDetails@945083, 4=com.java.Objects.TestDataDetails@112c003, 5=com.java.Objects.TestDataDetails@452fb4, 6=com.java.Objects.TestDataDetails@997b5c, 7=com.java.Objects.TestDataDetails@193c96b, 8=com.java.Objects.TestDataDetails@1ba3e33, 9=com.java.Objects.TestDataDetails@1ddbf6e, 10=com.java.Objects.TestDataDetails@110b9b2, 11=com.java.Objects.TestDataDetails@1cae761, 12=com.java.Objects.TestDataDetails@10ff6e0, 13=com.java.Objects.TestDataDetails@1d4f42a, 14=com.java.Objects.TestDataDetails@14f8e8b}
[INFO ][2015-10-30 18:46:00,426][com.java.TestType] [ 7898] - Looping 1TCID = 1
[DEBUG][2015-10-30 18:46:00,426][com.java.TestType] [ 7939] - Concept ID:1 :: Step being Executed: 1::1
[INFO ][2015-10-30 18:46:00,426][com.java.TestType] [ 7977] - dataFields : TXTusername
[DEBUG][2015-10-30 18:46:00,426][com.java.TestType] [ 7983] - <In Set values of the page>
[DEBUG][2015-10-30 18:46:00,426][com.java.TestType] [ 7988] - {Data Fields & Data Values Exist}
[INFO ][2015-10-30 18:46:00,426][com.java.TestType] [ 7994] - --------------------------setting values-----------------------------
[INFO ][2015-10-30 18:46:00,426][com.java.TestType] [ 7997] - Action Type : CLEARANDENTER
[INFO ][2015-10-30 18:46:00,426][com.java.TestType] [ 3749] - value = naresh.nayini.00000
[INFO ][2015-10-30 18:46:05,271][com.java.TestType] [ 8016] -  RESULT true
[INFO ][2015-10-30 18:46:05,271][com.java.TestType] [ 8133] - ?   P A S S   ?
[DEBUG][2015-10-30 18:46:05,271][com.java.TestType] [ 7939] - Concept ID:1 :: Step being Executed: 1::2
[INFO ][2015-10-30 18:46:05,271][com.java.TestType] [ 7977] - dataFields : TXTpassword
[DEBUG][2015-10-30 18:46:05,271][com.java.TestType] [ 7983] - <In Set values of the page>
[DEBUG][2015-10-30 18:46:05,271][com.java.TestType] [ 7988] - {Data Fields & Data Values Exist}
[INFO ][2015-10-30 18:46:05,271][com.java.TestType] [ 7994] - --------------------------setting values-----------------------------
[INFO ][2015-10-30 18:46:05,271][com.java.TestType] [ 7997] - Action Type : CLEARANDENTER
[INFO ][2015-10-30 18:46:05,273][com.java.TestType] [ 3749] - value = Password1*
[INFO ][2015-10-30 18:46:10,265][com.java.TestType] [ 8016] -  RESULT true
[INFO ][2015-10-30 18:46:10,265][com.java.TestType] [ 8133] - ?   P A S S   ?
[DEBUG][2015-10-30 18:46:10,265][com.java.TestType] [ 7939] - Concept ID:1 :: Step being Executed: 1::3
[ERROR][2015-10-30 18:46:10,265][com.java.TestType] [ 7972] - Exception: null
[INFO ][2015-10-30 18:46:10,265][com.java.TestType] [ 7977] - dataFields : XPH//button[@type='submit']
[DEBUG][2015-10-30 18:46:10,265][com.java.TestType] [ 7983] - <In Set values of the page>
[DEBUG][2015-10-30 18:46:10,265][com.java.TestType] [ 7988] - {Data Fields & Data Values Exist}
[INFO ][2015-10-30 18:46:10,265][com.java.TestType] [ 7994] - --------------------------setting values-----------------------------
[INFO ][2015-10-30 18:46:10,265][com.java.TestType] [ 7997] - Action Type : Click
[INFO ][2015-10-30 18:46:10,265][com.java.TestType] [ 4062] - Field ::XPH//button[@type='submit']
[INFO ][2015-10-30 18:46:11,265][com.java.TestType] [ 4121] - BEFORE CLICK
[INFO ][2015-10-30 18:46:20,925][com.java.TestType] [ 4129] - Unable to click the object Login
[INFO ][2015-10-30 18:46:20,925][com.java.TestType] [ 8016] -  RESULT true
[INFO ][2015-10-30 18:46:20,925][com.java.TestType] [ 8133] - ?   P A S S   ?
[DEBUG][2015-10-30 18:46:20,925][com.java.TestType] [ 7939] - Concept ID:1 :: Step being Executed: 1::4
[INFO ][2015-10-30 18:46:20,925][com.java.TestType] [ 7977] - dataFields : LNKLogout
[DEBUG][2015-10-30 18:46:20,925][com.java.TestType] [ 7983] - <In Set values of the page>
[DEBUG][2015-10-30 18:46:20,925][com.java.TestType] [ 7988] - {Data Fields & Data Values Exist}
[INFO ][2015-10-30 18:46:20,925][com.java.TestType] [ 7994] - --------------------------setting values-----------------------------
[INFO ][2015-10-30 18:46:20,925][com.java.TestType] [ 7997] - Action Type : WaitForElement
[INFO ][2015-10-30 18:46:20,966][com.java.TestType] [ 8016] -  RESULT true
[INFO ][2015-10-30 18:46:20,966][com.java.TestType] [ 8133] - ?   P A S S   ?
[DEBUG][2015-10-30 18:46:20,966][com.java.TestType] [ 7939] - Concept ID:1 :: Step being Executed: 1::13
[INFO ][2015-10-30 18:46:20,966][com.java.TestType] [ 7977] - dataFields : LGN
[DEBUG][2015-10-30 18:46:20,966][com.java.TestType] [ 7983] - <In Set values of the page>
[DEBUG][2015-10-30 18:46:20,966][com.java.TestType] [ 7988] - {Data Fields & Data Values Exist}
[INFO ][2015-10-30 18:46:20,966][com.java.TestType] [ 7994] - --------------------------setting values-----------------------------
[INFO ][2015-10-30 18:46:20,966][com.java.TestType] [ 7997] - Action Type : Verify
[INFO ][2015-10-30 18:46:20,966][com.java.TestType] [ 4875] - field= LGN value= Username
[INFO ][2015-10-30 18:46:20,966][com.java.TestType] [ 3749] - value = Username
[INFO ][2015-10-30 18:46:21,116][com.java.TestType] [ 8016] -  RESULT true
[INFO ][2015-10-30 18:46:21,116][com.java.TestType] [ 8133] - ?   P A S S   ?
[DEBUG][2015-10-30 18:46:21,116][com.java.TestType] [ 7939] - Concept ID:1 :: Step being Executed: 1::14
[INFO ][2015-10-30 18:46:21,116][com.java.TestType] [ 7977] - dataFields : BTN
[DEBUG][2015-10-30 18:46:21,116][com.java.TestType] [ 7983] - <In Set values of the page>
[DEBUG][2015-10-30 18:46:21,116][com.java.TestType] [ 7988] - {Data Fields & Data Values Exist}
[INFO ][2015-10-30 18:46:21,116][com.java.TestType] [ 7994] - --------------------------setting values-----------------------------
[INFO ][2015-10-30 18:46:21,116][com.java.TestType] [ 7997] - Action Type : Verify
[INFO ][2015-10-30 18:46:21,116][com.java.TestType] [ 4875] - field= BTN value= //img[contains(@src,'bdlogo.jpg')]
[INFO ][2015-10-30 18:46:21,116][com.java.TestType] [ 3749] - value = //img[contains(@src,'bdlogo.jpg')]
[INFO ][2015-10-30 18:46:21,146][com.java.TestType] [ 8016] -  RESULT true
[INFO ][2015-10-30 18:46:21,146][com.java.TestType] [ 8133] - ?   P A S S   ?
[INFO ][2015-10-30 18:46:21,146][com.java.TestType] [ 8204] - Looping End......
[INFO ][2015-10-30 18:46:21,146][com.java.SeleniumDriver] [  861] -  RESULT true
[INFO ][2015-10-30 18:46:21,146][com.java.SeleniumDriver] [ 1066] - ?   P A S S   ?
[INFO ][2015-10-30 18:46:21,146][com.java.SeleniumDriver] [  788] - ------------------------------------------
[INFO ][2015-10-30 18:46:21,146][com.java.SeleniumDriver] [  789] - Test case being Executed: 1
[INFO ][2015-10-30 18:46:21,146][com.java.SeleniumDriver] [  800] - Test step:2
[INFO ][2015-10-30 18:46:21,146][com.java.SeleniumDriver] [  812] - Datavalue is----------Concept#2:1-2
[INFO ][2015-10-30 18:46:21,146][com.java.SeleniumDriver] [  836] - DataField : test
[INFO ][2015-10-30 18:46:21,146][com.java.SeleniumDriver] [  838] - DataValue : Concept#2:1-2
[INFO ][2015-10-30 18:46:21,146][com.java.SeleniumDriver] [  844] - <In Set values of the page>
[INFO ][2015-10-30 18:46:21,146][com.java.SeleniumDriver] [  847] - {Data Fields & Data Values Exist}
[INFO ][2015-10-30 18:46:21,146][com.java.SeleniumDriver] [  849] - --------------------------setting values-----------------------------
[INFO ][2015-10-30 18:46:21,146][com.java.SeleniumDriver] [  852] - Action Type : ExecuteTestCase
[INFO ][2015-10-30 18:46:21,146][com.java.TestType] [  411] - The Concept sheet name is ---------- Concept
[INFO ][2015-10-30 18:46:21,146][com.java.TestType] [  414] - The Concept ID  is ---------- 2
[DEBUG][2015-10-30 18:46:21,146][com.java.TestType] [  418] - Steps being executted in the Concept are: 1:2
[INFO ][2015-10-30 18:46:21,146][com.java.TestType] [  425] - Test data details path ---------- D:\BankersDashboard\TestInputs\TestData.xls
[INFO ][2015-10-30 18:46:21,186][com.java.TestType] [  456] -  str(1) = 2
[INFO ][2015-10-30 18:46:21,186][com.java.TestType] [  459] - Test case Id is---2
[INFO ][2015-10-30 18:46:21,186][com.java.TestType] [  461] - 2
[INFO ][2015-10-30 18:46:21,186][com.java.TestType] [  456] -  str(2) = 1
[INFO ][2015-10-30 18:46:21,186][com.java.TestType] [  508] - row values are--------{1=com.java.Objects.TestDataDetails@15c8e8d}
[INFO ][2015-10-30 18:46:21,186][com.java.TestType] [  456] -  str(1) = 2
[INFO ][2015-10-30 18:46:21,186][com.java.TestType] [  459] - Test case Id is---2
[INFO ][2015-10-30 18:46:21,186][com.java.TestType] [  461] - 2
[INFO ][2015-10-30 18:46:21,186][com.java.TestType] [  456] -  str(2) = 2
[INFO ][2015-10-30 18:46:21,186][com.java.TestType] [  508] - row values are--------{1=com.java.Objects.TestDataDetails@15c8e8d, 2=com.java.Objects.TestDataDetails@120a64d}
[INFO ][2015-10-30 18:46:21,186][com.java.TestType] [  456] -  str(1) = 2
[INFO ][2015-10-30 18:46:21,186][com.java.TestType] [  459] - Test case Id is---2
[INFO ][2015-10-30 18:46:21,186][com.java.TestType] [  461] - 2
[INFO ][2015-10-30 18:46:21,186][com.java.TestType] [  456] -  str(2) = 3
[INFO ][2015-10-30 18:46:21,186][com.java.TestType] [  508] - row values are--------{1=com.java.Objects.TestDataDetails@15c8e8d, 2=com.java.Objects.TestDataDetails@120a64d, 3=com.java.Objects.TestDataDetails@31d614}
[INFO ][2015-10-30 18:46:21,186][com.java.TestType] [ 7898] - Looping 1TCID = 2
[DEBUG][2015-10-30 18:46:21,186][com.java.TestType] [ 7939] - Concept ID:2 :: Step being Executed: 2::1
[INFO ][2015-10-30 18:46:21,186][com.java.TestType] [ 7977] - dataFields : BNK//select[@id='bank']
[DEBUG][2015-10-30 18:46:21,186][com.java.TestType] [ 7983] - <In Set values of the page>
[DEBUG][2015-10-30 18:46:21,186][com.java.TestType] [ 7988] - {Data Fields & Data Values Exist}
[INFO ][2015-10-30 18:46:21,186][com.java.TestType] [ 7994] - --------------------------setting values-----------------------------
[INFO ][2015-10-30 18:46:21,186][com.java.TestType] [ 7997] - Action Type : Select
[INFO ][2015-10-30 18:46:21,186][com.java.TestType] [ 3749] - value = PFC
[INFO ][2015-10-30 18:46:21,386][com.java.TestType] [ 8016] -  RESULT true
[INFO ][2015-10-30 18:46:21,386][com.java.TestType] [ 8133] - ?   P A S S   ?
[DEBUG][2015-10-30 18:46:21,386][com.java.TestType] [ 7939] - Concept ID:2 :: Step being Executed: 2::2
[INFO ][2015-10-30 18:46:21,386][com.java.TestType] [ 7977] - dataFields : LNKLogout
[DEBUG][2015-10-30 18:46:21,386][com.java.TestType] [ 7983] - <In Set values of the page>
[DEBUG][2015-10-30 18:46:21,386][com.java.TestType] [ 7988] - {Data Fields & Data Values Exist}
[INFO ][2015-10-30 18:46:21,386][com.java.TestType] [ 7994] - --------------------------setting values-----------------------------
[INFO ][2015-10-30 18:46:21,386][com.java.TestType] [ 7997] - Action Type : WaitTime
[DEBUG][2015-10-30 18:46:21,386][com.java.TestType] [ 3653] - sleepTime: 5000
[INFO ][2015-10-30 18:46:26,394][com.java.TestType] [ 8016] -  RESULT true
[INFO ][2015-10-30 18:46:26,394][com.java.TestType] [ 8133] - ?   P A S S   ?
[INFO ][2015-10-30 18:46:26,394][com.java.TestType] [ 8204] - Looping End......
[INFO ][2015-10-30 18:46:26,394][com.java.SeleniumDriver] [  861] -  RESULT true
[INFO ][2015-10-30 18:46:26,394][com.java.SeleniumDriver] [ 1066] - ?   P A S S   ?
[INFO ][2015-10-30 18:46:26,394][com.java.SeleniumDriver] [  788] - ------------------------------------------
[INFO ][2015-10-30 18:46:26,394][com.java.SeleniumDriver] [  789] - Test case being Executed: 1
[INFO ][2015-10-30 18:46:26,394][com.java.SeleniumDriver] [  800] - Test step:3
[INFO ][2015-10-30 18:46:26,394][com.java.SeleniumDriver] [  812] - Datavalue is----------2
[INFO ][2015-10-30 18:46:26,394][com.java.SeleniumDriver] [  836] - DataField : XPH//button[contains(text(),'Add Content')]
[INFO ][2015-10-30 18:46:26,394][com.java.SeleniumDriver] [  838] - DataValue : 2
[INFO ][2015-10-30 18:46:26,394][com.java.SeleniumDriver] [  844] - <In Set values of the page>
[INFO ][2015-10-30 18:46:26,394][com.java.SeleniumDriver] [  847] - {Data Fields & Data Values Exist}
[INFO ][2015-10-30 18:46:26,394][com.java.SeleniumDriver] [  849] - --------------------------setting values-----------------------------
[INFO ][2015-10-30 18:46:26,394][com.java.SeleniumDriver] [  852] - Action Type : WAITFORELEMENT
[INFO ][2015-10-30 18:46:26,435][com.java.SeleniumDriver] [  861] -  RESULT true
[INFO ][2015-10-30 18:46:26,435][com.java.SeleniumDriver] [ 1066] - ?   P A S S   ?
[DEBUG][2015-10-30 18:46:26,435][com.java.SeleniumDriver] [ 1168] - Case found
[DEBUG][2015-10-30 18:46:26,435][com.java.SeleniumDriver] [ 1173] - Incrementing ReportCounters[0]:1
[INFO ][2015-10-30 18:46:26,435][com.java.SeleniumDriver] [ 1192] - The results are-------------------[1, 1, Valid Login, Pass, , Fri Oct 30 18:46:21 IST 2015, 1, 2, Valid Login, Pass, , Fri Oct 30 18:46:26 IST 2015, 1, 3, Add Custom Calculation Indicator to Start Page, Pass, , Fri Oct 30 18:46:26 IST 2015]
[INFO ][2015-10-30 18:46:26,435][com.java.SeleniumDriver] [ 1196] - End time is-------50 sec
[INFO ][2015-10-30 18:46:26,435][com.java.SeleniumDriver] [ 1197] - The results are-------------------[1, 1, Valid Login, Pass, , Fri Oct 30 18:46:21 IST 2015, 1, 2, Valid Login, Pass, , Fri Oct 30 18:46:26 IST 2015, 1, 3, Add Custom Calculation Indicator to Start Page, Pass, , Fri Oct 30 18:46:26 IST 2015]
[DEBUG][2015-10-30 18:46:26,435][com.java.ImportnExport.ExportTestResultsExcel] [  222] - testResultPath = D:\BankersDashboard/TestReports/Test Results_BankersDashBoard_103015_184538_IE11_Any Bank USA.xls
[DEBUG][2015-10-30 18:46:26,435][com.java.ImportnExport.ExportTestResultsExcel] [  223] - browser is------------IE11
[DEBUG][2015-10-30 18:46:26,475][com.java.ImportnExport.ExportTestResultsExcel] [  270] - result.size() = 18
[DEBUG][2015-10-30 18:46:26,475][com.java.ImportnExport.ExportTestResultsExcel] [  274] - No of rows in sheet=1
[DEBUG][2015-10-30 18:46:26,475][com.java.ImportnExport.ExportTestResultsExcel] [  301] - ..in export..1
[DEBUG][2015-10-30 18:46:26,475][com.java.ImportnExport.ExportTestResultsExcel] [  301] - ..in export..Valid Login
[DEBUG][2015-10-30 18:46:26,475][com.java.ImportnExport.ExportTestResultsExcel] [  301] - ..in export..Pass
[DEBUG][2015-10-30 18:46:26,475][com.java.ImportnExport.ExportTestResultsExcel] [  301] - ..in export..
[DEBUG][2015-10-30 18:46:26,475][com.java.ImportnExport.ExportTestResultsExcel] [  301] - ..in export..Fri Oct 30 18:46:21 IST 2015
[INFO ][2015-10-30 18:46:26,475][com.java.SeleniumDriver] [ 1255] - out loop:0 size:2 TestCases:[1, 14] testcases:[1, 14]
[INFO ][2015-10-30 18:46:26,475][com.java.ImportnExport.ImportTestDataDetailsExcel] [   49] - test data details path===== D:\BankersDashboard\TestInputs\TestData.xls
[INFO ][2015-10-30 18:46:41,097][com.java.SeleniumDriver] [  788] - ------------------------------------------
[INFO ][2015-10-30 18:46:41,097][com.java.SeleniumDriver] [  789] - Test case being Executed: 14
[INFO ][2015-10-30 18:46:41,097][com.java.SeleniumDriver] [  800] - Test step:1
[INFO ][2015-10-30 18:46:41,097][com.java.SeleniumDriver] [  812] - Datavalue is----------Logout
[INFO ][2015-10-30 18:46:41,097][com.java.SeleniumDriver] [  836] - DataField : BTN
[INFO ][2015-10-30 18:46:41,097][com.java.SeleniumDriver] [  838] - DataValue : Logout
[INFO ][2015-10-30 18:46:41,097][com.java.SeleniumDriver] [  844] - <In Set values of the page>
[INFO ][2015-10-30 18:46:41,097][com.java.SeleniumDriver] [  847] - {Data Fields & Data Values Exist}
[INFO ][2015-10-30 18:46:41,097][com.java.SeleniumDriver] [  849] - --------------------------setting values-----------------------------
[INFO ][2015-10-30 18:46:41,097][com.java.SeleniumDriver] [  852] - Action Type : Verify
[INFO ][2015-10-30 18:46:41,097][com.java.TestType] [ 4875] - field= BTN value= Logout
[INFO ][2015-10-30 18:46:41,097][com.java.TestType] [ 3749] - value = Logout
[INFO ][2015-10-30 18:46:41,128][com.java.SeleniumDriver] [  861] -  RESULT true
[INFO ][2015-10-30 18:46:41,128][com.java.SeleniumDriver] [ 1066] - ?   P A S S   ?
[INFO ][2015-10-30 18:46:41,128][com.java.SeleniumDriver] [ 1108] - step change to 3
[INFO ][2015-10-30 18:46:41,128][com.java.SeleniumDriver] [  788] - ------------------------------------------
[INFO ][2015-10-30 18:46:41,128][com.java.SeleniumDriver] [  789] - Test case being Executed: 14
[INFO ][2015-10-30 18:46:41,128][com.java.SeleniumDriver] [  800] - Test step:3
[INFO ][2015-10-30 18:46:41,128][com.java.SeleniumDriver] [  812] - Datavalue is----------2
[INFO ][2015-10-30 18:46:41,128][com.java.SeleniumDriver] [  836] - DataField : BTNG/L
[INFO ][2015-10-30 18:46:41,128][com.java.SeleniumDriver] [  838] - DataValue : 2
[INFO ][2015-10-30 18:46:41,128][com.java.SeleniumDriver] [  844] - <In Set values of the page>
[INFO ][2015-10-30 18:46:41,128][com.java.SeleniumDriver] [  847] - {Data Fields & Data Values Exist}
[INFO ][2015-10-30 18:46:41,128][com.java.SeleniumDriver] [  849] - --------------------------setting values-----------------------------
[INFO ][2015-10-30 18:46:41,128][com.java.SeleniumDriver] [  852] - Action Type : WAITFORELEMENT
[INFO ][2015-10-30 18:46:41,178][com.java.SeleniumDriver] [  861] -  RESULT true
[INFO ][2015-10-30 18:46:41,178][com.java.SeleniumDriver] [ 1066] - ?   P A S S   ?
[INFO ][2015-10-30 18:46:41,178][com.java.SeleniumDriver] [  788] - ------------------------------------------
[INFO ][2015-10-30 18:46:41,178][com.java.SeleniumDriver] [  789] - Test case being Executed: 14
[INFO ][2015-10-30 18:46:41,178][com.java.SeleniumDriver] [  800] - Test step:4
[INFO ][2015-10-30 18:46:41,178][com.java.SeleniumDriver] [  812] - Datavalue is----------CNS
[INFO ][2015-10-30 18:46:41,178][com.java.SeleniumDriver] [  836] - DataField : BNK//select[@id='bank']
[INFO ][2015-10-30 18:46:41,178][com.java.SeleniumDriver] [  838] - DataValue : CNS
[INFO ][2015-10-30 18:46:41,178][com.java.SeleniumDriver] [  844] - <In Set values of the page>
[INFO ][2015-10-30 18:46:41,178][com.java.SeleniumDriver] [  847] - {Data Fields & Data Values Exist}
[INFO ][2015-10-30 18:46:41,178][com.java.SeleniumDriver] [  849] - --------------------------setting values-----------------------------
[INFO ][2015-10-30 18:46:41,178][com.java.SeleniumDriver] [  852] - Action Type : SELECT
[INFO ][2015-10-30 18:46:41,178][com.java.TestType] [ 3749] - value = CNS
[INFO ][2015-10-30 18:46:41,476][com.java.SeleniumDriver] [  861] -  RESULT true
[INFO ][2015-10-30 18:46:41,476][com.java.SeleniumDriver] [ 1066] - ?   P A S S   ?
[INFO ][2015-10-30 18:46:41,476][com.java.SeleniumDriver] [  788] - ------------------------------------------
[INFO ][2015-10-30 18:46:41,476][com.java.SeleniumDriver] [  789] - Test case being Executed: 14
[INFO ][2015-10-30 18:46:41,476][com.java.SeleniumDriver] [  800] - Test step:5
[INFO ][2015-10-30 18:46:41,476][com.java.SeleniumDriver] [  812] - Datavalue is----------2
[INFO ][2015-10-30 18:46:41,476][com.java.SeleniumDriver] [  836] - DataField : BTNG/L
[INFO ][2015-10-30 18:46:41,476][com.java.SeleniumDriver] [  838] - DataValue : 2
[INFO ][2015-10-30 18:46:41,476][com.java.SeleniumDriver] [  844] - <In Set values of the page>
[INFO ][2015-10-30 18:46:41,476][com.java.SeleniumDriver] [  847] - {Data Fields & Data Values Exist}
[INFO ][2015-10-30 18:46:41,476][com.java.SeleniumDriver] [  849] - --------------------------setting values-----------------------------
[INFO ][2015-10-30 18:46:41,476][com.java.SeleniumDriver] [  852] - Action Type : WAITFORELEMENT
[INFO ][2015-10-30 18:46:41,516][com.java.SeleniumDriver] [  861] -  RESULT true
[INFO ][2015-10-30 18:46:41,516][com.java.SeleniumDriver] [ 1066] - ?   P A S S   ?
[INFO ][2015-10-30 18:46:41,516][com.java.SeleniumDriver] [  788] - ------------------------------------------
[INFO ][2015-10-30 18:46:41,516][com.java.SeleniumDriver] [  789] - Test case being Executed: 14
[INFO ][2015-10-30 18:46:41,516][com.java.SeleniumDriver] [  800] - Test step:6
[INFO ][2015-10-30 18:46:41,516][com.java.SeleniumDriver] [  812] - Datavalue is----------null
[DEBUG][2015-10-30 18:46:41,516][com.java.SeleniumDriver] [  830] - Exception: null
[INFO ][2015-10-30 18:46:41,516][com.java.SeleniumDriver] [  836] - DataField : G/L&&Balance Sheet&&//ul[@id="BalanceSheet" ]/li[@data-id="BSCompare"]
[INFO ][2015-10-30 18:46:41,516][com.java.SeleniumDriver] [  838] - DataValue : 
[INFO ][2015-10-30 18:46:41,516][com.java.SeleniumDriver] [  844] - <In Set values of the page>
[INFO ][2015-10-30 18:46:41,516][com.java.SeleniumDriver] [  847] - {Data Fields & Data Values Exist}
[INFO ][2015-10-30 18:46:41,516][com.java.SeleniumDriver] [  849] - --------------------------setting values-----------------------------
[INFO ][2015-10-30 18:46:41,516][com.java.SeleniumDriver] [  852] - Action Type : MOUSEOVER
[INFO ][2015-10-30 18:46:56,739][com.java.SeleniumDriver] [  861] -  RESULT true
[INFO ][2015-10-30 18:46:56,739][com.java.SeleniumDriver] [ 1066] - ?   P A S S   ?
[INFO ][2015-10-30 18:46:56,739][com.java.SeleniumDriver] [  788] - ------------------------------------------
[INFO ][2015-10-30 18:46:56,739][com.java.SeleniumDriver] [  789] - Test case being Executed: 14
[INFO ][2015-10-30 18:46:56,739][com.java.SeleniumDriver] [  800] - Test step:7
[INFO ][2015-10-30 18:46:56,739][com.java.SeleniumDriver] [  812] - Datavalue is----------1
[INFO ][2015-10-30 18:46:56,739][com.java.SeleniumDriver] [  836] - DataField : XPH//span[contains(text(),'Show Report')]
[INFO ][2015-10-30 18:46:56,739][com.java.SeleniumDriver] [  838] - DataValue : 1
[INFO ][2015-10-30 18:46:56,739][com.java.SeleniumDriver] [  844] - <In Set values of the page>
[INFO ][2015-10-30 18:46:56,739][com.java.SeleniumDriver] [  847] - {Data Fields & Data Values Exist}
[INFO ][2015-10-30 18:46:56,739][com.java.SeleniumDriver] [  849] - --------------------------setting values-----------------------------
[INFO ][2015-10-30 18:46:56,739][com.java.SeleniumDriver] [  852] - Action Type : WAITFORELEMENT
[INFO ][2015-10-30 18:46:56,780][com.java.SeleniumDriver] [  861] -  RESULT true
[INFO ][2015-10-30 18:46:56,780][com.java.SeleniumDriver] [ 1066] - ?   P A S S   ?
[INFO ][2015-10-30 18:46:56,780][com.java.SeleniumDriver] [  788] - ------------------------------------------
[INFO ][2015-10-30 18:46:56,780][com.java.SeleniumDriver] [  789] - Test case being Executed: 14
[INFO ][2015-10-30 18:46:56,780][com.java.SeleniumDriver] [  800] - Test step:8
[INFO ][2015-10-30 18:46:56,780][com.java.SeleniumDriver] [  812] - Datavalue is----------frameDialogContent
[INFO ][2015-10-30 18:46:56,780][com.java.SeleniumDriver] [  836] - DataField : BTN
[INFO ][2015-10-30 18:46:56,780][com.java.SeleniumDriver] [  838] - DataValue : frameDialogContent
[INFO ][2015-10-30 18:46:56,780][com.java.SeleniumDriver] [  844] - <In Set values of the page>
[INFO ][2015-10-30 18:46:56,780][com.java.SeleniumDriver] [  847] - {Data Fields & Data Values Exist}
[INFO ][2015-10-30 18:46:56,780][com.java.SeleniumDriver] [  849] - --------------------------setting values-----------------------------
[INFO ][2015-10-30 18:46:56,780][com.java.SeleniumDriver] [  852] - Action Type : SELECTFRAMEBYNAME
[INFO ][2015-10-30 18:46:56,780][com.java.TestType] [ 3749] - value = frameDialogContent
[INFO ][2015-10-30 18:46:56,860][com.java.SeleniumDriver] [  861] -  RESULT true
[INFO ][2015-10-30 18:46:56,860][com.java.SeleniumDriver] [ 1066] - ?   P A S S   ?
[INFO ][2015-10-30 18:46:56,860][com.java.SeleniumDriver] [  788] - ------------------------------------------
[INFO ][2015-10-30 18:46:56,860][com.java.SeleniumDriver] [  789] - Test case being Executed: 14
[INFO ][2015-10-30 18:46:56,860][com.java.SeleniumDriver] [  800] - Test step:9
[INFO ][2015-10-30 18:46:56,860][com.java.SeleniumDriver] [  812] - Datavalue is----------null
[DEBUG][2015-10-30 18:46:56,860][com.java.SeleniumDriver] [  830] - Exception: null
[INFO ][2015-10-30 18:46:56,860][com.java.SeleniumDriver] [  836] - DataField : BTNcbExpandCenters
[INFO ][2015-10-30 18:46:56,860][com.java.SeleniumDriver] [  838] - DataValue : 
[INFO ][2015-10-30 18:46:56,860][com.java.SeleniumDriver] [  844] - <In Set values of the page>
[INFO ][2015-10-30 18:46:56,860][com.java.SeleniumDriver] [  847] - {Data Fields & Data Values Exist}
[INFO ][2015-10-30 18:46:56,860][com.java.SeleniumDriver] [  849] - --------------------------setting values-----------------------------
[INFO ][2015-10-30 18:46:56,860][com.java.SeleniumDriver] [  852] - Action Type : CLICK
[INFO ][2015-10-30 18:46:56,860][com.java.TestType] [ 4062] - Field ::BTNcbExpandCenters
[INFO ][2015-10-30 18:46:57,860][com.java.TestType] [ 4100] - BEFORE CLICK
[INFO ][2015-10-30 18:46:59,031][com.java.TestType] [ 4107] - Unable to click the object Expand Columns checkbox
[INFO ][2015-10-30 18:46:59,031][com.java.SeleniumDriver] [  861] -  RESULT true
[INFO ][2015-10-30 18:46:59,031][com.java.SeleniumDriver] [ 1066] - ?   P A S S   ?
[INFO ][2015-10-30 18:46:59,031][com.java.SeleniumDriver] [  788] - ------------------------------------------
[INFO ][2015-10-30 18:46:59,031][com.java.SeleniumDriver] [  789] - Test case being Executed: 14
[INFO ][2015-10-30 18:46:59,031][com.java.SeleniumDriver] [  800] - Test step:10
[INFO ][2015-10-30 18:46:59,031][com.java.SeleniumDriver] [  812] - Datavalue is----------null
[DEBUG][2015-10-30 18:46:59,031][com.java.SeleniumDriver] [  830] - Exception: null
[INFO ][2015-10-30 18:46:59,031][com.java.SeleniumDriver] [  836] - DataField : BTNparent
[INFO ][2015-10-30 18:46:59,031][com.java.SeleniumDriver] [  838] - DataValue : 
[INFO ][2015-10-30 18:46:59,031][com.java.SeleniumDriver] [  844] - <In Set values of the page>
[INFO ][2015-10-30 18:46:59,031][com.java.SeleniumDriver] [  847] - {Data Fields & Data Values Exist}
[INFO ][2015-10-30 18:46:59,031][com.java.SeleniumDriver] [  849] - --------------------------setting values-----------------------------
[INFO ][2015-10-30 18:46:59,031][com.java.SeleniumDriver] [  852] - Action Type : SELECTFRAME
[INFO ][2015-10-30 18:46:59,041][com.java.SeleniumDriver] [  861] -  RESULT true
[INFO ][2015-10-30 18:46:59,041][com.java.SeleniumDriver] [ 1066] - ?   P A S S   ?
[INFO ][2015-10-30 18:46:59,041][com.java.SeleniumDriver] [  788] - ------------------------------------------
[INFO ][2015-10-30 18:46:59,041][com.java.SeleniumDriver] [  789] - Test case being Executed: 14
[INFO ][2015-10-30 18:46:59,041][com.java.SeleniumDriver] [  800] - Test step:11
[INFO ][2015-10-30 18:46:59,041][com.java.SeleniumDriver] [  812] - Datavalue is----------null
[DEBUG][2015-10-30 18:46:59,041][com.java.SeleniumDriver] [  830] - Exception: null
[INFO ][2015-10-30 18:46:59,041][com.java.SeleniumDriver] [  836] - DataField : XPH//span[contains(text(),'Show Report')]
[INFO ][2015-10-30 18:46:59,041][com.java.SeleniumDriver] [  838] - DataValue : 
[INFO ][2015-10-30 18:46:59,041][com.java.SeleniumDriver] [  844] - <In Set values of the page>
[INFO ][2015-10-30 18:46:59,041][com.java.SeleniumDriver] [  847] - {Data Fields & Data Values Exist}
[INFO ][2015-10-30 18:46:59,041][com.java.SeleniumDriver] [  849] - --------------------------setting values-----------------------------
[INFO ][2015-10-30 18:46:59,041][com.java.SeleniumDriver] [  852] - Action Type : CLICK
[INFO ][2015-10-30 18:46:59,041][com.java.TestType] [ 4062] - Field ::XPH//span[contains(text(),'Show Report')]
[INFO ][2015-10-30 18:47:00,041][com.java.TestType] [ 4121] - BEFORE CLICK
[INFO ][2015-10-30 18:47:01,435][com.java.TestType] [ 4129] - Unable to click the object Show Report button
[INFO ][2015-10-30 18:47:01,435][com.java.SeleniumDriver] [  861] -  RESULT true
[INFO ][2015-10-30 18:47:01,435][com.java.SeleniumDriver] [ 1066] - ?   P A S S   ?
[INFO ][2015-10-30 18:47:01,435][com.java.SeleniumDriver] [  788] - ------------------------------------------
[INFO ][2015-10-30 18:47:01,435][com.java.SeleniumDriver] [  789] - Test case being Executed: 14
[INFO ][2015-10-30 18:47:01,435][com.java.SeleniumDriver] [  800] - Test step:12
[INFO ][2015-10-30 18:47:01,435][com.java.SeleniumDriver] [  812] - Datavalue is----------2
[INFO ][2015-10-30 18:47:01,435][com.java.SeleniumDriver] [  836] - DataField : XPH//td[@class='ReportTitle']
[INFO ][2015-10-30 18:47:01,435][com.java.SeleniumDriver] [  838] - DataValue : 2
[INFO ][2015-10-30 18:47:01,435][com.java.SeleniumDriver] [  844] - <In Set values of the page>
[INFO ][2015-10-30 18:47:01,435][com.java.SeleniumDriver] [  847] - {Data Fields & Data Values Exist}
[INFO ][2015-10-30 18:47:01,435][com.java.SeleniumDriver] [  849] - --------------------------setting values-----------------------------
[INFO ][2015-10-30 18:47:01,435][com.java.SeleniumDriver] [  852] - Action Type : WAITFORELEMENT
[INFO ][2015-10-30 18:47:04,688][com.java.SeleniumDriver] [  861] -  RESULT true
[INFO ][2015-10-30 18:47:04,688][com.java.SeleniumDriver] [ 1066] - ?   P A S S   ?
[INFO ][2015-10-30 18:47:04,688][com.java.SeleniumDriver] [  788] - ------------------------------------------
[INFO ][2015-10-30 18:47:04,688][com.java.SeleniumDriver] [  789] - Test case being Executed: 14
[INFO ][2015-10-30 18:47:04,688][com.java.SeleniumDriver] [  800] - Test step:13
[INFO ][2015-10-30 18:47:04,688][com.java.SeleniumDriver] [  812] - Datavalue is----------td:BSCompare
[INFO ][2015-10-30 18:47:04,688][com.java.SeleniumDriver] [  836] - DataField : XPH//td[@class='ReportTitle']
[INFO ][2015-10-30 18:47:04,688][com.java.SeleniumDriver] [  838] - DataValue : td:BSCompare
[INFO ][2015-10-30 18:47:04,688][com.java.SeleniumDriver] [  844] - <In Set values of the page>
[INFO ][2015-10-30 18:47:04,688][com.java.SeleniumDriver] [  847] - {Data Fields & Data Values Exist}
[INFO ][2015-10-30 18:47:04,688][com.java.SeleniumDriver] [  849] - --------------------------setting values-----------------------------
[INFO ][2015-10-30 18:47:04,688][com.java.SeleniumDriver] [  852] - Action Type : VERIFY
[INFO ][2015-10-30 18:47:04,688][com.java.TestType] [ 4875] - field= XPH//td[@class='ReportTitle'] value= td:BSCompare
[INFO ][2015-10-30 18:47:04,688][com.java.TestType] [ 3749] - value = 
[INFO ][2015-10-30 18:47:04,809][com.java.SeleniumDriver] [  861] -  RESULT true
[INFO ][2015-10-30 18:47:04,809][com.java.SeleniumDriver] [ 1066] - ?   P A S S   ?
[INFO ][2015-10-30 18:47:04,809][com.java.SeleniumDriver] [  788] - ------------------------------------------
[INFO ][2015-10-30 18:47:04,809][com.java.SeleniumDriver] [  789] - Test case being Executed: 14
[INFO ][2015-10-30 18:47:04,809][com.java.SeleniumDriver] [  800] - Test step:14
[INFO ][2015-10-30 18:47:04,809][com.java.SeleniumDriver] [  812] - Datavalue is----------//table[@id='ReportTable2']/tbody/tr
[INFO ][2015-10-30 18:47:04,809][com.java.SeleniumDriver] [  836] - DataField : BTN
[INFO ][2015-10-30 18:47:04,809][com.java.SeleniumDriver] [  838] - DataValue : //table[@id='ReportTable2']/tbody/tr
[INFO ][2015-10-30 18:47:04,809][com.java.SeleniumDriver] [  844] - <In Set values of the page>
[INFO ][2015-10-30 18:47:04,809][com.java.SeleniumDriver] [  847] - {Data Fields & Data Values Exist}
[INFO ][2015-10-30 18:47:04,809][com.java.SeleniumDriver] [  849] - --------------------------setting values-----------------------------
[INFO ][2015-10-30 18:47:04,809][com.java.SeleniumDriver] [  852] - Action Type : VERIFY
[INFO ][2015-10-30 18:47:04,809][com.java.TestType] [ 4875] - field= BTN value= //table[@id='ReportTable2']/tbody/tr
[INFO ][2015-10-30 18:47:04,809][com.java.TestType] [ 3749] - value = //table[@id='ReportTable2']/tbody/tr
[INFO ][2015-10-30 18:47:04,849][com.java.SeleniumDriver] [  861] -  RESULT true
[INFO ][2015-10-30 18:47:04,849][com.java.SeleniumDriver] [ 1066] - ?   P A S S   ?
[INFO ][2015-10-30 18:47:04,849][com.java.SeleniumDriver] [  788] - ------------------------------------------
[INFO ][2015-10-30 18:47:04,849][com.java.SeleniumDriver] [  789] - Test case being Executed: 14
[INFO ][2015-10-30 18:47:04,849][com.java.SeleniumDriver] [  800] - Test step:15
[INFO ][2015-10-30 18:47:04,849][com.java.SeleniumDriver] [  812] - Datavalue is----------null
[DEBUG][2015-10-30 18:47:04,849][com.java.SeleniumDriver] [  830] - Exception: null
[INFO ][2015-10-30 18:47:04,849][com.java.SeleniumDriver] [  836] - DataField : BTNdImage2-0
[INFO ][2015-10-30 18:47:04,849][com.java.SeleniumDriver] [  838] - DataValue : 
[INFO ][2015-10-30 18:47:04,849][com.java.SeleniumDriver] [  844] - <In Set values of the page>
[INFO ][2015-10-30 18:47:04,849][com.java.SeleniumDriver] [  847] - {Data Fields & Data Values Exist}
[INFO ][2015-10-30 18:47:04,849][com.java.SeleniumDriver] [  849] - --------------------------setting values-----------------------------
[INFO ][2015-10-30 18:47:04,849][com.java.SeleniumDriver] [  852] - Action Type : CLICK
[INFO ][2015-10-30 18:47:04,849][com.java.TestType] [ 4062] - Field ::BTNdImage2-0
[INFO ][2015-10-30 18:47:05,849][com.java.TestType] [ 4100] - BEFORE CLICK
[INFO ][2015-10-30 18:47:07,250][com.java.TestType] [ 4107] - Unable to click the object Expand button
[INFO ][2015-10-30 18:47:07,250][com.java.SeleniumDriver] [  861] -  RESULT true
[INFO ][2015-10-30 18:47:07,250][com.java.SeleniumDriver] [ 1066] - ?   P A S S   ?
[INFO ][2015-10-30 18:47:07,250][com.java.SeleniumDriver] [  788] - ------------------------------------------
[INFO ][2015-10-30 18:47:07,250][com.java.SeleniumDriver] [  789] - Test case being Executed: 14
[INFO ][2015-10-30 18:47:07,250][com.java.SeleniumDriver] [  800] - Test step:16
[INFO ][2015-10-30 18:47:07,250][com.java.SeleniumDriver] [  812] - Datavalue is----------Eliminations
[INFO ][2015-10-30 18:47:07,250][com.java.SeleniumDriver] [  836] - DataField : XPH//div[@class="div_Numeric_t0b1"]/b[contains(text(),'Eliminations')]
[INFO ][2015-10-30 18:47:07,250][com.java.SeleniumDriver] [  838] - DataValue : Eliminations
[INFO ][2015-10-30 18:47:07,250][com.java.SeleniumDriver] [  844] - <In Set values of the page>
[INFO ][2015-10-30 18:47:07,250][com.java.SeleniumDriver] [  847] - {Data Fields & Data Values Exist}
[INFO ][2015-10-30 18:47:07,250][com.java.SeleniumDriver] [  849] - --------------------------setting values-----------------------------
[INFO ][2015-10-30 18:47:07,250][com.java.SeleniumDriver] [  852] - Action Type : VERIFY
[INFO ][2015-10-30 18:47:07,250][com.java.TestType] [ 4875] - field= XPH//div[@class="div_Numeric_t0b1"]/b[contains(text(),'Eliminations')] value= Eliminations
[INFO ][2015-10-30 18:47:07,250][com.java.TestType] [ 3749] - value = Eliminations
[INFO ][2015-10-30 18:47:07,370][com.java.SeleniumDriver] [  861] -  RESULT true
[INFO ][2015-10-30 18:47:07,370][com.java.SeleniumDriver] [ 1066] - ?   P A S S   ?
[INFO ][2015-10-30 18:47:07,370][com.java.SeleniumDriver] [  788] - ------------------------------------------
[INFO ][2015-10-30 18:47:07,370][com.java.SeleniumDriver] [  789] - Test case being Executed: 14
[INFO ][2015-10-30 18:47:07,370][com.java.SeleniumDriver] [  800] - Test step:17
[INFO ][2015-10-30 18:47:07,370][com.java.SeleniumDriver] [  812] - Datavalue is----------null
[DEBUG][2015-10-30 18:47:07,370][com.java.SeleniumDriver] [  830] - Exception: null
[INFO ][2015-10-30 18:47:07,370][com.java.SeleniumDriver] [  836] - DataField : BTNdImage2-0
[INFO ][2015-10-30 18:47:07,370][com.java.SeleniumDriver] [  838] - DataValue : 
[INFO ][2015-10-30 18:47:07,370][com.java.SeleniumDriver] [  844] - <In Set values of the page>
[INFO ][2015-10-30 18:47:07,370][com.java.SeleniumDriver] [  847] - {Data Fields & Data Values Exist}
[INFO ][2015-10-30 18:47:07,370][com.java.SeleniumDriver] [  849] - --------------------------setting values-----------------------------
[INFO ][2015-10-30 18:47:07,370][com.java.SeleniumDriver] [  852] - Action Type : CLICK
[INFO ][2015-10-30 18:47:07,370][com.java.TestType] [ 4062] - Field ::BTNdImage2-0
[INFO ][2015-10-30 18:47:08,370][com.java.TestType] [ 4100] - BEFORE CLICK
[INFO ][2015-10-30 18:47:09,761][com.java.TestType] [ 4107] - Unable to click the object Expand button
[INFO ][2015-10-30 18:47:09,761][com.java.SeleniumDriver] [  861] -  RESULT true
[INFO ][2015-10-30 18:47:09,761][com.java.SeleniumDriver] [ 1066] - ?   P A S S   ?
[INFO ][2015-10-30 18:47:09,761][com.java.SeleniumDriver] [  788] - ------------------------------------------
[INFO ][2015-10-30 18:47:09,761][com.java.SeleniumDriver] [  789] - Test case being Executed: 14
[INFO ][2015-10-30 18:47:09,761][com.java.SeleniumDriver] [  800] - Test step:18
[INFO ][2015-10-30 18:47:09,761][com.java.SeleniumDriver] [  812] - Datavalue is----------null
[DEBUG][2015-10-30 18:47:09,761][com.java.SeleniumDriver] [  830] - Exception: null
[INFO ][2015-10-30 18:47:09,761][com.java.SeleniumDriver] [  836] - DataField : BTNdImage2-1
[INFO ][2015-10-30 18:47:09,761][com.java.SeleniumDriver] [  838] - DataValue : 
[INFO ][2015-10-30 18:47:09,761][com.java.SeleniumDriver] [  844] - <In Set values of the page>
[INFO ][2015-10-30 18:47:09,761][com.java.SeleniumDriver] [  847] - {Data Fields & Data Values Exist}
[INFO ][2015-10-30 18:47:09,761][com.java.SeleniumDriver] [  849] - --------------------------setting values-----------------------------
[INFO ][2015-10-30 18:47:09,761][com.java.SeleniumDriver] [  852] - Action Type : CLICK
[INFO ][2015-10-30 18:47:09,761][com.java.TestType] [ 4062] - Field ::BTNdImage2-1
[INFO ][2015-10-30 18:47:10,761][com.java.TestType] [ 4100] - BEFORE CLICK
[INFO ][2015-10-30 18:47:12,132][com.java.TestType] [ 4107] - Unable to click the object Expand button
[INFO ][2015-10-30 18:47:12,132][com.java.SeleniumDriver] [  861] -  RESULT true
[INFO ][2015-10-30 18:47:12,132][com.java.SeleniumDriver] [ 1066] - ?   P A S S   ?
[INFO ][2015-10-30 18:47:12,132][com.java.SeleniumDriver] [  788] - ------------------------------------------
[INFO ][2015-10-30 18:47:12,132][com.java.SeleniumDriver] [  789] - Test case being Executed: 14
[INFO ][2015-10-30 18:47:12,132][com.java.SeleniumDriver] [  800] - Test step:19
[INFO ][2015-10-30 18:47:12,132][com.java.SeleniumDriver] [  812] - Datavalue is----------Eliminations
[INFO ][2015-10-30 18:47:12,132][com.java.SeleniumDriver] [  836] - DataField : XPH//div[@class="div_Numeric_t0b1"]/b[contains(text(),'Eliminations')]
[INFO ][2015-10-30 18:47:12,132][com.java.SeleniumDriver] [  838] - DataValue : Eliminations
[INFO ][2015-10-30 18:47:12,132][com.java.SeleniumDriver] [  844] - <In Set values of the page>
[INFO ][2015-10-30 18:47:12,132][com.java.SeleniumDriver] [  847] - {Data Fields & Data Values Exist}
[INFO ][2015-10-30 18:47:12,132][com.java.SeleniumDriver] [  849] - --------------------------setting values-----------------------------
[INFO ][2015-10-30 18:47:12,132][com.java.SeleniumDriver] [  852] - Action Type : VERIFY
[INFO ][2015-10-30 18:47:12,132][com.java.TestType] [ 4875] - field= XPH//div[@class="div_Numeric_t0b1"]/b[contains(text(),'Eliminations')] value= Eliminations
[INFO ][2015-10-30 18:47:12,132][com.java.TestType] [ 3749] - value = Eliminations
[ERROR][2015-10-30 18:47:12,262][com.java.TestType] [ 5178] - Element  not found :Eliminations
[INFO ][2015-10-30 18:47:12,262][com.java.SeleniumDriver] [  861] -  RESULT false
[INFO ][2015-10-30 18:47:12,262][com.java.SeleniumDriver] [  908] - ?   F A I L   ?
[INFO ][2015-10-30 18:47:12,262][com.java.SeleniumDriver] [  916] - Browser Type : IE11
[INFO ][2015-10-30 18:47:12,262][com.java.SeleniumDriver] [  917] - Adding Failed case14
[INFO ][2015-10-30 18:47:12,962][com.java.SeleniumDriver] [ 1030] - failedCases = 14
[ERROR][2015-10-30 18:47:12,962][com.java.SeleniumDriver] [ 1516] - Platform Errors : Our apologies...::We have encountered an issue with your request.::Our apologies?:We encountered an issue with your request.
[INFO ][2015-10-30 18:47:12,962][com.java.SeleniumDriver] [ 1520] - Length =3
[ERROR][2015-10-30 18:47:12,962][com.java.SeleniumDriver] [ 1523] - Error 0 = Our apologies...
[ERROR][2015-10-30 18:47:13,063][com.java.SeleniumDriver] [ 1523] - Error 1 = We have encountered an issue with your request.
[ERROR][2015-10-30 18:47:13,143][com.java.SeleniumDriver] [ 1523] - Error 2 = Our apologies?:We encountered an issue with your request.
[DEBUG][2015-10-30 18:47:13,213][com.java.SeleniumDriver] [ 1168] - Case found
[DEBUG][2015-10-30 18:47:13,213][com.java.SeleniumDriver] [ 1173] - Incrementing ReportCounters[0]:2
[INFO ][2015-10-30 18:47:13,213][com.java.SeleniumDriver] [ 1192] - The results are-------------------[14, 19, GL: Balance Sheet: Balance Sheet Report: Eliminations Negative Test, Fail, 
Test case failed at Step No. :: 19   Error Message ::  Element not found:Eliminations. Screen Shot : D:\BankersDashboard\TestReports\103015\14_103015_184712_IE11.png, Fri Oct 30 18:47:13 IST 2015]
[INFO ][2015-10-30 18:47:13,213][com.java.SeleniumDriver] [ 1196] - End time is-------1 min 36 sec
[INFO ][2015-10-30 18:47:13,213][com.java.SeleniumDriver] [ 1197] - The results are-------------------[14, 19, GL: Balance Sheet: Balance Sheet Report: Eliminations Negative Test, Fail, 
Test case failed at Step No. :: 19   Error Message ::  Element not found:Eliminations. Screen Shot : D:\BankersDashboard\TestReports\103015\14_103015_184712_IE11.png, Fri Oct 30 18:47:13 IST 2015]
[DEBUG][2015-10-30 18:47:13,213][com.java.ImportnExport.ExportTestResultsExcel] [  222] - testResultPath = D:\BankersDashboard/TestReports/Test Results_BankersDashBoard_103015_184538_IE11_Any Bank USA.xls
[DEBUG][2015-10-30 18:47:13,213][com.java.ImportnExport.ExportTestResultsExcel] [  223] - browser is------------IE11
[DEBUG][2015-10-30 18:47:13,213][com.java.ImportnExport.ExportTestResultsExcel] [  270] - result.size() = 6
[DEBUG][2015-10-30 18:47:13,213][com.java.ImportnExport.ExportTestResultsExcel] [  274] - No of rows in sheet=2
[DEBUG][2015-10-30 18:47:13,213][com.java.ImportnExport.ExportTestResultsExcel] [  301] - ..in export..14
[DEBUG][2015-10-30 18:47:13,213][com.java.ImportnExport.ExportTestResultsExcel] [  301] - ..in export..GL: Balance Sheet: Balance Sheet Report: Eliminations Negative Test
[DEBUG][2015-10-30 18:47:13,213][com.java.ImportnExport.ExportTestResultsExcel] [  301] - ..in export..Fail
[DEBUG][2015-10-30 18:47:13,213][com.java.ImportnExport.ExportTestResultsExcel] [  301] - ..in export..
Test case failed at Step No. :: 19   Error Message ::  Element not found:Eliminations. Screen Shot : D:\BankersDashboard\TestReports\103015\14_103015_184712_IE11.png
[DEBUG][2015-10-30 18:47:13,213][com.java.ImportnExport.ExportTestResultsExcel] [  301] - ..in export..Fri Oct 30 18:47:13 IST 2015
[INFO ][2015-10-30 18:47:13,213][com.java.SeleniumDriver] [ 1255] - out loop:1 size:2 TestCases:[1, 14] testcases:[1, 14]
[INFO ][2015-10-30 18:47:15,213][com.java.SeleniumDriver] [ 1297] - Total Number of Cases:2
[INFO ][2015-10-30 18:47:15,213][com.java.TemplateGenerator] [  302] - Executed:2
[INFO ][2015-10-30 18:47:15,213][com.java.TemplateGenerator] [  303] - Passed:1
[INFO ][2015-10-30 18:47:15,213][com.java.TemplateGenerator] [  304] - Failed:1
[INFO ][2015-10-30 18:47:15,213][com.java.TemplateGenerator] [  305] - Skipeed:0
[INFO ][2015-10-30 18:47:15,213][com.java.TemplateGenerator] [  306] - Application URL:https://clients-xuat.bankersdashboard.com
[INFO ][2015-10-30 18:47:15,213][com.java.TemplateGenerator] [  307] - Start Time:103015_184538
[INFO ][2015-10-30 18:47:15,213][com.java.TemplateGenerator] [  308] -  Creating HTML Report 
[ERROR][2015-10-30 18:47:15,213][com.java.TemplateGenerator] [  409] - Unparseable date: "Fri Oct 30 06:45:38 IST 2015"
[INFO ][2015-10-30 18:47:15,213][com.java.TemplateGenerator] [  654] -  Exporting case :: 1
[INFO ][2015-10-30 18:47:15,213][com.java.TemplateGenerator] [  654] -  Exporting case :: 14
[INFO ][2015-10-30 18:47:15,213][com.java.SeleniumDriver] [ 1346] - End Time:103015_184715
[INFO ][2015-10-30 18:47:15,213][com.java.SeleniumDriver] [ 1349] - Data in Test Execution Details:{1=PASS, 14=FAILTest case failed at Step No. :: 19   Error Message ::  Element not found:Eliminations}
[INFO ][2015-10-30 18:47:15,213][com.java.SeleniumDriver] [ 1350] - Data in Failed Execution Deatils:{}
[INFO ][2015-10-30 18:47:15,213][com.java.SeleniumDriver] [ 1352] - ReportCounter:Total:2 :: PASS: 1 ::FAIL: 1
[INFO ][2015-10-30 18:47:15,213][com.java.SeleniumDriver] [ 1353] - FailedReportCounter:Total:0 :: PASS: 0 ::FAIL: 0
[INFO ][2015-10-30 18:47:15,214][com.java.EmailTestReport] [   63] - Sending report mail details:
[INFO ][2015-10-30 18:47:15,214][com.java.EmailTestReport] [   80] - Excel Report Path:D:\BankersDashboard/TestReports/Test Results_BankersDashBoard_103015_184538_IE11_Any Bank USA.xls
[INFO ][2015-10-30 18:47:15,214][com.java.EmailTestReport] [   81] - HTML Report Path:D:\BankersDashboard//TestReports//Test Results_BankersDashBoard_103015_184538_IE11_Any Bank USA.html
[INFO ][2015-10-30 18:47:15,214][com.java.EmailTestReport] [   82] - smtpHostName:mail01.valuelabs.com
[INFO ][2015-10-30 18:47:15,214][com.java.EmailTestReport] [   83] - Recipient:venkateswararao.gubbala@valuelabs.com
[INFO ][2015-10-30 18:47:15,214][com.java.EmailTestReport] [   84] - From:venkateswararao.gubbala@valuelabs.com
[INFO ][2015-10-30 18:47:15,214][com.java.EmailTestReport] [   85] - Subject:DestinationRewards Automation Test Report - Any Bank USA - IE11
[INFO ][2015-10-30 18:47:15,244][com.java.EmailTestReport] [  143] -  Added venkateswararao.gubbala@valuelabs.com
[INFO ][2015-10-30 18:47:18,344][com.java.SeleniumDriver] [  719] - quitting the browser 
[INFO ][2015-10-30 18:47:19,564][com.java.SeleniumDriver] [  263] - Execution Completed Stopping the thread
