[INFO ][2015-10-27 18:49:36,055][com.java.SeleniumDriver] [  213] - Execute Failed Casesfalse
[INFO ][2015-10-27 18:49:36,055][com.java.SeleniumDriver] [  214] - Browser: IE11
[INFO ][2015-10-27 18:49:36,055][com.java.SeleniumDriver] [  215] - [2, 7, 10]
[INFO ][2015-10-27 18:49:36,055][com.java.SeleniumDriver] [  216] - Total TestCases:3
[INFO ][2015-10-27 18:49:36,055][com.java.SeleniumDriver] [  217] -  Reading Properties from Property File 
[DEBUG][2015-10-27 18:49:36,056][com.java.SeleniumDriver] [  238] - url : https://clients.xuat.bankersdashboard.com
[INFO ][2015-10-27 18:49:36,057][com.java.ImportnExport.ExportTestResultsExcel] [  116] - Time Stamp Tue Oct 27 06:49:36 IST 2015
[INFO ][2015-10-27 18:49:36,057][com.java.ImportnExport.ExportTestResultsExcel] [  175] - OUT FILE : D:\BankersDashboard/TestReports/Test Results_BankersDashBoard_102715_184936_IE11_Any Bank USA.xls
[INFO ][2015-10-27 18:49:36,084][com.java.ImportnExport.ExportTestResultsExcel] [  180] - Test Result file is created
[DEBUG][2015-10-27 18:49:36,183][com.java.SeleniumDriver] [  425] - Hub ip address is-------172.17.68.34
[INFO ][2015-10-27 18:49:36,184][com.java.SeleniumDriver] [  451] - Grid URL:http://172.17.68.34:4444/wd/hub
[INFO ][2015-10-27 18:49:36,184][com.java.SeleniumDriver] [  452] - Capability:Capabilities [{platform=ANY, ensureCleanSession=true, ignoreProtectedModeSettings=true, acceptSslCerts=true, ignoreZoomSetting=true, browserName=internet explorer, browserstack.ie.noFlash=true, version=Node1}]
[ERROR][2015-10-27 18:49:37,481][com.java.SeleniumDriver] [  496] - Unable invoke browser in grid:Could not start a new session. Possible causes are invalid address of the remote server or browser start-up failure.
Build info: version: '2.48.2', revision: '41bccdd', time: '2015-10-09 19:59:12'
System info: host: 'FVTIII438F1D', ip: '172.17.68.34', os.name: 'Windows 7', os.arch: 'x86', os.version: '6.1', java.version: '1.7.0_55'
Driver info: driver.version: SeleniumDriver
[INFO ][2015-10-27 18:49:37,481][com.java.SeleniumDriver] [  498] - Executing on local machine
[INFO ][2015-10-27 18:49:46,969][com.java.SeleniumDriver] [  248] - IE11is opened
[INFO ][2015-10-27 18:49:47,686][com.java.SeleniumDriver] [  752] - Test cases to be executed are: [2, 7, 10]
[INFO ][2015-10-27 18:49:47,687][com.java.ImportnExport.ImportTestDataDetailsExcel] [   49] - test data details path===== D:\BankersDashboard\TestInputs\TestData.xls
[INFO ][2015-10-27 18:49:48,538][com.java.SeleniumDriver] [  790] - ------------------------------------------
[INFO ][2015-10-27 18:49:48,538][com.java.SeleniumDriver] [  791] - Test case being Executed: 2
[INFO ][2015-10-27 18:49:48,554][com.java.SeleniumDriver] [  802] - Test step:1
[INFO ][2015-10-27 18:49:48,554][com.java.SeleniumDriver] [  814] - Datavalue is----------Concept#1:1-14
[INFO ][2015-10-27 18:49:48,554][com.java.SeleniumDriver] [  838] - DataField : test
[INFO ][2015-10-27 18:49:48,554][com.java.SeleniumDriver] [  840] - DataValue : Concept#1:1-14
[INFO ][2015-10-27 18:49:48,554][com.java.SeleniumDriver] [  846] - <In Set values of the page>
[INFO ][2015-10-27 18:49:48,554][com.java.SeleniumDriver] [  849] - {Data Fields & Data Values Exist}
[INFO ][2015-10-27 18:49:48,554][com.java.SeleniumDriver] [  851] - --------------------------setting values-----------------------------
[INFO ][2015-10-27 18:49:48,555][com.java.SeleniumDriver] [  854] - Action Type : ExecuteTestCase
[INFO ][2015-10-27 18:49:48,574][com.java.TestType] [  353] - The Concept sheet name is ---------- Concept
[INFO ][2015-10-27 18:49:48,574][com.java.TestType] [  355] - The Concept ID  is ---------- 1
[DEBUG][2015-10-27 18:49:48,574][com.java.TestType] [  357] - Steps being executted in the Concept are: 1:14
[INFO ][2015-10-27 18:49:48,574][com.java.TestType] [  361] - Test data details path ---------- D:\BankersDashboard\TestInputs\TestData.xls
[INFO ][2015-10-27 18:49:48,605][com.java.TestType] [  385] -  str(1) = 1
[INFO ][2015-10-27 18:49:48,605][com.java.TestType] [  388] - Test case Id is---1
[INFO ][2015-10-27 18:49:48,605][com.java.TestType] [  390] - 1
[INFO ][2015-10-27 18:49:48,605][com.java.TestType] [  385] -  str(2) = 1
[INFO ][2015-10-27 18:49:48,608][com.java.TestType] [  435] - row values are--------{1=com.java.Objects.TestDataDetails@1426497}
[INFO ][2015-10-27 18:49:48,608][com.java.TestType] [  385] -  str(1) = 1
[INFO ][2015-10-27 18:49:48,608][com.java.TestType] [  388] - Test case Id is---1
[INFO ][2015-10-27 18:49:48,608][com.java.TestType] [  390] - 1
[INFO ][2015-10-27 18:49:48,608][com.java.TestType] [  385] -  str(2) = 2
[INFO ][2015-10-27 18:49:48,611][com.java.TestType] [  435] - row values are--------{1=com.java.Objects.TestDataDetails@1426497, 2=com.java.Objects.TestDataDetails@15d2461}
[INFO ][2015-10-27 18:49:48,611][com.java.TestType] [  385] -  str(1) = 1
[INFO ][2015-10-27 18:49:48,612][com.java.TestType] [  388] - Test case Id is---1
[INFO ][2015-10-27 18:49:48,612][com.java.TestType] [  390] - 1
[INFO ][2015-10-27 18:49:48,612][com.java.TestType] [  385] -  str(2) = 3
[INFO ][2015-10-27 18:49:48,613][com.java.TestType] [  435] - row values are--------{1=com.java.Objects.TestDataDetails@1426497, 2=com.java.Objects.TestDataDetails@15d2461, 3=com.java.Objects.TestDataDetails@27ca20}
[INFO ][2015-10-27 18:49:48,613][com.java.TestType] [  385] -  str(1) = 1
[INFO ][2015-10-27 18:49:48,613][com.java.TestType] [  388] - Test case Id is---1
[INFO ][2015-10-27 18:49:48,613][com.java.TestType] [  390] - 1
[INFO ][2015-10-27 18:49:48,614][com.java.TestType] [  385] -  str(2) = 4
[INFO ][2015-10-27 18:49:48,615][com.java.TestType] [  435] - row values are--------{1=com.java.Objects.TestDataDetails@1426497, 2=com.java.Objects.TestDataDetails@15d2461, 3=com.java.Objects.TestDataDetails@27ca20, 4=com.java.Objects.TestDataDetails@16fb175}
[INFO ][2015-10-27 18:49:48,615][com.java.TestType] [  385] -  str(1) = 1
[INFO ][2015-10-27 18:49:48,615][com.java.TestType] [  388] - Test case Id is---1
[INFO ][2015-10-27 18:49:48,615][com.java.TestType] [  390] - 1
[INFO ][2015-10-27 18:49:48,615][com.java.TestType] [  385] -  str(2) = 5
[INFO ][2015-10-27 18:49:48,617][com.java.TestType] [  435] - row values are--------{1=com.java.Objects.TestDataDetails@1426497, 2=com.java.Objects.TestDataDetails@15d2461, 3=com.java.Objects.TestDataDetails@27ca20, 4=com.java.Objects.TestDataDetails@16fb175, 5=com.java.Objects.TestDataDetails@1fa92be}
[INFO ][2015-10-27 18:49:48,617][com.java.TestType] [  385] -  str(1) = 1
[INFO ][2015-10-27 18:49:48,617][com.java.TestType] [  388] - Test case Id is---1
[INFO ][2015-10-27 18:49:48,617][com.java.TestType] [  390] - 1
[INFO ][2015-10-27 18:49:48,617][com.java.TestType] [  385] -  str(2) = 6
[INFO ][2015-10-27 18:49:48,618][com.java.TestType] [  435] - row values are--------{1=com.java.Objects.TestDataDetails@1426497, 2=com.java.Objects.TestDataDetails@15d2461, 3=com.java.Objects.TestDataDetails@27ca20, 4=com.java.Objects.TestDataDetails@16fb175, 5=com.java.Objects.TestDataDetails@1fa92be, 6=com.java.Objects.TestDataDetails@ee479}
[INFO ][2015-10-27 18:49:48,618][com.java.TestType] [  385] -  str(1) = 1
[INFO ][2015-10-27 18:49:48,618][com.java.TestType] [  388] - Test case Id is---1
[INFO ][2015-10-27 18:49:48,618][com.java.TestType] [  390] - 1
[INFO ][2015-10-27 18:49:48,619][com.java.TestType] [  385] -  str(2) = 7
[INFO ][2015-10-27 18:49:48,619][com.java.TestType] [  435] - row values are--------{1=com.java.Objects.TestDataDetails@1426497, 2=com.java.Objects.TestDataDetails@15d2461, 3=com.java.Objects.TestDataDetails@27ca20, 4=com.java.Objects.TestDataDetails@16fb175, 5=com.java.Objects.TestDataDetails@1fa92be, 6=com.java.Objects.TestDataDetails@ee479, 7=com.java.Objects.TestDataDetails@1ee6f88}
[INFO ][2015-10-27 18:49:48,619][com.java.TestType] [  385] -  str(1) = 1
[INFO ][2015-10-27 18:49:48,620][com.java.TestType] [  388] - Test case Id is---1
[INFO ][2015-10-27 18:49:48,620][com.java.TestType] [  390] - 1
[INFO ][2015-10-27 18:49:48,620][com.java.TestType] [  385] -  str(2) = 8
[INFO ][2015-10-27 18:49:48,621][com.java.TestType] [  435] - row values are--------{1=com.java.Objects.TestDataDetails@1426497, 2=com.java.Objects.TestDataDetails@15d2461, 3=com.java.Objects.TestDataDetails@27ca20, 4=com.java.Objects.TestDataDetails@16fb175, 5=com.java.Objects.TestDataDetails@1fa92be, 6=com.java.Objects.TestDataDetails@ee479, 7=com.java.Objects.TestDataDetails@1ee6f88, 8=com.java.Objects.TestDataDetails@b8460f}
[INFO ][2015-10-27 18:49:48,621][com.java.TestType] [  385] -  str(1) = 1
[INFO ][2015-10-27 18:49:48,622][com.java.TestType] [  388] - Test case Id is---1
[INFO ][2015-10-27 18:49:48,622][com.java.TestType] [  390] - 1
[INFO ][2015-10-27 18:49:48,622][com.java.TestType] [  385] -  str(2) = 9
[INFO ][2015-10-27 18:49:48,622][com.java.TestType] [  435] - row values are--------{1=com.java.Objects.TestDataDetails@1426497, 2=com.java.Objects.TestDataDetails@15d2461, 3=com.java.Objects.TestDataDetails@27ca20, 4=com.java.Objects.TestDataDetails@16fb175, 5=com.java.Objects.TestDataDetails@1fa92be, 6=com.java.Objects.TestDataDetails@ee479, 7=com.java.Objects.TestDataDetails@1ee6f88, 8=com.java.Objects.TestDataDetails@b8460f, 9=com.java.Objects.TestDataDetails@f30883}
[INFO ][2015-10-27 18:49:48,623][com.java.TestType] [  385] -  str(1) = 1
[INFO ][2015-10-27 18:49:48,623][com.java.TestType] [  388] - Test case Id is---1
[INFO ][2015-10-27 18:49:48,623][com.java.TestType] [  390] - 1
[INFO ][2015-10-27 18:49:48,623][com.java.TestType] [  385] -  str(2) = 10
[INFO ][2015-10-27 18:49:48,624][com.java.TestType] [  435] - row values are--------{1=com.java.Objects.TestDataDetails@1426497, 2=com.java.Objects.TestDataDetails@15d2461, 3=com.java.Objects.TestDataDetails@27ca20, 4=com.java.Objects.TestDataDetails@16fb175, 5=com.java.Objects.TestDataDetails@1fa92be, 6=com.java.Objects.TestDataDetails@ee479, 7=com.java.Objects.TestDataDetails@1ee6f88, 8=com.java.Objects.TestDataDetails@b8460f, 9=com.java.Objects.TestDataDetails@f30883, 10=com.java.Objects.TestDataDetails@abd854}
[INFO ][2015-10-27 18:49:48,624][com.java.TestType] [  385] -  str(1) = 1
[INFO ][2015-10-27 18:49:48,624][com.java.TestType] [  388] - Test case Id is---1
[INFO ][2015-10-27 18:49:48,624][com.java.TestType] [  390] - 1
[INFO ][2015-10-27 18:49:48,624][com.java.TestType] [  385] -  str(2) = 11
[INFO ][2015-10-27 18:49:48,625][com.java.TestType] [  435] - row values are--------{1=com.java.Objects.TestDataDetails@1426497, 2=com.java.Objects.TestDataDetails@15d2461, 3=com.java.Objects.TestDataDetails@27ca20, 4=com.java.Objects.TestDataDetails@16fb175, 5=com.java.Objects.TestDataDetails@1fa92be, 6=com.java.Objects.TestDataDetails@ee479, 7=com.java.Objects.TestDataDetails@1ee6f88, 8=com.java.Objects.TestDataDetails@b8460f, 9=com.java.Objects.TestDataDetails@f30883, 10=com.java.Objects.TestDataDetails@abd854, 11=com.java.Objects.TestDataDetails@f73c55}
[INFO ][2015-10-27 18:49:48,625][com.java.TestType] [  385] -  str(1) = 1
[INFO ][2015-10-27 18:49:48,625][com.java.TestType] [  388] - Test case Id is---1
[INFO ][2015-10-27 18:49:48,625][com.java.TestType] [  390] - 1
[INFO ][2015-10-27 18:49:48,625][com.java.TestType] [  385] -  str(2) = 12
[INFO ][2015-10-27 18:49:48,626][com.java.TestType] [  435] - row values are--------{1=com.java.Objects.TestDataDetails@1426497, 2=com.java.Objects.TestDataDetails@15d2461, 3=com.java.Objects.TestDataDetails@27ca20, 4=com.java.Objects.TestDataDetails@16fb175, 5=com.java.Objects.TestDataDetails@1fa92be, 6=com.java.Objects.TestDataDetails@ee479, 7=com.java.Objects.TestDataDetails@1ee6f88, 8=com.java.Objects.TestDataDetails@b8460f, 9=com.java.Objects.TestDataDetails@f30883, 10=com.java.Objects.TestDataDetails@abd854, 11=com.java.Objects.TestDataDetails@f73c55, 12=com.java.Objects.TestDataDetails@12f2fa7}
[INFO ][2015-10-27 18:49:48,626][com.java.TestType] [  385] -  str(1) = 1
[INFO ][2015-10-27 18:49:48,626][com.java.TestType] [  388] - Test case Id is---1
[INFO ][2015-10-27 18:49:48,626][com.java.TestType] [  390] - 1
[INFO ][2015-10-27 18:49:48,626][com.java.TestType] [  385] -  str(2) = 13
[INFO ][2015-10-27 18:49:48,627][com.java.TestType] [  435] - row values are--------{1=com.java.Objects.TestDataDetails@1426497, 2=com.java.Objects.TestDataDetails@15d2461, 3=com.java.Objects.TestDataDetails@27ca20, 4=com.java.Objects.TestDataDetails@16fb175, 5=com.java.Objects.TestDataDetails@1fa92be, 6=com.java.Objects.TestDataDetails@ee479, 7=com.java.Objects.TestDataDetails@1ee6f88, 8=com.java.Objects.TestDataDetails@b8460f, 9=com.java.Objects.TestDataDetails@f30883, 10=com.java.Objects.TestDataDetails@abd854, 11=com.java.Objects.TestDataDetails@f73c55, 12=com.java.Objects.TestDataDetails@12f2fa7, 13=com.java.Objects.TestDataDetails@2f6e67}
[INFO ][2015-10-27 18:49:48,627][com.java.TestType] [  385] -  str(1) = 1
[INFO ][2015-10-27 18:49:48,627][com.java.TestType] [  388] - Test case Id is---1
[INFO ][2015-10-27 18:49:48,627][com.java.TestType] [  390] - 1
[INFO ][2015-10-27 18:49:48,627][com.java.TestType] [  385] -  str(2) = 14
[INFO ][2015-10-27 18:49:48,628][com.java.TestType] [  435] - row values are--------{1=com.java.Objects.TestDataDetails@1426497, 2=com.java.Objects.TestDataDetails@15d2461, 3=com.java.Objects.TestDataDetails@27ca20, 4=com.java.Objects.TestDataDetails@16fb175, 5=com.java.Objects.TestDataDetails@1fa92be, 6=com.java.Objects.TestDataDetails@ee479, 7=com.java.Objects.TestDataDetails@1ee6f88, 8=com.java.Objects.TestDataDetails@b8460f, 9=com.java.Objects.TestDataDetails@f30883, 10=com.java.Objects.TestDataDetails@abd854, 11=com.java.Objects.TestDataDetails@f73c55, 12=com.java.Objects.TestDataDetails@12f2fa7, 13=com.java.Objects.TestDataDetails@2f6e67, 14=com.java.Objects.TestDataDetails@ec8f6e}
[INFO ][2015-10-27 18:49:48,628][com.java.TestType] [ 6337] - Looping 1TCID = 1
[DEBUG][2015-10-27 18:49:48,628][com.java.TestType] [ 6348] - Concept ID:1 :: Step being Executed: 1::1
[INFO ][2015-10-27 18:49:48,628][com.java.TestType] [ 6381] - dataFields : TXTusername
[DEBUG][2015-10-27 18:49:48,628][com.java.TestType] [ 6386] - <In Set values of the page>
[DEBUG][2015-10-27 18:49:48,631][com.java.TestType] [ 6390] - {Data Fields & Data Values Exist}
[INFO ][2015-10-27 18:49:48,631][com.java.TestType] [ 6394] - --------------------------setting values-----------------------------
[INFO ][2015-10-27 18:49:48,631][com.java.TestType] [ 6397] - Action Type : CLEARANDENTER
[INFO ][2015-10-27 18:49:48,631][com.java.TestType] [ 2981] - value = naresh.nayini.00000
[INFO ][2015-10-27 18:49:51,256][com.java.TestType] [ 6408] -  RESULT true
[INFO ][2015-10-27 18:49:51,256][com.java.TestType] [ 6512] - ?   P A S S   ?
[DEBUG][2015-10-27 18:49:51,256][com.java.TestType] [ 6348] - Concept ID:1 :: Step being Executed: 1::2
[INFO ][2015-10-27 18:49:51,256][com.java.TestType] [ 6381] - dataFields : TXTpassword
[DEBUG][2015-10-27 18:49:51,257][com.java.TestType] [ 6386] - <In Set values of the page>
[DEBUG][2015-10-27 18:49:51,257][com.java.TestType] [ 6390] - {Data Fields & Data Values Exist}
[INFO ][2015-10-27 18:49:51,257][com.java.TestType] [ 6394] - --------------------------setting values-----------------------------
[INFO ][2015-10-27 18:49:51,257][com.java.TestType] [ 6397] - Action Type : CLEARANDENTER
[INFO ][2015-10-27 18:49:51,257][com.java.TestType] [ 2981] - value = Password1*
[INFO ][2015-10-27 18:49:53,986][com.java.TestType] [ 6408] -  RESULT true
[INFO ][2015-10-27 18:49:53,986][com.java.TestType] [ 6512] - ?   P A S S   ?
[DEBUG][2015-10-27 18:49:53,987][com.java.TestType] [ 6348] - Concept ID:1 :: Step being Executed: 1::3
[ERROR][2015-10-27 18:49:53,987][com.java.TestType] [ 6376] - Exception: null
[INFO ][2015-10-27 18:49:53,987][com.java.TestType] [ 6381] - dataFields : XPH//button[@type='submit']
[DEBUG][2015-10-27 18:49:53,987][com.java.TestType] [ 6386] - <In Set values of the page>
[DEBUG][2015-10-27 18:49:53,987][com.java.TestType] [ 6390] - {Data Fields & Data Values Exist}
[INFO ][2015-10-27 18:49:53,987][com.java.TestType] [ 6394] - --------------------------setting values-----------------------------
[INFO ][2015-10-27 18:49:53,987][com.java.TestType] [ 6397] - Action Type : Click
[INFO ][2015-10-27 18:49:53,987][com.java.TestType] [ 3258] - Field ::XPH//button[@type='submit']
[INFO ][2015-10-27 18:49:54,988][com.java.TestType] [ 3309] - BEFORE CLICK
[INFO ][2015-10-27 18:50:00,553][com.java.TestType] [ 3315] - Unable to click the object Login
[INFO ][2015-10-27 18:50:00,553][com.java.TestType] [ 6408] -  RESULT true
[INFO ][2015-10-27 18:50:00,553][com.java.TestType] [ 6512] - ?   P A S S   ?
[DEBUG][2015-10-27 18:50:00,553][com.java.TestType] [ 6348] - Concept ID:1 :: Step being Executed: 1::4
[INFO ][2015-10-27 18:50:00,553][com.java.TestType] [ 6381] - dataFields : LNKLogout
[DEBUG][2015-10-27 18:50:00,553][com.java.TestType] [ 6386] - <In Set values of the page>
[DEBUG][2015-10-27 18:50:00,553][com.java.TestType] [ 6390] - {Data Fields & Data Values Exist}
[INFO ][2015-10-27 18:50:00,553][com.java.TestType] [ 6394] - --------------------------setting values-----------------------------
[INFO ][2015-10-27 18:50:00,553][com.java.TestType] [ 6397] - Action Type : WaitForElement
[INFO ][2015-10-27 18:50:02,733][com.java.TestType] [ 6408] -  RESULT true
[INFO ][2015-10-27 18:50:02,733][com.java.TestType] [ 6512] - ?   P A S S   ?
[DEBUG][2015-10-27 18:50:02,733][com.java.TestType] [ 6348] - Concept ID:1 :: Step being Executed: 1::13
[INFO ][2015-10-27 18:50:02,733][com.java.TestType] [ 6381] - dataFields : LGN
[DEBUG][2015-10-27 18:50:02,734][com.java.TestType] [ 6386] - <In Set values of the page>
[DEBUG][2015-10-27 18:50:02,734][com.java.TestType] [ 6390] - {Data Fields & Data Values Exist}
[INFO ][2015-10-27 18:50:02,734][com.java.TestType] [ 6394] - --------------------------setting values-----------------------------
[INFO ][2015-10-27 18:50:02,734][com.java.TestType] [ 6397] - Action Type : Verify
[INFO ][2015-10-27 18:50:02,734][com.java.TestType] [ 3897] - field= LGN value= Username
[INFO ][2015-10-27 18:50:02,735][com.java.TestType] [ 2981] - value = Username
[INFO ][2015-10-27 18:50:02,889][com.java.TestType] [ 6408] -  RESULT true
[INFO ][2015-10-27 18:50:02,889][com.java.TestType] [ 6512] - ?   P A S S   ?
[DEBUG][2015-10-27 18:50:02,889][com.java.TestType] [ 6348] - Concept ID:1 :: Step being Executed: 1::14
[INFO ][2015-10-27 18:50:02,889][com.java.TestType] [ 6381] - dataFields : LNK
[DEBUG][2015-10-27 18:50:02,889][com.java.TestType] [ 6386] - <In Set values of the page>
[DEBUG][2015-10-27 18:50:02,889][com.java.TestType] [ 6390] - {Data Fields & Data Values Exist}
[INFO ][2015-10-27 18:50:02,890][com.java.TestType] [ 6394] - --------------------------setting values-----------------------------
[INFO ][2015-10-27 18:50:02,890][com.java.TestType] [ 6397] - Action Type : Verify
[INFO ][2015-10-27 18:50:02,890][com.java.TestType] [ 3897] - field= LNK value= Logout
[INFO ][2015-10-27 18:50:02,890][com.java.TestType] [ 2981] - value = Logout
[INFO ][2015-10-27 18:50:05,050][com.java.TestType] [ 6408] -  RESULT true
[INFO ][2015-10-27 18:50:05,050][com.java.TestType] [ 6512] - ?   P A S S   ?
[INFO ][2015-10-27 18:50:05,050][com.java.TestType] [ 6565] - Looping End......
[INFO ][2015-10-27 18:50:05,054][com.java.SeleniumDriver] [  863] -  RESULT true
[INFO ][2015-10-27 18:50:05,054][com.java.SeleniumDriver] [ 1052] - ?   P A S S   ?
[INFO ][2015-10-27 18:50:05,054][com.java.SeleniumDriver] [  790] - ------------------------------------------
[INFO ][2015-10-27 18:50:05,054][com.java.SeleniumDriver] [  791] - Test case being Executed: 2
[INFO ][2015-10-27 18:50:05,055][com.java.SeleniumDriver] [  802] - Test step:2
[INFO ][2015-10-27 18:50:05,055][com.java.SeleniumDriver] [  814] - Datavalue is----------Concept#2:1-2
[INFO ][2015-10-27 18:50:05,055][com.java.SeleniumDriver] [  838] - DataField : test
[INFO ][2015-10-27 18:50:05,055][com.java.SeleniumDriver] [  840] - DataValue : Concept#2:1-2
[INFO ][2015-10-27 18:50:05,055][com.java.SeleniumDriver] [  846] - <In Set values of the page>
[INFO ][2015-10-27 18:50:05,055][com.java.SeleniumDriver] [  849] - {Data Fields & Data Values Exist}
[INFO ][2015-10-27 18:50:05,055][com.java.SeleniumDriver] [  851] - --------------------------setting values-----------------------------
[INFO ][2015-10-27 18:50:05,055][com.java.SeleniumDriver] [  854] - Action Type : ExecuteTestCase
[INFO ][2015-10-27 18:50:05,055][com.java.TestType] [  353] - The Concept sheet name is ---------- Concept
[INFO ][2015-10-27 18:50:05,055][com.java.TestType] [  355] - The Concept ID  is ---------- 2
[DEBUG][2015-10-27 18:50:05,056][com.java.TestType] [  357] - Steps being executted in the Concept are: 1:2
[INFO ][2015-10-27 18:50:05,056][com.java.TestType] [  361] - Test data details path ---------- D:\BankersDashboard\TestInputs\TestData.xls
[INFO ][2015-10-27 18:50:05,087][com.java.TestType] [  385] -  str(1) = 2
[INFO ][2015-10-27 18:50:05,088][com.java.TestType] [  388] - Test case Id is---2
[INFO ][2015-10-27 18:50:05,088][com.java.TestType] [  390] - 2
[INFO ][2015-10-27 18:50:05,088][com.java.TestType] [  385] -  str(2) = 1
[INFO ][2015-10-27 18:50:05,090][com.java.TestType] [  435] - row values are--------{1=com.java.Objects.TestDataDetails@f0916c}
[INFO ][2015-10-27 18:50:05,090][com.java.TestType] [  385] -  str(1) = 2
[INFO ][2015-10-27 18:50:05,090][com.java.TestType] [  388] - Test case Id is---2
[INFO ][2015-10-27 18:50:05,090][com.java.TestType] [  390] - 2
[INFO ][2015-10-27 18:50:05,090][com.java.TestType] [  385] -  str(2) = 2
[INFO ][2015-10-27 18:50:05,090][com.java.TestType] [  435] - row values are--------{1=com.java.Objects.TestDataDetails@f0916c, 2=com.java.Objects.TestDataDetails@1986e63}
[INFO ][2015-10-27 18:50:05,091][com.java.TestType] [ 6337] - Looping 1TCID = 2
[DEBUG][2015-10-27 18:50:05,091][com.java.TestType] [ 6348] - Concept ID:2 :: Step being Executed: 2::1
[INFO ][2015-10-27 18:50:05,091][com.java.TestType] [ 6381] - dataFields : BNK//select[@id='bank']
[DEBUG][2015-10-27 18:50:05,091][com.java.TestType] [ 6386] - <In Set values of the page>
[DEBUG][2015-10-27 18:50:05,091][com.java.TestType] [ 6390] - {Data Fields & Data Values Exist}
[INFO ][2015-10-27 18:50:05,091][com.java.TestType] [ 6394] - --------------------------setting values-----------------------------
[INFO ][2015-10-27 18:50:05,091][com.java.TestType] [ 6397] - Action Type : Select
[INFO ][2015-10-27 18:50:05,091][com.java.TestType] [ 2981] - value = PFC
[INFO ][2015-10-27 18:50:05,331][com.java.TestType] [ 6408] -  RESULT true
[INFO ][2015-10-27 18:50:05,331][com.java.TestType] [ 6512] - ?   P A S S   ?
[DEBUG][2015-10-27 18:50:05,331][com.java.TestType] [ 6348] - Concept ID:2 :: Step being Executed: 2::2
[INFO ][2015-10-27 18:50:05,331][com.java.TestType] [ 6381] - dataFields : LNKLogout
[DEBUG][2015-10-27 18:50:05,331][com.java.TestType] [ 6386] - <In Set values of the page>
[DEBUG][2015-10-27 18:50:05,331][com.java.TestType] [ 6390] - {Data Fields & Data Values Exist}
[INFO ][2015-10-27 18:50:05,331][com.java.TestType] [ 6394] - --------------------------setting values-----------------------------
[INFO ][2015-10-27 18:50:05,332][com.java.TestType] [ 6397] - Action Type : WaitForElement
[INFO ][2015-10-27 18:50:07,475][com.java.TestType] [ 6408] -  RESULT true
[INFO ][2015-10-27 18:50:07,475][com.java.TestType] [ 6512] - ?   P A S S   ?
[INFO ][2015-10-27 18:50:07,475][com.java.TestType] [ 6565] - Looping End......
[INFO ][2015-10-27 18:50:07,479][com.java.SeleniumDriver] [  863] -  RESULT true
[INFO ][2015-10-27 18:50:07,479][com.java.SeleniumDriver] [ 1052] - ?   P A S S   ?
[DEBUG][2015-10-27 18:50:07,479][com.java.SeleniumDriver] [ 1154] - Case found
[DEBUG][2015-10-27 18:50:07,479][com.java.SeleniumDriver] [ 1159] - Incrementing ReportCounters[0]:1
[INFO ][2015-10-27 18:50:07,479][com.java.SeleniumDriver] [ 1178] - The results are-------------------[2, 1, Valid Login, Pass, , Tue Oct 27 18:50:05 IST 2015, 2, 2, Valid Login, Pass, , Tue Oct 27 18:50:07 IST 2015]
[INFO ][2015-10-27 18:50:07,480][com.java.SeleniumDriver] [ 1182] - End time is-------33 sec
[INFO ][2015-10-27 18:50:07,480][com.java.SeleniumDriver] [ 1183] - The results are-------------------[2, 1, Valid Login, Pass, , Tue Oct 27 18:50:05 IST 2015, 2, 2, Valid Login, Pass, , Tue Oct 27 18:50:07 IST 2015]
[DEBUG][2015-10-27 18:50:07,480][com.java.ImportnExport.ExportTestResultsExcel] [  222] - testResultPath = D:\BankersDashboard/TestReports/Test Results_BankersDashBoard_102715_184936_IE11_Any Bank USA.xls
[DEBUG][2015-10-27 18:50:07,480][com.java.ImportnExport.ExportTestResultsExcel] [  223] - browser is------------IE11
[DEBUG][2015-10-27 18:50:07,523][com.java.ImportnExport.ExportTestResultsExcel] [  270] - result.size() = 12
[DEBUG][2015-10-27 18:50:07,523][com.java.ImportnExport.ExportTestResultsExcel] [  274] - No of rows in sheet=1
[DEBUG][2015-10-27 18:50:07,524][com.java.ImportnExport.ExportTestResultsExcel] [  301] - ..in export..2
[DEBUG][2015-10-27 18:50:07,524][com.java.ImportnExport.ExportTestResultsExcel] [  301] - ..in export..Valid Login
[DEBUG][2015-10-27 18:50:07,524][com.java.ImportnExport.ExportTestResultsExcel] [  301] - ..in export..Pass
[DEBUG][2015-10-27 18:50:07,524][com.java.ImportnExport.ExportTestResultsExcel] [  301] - ..in export..
[DEBUG][2015-10-27 18:50:07,524][com.java.ImportnExport.ExportTestResultsExcel] [  301] - ..in export..Tue Oct 27 18:50:05 IST 2015
[INFO ][2015-10-27 18:50:07,526][com.java.SeleniumDriver] [ 1241] - out loop:0 size:3 TestCases:[2, 7, 10] testcases:[2, 7, 10]
[INFO ][2015-10-27 18:50:07,526][com.java.ImportnExport.ImportTestDataDetailsExcel] [   49] - test data details path===== D:\BankersDashboard\TestInputs\TestData.xls
[INFO ][2015-10-27 18:50:10,858][com.java.SeleniumDriver] [  790] - ------------------------------------------
[INFO ][2015-10-27 18:50:10,858][com.java.SeleniumDriver] [  791] - Test case being Executed: 7
[INFO ][2015-10-27 18:50:10,859][com.java.SeleniumDriver] [  802] - Test step:1
[INFO ][2015-10-27 18:50:10,859][com.java.SeleniumDriver] [  814] - Datavalue is----------Logout
[INFO ][2015-10-27 18:50:10,859][com.java.SeleniumDriver] [  838] - DataField : BTN
[INFO ][2015-10-27 18:50:10,859][com.java.SeleniumDriver] [  840] - DataValue : Logout
[INFO ][2015-10-27 18:50:10,859][com.java.SeleniumDriver] [  846] - <In Set values of the page>
[INFO ][2015-10-27 18:50:10,859][com.java.SeleniumDriver] [  849] - {Data Fields & Data Values Exist}
[INFO ][2015-10-27 18:50:10,859][com.java.SeleniumDriver] [  851] - --------------------------setting values-----------------------------
[INFO ][2015-10-27 18:50:10,859][com.java.SeleniumDriver] [  854] - Action Type : Verify
[INFO ][2015-10-27 18:50:10,859][com.java.TestType] [ 3897] - field= BTN value= Logout
[INFO ][2015-10-27 18:50:10,859][com.java.TestType] [ 2981] - value = Logout
[INFO ][2015-10-27 18:50:13,124][com.java.SeleniumDriver] [  863] -  RESULT true
[INFO ][2015-10-27 18:50:13,124][com.java.SeleniumDriver] [ 1052] - ?   P A S S   ?
[INFO ][2015-10-27 18:50:13,124][com.java.SeleniumDriver] [ 1094] - step change to 3
[INFO ][2015-10-27 18:50:13,124][com.java.SeleniumDriver] [  790] - ------------------------------------------
[INFO ][2015-10-27 18:50:13,124][com.java.SeleniumDriver] [  791] - Test case being Executed: 7
[INFO ][2015-10-27 18:50:13,124][com.java.SeleniumDriver] [  802] - Test step:3
[INFO ][2015-10-27 18:50:13,124][com.java.SeleniumDriver] [  814] - Datavalue is----------2
[INFO ][2015-10-27 18:50:13,124][com.java.SeleniumDriver] [  838] - DataField : BTNG/L
[INFO ][2015-10-27 18:50:13,125][com.java.SeleniumDriver] [  840] - DataValue : 2
[INFO ][2015-10-27 18:50:13,125][com.java.SeleniumDriver] [  846] - <In Set values of the page>
[INFO ][2015-10-27 18:50:13,125][com.java.SeleniumDriver] [  849] - {Data Fields & Data Values Exist}
[INFO ][2015-10-27 18:50:13,125][com.java.SeleniumDriver] [  851] - --------------------------setting values-----------------------------
[INFO ][2015-10-27 18:50:13,125][com.java.SeleniumDriver] [  854] - Action Type : WAITFORELEMENT
[INFO ][2015-10-27 18:50:15,322][com.java.SeleniumDriver] [  863] -  RESULT true
[INFO ][2015-10-27 18:50:15,322][com.java.SeleniumDriver] [ 1052] - ?   P A S S   ?
[INFO ][2015-10-27 18:50:15,322][com.java.SeleniumDriver] [  790] - ------------------------------------------
[INFO ][2015-10-27 18:50:15,322][com.java.SeleniumDriver] [  791] - Test case being Executed: 7
[INFO ][2015-10-27 18:50:15,322][com.java.SeleniumDriver] [  802] - Test step:4
[INFO ][2015-10-27 18:50:15,322][com.java.SeleniumDriver] [  814] - Datavalue is----------null
[DEBUG][2015-10-27 18:50:15,323][com.java.SeleniumDriver] [  832] - Exception: null
[INFO ][2015-10-27 18:50:15,323][com.java.SeleniumDriver] [  838] - DataField : //span[@class='icon-stats']&&Forecasting
[INFO ][2015-10-27 18:50:15,323][com.java.SeleniumDriver] [  840] - DataValue : 
[INFO ][2015-10-27 18:50:15,323][com.java.SeleniumDriver] [  846] - <In Set values of the page>
[INFO ][2015-10-27 18:50:15,323][com.java.SeleniumDriver] [  849] - {Data Fields & Data Values Exist}
[INFO ][2015-10-27 18:50:15,323][com.java.SeleniumDriver] [  851] - --------------------------setting values-----------------------------
[INFO ][2015-10-27 18:50:15,323][com.java.SeleniumDriver] [  854] - Action Type : MOUSEOVER
[INFO ][2015-10-27 18:50:22,539][com.java.SeleniumDriver] [  863] -  RESULT true
[INFO ][2015-10-27 18:50:22,539][com.java.SeleniumDriver] [ 1052] - ?   P A S S   ?
[INFO ][2015-10-27 18:50:22,539][com.java.SeleniumDriver] [  790] - ------------------------------------------
[INFO ][2015-10-27 18:50:22,539][com.java.SeleniumDriver] [  791] - Test case being Executed: 7
[INFO ][2015-10-27 18:50:22,539][com.java.SeleniumDriver] [  802] - Test step:5
[INFO ][2015-10-27 18:50:22,539][com.java.SeleniumDriver] [  814] - Datavalue is----------10
[INFO ][2015-10-27 18:50:22,539][com.java.SeleniumDriver] [  838] - DataField : null
[INFO ][2015-10-27 18:50:22,539][com.java.SeleniumDriver] [  840] - DataValue : 10
[INFO ][2015-10-27 18:50:22,539][com.java.SeleniumDriver] [  846] - <In Set values of the page>
[INFO ][2015-10-27 18:50:22,539][com.java.SeleniumDriver] [  849] - {Data Fields & Data Values Exist}
[INFO ][2015-10-27 18:50:22,539][com.java.SeleniumDriver] [  851] - --------------------------setting values-----------------------------
[INFO ][2015-10-27 18:50:22,539][com.java.SeleniumDriver] [  854] - Action Type : WAITTIME
[DEBUG][2015-10-27 18:50:22,540][com.java.TestType] [ 2909] - sleepTime: 10000
[INFO ][2015-10-27 18:50:32,541][com.java.SeleniumDriver] [  863] -  RESULT true
[INFO ][2015-10-27 18:50:32,541][com.java.SeleniumDriver] [ 1052] - ?   P A S S   ?
[INFO ][2015-10-27 18:50:32,541][com.java.SeleniumDriver] [  790] - ------------------------------------------
[INFO ][2015-10-27 18:50:32,541][com.java.SeleniumDriver] [  791] - Test case being Executed: 7
[INFO ][2015-10-27 18:50:32,541][com.java.SeleniumDriver] [  802] - Test step:6
[INFO ][2015-10-27 18:50:32,541][com.java.SeleniumDriver] [  814] - Datavalue is----------Forecasting 
[INFO ][2015-10-27 18:50:32,541][com.java.SeleniumDriver] [  838] - DataField : TTL
[INFO ][2015-10-27 18:50:32,541][com.java.SeleniumDriver] [  840] - DataValue : Forecasting 
[INFO ][2015-10-27 18:50:32,541][com.java.SeleniumDriver] [  846] - <In Set values of the page>
[INFO ][2015-10-27 18:50:32,541][com.java.SeleniumDriver] [  849] - {Data Fields & Data Values Exist}
[INFO ][2015-10-27 18:50:32,541][com.java.SeleniumDriver] [  851] - --------------------------setting values-----------------------------
[INFO ][2015-10-27 18:50:32,541][com.java.SeleniumDriver] [  854] - Action Type : SELECTWINDOW
[INFO ][2015-10-27 18:50:45,102][com.java.SeleniumDriver] [  863] -  RESULT true
[INFO ][2015-10-27 18:50:45,102][com.java.SeleniumDriver] [ 1052] - ?   P A S S   ?
[INFO ][2015-10-27 18:50:45,102][com.java.SeleniumDriver] [  790] - ------------------------------------------
[INFO ][2015-10-27 18:50:45,103][com.java.SeleniumDriver] [  791] - Test case being Executed: 7
[INFO ][2015-10-27 18:50:45,103][com.java.SeleniumDriver] [  802] - Test step:7
[INFO ][2015-10-27 18:50:45,103][com.java.SeleniumDriver] [  814] - Datavalue is----------2
[INFO ][2015-10-27 18:50:45,103][com.java.SeleniumDriver] [  838] - DataField : BTNmdDialog
[INFO ][2015-10-27 18:50:45,103][com.java.SeleniumDriver] [  840] - DataValue : 2
[INFO ][2015-10-27 18:50:45,103][com.java.SeleniumDriver] [  846] - <In Set values of the page>
[INFO ][2015-10-27 18:50:45,103][com.java.SeleniumDriver] [  849] - {Data Fields & Data Values Exist}
[INFO ][2015-10-27 18:50:45,103][com.java.SeleniumDriver] [  851] - --------------------------setting values-----------------------------
[INFO ][2015-10-27 18:50:45,103][com.java.SeleniumDriver] [  854] - Action Type : WAITFORELEMENT
[INFO ][2015-10-27 18:50:45,146][com.java.SeleniumDriver] [  863] -  RESULT true
[INFO ][2015-10-27 18:50:45,146][com.java.SeleniumDriver] [ 1052] - ?   P A S S   ?
[INFO ][2015-10-27 18:50:45,146][com.java.SeleniumDriver] [  790] - ------------------------------------------
[INFO ][2015-10-27 18:50:45,146][com.java.SeleniumDriver] [  791] - Test case being Executed: 7
[INFO ][2015-10-27 18:50:45,146][com.java.SeleniumDriver] [  802] - Test step:8
[INFO ][2015-10-27 18:50:45,146][com.java.SeleniumDriver] [  814] - Datavalue is----------frameDialogContent
[INFO ][2015-10-27 18:50:45,146][com.java.SeleniumDriver] [  838] - DataField : BTN
[INFO ][2015-10-27 18:50:45,147][com.java.SeleniumDriver] [  840] - DataValue : frameDialogContent
[INFO ][2015-10-27 18:50:45,147][com.java.SeleniumDriver] [  846] - <In Set values of the page>
[INFO ][2015-10-27 18:50:45,147][com.java.SeleniumDriver] [  849] - {Data Fields & Data Values Exist}
[INFO ][2015-10-27 18:50:45,147][com.java.SeleniumDriver] [  851] - --------------------------setting values-----------------------------
[INFO ][2015-10-27 18:50:45,147][com.java.SeleniumDriver] [  854] - Action Type : SELECTFRAMEBYNAME
[INFO ][2015-10-27 18:50:45,147][com.java.TestType] [ 2981] - value = frameDialogContent
[INFO ][2015-10-27 18:50:45,214][com.java.SeleniumDriver] [  863] -  RESULT true
[INFO ][2015-10-27 18:50:45,214][com.java.SeleniumDriver] [ 1052] - ?   P A S S   ?
[INFO ][2015-10-27 18:50:45,214][com.java.SeleniumDriver] [  790] - ------------------------------------------
[INFO ][2015-10-27 18:50:45,214][com.java.SeleniumDriver] [  791] - Test case being Executed: 7
[INFO ][2015-10-27 18:50:45,215][com.java.SeleniumDriver] [  802] - Test step:9
[INFO ][2015-10-27 18:50:45,216][com.java.SeleniumDriver] [  814] - Datavalue is----------index:1
[INFO ][2015-10-27 18:50:45,216][com.java.SeleniumDriver] [  838] - DataField : COBddlProjects
[INFO ][2015-10-27 18:50:45,216][com.java.SeleniumDriver] [  840] - DataValue : index:1
[INFO ][2015-10-27 18:50:45,216][com.java.SeleniumDriver] [  846] - <In Set values of the page>
[INFO ][2015-10-27 18:50:45,216][com.java.SeleniumDriver] [  849] - {Data Fields & Data Values Exist}
[INFO ][2015-10-27 18:50:45,216][com.java.SeleniumDriver] [  851] - --------------------------setting values-----------------------------
[INFO ][2015-10-27 18:50:45,216][com.java.SeleniumDriver] [  854] - Action Type : SELECT
[INFO ][2015-10-27 18:50:45,216][com.java.TestType] [ 2981] - value = 1
[INFO ][2015-10-27 18:50:45,266][com.java.TestType] [ 3082] -  In COB ddlProjects : 1
[INFO ][2015-10-27 18:50:45,454][com.java.SeleniumDriver] [  863] -  RESULT true
[INFO ][2015-10-27 18:50:45,454][com.java.SeleniumDriver] [ 1052] - ?   P A S S   ?
[INFO ][2015-10-27 18:50:45,454][com.java.SeleniumDriver] [  790] - ------------------------------------------
[INFO ][2015-10-27 18:50:45,455][com.java.SeleniumDriver] [  791] - Test case being Executed: 7
[INFO ][2015-10-27 18:50:45,455][com.java.SeleniumDriver] [  802] - Test step:10
[INFO ][2015-10-27 18:50:45,455][com.java.SeleniumDriver] [  814] - Datavalue is----------null
[DEBUG][2015-10-27 18:50:45,455][com.java.SeleniumDriver] [  832] - Exception: null
[INFO ][2015-10-27 18:50:45,455][com.java.SeleniumDriver] [  838] - DataField : BTNbtnOpenProject
[INFO ][2015-10-27 18:50:45,455][com.java.SeleniumDriver] [  840] - DataValue : 
[INFO ][2015-10-27 18:50:45,455][com.java.SeleniumDriver] [  846] - <In Set values of the page>
[INFO ][2015-10-27 18:50:45,455][com.java.SeleniumDriver] [  849] - {Data Fields & Data Values Exist}
[INFO ][2015-10-27 18:50:45,455][com.java.SeleniumDriver] [  851] - --------------------------setting values-----------------------------
[INFO ][2015-10-27 18:50:45,455][com.java.SeleniumDriver] [  854] - Action Type : CLICK
[INFO ][2015-10-27 18:50:45,455][com.java.TestType] [ 3258] - Field ::BTNbtnOpenProject
[INFO ][2015-10-27 18:50:46,455][com.java.TestType] [ 3291] - BEFORE CLICK
[INFO ][2015-10-27 18:50:47,171][com.java.TestType] [ 3295] - Unable to click the object Open Project button
[INFO ][2015-10-27 18:50:47,171][com.java.SeleniumDriver] [  863] -  RESULT true
[INFO ][2015-10-27 18:50:47,171][com.java.SeleniumDriver] [ 1052] - ?   P A S S   ?
[INFO ][2015-10-27 18:50:47,171][com.java.SeleniumDriver] [  790] - ------------------------------------------
[INFO ][2015-10-27 18:50:47,171][com.java.SeleniumDriver] [  791] - Test case being Executed: 7
[INFO ][2015-10-27 18:50:47,171][com.java.SeleniumDriver] [  802] - Test step:11
[INFO ][2015-10-27 18:50:47,173][com.java.SeleniumDriver] [  814] - Datavalue is----------null
[DEBUG][2015-10-27 18:50:47,173][com.java.SeleniumDriver] [  832] - Exception: null
[INFO ][2015-10-27 18:50:47,173][com.java.SeleniumDriver] [  838] - DataField : BTNparent
[INFO ][2015-10-27 18:50:47,173][com.java.SeleniumDriver] [  840] - DataValue : 
[INFO ][2015-10-27 18:50:47,173][com.java.SeleniumDriver] [  846] - <In Set values of the page>
[INFO ][2015-10-27 18:50:47,173][com.java.SeleniumDriver] [  849] - {Data Fields & Data Values Exist}
[INFO ][2015-10-27 18:50:47,173][com.java.SeleniumDriver] [  851] - --------------------------setting values-----------------------------
[INFO ][2015-10-27 18:50:47,173][com.java.SeleniumDriver] [  854] - Action Type : SELECTFRAME
[INFO ][2015-10-27 18:50:47,186][com.java.SeleniumDriver] [  863] -  RESULT true
[INFO ][2015-10-27 18:50:47,186][com.java.SeleniumDriver] [ 1052] - ?   P A S S   ?
[INFO ][2015-10-27 18:50:47,186][com.java.SeleniumDriver] [  790] - ------------------------------------------
[INFO ][2015-10-27 18:50:47,186][com.java.SeleniumDriver] [  791] - Test case being Executed: 7
[INFO ][2015-10-27 18:50:47,186][com.java.SeleniumDriver] [  802] - Test step:12
[INFO ][2015-10-27 18:50:47,186][com.java.SeleniumDriver] [  814] - Datavalue is----------2
[INFO ][2015-10-27 18:50:47,186][com.java.SeleniumDriver] [  838] - DataField : BTNdivSwitchBS
[INFO ][2015-10-27 18:50:47,186][com.java.SeleniumDriver] [  840] - DataValue : 2
[INFO ][2015-10-27 18:50:47,186][com.java.SeleniumDriver] [  846] - <In Set values of the page>
[INFO ][2015-10-27 18:50:47,186][com.java.SeleniumDriver] [  849] - {Data Fields & Data Values Exist}
[INFO ][2015-10-27 18:50:47,186][com.java.SeleniumDriver] [  851] - --------------------------setting values-----------------------------
[INFO ][2015-10-27 18:50:47,186][com.java.SeleniumDriver] [  854] - Action Type : WAITFORELEMENT
[INFO ][2015-10-27 18:50:47,209][com.java.SeleniumDriver] [  863] -  RESULT true
[INFO ][2015-10-27 18:50:47,209][com.java.SeleniumDriver] [ 1052] - ?   P A S S   ?
[INFO ][2015-10-27 18:50:47,210][com.java.SeleniumDriver] [  790] - ------------------------------------------
[INFO ][2015-10-27 18:50:47,210][com.java.SeleniumDriver] [  791] - Test case being Executed: 7
[INFO ][2015-10-27 18:50:47,210][com.java.SeleniumDriver] [  802] - Test step:13
[INFO ][2015-10-27 18:50:47,210][com.java.SeleniumDriver] [  814] - Datavalue is----------index:1
[INFO ][2015-10-27 18:50:47,210][com.java.SeleniumDriver] [  838] - DataField : COBddlProfitCenters
[INFO ][2015-10-27 18:50:47,210][com.java.SeleniumDriver] [  840] - DataValue : index:1
[INFO ][2015-10-27 18:50:47,210][com.java.SeleniumDriver] [  846] - <In Set values of the page>
[INFO ][2015-10-27 18:50:47,210][com.java.SeleniumDriver] [  849] - {Data Fields & Data Values Exist}
[INFO ][2015-10-27 18:50:47,210][com.java.SeleniumDriver] [  851] - --------------------------setting values-----------------------------
[INFO ][2015-10-27 18:50:47,210][com.java.SeleniumDriver] [  854] - Action Type : SELECT
[INFO ][2015-10-27 18:50:47,210][com.java.TestType] [ 2981] - value = 1
[INFO ][2015-10-27 18:50:47,311][com.java.TestType] [ 3082] -  In COB ddlProfitCenters : 1
[ERROR][2015-10-27 18:50:47,590][com.java.TestType] [ 3156] - Unable to perform Action Select Cannot locate option with index: 1
For documentation on this error, please visit: http://seleniumhq.org/exceptions/no_such_element.html
Build info: version: '2.48.2', revision: '41bccdd', time: '2015-10-09 19:59:12'
System info: host: 'FVTIII438F1D', ip: '172.17.68.34', os.name: 'Windows 7', os.arch: 'x86', os.version: '6.1', java.version: '1.7.0_55'
Driver info: driver.version: SeleniumDriver
[INFO ][2015-10-27 18:50:47,591][com.java.SeleniumDriver] [  863] -  RESULT false
[INFO ][2015-10-27 18:50:47,591][com.java.SeleniumDriver] [  910] - ?   F A I L   ?
[INFO ][2015-10-27 18:50:47,591][com.java.SeleniumDriver] [  913] - Browser Type : IE11
[INFO ][2015-10-27 18:50:47,591][com.java.SeleniumDriver] [  914] - Adding Failed case7
[INFO ][2015-10-27 18:50:48,209][com.java.SeleniumDriver] [  997] - failedCases = 7
[ERROR][2015-10-27 18:50:48,209][com.java.SeleniumDriver] [ 1500] - Platform Errors : Our apologies...::We have encountered an issue with your request.::Our apologies?:We encountered an issue with your request.
[INFO ][2015-10-27 18:50:48,209][com.java.SeleniumDriver] [ 1504] - Length =3
[ERROR][2015-10-27 18:50:48,209][com.java.SeleniumDriver] [ 1507] - Error 0 = Our apologies...
[ERROR][2015-10-27 18:50:48,252][com.java.SeleniumDriver] [ 1507] - Error 1 = We have encountered an issue with your request.
[ERROR][2015-10-27 18:50:48,283][com.java.SeleniumDriver] [ 1507] - Error 2 = Our apologies?:We encountered an issue with your request.
[DEBUG][2015-10-27 18:50:48,325][com.java.SeleniumDriver] [ 1154] - Case found
[DEBUG][2015-10-27 18:50:48,325][com.java.SeleniumDriver] [ 1159] - Incrementing ReportCounters[0]:2
[INFO ][2015-10-27 18:50:48,325][com.java.SeleniumDriver] [ 1178] - The results are-------------------[7, 13, Projectioans: Forecasting, Fail, 
Test case failed at Step No. :: 13   Error Message ::  Option ::1:: not found in Combo box :: ddlProfitCenters. Screen Shot : D:\BankersDashboard\TestReports\102715\7_102715_185047_IE11.png, Tue Oct 27 18:50:48 IST 2015]
[INFO ][2015-10-27 18:50:48,325][com.java.SeleniumDriver] [ 1182] - End time is-------1 min 14 sec
[INFO ][2015-10-27 18:50:48,325][com.java.SeleniumDriver] [ 1183] - The results are-------------------[7, 13, Projectioans: Forecasting, Fail, 
Test case failed at Step No. :: 13   Error Message ::  Option ::1:: not found in Combo box :: ddlProfitCenters. Screen Shot : D:\BankersDashboard\TestReports\102715\7_102715_185047_IE11.png, Tue Oct 27 18:50:48 IST 2015]
[DEBUG][2015-10-27 18:50:48,325][com.java.ImportnExport.ExportTestResultsExcel] [  222] - testResultPath = D:\BankersDashboard/TestReports/Test Results_BankersDashBoard_102715_184936_IE11_Any Bank USA.xls
[DEBUG][2015-10-27 18:50:48,325][com.java.ImportnExport.ExportTestResultsExcel] [  223] - browser is------------IE11
[DEBUG][2015-10-27 18:50:48,327][com.java.ImportnExport.ExportTestResultsExcel] [  270] - result.size() = 6
[DEBUG][2015-10-27 18:50:48,327][com.java.ImportnExport.ExportTestResultsExcel] [  274] - No of rows in sheet=2
[DEBUG][2015-10-27 18:50:48,327][com.java.ImportnExport.ExportTestResultsExcel] [  301] - ..in export..7
[DEBUG][2015-10-27 18:50:48,327][com.java.ImportnExport.ExportTestResultsExcel] [  301] - ..in export..Projectioans: Forecasting
[DEBUG][2015-10-27 18:50:48,328][com.java.ImportnExport.ExportTestResultsExcel] [  301] - ..in export..Fail
[DEBUG][2015-10-27 18:50:48,328][com.java.ImportnExport.ExportTestResultsExcel] [  301] - ..in export..
Test case failed at Step No. :: 13   Error Message ::  Option ::1:: not found in Combo box :: ddlProfitCenters. Screen Shot : D:\BankersDashboard\TestReports\102715\7_102715_185047_IE11.png
[DEBUG][2015-10-27 18:50:48,328][com.java.ImportnExport.ExportTestResultsExcel] [  301] - ..in export..Tue Oct 27 18:50:48 IST 2015
[INFO ][2015-10-27 18:50:48,329][com.java.SeleniumDriver] [ 1241] - out loop:1 size:3 TestCases:[2, 7, 10] testcases:[2, 7, 10]
[INFO ][2015-10-27 18:50:48,329][com.java.ImportnExport.ImportTestDataDetailsExcel] [   49] - test data details path===== D:\BankersDashboard\TestInputs\TestData.xls
[INFO ][2015-10-27 18:50:53,255][com.java.SeleniumDriver] [  790] - ------------------------------------------
[INFO ][2015-10-27 18:50:53,255][com.java.SeleniumDriver] [  791] - Test case being Executed: 10
[INFO ][2015-10-27 18:50:53,255][com.java.SeleniumDriver] [  802] - Test step:1
[INFO ][2015-10-27 18:50:53,255][com.java.SeleniumDriver] [  814] - Datavalue is----------Logout
[INFO ][2015-10-27 18:50:53,255][com.java.SeleniumDriver] [  838] - DataField : LNK
[INFO ][2015-10-27 18:50:53,255][com.java.SeleniumDriver] [  840] - DataValue : Logout
[INFO ][2015-10-27 18:50:53,256][com.java.SeleniumDriver] [  846] - <In Set values of the page>
[INFO ][2015-10-27 18:50:53,256][com.java.SeleniumDriver] [  849] - {Data Fields & Data Values Exist}
[INFO ][2015-10-27 18:50:53,256][com.java.SeleniumDriver] [  851] - --------------------------setting values-----------------------------
[INFO ][2015-10-27 18:50:53,256][com.java.SeleniumDriver] [  854] - Action Type : Verify
[INFO ][2015-10-27 18:50:53,256][com.java.TestType] [ 3897] - field= LNK value= Logout
[INFO ][2015-10-27 18:50:53,256][com.java.TestType] [ 2981] - value = Logout
[INFO ][2015-10-27 18:50:55,408][com.java.SeleniumDriver] [  863] -  RESULT true
[INFO ][2015-10-27 18:50:55,408][com.java.SeleniumDriver] [ 1052] - ?   P A S S   ?
[INFO ][2015-10-27 18:50:55,408][com.java.SeleniumDriver] [ 1094] - step change to 3
[INFO ][2015-10-27 18:50:55,408][com.java.SeleniumDriver] [  790] - ------------------------------------------
[INFO ][2015-10-27 18:50:55,408][com.java.SeleniumDriver] [  791] - Test case being Executed: 10
[INFO ][2015-10-27 18:50:55,408][com.java.SeleniumDriver] [  802] - Test step:3
[INFO ][2015-10-27 18:50:55,408][com.java.SeleniumDriver] [  814] - Datavalue is----------null
[DEBUG][2015-10-27 18:50:55,408][com.java.SeleniumDriver] [  832] - Exception: null
[INFO ][2015-10-27 18:50:55,408][com.java.SeleniumDriver] [  838] - DataField : //span[@class='icon-coin']&&Margin Analysis&&Margin Analysis Compare
[INFO ][2015-10-27 18:50:55,409][com.java.SeleniumDriver] [  840] - DataValue : 
[INFO ][2015-10-27 18:50:55,409][com.java.SeleniumDriver] [  846] - <In Set values of the page>
[INFO ][2015-10-27 18:50:55,409][com.java.SeleniumDriver] [  849] - {Data Fields & Data Values Exist}
[INFO ][2015-10-27 18:50:55,409][com.java.SeleniumDriver] [  851] - --------------------------setting values-----------------------------
[INFO ][2015-10-27 18:50:55,409][com.java.SeleniumDriver] [  854] - Action Type : MOUSEOVER
[INFO ][2015-10-27 18:51:07,884][com.java.SeleniumDriver] [  863] -  RESULT true
[INFO ][2015-10-27 18:51:07,884][com.java.SeleniumDriver] [ 1052] - ?   P A S S   ?
[INFO ][2015-10-27 18:51:07,884][com.java.SeleniumDriver] [  790] - ------------------------------------------
[INFO ][2015-10-27 18:51:07,884][com.java.SeleniumDriver] [  791] - Test case being Executed: 10
[INFO ][2015-10-27 18:51:07,884][com.java.SeleniumDriver] [  802] - Test step:4
[INFO ][2015-10-27 18:51:07,884][com.java.SeleniumDriver] [  814] - Datavalue is----------null
[DEBUG][2015-10-27 18:51:07,884][com.java.SeleniumDriver] [  832] - Exception: null
[INFO ][2015-10-27 18:51:07,884][com.java.SeleniumDriver] [  838] - DataField : BTNframeDialogContent
[INFO ][2015-10-27 18:51:07,884][com.java.SeleniumDriver] [  840] - DataValue : 
[INFO ][2015-10-27 18:51:07,884][com.java.SeleniumDriver] [  846] - <In Set values of the page>
[INFO ][2015-10-27 18:51:07,885][com.java.SeleniumDriver] [  849] - {Data Fields & Data Values Exist}
[INFO ][2015-10-27 18:51:07,885][com.java.SeleniumDriver] [  851] - --------------------------setting values-----------------------------
[INFO ][2015-10-27 18:51:07,885][com.java.SeleniumDriver] [  854] - Action Type : SELECTFRAME
[INFO ][2015-10-27 18:51:07,974][com.java.SeleniumDriver] [  863] -  RESULT true
[INFO ][2015-10-27 18:51:07,974][com.java.SeleniumDriver] [ 1052] - ?   P A S S   ?
[INFO ][2015-10-27 18:51:07,974][com.java.SeleniumDriver] [  790] - ------------------------------------------
[INFO ][2015-10-27 18:51:07,974][com.java.SeleniumDriver] [  791] - Test case being Executed: 10
[INFO ][2015-10-27 18:51:07,974][com.java.SeleniumDriver] [  802] - Test step:5
[INFO ][2015-10-27 18:51:07,974][com.java.SeleniumDriver] [  814] - Datavalue is----------index:1
[INFO ][2015-10-27 18:51:07,974][com.java.SeleniumDriver] [  838] - DataField : BTNddlView
[INFO ][2015-10-27 18:51:07,974][com.java.SeleniumDriver] [  840] - DataValue : index:1
[INFO ][2015-10-27 18:51:07,974][com.java.SeleniumDriver] [  846] - <In Set values of the page>
[INFO ][2015-10-27 18:51:07,974][com.java.SeleniumDriver] [  849] - {Data Fields & Data Values Exist}
[INFO ][2015-10-27 18:51:07,974][com.java.SeleniumDriver] [  851] - --------------------------setting values-----------------------------
[INFO ][2015-10-27 18:51:07,975][com.java.SeleniumDriver] [  854] - Action Type : SELECT
[INFO ][2015-10-27 18:51:07,975][com.java.TestType] [ 2981] - value = 1
[ERROR][2015-10-27 18:51:07,975][com.java.TestType] [ 3156] - Unable to perform Action Select No enum constant com.java.TestType.SelectDataFileds.BTN
[INFO ][2015-10-27 18:51:07,975][com.java.SeleniumDriver] [  863] -  RESULT false
[INFO ][2015-10-27 18:51:07,975][com.java.SeleniumDriver] [  910] - ?   F A I L   ?
[INFO ][2015-10-27 18:51:07,977][com.java.SeleniumDriver] [  913] - Browser Type : IE11
[INFO ][2015-10-27 18:51:07,977][com.java.SeleniumDriver] [  914] - Adding Failed case10
[INFO ][2015-10-27 18:51:08,665][com.java.SeleniumDriver] [  997] - failedCases = 7,10
[ERROR][2015-10-27 18:51:08,666][com.java.SeleniumDriver] [ 1500] - Platform Errors : Our apologies...::We have encountered an issue with your request.::Our apologies?:We encountered an issue with your request.
[INFO ][2015-10-27 18:51:08,666][com.java.SeleniumDriver] [ 1504] - Length =3
[ERROR][2015-10-27 18:51:08,666][com.java.SeleniumDriver] [ 1507] - Error 0 = Our apologies...
[ERROR][2015-10-27 18:51:08,703][com.java.SeleniumDriver] [ 1507] - Error 1 = We have encountered an issue with your request.
[ERROR][2015-10-27 18:51:08,719][com.java.SeleniumDriver] [ 1507] - Error 2 = Our apologies?:We encountered an issue with your request.
[DEBUG][2015-10-27 18:51:08,747][com.java.SeleniumDriver] [ 1154] - Case found
[DEBUG][2015-10-27 18:51:08,747][com.java.SeleniumDriver] [ 1159] - Incrementing ReportCounters[0]:3
[INFO ][2015-10-27 18:51:08,747][com.java.SeleniumDriver] [ 1178] - The results are-------------------[10, 5, G/L: Margin Analysis:Margin Analysis Compare, Fail, 
Test case failed at Step No. :: 5   Error Message ::  Option ::1:: not found in Combo box :: ddlView. Screen Shot : D:\BankersDashboard\TestReports\102715\10_102715_185107_IE11.png, Tue Oct 27 18:51:08 IST 2015]
[INFO ][2015-10-27 18:51:08,747][com.java.SeleniumDriver] [ 1182] - End time is-------1 min 34 sec
[INFO ][2015-10-27 18:51:08,747][com.java.SeleniumDriver] [ 1183] - The results are-------------------[10, 5, G/L: Margin Analysis:Margin Analysis Compare, Fail, 
Test case failed at Step No. :: 5   Error Message ::  Option ::1:: not found in Combo box :: ddlView. Screen Shot : D:\BankersDashboard\TestReports\102715\10_102715_185107_IE11.png, Tue Oct 27 18:51:08 IST 2015]
[DEBUG][2015-10-27 18:51:08,747][com.java.ImportnExport.ExportTestResultsExcel] [  222] - testResultPath = D:\BankersDashboard/TestReports/Test Results_BankersDashBoard_102715_184936_IE11_Any Bank USA.xls
[DEBUG][2015-10-27 18:51:08,747][com.java.ImportnExport.ExportTestResultsExcel] [  223] - browser is------------IE11
[DEBUG][2015-10-27 18:51:08,750][com.java.ImportnExport.ExportTestResultsExcel] [  270] - result.size() = 6
[DEBUG][2015-10-27 18:51:08,750][com.java.ImportnExport.ExportTestResultsExcel] [  274] - No of rows in sheet=3
[DEBUG][2015-10-27 18:51:08,750][com.java.ImportnExport.ExportTestResultsExcel] [  301] - ..in export..10
[DEBUG][2015-10-27 18:51:08,750][com.java.ImportnExport.ExportTestResultsExcel] [  301] - ..in export..G/L: Margin Analysis:Margin Analysis Compare
[DEBUG][2015-10-27 18:51:08,750][com.java.ImportnExport.ExportTestResultsExcel] [  301] - ..in export..Fail
[DEBUG][2015-10-27 18:51:08,750][com.java.ImportnExport.ExportTestResultsExcel] [  301] - ..in export..
Test case failed at Step No. :: 5   Error Message ::  Option ::1:: not found in Combo box :: ddlView. Screen Shot : D:\BankersDashboard\TestReports\102715\10_102715_185107_IE11.png
[DEBUG][2015-10-27 18:51:08,750][com.java.ImportnExport.ExportTestResultsExcel] [  301] - ..in export..Tue Oct 27 18:51:08 IST 2015
[INFO ][2015-10-27 18:51:08,752][com.java.SeleniumDriver] [ 1241] - out loop:2 size:3 TestCases:[2, 7, 10] testcases:[2, 7, 10]
[INFO ][2015-10-27 18:51:10,753][com.java.SeleniumDriver] [ 1281] - Total Number of Cases:3
[INFO ][2015-10-27 18:51:10,753][com.java.TemplateGenerator] [  302] - Executed:3
[INFO ][2015-10-27 18:51:10,753][com.java.TemplateGenerator] [  303] - Passed:1
[INFO ][2015-10-27 18:51:10,753][com.java.TemplateGenerator] [  304] - Failed:2
[INFO ][2015-10-27 18:51:10,753][com.java.TemplateGenerator] [  305] - Skipeed:0
[INFO ][2015-10-27 18:51:10,753][com.java.TemplateGenerator] [  306] - Application URL:https://clients.xuat.bankersdashboard.com
[INFO ][2015-10-27 18:51:10,753][com.java.TemplateGenerator] [  307] - Start Time:102715_184936
[INFO ][2015-10-27 18:51:10,753][com.java.TemplateGenerator] [  308] -  Creating HTML Report 
[ERROR][2015-10-27 18:51:10,754][com.java.TemplateGenerator] [  409] - Unparseable date: "Tue Oct 27 06:49:36 IST 2015"
[INFO ][2015-10-27 18:51:10,754][com.java.TemplateGenerator] [  654] -  Exporting case :: 2
[INFO ][2015-10-27 18:51:10,754][com.java.TemplateGenerator] [  654] -  Exporting case :: 7
[INFO ][2015-10-27 18:51:10,754][com.java.TemplateGenerator] [  654] -  Exporting case :: 10
[INFO ][2015-10-27 18:51:10,760][com.java.SeleniumDriver] [ 1330] - End Time:102715_185110
[INFO ][2015-10-27 18:51:10,760][com.java.SeleniumDriver] [ 1333] - Data in Test Execution Details:{2=PASS, 7=FAILTest case failed at Step No. :: 13   Error Message ::  Option ::1:: not found in Combo box :: ddlProfitCenters, 10=FAILTest case failed at Step No. :: 5   Error Message ::  Option ::1:: not found in Combo box :: ddlView}
[INFO ][2015-10-27 18:51:10,760][com.java.SeleniumDriver] [ 1334] - Data in Failed Execution Deatils:{}
[INFO ][2015-10-27 18:51:10,760][com.java.SeleniumDriver] [ 1336] - ReportCounter:Total:3 :: PASS: 1 ::FAIL: 2
[INFO ][2015-10-27 18:51:10,760][com.java.SeleniumDriver] [ 1337] - FailedReportCounter:Total:0 :: PASS: 0 ::FAIL: 0
[INFO ][2015-10-27 18:51:10,766][com.java.EmailTestReport] [   63] - Sending report mail details:
[INFO ][2015-10-27 18:51:10,766][com.java.EmailTestReport] [   80] - Excel Report Path:D:\BankersDashboard/TestReports/Test Results_BankersDashBoard_102715_184936_IE11_Any Bank USA.xls
[INFO ][2015-10-27 18:51:10,766][com.java.EmailTestReport] [   81] - HTML Report Path:D:\BankersDashboard//TestReports//Test Results_BankersDashBoard_102715_184936_IE11_Any Bank USA.html
[INFO ][2015-10-27 18:51:10,766][com.java.EmailTestReport] [   82] - smtpHostName:mail01.valuelabs.com
[INFO ][2015-10-27 18:51:10,766][com.java.EmailTestReport] [   83] - Recipient:venkateswararao.gubbala@valuelabs.com
[INFO ][2015-10-27 18:51:10,766][com.java.EmailTestReport] [   84] - From:venkateswararao.gubbala@valuelabs.com
[INFO ][2015-10-27 18:51:10,766][com.java.EmailTestReport] [   85] - Subject:DestinationRewards Automation Test Report - Any Bank USA - IE11
[INFO ][2015-10-27 18:51:10,783][com.java.EmailTestReport] [  143] -  Added venkateswararao.gubbala@valuelabs.com
[INFO ][2015-10-27 18:51:18,162][com.java.SeleniumDriver] [  719] - quitting the browser 
[INFO ][2015-10-27 18:51:19,415][com.java.SeleniumDriver] [  263] - Execution Completed Stopping the thread
