[INFO ][2015-12-10 12:28:34,612][com.java.SeleniumDriver] [  213] - Execute Failed Casesfalse
[INFO ][2015-12-10 12:28:34,612][com.java.SeleniumDriver] [  214] - Browser: IE10
[INFO ][2015-12-10 12:28:34,612][com.java.SeleniumDriver] [  215] - [1, 4]
[INFO ][2015-12-10 12:28:34,612][com.java.SeleniumDriver] [  216] - Total TestCases:2
[INFO ][2015-12-10 12:28:34,612][com.java.SeleniumDriver] [  217] -  Reading Properties from Property File 
[DEBUG][2015-12-10 12:28:34,622][com.java.SeleniumDriver] [  238] - url : https://clients-xuat.bankersdashboard.com
[INFO ][2015-12-10 12:28:34,622][com.java.ImportnExport.ExportTestResultsExcel] [  116] - Time Stamp Thu Dec 10 12:28:34 IST 2015
[INFO ][2015-12-10 12:28:34,622][com.java.ImportnExport.ExportTestResultsExcel] [  175] - OUT FILE : D:\BankersDashboard/TestReports/Test Results_BankersDashBoard_121015_122834_IE10_CB&S Bank.xls
[INFO ][2015-12-10 12:28:34,653][com.java.ImportnExport.ExportTestResultsExcel] [  180] - Test Result file is created
[DEBUG][2015-12-10 12:28:34,753][com.java.SeleniumDriver] [  426] - Hub ip address is-------172.17.68.34
[INFO ][2015-12-10 12:28:34,753][com.java.SeleniumDriver] [  452] - Grid URL:http://172.17.68.34:4444/wd/hub
[INFO ][2015-12-10 12:28:34,753][com.java.SeleniumDriver] [  453] - Capability:Capabilities [{platform=ANY, ensureCleanSession=true, ignoreProtectedModeSettings=true, acceptSslCerts=true, ignoreZoomSetting=true, browserName=internet explorer, browserstack.ie.noFlash=true, version=null}]
[ERROR][2015-12-10 12:28:36,043][com.java.SeleniumDriver] [  497] - Unable invoke browser in grid:Could not start a new session. Possible causes are invalid address of the remote server or browser start-up failure.
Build info: version: '2.48.2', revision: '41bccdd', time: '2015-10-09 19:59:12'
System info: host: 'FVTIII438F1D', ip: '172.17.68.34', os.name: 'Windows 7', os.arch: 'x86', os.version: '6.1', java.version: '1.7.0_55'
Driver info: driver.version: SeleniumDriver
[INFO ][2015-12-10 12:28:36,043][com.java.SeleniumDriver] [  499] - Executing on local machine
[INFO ][2015-12-10 12:28:45,687][com.java.SeleniumDriver] [  248] - IE10is opened
[INFO ][2015-12-10 12:28:46,519][com.java.SeleniumDriver] [  754] - Test cases to be executed are: [1, 4]
[INFO ][2015-12-10 12:28:46,530][com.java.ImportnExport.ImportTestDataDetailsExcel] [   49] - test data details path===== D:\BankersDashboard\TestInputs\TestData.xls
[INFO ][2015-12-10 12:28:46,600][com.java.SeleniumDriver] [  821] - ------------------------------------------
[INFO ][2015-12-10 12:28:46,600][com.java.SeleniumDriver] [  822] - Test case being Executed: 1
[INFO ][2015-12-10 12:28:46,600][com.java.SeleniumDriver] [  833] - Test step:1
[INFO ][2015-12-10 12:28:46,600][com.java.SeleniumDriver] [  845] - Datavalue is----------Concept#1:1-14
[INFO ][2015-12-10 12:28:46,600][com.java.SeleniumDriver] [  869] - DataField : test
[INFO ][2015-12-10 12:28:46,600][com.java.SeleniumDriver] [  871] - DataValue : Concept#1:1-14
[INFO ][2015-12-10 12:28:46,600][com.java.SeleniumDriver] [  877] - <In Set values of the page>
[INFO ][2015-12-10 12:28:46,600][com.java.SeleniumDriver] [  880] - {Data Fields & Data Values Exist}
[INFO ][2015-12-10 12:28:46,600][com.java.SeleniumDriver] [  882] - --------------------------setting values-----------------------------
[INFO ][2015-12-10 12:28:46,600][com.java.SeleniumDriver] [  885] - Action Type : ExecuteTestCase
[INFO ][2015-12-10 12:28:46,620][com.java.TestType] [  436] - The Concept sheet name is ---------- Concept
[INFO ][2015-12-10 12:28:46,620][com.java.TestType] [  439] - The Concept ID  is ---------- 1
[DEBUG][2015-12-10 12:28:46,620][com.java.TestType] [  443] - Steps being executted in the Concept are: 1:14
[INFO ][2015-12-10 12:28:46,620][com.java.TestType] [  450] - Test data details path ---------- D:\BankersDashboard\TestInputs\TestData.xls
[INFO ][2015-12-10 12:28:46,650][com.java.TestType] [  481] -  str(1) = 1
[INFO ][2015-12-10 12:28:46,650][com.java.TestType] [  484] - Test case Id is---1
[INFO ][2015-12-10 12:28:46,650][com.java.TestType] [  486] - 1
[INFO ][2015-12-10 12:28:46,650][com.java.TestType] [  481] -  str(2) = 1
[INFO ][2015-12-10 12:28:46,650][com.java.TestType] [  533] - row values are--------{1=com.java.Objects.TestDataDetails@19373fb}
[INFO ][2015-12-10 12:28:46,650][com.java.TestType] [  481] -  str(1) = 1
[INFO ][2015-12-10 12:28:46,650][com.java.TestType] [  484] - Test case Id is---1
[INFO ][2015-12-10 12:28:46,650][com.java.TestType] [  486] - 1
[INFO ][2015-12-10 12:28:46,650][com.java.TestType] [  481] -  str(2) = 2
[INFO ][2015-12-10 12:28:46,660][com.java.TestType] [  533] - row values are--------{1=com.java.Objects.TestDataDetails@19373fb, 2=com.java.Objects.TestDataDetails@9530a5}
[INFO ][2015-12-10 12:28:46,660][com.java.TestType] [  481] -  str(1) = 1
[INFO ][2015-12-10 12:28:46,660][com.java.TestType] [  484] - Test case Id is---1
[INFO ][2015-12-10 12:28:46,660][com.java.TestType] [  486] - 1
[INFO ][2015-12-10 12:28:46,660][com.java.TestType] [  481] -  str(2) = 3
[INFO ][2015-12-10 12:28:46,660][com.java.TestType] [  533] - row values are--------{1=com.java.Objects.TestDataDetails@19373fb, 2=com.java.Objects.TestDataDetails@9530a5, 3=com.java.Objects.TestDataDetails@12b6d53}
[INFO ][2015-12-10 12:28:46,660][com.java.TestType] [  481] -  str(1) = 1
[INFO ][2015-12-10 12:28:46,660][com.java.TestType] [  484] - Test case Id is---1
[INFO ][2015-12-10 12:28:46,660][com.java.TestType] [  486] - 1
[INFO ][2015-12-10 12:28:46,660][com.java.TestType] [  481] -  str(2) = 4
[INFO ][2015-12-10 12:28:46,660][com.java.TestType] [  533] - row values are--------{1=com.java.Objects.TestDataDetails@19373fb, 2=com.java.Objects.TestDataDetails@9530a5, 3=com.java.Objects.TestDataDetails@12b6d53, 4=com.java.Objects.TestDataDetails@55b715}
[INFO ][2015-12-10 12:28:46,660][com.java.TestType] [  481] -  str(1) = 1
[INFO ][2015-12-10 12:28:46,660][com.java.TestType] [  484] - Test case Id is---1
[INFO ][2015-12-10 12:28:46,660][com.java.TestType] [  486] - 1
[INFO ][2015-12-10 12:28:46,660][com.java.TestType] [  481] -  str(2) = 5
[INFO ][2015-12-10 12:28:46,660][com.java.TestType] [  533] - row values are--------{1=com.java.Objects.TestDataDetails@19373fb, 2=com.java.Objects.TestDataDetails@9530a5, 3=com.java.Objects.TestDataDetails@12b6d53, 4=com.java.Objects.TestDataDetails@55b715, 5=com.java.Objects.TestDataDetails@31ac15}
[INFO ][2015-12-10 12:28:46,660][com.java.TestType] [  481] -  str(1) = 1
[INFO ][2015-12-10 12:28:46,660][com.java.TestType] [  484] - Test case Id is---1
[INFO ][2015-12-10 12:28:46,660][com.java.TestType] [  486] - 1
[INFO ][2015-12-10 12:28:46,660][com.java.TestType] [  481] -  str(2) = 6
[INFO ][2015-12-10 12:28:46,660][com.java.TestType] [  533] - row values are--------{1=com.java.Objects.TestDataDetails@19373fb, 2=com.java.Objects.TestDataDetails@9530a5, 3=com.java.Objects.TestDataDetails@12b6d53, 4=com.java.Objects.TestDataDetails@55b715, 5=com.java.Objects.TestDataDetails@31ac15, 6=com.java.Objects.TestDataDetails@113727f}
[INFO ][2015-12-10 12:28:46,660][com.java.TestType] [  481] -  str(1) = 1
[INFO ][2015-12-10 12:28:46,660][com.java.TestType] [  484] - Test case Id is---1
[INFO ][2015-12-10 12:28:46,660][com.java.TestType] [  486] - 1
[INFO ][2015-12-10 12:28:46,660][com.java.TestType] [  481] -  str(2) = 7
[INFO ][2015-12-10 12:28:46,660][com.java.TestType] [  533] - row values are--------{1=com.java.Objects.TestDataDetails@19373fb, 2=com.java.Objects.TestDataDetails@9530a5, 3=com.java.Objects.TestDataDetails@12b6d53, 4=com.java.Objects.TestDataDetails@55b715, 5=com.java.Objects.TestDataDetails@31ac15, 6=com.java.Objects.TestDataDetails@113727f, 7=com.java.Objects.TestDataDetails@e99fb6}
[INFO ][2015-12-10 12:28:46,660][com.java.TestType] [  481] -  str(1) = 1
[INFO ][2015-12-10 12:28:46,660][com.java.TestType] [  484] - Test case Id is---1
[INFO ][2015-12-10 12:28:46,660][com.java.TestType] [  486] - 1
[INFO ][2015-12-10 12:28:46,670][com.java.TestType] [  481] -  str(2) = 8
[INFO ][2015-12-10 12:28:46,670][com.java.TestType] [  533] - row values are--------{1=com.java.Objects.TestDataDetails@19373fb, 2=com.java.Objects.TestDataDetails@9530a5, 3=com.java.Objects.TestDataDetails@12b6d53, 4=com.java.Objects.TestDataDetails@55b715, 5=com.java.Objects.TestDataDetails@31ac15, 6=com.java.Objects.TestDataDetails@113727f, 7=com.java.Objects.TestDataDetails@e99fb6, 8=com.java.Objects.TestDataDetails@fce9a2}
[INFO ][2015-12-10 12:28:46,670][com.java.TestType] [  481] -  str(1) = 1
[INFO ][2015-12-10 12:28:46,670][com.java.TestType] [  484] - Test case Id is---1
[INFO ][2015-12-10 12:28:46,670][com.java.TestType] [  486] - 1
[INFO ][2015-12-10 12:28:46,670][com.java.TestType] [  481] -  str(2) = 9
[INFO ][2015-12-10 12:28:46,670][com.java.TestType] [  533] - row values are--------{1=com.java.Objects.TestDataDetails@19373fb, 2=com.java.Objects.TestDataDetails@9530a5, 3=com.java.Objects.TestDataDetails@12b6d53, 4=com.java.Objects.TestDataDetails@55b715, 5=com.java.Objects.TestDataDetails@31ac15, 6=com.java.Objects.TestDataDetails@113727f, 7=com.java.Objects.TestDataDetails@e99fb6, 8=com.java.Objects.TestDataDetails@fce9a2, 9=com.java.Objects.TestDataDetails@1a20888}
[INFO ][2015-12-10 12:28:46,670][com.java.TestType] [  481] -  str(1) = 1
[INFO ][2015-12-10 12:28:46,670][com.java.TestType] [  484] - Test case Id is---1
[INFO ][2015-12-10 12:28:46,670][com.java.TestType] [  486] - 1
[INFO ][2015-12-10 12:28:46,670][com.java.TestType] [  481] -  str(2) = 10
[INFO ][2015-12-10 12:28:46,670][com.java.TestType] [  533] - row values are--------{1=com.java.Objects.TestDataDetails@19373fb, 2=com.java.Objects.TestDataDetails@9530a5, 3=com.java.Objects.TestDataDetails@12b6d53, 4=com.java.Objects.TestDataDetails@55b715, 5=com.java.Objects.TestDataDetails@31ac15, 6=com.java.Objects.TestDataDetails@113727f, 7=com.java.Objects.TestDataDetails@e99fb6, 8=com.java.Objects.TestDataDetails@fce9a2, 9=com.java.Objects.TestDataDetails@1a20888, 10=com.java.Objects.TestDataDetails@3a0946}
[INFO ][2015-12-10 12:28:46,670][com.java.TestType] [  481] -  str(1) = 1
[INFO ][2015-12-10 12:28:46,670][com.java.TestType] [  484] - Test case Id is---1
[INFO ][2015-12-10 12:28:46,670][com.java.TestType] [  486] - 1
[INFO ][2015-12-10 12:28:46,670][com.java.TestType] [  481] -  str(2) = 11
[INFO ][2015-12-10 12:28:46,670][com.java.TestType] [  533] - row values are--------{1=com.java.Objects.TestDataDetails@19373fb, 2=com.java.Objects.TestDataDetails@9530a5, 3=com.java.Objects.TestDataDetails@12b6d53, 4=com.java.Objects.TestDataDetails@55b715, 5=com.java.Objects.TestDataDetails@31ac15, 6=com.java.Objects.TestDataDetails@113727f, 7=com.java.Objects.TestDataDetails@e99fb6, 8=com.java.Objects.TestDataDetails@fce9a2, 9=com.java.Objects.TestDataDetails@1a20888, 10=com.java.Objects.TestDataDetails@3a0946, 11=com.java.Objects.TestDataDetails@17021de}
[INFO ][2015-12-10 12:28:46,670][com.java.TestType] [  481] -  str(1) = 1
[INFO ][2015-12-10 12:28:46,670][com.java.TestType] [  484] - Test case Id is---1
[INFO ][2015-12-10 12:28:46,670][com.java.TestType] [  486] - 1
[INFO ][2015-12-10 12:28:46,670][com.java.TestType] [  481] -  str(2) = 12
[INFO ][2015-12-10 12:28:46,670][com.java.TestType] [  533] - row values are--------{1=com.java.Objects.TestDataDetails@19373fb, 2=com.java.Objects.TestDataDetails@9530a5, 3=com.java.Objects.TestDataDetails@12b6d53, 4=com.java.Objects.TestDataDetails@55b715, 5=com.java.Objects.TestDataDetails@31ac15, 6=com.java.Objects.TestDataDetails@113727f, 7=com.java.Objects.TestDataDetails@e99fb6, 8=com.java.Objects.TestDataDetails@fce9a2, 9=com.java.Objects.TestDataDetails@1a20888, 10=com.java.Objects.TestDataDetails@3a0946, 11=com.java.Objects.TestDataDetails@17021de, 12=com.java.Objects.TestDataDetails@6637fa}
[INFO ][2015-12-10 12:28:46,670][com.java.TestType] [  481] -  str(1) = 1
[INFO ][2015-12-10 12:28:46,670][com.java.TestType] [  484] - Test case Id is---1
[INFO ][2015-12-10 12:28:46,670][com.java.TestType] [  486] - 1
[INFO ][2015-12-10 12:28:46,670][com.java.TestType] [  481] -  str(2) = 13
[INFO ][2015-12-10 12:28:46,670][com.java.TestType] [  533] - row values are--------{1=com.java.Objects.TestDataDetails@19373fb, 2=com.java.Objects.TestDataDetails@9530a5, 3=com.java.Objects.TestDataDetails@12b6d53, 4=com.java.Objects.TestDataDetails@55b715, 5=com.java.Objects.TestDataDetails@31ac15, 6=com.java.Objects.TestDataDetails@113727f, 7=com.java.Objects.TestDataDetails@e99fb6, 8=com.java.Objects.TestDataDetails@fce9a2, 9=com.java.Objects.TestDataDetails@1a20888, 10=com.java.Objects.TestDataDetails@3a0946, 11=com.java.Objects.TestDataDetails@17021de, 12=com.java.Objects.TestDataDetails@6637fa, 13=com.java.Objects.TestDataDetails@17c6e6c}
[INFO ][2015-12-10 12:28:46,670][com.java.TestType] [  481] -  str(1) = 1
[INFO ][2015-12-10 12:28:46,670][com.java.TestType] [  484] - Test case Id is---1
[INFO ][2015-12-10 12:28:46,670][com.java.TestType] [  486] - 1
[INFO ][2015-12-10 12:28:46,670][com.java.TestType] [  481] -  str(2) = 14
[INFO ][2015-12-10 12:28:46,670][com.java.TestType] [  533] - row values are--------{1=com.java.Objects.TestDataDetails@19373fb, 2=com.java.Objects.TestDataDetails@9530a5, 3=com.java.Objects.TestDataDetails@12b6d53, 4=com.java.Objects.TestDataDetails@55b715, 5=com.java.Objects.TestDataDetails@31ac15, 6=com.java.Objects.TestDataDetails@113727f, 7=com.java.Objects.TestDataDetails@e99fb6, 8=com.java.Objects.TestDataDetails@fce9a2, 9=com.java.Objects.TestDataDetails@1a20888, 10=com.java.Objects.TestDataDetails@3a0946, 11=com.java.Objects.TestDataDetails@17021de, 12=com.java.Objects.TestDataDetails@6637fa, 13=com.java.Objects.TestDataDetails@17c6e6c, 14=com.java.Objects.TestDataDetails@19a6440}
[INFO ][2015-12-10 12:28:46,670][com.java.TestType] [10006] - Looping 1TCID = 1
[DEBUG][2015-12-10 12:28:46,670][com.java.TestType] [10047] - Concept ID:1 :: Step being Executed: 1::1
[INFO ][2015-12-10 12:28:46,670][com.java.TestType] [10085] - dataFields : TXTusername
[DEBUG][2015-12-10 12:28:46,670][com.java.TestType] [10091] - <In Set values of the page>
[DEBUG][2015-12-10 12:28:46,670][com.java.TestType] [10096] - {Data Fields & Data Values Exist}
[INFO ][2015-12-10 12:28:46,670][com.java.TestType] [10102] - --------------------------setting values-----------------------------
[INFO ][2015-12-10 12:28:46,670][com.java.TestType] [10105] - Action Type : CLEARANDENTER
[INFO ][2015-12-10 12:28:46,680][com.java.TestType] [ 5449] - value = valuelabs.ie10.15310
[INFO ][2015-12-10 12:28:51,487][com.java.TestType] [10124] -  RESULT true
[INFO ][2015-12-10 12:28:51,487][com.java.TestType] [10241] - ?   P A S S   ?
[DEBUG][2015-12-10 12:28:51,487][com.java.TestType] [10047] - Concept ID:1 :: Step being Executed: 1::2
[INFO ][2015-12-10 12:28:51,487][com.java.TestType] [10085] - dataFields : TXTpassword
[DEBUG][2015-12-10 12:28:51,487][com.java.TestType] [10091] - <In Set values of the page>
[DEBUG][2015-12-10 12:28:51,487][com.java.TestType] [10096] - {Data Fields & Data Values Exist}
[INFO ][2015-12-10 12:28:51,487][com.java.TestType] [10102] - --------------------------setting values-----------------------------
[INFO ][2015-12-10 12:28:51,487][com.java.TestType] [10105] - Action Type : CLEARANDENTER
[INFO ][2015-12-10 12:28:51,487][com.java.TestType] [ 5449] - value = Password1*
[INFO ][2015-12-10 12:28:58,644][com.java.TestType] [10124] -  RESULT true
[INFO ][2015-12-10 12:28:58,644][com.java.TestType] [10241] - ?   P A S S   ?
[DEBUG][2015-12-10 12:28:58,644][com.java.TestType] [10047] - Concept ID:1 :: Step being Executed: 1::3
[ERROR][2015-12-10 12:28:58,644][com.java.TestType] [10080] - Exception: null
[INFO ][2015-12-10 12:28:58,644][com.java.TestType] [10085] - dataFields : XPH//button[@type='submit']
[DEBUG][2015-12-10 12:28:58,644][com.java.TestType] [10091] - <In Set values of the page>
[DEBUG][2015-12-10 12:28:58,644][com.java.TestType] [10096] - {Data Fields & Data Values Exist}
[INFO ][2015-12-10 12:28:58,644][com.java.TestType] [10102] - --------------------------setting values-----------------------------
[INFO ][2015-12-10 12:28:58,644][com.java.TestType] [10105] - Action Type : Click
[INFO ][2015-12-10 12:28:58,644][com.java.TestType] [ 5798] - Field ::XPH//button[@type='submit']
[INFO ][2015-12-10 12:28:59,644][com.java.TestType] [ 5892] - BEFORE CLICK
[INFO ][2015-12-10 12:29:00,497][com.java.TestType] [ 5900] - Unable to click the object Login
[INFO ][2015-12-10 12:29:00,497][com.java.TestType] [10124] -  RESULT true
[INFO ][2015-12-10 12:29:00,497][com.java.TestType] [10241] - ?   P A S S   ?
[DEBUG][2015-12-10 12:29:00,497][com.java.TestType] [10047] - Concept ID:1 :: Step being Executed: 1::4
[INFO ][2015-12-10 12:29:00,497][com.java.TestType] [10085] - dataFields : LNKLogout
[DEBUG][2015-12-10 12:29:00,497][com.java.TestType] [10091] - <In Set values of the page>
[DEBUG][2015-12-10 12:29:00,497][com.java.TestType] [10096] - {Data Fields & Data Values Exist}
[INFO ][2015-12-10 12:29:00,497][com.java.TestType] [10102] - --------------------------setting values-----------------------------
[INFO ][2015-12-10 12:29:00,497][com.java.TestType] [10105] - Action Type : WaitForElement
[INFO ][2015-12-10 12:29:03,923][com.java.TestType] [10124] -  RESULT true
[INFO ][2015-12-10 12:29:03,923][com.java.TestType] [10241] - ?   P A S S   ?
[DEBUG][2015-12-10 12:29:03,923][com.java.TestType] [10047] - Concept ID:1 :: Step being Executed: 1::13
[INFO ][2015-12-10 12:29:03,923][com.java.TestType] [10085] - dataFields : LNK
[DEBUG][2015-12-10 12:29:03,923][com.java.TestType] [10091] - <In Set values of the page>
[DEBUG][2015-12-10 12:29:03,923][com.java.TestType] [10096] - {Data Fields & Data Values Exist}
[INFO ][2015-12-10 12:29:03,923][com.java.TestType] [10102] - --------------------------setting values-----------------------------
[INFO ][2015-12-10 12:29:03,923][com.java.TestType] [10105] - Action Type : Verify
[INFO ][2015-12-10 12:29:03,923][com.java.TestType] [ 6698] - field= LNK value= Logout
[INFO ][2015-12-10 12:29:03,923][com.java.TestType] [ 5449] - value = Logout
[INFO ][2015-12-10 12:29:03,964][com.java.TestType] [10124] -  RESULT true
[INFO ][2015-12-10 12:29:03,964][com.java.TestType] [10241] - ?   P A S S   ?
[DEBUG][2015-12-10 12:29:03,964][com.java.TestType] [10047] - Concept ID:1 :: Step being Executed: 1::14
[INFO ][2015-12-10 12:29:03,964][com.java.TestType] [10085] - dataFields : BTN
[DEBUG][2015-12-10 12:29:03,964][com.java.TestType] [10091] - <In Set values of the page>
[DEBUG][2015-12-10 12:29:03,964][com.java.TestType] [10096] - {Data Fields & Data Values Exist}
[INFO ][2015-12-10 12:29:03,964][com.java.TestType] [10102] - --------------------------setting values-----------------------------
[INFO ][2015-12-10 12:29:03,964][com.java.TestType] [10105] - Action Type : Verify
[INFO ][2015-12-10 12:29:03,964][com.java.TestType] [ 6698] - field= BTN value= //img[contains(@src,'bdlogo.jpg')]
[INFO ][2015-12-10 12:29:03,964][com.java.TestType] [ 5449] - value = //img[contains(@src,'bdlogo.jpg')]
[INFO ][2015-12-10 12:29:04,099][com.java.TestType] [10124] -  RESULT true
[INFO ][2015-12-10 12:29:04,099][com.java.TestType] [10241] - ?   P A S S   ?
[INFO ][2015-12-10 12:29:04,102][com.java.TestType] [10312] - Looping End......
[INFO ][2015-12-10 12:29:04,104][com.java.SeleniumDriver] [  894] -  RESULT true
[INFO ][2015-12-10 12:29:04,104][com.java.SeleniumDriver] [ 1100] - ?   P A S S   ?
[INFO ][2015-12-10 12:29:04,104][com.java.SeleniumDriver] [  821] - ------------------------------------------
[INFO ][2015-12-10 12:29:04,104][com.java.SeleniumDriver] [  822] - Test case being Executed: 1
[INFO ][2015-12-10 12:29:04,104][com.java.SeleniumDriver] [  833] - Test step:2
[INFO ][2015-12-10 12:29:04,104][com.java.SeleniumDriver] [  845] - Datavalue is----------Concept#2:1-2
[INFO ][2015-12-10 12:29:04,104][com.java.SeleniumDriver] [  869] - DataField : test
[INFO ][2015-12-10 12:29:04,104][com.java.SeleniumDriver] [  871] - DataValue : Concept#2:1-2
[INFO ][2015-12-10 12:29:04,104][com.java.SeleniumDriver] [  877] - <In Set values of the page>
[INFO ][2015-12-10 12:29:04,104][com.java.SeleniumDriver] [  880] - {Data Fields & Data Values Exist}
[INFO ][2015-12-10 12:29:04,104][com.java.SeleniumDriver] [  882] - --------------------------setting values-----------------------------
[INFO ][2015-12-10 12:29:04,104][com.java.SeleniumDriver] [  885] - Action Type : ExecuteTestCase
[INFO ][2015-12-10 12:29:04,107][com.java.TestType] [  436] - The Concept sheet name is ---------- Concept
[INFO ][2015-12-10 12:29:04,107][com.java.TestType] [  439] - The Concept ID  is ---------- 2
[DEBUG][2015-12-10 12:29:04,107][com.java.TestType] [  443] - Steps being executted in the Concept are: 1:2
[INFO ][2015-12-10 12:29:04,107][com.java.TestType] [  450] - Test data details path ---------- D:\BankersDashboard\TestInputs\TestData.xls
[INFO ][2015-12-10 12:29:04,137][com.java.TestType] [  481] -  str(1) = 2
[INFO ][2015-12-10 12:29:04,137][com.java.TestType] [  484] - Test case Id is---2
[INFO ][2015-12-10 12:29:04,137][com.java.TestType] [  486] - 2
[INFO ][2015-12-10 12:29:04,137][com.java.TestType] [  481] -  str(2) = 1
[INFO ][2015-12-10 12:29:04,139][com.java.TestType] [  533] - row values are--------{1=com.java.Objects.TestDataDetails@fcf5ba}
[INFO ][2015-12-10 12:29:04,139][com.java.TestType] [  481] -  str(1) = 2
[INFO ][2015-12-10 12:29:04,139][com.java.TestType] [  484] - Test case Id is---2
[INFO ][2015-12-10 12:29:04,139][com.java.TestType] [  486] - 2
[INFO ][2015-12-10 12:29:04,139][com.java.TestType] [  481] -  str(2) = 2
[INFO ][2015-12-10 12:29:04,142][com.java.TestType] [  533] - row values are--------{1=com.java.Objects.TestDataDetails@fcf5ba, 2=com.java.Objects.TestDataDetails@c412dd}
[INFO ][2015-12-10 12:29:04,142][com.java.TestType] [  481] -  str(1) = 2
[INFO ][2015-12-10 12:29:04,142][com.java.TestType] [  484] - Test case Id is---2
[INFO ][2015-12-10 12:29:04,142][com.java.TestType] [  486] - 2
[INFO ][2015-12-10 12:29:04,142][com.java.TestType] [  481] -  str(2) = 3
[INFO ][2015-12-10 12:29:04,142][com.java.TestType] [  533] - row values are--------{1=com.java.Objects.TestDataDetails@fcf5ba, 2=com.java.Objects.TestDataDetails@c412dd, 3=com.java.Objects.TestDataDetails@14e65cf}
[INFO ][2015-12-10 12:29:04,142][com.java.TestType] [10006] - Looping 1TCID = 2
[DEBUG][2015-12-10 12:29:04,142][com.java.TestType] [10047] - Concept ID:2 :: Step being Executed: 2::1
[INFO ][2015-12-10 12:29:04,142][com.java.TestType] [10085] - dataFields : BNK//select[@id='bank']
[DEBUG][2015-12-10 12:29:04,142][com.java.TestType] [10091] - <In Set values of the page>
[DEBUG][2015-12-10 12:29:04,142][com.java.TestType] [10096] - {Data Fields & Data Values Exist}
[INFO ][2015-12-10 12:29:04,142][com.java.TestType] [10102] - --------------------------setting values-----------------------------
[INFO ][2015-12-10 12:29:04,142][com.java.TestType] [10105] - Action Type : Select
[INFO ][2015-12-10 12:29:04,142][com.java.TestType] [ 5449] - value = PFC
[INFO ][2015-12-10 12:29:04,369][com.java.TestType] [10124] -  RESULT true
[INFO ][2015-12-10 12:29:04,369][com.java.TestType] [10241] - ?   P A S S   ?
[DEBUG][2015-12-10 12:29:04,369][com.java.TestType] [10047] - Concept ID:2 :: Step being Executed: 2::2
[INFO ][2015-12-10 12:29:04,369][com.java.TestType] [10085] - dataFields : LNKLogout
[DEBUG][2015-12-10 12:29:04,369][com.java.TestType] [10091] - <In Set values of the page>
[DEBUG][2015-12-10 12:29:04,369][com.java.TestType] [10096] - {Data Fields & Data Values Exist}
[INFO ][2015-12-10 12:29:04,372][com.java.TestType] [10102] - --------------------------setting values-----------------------------
[INFO ][2015-12-10 12:29:04,372][com.java.TestType] [10105] - Action Type : WaitTime
[DEBUG][2015-12-10 12:29:04,372][com.java.TestType] [ 5269] - sleepTime: 5000
[INFO ][2015-12-10 12:29:09,387][com.java.TestType] [10124] -  RESULT true
[INFO ][2015-12-10 12:29:09,387][com.java.TestType] [10241] - ?   P A S S   ?
[INFO ][2015-12-10 12:29:09,387][com.java.TestType] [10312] - Looping End......
[INFO ][2015-12-10 12:29:09,387][com.java.SeleniumDriver] [  894] -  RESULT true
[INFO ][2015-12-10 12:29:09,387][com.java.SeleniumDriver] [ 1100] - ?   P A S S   ?
[INFO ][2015-12-10 12:29:09,387][com.java.SeleniumDriver] [  821] - ------------------------------------------
[INFO ][2015-12-10 12:29:09,387][com.java.SeleniumDriver] [  822] - Test case being Executed: 1
[INFO ][2015-12-10 12:29:09,387][com.java.SeleniumDriver] [  833] - Test step:3
[INFO ][2015-12-10 12:29:09,387][com.java.SeleniumDriver] [  845] - Datavalue is----------2
[INFO ][2015-12-10 12:29:09,387][com.java.SeleniumDriver] [  869] - DataField : XPH//button[contains(text(),'Add Content')]
[INFO ][2015-12-10 12:29:09,387][com.java.SeleniumDriver] [  871] - DataValue : 2
[INFO ][2015-12-10 12:29:09,387][com.java.SeleniumDriver] [  877] - <In Set values of the page>
[INFO ][2015-12-10 12:29:09,387][com.java.SeleniumDriver] [  880] - {Data Fields & Data Values Exist}
[INFO ][2015-12-10 12:29:09,387][com.java.SeleniumDriver] [  882] - --------------------------setting values-----------------------------
[INFO ][2015-12-10 12:29:09,387][com.java.SeleniumDriver] [  885] - Action Type : WAITFORELEMENT
[INFO ][2015-12-10 12:29:09,428][com.java.SeleniumDriver] [  894] -  RESULT true
[INFO ][2015-12-10 12:29:09,428][com.java.SeleniumDriver] [ 1100] - ?   P A S S   ?
[DEBUG][2015-12-10 12:29:09,428][com.java.SeleniumDriver] [ 1212] - Case found
[DEBUG][2015-12-10 12:29:09,428][com.java.SeleniumDriver] [ 1217] - Incrementing ReportCounters[0]:1
[INFO ][2015-12-10 12:29:09,428][com.java.SeleniumDriver] [ 1236] - The results are-------------------[1, 1, Valid Login, Pass, , Thu Dec 10 12:29:04 IST 2015, 1, 2, Valid Login, Pass, , Thu Dec 10 12:29:09 IST 2015, 1, 3, Valid Login, Pass, , Thu Dec 10 12:29:09 IST 2015]
[INFO ][2015-12-10 12:29:09,428][com.java.SeleniumDriver] [ 1240] - End time is-------37 sec
[INFO ][2015-12-10 12:29:09,428][com.java.SeleniumDriver] [ 1241] - The results are-------------------[1, 1, Valid Login, Pass, , Thu Dec 10 12:29:04 IST 2015, 1, 2, Valid Login, Pass, , Thu Dec 10 12:29:09 IST 2015, 1, 3, Valid Login, Pass, , Thu Dec 10 12:29:09 IST 2015]
[DEBUG][2015-12-10 12:29:09,428][com.java.ImportnExport.ExportTestResultsExcel] [  222] - testResultPath = D:\BankersDashboard/TestReports/Test Results_BankersDashBoard_121015_122834_IE10_CB&S Bank.xls
[DEBUG][2015-12-10 12:29:09,428][com.java.ImportnExport.ExportTestResultsExcel] [  223] - browser is------------IE10
[DEBUG][2015-12-10 12:29:09,468][com.java.ImportnExport.ExportTestResultsExcel] [  270] - result.size() = 18
[DEBUG][2015-12-10 12:29:09,468][com.java.ImportnExport.ExportTestResultsExcel] [  274] - No of rows in sheet=1
[DEBUG][2015-12-10 12:29:09,468][com.java.ImportnExport.ExportTestResultsExcel] [  301] - ..in export..1
[DEBUG][2015-12-10 12:29:09,468][com.java.ImportnExport.ExportTestResultsExcel] [  301] - ..in export..Valid Login
[DEBUG][2015-12-10 12:29:09,468][com.java.ImportnExport.ExportTestResultsExcel] [  301] - ..in export..Pass
[DEBUG][2015-12-10 12:29:09,468][com.java.ImportnExport.ExportTestResultsExcel] [  301] - ..in export..
[DEBUG][2015-12-10 12:29:09,468][com.java.ImportnExport.ExportTestResultsExcel] [  301] - ..in export..Thu Dec 10 12:29:04 IST 2015
[INFO ][2015-12-10 12:29:09,468][com.java.SeleniumDriver] [ 1299] - out loop:0 size:2 TestCases:[1, 4] testcases:[1, 4]
[INFO ][2015-12-10 12:29:09,468][com.java.ImportnExport.ImportTestDataDetailsExcel] [   49] - test data details path===== D:\BankersDashboard\TestInputs\TestData.xls
[INFO ][2015-12-10 12:29:27,669][com.java.SeleniumDriver] [  821] - ------------------------------------------
[INFO ][2015-12-10 12:29:27,669][com.java.SeleniumDriver] [  822] - Test case being Executed: 4
[INFO ][2015-12-10 12:29:27,669][com.java.SeleniumDriver] [  833] - Test step:1
[INFO ][2015-12-10 12:29:27,669][com.java.SeleniumDriver] [  845] - Datavalue is----------Logout
[INFO ][2015-12-10 12:29:27,669][com.java.SeleniumDriver] [  869] - DataField : BTN
[INFO ][2015-12-10 12:29:27,669][com.java.SeleniumDriver] [  871] - DataValue : Logout
[INFO ][2015-12-10 12:29:27,669][com.java.SeleniumDriver] [  877] - <In Set values of the page>
[INFO ][2015-12-10 12:29:27,669][com.java.SeleniumDriver] [  880] - {Data Fields & Data Values Exist}
[INFO ][2015-12-10 12:29:27,669][com.java.SeleniumDriver] [  882] - --------------------------setting values-----------------------------
[INFO ][2015-12-10 12:29:27,669][com.java.SeleniumDriver] [  885] - Action Type : Verify
[INFO ][2015-12-10 12:29:27,669][com.java.TestType] [ 6698] - field= BTN value= Logout
[INFO ][2015-12-10 12:29:27,669][com.java.TestType] [ 5449] - value = Logout
[INFO ][2015-12-10 12:29:27,730][com.java.SeleniumDriver] [  894] -  RESULT true
[INFO ][2015-12-10 12:29:27,730][com.java.SeleniumDriver] [ 1100] - ?   P A S S   ?
[INFO ][2015-12-10 12:29:27,730][com.java.SeleniumDriver] [ 1142] - step change to 3
[INFO ][2015-12-10 12:29:27,730][com.java.SeleniumDriver] [  821] - ------------------------------------------
[INFO ][2015-12-10 12:29:27,730][com.java.SeleniumDriver] [  822] - Test case being Executed: 4
[INFO ][2015-12-10 12:29:27,730][com.java.SeleniumDriver] [  833] - Test step:3
[INFO ][2015-12-10 12:29:27,730][com.java.SeleniumDriver] [  845] - Datavalue is----------Concept#2:1-2
[INFO ][2015-12-10 12:29:27,730][com.java.SeleniumDriver] [  869] - DataField : test
[INFO ][2015-12-10 12:29:27,730][com.java.SeleniumDriver] [  871] - DataValue : Concept#2:1-2
[INFO ][2015-12-10 12:29:27,730][com.java.SeleniumDriver] [  877] - <In Set values of the page>
[INFO ][2015-12-10 12:29:27,730][com.java.SeleniumDriver] [  880] - {Data Fields & Data Values Exist}
[INFO ][2015-12-10 12:29:27,730][com.java.SeleniumDriver] [  882] - --------------------------setting values-----------------------------
[INFO ][2015-12-10 12:29:27,730][com.java.SeleniumDriver] [  885] - Action Type : ExecuteTestCase
[INFO ][2015-12-10 12:29:27,730][com.java.TestType] [  436] - The Concept sheet name is ---------- Concept
[INFO ][2015-12-10 12:29:27,730][com.java.TestType] [  439] - The Concept ID  is ---------- 2
[DEBUG][2015-12-10 12:29:27,730][com.java.TestType] [  443] - Steps being executted in the Concept are: 1:2
[INFO ][2015-12-10 12:29:27,730][com.java.TestType] [  450] - Test data details path ---------- D:\BankersDashboard\TestInputs\TestData.xls
[INFO ][2015-12-10 12:29:27,760][com.java.TestType] [  481] -  str(1) = 2
[INFO ][2015-12-10 12:29:27,760][com.java.TestType] [  484] - Test case Id is---2
[INFO ][2015-12-10 12:29:27,760][com.java.TestType] [  486] - 2
[INFO ][2015-12-10 12:29:27,760][com.java.TestType] [  481] -  str(2) = 1
[INFO ][2015-12-10 12:29:27,760][com.java.TestType] [  533] - row values are--------{1=com.java.Objects.TestDataDetails@1703b9b}
[INFO ][2015-12-10 12:29:27,760][com.java.TestType] [  481] -  str(1) = 2
[INFO ][2015-12-10 12:29:27,760][com.java.TestType] [  484] - Test case Id is---2
[INFO ][2015-12-10 12:29:27,760][com.java.TestType] [  486] - 2
[INFO ][2015-12-10 12:29:27,760][com.java.TestType] [  481] -  str(2) = 2
[INFO ][2015-12-10 12:29:27,760][com.java.TestType] [  533] - row values are--------{1=com.java.Objects.TestDataDetails@1703b9b, 2=com.java.Objects.TestDataDetails@451d62}
[INFO ][2015-12-10 12:29:27,760][com.java.TestType] [  481] -  str(1) = 2
[INFO ][2015-12-10 12:29:27,760][com.java.TestType] [  484] - Test case Id is---2
[INFO ][2015-12-10 12:29:27,760][com.java.TestType] [  486] - 2
[INFO ][2015-12-10 12:29:27,760][com.java.TestType] [  481] -  str(2) = 3
[INFO ][2015-12-10 12:29:27,760][com.java.TestType] [  533] - row values are--------{1=com.java.Objects.TestDataDetails@1703b9b, 2=com.java.Objects.TestDataDetails@451d62, 3=com.java.Objects.TestDataDetails@c25392}
[INFO ][2015-12-10 12:29:27,760][com.java.TestType] [10006] - Looping 1TCID = 2
[DEBUG][2015-12-10 12:29:27,760][com.java.TestType] [10047] - Concept ID:2 :: Step being Executed: 2::1
[INFO ][2015-12-10 12:29:27,760][com.java.TestType] [10085] - dataFields : BNK//select[@id='bank']
[DEBUG][2015-12-10 12:29:27,760][com.java.TestType] [10091] - <In Set values of the page>
[DEBUG][2015-12-10 12:29:27,760][com.java.TestType] [10096] - {Data Fields & Data Values Exist}
[INFO ][2015-12-10 12:29:27,760][com.java.TestType] [10102] - --------------------------setting values-----------------------------
[INFO ][2015-12-10 12:29:27,760][com.java.TestType] [10105] - Action Type : Select
[INFO ][2015-12-10 12:29:27,760][com.java.TestType] [ 5449] - value = PFC
[INFO ][2015-12-10 12:29:27,940][com.java.TestType] [10124] -  RESULT true
[INFO ][2015-12-10 12:29:27,940][com.java.TestType] [10241] - ?   P A S S   ?
[DEBUG][2015-12-10 12:29:27,940][com.java.TestType] [10047] - Concept ID:2 :: Step being Executed: 2::2
[INFO ][2015-12-10 12:29:27,940][com.java.TestType] [10085] - dataFields : LNKLogout
[DEBUG][2015-12-10 12:29:27,940][com.java.TestType] [10091] - <In Set values of the page>
[DEBUG][2015-12-10 12:29:27,940][com.java.TestType] [10096] - {Data Fields & Data Values Exist}
[INFO ][2015-12-10 12:29:27,940][com.java.TestType] [10102] - --------------------------setting values-----------------------------
[INFO ][2015-12-10 12:29:27,940][com.java.TestType] [10105] - Action Type : WaitTime
[DEBUG][2015-12-10 12:29:27,940][com.java.TestType] [ 5269] - sleepTime: 5000
[INFO ][2015-12-10 12:29:32,940][com.java.TestType] [10124] -  RESULT true
[INFO ][2015-12-10 12:29:32,940][com.java.TestType] [10241] - ?   P A S S   ?
[INFO ][2015-12-10 12:29:32,940][com.java.TestType] [10312] - Looping End......
[INFO ][2015-12-10 12:29:32,940][com.java.SeleniumDriver] [  894] -  RESULT true
[INFO ][2015-12-10 12:29:32,940][com.java.SeleniumDriver] [ 1100] - ?   P A S S   ?
[INFO ][2015-12-10 12:29:32,940][com.java.SeleniumDriver] [  821] - ------------------------------------------
[INFO ][2015-12-10 12:29:32,940][com.java.SeleniumDriver] [  822] - Test case being Executed: 4
[INFO ][2015-12-10 12:29:32,940][com.java.SeleniumDriver] [  833] - Test step:4
[INFO ][2015-12-10 12:29:32,940][com.java.SeleniumDriver] [  845] - Datavalue is----------null
[DEBUG][2015-12-10 12:29:32,940][com.java.SeleniumDriver] [  863] - Exception: null
[INFO ][2015-12-10 12:29:32,940][com.java.SeleniumDriver] [  869] - DataField : //span[@class='icon-stack']&&//a[@data-id="SetupPackage"]
[INFO ][2015-12-10 12:29:32,940][com.java.SeleniumDriver] [  871] - DataValue : 
[INFO ][2015-12-10 12:29:32,940][com.java.SeleniumDriver] [  877] - <In Set values of the page>
[INFO ][2015-12-10 12:29:32,940][com.java.SeleniumDriver] [  880] - {Data Fields & Data Values Exist}
[INFO ][2015-12-10 12:29:32,940][com.java.SeleniumDriver] [  882] - --------------------------setting values-----------------------------
[INFO ][2015-12-10 12:29:32,940][com.java.SeleniumDriver] [  885] - Action Type : MOUSEOVER
[INFO ][2015-12-10 12:29:55,977][com.java.SeleniumDriver] [  894] -  RESULT true
[INFO ][2015-12-10 12:29:55,977][com.java.SeleniumDriver] [ 1100] - ?   P A S S   ?
[INFO ][2015-12-10 12:29:55,977][com.java.SeleniumDriver] [  821] - ------------------------------------------
[INFO ][2015-12-10 12:29:55,977][com.java.SeleniumDriver] [  822] - Test case being Executed: 4
[INFO ][2015-12-10 12:29:55,977][com.java.SeleniumDriver] [  833] - Test step:5
[INFO ][2015-12-10 12:29:55,977][com.java.SeleniumDriver] [  845] - Datavalue is----------5
[INFO ][2015-12-10 12:29:55,977][com.java.SeleniumDriver] [  869] - DataField : BTNdivHelpText
[INFO ][2015-12-10 12:29:55,977][com.java.SeleniumDriver] [  871] - DataValue : 5
[INFO ][2015-12-10 12:29:55,977][com.java.SeleniumDriver] [  877] - <In Set values of the page>
[INFO ][2015-12-10 12:29:55,977][com.java.SeleniumDriver] [  880] - {Data Fields & Data Values Exist}
[INFO ][2015-12-10 12:29:55,977][com.java.SeleniumDriver] [  882] - --------------------------setting values-----------------------------
[INFO ][2015-12-10 12:29:55,977][com.java.SeleniumDriver] [  885] - Action Type : WAITFORELEMENT
[INFO ][2015-12-10 12:29:57,158][com.java.SeleniumDriver] [  894] -  RESULT true
[INFO ][2015-12-10 12:29:57,158][com.java.SeleniumDriver] [ 1100] - ?   P A S S   ?
[INFO ][2015-12-10 12:29:57,158][com.java.SeleniumDriver] [  821] - ------------------------------------------
[INFO ][2015-12-10 12:29:57,158][com.java.SeleniumDriver] [  822] - Test case being Executed: 4
[INFO ][2015-12-10 12:29:57,158][com.java.SeleniumDriver] [  833] - Test step:6
[INFO ][2015-12-10 12:29:57,158][com.java.SeleniumDriver] [  845] - Datavalue is----------null
[DEBUG][2015-12-10 12:29:57,158][com.java.SeleniumDriver] [  863] - Exception: null
[INFO ][2015-12-10 12:29:57,158][com.java.SeleniumDriver] [  869] - DataField : BTNframeDialogContent
[INFO ][2015-12-10 12:29:57,158][com.java.SeleniumDriver] [  871] - DataValue : 
[INFO ][2015-12-10 12:29:57,158][com.java.SeleniumDriver] [  877] - <In Set values of the page>
[INFO ][2015-12-10 12:29:57,158][com.java.SeleniumDriver] [  880] - {Data Fields & Data Values Exist}
[INFO ][2015-12-10 12:29:57,158][com.java.SeleniumDriver] [  882] - --------------------------setting values-----------------------------
[INFO ][2015-12-10 12:29:57,158][com.java.SeleniumDriver] [  885] - Action Type : SELECTFRAME
[INFO ][2015-12-10 12:29:58,380][com.java.SeleniumDriver] [  894] -  RESULT true
[INFO ][2015-12-10 12:29:58,380][com.java.SeleniumDriver] [ 1100] - ?   P A S S   ?
[INFO ][2015-12-10 12:29:58,380][com.java.SeleniumDriver] [  821] - ------------------------------------------
[INFO ][2015-12-10 12:29:58,380][com.java.SeleniumDriver] [  822] - Test case being Executed: 4
[INFO ][2015-12-10 12:29:58,380][com.java.SeleniumDriver] [  833] - Test step:7
[INFO ][2015-12-10 12:29:58,380][com.java.SeleniumDriver] [  845] - Datavalue is----------//div[@class='ui-widget-content']/div/button
[INFO ][2015-12-10 12:29:58,380][com.java.SeleniumDriver] [  869] - DataField : BTN
[INFO ][2015-12-10 12:29:58,380][com.java.SeleniumDriver] [  871] - DataValue : //div[@class='ui-widget-content']/div/button
[INFO ][2015-12-10 12:29:58,380][com.java.SeleniumDriver] [  877] - <In Set values of the page>
[INFO ][2015-12-10 12:29:58,380][com.java.SeleniumDriver] [  880] - {Data Fields & Data Values Exist}
[INFO ][2015-12-10 12:29:58,380][com.java.SeleniumDriver] [  882] - --------------------------setting values-----------------------------
[INFO ][2015-12-10 12:29:58,380][com.java.SeleniumDriver] [  885] - Action Type : VERIFY
[INFO ][2015-12-10 12:29:58,380][com.java.TestType] [ 6698] - field= BTN value= //div[@class='ui-widget-content']/div/button
[INFO ][2015-12-10 12:29:58,380][com.java.TestType] [ 5449] - value = //div[@class='ui-widget-content']/div/button
[INFO ][2015-12-10 12:29:58,450][com.java.SeleniumDriver] [  894] -  RESULT true
[INFO ][2015-12-10 12:29:58,450][com.java.SeleniumDriver] [ 1100] - ?   P A S S   ?
[INFO ][2015-12-10 12:29:58,450][com.java.SeleniumDriver] [  821] - ------------------------------------------
[INFO ][2015-12-10 12:29:58,450][com.java.SeleniumDriver] [  822] - Test case being Executed: 4
[INFO ][2015-12-10 12:29:58,450][com.java.SeleniumDriver] [  833] - Test step:8
[INFO ][2015-12-10 12:29:58,450][com.java.SeleniumDriver] [  845] - Datavalue is----------null
[DEBUG][2015-12-10 12:29:58,450][com.java.SeleniumDriver] [  863] - Exception: null
[INFO ][2015-12-10 12:29:58,450][com.java.SeleniumDriver] [  869] - DataField : XPH//select[@action="goToPackage"]//option[starts-with(.,'VL_Test')][1]
[INFO ][2015-12-10 12:29:58,450][com.java.SeleniumDriver] [  871] - DataValue : 
[INFO ][2015-12-10 12:29:58,450][com.java.SeleniumDriver] [  877] - <In Set values of the page>
[INFO ][2015-12-10 12:29:58,450][com.java.SeleniumDriver] [  880] - {Data Fields & Data Values Exist}
[INFO ][2015-12-10 12:29:58,450][com.java.SeleniumDriver] [  882] - --------------------------setting values-----------------------------
[INFO ][2015-12-10 12:29:58,450][com.java.SeleniumDriver] [  885] - Action Type : CLICK
[INFO ][2015-12-10 12:29:58,450][com.java.TestType] [ 5798] - Field ::XPH//select[@action="goToPackage"]//option[starts-with(.,'VL_Test')][1]
[INFO ][2015-12-10 12:29:59,450][com.java.TestType] [ 5892] - BEFORE CLICK
[INFO ][2015-12-10 12:30:02,090][com.java.TestType] [ 5900] - Unable to click the object Select any report under Add New Report ddropdown
[INFO ][2015-12-10 12:30:02,090][com.java.SeleniumDriver] [  894] -  RESULT true
[INFO ][2015-12-10 12:30:02,090][com.java.SeleniumDriver] [ 1100] - ?   P A S S   ?
[INFO ][2015-12-10 12:30:02,090][com.java.SeleniumDriver] [ 1142] - step change to 14
[INFO ][2015-12-10 12:30:02,090][com.java.SeleniumDriver] [  821] - ------------------------------------------
[INFO ][2015-12-10 12:30:02,090][com.java.SeleniumDriver] [  822] - Test case being Executed: 4
[INFO ][2015-12-10 12:30:02,090][com.java.SeleniumDriver] [  833] - Test step:14
[INFO ][2015-12-10 12:30:02,090][com.java.SeleniumDriver] [  845] - Datavalue is----------Report
[INFO ][2015-12-10 12:30:02,090][com.java.SeleniumDriver] [  869] - DataField : XPH//tbody[@class="ui-sortable"]/tr[1]/td[1]
[INFO ][2015-12-10 12:30:02,090][com.java.SeleniumDriver] [  871] - DataValue : Report
[INFO ][2015-12-10 12:30:02,090][com.java.SeleniumDriver] [  877] - <In Set values of the page>
[INFO ][2015-12-10 12:30:02,090][com.java.SeleniumDriver] [  880] - {Data Fields & Data Values Exist}
[INFO ][2015-12-10 12:30:02,090][com.java.SeleniumDriver] [  882] - --------------------------setting values-----------------------------
[INFO ][2015-12-10 12:30:02,090][com.java.SeleniumDriver] [  885] - Action Type : STOREVALUE
[INFO ][2015-12-10 12:30:02,090][com.java.TestType] [ 7876] - field= XPH//tbody[@class="ui-sortable"]/tr[1]/td[1]
[DEBUG][2015-12-10 12:30:02,171][com.java.TestType] [ 7928] - Key:: Report   Value:: Executive Summary (12mos.)
[INFO ][2015-12-10 12:30:02,171][com.java.SeleniumDriver] [  894] -  RESULT true
[INFO ][2015-12-10 12:30:02,171][com.java.SeleniumDriver] [ 1100] - ?   P A S S   ?
[INFO ][2015-12-10 12:30:02,171][com.java.SeleniumDriver] [  821] - ------------------------------------------
[INFO ][2015-12-10 12:30:02,171][com.java.SeleniumDriver] [  822] - Test case being Executed: 4
[INFO ][2015-12-10 12:30:02,171][com.java.SeleniumDriver] [  833] - Test step:15
[INFO ][2015-12-10 12:30:02,171][com.java.SeleniumDriver] [  845] - Datavalue is----------5
[INFO ][2015-12-10 12:30:02,171][com.java.SeleniumDriver] [  869] - DataField : XPH//a[@class="btn btn-xs btn-action"]
[INFO ][2015-12-10 12:30:02,171][com.java.SeleniumDriver] [  871] - DataValue : 5
[INFO ][2015-12-10 12:30:02,171][com.java.SeleniumDriver] [  877] - <In Set values of the page>
[INFO ][2015-12-10 12:30:02,171][com.java.SeleniumDriver] [  880] - {Data Fields & Data Values Exist}
[INFO ][2015-12-10 12:30:02,171][com.java.SeleniumDriver] [  882] - --------------------------setting values-----------------------------
[INFO ][2015-12-10 12:30:02,171][com.java.SeleniumDriver] [  885] - Action Type : WAITFORELEMENT
[INFO ][2015-12-10 12:30:02,191][com.java.SeleniumDriver] [  894] -  RESULT true
[INFO ][2015-12-10 12:30:02,191][com.java.SeleniumDriver] [ 1100] - ?   P A S S   ?
[INFO ][2015-12-10 12:30:02,191][com.java.SeleniumDriver] [  821] - ------------------------------------------
[INFO ][2015-12-10 12:30:02,191][com.java.SeleniumDriver] [  822] - Test case being Executed: 4
[INFO ][2015-12-10 12:30:02,191][com.java.SeleniumDriver] [  833] - Test step:16
[INFO ][2015-12-10 12:30:02,191][com.java.SeleniumDriver] [  845] - Datavalue is----------null
[DEBUG][2015-12-10 12:30:02,191][com.java.SeleniumDriver] [  863] - Exception: null
[INFO ][2015-12-10 12:30:02,191][com.java.SeleniumDriver] [  869] - DataField : XPH//a[@class="btn btn-xs btn-action"]
[INFO ][2015-12-10 12:30:02,191][com.java.SeleniumDriver] [  871] - DataValue : 
[INFO ][2015-12-10 12:30:02,191][com.java.SeleniumDriver] [  877] - <In Set values of the page>
[INFO ][2015-12-10 12:30:02,191][com.java.SeleniumDriver] [  880] - {Data Fields & Data Values Exist}
[INFO ][2015-12-10 12:30:02,191][com.java.SeleniumDriver] [  882] - --------------------------setting values-----------------------------
[INFO ][2015-12-10 12:30:02,191][com.java.SeleniumDriver] [  885] - Action Type : CLICK
[INFO ][2015-12-10 12:30:02,191][com.java.TestType] [ 5798] - Field ::XPH//a[@class="btn btn-xs btn-action"]
[INFO ][2015-12-10 12:30:03,191][com.java.TestType] [ 5892] - BEFORE CLICK
[INFO ][2015-12-10 12:30:03,984][com.java.TestType] [ 5900] - Unable to click the object Red X button
[INFO ][2015-12-10 12:30:03,984][com.java.SeleniumDriver] [  894] -  RESULT true
[INFO ][2015-12-10 12:30:03,984][com.java.SeleniumDriver] [ 1100] - ?   P A S S   ?
[INFO ][2015-12-10 12:30:03,984][com.java.SeleniumDriver] [  821] - ------------------------------------------
[INFO ][2015-12-10 12:30:03,984][com.java.SeleniumDriver] [  822] - Test case being Executed: 4
[INFO ][2015-12-10 12:30:03,984][com.java.SeleniumDriver] [  833] - Test step:17
[INFO ][2015-12-10 12:30:03,984][com.java.SeleniumDriver] [  845] - Datavalue is----------OK
[INFO ][2015-12-10 12:30:03,984][com.java.SeleniumDriver] [  869] - DataField : CNF
[INFO ][2015-12-10 12:30:03,984][com.java.SeleniumDriver] [  871] - DataValue : OK
[INFO ][2015-12-10 12:30:03,984][com.java.SeleniumDriver] [  877] - <In Set values of the page>
[INFO ][2015-12-10 12:30:03,984][com.java.SeleniumDriver] [  880] - {Data Fields & Data Values Exist}
[INFO ][2015-12-10 12:30:03,984][com.java.SeleniumDriver] [  882] - --------------------------setting values-----------------------------
[INFO ][2015-12-10 12:30:03,984][com.java.SeleniumDriver] [  885] - Action Type : CLICK
[INFO ][2015-12-10 12:30:03,984][com.java.TestType] [ 5798] - Field ::CNF
[ERROR][2015-12-10 12:30:05,085][com.java.TestType] [ 6066] - Exception in click:: No alert is active (WARNING: The server did not provide any stacktrace information)
Command duration or timeout: 100 milliseconds
Build info: version: '2.48.2', revision: '41bccdd', time: '2015-10-09 19:59:12'
System info: host: 'FVTIII438F1D', ip: '172.17.68.34', os.name: 'Windows 7', os.arch: 'x86', os.version: '6.1', java.version: '1.7.0_55'
Session ID: c956742a-9c10-4cf7-a40b-b076881b9694
Driver info: org.openqa.selenium.ie.InternetExplorerDriver
Capabilities [{platform=WINDOWS, javascriptEnabled=true, elementScrollBehavior=0, ignoreZoomSetting=false, enablePersistentHover=true, ie.ensureCleanSession=false, browserName=internet explorer, enableElementCacheCleanup=true, unexpectedAlertBehaviour=dismiss, version=10, ie.usePerProcessProxy=false, ignoreProtectedModeSettings=true, cssSelectorsEnabled=true, requireWindowFocus=false, initialBrowserUrl=http://localhost:34148/, handlesAlerts=true, ie.forceCreateProcessApi=false, nativeEvents=true, browserAttachTimeout=0, ie.browserCommandLineSwitches=, takesScreenshot=true}]
[INFO ][2015-12-10 12:30:05,085][com.java.TestType] [ 6070] - Element :::: not found
[INFO ][2015-12-10 12:30:05,085][com.java.SeleniumDriver] [  894] -  RESULT false
[INFO ][2015-12-10 12:30:05,085][com.java.SeleniumDriver] [  941] - ?   F A I L   ?
[INFO ][2015-12-10 12:30:05,085][com.java.SeleniumDriver] [  949] - Browser Type : IE10
[INFO ][2015-12-10 12:30:05,085][com.java.SeleniumDriver] [  950] - Adding Failed case4
[DEBUG][2015-12-10 12:30:05,336][com.java.SeleniumDriver] [ 1018] -  tdd.getCondition() IF:Next:Next
[INFO ][2015-12-10 12:30:05,336][com.java.SeleniumDriver] [ 1022] - Continue next step...
[INFO ][2015-12-10 12:30:05,336][com.java.SeleniumDriver] [  821] - ------------------------------------------
[INFO ][2015-12-10 12:30:05,336][com.java.SeleniumDriver] [  822] - Test case being Executed: 4
[INFO ][2015-12-10 12:30:05,336][com.java.SeleniumDriver] [  833] - Test step:18
[INFO ][2015-12-10 12:30:05,336][com.java.SeleniumDriver] [  845] - Datavalue is----------3
[INFO ][2015-12-10 12:30:05,336][com.java.SeleniumDriver] [  869] - DataField : test
[INFO ][2015-12-10 12:30:05,336][com.java.SeleniumDriver] [  871] - DataValue : 3
[INFO ][2015-12-10 12:30:05,336][com.java.SeleniumDriver] [  877] - <In Set values of the page>
[INFO ][2015-12-10 12:30:05,336][com.java.SeleniumDriver] [  880] - {Data Fields & Data Values Exist}
[INFO ][2015-12-10 12:30:05,336][com.java.SeleniumDriver] [  882] - --------------------------setting values-----------------------------
[INFO ][2015-12-10 12:30:05,336][com.java.SeleniumDriver] [  885] - Action Type : WaitTime
[DEBUG][2015-12-10 12:30:05,336][com.java.TestType] [ 5269] - sleepTime: 3000
[INFO ][2015-12-10 12:30:08,336][com.java.SeleniumDriver] [  894] -  RESULT true
[INFO ][2015-12-10 12:30:08,336][com.java.SeleniumDriver] [ 1100] - ?   P A S S   ?
[INFO ][2015-12-10 12:30:08,336][com.java.SeleniumDriver] [  821] - ------------------------------------------
[INFO ][2015-12-10 12:30:08,336][com.java.SeleniumDriver] [  822] - Test case being Executed: 4
[INFO ][2015-12-10 12:30:08,336][com.java.SeleniumDriver] [  833] - Test step:19
[INFO ][2015-12-10 12:30:08,336][com.java.SeleniumDriver] [  845] - Datavalue is----------HMVReport
[INFO ][2015-12-10 12:30:08,336][com.java.SeleniumDriver] [  869] - DataField : XPH//select[@action="goToPackage"]
[INFO ][2015-12-10 12:30:08,336][com.java.SeleniumDriver] [  871] - DataValue : HMVReport
[INFO ][2015-12-10 12:30:08,336][com.java.SeleniumDriver] [  877] - <In Set values of the page>
[INFO ][2015-12-10 12:30:08,336][com.java.SeleniumDriver] [  880] - {Data Fields & Data Values Exist}
[INFO ][2015-12-10 12:30:08,336][com.java.SeleniumDriver] [  882] - --------------------------setting values-----------------------------
[INFO ][2015-12-10 12:30:08,336][com.java.SeleniumDriver] [  885] - Action Type : VERIFYNOTPRESENT
[INFO ][2015-12-10 12:30:08,336][com.java.TestType] [ 8152] - field= XPH//select[@action="goToPackage"] value= HMVReport
[INFO ][2015-12-10 12:30:08,467][com.java.SeleniumDriver] [  894] -  RESULT true
[INFO ][2015-12-10 12:30:08,467][com.java.SeleniumDriver] [ 1100] - ?   P A S S   ?
[DEBUG][2015-12-10 12:30:08,467][com.java.SeleniumDriver] [ 1212] - Case found
[DEBUG][2015-12-10 12:30:08,467][com.java.SeleniumDriver] [ 1217] - Incrementing ReportCounters[0]:2
[INFO ][2015-12-10 12:30:08,467][com.java.SeleniumDriver] [ 1236] - The results are-------------------[4, 1, Report Packages: Delete a Report Package, Pass, , Thu Dec 10 12:29:27 IST 2015, 4, 3, Report Packages: Delete a Report Package, Pass, , Thu Dec 10 12:29:32 IST 2015, 4, 4, Report Packages: Delete a Report Package, Pass, , Thu Dec 10 12:29:55 IST 2015, 4, 5, Report Packages: Delete a Report Package, Pass, , Thu Dec 10 12:29:57 IST 2015, 4, 6, Report Packages: Delete a Report Package, Pass, , Thu Dec 10 12:29:58 IST 2015, 4, 7, Report Packages: Delete a Report Package, Pass, , Thu Dec 10 12:29:58 IST 2015, 4, 8, Report Packages: Delete a Report Package, Pass, , Thu Dec 10 12:30:02 IST 2015, 4, 14, Report Packages: Delete a Report Package, Pass, , Thu Dec 10 12:30:02 IST 2015, 4, 15, Report Packages: Delete a Report Package, Pass, , Thu Dec 10 12:30:02 IST 2015, 4, 16, Report Packages: Delete a Report Package, Pass, , Thu Dec 10 12:30:03 IST 2015, 4, 17, Report Packages: Delete a Report Package, Pass, , Thu Dec 10 12:30:05 IST 2015, 4, 18, Report Packages: Delete a Report Package, Pass, , Thu Dec 10 12:30:08 IST 2015, 4, 19, Report Packages: Delete a Report Package, Pass, , Thu Dec 10 12:30:08 IST 2015]
[INFO ][2015-12-10 12:30:08,467][com.java.SeleniumDriver] [ 1240] - End time is-------1 min 36 sec
[INFO ][2015-12-10 12:30:08,467][com.java.SeleniumDriver] [ 1241] - The results are-------------------[4, 1, Report Packages: Delete a Report Package, Pass, , Thu Dec 10 12:29:27 IST 2015, 4, 3, Report Packages: Delete a Report Package, Pass, , Thu Dec 10 12:29:32 IST 2015, 4, 4, Report Packages: Delete a Report Package, Pass, , Thu Dec 10 12:29:55 IST 2015, 4, 5, Report Packages: Delete a Report Package, Pass, , Thu Dec 10 12:29:57 IST 2015, 4, 6, Report Packages: Delete a Report Package, Pass, , Thu Dec 10 12:29:58 IST 2015, 4, 7, Report Packages: Delete a Report Package, Pass, , Thu Dec 10 12:29:58 IST 2015, 4, 8, Report Packages: Delete a Report Package, Pass, , Thu Dec 10 12:30:02 IST 2015, 4, 14, Report Packages: Delete a Report Package, Pass, , Thu Dec 10 12:30:02 IST 2015, 4, 15, Report Packages: Delete a Report Package, Pass, , Thu Dec 10 12:30:02 IST 2015, 4, 16, Report Packages: Delete a Report Package, Pass, , Thu Dec 10 12:30:03 IST 2015, 4, 17, Report Packages: Delete a Report Package, Pass, , Thu Dec 10 12:30:05 IST 2015, 4, 18, Report Packages: Delete a Report Package, Pass, , Thu Dec 10 12:30:08 IST 2015, 4, 19, Report Packages: Delete a Report Package, Pass, , Thu Dec 10 12:30:08 IST 2015]
[DEBUG][2015-12-10 12:30:08,467][com.java.ImportnExport.ExportTestResultsExcel] [  222] - testResultPath = D:\BankersDashboard/TestReports/Test Results_BankersDashBoard_121015_122834_IE10_CB&S Bank.xls
[DEBUG][2015-12-10 12:30:08,467][com.java.ImportnExport.ExportTestResultsExcel] [  223] - browser is------------IE10
[DEBUG][2015-12-10 12:30:08,467][com.java.ImportnExport.ExportTestResultsExcel] [  270] - result.size() = 78
[DEBUG][2015-12-10 12:30:08,467][com.java.ImportnExport.ExportTestResultsExcel] [  274] - No of rows in sheet=2
[DEBUG][2015-12-10 12:30:08,467][com.java.ImportnExport.ExportTestResultsExcel] [  301] - ..in export..4
[DEBUG][2015-12-10 12:30:08,467][com.java.ImportnExport.ExportTestResultsExcel] [  301] - ..in export..Report Packages: Delete a Report Package
[DEBUG][2015-12-10 12:30:08,467][com.java.ImportnExport.ExportTestResultsExcel] [  301] - ..in export..Pass
[DEBUG][2015-12-10 12:30:08,467][com.java.ImportnExport.ExportTestResultsExcel] [  301] - ..in export..
[DEBUG][2015-12-10 12:30:08,467][com.java.ImportnExport.ExportTestResultsExcel] [  301] - ..in export..Thu Dec 10 12:29:27 IST 2015
[INFO ][2015-12-10 12:30:08,467][com.java.SeleniumDriver] [ 1299] - out loop:1 size:2 TestCases:[1, 4] testcases:[1, 4]
[INFO ][2015-12-10 12:30:10,467][com.java.SeleniumDriver] [ 1342] - Total Number of Cases:2
[INFO ][2015-12-10 12:30:10,467][com.java.TemplateGenerator] [  302] - Executed:2
[INFO ][2015-12-10 12:30:10,467][com.java.TemplateGenerator] [  303] - Passed:2
[INFO ][2015-12-10 12:30:10,467][com.java.TemplateGenerator] [  304] - Failed:0
[INFO ][2015-12-10 12:30:10,467][com.java.TemplateGenerator] [  305] - Skipeed:0
[INFO ][2015-12-10 12:30:10,467][com.java.TemplateGenerator] [  306] - Application URL:https://clients-xuat.bankersdashboard.com
[INFO ][2015-12-10 12:30:10,467][com.java.TemplateGenerator] [  307] - Start Time:121015_122834
[INFO ][2015-12-10 12:30:10,467][com.java.TemplateGenerator] [  308] -  Creating HTML Report 
[ERROR][2015-12-10 12:30:10,467][com.java.TemplateGenerator] [  409] - Unparseable date: "Thu Dec 10 12:28:34 IST 2015"
[INFO ][2015-12-10 12:30:10,467][com.java.TemplateGenerator] [  654] -  Exporting case :: 1
[INFO ][2015-12-10 12:30:10,467][com.java.TemplateGenerator] [  654] -  Exporting case :: 4
[INFO ][2015-12-10 12:30:10,467][com.java.SeleniumDriver] [ 1391] - End Time:121015_123010
[INFO ][2015-12-10 12:30:10,467][com.java.SeleniumDriver] [ 1394] - Data in Test Execution Details:{1=PASS, 4=PASS}
[INFO ][2015-12-10 12:30:10,467][com.java.SeleniumDriver] [ 1395] - Data in Failed Execution Deatils:{}
[INFO ][2015-12-10 12:30:10,467][com.java.SeleniumDriver] [ 1397] - ReportCounter:Total:2 :: PASS: 2 ::FAIL: 0
[INFO ][2015-12-10 12:30:10,467][com.java.SeleniumDriver] [ 1398] - FailedReportCounter:Total:0 :: PASS: 0 ::FAIL: 0
[INFO ][2015-12-10 12:30:10,468][com.java.EmailTestReport] [   63] - Sending report mail details:
[INFO ][2015-12-10 12:30:10,468][com.java.EmailTestReport] [   80] - Excel Report Path:D:\BankersDashboard/TestReports/Test Results_BankersDashBoard_121015_122834_IE10_CB&S Bank.xls
[INFO ][2015-12-10 12:30:10,468][com.java.EmailTestReport] [   81] - HTML Report Path:D:\BankersDashboard//TestReports//Test Results_BankersDashBoard_121015_122834_IE10_CB&S Bank.html
[INFO ][2015-12-10 12:30:10,468][com.java.EmailTestReport] [   82] - smtpHostName:mail01.valuelabs.com
[INFO ][2015-12-10 12:30:10,468][com.java.EmailTestReport] [   83] - Recipient:venkateswararao.gubbala@valuelabs.com;
[INFO ][2015-12-10 12:30:10,468][com.java.EmailTestReport] [   84] - From:venkateswararao.gubbala@valuelabs.com;
[INFO ][2015-12-10 12:30:10,468][com.java.EmailTestReport] [   85] - Subject:Deluxe Corp Bankers Dashboard Automation Test Report - CB&S Bank - IE10
[INFO ][2015-12-10 12:30:10,488][com.java.EmailTestReport] [  143] -  Added venkateswararao.gubbala@valuelabs.com
[INFO ][2015-12-10 12:30:14,058][com.java.SeleniumDriver] [  720] - quitting the browser 
[INFO ][2015-12-10 12:30:15,740][com.java.SeleniumDriver] [  264] - Execution Completed Stopping the thread
