[INFO ][2015-11-03 13:00:32,750][com.java.SeleniumDriver] [  213] - Execute Failed Casesfalse
[INFO ][2015-11-03 13:00:32,750][com.java.SeleniumDriver] [  214] - Browser: IE11
[INFO ][2015-11-03 13:00:32,750][com.java.SeleniumDriver] [  215] - [1, 9]
[INFO ][2015-11-03 13:00:32,750][com.java.SeleniumDriver] [  216] - Total TestCases:2
[INFO ][2015-11-03 13:00:32,750][com.java.SeleniumDriver] [  217] -  Reading Properties from Property File 
[DEBUG][2015-11-03 13:00:32,750][com.java.SeleniumDriver] [  238] - url : https://clients-xuat.bankersdashboard.com
[INFO ][2015-11-03 13:00:32,750][com.java.ImportnExport.ExportTestResultsExcel] [  116] - Time Stamp Tue Nov 03 01:00:32 IST 2015
[INFO ][2015-11-03 13:00:32,750][com.java.ImportnExport.ExportTestResultsExcel] [  175] - OUT FILE : D:\BankersDashboard/TestReports/Test Results_BankersDashBoard_110315_130032_IE11_Any Bank USA.xls
[INFO ][2015-11-03 13:00:32,781][com.java.ImportnExport.ExportTestResultsExcel] [  180] - Test Result file is created
[DEBUG][2015-11-03 13:00:32,881][com.java.SeleniumDriver] [  425] - Hub ip address is-------172.17.68.34
[INFO ][2015-11-03 13:00:32,881][com.java.SeleniumDriver] [  451] - Grid URL:http://172.17.68.34:4444/wd/hub
[INFO ][2015-11-03 13:00:32,881][com.java.SeleniumDriver] [  452] - Capability:Capabilities [{platform=ANY, ensureCleanSession=true, ignoreProtectedModeSettings=true, acceptSslCerts=true, ignoreZoomSetting=true, browserName=internet explorer, browserstack.ie.noFlash=true, version=Node1}]
[ERROR][2015-11-03 13:00:34,171][com.java.SeleniumDriver] [  496] - Unable invoke browser in grid:Could not start a new session. Possible causes are invalid address of the remote server or browser start-up failure.
Build info: version: '2.48.2', revision: '41bccdd', time: '2015-10-09 19:59:12'
System info: host: 'FVTIII438F1D', ip: '172.17.68.34', os.name: 'Windows 7', os.arch: 'x86', os.version: '6.1', java.version: '1.7.0_55'
Driver info: driver.version: SeleniumDriver
[INFO ][2015-11-03 13:00:34,171][com.java.SeleniumDriver] [  498] - Executing on local machine
[INFO ][2015-11-03 13:00:43,218][com.java.SeleniumDriver] [  248] - IE11is opened
[INFO ][2015-11-03 13:00:44,095][com.java.SeleniumDriver] [  752] - Test cases to be executed are: [1, 9]
[INFO ][2015-11-03 13:00:44,095][com.java.ImportnExport.ImportTestDataDetailsExcel] [   49] - test data details path===== D:\BankersDashboard\TestInputs\TestData.xls
[INFO ][2015-11-03 13:00:54,907][com.java.SeleniumDriver] [  788] - ------------------------------------------
[INFO ][2015-11-03 13:00:54,907][com.java.SeleniumDriver] [  789] - Test case being Executed: 1
[INFO ][2015-11-03 13:00:54,908][com.java.SeleniumDriver] [  800] - Test step:1
[INFO ][2015-11-03 13:00:54,908][com.java.SeleniumDriver] [  812] - Datavalue is----------Concept#1:1-14
[INFO ][2015-11-03 13:00:54,908][com.java.SeleniumDriver] [  836] - DataField : test
[INFO ][2015-11-03 13:00:54,908][com.java.SeleniumDriver] [  838] - DataValue : Concept#1:1-14
[INFO ][2015-11-03 13:00:54,908][com.java.SeleniumDriver] [  844] - <In Set values of the page>
[INFO ][2015-11-03 13:00:54,908][com.java.SeleniumDriver] [  847] - {Data Fields & Data Values Exist}
[INFO ][2015-11-03 13:00:54,908][com.java.SeleniumDriver] [  849] - --------------------------setting values-----------------------------
[INFO ][2015-11-03 13:00:54,908][com.java.SeleniumDriver] [  852] - Action Type : ExecuteTestCase
[INFO ][2015-11-03 13:00:54,938][com.java.TestType] [  411] - The Concept sheet name is ---------- Concept
[INFO ][2015-11-03 13:00:54,938][com.java.TestType] [  414] - The Concept ID  is ---------- 1
[DEBUG][2015-11-03 13:00:54,938][com.java.TestType] [  418] - Steps being executted in the Concept are: 1:14
[INFO ][2015-11-03 13:00:54,938][com.java.TestType] [  425] - Test data details path ---------- D:\BankersDashboard\TestInputs\TestData.xls
[INFO ][2015-11-03 13:00:54,968][com.java.TestType] [  456] -  str(1) = 1
[INFO ][2015-11-03 13:00:54,968][com.java.TestType] [  459] - Test case Id is---1
[INFO ][2015-11-03 13:00:54,968][com.java.TestType] [  461] - 1
[INFO ][2015-11-03 13:00:54,968][com.java.TestType] [  456] -  str(2) = 1
[INFO ][2015-11-03 13:00:54,968][com.java.TestType] [  508] - row values are--------{1=com.java.Objects.TestDataDetails@1ebe346}
[INFO ][2015-11-03 13:00:54,968][com.java.TestType] [  456] -  str(1) = 1
[INFO ][2015-11-03 13:00:54,968][com.java.TestType] [  459] - Test case Id is---1
[INFO ][2015-11-03 13:00:54,968][com.java.TestType] [  461] - 1
[INFO ][2015-11-03 13:00:54,968][com.java.TestType] [  456] -  str(2) = 2
[INFO ][2015-11-03 13:00:54,978][com.java.TestType] [  508] - row values are--------{1=com.java.Objects.TestDataDetails@1ebe346, 2=com.java.Objects.TestDataDetails@a5031d}
[INFO ][2015-11-03 13:00:54,978][com.java.TestType] [  456] -  str(1) = 1
[INFO ][2015-11-03 13:00:54,978][com.java.TestType] [  459] - Test case Id is---1
[INFO ][2015-11-03 13:00:54,978][com.java.TestType] [  461] - 1
[INFO ][2015-11-03 13:00:54,978][com.java.TestType] [  456] -  str(2) = 3
[INFO ][2015-11-03 13:00:54,978][com.java.TestType] [  508] - row values are--------{1=com.java.Objects.TestDataDetails@1ebe346, 2=com.java.Objects.TestDataDetails@a5031d, 3=com.java.Objects.TestDataDetails@452fb4}
[INFO ][2015-11-03 13:00:54,978][com.java.TestType] [  456] -  str(1) = 1
[INFO ][2015-11-03 13:00:54,978][com.java.TestType] [  459] - Test case Id is---1
[INFO ][2015-11-03 13:00:54,978][com.java.TestType] [  461] - 1
[INFO ][2015-11-03 13:00:54,978][com.java.TestType] [  456] -  str(2) = 4
[INFO ][2015-11-03 13:00:54,978][com.java.TestType] [  508] - row values are--------{1=com.java.Objects.TestDataDetails@1ebe346, 2=com.java.Objects.TestDataDetails@a5031d, 3=com.java.Objects.TestDataDetails@452fb4, 4=com.java.Objects.TestDataDetails@997b5c}
[INFO ][2015-11-03 13:00:54,978][com.java.TestType] [  456] -  str(1) = 1
[INFO ][2015-11-03 13:00:54,978][com.java.TestType] [  459] - Test case Id is---1
[INFO ][2015-11-03 13:00:54,978][com.java.TestType] [  461] - 1
[INFO ][2015-11-03 13:00:54,978][com.java.TestType] [  456] -  str(2) = 5
[INFO ][2015-11-03 13:00:54,978][com.java.TestType] [  508] - row values are--------{1=com.java.Objects.TestDataDetails@1ebe346, 2=com.java.Objects.TestDataDetails@a5031d, 3=com.java.Objects.TestDataDetails@452fb4, 4=com.java.Objects.TestDataDetails@997b5c, 5=com.java.Objects.TestDataDetails@9156c3}
[INFO ][2015-11-03 13:00:54,978][com.java.TestType] [  456] -  str(1) = 1
[INFO ][2015-11-03 13:00:54,978][com.java.TestType] [  459] - Test case Id is---1
[INFO ][2015-11-03 13:00:54,978][com.java.TestType] [  461] - 1
[INFO ][2015-11-03 13:00:54,978][com.java.TestType] [  456] -  str(2) = 6
[INFO ][2015-11-03 13:00:54,978][com.java.TestType] [  508] - row values are--------{1=com.java.Objects.TestDataDetails@1ebe346, 2=com.java.Objects.TestDataDetails@a5031d, 3=com.java.Objects.TestDataDetails@452fb4, 4=com.java.Objects.TestDataDetails@997b5c, 5=com.java.Objects.TestDataDetails@9156c3, 6=com.java.Objects.TestDataDetails@62a8d2}
[INFO ][2015-11-03 13:00:54,978][com.java.TestType] [  456] -  str(1) = 1
[INFO ][2015-11-03 13:00:54,978][com.java.TestType] [  459] - Test case Id is---1
[INFO ][2015-11-03 13:00:54,978][com.java.TestType] [  461] - 1
[INFO ][2015-11-03 13:00:54,978][com.java.TestType] [  456] -  str(2) = 7
[INFO ][2015-11-03 13:00:54,978][com.java.TestType] [  508] - row values are--------{1=com.java.Objects.TestDataDetails@1ebe346, 2=com.java.Objects.TestDataDetails@a5031d, 3=com.java.Objects.TestDataDetails@452fb4, 4=com.java.Objects.TestDataDetails@997b5c, 5=com.java.Objects.TestDataDetails@9156c3, 6=com.java.Objects.TestDataDetails@62a8d2, 7=com.java.Objects.TestDataDetails@6d5af1}
[INFO ][2015-11-03 13:00:54,978][com.java.TestType] [  456] -  str(1) = 1
[INFO ][2015-11-03 13:00:54,978][com.java.TestType] [  459] - Test case Id is---1
[INFO ][2015-11-03 13:00:54,988][com.java.TestType] [  461] - 1
[INFO ][2015-11-03 13:00:54,988][com.java.TestType] [  456] -  str(2) = 8
[INFO ][2015-11-03 13:00:54,988][com.java.TestType] [  508] - row values are--------{1=com.java.Objects.TestDataDetails@1ebe346, 2=com.java.Objects.TestDataDetails@a5031d, 3=com.java.Objects.TestDataDetails@452fb4, 4=com.java.Objects.TestDataDetails@997b5c, 5=com.java.Objects.TestDataDetails@9156c3, 6=com.java.Objects.TestDataDetails@62a8d2, 7=com.java.Objects.TestDataDetails@6d5af1, 8=com.java.Objects.TestDataDetails@111c0d7}
[INFO ][2015-11-03 13:00:54,988][com.java.TestType] [  456] -  str(1) = 1
[INFO ][2015-11-03 13:00:54,988][com.java.TestType] [  459] - Test case Id is---1
[INFO ][2015-11-03 13:00:54,988][com.java.TestType] [  461] - 1
[INFO ][2015-11-03 13:00:54,988][com.java.TestType] [  456] -  str(2) = 9
[INFO ][2015-11-03 13:00:54,988][com.java.TestType] [  508] - row values are--------{1=com.java.Objects.TestDataDetails@1ebe346, 2=com.java.Objects.TestDataDetails@a5031d, 3=com.java.Objects.TestDataDetails@452fb4, 4=com.java.Objects.TestDataDetails@997b5c, 5=com.java.Objects.TestDataDetails@9156c3, 6=com.java.Objects.TestDataDetails@62a8d2, 7=com.java.Objects.TestDataDetails@6d5af1, 8=com.java.Objects.TestDataDetails@111c0d7, 9=com.java.Objects.TestDataDetails@dc8a29}
[INFO ][2015-11-03 13:00:54,988][com.java.TestType] [  456] -  str(1) = 1
[INFO ][2015-11-03 13:00:54,988][com.java.TestType] [  459] - Test case Id is---1
[INFO ][2015-11-03 13:00:54,988][com.java.TestType] [  461] - 1
[INFO ][2015-11-03 13:00:54,988][com.java.TestType] [  456] -  str(2) = 10
[INFO ][2015-11-03 13:00:54,988][com.java.TestType] [  508] - row values are--------{1=com.java.Objects.TestDataDetails@1ebe346, 2=com.java.Objects.TestDataDetails@a5031d, 3=com.java.Objects.TestDataDetails@452fb4, 4=com.java.Objects.TestDataDetails@997b5c, 5=com.java.Objects.TestDataDetails@9156c3, 6=com.java.Objects.TestDataDetails@62a8d2, 7=com.java.Objects.TestDataDetails@6d5af1, 8=com.java.Objects.TestDataDetails@111c0d7, 9=com.java.Objects.TestDataDetails@dc8a29, 10=com.java.Objects.TestDataDetails@1192410}
[INFO ][2015-11-03 13:00:54,988][com.java.TestType] [  456] -  str(1) = 1
[INFO ][2015-11-03 13:00:54,988][com.java.TestType] [  459] - Test case Id is---1
[INFO ][2015-11-03 13:00:54,988][com.java.TestType] [  461] - 1
[INFO ][2015-11-03 13:00:54,988][com.java.TestType] [  456] -  str(2) = 11
[INFO ][2015-11-03 13:00:54,988][com.java.TestType] [  508] - row values are--------{1=com.java.Objects.TestDataDetails@1ebe346, 2=com.java.Objects.TestDataDetails@a5031d, 3=com.java.Objects.TestDataDetails@452fb4, 4=com.java.Objects.TestDataDetails@997b5c, 5=com.java.Objects.TestDataDetails@9156c3, 6=com.java.Objects.TestDataDetails@62a8d2, 7=com.java.Objects.TestDataDetails@6d5af1, 8=com.java.Objects.TestDataDetails@111c0d7, 9=com.java.Objects.TestDataDetails@dc8a29, 10=com.java.Objects.TestDataDetails@1192410, 11=com.java.Objects.TestDataDetails@1ea08e7}
[INFO ][2015-11-03 13:00:54,988][com.java.TestType] [  456] -  str(1) = 1
[INFO ][2015-11-03 13:00:54,988][com.java.TestType] [  459] - Test case Id is---1
[INFO ][2015-11-03 13:00:54,988][com.java.TestType] [  461] - 1
[INFO ][2015-11-03 13:00:54,988][com.java.TestType] [  456] -  str(2) = 12
[INFO ][2015-11-03 13:00:54,988][com.java.TestType] [  508] - row values are--------{1=com.java.Objects.TestDataDetails@1ebe346, 2=com.java.Objects.TestDataDetails@a5031d, 3=com.java.Objects.TestDataDetails@452fb4, 4=com.java.Objects.TestDataDetails@997b5c, 5=com.java.Objects.TestDataDetails@9156c3, 6=com.java.Objects.TestDataDetails@62a8d2, 7=com.java.Objects.TestDataDetails@6d5af1, 8=com.java.Objects.TestDataDetails@111c0d7, 9=com.java.Objects.TestDataDetails@dc8a29, 10=com.java.Objects.TestDataDetails@1192410, 11=com.java.Objects.TestDataDetails@1ea08e7, 12=com.java.Objects.TestDataDetails@8ed249}
[INFO ][2015-11-03 13:00:54,988][com.java.TestType] [  456] -  str(1) = 1
[INFO ][2015-11-03 13:00:54,988][com.java.TestType] [  459] - Test case Id is---1
[INFO ][2015-11-03 13:00:54,988][com.java.TestType] [  461] - 1
[INFO ][2015-11-03 13:00:54,988][com.java.TestType] [  456] -  str(2) = 13
[INFO ][2015-11-03 13:00:54,988][com.java.TestType] [  508] - row values are--------{1=com.java.Objects.TestDataDetails@1ebe346, 2=com.java.Objects.TestDataDetails@a5031d, 3=com.java.Objects.TestDataDetails@452fb4, 4=com.java.Objects.TestDataDetails@997b5c, 5=com.java.Objects.TestDataDetails@9156c3, 6=com.java.Objects.TestDataDetails@62a8d2, 7=com.java.Objects.TestDataDetails@6d5af1, 8=com.java.Objects.TestDataDetails@111c0d7, 9=com.java.Objects.TestDataDetails@dc8a29, 10=com.java.Objects.TestDataDetails@1192410, 11=com.java.Objects.TestDataDetails@1ea08e7, 12=com.java.Objects.TestDataDetails@8ed249, 13=com.java.Objects.TestDataDetails@2d1d1e}
[INFO ][2015-11-03 13:00:54,988][com.java.TestType] [  456] -  str(1) = 1
[INFO ][2015-11-03 13:00:54,988][com.java.TestType] [  459] - Test case Id is---1
[INFO ][2015-11-03 13:00:54,988][com.java.TestType] [  461] - 1
[INFO ][2015-11-03 13:00:54,988][com.java.TestType] [  456] -  str(2) = 14
[INFO ][2015-11-03 13:00:54,988][com.java.TestType] [  508] - row values are--------{1=com.java.Objects.TestDataDetails@1ebe346, 2=com.java.Objects.TestDataDetails@a5031d, 3=com.java.Objects.TestDataDetails@452fb4, 4=com.java.Objects.TestDataDetails@997b5c, 5=com.java.Objects.TestDataDetails@9156c3, 6=com.java.Objects.TestDataDetails@62a8d2, 7=com.java.Objects.TestDataDetails@6d5af1, 8=com.java.Objects.TestDataDetails@111c0d7, 9=com.java.Objects.TestDataDetails@dc8a29, 10=com.java.Objects.TestDataDetails@1192410, 11=com.java.Objects.TestDataDetails@1ea08e7, 12=com.java.Objects.TestDataDetails@8ed249, 13=com.java.Objects.TestDataDetails@2d1d1e, 14=com.java.Objects.TestDataDetails@1dc598b}
[INFO ][2015-11-03 13:00:54,988][com.java.TestType] [ 7899] - Looping 1TCID = 1
[DEBUG][2015-11-03 13:00:54,988][com.java.TestType] [ 7940] - Concept ID:1 :: Step being Executed: 1::1
[INFO ][2015-11-03 13:00:54,988][com.java.TestType] [ 7978] - dataFields : TXTusername
[DEBUG][2015-11-03 13:00:54,988][com.java.TestType] [ 7984] - <In Set values of the page>
[DEBUG][2015-11-03 13:00:54,988][com.java.TestType] [ 7989] - {Data Fields & Data Values Exist}
[INFO ][2015-11-03 13:00:54,988][com.java.TestType] [ 7995] - --------------------------setting values-----------------------------
[INFO ][2015-11-03 13:00:54,988][com.java.TestType] [ 7998] - Action Type : CLEARANDENTER
[INFO ][2015-11-03 13:00:54,988][com.java.TestType] [ 3750] - value = naresh.nayini.00000
[INFO ][2015-11-03 13:00:59,849][com.java.TestType] [ 8017] -  RESULT true
[INFO ][2015-11-03 13:00:59,849][com.java.TestType] [ 8134] - ?   P A S S   ?
[DEBUG][2015-11-03 13:00:59,849][com.java.TestType] [ 7940] - Concept ID:1 :: Step being Executed: 1::2
[INFO ][2015-11-03 13:00:59,849][com.java.TestType] [ 7978] - dataFields : TXTpassword
[DEBUG][2015-11-03 13:00:59,849][com.java.TestType] [ 7984] - <In Set values of the page>
[DEBUG][2015-11-03 13:00:59,849][com.java.TestType] [ 7989] - {Data Fields & Data Values Exist}
[INFO ][2015-11-03 13:00:59,849][com.java.TestType] [ 7995] - --------------------------setting values-----------------------------
[INFO ][2015-11-03 13:00:59,849][com.java.TestType] [ 7998] - Action Type : CLEARANDENTER
[INFO ][2015-11-03 13:00:59,849][com.java.TestType] [ 3750] - value = Password1*
[INFO ][2015-11-03 13:01:04,814][com.java.TestType] [ 8017] -  RESULT true
[INFO ][2015-11-03 13:01:04,814][com.java.TestType] [ 8134] - ?   P A S S   ?
[DEBUG][2015-11-03 13:01:04,814][com.java.TestType] [ 7940] - Concept ID:1 :: Step being Executed: 1::3
[ERROR][2015-11-03 13:01:04,814][com.java.TestType] [ 7973] - Exception: null
[INFO ][2015-11-03 13:01:04,814][com.java.TestType] [ 7978] - dataFields : XPH//button[@type='submit']
[DEBUG][2015-11-03 13:01:04,814][com.java.TestType] [ 7984] - <In Set values of the page>
[DEBUG][2015-11-03 13:01:04,814][com.java.TestType] [ 7989] - {Data Fields & Data Values Exist}
[INFO ][2015-11-03 13:01:04,814][com.java.TestType] [ 7995] - --------------------------setting values-----------------------------
[INFO ][2015-11-03 13:01:04,814][com.java.TestType] [ 7998] - Action Type : Click
[INFO ][2015-11-03 13:01:04,814][com.java.TestType] [ 4063] - Field ::XPH//button[@type='submit']
[INFO ][2015-11-03 13:01:05,814][com.java.TestType] [ 4122] - BEFORE CLICK
[INFO ][2015-11-03 13:01:06,676][com.java.TestType] [ 4130] - Unable to click the object Login
[INFO ][2015-11-03 13:01:06,676][com.java.TestType] [ 8017] -  RESULT true
[INFO ][2015-11-03 13:01:06,676][com.java.TestType] [ 8134] - ?   P A S S   ?
[DEBUG][2015-11-03 13:01:06,676][com.java.TestType] [ 7940] - Concept ID:1 :: Step being Executed: 1::4
[INFO ][2015-11-03 13:01:06,676][com.java.TestType] [ 7978] - dataFields : LNKLogout
[DEBUG][2015-11-03 13:01:06,676][com.java.TestType] [ 7984] - <In Set values of the page>
[DEBUG][2015-11-03 13:01:06,676][com.java.TestType] [ 7989] - {Data Fields & Data Values Exist}
[INFO ][2015-11-03 13:01:06,676][com.java.TestType] [ 7995] - --------------------------setting values-----------------------------
[INFO ][2015-11-03 13:01:06,676][com.java.TestType] [ 7998] - Action Type : WaitForElement
[INFO ][2015-11-03 13:01:16,840][com.java.TestType] [ 8017] -  RESULT true
[INFO ][2015-11-03 13:01:16,840][com.java.TestType] [ 8134] - ?   P A S S   ?
[DEBUG][2015-11-03 13:01:16,840][com.java.TestType] [ 7940] - Concept ID:1 :: Step being Executed: 1::13
[INFO ][2015-11-03 13:01:16,840][com.java.TestType] [ 7978] - dataFields : LGN
[DEBUG][2015-11-03 13:01:16,840][com.java.TestType] [ 7984] - <In Set values of the page>
[DEBUG][2015-11-03 13:01:16,840][com.java.TestType] [ 7989] - {Data Fields & Data Values Exist}
[INFO ][2015-11-03 13:01:16,840][com.java.TestType] [ 7995] - --------------------------setting values-----------------------------
[INFO ][2015-11-03 13:01:16,840][com.java.TestType] [ 7998] - Action Type : Verify
[INFO ][2015-11-03 13:01:16,840][com.java.TestType] [ 4876] - field= LGN value= Username
[INFO ][2015-11-03 13:01:16,840][com.java.TestType] [ 3750] - value = Username
[INFO ][2015-11-03 13:01:16,991][com.java.TestType] [ 8017] -  RESULT true
[INFO ][2015-11-03 13:01:16,991][com.java.TestType] [ 8134] - ?   P A S S   ?
[DEBUG][2015-11-03 13:01:16,991][com.java.TestType] [ 7940] - Concept ID:1 :: Step being Executed: 1::14
[INFO ][2015-11-03 13:01:16,991][com.java.TestType] [ 7978] - dataFields : BTN
[DEBUG][2015-11-03 13:01:16,991][com.java.TestType] [ 7984] - <In Set values of the page>
[DEBUG][2015-11-03 13:01:16,991][com.java.TestType] [ 7989] - {Data Fields & Data Values Exist}
[INFO ][2015-11-03 13:01:16,991][com.java.TestType] [ 7995] - --------------------------setting values-----------------------------
[INFO ][2015-11-03 13:01:16,991][com.java.TestType] [ 7998] - Action Type : Verify
[INFO ][2015-11-03 13:01:16,991][com.java.TestType] [ 4876] - field= BTN value= //img[contains(@src,'bdlogo.jpg')]
[INFO ][2015-11-03 13:01:16,991][com.java.TestType] [ 3750] - value = //img[contains(@src,'bdlogo.jpg')]
[INFO ][2015-11-03 13:01:17,031][com.java.TestType] [ 8017] -  RESULT true
[INFO ][2015-11-03 13:01:17,031][com.java.TestType] [ 8134] - ?   P A S S   ?
[INFO ][2015-11-03 13:01:17,031][com.java.TestType] [ 8205] - Looping End......
[INFO ][2015-11-03 13:01:17,031][com.java.SeleniumDriver] [  861] -  RESULT true
[INFO ][2015-11-03 13:01:17,031][com.java.SeleniumDriver] [ 1066] - ?   P A S S   ?
[INFO ][2015-11-03 13:01:17,031][com.java.SeleniumDriver] [  788] - ------------------------------------------
[INFO ][2015-11-03 13:01:17,031][com.java.SeleniumDriver] [  789] - Test case being Executed: 1
[INFO ][2015-11-03 13:01:17,031][com.java.SeleniumDriver] [  800] - Test step:2
[INFO ][2015-11-03 13:01:17,031][com.java.SeleniumDriver] [  812] - Datavalue is----------Concept#2:1-2
[INFO ][2015-11-03 13:01:17,031][com.java.SeleniumDriver] [  836] - DataField : test
[INFO ][2015-11-03 13:01:17,031][com.java.SeleniumDriver] [  838] - DataValue : Concept#2:1-2
[INFO ][2015-11-03 13:01:17,031][com.java.SeleniumDriver] [  844] - <In Set values of the page>
[INFO ][2015-11-03 13:01:17,031][com.java.SeleniumDriver] [  847] - {Data Fields & Data Values Exist}
[INFO ][2015-11-03 13:01:17,031][com.java.SeleniumDriver] [  849] - --------------------------setting values-----------------------------
[INFO ][2015-11-03 13:01:17,031][com.java.SeleniumDriver] [  852] - Action Type : ExecuteTestCase
[INFO ][2015-11-03 13:01:17,031][com.java.TestType] [  411] - The Concept sheet name is ---------- Concept
[INFO ][2015-11-03 13:01:17,031][com.java.TestType] [  414] - The Concept ID  is ---------- 2
[DEBUG][2015-11-03 13:01:17,031][com.java.TestType] [  418] - Steps being executted in the Concept are: 1:2
[INFO ][2015-11-03 13:01:17,031][com.java.TestType] [  425] - Test data details path ---------- D:\BankersDashboard\TestInputs\TestData.xls
[INFO ][2015-11-03 13:01:17,071][com.java.TestType] [  456] -  str(1) = 2
[INFO ][2015-11-03 13:01:17,071][com.java.TestType] [  459] - Test case Id is---2
[INFO ][2015-11-03 13:01:17,071][com.java.TestType] [  461] - 2
[INFO ][2015-11-03 13:01:17,071][com.java.TestType] [  456] -  str(2) = 1
[INFO ][2015-11-03 13:01:17,071][com.java.TestType] [  508] - row values are--------{1=com.java.Objects.TestDataDetails@1b18eb3}
[INFO ][2015-11-03 13:01:17,071][com.java.TestType] [  456] -  str(1) = 2
[INFO ][2015-11-03 13:01:17,071][com.java.TestType] [  459] - Test case Id is---2
[INFO ][2015-11-03 13:01:17,071][com.java.TestType] [  461] - 2
[INFO ][2015-11-03 13:01:17,071][com.java.TestType] [  456] -  str(2) = 2
[INFO ][2015-11-03 13:01:17,071][com.java.TestType] [  508] - row values are--------{1=com.java.Objects.TestDataDetails@1b18eb3, 2=com.java.Objects.TestDataDetails@ccd846}
[INFO ][2015-11-03 13:01:17,071][com.java.TestType] [  456] -  str(1) = 2
[INFO ][2015-11-03 13:01:17,071][com.java.TestType] [  459] - Test case Id is---2
[INFO ][2015-11-03 13:01:17,071][com.java.TestType] [  461] - 2
[INFO ][2015-11-03 13:01:17,071][com.java.TestType] [  456] -  str(2) = 3
[INFO ][2015-11-03 13:01:17,071][com.java.TestType] [  508] - row values are--------{1=com.java.Objects.TestDataDetails@1b18eb3, 2=com.java.Objects.TestDataDetails@ccd846, 3=com.java.Objects.TestDataDetails@fb87d1}
[INFO ][2015-11-03 13:01:17,071][com.java.TestType] [ 7899] - Looping 1TCID = 2
[DEBUG][2015-11-03 13:01:17,071][com.java.TestType] [ 7940] - Concept ID:2 :: Step being Executed: 2::1
[INFO ][2015-11-03 13:01:17,071][com.java.TestType] [ 7978] - dataFields : BNK//select[@id='bank']
[DEBUG][2015-11-03 13:01:17,071][com.java.TestType] [ 7984] - <In Set values of the page>
[DEBUG][2015-11-03 13:01:17,071][com.java.TestType] [ 7989] - {Data Fields & Data Values Exist}
[INFO ][2015-11-03 13:01:17,071][com.java.TestType] [ 7995] - --------------------------setting values-----------------------------
[INFO ][2015-11-03 13:01:17,071][com.java.TestType] [ 7998] - Action Type : Select
[INFO ][2015-11-03 13:01:17,071][com.java.TestType] [ 3750] - value = PFC
[INFO ][2015-11-03 13:01:17,281][com.java.TestType] [ 8017] -  RESULT true
[INFO ][2015-11-03 13:01:17,281][com.java.TestType] [ 8134] - ?   P A S S   ?
[DEBUG][2015-11-03 13:01:17,281][com.java.TestType] [ 7940] - Concept ID:2 :: Step being Executed: 2::2
[INFO ][2015-11-03 13:01:17,281][com.java.TestType] [ 7978] - dataFields : LNKLogout
[DEBUG][2015-11-03 13:01:17,281][com.java.TestType] [ 7984] - <In Set values of the page>
[DEBUG][2015-11-03 13:01:17,281][com.java.TestType] [ 7989] - {Data Fields & Data Values Exist}
[INFO ][2015-11-03 13:01:17,281][com.java.TestType] [ 7995] - --------------------------setting values-----------------------------
[INFO ][2015-11-03 13:01:17,281][com.java.TestType] [ 7998] - Action Type : WaitTime
[DEBUG][2015-11-03 13:01:17,281][com.java.TestType] [ 3654] - sleepTime: 5000
[INFO ][2015-11-03 13:01:22,266][com.java.TestType] [ 8017] -  RESULT true
[INFO ][2015-11-03 13:01:22,266][com.java.TestType] [ 8134] - ?   P A S S   ?
[INFO ][2015-11-03 13:01:22,266][com.java.TestType] [ 8205] - Looping End......
[INFO ][2015-11-03 13:01:22,268][com.java.SeleniumDriver] [  861] -  RESULT true
[INFO ][2015-11-03 13:01:22,268][com.java.SeleniumDriver] [ 1066] - ?   P A S S   ?
[INFO ][2015-11-03 13:01:22,268][com.java.SeleniumDriver] [  788] - ------------------------------------------
[INFO ][2015-11-03 13:01:22,268][com.java.SeleniumDriver] [  789] - Test case being Executed: 1
[INFO ][2015-11-03 13:01:22,268][com.java.SeleniumDriver] [  800] - Test step:3
[INFO ][2015-11-03 13:01:22,268][com.java.SeleniumDriver] [  812] - Datavalue is----------2
[INFO ][2015-11-03 13:01:22,268][com.java.SeleniumDriver] [  836] - DataField : XPH//button[contains(text(),'Add Content')]
[INFO ][2015-11-03 13:01:22,268][com.java.SeleniumDriver] [  838] - DataValue : 2
[INFO ][2015-11-03 13:01:22,268][com.java.SeleniumDriver] [  844] - <In Set values of the page>
[INFO ][2015-11-03 13:01:22,268][com.java.SeleniumDriver] [  847] - {Data Fields & Data Values Exist}
[INFO ][2015-11-03 13:01:22,269][com.java.SeleniumDriver] [  849] - --------------------------setting values-----------------------------
[INFO ][2015-11-03 13:01:22,269][com.java.SeleniumDriver] [  852] - Action Type : WAITFORELEMENT
[INFO ][2015-11-03 13:01:23,494][com.java.SeleniumDriver] [  861] -  RESULT true
[INFO ][2015-11-03 13:01:23,494][com.java.SeleniumDriver] [ 1066] - ?   P A S S   ?
[DEBUG][2015-11-03 13:01:23,494][com.java.SeleniumDriver] [ 1168] - Case found
[DEBUG][2015-11-03 13:01:23,494][com.java.SeleniumDriver] [ 1173] - Incrementing ReportCounters[0]:1
[INFO ][2015-11-03 13:01:23,494][com.java.SeleniumDriver] [ 1192] - The results are-------------------[1, 1, Valid Login, Pass, , Tue Nov 03 13:01:17 IST 2015, 1, 2, Valid Login, Pass, , Tue Nov 03 13:01:22 IST 2015, 1, 3, Add Custom Calculation Indicator to Start Page, Pass, , Tue Nov 03 13:01:23 IST 2015]
[INFO ][2015-11-03 13:01:23,494][com.java.SeleniumDriver] [ 1196] - End time is-------52 sec
[INFO ][2015-11-03 13:01:23,494][com.java.SeleniumDriver] [ 1197] - The results are-------------------[1, 1, Valid Login, Pass, , Tue Nov 03 13:01:17 IST 2015, 1, 2, Valid Login, Pass, , Tue Nov 03 13:01:22 IST 2015, 1, 3, Add Custom Calculation Indicator to Start Page, Pass, , Tue Nov 03 13:01:23 IST 2015]
[DEBUG][2015-11-03 13:01:23,494][com.java.ImportnExport.ExportTestResultsExcel] [  222] - testResultPath = D:\BankersDashboard/TestReports/Test Results_BankersDashBoard_110315_130032_IE11_Any Bank USA.xls
[DEBUG][2015-11-03 13:01:23,494][com.java.ImportnExport.ExportTestResultsExcel] [  223] - browser is------------IE11
[DEBUG][2015-11-03 13:01:23,535][com.java.ImportnExport.ExportTestResultsExcel] [  270] - result.size() = 18
[DEBUG][2015-11-03 13:01:23,535][com.java.ImportnExport.ExportTestResultsExcel] [  274] - No of rows in sheet=1
[DEBUG][2015-11-03 13:01:23,535][com.java.ImportnExport.ExportTestResultsExcel] [  301] - ..in export..1
[DEBUG][2015-11-03 13:01:23,535][com.java.ImportnExport.ExportTestResultsExcel] [  301] - ..in export..Valid Login
[DEBUG][2015-11-03 13:01:23,535][com.java.ImportnExport.ExportTestResultsExcel] [  301] - ..in export..Pass
[DEBUG][2015-11-03 13:01:23,535][com.java.ImportnExport.ExportTestResultsExcel] [  301] - ..in export..
[DEBUG][2015-11-03 13:01:23,535][com.java.ImportnExport.ExportTestResultsExcel] [  301] - ..in export..Tue Nov 03 13:01:17 IST 2015
[INFO ][2015-11-03 13:01:23,535][com.java.SeleniumDriver] [ 1255] - out loop:0 size:2 TestCases:[1, 9] testcases:[1, 9]
[INFO ][2015-11-03 13:01:23,535][com.java.ImportnExport.ImportTestDataDetailsExcel] [   49] - test data details path===== D:\BankersDashboard\TestInputs\TestData.xls
[INFO ][2015-11-03 13:01:38,250][com.java.SeleniumDriver] [  788] - ------------------------------------------
[INFO ][2015-11-03 13:01:38,250][com.java.SeleniumDriver] [  789] - Test case being Executed: 9
[INFO ][2015-11-03 13:01:38,250][com.java.SeleniumDriver] [  800] - Test step:1
[INFO ][2015-11-03 13:01:38,250][com.java.SeleniumDriver] [  812] - Datavalue is----------Logout
[INFO ][2015-11-03 13:01:38,250][com.java.SeleniumDriver] [  836] - DataField : BTN
[INFO ][2015-11-03 13:01:38,250][com.java.SeleniumDriver] [  838] - DataValue : Logout
[INFO ][2015-11-03 13:01:38,250][com.java.SeleniumDriver] [  844] - <In Set values of the page>
[INFO ][2015-11-03 13:01:38,250][com.java.SeleniumDriver] [  847] - {Data Fields & Data Values Exist}
[INFO ][2015-11-03 13:01:38,250][com.java.SeleniumDriver] [  849] - --------------------------setting values-----------------------------
[INFO ][2015-11-03 13:01:38,250][com.java.SeleniumDriver] [  852] - Action Type : Verify
[INFO ][2015-11-03 13:01:38,250][com.java.TestType] [ 4876] - field= BTN value= Logout
[INFO ][2015-11-03 13:01:38,250][com.java.TestType] [ 3750] - value = Logout
[INFO ][2015-11-03 13:01:38,372][com.java.SeleniumDriver] [  861] -  RESULT true
[INFO ][2015-11-03 13:01:38,372][com.java.SeleniumDriver] [ 1066] - ?   P A S S   ?
[INFO ][2015-11-03 13:01:38,372][com.java.SeleniumDriver] [ 1108] - step change to 3
[INFO ][2015-11-03 13:01:38,372][com.java.SeleniumDriver] [  788] - ------------------------------------------
[INFO ][2015-11-03 13:01:38,372][com.java.SeleniumDriver] [  789] - Test case being Executed: 9
[INFO ][2015-11-03 13:01:38,372][com.java.SeleniumDriver] [  800] - Test step:3
[INFO ][2015-11-03 13:01:38,372][com.java.SeleniumDriver] [  812] - Datavalue is----------null
[DEBUG][2015-11-03 13:01:38,372][com.java.SeleniumDriver] [  830] - Exception: null
[INFO ][2015-11-03 13:01:38,372][com.java.SeleniumDriver] [  836] - DataField : //span[@class='icon-hammer']&&//a[text()='Custom Calculations']
[INFO ][2015-11-03 13:01:38,372][com.java.SeleniumDriver] [  838] - DataValue : 
[INFO ][2015-11-03 13:01:38,372][com.java.SeleniumDriver] [  844] - <In Set values of the page>
[INFO ][2015-11-03 13:01:38,372][com.java.SeleniumDriver] [  847] - {Data Fields & Data Values Exist}
[INFO ][2015-11-03 13:01:38,372][com.java.SeleniumDriver] [  849] - --------------------------setting values-----------------------------
[INFO ][2015-11-03 13:01:38,372][com.java.SeleniumDriver] [  852] - Action Type : MOUSEOVER
[INFO ][2015-11-03 13:01:48,541][com.java.SeleniumDriver] [  861] -  RESULT true
[INFO ][2015-11-03 13:01:48,541][com.java.SeleniumDriver] [ 1066] - ?   P A S S   ?
[INFO ][2015-11-03 13:01:48,541][com.java.SeleniumDriver] [  788] - ------------------------------------------
[INFO ][2015-11-03 13:01:48,541][com.java.SeleniumDriver] [  789] - Test case being Executed: 9
[INFO ][2015-11-03 13:01:48,541][com.java.SeleniumDriver] [  800] - Test step:4
[INFO ][2015-11-03 13:01:48,541][com.java.SeleniumDriver] [  812] - Datavalue is----------null
[DEBUG][2015-11-03 13:01:48,541][com.java.SeleniumDriver] [  830] - Exception: null
[INFO ][2015-11-03 13:01:48,541][com.java.SeleniumDriver] [  836] - DataField : BTN//iframe[@class='frameTabContent']
[INFO ][2015-11-03 13:01:48,541][com.java.SeleniumDriver] [  838] - DataValue : 
[INFO ][2015-11-03 13:01:48,541][com.java.SeleniumDriver] [  844] - <In Set values of the page>
[INFO ][2015-11-03 13:01:48,541][com.java.SeleniumDriver] [  847] - {Data Fields & Data Values Exist}
[INFO ][2015-11-03 13:01:48,541][com.java.SeleniumDriver] [  849] - --------------------------setting values-----------------------------
[INFO ][2015-11-03 13:01:48,541][com.java.SeleniumDriver] [  852] - Action Type : SELECTFRAME
[INFO ][2015-11-03 13:01:48,652][com.java.SeleniumDriver] [  861] -  RESULT true
[INFO ][2015-11-03 13:01:48,652][com.java.SeleniumDriver] [ 1066] - ?   P A S S   ?
[INFO ][2015-11-03 13:01:48,652][com.java.SeleniumDriver] [  788] - ------------------------------------------
[INFO ][2015-11-03 13:01:48,652][com.java.SeleniumDriver] [  789] - Test case being Executed: 9
[INFO ][2015-11-03 13:01:48,652][com.java.SeleniumDriver] [  800] - Test step:5
[INFO ][2015-11-03 13:01:48,652][com.java.SeleniumDriver] [  812] - Datavalue is----------5
[INFO ][2015-11-03 13:01:48,652][com.java.SeleniumDriver] [  836] - DataField : XPH//h1[contains(text(), 'Custom Calculations')]
[INFO ][2015-11-03 13:01:48,652][com.java.SeleniumDriver] [  838] - DataValue : 5
[INFO ][2015-11-03 13:01:48,652][com.java.SeleniumDriver] [  844] - <In Set values of the page>
[INFO ][2015-11-03 13:01:48,652][com.java.SeleniumDriver] [  847] - {Data Fields & Data Values Exist}
[INFO ][2015-11-03 13:01:48,652][com.java.SeleniumDriver] [  849] - --------------------------setting values-----------------------------
[INFO ][2015-11-03 13:01:48,652][com.java.SeleniumDriver] [  852] - Action Type : waitforelement
[INFO ][2015-11-03 13:01:48,702][com.java.SeleniumDriver] [  861] -  RESULT true
[INFO ][2015-11-03 13:01:48,702][com.java.SeleniumDriver] [ 1066] - ?   P A S S   ?
[INFO ][2015-11-03 13:01:48,702][com.java.SeleniumDriver] [  788] - ------------------------------------------
[INFO ][2015-11-03 13:01:48,702][com.java.SeleniumDriver] [  789] - Test case being Executed: 9
[INFO ][2015-11-03 13:01:48,702][com.java.SeleniumDriver] [  800] - Test step:6
[INFO ][2015-11-03 13:01:48,702][com.java.SeleniumDriver] [  812] - Datavalue is----------Custom Calculations
[INFO ][2015-11-03 13:01:48,702][com.java.SeleniumDriver] [  836] - DataField : XPH//h1[contains(text(), 'Custom Calculations')]
[INFO ][2015-11-03 13:01:48,702][com.java.SeleniumDriver] [  838] - DataValue : Custom Calculations
[INFO ][2015-11-03 13:01:48,702][com.java.SeleniumDriver] [  844] - <In Set values of the page>
[INFO ][2015-11-03 13:01:48,702][com.java.SeleniumDriver] [  847] - {Data Fields & Data Values Exist}
[INFO ][2015-11-03 13:01:48,702][com.java.SeleniumDriver] [  849] - --------------------------setting values-----------------------------
[INFO ][2015-11-03 13:01:48,702][com.java.SeleniumDriver] [  852] - Action Type : Verify
[INFO ][2015-11-03 13:01:48,702][com.java.TestType] [ 4876] - field= XPH//h1[contains(text(), 'Custom Calculations')] value= Custom Calculations
[INFO ][2015-11-03 13:01:48,702][com.java.TestType] [ 3750] - value = Custom Calculations
[INFO ][2015-11-03 13:01:48,792][com.java.SeleniumDriver] [  861] -  RESULT true
[INFO ][2015-11-03 13:01:48,792][com.java.SeleniumDriver] [ 1066] - ?   P A S S   ?
[INFO ][2015-11-03 13:01:48,792][com.java.SeleniumDriver] [  788] - ------------------------------------------
[INFO ][2015-11-03 13:01:48,792][com.java.SeleniumDriver] [  789] - Test case being Executed: 9
[INFO ][2015-11-03 13:01:48,792][com.java.SeleniumDriver] [  800] - Test step:7
[INFO ][2015-11-03 13:01:48,792][com.java.SeleniumDriver] [  812] - Datavalue is----------5
[INFO ][2015-11-03 13:01:48,792][com.java.SeleniumDriver] [  836] - DataField : XPH//a[contains(text(), 'Add Calculation')]
[INFO ][2015-11-03 13:01:48,792][com.java.SeleniumDriver] [  838] - DataValue : 5
[INFO ][2015-11-03 13:01:48,792][com.java.SeleniumDriver] [  844] - <In Set values of the page>
[INFO ][2015-11-03 13:01:48,792][com.java.SeleniumDriver] [  847] - {Data Fields & Data Values Exist}
[INFO ][2015-11-03 13:01:48,792][com.java.SeleniumDriver] [  849] - --------------------------setting values-----------------------------
[INFO ][2015-11-03 13:01:48,792][com.java.SeleniumDriver] [  852] - Action Type : waitforelement
[INFO ][2015-11-03 13:01:48,822][com.java.SeleniumDriver] [  861] -  RESULT true
[INFO ][2015-11-03 13:01:48,822][com.java.SeleniumDriver] [ 1066] - ?   P A S S   ?
[INFO ][2015-11-03 13:01:48,822][com.java.SeleniumDriver] [  788] - ------------------------------------------
[INFO ][2015-11-03 13:01:48,822][com.java.SeleniumDriver] [  789] - Test case being Executed: 9
[INFO ][2015-11-03 13:01:48,822][com.java.SeleniumDriver] [  800] - Test step:8
[INFO ][2015-11-03 13:01:48,822][com.java.SeleniumDriver] [  812] - Datavalue is----------null
[DEBUG][2015-11-03 13:01:48,822][com.java.SeleniumDriver] [  830] - Exception: null
[INFO ][2015-11-03 13:01:48,822][com.java.SeleniumDriver] [  836] - DataField : XPH//a[contains(text(), 'Add Calculation')]
[INFO ][2015-11-03 13:01:48,822][com.java.SeleniumDriver] [  838] - DataValue : 
[INFO ][2015-11-03 13:01:48,822][com.java.SeleniumDriver] [  844] - <In Set values of the page>
[INFO ][2015-11-03 13:01:48,822][com.java.SeleniumDriver] [  847] - {Data Fields & Data Values Exist}
[INFO ][2015-11-03 13:01:48,822][com.java.SeleniumDriver] [  849] - --------------------------setting values-----------------------------
[INFO ][2015-11-03 13:01:48,822][com.java.SeleniumDriver] [  852] - Action Type : click
[INFO ][2015-11-03 13:01:48,822][com.java.TestType] [ 4063] - Field ::XPH//a[contains(text(), 'Add Calculation')]
[INFO ][2015-11-03 13:01:49,822][com.java.TestType] [ 4122] - BEFORE CLICK
[INFO ][2015-11-03 13:01:51,225][com.java.TestType] [ 4130] - Unable to click the object click on add button
[INFO ][2015-11-03 13:01:51,225][com.java.SeleniumDriver] [  861] -  RESULT true
[INFO ][2015-11-03 13:01:51,225][com.java.SeleniumDriver] [ 1066] - ?   P A S S   ?
[INFO ][2015-11-03 13:01:51,225][com.java.SeleniumDriver] [  788] - ------------------------------------------
[INFO ][2015-11-03 13:01:51,225][com.java.SeleniumDriver] [  789] - Test case being Executed: 9
[INFO ][2015-11-03 13:01:51,225][com.java.SeleniumDriver] [  800] - Test step:9
[INFO ][2015-11-03 13:01:51,225][com.java.SeleniumDriver] [  812] - Datavalue is----------3
[INFO ][2015-11-03 13:01:51,225][com.java.SeleniumDriver] [  836] - DataField : XPH//label[contains(text(), 'Dashboard Groups:')]
[INFO ][2015-11-03 13:01:51,225][com.java.SeleniumDriver] [  838] - DataValue : 3
[INFO ][2015-11-03 13:01:51,225][com.java.SeleniumDriver] [  844] - <In Set values of the page>
[INFO ][2015-11-03 13:01:51,225][com.java.SeleniumDriver] [  847] - {Data Fields & Data Values Exist}
[INFO ][2015-11-03 13:01:51,225][com.java.SeleniumDriver] [  849] - --------------------------setting values-----------------------------
[INFO ][2015-11-03 13:01:51,225][com.java.SeleniumDriver] [  852] - Action Type : waitforelement
[INFO ][2015-11-03 13:01:51,246][com.java.SeleniumDriver] [  861] -  RESULT true
[INFO ][2015-11-03 13:01:51,246][com.java.SeleniumDriver] [ 1066] - ?   P A S S   ?
[INFO ][2015-11-03 13:01:51,246][com.java.SeleniumDriver] [  788] - ------------------------------------------
[INFO ][2015-11-03 13:01:51,246][com.java.SeleniumDriver] [  789] - Test case being Executed: 9
[INFO ][2015-11-03 13:01:51,246][com.java.SeleniumDriver] [  800] - Test step:10
[INFO ][2015-11-03 13:01:51,246][com.java.SeleniumDriver] [  812] - Datavalue is----------null
[DEBUG][2015-11-03 13:01:51,246][com.java.SeleniumDriver] [  830] - Exception: null
[INFO ][2015-11-03 13:01:51,246][com.java.SeleniumDriver] [  836] - DataField : XPH//button[contains(text(), 'Save')]
[INFO ][2015-11-03 13:01:51,246][com.java.SeleniumDriver] [  838] - DataValue : 
[INFO ][2015-11-03 13:01:51,246][com.java.SeleniumDriver] [  844] - <In Set values of the page>
[INFO ][2015-11-03 13:01:51,246][com.java.SeleniumDriver] [  847] - {Data Fields & Data Values Exist}
[INFO ][2015-11-03 13:01:51,246][com.java.SeleniumDriver] [  849] - --------------------------setting values-----------------------------
[INFO ][2015-11-03 13:01:51,246][com.java.SeleniumDriver] [  852] - Action Type : ISDISABLED
[INFO ][2015-11-03 13:01:51,246][com.java.TestType] [ 5735] - field= XPH//button[contains(text(), 'Save')]
[INFO ][2015-11-03 13:01:51,306][com.java.SeleniumDriver] [  861] -  RESULT true
[INFO ][2015-11-03 13:01:51,306][com.java.SeleniumDriver] [ 1066] - ?   P A S S   ?
[INFO ][2015-11-03 13:01:51,306][com.java.SeleniumDriver] [  788] - ------------------------------------------
[INFO ][2015-11-03 13:01:51,306][com.java.SeleniumDriver] [  789] - Test case being Executed: 9
[INFO ][2015-11-03 13:01:51,306][com.java.SeleniumDriver] [  800] - Test step:11
[INFO ][2015-11-03 13:01:51,306][com.java.SeleniumDriver] [  812] - Datavalue is----------3
[INFO ][2015-11-03 13:01:51,306][com.java.SeleniumDriver] [  836] - DataField : XPH//select[contains(@class,'mber-select form-control')]
[INFO ][2015-11-03 13:01:51,306][com.java.SeleniumDriver] [  838] - DataValue : 3
[INFO ][2015-11-03 13:01:51,306][com.java.SeleniumDriver] [  844] - <In Set values of the page>
[INFO ][2015-11-03 13:01:51,306][com.java.SeleniumDriver] [  847] - {Data Fields & Data Values Exist}
[INFO ][2015-11-03 13:01:51,306][com.java.SeleniumDriver] [  849] - --------------------------setting values-----------------------------
[INFO ][2015-11-03 13:01:51,306][com.java.SeleniumDriver] [  852] - Action Type : waitforelement
[INFO ][2015-11-03 13:01:51,336][com.java.SeleniumDriver] [  861] -  RESULT true
[INFO ][2015-11-03 13:01:51,336][com.java.SeleniumDriver] [ 1066] - ?   P A S S   ?
[INFO ][2015-11-03 13:01:51,336][com.java.SeleniumDriver] [  788] - ------------------------------------------
[INFO ][2015-11-03 13:01:51,336][com.java.SeleniumDriver] [  789] - Test case being Executed: 9
[INFO ][2015-11-03 13:01:51,336][com.java.SeleniumDriver] [  800] - Test step:12
[INFO ][2015-11-03 13:01:51,336][com.java.SeleniumDriver] [  812] - Datavalue is----------null
[DEBUG][2015-11-03 13:01:51,336][com.java.SeleniumDriver] [  830] - Exception: null
[INFO ][2015-11-03 13:01:51,336][com.java.SeleniumDriver] [  836] - DataField : XPH//select[contains(@class,'mber-select form-control')]
[INFO ][2015-11-03 13:01:51,336][com.java.SeleniumDriver] [  838] - DataValue : 
[INFO ][2015-11-03 13:01:51,336][com.java.SeleniumDriver] [  844] - <In Set values of the page>
[INFO ][2015-11-03 13:01:51,336][com.java.SeleniumDriver] [  847] - {Data Fields & Data Values Exist}
[INFO ][2015-11-03 13:01:51,336][com.java.SeleniumDriver] [  849] - --------------------------setting values-----------------------------
[INFO ][2015-11-03 13:01:51,336][com.java.SeleniumDriver] [  852] - Action Type : click
[INFO ][2015-11-03 13:01:51,336][com.java.TestType] [ 4063] - Field ::XPH//select[contains(@class,'mber-select form-control')]
[INFO ][2015-11-03 13:01:52,336][com.java.TestType] [ 4122] - BEFORE CLICK
[INFO ][2015-11-03 13:01:53,176][com.java.TestType] [ 4130] - Unable to click the object dollar value dropdown
[INFO ][2015-11-03 13:01:53,176][com.java.SeleniumDriver] [  861] -  RESULT true
[INFO ][2015-11-03 13:01:53,176][com.java.SeleniumDriver] [ 1066] - ?   P A S S   ?
[INFO ][2015-11-03 13:01:53,176][com.java.SeleniumDriver] [  788] - ------------------------------------------
[INFO ][2015-11-03 13:01:53,176][com.java.SeleniumDriver] [  789] - Test case being Executed: 9
[INFO ][2015-11-03 13:01:53,176][com.java.SeleniumDriver] [  800] - Test step:13
[INFO ][2015-11-03 13:01:53,176][com.java.SeleniumDriver] [  812] - Datavalue is----------3
[INFO ][2015-11-03 13:01:53,176][com.java.SeleniumDriver] [  836] - DataField : XPH//select/option[contains(text(), 'Dollar ($)')]
[INFO ][2015-11-03 13:01:53,176][com.java.SeleniumDriver] [  838] - DataValue : 3
[INFO ][2015-11-03 13:01:53,176][com.java.SeleniumDriver] [  844] - <In Set values of the page>
[INFO ][2015-11-03 13:01:53,176][com.java.SeleniumDriver] [  847] - {Data Fields & Data Values Exist}
[INFO ][2015-11-03 13:01:53,176][com.java.SeleniumDriver] [  849] - --------------------------setting values-----------------------------
[INFO ][2015-11-03 13:01:53,176][com.java.SeleniumDriver] [  852] - Action Type : waitforelement
[INFO ][2015-11-03 13:01:53,207][com.java.SeleniumDriver] [  861] -  RESULT true
[INFO ][2015-11-03 13:01:53,207][com.java.SeleniumDriver] [ 1066] - ?   P A S S   ?
[INFO ][2015-11-03 13:01:53,207][com.java.SeleniumDriver] [  788] - ------------------------------------------
[INFO ][2015-11-03 13:01:53,207][com.java.SeleniumDriver] [  789] - Test case being Executed: 9
[INFO ][2015-11-03 13:01:53,207][com.java.SeleniumDriver] [  800] - Test step:14
[INFO ][2015-11-03 13:01:53,207][com.java.SeleniumDriver] [  812] - Datavalue is----------null
[DEBUG][2015-11-03 13:01:53,207][com.java.SeleniumDriver] [  830] - Exception: null
[INFO ][2015-11-03 13:01:53,207][com.java.SeleniumDriver] [  836] - DataField : XPH//select/option[contains(text(), 'Dollar ($)')]
[INFO ][2015-11-03 13:01:53,207][com.java.SeleniumDriver] [  838] - DataValue : 
[INFO ][2015-11-03 13:01:53,207][com.java.SeleniumDriver] [  844] - <In Set values of the page>
[INFO ][2015-11-03 13:01:53,207][com.java.SeleniumDriver] [  847] - {Data Fields & Data Values Exist}
[INFO ][2015-11-03 13:01:53,207][com.java.SeleniumDriver] [  849] - --------------------------setting values-----------------------------
[INFO ][2015-11-03 13:01:53,207][com.java.SeleniumDriver] [  852] - Action Type : click
[INFO ][2015-11-03 13:01:53,207][com.java.TestType] [ 4063] - Field ::XPH//select/option[contains(text(), 'Dollar ($)')]
[INFO ][2015-11-03 13:01:54,207][com.java.TestType] [ 4122] - BEFORE CLICK
[INFO ][2015-11-03 13:01:54,897][com.java.TestType] [ 4130] - Unable to click the object dollar value dropdown
[INFO ][2015-11-03 13:01:54,897][com.java.SeleniumDriver] [  861] -  RESULT true
[INFO ][2015-11-03 13:01:54,897][com.java.SeleniumDriver] [ 1066] - ?   P A S S   ?
[INFO ][2015-11-03 13:01:54,897][com.java.SeleniumDriver] [  788] - ------------------------------------------
[INFO ][2015-11-03 13:01:54,897][com.java.SeleniumDriver] [  789] - Test case being Executed: 9
[INFO ][2015-11-03 13:01:54,897][com.java.SeleniumDriver] [  800] - Test step:15
[INFO ][2015-11-03 13:01:54,897][com.java.SeleniumDriver] [  812] - Datavalue is----------RNDVLTest
[INFO ][2015-11-03 13:01:54,897][com.java.SeleniumDriver] [  836] - DataField : RDN//input[contains(@placeholder, 'Name your Calcu')]
[INFO ][2015-11-03 13:01:54,897][com.java.SeleniumDriver] [  838] - DataValue : RNDVLTest
[INFO ][2015-11-03 13:01:54,897][com.java.SeleniumDriver] [  844] - <In Set values of the page>
[INFO ][2015-11-03 13:01:54,897][com.java.SeleniumDriver] [  847] - {Data Fields & Data Values Exist}
[INFO ][2015-11-03 13:01:54,897][com.java.SeleniumDriver] [  849] - --------------------------setting values-----------------------------
[INFO ][2015-11-03 13:01:54,897][com.java.SeleniumDriver] [  852] - Action Type : enter
[INFO ][2015-11-03 13:01:54,897][com.java.TestType] [ 4383] - field = //input[contains(@placeholder, 'Name your Calcu')]
[INFO ][2015-11-03 13:01:54,897][com.java.TestType] [ 3750] - value = VLTest38940
[INFO ][2015-11-03 13:01:55,478][com.java.SeleniumDriver] [  861] -  RESULT true
[INFO ][2015-11-03 13:01:55,478][com.java.SeleniumDriver] [ 1066] - ?   P A S S   ?
[INFO ][2015-11-03 13:01:55,478][com.java.SeleniumDriver] [  788] - ------------------------------------------
[INFO ][2015-11-03 13:01:55,478][com.java.SeleniumDriver] [  789] - Test case being Executed: 9
[INFO ][2015-11-03 13:01:55,478][com.java.SeleniumDriver] [  800] - Test step:16
[INFO ][2015-11-03 13:01:55,478][com.java.SeleniumDriver] [  812] - Datavalue is----------//div[@id='group-list']/ul/li[2]//a
[INFO ][2015-11-03 13:01:55,478][com.java.SeleniumDriver] [  836] - DataField : BTN
[INFO ][2015-11-03 13:01:55,478][com.java.SeleniumDriver] [  838] - DataValue : //div[@id='group-list']/ul/li[2]//a
[INFO ][2015-11-03 13:01:55,478][com.java.SeleniumDriver] [  844] - <In Set values of the page>
[INFO ][2015-11-03 13:01:55,478][com.java.SeleniumDriver] [  847] - {Data Fields & Data Values Exist}
[INFO ][2015-11-03 13:01:55,478][com.java.SeleniumDriver] [  849] - --------------------------setting values-----------------------------
[INFO ][2015-11-03 13:01:55,478][com.java.SeleniumDriver] [  852] - Action Type : verify
[INFO ][2015-11-03 13:01:55,478][com.java.TestType] [ 4876] - field= BTN value= //div[@id='group-list']/ul/li[2]//a
[INFO ][2015-11-03 13:01:55,478][com.java.TestType] [ 3750] - value = //div[@id='group-list']/ul/li[2]//a
[INFO ][2015-11-03 13:01:55,508][com.java.SeleniumDriver] [  861] -  RESULT true
[INFO ][2015-11-03 13:01:55,508][com.java.SeleniumDriver] [ 1066] - ?   P A S S   ?
[INFO ][2015-11-03 13:01:55,508][com.java.SeleniumDriver] [  788] - ------------------------------------------
[INFO ][2015-11-03 13:01:55,508][com.java.SeleniumDriver] [  789] - Test case being Executed: 9
[INFO ][2015-11-03 13:01:55,508][com.java.SeleniumDriver] [  800] - Test step:17
[INFO ][2015-11-03 13:01:55,508][com.java.SeleniumDriver] [  812] - Datavalue is----------null
[DEBUG][2015-11-03 13:01:55,508][com.java.SeleniumDriver] [  830] - Exception: null
[INFO ][2015-11-03 13:01:55,508][com.java.SeleniumDriver] [  836] - DataField : XPH//div[@id='group-list']/ul/li[2]//a
[INFO ][2015-11-03 13:01:55,508][com.java.SeleniumDriver] [  838] - DataValue : 
[INFO ][2015-11-03 13:01:55,508][com.java.SeleniumDriver] [  844] - <In Set values of the page>
[INFO ][2015-11-03 13:01:55,508][com.java.SeleniumDriver] [  847] - {Data Fields & Data Values Exist}
[INFO ][2015-11-03 13:01:55,508][com.java.SeleniumDriver] [  849] - --------------------------setting values-----------------------------
[INFO ][2015-11-03 13:01:55,508][com.java.SeleniumDriver] [  852] - Action Type : CLICK
[INFO ][2015-11-03 13:01:55,508][com.java.TestType] [ 4063] - Field ::XPH//div[@id='group-list']/ul/li[2]//a
[INFO ][2015-11-03 13:01:56,508][com.java.TestType] [ 4122] - BEFORE CLICK
[INFO ][2015-11-03 13:01:57,408][com.java.TestType] [ 4130] - Unable to click the object calculation name field
[INFO ][2015-11-03 13:01:57,408][com.java.SeleniumDriver] [  861] -  RESULT true
[INFO ][2015-11-03 13:01:57,408][com.java.SeleniumDriver] [ 1066] - ?   P A S S   ?
[INFO ][2015-11-03 13:01:57,408][com.java.SeleniumDriver] [  788] - ------------------------------------------
[INFO ][2015-11-03 13:01:57,408][com.java.SeleniumDriver] [  789] - Test case being Executed: 9
[INFO ][2015-11-03 13:01:57,408][com.java.SeleniumDriver] [  800] - Test step:18
[INFO ][2015-11-03 13:01:57,408][com.java.SeleniumDriver] [  812] - Datavalue is----------3
[INFO ][2015-11-03 13:01:57,408][com.java.SeleniumDriver] [  836] - DataField : XPH//a[contains(text(),'Non-Interest Bearing Deposits')]
[INFO ][2015-11-03 13:01:57,408][com.java.SeleniumDriver] [  838] - DataValue : 3
[INFO ][2015-11-03 13:01:57,408][com.java.SeleniumDriver] [  844] - <In Set values of the page>
[INFO ][2015-11-03 13:01:57,408][com.java.SeleniumDriver] [  847] - {Data Fields & Data Values Exist}
[INFO ][2015-11-03 13:01:57,408][com.java.SeleniumDriver] [  849] - --------------------------setting values-----------------------------
[INFO ][2015-11-03 13:01:57,408][com.java.SeleniumDriver] [  852] - Action Type : waitforelement
[INFO ][2015-11-03 13:01:57,449][com.java.SeleniumDriver] [  861] -  RESULT true
[INFO ][2015-11-03 13:01:57,449][com.java.SeleniumDriver] [ 1066] - ?   P A S S   ?
[INFO ][2015-11-03 13:01:57,449][com.java.SeleniumDriver] [  788] - ------------------------------------------
[INFO ][2015-11-03 13:01:57,449][com.java.SeleniumDriver] [  789] - Test case being Executed: 9
[INFO ][2015-11-03 13:01:57,449][com.java.SeleniumDriver] [  800] - Test step:19
[INFO ][2015-11-03 13:01:57,449][com.java.SeleniumDriver] [  812] - Datavalue is----------//a[contains(text(),'Non-Interest Bearing Deposits')]
[INFO ][2015-11-03 13:01:57,449][com.java.SeleniumDriver] [  836] - DataField : //div[@class="ember-view alert alert-info expression ui-droppable"]
[INFO ][2015-11-03 13:01:57,449][com.java.SeleniumDriver] [  838] - DataValue : //a[contains(text(),'Non-Interest Bearing Deposits')]
[INFO ][2015-11-03 13:01:57,449][com.java.SeleniumDriver] [  844] - <In Set values of the page>
[INFO ][2015-11-03 13:01:57,449][com.java.SeleniumDriver] [  847] - {Data Fields & Data Values Exist}
[INFO ][2015-11-03 13:01:57,449][com.java.SeleniumDriver] [  849] - --------------------------setting values-----------------------------
[INFO ][2015-11-03 13:01:57,449][com.java.SeleniumDriver] [  852] - Action Type : DRAGANDDROP
[INFO ][2015-11-03 13:01:58,009][com.java.SeleniumDriver] [  861] -  RESULT true
[INFO ][2015-11-03 13:01:58,009][com.java.SeleniumDriver] [ 1066] - ?   P A S S   ?
[INFO ][2015-11-03 13:01:58,009][com.java.SeleniumDriver] [  788] - ------------------------------------------
[INFO ][2015-11-03 13:01:58,009][com.java.SeleniumDriver] [  789] - Test case being Executed: 9
[INFO ][2015-11-03 13:01:58,009][com.java.SeleniumDriver] [  800] - Test step:20
[INFO ][2015-11-03 13:01:58,009][com.java.SeleniumDriver] [  812] - Datavalue is----------null
[DEBUG][2015-11-03 13:01:58,009][com.java.SeleniumDriver] [  830] - Exception: null
[INFO ][2015-11-03 13:01:58,009][com.java.SeleniumDriver] [  836] - DataField : XPH//button[text()='+']
[INFO ][2015-11-03 13:01:58,009][com.java.SeleniumDriver] [  838] - DataValue : 
[INFO ][2015-11-03 13:01:58,009][com.java.SeleniumDriver] [  844] - <In Set values of the page>
[INFO ][2015-11-03 13:01:58,009][com.java.SeleniumDriver] [  847] - {Data Fields & Data Values Exist}
[INFO ][2015-11-03 13:01:58,009][com.java.SeleniumDriver] [  849] - --------------------------setting values-----------------------------
[INFO ][2015-11-03 13:01:58,009][com.java.SeleniumDriver] [  852] - Action Type : click
[INFO ][2015-11-03 13:01:58,009][com.java.TestType] [ 4063] - Field ::XPH//button[text()='+']
[INFO ][2015-11-03 13:01:59,009][com.java.TestType] [ 4122] - BEFORE CLICK
[INFO ][2015-11-03 13:01:59,829][com.java.TestType] [ 4130] - Unable to click the object enter operator
[INFO ][2015-11-03 13:01:59,829][com.java.SeleniumDriver] [  861] -  RESULT true
[INFO ][2015-11-03 13:01:59,829][com.java.SeleniumDriver] [ 1066] - ?   P A S S   ?
[INFO ][2015-11-03 13:01:59,829][com.java.SeleniumDriver] [  788] - ------------------------------------------
[INFO ][2015-11-03 13:01:59,829][com.java.SeleniumDriver] [  789] - Test case being Executed: 9
[INFO ][2015-11-03 13:01:59,829][com.java.SeleniumDriver] [  800] - Test step:21
[INFO ][2015-11-03 13:01:59,829][com.java.SeleniumDriver] [  812] - Datavalue is----------//a[contains(text(),'Interest bearing demand deposits')]
[INFO ][2015-11-03 13:01:59,829][com.java.SeleniumDriver] [  836] - DataField : //div[@class="ember-view alert alert-info expression ui-droppable"]
[INFO ][2015-11-03 13:01:59,829][com.java.SeleniumDriver] [  838] - DataValue : //a[contains(text(),'Interest bearing demand deposits')]
[INFO ][2015-11-03 13:01:59,829][com.java.SeleniumDriver] [  844] - <In Set values of the page>
[INFO ][2015-11-03 13:01:59,829][com.java.SeleniumDriver] [  847] - {Data Fields & Data Values Exist}
[INFO ][2015-11-03 13:01:59,829][com.java.SeleniumDriver] [  849] - --------------------------setting values-----------------------------
[INFO ][2015-11-03 13:01:59,829][com.java.SeleniumDriver] [  852] - Action Type : DRAGANDDROP
[INFO ][2015-11-03 13:02:00,290][com.java.SeleniumDriver] [  861] -  RESULT true
[INFO ][2015-11-03 13:02:00,290][com.java.SeleniumDriver] [ 1066] - ?   P A S S   ?
[INFO ][2015-11-03 13:02:00,290][com.java.SeleniumDriver] [  788] - ------------------------------------------
[INFO ][2015-11-03 13:02:00,290][com.java.SeleniumDriver] [  789] - Test case being Executed: 9
[INFO ][2015-11-03 13:02:00,290][com.java.SeleniumDriver] [  800] - Test step:22
[INFO ][2015-11-03 13:02:00,290][com.java.SeleniumDriver] [  812] - Datavalue is----------3
[INFO ][2015-11-03 13:02:00,290][com.java.SeleniumDriver] [  836] - DataField : XPH//button[contains(text(), 'Save')]
[INFO ][2015-11-03 13:02:00,290][com.java.SeleniumDriver] [  838] - DataValue : 3
[INFO ][2015-11-03 13:02:00,290][com.java.SeleniumDriver] [  844] - <In Set values of the page>
[INFO ][2015-11-03 13:02:00,290][com.java.SeleniumDriver] [  847] - {Data Fields & Data Values Exist}
[INFO ][2015-11-03 13:02:00,290][com.java.SeleniumDriver] [  849] - --------------------------setting values-----------------------------
[INFO ][2015-11-03 13:02:00,290][com.java.SeleniumDriver] [  852] - Action Type : waitforelement
[INFO ][2015-11-03 13:02:00,330][com.java.SeleniumDriver] [  861] -  RESULT true
[INFO ][2015-11-03 13:02:00,330][com.java.SeleniumDriver] [ 1066] - ?   P A S S   ?
[INFO ][2015-11-03 13:02:00,330][com.java.SeleniumDriver] [  788] - ------------------------------------------
[INFO ][2015-11-03 13:02:00,330][com.java.SeleniumDriver] [  789] - Test case being Executed: 9
[INFO ][2015-11-03 13:02:00,330][com.java.SeleniumDriver] [  800] - Test step:23
[INFO ][2015-11-03 13:02:00,330][com.java.SeleniumDriver] [  812] - Datavalue is----------null
[DEBUG][2015-11-03 13:02:00,330][com.java.SeleniumDriver] [  830] - Exception: null
[INFO ][2015-11-03 13:02:00,330][com.java.SeleniumDriver] [  836] - DataField : XPH//button[contains(text(), 'Save')]
[INFO ][2015-11-03 13:02:00,330][com.java.SeleniumDriver] [  838] - DataValue : 
[INFO ][2015-11-03 13:02:00,330][com.java.SeleniumDriver] [  844] - <In Set values of the page>
[INFO ][2015-11-03 13:02:00,330][com.java.SeleniumDriver] [  847] - {Data Fields & Data Values Exist}
[INFO ][2015-11-03 13:02:00,330][com.java.SeleniumDriver] [  849] - --------------------------setting values-----------------------------
[INFO ][2015-11-03 13:02:00,330][com.java.SeleniumDriver] [  852] - Action Type : ISENABLED
[INFO ][2015-11-03 13:02:00,330][com.java.TestType] [ 5771] - field= XPH//button[contains(text(), 'Save')]
[DEBUG][2015-11-03 13:02:00,430][com.java.TestType] [ 5787] - Element is Disabled:: //button[contains(text(), 'Save')]
[INFO ][2015-11-03 13:02:00,430][com.java.SeleniumDriver] [  861] -  RESULT false
[INFO ][2015-11-03 13:02:00,430][com.java.SeleniumDriver] [  908] - ?   F A I L   ?
[INFO ][2015-11-03 13:02:00,430][com.java.SeleniumDriver] [  916] - Browser Type : IE11
[INFO ][2015-11-03 13:02:00,430][com.java.SeleniumDriver] [  917] - Adding Failed case9
[INFO ][2015-11-03 13:02:01,780][com.java.SeleniumDriver] [ 1030] - failedCases = 9
[ERROR][2015-11-03 13:02:01,780][com.java.SeleniumDriver] [ 1516] - Platform Errors : Our apologies...::We have encountered an issue with your request.::Our apologies?:We encountered an issue with your request.
[INFO ][2015-11-03 13:02:01,780][com.java.SeleniumDriver] [ 1520] - Length =3
[ERROR][2015-11-03 13:02:01,780][com.java.SeleniumDriver] [ 1523] - Error 0 = Our apologies...
[ERROR][2015-11-03 13:02:01,821][com.java.SeleniumDriver] [ 1523] - Error 1 = We have encountered an issue with your request.
[ERROR][2015-11-03 13:02:01,841][com.java.SeleniumDriver] [ 1523] - Error 2 = Our apologies?:We encountered an issue with your request.
[DEBUG][2015-11-03 13:02:01,871][com.java.SeleniumDriver] [ 1168] - Case found
[DEBUG][2015-11-03 13:02:01,871][com.java.SeleniumDriver] [ 1173] - Incrementing ReportCounters[0]:2
[INFO ][2015-11-03 13:02:01,871][com.java.SeleniumDriver] [ 1192] - The results are-------------------[9, 23, Tools->Custom Calculations, Fail, 
Test case failed at Step No. :: 23   Error Message ::  Element is Disabled:: //button[contains(text(), 'Save')]. Screen Shot : D:\BankersDashboard\TestReports\110315\9_110315_130200_IE11.png, Tue Nov 03 13:02:01 IST 2015]
[INFO ][2015-11-03 13:02:01,871][com.java.SeleniumDriver] [ 1196] - End time is-------1 min 31 sec
[INFO ][2015-11-03 13:02:01,871][com.java.SeleniumDriver] [ 1197] - The results are-------------------[9, 23, Tools->Custom Calculations, Fail, 
Test case failed at Step No. :: 23   Error Message ::  Element is Disabled:: //button[contains(text(), 'Save')]. Screen Shot : D:\BankersDashboard\TestReports\110315\9_110315_130200_IE11.png, Tue Nov 03 13:02:01 IST 2015]
[DEBUG][2015-11-03 13:02:01,871][com.java.ImportnExport.ExportTestResultsExcel] [  222] - testResultPath = D:\BankersDashboard/TestReports/Test Results_BankersDashBoard_110315_130032_IE11_Any Bank USA.xls
[DEBUG][2015-11-03 13:02:01,871][com.java.ImportnExport.ExportTestResultsExcel] [  223] - browser is------------IE11
[DEBUG][2015-11-03 13:02:01,871][com.java.ImportnExport.ExportTestResultsExcel] [  270] - result.size() = 6
[DEBUG][2015-11-03 13:02:01,871][com.java.ImportnExport.ExportTestResultsExcel] [  274] - No of rows in sheet=2
[DEBUG][2015-11-03 13:02:01,871][com.java.ImportnExport.ExportTestResultsExcel] [  301] - ..in export..9
[DEBUG][2015-11-03 13:02:01,871][com.java.ImportnExport.ExportTestResultsExcel] [  301] - ..in export..Tools->Custom Calculations
[DEBUG][2015-11-03 13:02:01,871][com.java.ImportnExport.ExportTestResultsExcel] [  301] - ..in export..Fail
[DEBUG][2015-11-03 13:02:01,871][com.java.ImportnExport.ExportTestResultsExcel] [  301] - ..in export..
Test case failed at Step No. :: 23   Error Message ::  Element is Disabled:: //button[contains(text(), 'Save')]. Screen Shot : D:\BankersDashboard\TestReports\110315\9_110315_130200_IE11.png
[DEBUG][2015-11-03 13:02:01,871][com.java.ImportnExport.ExportTestResultsExcel] [  301] - ..in export..Tue Nov 03 13:02:01 IST 2015
[INFO ][2015-11-03 13:02:01,871][com.java.SeleniumDriver] [ 1255] - out loop:1 size:2 TestCases:[1, 9] testcases:[1, 9]
[INFO ][2015-11-03 13:02:03,871][com.java.SeleniumDriver] [ 1297] - Total Number of Cases:2
[INFO ][2015-11-03 13:02:03,871][com.java.TemplateGenerator] [  302] - Executed:2
[INFO ][2015-11-03 13:02:03,871][com.java.TemplateGenerator] [  303] - Passed:1
[INFO ][2015-11-03 13:02:03,871][com.java.TemplateGenerator] [  304] - Failed:1
[INFO ][2015-11-03 13:02:03,871][com.java.TemplateGenerator] [  305] - Skipeed:0
[INFO ][2015-11-03 13:02:03,871][com.java.TemplateGenerator] [  306] - Application URL:https://clients-xuat.bankersdashboard.com
[INFO ][2015-11-03 13:02:03,871][com.java.TemplateGenerator] [  307] - Start Time:110315_130032
[INFO ][2015-11-03 13:02:03,871][com.java.TemplateGenerator] [  308] -  Creating HTML Report 
[ERROR][2015-11-03 13:02:03,871][com.java.TemplateGenerator] [  409] - Unparseable date: "Tue Nov 03 01:00:32 IST 2015"
[INFO ][2015-11-03 13:02:03,871][com.java.TemplateGenerator] [  654] -  Exporting case :: 1
[INFO ][2015-11-03 13:02:03,871][com.java.TemplateGenerator] [  654] -  Exporting case :: 9
[INFO ][2015-11-03 13:02:03,871][com.java.SeleniumDriver] [ 1346] - End Time:110315_130203
[INFO ][2015-11-03 13:02:03,871][com.java.SeleniumDriver] [ 1349] - Data in Test Execution Details:{1=PASS, 9=FAILTest case failed at Step No. :: 23   Error Message ::  Element is Disabled:: //button[contains(text(), 'Save')]}
[INFO ][2015-11-03 13:02:03,871][com.java.SeleniumDriver] [ 1350] - Data in Failed Execution Deatils:{}
[INFO ][2015-11-03 13:02:03,871][com.java.SeleniumDriver] [ 1352] - ReportCounter:Total:2 :: PASS: 1 ::FAIL: 1
[INFO ][2015-11-03 13:02:03,871][com.java.SeleniumDriver] [ 1353] - FailedReportCounter:Total:0 :: PASS: 0 ::FAIL: 0
[INFO ][2015-11-03 13:02:03,872][com.java.EmailTestReport] [   63] - Sending report mail details:
[INFO ][2015-11-03 13:02:03,872][com.java.EmailTestReport] [   80] - Excel Report Path:D:\BankersDashboard/TestReports/Test Results_BankersDashBoard_110315_130032_IE11_Any Bank USA.xls
[INFO ][2015-11-03 13:02:03,872][com.java.EmailTestReport] [   81] - HTML Report Path:D:\BankersDashboard//TestReports//Test Results_BankersDashBoard_110315_130032_IE11_Any Bank USA.html
[INFO ][2015-11-03 13:02:03,872][com.java.EmailTestReport] [   82] - smtpHostName:mail01.valuelabs.com
[INFO ][2015-11-03 13:02:03,872][com.java.EmailTestReport] [   83] - Recipient:venkateswararao.gubbala@valuelabs.com
[INFO ][2015-11-03 13:02:03,872][com.java.EmailTestReport] [   84] - From:venkateswararao.gubbala@valuelabs.com
[INFO ][2015-11-03 13:02:03,872][com.java.EmailTestReport] [   85] - Subject:DestinationRewards Automation Test Report - Any Bank USA - IE11
[INFO ][2015-11-03 13:02:03,902][com.java.EmailTestReport] [  143] -  Added venkateswararao.gubbala@valuelabs.com
[INFO ][2015-11-03 13:02:07,032][com.java.SeleniumDriver] [  719] - quitting the browser 
[INFO ][2015-11-03 13:02:08,302][com.java.SeleniumDriver] [  263] - Execution Completed Stopping the thread
