[INFO ][2015-11-19 10:58:25,847][com.java.SeleniumDriver] [  213] - Execute Failed Casesfalse
[INFO ][2015-11-19 10:58:25,847][com.java.SeleniumDriver] [  214] - Browser: IE10
[INFO ][2015-11-19 10:58:25,847][com.java.SeleniumDriver] [  215] - [1, 6]
[INFO ][2015-11-19 10:58:25,847][com.java.SeleniumDriver] [  216] - Total TestCases:2
[INFO ][2015-11-19 10:58:25,847][com.java.SeleniumDriver] [  217] -  Reading Properties from Property File 
[DEBUG][2015-11-19 10:58:25,847][com.java.SeleniumDriver] [  238] - url : https://clients-xuat.bankersdashboard.com
[INFO ][2015-11-19 10:58:25,847][com.java.ImportnExport.ExportTestResultsExcel] [  116] - Time Stamp Thu Nov 19 10:58:25 IST 2015
[INFO ][2015-11-19 10:58:25,847][com.java.ImportnExport.ExportTestResultsExcel] [  175] - OUT FILE : D:\BankersDashboard/TestReports/Test Results_BankersDashBoard_111915_105825_IE10_Simmons First National Bank.xls
[INFO ][2015-11-19 10:58:25,878][com.java.ImportnExport.ExportTestResultsExcel] [  180] - Test Result file is created
[DEBUG][2015-11-19 10:58:25,988][com.java.SeleniumDriver] [  425] - Hub ip address is-------172.17.68.34
[INFO ][2015-11-19 10:58:25,988][com.java.SeleniumDriver] [  451] - Grid URL:http://172.17.68.34:4444/wd/hub
[INFO ][2015-11-19 10:58:25,988][com.java.SeleniumDriver] [  452] - Capability:Capabilities [{platform=ANY, ensureCleanSession=true, ignoreProtectedModeSettings=true, acceptSslCerts=true, ignoreZoomSetting=true, browserName=internet explorer, browserstack.ie.noFlash=true, version=null}]
[ERROR][2015-11-19 10:58:27,278][com.java.SeleniumDriver] [  496] - Unable invoke browser in grid:Could not start a new session. Possible causes are invalid address of the remote server or browser start-up failure.
Build info: version: '2.48.2', revision: '41bccdd', time: '2015-10-09 19:59:12'
System info: host: 'FVTIII438F1D', ip: '172.17.68.34', os.name: 'Windows 7', os.arch: 'x86', os.version: '6.1', java.version: '1.7.0_55'
Driver info: driver.version: SeleniumDriver
[INFO ][2015-11-19 10:58:27,278][com.java.SeleniumDriver] [  498] - Executing on local machine
[INFO ][2015-11-19 10:58:36,765][com.java.SeleniumDriver] [  248] - IE10is opened
[INFO ][2015-11-19 10:58:37,396][com.java.SeleniumDriver] [  753] - Test cases to be executed are: [1, 6]
[INFO ][2015-11-19 10:58:37,413][com.java.ImportnExport.ImportTestDataDetailsExcel] [   49] - test data details path===== D:\BankersDashboard\TestInputs\TestData.xls
[INFO ][2015-11-19 10:58:37,459][com.java.SeleniumDriver] [  796] - ------------------------------------------
[INFO ][2015-11-19 10:58:37,460][com.java.SeleniumDriver] [  797] - Test case being Executed: 1
[INFO ][2015-11-19 10:58:37,460][com.java.SeleniumDriver] [  808] - Test step:1
[INFO ][2015-11-19 10:58:37,460][com.java.SeleniumDriver] [  820] - Datavalue is----------Concept#1:1-14
[INFO ][2015-11-19 10:58:37,460][com.java.SeleniumDriver] [  844] - DataField : test
[INFO ][2015-11-19 10:58:37,460][com.java.SeleniumDriver] [  846] - DataValue : Concept#1:1-14
[INFO ][2015-11-19 10:58:37,460][com.java.SeleniumDriver] [  852] - <In Set values of the page>
[INFO ][2015-11-19 10:58:37,460][com.java.SeleniumDriver] [  855] - {Data Fields & Data Values Exist}
[INFO ][2015-11-19 10:58:37,460][com.java.SeleniumDriver] [  857] - --------------------------setting values-----------------------------
[INFO ][2015-11-19 10:58:37,461][com.java.SeleniumDriver] [  860] - Action Type : ExecuteTestCase
[INFO ][2015-11-19 10:58:37,477][com.java.TestType] [  426] - The Concept sheet name is ---------- Concept
[INFO ][2015-11-19 10:58:37,477][com.java.TestType] [  429] - The Concept ID  is ---------- 1
[DEBUG][2015-11-19 10:58:37,477][com.java.TestType] [  433] - Steps being executted in the Concept are: 1:14
[INFO ][2015-11-19 10:58:37,477][com.java.TestType] [  440] - Test data details path ---------- D:\BankersDashboard\TestInputs\TestData.xls
[INFO ][2015-11-19 10:58:37,512][com.java.TestType] [  471] -  str(1) = 1
[INFO ][2015-11-19 10:58:37,512][com.java.TestType] [  474] - Test case Id is---1
[INFO ][2015-11-19 10:58:37,512][com.java.TestType] [  476] - 1
[INFO ][2015-11-19 10:58:37,512][com.java.TestType] [  471] -  str(2) = 1
[INFO ][2015-11-19 10:58:37,515][com.java.TestType] [  523] - row values are--------{1=com.java.Objects.TestDataDetails@514cef}
[INFO ][2015-11-19 10:58:37,515][com.java.TestType] [  471] -  str(1) = 1
[INFO ][2015-11-19 10:58:37,517][com.java.TestType] [  474] - Test case Id is---1
[INFO ][2015-11-19 10:58:37,517][com.java.TestType] [  476] - 1
[INFO ][2015-11-19 10:58:37,517][com.java.TestType] [  471] -  str(2) = 2
[INFO ][2015-11-19 10:58:37,518][com.java.TestType] [  523] - row values are--------{1=com.java.Objects.TestDataDetails@514cef, 2=com.java.Objects.TestDataDetails@1c9b12c}
[INFO ][2015-11-19 10:58:37,518][com.java.TestType] [  471] -  str(1) = 1
[INFO ][2015-11-19 10:58:37,518][com.java.TestType] [  474] - Test case Id is---1
[INFO ][2015-11-19 10:58:37,518][com.java.TestType] [  476] - 1
[INFO ][2015-11-19 10:58:37,520][com.java.TestType] [  471] -  str(2) = 3
[INFO ][2015-11-19 10:58:37,521][com.java.TestType] [  523] - row values are--------{1=com.java.Objects.TestDataDetails@514cef, 2=com.java.Objects.TestDataDetails@1c9b12c, 3=com.java.Objects.TestDataDetails@1ff9980}
[INFO ][2015-11-19 10:58:37,521][com.java.TestType] [  471] -  str(1) = 1
[INFO ][2015-11-19 10:58:37,521][com.java.TestType] [  474] - Test case Id is---1
[INFO ][2015-11-19 10:58:37,521][com.java.TestType] [  476] - 1
[INFO ][2015-11-19 10:58:37,521][com.java.TestType] [  471] -  str(2) = 4
[INFO ][2015-11-19 10:58:37,522][com.java.TestType] [  523] - row values are--------{1=com.java.Objects.TestDataDetails@514cef, 2=com.java.Objects.TestDataDetails@1c9b12c, 3=com.java.Objects.TestDataDetails@1ff9980, 4=com.java.Objects.TestDataDetails@470c64}
[INFO ][2015-11-19 10:58:37,523][com.java.TestType] [  471] -  str(1) = 1
[INFO ][2015-11-19 10:58:37,523][com.java.TestType] [  474] - Test case Id is---1
[INFO ][2015-11-19 10:58:37,523][com.java.TestType] [  476] - 1
[INFO ][2015-11-19 10:58:37,523][com.java.TestType] [  471] -  str(2) = 5
[INFO ][2015-11-19 10:58:37,524][com.java.TestType] [  523] - row values are--------{1=com.java.Objects.TestDataDetails@514cef, 2=com.java.Objects.TestDataDetails@1c9b12c, 3=com.java.Objects.TestDataDetails@1ff9980, 4=com.java.Objects.TestDataDetails@470c64, 5=com.java.Objects.TestDataDetails@1658567}
[INFO ][2015-11-19 10:58:37,524][com.java.TestType] [  471] -  str(1) = 1
[INFO ][2015-11-19 10:58:37,524][com.java.TestType] [  474] - Test case Id is---1
[INFO ][2015-11-19 10:58:37,524][com.java.TestType] [  476] - 1
[INFO ][2015-11-19 10:58:37,524][com.java.TestType] [  471] -  str(2) = 6
[INFO ][2015-11-19 10:58:37,525][com.java.TestType] [  523] - row values are--------{1=com.java.Objects.TestDataDetails@514cef, 2=com.java.Objects.TestDataDetails@1c9b12c, 3=com.java.Objects.TestDataDetails@1ff9980, 4=com.java.Objects.TestDataDetails@470c64, 5=com.java.Objects.TestDataDetails@1658567, 6=com.java.Objects.TestDataDetails@1b81acf}
[INFO ][2015-11-19 10:58:37,525][com.java.TestType] [  471] -  str(1) = 1
[INFO ][2015-11-19 10:58:37,525][com.java.TestType] [  474] - Test case Id is---1
[INFO ][2015-11-19 10:58:37,525][com.java.TestType] [  476] - 1
[INFO ][2015-11-19 10:58:37,526][com.java.TestType] [  471] -  str(2) = 7
[INFO ][2015-11-19 10:58:37,528][com.java.TestType] [  523] - row values are--------{1=com.java.Objects.TestDataDetails@514cef, 2=com.java.Objects.TestDataDetails@1c9b12c, 3=com.java.Objects.TestDataDetails@1ff9980, 4=com.java.Objects.TestDataDetails@470c64, 5=com.java.Objects.TestDataDetails@1658567, 6=com.java.Objects.TestDataDetails@1b81acf, 7=com.java.Objects.TestDataDetails@1e244b5}
[INFO ][2015-11-19 10:58:37,528][com.java.TestType] [  471] -  str(1) = 1
[INFO ][2015-11-19 10:58:37,528][com.java.TestType] [  474] - Test case Id is---1
[INFO ][2015-11-19 10:58:37,528][com.java.TestType] [  476] - 1
[INFO ][2015-11-19 10:58:37,528][com.java.TestType] [  471] -  str(2) = 8
[INFO ][2015-11-19 10:58:37,529][com.java.TestType] [  523] - row values are--------{1=com.java.Objects.TestDataDetails@514cef, 2=com.java.Objects.TestDataDetails@1c9b12c, 3=com.java.Objects.TestDataDetails@1ff9980, 4=com.java.Objects.TestDataDetails@470c64, 5=com.java.Objects.TestDataDetails@1658567, 6=com.java.Objects.TestDataDetails@1b81acf, 7=com.java.Objects.TestDataDetails@1e244b5, 8=com.java.Objects.TestDataDetails@13fba84}
[INFO ][2015-11-19 10:58:37,529][com.java.TestType] [  471] -  str(1) = 1
[INFO ][2015-11-19 10:58:37,529][com.java.TestType] [  474] - Test case Id is---1
[INFO ][2015-11-19 10:58:37,529][com.java.TestType] [  476] - 1
[INFO ][2015-11-19 10:58:37,529][com.java.TestType] [  471] -  str(2) = 9
[INFO ][2015-11-19 10:58:37,530][com.java.TestType] [  523] - row values are--------{1=com.java.Objects.TestDataDetails@514cef, 2=com.java.Objects.TestDataDetails@1c9b12c, 3=com.java.Objects.TestDataDetails@1ff9980, 4=com.java.Objects.TestDataDetails@470c64, 5=com.java.Objects.TestDataDetails@1658567, 6=com.java.Objects.TestDataDetails@1b81acf, 7=com.java.Objects.TestDataDetails@1e244b5, 8=com.java.Objects.TestDataDetails@13fba84, 9=com.java.Objects.TestDataDetails@1ff8e70}
[INFO ][2015-11-19 10:58:37,530][com.java.TestType] [  471] -  str(1) = 1
[INFO ][2015-11-19 10:58:37,530][com.java.TestType] [  474] - Test case Id is---1
[INFO ][2015-11-19 10:58:37,530][com.java.TestType] [  476] - 1
[INFO ][2015-11-19 10:58:37,531][com.java.TestType] [  471] -  str(2) = 10
[INFO ][2015-11-19 10:58:37,531][com.java.TestType] [  523] - row values are--------{1=com.java.Objects.TestDataDetails@514cef, 2=com.java.Objects.TestDataDetails@1c9b12c, 3=com.java.Objects.TestDataDetails@1ff9980, 4=com.java.Objects.TestDataDetails@470c64, 5=com.java.Objects.TestDataDetails@1658567, 6=com.java.Objects.TestDataDetails@1b81acf, 7=com.java.Objects.TestDataDetails@1e244b5, 8=com.java.Objects.TestDataDetails@13fba84, 9=com.java.Objects.TestDataDetails@1ff8e70, 10=com.java.Objects.TestDataDetails@1b40e7e}
[INFO ][2015-11-19 10:58:37,531][com.java.TestType] [  471] -  str(1) = 1
[INFO ][2015-11-19 10:58:37,531][com.java.TestType] [  474] - Test case Id is---1
[INFO ][2015-11-19 10:58:37,532][com.java.TestType] [  476] - 1
[INFO ][2015-11-19 10:58:37,532][com.java.TestType] [  471] -  str(2) = 11
[INFO ][2015-11-19 10:58:37,532][com.java.TestType] [  523] - row values are--------{1=com.java.Objects.TestDataDetails@514cef, 2=com.java.Objects.TestDataDetails@1c9b12c, 3=com.java.Objects.TestDataDetails@1ff9980, 4=com.java.Objects.TestDataDetails@470c64, 5=com.java.Objects.TestDataDetails@1658567, 6=com.java.Objects.TestDataDetails@1b81acf, 7=com.java.Objects.TestDataDetails@1e244b5, 8=com.java.Objects.TestDataDetails@13fba84, 9=com.java.Objects.TestDataDetails@1ff8e70, 10=com.java.Objects.TestDataDetails@1b40e7e, 11=com.java.Objects.TestDataDetails@77d66}
[INFO ][2015-11-19 10:58:37,534][com.java.TestType] [  471] -  str(1) = 1
[INFO ][2015-11-19 10:58:37,534][com.java.TestType] [  474] - Test case Id is---1
[INFO ][2015-11-19 10:58:37,534][com.java.TestType] [  476] - 1
[INFO ][2015-11-19 10:58:37,534][com.java.TestType] [  471] -  str(2) = 12
[INFO ][2015-11-19 10:58:37,534][com.java.TestType] [  523] - row values are--------{1=com.java.Objects.TestDataDetails@514cef, 2=com.java.Objects.TestDataDetails@1c9b12c, 3=com.java.Objects.TestDataDetails@1ff9980, 4=com.java.Objects.TestDataDetails@470c64, 5=com.java.Objects.TestDataDetails@1658567, 6=com.java.Objects.TestDataDetails@1b81acf, 7=com.java.Objects.TestDataDetails@1e244b5, 8=com.java.Objects.TestDataDetails@13fba84, 9=com.java.Objects.TestDataDetails@1ff8e70, 10=com.java.Objects.TestDataDetails@1b40e7e, 11=com.java.Objects.TestDataDetails@77d66, 12=com.java.Objects.TestDataDetails@19a12cb}
[INFO ][2015-11-19 10:58:37,535][com.java.TestType] [  471] -  str(1) = 1
[INFO ][2015-11-19 10:58:37,535][com.java.TestType] [  474] - Test case Id is---1
[INFO ][2015-11-19 10:58:37,535][com.java.TestType] [  476] - 1
[INFO ][2015-11-19 10:58:37,535][com.java.TestType] [  471] -  str(2) = 13
[INFO ][2015-11-19 10:58:37,536][com.java.TestType] [  523] - row values are--------{1=com.java.Objects.TestDataDetails@514cef, 2=com.java.Objects.TestDataDetails@1c9b12c, 3=com.java.Objects.TestDataDetails@1ff9980, 4=com.java.Objects.TestDataDetails@470c64, 5=com.java.Objects.TestDataDetails@1658567, 6=com.java.Objects.TestDataDetails@1b81acf, 7=com.java.Objects.TestDataDetails@1e244b5, 8=com.java.Objects.TestDataDetails@13fba84, 9=com.java.Objects.TestDataDetails@1ff8e70, 10=com.java.Objects.TestDataDetails@1b40e7e, 11=com.java.Objects.TestDataDetails@77d66, 12=com.java.Objects.TestDataDetails@19a12cb, 13=com.java.Objects.TestDataDetails@e18cef}
[INFO ][2015-11-19 10:58:37,536][com.java.TestType] [  471] -  str(1) = 1
[INFO ][2015-11-19 10:58:37,536][com.java.TestType] [  474] - Test case Id is---1
[INFO ][2015-11-19 10:58:37,536][com.java.TestType] [  476] - 1
[INFO ][2015-11-19 10:58:37,536][com.java.TestType] [  471] -  str(2) = 14
[INFO ][2015-11-19 10:58:37,537][com.java.TestType] [  523] - row values are--------{1=com.java.Objects.TestDataDetails@514cef, 2=com.java.Objects.TestDataDetails@1c9b12c, 3=com.java.Objects.TestDataDetails@1ff9980, 4=com.java.Objects.TestDataDetails@470c64, 5=com.java.Objects.TestDataDetails@1658567, 6=com.java.Objects.TestDataDetails@1b81acf, 7=com.java.Objects.TestDataDetails@1e244b5, 8=com.java.Objects.TestDataDetails@13fba84, 9=com.java.Objects.TestDataDetails@1ff8e70, 10=com.java.Objects.TestDataDetails@1b40e7e, 11=com.java.Objects.TestDataDetails@77d66, 12=com.java.Objects.TestDataDetails@19a12cb, 13=com.java.Objects.TestDataDetails@e18cef, 14=com.java.Objects.TestDataDetails@10ca790}
[INFO ][2015-11-19 10:58:37,537][com.java.TestType] [ 8806] - Looping 1TCID = 1
[DEBUG][2015-11-19 10:58:37,538][com.java.TestType] [ 8847] - Concept ID:1 :: Step being Executed: 1::1
[INFO ][2015-11-19 10:58:37,538][com.java.TestType] [ 8885] - dataFields : TXTusername
[DEBUG][2015-11-19 10:58:37,538][com.java.TestType] [ 8891] - <In Set values of the page>
[DEBUG][2015-11-19 10:58:37,538][com.java.TestType] [ 8896] - {Data Fields & Data Values Exist}
[INFO ][2015-11-19 10:58:37,538][com.java.TestType] [ 8902] - --------------------------setting values-----------------------------
[INFO ][2015-11-19 10:58:37,538][com.java.TestType] [ 8905] - Action Type : CLEARANDENTER
[INFO ][2015-11-19 10:58:37,538][com.java.TestType] [ 4461] - value = valuelabs.ie10.03890
[INFO ][2015-11-19 10:58:42,337][com.java.TestType] [ 8924] -  RESULT true
[INFO ][2015-11-19 10:58:42,337][com.java.TestType] [ 9041] - ?   P A S S   ?
[DEBUG][2015-11-19 10:58:42,337][com.java.TestType] [ 8847] - Concept ID:1 :: Step being Executed: 1::2
[INFO ][2015-11-19 10:58:42,337][com.java.TestType] [ 8885] - dataFields : TXTpassword
[DEBUG][2015-11-19 10:58:42,337][com.java.TestType] [ 8891] - <In Set values of the page>
[DEBUG][2015-11-19 10:58:42,337][com.java.TestType] [ 8896] - {Data Fields & Data Values Exist}
[INFO ][2015-11-19 10:58:42,337][com.java.TestType] [ 8902] - --------------------------setting values-----------------------------
[INFO ][2015-11-19 10:58:42,338][com.java.TestType] [ 8905] - Action Type : CLEARANDENTER
[INFO ][2015-11-19 10:58:42,338][com.java.TestType] [ 4461] - value = Password1*
[INFO ][2015-11-19 10:58:47,229][com.java.TestType] [ 8924] -  RESULT true
[INFO ][2015-11-19 10:58:47,229][com.java.TestType] [ 9041] - ?   P A S S   ?
[DEBUG][2015-11-19 10:58:47,229][com.java.TestType] [ 8847] - Concept ID:1 :: Step being Executed: 1::3
[ERROR][2015-11-19 10:58:47,229][com.java.TestType] [ 8880] - Exception: null
[INFO ][2015-11-19 10:58:47,229][com.java.TestType] [ 8885] - dataFields : XPH//button[@type='submit']
[DEBUG][2015-11-19 10:58:47,229][com.java.TestType] [ 8891] - <In Set values of the page>
[DEBUG][2015-11-19 10:58:47,230][com.java.TestType] [ 8896] - {Data Fields & Data Values Exist}
[INFO ][2015-11-19 10:58:47,230][com.java.TestType] [ 8902] - --------------------------setting values-----------------------------
[INFO ][2015-11-19 10:58:47,230][com.java.TestType] [ 8905] - Action Type : Click
[INFO ][2015-11-19 10:58:47,230][com.java.TestType] [ 4774] - Field ::XPH//button[@type='submit']
[INFO ][2015-11-19 10:58:48,230][com.java.TestType] [ 4833] - BEFORE CLICK
[INFO ][2015-11-19 10:58:49,115][com.java.TestType] [ 4841] - Unable to click the object Login
[INFO ][2015-11-19 10:58:49,115][com.java.TestType] [ 8924] -  RESULT true
[INFO ][2015-11-19 10:58:49,115][com.java.TestType] [ 9041] - ?   P A S S   ?
[DEBUG][2015-11-19 10:58:49,115][com.java.TestType] [ 8847] - Concept ID:1 :: Step being Executed: 1::4
[INFO ][2015-11-19 10:58:49,115][com.java.TestType] [ 8885] - dataFields : LNKLogout
[DEBUG][2015-11-19 10:58:49,115][com.java.TestType] [ 8891] - <In Set values of the page>
[DEBUG][2015-11-19 10:58:49,115][com.java.TestType] [ 8896] - {Data Fields & Data Values Exist}
[INFO ][2015-11-19 10:58:49,115][com.java.TestType] [ 8902] - --------------------------setting values-----------------------------
[INFO ][2015-11-19 10:58:49,115][com.java.TestType] [ 8905] - Action Type : WaitForElement
[INFO ][2015-11-19 10:59:01,817][com.java.TestType] [ 8924] -  RESULT true
[INFO ][2015-11-19 10:59:01,817][com.java.TestType] [ 9041] - ?   P A S S   ?
[DEBUG][2015-11-19 10:59:01,817][com.java.TestType] [ 8847] - Concept ID:1 :: Step being Executed: 1::13
[INFO ][2015-11-19 10:59:01,817][com.java.TestType] [ 8885] - dataFields : LNK
[DEBUG][2015-11-19 10:59:01,817][com.java.TestType] [ 8891] - <In Set values of the page>
[DEBUG][2015-11-19 10:59:01,817][com.java.TestType] [ 8896] - {Data Fields & Data Values Exist}
[INFO ][2015-11-19 10:59:01,818][com.java.TestType] [ 8902] - --------------------------setting values-----------------------------
[INFO ][2015-11-19 10:59:01,818][com.java.TestType] [ 8905] - Action Type : Verify
[INFO ][2015-11-19 10:59:01,818][com.java.TestType] [ 5568] - field= LNK value= Logout
[INFO ][2015-11-19 10:59:01,819][com.java.TestType] [ 4461] - value = Logout
[INFO ][2015-11-19 10:59:01,855][com.java.TestType] [ 8924] -  RESULT true
[INFO ][2015-11-19 10:59:01,855][com.java.TestType] [ 9041] - ?   P A S S   ?
[DEBUG][2015-11-19 10:59:01,855][com.java.TestType] [ 8847] - Concept ID:1 :: Step being Executed: 1::14
[INFO ][2015-11-19 10:59:01,855][com.java.TestType] [ 8885] - dataFields : BTN
[DEBUG][2015-11-19 10:59:01,855][com.java.TestType] [ 8891] - <In Set values of the page>
[DEBUG][2015-11-19 10:59:01,855][com.java.TestType] [ 8896] - {Data Fields & Data Values Exist}
[INFO ][2015-11-19 10:59:01,855][com.java.TestType] [ 8902] - --------------------------setting values-----------------------------
[INFO ][2015-11-19 10:59:01,855][com.java.TestType] [ 8905] - Action Type : Verify
[INFO ][2015-11-19 10:59:01,855][com.java.TestType] [ 5568] - field= BTN value= //img[contains(@src,'bdlogo.jpg')]
[INFO ][2015-11-19 10:59:01,855][com.java.TestType] [ 4461] - value = //img[contains(@src,'bdlogo.jpg')]
[INFO ][2015-11-19 10:59:01,888][com.java.TestType] [ 8924] -  RESULT true
[INFO ][2015-11-19 10:59:01,888][com.java.TestType] [ 9041] - ?   P A S S   ?
[INFO ][2015-11-19 10:59:01,888][com.java.TestType] [ 9112] - Looping End......
[INFO ][2015-11-19 10:59:01,892][com.java.SeleniumDriver] [  869] -  RESULT true
[INFO ][2015-11-19 10:59:01,892][com.java.SeleniumDriver] [ 1074] - ?   P A S S   ?
[INFO ][2015-11-19 10:59:01,892][com.java.SeleniumDriver] [  796] - ------------------------------------------
[INFO ][2015-11-19 10:59:01,892][com.java.SeleniumDriver] [  797] - Test case being Executed: 1
[INFO ][2015-11-19 10:59:01,892][com.java.SeleniumDriver] [  808] - Test step:2
[INFO ][2015-11-19 10:59:01,892][com.java.SeleniumDriver] [  820] - Datavalue is----------Concept#2:1-2
[INFO ][2015-11-19 10:59:01,892][com.java.SeleniumDriver] [  844] - DataField : test
[INFO ][2015-11-19 10:59:01,892][com.java.SeleniumDriver] [  846] - DataValue : Concept#2:1-2
[INFO ][2015-11-19 10:59:01,893][com.java.SeleniumDriver] [  852] - <In Set values of the page>
[INFO ][2015-11-19 10:59:01,893][com.java.SeleniumDriver] [  855] - {Data Fields & Data Values Exist}
[INFO ][2015-11-19 10:59:01,893][com.java.SeleniumDriver] [  857] - --------------------------setting values-----------------------------
[INFO ][2015-11-19 10:59:01,893][com.java.SeleniumDriver] [  860] - Action Type : ExecuteTestCase
[INFO ][2015-11-19 10:59:01,893][com.java.TestType] [  426] - The Concept sheet name is ---------- Concept
[INFO ][2015-11-19 10:59:01,893][com.java.TestType] [  429] - The Concept ID  is ---------- 2
[DEBUG][2015-11-19 10:59:01,893][com.java.TestType] [  433] - Steps being executted in the Concept are: 1:2
[INFO ][2015-11-19 10:59:01,894][com.java.TestType] [  440] - Test data details path ---------- D:\BankersDashboard\TestInputs\TestData.xls
[INFO ][2015-11-19 10:59:01,924][com.java.TestType] [  471] -  str(1) = 2
[INFO ][2015-11-19 10:59:01,924][com.java.TestType] [  474] - Test case Id is---2
[INFO ][2015-11-19 10:59:01,925][com.java.TestType] [  476] - 2
[INFO ][2015-11-19 10:59:01,925][com.java.TestType] [  471] -  str(2) = 1
[INFO ][2015-11-19 10:59:01,926][com.java.TestType] [  523] - row values are--------{1=com.java.Objects.TestDataDetails@1182c3d}
[INFO ][2015-11-19 10:59:01,926][com.java.TestType] [  471] -  str(1) = 2
[INFO ][2015-11-19 10:59:01,926][com.java.TestType] [  474] - Test case Id is---2
[INFO ][2015-11-19 10:59:01,927][com.java.TestType] [  476] - 2
[INFO ][2015-11-19 10:59:01,927][com.java.TestType] [  471] -  str(2) = 2
[INFO ][2015-11-19 10:59:01,927][com.java.TestType] [  523] - row values are--------{1=com.java.Objects.TestDataDetails@1182c3d, 2=com.java.Objects.TestDataDetails@1af19d7}
[INFO ][2015-11-19 10:59:01,927][com.java.TestType] [  471] -  str(1) = 2
[INFO ][2015-11-19 10:59:01,927][com.java.TestType] [  474] - Test case Id is---2
[INFO ][2015-11-19 10:59:01,927][com.java.TestType] [  476] - 2
[INFO ][2015-11-19 10:59:01,928][com.java.TestType] [  471] -  str(2) = 3
[INFO ][2015-11-19 10:59:01,928][com.java.TestType] [  523] - row values are--------{1=com.java.Objects.TestDataDetails@1182c3d, 2=com.java.Objects.TestDataDetails@1af19d7, 3=com.java.Objects.TestDataDetails@69a130}
[INFO ][2015-11-19 10:59:01,928][com.java.TestType] [ 8806] - Looping 1TCID = 2
[DEBUG][2015-11-19 10:59:01,928][com.java.TestType] [ 8847] - Concept ID:2 :: Step being Executed: 2::1
[INFO ][2015-11-19 10:59:01,928][com.java.TestType] [ 8885] - dataFields : BNK//select[@id='bank']
[DEBUG][2015-11-19 10:59:01,929][com.java.TestType] [ 8891] - <In Set values of the page>
[DEBUG][2015-11-19 10:59:01,929][com.java.TestType] [ 8896] - {Data Fields & Data Values Exist}
[INFO ][2015-11-19 10:59:01,929][com.java.TestType] [ 8902] - --------------------------setting values-----------------------------
[INFO ][2015-11-19 10:59:01,929][com.java.TestType] [ 8905] - Action Type : Select
[INFO ][2015-11-19 10:59:01,929][com.java.TestType] [ 4461] - value = PFC
[INFO ][2015-11-19 10:59:02,125][com.java.TestType] [ 8924] -  RESULT true
[INFO ][2015-11-19 10:59:02,125][com.java.TestType] [ 9041] - ?   P A S S   ?
[DEBUG][2015-11-19 10:59:02,125][com.java.TestType] [ 8847] - Concept ID:2 :: Step being Executed: 2::2
[INFO ][2015-11-19 10:59:02,125][com.java.TestType] [ 8885] - dataFields : LNKLogout
[DEBUG][2015-11-19 10:59:02,126][com.java.TestType] [ 8891] - <In Set values of the page>
[DEBUG][2015-11-19 10:59:02,126][com.java.TestType] [ 8896] - {Data Fields & Data Values Exist}
[INFO ][2015-11-19 10:59:02,126][com.java.TestType] [ 8902] - --------------------------setting values-----------------------------
[INFO ][2015-11-19 10:59:02,126][com.java.TestType] [ 8905] - Action Type : WaitTime
[DEBUG][2015-11-19 10:59:02,126][com.java.TestType] [ 4296] - sleepTime: 5000
[INFO ][2015-11-19 10:59:07,126][com.java.TestType] [ 8924] -  RESULT true
[INFO ][2015-11-19 10:59:07,126][com.java.TestType] [ 9041] - ?   P A S S   ?
[INFO ][2015-11-19 10:59:07,126][com.java.TestType] [ 9112] - Looping End......
[INFO ][2015-11-19 10:59:07,130][com.java.SeleniumDriver] [  869] -  RESULT true
[INFO ][2015-11-19 10:59:07,130][com.java.SeleniumDriver] [ 1074] - ?   P A S S   ?
[INFO ][2015-11-19 10:59:07,130][com.java.SeleniumDriver] [  796] - ------------------------------------------
[INFO ][2015-11-19 10:59:07,130][com.java.SeleniumDriver] [  797] - Test case being Executed: 1
[INFO ][2015-11-19 10:59:07,130][com.java.SeleniumDriver] [  808] - Test step:3
[INFO ][2015-11-19 10:59:07,130][com.java.SeleniumDriver] [  820] - Datavalue is----------2
[INFO ][2015-11-19 10:59:07,130][com.java.SeleniumDriver] [  844] - DataField : XPH//button[contains(text(),'Add Content')]
[INFO ][2015-11-19 10:59:07,130][com.java.SeleniumDriver] [  846] - DataValue : 2
[INFO ][2015-11-19 10:59:07,130][com.java.SeleniumDriver] [  852] - <In Set values of the page>
[INFO ][2015-11-19 10:59:07,131][com.java.SeleniumDriver] [  855] - {Data Fields & Data Values Exist}
[INFO ][2015-11-19 10:59:07,131][com.java.SeleniumDriver] [  857] - --------------------------setting values-----------------------------
[INFO ][2015-11-19 10:59:07,131][com.java.SeleniumDriver] [  860] - Action Type : WAITFORELEMENT
[INFO ][2015-11-19 10:59:07,164][com.java.SeleniumDriver] [  869] -  RESULT true
[INFO ][2015-11-19 10:59:07,164][com.java.SeleniumDriver] [ 1074] - ?   P A S S   ?
[DEBUG][2015-11-19 10:59:07,164][com.java.SeleniumDriver] [ 1176] - Case found
[DEBUG][2015-11-19 10:59:07,164][com.java.SeleniumDriver] [ 1181] - Incrementing ReportCounters[0]:1
[INFO ][2015-11-19 10:59:07,164][com.java.SeleniumDriver] [ 1200] - The results are-------------------[1, 1, Valid Login, Pass, , Thu Nov 19 10:59:01 IST 2015, 1, 2, Valid Login, Pass, , Thu Nov 19 10:59:07 IST 2015, 1, 3, Valid Login, Pass, , Thu Nov 19 10:59:07 IST 2015]
[INFO ][2015-11-19 10:59:07,164][com.java.SeleniumDriver] [ 1204] - End time is-------43 sec
[INFO ][2015-11-19 10:59:07,164][com.java.SeleniumDriver] [ 1205] - The results are-------------------[1, 1, Valid Login, Pass, , Thu Nov 19 10:59:01 IST 2015, 1, 2, Valid Login, Pass, , Thu Nov 19 10:59:07 IST 2015, 1, 3, Valid Login, Pass, , Thu Nov 19 10:59:07 IST 2015]
[DEBUG][2015-11-19 10:59:07,164][com.java.ImportnExport.ExportTestResultsExcel] [  222] - testResultPath = D:\BankersDashboard/TestReports/Test Results_BankersDashBoard_111915_105825_IE10_Simmons First National Bank.xls
[DEBUG][2015-11-19 10:59:07,164][com.java.ImportnExport.ExportTestResultsExcel] [  223] - browser is------------IE10
[DEBUG][2015-11-19 10:59:07,208][com.java.ImportnExport.ExportTestResultsExcel] [  270] - result.size() = 18
[DEBUG][2015-11-19 10:59:07,208][com.java.ImportnExport.ExportTestResultsExcel] [  274] - No of rows in sheet=1
[DEBUG][2015-11-19 10:59:07,208][com.java.ImportnExport.ExportTestResultsExcel] [  301] - ..in export..1
[DEBUG][2015-11-19 10:59:07,209][com.java.ImportnExport.ExportTestResultsExcel] [  301] - ..in export..Valid Login
[DEBUG][2015-11-19 10:59:07,209][com.java.ImportnExport.ExportTestResultsExcel] [  301] - ..in export..Pass
[DEBUG][2015-11-19 10:59:07,209][com.java.ImportnExport.ExportTestResultsExcel] [  301] - ..in export..
[DEBUG][2015-11-19 10:59:07,209][com.java.ImportnExport.ExportTestResultsExcel] [  301] - ..in export..Thu Nov 19 10:59:01 IST 2015
[INFO ][2015-11-19 10:59:07,211][com.java.SeleniumDriver] [ 1263] - out loop:0 size:2 TestCases:[1, 6] testcases:[1, 6]
[INFO ][2015-11-19 10:59:07,211][com.java.ImportnExport.ImportTestDataDetailsExcel] [   49] - test data details path===== D:\BankersDashboard\TestInputs\TestData.xls
[INFO ][2015-11-19 11:00:35,424][com.java.SeleniumDriver] [  796] - ------------------------------------------
[INFO ][2015-11-19 11:00:35,424][com.java.SeleniumDriver] [  797] - Test case being Executed: 6
[INFO ][2015-11-19 11:00:35,424][com.java.SeleniumDriver] [  808] - Test step:1
[INFO ][2015-11-19 11:00:35,424][com.java.SeleniumDriver] [  820] - Datavalue is----------Logout
[INFO ][2015-11-19 11:00:35,424][com.java.SeleniumDriver] [  844] - DataField : BTN
[INFO ][2015-11-19 11:00:35,424][com.java.SeleniumDriver] [  846] - DataValue : Logout
[INFO ][2015-11-19 11:00:35,424][com.java.SeleniumDriver] [  852] - <In Set values of the page>
[INFO ][2015-11-19 11:00:35,424][com.java.SeleniumDriver] [  855] - {Data Fields & Data Values Exist}
[INFO ][2015-11-19 11:00:35,424][com.java.SeleniumDriver] [  857] - --------------------------setting values-----------------------------
[INFO ][2015-11-19 11:00:35,424][com.java.SeleniumDriver] [  860] - Action Type : Verify
[INFO ][2015-11-19 11:00:35,424][com.java.TestType] [ 5568] - field= BTN value= Logout
[INFO ][2015-11-19 11:00:35,424][com.java.TestType] [ 4461] - value = Logout
[INFO ][2015-11-19 11:00:35,458][com.java.SeleniumDriver] [  869] -  RESULT true
[INFO ][2015-11-19 11:00:35,458][com.java.SeleniumDriver] [ 1074] - ?   P A S S   ?
[INFO ][2015-11-19 11:00:35,458][com.java.SeleniumDriver] [ 1116] - step change to 3
[INFO ][2015-11-19 11:00:35,458][com.java.SeleniumDriver] [  796] - ------------------------------------------
[INFO ][2015-11-19 11:00:35,459][com.java.SeleniumDriver] [  797] - Test case being Executed: 6
[INFO ][2015-11-19 11:00:35,459][com.java.SeleniumDriver] [  808] - Test step:3
[INFO ][2015-11-19 11:00:35,459][com.java.SeleniumDriver] [  820] - Datavalue is----------Concept#2:1-2
[INFO ][2015-11-19 11:00:35,459][com.java.SeleniumDriver] [  844] - DataField : test
[INFO ][2015-11-19 11:00:35,459][com.java.SeleniumDriver] [  846] - DataValue : Concept#2:1-2
[INFO ][2015-11-19 11:00:35,459][com.java.SeleniumDriver] [  852] - <In Set values of the page>
[INFO ][2015-11-19 11:00:35,459][com.java.SeleniumDriver] [  855] - {Data Fields & Data Values Exist}
[INFO ][2015-11-19 11:00:35,459][com.java.SeleniumDriver] [  857] - --------------------------setting values-----------------------------
[INFO ][2015-11-19 11:00:35,459][com.java.SeleniumDriver] [  860] - Action Type : ExecuteTestCase
[INFO ][2015-11-19 11:00:35,459][com.java.TestType] [  426] - The Concept sheet name is ---------- Concept
[INFO ][2015-11-19 11:00:35,459][com.java.TestType] [  429] - The Concept ID  is ---------- 2
[DEBUG][2015-11-19 11:00:35,459][com.java.TestType] [  433] - Steps being executted in the Concept are: 1:2
[INFO ][2015-11-19 11:00:35,459][com.java.TestType] [  440] - Test data details path ---------- D:\BankersDashboard\TestInputs\TestData.xls
[INFO ][2015-11-19 11:00:35,489][com.java.TestType] [  471] -  str(1) = 2
[INFO ][2015-11-19 11:00:35,489][com.java.TestType] [  474] - Test case Id is---2
[INFO ][2015-11-19 11:00:35,489][com.java.TestType] [  476] - 2
[INFO ][2015-11-19 11:00:35,490][com.java.TestType] [  471] -  str(2) = 1
[INFO ][2015-11-19 11:00:35,491][com.java.TestType] [  523] - row values are--------{1=com.java.Objects.TestDataDetails@169eefc}
[INFO ][2015-11-19 11:00:35,491][com.java.TestType] [  471] -  str(1) = 2
[INFO ][2015-11-19 11:00:35,491][com.java.TestType] [  474] - Test case Id is---2
[INFO ][2015-11-19 11:00:35,491][com.java.TestType] [  476] - 2
[INFO ][2015-11-19 11:00:35,491][com.java.TestType] [  471] -  str(2) = 2
[INFO ][2015-11-19 11:00:35,492][com.java.TestType] [  523] - row values are--------{1=com.java.Objects.TestDataDetails@169eefc, 2=com.java.Objects.TestDataDetails@70f0b1}
[INFO ][2015-11-19 11:00:35,492][com.java.TestType] [  471] -  str(1) = 2
[INFO ][2015-11-19 11:00:35,492][com.java.TestType] [  474] - Test case Id is---2
[INFO ][2015-11-19 11:00:35,492][com.java.TestType] [  476] - 2
[INFO ][2015-11-19 11:00:35,492][com.java.TestType] [  471] -  str(2) = 3
[INFO ][2015-11-19 11:00:35,493][com.java.TestType] [  523] - row values are--------{1=com.java.Objects.TestDataDetails@169eefc, 2=com.java.Objects.TestDataDetails@70f0b1, 3=com.java.Objects.TestDataDetails@192fed6}
[INFO ][2015-11-19 11:00:35,493][com.java.TestType] [ 8806] - Looping 1TCID = 2
[DEBUG][2015-11-19 11:00:35,493][com.java.TestType] [ 8847] - Concept ID:2 :: Step being Executed: 2::1
[INFO ][2015-11-19 11:00:35,493][com.java.TestType] [ 8885] - dataFields : BNK//select[@id='bank']
[DEBUG][2015-11-19 11:00:35,493][com.java.TestType] [ 8891] - <In Set values of the page>
[DEBUG][2015-11-19 11:00:35,493][com.java.TestType] [ 8896] - {Data Fields & Data Values Exist}
[INFO ][2015-11-19 11:00:35,493][com.java.TestType] [ 8902] - --------------------------setting values-----------------------------
[INFO ][2015-11-19 11:00:35,493][com.java.TestType] [ 8905] - Action Type : Select
[INFO ][2015-11-19 11:00:35,493][com.java.TestType] [ 4461] - value = PFC
[INFO ][2015-11-19 11:00:35,700][com.java.TestType] [ 8924] -  RESULT true
[INFO ][2015-11-19 11:00:35,700][com.java.TestType] [ 9041] - ?   P A S S   ?
[DEBUG][2015-11-19 11:00:35,700][com.java.TestType] [ 8847] - Concept ID:2 :: Step being Executed: 2::2
[INFO ][2015-11-19 11:00:35,700][com.java.TestType] [ 8885] - dataFields : LNKLogout
[DEBUG][2015-11-19 11:00:35,700][com.java.TestType] [ 8891] - <In Set values of the page>
[DEBUG][2015-11-19 11:00:35,700][com.java.TestType] [ 8896] - {Data Fields & Data Values Exist}
[INFO ][2015-11-19 11:00:35,700][com.java.TestType] [ 8902] - --------------------------setting values-----------------------------
[INFO ][2015-11-19 11:00:35,700][com.java.TestType] [ 8905] - Action Type : WaitTime
[DEBUG][2015-11-19 11:00:35,700][com.java.TestType] [ 4296] - sleepTime: 5000
[INFO ][2015-11-19 11:00:40,701][com.java.TestType] [ 8924] -  RESULT true
[INFO ][2015-11-19 11:00:40,701][com.java.TestType] [ 9041] - ?   P A S S   ?
[INFO ][2015-11-19 11:00:40,701][com.java.TestType] [ 9112] - Looping End......
[INFO ][2015-11-19 11:00:40,705][com.java.SeleniumDriver] [  869] -  RESULT true
[INFO ][2015-11-19 11:00:40,705][com.java.SeleniumDriver] [ 1074] - ?   P A S S   ?
[INFO ][2015-11-19 11:00:40,705][com.java.SeleniumDriver] [  796] - ------------------------------------------
[INFO ][2015-11-19 11:00:40,705][com.java.SeleniumDriver] [  797] - Test case being Executed: 6
[INFO ][2015-11-19 11:00:40,705][com.java.SeleniumDriver] [  808] - Test step:4
[INFO ][2015-11-19 11:00:40,705][com.java.SeleniumDriver] [  820] - Datavalue is----------null
[DEBUG][2015-11-19 11:00:40,705][com.java.SeleniumDriver] [  838] - Exception: null
[INFO ][2015-11-19 11:00:40,705][com.java.SeleniumDriver] [  844] - DataField : //span[@class='icon-hammer']&&//a[text()='Custom Calculations']
[INFO ][2015-11-19 11:00:40,707][com.java.SeleniumDriver] [  846] - DataValue : 
[INFO ][2015-11-19 11:00:40,707][com.java.SeleniumDriver] [  852] - <In Set values of the page>
[INFO ][2015-11-19 11:00:40,707][com.java.SeleniumDriver] [  855] - {Data Fields & Data Values Exist}
[INFO ][2015-11-19 11:00:40,707][com.java.SeleniumDriver] [  857] - --------------------------setting values-----------------------------
[INFO ][2015-11-19 11:00:40,707][com.java.SeleniumDriver] [  860] - Action Type : MOUSEOVER
[INFO ][2015-11-19 11:01:09,616][com.java.SeleniumDriver] [  869] -  RESULT true
[INFO ][2015-11-19 11:01:09,616][com.java.SeleniumDriver] [ 1074] - ?   P A S S   ?
[INFO ][2015-11-19 11:01:09,616][com.java.SeleniumDriver] [  796] - ------------------------------------------
[INFO ][2015-11-19 11:01:09,616][com.java.SeleniumDriver] [  797] - Test case being Executed: 6
[INFO ][2015-11-19 11:01:09,616][com.java.SeleniumDriver] [  808] - Test step:5
[INFO ][2015-11-19 11:01:09,616][com.java.SeleniumDriver] [  820] - Datavalue is----------5
[INFO ][2015-11-19 11:01:09,616][com.java.SeleniumDriver] [  844] - DataField : BTN//iframe[@class='frameTabContent']
[INFO ][2015-11-19 11:01:09,616][com.java.SeleniumDriver] [  846] - DataValue : 5
[INFO ][2015-11-19 11:01:09,616][com.java.SeleniumDriver] [  852] - <In Set values of the page>
[INFO ][2015-11-19 11:01:09,616][com.java.SeleniumDriver] [  855] - {Data Fields & Data Values Exist}
[INFO ][2015-11-19 11:01:09,616][com.java.SeleniumDriver] [  857] - --------------------------setting values-----------------------------
[INFO ][2015-11-19 11:01:09,616][com.java.SeleniumDriver] [  860] - Action Type : waitforelement
[INFO ][2015-11-19 11:01:09,759][com.java.SeleniumDriver] [  869] -  RESULT true
[INFO ][2015-11-19 11:01:09,759][com.java.SeleniumDriver] [ 1074] - ?   P A S S   ?
[INFO ][2015-11-19 11:01:09,759][com.java.SeleniumDriver] [  796] - ------------------------------------------
[INFO ][2015-11-19 11:01:09,759][com.java.SeleniumDriver] [  797] - Test case being Executed: 6
[INFO ][2015-11-19 11:01:09,759][com.java.SeleniumDriver] [  808] - Test step:6
[INFO ][2015-11-19 11:01:09,759][com.java.SeleniumDriver] [  820] - Datavalue is----------null
[DEBUG][2015-11-19 11:01:09,759][com.java.SeleniumDriver] [  838] - Exception: null
[INFO ][2015-11-19 11:01:09,759][com.java.SeleniumDriver] [  844] - DataField : BTN//iframe[@class='frameTabContent']
[INFO ][2015-11-19 11:01:09,759][com.java.SeleniumDriver] [  846] - DataValue : 
[INFO ][2015-11-19 11:01:09,759][com.java.SeleniumDriver] [  852] - <In Set values of the page>
[INFO ][2015-11-19 11:01:09,759][com.java.SeleniumDriver] [  855] - {Data Fields & Data Values Exist}
[INFO ][2015-11-19 11:01:09,759][com.java.SeleniumDriver] [  857] - --------------------------setting values-----------------------------
[INFO ][2015-11-19 11:01:09,759][com.java.SeleniumDriver] [  860] - Action Type : SELECTFRAME
[INFO ][2015-11-19 11:01:10,163][com.java.SeleniumDriver] [  869] -  RESULT true
[INFO ][2015-11-19 11:01:10,163][com.java.SeleniumDriver] [ 1074] - ?   P A S S   ?
[INFO ][2015-11-19 11:01:10,163][com.java.SeleniumDriver] [  796] - ------------------------------------------
[INFO ][2015-11-19 11:01:10,163][com.java.SeleniumDriver] [  797] - Test case being Executed: 6
[INFO ][2015-11-19 11:01:10,163][com.java.SeleniumDriver] [  808] - Test step:7
[INFO ][2015-11-19 11:01:10,163][com.java.SeleniumDriver] [  820] - Datavalue is----------5
[INFO ][2015-11-19 11:01:10,163][com.java.SeleniumDriver] [  844] - DataField : XPH//h1[contains(text(), 'Custom Calculations')]
[INFO ][2015-11-19 11:01:10,163][com.java.SeleniumDriver] [  846] - DataValue : 5
[INFO ][2015-11-19 11:01:10,163][com.java.SeleniumDriver] [  852] - <In Set values of the page>
[INFO ][2015-11-19 11:01:10,163][com.java.SeleniumDriver] [  855] - {Data Fields & Data Values Exist}
[INFO ][2015-11-19 11:01:10,163][com.java.SeleniumDriver] [  857] - --------------------------setting values-----------------------------
[INFO ][2015-11-19 11:01:10,163][com.java.SeleniumDriver] [  860] - Action Type : waitforelement
[INFO ][2015-11-19 11:01:10,333][com.java.SeleniumDriver] [  869] -  RESULT true
[INFO ][2015-11-19 11:01:10,333][com.java.SeleniumDriver] [ 1074] - ?   P A S S   ?
[INFO ][2015-11-19 11:01:10,333][com.java.SeleniumDriver] [  796] - ------------------------------------------
[INFO ][2015-11-19 11:01:10,333][com.java.SeleniumDriver] [  797] - Test case being Executed: 6
[INFO ][2015-11-19 11:01:10,333][com.java.SeleniumDriver] [  808] - Test step:8
[INFO ][2015-11-19 11:01:10,333][com.java.SeleniumDriver] [  820] - Datavalue is----------Custom Calculations
[INFO ][2015-11-19 11:01:10,333][com.java.SeleniumDriver] [  844] - DataField : MSG
[INFO ][2015-11-19 11:01:10,333][com.java.SeleniumDriver] [  846] - DataValue : Custom Calculations
[INFO ][2015-11-19 11:01:10,333][com.java.SeleniumDriver] [  852] - <In Set values of the page>
[INFO ][2015-11-19 11:01:10,333][com.java.SeleniumDriver] [  855] - {Data Fields & Data Values Exist}
[INFO ][2015-11-19 11:01:10,333][com.java.SeleniumDriver] [  857] - --------------------------setting values-----------------------------
[INFO ][2015-11-19 11:01:10,333][com.java.SeleniumDriver] [  860] - Action Type : Verify
[INFO ][2015-11-19 11:01:10,333][com.java.TestType] [ 5568] - field= MSG value= Custom Calculations
[INFO ][2015-11-19 11:01:10,333][com.java.TestType] [ 4461] - value = Custom Calculations
[DEBUG][2015-11-19 11:01:10,333][com.java.TestType] [ 6337] - value :: Custom Calculations
[INFO ][2015-11-19 11:01:10,393][com.java.SeleniumDriver] [  869] -  RESULT true
[INFO ][2015-11-19 11:01:10,393][com.java.SeleniumDriver] [ 1074] - ?   P A S S   ?
[INFO ][2015-11-19 11:01:10,393][com.java.SeleniumDriver] [  796] - ------------------------------------------
[INFO ][2015-11-19 11:01:10,393][com.java.SeleniumDriver] [  797] - Test case being Executed: 6
[INFO ][2015-11-19 11:01:10,393][com.java.SeleniumDriver] [  808] - Test step:9
[INFO ][2015-11-19 11:01:10,393][com.java.SeleniumDriver] [  820] - Datavalue is----------5
[INFO ][2015-11-19 11:01:10,393][com.java.SeleniumDriver] [  844] - DataField : XPH//a[contains(text(), 'Add Calculation')]
[INFO ][2015-11-19 11:01:10,393][com.java.SeleniumDriver] [  846] - DataValue : 5
[INFO ][2015-11-19 11:01:10,393][com.java.SeleniumDriver] [  852] - <In Set values of the page>
[INFO ][2015-11-19 11:01:10,393][com.java.SeleniumDriver] [  855] - {Data Fields & Data Values Exist}
[INFO ][2015-11-19 11:01:10,393][com.java.SeleniumDriver] [  857] - --------------------------setting values-----------------------------
[INFO ][2015-11-19 11:01:10,393][com.java.SeleniumDriver] [  860] - Action Type : waitforelement
[INFO ][2015-11-19 11:01:10,483][com.java.SeleniumDriver] [  869] -  RESULT true
[INFO ][2015-11-19 11:01:10,483][com.java.SeleniumDriver] [ 1074] - ?   P A S S   ?
[INFO ][2015-11-19 11:01:10,483][com.java.SeleniumDriver] [  796] - ------------------------------------------
[INFO ][2015-11-19 11:01:10,483][com.java.SeleniumDriver] [  797] - Test case being Executed: 6
[INFO ][2015-11-19 11:01:10,483][com.java.SeleniumDriver] [  808] - Test step:10
[INFO ][2015-11-19 11:01:10,483][com.java.SeleniumDriver] [  820] - Datavalue is----------null
[DEBUG][2015-11-19 11:01:10,483][com.java.SeleniumDriver] [  838] - Exception: null
[INFO ][2015-11-19 11:01:10,483][com.java.SeleniumDriver] [  844] - DataField : HDN//a[contains(text(), 'Add Calculation')]
[INFO ][2015-11-19 11:01:10,483][com.java.SeleniumDriver] [  846] - DataValue : 
[INFO ][2015-11-19 11:01:10,483][com.java.SeleniumDriver] [  852] - <In Set values of the page>
[INFO ][2015-11-19 11:01:10,483][com.java.SeleniumDriver] [  855] - {Data Fields & Data Values Exist}
[INFO ][2015-11-19 11:01:10,483][com.java.SeleniumDriver] [  857] - --------------------------setting values-----------------------------
[INFO ][2015-11-19 11:01:10,483][com.java.SeleniumDriver] [  860] - Action Type : click
[INFO ][2015-11-19 11:01:10,483][com.java.TestType] [ 4774] - Field ::HDN//a[contains(text(), 'Add Calculation')]
[INFO ][2015-11-19 11:01:12,224][com.java.SeleniumDriver] [  869] -  RESULT true
[INFO ][2015-11-19 11:01:12,224][com.java.SeleniumDriver] [ 1074] - ?   P A S S   ?
[INFO ][2015-11-19 11:01:12,224][com.java.SeleniumDriver] [  796] - ------------------------------------------
[INFO ][2015-11-19 11:01:12,224][com.java.SeleniumDriver] [  797] - Test case being Executed: 6
[INFO ][2015-11-19 11:01:12,224][com.java.SeleniumDriver] [  808] - Test step:11
[INFO ][2015-11-19 11:01:12,224][com.java.SeleniumDriver] [  820] - Datavalue is----------3
[INFO ][2015-11-19 11:01:12,224][com.java.SeleniumDriver] [  844] - DataField : XPH//label[contains(text(), 'Dashboard Groups:')]
[INFO ][2015-11-19 11:01:12,224][com.java.SeleniumDriver] [  846] - DataValue : 3
[INFO ][2015-11-19 11:01:12,224][com.java.SeleniumDriver] [  852] - <In Set values of the page>
[INFO ][2015-11-19 11:01:12,224][com.java.SeleniumDriver] [  855] - {Data Fields & Data Values Exist}
[INFO ][2015-11-19 11:01:12,224][com.java.SeleniumDriver] [  857] - --------------------------setting values-----------------------------
[INFO ][2015-11-19 11:01:12,224][com.java.SeleniumDriver] [  860] - Action Type : waitforelement
[INFO ][2015-11-19 11:01:12,387][com.java.SeleniumDriver] [  869] -  RESULT true
[INFO ][2015-11-19 11:01:12,387][com.java.SeleniumDriver] [ 1074] - ?   P A S S   ?
[INFO ][2015-11-19 11:01:12,387][com.java.SeleniumDriver] [  796] - ------------------------------------------
[INFO ][2015-11-19 11:01:12,387][com.java.SeleniumDriver] [  797] - Test case being Executed: 6
[INFO ][2015-11-19 11:01:12,387][com.java.SeleniumDriver] [  808] - Test step:12
[INFO ][2015-11-19 11:01:12,387][com.java.SeleniumDriver] [  820] - Datavalue is----------null
[DEBUG][2015-11-19 11:01:12,387][com.java.SeleniumDriver] [  838] - Exception: null
[INFO ][2015-11-19 11:01:12,387][com.java.SeleniumDriver] [  844] - DataField : XPH//button[contains(text(), 'Save')]
[INFO ][2015-11-19 11:01:12,387][com.java.SeleniumDriver] [  846] - DataValue : 
[INFO ][2015-11-19 11:01:12,387][com.java.SeleniumDriver] [  852] - <In Set values of the page>
[INFO ][2015-11-19 11:01:12,387][com.java.SeleniumDriver] [  855] - {Data Fields & Data Values Exist}
[INFO ][2015-11-19 11:01:12,387][com.java.SeleniumDriver] [  857] - --------------------------setting values-----------------------------
[INFO ][2015-11-19 11:01:12,387][com.java.SeleniumDriver] [  860] - Action Type : ISDISABLED
[INFO ][2015-11-19 11:01:12,387][com.java.TestType] [ 6619] - field= XPH//button[contains(text(), 'Save')]
[INFO ][2015-11-19 11:01:12,767][com.java.SeleniumDriver] [  869] -  RESULT true
[INFO ][2015-11-19 11:01:12,767][com.java.SeleniumDriver] [ 1074] - ?   P A S S   ?
[INFO ][2015-11-19 11:01:12,767][com.java.SeleniumDriver] [  796] - ------------------------------------------
[INFO ][2015-11-19 11:01:12,767][com.java.SeleniumDriver] [  797] - Test case being Executed: 6
[INFO ][2015-11-19 11:01:12,767][com.java.SeleniumDriver] [  808] - Test step:13
[INFO ][2015-11-19 11:01:12,767][com.java.SeleniumDriver] [  820] - Datavalue is----------3
[INFO ][2015-11-19 11:01:12,767][com.java.SeleniumDriver] [  844] - DataField : XPH//select[contains(@class,'mber-select form-control')]
[INFO ][2015-11-19 11:01:12,767][com.java.SeleniumDriver] [  846] - DataValue : 3
[INFO ][2015-11-19 11:01:12,767][com.java.SeleniumDriver] [  852] - <In Set values of the page>
[INFO ][2015-11-19 11:01:12,767][com.java.SeleniumDriver] [  855] - {Data Fields & Data Values Exist}
[INFO ][2015-11-19 11:01:12,767][com.java.SeleniumDriver] [  857] - --------------------------setting values-----------------------------
[INFO ][2015-11-19 11:01:12,767][com.java.SeleniumDriver] [  860] - Action Type : waitforelement
[INFO ][2015-11-19 11:01:12,858][com.java.SeleniumDriver] [  869] -  RESULT true
[INFO ][2015-11-19 11:01:12,858][com.java.SeleniumDriver] [ 1074] - ?   P A S S   ?
[INFO ][2015-11-19 11:01:12,858][com.java.SeleniumDriver] [  796] - ------------------------------------------
[INFO ][2015-11-19 11:01:12,858][com.java.SeleniumDriver] [  797] - Test case being Executed: 6
[INFO ][2015-11-19 11:01:12,858][com.java.SeleniumDriver] [  808] - Test step:14
[INFO ][2015-11-19 11:01:12,858][com.java.SeleniumDriver] [  820] - Datavalue is----------null
[DEBUG][2015-11-19 11:01:12,858][com.java.SeleniumDriver] [  838] - Exception: null
[INFO ][2015-11-19 11:01:12,858][com.java.SeleniumDriver] [  844] - DataField : XPH//select[contains(@class,'mber-select form-control')]
[INFO ][2015-11-19 11:01:12,858][com.java.SeleniumDriver] [  846] - DataValue : 
[INFO ][2015-11-19 11:01:12,858][com.java.SeleniumDriver] [  852] - <In Set values of the page>
[INFO ][2015-11-19 11:01:12,858][com.java.SeleniumDriver] [  855] - {Data Fields & Data Values Exist}
[INFO ][2015-11-19 11:01:12,858][com.java.SeleniumDriver] [  857] - --------------------------setting values-----------------------------
[INFO ][2015-11-19 11:01:12,858][com.java.SeleniumDriver] [  860] - Action Type : click
[INFO ][2015-11-19 11:01:12,858][com.java.TestType] [ 4774] - Field ::XPH//select[contains(@class,'mber-select form-control')]
[INFO ][2015-11-19 11:01:13,858][com.java.TestType] [ 4833] - BEFORE CLICK
[INFO ][2015-11-19 11:01:15,498][com.java.TestType] [ 4841] - Unable to click the object dollar value dropdown
[INFO ][2015-11-19 11:01:15,498][com.java.SeleniumDriver] [  869] -  RESULT true
[INFO ][2015-11-19 11:01:15,498][com.java.SeleniumDriver] [ 1074] - ?   P A S S   ?
[INFO ][2015-11-19 11:01:15,498][com.java.SeleniumDriver] [  796] - ------------------------------------------
[INFO ][2015-11-19 11:01:15,498][com.java.SeleniumDriver] [  797] - Test case being Executed: 6
[INFO ][2015-11-19 11:01:15,498][com.java.SeleniumDriver] [  808] - Test step:15
[INFO ][2015-11-19 11:01:15,498][com.java.SeleniumDriver] [  820] - Datavalue is----------3
[INFO ][2015-11-19 11:01:15,498][com.java.SeleniumDriver] [  844] - DataField : XPH//select/option[contains(text(), 'Dollar ($)')]
[INFO ][2015-11-19 11:01:15,498][com.java.SeleniumDriver] [  846] - DataValue : 3
[INFO ][2015-11-19 11:01:15,498][com.java.SeleniumDriver] [  852] - <In Set values of the page>
[INFO ][2015-11-19 11:01:15,498][com.java.SeleniumDriver] [  855] - {Data Fields & Data Values Exist}
[INFO ][2015-11-19 11:01:15,498][com.java.SeleniumDriver] [  857] - --------------------------setting values-----------------------------
[INFO ][2015-11-19 11:01:15,498][com.java.SeleniumDriver] [  860] - Action Type : waitforelement
[INFO ][2015-11-19 11:01:15,519][com.java.SeleniumDriver] [  869] -  RESULT true
[INFO ][2015-11-19 11:01:15,519][com.java.SeleniumDriver] [ 1074] - ?   P A S S   ?
[INFO ][2015-11-19 11:01:15,519][com.java.SeleniumDriver] [  796] - ------------------------------------------
[INFO ][2015-11-19 11:01:15,519][com.java.SeleniumDriver] [  797] - Test case being Executed: 6
[INFO ][2015-11-19 11:01:15,519][com.java.SeleniumDriver] [  808] - Test step:16
[INFO ][2015-11-19 11:01:15,519][com.java.SeleniumDriver] [  820] - Datavalue is----------null
[DEBUG][2015-11-19 11:01:15,519][com.java.SeleniumDriver] [  838] - Exception: null
[INFO ][2015-11-19 11:01:15,519][com.java.SeleniumDriver] [  844] - DataField : XPH//select/option[contains(text(), 'Dollar ($)')]
[INFO ][2015-11-19 11:01:15,519][com.java.SeleniumDriver] [  846] - DataValue : 
[INFO ][2015-11-19 11:01:15,519][com.java.SeleniumDriver] [  852] - <In Set values of the page>
[INFO ][2015-11-19 11:01:15,519][com.java.SeleniumDriver] [  855] - {Data Fields & Data Values Exist}
[INFO ][2015-11-19 11:01:15,519][com.java.SeleniumDriver] [  857] - --------------------------setting values-----------------------------
[INFO ][2015-11-19 11:01:15,519][com.java.SeleniumDriver] [  860] - Action Type : click
[INFO ][2015-11-19 11:01:15,519][com.java.TestType] [ 4774] - Field ::XPH//select/option[contains(text(), 'Dollar ($)')]
[INFO ][2015-11-19 11:01:16,519][com.java.TestType] [ 4833] - BEFORE CLICK
[INFO ][2015-11-19 11:01:17,209][com.java.TestType] [ 4841] - Unable to click the object dollar value dropdown
[INFO ][2015-11-19 11:01:17,209][com.java.SeleniumDriver] [  869] -  RESULT true
[INFO ][2015-11-19 11:01:17,209][com.java.SeleniumDriver] [ 1074] - ?   P A S S   ?
[INFO ][2015-11-19 11:01:17,209][com.java.SeleniumDriver] [  796] - ------------------------------------------
[INFO ][2015-11-19 11:01:17,209][com.java.SeleniumDriver] [  797] - Test case being Executed: 6
[INFO ][2015-11-19 11:01:17,209][com.java.SeleniumDriver] [  808] - Test step:17
[INFO ][2015-11-19 11:01:17,209][com.java.SeleniumDriver] [  820] - Datavalue is----------RNDA_VLTest
[INFO ][2015-11-19 11:01:17,209][com.java.SeleniumDriver] [  844] - DataField : TXT//input[contains(@placeholder, 'Name your Calcu')]
[INFO ][2015-11-19 11:01:17,209][com.java.SeleniumDriver] [  846] - DataValue : RNDA_VLTest
[INFO ][2015-11-19 11:01:17,209][com.java.SeleniumDriver] [  852] - <In Set values of the page>
[INFO ][2015-11-19 11:01:17,209][com.java.SeleniumDriver] [  855] - {Data Fields & Data Values Exist}
[INFO ][2015-11-19 11:01:17,209][com.java.SeleniumDriver] [  857] - --------------------------setting values-----------------------------
[INFO ][2015-11-19 11:01:17,209][com.java.SeleniumDriver] [  860] - Action Type : enter
[INFO ][2015-11-19 11:01:17,209][com.java.TestType] [ 5094] - field = //input[contains(@placeholder, 'Name your Calcu')]
[INFO ][2015-11-19 11:01:17,209][com.java.TestType] [ 4461] - value = A_VLTest40897
[INFO ][2015-11-19 11:01:18,320][com.java.SeleniumDriver] [  869] -  RESULT true
[INFO ][2015-11-19 11:01:18,320][com.java.SeleniumDriver] [ 1074] - ?   P A S S   ?
[INFO ][2015-11-19 11:01:18,320][com.java.SeleniumDriver] [  796] - ------------------------------------------
[INFO ][2015-11-19 11:01:18,320][com.java.SeleniumDriver] [  797] - Test case being Executed: 6
[INFO ][2015-11-19 11:01:18,320][com.java.SeleniumDriver] [  808] - Test step:18
[INFO ][2015-11-19 11:01:18,320][com.java.SeleniumDriver] [  820] - Datavalue is----------Calusing_Keys
[INFO ][2015-11-19 11:01:18,320][com.java.SeleniumDriver] [  844] - DataField : TXT//input[contains(@placeholder, 'Name your Calcu')]
[INFO ][2015-11-19 11:01:18,320][com.java.SeleniumDriver] [  846] - DataValue : Calusing_Keys
[INFO ][2015-11-19 11:01:18,320][com.java.SeleniumDriver] [  852] - <In Set values of the page>
[INFO ][2015-11-19 11:01:18,320][com.java.SeleniumDriver] [  855] - {Data Fields & Data Values Exist}
[INFO ][2015-11-19 11:01:18,320][com.java.SeleniumDriver] [  857] - --------------------------setting values-----------------------------
[INFO ][2015-11-19 11:01:18,320][com.java.SeleniumDriver] [  860] - Action Type : STOREVALUE
[INFO ][2015-11-19 11:01:18,320][com.java.TestType] [ 6694] - field= TXT//input[contains(@placeholder, 'Name your Calcu')]
[DEBUG][2015-11-19 11:01:18,381][com.java.TestType] [ 6708] - Key:: Calusing_Keys  Value:: A_VLTest40897
[INFO ][2015-11-19 11:01:18,381][com.java.SeleniumDriver] [  869] -  RESULT true
[INFO ][2015-11-19 11:01:18,381][com.java.SeleniumDriver] [ 1074] - ?   P A S S   ?
[INFO ][2015-11-19 11:01:18,381][com.java.SeleniumDriver] [  796] - ------------------------------------------
[INFO ][2015-11-19 11:01:18,381][com.java.SeleniumDriver] [  797] - Test case being Executed: 6
[INFO ][2015-11-19 11:01:18,381][com.java.SeleniumDriver] [  808] - Test step:19
[INFO ][2015-11-19 11:01:18,381][com.java.SeleniumDriver] [  820] - Datavalue is----------//div[@id='group-list']/ul/li//a
[INFO ][2015-11-19 11:01:18,381][com.java.SeleniumDriver] [  844] - DataField : BTN
[INFO ][2015-11-19 11:01:18,381][com.java.SeleniumDriver] [  846] - DataValue : //div[@id='group-list']/ul/li//a
[INFO ][2015-11-19 11:01:18,381][com.java.SeleniumDriver] [  852] - <In Set values of the page>
[INFO ][2015-11-19 11:01:18,381][com.java.SeleniumDriver] [  855] - {Data Fields & Data Values Exist}
[INFO ][2015-11-19 11:01:18,381][com.java.SeleniumDriver] [  857] - --------------------------setting values-----------------------------
[INFO ][2015-11-19 11:01:18,381][com.java.SeleniumDriver] [  860] - Action Type : verify
[INFO ][2015-11-19 11:01:18,381][com.java.TestType] [ 5568] - field= BTN value= //div[@id='group-list']/ul/li//a
[INFO ][2015-11-19 11:01:18,381][com.java.TestType] [ 4461] - value = //div[@id='group-list']/ul/li//a
[INFO ][2015-11-19 11:01:18,411][com.java.SeleniumDriver] [  869] -  RESULT true
[INFO ][2015-11-19 11:01:18,411][com.java.SeleniumDriver] [ 1074] - ?   P A S S   ?
[INFO ][2015-11-19 11:01:18,411][com.java.SeleniumDriver] [  796] - ------------------------------------------
[INFO ][2015-11-19 11:01:18,411][com.java.SeleniumDriver] [  797] - Test case being Executed: 6
[INFO ][2015-11-19 11:01:18,411][com.java.SeleniumDriver] [  808] - Test step:20
[INFO ][2015-11-19 11:01:18,411][com.java.SeleniumDriver] [  820] - Datavalue is----------5
[INFO ][2015-11-19 11:01:18,411][com.java.SeleniumDriver] [  844] - DataField : TXT//div[contains(@class, 'input-group btn-')]/input[contains(@class ,'ember-text-field form-')]
[INFO ][2015-11-19 11:01:18,411][com.java.SeleniumDriver] [  846] - DataValue : 5
[INFO ][2015-11-19 11:01:18,411][com.java.SeleniumDriver] [  852] - <In Set values of the page>
[INFO ][2015-11-19 11:01:18,411][com.java.SeleniumDriver] [  855] - {Data Fields & Data Values Exist}
[INFO ][2015-11-19 11:01:18,411][com.java.SeleniumDriver] [  857] - --------------------------setting values-----------------------------
[INFO ][2015-11-19 11:01:18,411][com.java.SeleniumDriver] [  860] - Action Type : enter
[INFO ][2015-11-19 11:01:18,411][com.java.TestType] [ 5094] - field = //div[contains(@class, 'input-group btn-')]/input[contains(@class ,'ember-text-field form-')]
[INFO ][2015-11-19 11:01:18,411][com.java.TestType] [ 4461] - value = 5
[INFO ][2015-11-19 11:01:18,901][com.java.SeleniumDriver] [  869] -  RESULT true
[INFO ][2015-11-19 11:01:18,901][com.java.SeleniumDriver] [ 1074] - ?   P A S S   ?
[INFO ][2015-11-19 11:01:18,901][com.java.SeleniumDriver] [  796] - ------------------------------------------
[INFO ][2015-11-19 11:01:18,901][com.java.SeleniumDriver] [  797] - Test case being Executed: 6
[INFO ][2015-11-19 11:01:18,901][com.java.SeleniumDriver] [  808] - Test step:21
[INFO ][2015-11-19 11:01:18,901][com.java.SeleniumDriver] [  820] - Datavalue is----------5
[INFO ][2015-11-19 11:01:18,901][com.java.SeleniumDriver] [  844] - DataField : XPH//button[text()='Constant']
[INFO ][2015-11-19 11:01:18,901][com.java.SeleniumDriver] [  846] - DataValue : 5
[INFO ][2015-11-19 11:01:18,901][com.java.SeleniumDriver] [  852] - <In Set values of the page>
[INFO ][2015-11-19 11:01:18,901][com.java.SeleniumDriver] [  855] - {Data Fields & Data Values Exist}
[INFO ][2015-11-19 11:01:18,901][com.java.SeleniumDriver] [  857] - --------------------------setting values-----------------------------
[INFO ][2015-11-19 11:01:18,901][com.java.SeleniumDriver] [  860] - Action Type : waitforelement
[INFO ][2015-11-19 11:01:18,951][com.java.SeleniumDriver] [  869] -  RESULT true
[INFO ][2015-11-19 11:01:18,951][com.java.SeleniumDriver] [ 1074] - ?   P A S S   ?
[INFO ][2015-11-19 11:01:18,951][com.java.SeleniumDriver] [  796] - ------------------------------------------
[INFO ][2015-11-19 11:01:18,951][com.java.SeleniumDriver] [  797] - Test case being Executed: 6
[INFO ][2015-11-19 11:01:18,951][com.java.SeleniumDriver] [  808] - Test step:22
[INFO ][2015-11-19 11:01:18,951][com.java.SeleniumDriver] [  820] - Datavalue is----------null
[DEBUG][2015-11-19 11:01:18,951][com.java.SeleniumDriver] [  838] - Exception: null
[INFO ][2015-11-19 11:01:18,951][com.java.SeleniumDriver] [  844] - DataField : XPH//button[text()='Constant']
[INFO ][2015-11-19 11:01:18,951][com.java.SeleniumDriver] [  846] - DataValue : 
[INFO ][2015-11-19 11:01:18,951][com.java.SeleniumDriver] [  852] - <In Set values of the page>
[INFO ][2015-11-19 11:01:18,951][com.java.SeleniumDriver] [  855] - {Data Fields & Data Values Exist}
[INFO ][2015-11-19 11:01:18,951][com.java.SeleniumDriver] [  857] - --------------------------setting values-----------------------------
[INFO ][2015-11-19 11:01:18,951][com.java.SeleniumDriver] [  860] - Action Type : click
[INFO ][2015-11-19 11:01:18,951][com.java.TestType] [ 4774] - Field ::XPH//button[text()='Constant']
[INFO ][2015-11-19 11:01:19,951][com.java.TestType] [ 4833] - BEFORE CLICK
[ERROR][2015-11-19 11:01:19,990][com.java.TestType] [ 5007] - Exception in click:: Unable to get browser (WARNING: The server did not provide any stacktrace information)
Command duration or timeout: 39 milliseconds
Build info: version: '2.48.2', revision: '41bccdd', time: '2015-10-09 19:59:12'
System info: host: 'FVTIII438F1D', ip: '172.17.68.34', os.name: 'Windows 7', os.arch: 'x86', os.version: '6.1', java.version: '1.7.0_55'
Session ID: 0554165b-1fd1-4395-a860-0c7c842a48ef
Driver info: org.openqa.selenium.ie.InternetExplorerDriver
Capabilities [{platform=WINDOWS, javascriptEnabled=true, elementScrollBehavior=0, ignoreZoomSetting=false, enablePersistentHover=true, ie.ensureCleanSession=false, browserName=internet explorer, enableElementCacheCleanup=true, unexpectedAlertBehaviour=dismiss, version=10, ie.usePerProcessProxy=false, ignoreProtectedModeSettings=true, cssSelectorsEnabled=true, requireWindowFocus=false, initialBrowserUrl=http://localhost:44612/, handlesAlerts=true, ie.forceCreateProcessApi=false, nativeEvents=true, browserAttachTimeout=0, ie.browserCommandLineSwitches=, takesScreenshot=true}]
[INFO ][2015-11-19 11:01:19,990][com.java.TestType] [ 5011] - Element :://button[text()='Constant']:: not found
[INFO ][2015-11-19 11:01:19,990][com.java.SeleniumDriver] [  869] -  RESULT false
[INFO ][2015-11-19 11:01:19,990][com.java.SeleniumDriver] [  916] - ?   F A I L   ?
[INFO ][2015-11-19 11:01:19,990][com.java.SeleniumDriver] [  924] - Browser Type : IE10
[INFO ][2015-11-19 11:01:19,990][com.java.SeleniumDriver] [  925] - Adding Failed case6
[WARN ][2015-11-19 11:01:20,011][com.java.SeleniumDriver] [  984] - Source 'D:\BankersDashboard\TestReports\111915' exists but is a directory
[INFO ][2015-11-19 11:01:20,011][com.java.SeleniumDriver] [ 1038] - failedCases = 6
[ERROR][2015-11-19 11:01:20,011][com.java.SeleniumDriver] [ 1525] - Platform Errors : Our apologies...::We have encountered an issue with your request.::Our apologies?:We encountered an issue with your request.
[INFO ][2015-11-19 11:01:20,011][com.java.SeleniumDriver] [ 1529] - Length =3
[ERROR][2015-11-19 11:01:20,011][com.java.SeleniumDriver] [ 1532] - Error 0 = Our apologies...
[DEBUG][2015-11-19 11:01:20,011][com.java.SeleniumDriver] [ 1545] - Unable to get the Platform Error list from Hash Map.
[ERROR][2015-11-19 11:01:20,011][com.java.SeleniumDriver] [  270] - Browser crashed. Opening new browser with same capabilities
[ERROR][2015-11-19 11:01:20,021][com.java.SeleniumDriver] [  271] - Error:
java.lang.NullPointerException
	at com.java.SeleniumDriver.testInitiation(SeleniumDriver.java:1132)
	at com.java.SeleniumDriver.setup(SeleniumDriver.java:255)
	at com.java.ExecuteThread.run(CreateClient.java:688)
	at java.lang.Thread.run(Thread.java:745)
[DEBUG][2015-11-19 11:01:21,212][com.java.SeleniumDriver] [  425] - Hub ip address is-------172.17.68.34
[INFO ][2015-11-19 11:01:21,212][com.java.SeleniumDriver] [  451] - Grid URL:http://172.17.68.34:4444/wd/hub
[INFO ][2015-11-19 11:01:21,212][com.java.SeleniumDriver] [  452] - Capability:Capabilities [{platform=ANY, ensureCleanSession=true, ignoreProtectedModeSettings=true, acceptSslCerts=true, ignoreZoomSetting=true, browserName=internet explorer, browserstack.ie.noFlash=true, version=null}]
[ERROR][2015-11-19 11:01:22,213][com.java.SeleniumDriver] [  496] - Unable invoke browser in grid:Could not start a new session. Possible causes are invalid address of the remote server or browser start-up failure.
Build info: version: '2.48.2', revision: '41bccdd', time: '2015-10-09 19:59:12'
System info: host: 'FVTIII438F1D', ip: '172.17.68.34', os.name: 'Windows 7', os.arch: 'x86', os.version: '6.1', java.version: '1.7.0_55'
Driver info: driver.version: SeleniumDriver
[INFO ][2015-11-19 11:01:22,213][com.java.SeleniumDriver] [  498] - Executing on local machine
[INFO ][2015-11-19 11:01:31,289][com.java.SeleniumDriver] [  753] - Test cases to be executed are: [1, 6]
[INFO ][2015-11-19 11:01:33,290][com.java.SeleniumDriver] [ 1306] - Total Number of Cases:2
[INFO ][2015-11-19 11:01:33,290][com.java.TemplateGenerator] [  302] - Executed:1
[INFO ][2015-11-19 11:01:33,290][com.java.TemplateGenerator] [  303] - Passed:1
[INFO ][2015-11-19 11:01:33,290][com.java.TemplateGenerator] [  304] - Failed:0
[INFO ][2015-11-19 11:01:33,290][com.java.TemplateGenerator] [  305] - Skipeed:1
[INFO ][2015-11-19 11:01:33,290][com.java.TemplateGenerator] [  306] - Application URL:https://clients-xuat.bankersdashboard.com
[INFO ][2015-11-19 11:01:33,290][com.java.TemplateGenerator] [  307] - Start Time:111915_105825
[INFO ][2015-11-19 11:01:33,290][com.java.TemplateGenerator] [  308] -  Creating HTML Report 
[ERROR][2015-11-19 11:01:33,290][com.java.TemplateGenerator] [  409] - Unparseable date: "Thu Nov 19 10:58:25 IST 2015"
[INFO ][2015-11-19 11:01:33,290][com.java.TemplateGenerator] [  654] -  Exporting case :: 1
[INFO ][2015-11-19 11:01:33,290][com.java.TemplateGenerator] [  654] -  Exporting case :: 6
[ERROR][2015-11-19 11:01:33,290][com.java.TemplateGenerator] [  693] -   Exception while exporting Cases to HTML
[ERROR][2015-11-19 11:01:33,290][com.java.TemplateGenerator] [  694] - 
[INFO ][2015-11-19 11:01:33,290][com.java.SeleniumDriver] [ 1355] - End Time:111915_110133
[INFO ][2015-11-19 11:01:33,290][com.java.SeleniumDriver] [ 1358] - Data in Test Execution Details:{1=PASS, 6=FAILTest case failed at Step No. :: 22   Error Message ::  Element :://button[text()='Constant']:: not found}
[INFO ][2015-11-19 11:01:33,290][com.java.SeleniumDriver] [ 1359] - Data in Failed Execution Deatils:{}
[INFO ][2015-11-19 11:01:33,290][com.java.SeleniumDriver] [ 1361] - ReportCounter:Total:1 :: PASS: 1 ::FAIL: 0
[INFO ][2015-11-19 11:01:33,290][com.java.SeleniumDriver] [ 1362] - FailedReportCounter:Total:0 :: PASS: 0 ::FAIL: 0
[INFO ][2015-11-19 11:01:33,291][com.java.EmailTestReport] [   63] - Sending report mail details:
[INFO ][2015-11-19 11:01:33,291][com.java.EmailTestReport] [   80] - Excel Report Path:D:\BankersDashboard/TestReports/Test Results_BankersDashBoard_111915_105825_IE10_Simmons First National Bank.xls
[INFO ][2015-11-19 11:01:33,291][com.java.EmailTestReport] [   81] - HTML Report Path:D:\BankersDashboard//TestReports//Test Results_BankersDashBoard_111915_105825_IE10_Simmons First National Bank.html
[INFO ][2015-11-19 11:01:33,291][com.java.EmailTestReport] [   82] - smtpHostName:mail01.valuelabs.com
[INFO ][2015-11-19 11:01:33,291][com.java.EmailTestReport] [   83] - Recipient:venkateswararao.gubbala@valuelabs.com;
[INFO ][2015-11-19 11:01:33,291][com.java.EmailTestReport] [   84] - From:venkateswararao.gubbala@valuelabs.com;
[INFO ][2015-11-19 11:01:33,291][com.java.EmailTestReport] [   85] - Subject:Deluxe Corp Bankers Dashboard Automation Test Report - Simmons First National Bank - IE10
[INFO ][2015-11-19 11:01:33,311][com.java.EmailTestReport] [  143] -  Added venkateswararao.gubbala@valuelabs.com
