[INFO ][2016-01-25 12:20:26,471][com.java.SeleniumDriver] [  213] - Execute Failed Casesfalse
[INFO ][2016-01-25 12:20:26,471][com.java.SeleniumDriver] [  214] - Browser: IE10
[INFO ][2016-01-25 12:20:26,481][com.java.SeleniumDriver] [  215] - [1, 2, 3, 4, 5, 6, 7, 8, 9, 10]
[INFO ][2016-01-25 12:20:26,481][com.java.SeleniumDriver] [  216] - Total TestCases:10
[INFO ][2016-01-25 12:20:26,481][com.java.SeleniumDriver] [  217] -  Reading Properties from Property File 
[DEBUG][2016-01-25 12:20:26,481][com.java.SeleniumDriver] [  238] - url : https://clients-xuat.bankersdashboard.com
[INFO ][2016-01-25 12:20:26,481][com.java.ImportnExport.ExportTestResultsExcel] [  116] - Time Stamp Mon Jan 25 12:20:26 IST 2016
[INFO ][2016-01-25 12:20:26,481][com.java.ImportnExport.ExportTestResultsExcel] [  175] - OUT FILE : D:\BankersDashboard/TestReports/Test Results_BankersDashBoard_012516_122026_IE10_Any Bank USA.xls
[INFO ][2016-01-25 12:20:26,502][com.java.ImportnExport.ExportTestResultsExcel] [  180] - Test Result file is created
[DEBUG][2016-01-25 12:20:26,592][com.java.SeleniumDriver] [  426] - Hub ip address is-------172.17.68.34
[INFO ][2016-01-25 12:20:26,592][com.java.SeleniumDriver] [  452] - Grid URL:http://172.17.68.34:4444/wd/hub
[INFO ][2016-01-25 12:20:26,592][com.java.SeleniumDriver] [  453] - Capability:Capabilities [{platform=ANY, ensureCleanSession=true, ignoreProtectedModeSettings=true, acceptSslCerts=true, ignoreZoomSetting=true, browserName=internet explorer, browserstack.ie.noFlash=true, version=null}]
[ERROR][2016-01-25 12:20:27,892][com.java.SeleniumDriver] [  498] - Unable invoke browser in grid:Could not start a new session. Possible causes are invalid address of the remote server or browser start-up failure.
Build info: version: '2.48.2', revision: '41bccdd', time: '2015-10-09 19:59:12'
System info: host: 'FVTIII438F1D', ip: '172.17.68.34', os.name: 'Windows 7', os.arch: 'x86', os.version: '6.1', java.version: '1.7.0_55'
Driver info: driver.version: SeleniumDriver
[INFO ][2016-01-25 12:20:27,892][com.java.SeleniumDriver] [  500] - Executing on local machine
[INFO ][2016-01-25 12:20:38,130][com.java.SeleniumDriver] [  248] - IE10is opened
[INFO ][2016-01-25 12:20:38,981][com.java.SeleniumDriver] [  756] - Test cases to be executed are: [1, 2, 3, 4, 5, 6, 7, 8, 9, 10]
[INFO ][2016-01-25 12:20:39,004][com.java.ImportnExport.ImportTestDataDetailsExcel] [   49] - test data details path===== D:\BankersDashboard\TestInputs\TestData.xls
[INFO ][2016-01-25 12:20:39,078][com.java.SeleniumDriver] [  856] - ------------------------------------------
[INFO ][2016-01-25 12:20:39,078][com.java.SeleniumDriver] [  857] - Test case being Executed: 1
[INFO ][2016-01-25 12:20:39,078][com.java.SeleniumDriver] [  869] - Test step:1
[INFO ][2016-01-25 12:20:39,078][com.java.SeleniumDriver] [  881] - Datavalue is----------Concept#1:1-14
[INFO ][2016-01-25 12:20:39,078][com.java.SeleniumDriver] [  905] - DataField : test
[INFO ][2016-01-25 12:20:39,079][com.java.SeleniumDriver] [  907] - DataValue : Concept#1:1-14
[INFO ][2016-01-25 12:20:39,079][com.java.SeleniumDriver] [  913] - <In Set values of the page>
[INFO ][2016-01-25 12:20:39,079][com.java.SeleniumDriver] [  916] - {Data Fields & Data Values Exist}
[INFO ][2016-01-25 12:20:39,079][com.java.SeleniumDriver] [  918] - --------------------------setting values-----------------------------
[INFO ][2016-01-25 12:20:39,079][com.java.SeleniumDriver] [  921] - Action Type : ExecuteTestCase
[INFO ][2016-01-25 12:20:39,096][com.java.TestType] [  442] - The Concept sheet name is ---------- Concept
[INFO ][2016-01-25 12:20:39,097][com.java.TestType] [  445] - The Concept ID  is ---------- 1
[DEBUG][2016-01-25 12:20:39,097][com.java.TestType] [  449] - Steps being executted in the Concept are: 1:14
[INFO ][2016-01-25 12:20:39,097][com.java.TestType] [  456] - Test data details path ---------- D:\BankersDashboard\TestInputs\TestData.xls
[INFO ][2016-01-25 12:20:39,116][com.java.TestType] [  487] -  str(1) = 1
[INFO ][2016-01-25 12:20:39,116][com.java.TestType] [  490] - Test case Id is---1
[INFO ][2016-01-25 12:20:39,116][com.java.TestType] [  492] - 1
[INFO ][2016-01-25 12:20:39,116][com.java.TestType] [  487] -  str(2) = 1
[INFO ][2016-01-25 12:20:39,118][com.java.TestType] [  487] -  str(1) = 1
[INFO ][2016-01-25 12:20:39,119][com.java.TestType] [  490] - Test case Id is---1
[INFO ][2016-01-25 12:20:39,119][com.java.TestType] [  492] - 1
[INFO ][2016-01-25 12:20:39,119][com.java.TestType] [  487] -  str(2) = 2
[INFO ][2016-01-25 12:20:39,120][com.java.TestType] [  487] -  str(1) = 1
[INFO ][2016-01-25 12:20:39,120][com.java.TestType] [  490] - Test case Id is---1
[INFO ][2016-01-25 12:20:39,120][com.java.TestType] [  492] - 1
[INFO ][2016-01-25 12:20:39,120][com.java.TestType] [  487] -  str(2) = 3
[INFO ][2016-01-25 12:20:39,122][com.java.TestType] [  487] -  str(1) = 1
[INFO ][2016-01-25 12:20:39,122][com.java.TestType] [  490] - Test case Id is---1
[INFO ][2016-01-25 12:20:39,122][com.java.TestType] [  492] - 1
[INFO ][2016-01-25 12:20:39,122][com.java.TestType] [  487] -  str(2) = 4
[INFO ][2016-01-25 12:20:39,125][com.java.TestType] [  487] -  str(1) = 1
[INFO ][2016-01-25 12:20:39,125][com.java.TestType] [  490] - Test case Id is---1
[INFO ][2016-01-25 12:20:39,125][com.java.TestType] [  492] - 1
[INFO ][2016-01-25 12:20:39,125][com.java.TestType] [  487] -  str(2) = 5
[INFO ][2016-01-25 12:20:39,126][com.java.TestType] [  487] -  str(1) = 1
[INFO ][2016-01-25 12:20:39,127][com.java.TestType] [  490] - Test case Id is---1
[INFO ][2016-01-25 12:20:39,127][com.java.TestType] [  492] - 1
[INFO ][2016-01-25 12:20:39,127][com.java.TestType] [  487] -  str(2) = 6
[INFO ][2016-01-25 12:20:39,128][com.java.TestType] [  487] -  str(1) = 1
[INFO ][2016-01-25 12:20:39,128][com.java.TestType] [  490] - Test case Id is---1
[INFO ][2016-01-25 12:20:39,128][com.java.TestType] [  492] - 1
[INFO ][2016-01-25 12:20:39,128][com.java.TestType] [  487] -  str(2) = 7
[INFO ][2016-01-25 12:20:39,130][com.java.TestType] [  487] -  str(1) = 1
[INFO ][2016-01-25 12:20:39,130][com.java.TestType] [  490] - Test case Id is---1
[INFO ][2016-01-25 12:20:39,130][com.java.TestType] [  492] - 1
[INFO ][2016-01-25 12:20:39,130][com.java.TestType] [  487] -  str(2) = 8
[INFO ][2016-01-25 12:20:39,131][com.java.TestType] [  487] -  str(1) = 1
[INFO ][2016-01-25 12:20:39,131][com.java.TestType] [  490] - Test case Id is---1
[INFO ][2016-01-25 12:20:39,131][com.java.TestType] [  492] - 1
[INFO ][2016-01-25 12:20:39,131][com.java.TestType] [  487] -  str(2) = 9
[INFO ][2016-01-25 12:20:39,132][com.java.TestType] [  487] -  str(1) = 1
[INFO ][2016-01-25 12:20:39,132][com.java.TestType] [  490] - Test case Id is---1
[INFO ][2016-01-25 12:20:39,132][com.java.TestType] [  492] - 1
[INFO ][2016-01-25 12:20:39,132][com.java.TestType] [  487] -  str(2) = 10
[INFO ][2016-01-25 12:20:39,133][com.java.TestType] [  487] -  str(1) = 1
[INFO ][2016-01-25 12:20:39,135][com.java.TestType] [  490] - Test case Id is---1
[INFO ][2016-01-25 12:20:39,135][com.java.TestType] [  492] - 1
[INFO ][2016-01-25 12:20:39,135][com.java.TestType] [  487] -  str(2) = 11
[INFO ][2016-01-25 12:20:39,136][com.java.TestType] [  487] -  str(1) = 1
[INFO ][2016-01-25 12:20:39,136][com.java.TestType] [  490] - Test case Id is---1
[INFO ][2016-01-25 12:20:39,136][com.java.TestType] [  492] - 1
[INFO ][2016-01-25 12:20:39,136][com.java.TestType] [  487] -  str(2) = 12
[INFO ][2016-01-25 12:20:39,137][com.java.TestType] [  487] -  str(1) = 1
[INFO ][2016-01-25 12:20:39,137][com.java.TestType] [  490] - Test case Id is---1
[INFO ][2016-01-25 12:20:39,137][com.java.TestType] [  492] - 1
[INFO ][2016-01-25 12:20:39,137][com.java.TestType] [  487] -  str(2) = 13
[INFO ][2016-01-25 12:20:39,138][com.java.TestType] [  487] -  str(1) = 1
[INFO ][2016-01-25 12:20:39,138][com.java.TestType] [  490] - Test case Id is---1
[INFO ][2016-01-25 12:20:39,138][com.java.TestType] [  492] - 1
[INFO ][2016-01-25 12:20:39,139][com.java.TestType] [  487] -  str(2) = 14
[INFO ][2016-01-25 12:20:39,139][com.java.TestType] [11650] - Looping 1TCID = 1
[DEBUG][2016-01-25 12:20:39,139][com.java.TestType] [11691] - Concept ID:1 :: Step being Executed: 1::1
[INFO ][2016-01-25 12:20:39,140][com.java.TestType] [11729] - dataFields : TXTusername
[DEBUG][2016-01-25 12:20:39,140][com.java.TestType] [11735] - <In Set values of the page>
[DEBUG][2016-01-25 12:20:39,140][com.java.TestType] [11740] - {Data Fields & Data Values Exist}
[INFO ][2016-01-25 12:20:39,140][com.java.TestType] [11746] - --------------------------setting values-----------------------------
[INFO ][2016-01-25 12:20:39,140][com.java.TestType] [11749] - Action Type : CLEARANDENTER
[INFO ][2016-01-25 12:20:41,419][com.java.TestType] [ 6395] - value = naresh.nayini.00000
[INFO ][2016-01-25 12:20:43,805][com.java.TestType] [11768] -  RESULT true
[INFO ][2016-01-25 12:20:43,805][com.java.TestType] [11885] - ?   P A S S   ?
[DEBUG][2016-01-25 12:20:43,805][com.java.TestType] [11691] - Concept ID:1 :: Step being Executed: 1::2
[INFO ][2016-01-25 12:20:43,807][com.java.TestType] [11729] - dataFields : TXTpassword
[DEBUG][2016-01-25 12:20:43,807][com.java.TestType] [11735] - <In Set values of the page>
[DEBUG][2016-01-25 12:20:43,807][com.java.TestType] [11740] - {Data Fields & Data Values Exist}
[INFO ][2016-01-25 12:20:43,807][com.java.TestType] [11746] - --------------------------setting values-----------------------------
[INFO ][2016-01-25 12:20:43,807][com.java.TestType] [11749] - Action Type : CLEARANDENTER
[INFO ][2016-01-25 12:20:46,064][com.java.TestType] [ 6395] - value = Password1*
[INFO ][2016-01-25 12:20:48,611][com.java.TestType] [11768] -  RESULT true
[INFO ][2016-01-25 12:20:48,612][com.java.TestType] [11885] - ?   P A S S   ?
[DEBUG][2016-01-25 12:20:48,612][com.java.TestType] [11691] - Concept ID:1 :: Step being Executed: 1::3
[ERROR][2016-01-25 12:20:48,612][com.java.TestType] [11724] - Exception: null
[INFO ][2016-01-25 12:20:48,612][com.java.TestType] [11729] - dataFields : XPH//button[@type='submit']
[DEBUG][2016-01-25 12:20:48,612][com.java.TestType] [11735] - <In Set values of the page>
[DEBUG][2016-01-25 12:20:48,612][com.java.TestType] [11740] - {Data Fields & Data Values Exist}
[INFO ][2016-01-25 12:20:48,612][com.java.TestType] [11746] - --------------------------setting values-----------------------------
[INFO ][2016-01-25 12:20:48,612][com.java.TestType] [11749] - Action Type : Click
[INFO ][2016-01-25 12:20:48,612][com.java.TestType] [ 6774] - Field ::XPH//button[@type='submit']
[INFO ][2016-01-25 12:20:48,612][com.java.TestType] [ 6395] - value = 
[INFO ][2016-01-25 12:20:49,613][com.java.TestType] [ 6947] - BEFORE CLICK
[INFO ][2016-01-25 12:20:53,125][com.java.TestType] [ 6955] - Unable to click the object Login
[INFO ][2016-01-25 12:20:53,125][com.java.TestType] [11768] -  RESULT true
[INFO ][2016-01-25 12:20:53,125][com.java.TestType] [11885] - ?   P A S S   ?
[DEBUG][2016-01-25 12:20:53,125][com.java.TestType] [11691] - Concept ID:1 :: Step being Executed: 1::4
[INFO ][2016-01-25 12:20:53,125][com.java.TestType] [11729] - dataFields : LNKLogout
[DEBUG][2016-01-25 12:20:53,125][com.java.TestType] [11735] - <In Set values of the page>
[DEBUG][2016-01-25 12:20:53,125][com.java.TestType] [11740] - {Data Fields & Data Values Exist}
[INFO ][2016-01-25 12:20:53,125][com.java.TestType] [11746] - --------------------------setting values-----------------------------
[INFO ][2016-01-25 12:20:53,125][com.java.TestType] [11749] - Action Type : WaitForElement
[INFO ][2016-01-25 12:20:53,161][com.java.TestType] [11768] -  RESULT true
[INFO ][2016-01-25 12:20:53,161][com.java.TestType] [11885] - ?   P A S S   ?
[DEBUG][2016-01-25 12:20:53,162][com.java.TestType] [11691] - Concept ID:1 :: Step being Executed: 1::13
[INFO ][2016-01-25 12:20:53,162][com.java.TestType] [11729] - dataFields : LNK
[DEBUG][2016-01-25 12:20:53,162][com.java.TestType] [11735] - <In Set values of the page>
[DEBUG][2016-01-25 12:20:53,162][com.java.TestType] [11740] - {Data Fields & Data Values Exist}
[INFO ][2016-01-25 12:20:53,162][com.java.TestType] [11746] - --------------------------setting values-----------------------------
[INFO ][2016-01-25 12:20:53,162][com.java.TestType] [11749] - Action Type : Verify
[INFO ][2016-01-25 12:20:53,162][com.java.TestType] [ 7985] - field= LNK value= Logout
[INFO ][2016-01-25 12:20:53,163][com.java.TestType] [ 6395] - value = Logout
[INFO ][2016-01-25 12:20:53,199][com.java.TestType] [11768] -  RESULT true
[INFO ][2016-01-25 12:20:53,199][com.java.TestType] [11885] - ?   P A S S   ?
[DEBUG][2016-01-25 12:20:53,199][com.java.TestType] [11691] - Concept ID:1 :: Step being Executed: 1::14
[INFO ][2016-01-25 12:20:53,200][com.java.TestType] [11729] - dataFields : BTN
[DEBUG][2016-01-25 12:20:53,200][com.java.TestType] [11735] - <In Set values of the page>
[DEBUG][2016-01-25 12:20:53,200][com.java.TestType] [11740] - {Data Fields & Data Values Exist}
[INFO ][2016-01-25 12:20:53,200][com.java.TestType] [11746] - --------------------------setting values-----------------------------
[INFO ][2016-01-25 12:20:53,200][com.java.TestType] [11749] - Action Type : Verify
[INFO ][2016-01-25 12:20:53,200][com.java.TestType] [ 7985] - field= BTN value= //img[contains(@src,'bdlogo.jpg')]
[INFO ][2016-01-25 12:20:53,200][com.java.TestType] [ 6395] - value = //img[contains(@src,'bdlogo.jpg')]
[INFO ][2016-01-25 12:20:53,360][com.java.TestType] [11768] -  RESULT true
[INFO ][2016-01-25 12:20:53,360][com.java.TestType] [11885] - ?   P A S S   ?
[INFO ][2016-01-25 12:20:53,360][com.java.TestType] [11956] - Looping End......
[INFO ][2016-01-25 12:20:53,361][com.java.SeleniumDriver] [  930] -  RESULT true
[INFO ][2016-01-25 12:20:53,362][com.java.SeleniumDriver] [ 1136] - ?   P A S S   ?
[INFO ][2016-01-25 12:20:53,362][com.java.SeleniumDriver] [  856] - ------------------------------------------
[INFO ][2016-01-25 12:20:53,362][com.java.SeleniumDriver] [  857] - Test case being Executed: 1
[INFO ][2016-01-25 12:20:53,362][com.java.SeleniumDriver] [  869] - Test step:2
[INFO ][2016-01-25 12:20:53,362][com.java.SeleniumDriver] [  881] - Datavalue is----------Concept#2:1-2
[INFO ][2016-01-25 12:20:53,364][com.java.SeleniumDriver] [  905] - DataField : test
[INFO ][2016-01-25 12:20:53,364][com.java.SeleniumDriver] [  907] - DataValue : Concept#2:1-2
[INFO ][2016-01-25 12:20:53,364][com.java.SeleniumDriver] [  913] - <In Set values of the page>
[INFO ][2016-01-25 12:20:53,364][com.java.SeleniumDriver] [  916] - {Data Fields & Data Values Exist}
[INFO ][2016-01-25 12:20:53,364][com.java.SeleniumDriver] [  918] - --------------------------setting values-----------------------------
[INFO ][2016-01-25 12:20:53,364][com.java.SeleniumDriver] [  921] - Action Type : ExecuteTestCase
[INFO ][2016-01-25 12:20:53,364][com.java.TestType] [  442] - The Concept sheet name is ---------- Concept
[INFO ][2016-01-25 12:20:53,364][com.java.TestType] [  445] - The Concept ID  is ---------- 2
[DEBUG][2016-01-25 12:20:53,365][com.java.TestType] [  449] - Steps being executted in the Concept are: 1:2
[INFO ][2016-01-25 12:20:53,365][com.java.TestType] [  456] - Test data details path ---------- D:\BankersDashboard\TestInputs\TestData.xls
[INFO ][2016-01-25 12:20:53,380][com.java.TestType] [  487] -  str(1) = 2
[INFO ][2016-01-25 12:20:53,381][com.java.TestType] [  490] - Test case Id is---2
[INFO ][2016-01-25 12:20:53,381][com.java.TestType] [  492] - 2
[INFO ][2016-01-25 12:20:53,381][com.java.TestType] [  487] -  str(2) = 1
[INFO ][2016-01-25 12:20:53,382][com.java.TestType] [  487] -  str(1) = 2
[INFO ][2016-01-25 12:20:53,382][com.java.TestType] [  490] - Test case Id is---2
[INFO ][2016-01-25 12:20:53,383][com.java.TestType] [  492] - 2
[INFO ][2016-01-25 12:20:53,383][com.java.TestType] [  487] -  str(2) = 2
[INFO ][2016-01-25 12:20:53,383][com.java.TestType] [  487] -  str(1) = 2
[INFO ][2016-01-25 12:20:53,383][com.java.TestType] [  490] - Test case Id is---2
[INFO ][2016-01-25 12:20:53,383][com.java.TestType] [  492] - 2
[INFO ][2016-01-25 12:20:53,383][com.java.TestType] [  487] -  str(2) = 3
[INFO ][2016-01-25 12:20:53,384][com.java.TestType] [11650] - Looping 1TCID = 2
[DEBUG][2016-01-25 12:20:53,384][com.java.TestType] [11691] - Concept ID:2 :: Step being Executed: 2::1
[INFO ][2016-01-25 12:20:53,384][com.java.TestType] [11729] - dataFields : BNK//select[@id='bank']
[DEBUG][2016-01-25 12:20:53,384][com.java.TestType] [11735] - <In Set values of the page>
[DEBUG][2016-01-25 12:20:53,385][com.java.TestType] [11740] - {Data Fields & Data Values Exist}
[INFO ][2016-01-25 12:20:53,385][com.java.TestType] [11746] - --------------------------setting values-----------------------------
[INFO ][2016-01-25 12:20:53,385][com.java.TestType] [11749] - Action Type : Select
[INFO ][2016-01-25 12:20:53,385][com.java.TestType] [ 6395] - value = PFC
[INFO ][2016-01-25 12:20:53,608][com.java.TestType] [11768] -  RESULT true
[INFO ][2016-01-25 12:20:53,608][com.java.TestType] [11885] - ?   P A S S   ?
[DEBUG][2016-01-25 12:20:53,608][com.java.TestType] [11691] - Concept ID:2 :: Step being Executed: 2::2
[INFO ][2016-01-25 12:20:53,608][com.java.TestType] [11729] - dataFields : LNKLogout
[DEBUG][2016-01-25 12:20:53,608][com.java.TestType] [11735] - <In Set values of the page>
[DEBUG][2016-01-25 12:20:53,609][com.java.TestType] [11740] - {Data Fields & Data Values Exist}
[INFO ][2016-01-25 12:20:53,609][com.java.TestType] [11746] - --------------------------setting values-----------------------------
[INFO ][2016-01-25 12:20:53,609][com.java.TestType] [11749] - Action Type : WaitTime
[DEBUG][2016-01-25 12:20:53,609][com.java.TestType] [ 6209] - sleepTime: 5000
[INFO ][2016-01-25 12:20:58,610][com.java.TestType] [11768] -  RESULT true
[INFO ][2016-01-25 12:20:58,611][com.java.TestType] [11885] - ?   P A S S   ?
[INFO ][2016-01-25 12:20:58,611][com.java.TestType] [11956] - Looping End......
[INFO ][2016-01-25 12:20:58,612][com.java.SeleniumDriver] [  930] -  RESULT true
[INFO ][2016-01-25 12:20:58,612][com.java.SeleniumDriver] [ 1136] - ?   P A S S   ?
[INFO ][2016-01-25 12:20:58,612][com.java.SeleniumDriver] [  856] - ------------------------------------------
[INFO ][2016-01-25 12:20:58,612][com.java.SeleniumDriver] [  857] - Test case being Executed: 1
[INFO ][2016-01-25 12:20:58,612][com.java.SeleniumDriver] [  869] - Test step:3
[INFO ][2016-01-25 12:20:58,612][com.java.SeleniumDriver] [  881] - Datavalue is----------2
[INFO ][2016-01-25 12:20:58,613][com.java.SeleniumDriver] [  905] - DataField : XPH//button[contains(text(),'Add Content')]
[INFO ][2016-01-25 12:20:58,613][com.java.SeleniumDriver] [  907] - DataValue : 2
[INFO ][2016-01-25 12:20:58,613][com.java.SeleniumDriver] [  913] - <In Set values of the page>
[INFO ][2016-01-25 12:20:58,613][com.java.SeleniumDriver] [  916] - {Data Fields & Data Values Exist}
[INFO ][2016-01-25 12:20:58,613][com.java.SeleniumDriver] [  918] - --------------------------setting values-----------------------------
[INFO ][2016-01-25 12:20:58,613][com.java.SeleniumDriver] [  921] - Action Type : WAITFORELEMENT
[INFO ][2016-01-25 12:20:58,651][com.java.SeleniumDriver] [  930] -  RESULT true
[INFO ][2016-01-25 12:20:58,651][com.java.SeleniumDriver] [ 1136] - ?   P A S S   ?
[DEBUG][2016-01-25 12:20:58,651][com.java.SeleniumDriver] [ 1248] - Case found
[DEBUG][2016-01-25 12:20:58,651][com.java.SeleniumDriver] [ 1253] - Incrementing ReportCounters[0]:1
[INFO ][2016-01-25 12:20:58,651][com.java.SeleniumDriver] [ 1272] - The results are-------------------[1, 1, Valid Login, Pass, , Mon Jan 25 12:20:53 IST 2016, 1, 2, Valid Login, Pass, , Mon Jan 25 12:20:58 IST 2016, 1, 3, Valid Login, Pass, , Mon Jan 25 12:20:58 IST 2016]
[INFO ][2016-01-25 12:20:58,651][com.java.SeleniumDriver] [ 1276] - End time is-------34 sec
[INFO ][2016-01-25 12:20:58,652][com.java.SeleniumDriver] [ 1277] - The results are-------------------[1, 1, Valid Login, Pass, , Mon Jan 25 12:20:53 IST 2016, 1, 2, Valid Login, Pass, , Mon Jan 25 12:20:58 IST 2016, 1, 3, Valid Login, Pass, , Mon Jan 25 12:20:58 IST 2016]
[DEBUG][2016-01-25 12:20:58,652][com.java.ImportnExport.ExportTestResultsExcel] [  222] - testResultPath = D:\BankersDashboard/TestReports/Test Results_BankersDashBoard_012516_122026_IE10_Any Bank USA.xls
[DEBUG][2016-01-25 12:20:58,652][com.java.ImportnExport.ExportTestResultsExcel] [  223] - browser is------------IE10
[DEBUG][2016-01-25 12:20:58,700][com.java.ImportnExport.ExportTestResultsExcel] [  270] - result.size() = 18
[DEBUG][2016-01-25 12:20:58,700][com.java.ImportnExport.ExportTestResultsExcel] [  274] - No of rows in sheet=1
[DEBUG][2016-01-25 12:20:58,700][com.java.ImportnExport.ExportTestResultsExcel] [  301] - ..in export..1
[DEBUG][2016-01-25 12:20:58,700][com.java.ImportnExport.ExportTestResultsExcel] [  301] - ..in export..Valid Login
[DEBUG][2016-01-25 12:20:58,700][com.java.ImportnExport.ExportTestResultsExcel] [  301] - ..in export..Pass
[DEBUG][2016-01-25 12:20:58,701][com.java.ImportnExport.ExportTestResultsExcel] [  301] - ..in export..
[DEBUG][2016-01-25 12:20:58,701][com.java.ImportnExport.ExportTestResultsExcel] [  301] - ..in export..Mon Jan 25 12:20:53 IST 2016
[INFO ][2016-01-25 12:20:58,702][com.java.SeleniumDriver] [ 1337] - out loop:0 size:10 TestCases:[1, 2, 3, 4, 5, 6, 7, 8, 9, 10] testcases:[1, 2, 3, 4, 5, 6, 7, 8, 9, 10]
[INFO ][2016-01-25 12:20:58,702][com.java.ImportnExport.ImportTestDataDetailsExcel] [   49] - test data details path===== D:\BankersDashboard\TestInputs\TestData.xls
[INFO ][2016-01-25 12:21:14,105][com.java.SeleniumDriver] [  856] - ------------------------------------------
[INFO ][2016-01-25 12:21:14,105][com.java.SeleniumDriver] [  857] - Test case being Executed: 2
[INFO ][2016-01-25 12:21:14,105][com.java.SeleniumDriver] [  869] - Test step:1
[INFO ][2016-01-25 12:21:14,105][com.java.SeleniumDriver] [  881] - Datavalue is----------Logout
[INFO ][2016-01-25 12:21:14,105][com.java.SeleniumDriver] [  905] - DataField : BTN
[INFO ][2016-01-25 12:21:14,105][com.java.SeleniumDriver] [  907] - DataValue : Logout
[INFO ][2016-01-25 12:21:14,105][com.java.SeleniumDriver] [  913] - <In Set values of the page>
[INFO ][2016-01-25 12:21:14,105][com.java.SeleniumDriver] [  916] - {Data Fields & Data Values Exist}
[INFO ][2016-01-25 12:21:14,105][com.java.SeleniumDriver] [  918] - --------------------------setting values-----------------------------
[INFO ][2016-01-25 12:21:14,105][com.java.SeleniumDriver] [  921] - Action Type : Verify
[INFO ][2016-01-25 12:21:14,105][com.java.TestType] [ 7985] - field= BTN value= Logout
[INFO ][2016-01-25 12:21:14,105][com.java.TestType] [ 6395] - value = Logout
[INFO ][2016-01-25 12:21:14,186][com.java.SeleniumDriver] [  930] -  RESULT true
[INFO ][2016-01-25 12:21:14,186][com.java.SeleniumDriver] [ 1136] - ?   P A S S   ?
[INFO ][2016-01-25 12:21:14,186][com.java.SeleniumDriver] [ 1178] - step change to 3
[INFO ][2016-01-25 12:21:14,186][com.java.SeleniumDriver] [  856] - ------------------------------------------
[INFO ][2016-01-25 12:21:14,186][com.java.SeleniumDriver] [  857] - Test case being Executed: 2
[INFO ][2016-01-25 12:21:14,186][com.java.SeleniumDriver] [  869] - Test step:3
[INFO ][2016-01-25 12:21:14,187][com.java.SeleniumDriver] [  881] - Datavalue is----------Concept#2:1-2
[INFO ][2016-01-25 12:21:14,187][com.java.SeleniumDriver] [  905] - DataField : test
[INFO ][2016-01-25 12:21:14,187][com.java.SeleniumDriver] [  907] - DataValue : Concept#2:1-2
[INFO ][2016-01-25 12:21:14,187][com.java.SeleniumDriver] [  913] - <In Set values of the page>
[INFO ][2016-01-25 12:21:14,187][com.java.SeleniumDriver] [  916] - {Data Fields & Data Values Exist}
[INFO ][2016-01-25 12:21:14,187][com.java.SeleniumDriver] [  918] - --------------------------setting values-----------------------------
[INFO ][2016-01-25 12:21:14,187][com.java.SeleniumDriver] [  921] - Action Type : ExecuteTestCase
[INFO ][2016-01-25 12:21:14,187][com.java.TestType] [  442] - The Concept sheet name is ---------- Concept
[INFO ][2016-01-25 12:21:14,187][com.java.TestType] [  445] - The Concept ID  is ---------- 2
[DEBUG][2016-01-25 12:21:14,187][com.java.TestType] [  449] - Steps being executted in the Concept are: 1:2
[INFO ][2016-01-25 12:21:14,187][com.java.TestType] [  456] - Test data details path ---------- D:\BankersDashboard\TestInputs\TestData.xls
[INFO ][2016-01-25 12:21:14,203][com.java.TestType] [  487] -  str(1) = 2
[INFO ][2016-01-25 12:21:14,204][com.java.TestType] [  490] - Test case Id is---2
[INFO ][2016-01-25 12:21:14,204][com.java.TestType] [  492] - 2
[INFO ][2016-01-25 12:21:14,204][com.java.TestType] [  487] -  str(2) = 1
[INFO ][2016-01-25 12:21:14,205][com.java.TestType] [  487] -  str(1) = 2
[INFO ][2016-01-25 12:21:14,205][com.java.TestType] [  490] - Test case Id is---2
[INFO ][2016-01-25 12:21:14,205][com.java.TestType] [  492] - 2
[INFO ][2016-01-25 12:21:14,205][com.java.TestType] [  487] -  str(2) = 2
[INFO ][2016-01-25 12:21:14,206][com.java.TestType] [  487] -  str(1) = 2
[INFO ][2016-01-25 12:21:14,206][com.java.TestType] [  490] - Test case Id is---2
[INFO ][2016-01-25 12:21:14,206][com.java.TestType] [  492] - 2
[INFO ][2016-01-25 12:21:14,206][com.java.TestType] [  487] -  str(2) = 3
[INFO ][2016-01-25 12:21:14,207][com.java.TestType] [11650] - Looping 1TCID = 2
[DEBUG][2016-01-25 12:21:14,207][com.java.TestType] [11691] - Concept ID:2 :: Step being Executed: 2::1
[INFO ][2016-01-25 12:21:14,207][com.java.TestType] [11729] - dataFields : BNK//select[@id='bank']
[DEBUG][2016-01-25 12:21:14,207][com.java.TestType] [11735] - <In Set values of the page>
[DEBUG][2016-01-25 12:21:14,207][com.java.TestType] [11740] - {Data Fields & Data Values Exist}
[INFO ][2016-01-25 12:21:14,207][com.java.TestType] [11746] - --------------------------setting values-----------------------------
[INFO ][2016-01-25 12:21:14,207][com.java.TestType] [11749] - Action Type : Select
[INFO ][2016-01-25 12:21:14,208][com.java.TestType] [ 6395] - value = PFC
[INFO ][2016-01-25 12:21:14,415][com.java.TestType] [11768] -  RESULT true
[INFO ][2016-01-25 12:21:14,415][com.java.TestType] [11885] - ?   P A S S   ?
[DEBUG][2016-01-25 12:21:14,416][com.java.TestType] [11691] - Concept ID:2 :: Step being Executed: 2::2
[INFO ][2016-01-25 12:21:14,416][com.java.TestType] [11729] - dataFields : LNKLogout
[DEBUG][2016-01-25 12:21:14,416][com.java.TestType] [11735] - <In Set values of the page>
[DEBUG][2016-01-25 12:21:14,416][com.java.TestType] [11740] - {Data Fields & Data Values Exist}
[INFO ][2016-01-25 12:21:14,416][com.java.TestType] [11746] - --------------------------setting values-----------------------------
[INFO ][2016-01-25 12:21:14,416][com.java.TestType] [11749] - Action Type : WaitTime
[DEBUG][2016-01-25 12:21:14,416][com.java.TestType] [ 6209] - sleepTime: 5000
[INFO ][2016-01-25 12:21:19,416][com.java.TestType] [11768] -  RESULT true
[INFO ][2016-01-25 12:21:19,416][com.java.TestType] [11885] - ?   P A S S   ?
[INFO ][2016-01-25 12:21:19,416][com.java.TestType] [11956] - Looping End......
[INFO ][2016-01-25 12:21:19,417][com.java.SeleniumDriver] [  930] -  RESULT true
[INFO ][2016-01-25 12:21:19,417][com.java.SeleniumDriver] [ 1136] - ?   P A S S   ?
[INFO ][2016-01-25 12:21:19,417][com.java.SeleniumDriver] [  856] - ------------------------------------------
[INFO ][2016-01-25 12:21:19,417][com.java.SeleniumDriver] [  857] - Test case being Executed: 2
[INFO ][2016-01-25 12:21:19,417][com.java.SeleniumDriver] [  869] - Test step:4
[INFO ][2016-01-25 12:21:19,419][com.java.SeleniumDriver] [  881] - Datavalue is----------2
[INFO ][2016-01-25 12:21:19,419][com.java.SeleniumDriver] [  905] - DataField : XPH//span[@class='icon-compass']
[INFO ][2016-01-25 12:21:19,419][com.java.SeleniumDriver] [  907] - DataValue : 2
[INFO ][2016-01-25 12:21:19,420][com.java.SeleniumDriver] [  913] - <In Set values of the page>
[INFO ][2016-01-25 12:21:19,420][com.java.SeleniumDriver] [  916] - {Data Fields & Data Values Exist}
[INFO ][2016-01-25 12:21:19,420][com.java.SeleniumDriver] [  918] - --------------------------setting values-----------------------------
[INFO ][2016-01-25 12:21:19,420][com.java.SeleniumDriver] [  921] - Action Type : WaitForElement
[INFO ][2016-01-25 12:21:19,456][com.java.SeleniumDriver] [  930] -  RESULT true
[INFO ][2016-01-25 12:21:19,456][com.java.SeleniumDriver] [ 1136] - ?   P A S S   ?
[INFO ][2016-01-25 12:21:19,456][com.java.SeleniumDriver] [  856] - ------------------------------------------
[INFO ][2016-01-25 12:21:19,456][com.java.SeleniumDriver] [  857] - Test case being Executed: 2
[INFO ][2016-01-25 12:21:19,457][com.java.SeleniumDriver] [  869] - Test step:5
[INFO ][2016-01-25 12:21:19,457][com.java.SeleniumDriver] [  881] - Datavalue is----------null
[DEBUG][2016-01-25 12:21:19,458][com.java.SeleniumDriver] [  899] - Exception: null
[INFO ][2016-01-25 12:21:19,458][com.java.SeleniumDriver] [  905] - DataField : //span[@class='icon-question']&&//a[text()='Open New Case']
[INFO ][2016-01-25 12:21:19,459][com.java.SeleniumDriver] [  907] - DataValue : 
[INFO ][2016-01-25 12:21:19,459][com.java.SeleniumDriver] [  913] - <In Set values of the page>
[INFO ][2016-01-25 12:21:19,459][com.java.SeleniumDriver] [  916] - {Data Fields & Data Values Exist}
[INFO ][2016-01-25 12:21:19,459][com.java.SeleniumDriver] [  918] - --------------------------setting values-----------------------------
[INFO ][2016-01-25 12:21:19,459][com.java.SeleniumDriver] [  921] - Action Type : MOUSEOVER
[INFO ][2016-01-25 12:21:42,779][com.java.SeleniumDriver] [  930] -  RESULT true
[INFO ][2016-01-25 12:21:42,779][com.java.SeleniumDriver] [ 1136] - ?   P A S S   ?
[INFO ][2016-01-25 12:21:42,779][com.java.SeleniumDriver] [  856] - ------------------------------------------
[INFO ][2016-01-25 12:21:42,779][com.java.SeleniumDriver] [  857] - Test case being Executed: 2
[WARN ][2016-01-25 12:21:42,779][com.java.SeleniumDriver] [  861] - -----------------------Step Skipped:: 	TestCaseNo:  2	 StepNo: 6  	::	Action Type:  WaitForElement 	::		ClientName In TestData:  "SKIP" 	::	ClientName in config:  "Any Bank USA"-----------------------------
[INFO ][2016-01-25 12:21:42,779][com.java.SeleniumDriver] [  856] - ------------------------------------------
[INFO ][2016-01-25 12:21:42,779][com.java.SeleniumDriver] [  857] - Test case being Executed: 2
[INFO ][2016-01-25 12:21:42,779][com.java.SeleniumDriver] [  869] - Test step:7
[INFO ][2016-01-25 12:21:42,779][com.java.SeleniumDriver] [  881] - Datavalue is----------Support Request
[INFO ][2016-01-25 12:21:42,779][com.java.SeleniumDriver] [  905] - DataField : XPH//div[contains(@class,'modal-header')]//h4[contains(text(),'Support Request')]
[INFO ][2016-01-25 12:21:42,779][com.java.SeleniumDriver] [  907] - DataValue : Support Request
[INFO ][2016-01-25 12:21:42,779][com.java.SeleniumDriver] [  913] - <In Set values of the page>
[INFO ][2016-01-25 12:21:42,780][com.java.SeleniumDriver] [  916] - {Data Fields & Data Values Exist}
[INFO ][2016-01-25 12:21:42,780][com.java.SeleniumDriver] [  918] - --------------------------setting values-----------------------------
[INFO ][2016-01-25 12:21:42,780][com.java.SeleniumDriver] [  921] - Action Type : Verify
[INFO ][2016-01-25 12:21:42,780][com.java.TestType] [ 7985] - field= XPH//div[contains(@class,'modal-header')]//h4[contains(text(),'Support Request')] value= Support Request
[INFO ][2016-01-25 12:21:42,780][com.java.TestType] [ 6395] - value = Support Request
[ERROR][2016-01-25 12:22:03,576][com.java.TestType] [ 8491] - Element  not found ://div[contains(@class,'modal-header')]//h4[contains(text(),'Support Request')]
[INFO ][2016-01-25 12:22:03,577][com.java.SeleniumDriver] [  930] -  RESULT false
[INFO ][2016-01-25 12:22:03,577][com.java.SeleniumDriver] [  977] - ?   F A I L   ?
[INFO ][2016-01-25 12:22:03,577][com.java.SeleniumDriver] [  985] - Browser Type : IE10
[INFO ][2016-01-25 12:22:03,577][com.java.SeleniumDriver] [  986] - Adding Failed case2
[INFO ][2016-01-25 12:22:04,290][com.java.SeleniumDriver] [ 1100] - failedCases = 2
[ERROR][2016-01-25 12:22:04,291][com.java.SeleniumDriver] [ 1599] - Platform Errors : Our apologies...::We have encountered an issue with your request.::Our apologies?:We encountered an issue with your request.
[INFO ][2016-01-25 12:22:04,291][com.java.SeleniumDriver] [ 1603] - Length =3
[ERROR][2016-01-25 12:22:04,291][com.java.SeleniumDriver] [ 1606] - Error 0 = Our apologies...
[ERROR][2016-01-25 12:22:04,404][com.java.SeleniumDriver] [ 1606] - Error 1 = We have encountered an issue with your request.
[ERROR][2016-01-25 12:22:04,456][com.java.SeleniumDriver] [ 1606] - Error 2 = Our apologies?:We encountered an issue with your request.
[INFO ][2016-01-25 12:22:04,508][com.java.SeleniumDriver] [ 1617] - strError:
[DEBUG][2016-01-25 12:22:04,522][com.java.SeleniumDriver] [ 1248] - Case found
[DEBUG][2016-01-25 12:22:04,522][com.java.SeleniumDriver] [ 1253] - Incrementing ReportCounters[0]:2
[INFO ][2016-01-25 12:22:04,522][com.java.SeleniumDriver] [ 1272] - The results are-------------------[2, 7, Support : Open New Case :Cancel, Fail, 
Test case failed at Step No. :: 7   Error Message ::  Element not found://div[contains(@class,'modal-header')]//h4[contains(text(),'Support Request')]. Screen Shot : D:\BankersDashboard\TestReports\012516\2_012516_122203_IE10.png, Mon Jan 25 12:22:04 IST 2016]
[INFO ][2016-01-25 12:22:04,522][com.java.SeleniumDriver] [ 1276] - End time is-------1 min 40 sec
[INFO ][2016-01-25 12:22:04,522][com.java.SeleniumDriver] [ 1277] - The results are-------------------[2, 7, Support : Open New Case :Cancel, Fail, 
Test case failed at Step No. :: 7   Error Message ::  Element not found://div[contains(@class,'modal-header')]//h4[contains(text(),'Support Request')]. Screen Shot : D:\BankersDashboard\TestReports\012516\2_012516_122203_IE10.png, Mon Jan 25 12:22:04 IST 2016]
[DEBUG][2016-01-25 12:22:04,522][com.java.ImportnExport.ExportTestResultsExcel] [  222] - testResultPath = D:\BankersDashboard/TestReports/Test Results_BankersDashBoard_012516_122026_IE10_Any Bank USA.xls
[DEBUG][2016-01-25 12:22:04,522][com.java.ImportnExport.ExportTestResultsExcel] [  223] - browser is------------IE10
[DEBUG][2016-01-25 12:22:04,524][com.java.ImportnExport.ExportTestResultsExcel] [  270] - result.size() = 6
[DEBUG][2016-01-25 12:22:04,524][com.java.ImportnExport.ExportTestResultsExcel] [  274] - No of rows in sheet=2
[DEBUG][2016-01-25 12:22:04,524][com.java.ImportnExport.ExportTestResultsExcel] [  301] - ..in export..2
[DEBUG][2016-01-25 12:22:04,525][com.java.ImportnExport.ExportTestResultsExcel] [  301] - ..in export..Support : Open New Case :Cancel
[DEBUG][2016-01-25 12:22:04,525][com.java.ImportnExport.ExportTestResultsExcel] [  301] - ..in export..Fail
[DEBUG][2016-01-25 12:22:04,525][com.java.ImportnExport.ExportTestResultsExcel] [  301] - ..in export..
Test case failed at Step No. :: 7   Error Message ::  Element not found://div[contains(@class,'modal-header')]//h4[contains(text(),'Support Request')]. Screen Shot : D:\BankersDashboard\TestReports\012516\2_012516_122203_IE10.png
[DEBUG][2016-01-25 12:22:04,525][com.java.ImportnExport.ExportTestResultsExcel] [  301] - ..in export..Mon Jan 25 12:22:04 IST 2016
[INFO ][2016-01-25 12:22:04,526][com.java.SeleniumDriver] [ 1337] - out loop:1 size:10 TestCases:[1, 2, 3, 4, 5, 6, 7, 8, 9, 10] testcases:[1, 2, 3, 4, 5, 6, 7, 8, 9, 10]
[INFO ][2016-01-25 12:22:04,526][com.java.ImportnExport.ImportTestDataDetailsExcel] [   49] - test data details path===== D:\BankersDashboard\TestInputs\TestData.xls
[INFO ][2016-01-25 12:22:19,946][com.java.SeleniumDriver] [  856] - ------------------------------------------
[INFO ][2016-01-25 12:22:19,946][com.java.SeleniumDriver] [  857] - Test case being Executed: 3
[INFO ][2016-01-25 12:22:19,946][com.java.SeleniumDriver] [  869] - Test step:1
[INFO ][2016-01-25 12:22:19,946][com.java.SeleniumDriver] [  881] - Datavalue is----------Logout
[INFO ][2016-01-25 12:22:19,946][com.java.SeleniumDriver] [  905] - DataField : BTN
[INFO ][2016-01-25 12:22:19,946][com.java.SeleniumDriver] [  907] - DataValue : Logout
[INFO ][2016-01-25 12:22:19,946][com.java.SeleniumDriver] [  913] - <In Set values of the page>
[INFO ][2016-01-25 12:22:19,946][com.java.SeleniumDriver] [  916] - {Data Fields & Data Values Exist}
[INFO ][2016-01-25 12:22:19,948][com.java.SeleniumDriver] [  918] - --------------------------setting values-----------------------------
[INFO ][2016-01-25 12:22:19,948][com.java.SeleniumDriver] [  921] - Action Type : Verify
[INFO ][2016-01-25 12:22:19,948][com.java.TestType] [ 7985] - field= BTN value= Logout
[INFO ][2016-01-25 12:22:19,948][com.java.TestType] [ 6395] - value = Logout
[INFO ][2016-01-25 12:22:20,100][com.java.SeleniumDriver] [  930] -  RESULT true
[INFO ][2016-01-25 12:22:20,100][com.java.SeleniumDriver] [ 1136] - ?   P A S S   ?
[INFO ][2016-01-25 12:22:20,102][com.java.SeleniumDriver] [ 1178] - step change to 3
[INFO ][2016-01-25 12:22:20,102][com.java.SeleniumDriver] [  856] - ------------------------------------------
[INFO ][2016-01-25 12:22:20,102][com.java.SeleniumDriver] [  857] - Test case being Executed: 3
[INFO ][2016-01-25 12:22:20,102][com.java.SeleniumDriver] [  869] - Test step:3
[INFO ][2016-01-25 12:22:20,102][com.java.SeleniumDriver] [  881] - Datavalue is----------Concept#2:1-2
[INFO ][2016-01-25 12:22:20,103][com.java.SeleniumDriver] [  905] - DataField : test
[INFO ][2016-01-25 12:22:20,103][com.java.SeleniumDriver] [  907] - DataValue : Concept#2:1-2
[INFO ][2016-01-25 12:22:20,103][com.java.SeleniumDriver] [  913] - <In Set values of the page>
[INFO ][2016-01-25 12:22:20,103][com.java.SeleniumDriver] [  916] - {Data Fields & Data Values Exist}
[INFO ][2016-01-25 12:22:20,103][com.java.SeleniumDriver] [  918] - --------------------------setting values-----------------------------
[INFO ][2016-01-25 12:22:20,103][com.java.SeleniumDriver] [  921] - Action Type : ExecuteTestCase
[INFO ][2016-01-25 12:22:20,103][com.java.TestType] [  442] - The Concept sheet name is ---------- Concept
[INFO ][2016-01-25 12:22:20,103][com.java.TestType] [  445] - The Concept ID  is ---------- 2
[DEBUG][2016-01-25 12:22:20,103][com.java.TestType] [  449] - Steps being executted in the Concept are: 1:2
[INFO ][2016-01-25 12:22:20,103][com.java.TestType] [  456] - Test data details path ---------- D:\BankersDashboard\TestInputs\TestData.xls
[INFO ][2016-01-25 12:22:20,119][com.java.TestType] [  487] -  str(1) = 2
[INFO ][2016-01-25 12:22:20,119][com.java.TestType] [  490] - Test case Id is---2
[INFO ][2016-01-25 12:22:20,119][com.java.TestType] [  492] - 2
[INFO ][2016-01-25 12:22:20,119][com.java.TestType] [  487] -  str(2) = 1
[INFO ][2016-01-25 12:22:20,121][com.java.TestType] [  487] -  str(1) = 2
[INFO ][2016-01-25 12:22:20,121][com.java.TestType] [  490] - Test case Id is---2
[INFO ][2016-01-25 12:22:20,121][com.java.TestType] [  492] - 2
[INFO ][2016-01-25 12:22:20,121][com.java.TestType] [  487] -  str(2) = 2
[INFO ][2016-01-25 12:22:20,122][com.java.TestType] [  487] -  str(1) = 2
[INFO ][2016-01-25 12:22:20,122][com.java.TestType] [  490] - Test case Id is---2
[INFO ][2016-01-25 12:22:20,122][com.java.TestType] [  492] - 2
[INFO ][2016-01-25 12:22:20,122][com.java.TestType] [  487] -  str(2) = 3
[INFO ][2016-01-25 12:22:20,122][com.java.TestType] [11650] - Looping 1TCID = 2
[DEBUG][2016-01-25 12:22:20,122][com.java.TestType] [11691] - Concept ID:2 :: Step being Executed: 2::1
[INFO ][2016-01-25 12:22:20,123][com.java.TestType] [11729] - dataFields : BNK//select[@id='bank']
[DEBUG][2016-01-25 12:22:20,123][com.java.TestType] [11735] - <In Set values of the page>
[DEBUG][2016-01-25 12:22:20,123][com.java.TestType] [11740] - {Data Fields & Data Values Exist}
[INFO ][2016-01-25 12:22:20,123][com.java.TestType] [11746] - --------------------------setting values-----------------------------
[INFO ][2016-01-25 12:22:20,123][com.java.TestType] [11749] - Action Type : Select
[INFO ][2016-01-25 12:22:20,123][com.java.TestType] [ 6395] - value = PFC
[INFO ][2016-01-25 12:22:20,564][com.java.TestType] [11768] -  RESULT true
[INFO ][2016-01-25 12:22:20,564][com.java.TestType] [11885] - ?   P A S S   ?
[DEBUG][2016-01-25 12:22:20,564][com.java.TestType] [11691] - Concept ID:2 :: Step being Executed: 2::2
[INFO ][2016-01-25 12:22:20,564][com.java.TestType] [11729] - dataFields : LNKLogout
[DEBUG][2016-01-25 12:22:20,564][com.java.TestType] [11735] - <In Set values of the page>
[DEBUG][2016-01-25 12:22:20,564][com.java.TestType] [11740] - {Data Fields & Data Values Exist}
[INFO ][2016-01-25 12:22:20,564][com.java.TestType] [11746] - --------------------------setting values-----------------------------
[INFO ][2016-01-25 12:22:20,564][com.java.TestType] [11749] - Action Type : WaitTime
[DEBUG][2016-01-25 12:22:20,565][com.java.TestType] [ 6209] - sleepTime: 5000
[INFO ][2016-01-25 12:22:25,566][com.java.TestType] [11768] -  RESULT true
[INFO ][2016-01-25 12:22:25,566][com.java.TestType] [11885] - ?   P A S S   ?
[INFO ][2016-01-25 12:22:25,566][com.java.TestType] [11956] - Looping End......
[INFO ][2016-01-25 12:22:25,567][com.java.SeleniumDriver] [  930] -  RESULT true
[INFO ][2016-01-25 12:22:25,567][com.java.SeleniumDriver] [ 1136] - ?   P A S S   ?
[INFO ][2016-01-25 12:22:25,567][com.java.SeleniumDriver] [  856] - ------------------------------------------
[INFO ][2016-01-25 12:22:25,567][com.java.SeleniumDriver] [  857] - Test case being Executed: 3
[INFO ][2016-01-25 12:22:25,567][com.java.SeleniumDriver] [  869] - Test step:4
[INFO ][2016-01-25 12:22:25,567][com.java.SeleniumDriver] [  881] - Datavalue is----------2
[INFO ][2016-01-25 12:22:25,567][com.java.SeleniumDriver] [  905] - DataField : XPH//span[@class='icon-compass']
[INFO ][2016-01-25 12:22:25,568][com.java.SeleniumDriver] [  907] - DataValue : 2
[INFO ][2016-01-25 12:22:25,568][com.java.SeleniumDriver] [  913] - <In Set values of the page>
[INFO ][2016-01-25 12:22:25,568][com.java.SeleniumDriver] [  916] - {Data Fields & Data Values Exist}
[INFO ][2016-01-25 12:22:25,568][com.java.SeleniumDriver] [  918] - --------------------------setting values-----------------------------
[INFO ][2016-01-25 12:22:25,568][com.java.SeleniumDriver] [  921] - Action Type : WaitForElement
[INFO ][2016-01-25 12:22:25,644][com.java.SeleniumDriver] [  930] -  RESULT true
[INFO ][2016-01-25 12:22:25,644][com.java.SeleniumDriver] [ 1136] - ?   P A S S   ?
[INFO ][2016-01-25 12:22:25,644][com.java.SeleniumDriver] [  856] - ------------------------------------------
[INFO ][2016-01-25 12:22:25,644][com.java.SeleniumDriver] [  857] - Test case being Executed: 3
[INFO ][2016-01-25 12:22:25,644][com.java.SeleniumDriver] [  869] - Test step:5
[INFO ][2016-01-25 12:22:25,644][com.java.SeleniumDriver] [  881] - Datavalue is----------null
[DEBUG][2016-01-25 12:22:25,644][com.java.SeleniumDriver] [  899] - Exception: null
[INFO ][2016-01-25 12:22:25,646][com.java.SeleniumDriver] [  905] - DataField : //span[@class='icon-question']&&//a[text()='Open New Case']
[INFO ][2016-01-25 12:22:25,646][com.java.SeleniumDriver] [  907] - DataValue : 
[INFO ][2016-01-25 12:22:25,646][com.java.SeleniumDriver] [  913] - <In Set values of the page>
[INFO ][2016-01-25 12:22:25,646][com.java.SeleniumDriver] [  916] - {Data Fields & Data Values Exist}
[INFO ][2016-01-25 12:22:25,646][com.java.SeleniumDriver] [  918] - --------------------------setting values-----------------------------
[INFO ][2016-01-25 12:22:25,646][com.java.SeleniumDriver] [  921] - Action Type : MOUSEOVER
[INFO ][2016-01-25 12:22:49,226][com.java.SeleniumDriver] [  930] -  RESULT true
[INFO ][2016-01-25 12:22:49,226][com.java.SeleniumDriver] [ 1136] - ?   P A S S   ?
[INFO ][2016-01-25 12:22:49,226][com.java.SeleniumDriver] [  856] - ------------------------------------------
[INFO ][2016-01-25 12:22:49,226][com.java.SeleniumDriver] [  857] - Test case being Executed: 3
[WARN ][2016-01-25 12:22:49,226][com.java.SeleniumDriver] [  861] - -----------------------Step Skipped:: 	TestCaseNo:  3	 StepNo: 6  	::	Action Type:  WaitForElement 	::		ClientName In TestData:  "SKIP" 	::	ClientName in config:  "Any Bank USA"-----------------------------
[INFO ][2016-01-25 12:22:49,226][com.java.SeleniumDriver] [  856] - ------------------------------------------
[INFO ][2016-01-25 12:22:49,226][com.java.SeleniumDriver] [  857] - Test case being Executed: 3
[INFO ][2016-01-25 12:22:49,226][com.java.SeleniumDriver] [  869] - Test step:7
[INFO ][2016-01-25 12:22:49,226][com.java.SeleniumDriver] [  881] - Datavalue is----------Support Request
[INFO ][2016-01-25 12:22:49,226][com.java.SeleniumDriver] [  905] - DataField : XPH//div[contains(@class,'modal-header')]//h4[contains(text(),'Support Request')]
[INFO ][2016-01-25 12:22:49,226][com.java.SeleniumDriver] [  907] - DataValue : Support Request
[INFO ][2016-01-25 12:22:49,227][com.java.SeleniumDriver] [  913] - <In Set values of the page>
[INFO ][2016-01-25 12:22:49,227][com.java.SeleniumDriver] [  916] - {Data Fields & Data Values Exist}
[INFO ][2016-01-25 12:22:49,227][com.java.SeleniumDriver] [  918] - --------------------------setting values-----------------------------
[INFO ][2016-01-25 12:22:49,227][com.java.SeleniumDriver] [  921] - Action Type : Verify
[INFO ][2016-01-25 12:22:49,227][com.java.TestType] [ 7985] - field= XPH//div[contains(@class,'modal-header')]//h4[contains(text(),'Support Request')] value= Support Request
[INFO ][2016-01-25 12:22:49,227][com.java.TestType] [ 6395] - value = Support Request
[ERROR][2016-01-25 12:23:10,021][com.java.TestType] [ 8491] - Element  not found ://div[contains(@class,'modal-header')]//h4[contains(text(),'Support Request')]
[INFO ][2016-01-25 12:23:10,022][com.java.SeleniumDriver] [  930] -  RESULT false
[INFO ][2016-01-25 12:23:10,022][com.java.SeleniumDriver] [  977] - ?   F A I L   ?
[INFO ][2016-01-25 12:23:10,022][com.java.SeleniumDriver] [  985] - Browser Type : IE10
[INFO ][2016-01-25 12:23:10,022][com.java.SeleniumDriver] [  986] - Adding Failed case3
[INFO ][2016-01-25 12:23:10,712][com.java.SeleniumDriver] [ 1100] - failedCases = 2-3
[ERROR][2016-01-25 12:23:10,713][com.java.SeleniumDriver] [ 1599] - Platform Errors : Our apologies...::We have encountered an issue with your request.::Our apologies?:We encountered an issue with your request.
[INFO ][2016-01-25 12:23:10,713][com.java.SeleniumDriver] [ 1603] - Length =3
[ERROR][2016-01-25 12:23:10,713][com.java.SeleniumDriver] [ 1606] - Error 0 = Our apologies...
[ERROR][2016-01-25 12:23:10,834][com.java.SeleniumDriver] [ 1606] - Error 1 = We have encountered an issue with your request.
[ERROR][2016-01-25 12:23:10,885][com.java.SeleniumDriver] [ 1606] - Error 2 = Our apologies?:We encountered an issue with your request.
[INFO ][2016-01-25 12:23:10,938][com.java.SeleniumDriver] [ 1617] - strError:
[DEBUG][2016-01-25 12:23:10,954][com.java.SeleniumDriver] [ 1248] - Case found
[DEBUG][2016-01-25 12:23:10,954][com.java.SeleniumDriver] [ 1253] - Incrementing ReportCounters[0]:3
[INFO ][2016-01-25 12:23:10,954][com.java.SeleniumDriver] [ 1272] - The results are-------------------[3, 7, Support : Open New Case : Open Case, Fail, 
Test case failed at Step No. :: 7   Error Message ::  Element not found://div[contains(@class,'modal-header')]//h4[contains(text(),'Support Request')]. Screen Shot : D:\BankersDashboard\TestReports\012516\3_012516_122310_IE10.png, Mon Jan 25 12:23:10 IST 2016]
[INFO ][2016-01-25 12:23:10,954][com.java.SeleniumDriver] [ 1276] - End time is-------2 min 46 sec
[INFO ][2016-01-25 12:23:10,954][com.java.SeleniumDriver] [ 1277] - The results are-------------------[3, 7, Support : Open New Case : Open Case, Fail, 
Test case failed at Step No. :: 7   Error Message ::  Element not found://div[contains(@class,'modal-header')]//h4[contains(text(),'Support Request')]. Screen Shot : D:\BankersDashboard\TestReports\012516\3_012516_122310_IE10.png, Mon Jan 25 12:23:10 IST 2016]
[DEBUG][2016-01-25 12:23:10,954][com.java.ImportnExport.ExportTestResultsExcel] [  222] - testResultPath = D:\BankersDashboard/TestReports/Test Results_BankersDashBoard_012516_122026_IE10_Any Bank USA.xls
[DEBUG][2016-01-25 12:23:10,954][com.java.ImportnExport.ExportTestResultsExcel] [  223] - browser is------------IE10
[DEBUG][2016-01-25 12:23:10,957][com.java.ImportnExport.ExportTestResultsExcel] [  270] - result.size() = 6
[DEBUG][2016-01-25 12:23:10,957][com.java.ImportnExport.ExportTestResultsExcel] [  274] - No of rows in sheet=3
[DEBUG][2016-01-25 12:23:10,957][com.java.ImportnExport.ExportTestResultsExcel] [  301] - ..in export..3
[DEBUG][2016-01-25 12:23:10,957][com.java.ImportnExport.ExportTestResultsExcel] [  301] - ..in export..Support : Open New Case : Open Case
[DEBUG][2016-01-25 12:23:10,957][com.java.ImportnExport.ExportTestResultsExcel] [  301] - ..in export..Fail
[DEBUG][2016-01-25 12:23:10,957][com.java.ImportnExport.ExportTestResultsExcel] [  301] - ..in export..
Test case failed at Step No. :: 7   Error Message ::  Element not found://div[contains(@class,'modal-header')]//h4[contains(text(),'Support Request')]. Screen Shot : D:\BankersDashboard\TestReports\012516\3_012516_122310_IE10.png
[DEBUG][2016-01-25 12:23:10,957][com.java.ImportnExport.ExportTestResultsExcel] [  301] - ..in export..Mon Jan 25 12:23:10 IST 2016
[INFO ][2016-01-25 12:23:10,958][com.java.SeleniumDriver] [ 1337] - out loop:2 size:10 TestCases:[1, 2, 3, 4, 5, 6, 7, 8, 9, 10] testcases:[1, 2, 3, 4, 5, 6, 7, 8, 9, 10]
[INFO ][2016-01-25 12:23:10,959][com.java.ImportnExport.ImportTestDataDetailsExcel] [   49] - test data details path===== D:\BankersDashboard\TestInputs\TestData.xls
[INFO ][2016-01-25 12:23:28,655][com.java.SeleniumDriver] [  856] - ------------------------------------------
[INFO ][2016-01-25 12:23:28,655][com.java.SeleniumDriver] [  857] - Test case being Executed: 4
[INFO ][2016-01-25 12:23:28,655][com.java.SeleniumDriver] [  869] - Test step:1
[INFO ][2016-01-25 12:23:28,655][com.java.SeleniumDriver] [  881] - Datavalue is----------Logout
[INFO ][2016-01-25 12:23:28,655][com.java.SeleniumDriver] [  905] - DataField : BTN
[INFO ][2016-01-25 12:23:28,655][com.java.SeleniumDriver] [  907] - DataValue : Logout
[INFO ][2016-01-25 12:23:28,655][com.java.SeleniumDriver] [  913] - <In Set values of the page>
[INFO ][2016-01-25 12:23:28,655][com.java.SeleniumDriver] [  916] - {Data Fields & Data Values Exist}
[INFO ][2016-01-25 12:23:28,655][com.java.SeleniumDriver] [  918] - --------------------------setting values-----------------------------
[INFO ][2016-01-25 12:23:28,655][com.java.SeleniumDriver] [  921] - Action Type : Verify
[INFO ][2016-01-25 12:23:28,655][com.java.TestType] [ 7985] - field= BTN value= Logout
[INFO ][2016-01-25 12:23:28,656][com.java.TestType] [ 6395] - value = Logout
[INFO ][2016-01-25 12:23:28,796][com.java.SeleniumDriver] [  930] -  RESULT true
[INFO ][2016-01-25 12:23:28,796][com.java.SeleniumDriver] [ 1136] - ?   P A S S   ?
[INFO ][2016-01-25 12:23:28,796][com.java.SeleniumDriver] [ 1178] - step change to 3
[INFO ][2016-01-25 12:23:28,796][com.java.SeleniumDriver] [  856] - ------------------------------------------
[INFO ][2016-01-25 12:23:28,797][com.java.SeleniumDriver] [  857] - Test case being Executed: 4
[INFO ][2016-01-25 12:23:28,797][com.java.SeleniumDriver] [  869] - Test step:3
[INFO ][2016-01-25 12:23:28,797][com.java.SeleniumDriver] [  881] - Datavalue is----------Concept#2:1-2
[INFO ][2016-01-25 12:23:28,797][com.java.SeleniumDriver] [  905] - DataField : test
[INFO ][2016-01-25 12:23:28,797][com.java.SeleniumDriver] [  907] - DataValue : Concept#2:1-2
[INFO ][2016-01-25 12:23:28,797][com.java.SeleniumDriver] [  913] - <In Set values of the page>
[INFO ][2016-01-25 12:23:28,797][com.java.SeleniumDriver] [  916] - {Data Fields & Data Values Exist}
[INFO ][2016-01-25 12:23:28,797][com.java.SeleniumDriver] [  918] - --------------------------setting values-----------------------------
[INFO ][2016-01-25 12:23:28,797][com.java.SeleniumDriver] [  921] - Action Type : ExecuteTestCase
[INFO ][2016-01-25 12:23:28,797][com.java.TestType] [  442] - The Concept sheet name is ---------- Concept
[INFO ][2016-01-25 12:23:28,797][com.java.TestType] [  445] - The Concept ID  is ---------- 2
[DEBUG][2016-01-25 12:23:28,797][com.java.TestType] [  449] - Steps being executted in the Concept are: 1:2
[INFO ][2016-01-25 12:23:28,797][com.java.TestType] [  456] - Test data details path ---------- D:\BankersDashboard\TestInputs\TestData.xls
[INFO ][2016-01-25 12:23:28,813][com.java.TestType] [  487] -  str(1) = 2
[INFO ][2016-01-25 12:23:28,813][com.java.TestType] [  490] - Test case Id is---2
[INFO ][2016-01-25 12:23:28,813][com.java.TestType] [  492] - 2
[INFO ][2016-01-25 12:23:28,813][com.java.TestType] [  487] -  str(2) = 1
[INFO ][2016-01-25 12:23:28,815][com.java.TestType] [  487] -  str(1) = 2
[INFO ][2016-01-25 12:23:28,815][com.java.TestType] [  490] - Test case Id is---2
[INFO ][2016-01-25 12:23:28,815][com.java.TestType] [  492] - 2
[INFO ][2016-01-25 12:23:28,815][com.java.TestType] [  487] -  str(2) = 2
[INFO ][2016-01-25 12:23:28,816][com.java.TestType] [  487] -  str(1) = 2
[INFO ][2016-01-25 12:23:28,816][com.java.TestType] [  490] - Test case Id is---2
[INFO ][2016-01-25 12:23:28,816][com.java.TestType] [  492] - 2
[INFO ][2016-01-25 12:23:28,816][com.java.TestType] [  487] -  str(2) = 3
[INFO ][2016-01-25 12:23:28,817][com.java.TestType] [11650] - Looping 1TCID = 2
[DEBUG][2016-01-25 12:23:28,817][com.java.TestType] [11691] - Concept ID:2 :: Step being Executed: 2::1
[INFO ][2016-01-25 12:23:28,817][com.java.TestType] [11729] - dataFields : BNK//select[@id='bank']
[DEBUG][2016-01-25 12:23:28,817][com.java.TestType] [11735] - <In Set values of the page>
[DEBUG][2016-01-25 12:23:28,817][com.java.TestType] [11740] - {Data Fields & Data Values Exist}
[INFO ][2016-01-25 12:23:28,817][com.java.TestType] [11746] - --------------------------setting values-----------------------------
[INFO ][2016-01-25 12:23:28,818][com.java.TestType] [11749] - Action Type : Select
[INFO ][2016-01-25 12:23:28,818][com.java.TestType] [ 6395] - value = PFC
[INFO ][2016-01-25 12:23:29,272][com.java.TestType] [11768] -  RESULT true
[INFO ][2016-01-25 12:23:29,272][com.java.TestType] [11885] - ?   P A S S   ?
[DEBUG][2016-01-25 12:23:29,272][com.java.TestType] [11691] - Concept ID:2 :: Step being Executed: 2::2
[INFO ][2016-01-25 12:23:29,273][com.java.TestType] [11729] - dataFields : LNKLogout
[DEBUG][2016-01-25 12:23:29,273][com.java.TestType] [11735] - <In Set values of the page>
[DEBUG][2016-01-25 12:23:29,273][com.java.TestType] [11740] - {Data Fields & Data Values Exist}
[INFO ][2016-01-25 12:23:29,273][com.java.TestType] [11746] - --------------------------setting values-----------------------------
[INFO ][2016-01-25 12:23:29,273][com.java.TestType] [11749] - Action Type : WaitTime
[DEBUG][2016-01-25 12:23:29,273][com.java.TestType] [ 6209] - sleepTime: 5000
[INFO ][2016-01-25 12:23:34,275][com.java.TestType] [11768] -  RESULT true
[INFO ][2016-01-25 12:23:34,275][com.java.TestType] [11885] - ?   P A S S   ?
[INFO ][2016-01-25 12:23:34,276][com.java.TestType] [11956] - Looping End......
[INFO ][2016-01-25 12:23:34,277][com.java.SeleniumDriver] [  930] -  RESULT true
[INFO ][2016-01-25 12:23:34,277][com.java.SeleniumDriver] [ 1136] - ?   P A S S   ?
[INFO ][2016-01-25 12:23:34,277][com.java.SeleniumDriver] [  856] - ------------------------------------------
[INFO ][2016-01-25 12:23:34,277][com.java.SeleniumDriver] [  857] - Test case being Executed: 4
[INFO ][2016-01-25 12:23:34,277][com.java.SeleniumDriver] [  869] - Test step:4
[INFO ][2016-01-25 12:23:34,277][com.java.SeleniumDriver] [  881] - Datavalue is----------null
[DEBUG][2016-01-25 12:23:34,277][com.java.SeleniumDriver] [  899] - Exception: null
[INFO ][2016-01-25 12:23:34,277][com.java.SeleniumDriver] [  905] - DataField : BNK//select[@id='bank']
[INFO ][2016-01-25 12:23:34,277][com.java.SeleniumDriver] [  907] - DataValue : 
[INFO ][2016-01-25 12:23:34,278][com.java.SeleniumDriver] [  913] - <In Set values of the page>
[INFO ][2016-01-25 12:23:34,278][com.java.SeleniumDriver] [  916] - {Data Fields & Data Values Exist}
[INFO ][2016-01-25 12:23:34,278][com.java.SeleniumDriver] [  918] - --------------------------setting values-----------------------------
[INFO ][2016-01-25 12:23:34,278][com.java.SeleniumDriver] [  921] - Action Type : Select
[INFO ][2016-01-25 12:23:34,278][com.java.TestType] [ 6395] - value = 
[INFO ][2016-01-25 12:23:35,001][com.java.SeleniumDriver] [  930] -  RESULT true
[INFO ][2016-01-25 12:23:35,001][com.java.SeleniumDriver] [ 1136] - ?   P A S S   ?
[INFO ][2016-01-25 12:23:35,001][com.java.SeleniumDriver] [ 1173] - Continue next step...
[INFO ][2016-01-25 12:23:35,001][com.java.SeleniumDriver] [  856] - ------------------------------------------
[INFO ][2016-01-25 12:23:35,001][com.java.SeleniumDriver] [  857] - Test case being Executed: 4
[INFO ][2016-01-25 12:23:35,001][com.java.SeleniumDriver] [  869] - Test step:5
[INFO ][2016-01-25 12:23:35,001][com.java.SeleniumDriver] [  881] - Datavalue is----------2
[INFO ][2016-01-25 12:23:35,002][com.java.SeleniumDriver] [  905] - DataField : XPH//span[@class='icon-compass']
[INFO ][2016-01-25 12:23:35,002][com.java.SeleniumDriver] [  907] - DataValue : 2
[INFO ][2016-01-25 12:23:35,002][com.java.SeleniumDriver] [  913] - <In Set values of the page>
[INFO ][2016-01-25 12:23:35,002][com.java.SeleniumDriver] [  916] - {Data Fields & Data Values Exist}
[INFO ][2016-01-25 12:23:35,002][com.java.SeleniumDriver] [  918] - --------------------------setting values-----------------------------
[INFO ][2016-01-25 12:23:35,002][com.java.SeleniumDriver] [  921] - Action Type : WaitForElement
[INFO ][2016-01-25 12:23:35,076][com.java.SeleniumDriver] [  930] -  RESULT true
[INFO ][2016-01-25 12:23:35,076][com.java.SeleniumDriver] [ 1136] - ?   P A S S   ?
[INFO ][2016-01-25 12:23:35,077][com.java.SeleniumDriver] [  856] - ------------------------------------------
[INFO ][2016-01-25 12:23:35,077][com.java.SeleniumDriver] [  857] - Test case being Executed: 4
[INFO ][2016-01-25 12:23:35,077][com.java.SeleniumDriver] [  869] - Test step:6
[INFO ][2016-01-25 12:23:35,077][com.java.SeleniumDriver] [  881] - Datavalue is----------null
[DEBUG][2016-01-25 12:23:35,077][com.java.SeleniumDriver] [  899] - Exception: null
[INFO ][2016-01-25 12:23:35,077][com.java.SeleniumDriver] [  905] - DataField : //span[@class='icon-question']&&//a[text()='Open New Case']
[INFO ][2016-01-25 12:23:35,077][com.java.SeleniumDriver] [  907] - DataValue : 
[INFO ][2016-01-25 12:23:35,077][com.java.SeleniumDriver] [  913] - <In Set values of the page>
[INFO ][2016-01-25 12:23:35,077][com.java.SeleniumDriver] [  916] - {Data Fields & Data Values Exist}
[INFO ][2016-01-25 12:23:35,077][com.java.SeleniumDriver] [  918] - --------------------------setting values-----------------------------
[INFO ][2016-01-25 12:23:35,077][com.java.SeleniumDriver] [  921] - Action Type : MOUSEOVER
[INFO ][2016-01-25 12:23:59,446][com.java.SeleniumDriver] [  930] -  RESULT true
[INFO ][2016-01-25 12:23:59,446][com.java.SeleniumDriver] [ 1136] - ?   P A S S   ?
[INFO ][2016-01-25 12:23:59,446][com.java.SeleniumDriver] [  856] - ------------------------------------------
[INFO ][2016-01-25 12:23:59,446][com.java.SeleniumDriver] [  857] - Test case being Executed: 4
[WARN ][2016-01-25 12:23:59,446][com.java.SeleniumDriver] [  861] - -----------------------Step Skipped:: 	TestCaseNo:  4	 StepNo: 7  	::	Action Type:  WaitForElement 	::		ClientName In TestData:  "SKIP" 	::	ClientName in config:  "Any Bank USA"-----------------------------
[INFO ][2016-01-25 12:23:59,446][com.java.SeleniumDriver] [  856] - ------------------------------------------
[INFO ][2016-01-25 12:23:59,446][com.java.SeleniumDriver] [  857] - Test case being Executed: 4
[INFO ][2016-01-25 12:23:59,446][com.java.SeleniumDriver] [  869] - Test step:8
[INFO ][2016-01-25 12:23:59,446][com.java.SeleniumDriver] [  881] - Datavalue is----------Support Request
[INFO ][2016-01-25 12:23:59,446][com.java.SeleniumDriver] [  905] - DataField : XPH//div[contains(@class,'modal-header')]//h4[contains(text(),'Support Request')]
[INFO ][2016-01-25 12:23:59,446][com.java.SeleniumDriver] [  907] - DataValue : Support Request
[INFO ][2016-01-25 12:23:59,446][com.java.SeleniumDriver] [  913] - <In Set values of the page>
[INFO ][2016-01-25 12:23:59,446][com.java.SeleniumDriver] [  916] - {Data Fields & Data Values Exist}
[INFO ][2016-01-25 12:23:59,447][com.java.SeleniumDriver] [  918] - --------------------------setting values-----------------------------
[INFO ][2016-01-25 12:23:59,447][com.java.SeleniumDriver] [  921] - Action Type : Verify
[INFO ][2016-01-25 12:23:59,447][com.java.TestType] [ 7985] - field= XPH//div[contains(@class,'modal-header')]//h4[contains(text(),'Support Request')] value= Support Request
[INFO ][2016-01-25 12:23:59,447][com.java.TestType] [ 6395] - value = Support Request
[ERROR][2016-01-25 12:24:20,262][com.java.TestType] [ 8491] - Element  not found ://div[contains(@class,'modal-header')]//h4[contains(text(),'Support Request')]
[INFO ][2016-01-25 12:24:20,263][com.java.SeleniumDriver] [  930] -  RESULT false
[INFO ][2016-01-25 12:24:20,263][com.java.SeleniumDriver] [  977] - ?   F A I L   ?
[INFO ][2016-01-25 12:24:20,263][com.java.SeleniumDriver] [  985] - Browser Type : IE10
[INFO ][2016-01-25 12:24:20,263][com.java.SeleniumDriver] [  986] - Adding Failed case4
[INFO ][2016-01-25 12:24:21,051][com.java.SeleniumDriver] [ 1100] - failedCases = 2-4
[ERROR][2016-01-25 12:24:21,051][com.java.SeleniumDriver] [ 1599] - Platform Errors : Our apologies...::We have encountered an issue with your request.::Our apologies?:We encountered an issue with your request.
[INFO ][2016-01-25 12:24:21,051][com.java.SeleniumDriver] [ 1603] - Length =3
[ERROR][2016-01-25 12:24:21,052][com.java.SeleniumDriver] [ 1606] - Error 0 = Our apologies...
[ERROR][2016-01-25 12:24:21,118][com.java.SeleniumDriver] [ 1606] - Error 1 = We have encountered an issue with your request.
[ERROR][2016-01-25 12:24:21,169][com.java.SeleniumDriver] [ 1606] - Error 2 = Our apologies?:We encountered an issue with your request.
[INFO ][2016-01-25 12:24:21,221][com.java.SeleniumDriver] [ 1617] - strError:
[DEBUG][2016-01-25 12:24:21,236][com.java.SeleniumDriver] [ 1248] - Case found
[DEBUG][2016-01-25 12:24:21,236][com.java.SeleniumDriver] [ 1253] - Incrementing ReportCounters[0]:4
[INFO ][2016-01-25 12:24:21,236][com.java.SeleniumDriver] [ 1272] - The results are-------------------[4, 8, Support : Open New Case : Open Case, Fail, 
Test case failed at Step No. :: 8   Error Message ::  Element not found://div[contains(@class,'modal-header')]//h4[contains(text(),'Support Request')]. Screen Shot : D:\BankersDashboard\TestReports\012516\4_012516_122420_IE10.png, Mon Jan 25 12:24:21 IST 2016]
[INFO ][2016-01-25 12:24:21,236][com.java.SeleniumDriver] [ 1276] - End time is-------3 min 56 sec
[INFO ][2016-01-25 12:24:21,236][com.java.SeleniumDriver] [ 1277] - The results are-------------------[4, 8, Support : Open New Case : Open Case, Fail, 
Test case failed at Step No. :: 8   Error Message ::  Element not found://div[contains(@class,'modal-header')]//h4[contains(text(),'Support Request')]. Screen Shot : D:\BankersDashboard\TestReports\012516\4_012516_122420_IE10.png, Mon Jan 25 12:24:21 IST 2016]
[DEBUG][2016-01-25 12:24:21,236][com.java.ImportnExport.ExportTestResultsExcel] [  222] - testResultPath = D:\BankersDashboard/TestReports/Test Results_BankersDashBoard_012516_122026_IE10_Any Bank USA.xls
[DEBUG][2016-01-25 12:24:21,236][com.java.ImportnExport.ExportTestResultsExcel] [  223] - browser is------------IE10
[DEBUG][2016-01-25 12:24:21,238][com.java.ImportnExport.ExportTestResultsExcel] [  270] - result.size() = 6
[DEBUG][2016-01-25 12:24:21,238][com.java.ImportnExport.ExportTestResultsExcel] [  274] - No of rows in sheet=4
[DEBUG][2016-01-25 12:24:21,239][com.java.ImportnExport.ExportTestResultsExcel] [  301] - ..in export..4
[DEBUG][2016-01-25 12:24:21,239][com.java.ImportnExport.ExportTestResultsExcel] [  301] - ..in export..Support : Open New Case : Open Case
[DEBUG][2016-01-25 12:24:21,239][com.java.ImportnExport.ExportTestResultsExcel] [  301] - ..in export..Fail
[DEBUG][2016-01-25 12:24:21,239][com.java.ImportnExport.ExportTestResultsExcel] [  301] - ..in export..
Test case failed at Step No. :: 8   Error Message ::  Element not found://div[contains(@class,'modal-header')]//h4[contains(text(),'Support Request')]. Screen Shot : D:\BankersDashboard\TestReports\012516\4_012516_122420_IE10.png
[DEBUG][2016-01-25 12:24:21,240][com.java.ImportnExport.ExportTestResultsExcel] [  301] - ..in export..Mon Jan 25 12:24:21 IST 2016
[INFO ][2016-01-25 12:24:21,241][com.java.SeleniumDriver] [ 1337] - out loop:3 size:10 TestCases:[1, 2, 3, 4, 5, 6, 7, 8, 9, 10] testcases:[1, 2, 3, 4, 5, 6, 7, 8, 9, 10]
[INFO ][2016-01-25 12:24:21,241][com.java.ImportnExport.ImportTestDataDetailsExcel] [   49] - test data details path===== D:\BankersDashboard\TestInputs\TestData.xls
[DEBUG][2016-01-25 12:24:21,258][com.java.ImportnExport.ImportTestDataDetailsExcel] [  188] - Unable to read the data from the TestData: null
[INFO ][2016-01-25 12:24:37,486][com.java.SeleniumDriver] [ 1284] - ? S K I P P E D ?
[INFO ][2016-01-25 12:24:37,486][com.java.SeleniumDriver] [ 1286] - Test case:4
[INFO ][2016-01-25 12:24:37,486][com.java.SeleniumDriver] [ 1287] - Support : Open New Case : Open Case
[INFO ][2016-01-25 12:24:37,486][com.java.SeleniumDriver] [ 1288] -  No Test Steps Available
[INFO ][2016-01-25 12:24:37,486][com.java.SeleniumDriver] [ 1304] - The results are-------------------[5, 8, Testcase does not exist in TestData sheet, Skipped,  No Test Steps Available, Mon Jan 25 12:24:37 IST 2016]
[INFO ][2016-01-25 12:24:37,486][com.java.SeleniumDriver] [ 1308] - End time is-------4 min 13 sec
[INFO ][2016-01-25 12:24:37,486][com.java.SeleniumDriver] [ 1309] - The results are-------------------[5, 8, Testcase does not exist in TestData sheet, Skipped,  No Test Steps Available, Mon Jan 25 12:24:37 IST 2016]
[DEBUG][2016-01-25 12:24:37,486][com.java.ImportnExport.ExportTestResultsExcel] [  222] - testResultPath = D:\BankersDashboard/TestReports/Test Results_BankersDashBoard_012516_122026_IE10_Any Bank USA.xls
[DEBUG][2016-01-25 12:24:37,486][com.java.ImportnExport.ExportTestResultsExcel] [  223] - browser is------------IE10
[DEBUG][2016-01-25 12:24:37,486][com.java.ImportnExport.ExportTestResultsExcel] [  270] - result.size() = 6
[DEBUG][2016-01-25 12:24:37,486][com.java.ImportnExport.ExportTestResultsExcel] [  274] - No of rows in sheet=5
[DEBUG][2016-01-25 12:24:37,486][com.java.ImportnExport.ExportTestResultsExcel] [  301] - ..in export..5
[DEBUG][2016-01-25 12:24:37,486][com.java.ImportnExport.ExportTestResultsExcel] [  301] - ..in export..Testcase does not exist in TestData sheet
[DEBUG][2016-01-25 12:24:37,486][com.java.ImportnExport.ExportTestResultsExcel] [  301] - ..in export..Skipped
[DEBUG][2016-01-25 12:24:37,486][com.java.ImportnExport.ExportTestResultsExcel] [  301] - ..in export.. No Test Steps Available
[DEBUG][2016-01-25 12:24:37,486][com.java.ImportnExport.ExportTestResultsExcel] [  301] - ..in export..Mon Jan 25 12:24:37 IST 2016
[INFO ][2016-01-25 12:24:37,486][com.java.SeleniumDriver] [ 1337] - out loop:4 size:10 TestCases:[1, 2, 3, 4, 5, 6, 7, 8, 9, 10] testcases:[1, 2, 3, 4, 5, 6, 7, 8, 9, 10]
[INFO ][2016-01-25 12:24:37,486][com.java.ImportnExport.ImportTestDataDetailsExcel] [   49] - test data details path===== D:\BankersDashboard\TestInputs\TestData.xls
[INFO ][2016-01-25 12:24:55,011][com.java.SeleniumDriver] [  856] - ------------------------------------------
[INFO ][2016-01-25 12:24:55,011][com.java.SeleniumDriver] [  857] - Test case being Executed: 6
[INFO ][2016-01-25 12:24:55,011][com.java.SeleniumDriver] [  869] - Test step:1
[INFO ][2016-01-25 12:24:55,011][com.java.SeleniumDriver] [  881] - Datavalue is----------Logout
[INFO ][2016-01-25 12:24:55,011][com.java.SeleniumDriver] [  905] - DataField : BTN
[INFO ][2016-01-25 12:24:55,011][com.java.SeleniumDriver] [  907] - DataValue : Logout
[INFO ][2016-01-25 12:24:55,011][com.java.SeleniumDriver] [  913] - <In Set values of the page>
[INFO ][2016-01-25 12:24:55,011][com.java.SeleniumDriver] [  916] - {Data Fields & Data Values Exist}
[INFO ][2016-01-25 12:24:55,011][com.java.SeleniumDriver] [  918] - --------------------------setting values-----------------------------
[INFO ][2016-01-25 12:24:55,011][com.java.SeleniumDriver] [  921] - Action Type : Verify
[INFO ][2016-01-25 12:24:55,011][com.java.TestType] [ 7985] - field= BTN value= Logout
[INFO ][2016-01-25 12:24:55,011][com.java.TestType] [ 6395] - value = Logout
[INFO ][2016-01-25 12:24:55,072][com.java.SeleniumDriver] [  930] -  RESULT true
[INFO ][2016-01-25 12:24:55,072][com.java.SeleniumDriver] [ 1136] - ?   P A S S   ?
[INFO ][2016-01-25 12:24:55,072][com.java.SeleniumDriver] [ 1178] - step change to 3
[INFO ][2016-01-25 12:24:55,072][com.java.SeleniumDriver] [  856] - ------------------------------------------
[INFO ][2016-01-25 12:24:55,072][com.java.SeleniumDriver] [  857] - Test case being Executed: 6
[INFO ][2016-01-25 12:24:55,072][com.java.SeleniumDriver] [  869] - Test step:3
[INFO ][2016-01-25 12:24:55,072][com.java.SeleniumDriver] [  881] - Datavalue is----------Concept#2:1-2
[INFO ][2016-01-25 12:24:55,072][com.java.SeleniumDriver] [  905] - DataField : test
[INFO ][2016-01-25 12:24:55,072][com.java.SeleniumDriver] [  907] - DataValue : Concept#2:1-2
[INFO ][2016-01-25 12:24:55,072][com.java.SeleniumDriver] [  913] - <In Set values of the page>
[INFO ][2016-01-25 12:24:55,072][com.java.SeleniumDriver] [  916] - {Data Fields & Data Values Exist}
[INFO ][2016-01-25 12:24:55,072][com.java.SeleniumDriver] [  918] - --------------------------setting values-----------------------------
[INFO ][2016-01-25 12:24:55,072][com.java.SeleniumDriver] [  921] - Action Type : ExecuteTestCase
[INFO ][2016-01-25 12:24:55,072][com.java.TestType] [  442] - The Concept sheet name is ---------- Concept
[INFO ][2016-01-25 12:24:55,072][com.java.TestType] [  445] - The Concept ID  is ---------- 2
[DEBUG][2016-01-25 12:24:55,072][com.java.TestType] [  449] - Steps being executted in the Concept are: 1:2
[INFO ][2016-01-25 12:24:55,072][com.java.TestType] [  456] - Test data details path ---------- D:\BankersDashboard\TestInputs\TestData.xls
[INFO ][2016-01-25 12:24:55,092][com.java.TestType] [  487] -  str(1) = 2
[INFO ][2016-01-25 12:24:55,092][com.java.TestType] [  490] - Test case Id is---2
[INFO ][2016-01-25 12:24:55,092][com.java.TestType] [  492] - 2
[INFO ][2016-01-25 12:24:55,092][com.java.TestType] [  487] -  str(2) = 1
[INFO ][2016-01-25 12:24:55,092][com.java.TestType] [  487] -  str(1) = 2
[INFO ][2016-01-25 12:24:55,092][com.java.TestType] [  490] - Test case Id is---2
[INFO ][2016-01-25 12:24:55,092][com.java.TestType] [  492] - 2
[INFO ][2016-01-25 12:24:55,092][com.java.TestType] [  487] -  str(2) = 2
[INFO ][2016-01-25 12:24:55,092][com.java.TestType] [  487] -  str(1) = 2
[INFO ][2016-01-25 12:24:55,092][com.java.TestType] [  490] - Test case Id is---2
[INFO ][2016-01-25 12:24:55,092][com.java.TestType] [  492] - 2
[INFO ][2016-01-25 12:24:55,092][com.java.TestType] [  487] -  str(2) = 3
[INFO ][2016-01-25 12:24:55,092][com.java.TestType] [11650] - Looping 1TCID = 2
[DEBUG][2016-01-25 12:24:55,092][com.java.TestType] [11691] - Concept ID:2 :: Step being Executed: 2::1
[INFO ][2016-01-25 12:24:55,092][com.java.TestType] [11729] - dataFields : BNK//select[@id='bank']
[DEBUG][2016-01-25 12:24:55,092][com.java.TestType] [11735] - <In Set values of the page>
[DEBUG][2016-01-25 12:24:55,092][com.java.TestType] [11740] - {Data Fields & Data Values Exist}
[INFO ][2016-01-25 12:24:55,092][com.java.TestType] [11746] - --------------------------setting values-----------------------------
[INFO ][2016-01-25 12:24:55,092][com.java.TestType] [11749] - Action Type : Select
[INFO ][2016-01-25 12:24:55,092][com.java.TestType] [ 6395] - value = PFC
[INFO ][2016-01-25 12:24:55,357][com.java.TestType] [11768] -  RESULT true
[INFO ][2016-01-25 12:24:55,357][com.java.TestType] [11885] - ?   P A S S   ?
[DEBUG][2016-01-25 12:24:55,357][com.java.TestType] [11691] - Concept ID:2 :: Step being Executed: 2::2
[INFO ][2016-01-25 12:24:55,357][com.java.TestType] [11729] - dataFields : LNKLogout
[DEBUG][2016-01-25 12:24:55,357][com.java.TestType] [11735] - <In Set values of the page>
[DEBUG][2016-01-25 12:24:55,357][com.java.TestType] [11740] - {Data Fields & Data Values Exist}
[INFO ][2016-01-25 12:24:55,357][com.java.TestType] [11746] - --------------------------setting values-----------------------------
[INFO ][2016-01-25 12:24:55,357][com.java.TestType] [11749] - Action Type : WaitTime
[DEBUG][2016-01-25 12:24:55,357][com.java.TestType] [ 6209] - sleepTime: 5000
[INFO ][2016-01-25 12:25:00,357][com.java.TestType] [11768] -  RESULT true
[INFO ][2016-01-25 12:25:00,357][com.java.TestType] [11885] - ?   P A S S   ?
[INFO ][2016-01-25 12:25:00,357][com.java.TestType] [11956] - Looping End......
[INFO ][2016-01-25 12:25:00,357][com.java.SeleniumDriver] [  930] -  RESULT true
[INFO ][2016-01-25 12:25:00,357][com.java.SeleniumDriver] [ 1136] - ?   P A S S   ?
[INFO ][2016-01-25 12:25:00,357][com.java.SeleniumDriver] [  856] - ------------------------------------------
[INFO ][2016-01-25 12:25:00,357][com.java.SeleniumDriver] [  857] - Test case being Executed: 6
[INFO ][2016-01-25 12:25:00,357][com.java.SeleniumDriver] [  869] - Test step:4
[INFO ][2016-01-25 12:25:00,357][com.java.SeleniumDriver] [  881] - Datavalue is----------null
[DEBUG][2016-01-25 12:25:00,357][com.java.SeleniumDriver] [  899] - Exception: null
[INFO ][2016-01-25 12:25:00,357][com.java.SeleniumDriver] [  905] - DataField : //span[@class='icon-question']&&//a[text()='Tip Sheets & Webinars']
[INFO ][2016-01-25 12:25:00,357][com.java.SeleniumDriver] [  907] - DataValue : 
[INFO ][2016-01-25 12:25:00,357][com.java.SeleniumDriver] [  913] - <In Set values of the page>
[INFO ][2016-01-25 12:25:00,357][com.java.SeleniumDriver] [  916] - {Data Fields & Data Values Exist}
[INFO ][2016-01-25 12:25:00,357][com.java.SeleniumDriver] [  918] - --------------------------setting values-----------------------------
[INFO ][2016-01-25 12:25:00,357][com.java.SeleniumDriver] [  921] - Action Type : MOUSEOVER
[INFO ][2016-01-25 12:25:23,427][com.java.SeleniumDriver] [  930] -  RESULT true
[INFO ][2016-01-25 12:25:23,427][com.java.SeleniumDriver] [ 1136] - ?   P A S S   ?
[INFO ][2016-01-25 12:25:23,427][com.java.SeleniumDriver] [  856] - ------------------------------------------
[INFO ][2016-01-25 12:25:23,427][com.java.SeleniumDriver] [  857] - Test case being Executed: 6
[INFO ][2016-01-25 12:25:23,427][com.java.SeleniumDriver] [  869] - Test step:5
[INFO ][2016-01-25 12:25:23,427][com.java.SeleniumDriver] [  881] - Datavalue is----------5
[INFO ][2016-01-25 12:25:23,427][com.java.SeleniumDriver] [  905] - DataField : BTN//iframe[@class='frameTabContent']
[INFO ][2016-01-25 12:25:23,427][com.java.SeleniumDriver] [  907] - DataValue : 5
[INFO ][2016-01-25 12:25:23,427][com.java.SeleniumDriver] [  913] - <In Set values of the page>
[INFO ][2016-01-25 12:25:23,427][com.java.SeleniumDriver] [  916] - {Data Fields & Data Values Exist}
[INFO ][2016-01-25 12:25:23,427][com.java.SeleniumDriver] [  918] - --------------------------setting values-----------------------------
[INFO ][2016-01-25 12:25:23,427][com.java.SeleniumDriver] [  921] - Action Type : WAITFORELEMENT
[INFO ][2016-01-25 12:25:23,458][com.java.SeleniumDriver] [  930] -  RESULT true
[INFO ][2016-01-25 12:25:23,458][com.java.SeleniumDriver] [ 1136] - ?   P A S S   ?
[INFO ][2016-01-25 12:25:23,458][com.java.SeleniumDriver] [  856] - ------------------------------------------
[INFO ][2016-01-25 12:25:23,458][com.java.SeleniumDriver] [  857] - Test case being Executed: 6
[INFO ][2016-01-25 12:25:23,458][com.java.SeleniumDriver] [  869] - Test step:6
[INFO ][2016-01-25 12:25:23,458][com.java.SeleniumDriver] [  881] - Datavalue is----------2
[INFO ][2016-01-25 12:25:23,458][com.java.SeleniumDriver] [  905] - DataField : XPH//li[@class='inactiveTab']//a[@title='Tip Sheets & Webinars']
[INFO ][2016-01-25 12:25:23,458][com.java.SeleniumDriver] [  907] - DataValue : 2
[INFO ][2016-01-25 12:25:23,458][com.java.SeleniumDriver] [  913] - <In Set values of the page>
[INFO ][2016-01-25 12:25:23,458][com.java.SeleniumDriver] [  916] - {Data Fields & Data Values Exist}
[INFO ][2016-01-25 12:25:23,458][com.java.SeleniumDriver] [  918] - --------------------------setting values-----------------------------
[INFO ][2016-01-25 12:25:23,458][com.java.SeleniumDriver] [  921] - Action Type : WAITFORELEMENT
[INFO ][2016-01-25 12:25:23,488][com.java.SeleniumDriver] [  930] -  RESULT true
[INFO ][2016-01-25 12:25:23,488][com.java.SeleniumDriver] [ 1136] - ?   P A S S   ?
[INFO ][2016-01-25 12:25:23,488][com.java.SeleniumDriver] [  856] - ------------------------------------------
[INFO ][2016-01-25 12:25:23,488][com.java.SeleniumDriver] [  857] - Test case being Executed: 6
[INFO ][2016-01-25 12:25:23,488][com.java.SeleniumDriver] [  869] - Test step:7
[INFO ][2016-01-25 12:25:23,488][com.java.SeleniumDriver] [  881] - Datavalue is----------null
[DEBUG][2016-01-25 12:25:23,488][com.java.SeleniumDriver] [  899] - Exception: null
[INFO ][2016-01-25 12:25:23,488][com.java.SeleniumDriver] [  905] - DataField : XPH//li[@class='inactiveTab']//a[@title='Tip Sheets & Webinars']
[INFO ][2016-01-25 12:25:23,488][com.java.SeleniumDriver] [  907] - DataValue : 
[INFO ][2016-01-25 12:25:23,488][com.java.SeleniumDriver] [  913] - <In Set values of the page>
[INFO ][2016-01-25 12:25:23,488][com.java.SeleniumDriver] [  916] - {Data Fields & Data Values Exist}
[INFO ][2016-01-25 12:25:23,488][com.java.SeleniumDriver] [  918] - --------------------------setting values-----------------------------
[INFO ][2016-01-25 12:25:23,488][com.java.SeleniumDriver] [  921] - Action Type : CLICK
[INFO ][2016-01-25 12:25:23,488][com.java.TestType] [ 6774] - Field ::XPH//li[@class='inactiveTab']//a[@title='Tip Sheets & Webinars']
[INFO ][2016-01-25 12:25:23,488][com.java.TestType] [ 6395] - value = 
[INFO ][2016-01-25 12:25:24,488][com.java.TestType] [ 6947] - BEFORE CLICK
[INFO ][2016-01-25 12:25:25,350][com.java.TestType] [ 6955] - Unable to click the object Click Tip Sheets & Webinars tab
[INFO ][2016-01-25 12:25:25,350][com.java.SeleniumDriver] [  930] -  RESULT true
[INFO ][2016-01-25 12:25:25,350][com.java.SeleniumDriver] [ 1136] - ?   P A S S   ?
[INFO ][2016-01-25 12:25:25,350][com.java.SeleniumDriver] [  856] - ------------------------------------------
[INFO ][2016-01-25 12:25:25,350][com.java.SeleniumDriver] [  857] - Test case being Executed: 6
[INFO ][2016-01-25 12:25:25,350][com.java.SeleniumDriver] [  869] - Test step:8
[INFO ][2016-01-25 12:25:25,350][com.java.SeleniumDriver] [  881] - Datavalue is----------null
[DEBUG][2016-01-25 12:25:25,350][com.java.SeleniumDriver] [  899] - Exception: null
[INFO ][2016-01-25 12:25:25,350][com.java.SeleniumDriver] [  905] - DataField : XPH//li[@class='inactiveTab']//a[@title='Tip Sheets & Webinars']//span[@class='closeimg icon-close icon-xs']
[INFO ][2016-01-25 12:25:25,350][com.java.SeleniumDriver] [  907] - DataValue : 
[INFO ][2016-01-25 12:25:25,350][com.java.SeleniumDriver] [  913] - <In Set values of the page>
[INFO ][2016-01-25 12:25:25,350][com.java.SeleniumDriver] [  916] - {Data Fields & Data Values Exist}
[INFO ][2016-01-25 12:25:25,350][com.java.SeleniumDriver] [  918] - --------------------------setting values-----------------------------
[INFO ][2016-01-25 12:25:25,350][com.java.SeleniumDriver] [  921] - Action Type : CLICK
[INFO ][2016-01-25 12:25:25,350][com.java.TestType] [ 6774] - Field ::XPH//li[@class='inactiveTab']//a[@title='Tip Sheets & Webinars']//span[@class='closeimg icon-close icon-xs']
[INFO ][2016-01-25 12:25:25,350][com.java.TestType] [ 6395] - value = 
[INFO ][2016-01-25 12:25:26,351][com.java.TestType] [ 6947] - BEFORE CLICK
[INFO ][2016-01-25 12:25:27,231][com.java.TestType] [ 6955] - Unable to click the object Close Tip Sheets & Webinars tab
[INFO ][2016-01-25 12:25:27,231][com.java.SeleniumDriver] [  930] -  RESULT true
[INFO ][2016-01-25 12:25:27,231][com.java.SeleniumDriver] [ 1136] - ?   P A S S   ?
[INFO ][2016-01-25 12:25:27,231][com.java.SeleniumDriver] [  856] - ------------------------------------------
[INFO ][2016-01-25 12:25:27,231][com.java.SeleniumDriver] [  857] - Test case being Executed: 6
[INFO ][2016-01-25 12:25:27,231][com.java.SeleniumDriver] [  869] - Test step:9
[INFO ][2016-01-25 12:25:27,231][com.java.SeleniumDriver] [  881] - Datavalue is----------null
[DEBUG][2016-01-25 12:25:27,231][com.java.SeleniumDriver] [  899] - Exception: null
[INFO ][2016-01-25 12:25:27,231][com.java.SeleniumDriver] [  905] - DataField : BTN//iframe[@class='frameTabContent']
[INFO ][2016-01-25 12:25:27,231][com.java.SeleniumDriver] [  907] - DataValue : 
[INFO ][2016-01-25 12:25:27,231][com.java.SeleniumDriver] [  913] - <In Set values of the page>
[INFO ][2016-01-25 12:25:27,231][com.java.SeleniumDriver] [  916] - {Data Fields & Data Values Exist}
[INFO ][2016-01-25 12:25:27,231][com.java.SeleniumDriver] [  918] - --------------------------setting values-----------------------------
[INFO ][2016-01-25 12:25:27,231][com.java.SeleniumDriver] [  921] - Action Type : SELECTFRAME
[INFO ][2016-01-25 12:25:27,312][com.java.SeleniumDriver] [  930] -  RESULT true
[INFO ][2016-01-25 12:25:27,312][com.java.SeleniumDriver] [ 1136] - ?   P A S S   ?
[INFO ][2016-01-25 12:25:27,312][com.java.SeleniumDriver] [  856] - ------------------------------------------
[INFO ][2016-01-25 12:25:27,312][com.java.SeleniumDriver] [  857] - Test case being Executed: 6
[INFO ][2016-01-25 12:25:27,312][com.java.SeleniumDriver] [  869] - Test step:10
[INFO ][2016-01-25 12:25:27,312][com.java.SeleniumDriver] [  881] - Datavalue is----------null
[DEBUG][2016-01-25 12:25:27,312][com.java.SeleniumDriver] [  899] - Exception: null
[INFO ][2016-01-25 12:25:27,312][com.java.SeleniumDriver] [  905] - DataField : BTN//a[contains(text(),'Recorded Webinars')]
[INFO ][2016-01-25 12:25:27,312][com.java.SeleniumDriver] [  907] - DataValue : 
[INFO ][2016-01-25 12:25:27,312][com.java.SeleniumDriver] [  913] - <In Set values of the page>
[INFO ][2016-01-25 12:25:27,312][com.java.SeleniumDriver] [  916] - {Data Fields & Data Values Exist}
[INFO ][2016-01-25 12:25:27,312][com.java.SeleniumDriver] [  918] - --------------------------setting values-----------------------------
[INFO ][2016-01-25 12:25:27,312][com.java.SeleniumDriver] [  921] - Action Type : CLICK
[INFO ][2016-01-25 12:25:27,312][com.java.TestType] [ 6774] - Field ::BTN//a[contains(text(),'Recorded Webinars')]
[INFO ][2016-01-25 12:25:27,312][com.java.TestType] [ 6395] - value = 
[INFO ][2016-01-25 12:25:28,312][com.java.TestType] [ 6926] - BEFORE CLICK
[INFO ][2016-01-25 12:25:29,117][com.java.TestType] [ 6933] - Unable to click the object Recorded Webinars
[INFO ][2016-01-25 12:25:29,117][com.java.SeleniumDriver] [  930] -  RESULT true
[INFO ][2016-01-25 12:25:29,117][com.java.SeleniumDriver] [ 1136] - ?   P A S S   ?
[INFO ][2016-01-25 12:25:29,117][com.java.SeleniumDriver] [  856] - ------------------------------------------
[INFO ][2016-01-25 12:25:29,117][com.java.SeleniumDriver] [  857] - Test case being Executed: 6
[INFO ][2016-01-25 12:25:29,117][com.java.SeleniumDriver] [  869] - Test step:11
[INFO ][2016-01-25 12:25:29,117][com.java.SeleniumDriver] [  881] - Datavalue is----------null
[DEBUG][2016-01-25 12:25:29,117][com.java.SeleniumDriver] [  899] - Exception: null
[INFO ][2016-01-25 12:25:29,117][com.java.SeleniumDriver] [  905] - DataField : BTN//a[contains(text(),'Tip Sheets')]
[INFO ][2016-01-25 12:25:29,117][com.java.SeleniumDriver] [  907] - DataValue : 
[INFO ][2016-01-25 12:25:29,117][com.java.SeleniumDriver] [  913] - <In Set values of the page>
[INFO ][2016-01-25 12:25:29,117][com.java.SeleniumDriver] [  916] - {Data Fields & Data Values Exist}
[INFO ][2016-01-25 12:25:29,117][com.java.SeleniumDriver] [  918] - --------------------------setting values-----------------------------
[INFO ][2016-01-25 12:25:29,117][com.java.SeleniumDriver] [  921] - Action Type : CLICK
[INFO ][2016-01-25 12:25:29,117][com.java.TestType] [ 6774] - Field ::BTN//a[contains(text(),'Tip Sheets')]
[INFO ][2016-01-25 12:25:29,117][com.java.TestType] [ 6395] - value = 
[INFO ][2016-01-25 12:25:30,117][com.java.TestType] [ 6926] - BEFORE CLICK
[INFO ][2016-01-25 12:25:30,808][com.java.TestType] [ 6933] - Unable to click the object Tip Sheets 
[INFO ][2016-01-25 12:25:30,808][com.java.SeleniumDriver] [  930] -  RESULT true
[INFO ][2016-01-25 12:25:30,808][com.java.SeleniumDriver] [ 1136] - ?   P A S S   ?
[INFO ][2016-01-25 12:25:30,808][com.java.SeleniumDriver] [  856] - ------------------------------------------
[INFO ][2016-01-25 12:25:30,808][com.java.SeleniumDriver] [  857] - Test case being Executed: 6
[INFO ][2016-01-25 12:25:30,808][com.java.SeleniumDriver] [  869] - Test step:12
[INFO ][2016-01-25 12:25:30,808][com.java.SeleniumDriver] [  881] - Datavalue is----------keys
[INFO ][2016-01-25 12:25:30,808][com.java.SeleniumDriver] [  905] - DataField : XPH//div[@class='dataTables_info']
[INFO ][2016-01-25 12:25:30,808][com.java.SeleniumDriver] [  907] - DataValue : keys
[INFO ][2016-01-25 12:25:30,808][com.java.SeleniumDriver] [  913] - <In Set values of the page>
[INFO ][2016-01-25 12:25:30,808][com.java.SeleniumDriver] [  916] - {Data Fields & Data Values Exist}
[INFO ][2016-01-25 12:25:30,808][com.java.SeleniumDriver] [  918] - --------------------------setting values-----------------------------
[INFO ][2016-01-25 12:25:30,808][com.java.SeleniumDriver] [  921] - Action Type : storevalue
[INFO ][2016-01-25 12:25:30,808][com.java.TestType] [ 9410] - field= XPH//div[@class='dataTables_info']
[DEBUG][2016-01-25 12:25:30,878][com.java.TestType] [ 9465] - Key:: keys   Value:: Showing 1 to 13 of 13 entries
[INFO ][2016-01-25 12:25:30,878][com.java.SeleniumDriver] [  930] -  RESULT true
[INFO ][2016-01-25 12:25:30,878][com.java.SeleniumDriver] [ 1136] - ?   P A S S   ?
[INFO ][2016-01-25 12:25:30,878][com.java.SeleniumDriver] [  856] - ------------------------------------------
[INFO ][2016-01-25 12:25:30,878][com.java.SeleniumDriver] [  857] - Test case being Executed: 6
[INFO ][2016-01-25 12:25:30,878][com.java.SeleniumDriver] [  869] - Test step:13
[INFO ][2016-01-25 12:25:30,878][com.java.SeleniumDriver] [  881] - Datavalue is----------Loan
[INFO ][2016-01-25 12:25:30,878][com.java.SeleniumDriver] [  905] - DataField : TXT//input[@type='search']
[INFO ][2016-01-25 12:25:30,878][com.java.SeleniumDriver] [  907] - DataValue : Loan
[INFO ][2016-01-25 12:25:30,878][com.java.SeleniumDriver] [  913] - <In Set values of the page>
[INFO ][2016-01-25 12:25:30,878][com.java.SeleniumDriver] [  916] - {Data Fields & Data Values Exist}
[INFO ][2016-01-25 12:25:30,878][com.java.SeleniumDriver] [  918] - --------------------------setting values-----------------------------
[INFO ][2016-01-25 12:25:30,878][com.java.SeleniumDriver] [  921] - Action Type : CLEARANDENTER
[INFO ][2016-01-25 12:25:31,008][com.java.TestType] [ 6395] - value = Loan
[INFO ][2016-01-25 12:25:31,268][com.java.SeleniumDriver] [  930] -  RESULT true
[INFO ][2016-01-25 12:25:31,268][com.java.SeleniumDriver] [ 1136] - ?   P A S S   ?
[INFO ][2016-01-25 12:25:31,268][com.java.SeleniumDriver] [  856] - ------------------------------------------
[INFO ][2016-01-25 12:25:31,268][com.java.SeleniumDriver] [  857] - Test case being Executed: 6
[INFO ][2016-01-25 12:25:31,268][com.java.SeleniumDriver] [  869] - Test step:14
[INFO ][2016-01-25 12:25:31,268][com.java.SeleniumDriver] [  881] - Datavalue is----------HMVkeys
[INFO ][2016-01-25 12:25:31,268][com.java.SeleniumDriver] [  905] - DataField : MSG
[INFO ][2016-01-25 12:25:31,268][com.java.SeleniumDriver] [  907] - DataValue : HMVkeys
[INFO ][2016-01-25 12:25:31,268][com.java.SeleniumDriver] [  913] - <In Set values of the page>
[INFO ][2016-01-25 12:25:31,268][com.java.SeleniumDriver] [  916] - {Data Fields & Data Values Exist}
[INFO ][2016-01-25 12:25:31,268][com.java.SeleniumDriver] [  918] - --------------------------setting values-----------------------------
[INFO ][2016-01-25 12:25:31,268][com.java.SeleniumDriver] [  921] - Action Type : verifynotpresent
[INFO ][2016-01-25 12:25:31,268][com.java.TestType] [ 9734] - field= MSG value= HMVkeys
[INFO ][2016-01-25 12:25:31,289][com.java.SeleniumDriver] [  930] -  RESULT true
[INFO ][2016-01-25 12:25:31,289][com.java.SeleniumDriver] [ 1136] - ?   P A S S   ?
[INFO ][2016-01-25 12:25:31,289][com.java.SeleniumDriver] [  856] - ------------------------------------------
[INFO ][2016-01-25 12:25:31,289][com.java.SeleniumDriver] [  857] - Test case being Executed: 6
[INFO ][2016-01-25 12:25:31,289][com.java.SeleniumDriver] [  869] - Test step:15
[INFO ][2016-01-25 12:25:31,289][com.java.SeleniumDriver] [  881] - Datavalue is----------null
[DEBUG][2016-01-25 12:25:31,289][com.java.SeleniumDriver] [  899] - Exception: null
[INFO ][2016-01-25 12:25:31,289][com.java.SeleniumDriver] [  905] - DataField : BTN//a[contains(text(),'Recorded Webinars')]
[INFO ][2016-01-25 12:25:31,289][com.java.SeleniumDriver] [  907] - DataValue : 
[INFO ][2016-01-25 12:25:31,289][com.java.SeleniumDriver] [  913] - <In Set values of the page>
[INFO ][2016-01-25 12:25:31,289][com.java.SeleniumDriver] [  916] - {Data Fields & Data Values Exist}
[INFO ][2016-01-25 12:25:31,289][com.java.SeleniumDriver] [  918] - --------------------------setting values-----------------------------
[INFO ][2016-01-25 12:25:31,289][com.java.SeleniumDriver] [  921] - Action Type : CLICK
[INFO ][2016-01-25 12:25:31,289][com.java.TestType] [ 6774] - Field ::BTN//a[contains(text(),'Recorded Webinars')]
[INFO ][2016-01-25 12:25:31,289][com.java.TestType] [ 6395] - value = 
[INFO ][2016-01-25 12:25:32,289][com.java.TestType] [ 6926] - BEFORE CLICK
[INFO ][2016-01-25 12:25:32,970][com.java.TestType] [ 6933] - Unable to click the object Recorded Webinars
[INFO ][2016-01-25 12:25:32,970][com.java.SeleniumDriver] [  930] -  RESULT true
[INFO ][2016-01-25 12:25:32,970][com.java.SeleniumDriver] [ 1136] - ?   P A S S   ?
[INFO ][2016-01-25 12:25:32,970][com.java.SeleniumDriver] [  856] - ------------------------------------------
[INFO ][2016-01-25 12:25:32,970][com.java.SeleniumDriver] [  857] - Test case being Executed: 6
[INFO ][2016-01-25 12:25:32,970][com.java.SeleniumDriver] [  869] - Test step:16
[INFO ][2016-01-25 12:25:32,970][com.java.SeleniumDriver] [  881] - Datavalue is----------keys
[INFO ][2016-01-25 12:25:32,970][com.java.SeleniumDriver] [  905] - DataField : XPH//div[@class='dataTables_info']
[INFO ][2016-01-25 12:25:32,970][com.java.SeleniumDriver] [  907] - DataValue : keys
[INFO ][2016-01-25 12:25:32,970][com.java.SeleniumDriver] [  913] - <In Set values of the page>
[INFO ][2016-01-25 12:25:32,970][com.java.SeleniumDriver] [  916] - {Data Fields & Data Values Exist}
[INFO ][2016-01-25 12:25:32,970][com.java.SeleniumDriver] [  918] - --------------------------setting values-----------------------------
[INFO ][2016-01-25 12:25:32,970][com.java.SeleniumDriver] [  921] - Action Type : storevalue
[INFO ][2016-01-25 12:25:32,970][com.java.TestType] [ 9410] - field= XPH//div[@class='dataTables_info']
[DEBUG][2016-01-25 12:25:33,040][com.java.TestType] [ 9465] - Key:: keys   Value:: Showing 1 to 8 of 8 entries
[INFO ][2016-01-25 12:25:33,040][com.java.SeleniumDriver] [  930] -  RESULT true
[INFO ][2016-01-25 12:25:33,040][com.java.SeleniumDriver] [ 1136] - ?   P A S S   ?
[INFO ][2016-01-25 12:25:33,040][com.java.SeleniumDriver] [  856] - ------------------------------------------
[INFO ][2016-01-25 12:25:33,040][com.java.SeleniumDriver] [  857] - Test case being Executed: 6
[INFO ][2016-01-25 12:25:33,040][com.java.SeleniumDriver] [  869] - Test step:17
[INFO ][2016-01-25 12:25:33,040][com.java.SeleniumDriver] [  881] - Datavalue is----------Loan
[INFO ][2016-01-25 12:25:33,040][com.java.SeleniumDriver] [  905] - DataField : TXT//input[@type='search']
[INFO ][2016-01-25 12:25:33,040][com.java.SeleniumDriver] [  907] - DataValue : Loan
[INFO ][2016-01-25 12:25:33,040][com.java.SeleniumDriver] [  913] - <In Set values of the page>
[INFO ][2016-01-25 12:25:33,040][com.java.SeleniumDriver] [  916] - {Data Fields & Data Values Exist}
[INFO ][2016-01-25 12:25:33,040][com.java.SeleniumDriver] [  918] - --------------------------setting values-----------------------------
[INFO ][2016-01-25 12:25:33,040][com.java.SeleniumDriver] [  921] - Action Type : CLEARANDENTER
[INFO ][2016-01-25 12:25:33,140][com.java.TestType] [ 6395] - value = Loan
[INFO ][2016-01-25 12:25:33,400][com.java.SeleniumDriver] [  930] -  RESULT true
[INFO ][2016-01-25 12:25:33,400][com.java.SeleniumDriver] [ 1136] - ?   P A S S   ?
[INFO ][2016-01-25 12:25:33,400][com.java.SeleniumDriver] [  856] - ------------------------------------------
[INFO ][2016-01-25 12:25:33,400][com.java.SeleniumDriver] [  857] - Test case being Executed: 6
[INFO ][2016-01-25 12:25:33,400][com.java.SeleniumDriver] [  869] - Test step:18
[INFO ][2016-01-25 12:25:33,400][com.java.SeleniumDriver] [  881] - Datavalue is----------HMVkeys
[INFO ][2016-01-25 12:25:33,400][com.java.SeleniumDriver] [  905] - DataField : MSG
[INFO ][2016-01-25 12:25:33,400][com.java.SeleniumDriver] [  907] - DataValue : HMVkeys
[INFO ][2016-01-25 12:25:33,400][com.java.SeleniumDriver] [  913] - <In Set values of the page>
[INFO ][2016-01-25 12:25:33,400][com.java.SeleniumDriver] [  916] - {Data Fields & Data Values Exist}
[INFO ][2016-01-25 12:25:33,400][com.java.SeleniumDriver] [  918] - --------------------------setting values-----------------------------
[INFO ][2016-01-25 12:25:33,400][com.java.SeleniumDriver] [  921] - Action Type : verifynotpresent
[INFO ][2016-01-25 12:25:33,400][com.java.TestType] [ 9734] - field= MSG value= HMVkeys
[INFO ][2016-01-25 12:25:33,421][com.java.SeleniumDriver] [  930] -  RESULT true
[INFO ][2016-01-25 12:25:33,421][com.java.SeleniumDriver] [ 1136] - ?   P A S S   ?
[DEBUG][2016-01-25 12:25:33,421][com.java.SeleniumDriver] [ 1248] - Case found
[DEBUG][2016-01-25 12:25:33,421][com.java.SeleniumDriver] [ 1253] - Incrementing ReportCounters[0]:5
[INFO ][2016-01-25 12:25:33,421][com.java.SeleniumDriver] [ 1272] - The results are-------------------[6, 1, Support:Tip Sheets and Webinars:Search, Pass, , Mon Jan 25 12:24:55 IST 2016, 6, 3, Support:Tip Sheets and Webinars:Search, Pass, , Mon Jan 25 12:25:00 IST 2016, 6, 4, Support:Tip Sheets and Webinars :Search, Pass, , Mon Jan 25 12:25:23 IST 2016, 6, 5, Support:Tip Sheets and Webinars :Search, Pass, , Mon Jan 25 12:25:23 IST 2016, 6, 6, Support:Tip Sheets and Webinars :Search, Pass, , Mon Jan 25 12:25:23 IST 2016, 6, 7, Support:Tip Sheets and Webinars :Search, Pass, , Mon Jan 25 12:25:25 IST 2016, 6, 8, Support:Tip Sheets and Webinars :Search, Pass, , Mon Jan 25 12:25:27 IST 2016, 6, 9, Support:Tip Sheets and Webinars :Search, Pass, , Mon Jan 25 12:25:27 IST 2016, 6, 10, Support:Tip Sheets and Webinars :Search, Pass, , Mon Jan 25 12:25:29 IST 2016, 6, 11, Support:Tip Sheets and Webinars :Search, Pass, , Mon Jan 25 12:25:30 IST 2016, 6, 12, Support:Tip Sheets and Webinars :Search, Pass, , Mon Jan 25 12:25:30 IST 2016, 6, 13, Support:Tip Sheets and Webinars :Search, Pass, , Mon Jan 25 12:25:31 IST 2016, 6, 14, Support:Tip Sheets and Webinars :Search, Pass, , Mon Jan 25 12:25:31 IST 2016, 6, 15, Support:Tip Sheets and Webinars :Search, Pass, , Mon Jan 25 12:25:32 IST 2016, 6, 16, Support:Tip Sheets and Webinars :Search, Pass, , Mon Jan 25 12:25:33 IST 2016, 6, 17, Support:Tip Sheets and Webinars :Search, Pass, , Mon Jan 25 12:25:33 IST 2016, 6, 18, Support:Tip Sheets and Webinars :Search, Pass, , Mon Jan 25 12:25:33 IST 2016]
[INFO ][2016-01-25 12:25:33,421][com.java.SeleniumDriver] [ 1276] - End time is-------5 min 9 sec
[INFO ][2016-01-25 12:25:33,421][com.java.SeleniumDriver] [ 1277] - The results are-------------------[6, 1, Support:Tip Sheets and Webinars:Search, Pass, , Mon Jan 25 12:24:55 IST 2016, 6, 3, Support:Tip Sheets and Webinars:Search, Pass, , Mon Jan 25 12:25:00 IST 2016, 6, 4, Support:Tip Sheets and Webinars :Search, Pass, , Mon Jan 25 12:25:23 IST 2016, 6, 5, Support:Tip Sheets and Webinars :Search, Pass, , Mon Jan 25 12:25:23 IST 2016, 6, 6, Support:Tip Sheets and Webinars :Search, Pass, , Mon Jan 25 12:25:23 IST 2016, 6, 7, Support:Tip Sheets and Webinars :Search, Pass, , Mon Jan 25 12:25:25 IST 2016, 6, 8, Support:Tip Sheets and Webinars :Search, Pass, , Mon Jan 25 12:25:27 IST 2016, 6, 9, Support:Tip Sheets and Webinars :Search, Pass, , Mon Jan 25 12:25:27 IST 2016, 6, 10, Support:Tip Sheets and Webinars :Search, Pass, , Mon Jan 25 12:25:29 IST 2016, 6, 11, Support:Tip Sheets and Webinars :Search, Pass, , Mon Jan 25 12:25:30 IST 2016, 6, 12, Support:Tip Sheets and Webinars :Search, Pass, , Mon Jan 25 12:25:30 IST 2016, 6, 13, Support:Tip Sheets and Webinars :Search, Pass, , Mon Jan 25 12:25:31 IST 2016, 6, 14, Support:Tip Sheets and Webinars :Search, Pass, , Mon Jan 25 12:25:31 IST 2016, 6, 15, Support:Tip Sheets and Webinars :Search, Pass, , Mon Jan 25 12:25:32 IST 2016, 6, 16, Support:Tip Sheets and Webinars :Search, Pass, , Mon Jan 25 12:25:33 IST 2016, 6, 17, Support:Tip Sheets and Webinars :Search, Pass, , Mon Jan 25 12:25:33 IST 2016, 6, 18, Support:Tip Sheets and Webinars :Search, Pass, , Mon Jan 25 12:25:33 IST 2016]
[DEBUG][2016-01-25 12:25:33,421][com.java.ImportnExport.ExportTestResultsExcel] [  222] - testResultPath = D:\BankersDashboard/TestReports/Test Results_BankersDashBoard_012516_122026_IE10_Any Bank USA.xls
[DEBUG][2016-01-25 12:25:33,421][com.java.ImportnExport.ExportTestResultsExcel] [  223] - browser is------------IE10
[DEBUG][2016-01-25 12:25:33,421][com.java.ImportnExport.ExportTestResultsExcel] [  270] - result.size() = 102
[DEBUG][2016-01-25 12:25:33,421][com.java.ImportnExport.ExportTestResultsExcel] [  274] - No of rows in sheet=6
[DEBUG][2016-01-25 12:25:33,421][com.java.ImportnExport.ExportTestResultsExcel] [  301] - ..in export..6
[DEBUG][2016-01-25 12:25:33,421][com.java.ImportnExport.ExportTestResultsExcel] [  301] - ..in export..Support:Tip Sheets and Webinars:Search
[DEBUG][2016-01-25 12:25:33,421][com.java.ImportnExport.ExportTestResultsExcel] [  301] - ..in export..Pass
[DEBUG][2016-01-25 12:25:33,421][com.java.ImportnExport.ExportTestResultsExcel] [  301] - ..in export..
[DEBUG][2016-01-25 12:25:33,421][com.java.ImportnExport.ExportTestResultsExcel] [  301] - ..in export..Mon Jan 25 12:24:55 IST 2016
[INFO ][2016-01-25 12:25:33,421][com.java.SeleniumDriver] [ 1337] - out loop:5 size:10 TestCases:[1, 2, 3, 4, 5, 6, 7, 8, 9, 10] testcases:[1, 2, 3, 4, 5, 6, 7, 8, 9, 10]
[INFO ][2016-01-25 12:25:33,421][com.java.ImportnExport.ImportTestDataDetailsExcel] [   49] - test data details path===== D:\BankersDashboard\TestInputs\TestData.xls
[INFO ][2016-01-25 12:25:48,655][com.java.SeleniumDriver] [  856] - ------------------------------------------
[INFO ][2016-01-25 12:25:48,655][com.java.SeleniumDriver] [  857] - Test case being Executed: 7
[INFO ][2016-01-25 12:25:48,655][com.java.SeleniumDriver] [  869] - Test step:1
[INFO ][2016-01-25 12:25:48,655][com.java.SeleniumDriver] [  881] - Datavalue is----------Logout
[INFO ][2016-01-25 12:25:48,655][com.java.SeleniumDriver] [  905] - DataField : BTN
[INFO ][2016-01-25 12:25:48,655][com.java.SeleniumDriver] [  907] - DataValue : Logout
[INFO ][2016-01-25 12:25:48,655][com.java.SeleniumDriver] [  913] - <In Set values of the page>
[INFO ][2016-01-25 12:25:48,655][com.java.SeleniumDriver] [  916] - {Data Fields & Data Values Exist}
[INFO ][2016-01-25 12:25:48,655][com.java.SeleniumDriver] [  918] - --------------------------setting values-----------------------------
[INFO ][2016-01-25 12:25:48,655][com.java.SeleniumDriver] [  921] - Action Type : Verify
[INFO ][2016-01-25 12:25:48,655][com.java.TestType] [ 7985] - field= BTN value= Logout
[INFO ][2016-01-25 12:25:48,655][com.java.TestType] [ 6395] - value = Logout
[INFO ][2016-01-25 12:25:48,716][com.java.SeleniumDriver] [  930] -  RESULT true
[INFO ][2016-01-25 12:25:48,716][com.java.SeleniumDriver] [ 1136] - ?   P A S S   ?
[INFO ][2016-01-25 12:25:48,716][com.java.SeleniumDriver] [ 1178] - step change to 3
[INFO ][2016-01-25 12:25:48,716][com.java.SeleniumDriver] [  856] - ------------------------------------------
[INFO ][2016-01-25 12:25:48,716][com.java.SeleniumDriver] [  857] - Test case being Executed: 7
[INFO ][2016-01-25 12:25:48,716][com.java.SeleniumDriver] [  869] - Test step:3
[INFO ][2016-01-25 12:25:48,716][com.java.SeleniumDriver] [  881] - Datavalue is----------Concept#2:1-2
[INFO ][2016-01-25 12:25:48,716][com.java.SeleniumDriver] [  905] - DataField : test
[INFO ][2016-01-25 12:25:48,716][com.java.SeleniumDriver] [  907] - DataValue : Concept#2:1-2
[INFO ][2016-01-25 12:25:48,716][com.java.SeleniumDriver] [  913] - <In Set values of the page>
[INFO ][2016-01-25 12:25:48,716][com.java.SeleniumDriver] [  916] - {Data Fields & Data Values Exist}
[INFO ][2016-01-25 12:25:48,716][com.java.SeleniumDriver] [  918] - --------------------------setting values-----------------------------
[INFO ][2016-01-25 12:25:48,716][com.java.SeleniumDriver] [  921] - Action Type : ExecuteTestCase
[INFO ][2016-01-25 12:25:48,716][com.java.TestType] [  442] - The Concept sheet name is ---------- Concept
[INFO ][2016-01-25 12:25:48,716][com.java.TestType] [  445] - The Concept ID  is ---------- 2
[DEBUG][2016-01-25 12:25:48,716][com.java.TestType] [  449] - Steps being executted in the Concept are: 1:2
[INFO ][2016-01-25 12:25:48,716][com.java.TestType] [  456] - Test data details path ---------- D:\BankersDashboard\TestInputs\TestData.xls
[INFO ][2016-01-25 12:25:48,726][com.java.TestType] [  487] -  str(1) = 2
[INFO ][2016-01-25 12:25:48,726][com.java.TestType] [  490] - Test case Id is---2
[INFO ][2016-01-25 12:25:48,726][com.java.TestType] [  492] - 2
[INFO ][2016-01-25 12:25:48,726][com.java.TestType] [  487] -  str(2) = 1
[INFO ][2016-01-25 12:25:48,726][com.java.TestType] [  487] -  str(1) = 2
[INFO ][2016-01-25 12:25:48,736][com.java.TestType] [  490] - Test case Id is---2
[INFO ][2016-01-25 12:25:48,736][com.java.TestType] [  492] - 2
[INFO ][2016-01-25 12:25:48,736][com.java.TestType] [  487] -  str(2) = 2
[INFO ][2016-01-25 12:25:48,736][com.java.TestType] [  487] -  str(1) = 2
[INFO ][2016-01-25 12:25:48,736][com.java.TestType] [  490] - Test case Id is---2
[INFO ][2016-01-25 12:25:48,736][com.java.TestType] [  492] - 2
[INFO ][2016-01-25 12:25:48,736][com.java.TestType] [  487] -  str(2) = 3
[INFO ][2016-01-25 12:25:48,736][com.java.TestType] [11650] - Looping 1TCID = 2
[DEBUG][2016-01-25 12:25:48,736][com.java.TestType] [11691] - Concept ID:2 :: Step being Executed: 2::1
[INFO ][2016-01-25 12:25:48,736][com.java.TestType] [11729] - dataFields : BNK//select[@id='bank']
[DEBUG][2016-01-25 12:25:48,736][com.java.TestType] [11735] - <In Set values of the page>
[DEBUG][2016-01-25 12:25:48,736][com.java.TestType] [11740] - {Data Fields & Data Values Exist}
[INFO ][2016-01-25 12:25:48,736][com.java.TestType] [11746] - --------------------------setting values-----------------------------
[INFO ][2016-01-25 12:25:48,736][com.java.TestType] [11749] - Action Type : Select
[INFO ][2016-01-25 12:25:48,736][com.java.TestType] [ 6395] - value = PFC
[INFO ][2016-01-25 12:25:48,916][com.java.TestType] [11768] -  RESULT true
[INFO ][2016-01-25 12:25:48,916][com.java.TestType] [11885] - ?   P A S S   ?
[DEBUG][2016-01-25 12:25:48,916][com.java.TestType] [11691] - Concept ID:2 :: Step being Executed: 2::2
[INFO ][2016-01-25 12:25:48,916][com.java.TestType] [11729] - dataFields : LNKLogout
[DEBUG][2016-01-25 12:25:48,916][com.java.TestType] [11735] - <In Set values of the page>
[DEBUG][2016-01-25 12:25:48,916][com.java.TestType] [11740] - {Data Fields & Data Values Exist}
[INFO ][2016-01-25 12:25:48,916][com.java.TestType] [11746] - --------------------------setting values-----------------------------
[INFO ][2016-01-25 12:25:48,916][com.java.TestType] [11749] - Action Type : WaitTime
[DEBUG][2016-01-25 12:25:48,916][com.java.TestType] [ 6209] - sleepTime: 5000
[INFO ][2016-01-25 12:25:53,916][com.java.TestType] [11768] -  RESULT true
[INFO ][2016-01-25 12:25:53,916][com.java.TestType] [11885] - ?   P A S S   ?
[INFO ][2016-01-25 12:25:53,916][com.java.TestType] [11956] - Looping End......
[INFO ][2016-01-25 12:25:53,916][com.java.SeleniumDriver] [  930] -  RESULT true
[INFO ][2016-01-25 12:25:53,916][com.java.SeleniumDriver] [ 1136] - ?   P A S S   ?
[INFO ][2016-01-25 12:25:53,916][com.java.SeleniumDriver] [  856] - ------------------------------------------
[INFO ][2016-01-25 12:25:53,916][com.java.SeleniumDriver] [  857] - Test case being Executed: 7
[INFO ][2016-01-25 12:25:53,916][com.java.SeleniumDriver] [  869] - Test step:4
[INFO ][2016-01-25 12:25:53,916][com.java.SeleniumDriver] [  881] - Datavalue is----------null
[DEBUG][2016-01-25 12:25:53,916][com.java.SeleniumDriver] [  899] - Exception: null
[INFO ][2016-01-25 12:25:53,916][com.java.SeleniumDriver] [  905] - DataField : //span[@class='icon-question']&&//a[text()='Tip Sheets & Webinars']
[INFO ][2016-01-25 12:25:53,916][com.java.SeleniumDriver] [  907] - DataValue : 
[INFO ][2016-01-25 12:25:53,916][com.java.SeleniumDriver] [  913] - <In Set values of the page>
[INFO ][2016-01-25 12:25:53,916][com.java.SeleniumDriver] [  916] - {Data Fields & Data Values Exist}
[INFO ][2016-01-25 12:25:53,916][com.java.SeleniumDriver] [  918] - --------------------------setting values-----------------------------
[INFO ][2016-01-25 12:25:53,916][com.java.SeleniumDriver] [  921] - Action Type : MOUSEOVER
[INFO ][2016-01-25 12:26:16,975][com.java.SeleniumDriver] [  930] -  RESULT true
[INFO ][2016-01-25 12:26:16,975][com.java.SeleniumDriver] [ 1136] - ?   P A S S   ?
[INFO ][2016-01-25 12:26:16,975][com.java.SeleniumDriver] [  856] - ------------------------------------------
[INFO ][2016-01-25 12:26:16,975][com.java.SeleniumDriver] [  857] - Test case being Executed: 7
[INFO ][2016-01-25 12:26:16,975][com.java.SeleniumDriver] [  869] - Test step:5
[INFO ][2016-01-25 12:26:16,975][com.java.SeleniumDriver] [  881] - Datavalue is----------5
[INFO ][2016-01-25 12:26:16,975][com.java.SeleniumDriver] [  905] - DataField : BTN//iframe[@class='frameTabContent']
[INFO ][2016-01-25 12:26:16,975][com.java.SeleniumDriver] [  907] - DataValue : 5
[INFO ][2016-01-25 12:26:16,975][com.java.SeleniumDriver] [  913] - <In Set values of the page>
[INFO ][2016-01-25 12:26:16,975][com.java.SeleniumDriver] [  916] - {Data Fields & Data Values Exist}
[INFO ][2016-01-25 12:26:16,975][com.java.SeleniumDriver] [  918] - --------------------------setting values-----------------------------
[INFO ][2016-01-25 12:26:16,975][com.java.SeleniumDriver] [  921] - Action Type : WAITFORELEMENT
[INFO ][2016-01-25 12:26:17,006][com.java.SeleniumDriver] [  930] -  RESULT true
[INFO ][2016-01-25 12:26:17,006][com.java.SeleniumDriver] [ 1136] - ?   P A S S   ?
[INFO ][2016-01-25 12:26:17,006][com.java.SeleniumDriver] [  856] - ------------------------------------------
[INFO ][2016-01-25 12:26:17,006][com.java.SeleniumDriver] [  857] - Test case being Executed: 7
[INFO ][2016-01-25 12:26:17,006][com.java.SeleniumDriver] [  869] - Test step:6
[INFO ][2016-01-25 12:26:17,006][com.java.SeleniumDriver] [  881] - Datavalue is----------2
[INFO ][2016-01-25 12:26:17,006][com.java.SeleniumDriver] [  905] - DataField : XPH//li[@class='inactiveTab']//a[@title='Tip Sheets & Webinars']
[INFO ][2016-01-25 12:26:17,006][com.java.SeleniumDriver] [  907] - DataValue : 2
[INFO ][2016-01-25 12:26:17,006][com.java.SeleniumDriver] [  913] - <In Set values of the page>
[INFO ][2016-01-25 12:26:17,006][com.java.SeleniumDriver] [  916] - {Data Fields & Data Values Exist}
[INFO ][2016-01-25 12:26:17,006][com.java.SeleniumDriver] [  918] - --------------------------setting values-----------------------------
[INFO ][2016-01-25 12:26:17,006][com.java.SeleniumDriver] [  921] - Action Type : WAITFORELEMENT
[INFO ][2016-01-25 12:26:17,036][com.java.SeleniumDriver] [  930] -  RESULT true
[INFO ][2016-01-25 12:26:17,036][com.java.SeleniumDriver] [ 1136] - ?   P A S S   ?
[INFO ][2016-01-25 12:26:17,036][com.java.SeleniumDriver] [  856] - ------------------------------------------
[INFO ][2016-01-25 12:26:17,036][com.java.SeleniumDriver] [  857] - Test case being Executed: 7
[INFO ][2016-01-25 12:26:17,036][com.java.SeleniumDriver] [  869] - Test step:7
[INFO ][2016-01-25 12:26:17,036][com.java.SeleniumDriver] [  881] - Datavalue is----------null
[DEBUG][2016-01-25 12:26:17,036][com.java.SeleniumDriver] [  899] - Exception: null
[INFO ][2016-01-25 12:26:17,036][com.java.SeleniumDriver] [  905] - DataField : XPH//li[@class='inactiveTab']//a[@title='Tip Sheets & Webinars']
[INFO ][2016-01-25 12:26:17,036][com.java.SeleniumDriver] [  907] - DataValue : 
[INFO ][2016-01-25 12:26:17,036][com.java.SeleniumDriver] [  913] - <In Set values of the page>
[INFO ][2016-01-25 12:26:17,036][com.java.SeleniumDriver] [  916] - {Data Fields & Data Values Exist}
[INFO ][2016-01-25 12:26:17,036][com.java.SeleniumDriver] [  918] - --------------------------setting values-----------------------------
[INFO ][2016-01-25 12:26:17,036][com.java.SeleniumDriver] [  921] - Action Type : CLICK
[INFO ][2016-01-25 12:26:17,036][com.java.TestType] [ 6774] - Field ::XPH//li[@class='inactiveTab']//a[@title='Tip Sheets & Webinars']
[INFO ][2016-01-25 12:26:17,036][com.java.TestType] [ 6395] - value = 
[INFO ][2016-01-25 12:26:18,036][com.java.TestType] [ 6947] - BEFORE CLICK
[INFO ][2016-01-25 12:26:18,919][com.java.TestType] [ 6955] - Unable to click the object Click Tip Sheets & Webinars tab
[INFO ][2016-01-25 12:26:18,919][com.java.SeleniumDriver] [  930] -  RESULT true
[INFO ][2016-01-25 12:26:18,919][com.java.SeleniumDriver] [ 1136] - ?   P A S S   ?
[INFO ][2016-01-25 12:26:18,919][com.java.SeleniumDriver] [  856] - ------------------------------------------
[INFO ][2016-01-25 12:26:18,919][com.java.SeleniumDriver] [  857] - Test case being Executed: 7
[INFO ][2016-01-25 12:26:18,919][com.java.SeleniumDriver] [  869] - Test step:8
[INFO ][2016-01-25 12:26:18,919][com.java.SeleniumDriver] [  881] - Datavalue is----------null
[DEBUG][2016-01-25 12:26:18,919][com.java.SeleniumDriver] [  899] - Exception: null
[INFO ][2016-01-25 12:26:18,919][com.java.SeleniumDriver] [  905] - DataField : XPH//li[@class='inactiveTab']//a[@title='Tip Sheets & Webinars']//span[@class='closeimg icon-close icon-xs']
[INFO ][2016-01-25 12:26:18,919][com.java.SeleniumDriver] [  907] - DataValue : 
[INFO ][2016-01-25 12:26:18,919][com.java.SeleniumDriver] [  913] - <In Set values of the page>
[INFO ][2016-01-25 12:26:18,919][com.java.SeleniumDriver] [  916] - {Data Fields & Data Values Exist}
[INFO ][2016-01-25 12:26:18,919][com.java.SeleniumDriver] [  918] - --------------------------setting values-----------------------------
[INFO ][2016-01-25 12:26:18,919][com.java.SeleniumDriver] [  921] - Action Type : CLICK
[INFO ][2016-01-25 12:26:18,919][com.java.TestType] [ 6774] - Field ::XPH//li[@class='inactiveTab']//a[@title='Tip Sheets & Webinars']//span[@class='closeimg icon-close icon-xs']
[INFO ][2016-01-25 12:26:18,919][com.java.TestType] [ 6395] - value = 
[INFO ][2016-01-25 12:26:19,920][com.java.TestType] [ 6947] - BEFORE CLICK
[INFO ][2016-01-25 12:26:20,790][com.java.TestType] [ 6955] - Unable to click the object Close Tip Sheets & Webinars tab
[INFO ][2016-01-25 12:26:20,790][com.java.SeleniumDriver] [  930] -  RESULT true
[INFO ][2016-01-25 12:26:20,790][com.java.SeleniumDriver] [ 1136] - ?   P A S S   ?
[INFO ][2016-01-25 12:26:20,790][com.java.SeleniumDriver] [  856] - ------------------------------------------
[INFO ][2016-01-25 12:26:20,790][com.java.SeleniumDriver] [  857] - Test case being Executed: 7
[INFO ][2016-01-25 12:26:20,790][com.java.SeleniumDriver] [  869] - Test step:9
[INFO ][2016-01-25 12:26:20,790][com.java.SeleniumDriver] [  881] - Datavalue is----------null
[DEBUG][2016-01-25 12:26:20,790][com.java.SeleniumDriver] [  899] - Exception: null
[INFO ][2016-01-25 12:26:20,790][com.java.SeleniumDriver] [  905] - DataField : BTN//iframe[@class='frameTabContent']
[INFO ][2016-01-25 12:26:20,790][com.java.SeleniumDriver] [  907] - DataValue : 
[INFO ][2016-01-25 12:26:20,790][com.java.SeleniumDriver] [  913] - <In Set values of the page>
[INFO ][2016-01-25 12:26:20,790][com.java.SeleniumDriver] [  916] - {Data Fields & Data Values Exist}
[INFO ][2016-01-25 12:26:20,790][com.java.SeleniumDriver] [  918] - --------------------------setting values-----------------------------
[INFO ][2016-01-25 12:26:20,790][com.java.SeleniumDriver] [  921] - Action Type : SELECTFRAME
[INFO ][2016-01-25 12:26:20,871][com.java.SeleniumDriver] [  930] -  RESULT true
[INFO ][2016-01-25 12:26:20,871][com.java.SeleniumDriver] [ 1136] - ?   P A S S   ?
[INFO ][2016-01-25 12:26:20,871][com.java.SeleniumDriver] [  856] - ------------------------------------------
[INFO ][2016-01-25 12:26:20,871][com.java.SeleniumDriver] [  857] - Test case being Executed: 7
[INFO ][2016-01-25 12:26:20,871][com.java.SeleniumDriver] [  869] - Test step:10
[INFO ][2016-01-25 12:26:20,871][com.java.SeleniumDriver] [  881] - Datavalue is----------null
[DEBUG][2016-01-25 12:26:20,871][com.java.SeleniumDriver] [  899] - Exception: null
[INFO ][2016-01-25 12:26:20,871][com.java.SeleniumDriver] [  905] - DataField : BTN//a[contains(text(),'Recorded Webinars')]
[INFO ][2016-01-25 12:26:20,871][com.java.SeleniumDriver] [  907] - DataValue : 
[INFO ][2016-01-25 12:26:20,871][com.java.SeleniumDriver] [  913] - <In Set values of the page>
[INFO ][2016-01-25 12:26:20,871][com.java.SeleniumDriver] [  916] - {Data Fields & Data Values Exist}
[INFO ][2016-01-25 12:26:20,871][com.java.SeleniumDriver] [  918] - --------------------------setting values-----------------------------
[INFO ][2016-01-25 12:26:20,871][com.java.SeleniumDriver] [  921] - Action Type : CLICK
[INFO ][2016-01-25 12:26:20,871][com.java.TestType] [ 6774] - Field ::BTN//a[contains(text(),'Recorded Webinars')]
[INFO ][2016-01-25 12:26:20,871][com.java.TestType] [ 6395] - value = 
[INFO ][2016-01-25 12:26:21,871][com.java.TestType] [ 6926] - BEFORE CLICK
[INFO ][2016-01-25 12:26:22,672][com.java.TestType] [ 6933] - Unable to click the object Recorded Webinars
[INFO ][2016-01-25 12:26:22,672][com.java.SeleniumDriver] [  930] -  RESULT true
[INFO ][2016-01-25 12:26:22,672][com.java.SeleniumDriver] [ 1136] - ?   P A S S   ?
[INFO ][2016-01-25 12:26:22,672][com.java.SeleniumDriver] [  856] - ------------------------------------------
[INFO ][2016-01-25 12:26:22,672][com.java.SeleniumDriver] [  857] - Test case being Executed: 7
[INFO ][2016-01-25 12:26:22,672][com.java.SeleniumDriver] [  869] - Test step:11
[INFO ][2016-01-25 12:26:22,672][com.java.SeleniumDriver] [  881] - Datavalue is----------//tr[1]/td[2]/div/a/span
[INFO ][2016-01-25 12:26:22,672][com.java.SeleniumDriver] [  905] - DataField : BTN
[INFO ][2016-01-25 12:26:22,672][com.java.SeleniumDriver] [  907] - DataValue : //tr[1]/td[2]/div/a/span
[INFO ][2016-01-25 12:26:22,672][com.java.SeleniumDriver] [  913] - <In Set values of the page>
[INFO ][2016-01-25 12:26:22,672][com.java.SeleniumDriver] [  916] - {Data Fields & Data Values Exist}
[INFO ][2016-01-25 12:26:22,672][com.java.SeleniumDriver] [  918] - --------------------------setting values-----------------------------
[INFO ][2016-01-25 12:26:22,672][com.java.SeleniumDriver] [  921] - Action Type : VERIFYNOTPRESENT
[INFO ][2016-01-25 12:26:22,672][com.java.TestType] [ 9734] - field= BTN value= //tr[1]/td[2]/div/a/span
[INFO ][2016-01-25 12:26:43,076][com.java.SeleniumDriver] [  930] -  RESULT true
[INFO ][2016-01-25 12:26:43,076][com.java.SeleniumDriver] [ 1136] - ?   P A S S   ?
[INFO ][2016-01-25 12:26:43,076][com.java.SeleniumDriver] [  856] - ------------------------------------------
[INFO ][2016-01-25 12:26:43,076][com.java.SeleniumDriver] [  857] - Test case being Executed: 7
[INFO ][2016-01-25 12:26:43,076][com.java.SeleniumDriver] [  869] - Test step:12
[INFO ][2016-01-25 12:26:43,076][com.java.SeleniumDriver] [  881] - Datavalue is----------//tr[1]/td[3]/div/button
[INFO ][2016-01-25 12:26:43,076][com.java.SeleniumDriver] [  905] - DataField : BTN
[INFO ][2016-01-25 12:26:43,076][com.java.SeleniumDriver] [  907] - DataValue : //tr[1]/td[3]/div/button
[INFO ][2016-01-25 12:26:43,076][com.java.SeleniumDriver] [  913] - <In Set values of the page>
[INFO ][2016-01-25 12:26:43,076][com.java.SeleniumDriver] [  916] - {Data Fields & Data Values Exist}
[INFO ][2016-01-25 12:26:43,076][com.java.SeleniumDriver] [  918] - --------------------------setting values-----------------------------
[INFO ][2016-01-25 12:26:43,076][com.java.SeleniumDriver] [  921] - Action Type : VERIFYNOTPRESENT
[INFO ][2016-01-25 12:26:43,076][com.java.TestType] [ 9734] - field= BTN value= //tr[1]/td[3]/div/button
[INFO ][2016-01-25 12:27:03,502][com.java.SeleniumDriver] [  930] -  RESULT true
[INFO ][2016-01-25 12:27:03,502][com.java.SeleniumDriver] [ 1136] - ?   P A S S   ?
[INFO ][2016-01-25 12:27:03,502][com.java.SeleniumDriver] [  856] - ------------------------------------------
[INFO ][2016-01-25 12:27:03,502][com.java.SeleniumDriver] [  857] - Test case being Executed: 7
[INFO ][2016-01-25 12:27:03,502][com.java.SeleniumDriver] [  869] - Test step:13
[INFO ][2016-01-25 12:27:03,502][com.java.SeleniumDriver] [  881] - Datavalue is----------null
[DEBUG][2016-01-25 12:27:03,502][com.java.SeleniumDriver] [  899] - Exception: null
[INFO ][2016-01-25 12:27:03,502][com.java.SeleniumDriver] [  905] - DataField : BTN//a[contains(text(),'Tip Sheets')]
[INFO ][2016-01-25 12:27:03,502][com.java.SeleniumDriver] [  907] - DataValue : 
[INFO ][2016-01-25 12:27:03,502][com.java.SeleniumDriver] [  913] - <In Set values of the page>
[INFO ][2016-01-25 12:27:03,502][com.java.SeleniumDriver] [  916] - {Data Fields & Data Values Exist}
[INFO ][2016-01-25 12:27:03,502][com.java.SeleniumDriver] [  918] - --------------------------setting values-----------------------------
[INFO ][2016-01-25 12:27:03,502][com.java.SeleniumDriver] [  921] - Action Type : CLICK
[INFO ][2016-01-25 12:27:03,502][com.java.TestType] [ 6774] - Field ::BTN//a[contains(text(),'Tip Sheets')]
[INFO ][2016-01-25 12:27:03,502][com.java.TestType] [ 6395] - value = 
[INFO ][2016-01-25 12:27:04,503][com.java.TestType] [ 6926] - BEFORE CLICK
[INFO ][2016-01-25 12:27:05,204][com.java.TestType] [ 6933] - Unable to click the object Recorded Webinars
[INFO ][2016-01-25 12:27:05,204][com.java.SeleniumDriver] [  930] -  RESULT true
[INFO ][2016-01-25 12:27:05,204][com.java.SeleniumDriver] [ 1136] - ?   P A S S   ?
[INFO ][2016-01-25 12:27:05,204][com.java.SeleniumDriver] [  856] - ------------------------------------------
[INFO ][2016-01-25 12:27:05,204][com.java.SeleniumDriver] [  857] - Test case being Executed: 7
[INFO ][2016-01-25 12:27:05,204][com.java.SeleniumDriver] [  869] - Test step:14
[INFO ][2016-01-25 12:27:05,204][com.java.SeleniumDriver] [  881] - Datavalue is----------//tr[1]/td[2]/div/a/span
[INFO ][2016-01-25 12:27:05,204][com.java.SeleniumDriver] [  905] - DataField : BTN
[INFO ][2016-01-25 12:27:05,204][com.java.SeleniumDriver] [  907] - DataValue : //tr[1]/td[2]/div/a/span
[INFO ][2016-01-25 12:27:05,204][com.java.SeleniumDriver] [  913] - <In Set values of the page>
[INFO ][2016-01-25 12:27:05,204][com.java.SeleniumDriver] [  916] - {Data Fields & Data Values Exist}
[INFO ][2016-01-25 12:27:05,204][com.java.SeleniumDriver] [  918] - --------------------------setting values-----------------------------
[INFO ][2016-01-25 12:27:05,204][com.java.SeleniumDriver] [  921] - Action Type : VERIFYNOTPRESENT
[INFO ][2016-01-25 12:27:05,204][com.java.TestType] [ 9734] - field= BTN value= //tr[1]/td[2]/div/a/span
[INFO ][2016-01-25 12:27:25,663][com.java.SeleniumDriver] [  930] -  RESULT true
[INFO ][2016-01-25 12:27:25,663][com.java.SeleniumDriver] [ 1136] - ?   P A S S   ?
[INFO ][2016-01-25 12:27:25,663][com.java.SeleniumDriver] [  856] - ------------------------------------------
[INFO ][2016-01-25 12:27:25,663][com.java.SeleniumDriver] [  857] - Test case being Executed: 7
[INFO ][2016-01-25 12:27:25,663][com.java.SeleniumDriver] [  869] - Test step:15
[INFO ][2016-01-25 12:27:25,663][com.java.SeleniumDriver] [  881] - Datavalue is----------//tr[1]/td[3]/div/button
[INFO ][2016-01-25 12:27:25,663][com.java.SeleniumDriver] [  905] - DataField : BTN
[INFO ][2016-01-25 12:27:25,663][com.java.SeleniumDriver] [  907] - DataValue : //tr[1]/td[3]/div/button
[INFO ][2016-01-25 12:27:25,663][com.java.SeleniumDriver] [  913] - <In Set values of the page>
[INFO ][2016-01-25 12:27:25,663][com.java.SeleniumDriver] [  916] - {Data Fields & Data Values Exist}
[INFO ][2016-01-25 12:27:25,663][com.java.SeleniumDriver] [  918] - --------------------------setting values-----------------------------
[INFO ][2016-01-25 12:27:25,663][com.java.SeleniumDriver] [  921] - Action Type : VERIFYNOTPRESENT
[INFO ][2016-01-25 12:27:25,663][com.java.TestType] [ 9734] - field= BTN value= //tr[1]/td[3]/div/button
[INFO ][2016-01-25 12:27:46,080][com.java.SeleniumDriver] [  930] -  RESULT true
[INFO ][2016-01-25 12:27:46,080][com.java.SeleniumDriver] [ 1136] - ?   P A S S   ?
[INFO ][2016-01-25 12:27:46,080][com.java.SeleniumDriver] [  856] - ------------------------------------------
[INFO ][2016-01-25 12:27:46,080][com.java.SeleniumDriver] [  857] - Test case being Executed: 7
[INFO ][2016-01-25 12:27:46,080][com.java.SeleniumDriver] [  869] - Test step:16
[INFO ][2016-01-25 12:27:46,080][com.java.SeleniumDriver] [  881] - Datavalue is----------null
[DEBUG][2016-01-25 12:27:46,080][com.java.SeleniumDriver] [  899] - Exception: null
[INFO ][2016-01-25 12:27:46,080][com.java.SeleniumDriver] [  905] - DataField : BTN//a[contains(text(),'Recorded Webinars')]
[INFO ][2016-01-25 12:27:46,080][com.java.SeleniumDriver] [  907] - DataValue : 
[INFO ][2016-01-25 12:27:46,080][com.java.SeleniumDriver] [  913] - <In Set values of the page>
[INFO ][2016-01-25 12:27:46,080][com.java.SeleniumDriver] [  916] - {Data Fields & Data Values Exist}
[INFO ][2016-01-25 12:27:46,080][com.java.SeleniumDriver] [  918] - --------------------------setting values-----------------------------
[INFO ][2016-01-25 12:27:46,080][com.java.SeleniumDriver] [  921] - Action Type : CLICK
[INFO ][2016-01-25 12:27:46,080][com.java.TestType] [ 6774] - Field ::BTN//a[contains(text(),'Recorded Webinars')]
[INFO ][2016-01-25 12:27:46,080][com.java.TestType] [ 6395] - value = 
[INFO ][2016-01-25 12:27:47,081][com.java.TestType] [ 6926] - BEFORE CLICK
[INFO ][2016-01-25 12:27:47,792][com.java.TestType] [ 6933] - Unable to click the object Recorded Webinars
[INFO ][2016-01-25 12:27:47,792][com.java.SeleniumDriver] [  930] -  RESULT true
[INFO ][2016-01-25 12:27:47,792][com.java.SeleniumDriver] [ 1136] - ?   P A S S   ?
[INFO ][2016-01-25 12:27:47,792][com.java.SeleniumDriver] [  856] - ------------------------------------------
[INFO ][2016-01-25 12:27:47,792][com.java.SeleniumDriver] [  857] - Test case being Executed: 7
[INFO ][2016-01-25 12:27:47,792][com.java.SeleniumDriver] [  869] - Test step:17
[INFO ][2016-01-25 12:27:47,792][com.java.SeleniumDriver] [  881] - Datavalue is----------2
[INFO ][2016-01-25 12:27:47,792][com.java.SeleniumDriver] [  905] - DataField : LNK//a[contains(text(),'Risk Based Capital')]
[INFO ][2016-01-25 12:27:47,792][com.java.SeleniumDriver] [  907] - DataValue : 2
[INFO ][2016-01-25 12:27:47,792][com.java.SeleniumDriver] [  913] - <In Set values of the page>
[INFO ][2016-01-25 12:27:47,792][com.java.SeleniumDriver] [  916] - {Data Fields & Data Values Exist}
[INFO ][2016-01-25 12:27:47,792][com.java.SeleniumDriver] [  918] - --------------------------setting values-----------------------------
[INFO ][2016-01-25 12:27:47,792][com.java.SeleniumDriver] [  921] - Action Type : WAITFORELEMENT
[INFO ][2016-01-25 12:27:47,812][com.java.SeleniumDriver] [  930] -  RESULT true
[INFO ][2016-01-25 12:27:47,812][com.java.SeleniumDriver] [ 1136] - ?   P A S S   ?
[INFO ][2016-01-25 12:27:47,812][com.java.SeleniumDriver] [  856] - ------------------------------------------
[INFO ][2016-01-25 12:27:47,812][com.java.SeleniumDriver] [  857] - Test case being Executed: 7
[INFO ][2016-01-25 12:27:47,812][com.java.SeleniumDriver] [  869] - Test step:18
[INFO ][2016-01-25 12:27:47,812][com.java.SeleniumDriver] [  881] - Datavalue is----------null
[DEBUG][2016-01-25 12:27:47,812][com.java.SeleniumDriver] [  899] - Exception: null
[INFO ][2016-01-25 12:27:47,812][com.java.SeleniumDriver] [  905] - DataField : LNK//a[contains(text(),'Risk Based Capital')]
[INFO ][2016-01-25 12:27:47,812][com.java.SeleniumDriver] [  907] - DataValue : 
[INFO ][2016-01-25 12:27:47,812][com.java.SeleniumDriver] [  913] - <In Set values of the page>
[INFO ][2016-01-25 12:27:47,812][com.java.SeleniumDriver] [  916] - {Data Fields & Data Values Exist}
[INFO ][2016-01-25 12:27:47,812][com.java.SeleniumDriver] [  918] - --------------------------setting values-----------------------------
[INFO ][2016-01-25 12:27:47,812][com.java.SeleniumDriver] [  921] - Action Type : CLICK
[INFO ][2016-01-25 12:27:47,812][com.java.TestType] [ 6774] - Field ::LNK//a[contains(text(),'Risk Based Capital')]
[INFO ][2016-01-25 12:27:47,812][com.java.TestType] [ 6395] - value = 
[INFO ][2016-01-25 12:27:48,812][com.java.TestType] [ 6910] - BEFORE CLICK on //a[contains(text(),'Risk Based Capital')]
[INFO ][2016-01-25 12:27:49,193][com.java.SeleniumDriver] [  930] -  RESULT true
[INFO ][2016-01-25 12:27:49,193][com.java.SeleniumDriver] [ 1136] - ?   P A S S   ?
[INFO ][2016-01-25 12:27:49,193][com.java.SeleniumDriver] [  856] - ------------------------------------------
[INFO ][2016-01-25 12:27:49,193][com.java.SeleniumDriver] [  857] - Test case being Executed: 7
[INFO ][2016-01-25 12:27:49,193][com.java.SeleniumDriver] [  869] - Test step:19
[INFO ][2016-01-25 12:27:49,193][com.java.SeleniumDriver] [  881] - Datavalue is----------Recording Information
[INFO ][2016-01-25 12:27:49,193][com.java.SeleniumDriver] [  905] - DataField : TTL
[INFO ][2016-01-25 12:27:49,193][com.java.SeleniumDriver] [  907] - DataValue : Recording Information
[INFO ][2016-01-25 12:27:49,193][com.java.SeleniumDriver] [  913] - <In Set values of the page>
[INFO ][2016-01-25 12:27:49,193][com.java.SeleniumDriver] [  916] - {Data Fields & Data Values Exist}
[INFO ][2016-01-25 12:27:49,193][com.java.SeleniumDriver] [  918] - --------------------------setting values-----------------------------
[INFO ][2016-01-25 12:27:49,193][com.java.SeleniumDriver] [  921] - Action Type : SELECTWINDOW
[INFO ][2016-01-25 12:28:01,799][com.java.SeleniumDriver] [  930] -  RESULT true
[INFO ][2016-01-25 12:28:01,799][com.java.SeleniumDriver] [ 1136] - ?   P A S S   ?
[INFO ][2016-01-25 12:28:01,799][com.java.SeleniumDriver] [  856] - ------------------------------------------
[INFO ][2016-01-25 12:28:01,799][com.java.SeleniumDriver] [  857] - Test case being Executed: 7
[INFO ][2016-01-25 12:28:01,799][com.java.SeleniumDriver] [  869] - Test step:20
[INFO ][2016-01-25 12:28:01,799][com.java.SeleniumDriver] [  881] - Datavalue is----------null
[DEBUG][2016-01-25 12:28:01,799][com.java.SeleniumDriver] [  899] - Exception: null
[INFO ][2016-01-25 12:28:01,799][com.java.SeleniumDriver] [  905] - DataField : BTNplaybackB
[INFO ][2016-01-25 12:28:01,799][com.java.SeleniumDriver] [  907] - DataValue : 
[INFO ][2016-01-25 12:28:01,799][com.java.SeleniumDriver] [  913] - <In Set values of the page>
[INFO ][2016-01-25 12:28:01,799][com.java.SeleniumDriver] [  916] - {Data Fields & Data Values Exist}
[INFO ][2016-01-25 12:28:01,799][com.java.SeleniumDriver] [  918] - --------------------------setting values-----------------------------
[INFO ][2016-01-25 12:28:01,799][com.java.SeleniumDriver] [  921] - Action Type : CLICK
[INFO ][2016-01-25 12:28:01,799][com.java.TestType] [ 6774] - Field ::BTNplaybackB
[INFO ][2016-01-25 12:28:01,799][com.java.TestType] [ 6395] - value = 
[INFO ][2016-01-25 12:28:02,799][com.java.TestType] [ 6926] - BEFORE CLICK
[INFO ][2016-01-25 12:28:10,117][com.java.TestType] [ 6933] - Unable to click the object Playback button
[INFO ][2016-01-25 12:28:10,117][com.java.SeleniumDriver] [  930] -  RESULT true
[INFO ][2016-01-25 12:28:10,117][com.java.SeleniumDriver] [ 1136] - ?   P A S S   ?
[DEBUG][2016-01-25 12:28:10,117][com.java.SeleniumDriver] [ 1248] - Case found
[DEBUG][2016-01-25 12:28:10,117][com.java.SeleniumDriver] [ 1253] - Incrementing ReportCounters[0]:6
[INFO ][2016-01-25 12:28:10,117][com.java.SeleniumDriver] [ 1272] - The results are-------------------[7, 1, Support:Tip Sheets and Webinars: Play Recorded Webinars, Pass, , Mon Jan 25 12:25:48 IST 2016, 7, 3, Support:Tip Sheets and Webinars: Play Recorded Webinars, Pass, , Mon Jan 25 12:25:53 IST 2016, 7, 4, Support:Tip Sheets and Webinars: Play Recorded Webinars, Pass, , Mon Jan 25 12:26:16 IST 2016, 7, 5, Support:Tip Sheets and Webinars: Play Recorded Webinars, Pass, , Mon Jan 25 12:26:17 IST 2016, 7, 6, Support:Tip Sheets and Webinars: Play Recorded Webinars, Pass, , Mon Jan 25 12:26:17 IST 2016, 7, 7, Support:Tip Sheets and Webinars: Play Recorded Webinars, Pass, , Mon Jan 25 12:26:18 IST 2016, 7, 8, Support:Tip Sheets and Webinars: Play Recorded Webinars, Pass, , Mon Jan 25 12:26:20 IST 2016, 7, 9, Support:Tip Sheets and Webinars: Play Recorded Webinars, Pass, , Mon Jan 25 12:26:20 IST 2016, 7, 10, Support:Tip Sheets and Webinars: Play Recorded Webinars, Pass, , Mon Jan 25 12:26:22 IST 2016, 7, 11, Support:Tip Sheets and Webinars: Play Recorded Webinars, Pass, , Mon Jan 25 12:26:43 IST 2016, 7, 12, Support:Tip Sheets and Webinars: Play Recorded Webinars, Pass, , Mon Jan 25 12:27:03 IST 2016, 7, 13, Support:Tip Sheets and Webinars: Play Recorded Webinars, Pass, , Mon Jan 25 12:27:05 IST 2016, 7, 14, Support:Tip Sheets and Webinars: Play Recorded Webinars, Pass, , Mon Jan 25 12:27:25 IST 2016, 7, 15, Support:Tip Sheets and Webinars: Play Recorded Webinars, Pass, , Mon Jan 25 12:27:46 IST 2016, 7, 16, Support:Tip Sheets and Webinars: Play Recorded Webinars, Pass, , Mon Jan 25 12:27:47 IST 2016, 7, 17, Support:Tip Sheets and Webinars: Play Recorded Webinars, Pass, , Mon Jan 25 12:27:47 IST 2016, 7, 18, Support:Tip Sheets and Webinars: Play Recorded Webinars, Pass, , Mon Jan 25 12:27:49 IST 2016, 7, 19, Support:Tip Sheets and Webinars: Play Recorded Webinars, Pass, , Mon Jan 25 12:28:01 IST 2016, 7, 20, Support:Tip Sheets and Webinars: Play Recorded Webinars, Pass, , Mon Jan 25 12:28:10 IST 2016]
[INFO ][2016-01-25 12:28:10,117][com.java.SeleniumDriver] [ 1276] - End time is-------7 min 45 sec
[INFO ][2016-01-25 12:28:10,117][com.java.SeleniumDriver] [ 1277] - The results are-------------------[7, 1, Support:Tip Sheets and Webinars: Play Recorded Webinars, Pass, , Mon Jan 25 12:25:48 IST 2016, 7, 3, Support:Tip Sheets and Webinars: Play Recorded Webinars, Pass, , Mon Jan 25 12:25:53 IST 2016, 7, 4, Support:Tip Sheets and Webinars: Play Recorded Webinars, Pass, , Mon Jan 25 12:26:16 IST 2016, 7, 5, Support:Tip Sheets and Webinars: Play Recorded Webinars, Pass, , Mon Jan 25 12:26:17 IST 2016, 7, 6, Support:Tip Sheets and Webinars: Play Recorded Webinars, Pass, , Mon Jan 25 12:26:17 IST 2016, 7, 7, Support:Tip Sheets and Webinars: Play Recorded Webinars, Pass, , Mon Jan 25 12:26:18 IST 2016, 7, 8, Support:Tip Sheets and Webinars: Play Recorded Webinars, Pass, , Mon Jan 25 12:26:20 IST 2016, 7, 9, Support:Tip Sheets and Webinars: Play Recorded Webinars, Pass, , Mon Jan 25 12:26:20 IST 2016, 7, 10, Support:Tip Sheets and Webinars: Play Recorded Webinars, Pass, , Mon Jan 25 12:26:22 IST 2016, 7, 11, Support:Tip Sheets and Webinars: Play Recorded Webinars, Pass, , Mon Jan 25 12:26:43 IST 2016, 7, 12, Support:Tip Sheets and Webinars: Play Recorded Webinars, Pass, , Mon Jan 25 12:27:03 IST 2016, 7, 13, Support:Tip Sheets and Webinars: Play Recorded Webinars, Pass, , Mon Jan 25 12:27:05 IST 2016, 7, 14, Support:Tip Sheets and Webinars: Play Recorded Webinars, Pass, , Mon Jan 25 12:27:25 IST 2016, 7, 15, Support:Tip Sheets and Webinars: Play Recorded Webinars, Pass, , Mon Jan 25 12:27:46 IST 2016, 7, 16, Support:Tip Sheets and Webinars: Play Recorded Webinars, Pass, , Mon Jan 25 12:27:47 IST 2016, 7, 17, Support:Tip Sheets and Webinars: Play Recorded Webinars, Pass, , Mon Jan 25 12:27:47 IST 2016, 7, 18, Support:Tip Sheets and Webinars: Play Recorded Webinars, Pass, , Mon Jan 25 12:27:49 IST 2016, 7, 19, Support:Tip Sheets and Webinars: Play Recorded Webinars, Pass, , Mon Jan 25 12:28:01 IST 2016, 7, 20, Support:Tip Sheets and Webinars: Play Recorded Webinars, Pass, , Mon Jan 25 12:28:10 IST 2016]
[DEBUG][2016-01-25 12:28:10,117][com.java.ImportnExport.ExportTestResultsExcel] [  222] - testResultPath = D:\BankersDashboard/TestReports/Test Results_BankersDashBoard_012516_122026_IE10_Any Bank USA.xls
[DEBUG][2016-01-25 12:28:10,117][com.java.ImportnExport.ExportTestResultsExcel] [  223] - browser is------------IE10
[DEBUG][2016-01-25 12:28:10,117][com.java.ImportnExport.ExportTestResultsExcel] [  270] - result.size() = 114
[DEBUG][2016-01-25 12:28:10,117][com.java.ImportnExport.ExportTestResultsExcel] [  274] - No of rows in sheet=7
[DEBUG][2016-01-25 12:28:10,117][com.java.ImportnExport.ExportTestResultsExcel] [  301] - ..in export..7
[DEBUG][2016-01-25 12:28:10,117][com.java.ImportnExport.ExportTestResultsExcel] [  301] - ..in export..Support:Tip Sheets and Webinars: Play Recorded Webinars
[DEBUG][2016-01-25 12:28:10,117][com.java.ImportnExport.ExportTestResultsExcel] [  301] - ..in export..Pass
[DEBUG][2016-01-25 12:28:10,117][com.java.ImportnExport.ExportTestResultsExcel] [  301] - ..in export..
[DEBUG][2016-01-25 12:28:10,117][com.java.ImportnExport.ExportTestResultsExcel] [  301] - ..in export..Mon Jan 25 12:25:48 IST 2016
[INFO ][2016-01-25 12:28:10,117][com.java.SeleniumDriver] [ 1337] - out loop:6 size:10 TestCases:[1, 2, 3, 4, 5, 6, 7, 8, 9, 10] testcases:[1, 2, 3, 4, 5, 6, 7, 8, 9, 10]
[INFO ][2016-01-25 12:28:10,117][com.java.ImportnExport.ImportTestDataDetailsExcel] [   49] - test data details path===== D:\BankersDashboard\TestInputs\TestData.xls
[INFO ][2016-01-25 12:28:25,745][com.java.SeleniumDriver] [  856] - ------------------------------------------
[INFO ][2016-01-25 12:28:25,745][com.java.SeleniumDriver] [  857] - Test case being Executed: 8
[INFO ][2016-01-25 12:28:25,745][com.java.SeleniumDriver] [  869] - Test step:1
[INFO ][2016-01-25 12:28:25,745][com.java.SeleniumDriver] [  881] - Datavalue is----------Logout
[INFO ][2016-01-25 12:28:25,745][com.java.SeleniumDriver] [  905] - DataField : BTN
[INFO ][2016-01-25 12:28:25,745][com.java.SeleniumDriver] [  907] - DataValue : Logout
[INFO ][2016-01-25 12:28:25,745][com.java.SeleniumDriver] [  913] - <In Set values of the page>
[INFO ][2016-01-25 12:28:25,745][com.java.SeleniumDriver] [  916] - {Data Fields & Data Values Exist}
[INFO ][2016-01-25 12:28:25,745][com.java.SeleniumDriver] [  918] - --------------------------setting values-----------------------------
[INFO ][2016-01-25 12:28:25,745][com.java.SeleniumDriver] [  921] - Action Type : Verify
[INFO ][2016-01-25 12:28:25,745][com.java.TestType] [ 7985] - field= BTN value= Logout
[INFO ][2016-01-25 12:28:25,745][com.java.TestType] [ 6395] - value = Logout
[INFO ][2016-01-25 12:28:25,806][com.java.SeleniumDriver] [  930] -  RESULT true
[INFO ][2016-01-25 12:28:25,806][com.java.SeleniumDriver] [ 1136] - ?   P A S S   ?
[INFO ][2016-01-25 12:28:25,806][com.java.SeleniumDriver] [ 1178] - step change to 3
[INFO ][2016-01-25 12:28:25,806][com.java.SeleniumDriver] [  856] - ------------------------------------------
[INFO ][2016-01-25 12:28:25,806][com.java.SeleniumDriver] [  857] - Test case being Executed: 8
[INFO ][2016-01-25 12:28:25,806][com.java.SeleniumDriver] [  869] - Test step:3
[INFO ][2016-01-25 12:28:25,806][com.java.SeleniumDriver] [  881] - Datavalue is----------Concept#2:1-2
[INFO ][2016-01-25 12:28:25,806][com.java.SeleniumDriver] [  905] - DataField : test
[INFO ][2016-01-25 12:28:25,806][com.java.SeleniumDriver] [  907] - DataValue : Concept#2:1-2
[INFO ][2016-01-25 12:28:25,806][com.java.SeleniumDriver] [  913] - <In Set values of the page>
[INFO ][2016-01-25 12:28:25,806][com.java.SeleniumDriver] [  916] - {Data Fields & Data Values Exist}
[INFO ][2016-01-25 12:28:25,806][com.java.SeleniumDriver] [  918] - --------------------------setting values-----------------------------
[INFO ][2016-01-25 12:28:25,806][com.java.SeleniumDriver] [  921] - Action Type : ExecuteTestCase
[INFO ][2016-01-25 12:28:25,806][com.java.TestType] [  442] - The Concept sheet name is ---------- Concept
[INFO ][2016-01-25 12:28:25,806][com.java.TestType] [  445] - The Concept ID  is ---------- 2
[DEBUG][2016-01-25 12:28:25,806][com.java.TestType] [  449] - Steps being executted in the Concept are: 1:2
[INFO ][2016-01-25 12:28:25,806][com.java.TestType] [  456] - Test data details path ---------- D:\BankersDashboard\TestInputs\TestData.xls
[INFO ][2016-01-25 12:28:25,816][com.java.TestType] [  487] -  str(1) = 2
[INFO ][2016-01-25 12:28:25,816][com.java.TestType] [  490] - Test case Id is---2
[INFO ][2016-01-25 12:28:25,816][com.java.TestType] [  492] - 2
[INFO ][2016-01-25 12:28:25,816][com.java.TestType] [  487] -  str(2) = 1
[INFO ][2016-01-25 12:28:25,816][com.java.TestType] [  487] -  str(1) = 2
[INFO ][2016-01-25 12:28:25,816][com.java.TestType] [  490] - Test case Id is---2
[INFO ][2016-01-25 12:28:25,816][com.java.TestType] [  492] - 2
[INFO ][2016-01-25 12:28:25,816][com.java.TestType] [  487] -  str(2) = 2
[INFO ][2016-01-25 12:28:25,826][com.java.TestType] [  487] -  str(1) = 2
[INFO ][2016-01-25 12:28:25,826][com.java.TestType] [  490] - Test case Id is---2
[INFO ][2016-01-25 12:28:25,826][com.java.TestType] [  492] - 2
[INFO ][2016-01-25 12:28:25,826][com.java.TestType] [  487] -  str(2) = 3
[INFO ][2016-01-25 12:28:25,826][com.java.TestType] [11650] - Looping 1TCID = 2
[DEBUG][2016-01-25 12:28:25,826][com.java.TestType] [11691] - Concept ID:2 :: Step being Executed: 2::1
[INFO ][2016-01-25 12:28:25,826][com.java.TestType] [11729] - dataFields : BNK//select[@id='bank']
[DEBUG][2016-01-25 12:28:25,826][com.java.TestType] [11735] - <In Set values of the page>
[DEBUG][2016-01-25 12:28:25,826][com.java.TestType] [11740] - {Data Fields & Data Values Exist}
[INFO ][2016-01-25 12:28:25,826][com.java.TestType] [11746] - --------------------------setting values-----------------------------
[INFO ][2016-01-25 12:28:25,826][com.java.TestType] [11749] - Action Type : Select
[INFO ][2016-01-25 12:28:25,826][com.java.TestType] [ 6395] - value = PFC
[INFO ][2016-01-25 12:28:26,036][com.java.TestType] [11768] -  RESULT true
[INFO ][2016-01-25 12:28:26,036][com.java.TestType] [11885] - ?   P A S S   ?
[DEBUG][2016-01-25 12:28:26,036][com.java.TestType] [11691] - Concept ID:2 :: Step being Executed: 2::2
[INFO ][2016-01-25 12:28:26,036][com.java.TestType] [11729] - dataFields : LNKLogout
[DEBUG][2016-01-25 12:28:26,036][com.java.TestType] [11735] - <In Set values of the page>
[DEBUG][2016-01-25 12:28:26,036][com.java.TestType] [11740] - {Data Fields & Data Values Exist}
[INFO ][2016-01-25 12:28:26,036][com.java.TestType] [11746] - --------------------------setting values-----------------------------
[INFO ][2016-01-25 12:28:26,036][com.java.TestType] [11749] - Action Type : WaitTime
[DEBUG][2016-01-25 12:28:26,036][com.java.TestType] [ 6209] - sleepTime: 5000
[INFO ][2016-01-25 12:28:31,036][com.java.TestType] [11768] -  RESULT true
[INFO ][2016-01-25 12:28:31,036][com.java.TestType] [11885] - ?   P A S S   ?
[INFO ][2016-01-25 12:28:31,036][com.java.TestType] [11956] - Looping End......
[INFO ][2016-01-25 12:28:31,036][com.java.SeleniumDriver] [  930] -  RESULT true
[INFO ][2016-01-25 12:28:31,036][com.java.SeleniumDriver] [ 1136] - ?   P A S S   ?
[INFO ][2016-01-25 12:28:31,036][com.java.SeleniumDriver] [  856] - ------------------------------------------
[INFO ][2016-01-25 12:28:31,036][com.java.SeleniumDriver] [  857] - Test case being Executed: 8
[INFO ][2016-01-25 12:28:31,036][com.java.SeleniumDriver] [  869] - Test step:4
[INFO ][2016-01-25 12:28:31,036][com.java.SeleniumDriver] [  881] - Datavalue is----------null
[DEBUG][2016-01-25 12:28:31,036][com.java.SeleniumDriver] [  899] - Exception: null
[INFO ][2016-01-25 12:28:31,036][com.java.SeleniumDriver] [  905] - DataField : //span[@class='icon-question']&&//a[text()='Tip Sheets & Webinars']
[INFO ][2016-01-25 12:28:31,036][com.java.SeleniumDriver] [  907] - DataValue : 
[INFO ][2016-01-25 12:28:31,036][com.java.SeleniumDriver] [  913] - <In Set values of the page>
[INFO ][2016-01-25 12:28:31,036][com.java.SeleniumDriver] [  916] - {Data Fields & Data Values Exist}
[INFO ][2016-01-25 12:28:31,036][com.java.SeleniumDriver] [  918] - --------------------------setting values-----------------------------
[INFO ][2016-01-25 12:28:31,036][com.java.SeleniumDriver] [  921] - Action Type : MOUSEOVER
[INFO ][2016-01-25 12:28:54,073][com.java.SeleniumDriver] [  930] -  RESULT true
[INFO ][2016-01-25 12:28:54,073][com.java.SeleniumDriver] [ 1136] - ?   P A S S   ?
[INFO ][2016-01-25 12:28:54,073][com.java.SeleniumDriver] [  856] - ------------------------------------------
[INFO ][2016-01-25 12:28:54,073][com.java.SeleniumDriver] [  857] - Test case being Executed: 8
[INFO ][2016-01-25 12:28:54,073][com.java.SeleniumDriver] [  869] - Test step:5
[INFO ][2016-01-25 12:28:54,073][com.java.SeleniumDriver] [  881] - Datavalue is----------5
[INFO ][2016-01-25 12:28:54,073][com.java.SeleniumDriver] [  905] - DataField : BTN//iframe[@class='frameTabContent']
[INFO ][2016-01-25 12:28:54,073][com.java.SeleniumDriver] [  907] - DataValue : 5
[INFO ][2016-01-25 12:28:54,073][com.java.SeleniumDriver] [  913] - <In Set values of the page>
[INFO ][2016-01-25 12:28:54,073][com.java.SeleniumDriver] [  916] - {Data Fields & Data Values Exist}
[INFO ][2016-01-25 12:28:54,073][com.java.SeleniumDriver] [  918] - --------------------------setting values-----------------------------
[INFO ][2016-01-25 12:28:54,073][com.java.SeleniumDriver] [  921] - Action Type : WAITFORELEMENT
[INFO ][2016-01-25 12:28:54,104][com.java.SeleniumDriver] [  930] -  RESULT true
[INFO ][2016-01-25 12:28:54,104][com.java.SeleniumDriver] [ 1136] - ?   P A S S   ?
[INFO ][2016-01-25 12:28:54,104][com.java.SeleniumDriver] [  856] - ------------------------------------------
[INFO ][2016-01-25 12:28:54,104][com.java.SeleniumDriver] [  857] - Test case being Executed: 8
[INFO ][2016-01-25 12:28:54,104][com.java.SeleniumDriver] [  869] - Test step:6
[INFO ][2016-01-25 12:28:54,104][com.java.SeleniumDriver] [  881] - Datavalue is----------2
[INFO ][2016-01-25 12:28:54,104][com.java.SeleniumDriver] [  905] - DataField : XPH//li[@class='inactiveTab']//a[@title='Tip Sheets & Webinars']
[INFO ][2016-01-25 12:28:54,104][com.java.SeleniumDriver] [  907] - DataValue : 2
[INFO ][2016-01-25 12:28:54,104][com.java.SeleniumDriver] [  913] - <In Set values of the page>
[INFO ][2016-01-25 12:28:54,104][com.java.SeleniumDriver] [  916] - {Data Fields & Data Values Exist}
[INFO ][2016-01-25 12:28:54,104][com.java.SeleniumDriver] [  918] - --------------------------setting values-----------------------------
[INFO ][2016-01-25 12:28:54,104][com.java.SeleniumDriver] [  921] - Action Type : WAITFORELEMENT
[INFO ][2016-01-25 12:28:54,134][com.java.SeleniumDriver] [  930] -  RESULT true
[INFO ][2016-01-25 12:28:54,134][com.java.SeleniumDriver] [ 1136] - ?   P A S S   ?
[INFO ][2016-01-25 12:28:54,134][com.java.SeleniumDriver] [  856] - ------------------------------------------
[INFO ][2016-01-25 12:28:54,134][com.java.SeleniumDriver] [  857] - Test case being Executed: 8
[INFO ][2016-01-25 12:28:54,134][com.java.SeleniumDriver] [  869] - Test step:7
[INFO ][2016-01-25 12:28:54,134][com.java.SeleniumDriver] [  881] - Datavalue is----------null
[DEBUG][2016-01-25 12:28:54,134][com.java.SeleniumDriver] [  899] - Exception: null
[INFO ][2016-01-25 12:28:54,134][com.java.SeleniumDriver] [  905] - DataField : XPH//li[@class='inactiveTab']//a[@title='Tip Sheets & Webinars']
[INFO ][2016-01-25 12:28:54,134][com.java.SeleniumDriver] [  907] - DataValue : 
[INFO ][2016-01-25 12:28:54,134][com.java.SeleniumDriver] [  913] - <In Set values of the page>
[INFO ][2016-01-25 12:28:54,134][com.java.SeleniumDriver] [  916] - {Data Fields & Data Values Exist}
[INFO ][2016-01-25 12:28:54,134][com.java.SeleniumDriver] [  918] - --------------------------setting values-----------------------------
[INFO ][2016-01-25 12:28:54,134][com.java.SeleniumDriver] [  921] - Action Type : CLICK
[INFO ][2016-01-25 12:28:54,134][com.java.TestType] [ 6774] - Field ::XPH//li[@class='inactiveTab']//a[@title='Tip Sheets & Webinars']
[INFO ][2016-01-25 12:28:54,134][com.java.TestType] [ 6395] - value = 
[INFO ][2016-01-25 12:28:55,134][com.java.TestType] [ 6947] - BEFORE CLICK
[INFO ][2016-01-25 12:28:56,017][com.java.TestType] [ 6955] - Unable to click the object Click Tip Sheets & Webinars tab
[INFO ][2016-01-25 12:28:56,017][com.java.SeleniumDriver] [  930] -  RESULT true
[INFO ][2016-01-25 12:28:56,017][com.java.SeleniumDriver] [ 1136] - ?   P A S S   ?
[INFO ][2016-01-25 12:28:56,017][com.java.SeleniumDriver] [  856] - ------------------------------------------
[INFO ][2016-01-25 12:28:56,017][com.java.SeleniumDriver] [  857] - Test case being Executed: 8
[INFO ][2016-01-25 12:28:56,017][com.java.SeleniumDriver] [  869] - Test step:8
[INFO ][2016-01-25 12:28:56,017][com.java.SeleniumDriver] [  881] - Datavalue is----------null
[DEBUG][2016-01-25 12:28:56,017][com.java.SeleniumDriver] [  899] - Exception: null
[INFO ][2016-01-25 12:28:56,017][com.java.SeleniumDriver] [  905] - DataField : XPH//li[@class='inactiveTab']//a[@title='Tip Sheets & Webinars']//span[@class='closeimg icon-close icon-xs']
[INFO ][2016-01-25 12:28:56,017][com.java.SeleniumDriver] [  907] - DataValue : 
[INFO ][2016-01-25 12:28:56,017][com.java.SeleniumDriver] [  913] - <In Set values of the page>
[INFO ][2016-01-25 12:28:56,017][com.java.SeleniumDriver] [  916] - {Data Fields & Data Values Exist}
[INFO ][2016-01-25 12:28:56,017][com.java.SeleniumDriver] [  918] - --------------------------setting values-----------------------------
[INFO ][2016-01-25 12:28:56,017][com.java.SeleniumDriver] [  921] - Action Type : CLICK
[INFO ][2016-01-25 12:28:56,017][com.java.TestType] [ 6774] - Field ::XPH//li[@class='inactiveTab']//a[@title='Tip Sheets & Webinars']//span[@class='closeimg icon-close icon-xs']
[INFO ][2016-01-25 12:28:56,017][com.java.TestType] [ 6395] - value = 
[INFO ][2016-01-25 12:28:57,018][com.java.TestType] [ 6947] - BEFORE CLICK
[INFO ][2016-01-25 12:28:57,848][com.java.TestType] [ 6955] - Unable to click the object Close Tip Sheets & Webinars tab
[INFO ][2016-01-25 12:28:57,848][com.java.SeleniumDriver] [  930] -  RESULT true
[INFO ][2016-01-25 12:28:57,848][com.java.SeleniumDriver] [ 1136] - ?   P A S S   ?
[INFO ][2016-01-25 12:28:57,848][com.java.SeleniumDriver] [  856] - ------------------------------------------
[INFO ][2016-01-25 12:28:57,848][com.java.SeleniumDriver] [  857] - Test case being Executed: 8
[INFO ][2016-01-25 12:28:57,848][com.java.SeleniumDriver] [  869] - Test step:9
[INFO ][2016-01-25 12:28:57,848][com.java.SeleniumDriver] [  881] - Datavalue is----------null
[DEBUG][2016-01-25 12:28:57,848][com.java.SeleniumDriver] [  899] - Exception: null
[INFO ][2016-01-25 12:28:57,848][com.java.SeleniumDriver] [  905] - DataField : BTN//iframe[@class='frameTabContent']
[INFO ][2016-01-25 12:28:57,848][com.java.SeleniumDriver] [  907] - DataValue : 
[INFO ][2016-01-25 12:28:57,848][com.java.SeleniumDriver] [  913] - <In Set values of the page>
[INFO ][2016-01-25 12:28:57,848][com.java.SeleniumDriver] [  916] - {Data Fields & Data Values Exist}
[INFO ][2016-01-25 12:28:57,848][com.java.SeleniumDriver] [  918] - --------------------------setting values-----------------------------
[INFO ][2016-01-25 12:28:57,848][com.java.SeleniumDriver] [  921] - Action Type : SELECTFRAME
[INFO ][2016-01-25 12:28:57,929][com.java.SeleniumDriver] [  930] -  RESULT true
[INFO ][2016-01-25 12:28:57,929][com.java.SeleniumDriver] [ 1136] - ?   P A S S   ?
[INFO ][2016-01-25 12:28:57,929][com.java.SeleniumDriver] [  856] - ------------------------------------------
[INFO ][2016-01-25 12:28:57,929][com.java.SeleniumDriver] [  857] - Test case being Executed: 8
[INFO ][2016-01-25 12:28:57,929][com.java.SeleniumDriver] [  869] - Test step:10
[INFO ][2016-01-25 12:28:57,929][com.java.SeleniumDriver] [  881] - Datavalue is----------null
[DEBUG][2016-01-25 12:28:57,929][com.java.SeleniumDriver] [  899] - Exception: null
[INFO ][2016-01-25 12:28:57,929][com.java.SeleniumDriver] [  905] - DataField : BTN//a[contains(text(),'Recorded Webinars')]
[INFO ][2016-01-25 12:28:57,929][com.java.SeleniumDriver] [  907] - DataValue : 
[INFO ][2016-01-25 12:28:57,929][com.java.SeleniumDriver] [  913] - <In Set values of the page>
[INFO ][2016-01-25 12:28:57,929][com.java.SeleniumDriver] [  916] - {Data Fields & Data Values Exist}
[INFO ][2016-01-25 12:28:57,929][com.java.SeleniumDriver] [  918] - --------------------------setting values-----------------------------
[INFO ][2016-01-25 12:28:57,929][com.java.SeleniumDriver] [  921] - Action Type : CLICK
[INFO ][2016-01-25 12:28:57,929][com.java.TestType] [ 6774] - Field ::BTN//a[contains(text(),'Recorded Webinars')]
[INFO ][2016-01-25 12:28:57,929][com.java.TestType] [ 6395] - value = 
[INFO ][2016-01-25 12:28:58,929][com.java.TestType] [ 6926] - BEFORE CLICK
[INFO ][2016-01-25 12:28:59,720][com.java.TestType] [ 6933] - Unable to click the object Recorded Webinars
[INFO ][2016-01-25 12:28:59,720][com.java.SeleniumDriver] [  930] -  RESULT true
[INFO ][2016-01-25 12:28:59,720][com.java.SeleniumDriver] [ 1136] - ?   P A S S   ?
[INFO ][2016-01-25 12:28:59,720][com.java.SeleniumDriver] [  856] - ------------------------------------------
[INFO ][2016-01-25 12:28:59,720][com.java.SeleniumDriver] [  857] - Test case being Executed: 8
[INFO ][2016-01-25 12:28:59,720][com.java.SeleniumDriver] [  869] - Test step:11
[INFO ][2016-01-25 12:28:59,720][com.java.SeleniumDriver] [  881] - Datavalue is----------null
[DEBUG][2016-01-25 12:28:59,720][com.java.SeleniumDriver] [  899] - Exception: null
[INFO ][2016-01-25 12:28:59,720][com.java.SeleniumDriver] [  905] - DataField : BTN//a[contains(text(),'Tip Sheets')]
[INFO ][2016-01-25 12:28:59,720][com.java.SeleniumDriver] [  907] - DataValue : 
[INFO ][2016-01-25 12:28:59,720][com.java.SeleniumDriver] [  913] - <In Set values of the page>
[INFO ][2016-01-25 12:28:59,720][com.java.SeleniumDriver] [  916] - {Data Fields & Data Values Exist}
[INFO ][2016-01-25 12:28:59,720][com.java.SeleniumDriver] [  918] - --------------------------setting values-----------------------------
[INFO ][2016-01-25 12:28:59,720][com.java.SeleniumDriver] [  921] - Action Type : CLICK
[INFO ][2016-01-25 12:28:59,720][com.java.TestType] [ 6774] - Field ::BTN//a[contains(text(),'Tip Sheets')]
[INFO ][2016-01-25 12:28:59,720][com.java.TestType] [ 6395] - value = 
[INFO ][2016-01-25 12:29:00,720][com.java.TestType] [ 6926] - BEFORE CLICK
[INFO ][2016-01-25 12:29:01,412][com.java.TestType] [ 6933] - Unable to click the object Recorded Webinars
[INFO ][2016-01-25 12:29:01,412][com.java.SeleniumDriver] [  930] -  RESULT true
[INFO ][2016-01-25 12:29:01,412][com.java.SeleniumDriver] [ 1136] - ?   P A S S   ?
[INFO ][2016-01-25 12:29:01,412][com.java.SeleniumDriver] [  856] - ------------------------------------------
[INFO ][2016-01-25 12:29:01,412][com.java.SeleniumDriver] [  857] - Test case being Executed: 8
[INFO ][2016-01-25 12:29:01,412][com.java.SeleniumDriver] [  869] - Test step:12
[INFO ][2016-01-25 12:29:01,412][com.java.SeleniumDriver] [  881] - Datavalue is----------2
[INFO ][2016-01-25 12:29:01,412][com.java.SeleniumDriver] [  905] - DataField : LNK//a[contains(text(),'Using Update Memo Fields')]
[INFO ][2016-01-25 12:29:01,412][com.java.SeleniumDriver] [  907] - DataValue : 2
[INFO ][2016-01-25 12:29:01,412][com.java.SeleniumDriver] [  913] - <In Set values of the page>
[INFO ][2016-01-25 12:29:01,412][com.java.SeleniumDriver] [  916] - {Data Fields & Data Values Exist}
[INFO ][2016-01-25 12:29:01,412][com.java.SeleniumDriver] [  918] - --------------------------setting values-----------------------------
[INFO ][2016-01-25 12:29:01,412][com.java.SeleniumDriver] [  921] - Action Type : WAITFORELEMENT
[INFO ][2016-01-25 12:29:01,432][com.java.SeleniumDriver] [  930] -  RESULT true
[INFO ][2016-01-25 12:29:01,432][com.java.SeleniumDriver] [ 1136] - ?   P A S S   ?
[INFO ][2016-01-25 12:29:01,432][com.java.SeleniumDriver] [  856] - ------------------------------------------
[INFO ][2016-01-25 12:29:01,432][com.java.SeleniumDriver] [  857] - Test case being Executed: 8
[INFO ][2016-01-25 12:29:01,432][com.java.SeleniumDriver] [  869] - Test step:13
[INFO ][2016-01-25 12:29:01,432][com.java.SeleniumDriver] [  881] - Datavalue is----------null
[DEBUG][2016-01-25 12:29:01,432][com.java.SeleniumDriver] [  899] - Exception: null
[INFO ][2016-01-25 12:29:01,432][com.java.SeleniumDriver] [  905] - DataField : LNK//a[contains(text(),'Using Update Memo Fields')]
[INFO ][2016-01-25 12:29:01,432][com.java.SeleniumDriver] [  907] - DataValue : 
[INFO ][2016-01-25 12:29:01,432][com.java.SeleniumDriver] [  913] - <In Set values of the page>
[INFO ][2016-01-25 12:29:01,432][com.java.SeleniumDriver] [  916] - {Data Fields & Data Values Exist}
[INFO ][2016-01-25 12:29:01,432][com.java.SeleniumDriver] [  918] - --------------------------setting values-----------------------------
[INFO ][2016-01-25 12:29:01,432][com.java.SeleniumDriver] [  921] - Action Type : CLICK
[INFO ][2016-01-25 12:29:01,432][com.java.TestType] [ 6774] - Field ::LNK//a[contains(text(),'Using Update Memo Fields')]
[INFO ][2016-01-25 12:29:01,432][com.java.TestType] [ 6395] - value = 
[INFO ][2016-01-25 12:29:02,432][com.java.TestType] [ 6910] - BEFORE CLICK on //a[contains(text(),'Using Update Memo Fields')]
[INFO ][2016-01-25 12:29:02,753][com.java.SeleniumDriver] [  930] -  RESULT true
[INFO ][2016-01-25 12:29:02,753][com.java.SeleniumDriver] [ 1136] - ?   P A S S   ?
[INFO ][2016-01-25 12:29:02,753][com.java.SeleniumDriver] [  856] - ------------------------------------------
[INFO ][2016-01-25 12:29:02,753][com.java.SeleniumDriver] [  857] - Test case being Executed: 8
[INFO ][2016-01-25 12:29:02,753][com.java.SeleniumDriver] [  869] - Test step:14
[INFO ][2016-01-25 12:29:02,753][com.java.SeleniumDriver] [  881] - Datavalue is----------Recording Information
[INFO ][2016-01-25 12:29:02,753][com.java.SeleniumDriver] [  905] - DataField : TTL
[INFO ][2016-01-25 12:29:02,753][com.java.SeleniumDriver] [  907] - DataValue : Recording Information
[INFO ][2016-01-25 12:29:02,753][com.java.SeleniumDriver] [  913] - <In Set values of the page>
[INFO ][2016-01-25 12:29:02,753][com.java.SeleniumDriver] [  916] - {Data Fields & Data Values Exist}
[INFO ][2016-01-25 12:29:02,753][com.java.SeleniumDriver] [  918] - --------------------------setting values-----------------------------
[INFO ][2016-01-25 12:29:02,753][com.java.SeleniumDriver] [  921] - Action Type : SELECTWINDOW
[INFO ][2016-01-25 12:29:15,486][com.java.SeleniumDriver] [  930] -  RESULT true
[INFO ][2016-01-25 12:29:15,486][com.java.SeleniumDriver] [ 1136] - ?   P A S S   ?
[DEBUG][2016-01-25 12:29:15,486][com.java.SeleniumDriver] [ 1248] - Case found
[DEBUG][2016-01-25 12:29:15,486][com.java.SeleniumDriver] [ 1253] - Incrementing ReportCounters[0]:7
[INFO ][2016-01-25 12:29:15,486][com.java.SeleniumDriver] [ 1272] - The results are-------------------[8, 1, Support:Tip Sheets and Webinars: Click Tip Sheets, Pass, , Mon Jan 25 12:28:25 IST 2016, 8, 3, Support:Tip Sheets and Webinars: Click Tip Sheets, Pass, , Mon Jan 25 12:28:31 IST 2016, 8, 4, Support:Tip Sheets and Webinars: Click Tip Sheets, Pass, , Mon Jan 25 12:28:54 IST 2016, 8, 5, Support:Tip Sheets and Webinars: Click Tip Sheets, Pass, , Mon Jan 25 12:28:54 IST 2016, 8, 6, Support:Tip Sheets and Webinars: Click Tip Sheets, Pass, , Mon Jan 25 12:28:54 IST 2016, 8, 7, Support:Tip Sheets and Webinars: Click Tip Sheets, Pass, , Mon Jan 25 12:28:56 IST 2016, 8, 8, Support:Tip Sheets and Webinars: Click Tip Sheets, Pass, , Mon Jan 25 12:28:57 IST 2016, 8, 9, Support:Tip Sheets and Webinars: Click Tip Sheets, Pass, , Mon Jan 25 12:28:57 IST 2016, 8, 10, Support:Tip Sheets and Webinars: Click Tip Sheets, Pass, , Mon Jan 25 12:28:59 IST 2016, 8, 11, Support:Tip Sheets and Webinars: Click Tip Sheets, Pass, , Mon Jan 25 12:29:01 IST 2016, 8, 12, Support:Tip Sheets and Webinars: Click Tip Sheets, Pass, , Mon Jan 25 12:29:01 IST 2016, 8, 13, Support:Tip Sheets and Webinars: Click Tip Sheets, Pass, , Mon Jan 25 12:29:02 IST 2016, 8, 14, Support:Tip Sheets and Webinars: Click Tip Sheets, Pass, , Mon Jan 25 12:29:15 IST 2016]
[INFO ][2016-01-25 12:29:15,486][com.java.SeleniumDriver] [ 1276] - End time is-------8 min 51 sec
[INFO ][2016-01-25 12:29:15,486][com.java.SeleniumDriver] [ 1277] - The results are-------------------[8, 1, Support:Tip Sheets and Webinars: Click Tip Sheets, Pass, , Mon Jan 25 12:28:25 IST 2016, 8, 3, Support:Tip Sheets and Webinars: Click Tip Sheets, Pass, , Mon Jan 25 12:28:31 IST 2016, 8, 4, Support:Tip Sheets and Webinars: Click Tip Sheets, Pass, , Mon Jan 25 12:28:54 IST 2016, 8, 5, Support:Tip Sheets and Webinars: Click Tip Sheets, Pass, , Mon Jan 25 12:28:54 IST 2016, 8, 6, Support:Tip Sheets and Webinars: Click Tip Sheets, Pass, , Mon Jan 25 12:28:54 IST 2016, 8, 7, Support:Tip Sheets and Webinars: Click Tip Sheets, Pass, , Mon Jan 25 12:28:56 IST 2016, 8, 8, Support:Tip Sheets and Webinars: Click Tip Sheets, Pass, , Mon Jan 25 12:28:57 IST 2016, 8, 9, Support:Tip Sheets and Webinars: Click Tip Sheets, Pass, , Mon Jan 25 12:28:57 IST 2016, 8, 10, Support:Tip Sheets and Webinars: Click Tip Sheets, Pass, , Mon Jan 25 12:28:59 IST 2016, 8, 11, Support:Tip Sheets and Webinars: Click Tip Sheets, Pass, , Mon Jan 25 12:29:01 IST 2016, 8, 12, Support:Tip Sheets and Webinars: Click Tip Sheets, Pass, , Mon Jan 25 12:29:01 IST 2016, 8, 13, Support:Tip Sheets and Webinars: Click Tip Sheets, Pass, , Mon Jan 25 12:29:02 IST 2016, 8, 14, Support:Tip Sheets and Webinars: Click Tip Sheets, Pass, , Mon Jan 25 12:29:15 IST 2016]
[DEBUG][2016-01-25 12:29:15,486][com.java.ImportnExport.ExportTestResultsExcel] [  222] - testResultPath = D:\BankersDashboard/TestReports/Test Results_BankersDashBoard_012516_122026_IE10_Any Bank USA.xls
[DEBUG][2016-01-25 12:29:15,486][com.java.ImportnExport.ExportTestResultsExcel] [  223] - browser is------------IE10
[DEBUG][2016-01-25 12:29:15,486][com.java.ImportnExport.ExportTestResultsExcel] [  270] - result.size() = 78
[DEBUG][2016-01-25 12:29:15,486][com.java.ImportnExport.ExportTestResultsExcel] [  274] - No of rows in sheet=8
[DEBUG][2016-01-25 12:29:15,486][com.java.ImportnExport.ExportTestResultsExcel] [  301] - ..in export..8
[DEBUG][2016-01-25 12:29:15,486][com.java.ImportnExport.ExportTestResultsExcel] [  301] - ..in export..Support:Tip Sheets and Webinars: Click Tip Sheets
[DEBUG][2016-01-25 12:29:15,486][com.java.ImportnExport.ExportTestResultsExcel] [  301] - ..in export..Pass
[DEBUG][2016-01-25 12:29:15,486][com.java.ImportnExport.ExportTestResultsExcel] [  301] - ..in export..
[DEBUG][2016-01-25 12:29:15,486][com.java.ImportnExport.ExportTestResultsExcel] [  301] - ..in export..Mon Jan 25 12:28:25 IST 2016
[INFO ][2016-01-25 12:29:15,486][com.java.SeleniumDriver] [ 1337] - out loop:7 size:10 TestCases:[1, 2, 3, 4, 5, 6, 7, 8, 9, 10] testcases:[1, 2, 3, 4, 5, 6, 7, 8, 9, 10]
[INFO ][2016-01-25 12:29:15,486][com.java.ImportnExport.ImportTestDataDetailsExcel] [   49] - test data details path===== D:\BankersDashboard\TestInputs\TestData.xls
[INFO ][2016-01-25 12:29:32,019][com.java.SeleniumDriver] [  856] - ------------------------------------------
[INFO ][2016-01-25 12:29:32,019][com.java.SeleniumDriver] [  857] - Test case being Executed: 9
[INFO ][2016-01-25 12:29:32,019][com.java.SeleniumDriver] [  869] - Test step:1
[INFO ][2016-01-25 12:29:32,019][com.java.SeleniumDriver] [  881] - Datavalue is----------Logout
[INFO ][2016-01-25 12:29:32,019][com.java.SeleniumDriver] [  905] - DataField : BTN
[INFO ][2016-01-25 12:29:32,019][com.java.SeleniumDriver] [  907] - DataValue : Logout
[INFO ][2016-01-25 12:29:32,019][com.java.SeleniumDriver] [  913] - <In Set values of the page>
[INFO ][2016-01-25 12:29:32,019][com.java.SeleniumDriver] [  916] - {Data Fields & Data Values Exist}
[INFO ][2016-01-25 12:29:32,019][com.java.SeleniumDriver] [  918] - --------------------------setting values-----------------------------
[INFO ][2016-01-25 12:29:32,019][com.java.SeleniumDriver] [  921] - Action Type : Verify
[INFO ][2016-01-25 12:29:32,019][com.java.TestType] [ 7985] - field= BTN value= Logout
[INFO ][2016-01-25 12:29:32,019][com.java.TestType] [ 6395] - value = Logout
[INFO ][2016-01-25 12:29:32,090][com.java.SeleniumDriver] [  930] -  RESULT true
[INFO ][2016-01-25 12:29:32,090][com.java.SeleniumDriver] [ 1136] - ?   P A S S   ?
[INFO ][2016-01-25 12:29:32,090][com.java.SeleniumDriver] [ 1178] - step change to 3
[INFO ][2016-01-25 12:29:32,090][com.java.SeleniumDriver] [  856] - ------------------------------------------
[INFO ][2016-01-25 12:29:32,090][com.java.SeleniumDriver] [  857] - Test case being Executed: 9
[INFO ][2016-01-25 12:29:32,090][com.java.SeleniumDriver] [  869] - Test step:3
[INFO ][2016-01-25 12:29:32,090][com.java.SeleniumDriver] [  881] - Datavalue is----------Concept#2:1-2
[INFO ][2016-01-25 12:29:32,090][com.java.SeleniumDriver] [  905] - DataField : test
[INFO ][2016-01-25 12:29:32,090][com.java.SeleniumDriver] [  907] - DataValue : Concept#2:1-2
[INFO ][2016-01-25 12:29:32,090][com.java.SeleniumDriver] [  913] - <In Set values of the page>
[INFO ][2016-01-25 12:29:32,090][com.java.SeleniumDriver] [  916] - {Data Fields & Data Values Exist}
[INFO ][2016-01-25 12:29:32,090][com.java.SeleniumDriver] [  918] - --------------------------setting values-----------------------------
[INFO ][2016-01-25 12:29:32,090][com.java.SeleniumDriver] [  921] - Action Type : ExecuteTestCase
[INFO ][2016-01-25 12:29:32,090][com.java.TestType] [  442] - The Concept sheet name is ---------- Concept
[INFO ][2016-01-25 12:29:32,090][com.java.TestType] [  445] - The Concept ID  is ---------- 2
[DEBUG][2016-01-25 12:29:32,090][com.java.TestType] [  449] - Steps being executted in the Concept are: 1:2
[INFO ][2016-01-25 12:29:32,090][com.java.TestType] [  456] - Test data details path ---------- D:\BankersDashboard\TestInputs\TestData.xls
[INFO ][2016-01-25 12:29:32,100][com.java.TestType] [  487] -  str(1) = 2
[INFO ][2016-01-25 12:29:32,100][com.java.TestType] [  490] - Test case Id is---2
[INFO ][2016-01-25 12:29:32,100][com.java.TestType] [  492] - 2
[INFO ][2016-01-25 12:29:32,100][com.java.TestType] [  487] -  str(2) = 1
[INFO ][2016-01-25 12:29:32,100][com.java.TestType] [  487] -  str(1) = 2
[INFO ][2016-01-25 12:29:32,100][com.java.TestType] [  490] - Test case Id is---2
[INFO ][2016-01-25 12:29:32,100][com.java.TestType] [  492] - 2
[INFO ][2016-01-25 12:29:32,100][com.java.TestType] [  487] -  str(2) = 2
[INFO ][2016-01-25 12:29:32,110][com.java.TestType] [  487] -  str(1) = 2
[INFO ][2016-01-25 12:29:32,110][com.java.TestType] [  490] - Test case Id is---2
[INFO ][2016-01-25 12:29:32,110][com.java.TestType] [  492] - 2
[INFO ][2016-01-25 12:29:32,110][com.java.TestType] [  487] -  str(2) = 3
[INFO ][2016-01-25 12:29:32,110][com.java.TestType] [11650] - Looping 1TCID = 2
[DEBUG][2016-01-25 12:29:32,110][com.java.TestType] [11691] - Concept ID:2 :: Step being Executed: 2::1
[INFO ][2016-01-25 12:29:32,110][com.java.TestType] [11729] - dataFields : BNK//select[@id='bank']
[DEBUG][2016-01-25 12:29:32,110][com.java.TestType] [11735] - <In Set values of the page>
[DEBUG][2016-01-25 12:29:32,110][com.java.TestType] [11740] - {Data Fields & Data Values Exist}
[INFO ][2016-01-25 12:29:32,110][com.java.TestType] [11746] - --------------------------setting values-----------------------------
[INFO ][2016-01-25 12:29:32,110][com.java.TestType] [11749] - Action Type : Select
[INFO ][2016-01-25 12:29:32,110][com.java.TestType] [ 6395] - value = PFC
[INFO ][2016-01-25 12:29:32,299][com.java.TestType] [11768] -  RESULT true
[INFO ][2016-01-25 12:29:32,299][com.java.TestType] [11885] - ?   P A S S   ?
[DEBUG][2016-01-25 12:29:32,299][com.java.TestType] [11691] - Concept ID:2 :: Step being Executed: 2::2
[INFO ][2016-01-25 12:29:32,299][com.java.TestType] [11729] - dataFields : LNKLogout
[DEBUG][2016-01-25 12:29:32,299][com.java.TestType] [11735] - <In Set values of the page>
[DEBUG][2016-01-25 12:29:32,299][com.java.TestType] [11740] - {Data Fields & Data Values Exist}
[INFO ][2016-01-25 12:29:32,299][com.java.TestType] [11746] - --------------------------setting values-----------------------------
[INFO ][2016-01-25 12:29:32,299][com.java.TestType] [11749] - Action Type : WaitTime
[DEBUG][2016-01-25 12:29:32,299][com.java.TestType] [ 6209] - sleepTime: 5000
[INFO ][2016-01-25 12:29:37,302][com.java.TestType] [11768] -  RESULT true
[INFO ][2016-01-25 12:29:37,302][com.java.TestType] [11885] - ?   P A S S   ?
[INFO ][2016-01-25 12:29:37,302][com.java.TestType] [11956] - Looping End......
[INFO ][2016-01-25 12:29:37,302][com.java.SeleniumDriver] [  930] -  RESULT true
[INFO ][2016-01-25 12:29:37,302][com.java.SeleniumDriver] [ 1136] - ?   P A S S   ?
[INFO ][2016-01-25 12:29:37,302][com.java.SeleniumDriver] [  856] - ------------------------------------------
[INFO ][2016-01-25 12:29:37,302][com.java.SeleniumDriver] [  857] - Test case being Executed: 9
[INFO ][2016-01-25 12:29:37,302][com.java.SeleniumDriver] [  869] - Test step:4
[INFO ][2016-01-25 12:29:37,302][com.java.SeleniumDriver] [  881] - Datavalue is----------null
[DEBUG][2016-01-25 12:29:37,302][com.java.SeleniumDriver] [  899] - Exception: null
[INFO ][2016-01-25 12:29:37,302][com.java.SeleniumDriver] [  905] - DataField : //span[@class='icon-question']&&//a[text()='Update Log']
[INFO ][2016-01-25 12:29:37,302][com.java.SeleniumDriver] [  907] - DataValue : 
[INFO ][2016-01-25 12:29:37,302][com.java.SeleniumDriver] [  913] - <In Set values of the page>
[INFO ][2016-01-25 12:29:37,302][com.java.SeleniumDriver] [  916] - {Data Fields & Data Values Exist}
[INFO ][2016-01-25 12:29:37,302][com.java.SeleniumDriver] [  918] - --------------------------setting values-----------------------------
[INFO ][2016-01-25 12:29:37,302][com.java.SeleniumDriver] [  921] - Action Type : MOUSEOVER
[INFO ][2016-01-25 12:30:00,350][com.java.SeleniumDriver] [  930] -  RESULT true
[INFO ][2016-01-25 12:30:00,350][com.java.SeleniumDriver] [ 1136] - ?   P A S S   ?
[INFO ][2016-01-25 12:30:00,350][com.java.SeleniumDriver] [  856] - ------------------------------------------
[INFO ][2016-01-25 12:30:00,350][com.java.SeleniumDriver] [  857] - Test case being Executed: 9
[INFO ][2016-01-25 12:30:00,350][com.java.SeleniumDriver] [  869] - Test step:5
[INFO ][2016-01-25 12:30:00,350][com.java.SeleniumDriver] [  881] - Datavalue is----------null
[DEBUG][2016-01-25 12:30:00,350][com.java.SeleniumDriver] [  899] - Exception: null
[INFO ][2016-01-25 12:30:00,350][com.java.SeleniumDriver] [  905] - DataField : BTN//iframe[@id='frameDialogContent']
[INFO ][2016-01-25 12:30:00,350][com.java.SeleniumDriver] [  907] - DataValue : 
[INFO ][2016-01-25 12:30:00,350][com.java.SeleniumDriver] [  913] - <In Set values of the page>
[INFO ][2016-01-25 12:30:00,350][com.java.SeleniumDriver] [  916] - {Data Fields & Data Values Exist}
[INFO ][2016-01-25 12:30:00,350][com.java.SeleniumDriver] [  918] - --------------------------setting values-----------------------------
[INFO ][2016-01-25 12:30:00,350][com.java.SeleniumDriver] [  921] - Action Type : SELECTFRAME
[INFO ][2016-01-25 12:30:00,461][com.java.SeleniumDriver] [  930] -  RESULT true
[INFO ][2016-01-25 12:30:00,461][com.java.SeleniumDriver] [ 1136] - ?   P A S S   ?
[INFO ][2016-01-25 12:30:00,461][com.java.SeleniumDriver] [  856] - ------------------------------------------
[INFO ][2016-01-25 12:30:00,461][com.java.SeleniumDriver] [  857] - Test case being Executed: 9
[INFO ][2016-01-25 12:30:00,461][com.java.SeleniumDriver] [  869] - Test step:6
[INFO ][2016-01-25 12:30:00,461][com.java.SeleniumDriver] [  881] - Datavalue is----------null
[DEBUG][2016-01-25 12:30:00,461][com.java.SeleniumDriver] [  899] - Exception: null
[INFO ][2016-01-25 12:30:00,461][com.java.SeleniumDriver] [  905] - DataField : BTNparent
[INFO ][2016-01-25 12:30:00,461][com.java.SeleniumDriver] [  907] - DataValue : 
[INFO ][2016-01-25 12:30:00,461][com.java.SeleniumDriver] [  913] - <In Set values of the page>
[INFO ][2016-01-25 12:30:00,461][com.java.SeleniumDriver] [  916] - {Data Fields & Data Values Exist}
[INFO ][2016-01-25 12:30:00,461][com.java.SeleniumDriver] [  918] - --------------------------setting values-----------------------------
[INFO ][2016-01-25 12:30:00,461][com.java.SeleniumDriver] [  921] - Action Type : SELECTFRAME
[INFO ][2016-01-25 12:30:00,471][com.java.SeleniumDriver] [  930] -  RESULT true
[INFO ][2016-01-25 12:30:00,471][com.java.SeleniumDriver] [ 1136] - ?   P A S S   ?
[INFO ][2016-01-25 12:30:00,471][com.java.SeleniumDriver] [  856] - ------------------------------------------
[INFO ][2016-01-25 12:30:00,471][com.java.SeleniumDriver] [  857] - Test case being Executed: 9
[INFO ][2016-01-25 12:30:00,471][com.java.SeleniumDriver] [  869] - Test step:7
[INFO ][2016-01-25 12:30:00,471][com.java.SeleniumDriver] [  881] - Datavalue is----------2
[INFO ][2016-01-25 12:30:00,471][com.java.SeleniumDriver] [  905] - DataField : BTN//div[@class='ui-dialog-buttonset']//button[contains(@role,'button')]
[INFO ][2016-01-25 12:30:00,471][com.java.SeleniumDriver] [  907] - DataValue : 2
[INFO ][2016-01-25 12:30:00,471][com.java.SeleniumDriver] [  913] - <In Set values of the page>
[INFO ][2016-01-25 12:30:00,471][com.java.SeleniumDriver] [  916] - {Data Fields & Data Values Exist}
[INFO ][2016-01-25 12:30:00,471][com.java.SeleniumDriver] [  918] - --------------------------setting values-----------------------------
[INFO ][2016-01-25 12:30:00,471][com.java.SeleniumDriver] [  921] - Action Type : WAITFORELEMENT
[INFO ][2016-01-25 12:30:00,501][com.java.SeleniumDriver] [  930] -  RESULT true
[INFO ][2016-01-25 12:30:00,501][com.java.SeleniumDriver] [ 1136] - ?   P A S S   ?
[INFO ][2016-01-25 12:30:00,501][com.java.SeleniumDriver] [  856] - ------------------------------------------
[INFO ][2016-01-25 12:30:00,501][com.java.SeleniumDriver] [  857] - Test case being Executed: 9
[INFO ][2016-01-25 12:30:00,501][com.java.SeleniumDriver] [  869] - Test step:8
[INFO ][2016-01-25 12:30:00,501][com.java.SeleniumDriver] [  881] - Datavalue is----------null
[DEBUG][2016-01-25 12:30:00,501][com.java.SeleniumDriver] [  899] - Exception: null
[INFO ][2016-01-25 12:30:00,501][com.java.SeleniumDriver] [  905] - DataField : BTN//div[@class='ui-dialog-buttonset']//button[contains(@role,'button')]
[INFO ][2016-01-25 12:30:00,501][com.java.SeleniumDriver] [  907] - DataValue : 
[INFO ][2016-01-25 12:30:00,501][com.java.SeleniumDriver] [  913] - <In Set values of the page>
[INFO ][2016-01-25 12:30:00,501][com.java.SeleniumDriver] [  916] - {Data Fields & Data Values Exist}
[INFO ][2016-01-25 12:30:00,501][com.java.SeleniumDriver] [  918] - --------------------------setting values-----------------------------
[INFO ][2016-01-25 12:30:00,501][com.java.SeleniumDriver] [  921] - Action Type : CLICK
[INFO ][2016-01-25 12:30:00,501][com.java.TestType] [ 6774] - Field ::BTN//div[@class='ui-dialog-buttonset']//button[contains(@role,'button')]
[INFO ][2016-01-25 12:30:00,501][com.java.TestType] [ 6395] - value = 
[INFO ][2016-01-25 12:30:01,501][com.java.TestType] [ 6926] - BEFORE CLICK
[INFO ][2016-01-25 12:30:01,702][com.java.TestType] [ 6933] - Unable to click the object Close button
[INFO ][2016-01-25 12:30:01,702][com.java.SeleniumDriver] [  930] -  RESULT true
[INFO ][2016-01-25 12:30:01,702][com.java.SeleniumDriver] [ 1136] - ?   P A S S   ?
[DEBUG][2016-01-25 12:30:01,702][com.java.SeleniumDriver] [ 1248] - Case found
[DEBUG][2016-01-25 12:30:01,702][com.java.SeleniumDriver] [ 1253] - Incrementing ReportCounters[0]:8
[INFO ][2016-01-25 12:30:01,702][com.java.SeleniumDriver] [ 1272] - The results are-------------------[9, 1, Support:Update Log, Pass, , Mon Jan 25 12:29:32 IST 2016, 9, 3, Support:Update Log, Pass, , Mon Jan 25 12:29:37 IST 2016, 9, 4, Support:Update Log, Pass, , Mon Jan 25 12:30:00 IST 2016, 9, 5, Support:Update Log, Pass, , Mon Jan 25 12:30:00 IST 2016, 9, 6, Support:Update Log, Pass, , Mon Jan 25 12:30:00 IST 2016, 9, 7, Support:Update Log, Pass, , Mon Jan 25 12:30:00 IST 2016, 9, 8, Support:Update Log, Pass, , Mon Jan 25 12:30:01 IST 2016]
[INFO ][2016-01-25 12:30:01,702][com.java.SeleniumDriver] [ 1276] - End time is-------9 min 37 sec
[INFO ][2016-01-25 12:30:01,702][com.java.SeleniumDriver] [ 1277] - The results are-------------------[9, 1, Support:Update Log, Pass, , Mon Jan 25 12:29:32 IST 2016, 9, 3, Support:Update Log, Pass, , Mon Jan 25 12:29:37 IST 2016, 9, 4, Support:Update Log, Pass, , Mon Jan 25 12:30:00 IST 2016, 9, 5, Support:Update Log, Pass, , Mon Jan 25 12:30:00 IST 2016, 9, 6, Support:Update Log, Pass, , Mon Jan 25 12:30:00 IST 2016, 9, 7, Support:Update Log, Pass, , Mon Jan 25 12:30:00 IST 2016, 9, 8, Support:Update Log, Pass, , Mon Jan 25 12:30:01 IST 2016]
[DEBUG][2016-01-25 12:30:01,702][com.java.ImportnExport.ExportTestResultsExcel] [  222] - testResultPath = D:\BankersDashboard/TestReports/Test Results_BankersDashBoard_012516_122026_IE10_Any Bank USA.xls
[DEBUG][2016-01-25 12:30:01,702][com.java.ImportnExport.ExportTestResultsExcel] [  223] - browser is------------IE10
[DEBUG][2016-01-25 12:30:01,702][com.java.ImportnExport.ExportTestResultsExcel] [  270] - result.size() = 42
[DEBUG][2016-01-25 12:30:01,702][com.java.ImportnExport.ExportTestResultsExcel] [  274] - No of rows in sheet=9
[DEBUG][2016-01-25 12:30:01,702][com.java.ImportnExport.ExportTestResultsExcel] [  301] - ..in export..9
[DEBUG][2016-01-25 12:30:01,702][com.java.ImportnExport.ExportTestResultsExcel] [  301] - ..in export..Support:Update Log
[DEBUG][2016-01-25 12:30:01,702][com.java.ImportnExport.ExportTestResultsExcel] [  301] - ..in export..Pass
[DEBUG][2016-01-25 12:30:01,702][com.java.ImportnExport.ExportTestResultsExcel] [  301] - ..in export..
[DEBUG][2016-01-25 12:30:01,702][com.java.ImportnExport.ExportTestResultsExcel] [  301] - ..in export..Mon Jan 25 12:29:32 IST 2016
[INFO ][2016-01-25 12:30:01,702][com.java.SeleniumDriver] [ 1337] - out loop:8 size:10 TestCases:[1, 2, 3, 4, 5, 6, 7, 8, 9, 10] testcases:[1, 2, 3, 4, 5, 6, 7, 8, 9, 10]
[INFO ][2016-01-25 12:30:01,702][com.java.ImportnExport.ImportTestDataDetailsExcel] [   49] - test data details path===== D:\BankersDashboard\TestInputs\TestData.xls
[INFO ][2016-01-25 12:30:19,335][com.java.SeleniumDriver] [  856] - ------------------------------------------
[INFO ][2016-01-25 12:30:19,335][com.java.SeleniumDriver] [  857] - Test case being Executed: 10
[INFO ][2016-01-25 12:30:19,335][com.java.SeleniumDriver] [  869] - Test step:1
[INFO ][2016-01-25 12:30:19,335][com.java.SeleniumDriver] [  881] - Datavalue is----------Logout
[INFO ][2016-01-25 12:30:19,335][com.java.SeleniumDriver] [  905] - DataField : BTN
[INFO ][2016-01-25 12:30:19,335][com.java.SeleniumDriver] [  907] - DataValue : Logout
[INFO ][2016-01-25 12:30:19,335][com.java.SeleniumDriver] [  913] - <In Set values of the page>
[INFO ][2016-01-25 12:30:19,335][com.java.SeleniumDriver] [  916] - {Data Fields & Data Values Exist}
[INFO ][2016-01-25 12:30:19,335][com.java.SeleniumDriver] [  918] - --------------------------setting values-----------------------------
[INFO ][2016-01-25 12:30:19,335][com.java.SeleniumDriver] [  921] - Action Type : Verify
[INFO ][2016-01-25 12:30:19,335][com.java.TestType] [ 7985] - field= BTN value= Logout
[INFO ][2016-01-25 12:30:19,335][com.java.TestType] [ 6395] - value = Logout
[INFO ][2016-01-25 12:30:19,396][com.java.SeleniumDriver] [  930] -  RESULT true
[INFO ][2016-01-25 12:30:19,396][com.java.SeleniumDriver] [ 1136] - ?   P A S S   ?
[INFO ][2016-01-25 12:30:19,396][com.java.SeleniumDriver] [ 1178] - step change to 3
[INFO ][2016-01-25 12:30:19,396][com.java.SeleniumDriver] [  856] - ------------------------------------------
[INFO ][2016-01-25 12:30:19,396][com.java.SeleniumDriver] [  857] - Test case being Executed: 10
[INFO ][2016-01-25 12:30:19,396][com.java.SeleniumDriver] [  869] - Test step:3
[INFO ][2016-01-25 12:30:19,396][com.java.SeleniumDriver] [  881] - Datavalue is----------Concept#2:1-2
[INFO ][2016-01-25 12:30:19,396][com.java.SeleniumDriver] [  905] - DataField : test
[INFO ][2016-01-25 12:30:19,396][com.java.SeleniumDriver] [  907] - DataValue : Concept#2:1-2
[INFO ][2016-01-25 12:30:19,396][com.java.SeleniumDriver] [  913] - <In Set values of the page>
[INFO ][2016-01-25 12:30:19,396][com.java.SeleniumDriver] [  916] - {Data Fields & Data Values Exist}
[INFO ][2016-01-25 12:30:19,396][com.java.SeleniumDriver] [  918] - --------------------------setting values-----------------------------
[INFO ][2016-01-25 12:30:19,396][com.java.SeleniumDriver] [  921] - Action Type : ExecuteTestCase
[INFO ][2016-01-25 12:30:19,396][com.java.TestType] [  442] - The Concept sheet name is ---------- Concept
[INFO ][2016-01-25 12:30:19,396][com.java.TestType] [  445] - The Concept ID  is ---------- 2
[DEBUG][2016-01-25 12:30:19,396][com.java.TestType] [  449] - Steps being executted in the Concept are: 1:2
[INFO ][2016-01-25 12:30:19,396][com.java.TestType] [  456] - Test data details path ---------- D:\BankersDashboard\TestInputs\TestData.xls
[INFO ][2016-01-25 12:30:19,406][com.java.TestType] [  487] -  str(1) = 2
[INFO ][2016-01-25 12:30:19,406][com.java.TestType] [  490] - Test case Id is---2
[INFO ][2016-01-25 12:30:19,406][com.java.TestType] [  492] - 2
[INFO ][2016-01-25 12:30:19,406][com.java.TestType] [  487] -  str(2) = 1
[INFO ][2016-01-25 12:30:19,416][com.java.TestType] [  487] -  str(1) = 2
[INFO ][2016-01-25 12:30:19,416][com.java.TestType] [  490] - Test case Id is---2
[INFO ][2016-01-25 12:30:19,416][com.java.TestType] [  492] - 2
[INFO ][2016-01-25 12:30:19,416][com.java.TestType] [  487] -  str(2) = 2
[INFO ][2016-01-25 12:30:19,416][com.java.TestType] [  487] -  str(1) = 2
[INFO ][2016-01-25 12:30:19,416][com.java.TestType] [  490] - Test case Id is---2
[INFO ][2016-01-25 12:30:19,416][com.java.TestType] [  492] - 2
[INFO ][2016-01-25 12:30:19,416][com.java.TestType] [  487] -  str(2) = 3
[INFO ][2016-01-25 12:30:19,416][com.java.TestType] [11650] - Looping 1TCID = 2
[DEBUG][2016-01-25 12:30:19,416][com.java.TestType] [11691] - Concept ID:2 :: Step being Executed: 2::1
[INFO ][2016-01-25 12:30:19,416][com.java.TestType] [11729] - dataFields : BNK//select[@id='bank']
[DEBUG][2016-01-25 12:30:19,416][com.java.TestType] [11735] - <In Set values of the page>
[DEBUG][2016-01-25 12:30:19,416][com.java.TestType] [11740] - {Data Fields & Data Values Exist}
[INFO ][2016-01-25 12:30:19,416][com.java.TestType] [11746] - --------------------------setting values-----------------------------
[INFO ][2016-01-25 12:30:19,416][com.java.TestType] [11749] - Action Type : Select
[INFO ][2016-01-25 12:30:19,416][com.java.TestType] [ 6395] - value = PFC
[INFO ][2016-01-25 12:30:19,669][com.java.TestType] [11768] -  RESULT true
[INFO ][2016-01-25 12:30:19,669][com.java.TestType] [11885] - ?   P A S S   ?
[DEBUG][2016-01-25 12:30:19,669][com.java.TestType] [11691] - Concept ID:2 :: Step being Executed: 2::2
[INFO ][2016-01-25 12:30:19,669][com.java.TestType] [11729] - dataFields : LNKLogout
[DEBUG][2016-01-25 12:30:19,669][com.java.TestType] [11735] - <In Set values of the page>
[DEBUG][2016-01-25 12:30:19,669][com.java.TestType] [11740] - {Data Fields & Data Values Exist}
[INFO ][2016-01-25 12:30:19,669][com.java.TestType] [11746] - --------------------------setting values-----------------------------
[INFO ][2016-01-25 12:30:19,669][com.java.TestType] [11749] - Action Type : WaitTime
[DEBUG][2016-01-25 12:30:19,669][com.java.TestType] [ 6209] - sleepTime: 5000
[INFO ][2016-01-25 12:30:24,670][com.java.TestType] [11768] -  RESULT true
[INFO ][2016-01-25 12:30:24,670][com.java.TestType] [11885] - ?   P A S S   ?
[INFO ][2016-01-25 12:30:24,670][com.java.TestType] [11956] - Looping End......
[INFO ][2016-01-25 12:30:24,670][com.java.SeleniumDriver] [  930] -  RESULT true
[INFO ][2016-01-25 12:30:24,670][com.java.SeleniumDriver] [ 1136] - ?   P A S S   ?
[INFO ][2016-01-25 12:30:24,670][com.java.SeleniumDriver] [  856] - ------------------------------------------
[INFO ][2016-01-25 12:30:24,670][com.java.SeleniumDriver] [  857] - Test case being Executed: 10
[INFO ][2016-01-25 12:30:24,670][com.java.SeleniumDriver] [  869] - Test step:4
[INFO ][2016-01-25 12:30:24,670][com.java.SeleniumDriver] [  881] - Datavalue is----------null
[DEBUG][2016-01-25 12:30:24,670][com.java.SeleniumDriver] [  899] - Exception: null
[INFO ][2016-01-25 12:30:24,670][com.java.SeleniumDriver] [  905] - DataField : //span[@class='icon-question']&&//a[text()='Training Schedule']
[INFO ][2016-01-25 12:30:24,670][com.java.SeleniumDriver] [  907] - DataValue : 
[INFO ][2016-01-25 12:30:24,670][com.java.SeleniumDriver] [  913] - <In Set values of the page>
[INFO ][2016-01-25 12:30:24,670][com.java.SeleniumDriver] [  916] - {Data Fields & Data Values Exist}
[INFO ][2016-01-25 12:30:24,670][com.java.SeleniumDriver] [  918] - --------------------------setting values-----------------------------
[INFO ][2016-01-25 12:30:24,670][com.java.SeleniumDriver] [  921] - Action Type : MOUSEOVER
[INFO ][2016-01-25 12:30:47,729][com.java.SeleniumDriver] [  930] -  RESULT true
[INFO ][2016-01-25 12:30:47,729][com.java.SeleniumDriver] [ 1136] - ?   P A S S   ?
[INFO ][2016-01-25 12:30:47,729][com.java.SeleniumDriver] [  856] - ------------------------------------------
[INFO ][2016-01-25 12:30:47,729][com.java.SeleniumDriver] [  857] - Test case being Executed: 10
[INFO ][2016-01-25 12:30:47,729][com.java.SeleniumDriver] [  869] - Test step:5
[INFO ][2016-01-25 12:30:47,729][com.java.SeleniumDriver] [  881] - Datavalue is----------2
[INFO ][2016-01-25 12:30:47,729][com.java.SeleniumDriver] [  905] - DataField : BTN//div[@class='ui-dialog-buttonset']//button[contains(@role,'button')]
[INFO ][2016-01-25 12:30:47,729][com.java.SeleniumDriver] [  907] - DataValue : 2
[INFO ][2016-01-25 12:30:47,729][com.java.SeleniumDriver] [  913] - <In Set values of the page>
[INFO ][2016-01-25 12:30:47,729][com.java.SeleniumDriver] [  916] - {Data Fields & Data Values Exist}
[INFO ][2016-01-25 12:30:47,729][com.java.SeleniumDriver] [  918] - --------------------------setting values-----------------------------
[INFO ][2016-01-25 12:30:47,729][com.java.SeleniumDriver] [  921] - Action Type : WAITFORELEMENT
[INFO ][2016-01-25 12:30:47,770][com.java.SeleniumDriver] [  930] -  RESULT true
[INFO ][2016-01-25 12:30:47,770][com.java.SeleniumDriver] [ 1136] - ?   P A S S   ?
[INFO ][2016-01-25 12:30:47,770][com.java.SeleniumDriver] [  856] - ------------------------------------------
[INFO ][2016-01-25 12:30:47,770][com.java.SeleniumDriver] [  857] - Test case being Executed: 10
[INFO ][2016-01-25 12:30:47,770][com.java.SeleniumDriver] [  869] - Test step:6
[INFO ][2016-01-25 12:30:47,770][com.java.SeleniumDriver] [  881] - Datavalue is----------null
[DEBUG][2016-01-25 12:30:47,770][com.java.SeleniumDriver] [  899] - Exception: null
[INFO ][2016-01-25 12:30:47,770][com.java.SeleniumDriver] [  905] - DataField : BTN//div[@class='ui-dialog-buttonset']//button[contains(@role,'button')]
[INFO ][2016-01-25 12:30:47,770][com.java.SeleniumDriver] [  907] - DataValue : 
[INFO ][2016-01-25 12:30:47,770][com.java.SeleniumDriver] [  913] - <In Set values of the page>
[INFO ][2016-01-25 12:30:47,770][com.java.SeleniumDriver] [  916] - {Data Fields & Data Values Exist}
[INFO ][2016-01-25 12:30:47,770][com.java.SeleniumDriver] [  918] - --------------------------setting values-----------------------------
[INFO ][2016-01-25 12:30:47,770][com.java.SeleniumDriver] [  921] - Action Type : CLICK
[INFO ][2016-01-25 12:30:47,770][com.java.TestType] [ 6774] - Field ::BTN//div[@class='ui-dialog-buttonset']//button[contains(@role,'button')]
[INFO ][2016-01-25 12:30:47,770][com.java.TestType] [ 6395] - value = 
[INFO ][2016-01-25 12:30:48,770][com.java.TestType] [ 6926] - BEFORE CLICK
[INFO ][2016-01-25 12:30:48,971][com.java.TestType] [ 6933] - Unable to click the object Close button
[INFO ][2016-01-25 12:30:48,971][com.java.SeleniumDriver] [  930] -  RESULT true
[INFO ][2016-01-25 12:30:48,971][com.java.SeleniumDriver] [ 1136] - ?   P A S S   ?
[DEBUG][2016-01-25 12:30:48,971][com.java.SeleniumDriver] [ 1248] - Case found
[DEBUG][2016-01-25 12:30:48,971][com.java.SeleniumDriver] [ 1253] - Incrementing ReportCounters[0]:9
[INFO ][2016-01-25 12:30:48,971][com.java.SeleniumDriver] [ 1272] - The results are-------------------[10, 1, Support: Training Schedules, Pass, , Mon Jan 25 12:30:19 IST 2016, 10, 3, Support: Training Schedules, Pass, , Mon Jan 25 12:30:24 IST 2016, 10, 4, Support: Training Schedules, Pass, , Mon Jan 25 12:30:47 IST 2016, 10, 5, Support: Training Schedules, Pass, , Mon Jan 25 12:30:47 IST 2016, 10, 6, Support: Training Schedules, Pass, , Mon Jan 25 12:30:48 IST 2016]
[INFO ][2016-01-25 12:30:48,971][com.java.SeleniumDriver] [ 1276] - End time is-------10 min 24 sec
[INFO ][2016-01-25 12:30:48,971][com.java.SeleniumDriver] [ 1277] - The results are-------------------[10, 1, Support: Training Schedules, Pass, , Mon Jan 25 12:30:19 IST 2016, 10, 3, Support: Training Schedules, Pass, , Mon Jan 25 12:30:24 IST 2016, 10, 4, Support: Training Schedules, Pass, , Mon Jan 25 12:30:47 IST 2016, 10, 5, Support: Training Schedules, Pass, , Mon Jan 25 12:30:47 IST 2016, 10, 6, Support: Training Schedules, Pass, , Mon Jan 25 12:30:48 IST 2016]
[DEBUG][2016-01-25 12:30:48,971][com.java.ImportnExport.ExportTestResultsExcel] [  222] - testResultPath = D:\BankersDashboard/TestReports/Test Results_BankersDashBoard_012516_122026_IE10_Any Bank USA.xls
[DEBUG][2016-01-25 12:30:48,971][com.java.ImportnExport.ExportTestResultsExcel] [  223] - browser is------------IE10
[DEBUG][2016-01-25 12:30:48,971][com.java.ImportnExport.ExportTestResultsExcel] [  270] - result.size() = 30
[DEBUG][2016-01-25 12:30:48,971][com.java.ImportnExport.ExportTestResultsExcel] [  274] - No of rows in sheet=10
[DEBUG][2016-01-25 12:30:48,971][com.java.ImportnExport.ExportTestResultsExcel] [  301] - ..in export..10
[DEBUG][2016-01-25 12:30:48,971][com.java.ImportnExport.ExportTestResultsExcel] [  301] - ..in export..Support: Training Schedules
[DEBUG][2016-01-25 12:30:48,971][com.java.ImportnExport.ExportTestResultsExcel] [  301] - ..in export..Pass
[DEBUG][2016-01-25 12:30:48,971][com.java.ImportnExport.ExportTestResultsExcel] [  301] - ..in export..
[DEBUG][2016-01-25 12:30:48,971][com.java.ImportnExport.ExportTestResultsExcel] [  301] - ..in export..Mon Jan 25 12:30:19 IST 2016
[INFO ][2016-01-25 12:30:48,971][com.java.SeleniumDriver] [ 1337] - out loop:9 size:10 TestCases:[1, 2, 3, 4, 5, 6, 7, 8, 9, 10] testcases:[1, 2, 3, 4, 5, 6, 7, 8, 9, 10]
[INFO ][2016-01-25 12:30:50,971][com.java.SeleniumDriver] [ 1380] - Total Number of Cases:10
[INFO ][2016-01-25 12:30:50,971][com.java.TemplateGenerator] [  302] - Executed:9
[INFO ][2016-01-25 12:30:50,971][com.java.TemplateGenerator] [  303] - Passed:6
[INFO ][2016-01-25 12:30:50,971][com.java.TemplateGenerator] [  304] - Failed:3
[INFO ][2016-01-25 12:30:50,971][com.java.TemplateGenerator] [  305] - Skipeed:1
[INFO ][2016-01-25 12:30:50,971][com.java.TemplateGenerator] [  306] - Application URL:https://clients-xuat.bankersdashboard.com
[INFO ][2016-01-25 12:30:50,971][com.java.TemplateGenerator] [  307] - Start Time:012516_122026
[INFO ][2016-01-25 12:30:50,971][com.java.TemplateGenerator] [  308] -  Creating HTML Report 
[ERROR][2016-01-25 12:30:50,971][com.java.TemplateGenerator] [  409] - Unparseable date: "Mon Jan 25 12:20:26 IST 2016"
[INFO ][2016-01-25 12:30:50,971][com.java.TemplateGenerator] [  654] -  Exporting case :: 1
[INFO ][2016-01-25 12:30:50,971][com.java.TemplateGenerator] [  654] -  Exporting case :: 2
[INFO ][2016-01-25 12:30:50,971][com.java.TemplateGenerator] [  654] -  Exporting case :: 3
[INFO ][2016-01-25 12:30:50,971][com.java.TemplateGenerator] [  654] -  Exporting case :: 4
[INFO ][2016-01-25 12:30:50,971][com.java.TemplateGenerator] [  654] -  Exporting case :: 5
[INFO ][2016-01-25 12:30:50,971][com.java.TemplateGenerator] [  654] -  Exporting case :: 6
[INFO ][2016-01-25 12:30:50,971][com.java.TemplateGenerator] [  654] -  Exporting case :: 7
[INFO ][2016-01-25 12:30:50,971][com.java.TemplateGenerator] [  654] -  Exporting case :: 8
[INFO ][2016-01-25 12:30:50,971][com.java.TemplateGenerator] [  654] -  Exporting case :: 9
[INFO ][2016-01-25 12:30:50,971][com.java.TemplateGenerator] [  654] -  Exporting case :: 10
[INFO ][2016-01-25 12:30:50,971][com.java.SeleniumDriver] [ 1429] - End Time:012516_123050
[INFO ][2016-01-25 12:30:50,971][com.java.SeleniumDriver] [ 1432] - Data in Test Execution Details:{1=PASS, 2=FAILTest case failed at Step No. :: 7   Error Message ::  Element not found://div[contains(@class,'modal-header')]//h4[contains(text(),'Support Request')], 3=FAILTest case failed at Step No. :: 7   Error Message ::  Element not found://div[contains(@class,'modal-header')]//h4[contains(text(),'Support Request')], 4=FAILTest case failed at Step No. :: 8   Error Message ::  Element not found://div[contains(@class,'modal-header')]//h4[contains(text(),'Support Request')], 5=SKIPPED, 6=PASS, 7=PASS, 8=PASS, 9=PASS, 10=PASS}
[INFO ][2016-01-25 12:30:50,971][com.java.SeleniumDriver] [ 1433] - Data in Failed Execution Deatils:{}
[INFO ][2016-01-25 12:30:50,971][com.java.SeleniumDriver] [ 1435] - ReportCounter:Total:9 :: PASS: 6 ::FAIL: 3
[INFO ][2016-01-25 12:30:50,971][com.java.SeleniumDriver] [ 1436] - FailedReportCounter:Total:0 :: PASS: 0 ::FAIL: 0
[INFO ][2016-01-25 12:30:50,972][com.java.EmailTestReport] [   63] - Sending report mail details:
[INFO ][2016-01-25 12:30:50,972][com.java.EmailTestReport] [   80] - Excel Report Path:D:\BankersDashboard/TestReports/Test Results_BankersDashBoard_012516_122026_IE10_Any Bank USA.xls
[INFO ][2016-01-25 12:30:50,972][com.java.EmailTestReport] [   81] - HTML Report Path:D:\BankersDashboard//TestReports//Test Results_BankersDashBoard_012516_122026_IE10_Any Bank USA.html
[INFO ][2016-01-25 12:30:50,972][com.java.EmailTestReport] [   82] - smtpHostName:mail01.valuelabs.com
[INFO ][2016-01-25 12:30:50,972][com.java.EmailTestReport] [   83] - Recipient:venkateswararao.gubbala@valuelabs.com;
[INFO ][2016-01-25 12:30:50,972][com.java.EmailTestReport] [   84] - From:venkateswararao.gubbala@valuelabs.com;
[INFO ][2016-01-25 12:30:50,972][com.java.EmailTestReport] [   85] - Subject:Deluxe Corp Bankers Dashboard Automation Test Report - Any Bank USA - IE10
[INFO ][2016-01-25 12:30:51,002][com.java.EmailTestReport] [  143] -  Added venkateswararao.gubbala@valuelabs.com
[INFO ][2016-01-25 12:30:54,131][com.java.SeleniumDriver] [  722] - quitting the browser 
[INFO ][2016-01-25 12:30:56,113][com.java.SeleniumDriver] [  264] - Execution Completed Stopping the thread
