[INFO ][2015-12-21 17:21:35,468][com.java.SeleniumDriver] [  213] - Execute Failed Casesfalse
[INFO ][2015-12-21 17:21:35,468][com.java.SeleniumDriver] [  214] - Browser: IE10
[INFO ][2015-12-21 17:21:35,468][com.java.SeleniumDriver] [  215] - [1, 26]
[INFO ][2015-12-21 17:21:35,469][com.java.SeleniumDriver] [  216] - Total TestCases:2
[INFO ][2015-12-21 17:21:35,469][com.java.SeleniumDriver] [  217] -  Reading Properties from Property File 
[DEBUG][2015-12-21 17:21:35,469][com.java.SeleniumDriver] [  238] - url : https://clients-xuat.bankersdashboard.com
[INFO ][2015-12-21 17:21:35,470][com.java.ImportnExport.ExportTestResultsExcel] [  116] - Time Stamp Mon Dec 21 05:21:35 IST 2015
[INFO ][2015-12-21 17:21:35,470][com.java.ImportnExport.ExportTestResultsExcel] [  175] - OUT FILE : D:\BankersDashboard/TestReports/Test Results_BankersDashBoard_122115_172135_IE10_Bank of North Carolina.xls
[INFO ][2015-12-21 17:21:35,499][com.java.ImportnExport.ExportTestResultsExcel] [  180] - Test Result file is created
[DEBUG][2015-12-21 17:21:35,602][com.java.SeleniumDriver] [  426] - Hub ip address is-------172.17.68.34
[INFO ][2015-12-21 17:21:35,602][com.java.SeleniumDriver] [  452] - Grid URL:http://172.17.68.34:4444/wd/hub
[INFO ][2015-12-21 17:21:35,603][com.java.SeleniumDriver] [  453] - Capability:Capabilities [{platform=ANY, ensureCleanSession=true, ignoreProtectedModeSettings=true, acceptSslCerts=true, ignoreZoomSetting=true, browserName=internet explorer, browserstack.ie.noFlash=true, version=null}]
[ERROR][2015-12-21 17:21:36,915][com.java.SeleniumDriver] [  497] - Unable invoke browser in grid:Could not start a new session. Possible causes are invalid address of the remote server or browser start-up failure.
Build info: version: '2.48.2', revision: '41bccdd', time: '2015-10-09 19:59:12'
System info: host: 'FVTIII438F1D', ip: '172.17.68.34', os.name: 'Windows 7', os.arch: 'x86', os.version: '6.1', java.version: '1.7.0_55'
Driver info: driver.version: SeleniumDriver
[INFO ][2015-12-21 17:21:36,916][com.java.SeleniumDriver] [  499] - Executing on local machine
[INFO ][2015-12-21 17:21:47,623][com.java.SeleniumDriver] [  248] - IE10is opened
[INFO ][2015-12-21 17:21:48,467][com.java.SeleniumDriver] [  754] - Test cases to be executed are: [1, 26]
[INFO ][2015-12-21 17:21:48,488][com.java.ImportnExport.ImportTestDataDetailsExcel] [   49] - test data details path===== D:\BankersDashboard\TestInputs\TestData.xls
[INFO ][2015-12-21 17:21:48,565][com.java.SeleniumDriver] [  821] - ------------------------------------------
[INFO ][2015-12-21 17:21:48,566][com.java.SeleniumDriver] [  822] - Test case being Executed: 1
[INFO ][2015-12-21 17:21:48,566][com.java.SeleniumDriver] [  833] - Test step:1
[INFO ][2015-12-21 17:21:48,566][com.java.SeleniumDriver] [  845] - Datavalue is----------Concept#1:1-16
[INFO ][2015-12-21 17:21:48,566][com.java.SeleniumDriver] [  869] - DataField : test
[INFO ][2015-12-21 17:21:48,566][com.java.SeleniumDriver] [  871] - DataValue : Concept#1:1-16
[INFO ][2015-12-21 17:21:48,568][com.java.SeleniumDriver] [  877] - <In Set values of the page>
[INFO ][2015-12-21 17:21:48,568][com.java.SeleniumDriver] [  880] - {Data Fields & Data Values Exist}
[INFO ][2015-12-21 17:21:48,568][com.java.SeleniumDriver] [  882] - --------------------------setting values-----------------------------
[INFO ][2015-12-21 17:21:48,568][com.java.SeleniumDriver] [  885] - Action Type : ExecuteTestCase
[INFO ][2015-12-21 17:21:48,586][com.java.TestType] [  437] - The Concept sheet name is ---------- Concept
[INFO ][2015-12-21 17:21:48,586][com.java.TestType] [  440] - The Concept ID  is ---------- 1
[DEBUG][2015-12-21 17:21:48,587][com.java.TestType] [  444] - Steps being executted in the Concept are: 1:16
[INFO ][2015-12-21 17:21:48,587][com.java.TestType] [  451] - Test data details path ---------- D:\BankersDashboard\TestInputs\TestData.xls
[INFO ][2015-12-21 17:21:48,620][com.java.TestType] [  482] -  str(1) = 1
[INFO ][2015-12-21 17:21:48,620][com.java.TestType] [  485] - Test case Id is---1
[INFO ][2015-12-21 17:21:48,621][com.java.TestType] [  487] - 1
[INFO ][2015-12-21 17:21:48,621][com.java.TestType] [  482] -  str(2) = 1
[INFO ][2015-12-21 17:21:48,623][com.java.TestType] [  534] - row values are--------{1=com.java.Objects.TestDataDetails@1f84b5e}
[INFO ][2015-12-21 17:21:48,623][com.java.TestType] [  482] -  str(1) = 1
[INFO ][2015-12-21 17:21:48,623][com.java.TestType] [  485] - Test case Id is---1
[INFO ][2015-12-21 17:21:48,623][com.java.TestType] [  487] - 1
[INFO ][2015-12-21 17:21:48,624][com.java.TestType] [  482] -  str(2) = 2
[INFO ][2015-12-21 17:21:48,627][com.java.TestType] [  534] - row values are--------{1=com.java.Objects.TestDataDetails@1f84b5e, 2=com.java.Objects.TestDataDetails@16e68a0}
[INFO ][2015-12-21 17:21:48,627][com.java.TestType] [  482] -  str(1) = 1
[INFO ][2015-12-21 17:21:48,627][com.java.TestType] [  485] - Test case Id is---1
[INFO ][2015-12-21 17:21:48,627][com.java.TestType] [  487] - 1
[INFO ][2015-12-21 17:21:48,627][com.java.TestType] [  482] -  str(2) = 3
[INFO ][2015-12-21 17:21:48,628][com.java.TestType] [  534] - row values are--------{1=com.java.Objects.TestDataDetails@1f84b5e, 2=com.java.Objects.TestDataDetails@16e68a0, 3=com.java.Objects.TestDataDetails@60525c}
[INFO ][2015-12-21 17:21:48,628][com.java.TestType] [  482] -  str(1) = 1
[INFO ][2015-12-21 17:21:48,629][com.java.TestType] [  485] - Test case Id is---1
[INFO ][2015-12-21 17:21:48,629][com.java.TestType] [  487] - 1
[INFO ][2015-12-21 17:21:48,629][com.java.TestType] [  482] -  str(2) = 4
[INFO ][2015-12-21 17:21:48,630][com.java.TestType] [  534] - row values are--------{1=com.java.Objects.TestDataDetails@1f84b5e, 2=com.java.Objects.TestDataDetails@16e68a0, 3=com.java.Objects.TestDataDetails@60525c, 4=com.java.Objects.TestDataDetails@1a33470}
[INFO ][2015-12-21 17:21:48,630][com.java.TestType] [  482] -  str(1) = 1
[INFO ][2015-12-21 17:21:48,630][com.java.TestType] [  485] - Test case Id is---1
[INFO ][2015-12-21 17:21:48,630][com.java.TestType] [  487] - 1
[INFO ][2015-12-21 17:21:48,631][com.java.TestType] [  482] -  str(2) = 5
[INFO ][2015-12-21 17:21:48,631][com.java.TestType] [  534] - row values are--------{1=com.java.Objects.TestDataDetails@1f84b5e, 2=com.java.Objects.TestDataDetails@16e68a0, 3=com.java.Objects.TestDataDetails@60525c, 4=com.java.Objects.TestDataDetails@1a33470, 5=com.java.Objects.TestDataDetails@16215d4}
[INFO ][2015-12-21 17:21:48,632][com.java.TestType] [  482] -  str(1) = 1
[INFO ][2015-12-21 17:21:48,632][com.java.TestType] [  485] - Test case Id is---1
[INFO ][2015-12-21 17:21:48,632][com.java.TestType] [  487] - 1
[INFO ][2015-12-21 17:21:48,632][com.java.TestType] [  482] -  str(2) = 6
[INFO ][2015-12-21 17:21:48,634][com.java.TestType] [  534] - row values are--------{1=com.java.Objects.TestDataDetails@1f84b5e, 2=com.java.Objects.TestDataDetails@16e68a0, 3=com.java.Objects.TestDataDetails@60525c, 4=com.java.Objects.TestDataDetails@1a33470, 5=com.java.Objects.TestDataDetails@16215d4, 6=com.java.Objects.TestDataDetails@16fcad2}
[INFO ][2015-12-21 17:21:48,634][com.java.TestType] [  482] -  str(1) = 1
[INFO ][2015-12-21 17:21:48,634][com.java.TestType] [  485] - Test case Id is---1
[INFO ][2015-12-21 17:21:48,634][com.java.TestType] [  487] - 1
[INFO ][2015-12-21 17:21:48,634][com.java.TestType] [  482] -  str(2) = 7
[INFO ][2015-12-21 17:21:48,635][com.java.TestType] [  534] - row values are--------{1=com.java.Objects.TestDataDetails@1f84b5e, 2=com.java.Objects.TestDataDetails@16e68a0, 3=com.java.Objects.TestDataDetails@60525c, 4=com.java.Objects.TestDataDetails@1a33470, 5=com.java.Objects.TestDataDetails@16215d4, 6=com.java.Objects.TestDataDetails@16fcad2, 7=com.java.Objects.TestDataDetails@f61e2}
[INFO ][2015-12-21 17:21:48,635][com.java.TestType] [  482] -  str(1) = 1
[INFO ][2015-12-21 17:21:48,635][com.java.TestType] [  485] - Test case Id is---1
[INFO ][2015-12-21 17:21:48,635][com.java.TestType] [  487] - 1
[INFO ][2015-12-21 17:21:48,635][com.java.TestType] [  482] -  str(2) = 8
[INFO ][2015-12-21 17:21:48,637][com.java.TestType] [  534] - row values are--------{1=com.java.Objects.TestDataDetails@1f84b5e, 2=com.java.Objects.TestDataDetails@16e68a0, 3=com.java.Objects.TestDataDetails@60525c, 4=com.java.Objects.TestDataDetails@1a33470, 5=com.java.Objects.TestDataDetails@16215d4, 6=com.java.Objects.TestDataDetails@16fcad2, 7=com.java.Objects.TestDataDetails@f61e2, 8=com.java.Objects.TestDataDetails@14ced4e}
[INFO ][2015-12-21 17:21:48,637][com.java.TestType] [  482] -  str(1) = 1
[INFO ][2015-12-21 17:21:48,637][com.java.TestType] [  485] - Test case Id is---1
[INFO ][2015-12-21 17:21:48,637][com.java.TestType] [  487] - 1
[INFO ][2015-12-21 17:21:48,637][com.java.TestType] [  482] -  str(2) = 9
[INFO ][2015-12-21 17:21:48,638][com.java.TestType] [  534] - row values are--------{1=com.java.Objects.TestDataDetails@1f84b5e, 2=com.java.Objects.TestDataDetails@16e68a0, 3=com.java.Objects.TestDataDetails@60525c, 4=com.java.Objects.TestDataDetails@1a33470, 5=com.java.Objects.TestDataDetails@16215d4, 6=com.java.Objects.TestDataDetails@16fcad2, 7=com.java.Objects.TestDataDetails@f61e2, 8=com.java.Objects.TestDataDetails@14ced4e, 9=com.java.Objects.TestDataDetails@1e1760a}
[INFO ][2015-12-21 17:21:48,638][com.java.TestType] [  482] -  str(1) = 1
[INFO ][2015-12-21 17:21:48,638][com.java.TestType] [  485] - Test case Id is---1
[INFO ][2015-12-21 17:21:48,638][com.java.TestType] [  487] - 1
[INFO ][2015-12-21 17:21:48,638][com.java.TestType] [  482] -  str(2) = 10
[INFO ][2015-12-21 17:21:48,639][com.java.TestType] [  534] - row values are--------{1=com.java.Objects.TestDataDetails@1f84b5e, 2=com.java.Objects.TestDataDetails@16e68a0, 3=com.java.Objects.TestDataDetails@60525c, 4=com.java.Objects.TestDataDetails@1a33470, 5=com.java.Objects.TestDataDetails@16215d4, 6=com.java.Objects.TestDataDetails@16fcad2, 7=com.java.Objects.TestDataDetails@f61e2, 8=com.java.Objects.TestDataDetails@14ced4e, 9=com.java.Objects.TestDataDetails@1e1760a, 10=com.java.Objects.TestDataDetails@104bc9}
[INFO ][2015-12-21 17:21:48,639][com.java.TestType] [  482] -  str(1) = 1
[INFO ][2015-12-21 17:21:48,640][com.java.TestType] [  485] - Test case Id is---1
[INFO ][2015-12-21 17:21:48,640][com.java.TestType] [  487] - 1
[INFO ][2015-12-21 17:21:48,640][com.java.TestType] [  482] -  str(2) = 11
[INFO ][2015-12-21 17:21:48,640][com.java.TestType] [  534] - row values are--------{1=com.java.Objects.TestDataDetails@1f84b5e, 2=com.java.Objects.TestDataDetails@16e68a0, 3=com.java.Objects.TestDataDetails@60525c, 4=com.java.Objects.TestDataDetails@1a33470, 5=com.java.Objects.TestDataDetails@16215d4, 6=com.java.Objects.TestDataDetails@16fcad2, 7=com.java.Objects.TestDataDetails@f61e2, 8=com.java.Objects.TestDataDetails@14ced4e, 9=com.java.Objects.TestDataDetails@1e1760a, 10=com.java.Objects.TestDataDetails@104bc9, 11=com.java.Objects.TestDataDetails@1f7057}
[INFO ][2015-12-21 17:21:48,641][com.java.TestType] [  482] -  str(1) = 1
[INFO ][2015-12-21 17:21:48,641][com.java.TestType] [  485] - Test case Id is---1
[INFO ][2015-12-21 17:21:48,641][com.java.TestType] [  487] - 1
[INFO ][2015-12-21 17:21:48,641][com.java.TestType] [  482] -  str(2) = 12
[INFO ][2015-12-21 17:21:48,642][com.java.TestType] [  534] - row values are--------{1=com.java.Objects.TestDataDetails@1f84b5e, 2=com.java.Objects.TestDataDetails@16e68a0, 3=com.java.Objects.TestDataDetails@60525c, 4=com.java.Objects.TestDataDetails@1a33470, 5=com.java.Objects.TestDataDetails@16215d4, 6=com.java.Objects.TestDataDetails@16fcad2, 7=com.java.Objects.TestDataDetails@f61e2, 8=com.java.Objects.TestDataDetails@14ced4e, 9=com.java.Objects.TestDataDetails@1e1760a, 10=com.java.Objects.TestDataDetails@104bc9, 11=com.java.Objects.TestDataDetails@1f7057, 12=com.java.Objects.TestDataDetails@11be9d4}
[INFO ][2015-12-21 17:21:48,642][com.java.TestType] [  482] -  str(1) = 1
[INFO ][2015-12-21 17:21:48,642][com.java.TestType] [  485] - Test case Id is---1
[INFO ][2015-12-21 17:21:48,642][com.java.TestType] [  487] - 1
[INFO ][2015-12-21 17:21:48,642][com.java.TestType] [  482] -  str(2) = 13
[INFO ][2015-12-21 17:21:48,643][com.java.TestType] [  534] - row values are--------{1=com.java.Objects.TestDataDetails@1f84b5e, 2=com.java.Objects.TestDataDetails@16e68a0, 3=com.java.Objects.TestDataDetails@60525c, 4=com.java.Objects.TestDataDetails@1a33470, 5=com.java.Objects.TestDataDetails@16215d4, 6=com.java.Objects.TestDataDetails@16fcad2, 7=com.java.Objects.TestDataDetails@f61e2, 8=com.java.Objects.TestDataDetails@14ced4e, 9=com.java.Objects.TestDataDetails@1e1760a, 10=com.java.Objects.TestDataDetails@104bc9, 11=com.java.Objects.TestDataDetails@1f7057, 12=com.java.Objects.TestDataDetails@11be9d4, 13=com.java.Objects.TestDataDetails@665fb2}
[INFO ][2015-12-21 17:21:48,643][com.java.TestType] [  482] -  str(1) = 1
[INFO ][2015-12-21 17:21:48,643][com.java.TestType] [  485] - Test case Id is---1
[INFO ][2015-12-21 17:21:48,643][com.java.TestType] [  487] - 1
[INFO ][2015-12-21 17:21:48,643][com.java.TestType] [  482] -  str(2) = 14
[INFO ][2015-12-21 17:21:48,644][com.java.TestType] [  534] - row values are--------{1=com.java.Objects.TestDataDetails@1f84b5e, 2=com.java.Objects.TestDataDetails@16e68a0, 3=com.java.Objects.TestDataDetails@60525c, 4=com.java.Objects.TestDataDetails@1a33470, 5=com.java.Objects.TestDataDetails@16215d4, 6=com.java.Objects.TestDataDetails@16fcad2, 7=com.java.Objects.TestDataDetails@f61e2, 8=com.java.Objects.TestDataDetails@14ced4e, 9=com.java.Objects.TestDataDetails@1e1760a, 10=com.java.Objects.TestDataDetails@104bc9, 11=com.java.Objects.TestDataDetails@1f7057, 12=com.java.Objects.TestDataDetails@11be9d4, 13=com.java.Objects.TestDataDetails@665fb2, 14=com.java.Objects.TestDataDetails@16c25eb}
[INFO ][2015-12-21 17:21:48,644][com.java.TestType] [  482] -  str(1) = 1
[INFO ][2015-12-21 17:21:48,644][com.java.TestType] [  485] - Test case Id is---1
[INFO ][2015-12-21 17:21:48,644][com.java.TestType] [  487] - 1
[INFO ][2015-12-21 17:21:48,644][com.java.TestType] [  482] -  str(2) = 15
[INFO ][2015-12-21 17:21:48,646][com.java.TestType] [  534] - row values are--------{1=com.java.Objects.TestDataDetails@1f84b5e, 2=com.java.Objects.TestDataDetails@16e68a0, 3=com.java.Objects.TestDataDetails@60525c, 4=com.java.Objects.TestDataDetails@1a33470, 5=com.java.Objects.TestDataDetails@16215d4, 6=com.java.Objects.TestDataDetails@16fcad2, 7=com.java.Objects.TestDataDetails@f61e2, 8=com.java.Objects.TestDataDetails@14ced4e, 9=com.java.Objects.TestDataDetails@1e1760a, 10=com.java.Objects.TestDataDetails@104bc9, 11=com.java.Objects.TestDataDetails@1f7057, 12=com.java.Objects.TestDataDetails@11be9d4, 13=com.java.Objects.TestDataDetails@665fb2, 14=com.java.Objects.TestDataDetails@16c25eb, 15=com.java.Objects.TestDataDetails@50d2cc}
[INFO ][2015-12-21 17:21:48,646][com.java.TestType] [  482] -  str(1) = 1
[INFO ][2015-12-21 17:21:48,646][com.java.TestType] [  485] - Test case Id is---1
[INFO ][2015-12-21 17:21:48,646][com.java.TestType] [  487] - 1
[INFO ][2015-12-21 17:21:48,646][com.java.TestType] [  482] -  str(2) = 16
[INFO ][2015-12-21 17:21:48,647][com.java.TestType] [  534] - row values are--------{1=com.java.Objects.TestDataDetails@1f84b5e, 2=com.java.Objects.TestDataDetails@16e68a0, 3=com.java.Objects.TestDataDetails@60525c, 4=com.java.Objects.TestDataDetails@1a33470, 5=com.java.Objects.TestDataDetails@16215d4, 6=com.java.Objects.TestDataDetails@16fcad2, 7=com.java.Objects.TestDataDetails@f61e2, 8=com.java.Objects.TestDataDetails@14ced4e, 9=com.java.Objects.TestDataDetails@1e1760a, 10=com.java.Objects.TestDataDetails@104bc9, 11=com.java.Objects.TestDataDetails@1f7057, 12=com.java.Objects.TestDataDetails@11be9d4, 13=com.java.Objects.TestDataDetails@665fb2, 14=com.java.Objects.TestDataDetails@16c25eb, 15=com.java.Objects.TestDataDetails@50d2cc, 16=com.java.Objects.TestDataDetails@2abdb}
[INFO ][2015-12-21 17:21:48,647][com.java.TestType] [10235] - Looping 1TCID = 1
[DEBUG][2015-12-21 17:21:48,647][com.java.TestType] [10276] - Concept ID:1 :: Step being Executed: 1::1
[INFO ][2015-12-21 17:21:48,647][com.java.TestType] [10314] - dataFields : TXTusername
[DEBUG][2015-12-21 17:21:48,647][com.java.TestType] [10320] - <In Set values of the page>
[DEBUG][2015-12-21 17:21:48,647][com.java.TestType] [10325] - {Data Fields & Data Values Exist}
[INFO ][2015-12-21 17:21:48,647][com.java.TestType] [10331] - --------------------------setting values-----------------------------
[INFO ][2015-12-21 17:21:48,647][com.java.TestType] [10334] - Action Type : CLEARANDENTER
[INFO ][2015-12-21 17:21:48,648][com.java.TestType] [ 5577] - value = valuelabs.ie10.33527
[INFO ][2015-12-21 17:21:53,332][com.java.TestType] [10353] -  RESULT true
[INFO ][2015-12-21 17:21:53,333][com.java.TestType] [10470] - ?   P A S S   ?
[DEBUG][2015-12-21 17:21:53,333][com.java.TestType] [10276] - Concept ID:1 :: Step being Executed: 1::2
[INFO ][2015-12-21 17:21:53,333][com.java.TestType] [10314] - dataFields : TXTpassword
[DEBUG][2015-12-21 17:21:53,333][com.java.TestType] [10320] - <In Set values of the page>
[DEBUG][2015-12-21 17:21:53,333][com.java.TestType] [10325] - {Data Fields & Data Values Exist}
[INFO ][2015-12-21 17:21:53,333][com.java.TestType] [10331] - --------------------------setting values-----------------------------
[INFO ][2015-12-21 17:21:53,333][com.java.TestType] [10334] - Action Type : CLEARANDENTER
[INFO ][2015-12-21 17:21:53,333][com.java.TestType] [ 5577] - value = Password1*
[INFO ][2015-12-21 17:21:58,189][com.java.TestType] [10353] -  RESULT true
[INFO ][2015-12-21 17:21:58,189][com.java.TestType] [10470] - ?   P A S S   ?
[DEBUG][2015-12-21 17:21:58,189][com.java.TestType] [10276] - Concept ID:1 :: Step being Executed: 1::3
[ERROR][2015-12-21 17:21:58,189][com.java.TestType] [10309] - Exception: null
[INFO ][2015-12-21 17:21:58,189][com.java.TestType] [10314] - dataFields : XPH//button[@type='submit']
[DEBUG][2015-12-21 17:21:58,190][com.java.TestType] [10320] - <In Set values of the page>
[DEBUG][2015-12-21 17:21:58,190][com.java.TestType] [10325] - {Data Fields & Data Values Exist}
[INFO ][2015-12-21 17:21:58,190][com.java.TestType] [10331] - --------------------------setting values-----------------------------
[INFO ][2015-12-21 17:21:58,190][com.java.TestType] [10334] - Action Type : Click
[INFO ][2015-12-21 17:21:58,190][com.java.TestType] [ 5956] - Field ::XPH//button[@type='submit']
[INFO ][2015-12-21 17:21:58,190][com.java.TestType] [ 5577] - value = 
[INFO ][2015-12-21 17:21:59,191][com.java.TestType] [ 6093] - BEFORE CLICK
[INFO ][2015-12-21 17:22:02,679][com.java.TestType] [ 6101] - Unable to click the object Login
[INFO ][2015-12-21 17:22:02,679][com.java.TestType] [10353] -  RESULT true
[INFO ][2015-12-21 17:22:02,679][com.java.TestType] [10470] - ?   P A S S   ?
[DEBUG][2015-12-21 17:22:02,679][com.java.TestType] [10276] - Concept ID:1 :: Step being Executed: 1::4
[INFO ][2015-12-21 17:22:02,679][com.java.TestType] [10314] - dataFields : LNKLogout
[DEBUG][2015-12-21 17:22:02,679][com.java.TestType] [10320] - <In Set values of the page>
[DEBUG][2015-12-21 17:22:02,679][com.java.TestType] [10325] - {Data Fields & Data Values Exist}
[INFO ][2015-12-21 17:22:02,679][com.java.TestType] [10331] - --------------------------setting values-----------------------------
[INFO ][2015-12-21 17:22:02,679][com.java.TestType] [10334] - Action Type : WaitForElement
[INFO ][2015-12-21 17:22:02,715][com.java.TestType] [10353] -  RESULT true
[INFO ][2015-12-21 17:22:02,715][com.java.TestType] [10470] - ?   P A S S   ?
[DEBUG][2015-12-21 17:22:02,715][com.java.TestType] [10276] - Concept ID:1 :: Step being Executed: 1::15
[INFO ][2015-12-21 17:22:02,716][com.java.TestType] [10314] - dataFields : LNK
[DEBUG][2015-12-21 17:22:02,717][com.java.TestType] [10320] - <In Set values of the page>
[DEBUG][2015-12-21 17:22:02,717][com.java.TestType] [10325] - {Data Fields & Data Values Exist}
[INFO ][2015-12-21 17:22:02,717][com.java.TestType] [10331] - --------------------------setting values-----------------------------
[INFO ][2015-12-21 17:22:02,717][com.java.TestType] [10334] - Action Type : Verify
[INFO ][2015-12-21 17:22:02,717][com.java.TestType] [ 6921] - field= LNK value= Logout
[INFO ][2015-12-21 17:22:02,718][com.java.TestType] [ 5577] - value = Logout
[INFO ][2015-12-21 17:22:02,754][com.java.TestType] [10353] -  RESULT true
[INFO ][2015-12-21 17:22:02,754][com.java.TestType] [10470] - ?   P A S S   ?
[DEBUG][2015-12-21 17:22:02,754][com.java.TestType] [10276] - Concept ID:1 :: Step being Executed: 1::16
[INFO ][2015-12-21 17:22:02,754][com.java.TestType] [10314] - dataFields : BTN
[DEBUG][2015-12-21 17:22:02,755][com.java.TestType] [10320] - <In Set values of the page>
[DEBUG][2015-12-21 17:22:02,755][com.java.TestType] [10325] - {Data Fields & Data Values Exist}
[INFO ][2015-12-21 17:22:02,755][com.java.TestType] [10331] - --------------------------setting values-----------------------------
[INFO ][2015-12-21 17:22:02,755][com.java.TestType] [10334] - Action Type : Verify
[INFO ][2015-12-21 17:22:02,755][com.java.TestType] [ 6921] - field= BTN value= //img[contains(@src,'bdlogo.jpg')]
[INFO ][2015-12-21 17:22:02,755][com.java.TestType] [ 5577] - value = //img[contains(@src,'bdlogo.jpg')]
[INFO ][2015-12-21 17:22:02,828][com.java.TestType] [10353] -  RESULT true
[INFO ][2015-12-21 17:22:02,828][com.java.TestType] [10470] - ?   P A S S   ?
[INFO ][2015-12-21 17:22:02,828][com.java.TestType] [10541] - Looping End......
[INFO ][2015-12-21 17:22:02,832][com.java.SeleniumDriver] [  894] -  RESULT true
[INFO ][2015-12-21 17:22:02,832][com.java.SeleniumDriver] [ 1100] - ?   P A S S   ?
[INFO ][2015-12-21 17:22:02,832][com.java.SeleniumDriver] [  821] - ------------------------------------------
[INFO ][2015-12-21 17:22:02,832][com.java.SeleniumDriver] [  822] - Test case being Executed: 1
[INFO ][2015-12-21 17:22:02,832][com.java.SeleniumDriver] [  833] - Test step:2
[INFO ][2015-12-21 17:22:02,832][com.java.SeleniumDriver] [  845] - Datavalue is----------Concept#2:1-2
[INFO ][2015-12-21 17:22:02,832][com.java.SeleniumDriver] [  869] - DataField : test
[INFO ][2015-12-21 17:22:02,832][com.java.SeleniumDriver] [  871] - DataValue : Concept#2:1-2
[INFO ][2015-12-21 17:22:02,832][com.java.SeleniumDriver] [  877] - <In Set values of the page>
[INFO ][2015-12-21 17:22:02,832][com.java.SeleniumDriver] [  880] - {Data Fields & Data Values Exist}
[INFO ][2015-12-21 17:22:02,832][com.java.SeleniumDriver] [  882] - --------------------------setting values-----------------------------
[INFO ][2015-12-21 17:22:02,833][com.java.SeleniumDriver] [  885] - Action Type : ExecuteTestCase
[INFO ][2015-12-21 17:22:02,833][com.java.TestType] [  437] - The Concept sheet name is ---------- Concept
[INFO ][2015-12-21 17:22:02,833][com.java.TestType] [  440] - The Concept ID  is ---------- 2
[DEBUG][2015-12-21 17:22:02,833][com.java.TestType] [  444] - Steps being executted in the Concept are: 1:2
[INFO ][2015-12-21 17:22:02,833][com.java.TestType] [  451] - Test data details path ---------- D:\BankersDashboard\TestInputs\TestData.xls
[INFO ][2015-12-21 17:22:02,862][com.java.TestType] [  482] -  str(1) = 2
[INFO ][2015-12-21 17:22:02,862][com.java.TestType] [  485] - Test case Id is---2
[INFO ][2015-12-21 17:22:02,862][com.java.TestType] [  487] - 2
[INFO ][2015-12-21 17:22:02,862][com.java.TestType] [  482] -  str(2) = 1
[INFO ][2015-12-21 17:22:02,864][com.java.TestType] [  534] - row values are--------{1=com.java.Objects.TestDataDetails@1727219}
[INFO ][2015-12-21 17:22:02,864][com.java.TestType] [  482] -  str(1) = 2
[INFO ][2015-12-21 17:22:02,864][com.java.TestType] [  485] - Test case Id is---2
[INFO ][2015-12-21 17:22:02,864][com.java.TestType] [  487] - 2
[INFO ][2015-12-21 17:22:02,864][com.java.TestType] [  482] -  str(2) = 2
[INFO ][2015-12-21 17:22:02,865][com.java.TestType] [  534] - row values are--------{1=com.java.Objects.TestDataDetails@1727219, 2=com.java.Objects.TestDataDetails@1ff89c3}
[INFO ][2015-12-21 17:22:02,865][com.java.TestType] [  482] -  str(1) = 2
[INFO ][2015-12-21 17:22:02,865][com.java.TestType] [  485] - Test case Id is---2
[INFO ][2015-12-21 17:22:02,865][com.java.TestType] [  487] - 2
[INFO ][2015-12-21 17:22:02,865][com.java.TestType] [  482] -  str(2) = 3
[INFO ][2015-12-21 17:22:02,866][com.java.TestType] [  534] - row values are--------{1=com.java.Objects.TestDataDetails@1727219, 2=com.java.Objects.TestDataDetails@1ff89c3, 3=com.java.Objects.TestDataDetails@1f66bc0}
[INFO ][2015-12-21 17:22:02,866][com.java.TestType] [10235] - Looping 1TCID = 2
[DEBUG][2015-12-21 17:22:02,867][com.java.TestType] [10276] - Concept ID:2 :: Step being Executed: 2::1
[INFO ][2015-12-21 17:22:02,867][com.java.TestType] [10314] - dataFields : BNK//select[@id='bank']
[DEBUG][2015-12-21 17:22:02,867][com.java.TestType] [10320] - <In Set values of the page>
[DEBUG][2015-12-21 17:22:02,867][com.java.TestType] [10325] - {Data Fields & Data Values Exist}
[INFO ][2015-12-21 17:22:02,867][com.java.TestType] [10331] - --------------------------setting values-----------------------------
[INFO ][2015-12-21 17:22:02,867][com.java.TestType] [10334] - Action Type : Select
[INFO ][2015-12-21 17:22:02,867][com.java.TestType] [ 5577] - value = PFC
[INFO ][2015-12-21 17:22:03,198][com.java.TestType] [10353] -  RESULT true
[INFO ][2015-12-21 17:22:03,198][com.java.TestType] [10470] - ?   P A S S   ?
[DEBUG][2015-12-21 17:22:03,198][com.java.TestType] [10276] - Concept ID:2 :: Step being Executed: 2::2
[INFO ][2015-12-21 17:22:03,198][com.java.TestType] [10314] - dataFields : LNKLogout
[DEBUG][2015-12-21 17:22:03,198][com.java.TestType] [10320] - <In Set values of the page>
[DEBUG][2015-12-21 17:22:03,198][com.java.TestType] [10325] - {Data Fields & Data Values Exist}
[INFO ][2015-12-21 17:22:03,198][com.java.TestType] [10331] - --------------------------setting values-----------------------------
[INFO ][2015-12-21 17:22:03,198][com.java.TestType] [10334] - Action Type : WaitTime
[DEBUG][2015-12-21 17:22:03,199][com.java.TestType] [ 5397] - sleepTime: 5000
[INFO ][2015-12-21 17:22:08,199][com.java.TestType] [10353] -  RESULT true
[INFO ][2015-12-21 17:22:08,199][com.java.TestType] [10470] - ?   P A S S   ?
[INFO ][2015-12-21 17:22:08,199][com.java.TestType] [10541] - Looping End......
[INFO ][2015-12-21 17:22:08,202][com.java.SeleniumDriver] [  894] -  RESULT true
[INFO ][2015-12-21 17:22:08,202][com.java.SeleniumDriver] [ 1100] - ?   P A S S   ?
[INFO ][2015-12-21 17:22:08,203][com.java.SeleniumDriver] [  821] - ------------------------------------------
[INFO ][2015-12-21 17:22:08,203][com.java.SeleniumDriver] [  822] - Test case being Executed: 1
[INFO ][2015-12-21 17:22:08,203][com.java.SeleniumDriver] [  833] - Test step:3
[INFO ][2015-12-21 17:22:08,203][com.java.SeleniumDriver] [  845] - Datavalue is----------2
[INFO ][2015-12-21 17:22:08,203][com.java.SeleniumDriver] [  869] - DataField : XPH//button[contains(text(),'Add Content')]
[INFO ][2015-12-21 17:22:08,203][com.java.SeleniumDriver] [  871] - DataValue : 2
[INFO ][2015-12-21 17:22:08,203][com.java.SeleniumDriver] [  877] - <In Set values of the page>
[INFO ][2015-12-21 17:22:08,203][com.java.SeleniumDriver] [  880] - {Data Fields & Data Values Exist}
[INFO ][2015-12-21 17:22:08,203][com.java.SeleniumDriver] [  882] - --------------------------setting values-----------------------------
[INFO ][2015-12-21 17:22:08,203][com.java.SeleniumDriver] [  885] - Action Type : WAITFORELEMENT
[INFO ][2015-12-21 17:22:08,240][com.java.SeleniumDriver] [  894] -  RESULT true
[INFO ][2015-12-21 17:22:08,240][com.java.SeleniumDriver] [ 1100] - ?   P A S S   ?
[DEBUG][2015-12-21 17:22:08,240][com.java.SeleniumDriver] [ 1212] - Case found
[DEBUG][2015-12-21 17:22:08,240][com.java.SeleniumDriver] [ 1217] - Incrementing ReportCounters[0]:1
[INFO ][2015-12-21 17:22:08,240][com.java.SeleniumDriver] [ 1236] - The results are-------------------[1, 1, Valid Login, Pass, , Mon Dec 21 17:22:02 IST 2015, 1, 2, Valid Login, Pass, , Mon Dec 21 17:22:08 IST 2015, 1, 3, Valid Login, Pass, , Mon Dec 21 17:22:08 IST 2015]
[INFO ][2015-12-21 17:22:08,241][com.java.SeleniumDriver] [ 1240] - End time is-------34 sec
[INFO ][2015-12-21 17:22:08,241][com.java.SeleniumDriver] [ 1241] - The results are-------------------[1, 1, Valid Login, Pass, , Mon Dec 21 17:22:02 IST 2015, 1, 2, Valid Login, Pass, , Mon Dec 21 17:22:08 IST 2015, 1, 3, Valid Login, Pass, , Mon Dec 21 17:22:08 IST 2015]
[DEBUG][2015-12-21 17:22:08,241][com.java.ImportnExport.ExportTestResultsExcel] [  222] - testResultPath = D:\BankersDashboard/TestReports/Test Results_BankersDashBoard_122115_172135_IE10_Bank of North Carolina.xls
[DEBUG][2015-12-21 17:22:08,241][com.java.ImportnExport.ExportTestResultsExcel] [  223] - browser is------------IE10
[DEBUG][2015-12-21 17:22:08,285][com.java.ImportnExport.ExportTestResultsExcel] [  270] - result.size() = 18
[DEBUG][2015-12-21 17:22:08,285][com.java.ImportnExport.ExportTestResultsExcel] [  274] - No of rows in sheet=1
[DEBUG][2015-12-21 17:22:08,285][com.java.ImportnExport.ExportTestResultsExcel] [  301] - ..in export..1
[DEBUG][2015-12-21 17:22:08,285][com.java.ImportnExport.ExportTestResultsExcel] [  301] - ..in export..Valid Login
[DEBUG][2015-12-21 17:22:08,285][com.java.ImportnExport.ExportTestResultsExcel] [  301] - ..in export..Pass
[DEBUG][2015-12-21 17:22:08,285][com.java.ImportnExport.ExportTestResultsExcel] [  301] - ..in export..
[DEBUG][2015-12-21 17:22:08,286][com.java.ImportnExport.ExportTestResultsExcel] [  301] - ..in export..Mon Dec 21 17:22:02 IST 2015
[INFO ][2015-12-21 17:22:08,287][com.java.SeleniumDriver] [ 1299] - out loop:0 size:2 TestCases:[1, 26] testcases:[1, 26]
[INFO ][2015-12-21 17:22:08,287][com.java.ImportnExport.ImportTestDataDetailsExcel] [   49] - test data details path===== D:\BankersDashboard\TestInputs\TestData.xls
[INFO ][2015-12-21 17:22:27,613][com.java.SeleniumDriver] [  821] - ------------------------------------------
[INFO ][2015-12-21 17:22:27,613][com.java.SeleniumDriver] [  822] - Test case being Executed: 26
[INFO ][2015-12-21 17:22:27,613][com.java.SeleniumDriver] [  833] - Test step:1
[INFO ][2015-12-21 17:22:27,613][com.java.SeleniumDriver] [  845] - Datavalue is----------Logout
[INFO ][2015-12-21 17:22:27,613][com.java.SeleniumDriver] [  869] - DataField : BTN
[INFO ][2015-12-21 17:22:27,613][com.java.SeleniumDriver] [  871] - DataValue : Logout
[INFO ][2015-12-21 17:22:27,613][com.java.SeleniumDriver] [  877] - <In Set values of the page>
[INFO ][2015-12-21 17:22:27,613][com.java.SeleniumDriver] [  880] - {Data Fields & Data Values Exist}
[INFO ][2015-12-21 17:22:27,613][com.java.SeleniumDriver] [  882] - --------------------------setting values-----------------------------
[INFO ][2015-12-21 17:22:27,613][com.java.SeleniumDriver] [  885] - Action Type : Verify
[INFO ][2015-12-21 17:22:27,613][com.java.TestType] [ 6921] - field= BTN value= Logout
[INFO ][2015-12-21 17:22:27,614][com.java.TestType] [ 5577] - value = Logout
[INFO ][2015-12-21 17:22:27,684][com.java.SeleniumDriver] [  894] -  RESULT true
[INFO ][2015-12-21 17:22:27,684][com.java.SeleniumDriver] [ 1100] - ?   P A S S   ?
[INFO ][2015-12-21 17:22:27,684][com.java.SeleniumDriver] [ 1142] - step change to 3
[INFO ][2015-12-21 17:22:27,684][com.java.SeleniumDriver] [  821] - ------------------------------------------
[INFO ][2015-12-21 17:22:27,684][com.java.SeleniumDriver] [  822] - Test case being Executed: 26
[INFO ][2015-12-21 17:22:27,684][com.java.SeleniumDriver] [  833] - Test step:3
[INFO ][2015-12-21 17:22:27,685][com.java.SeleniumDriver] [  845] - Datavalue is----------Concept#2:1-2
[INFO ][2015-12-21 17:22:27,686][com.java.SeleniumDriver] [  869] - DataField : test
[INFO ][2015-12-21 17:22:27,686][com.java.SeleniumDriver] [  871] - DataValue : Concept#2:1-2
[INFO ][2015-12-21 17:22:27,686][com.java.SeleniumDriver] [  877] - <In Set values of the page>
[INFO ][2015-12-21 17:22:27,686][com.java.SeleniumDriver] [  880] - {Data Fields & Data Values Exist}
[INFO ][2015-12-21 17:22:27,686][com.java.SeleniumDriver] [  882] - --------------------------setting values-----------------------------
[INFO ][2015-12-21 17:22:27,686][com.java.SeleniumDriver] [  885] - Action Type : ExecuteTestCase
[INFO ][2015-12-21 17:22:27,687][com.java.TestType] [  437] - The Concept sheet name is ---------- Concept
[INFO ][2015-12-21 17:22:27,687][com.java.TestType] [  440] - The Concept ID  is ---------- 2
[DEBUG][2015-12-21 17:22:27,687][com.java.TestType] [  444] - Steps being executted in the Concept are: 1:2
[INFO ][2015-12-21 17:22:27,687][com.java.TestType] [  451] - Test data details path ---------- D:\BankersDashboard\TestInputs\TestData.xls
[INFO ][2015-12-21 17:22:27,715][com.java.TestType] [  482] -  str(1) = 2
[INFO ][2015-12-21 17:22:27,715][com.java.TestType] [  485] - Test case Id is---2
[INFO ][2015-12-21 17:22:27,715][com.java.TestType] [  487] - 2
[INFO ][2015-12-21 17:22:27,715][com.java.TestType] [  482] -  str(2) = 1
[INFO ][2015-12-21 17:22:27,717][com.java.TestType] [  534] - row values are--------{1=com.java.Objects.TestDataDetails@1e253b5}
[INFO ][2015-12-21 17:22:27,717][com.java.TestType] [  482] -  str(1) = 2
[INFO ][2015-12-21 17:22:27,717][com.java.TestType] [  485] - Test case Id is---2
[INFO ][2015-12-21 17:22:27,717][com.java.TestType] [  487] - 2
[INFO ][2015-12-21 17:22:27,717][com.java.TestType] [  482] -  str(2) = 2
[INFO ][2015-12-21 17:22:27,718][com.java.TestType] [  534] - row values are--------{1=com.java.Objects.TestDataDetails@1e253b5, 2=com.java.Objects.TestDataDetails@1c647a2}
[INFO ][2015-12-21 17:22:27,718][com.java.TestType] [  482] -  str(1) = 2
[INFO ][2015-12-21 17:22:27,718][com.java.TestType] [  485] - Test case Id is---2
[INFO ][2015-12-21 17:22:27,718][com.java.TestType] [  487] - 2
[INFO ][2015-12-21 17:22:27,718][com.java.TestType] [  482] -  str(2) = 3
[INFO ][2015-12-21 17:22:27,719][com.java.TestType] [  534] - row values are--------{1=com.java.Objects.TestDataDetails@1e253b5, 2=com.java.Objects.TestDataDetails@1c647a2, 3=com.java.Objects.TestDataDetails@47eba6}
[INFO ][2015-12-21 17:22:27,719][com.java.TestType] [10235] - Looping 1TCID = 2
[DEBUG][2015-12-21 17:22:27,719][com.java.TestType] [10276] - Concept ID:2 :: Step being Executed: 2::1
[INFO ][2015-12-21 17:22:27,719][com.java.TestType] [10314] - dataFields : BNK//select[@id='bank']
[DEBUG][2015-12-21 17:22:27,719][com.java.TestType] [10320] - <In Set values of the page>
[DEBUG][2015-12-21 17:22:27,719][com.java.TestType] [10325] - {Data Fields & Data Values Exist}
[INFO ][2015-12-21 17:22:27,719][com.java.TestType] [10331] - --------------------------setting values-----------------------------
[INFO ][2015-12-21 17:22:27,719][com.java.TestType] [10334] - Action Type : Select
[INFO ][2015-12-21 17:22:27,719][com.java.TestType] [ 5577] - value = PFC
[INFO ][2015-12-21 17:22:27,929][com.java.TestType] [10353] -  RESULT true
[INFO ][2015-12-21 17:22:27,929][com.java.TestType] [10470] - ?   P A S S   ?
[DEBUG][2015-12-21 17:22:27,929][com.java.TestType] [10276] - Concept ID:2 :: Step being Executed: 2::2
[INFO ][2015-12-21 17:22:27,929][com.java.TestType] [10314] - dataFields : LNKLogout
[DEBUG][2015-12-21 17:22:27,929][com.java.TestType] [10320] - <In Set values of the page>
[DEBUG][2015-12-21 17:22:27,930][com.java.TestType] [10325] - {Data Fields & Data Values Exist}
[INFO ][2015-12-21 17:22:27,930][com.java.TestType] [10331] - --------------------------setting values-----------------------------
[INFO ][2015-12-21 17:22:27,930][com.java.TestType] [10334] - Action Type : WaitTime
[DEBUG][2015-12-21 17:22:27,930][com.java.TestType] [ 5397] - sleepTime: 5000
[INFO ][2015-12-21 17:22:32,931][com.java.TestType] [10353] -  RESULT true
[INFO ][2015-12-21 17:22:32,931][com.java.TestType] [10470] - ?   P A S S   ?
[INFO ][2015-12-21 17:22:32,931][com.java.TestType] [10541] - Looping End......
[INFO ][2015-12-21 17:22:32,934][com.java.SeleniumDriver] [  894] -  RESULT true
[INFO ][2015-12-21 17:22:32,934][com.java.SeleniumDriver] [ 1100] - ?   P A S S   ?
[INFO ][2015-12-21 17:22:32,935][com.java.SeleniumDriver] [  821] - ------------------------------------------
[INFO ][2015-12-21 17:22:32,935][com.java.SeleniumDriver] [  822] - Test case being Executed: 26
[INFO ][2015-12-21 17:22:32,935][com.java.SeleniumDriver] [  833] - Test step:4
[INFO ][2015-12-21 17:22:32,935][com.java.SeleniumDriver] [  845] - Datavalue is----------null
[DEBUG][2015-12-21 17:22:32,935][com.java.SeleniumDriver] [  863] - Exception: null
[INFO ][2015-12-21 17:22:32,935][com.java.SeleniumDriver] [  869] - DataField : //span[@class='icon-cog2']&&//a[@data-id="UserSettings"]
[INFO ][2015-12-21 17:22:32,935][com.java.SeleniumDriver] [  871] - DataValue : 
[INFO ][2015-12-21 17:22:32,935][com.java.SeleniumDriver] [  877] - <In Set values of the page>
[INFO ][2015-12-21 17:22:32,935][com.java.SeleniumDriver] [  880] - {Data Fields & Data Values Exist}
[INFO ][2015-12-21 17:22:32,935][com.java.SeleniumDriver] [  882] - --------------------------setting values-----------------------------
[INFO ][2015-12-21 17:22:32,935][com.java.SeleniumDriver] [  885] - Action Type : MOUSEOVER
[INFO ][2015-12-21 17:22:57,757][com.java.SeleniumDriver] [  894] -  RESULT true
[INFO ][2015-12-21 17:22:57,757][com.java.SeleniumDriver] [ 1100] - ?   P A S S   ?
[INFO ][2015-12-21 17:22:57,757][com.java.SeleniumDriver] [  821] - ------------------------------------------
[INFO ][2015-12-21 17:22:57,757][com.java.SeleniumDriver] [  822] - Test case being Executed: 26
[INFO ][2015-12-21 17:22:57,757][com.java.SeleniumDriver] [  833] - Test step:5
[INFO ][2015-12-21 17:22:57,757][com.java.SeleniumDriver] [  845] - Datavalue is----------2
[INFO ][2015-12-21 17:22:57,757][com.java.SeleniumDriver] [  869] - DataField : BTNframeDialogContent
[INFO ][2015-12-21 17:22:57,757][com.java.SeleniumDriver] [  871] - DataValue : 2
[INFO ][2015-12-21 17:22:57,757][com.java.SeleniumDriver] [  877] - <In Set values of the page>
[INFO ][2015-12-21 17:22:57,757][com.java.SeleniumDriver] [  880] - {Data Fields & Data Values Exist}
[INFO ][2015-12-21 17:22:57,757][com.java.SeleniumDriver] [  882] - --------------------------setting values-----------------------------
[INFO ][2015-12-21 17:22:57,757][com.java.SeleniumDriver] [  885] - Action Type : WAITFORELEMENT
[INFO ][2015-12-21 17:22:58,976][com.java.SeleniumDriver] [  894] -  RESULT true
[INFO ][2015-12-21 17:22:58,976][com.java.SeleniumDriver] [ 1100] - ?   P A S S   ?
[INFO ][2015-12-21 17:22:58,976][com.java.SeleniumDriver] [  821] - ------------------------------------------
[INFO ][2015-12-21 17:22:58,976][com.java.SeleniumDriver] [  822] - Test case being Executed: 26
[INFO ][2015-12-21 17:22:58,977][com.java.SeleniumDriver] [  833] - Test step:6
[INFO ][2015-12-21 17:22:58,977][com.java.SeleniumDriver] [  845] - Datavalue is----------User Settings
[INFO ][2015-12-21 17:22:58,977][com.java.SeleniumDriver] [  869] - DataField : XPH//span[@class="ui-dialog-title"]
[INFO ][2015-12-21 17:22:58,977][com.java.SeleniumDriver] [  871] - DataValue : User Settings
[INFO ][2015-12-21 17:22:58,977][com.java.SeleniumDriver] [  877] - <In Set values of the page>
[INFO ][2015-12-21 17:22:58,977][com.java.SeleniumDriver] [  880] - {Data Fields & Data Values Exist}
[INFO ][2015-12-21 17:22:58,977][com.java.SeleniumDriver] [  882] - --------------------------setting values-----------------------------
[INFO ][2015-12-21 17:22:58,977][com.java.SeleniumDriver] [  885] - Action Type : VERIFY
[INFO ][2015-12-21 17:22:58,977][com.java.TestType] [ 6921] - field= XPH//span[@class="ui-dialog-title"] value= User Settings
[INFO ][2015-12-21 17:22:58,977][com.java.TestType] [ 5577] - value = User Settings
[INFO ][2015-12-21 17:22:59,129][com.java.SeleniumDriver] [  894] -  RESULT true
[INFO ][2015-12-21 17:22:59,129][com.java.SeleniumDriver] [ 1100] - ?   P A S S   ?
[INFO ][2015-12-21 17:22:59,129][com.java.SeleniumDriver] [  821] - ------------------------------------------
[INFO ][2015-12-21 17:22:59,129][com.java.SeleniumDriver] [  822] - Test case being Executed: 26
[INFO ][2015-12-21 17:22:59,129][com.java.SeleniumDriver] [  833] - Test step:7
[INFO ][2015-12-21 17:22:59,129][com.java.SeleniumDriver] [  845] - Datavalue is----------null
[DEBUG][2015-12-21 17:22:59,129][com.java.SeleniumDriver] [  863] - Exception: null
[INFO ][2015-12-21 17:22:59,130][com.java.SeleniumDriver] [  869] - DataField : BTNframeDialogContent
[INFO ][2015-12-21 17:22:59,130][com.java.SeleniumDriver] [  871] - DataValue : 
[INFO ][2015-12-21 17:22:59,130][com.java.SeleniumDriver] [  877] - <In Set values of the page>
[INFO ][2015-12-21 17:22:59,130][com.java.SeleniumDriver] [  880] - {Data Fields & Data Values Exist}
[INFO ][2015-12-21 17:22:59,130][com.java.SeleniumDriver] [  882] - --------------------------setting values-----------------------------
[INFO ][2015-12-21 17:22:59,130][com.java.SeleniumDriver] [  885] - Action Type : SELECTFRAME
[INFO ][2015-12-21 17:23:00,377][com.java.SeleniumDriver] [  894] -  RESULT true
[INFO ][2015-12-21 17:23:00,377][com.java.SeleniumDriver] [ 1100] - ?   P A S S   ?
[INFO ][2015-12-21 17:23:00,377][com.java.SeleniumDriver] [  821] - ------------------------------------------
[INFO ][2015-12-21 17:23:00,377][com.java.SeleniumDriver] [  822] - Test case being Executed: 26
[INFO ][2015-12-21 17:23:00,377][com.java.SeleniumDriver] [  833] - Test step:8
[INFO ][2015-12-21 17:23:00,377][com.java.SeleniumDriver] [  845] - Datavalue is----------No
[INFO ][2015-12-21 17:23:00,377][com.java.SeleniumDriver] [  869] - DataField : SLBddlPDFToScreen
[INFO ][2015-12-21 17:23:00,378][com.java.SeleniumDriver] [  871] - DataValue : No
[INFO ][2015-12-21 17:23:00,378][com.java.SeleniumDriver] [  877] - <In Set values of the page>
[INFO ][2015-12-21 17:23:00,378][com.java.SeleniumDriver] [  880] - {Data Fields & Data Values Exist}
[INFO ][2015-12-21 17:23:00,378][com.java.SeleniumDriver] [  882] - --------------------------setting values-----------------------------
[INFO ][2015-12-21 17:23:00,378][com.java.SeleniumDriver] [  885] - Action Type : SELECT
[INFO ][2015-12-21 17:23:00,378][com.java.TestType] [ 5577] - value = No
[INFO ][2015-12-21 17:23:02,724][com.java.SeleniumDriver] [  894] -  RESULT true
[INFO ][2015-12-21 17:23:02,724][com.java.SeleniumDriver] [ 1100] - ?   P A S S   ?
[INFO ][2015-12-21 17:23:02,724][com.java.SeleniumDriver] [  821] - ------------------------------------------
[INFO ][2015-12-21 17:23:02,724][com.java.SeleniumDriver] [  822] - Test case being Executed: 26
[INFO ][2015-12-21 17:23:02,724][com.java.SeleniumDriver] [  833] - Test step:9
[INFO ][2015-12-21 17:23:02,724][com.java.SeleniumDriver] [  845] - Datavalue is----------null
[DEBUG][2015-12-21 17:23:02,724][com.java.SeleniumDriver] [  863] - Exception: null
[INFO ][2015-12-21 17:23:02,724][com.java.SeleniumDriver] [  869] - DataField : BTNparent
[INFO ][2015-12-21 17:23:02,725][com.java.SeleniumDriver] [  871] - DataValue : 
[INFO ][2015-12-21 17:23:02,725][com.java.SeleniumDriver] [  877] - <In Set values of the page>
[INFO ][2015-12-21 17:23:02,725][com.java.SeleniumDriver] [  880] - {Data Fields & Data Values Exist}
[INFO ][2015-12-21 17:23:02,725][com.java.SeleniumDriver] [  882] - --------------------------setting values-----------------------------
[INFO ][2015-12-21 17:23:02,725][com.java.SeleniumDriver] [  885] - Action Type : SELECTFRAME
[INFO ][2015-12-21 17:23:02,740][com.java.SeleniumDriver] [  894] -  RESULT true
[INFO ][2015-12-21 17:23:02,740][com.java.SeleniumDriver] [ 1100] - ?   P A S S   ?
[INFO ][2015-12-21 17:23:02,740][com.java.SeleniumDriver] [  821] - ------------------------------------------
[INFO ][2015-12-21 17:23:02,740][com.java.SeleniumDriver] [  822] - Test case being Executed: 26
[INFO ][2015-12-21 17:23:02,740][com.java.SeleniumDriver] [  833] - Test step:10
[INFO ][2015-12-21 17:23:02,740][com.java.SeleniumDriver] [  845] - Datavalue is----------null
[DEBUG][2015-12-21 17:23:02,740][com.java.SeleniumDriver] [  863] - Exception: null
[INFO ][2015-12-21 17:23:02,740][com.java.SeleniumDriver] [  869] - DataField : XPH//span[@class="ui-button-text" and contains(text(),'Finished')]
[INFO ][2015-12-21 17:23:02,741][com.java.SeleniumDriver] [  871] - DataValue : 
[INFO ][2015-12-21 17:23:02,741][com.java.SeleniumDriver] [  877] - <In Set values of the page>
[INFO ][2015-12-21 17:23:02,741][com.java.SeleniumDriver] [  880] - {Data Fields & Data Values Exist}
[INFO ][2015-12-21 17:23:02,741][com.java.SeleniumDriver] [  882] - --------------------------setting values-----------------------------
[INFO ][2015-12-21 17:23:02,741][com.java.SeleniumDriver] [  885] - Action Type : CLICK
[INFO ][2015-12-21 17:23:02,741][com.java.TestType] [ 5956] - Field ::XPH//span[@class="ui-button-text" and contains(text(),'Finished')]
[INFO ][2015-12-21 17:23:02,741][com.java.TestType] [ 5577] - value = 
[INFO ][2015-12-21 17:23:03,741][com.java.TestType] [ 6093] - BEFORE CLICK
[INFO ][2015-12-21 17:23:04,785][com.java.TestType] [ 6101] - Unable to click the object Finish Button
[INFO ][2015-12-21 17:23:04,785][com.java.SeleniumDriver] [  894] -  RESULT true
[INFO ][2015-12-21 17:23:04,785][com.java.SeleniumDriver] [ 1100] - ?   P A S S   ?
[INFO ][2015-12-21 17:23:04,785][com.java.SeleniumDriver] [  821] - ------------------------------------------
[INFO ][2015-12-21 17:23:04,785][com.java.SeleniumDriver] [  822] - Test case being Executed: 26
[INFO ][2015-12-21 17:23:04,785][com.java.SeleniumDriver] [  833] - Test step:11
[INFO ][2015-12-21 17:23:04,785][com.java.SeleniumDriver] [  845] - Datavalue is----------null
[DEBUG][2015-12-21 17:23:04,785][com.java.SeleniumDriver] [  863] - Exception: null
[INFO ][2015-12-21 17:23:04,785][com.java.SeleniumDriver] [  869] - DataField : BTNcloseAllTabs
[INFO ][2015-12-21 17:23:04,785][com.java.SeleniumDriver] [  871] - DataValue : 
[INFO ][2015-12-21 17:23:04,785][com.java.SeleniumDriver] [  877] - <In Set values of the page>
[INFO ][2015-12-21 17:23:04,785][com.java.SeleniumDriver] [  880] - {Data Fields & Data Values Exist}
[INFO ][2015-12-21 17:23:04,786][com.java.SeleniumDriver] [  882] - --------------------------setting values-----------------------------
[INFO ][2015-12-21 17:23:04,786][com.java.SeleniumDriver] [  885] - Action Type : CLICK
[INFO ][2015-12-21 17:23:04,786][com.java.TestType] [ 5956] - Field ::BTNcloseAllTabs
[INFO ][2015-12-21 17:23:04,786][com.java.TestType] [ 5577] - value = 
[INFO ][2015-12-21 17:23:05,786][com.java.TestType] [ 6072] - BEFORE CLICK
[INFO ][2015-12-21 17:23:07,907][com.java.TestType] [ 6079] - Unable to click the object Close all tabs
[INFO ][2015-12-21 17:23:07,907][com.java.SeleniumDriver] [  894] -  RESULT true
[INFO ][2015-12-21 17:23:07,907][com.java.SeleniumDriver] [ 1100] - ?   P A S S   ?
[INFO ][2015-12-21 17:23:07,907][com.java.SeleniumDriver] [  821] - ------------------------------------------
[INFO ][2015-12-21 17:23:07,907][com.java.SeleniumDriver] [  822] - Test case being Executed: 26
[INFO ][2015-12-21 17:23:07,907][com.java.SeleniumDriver] [  833] - Test step:12
[INFO ][2015-12-21 17:23:07,908][com.java.SeleniumDriver] [  845] - Datavalue is----------5
[INFO ][2015-12-21 17:23:07,908][com.java.SeleniumDriver] [  869] - DataField : XPH//span[@class="icon-coin"]
[INFO ][2015-12-21 17:23:07,908][com.java.SeleniumDriver] [  871] - DataValue : 5
[INFO ][2015-12-21 17:23:07,908][com.java.SeleniumDriver] [  877] - <In Set values of the page>
[INFO ][2015-12-21 17:23:07,908][com.java.SeleniumDriver] [  880] - {Data Fields & Data Values Exist}
[INFO ][2015-12-21 17:23:07,908][com.java.SeleniumDriver] [  882] - --------------------------setting values-----------------------------
[INFO ][2015-12-21 17:23:07,908][com.java.SeleniumDriver] [  885] - Action Type : WAITFORELEMENT
[INFO ][2015-12-21 17:23:08,043][com.java.SeleniumDriver] [  894] -  RESULT true
[INFO ][2015-12-21 17:23:08,043][com.java.SeleniumDriver] [ 1100] - ?   P A S S   ?
[INFO ][2015-12-21 17:23:08,043][com.java.SeleniumDriver] [  821] - ------------------------------------------
[INFO ][2015-12-21 17:23:08,043][com.java.SeleniumDriver] [  822] - Test case being Executed: 26
[INFO ][2015-12-21 17:23:08,043][com.java.SeleniumDriver] [  833] - Test step:13
[INFO ][2015-12-21 17:23:08,043][com.java.SeleniumDriver] [  845] - Datavalue is----------null
[DEBUG][2015-12-21 17:23:08,044][com.java.SeleniumDriver] [  863] - Exception: null
[INFO ][2015-12-21 17:23:08,044][com.java.SeleniumDriver] [  869] - DataField : //span[@class="icon-coin"]&&//a[text()='Balance Sheet']&&//a[@data-id="BSCompare"]
[INFO ][2015-12-21 17:23:08,044][com.java.SeleniumDriver] [  871] - DataValue : 
[INFO ][2015-12-21 17:23:08,044][com.java.SeleniumDriver] [  877] - <In Set values of the page>
[INFO ][2015-12-21 17:23:08,044][com.java.SeleniumDriver] [  880] - {Data Fields & Data Values Exist}
[INFO ][2015-12-21 17:23:08,044][com.java.SeleniumDriver] [  882] - --------------------------setting values-----------------------------
[INFO ][2015-12-21 17:23:08,044][com.java.SeleniumDriver] [  885] - Action Type : MOUSEOVER
[INFO ][2015-12-21 17:23:37,784][com.java.SeleniumDriver] [  894] -  RESULT true
[INFO ][2015-12-21 17:23:37,784][com.java.SeleniumDriver] [ 1100] - ?   P A S S   ?
[INFO ][2015-12-21 17:23:37,785][com.java.SeleniumDriver] [  821] - ------------------------------------------
[INFO ][2015-12-21 17:23:37,785][com.java.SeleniumDriver] [  822] - Test case being Executed: 26
[INFO ][2015-12-21 17:23:37,785][com.java.SeleniumDriver] [  833] - Test step:14
[INFO ][2015-12-21 17:23:37,786][com.java.SeleniumDriver] [  845] - Datavalue is----------4
[INFO ][2015-12-21 17:23:37,786][com.java.SeleniumDriver] [  869] - DataField : XPH//span[contains(text(),'Show Report')]
[INFO ][2015-12-21 17:23:37,786][com.java.SeleniumDriver] [  871] - DataValue : 4
[INFO ][2015-12-21 17:23:37,786][com.java.SeleniumDriver] [  877] - <In Set values of the page>
[INFO ][2015-12-21 17:23:37,786][com.java.SeleniumDriver] [  880] - {Data Fields & Data Values Exist}
[INFO ][2015-12-21 17:23:37,786][com.java.SeleniumDriver] [  882] - --------------------------setting values-----------------------------
[INFO ][2015-12-21 17:23:37,786][com.java.SeleniumDriver] [  885] - Action Type : WAITFORELEMENT
[INFO ][2015-12-21 17:23:37,822][com.java.SeleniumDriver] [  894] -  RESULT true
[INFO ][2015-12-21 17:23:37,822][com.java.SeleniumDriver] [ 1100] - ?   P A S S   ?
[INFO ][2015-12-21 17:23:37,822][com.java.SeleniumDriver] [  821] - ------------------------------------------
[INFO ][2015-12-21 17:23:37,822][com.java.SeleniumDriver] [  822] - Test case being Executed: 26
[INFO ][2015-12-21 17:23:37,822][com.java.SeleniumDriver] [  833] - Test step:15
[INFO ][2015-12-21 17:23:37,822][com.java.SeleniumDriver] [  845] - Datavalue is----------2
[INFO ][2015-12-21 17:23:37,822][com.java.SeleniumDriver] [  869] - DataField : BTNframeDialogContent
[INFO ][2015-12-21 17:23:37,822][com.java.SeleniumDriver] [  871] - DataValue : 2
[INFO ][2015-12-21 17:23:37,822][com.java.SeleniumDriver] [  877] - <In Set values of the page>
[INFO ][2015-12-21 17:23:37,823][com.java.SeleniumDriver] [  880] - {Data Fields & Data Values Exist}
[INFO ][2015-12-21 17:23:37,823][com.java.SeleniumDriver] [  882] - --------------------------setting values-----------------------------
[INFO ][2015-12-21 17:23:37,823][com.java.SeleniumDriver] [  885] - Action Type : WAITFORELEMENT
[INFO ][2015-12-21 17:23:39,041][com.java.SeleniumDriver] [  894] -  RESULT true
[INFO ][2015-12-21 17:23:39,041][com.java.SeleniumDriver] [ 1100] - ?   P A S S   ?
[INFO ][2015-12-21 17:23:39,041][com.java.SeleniumDriver] [  821] - ------------------------------------------
[INFO ][2015-12-21 17:23:39,041][com.java.SeleniumDriver] [  822] - Test case being Executed: 26
[INFO ][2015-12-21 17:23:39,041][com.java.SeleniumDriver] [  833] - Test step:16
[INFO ][2015-12-21 17:23:39,041][com.java.SeleniumDriver] [  845] - Datavalue is----------dt:BSCompare
[INFO ][2015-12-21 17:23:39,041][com.java.SeleniumDriver] [  869] - DataField : XPH//span[@class="ui-dialog-title"]
[INFO ][2015-12-21 17:23:39,042][com.java.SeleniumDriver] [  871] - DataValue : dt:BSCompare
[INFO ][2015-12-21 17:23:39,042][com.java.SeleniumDriver] [  877] - <In Set values of the page>
[INFO ][2015-12-21 17:23:39,042][com.java.SeleniumDriver] [  880] - {Data Fields & Data Values Exist}
[INFO ][2015-12-21 17:23:39,042][com.java.SeleniumDriver] [  882] - --------------------------setting values-----------------------------
[INFO ][2015-12-21 17:23:39,042][com.java.SeleniumDriver] [  885] - Action Type : VERIFY
[INFO ][2015-12-21 17:23:39,042][com.java.TestType] [ 6921] - field= XPH//span[@class="ui-dialog-title"] value= dt:BSCompare
[INFO ][2015-12-21 17:23:39,042][com.java.TestType] [ 5577] - value = Balance Sheet Compare
[INFO ][2015-12-21 17:23:39,201][com.java.SeleniumDriver] [  894] -  RESULT true
[INFO ][2015-12-21 17:23:39,201][com.java.SeleniumDriver] [ 1100] - ?   P A S S   ?
[INFO ][2015-12-21 17:23:39,201][com.java.SeleniumDriver] [  821] - ------------------------------------------
[INFO ][2015-12-21 17:23:39,201][com.java.SeleniumDriver] [  822] - Test case being Executed: 26
[INFO ][2015-12-21 17:23:39,203][com.java.SeleniumDriver] [  833] - Test step:17
[INFO ][2015-12-21 17:23:39,203][com.java.SeleniumDriver] [  845] - Datavalue is----------null
[DEBUG][2015-12-21 17:23:39,203][com.java.SeleniumDriver] [  863] - Exception: null
[INFO ][2015-12-21 17:23:39,203][com.java.SeleniumDriver] [  869] - DataField : BTNframeDialogContent
[INFO ][2015-12-21 17:23:39,203][com.java.SeleniumDriver] [  871] - DataValue : 
[INFO ][2015-12-21 17:23:39,203][com.java.SeleniumDriver] [  877] - <In Set values of the page>
[INFO ][2015-12-21 17:23:39,203][com.java.SeleniumDriver] [  880] - {Data Fields & Data Values Exist}
[INFO ][2015-12-21 17:23:39,203][com.java.SeleniumDriver] [  882] - --------------------------setting values-----------------------------
[INFO ][2015-12-21 17:23:39,203][com.java.SeleniumDriver] [  885] - Action Type : SELECTFRAME
[INFO ][2015-12-21 17:23:40,445][com.java.SeleniumDriver] [  894] -  RESULT true
[INFO ][2015-12-21 17:23:40,445][com.java.SeleniumDriver] [ 1100] - ?   P A S S   ?
[INFO ][2015-12-21 17:23:40,446][com.java.SeleniumDriver] [  821] - ------------------------------------------
[INFO ][2015-12-21 17:23:40,446][com.java.SeleniumDriver] [  822] - Test case being Executed: 26
[INFO ][2015-12-21 17:23:40,446][com.java.SeleniumDriver] [  833] - Test step:18
[INFO ][2015-12-21 17:23:40,446][com.java.SeleniumDriver] [  845] - Datavalue is----------4
[INFO ][2015-12-21 17:23:40,446][com.java.SeleniumDriver] [  869] - DataField : BTNcbExpandCenters
[INFO ][2015-12-21 17:23:40,446][com.java.SeleniumDriver] [  871] - DataValue : 4
[INFO ][2015-12-21 17:23:40,446][com.java.SeleniumDriver] [  877] - <In Set values of the page>
[INFO ][2015-12-21 17:23:40,446][com.java.SeleniumDriver] [  880] - {Data Fields & Data Values Exist}
[INFO ][2015-12-21 17:23:40,446][com.java.SeleniumDriver] [  882] - --------------------------setting values-----------------------------
[INFO ][2015-12-21 17:23:40,446][com.java.SeleniumDriver] [  885] - Action Type : WAITFORELEMENT
[INFO ][2015-12-21 17:23:41,498][com.java.SeleniumDriver] [  894] -  RESULT true
[INFO ][2015-12-21 17:23:41,498][com.java.SeleniumDriver] [ 1100] - ?   P A S S   ?
[INFO ][2015-12-21 17:23:41,498][com.java.SeleniumDriver] [  821] - ------------------------------------------
[INFO ][2015-12-21 17:23:41,498][com.java.SeleniumDriver] [  822] - Test case being Executed: 26
[INFO ][2015-12-21 17:23:41,498][com.java.SeleniumDriver] [  833] - Test step:19
[INFO ][2015-12-21 17:23:41,498][com.java.SeleniumDriver] [  845] - Datavalue is----------index:1
[INFO ][2015-12-21 17:23:41,499][com.java.SeleniumDriver] [  869] - DataField : COBddlView
[INFO ][2015-12-21 17:23:41,499][com.java.SeleniumDriver] [  871] - DataValue : index:1
[INFO ][2015-12-21 17:23:41,499][com.java.SeleniumDriver] [  877] - <In Set values of the page>
[INFO ][2015-12-21 17:23:41,499][com.java.SeleniumDriver] [  880] - {Data Fields & Data Values Exist}
[INFO ][2015-12-21 17:23:41,499][com.java.SeleniumDriver] [  882] - --------------------------setting values-----------------------------
[INFO ][2015-12-21 17:23:41,499][com.java.SeleniumDriver] [  885] - Action Type : SELECT
[INFO ][2015-12-21 17:23:41,499][com.java.TestType] [ 5577] - value = 1
[INFO ][2015-12-21 17:23:42,605][com.java.TestType] [ 5695] -  In COB ddlView : 1
[INFO ][2015-12-21 17:23:42,766][com.java.SeleniumDriver] [  894] -  RESULT true
[INFO ][2015-12-21 17:23:42,766][com.java.SeleniumDriver] [ 1100] - ?   P A S S   ?
[INFO ][2015-12-21 17:23:42,766][com.java.SeleniumDriver] [  821] - ------------------------------------------
[INFO ][2015-12-21 17:23:42,766][com.java.SeleniumDriver] [  822] - Test case being Executed: 26
[INFO ][2015-12-21 17:23:42,766][com.java.SeleniumDriver] [  833] - Test step:20
[INFO ][2015-12-21 17:23:42,766][com.java.SeleniumDriver] [  845] - Datavalue is----------index:0
[INFO ][2015-12-21 17:23:42,766][com.java.SeleniumDriver] [  869] - DataField : COBddlProfitCenter
[INFO ][2015-12-21 17:23:42,766][com.java.SeleniumDriver] [  871] - DataValue : index:0
[INFO ][2015-12-21 17:23:42,766][com.java.SeleniumDriver] [  877] - <In Set values of the page>
[INFO ][2015-12-21 17:23:42,766][com.java.SeleniumDriver] [  880] - {Data Fields & Data Values Exist}
[INFO ][2015-12-21 17:23:42,767][com.java.SeleniumDriver] [  882] - --------------------------setting values-----------------------------
[INFO ][2015-12-21 17:23:42,767][com.java.SeleniumDriver] [  885] - Action Type : SELECT
[INFO ][2015-12-21 17:23:42,767][com.java.TestType] [ 5577] - value = 0
[INFO ][2015-12-21 17:23:43,910][com.java.TestType] [ 5695] -  In COB ddlProfitCenter : 0
[INFO ][2015-12-21 17:23:43,996][com.java.SeleniumDriver] [  894] -  RESULT true
[INFO ][2015-12-21 17:23:43,996][com.java.SeleniumDriver] [ 1100] - ?   P A S S   ?
[INFO ][2015-12-21 17:23:43,996][com.java.SeleniumDriver] [  821] - ------------------------------------------
[INFO ][2015-12-21 17:23:43,996][com.java.SeleniumDriver] [  822] - Test case being Executed: 26
[INFO ][2015-12-21 17:23:43,997][com.java.SeleniumDriver] [  833] - Test step:21
[INFO ][2015-12-21 17:23:43,997][com.java.SeleniumDriver] [  845] - Datavalue is----------null
[DEBUG][2015-12-21 17:23:43,997][com.java.SeleniumDriver] [  863] - Exception: null
[INFO ][2015-12-21 17:23:43,997][com.java.SeleniumDriver] [  869] - DataField : HDNcbExpandCenters
[INFO ][2015-12-21 17:23:43,997][com.java.SeleniumDriver] [  871] - DataValue : 
[INFO ][2015-12-21 17:23:43,997][com.java.SeleniumDriver] [  877] - <In Set values of the page>
[INFO ][2015-12-21 17:23:43,997][com.java.SeleniumDriver] [  880] - {Data Fields & Data Values Exist}
[INFO ][2015-12-21 17:23:43,997][com.java.SeleniumDriver] [  882] - --------------------------setting values-----------------------------
[INFO ][2015-12-21 17:23:43,997][com.java.SeleniumDriver] [  885] - Action Type : CLICK
[INFO ][2015-12-21 17:23:43,997][com.java.TestType] [ 5956] - Field ::HDNcbExpandCenters
[INFO ][2015-12-21 17:23:43,998][com.java.TestType] [ 5577] - value = 
[INFO ][2015-12-21 17:23:46,074][com.java.SeleniumDriver] [  894] -  RESULT true
[INFO ][2015-12-21 17:23:46,074][com.java.SeleniumDriver] [ 1100] - ?   P A S S   ?
[INFO ][2015-12-21 17:23:46,074][com.java.SeleniumDriver] [  821] - ------------------------------------------
[INFO ][2015-12-21 17:23:46,074][com.java.SeleniumDriver] [  822] - Test case being Executed: 26
[INFO ][2015-12-21 17:23:46,074][com.java.SeleniumDriver] [  833] - Test step:22
[INFO ][2015-12-21 17:23:46,074][com.java.SeleniumDriver] [  845] - Datavalue is----------null
[DEBUG][2015-12-21 17:23:46,074][com.java.SeleniumDriver] [  863] - Exception: null
[INFO ][2015-12-21 17:23:46,074][com.java.SeleniumDriver] [  869] - DataField : BTNparent
[INFO ][2015-12-21 17:23:46,074][com.java.SeleniumDriver] [  871] - DataValue : 
[INFO ][2015-12-21 17:23:46,074][com.java.SeleniumDriver] [  877] - <In Set values of the page>
[INFO ][2015-12-21 17:23:46,075][com.java.SeleniumDriver] [  880] - {Data Fields & Data Values Exist}
[INFO ][2015-12-21 17:23:46,075][com.java.SeleniumDriver] [  882] - --------------------------setting values-----------------------------
[INFO ][2015-12-21 17:23:46,075][com.java.SeleniumDriver] [  885] - Action Type : SELECTFRAME
[INFO ][2015-12-21 17:23:46,091][com.java.SeleniumDriver] [  894] -  RESULT true
[INFO ][2015-12-21 17:23:46,091][com.java.SeleniumDriver] [ 1100] - ?   P A S S   ?
[INFO ][2015-12-21 17:23:46,091][com.java.SeleniumDriver] [  821] - ------------------------------------------
[INFO ][2015-12-21 17:23:46,091][com.java.SeleniumDriver] [  822] - Test case being Executed: 26
[INFO ][2015-12-21 17:23:46,091][com.java.SeleniumDriver] [  833] - Test step:23
[INFO ][2015-12-21 17:23:46,091][com.java.SeleniumDriver] [  845] - Datavalue is----------null
[DEBUG][2015-12-21 17:23:46,091][com.java.SeleniumDriver] [  863] - Exception: null
[INFO ][2015-12-21 17:23:46,091][com.java.SeleniumDriver] [  869] - DataField : XPH//span[contains(text(),'Show Report')]
[INFO ][2015-12-21 17:23:46,091][com.java.SeleniumDriver] [  871] - DataValue : 
[INFO ][2015-12-21 17:23:46,092][com.java.SeleniumDriver] [  877] - <In Set values of the page>
[INFO ][2015-12-21 17:23:46,092][com.java.SeleniumDriver] [  880] - {Data Fields & Data Values Exist}
[INFO ][2015-12-21 17:23:46,092][com.java.SeleniumDriver] [  882] - --------------------------setting values-----------------------------
[INFO ][2015-12-21 17:23:46,092][com.java.SeleniumDriver] [  885] - Action Type : CLICK
[INFO ][2015-12-21 17:23:46,092][com.java.TestType] [ 5956] - Field ::XPH//span[contains(text(),'Show Report')]
[INFO ][2015-12-21 17:23:46,092][com.java.TestType] [ 5577] - value = 
[INFO ][2015-12-21 17:23:47,092][com.java.TestType] [ 6093] - BEFORE CLICK
[INFO ][2015-12-21 17:23:47,950][com.java.TestType] [ 6101] - Unable to click the object Show Report button
[INFO ][2015-12-21 17:23:47,950][com.java.SeleniumDriver] [  894] -  RESULT true
[INFO ][2015-12-21 17:23:47,950][com.java.SeleniumDriver] [ 1100] - ?   P A S S   ?
[INFO ][2015-12-21 17:23:47,950][com.java.SeleniumDriver] [  821] - ------------------------------------------
[INFO ][2015-12-21 17:23:47,950][com.java.SeleniumDriver] [  822] - Test case being Executed: 26
[INFO ][2015-12-21 17:23:47,950][com.java.SeleniumDriver] [  833] - Test step:24
[INFO ][2015-12-21 17:23:47,950][com.java.SeleniumDriver] [  845] - Datavalue is----------3
[INFO ][2015-12-21 17:23:47,950][com.java.SeleniumDriver] [  869] - DataField : XPH//img[@id='loading']
[INFO ][2015-12-21 17:23:47,950][com.java.SeleniumDriver] [  871] - DataValue : 3
[INFO ][2015-12-21 17:23:47,950][com.java.SeleniumDriver] [  877] - <In Set values of the page>
[INFO ][2015-12-21 17:23:47,950][com.java.SeleniumDriver] [  880] - {Data Fields & Data Values Exist}
[INFO ][2015-12-21 17:23:47,950][com.java.SeleniumDriver] [  882] - --------------------------setting values-----------------------------
[INFO ][2015-12-21 17:23:47,950][com.java.SeleniumDriver] [  885] - Action Type : WaitForElement
[INFO ][2015-12-21 17:23:47,986][com.java.SeleniumDriver] [  894] -  RESULT true
[INFO ][2015-12-21 17:23:47,986][com.java.SeleniumDriver] [ 1100] - ?   P A S S   ?
[INFO ][2015-12-21 17:23:47,986][com.java.SeleniumDriver] [  821] - ------------------------------------------
[INFO ][2015-12-21 17:23:47,986][com.java.SeleniumDriver] [  822] - Test case being Executed: 26
[INFO ][2015-12-21 17:23:47,986][com.java.SeleniumDriver] [  833] - Test step:25
[INFO ][2015-12-21 17:23:47,986][com.java.SeleniumDriver] [  845] - Datavalue is----------90
[INFO ][2015-12-21 17:23:47,987][com.java.SeleniumDriver] [  869] - DataField : XPH//img[@id='loading']
[INFO ][2015-12-21 17:23:47,987][com.java.SeleniumDriver] [  871] - DataValue : 90
[INFO ][2015-12-21 17:23:47,987][com.java.SeleniumDriver] [  877] - <In Set values of the page>
[INFO ][2015-12-21 17:23:47,987][com.java.SeleniumDriver] [  880] - {Data Fields & Data Values Exist}
[INFO ][2015-12-21 17:23:47,987][com.java.SeleniumDriver] [  882] - --------------------------setting values-----------------------------
[INFO ][2015-12-21 17:23:47,987][com.java.SeleniumDriver] [  885] - Action Type : waitForElementNotPresent
[INFO ][2015-12-21 17:23:48,093][com.java.SeleniumDriver] [  894] -  RESULT true
[INFO ][2015-12-21 17:23:48,093][com.java.SeleniumDriver] [ 1100] - ?   P A S S   ?
[INFO ][2015-12-21 17:23:48,093][com.java.SeleniumDriver] [  821] - ------------------------------------------
[INFO ][2015-12-21 17:23:48,093][com.java.SeleniumDriver] [  822] - Test case being Executed: 26
[INFO ][2015-12-21 17:23:48,094][com.java.SeleniumDriver] [  833] - Test step:26
[INFO ][2015-12-21 17:23:48,094][com.java.SeleniumDriver] [  845] - Datavalue is----------dt:BSCompare
[INFO ][2015-12-21 17:23:48,094][com.java.SeleniumDriver] [  869] - DataField : XPH//td[@class="ReportTitle"]
[INFO ][2015-12-21 17:23:48,094][com.java.SeleniumDriver] [  871] - DataValue : dt:BSCompare
[INFO ][2015-12-21 17:23:48,094][com.java.SeleniumDriver] [  877] - <In Set values of the page>
[INFO ][2015-12-21 17:23:48,094][com.java.SeleniumDriver] [  880] - {Data Fields & Data Values Exist}
[INFO ][2015-12-21 17:23:48,094][com.java.SeleniumDriver] [  882] - --------------------------setting values-----------------------------
[INFO ][2015-12-21 17:23:48,094][com.java.SeleniumDriver] [  885] - Action Type : VERIFY
[INFO ][2015-12-21 17:23:48,094][com.java.TestType] [ 6921] - field= XPH//td[@class="ReportTitle"] value= dt:BSCompare
[INFO ][2015-12-21 17:23:48,094][com.java.TestType] [ 5577] - value = Balance Sheet Compare
[ERROR][2015-12-21 17:24:08,862][com.java.TestType] [ 7409] - Element  not found :Balance Sheet Compare
[INFO ][2015-12-21 17:24:08,863][com.java.SeleniumDriver] [  894] -  RESULT false
[INFO ][2015-12-21 17:24:08,863][com.java.SeleniumDriver] [  941] - ?   F A I L   ?
[INFO ][2015-12-21 17:24:08,863][com.java.SeleniumDriver] [  949] - Browser Type : IE10
[INFO ][2015-12-21 17:24:08,863][com.java.SeleniumDriver] [  950] - Adding Failed case26
[INFO ][2015-12-21 17:24:09,682][com.java.SeleniumDriver] [ 1064] - failedCases = 26
[ERROR][2015-12-21 17:24:09,682][com.java.SeleniumDriver] [ 1561] - Platform Errors : Our apologies...::We have encountered an issue with your request.::Our apologies?:We encountered an issue with your request.
[INFO ][2015-12-21 17:24:09,682][com.java.SeleniumDriver] [ 1565] - Length =3
[ERROR][2015-12-21 17:24:09,684][com.java.SeleniumDriver] [ 1568] - Error 0 = Our apologies...
[ERROR][2015-12-21 17:24:09,737][com.java.SeleniumDriver] [ 1568] - Error 1 = We have encountered an issue with your request.
[ERROR][2015-12-21 17:24:09,788][com.java.SeleniumDriver] [ 1568] - Error 2 = Our apologies?:We encountered an issue with your request.
[INFO ][2015-12-21 17:24:09,839][com.java.SeleniumDriver] [ 1579] - strError:
[DEBUG][2015-12-21 17:24:09,853][com.java.SeleniumDriver] [ 1212] - Case found
[DEBUG][2015-12-21 17:24:09,853][com.java.SeleniumDriver] [ 1217] - Incrementing ReportCounters[0]:2
[INFO ][2015-12-21 17:24:09,853][com.java.SeleniumDriver] [ 1236] - The results are-------------------[26, 26, Settings : User Settings : Output PDF to screen, Fail, 
Test case failed at Step No. :: 26   Error Message ::  Element not found:Balance Sheet Compare. Screen Shot : D:\BankersDashboard\TestReports\122115\26_122115_172408_IE10.png, Mon Dec 21 17:24:09 IST 2015]
[INFO ][2015-12-21 17:24:09,853][com.java.SeleniumDriver] [ 1240] - End time is-------2 min 36 sec
[INFO ][2015-12-21 17:24:09,853][com.java.SeleniumDriver] [ 1241] - The results are-------------------[26, 26, Settings : User Settings : Output PDF to screen, Fail, 
Test case failed at Step No. :: 26   Error Message ::  Element not found:Balance Sheet Compare. Screen Shot : D:\BankersDashboard\TestReports\122115\26_122115_172408_IE10.png, Mon Dec 21 17:24:09 IST 2015]
[DEBUG][2015-12-21 17:24:09,853][com.java.ImportnExport.ExportTestResultsExcel] [  222] - testResultPath = D:\BankersDashboard/TestReports/Test Results_BankersDashBoard_122115_172135_IE10_Bank of North Carolina.xls
[DEBUG][2015-12-21 17:24:09,853][com.java.ImportnExport.ExportTestResultsExcel] [  223] - browser is------------IE10
[DEBUG][2015-12-21 17:24:09,855][com.java.ImportnExport.ExportTestResultsExcel] [  270] - result.size() = 6
[DEBUG][2015-12-21 17:24:09,855][com.java.ImportnExport.ExportTestResultsExcel] [  274] - No of rows in sheet=2
[DEBUG][2015-12-21 17:24:09,855][com.java.ImportnExport.ExportTestResultsExcel] [  301] - ..in export..26
[DEBUG][2015-12-21 17:24:09,856][com.java.ImportnExport.ExportTestResultsExcel] [  301] - ..in export..Settings : User Settings : Output PDF to screen
[DEBUG][2015-12-21 17:24:09,856][com.java.ImportnExport.ExportTestResultsExcel] [  301] - ..in export..Fail
[DEBUG][2015-12-21 17:24:09,856][com.java.ImportnExport.ExportTestResultsExcel] [  301] - ..in export..
Test case failed at Step No. :: 26   Error Message ::  Element not found:Balance Sheet Compare. Screen Shot : D:\BankersDashboard\TestReports\122115\26_122115_172408_IE10.png
[DEBUG][2015-12-21 17:24:09,856][com.java.ImportnExport.ExportTestResultsExcel] [  301] - ..in export..Mon Dec 21 17:24:09 IST 2015
[INFO ][2015-12-21 17:24:09,857][com.java.SeleniumDriver] [ 1299] - out loop:1 size:2 TestCases:[1, 26] testcases:[1, 26]
[INFO ][2015-12-21 17:24:11,857][com.java.SeleniumDriver] [ 1342] - Total Number of Cases:2
[INFO ][2015-12-21 17:24:11,857][com.java.TemplateGenerator] [  302] - Executed:2
[INFO ][2015-12-21 17:24:11,857][com.java.TemplateGenerator] [  303] - Passed:1
[INFO ][2015-12-21 17:24:11,857][com.java.TemplateGenerator] [  304] - Failed:1
[INFO ][2015-12-21 17:24:11,857][com.java.TemplateGenerator] [  305] - Skipeed:0
[INFO ][2015-12-21 17:24:11,857][com.java.TemplateGenerator] [  306] - Application URL:https://clients-xuat.bankersdashboard.com
[INFO ][2015-12-21 17:24:11,857][com.java.TemplateGenerator] [  307] - Start Time:122115_172135
[INFO ][2015-12-21 17:24:11,857][com.java.TemplateGenerator] [  308] -  Creating HTML Report 
[ERROR][2015-12-21 17:24:11,858][com.java.TemplateGenerator] [  409] - Unparseable date: "Mon Dec 21 05:21:35 IST 2015"
[INFO ][2015-12-21 17:24:11,858][com.java.TemplateGenerator] [  654] -  Exporting case :: 1
[INFO ][2015-12-21 17:24:11,858][com.java.TemplateGenerator] [  654] -  Exporting case :: 26
[INFO ][2015-12-21 17:24:11,863][com.java.SeleniumDriver] [ 1391] - End Time:122115_172411
[INFO ][2015-12-21 17:24:11,863][com.java.SeleniumDriver] [ 1394] - Data in Test Execution Details:{1=PASS, 26=FAILTest case failed at Step No. :: 26   Error Message ::  Element not found:Balance Sheet Compare}
[INFO ][2015-12-21 17:24:11,863][com.java.SeleniumDriver] [ 1395] - Data in Failed Execution Deatils:{}
[INFO ][2015-12-21 17:24:11,863][com.java.SeleniumDriver] [ 1397] - ReportCounter:Total:2 :: PASS: 1 ::FAIL: 1
[INFO ][2015-12-21 17:24:11,863][com.java.SeleniumDriver] [ 1398] - FailedReportCounter:Total:0 :: PASS: 0 ::FAIL: 0
[INFO ][2015-12-21 17:24:11,870][com.java.EmailTestReport] [   63] - Sending report mail details:
[INFO ][2015-12-21 17:24:11,871][com.java.EmailTestReport] [   80] - Excel Report Path:D:\BankersDashboard/TestReports/Test Results_BankersDashBoard_122115_172135_IE10_Bank of North Carolina.xls
[INFO ][2015-12-21 17:24:11,871][com.java.EmailTestReport] [   81] - HTML Report Path:D:\BankersDashboard//TestReports//Test Results_BankersDashBoard_122115_172135_IE10_Bank of North Carolina.html
[INFO ][2015-12-21 17:24:11,871][com.java.EmailTestReport] [   82] - smtpHostName:mail01.valuelabs.com
[INFO ][2015-12-21 17:24:11,871][com.java.EmailTestReport] [   83] - Recipient:venkateswararao.gubbala@valuelabs.com;
[INFO ][2015-12-21 17:24:11,871][com.java.EmailTestReport] [   84] - From:venkateswararao.gubbala@valuelabs.com;
[INFO ][2015-12-21 17:24:11,871][com.java.EmailTestReport] [   85] - Subject:Deluxe Corp Bankers Dashboard Automation Test Report - Bank of North Carolina - IE10
[INFO ][2015-12-21 17:24:11,887][com.java.EmailTestReport] [  143] -  Added venkateswararao.gubbala@valuelabs.com
[INFO ][2015-12-21 17:24:15,005][com.java.SeleniumDriver] [  720] - quitting the browser 
[INFO ][2015-12-21 17:24:16,714][com.java.SeleniumDriver] [  264] - Execution Completed Stopping the thread
