[INFO ][2015-11-18 11:40:35,244][com.java.SeleniumDriver] [  213] - Execute Failed Casesfalse
[INFO ][2015-11-18 11:40:35,249][com.java.SeleniumDriver] [  214] - Browser: IE10
[INFO ][2015-11-18 11:40:35,249][com.java.SeleniumDriver] [  215] - [1, 401, 402, 403, 404, 405, 406, 407]
[INFO ][2015-11-18 11:40:35,249][com.java.SeleniumDriver] [  216] - Total TestCases:8
[INFO ][2015-11-18 11:40:35,249][com.java.SeleniumDriver] [  217] -  Reading Properties from Property File 
[DEBUG][2015-11-18 11:40:35,249][com.java.SeleniumDriver] [  238] - url : https://clients-xuat.bankersdashboard.com
[INFO ][2015-11-18 11:40:35,252][com.java.ImportnExport.ExportTestResultsExcel] [  116] - Time Stamp Wed Nov 18 11:40:35 IST 2015
[INFO ][2015-11-18 11:40:35,252][com.java.ImportnExport.ExportTestResultsExcel] [  175] - OUT FILE : D:\BankersDashboard/TestReports/Test Results_BankersDashBoard_111815_114035_IE10_Any Bank USA.xls
[INFO ][2015-11-18 11:40:35,280][com.java.ImportnExport.ExportTestResultsExcel] [  180] - Test Result file is created
[DEBUG][2015-11-18 11:40:35,378][com.java.SeleniumDriver] [  425] - Hub ip address is-------172.17.68.34
[INFO ][2015-11-18 11:40:35,378][com.java.SeleniumDriver] [  451] - Grid URL:http://172.17.68.34:4444/wd/hub
[INFO ][2015-11-18 11:40:35,380][com.java.SeleniumDriver] [  452] - Capability:Capabilities [{platform=ANY, ensureCleanSession=true, ignoreProtectedModeSettings=true, acceptSslCerts=true, ignoreZoomSetting=true, browserName=internet explorer, browserstack.ie.noFlash=true, version=null}]
[ERROR][2015-11-18 11:40:36,675][com.java.SeleniumDriver] [  496] - Unable invoke browser in grid:Could not start a new session. Possible causes are invalid address of the remote server or browser start-up failure.
Build info: version: '2.48.2', revision: '41bccdd', time: '2015-10-09 19:59:12'
System info: host: 'FVTIII438F1D', ip: '172.17.68.34', os.name: 'Windows 7', os.arch: 'x86', os.version: '6.1', java.version: '1.7.0_55'
Driver info: driver.version: SeleniumDriver
[INFO ][2015-11-18 11:40:36,675][com.java.SeleniumDriver] [  498] - Executing on local machine
[INFO ][2015-11-18 11:40:45,910][com.java.SeleniumDriver] [  248] - IE10is opened
[INFO ][2015-11-18 11:40:46,737][com.java.SeleniumDriver] [  753] - Test cases to be executed are: [1, 401, 402, 403, 404, 405, 406, 407]
[INFO ][2015-11-18 11:40:46,756][com.java.ImportnExport.ImportTestDataDetailsExcel] [   49] - test data details path===== D:\BankersDashboard\TestInputs\TestData.xls
[INFO ][2015-11-18 11:40:46,801][com.java.SeleniumDriver] [  796] - ------------------------------------------
[INFO ][2015-11-18 11:40:46,801][com.java.SeleniumDriver] [  797] - Test case being Executed: 1
[INFO ][2015-11-18 11:40:46,801][com.java.SeleniumDriver] [  808] - Test step:1
[INFO ][2015-11-18 11:40:46,801][com.java.SeleniumDriver] [  820] - Datavalue is----------Concept#1:1-14
[INFO ][2015-11-18 11:40:46,801][com.java.SeleniumDriver] [  844] - DataField : test
[INFO ][2015-11-18 11:40:46,801][com.java.SeleniumDriver] [  846] - DataValue : Concept#1:1-14
[INFO ][2015-11-18 11:40:46,801][com.java.SeleniumDriver] [  852] - <In Set values of the page>
[INFO ][2015-11-18 11:40:46,803][com.java.SeleniumDriver] [  855] - {Data Fields & Data Values Exist}
[INFO ][2015-11-18 11:40:46,803][com.java.SeleniumDriver] [  857] - --------------------------setting values-----------------------------
[INFO ][2015-11-18 11:40:46,803][com.java.SeleniumDriver] [  860] - Action Type : ExecuteTestCase
[INFO ][2015-11-18 11:40:46,821][com.java.TestType] [  423] - The Concept sheet name is ---------- Concept
[INFO ][2015-11-18 11:40:46,821][com.java.TestType] [  426] - The Concept ID  is ---------- 1
[DEBUG][2015-11-18 11:40:46,821][com.java.TestType] [  430] - Steps being executted in the Concept are: 1:14
[INFO ][2015-11-18 11:40:46,821][com.java.TestType] [  437] - Test data details path ---------- D:\BankersDashboard\TestInputs\TestData.xls
[INFO ][2015-11-18 11:40:46,853][com.java.TestType] [  468] -  str(1) = 1
[INFO ][2015-11-18 11:40:46,853][com.java.TestType] [  471] - Test case Id is---1
[INFO ][2015-11-18 11:40:46,853][com.java.TestType] [  473] - 1
[INFO ][2015-11-18 11:40:46,853][com.java.TestType] [  468] -  str(2) = 1
[INFO ][2015-11-18 11:40:46,856][com.java.TestType] [  520] - row values are--------{1=com.java.Objects.TestDataDetails@1921eac}
[INFO ][2015-11-18 11:40:46,856][com.java.TestType] [  468] -  str(1) = 1
[INFO ][2015-11-18 11:40:46,856][com.java.TestType] [  471] - Test case Id is---1
[INFO ][2015-11-18 11:40:46,856][com.java.TestType] [  473] - 1
[INFO ][2015-11-18 11:40:46,858][com.java.TestType] [  468] -  str(2) = 2
[INFO ][2015-11-18 11:40:46,858][com.java.TestType] [  520] - row values are--------{1=com.java.Objects.TestDataDetails@1921eac, 2=com.java.Objects.TestDataDetails@1c9b12c}
[INFO ][2015-11-18 11:40:46,858][com.java.TestType] [  468] -  str(1) = 1
[INFO ][2015-11-18 11:40:46,858][com.java.TestType] [  471] - Test case Id is---1
[INFO ][2015-11-18 11:40:46,858][com.java.TestType] [  473] - 1
[INFO ][2015-11-18 11:40:46,861][com.java.TestType] [  468] -  str(2) = 3
[INFO ][2015-11-18 11:40:46,861][com.java.TestType] [  520] - row values are--------{1=com.java.Objects.TestDataDetails@1921eac, 2=com.java.Objects.TestDataDetails@1c9b12c, 3=com.java.Objects.TestDataDetails@1ff9980}
[INFO ][2015-11-18 11:40:46,861][com.java.TestType] [  468] -  str(1) = 1
[INFO ][2015-11-18 11:40:46,861][com.java.TestType] [  471] - Test case Id is---1
[INFO ][2015-11-18 11:40:46,861][com.java.TestType] [  473] - 1
[INFO ][2015-11-18 11:40:46,861][com.java.TestType] [  468] -  str(2) = 4
[INFO ][2015-11-18 11:40:46,863][com.java.TestType] [  520] - row values are--------{1=com.java.Objects.TestDataDetails@1921eac, 2=com.java.Objects.TestDataDetails@1c9b12c, 3=com.java.Objects.TestDataDetails@1ff9980, 4=com.java.Objects.TestDataDetails@470c64}
[INFO ][2015-11-18 11:40:46,866][com.java.TestType] [  468] -  str(1) = 1
[INFO ][2015-11-18 11:40:46,866][com.java.TestType] [  471] - Test case Id is---1
[INFO ][2015-11-18 11:40:46,866][com.java.TestType] [  473] - 1
[INFO ][2015-11-18 11:40:46,866][com.java.TestType] [  468] -  str(2) = 5
[INFO ][2015-11-18 11:40:46,866][com.java.TestType] [  520] - row values are--------{1=com.java.Objects.TestDataDetails@1921eac, 2=com.java.Objects.TestDataDetails@1c9b12c, 3=com.java.Objects.TestDataDetails@1ff9980, 4=com.java.Objects.TestDataDetails@470c64, 5=com.java.Objects.TestDataDetails@196653}
[INFO ][2015-11-18 11:40:46,866][com.java.TestType] [  468] -  str(1) = 1
[INFO ][2015-11-18 11:40:46,866][com.java.TestType] [  471] - Test case Id is---1
[INFO ][2015-11-18 11:40:46,866][com.java.TestType] [  473] - 1
[INFO ][2015-11-18 11:40:46,866][com.java.TestType] [  468] -  str(2) = 6
[INFO ][2015-11-18 11:40:46,868][com.java.TestType] [  520] - row values are--------{1=com.java.Objects.TestDataDetails@1921eac, 2=com.java.Objects.TestDataDetails@1c9b12c, 3=com.java.Objects.TestDataDetails@1ff9980, 4=com.java.Objects.TestDataDetails@470c64, 5=com.java.Objects.TestDataDetails@196653, 6=com.java.Objects.TestDataDetails@1e84970}
[INFO ][2015-11-18 11:40:46,868][com.java.TestType] [  468] -  str(1) = 1
[INFO ][2015-11-18 11:40:46,868][com.java.TestType] [  471] - Test case Id is---1
[INFO ][2015-11-18 11:40:46,868][com.java.TestType] [  473] - 1
[INFO ][2015-11-18 11:40:46,868][com.java.TestType] [  468] -  str(2) = 7
[INFO ][2015-11-18 11:40:46,868][com.java.TestType] [  520] - row values are--------{1=com.java.Objects.TestDataDetails@1921eac, 2=com.java.Objects.TestDataDetails@1c9b12c, 3=com.java.Objects.TestDataDetails@1ff9980, 4=com.java.Objects.TestDataDetails@470c64, 5=com.java.Objects.TestDataDetails@196653, 6=com.java.Objects.TestDataDetails@1e84970, 7=com.java.Objects.TestDataDetails@1e244b5}
[INFO ][2015-11-18 11:40:46,868][com.java.TestType] [  468] -  str(1) = 1
[INFO ][2015-11-18 11:40:46,868][com.java.TestType] [  471] - Test case Id is---1
[INFO ][2015-11-18 11:40:46,868][com.java.TestType] [  473] - 1
[INFO ][2015-11-18 11:40:46,868][com.java.TestType] [  468] -  str(2) = 8
[INFO ][2015-11-18 11:40:46,871][com.java.TestType] [  520] - row values are--------{1=com.java.Objects.TestDataDetails@1921eac, 2=com.java.Objects.TestDataDetails@1c9b12c, 3=com.java.Objects.TestDataDetails@1ff9980, 4=com.java.Objects.TestDataDetails@470c64, 5=com.java.Objects.TestDataDetails@196653, 6=com.java.Objects.TestDataDetails@1e84970, 7=com.java.Objects.TestDataDetails@1e244b5, 8=com.java.Objects.TestDataDetails@13fba84}
[INFO ][2015-11-18 11:40:46,871][com.java.TestType] [  468] -  str(1) = 1
[INFO ][2015-11-18 11:40:46,871][com.java.TestType] [  471] - Test case Id is---1
[INFO ][2015-11-18 11:40:46,871][com.java.TestType] [  473] - 1
[INFO ][2015-11-18 11:40:46,871][com.java.TestType] [  468] -  str(2) = 9
[INFO ][2015-11-18 11:40:46,871][com.java.TestType] [  520] - row values are--------{1=com.java.Objects.TestDataDetails@1921eac, 2=com.java.Objects.TestDataDetails@1c9b12c, 3=com.java.Objects.TestDataDetails@1ff9980, 4=com.java.Objects.TestDataDetails@470c64, 5=com.java.Objects.TestDataDetails@196653, 6=com.java.Objects.TestDataDetails@1e84970, 7=com.java.Objects.TestDataDetails@1e244b5, 8=com.java.Objects.TestDataDetails@13fba84, 9=com.java.Objects.TestDataDetails@1ff8e70}
[INFO ][2015-11-18 11:40:46,871][com.java.TestType] [  468] -  str(1) = 1
[INFO ][2015-11-18 11:40:46,871][com.java.TestType] [  471] - Test case Id is---1
[INFO ][2015-11-18 11:40:46,871][com.java.TestType] [  473] - 1
[INFO ][2015-11-18 11:40:46,871][com.java.TestType] [  468] -  str(2) = 10
[INFO ][2015-11-18 11:40:46,871][com.java.TestType] [  520] - row values are--------{1=com.java.Objects.TestDataDetails@1921eac, 2=com.java.Objects.TestDataDetails@1c9b12c, 3=com.java.Objects.TestDataDetails@1ff9980, 4=com.java.Objects.TestDataDetails@470c64, 5=com.java.Objects.TestDataDetails@196653, 6=com.java.Objects.TestDataDetails@1e84970, 7=com.java.Objects.TestDataDetails@1e244b5, 8=com.java.Objects.TestDataDetails@13fba84, 9=com.java.Objects.TestDataDetails@1ff8e70, 10=com.java.Objects.TestDataDetails@1b40e7e}
[INFO ][2015-11-18 11:40:46,873][com.java.TestType] [  468] -  str(1) = 1
[INFO ][2015-11-18 11:40:46,873][com.java.TestType] [  471] - Test case Id is---1
[INFO ][2015-11-18 11:40:46,873][com.java.TestType] [  473] - 1
[INFO ][2015-11-18 11:40:46,873][com.java.TestType] [  468] -  str(2) = 11
[INFO ][2015-11-18 11:40:46,876][com.java.TestType] [  520] - row values are--------{1=com.java.Objects.TestDataDetails@1921eac, 2=com.java.Objects.TestDataDetails@1c9b12c, 3=com.java.Objects.TestDataDetails@1ff9980, 4=com.java.Objects.TestDataDetails@470c64, 5=com.java.Objects.TestDataDetails@196653, 6=com.java.Objects.TestDataDetails@1e84970, 7=com.java.Objects.TestDataDetails@1e244b5, 8=com.java.Objects.TestDataDetails@13fba84, 9=com.java.Objects.TestDataDetails@1ff8e70, 10=com.java.Objects.TestDataDetails@1b40e7e, 11=com.java.Objects.TestDataDetails@1b9c2f0}
[INFO ][2015-11-18 11:40:46,876][com.java.TestType] [  468] -  str(1) = 1
[INFO ][2015-11-18 11:40:46,876][com.java.TestType] [  471] - Test case Id is---1
[INFO ][2015-11-18 11:40:46,876][com.java.TestType] [  473] - 1
[INFO ][2015-11-18 11:40:46,876][com.java.TestType] [  468] -  str(2) = 12
[INFO ][2015-11-18 11:40:46,876][com.java.TestType] [  520] - row values are--------{1=com.java.Objects.TestDataDetails@1921eac, 2=com.java.Objects.TestDataDetails@1c9b12c, 3=com.java.Objects.TestDataDetails@1ff9980, 4=com.java.Objects.TestDataDetails@470c64, 5=com.java.Objects.TestDataDetails@196653, 6=com.java.Objects.TestDataDetails@1e84970, 7=com.java.Objects.TestDataDetails@1e244b5, 8=com.java.Objects.TestDataDetails@13fba84, 9=com.java.Objects.TestDataDetails@1ff8e70, 10=com.java.Objects.TestDataDetails@1b40e7e, 11=com.java.Objects.TestDataDetails@1b9c2f0, 12=com.java.Objects.TestDataDetails@4809be}
[INFO ][2015-11-18 11:40:46,876][com.java.TestType] [  468] -  str(1) = 1
[INFO ][2015-11-18 11:40:46,876][com.java.TestType] [  471] - Test case Id is---1
[INFO ][2015-11-18 11:40:46,876][com.java.TestType] [  473] - 1
[INFO ][2015-11-18 11:40:46,876][com.java.TestType] [  468] -  str(2) = 13
[INFO ][2015-11-18 11:40:46,878][com.java.TestType] [  520] - row values are--------{1=com.java.Objects.TestDataDetails@1921eac, 2=com.java.Objects.TestDataDetails@1c9b12c, 3=com.java.Objects.TestDataDetails@1ff9980, 4=com.java.Objects.TestDataDetails@470c64, 5=com.java.Objects.TestDataDetails@196653, 6=com.java.Objects.TestDataDetails@1e84970, 7=com.java.Objects.TestDataDetails@1e244b5, 8=com.java.Objects.TestDataDetails@13fba84, 9=com.java.Objects.TestDataDetails@1ff8e70, 10=com.java.Objects.TestDataDetails@1b40e7e, 11=com.java.Objects.TestDataDetails@1b9c2f0, 12=com.java.Objects.TestDataDetails@4809be, 13=com.java.Objects.TestDataDetails@1ebc96b}
[INFO ][2015-11-18 11:40:46,878][com.java.TestType] [  468] -  str(1) = 1
[INFO ][2015-11-18 11:40:46,878][com.java.TestType] [  471] - Test case Id is---1
[INFO ][2015-11-18 11:40:46,878][com.java.TestType] [  473] - 1
[INFO ][2015-11-18 11:40:46,878][com.java.TestType] [  468] -  str(2) = 14
[INFO ][2015-11-18 11:40:46,878][com.java.TestType] [  520] - row values are--------{1=com.java.Objects.TestDataDetails@1921eac, 2=com.java.Objects.TestDataDetails@1c9b12c, 3=com.java.Objects.TestDataDetails@1ff9980, 4=com.java.Objects.TestDataDetails@470c64, 5=com.java.Objects.TestDataDetails@196653, 6=com.java.Objects.TestDataDetails@1e84970, 7=com.java.Objects.TestDataDetails@1e244b5, 8=com.java.Objects.TestDataDetails@13fba84, 9=com.java.Objects.TestDataDetails@1ff8e70, 10=com.java.Objects.TestDataDetails@1b40e7e, 11=com.java.Objects.TestDataDetails@1b9c2f0, 12=com.java.Objects.TestDataDetails@4809be, 13=com.java.Objects.TestDataDetails@1ebc96b, 14=com.java.Objects.TestDataDetails@10ca790}
[INFO ][2015-11-18 11:40:46,878][com.java.TestType] [ 8799] - Looping 1TCID = 1
[DEBUG][2015-11-18 11:40:46,878][com.java.TestType] [ 8840] - Concept ID:1 :: Step being Executed: 1::1
[INFO ][2015-11-18 11:40:46,878][com.java.TestType] [ 8878] - dataFields : TXTusername
[DEBUG][2015-11-18 11:40:46,878][com.java.TestType] [ 8884] - <In Set values of the page>
[DEBUG][2015-11-18 11:40:46,878][com.java.TestType] [ 8889] - {Data Fields & Data Values Exist}
[INFO ][2015-11-18 11:40:46,878][com.java.TestType] [ 8895] - --------------------------setting values-----------------------------
[INFO ][2015-11-18 11:40:46,878][com.java.TestType] [ 8898] - Action Type : CLEARANDENTER
[INFO ][2015-11-18 11:40:46,878][com.java.TestType] [ 4454] - value = naresh.nayini.00000
[INFO ][2015-11-18 11:40:51,521][com.java.TestType] [ 8917] -  RESULT true
[INFO ][2015-11-18 11:40:51,521][com.java.TestType] [ 9034] - ?   P A S S   ?
[DEBUG][2015-11-18 11:40:51,521][com.java.TestType] [ 8840] - Concept ID:1 :: Step being Executed: 1::2
[INFO ][2015-11-18 11:40:51,521][com.java.TestType] [ 8878] - dataFields : TXTpassword
[DEBUG][2015-11-18 11:40:51,521][com.java.TestType] [ 8884] - <In Set values of the page>
[DEBUG][2015-11-18 11:40:51,521][com.java.TestType] [ 8889] - {Data Fields & Data Values Exist}
[INFO ][2015-11-18 11:40:51,521][com.java.TestType] [ 8895] - --------------------------setting values-----------------------------
[INFO ][2015-11-18 11:40:51,521][com.java.TestType] [ 8898] - Action Type : CLEARANDENTER
[INFO ][2015-11-18 11:40:51,521][com.java.TestType] [ 4454] - value = Password1*
[INFO ][2015-11-18 11:40:56,403][com.java.TestType] [ 8917] -  RESULT true
[INFO ][2015-11-18 11:40:56,403][com.java.TestType] [ 9034] - ?   P A S S   ?
[DEBUG][2015-11-18 11:40:56,403][com.java.TestType] [ 8840] - Concept ID:1 :: Step being Executed: 1::3
[ERROR][2015-11-18 11:40:56,403][com.java.TestType] [ 8873] - Exception: null
[INFO ][2015-11-18 11:40:56,403][com.java.TestType] [ 8878] - dataFields : XPH//button[@type='submit']
[DEBUG][2015-11-18 11:40:56,403][com.java.TestType] [ 8884] - <In Set values of the page>
[DEBUG][2015-11-18 11:40:56,403][com.java.TestType] [ 8889] - {Data Fields & Data Values Exist}
[INFO ][2015-11-18 11:40:56,403][com.java.TestType] [ 8895] - --------------------------setting values-----------------------------
[INFO ][2015-11-18 11:40:56,403][com.java.TestType] [ 8898] - Action Type : Click
[INFO ][2015-11-18 11:40:56,403][com.java.TestType] [ 4767] - Field ::XPH//button[@type='submit']
[INFO ][2015-11-18 11:40:57,406][com.java.TestType] [ 4826] - BEFORE CLICK
[INFO ][2015-11-18 11:40:58,221][com.java.TestType] [ 4834] - Unable to click the object Login
[INFO ][2015-11-18 11:40:58,221][com.java.TestType] [ 8917] -  RESULT true
[INFO ][2015-11-18 11:40:58,221][com.java.TestType] [ 9034] - ?   P A S S   ?
[DEBUG][2015-11-18 11:40:58,221][com.java.TestType] [ 8840] - Concept ID:1 :: Step being Executed: 1::4
[INFO ][2015-11-18 11:40:58,221][com.java.TestType] [ 8878] - dataFields : LNKLogout
[DEBUG][2015-11-18 11:40:58,221][com.java.TestType] [ 8884] - <In Set values of the page>
[DEBUG][2015-11-18 11:40:58,221][com.java.TestType] [ 8889] - {Data Fields & Data Values Exist}
[INFO ][2015-11-18 11:40:58,221][com.java.TestType] [ 8895] - --------------------------setting values-----------------------------
[INFO ][2015-11-18 11:40:58,221][com.java.TestType] [ 8898] - Action Type : WaitForElement
[INFO ][2015-11-18 11:41:03,067][com.java.TestType] [ 8917] -  RESULT true
[INFO ][2015-11-18 11:41:03,067][com.java.TestType] [ 9034] - ?   P A S S   ?
[DEBUG][2015-11-18 11:41:03,067][com.java.TestType] [ 8840] - Concept ID:1 :: Step being Executed: 1::13
[INFO ][2015-11-18 11:41:03,067][com.java.TestType] [ 8878] - dataFields : LNK
[DEBUG][2015-11-18 11:41:03,067][com.java.TestType] [ 8884] - <In Set values of the page>
[DEBUG][2015-11-18 11:41:03,067][com.java.TestType] [ 8889] - {Data Fields & Data Values Exist}
[INFO ][2015-11-18 11:41:03,067][com.java.TestType] [ 8895] - --------------------------setting values-----------------------------
[INFO ][2015-11-18 11:41:03,067][com.java.TestType] [ 8898] - Action Type : Verify
[INFO ][2015-11-18 11:41:03,067][com.java.TestType] [ 5561] - field= LNK value= Logout
[INFO ][2015-11-18 11:41:03,068][com.java.TestType] [ 4454] - value = Logout
[INFO ][2015-11-18 11:41:03,105][com.java.TestType] [ 8917] -  RESULT true
[INFO ][2015-11-18 11:41:03,105][com.java.TestType] [ 9034] - ?   P A S S   ?
[DEBUG][2015-11-18 11:41:03,105][com.java.TestType] [ 8840] - Concept ID:1 :: Step being Executed: 1::14
[INFO ][2015-11-18 11:41:03,105][com.java.TestType] [ 8878] - dataFields : BTN
[DEBUG][2015-11-18 11:41:03,105][com.java.TestType] [ 8884] - <In Set values of the page>
[DEBUG][2015-11-18 11:41:03,105][com.java.TestType] [ 8889] - {Data Fields & Data Values Exist}
[INFO ][2015-11-18 11:41:03,105][com.java.TestType] [ 8895] - --------------------------setting values-----------------------------
[INFO ][2015-11-18 11:41:03,105][com.java.TestType] [ 8898] - Action Type : Verify
[INFO ][2015-11-18 11:41:03,105][com.java.TestType] [ 5561] - field= BTN value= //img[contains(@src,'bdlogo.jpg')]
[INFO ][2015-11-18 11:41:03,105][com.java.TestType] [ 4454] - value = //img[contains(@src,'bdlogo.jpg')]
[INFO ][2015-11-18 11:41:03,138][com.java.TestType] [ 8917] -  RESULT true
[INFO ][2015-11-18 11:41:03,138][com.java.TestType] [ 9034] - ?   P A S S   ?
[INFO ][2015-11-18 11:41:03,138][com.java.TestType] [ 9105] - Looping End......
[INFO ][2015-11-18 11:41:03,143][com.java.SeleniumDriver] [  869] -  RESULT true
[INFO ][2015-11-18 11:41:03,143][com.java.SeleniumDriver] [ 1074] - ?   P A S S   ?
[INFO ][2015-11-18 11:41:03,143][com.java.SeleniumDriver] [  796] - ------------------------------------------
[INFO ][2015-11-18 11:41:03,143][com.java.SeleniumDriver] [  797] - Test case being Executed: 1
[INFO ][2015-11-18 11:41:03,143][com.java.SeleniumDriver] [  808] - Test step:2
[INFO ][2015-11-18 11:41:03,143][com.java.SeleniumDriver] [  820] - Datavalue is----------Concept#2:1-2
[INFO ][2015-11-18 11:41:03,143][com.java.SeleniumDriver] [  844] - DataField : test
[INFO ][2015-11-18 11:41:03,143][com.java.SeleniumDriver] [  846] - DataValue : Concept#2:1-2
[INFO ][2015-11-18 11:41:03,143][com.java.SeleniumDriver] [  852] - <In Set values of the page>
[INFO ][2015-11-18 11:41:03,143][com.java.SeleniumDriver] [  855] - {Data Fields & Data Values Exist}
[INFO ][2015-11-18 11:41:03,143][com.java.SeleniumDriver] [  857] - --------------------------setting values-----------------------------
[INFO ][2015-11-18 11:41:03,143][com.java.SeleniumDriver] [  860] - Action Type : ExecuteTestCase
[INFO ][2015-11-18 11:41:03,143][com.java.TestType] [  423] - The Concept sheet name is ---------- Concept
[INFO ][2015-11-18 11:41:03,143][com.java.TestType] [  426] - The Concept ID  is ---------- 2
[DEBUG][2015-11-18 11:41:03,143][com.java.TestType] [  430] - Steps being executted in the Concept are: 1:2
[INFO ][2015-11-18 11:41:03,143][com.java.TestType] [  437] - Test data details path ---------- D:\BankersDashboard\TestInputs\TestData.xls
[INFO ][2015-11-18 11:41:03,173][com.java.TestType] [  468] -  str(1) = 2
[INFO ][2015-11-18 11:41:03,173][com.java.TestType] [  471] - Test case Id is---2
[INFO ][2015-11-18 11:41:03,173][com.java.TestType] [  473] - 2
[INFO ][2015-11-18 11:41:03,173][com.java.TestType] [  468] -  str(2) = 1
[INFO ][2015-11-18 11:41:03,175][com.java.TestType] [  520] - row values are--------{1=com.java.Objects.TestDataDetails@792102}
[INFO ][2015-11-18 11:41:03,175][com.java.TestType] [  468] -  str(1) = 2
[INFO ][2015-11-18 11:41:03,175][com.java.TestType] [  471] - Test case Id is---2
[INFO ][2015-11-18 11:41:03,175][com.java.TestType] [  473] - 2
[INFO ][2015-11-18 11:41:03,175][com.java.TestType] [  468] -  str(2) = 2
[INFO ][2015-11-18 11:41:03,175][com.java.TestType] [  520] - row values are--------{1=com.java.Objects.TestDataDetails@792102, 2=com.java.Objects.TestDataDetails@188152b}
[INFO ][2015-11-18 11:41:03,175][com.java.TestType] [  468] -  str(1) = 2
[INFO ][2015-11-18 11:41:03,175][com.java.TestType] [  471] - Test case Id is---2
[INFO ][2015-11-18 11:41:03,175][com.java.TestType] [  473] - 2
[INFO ][2015-11-18 11:41:03,175][com.java.TestType] [  468] -  str(2) = 3
[INFO ][2015-11-18 11:41:03,178][com.java.TestType] [  520] - row values are--------{1=com.java.Objects.TestDataDetails@792102, 2=com.java.Objects.TestDataDetails@188152b, 3=com.java.Objects.TestDataDetails@a51c12}
[INFO ][2015-11-18 11:41:03,178][com.java.TestType] [ 8799] - Looping 1TCID = 2
[DEBUG][2015-11-18 11:41:03,178][com.java.TestType] [ 8840] - Concept ID:2 :: Step being Executed: 2::1
[INFO ][2015-11-18 11:41:03,178][com.java.TestType] [ 8878] - dataFields : BNK//select[@id='bank']
[DEBUG][2015-11-18 11:41:03,178][com.java.TestType] [ 8884] - <In Set values of the page>
[DEBUG][2015-11-18 11:41:03,178][com.java.TestType] [ 8889] - {Data Fields & Data Values Exist}
[INFO ][2015-11-18 11:41:03,178][com.java.TestType] [ 8895] - --------------------------setting values-----------------------------
[INFO ][2015-11-18 11:41:03,178][com.java.TestType] [ 8898] - Action Type : Select
[INFO ][2015-11-18 11:41:03,178][com.java.TestType] [ 4454] - value = PFC
[INFO ][2015-11-18 11:41:03,363][com.java.TestType] [ 8917] -  RESULT true
[INFO ][2015-11-18 11:41:03,363][com.java.TestType] [ 9034] - ?   P A S S   ?
[DEBUG][2015-11-18 11:41:03,363][com.java.TestType] [ 8840] - Concept ID:2 :: Step being Executed: 2::2
[INFO ][2015-11-18 11:41:03,363][com.java.TestType] [ 8878] - dataFields : LNKLogout
[DEBUG][2015-11-18 11:41:03,363][com.java.TestType] [ 8884] - <In Set values of the page>
[DEBUG][2015-11-18 11:41:03,363][com.java.TestType] [ 8889] - {Data Fields & Data Values Exist}
[INFO ][2015-11-18 11:41:03,363][com.java.TestType] [ 8895] - --------------------------setting values-----------------------------
[INFO ][2015-11-18 11:41:03,363][com.java.TestType] [ 8898] - Action Type : WaitTime
[DEBUG][2015-11-18 11:41:03,365][com.java.TestType] [ 4289] - sleepTime: 5000
[INFO ][2015-11-18 11:41:08,365][com.java.TestType] [ 8917] -  RESULT true
[INFO ][2015-11-18 11:41:08,365][com.java.TestType] [ 9034] - ?   P A S S   ?
[INFO ][2015-11-18 11:41:08,365][com.java.TestType] [ 9105] - Looping End......
[INFO ][2015-11-18 11:41:08,368][com.java.SeleniumDriver] [  869] -  RESULT true
[INFO ][2015-11-18 11:41:08,368][com.java.SeleniumDriver] [ 1074] - ?   P A S S   ?
[INFO ][2015-11-18 11:41:08,368][com.java.SeleniumDriver] [  796] - ------------------------------------------
[INFO ][2015-11-18 11:41:08,368][com.java.SeleniumDriver] [  797] - Test case being Executed: 1
[INFO ][2015-11-18 11:41:08,368][com.java.SeleniumDriver] [  808] - Test step:3
[INFO ][2015-11-18 11:41:08,368][com.java.SeleniumDriver] [  820] - Datavalue is----------2
[INFO ][2015-11-18 11:41:08,368][com.java.SeleniumDriver] [  844] - DataField : XPH//button[contains(text(),'Add Content')]
[INFO ][2015-11-18 11:41:08,368][com.java.SeleniumDriver] [  846] - DataValue : 2
[INFO ][2015-11-18 11:41:08,368][com.java.SeleniumDriver] [  852] - <In Set values of the page>
[INFO ][2015-11-18 11:41:08,368][com.java.SeleniumDriver] [  855] - {Data Fields & Data Values Exist}
[INFO ][2015-11-18 11:41:08,368][com.java.SeleniumDriver] [  857] - --------------------------setting values-----------------------------
[INFO ][2015-11-18 11:41:08,370][com.java.SeleniumDriver] [  860] - Action Type : WAITFORELEMENT
[INFO ][2015-11-18 11:41:08,444][com.java.SeleniumDriver] [  869] -  RESULT true
[INFO ][2015-11-18 11:41:08,444][com.java.SeleniumDriver] [ 1074] - ?   P A S S   ?
[DEBUG][2015-11-18 11:41:08,444][com.java.SeleniumDriver] [ 1176] - Case found
[DEBUG][2015-11-18 11:41:08,444][com.java.SeleniumDriver] [ 1181] - Incrementing ReportCounters[0]:1
[INFO ][2015-11-18 11:41:08,444][com.java.SeleniumDriver] [ 1200] - The results are-------------------[1, 1, Valid Login, Pass, , Wed Nov 18 11:41:03 IST 2015, 1, 2, Valid Login, Pass, , Wed Nov 18 11:41:08 IST 2015, 1, 3, Valid Login, Pass, , Wed Nov 18 11:41:08 IST 2015]
[INFO ][2015-11-18 11:41:08,444][com.java.SeleniumDriver] [ 1204] - End time is-------35 sec
[INFO ][2015-11-18 11:41:08,444][com.java.SeleniumDriver] [ 1205] - The results are-------------------[1, 1, Valid Login, Pass, , Wed Nov 18 11:41:03 IST 2015, 1, 2, Valid Login, Pass, , Wed Nov 18 11:41:08 IST 2015, 1, 3, Valid Login, Pass, , Wed Nov 18 11:41:08 IST 2015]
[DEBUG][2015-11-18 11:41:08,444][com.java.ImportnExport.ExportTestResultsExcel] [  222] - testResultPath = D:\BankersDashboard/TestReports/Test Results_BankersDashBoard_111815_114035_IE10_Any Bank USA.xls
[DEBUG][2015-11-18 11:41:08,444][com.java.ImportnExport.ExportTestResultsExcel] [  223] - browser is------------IE10
[DEBUG][2015-11-18 11:41:08,489][com.java.ImportnExport.ExportTestResultsExcel] [  270] - result.size() = 18
[DEBUG][2015-11-18 11:41:08,489][com.java.ImportnExport.ExportTestResultsExcel] [  274] - No of rows in sheet=1
[DEBUG][2015-11-18 11:41:08,489][com.java.ImportnExport.ExportTestResultsExcel] [  301] - ..in export..1
[DEBUG][2015-11-18 11:41:08,489][com.java.ImportnExport.ExportTestResultsExcel] [  301] - ..in export..Valid Login
[DEBUG][2015-11-18 11:41:08,489][com.java.ImportnExport.ExportTestResultsExcel] [  301] - ..in export..Pass
[DEBUG][2015-11-18 11:41:08,489][com.java.ImportnExport.ExportTestResultsExcel] [  301] - ..in export..
[DEBUG][2015-11-18 11:41:08,489][com.java.ImportnExport.ExportTestResultsExcel] [  301] - ..in export..Wed Nov 18 11:41:03 IST 2015
[INFO ][2015-11-18 11:41:08,491][com.java.SeleniumDriver] [ 1263] - out loop:0 size:8 TestCases:[1, 401, 402, 403, 404, 405, 406, 407] testcases:[1, 401, 402, 403, 404, 405, 406, 407]
[INFO ][2015-11-18 11:41:08,491][com.java.ImportnExport.ImportTestDataDetailsExcel] [   49] - test data details path===== D:\BankersDashboard\TestInputs\TestData.xls
[INFO ][2015-11-18 11:41:32,500][com.java.SeleniumDriver] [  796] - ------------------------------------------
[INFO ][2015-11-18 11:41:32,500][com.java.SeleniumDriver] [  797] - Test case being Executed: 401
[INFO ][2015-11-18 11:41:32,500][com.java.SeleniumDriver] [  808] - Test step:1
[INFO ][2015-11-18 11:41:32,500][com.java.SeleniumDriver] [  820] - Datavalue is----------Logout
[INFO ][2015-11-18 11:41:32,500][com.java.SeleniumDriver] [  844] - DataField : BTN
[INFO ][2015-11-18 11:41:32,500][com.java.SeleniumDriver] [  846] - DataValue : Logout
[INFO ][2015-11-18 11:41:32,500][com.java.SeleniumDriver] [  852] - <In Set values of the page>
[INFO ][2015-11-18 11:41:32,500][com.java.SeleniumDriver] [  855] - {Data Fields & Data Values Exist}
[INFO ][2015-11-18 11:41:32,500][com.java.SeleniumDriver] [  857] - --------------------------setting values-----------------------------
[INFO ][2015-11-18 11:41:32,500][com.java.SeleniumDriver] [  860] - Action Type : Verify
[INFO ][2015-11-18 11:41:32,500][com.java.TestType] [ 5561] - field= BTN value= Logout
[INFO ][2015-11-18 11:41:32,500][com.java.TestType] [ 4454] - value = Logout
[INFO ][2015-11-18 11:41:32,533][com.java.SeleniumDriver] [  869] -  RESULT true
[INFO ][2015-11-18 11:41:32,533][com.java.SeleniumDriver] [ 1074] - ?   P A S S   ?
[INFO ][2015-11-18 11:41:32,533][com.java.SeleniumDriver] [ 1116] - step change to 3
[INFO ][2015-11-18 11:41:32,533][com.java.SeleniumDriver] [  796] - ------------------------------------------
[INFO ][2015-11-18 11:41:32,533][com.java.SeleniumDriver] [  797] - Test case being Executed: 401
[INFO ][2015-11-18 11:41:32,533][com.java.SeleniumDriver] [  808] - Test step:3
[INFO ][2015-11-18 11:41:32,533][com.java.SeleniumDriver] [  820] - Datavalue is----------Concept#2:1-2
[INFO ][2015-11-18 11:41:32,533][com.java.SeleniumDriver] [  844] - DataField : test 
[INFO ][2015-11-18 11:41:32,533][com.java.SeleniumDriver] [  846] - DataValue : Concept#2:1-2
[INFO ][2015-11-18 11:41:32,533][com.java.SeleniumDriver] [  852] - <In Set values of the page>
[INFO ][2015-11-18 11:41:32,533][com.java.SeleniumDriver] [  855] - {Data Fields & Data Values Exist}
[INFO ][2015-11-18 11:41:32,533][com.java.SeleniumDriver] [  857] - --------------------------setting values-----------------------------
[INFO ][2015-11-18 11:41:32,536][com.java.SeleniumDriver] [  860] - Action Type : Executetest Case
[DEBUG][2015-11-18 11:41:32,536][com.java.TestType] [  822] - Unable to perform actiontest 
[ERROR][2015-11-18 11:41:32,536][com.java.TestType] [  823] - Exception: No enum constant com.java.TestType.ActionTypes.EXECUTETEST CASE
[INFO ][2015-11-18 11:41:32,536][com.java.SeleniumDriver] [  869] -  RESULT false
[INFO ][2015-11-18 11:41:32,536][com.java.SeleniumDriver] [  916] - ?   F A I L   ?
[INFO ][2015-11-18 11:41:32,536][com.java.SeleniumDriver] [  924] - Browser Type : IE10
[INFO ][2015-11-18 11:41:32,536][com.java.SeleniumDriver] [  925] - Adding Failed case401
[INFO ][2015-11-18 11:41:32,708][com.java.SeleniumDriver] [ 1038] - failedCases = 401
[ERROR][2015-11-18 11:41:32,708][com.java.SeleniumDriver] [ 1525] - Platform Errors : Our apologies...::We have encountered an issue with your request.::Our apologies?:We encountered an issue with your request.
[INFO ][2015-11-18 11:41:32,708][com.java.SeleniumDriver] [ 1529] - Length =3
[ERROR][2015-11-18 11:41:32,708][com.java.SeleniumDriver] [ 1532] - Error 0 = Our apologies...
[ERROR][2015-11-18 11:41:32,751][com.java.SeleniumDriver] [ 1532] - Error 1 = We have encountered an issue with your request.
[ERROR][2015-11-18 11:41:32,783][com.java.SeleniumDriver] [ 1532] - Error 2 = Our apologies?:We encountered an issue with your request.
[DEBUG][2015-11-18 11:41:32,826][com.java.SeleniumDriver] [ 1176] - Case found
[DEBUG][2015-11-18 11:41:32,826][com.java.SeleniumDriver] [ 1181] - Incrementing ReportCounters[0]:2
[INFO ][2015-11-18 11:41:32,826][com.java.SeleniumDriver] [ 1200] - The results are-------------------[401, 3, Valid Login, Fail, 
Test case failed at Step No. :: 3   Error Message ::  No enum constant com.java.TestType.ActionTypes.EXECUTETEST CASE. Screen Shot : D:\BankersDashboard\TestReports\111815\401_111815_114132_IE10.png, Wed Nov 18 11:41:32 IST 2015]
[INFO ][2015-11-18 11:41:32,826][com.java.SeleniumDriver] [ 1204] - End time is-------59 sec
[INFO ][2015-11-18 11:41:32,826][com.java.SeleniumDriver] [ 1205] - The results are-------------------[401, 3, Valid Login, Fail, 
Test case failed at Step No. :: 3   Error Message ::  No enum constant com.java.TestType.ActionTypes.EXECUTETEST CASE. Screen Shot : D:\BankersDashboard\TestReports\111815\401_111815_114132_IE10.png, Wed Nov 18 11:41:32 IST 2015]
[DEBUG][2015-11-18 11:41:32,826][com.java.ImportnExport.ExportTestResultsExcel] [  222] - testResultPath = D:\BankersDashboard/TestReports/Test Results_BankersDashBoard_111815_114035_IE10_Any Bank USA.xls
[DEBUG][2015-11-18 11:41:32,826][com.java.ImportnExport.ExportTestResultsExcel] [  223] - browser is------------IE10
[DEBUG][2015-11-18 11:41:32,828][com.java.ImportnExport.ExportTestResultsExcel] [  270] - result.size() = 6
[DEBUG][2015-11-18 11:41:32,828][com.java.ImportnExport.ExportTestResultsExcel] [  274] - No of rows in sheet=2
[DEBUG][2015-11-18 11:41:32,828][com.java.ImportnExport.ExportTestResultsExcel] [  301] - ..in export..401
[DEBUG][2015-11-18 11:41:32,828][com.java.ImportnExport.ExportTestResultsExcel] [  301] - ..in export..Valid Login
[DEBUG][2015-11-18 11:41:32,828][com.java.ImportnExport.ExportTestResultsExcel] [  301] - ..in export..Fail
[DEBUG][2015-11-18 11:41:32,828][com.java.ImportnExport.ExportTestResultsExcel] [  301] - ..in export..
Test case failed at Step No. :: 3   Error Message ::  No enum constant com.java.TestType.ActionTypes.EXECUTETEST CASE. Screen Shot : D:\BankersDashboard\TestReports\111815\401_111815_114132_IE10.png
[DEBUG][2015-11-18 11:41:32,828][com.java.ImportnExport.ExportTestResultsExcel] [  301] - ..in export..Wed Nov 18 11:41:32 IST 2015
[INFO ][2015-11-18 11:41:32,831][com.java.SeleniumDriver] [ 1263] - out loop:1 size:8 TestCases:[1, 401, 402, 403, 404, 405, 406, 407] testcases:[1, 401, 402, 403, 404, 405, 406, 407]
[INFO ][2015-11-18 11:41:32,831][com.java.ImportnExport.ImportTestDataDetailsExcel] [   49] - test data details path===== D:\BankersDashboard\TestInputs\TestData.xls
[INFO ][2015-11-18 11:41:54,862][com.java.SeleniumDriver] [  796] - ------------------------------------------
[INFO ][2015-11-18 11:41:54,862][com.java.SeleniumDriver] [  797] - Test case being Executed: 402
[INFO ][2015-11-18 11:41:54,862][com.java.SeleniumDriver] [  808] - Test step:1
[INFO ][2015-11-18 11:41:54,862][com.java.SeleniumDriver] [  820] - Datavalue is----------Logout
[INFO ][2015-11-18 11:41:54,862][com.java.SeleniumDriver] [  844] - DataField : BTN
[INFO ][2015-11-18 11:41:54,862][com.java.SeleniumDriver] [  846] - DataValue : Logout
[INFO ][2015-11-18 11:41:54,862][com.java.SeleniumDriver] [  852] - <In Set values of the page>
[INFO ][2015-11-18 11:41:54,862][com.java.SeleniumDriver] [  855] - {Data Fields & Data Values Exist}
[INFO ][2015-11-18 11:41:54,862][com.java.SeleniumDriver] [  857] - --------------------------setting values-----------------------------
[INFO ][2015-11-18 11:41:54,862][com.java.SeleniumDriver] [  860] - Action Type : Verify
[INFO ][2015-11-18 11:41:54,862][com.java.TestType] [ 5561] - field= BTN value= Logout
[INFO ][2015-11-18 11:41:54,862][com.java.TestType] [ 4454] - value = Logout
[INFO ][2015-11-18 11:41:54,896][com.java.SeleniumDriver] [  869] -  RESULT true
[INFO ][2015-11-18 11:41:54,896][com.java.SeleniumDriver] [ 1074] - ?   P A S S   ?
[INFO ][2015-11-18 11:41:54,896][com.java.SeleniumDriver] [ 1116] - step change to 3
[INFO ][2015-11-18 11:41:54,896][com.java.SeleniumDriver] [  796] - ------------------------------------------
[INFO ][2015-11-18 11:41:54,896][com.java.SeleniumDriver] [  797] - Test case being Executed: 402
[INFO ][2015-11-18 11:41:54,896][com.java.SeleniumDriver] [  808] - Test step:3
[INFO ][2015-11-18 11:41:54,896][com.java.SeleniumDriver] [  820] - Datavalue is----------Concept#2:1-2
[INFO ][2015-11-18 11:41:54,896][com.java.SeleniumDriver] [  844] - DataField : test 
[INFO ][2015-11-18 11:41:54,896][com.java.SeleniumDriver] [  846] - DataValue : Concept#2:1-2
[INFO ][2015-11-18 11:41:54,896][com.java.SeleniumDriver] [  852] - <In Set values of the page>
[INFO ][2015-11-18 11:41:54,896][com.java.SeleniumDriver] [  855] - {Data Fields & Data Values Exist}
[INFO ][2015-11-18 11:41:54,896][com.java.SeleniumDriver] [  857] - --------------------------setting values-----------------------------
[INFO ][2015-11-18 11:41:54,896][com.java.SeleniumDriver] [  860] - Action Type : Executetest Case
[DEBUG][2015-11-18 11:41:54,899][com.java.TestType] [  822] - Unable to perform actiontest 
[ERROR][2015-11-18 11:41:54,899][com.java.TestType] [  823] - Exception: No enum constant com.java.TestType.ActionTypes.EXECUTETEST CASE
[INFO ][2015-11-18 11:41:54,899][com.java.SeleniumDriver] [  869] -  RESULT false
[INFO ][2015-11-18 11:41:54,899][com.java.SeleniumDriver] [  916] - ?   F A I L   ?
[INFO ][2015-11-18 11:41:54,899][com.java.SeleniumDriver] [  924] - Browser Type : IE10
[INFO ][2015-11-18 11:41:54,899][com.java.SeleniumDriver] [  925] - Adding Failed case402
[INFO ][2015-11-18 11:41:55,004][com.java.SeleniumDriver] [ 1038] - failedCases = 401-402
[ERROR][2015-11-18 11:41:55,004][com.java.SeleniumDriver] [ 1525] - Platform Errors : Our apologies...::We have encountered an issue with your request.::Our apologies?:We encountered an issue with your request.
[INFO ][2015-11-18 11:41:55,004][com.java.SeleniumDriver] [ 1529] - Length =3
[ERROR][2015-11-18 11:41:55,004][com.java.SeleniumDriver] [ 1532] - Error 0 = Our apologies...
[ERROR][2015-11-18 11:41:55,046][com.java.SeleniumDriver] [ 1532] - Error 1 = We have encountered an issue with your request.
[ERROR][2015-11-18 11:41:55,076][com.java.SeleniumDriver] [ 1532] - Error 2 = Our apologies?:We encountered an issue with your request.
[DEBUG][2015-11-18 11:41:55,119][com.java.SeleniumDriver] [ 1176] - Case found
[DEBUG][2015-11-18 11:41:55,119][com.java.SeleniumDriver] [ 1181] - Incrementing ReportCounters[0]:3
[INFO ][2015-11-18 11:41:55,119][com.java.SeleniumDriver] [ 1200] - The results are-------------------[402, 3, Valid Login, Fail, 
Test case failed at Step No. :: 3   Error Message ::  No enum constant com.java.TestType.ActionTypes.EXECUTETEST CASE. Screen Shot : D:\BankersDashboard\TestReports\111815\402_111815_114154_IE10.png, Wed Nov 18 11:41:55 IST 2015]
[INFO ][2015-11-18 11:41:55,119][com.java.SeleniumDriver] [ 1204] - End time is-------1 min 22 sec
[INFO ][2015-11-18 11:41:55,119][com.java.SeleniumDriver] [ 1205] - The results are-------------------[402, 3, Valid Login, Fail, 
Test case failed at Step No. :: 3   Error Message ::  No enum constant com.java.TestType.ActionTypes.EXECUTETEST CASE. Screen Shot : D:\BankersDashboard\TestReports\111815\402_111815_114154_IE10.png, Wed Nov 18 11:41:55 IST 2015]
[DEBUG][2015-11-18 11:41:55,119][com.java.ImportnExport.ExportTestResultsExcel] [  222] - testResultPath = D:\BankersDashboard/TestReports/Test Results_BankersDashBoard_111815_114035_IE10_Any Bank USA.xls
[DEBUG][2015-11-18 11:41:55,119][com.java.ImportnExport.ExportTestResultsExcel] [  223] - browser is------------IE10
[DEBUG][2015-11-18 11:41:55,121][com.java.ImportnExport.ExportTestResultsExcel] [  270] - result.size() = 6
[DEBUG][2015-11-18 11:41:55,121][com.java.ImportnExport.ExportTestResultsExcel] [  274] - No of rows in sheet=3
[DEBUG][2015-11-18 11:41:55,121][com.java.ImportnExport.ExportTestResultsExcel] [  301] - ..in export..402
[DEBUG][2015-11-18 11:41:55,121][com.java.ImportnExport.ExportTestResultsExcel] [  301] - ..in export..Valid Login
[DEBUG][2015-11-18 11:41:55,121][com.java.ImportnExport.ExportTestResultsExcel] [  301] - ..in export..Fail
[DEBUG][2015-11-18 11:41:55,121][com.java.ImportnExport.ExportTestResultsExcel] [  301] - ..in export..
Test case failed at Step No. :: 3   Error Message ::  No enum constant com.java.TestType.ActionTypes.EXECUTETEST CASE. Screen Shot : D:\BankersDashboard\TestReports\111815\402_111815_114154_IE10.png
[DEBUG][2015-11-18 11:41:55,124][com.java.ImportnExport.ExportTestResultsExcel] [  301] - ..in export..Wed Nov 18 11:41:55 IST 2015
[INFO ][2015-11-18 11:41:55,124][com.java.SeleniumDriver] [ 1263] - out loop:2 size:8 TestCases:[1, 401, 402, 403, 404, 405, 406, 407] testcases:[1, 401, 402, 403, 404, 405, 406, 407]
[INFO ][2015-11-18 11:41:55,124][com.java.ImportnExport.ImportTestDataDetailsExcel] [   49] - test data details path===== D:\BankersDashboard\TestInputs\TestData.xls
[INFO ][2015-11-18 11:42:14,075][com.java.SeleniumDriver] [  796] - ------------------------------------------
[INFO ][2015-11-18 11:42:14,075][com.java.SeleniumDriver] [  797] - Test case being Executed: 403
[INFO ][2015-11-18 11:42:14,075][com.java.SeleniumDriver] [  808] - Test step:1
[INFO ][2015-11-18 11:42:14,075][com.java.SeleniumDriver] [  820] - Datavalue is----------Logout
[INFO ][2015-11-18 11:42:14,075][com.java.SeleniumDriver] [  844] - DataField : BTN
[INFO ][2015-11-18 11:42:14,075][com.java.SeleniumDriver] [  846] - DataValue : Logout
[INFO ][2015-11-18 11:42:14,075][com.java.SeleniumDriver] [  852] - <In Set values of the page>
[INFO ][2015-11-18 11:42:14,075][com.java.SeleniumDriver] [  855] - {Data Fields & Data Values Exist}
[INFO ][2015-11-18 11:42:14,075][com.java.SeleniumDriver] [  857] - --------------------------setting values-----------------------------
[INFO ][2015-11-18 11:42:14,075][com.java.SeleniumDriver] [  860] - Action Type : Verify
[INFO ][2015-11-18 11:42:14,075][com.java.TestType] [ 5561] - field= BTN value= Logout
[INFO ][2015-11-18 11:42:14,075][com.java.TestType] [ 4454] - value = Logout
[INFO ][2015-11-18 11:42:14,108][com.java.SeleniumDriver] [  869] -  RESULT true
[INFO ][2015-11-18 11:42:14,108][com.java.SeleniumDriver] [ 1074] - ?   P A S S   ?
[INFO ][2015-11-18 11:42:14,108][com.java.SeleniumDriver] [ 1116] - step change to 3
[INFO ][2015-11-18 11:42:14,108][com.java.SeleniumDriver] [  796] - ------------------------------------------
[INFO ][2015-11-18 11:42:14,108][com.java.SeleniumDriver] [  797] - Test case being Executed: 403
[INFO ][2015-11-18 11:42:14,108][com.java.SeleniumDriver] [  808] - Test step:3
[INFO ][2015-11-18 11:42:14,108][com.java.SeleniumDriver] [  820] - Datavalue is----------Concept#2:1-2
[INFO ][2015-11-18 11:42:14,108][com.java.SeleniumDriver] [  844] - DataField : test 
[INFO ][2015-11-18 11:42:14,108][com.java.SeleniumDriver] [  846] - DataValue : Concept#2:1-2
[INFO ][2015-11-18 11:42:14,108][com.java.SeleniumDriver] [  852] - <In Set values of the page>
[INFO ][2015-11-18 11:42:14,108][com.java.SeleniumDriver] [  855] - {Data Fields & Data Values Exist}
[INFO ][2015-11-18 11:42:14,108][com.java.SeleniumDriver] [  857] - --------------------------setting values-----------------------------
[INFO ][2015-11-18 11:42:14,108][com.java.SeleniumDriver] [  860] - Action Type : Executetest Case
[DEBUG][2015-11-18 11:42:14,111][com.java.TestType] [  822] - Unable to perform actiontest 
[ERROR][2015-11-18 11:42:14,111][com.java.TestType] [  823] - Exception: No enum constant com.java.TestType.ActionTypes.EXECUTETEST CASE
[INFO ][2015-11-18 11:42:14,111][com.java.SeleniumDriver] [  869] -  RESULT false
[INFO ][2015-11-18 11:42:14,111][com.java.SeleniumDriver] [  916] - ?   F A I L   ?
[INFO ][2015-11-18 11:42:14,111][com.java.SeleniumDriver] [  924] - Browser Type : IE10
[INFO ][2015-11-18 11:42:14,111][com.java.SeleniumDriver] [  925] - Adding Failed case403
[INFO ][2015-11-18 11:42:14,238][com.java.SeleniumDriver] [ 1038] - failedCases = 401-403
[ERROR][2015-11-18 11:42:14,238][com.java.SeleniumDriver] [ 1525] - Platform Errors : Our apologies...::We have encountered an issue with your request.::Our apologies?:We encountered an issue with your request.
[INFO ][2015-11-18 11:42:14,238][com.java.SeleniumDriver] [ 1529] - Length =3
[ERROR][2015-11-18 11:42:14,238][com.java.SeleniumDriver] [ 1532] - Error 0 = Our apologies...
[ERROR][2015-11-18 11:42:14,281][com.java.SeleniumDriver] [ 1532] - Error 1 = We have encountered an issue with your request.
[ERROR][2015-11-18 11:42:14,311][com.java.SeleniumDriver] [ 1532] - Error 2 = Our apologies?:We encountered an issue with your request.
[DEBUG][2015-11-18 11:42:14,353][com.java.SeleniumDriver] [ 1176] - Case found
[DEBUG][2015-11-18 11:42:14,353][com.java.SeleniumDriver] [ 1181] - Incrementing ReportCounters[0]:4
[INFO ][2015-11-18 11:42:14,353][com.java.SeleniumDriver] [ 1200] - The results are-------------------[403, 3, Valid Login, Fail, 
Test case failed at Step No. :: 3   Error Message ::  No enum constant com.java.TestType.ActionTypes.EXECUTETEST CASE. Screen Shot : D:\BankersDashboard\TestReports\111815\403_111815_114214_IE10.png, Wed Nov 18 11:42:14 IST 2015]
[INFO ][2015-11-18 11:42:14,353][com.java.SeleniumDriver] [ 1204] - End time is-------1 min 41 sec
[INFO ][2015-11-18 11:42:14,353][com.java.SeleniumDriver] [ 1205] - The results are-------------------[403, 3, Valid Login, Fail, 
Test case failed at Step No. :: 3   Error Message ::  No enum constant com.java.TestType.ActionTypes.EXECUTETEST CASE. Screen Shot : D:\BankersDashboard\TestReports\111815\403_111815_114214_IE10.png, Wed Nov 18 11:42:14 IST 2015]
[DEBUG][2015-11-18 11:42:14,353][com.java.ImportnExport.ExportTestResultsExcel] [  222] - testResultPath = D:\BankersDashboard/TestReports/Test Results_BankersDashBoard_111815_114035_IE10_Any Bank USA.xls
[DEBUG][2015-11-18 11:42:14,353][com.java.ImportnExport.ExportTestResultsExcel] [  223] - browser is------------IE10
[DEBUG][2015-11-18 11:42:14,356][com.java.ImportnExport.ExportTestResultsExcel] [  270] - result.size() = 6
[DEBUG][2015-11-18 11:42:14,356][com.java.ImportnExport.ExportTestResultsExcel] [  274] - No of rows in sheet=4
[DEBUG][2015-11-18 11:42:14,356][com.java.ImportnExport.ExportTestResultsExcel] [  301] - ..in export..403
[DEBUG][2015-11-18 11:42:14,356][com.java.ImportnExport.ExportTestResultsExcel] [  301] - ..in export..Valid Login
[DEBUG][2015-11-18 11:42:14,356][com.java.ImportnExport.ExportTestResultsExcel] [  301] - ..in export..Fail
[DEBUG][2015-11-18 11:42:14,356][com.java.ImportnExport.ExportTestResultsExcel] [  301] - ..in export..
Test case failed at Step No. :: 3   Error Message ::  No enum constant com.java.TestType.ActionTypes.EXECUTETEST CASE. Screen Shot : D:\BankersDashboard\TestReports\111815\403_111815_114214_IE10.png
[DEBUG][2015-11-18 11:42:14,356][com.java.ImportnExport.ExportTestResultsExcel] [  301] - ..in export..Wed Nov 18 11:42:14 IST 2015
[INFO ][2015-11-18 11:42:14,358][com.java.SeleniumDriver] [ 1263] - out loop:3 size:8 TestCases:[1, 401, 402, 403, 404, 405, 406, 407] testcases:[1, 401, 402, 403, 404, 405, 406, 407]
[INFO ][2015-11-18 11:42:14,358][com.java.ImportnExport.ImportTestDataDetailsExcel] [   49] - test data details path===== D:\BankersDashboard\TestInputs\TestData.xls
[INFO ][2015-11-18 11:42:32,289][com.java.SeleniumDriver] [  796] - ------------------------------------------
[INFO ][2015-11-18 11:42:32,289][com.java.SeleniumDriver] [  797] - Test case being Executed: 404
[INFO ][2015-11-18 11:42:32,289][com.java.SeleniumDriver] [  808] - Test step:1
[INFO ][2015-11-18 11:42:32,289][com.java.SeleniumDriver] [  820] - Datavalue is----------Logout
[INFO ][2015-11-18 11:42:32,289][com.java.SeleniumDriver] [  844] - DataField : BTN
[INFO ][2015-11-18 11:42:32,289][com.java.SeleniumDriver] [  846] - DataValue : Logout
[INFO ][2015-11-18 11:42:32,289][com.java.SeleniumDriver] [  852] - <In Set values of the page>
[INFO ][2015-11-18 11:42:32,289][com.java.SeleniumDriver] [  855] - {Data Fields & Data Values Exist}
[INFO ][2015-11-18 11:42:32,289][com.java.SeleniumDriver] [  857] - --------------------------setting values-----------------------------
[INFO ][2015-11-18 11:42:32,289][com.java.SeleniumDriver] [  860] - Action Type : Verify
[INFO ][2015-11-18 11:42:32,289][com.java.TestType] [ 5561] - field= BTN value= Logout
[INFO ][2015-11-18 11:42:32,289][com.java.TestType] [ 4454] - value = Logout
[INFO ][2015-11-18 11:42:32,323][com.java.SeleniumDriver] [  869] -  RESULT true
[INFO ][2015-11-18 11:42:32,323][com.java.SeleniumDriver] [ 1074] - ?   P A S S   ?
[INFO ][2015-11-18 11:42:32,323][com.java.SeleniumDriver] [ 1116] - step change to 3
[INFO ][2015-11-18 11:42:32,323][com.java.SeleniumDriver] [  796] - ------------------------------------------
[INFO ][2015-11-18 11:42:32,323][com.java.SeleniumDriver] [  797] - Test case being Executed: 404
[INFO ][2015-11-18 11:42:32,323][com.java.SeleniumDriver] [  808] - Test step:3
[INFO ][2015-11-18 11:42:32,323][com.java.SeleniumDriver] [  820] - Datavalue is----------Concept#2:1-2
[INFO ][2015-11-18 11:42:32,323][com.java.SeleniumDriver] [  844] - DataField : test 
[INFO ][2015-11-18 11:42:32,323][com.java.SeleniumDriver] [  846] - DataValue : Concept#2:1-2
[INFO ][2015-11-18 11:42:32,323][com.java.SeleniumDriver] [  852] - <In Set values of the page>
[INFO ][2015-11-18 11:42:32,323][com.java.SeleniumDriver] [  855] - {Data Fields & Data Values Exist}
[INFO ][2015-11-18 11:42:32,323][com.java.SeleniumDriver] [  857] - --------------------------setting values-----------------------------
[INFO ][2015-11-18 11:42:32,325][com.java.SeleniumDriver] [  860] - Action Type : Executetest Case
[DEBUG][2015-11-18 11:42:32,325][com.java.TestType] [  822] - Unable to perform actiontest 
[ERROR][2015-11-18 11:42:32,325][com.java.TestType] [  823] - Exception: No enum constant com.java.TestType.ActionTypes.EXECUTETEST CASE
[INFO ][2015-11-18 11:42:32,325][com.java.SeleniumDriver] [  869] -  RESULT false
[INFO ][2015-11-18 11:42:32,325][com.java.SeleniumDriver] [  916] - ?   F A I L   ?
[INFO ][2015-11-18 11:42:32,325][com.java.SeleniumDriver] [  924] - Browser Type : IE10
[INFO ][2015-11-18 11:42:32,325][com.java.SeleniumDriver] [  925] - Adding Failed case404
[INFO ][2015-11-18 11:42:32,460][com.java.SeleniumDriver] [ 1038] - failedCases = 401-404
[ERROR][2015-11-18 11:42:32,460][com.java.SeleniumDriver] [ 1525] - Platform Errors : Our apologies...::We have encountered an issue with your request.::Our apologies?:We encountered an issue with your request.
[INFO ][2015-11-18 11:42:32,460][com.java.SeleniumDriver] [ 1529] - Length =3
[ERROR][2015-11-18 11:42:32,460][com.java.SeleniumDriver] [ 1532] - Error 0 = Our apologies...
[ERROR][2015-11-18 11:42:32,500][com.java.SeleniumDriver] [ 1532] - Error 1 = We have encountered an issue with your request.
[ERROR][2015-11-18 11:42:32,533][com.java.SeleniumDriver] [ 1532] - Error 2 = Our apologies?:We encountered an issue with your request.
[DEBUG][2015-11-18 11:42:32,575][com.java.SeleniumDriver] [ 1176] - Case found
[DEBUG][2015-11-18 11:42:32,575][com.java.SeleniumDriver] [ 1181] - Incrementing ReportCounters[0]:5
[INFO ][2015-11-18 11:42:32,575][com.java.SeleniumDriver] [ 1200] - The results are-------------------[404, 3, Valid Login, Fail, 
Test case failed at Step No. :: 3   Error Message ::  No enum constant com.java.TestType.ActionTypes.EXECUTETEST CASE. Screen Shot : D:\BankersDashboard\TestReports\111815\404_111815_114232_IE10.png, Wed Nov 18 11:42:32 IST 2015]
[INFO ][2015-11-18 11:42:32,575][com.java.SeleniumDriver] [ 1204] - End time is-------1 min 59 sec
[INFO ][2015-11-18 11:42:32,575][com.java.SeleniumDriver] [ 1205] - The results are-------------------[404, 3, Valid Login, Fail, 
Test case failed at Step No. :: 3   Error Message ::  No enum constant com.java.TestType.ActionTypes.EXECUTETEST CASE. Screen Shot : D:\BankersDashboard\TestReports\111815\404_111815_114232_IE10.png, Wed Nov 18 11:42:32 IST 2015]
[DEBUG][2015-11-18 11:42:32,575][com.java.ImportnExport.ExportTestResultsExcel] [  222] - testResultPath = D:\BankersDashboard/TestReports/Test Results_BankersDashBoard_111815_114035_IE10_Any Bank USA.xls
[DEBUG][2015-11-18 11:42:32,575][com.java.ImportnExport.ExportTestResultsExcel] [  223] - browser is------------IE10
[DEBUG][2015-11-18 11:42:32,578][com.java.ImportnExport.ExportTestResultsExcel] [  270] - result.size() = 6
[DEBUG][2015-11-18 11:42:32,578][com.java.ImportnExport.ExportTestResultsExcel] [  274] - No of rows in sheet=5
[DEBUG][2015-11-18 11:42:32,578][com.java.ImportnExport.ExportTestResultsExcel] [  301] - ..in export..404
[DEBUG][2015-11-18 11:42:32,578][com.java.ImportnExport.ExportTestResultsExcel] [  301] - ..in export..Valid Login
[DEBUG][2015-11-18 11:42:32,578][com.java.ImportnExport.ExportTestResultsExcel] [  301] - ..in export..Fail
[DEBUG][2015-11-18 11:42:32,578][com.java.ImportnExport.ExportTestResultsExcel] [  301] - ..in export..
Test case failed at Step No. :: 3   Error Message ::  No enum constant com.java.TestType.ActionTypes.EXECUTETEST CASE. Screen Shot : D:\BankersDashboard\TestReports\111815\404_111815_114232_IE10.png
[DEBUG][2015-11-18 11:42:32,578][com.java.ImportnExport.ExportTestResultsExcel] [  301] - ..in export..Wed Nov 18 11:42:32 IST 2015
[INFO ][2015-11-18 11:42:32,580][com.java.SeleniumDriver] [ 1263] - out loop:4 size:8 TestCases:[1, 401, 402, 403, 404, 405, 406, 407] testcases:[1, 401, 402, 403, 404, 405, 406, 407]
[INFO ][2015-11-18 11:42:32,580][com.java.ImportnExport.ImportTestDataDetailsExcel] [   49] - test data details path===== D:\BankersDashboard\TestInputs\TestData.xls
[INFO ][2015-11-18 11:42:56,126][com.java.SeleniumDriver] [  796] - ------------------------------------------
[INFO ][2015-11-18 11:42:56,126][com.java.SeleniumDriver] [  797] - Test case being Executed: 405
[INFO ][2015-11-18 11:42:56,126][com.java.SeleniumDriver] [  808] - Test step:1
[INFO ][2015-11-18 11:42:56,126][com.java.SeleniumDriver] [  820] - Datavalue is----------Logout
[INFO ][2015-11-18 11:42:56,126][com.java.SeleniumDriver] [  844] - DataField : BTN
[INFO ][2015-11-18 11:42:56,126][com.java.SeleniumDriver] [  846] - DataValue : Logout
[INFO ][2015-11-18 11:42:56,126][com.java.SeleniumDriver] [  852] - <In Set values of the page>
[INFO ][2015-11-18 11:42:56,126][com.java.SeleniumDriver] [  855] - {Data Fields & Data Values Exist}
[INFO ][2015-11-18 11:42:56,126][com.java.SeleniumDriver] [  857] - --------------------------setting values-----------------------------
[INFO ][2015-11-18 11:42:56,126][com.java.SeleniumDriver] [  860] - Action Type : Verify
[INFO ][2015-11-18 11:42:56,126][com.java.TestType] [ 5561] - field= BTN value= Logout
[INFO ][2015-11-18 11:42:56,126][com.java.TestType] [ 4454] - value = Logout
[INFO ][2015-11-18 11:42:56,160][com.java.SeleniumDriver] [  869] -  RESULT true
[INFO ][2015-11-18 11:42:56,160][com.java.SeleniumDriver] [ 1074] - ?   P A S S   ?
[INFO ][2015-11-18 11:42:56,160][com.java.SeleniumDriver] [ 1116] - step change to 3
[INFO ][2015-11-18 11:42:56,162][com.java.SeleniumDriver] [  796] - ------------------------------------------
[INFO ][2015-11-18 11:42:56,162][com.java.SeleniumDriver] [  797] - Test case being Executed: 405
[INFO ][2015-11-18 11:42:56,162][com.java.SeleniumDriver] [  808] - Test step:3
[INFO ][2015-11-18 11:42:56,162][com.java.SeleniumDriver] [  820] - Datavalue is----------Concept#2:1-2
[INFO ][2015-11-18 11:42:56,162][com.java.SeleniumDriver] [  844] - DataField : test 
[INFO ][2015-11-18 11:42:56,162][com.java.SeleniumDriver] [  846] - DataValue : Concept#2:1-2
[INFO ][2015-11-18 11:42:56,162][com.java.SeleniumDriver] [  852] - <In Set values of the page>
[INFO ][2015-11-18 11:42:56,162][com.java.SeleniumDriver] [  855] - {Data Fields & Data Values Exist}
[INFO ][2015-11-18 11:42:56,162][com.java.SeleniumDriver] [  857] - --------------------------setting values-----------------------------
[INFO ][2015-11-18 11:42:56,162][com.java.SeleniumDriver] [  860] - Action Type : Executetest Case
[DEBUG][2015-11-18 11:42:56,162][com.java.TestType] [  822] - Unable to perform actiontest 
[ERROR][2015-11-18 11:42:56,162][com.java.TestType] [  823] - Exception: No enum constant com.java.TestType.ActionTypes.EXECUTETEST CASE
[INFO ][2015-11-18 11:42:56,162][com.java.SeleniumDriver] [  869] -  RESULT false
[INFO ][2015-11-18 11:42:56,162][com.java.SeleniumDriver] [  916] - ?   F A I L   ?
[INFO ][2015-11-18 11:42:56,162][com.java.SeleniumDriver] [  924] - Browser Type : IE10
[INFO ][2015-11-18 11:42:56,162][com.java.SeleniumDriver] [  925] - Adding Failed case405
[INFO ][2015-11-18 11:42:56,287][com.java.SeleniumDriver] [ 1038] - failedCases = 401-405
[ERROR][2015-11-18 11:42:56,287][com.java.SeleniumDriver] [ 1525] - Platform Errors : Our apologies...::We have encountered an issue with your request.::Our apologies?:We encountered an issue with your request.
[INFO ][2015-11-18 11:42:56,287][com.java.SeleniumDriver] [ 1529] - Length =3
[ERROR][2015-11-18 11:42:56,287][com.java.SeleniumDriver] [ 1532] - Error 0 = Our apologies...
[ERROR][2015-11-18 11:42:56,327][com.java.SeleniumDriver] [ 1532] - Error 1 = We have encountered an issue with your request.
[ERROR][2015-11-18 11:42:56,360][com.java.SeleniumDriver] [ 1532] - Error 2 = Our apologies?:We encountered an issue with your request.
[DEBUG][2015-11-18 11:42:56,402][com.java.SeleniumDriver] [ 1176] - Case found
[DEBUG][2015-11-18 11:42:56,402][com.java.SeleniumDriver] [ 1181] - Incrementing ReportCounters[0]:6
[INFO ][2015-11-18 11:42:56,402][com.java.SeleniumDriver] [ 1200] - The results are-------------------[405, 3, Valid Login, Fail, 
Test case failed at Step No. :: 3   Error Message ::  No enum constant com.java.TestType.ActionTypes.EXECUTETEST CASE. Screen Shot : D:\BankersDashboard\TestReports\111815\405_111815_114256_IE10.png, Wed Nov 18 11:42:56 IST 2015]
[INFO ][2015-11-18 11:42:56,402][com.java.SeleniumDriver] [ 1204] - End time is-------2 min 23 sec
[INFO ][2015-11-18 11:42:56,402][com.java.SeleniumDriver] [ 1205] - The results are-------------------[405, 3, Valid Login, Fail, 
Test case failed at Step No. :: 3   Error Message ::  No enum constant com.java.TestType.ActionTypes.EXECUTETEST CASE. Screen Shot : D:\BankersDashboard\TestReports\111815\405_111815_114256_IE10.png, Wed Nov 18 11:42:56 IST 2015]
[DEBUG][2015-11-18 11:42:56,402][com.java.ImportnExport.ExportTestResultsExcel] [  222] - testResultPath = D:\BankersDashboard/TestReports/Test Results_BankersDashBoard_111815_114035_IE10_Any Bank USA.xls
[DEBUG][2015-11-18 11:42:56,402][com.java.ImportnExport.ExportTestResultsExcel] [  223] - browser is------------IE10
[DEBUG][2015-11-18 11:42:56,405][com.java.ImportnExport.ExportTestResultsExcel] [  270] - result.size() = 6
[DEBUG][2015-11-18 11:42:56,405][com.java.ImportnExport.ExportTestResultsExcel] [  274] - No of rows in sheet=6
[DEBUG][2015-11-18 11:42:56,405][com.java.ImportnExport.ExportTestResultsExcel] [  301] - ..in export..405
[DEBUG][2015-11-18 11:42:56,405][com.java.ImportnExport.ExportTestResultsExcel] [  301] - ..in export..Valid Login
[DEBUG][2015-11-18 11:42:56,405][com.java.ImportnExport.ExportTestResultsExcel] [  301] - ..in export..Fail
[DEBUG][2015-11-18 11:42:56,405][com.java.ImportnExport.ExportTestResultsExcel] [  301] - ..in export..
Test case failed at Step No. :: 3   Error Message ::  No enum constant com.java.TestType.ActionTypes.EXECUTETEST CASE. Screen Shot : D:\BankersDashboard\TestReports\111815\405_111815_114256_IE10.png
[DEBUG][2015-11-18 11:42:56,405][com.java.ImportnExport.ExportTestResultsExcel] [  301] - ..in export..Wed Nov 18 11:42:56 IST 2015
[INFO ][2015-11-18 11:42:56,407][com.java.SeleniumDriver] [ 1263] - out loop:5 size:8 TestCases:[1, 401, 402, 403, 404, 405, 406, 407] testcases:[1, 401, 402, 403, 404, 405, 406, 407]
[INFO ][2015-11-18 11:42:56,407][com.java.ImportnExport.ImportTestDataDetailsExcel] [   49] - test data details path===== D:\BankersDashboard\TestInputs\TestData.xls
