[INFO ][2015-11-27 19:38:49,396][com.java.SeleniumDriver] [  213] - Execute Failed Casestrue
[INFO ][2015-11-27 19:38:49,396][com.java.SeleniumDriver] [  214] - Browser: IE10
[INFO ][2015-11-27 19:38:49,396][com.java.SeleniumDriver] [  215] - [1, 2]
[INFO ][2015-11-27 19:38:49,396][com.java.SeleniumDriver] [  216] - Total TestCases:2
[INFO ][2015-11-27 19:38:49,396][com.java.SeleniumDriver] [  217] -  Reading Properties from Property File 
[DEBUG][2015-11-27 19:38:49,396][com.java.SeleniumDriver] [  238] - url : https://clients-xuat.bankersdashboard.com
[INFO ][2015-11-27 19:38:49,406][com.java.ImportnExport.ExportTestResultsExcel] [  116] - Time Stamp Fri Nov 27 07:38:49 IST 2015
[INFO ][2015-11-27 19:38:49,406][com.java.ImportnExport.ExportTestResultsExcel] [  175] - OUT FILE : D:\BankersDashboard/TestReports/Test Results_BankersDashBoard_112715_193849_IE10_Any Bank USA.xls
[INFO ][2015-11-27 19:38:49,427][com.java.ImportnExport.ExportTestResultsExcel] [  180] - Test Result file is created
[DEBUG][2015-11-27 19:38:49,537][com.java.SeleniumDriver] [  425] - Hub ip address is-------172.17.68.34
[INFO ][2015-11-27 19:38:49,537][com.java.SeleniumDriver] [  451] - Grid URL:http://172.17.68.34:4444/wd/hub
[INFO ][2015-11-27 19:38:49,537][com.java.SeleniumDriver] [  452] - Capability:Capabilities [{platform=ANY, ensureCleanSession=true, ignoreProtectedModeSettings=true, acceptSslCerts=true, ignoreZoomSetting=true, browserName=internet explorer, browserstack.ie.noFlash=true, version=null}]
[INFO ][2015-11-27 19:38:59,547][com.java.SeleniumDriver] [  468] - Executing on  GRID
[INFO ][2015-11-27 19:38:59,547][com.java.SeleniumDriver] [  470] - Executing in Grid
[INFO ][2015-11-27 19:38:59,547][com.java.SeleniumDriver] [  471] - The node to be executed is------null
[INFO ][2015-11-27 19:38:59,547][com.java.SeleniumDriver] [  476] - Hub IPAddress is---------172.17.68.34
[INFO ][2015-11-27 19:38:59,547][com.java.SeleniumDriver] [  478] - PortNumber is---------172.17.68.34
[INFO ][2015-11-27 19:38:59,547][com.java.SeleniumDriver] [  480] - HOST---------http://172.17.68.34:4444
[INFO ][2015-11-27 19:38:59,547][com.java.SeleniumDriver] [  484] - The session url is---------http://172.17.68.34:4444/grid/api/testsession?session=7edd0958-d530-4ee2-8d55-3eab81ba8f75
[INFO ][2015-11-27 19:38:59,613][com.java.SeleniumDriver] [  492] - Node ip address172.17.68.83
[INFO ][2015-11-27 19:38:59,613][com.java.SeleniumDriver] [  248] - IE10is opened
[INFO ][2015-11-27 19:39:01,083][com.java.SeleniumDriver] [  753] - Test cases to be executed are: [1, 2]
[INFO ][2015-11-27 19:39:01,104][com.java.ImportnExport.ImportTestDataDetailsExcel] [   49] - test data details path===== D:\BankersDashboard\TestInputs\TestData.xls
[INFO ][2015-11-27 19:39:01,154][com.java.SeleniumDriver] [  796] - ------------------------------------------
[INFO ][2015-11-27 19:39:01,154][com.java.SeleniumDriver] [  797] - Test case being Executed: 1
[INFO ][2015-11-27 19:39:01,154][com.java.SeleniumDriver] [  808] - Test step:1
[INFO ][2015-11-27 19:39:01,154][com.java.SeleniumDriver] [  820] - Datavalue is----------Concept#1:1-14
[INFO ][2015-11-27 19:39:01,154][com.java.SeleniumDriver] [  844] - DataField : test
[INFO ][2015-11-27 19:39:01,154][com.java.SeleniumDriver] [  846] - DataValue : Concept#1:1-14
[INFO ][2015-11-27 19:39:01,154][com.java.SeleniumDriver] [  852] - <In Set values of the page>
[INFO ][2015-11-27 19:39:01,154][com.java.SeleniumDriver] [  855] - {Data Fields & Data Values Exist}
[INFO ][2015-11-27 19:39:01,154][com.java.SeleniumDriver] [  857] - --------------------------setting values-----------------------------
[INFO ][2015-11-27 19:39:01,154][com.java.SeleniumDriver] [  860] - Action Type : ExecuteTestCase
[INFO ][2015-11-27 19:39:01,194][com.java.TestType] [  432] - The Concept sheet name is ---------- Concept
[INFO ][2015-11-27 19:39:01,194][com.java.TestType] [  435] - The Concept ID  is ---------- 1
[DEBUG][2015-11-27 19:39:01,194][com.java.TestType] [  439] - Steps being executted in the Concept are: 1:14
[INFO ][2015-11-27 19:39:01,194][com.java.TestType] [  446] - Test data details path ---------- D:\BankersDashboard\TestInputs\TestData.xls
[INFO ][2015-11-27 19:39:01,234][com.java.TestType] [  477] -  str(1) = 1
[INFO ][2015-11-27 19:39:01,234][com.java.TestType] [  480] - Test case Id is---1
[INFO ][2015-11-27 19:39:01,234][com.java.TestType] [  482] - 1
[INFO ][2015-11-27 19:39:01,234][com.java.TestType] [  477] -  str(2) = 1
[INFO ][2015-11-27 19:39:01,234][com.java.TestType] [  529] - row values are--------{1=com.java.Objects.TestDataDetails@160e2d0}
[INFO ][2015-11-27 19:39:01,234][com.java.TestType] [  477] -  str(1) = 1
[INFO ][2015-11-27 19:39:01,234][com.java.TestType] [  480] - Test case Id is---1
[INFO ][2015-11-27 19:39:01,234][com.java.TestType] [  482] - 1
[INFO ][2015-11-27 19:39:01,234][com.java.TestType] [  477] -  str(2) = 2
[INFO ][2015-11-27 19:39:01,234][com.java.TestType] [  529] - row values are--------{1=com.java.Objects.TestDataDetails@160e2d0, 2=com.java.Objects.TestDataDetails@1e5848b}
[INFO ][2015-11-27 19:39:01,234][com.java.TestType] [  477] -  str(1) = 1
[INFO ][2015-11-27 19:39:01,234][com.java.TestType] [  480] - Test case Id is---1
[INFO ][2015-11-27 19:39:01,234][com.java.TestType] [  482] - 1
[INFO ][2015-11-27 19:39:01,234][com.java.TestType] [  477] -  str(2) = 3
[INFO ][2015-11-27 19:39:01,234][com.java.TestType] [  529] - row values are--------{1=com.java.Objects.TestDataDetails@160e2d0, 2=com.java.Objects.TestDataDetails@1e5848b, 3=com.java.Objects.TestDataDetails@7e4b7d}
[INFO ][2015-11-27 19:39:01,234][com.java.TestType] [  477] -  str(1) = 1
[INFO ][2015-11-27 19:39:01,234][com.java.TestType] [  480] - Test case Id is---1
[INFO ][2015-11-27 19:39:01,234][com.java.TestType] [  482] - 1
[INFO ][2015-11-27 19:39:01,234][com.java.TestType] [  477] -  str(2) = 4
[INFO ][2015-11-27 19:39:01,244][com.java.TestType] [  529] - row values are--------{1=com.java.Objects.TestDataDetails@160e2d0, 2=com.java.Objects.TestDataDetails@1e5848b, 3=com.java.Objects.TestDataDetails@7e4b7d, 4=com.java.Objects.TestDataDetails@575752}
[INFO ][2015-11-27 19:39:01,244][com.java.TestType] [  477] -  str(1) = 1
[INFO ][2015-11-27 19:39:01,244][com.java.TestType] [  480] - Test case Id is---1
[INFO ][2015-11-27 19:39:01,244][com.java.TestType] [  482] - 1
[INFO ][2015-11-27 19:39:01,244][com.java.TestType] [  477] -  str(2) = 5
[INFO ][2015-11-27 19:39:01,244][com.java.TestType] [  529] - row values are--------{1=com.java.Objects.TestDataDetails@160e2d0, 2=com.java.Objects.TestDataDetails@1e5848b, 3=com.java.Objects.TestDataDetails@7e4b7d, 4=com.java.Objects.TestDataDetails@575752, 5=com.java.Objects.TestDataDetails@6a1023}
[INFO ][2015-11-27 19:39:01,244][com.java.TestType] [  477] -  str(1) = 1
[INFO ][2015-11-27 19:39:01,244][com.java.TestType] [  480] - Test case Id is---1
[INFO ][2015-11-27 19:39:01,244][com.java.TestType] [  482] - 1
[INFO ][2015-11-27 19:39:01,244][com.java.TestType] [  477] -  str(2) = 6
[INFO ][2015-11-27 19:39:01,244][com.java.TestType] [  529] - row values are--------{1=com.java.Objects.TestDataDetails@160e2d0, 2=com.java.Objects.TestDataDetails@1e5848b, 3=com.java.Objects.TestDataDetails@7e4b7d, 4=com.java.Objects.TestDataDetails@575752, 5=com.java.Objects.TestDataDetails@6a1023, 6=com.java.Objects.TestDataDetails@168fd7a}
[INFO ][2015-11-27 19:39:01,244][com.java.TestType] [  477] -  str(1) = 1
[INFO ][2015-11-27 19:39:01,244][com.java.TestType] [  480] - Test case Id is---1
[INFO ][2015-11-27 19:39:01,244][com.java.TestType] [  482] - 1
[INFO ][2015-11-27 19:39:01,244][com.java.TestType] [  477] -  str(2) = 7
[INFO ][2015-11-27 19:39:01,244][com.java.TestType] [  529] - row values are--------{1=com.java.Objects.TestDataDetails@160e2d0, 2=com.java.Objects.TestDataDetails@1e5848b, 3=com.java.Objects.TestDataDetails@7e4b7d, 4=com.java.Objects.TestDataDetails@575752, 5=com.java.Objects.TestDataDetails@6a1023, 6=com.java.Objects.TestDataDetails@168fd7a, 7=com.java.Objects.TestDataDetails@1bb605}
[INFO ][2015-11-27 19:39:01,244][com.java.TestType] [  477] -  str(1) = 1
[INFO ][2015-11-27 19:39:01,244][com.java.TestType] [  480] - Test case Id is---1
[INFO ][2015-11-27 19:39:01,244][com.java.TestType] [  482] - 1
[INFO ][2015-11-27 19:39:01,244][com.java.TestType] [  477] -  str(2) = 8
[INFO ][2015-11-27 19:39:01,244][com.java.TestType] [  529] - row values are--------{1=com.java.Objects.TestDataDetails@160e2d0, 2=com.java.Objects.TestDataDetails@1e5848b, 3=com.java.Objects.TestDataDetails@7e4b7d, 4=com.java.Objects.TestDataDetails@575752, 5=com.java.Objects.TestDataDetails@6a1023, 6=com.java.Objects.TestDataDetails@168fd7a, 7=com.java.Objects.TestDataDetails@1bb605, 8=com.java.Objects.TestDataDetails@5dd92d}
[INFO ][2015-11-27 19:39:01,244][com.java.TestType] [  477] -  str(1) = 1
[INFO ][2015-11-27 19:39:01,244][com.java.TestType] [  480] - Test case Id is---1
[INFO ][2015-11-27 19:39:01,244][com.java.TestType] [  482] - 1
[INFO ][2015-11-27 19:39:01,244][com.java.TestType] [  477] -  str(2) = 9
[INFO ][2015-11-27 19:39:01,244][com.java.TestType] [  529] - row values are--------{1=com.java.Objects.TestDataDetails@160e2d0, 2=com.java.Objects.TestDataDetails@1e5848b, 3=com.java.Objects.TestDataDetails@7e4b7d, 4=com.java.Objects.TestDataDetails@575752, 5=com.java.Objects.TestDataDetails@6a1023, 6=com.java.Objects.TestDataDetails@168fd7a, 7=com.java.Objects.TestDataDetails@1bb605, 8=com.java.Objects.TestDataDetails@5dd92d, 9=com.java.Objects.TestDataDetails@8b2da2}
[INFO ][2015-11-27 19:39:01,244][com.java.TestType] [  477] -  str(1) = 1
[INFO ][2015-11-27 19:39:01,244][com.java.TestType] [  480] - Test case Id is---1
[INFO ][2015-11-27 19:39:01,244][com.java.TestType] [  482] - 1
[INFO ][2015-11-27 19:39:01,244][com.java.TestType] [  477] -  str(2) = 10
[INFO ][2015-11-27 19:39:01,244][com.java.TestType] [  529] - row values are--------{1=com.java.Objects.TestDataDetails@160e2d0, 2=com.java.Objects.TestDataDetails@1e5848b, 3=com.java.Objects.TestDataDetails@7e4b7d, 4=com.java.Objects.TestDataDetails@575752, 5=com.java.Objects.TestDataDetails@6a1023, 6=com.java.Objects.TestDataDetails@168fd7a, 7=com.java.Objects.TestDataDetails@1bb605, 8=com.java.Objects.TestDataDetails@5dd92d, 9=com.java.Objects.TestDataDetails@8b2da2, 10=com.java.Objects.TestDataDetails@74c175}
[INFO ][2015-11-27 19:39:01,244][com.java.TestType] [  477] -  str(1) = 1
[INFO ][2015-11-27 19:39:01,244][com.java.TestType] [  480] - Test case Id is---1
[INFO ][2015-11-27 19:39:01,244][com.java.TestType] [  482] - 1
[INFO ][2015-11-27 19:39:01,244][com.java.TestType] [  477] -  str(2) = 11
[INFO ][2015-11-27 19:39:01,254][com.java.TestType] [  529] - row values are--------{1=com.java.Objects.TestDataDetails@160e2d0, 2=com.java.Objects.TestDataDetails@1e5848b, 3=com.java.Objects.TestDataDetails@7e4b7d, 4=com.java.Objects.TestDataDetails@575752, 5=com.java.Objects.TestDataDetails@6a1023, 6=com.java.Objects.TestDataDetails@168fd7a, 7=com.java.Objects.TestDataDetails@1bb605, 8=com.java.Objects.TestDataDetails@5dd92d, 9=com.java.Objects.TestDataDetails@8b2da2, 10=com.java.Objects.TestDataDetails@74c175, 11=com.java.Objects.TestDataDetails@1a0f0f8}
[INFO ][2015-11-27 19:39:01,254][com.java.TestType] [  477] -  str(1) = 1
[INFO ][2015-11-27 19:39:01,254][com.java.TestType] [  480] - Test case Id is---1
[INFO ][2015-11-27 19:39:01,254][com.java.TestType] [  482] - 1
[INFO ][2015-11-27 19:39:01,254][com.java.TestType] [  477] -  str(2) = 12
[INFO ][2015-11-27 19:39:01,254][com.java.TestType] [  529] - row values are--------{1=com.java.Objects.TestDataDetails@160e2d0, 2=com.java.Objects.TestDataDetails@1e5848b, 3=com.java.Objects.TestDataDetails@7e4b7d, 4=com.java.Objects.TestDataDetails@575752, 5=com.java.Objects.TestDataDetails@6a1023, 6=com.java.Objects.TestDataDetails@168fd7a, 7=com.java.Objects.TestDataDetails@1bb605, 8=com.java.Objects.TestDataDetails@5dd92d, 9=com.java.Objects.TestDataDetails@8b2da2, 10=com.java.Objects.TestDataDetails@74c175, 11=com.java.Objects.TestDataDetails@1a0f0f8, 12=com.java.Objects.TestDataDetails@1afc575}
[INFO ][2015-11-27 19:39:01,254][com.java.TestType] [  477] -  str(1) = 1
[INFO ][2015-11-27 19:39:01,254][com.java.TestType] [  480] - Test case Id is---1
[INFO ][2015-11-27 19:39:01,254][com.java.TestType] [  482] - 1
[INFO ][2015-11-27 19:39:01,254][com.java.TestType] [  477] -  str(2) = 13
[INFO ][2015-11-27 19:39:01,254][com.java.TestType] [  529] - row values are--------{1=com.java.Objects.TestDataDetails@160e2d0, 2=com.java.Objects.TestDataDetails@1e5848b, 3=com.java.Objects.TestDataDetails@7e4b7d, 4=com.java.Objects.TestDataDetails@575752, 5=com.java.Objects.TestDataDetails@6a1023, 6=com.java.Objects.TestDataDetails@168fd7a, 7=com.java.Objects.TestDataDetails@1bb605, 8=com.java.Objects.TestDataDetails@5dd92d, 9=com.java.Objects.TestDataDetails@8b2da2, 10=com.java.Objects.TestDataDetails@74c175, 11=com.java.Objects.TestDataDetails@1a0f0f8, 12=com.java.Objects.TestDataDetails@1afc575, 13=com.java.Objects.TestDataDetails@b5ef94}
[INFO ][2015-11-27 19:39:01,254][com.java.TestType] [  477] -  str(1) = 1
[INFO ][2015-11-27 19:39:01,254][com.java.TestType] [  480] - Test case Id is---1
[INFO ][2015-11-27 19:39:01,254][com.java.TestType] [  482] - 1
[INFO ][2015-11-27 19:39:01,254][com.java.TestType] [  477] -  str(2) = 14
[INFO ][2015-11-27 19:39:01,254][com.java.TestType] [  529] - row values are--------{1=com.java.Objects.TestDataDetails@160e2d0, 2=com.java.Objects.TestDataDetails@1e5848b, 3=com.java.Objects.TestDataDetails@7e4b7d, 4=com.java.Objects.TestDataDetails@575752, 5=com.java.Objects.TestDataDetails@6a1023, 6=com.java.Objects.TestDataDetails@168fd7a, 7=com.java.Objects.TestDataDetails@1bb605, 8=com.java.Objects.TestDataDetails@5dd92d, 9=com.java.Objects.TestDataDetails@8b2da2, 10=com.java.Objects.TestDataDetails@74c175, 11=com.java.Objects.TestDataDetails@1a0f0f8, 12=com.java.Objects.TestDataDetails@1afc575, 13=com.java.Objects.TestDataDetails@b5ef94, 14=com.java.Objects.TestDataDetails@1bb6dee}
[INFO ][2015-11-27 19:39:01,254][com.java.TestType] [ 9266] - Looping 1TCID = 1
[DEBUG][2015-11-27 19:39:01,254][com.java.TestType] [ 9307] - Concept ID:1 :: Step being Executed: 1::1
[INFO ][2015-11-27 19:39:01,254][com.java.TestType] [ 9345] - dataFields : TXTusername
[DEBUG][2015-11-27 19:39:01,254][com.java.TestType] [ 9351] - <In Set values of the page>
[DEBUG][2015-11-27 19:39:01,254][com.java.TestType] [ 9356] - {Data Fields & Data Values Exist}
[INFO ][2015-11-27 19:39:01,254][com.java.TestType] [ 9362] - --------------------------setting values-----------------------------
[INFO ][2015-11-27 19:39:01,254][com.java.TestType] [ 9365] - Action Type : CLEARANDENTER
[INFO ][2015-11-27 19:39:01,254][com.java.TestType] [ 4791] - value = naresh.nayini.00000
[ERROR][2015-11-27 19:39:20,057][com.java.TestType] [ 5644] - Exception in clearAndEnter: null
[DEBUG][2015-11-27 19:39:20,057][com.java.TestType] [ 5648] - For ENTER action type the data field should be TXT
[INFO ][2015-11-27 19:39:20,057][com.java.TestType] [ 9384] -  RESULT false
[INFO ][2015-11-27 19:39:20,057][com.java.TestType] [ 9422] - ?   F A I L   ?
[DEBUG][2015-11-27 19:39:20,057][com.java.TestType] [ 9425] - Browser Type : IE10
[INFO ][2015-11-27 19:39:20,057][com.java.SeleniumDriver] [  869] -  RESULT false
[INFO ][2015-11-27 19:39:20,057][com.java.SeleniumDriver] [  916] - ?   F A I L   ?
[INFO ][2015-11-27 19:39:20,057][com.java.SeleniumDriver] [  924] - Browser Type : IE10
[INFO ][2015-11-27 19:39:20,057][com.java.SeleniumDriver] [  925] - Adding Failed case1
[WARN ][2015-11-27 19:39:20,988][com.java.SeleniumDriver] [  985] - Source 'D:\BankersDashboard\TestReports\112715' exists but is a directory
[INFO ][2015-11-27 19:39:20,988][com.java.SeleniumDriver] [ 1039] - failedCases = 1
[ERROR][2015-11-27 19:39:20,988][com.java.SeleniumDriver] [ 1536] - Platform Errors : Our apologies...::We have encountered an issue with your request.::Our apologies?:We encountered an issue with your request.
[INFO ][2015-11-27 19:39:20,988][com.java.SeleniumDriver] [ 1540] - Length =3
[ERROR][2015-11-27 19:39:20,988][com.java.SeleniumDriver] [ 1543] - Error 0 = Our apologies...
[ERROR][2015-11-27 19:39:21,358][com.java.SeleniumDriver] [ 1557] - Unable to get browser (WARNING: The server did not provide any stacktrace information)
Command duration or timeout: 12 milliseconds
Build info: version: '2.48.2', revision: '41bccdd', time: '2015-10-09 19:59:12'
System info: host: 'FVTIII421F1D', ip: '172.17.68.83', os.name: 'Windows 7', os.arch: 'x86', os.version: '6.1', java.version: '1.7.0_55'
Session ID: 2e6eee6b-80b3-43a3-8722-0c449ba471ea
Driver info: org.openqa.selenium.ie.InternetExplorerDriver
Capabilities [{platform=WINDOWS, javascriptEnabled=true, elementScrollBehavior=0, ignoreZoomSetting=true, enablePersistentHover=true, ie.ensureCleanSession=false, browserName=internet explorer, enableElementCacheCleanup=true, unexpectedAlertBehaviour=dismiss, version=11, pageLoadStrategy=normal, ie.usePerProcessProxy=false, cssSelectorsEnabled=true, ignoreProtectedModeSettings=true, requireWindowFocus=false, initialBrowserUrl=http://localhost:35103/, handlesAlerts=true, ie.forceCreateProcessApi=false, nativeEvents=true, browserAttachTimeout=0, ie.browserCommandLineSwitches=, takesScreenshot=true}]
Command duration or timeout: 370 milliseconds
Build info: version: '2.48.2', revision: '41bccdd', time: '2015-10-09 19:59:12'
System info: host: 'FVTIII438F1D', ip: '172.17.68.34', os.name: 'Windows 7', os.arch: 'x86', os.version: '6.1', java.version: '1.7.0_55'
Session ID: 7edd0958-d530-4ee2-8d55-3eab81ba8f75
Driver info: org.openqa.selenium.remote.RemoteWebDriver
Capabilities [{platform=WINDOWS, javascriptEnabled=true, elementScrollBehavior=0, ignoreZoomSetting=true, enablePersistentHover=true, ie.ensureCleanSession=false, browserName=internet explorer, enableElementCacheCleanup=true, unexpectedAlertBehaviour=dismiss, webdriver.remote.sessionid=7edd0958-d530-4ee2-8d55-3eab81ba8f75, version=11, pageLoadStrategy=normal, ie.usePerProcessProxy=false, cssSelectorsEnabled=true, ignoreProtectedModeSettings=true, requireWindowFocus=false, initialBrowserUrl=http://localhost:35103/, handlesAlerts=true, ie.forceCreateProcessApi=false, nativeEvents=true, browserAttachTimeout=0, ie.browserCommandLineSwitches=, takesScreenshot=true}]
[INFO ][2015-11-27 19:39:21,359][com.java.SeleniumDriver] [ 1559] - FindPlatformErrors exception: Unable to get browser (WARNING: The server did not provide any stacktrace information)
Command duration or timeout: 12 milliseconds
Build info: version: '2.48.2', revision: '41bccdd', time: '2015-10-09 19:59:12'
System info: host: 'FVTIII421F1D', ip: '172.17.68.83', os.name: 'Windows 7', os.arch: 'x86', os.version: '6.1', java.version: '1.7.0_55'
Session ID: 2e6eee6b-80b3-43a3-8722-0c449ba471ea
Driver info: org.openqa.selenium.ie.InternetExplorerDriver
Capabilities [{platform=WINDOWS, javascriptEnabled=true, elementScrollBehavior=0, ignoreZoomSetting=true, enablePersistentHover=true, ie.ensureCleanSession=false, browserName=internet explorer, enableElementCacheCleanup=true, unexpectedAlertBehaviour=dismiss, version=11, pageLoadStrategy=normal, ie.usePerProcessProxy=false, cssSelectorsEnabled=true, ignoreProtectedModeSettings=true, requireWindowFocus=false, initialBrowserUrl=http://localhost:35103/, handlesAlerts=true, ie.forceCreateProcessApi=false, nativeEvents=true, browserAttachTimeout=0, ie.browserCommandLineSwitches=, takesScreenshot=true}]
Command duration or timeout: 370 milliseconds
Build info: version: '2.48.2', revision: '41bccdd', time: '2015-10-09 19:59:12'
System info: host: 'FVTIII438F1D', ip: '172.17.68.34', os.name: 'Windows 7', os.arch: 'x86', os.version: '6.1', java.version: '1.7.0_55'
Session ID: 7edd0958-d530-4ee2-8d55-3eab81ba8f75
Driver info: org.openqa.selenium.remote.RemoteWebDriver
Capabilities [{platform=WINDOWS, javascriptEnabled=true, elementScrollBehavior=0, ignoreZoomSetting=true, enablePersistentHover=true, ie.ensureCleanSession=false, browserName=internet explorer, enableElementCacheCleanup=true, unexpectedAlertBehaviour=dismiss, webdriver.remote.sessionid=7edd0958-d530-4ee2-8d55-3eab81ba8f75, version=11, pageLoadStrategy=normal, ie.usePerProcessProxy=false, cssSelectorsEnabled=true, ignoreProtectedModeSettings=true, requireWindowFocus=false, initialBrowserUrl=http://localhost:35103/, handlesAlerts=true, ie.forceCreateProcessApi=false, nativeEvents=true, browserAttachTimeout=0, ie.browserCommandLineSwitches=, takesScreenshot=true}]
[DEBUG][2015-11-27 19:39:21,359][com.java.SeleniumDriver] [ 1561] - Unable to get the Platform Error list from Hash Map.
[ERROR][2015-11-27 19:39:21,359][com.java.SeleniumDriver] [ 1157] - 
[INFO ][2015-11-27 19:39:21,359][com.java.SeleniumDriver] [  796] - ------------------------------------------
[INFO ][2015-11-27 19:39:21,359][com.java.SeleniumDriver] [  797] - Test case being Executed: 1
[INFO ][2015-11-27 19:39:21,359][com.java.SeleniumDriver] [  808] - Test step:2
[INFO ][2015-11-27 19:39:21,359][com.java.SeleniumDriver] [  820] - Datavalue is----------Concept#2:1-2
[INFO ][2015-11-27 19:39:21,359][com.java.SeleniumDriver] [  844] - DataField : test
[INFO ][2015-11-27 19:39:21,359][com.java.SeleniumDriver] [  846] - DataValue : Concept#2:1-2
[INFO ][2015-11-27 19:39:21,359][com.java.SeleniumDriver] [  852] - <In Set values of the page>
[INFO ][2015-11-27 19:39:21,359][com.java.SeleniumDriver] [  855] - {Data Fields & Data Values Exist}
[INFO ][2015-11-27 19:39:21,359][com.java.SeleniumDriver] [  857] - --------------------------setting values-----------------------------
[INFO ][2015-11-27 19:39:21,359][com.java.SeleniumDriver] [  860] - Action Type : ExecuteTestCase
[INFO ][2015-11-27 19:39:21,359][com.java.TestType] [  432] - The Concept sheet name is ---------- Concept
[INFO ][2015-11-27 19:39:21,359][com.java.TestType] [  435] - The Concept ID  is ---------- 2
[DEBUG][2015-11-27 19:39:21,359][com.java.TestType] [  439] - Steps being executted in the Concept are: 1:2
[INFO ][2015-11-27 19:39:21,359][com.java.TestType] [  446] - Test data details path ---------- D:\BankersDashboard\TestInputs\TestData.xls
[INFO ][2015-11-27 19:39:21,410][com.java.TestType] [  477] -  str(1) = 2
[INFO ][2015-11-27 19:39:21,410][com.java.TestType] [  480] - Test case Id is---2
[INFO ][2015-11-27 19:39:21,410][com.java.TestType] [  482] - 2
[INFO ][2015-11-27 19:39:21,410][com.java.TestType] [  477] -  str(2) = 1
[INFO ][2015-11-27 19:39:21,410][com.java.TestType] [  529] - row values are--------{1=com.java.Objects.TestDataDetails@7a9efe}
[INFO ][2015-11-27 19:39:21,410][com.java.TestType] [  477] -  str(1) = 2
[INFO ][2015-11-27 19:39:21,410][com.java.TestType] [  480] - Test case Id is---2
[INFO ][2015-11-27 19:39:21,410][com.java.TestType] [  482] - 2
[INFO ][2015-11-27 19:39:21,410][com.java.TestType] [  477] -  str(2) = 2
[INFO ][2015-11-27 19:39:21,410][com.java.TestType] [  529] - row values are--------{1=com.java.Objects.TestDataDetails@7a9efe, 2=com.java.Objects.TestDataDetails@1b2e497}
[INFO ][2015-11-27 19:39:21,410][com.java.TestType] [  477] -  str(1) = 2
[INFO ][2015-11-27 19:39:21,410][com.java.TestType] [  480] - Test case Id is---2
[INFO ][2015-11-27 19:39:21,410][com.java.TestType] [  482] - 2
[INFO ][2015-11-27 19:39:21,410][com.java.TestType] [  477] -  str(2) = 3
[INFO ][2015-11-27 19:39:21,410][com.java.TestType] [  529] - row values are--------{1=com.java.Objects.TestDataDetails@7a9efe, 2=com.java.Objects.TestDataDetails@1b2e497, 3=com.java.Objects.TestDataDetails@18a1270}
[INFO ][2015-11-27 19:39:21,410][com.java.TestType] [ 9266] - Looping 1TCID = 2
[DEBUG][2015-11-27 19:39:21,410][com.java.TestType] [ 9307] - Concept ID:2 :: Step being Executed: 2::1
[INFO ][2015-11-27 19:39:21,410][com.java.TestType] [ 9345] - dataFields : BNK//select[@id='bank']
[DEBUG][2015-11-27 19:39:21,410][com.java.TestType] [ 9351] - <In Set values of the page>
[DEBUG][2015-11-27 19:39:21,410][com.java.TestType] [ 9356] - {Data Fields & Data Values Exist}
[INFO ][2015-11-27 19:39:21,410][com.java.TestType] [ 9362] - --------------------------setting values-----------------------------
[INFO ][2015-11-27 19:39:21,410][com.java.TestType] [ 9365] - Action Type : Select
[INFO ][2015-11-27 19:39:21,410][com.java.TestType] [ 4791] - value = PFC
[ERROR][2015-11-27 19:39:21,780][com.java.TestType] [ 5005] - Unable to perform Action Select null
[INFO ][2015-11-27 19:39:21,780][com.java.TestType] [ 9384] -  RESULT false
[INFO ][2015-11-27 19:39:21,780][com.java.TestType] [ 9422] - ?   F A I L   ?
[DEBUG][2015-11-27 19:39:21,780][com.java.TestType] [ 9425] - Browser Type : IE10
[INFO ][2015-11-27 19:39:21,790][com.java.SeleniumDriver] [  869] -  RESULT false
[INFO ][2015-11-27 19:39:21,790][com.java.SeleniumDriver] [  916] - ?   F A I L   ?
[INFO ][2015-11-27 19:39:21,790][com.java.SeleniumDriver] [  924] - Browser Type : IE10
[INFO ][2015-11-27 19:39:21,790][com.java.SeleniumDriver] [  925] - Adding Failed case1
[WARN ][2015-11-27 19:39:21,820][com.java.SeleniumDriver] [  985] - Source 'D:\BankersDashboard\TestReports\112715' exists but is a directory
[INFO ][2015-11-27 19:39:21,820][com.java.SeleniumDriver] [ 1039] - failedCases = 1,1
[ERROR][2015-11-27 19:39:21,820][com.java.SeleniumDriver] [ 1536] - Platform Errors : Our apologies...::We have encountered an issue with your request.::Our apologies?:We encountered an issue with your request.
[INFO ][2015-11-27 19:39:21,820][com.java.SeleniumDriver] [ 1540] - Length =3
[ERROR][2015-11-27 19:39:21,820][com.java.SeleniumDriver] [ 1543] - Error 0 = Our apologies...
[ERROR][2015-11-27 19:39:22,160][com.java.SeleniumDriver] [ 1557] - Unable to get browser (WARNING: The server did not provide any stacktrace information)
Command duration or timeout: 12 milliseconds
Build info: version: '2.48.2', revision: '41bccdd', time: '2015-10-09 19:59:12'
System info: host: 'FVTIII421F1D', ip: '172.17.68.83', os.name: 'Windows 7', os.arch: 'x86', os.version: '6.1', java.version: '1.7.0_55'
Session ID: 2e6eee6b-80b3-43a3-8722-0c449ba471ea
Driver info: org.openqa.selenium.ie.InternetExplorerDriver
Capabilities [{platform=WINDOWS, javascriptEnabled=true, elementScrollBehavior=0, ignoreZoomSetting=true, enablePersistentHover=true, ie.ensureCleanSession=false, browserName=internet explorer, enableElementCacheCleanup=true, unexpectedAlertBehaviour=dismiss, version=11, pageLoadStrategy=normal, ie.usePerProcessProxy=false, cssSelectorsEnabled=true, ignoreProtectedModeSettings=true, requireWindowFocus=false, initialBrowserUrl=http://localhost:35103/, handlesAlerts=true, ie.forceCreateProcessApi=false, nativeEvents=true, browserAttachTimeout=0, ie.browserCommandLineSwitches=, takesScreenshot=true}]
Command duration or timeout: 340 milliseconds
Build info: version: '2.48.2', revision: '41bccdd', time: '2015-10-09 19:59:12'
System info: host: 'FVTIII438F1D', ip: '172.17.68.34', os.name: 'Windows 7', os.arch: 'x86', os.version: '6.1', java.version: '1.7.0_55'
Session ID: 7edd0958-d530-4ee2-8d55-3eab81ba8f75
Driver info: org.openqa.selenium.remote.RemoteWebDriver
Capabilities [{platform=WINDOWS, javascriptEnabled=true, elementScrollBehavior=0, ignoreZoomSetting=true, enablePersistentHover=true, ie.ensureCleanSession=false, browserName=internet explorer, enableElementCacheCleanup=true, unexpectedAlertBehaviour=dismiss, webdriver.remote.sessionid=7edd0958-d530-4ee2-8d55-3eab81ba8f75, version=11, pageLoadStrategy=normal, ie.usePerProcessProxy=false, cssSelectorsEnabled=true, ignoreProtectedModeSettings=true, requireWindowFocus=false, initialBrowserUrl=http://localhost:35103/, handlesAlerts=true, ie.forceCreateProcessApi=false, nativeEvents=true, browserAttachTimeout=0, ie.browserCommandLineSwitches=, takesScreenshot=true}]
[INFO ][2015-11-27 19:39:22,160][com.java.SeleniumDriver] [ 1559] - FindPlatformErrors exception: Unable to get browser (WARNING: The server did not provide any stacktrace information)
Command duration or timeout: 12 milliseconds
Build info: version: '2.48.2', revision: '41bccdd', time: '2015-10-09 19:59:12'
System info: host: 'FVTIII421F1D', ip: '172.17.68.83', os.name: 'Windows 7', os.arch: 'x86', os.version: '6.1', java.version: '1.7.0_55'
Session ID: 2e6eee6b-80b3-43a3-8722-0c449ba471ea
Driver info: org.openqa.selenium.ie.InternetExplorerDriver
Capabilities [{platform=WINDOWS, javascriptEnabled=true, elementScrollBehavior=0, ignoreZoomSetting=true, enablePersistentHover=true, ie.ensureCleanSession=false, browserName=internet explorer, enableElementCacheCleanup=true, unexpectedAlertBehaviour=dismiss, version=11, pageLoadStrategy=normal, ie.usePerProcessProxy=false, cssSelectorsEnabled=true, ignoreProtectedModeSettings=true, requireWindowFocus=false, initialBrowserUrl=http://localhost:35103/, handlesAlerts=true, ie.forceCreateProcessApi=false, nativeEvents=true, browserAttachTimeout=0, ie.browserCommandLineSwitches=, takesScreenshot=true}]
Command duration or timeout: 340 milliseconds
Build info: version: '2.48.2', revision: '41bccdd', time: '2015-10-09 19:59:12'
System info: host: 'FVTIII438F1D', ip: '172.17.68.34', os.name: 'Windows 7', os.arch: 'x86', os.version: '6.1', java.version: '1.7.0_55'
Session ID: 7edd0958-d530-4ee2-8d55-3eab81ba8f75
Driver info: org.openqa.selenium.remote.RemoteWebDriver
Capabilities [{platform=WINDOWS, javascriptEnabled=true, elementScrollBehavior=0, ignoreZoomSetting=true, enablePersistentHover=true, ie.ensureCleanSession=false, browserName=internet explorer, enableElementCacheCleanup=true, unexpectedAlertBehaviour=dismiss, webdriver.remote.sessionid=7edd0958-d530-4ee2-8d55-3eab81ba8f75, version=11, pageLoadStrategy=normal, ie.usePerProcessProxy=false, cssSelectorsEnabled=true, ignoreProtectedModeSettings=true, requireWindowFocus=false, initialBrowserUrl=http://localhost:35103/, handlesAlerts=true, ie.forceCreateProcessApi=false, nativeEvents=true, browserAttachTimeout=0, ie.browserCommandLineSwitches=, takesScreenshot=true}]
[DEBUG][2015-11-27 19:39:22,160][com.java.SeleniumDriver] [ 1561] - Unable to get the Platform Error list from Hash Map.
[ERROR][2015-11-27 19:39:22,160][com.java.SeleniumDriver] [ 1157] - 
[INFO ][2015-11-27 19:39:22,160][com.java.SeleniumDriver] [  796] - ------------------------------------------
[INFO ][2015-11-27 19:39:22,160][com.java.SeleniumDriver] [  797] - Test case being Executed: 1
[INFO ][2015-11-27 19:39:22,160][com.java.SeleniumDriver] [  808] - Test step:3
[INFO ][2015-11-27 19:39:22,160][com.java.SeleniumDriver] [  820] - Datavalue is----------2
[INFO ][2015-11-27 19:39:22,160][com.java.SeleniumDriver] [  844] - DataField : XPH//button[contains(text(),'Add Content')]
[INFO ][2015-11-27 19:39:22,160][com.java.SeleniumDriver] [  846] - DataValue : 2
[INFO ][2015-11-27 19:39:22,160][com.java.SeleniumDriver] [  852] - <In Set values of the page>
[INFO ][2015-11-27 19:39:22,160][com.java.SeleniumDriver] [  855] - {Data Fields & Data Values Exist}
[INFO ][2015-11-27 19:39:22,160][com.java.SeleniumDriver] [  857] - --------------------------setting values-----------------------------
[INFO ][2015-11-27 19:39:22,170][com.java.SeleniumDriver] [  860] - Action Type : WAITFORELEMENT
[DEBUG][2015-11-27 19:39:24,922][com.java.TestType] [ 5700] - //button[contains(text(),'Add Content')]   :: Element not Found
[INFO ][2015-11-27 19:39:24,922][com.java.SeleniumDriver] [  869] -  RESULT false
[INFO ][2015-11-27 19:39:24,922][com.java.SeleniumDriver] [  916] - ?   F A I L   ?
[INFO ][2015-11-27 19:39:24,922][com.java.SeleniumDriver] [  924] - Browser Type : IE10
[INFO ][2015-11-27 19:39:24,922][com.java.SeleniumDriver] [  925] - Adding Failed case1
[WARN ][2015-11-27 19:39:24,973][com.java.SeleniumDriver] [  985] - Source 'D:\BankersDashboard\TestReports\112715' exists but is a directory
[INFO ][2015-11-27 19:39:24,973][com.java.SeleniumDriver] [ 1039] - failedCases = 1,1,1
[ERROR][2015-11-27 19:39:24,973][com.java.SeleniumDriver] [ 1536] - Platform Errors : Our apologies...::We have encountered an issue with your request.::Our apologies?:We encountered an issue with your request.
[INFO ][2015-11-27 19:39:24,973][com.java.SeleniumDriver] [ 1540] - Length =3
[ERROR][2015-11-27 19:39:24,973][com.java.SeleniumDriver] [ 1543] - Error 0 = Our apologies...
[ERROR][2015-11-27 19:39:25,503][com.java.SeleniumDriver] [ 1557] - Unable to get browser (WARNING: The server did not provide any stacktrace information)
Command duration or timeout: 12 milliseconds
Build info: version: '2.48.2', revision: '41bccdd', time: '2015-10-09 19:59:12'
System info: host: 'FVTIII421F1D', ip: '172.17.68.83', os.name: 'Windows 7', os.arch: 'x86', os.version: '6.1', java.version: '1.7.0_55'
Session ID: 2e6eee6b-80b3-43a3-8722-0c449ba471ea
Driver info: org.openqa.selenium.ie.InternetExplorerDriver
Capabilities [{platform=WINDOWS, javascriptEnabled=true, elementScrollBehavior=0, ignoreZoomSetting=true, enablePersistentHover=true, ie.ensureCleanSession=false, browserName=internet explorer, enableElementCacheCleanup=true, unexpectedAlertBehaviour=dismiss, version=11, pageLoadStrategy=normal, ie.usePerProcessProxy=false, cssSelectorsEnabled=true, ignoreProtectedModeSettings=true, requireWindowFocus=false, initialBrowserUrl=http://localhost:35103/, handlesAlerts=true, ie.forceCreateProcessApi=false, nativeEvents=true, browserAttachTimeout=0, ie.browserCommandLineSwitches=, takesScreenshot=true}]
Command duration or timeout: 530 milliseconds
Build info: version: '2.48.2', revision: '41bccdd', time: '2015-10-09 19:59:12'
System info: host: 'FVTIII438F1D', ip: '172.17.68.34', os.name: 'Windows 7', os.arch: 'x86', os.version: '6.1', java.version: '1.7.0_55'
Session ID: 7edd0958-d530-4ee2-8d55-3eab81ba8f75
Driver info: org.openqa.selenium.remote.RemoteWebDriver
Capabilities [{platform=WINDOWS, javascriptEnabled=true, elementScrollBehavior=0, ignoreZoomSetting=true, enablePersistentHover=true, ie.ensureCleanSession=false, browserName=internet explorer, enableElementCacheCleanup=true, unexpectedAlertBehaviour=dismiss, webdriver.remote.sessionid=7edd0958-d530-4ee2-8d55-3eab81ba8f75, version=11, pageLoadStrategy=normal, ie.usePerProcessProxy=false, cssSelectorsEnabled=true, ignoreProtectedModeSettings=true, requireWindowFocus=false, initialBrowserUrl=http://localhost:35103/, handlesAlerts=true, ie.forceCreateProcessApi=false, nativeEvents=true, browserAttachTimeout=0, ie.browserCommandLineSwitches=, takesScreenshot=true}]
[INFO ][2015-11-27 19:39:25,513][com.java.SeleniumDriver] [ 1559] - FindPlatformErrors exception: Unable to get browser (WARNING: The server did not provide any stacktrace information)
Command duration or timeout: 12 milliseconds
Build info: version: '2.48.2', revision: '41bccdd', time: '2015-10-09 19:59:12'
System info: host: 'FVTIII421F1D', ip: '172.17.68.83', os.name: 'Windows 7', os.arch: 'x86', os.version: '6.1', java.version: '1.7.0_55'
Session ID: 2e6eee6b-80b3-43a3-8722-0c449ba471ea
Driver info: org.openqa.selenium.ie.InternetExplorerDriver
Capabilities [{platform=WINDOWS, javascriptEnabled=true, elementScrollBehavior=0, ignoreZoomSetting=true, enablePersistentHover=true, ie.ensureCleanSession=false, browserName=internet explorer, enableElementCacheCleanup=true, unexpectedAlertBehaviour=dismiss, version=11, pageLoadStrategy=normal, ie.usePerProcessProxy=false, cssSelectorsEnabled=true, ignoreProtectedModeSettings=true, requireWindowFocus=false, initialBrowserUrl=http://localhost:35103/, handlesAlerts=true, ie.forceCreateProcessApi=false, nativeEvents=true, browserAttachTimeout=0, ie.browserCommandLineSwitches=, takesScreenshot=true}]
Command duration or timeout: 530 milliseconds
Build info: version: '2.48.2', revision: '41bccdd', time: '2015-10-09 19:59:12'
System info: host: 'FVTIII438F1D', ip: '172.17.68.34', os.name: 'Windows 7', os.arch: 'x86', os.version: '6.1', java.version: '1.7.0_55'
Session ID: 7edd0958-d530-4ee2-8d55-3eab81ba8f75
Driver info: org.openqa.selenium.remote.RemoteWebDriver
Capabilities [{platform=WINDOWS, javascriptEnabled=true, elementScrollBehavior=0, ignoreZoomSetting=true, enablePersistentHover=true, ie.ensureCleanSession=false, browserName=internet explorer, enableElementCacheCleanup=true, unexpectedAlertBehaviour=dismiss, webdriver.remote.sessionid=7edd0958-d530-4ee2-8d55-3eab81ba8f75, version=11, pageLoadStrategy=normal, ie.usePerProcessProxy=false, cssSelectorsEnabled=true, ignoreProtectedModeSettings=true, requireWindowFocus=false, initialBrowserUrl=http://localhost:35103/, handlesAlerts=true, ie.forceCreateProcessApi=false, nativeEvents=true, browserAttachTimeout=0, ie.browserCommandLineSwitches=, takesScreenshot=true}]
[DEBUG][2015-11-27 19:39:25,513][com.java.SeleniumDriver] [ 1561] - Unable to get the Platform Error list from Hash Map.
[ERROR][2015-11-27 19:39:25,513][com.java.SeleniumDriver] [ 1157] - 
[DEBUG][2015-11-27 19:39:25,513][com.java.SeleniumDriver] [ 1187] - Case found
[DEBUG][2015-11-27 19:39:25,513][com.java.SeleniumDriver] [ 1192] - Incrementing ReportCounters[0]:1
[INFO ][2015-11-27 19:39:25,513][com.java.SeleniumDriver] [ 1211] - The results are-------------------[1, 1, Valid Login, Fail, 
Test case failed at Step No. :: 1   Error Message ::  In CONCEPT: Test case failed at Step No. :: 1   Error Message ::  For ENTER action type the data field should be TXTException. Screen Shot : D:\BankersDashboard\TestReports\112715\1_112715_193920_IE10.png, Fri Nov 27 19:39:21 IST 2015]
[INFO ][2015-11-27 19:39:25,513][com.java.SeleniumDriver] [ 1215] - End time is-------38 sec
[INFO ][2015-11-27 19:39:25,513][com.java.SeleniumDriver] [ 1216] - The results are-------------------[1, 1, Valid Login, Fail, 
Test case failed at Step No. :: 1   Error Message ::  In CONCEPT: Test case failed at Step No. :: 1   Error Message ::  For ENTER action type the data field should be TXTException. Screen Shot : D:\BankersDashboard\TestReports\112715\1_112715_193920_IE10.png, Fri Nov 27 19:39:21 IST 2015]
[DEBUG][2015-11-27 19:39:25,513][com.java.ImportnExport.ExportTestResultsExcel] [  222] - testResultPath = D:\BankersDashboard/TestReports/Test Results_BankersDashBoard_112715_193849_IE10_Any Bank USA.xls
[DEBUG][2015-11-27 19:39:25,513][com.java.ImportnExport.ExportTestResultsExcel] [  223] - browser is------------IE10
[DEBUG][2015-11-27 19:39:25,564][com.java.ImportnExport.ExportTestResultsExcel] [  270] - result.size() = 6
[DEBUG][2015-11-27 19:39:25,564][com.java.ImportnExport.ExportTestResultsExcel] [  274] - No of rows in sheet=1
[DEBUG][2015-11-27 19:39:25,564][com.java.ImportnExport.ExportTestResultsExcel] [  301] - ..in export..1
[DEBUG][2015-11-27 19:39:25,564][com.java.ImportnExport.ExportTestResultsExcel] [  301] - ..in export..Valid Login
[DEBUG][2015-11-27 19:39:25,564][com.java.ImportnExport.ExportTestResultsExcel] [  301] - ..in export..Fail
[DEBUG][2015-11-27 19:39:25,564][com.java.ImportnExport.ExportTestResultsExcel] [  301] - ..in export..
Test case failed at Step No. :: 1   Error Message ::  In CONCEPT: Test case failed at Step No. :: 1   Error Message ::  For ENTER action type the data field should be TXTException. Screen Shot : D:\BankersDashboard\TestReports\112715\1_112715_193920_IE10.png
[DEBUG][2015-11-27 19:39:25,564][com.java.ImportnExport.ExportTestResultsExcel] [  301] - ..in export..Fri Nov 27 19:39:21 IST 2015
[INFO ][2015-11-27 19:39:25,564][com.java.SeleniumDriver] [ 1274] - out loop:0 size:2 TestCases:[1, 2] testcases:[1, 2]
[INFO ][2015-11-27 19:39:25,564][com.java.ImportnExport.ImportTestDataDetailsExcel] [   49] - test data details path===== D:\BankersDashboard\TestInputs\TestData.xls
[INFO ][2015-11-27 19:39:26,164][com.java.SeleniumDriver] [  796] - ------------------------------------------
[INFO ][2015-11-27 19:39:26,164][com.java.SeleniumDriver] [  797] - Test case being Executed: 2
[INFO ][2015-11-27 19:39:26,164][com.java.SeleniumDriver] [  808] - Test step:1
[INFO ][2015-11-27 19:39:26,164][com.java.SeleniumDriver] [  820] - Datavalue is----------Logout
[INFO ][2015-11-27 19:39:26,164][com.java.SeleniumDriver] [  844] - DataField : BTN
[INFO ][2015-11-27 19:39:26,164][com.java.SeleniumDriver] [  846] - DataValue : Logout
[INFO ][2015-11-27 19:39:26,164][com.java.SeleniumDriver] [  852] - <In Set values of the page>
[INFO ][2015-11-27 19:39:26,164][com.java.SeleniumDriver] [  855] - {Data Fields & Data Values Exist}
[INFO ][2015-11-27 19:39:26,164][com.java.SeleniumDriver] [  857] - --------------------------setting values-----------------------------
[INFO ][2015-11-27 19:39:26,164][com.java.SeleniumDriver] [  860] - Action Type : Verify
[INFO ][2015-11-27 19:39:26,164][com.java.TestType] [ 5976] - field= BTN value= Logout
[INFO ][2015-11-27 19:39:26,164][com.java.TestType] [ 4791] - value = Logout
[DEBUG][2015-11-27 19:39:29,257][com.java.TestType] [ 5700] - Logout   :: Element not Found
[ERROR][2015-11-27 19:39:29,800][com.java.TestType] [ 6686] - Assertion Error: 
[INFO ][2015-11-27 19:39:29,800][com.java.SeleniumDriver] [  869] -  RESULT false
[INFO ][2015-11-27 19:39:29,800][com.java.SeleniumDriver] [  916] - ?   F A I L   ?
[INFO ][2015-11-27 19:39:29,800][com.java.SeleniumDriver] [  924] - Browser Type : IE10
[INFO ][2015-11-27 19:39:29,800][com.java.SeleniumDriver] [  925] - Adding Failed case2
[WARN ][2015-11-27 19:39:29,840][com.java.SeleniumDriver] [  985] - Source 'D:\BankersDashboard\TestReports\112715' exists but is a directory
[DEBUG][2015-11-27 19:39:29,840][com.java.SeleniumDriver] [  993] -  tdd.getCondition() IF:3:Next
[INFO ][2015-11-27 19:39:29,840][com.java.SeleniumDriver] [  997] - Continue next step...
[INFO ][2015-11-27 19:39:29,840][com.java.SeleniumDriver] [  796] - ------------------------------------------
[INFO ][2015-11-27 19:39:29,840][com.java.SeleniumDriver] [  797] - Test case being Executed: 2
[INFO ][2015-11-27 19:39:29,840][com.java.SeleniumDriver] [  808] - Test step:2
[INFO ][2015-11-27 19:39:29,840][com.java.SeleniumDriver] [  820] - Datavalue is----------Concept#1:1-14
[INFO ][2015-11-27 19:39:29,840][com.java.SeleniumDriver] [  844] - DataField : test
[INFO ][2015-11-27 19:39:29,840][com.java.SeleniumDriver] [  846] - DataValue : Concept#1:1-14
[INFO ][2015-11-27 19:39:29,840][com.java.SeleniumDriver] [  852] - <In Set values of the page>
[INFO ][2015-11-27 19:39:29,840][com.java.SeleniumDriver] [  855] - {Data Fields & Data Values Exist}
[INFO ][2015-11-27 19:39:29,840][com.java.SeleniumDriver] [  857] - --------------------------setting values-----------------------------
[INFO ][2015-11-27 19:39:29,840][com.java.SeleniumDriver] [  860] - Action Type : ExecuteTestCase
[INFO ][2015-11-27 19:39:29,840][com.java.TestType] [  432] - The Concept sheet name is ---------- Concept
[INFO ][2015-11-27 19:39:29,840][com.java.TestType] [  435] - The Concept ID  is ---------- 1
[DEBUG][2015-11-27 19:39:29,850][com.java.TestType] [  439] - Steps being executted in the Concept are: 1:14
[INFO ][2015-11-27 19:39:29,850][com.java.TestType] [  446] - Test data details path ---------- D:\BankersDashboard\TestInputs\TestData.xls
[INFO ][2015-11-27 19:39:29,880][com.java.TestType] [  477] -  str(1) = 1
[INFO ][2015-11-27 19:39:29,880][com.java.TestType] [  480] - Test case Id is---1
[INFO ][2015-11-27 19:39:29,880][com.java.TestType] [  482] - 1
[INFO ][2015-11-27 19:39:29,880][com.java.TestType] [  477] -  str(2) = 1
[INFO ][2015-11-27 19:39:29,880][com.java.TestType] [  529] - row values are--------{1=com.java.Objects.TestDataDetails@1335ce4}
[INFO ][2015-11-27 19:39:29,880][com.java.TestType] [  477] -  str(1) = 1
[INFO ][2015-11-27 19:39:29,880][com.java.TestType] [  480] - Test case Id is---1
[INFO ][2015-11-27 19:39:29,880][com.java.TestType] [  482] - 1
[INFO ][2015-11-27 19:39:29,880][com.java.TestType] [  477] -  str(2) = 2
[INFO ][2015-11-27 19:39:29,880][com.java.TestType] [  529] - row values are--------{1=com.java.Objects.TestDataDetails@1335ce4, 2=com.java.Objects.TestDataDetails@1d7bd99}
[INFO ][2015-11-27 19:39:29,880][com.java.TestType] [  477] -  str(1) = 1
[INFO ][2015-11-27 19:39:29,880][com.java.TestType] [  480] - Test case Id is---1
[INFO ][2015-11-27 19:39:29,880][com.java.TestType] [  482] - 1
[INFO ][2015-11-27 19:39:29,880][com.java.TestType] [  477] -  str(2) = 3
[INFO ][2015-11-27 19:39:29,880][com.java.TestType] [  529] - row values are--------{1=com.java.Objects.TestDataDetails@1335ce4, 2=com.java.Objects.TestDataDetails@1d7bd99, 3=com.java.Objects.TestDataDetails@181fd01}
[INFO ][2015-11-27 19:39:29,880][com.java.TestType] [  477] -  str(1) = 1
[INFO ][2015-11-27 19:39:29,880][com.java.TestType] [  480] - Test case Id is---1
[INFO ][2015-11-27 19:39:29,880][com.java.TestType] [  482] - 1
[INFO ][2015-11-27 19:39:29,880][com.java.TestType] [  477] -  str(2) = 4
[INFO ][2015-11-27 19:39:29,880][com.java.TestType] [  529] - row values are--------{1=com.java.Objects.TestDataDetails@1335ce4, 2=com.java.Objects.TestDataDetails@1d7bd99, 3=com.java.Objects.TestDataDetails@181fd01, 4=com.java.Objects.TestDataDetails@1b07d23}
[INFO ][2015-11-27 19:39:29,880][com.java.TestType] [  477] -  str(1) = 1
[INFO ][2015-11-27 19:39:29,880][com.java.TestType] [  480] - Test case Id is---1
[INFO ][2015-11-27 19:39:29,880][com.java.TestType] [  482] - 1
[INFO ][2015-11-27 19:39:29,880][com.java.TestType] [  477] -  str(2) = 5
[INFO ][2015-11-27 19:39:29,880][com.java.TestType] [  529] - row values are--------{1=com.java.Objects.TestDataDetails@1335ce4, 2=com.java.Objects.TestDataDetails@1d7bd99, 3=com.java.Objects.TestDataDetails@181fd01, 4=com.java.Objects.TestDataDetails@1b07d23, 5=com.java.Objects.TestDataDetails@1b4ba80}
[INFO ][2015-11-27 19:39:29,880][com.java.TestType] [  477] -  str(1) = 1
[INFO ][2015-11-27 19:39:29,880][com.java.TestType] [  480] - Test case Id is---1
[INFO ][2015-11-27 19:39:29,880][com.java.TestType] [  482] - 1
[INFO ][2015-11-27 19:39:29,880][com.java.TestType] [  477] -  str(2) = 6
[INFO ][2015-11-27 19:39:29,880][com.java.TestType] [  529] - row values are--------{1=com.java.Objects.TestDataDetails@1335ce4, 2=com.java.Objects.TestDataDetails@1d7bd99, 3=com.java.Objects.TestDataDetails@181fd01, 4=com.java.Objects.TestDataDetails@1b07d23, 5=com.java.Objects.TestDataDetails@1b4ba80, 6=com.java.Objects.TestDataDetails@a70a98}
[INFO ][2015-11-27 19:39:29,880][com.java.TestType] [  477] -  str(1) = 1
[INFO ][2015-11-27 19:39:29,880][com.java.TestType] [  480] - Test case Id is---1
[INFO ][2015-11-27 19:39:29,880][com.java.TestType] [  482] - 1
[INFO ][2015-11-27 19:39:29,880][com.java.TestType] [  477] -  str(2) = 7
[INFO ][2015-11-27 19:39:29,880][com.java.TestType] [  529] - row values are--------{1=com.java.Objects.TestDataDetails@1335ce4, 2=com.java.Objects.TestDataDetails@1d7bd99, 3=com.java.Objects.TestDataDetails@181fd01, 4=com.java.Objects.TestDataDetails@1b07d23, 5=com.java.Objects.TestDataDetails@1b4ba80, 6=com.java.Objects.TestDataDetails@a70a98, 7=com.java.Objects.TestDataDetails@1502e07}
[INFO ][2015-11-27 19:39:29,880][com.java.TestType] [  477] -  str(1) = 1
[INFO ][2015-11-27 19:39:29,880][com.java.TestType] [  480] - Test case Id is---1
[INFO ][2015-11-27 19:39:29,880][com.java.TestType] [  482] - 1
[INFO ][2015-11-27 19:39:29,880][com.java.TestType] [  477] -  str(2) = 8
[INFO ][2015-11-27 19:39:29,880][com.java.TestType] [  529] - row values are--------{1=com.java.Objects.TestDataDetails@1335ce4, 2=com.java.Objects.TestDataDetails@1d7bd99, 3=com.java.Objects.TestDataDetails@181fd01, 4=com.java.Objects.TestDataDetails@1b07d23, 5=com.java.Objects.TestDataDetails@1b4ba80, 6=com.java.Objects.TestDataDetails@a70a98, 7=com.java.Objects.TestDataDetails@1502e07, 8=com.java.Objects.TestDataDetails@10babe8}
[INFO ][2015-11-27 19:39:29,880][com.java.TestType] [  477] -  str(1) = 1
[INFO ][2015-11-27 19:39:29,880][com.java.TestType] [  480] - Test case Id is---1
[INFO ][2015-11-27 19:39:29,880][com.java.TestType] [  482] - 1
[INFO ][2015-11-27 19:39:29,880][com.java.TestType] [  477] -  str(2) = 9
[INFO ][2015-11-27 19:39:29,880][com.java.TestType] [  529] - row values are--------{1=com.java.Objects.TestDataDetails@1335ce4, 2=com.java.Objects.TestDataDetails@1d7bd99, 3=com.java.Objects.TestDataDetails@181fd01, 4=com.java.Objects.TestDataDetails@1b07d23, 5=com.java.Objects.TestDataDetails@1b4ba80, 6=com.java.Objects.TestDataDetails@a70a98, 7=com.java.Objects.TestDataDetails@1502e07, 8=com.java.Objects.TestDataDetails@10babe8, 9=com.java.Objects.TestDataDetails@1425d34}
[INFO ][2015-11-27 19:39:29,880][com.java.TestType] [  477] -  str(1) = 1
[INFO ][2015-11-27 19:39:29,880][com.java.TestType] [  480] - Test case Id is---1
[INFO ][2015-11-27 19:39:29,880][com.java.TestType] [  482] - 1
[INFO ][2015-11-27 19:39:29,890][com.java.TestType] [  477] -  str(2) = 10
[INFO ][2015-11-27 19:39:29,890][com.java.TestType] [  529] - row values are--------{1=com.java.Objects.TestDataDetails@1335ce4, 2=com.java.Objects.TestDataDetails@1d7bd99, 3=com.java.Objects.TestDataDetails@181fd01, 4=com.java.Objects.TestDataDetails@1b07d23, 5=com.java.Objects.TestDataDetails@1b4ba80, 6=com.java.Objects.TestDataDetails@a70a98, 7=com.java.Objects.TestDataDetails@1502e07, 8=com.java.Objects.TestDataDetails@10babe8, 9=com.java.Objects.TestDataDetails@1425d34, 10=com.java.Objects.TestDataDetails@1384051}
[INFO ][2015-11-27 19:39:29,890][com.java.TestType] [  477] -  str(1) = 1
[INFO ][2015-11-27 19:39:29,890][com.java.TestType] [  480] - Test case Id is---1
[INFO ][2015-11-27 19:39:29,890][com.java.TestType] [  482] - 1
[INFO ][2015-11-27 19:39:29,890][com.java.TestType] [  477] -  str(2) = 11
[INFO ][2015-11-27 19:39:29,890][com.java.TestType] [  529] - row values are--------{1=com.java.Objects.TestDataDetails@1335ce4, 2=com.java.Objects.TestDataDetails@1d7bd99, 3=com.java.Objects.TestDataDetails@181fd01, 4=com.java.Objects.TestDataDetails@1b07d23, 5=com.java.Objects.TestDataDetails@1b4ba80, 6=com.java.Objects.TestDataDetails@a70a98, 7=com.java.Objects.TestDataDetails@1502e07, 8=com.java.Objects.TestDataDetails@10babe8, 9=com.java.Objects.TestDataDetails@1425d34, 10=com.java.Objects.TestDataDetails@1384051, 11=com.java.Objects.TestDataDetails@1ab66fa}
[INFO ][2015-11-27 19:39:29,890][com.java.TestType] [  477] -  str(1) = 1
[INFO ][2015-11-27 19:39:29,890][com.java.TestType] [  480] - Test case Id is---1
[INFO ][2015-11-27 19:39:29,890][com.java.TestType] [  482] - 1
[INFO ][2015-11-27 19:39:29,890][com.java.TestType] [  477] -  str(2) = 12
[INFO ][2015-11-27 19:39:29,890][com.java.TestType] [  529] - row values are--------{1=com.java.Objects.TestDataDetails@1335ce4, 2=com.java.Objects.TestDataDetails@1d7bd99, 3=com.java.Objects.TestDataDetails@181fd01, 4=com.java.Objects.TestDataDetails@1b07d23, 5=com.java.Objects.TestDataDetails@1b4ba80, 6=com.java.Objects.TestDataDetails@a70a98, 7=com.java.Objects.TestDataDetails@1502e07, 8=com.java.Objects.TestDataDetails@10babe8, 9=com.java.Objects.TestDataDetails@1425d34, 10=com.java.Objects.TestDataDetails@1384051, 11=com.java.Objects.TestDataDetails@1ab66fa, 12=com.java.Objects.TestDataDetails@24f5ad}
[INFO ][2015-11-27 19:39:29,890][com.java.TestType] [  477] -  str(1) = 1
[INFO ][2015-11-27 19:39:29,890][com.java.TestType] [  480] - Test case Id is---1
[INFO ][2015-11-27 19:39:29,890][com.java.TestType] [  482] - 1
[INFO ][2015-11-27 19:39:29,890][com.java.TestType] [  477] -  str(2) = 13
[INFO ][2015-11-27 19:39:29,890][com.java.TestType] [  529] - row values are--------{1=com.java.Objects.TestDataDetails@1335ce4, 2=com.java.Objects.TestDataDetails@1d7bd99, 3=com.java.Objects.TestDataDetails@181fd01, 4=com.java.Objects.TestDataDetails@1b07d23, 5=com.java.Objects.TestDataDetails@1b4ba80, 6=com.java.Objects.TestDataDetails@a70a98, 7=com.java.Objects.TestDataDetails@1502e07, 8=com.java.Objects.TestDataDetails@10babe8, 9=com.java.Objects.TestDataDetails@1425d34, 10=com.java.Objects.TestDataDetails@1384051, 11=com.java.Objects.TestDataDetails@1ab66fa, 12=com.java.Objects.TestDataDetails@24f5ad, 13=com.java.Objects.TestDataDetails@1beaad9}
[INFO ][2015-11-27 19:39:29,890][com.java.TestType] [  477] -  str(1) = 1
[INFO ][2015-11-27 19:39:29,890][com.java.TestType] [  480] - Test case Id is---1
[INFO ][2015-11-27 19:39:29,890][com.java.TestType] [  482] - 1
[INFO ][2015-11-27 19:39:29,890][com.java.TestType] [  477] -  str(2) = 14
[INFO ][2015-11-27 19:39:29,890][com.java.TestType] [  529] - row values are--------{1=com.java.Objects.TestDataDetails@1335ce4, 2=com.java.Objects.TestDataDetails@1d7bd99, 3=com.java.Objects.TestDataDetails@181fd01, 4=com.java.Objects.TestDataDetails@1b07d23, 5=com.java.Objects.TestDataDetails@1b4ba80, 6=com.java.Objects.TestDataDetails@a70a98, 7=com.java.Objects.TestDataDetails@1502e07, 8=com.java.Objects.TestDataDetails@10babe8, 9=com.java.Objects.TestDataDetails@1425d34, 10=com.java.Objects.TestDataDetails@1384051, 11=com.java.Objects.TestDataDetails@1ab66fa, 12=com.java.Objects.TestDataDetails@24f5ad, 13=com.java.Objects.TestDataDetails@1beaad9, 14=com.java.Objects.TestDataDetails@1ed7e37}
[INFO ][2015-11-27 19:39:29,890][com.java.TestType] [ 9266] - Looping 1TCID = 1
[DEBUG][2015-11-27 19:39:29,890][com.java.TestType] [ 9307] - Concept ID:1 :: Step being Executed: 1::1
[INFO ][2015-11-27 19:39:29,890][com.java.TestType] [ 9345] - dataFields : TXTusername
[DEBUG][2015-11-27 19:39:29,890][com.java.TestType] [ 9351] - <In Set values of the page>
[DEBUG][2015-11-27 19:39:29,890][com.java.TestType] [ 9356] - {Data Fields & Data Values Exist}
[INFO ][2015-11-27 19:39:29,890][com.java.TestType] [ 9362] - --------------------------setting values-----------------------------
[INFO ][2015-11-27 19:39:29,890][com.java.TestType] [ 9365] - Action Type : CLEARANDENTER
[INFO ][2015-11-27 19:39:29,890][com.java.TestType] [ 4791] - value = naresh.nayini.00000
[ERROR][2015-11-27 19:39:30,420][com.java.TestType] [ 5644] - Exception in clearAndEnter: null
[DEBUG][2015-11-27 19:39:30,430][com.java.TestType] [ 5648] - For ENTER action type the data field should be TXT
[INFO ][2015-11-27 19:39:30,430][com.java.TestType] [ 9384] -  RESULT false
[INFO ][2015-11-27 19:39:30,430][com.java.TestType] [ 9422] - ?   F A I L   ?
[DEBUG][2015-11-27 19:39:30,430][com.java.TestType] [ 9425] - Browser Type : IE10
[INFO ][2015-11-27 19:39:30,430][com.java.SeleniumDriver] [  869] -  RESULT false
[INFO ][2015-11-27 19:39:30,430][com.java.SeleniumDriver] [  916] - ?   F A I L   ?
[INFO ][2015-11-27 19:39:30,430][com.java.SeleniumDriver] [  924] - Browser Type : IE10
[INFO ][2015-11-27 19:39:30,430][com.java.SeleniumDriver] [  925] - Adding Failed case2
[WARN ][2015-11-27 19:39:30,471][com.java.SeleniumDriver] [  985] - Source 'D:\BankersDashboard\TestReports\112715' exists but is a directory
[INFO ][2015-11-27 19:39:30,471][com.java.SeleniumDriver] [ 1039] - failedCases = 1,1,1-2
[ERROR][2015-11-27 19:39:30,471][com.java.SeleniumDriver] [ 1536] - Platform Errors : Our apologies...::We have encountered an issue with your request.::Our apologies?:We encountered an issue with your request.
[INFO ][2015-11-27 19:39:30,471][com.java.SeleniumDriver] [ 1540] - Length =3
[ERROR][2015-11-27 19:39:30,471][com.java.SeleniumDriver] [ 1543] - Error 0 = Our apologies...
[ERROR][2015-11-27 19:39:31,011][com.java.SeleniumDriver] [ 1557] - Unable to get browser (WARNING: The server did not provide any stacktrace information)
Command duration or timeout: 13 milliseconds
Build info: version: '2.48.2', revision: '41bccdd', time: '2015-10-09 19:59:12'
System info: host: 'FVTIII421F1D', ip: '172.17.68.83', os.name: 'Windows 7', os.arch: 'x86', os.version: '6.1', java.version: '1.7.0_55'
Session ID: 2e6eee6b-80b3-43a3-8722-0c449ba471ea
Driver info: org.openqa.selenium.ie.InternetExplorerDriver
Capabilities [{platform=WINDOWS, javascriptEnabled=true, elementScrollBehavior=0, ignoreZoomSetting=true, enablePersistentHover=true, ie.ensureCleanSession=false, browserName=internet explorer, enableElementCacheCleanup=true, unexpectedAlertBehaviour=dismiss, version=11, pageLoadStrategy=normal, ie.usePerProcessProxy=false, cssSelectorsEnabled=true, ignoreProtectedModeSettings=true, requireWindowFocus=false, initialBrowserUrl=http://localhost:35103/, handlesAlerts=true, ie.forceCreateProcessApi=false, nativeEvents=true, browserAttachTimeout=0, ie.browserCommandLineSwitches=, takesScreenshot=true}]
Command duration or timeout: 530 milliseconds
Build info: version: '2.48.2', revision: '41bccdd', time: '2015-10-09 19:59:12'
System info: host: 'FVTIII438F1D', ip: '172.17.68.34', os.name: 'Windows 7', os.arch: 'x86', os.version: '6.1', java.version: '1.7.0_55'
Session ID: 7edd0958-d530-4ee2-8d55-3eab81ba8f75
Driver info: org.openqa.selenium.remote.RemoteWebDriver
Capabilities [{platform=WINDOWS, javascriptEnabled=true, elementScrollBehavior=0, ignoreZoomSetting=true, enablePersistentHover=true, ie.ensureCleanSession=false, browserName=internet explorer, enableElementCacheCleanup=true, unexpectedAlertBehaviour=dismiss, webdriver.remote.sessionid=7edd0958-d530-4ee2-8d55-3eab81ba8f75, version=11, pageLoadStrategy=normal, ie.usePerProcessProxy=false, cssSelectorsEnabled=true, ignoreProtectedModeSettings=true, requireWindowFocus=false, initialBrowserUrl=http://localhost:35103/, handlesAlerts=true, ie.forceCreateProcessApi=false, nativeEvents=true, browserAttachTimeout=0, ie.browserCommandLineSwitches=, takesScreenshot=true}]
[INFO ][2015-11-27 19:39:31,011][com.java.SeleniumDriver] [ 1559] - FindPlatformErrors exception: Unable to get browser (WARNING: The server did not provide any stacktrace information)
Command duration or timeout: 13 milliseconds
Build info: version: '2.48.2', revision: '41bccdd', time: '2015-10-09 19:59:12'
System info: host: 'FVTIII421F1D', ip: '172.17.68.83', os.name: 'Windows 7', os.arch: 'x86', os.version: '6.1', java.version: '1.7.0_55'
Session ID: 2e6eee6b-80b3-43a3-8722-0c449ba471ea
Driver info: org.openqa.selenium.ie.InternetExplorerDriver
Capabilities [{platform=WINDOWS, javascriptEnabled=true, elementScrollBehavior=0, ignoreZoomSetting=true, enablePersistentHover=true, ie.ensureCleanSession=false, browserName=internet explorer, enableElementCacheCleanup=true, unexpectedAlertBehaviour=dismiss, version=11, pageLoadStrategy=normal, ie.usePerProcessProxy=false, cssSelectorsEnabled=true, ignoreProtectedModeSettings=true, requireWindowFocus=false, initialBrowserUrl=http://localhost:35103/, handlesAlerts=true, ie.forceCreateProcessApi=false, nativeEvents=true, browserAttachTimeout=0, ie.browserCommandLineSwitches=, takesScreenshot=true}]
Command duration or timeout: 530 milliseconds
Build info: version: '2.48.2', revision: '41bccdd', time: '2015-10-09 19:59:12'
System info: host: 'FVTIII438F1D', ip: '172.17.68.34', os.name: 'Windows 7', os.arch: 'x86', os.version: '6.1', java.version: '1.7.0_55'
Session ID: 7edd0958-d530-4ee2-8d55-3eab81ba8f75
Driver info: org.openqa.selenium.remote.RemoteWebDriver
Capabilities [{platform=WINDOWS, javascriptEnabled=true, elementScrollBehavior=0, ignoreZoomSetting=true, enablePersistentHover=true, ie.ensureCleanSession=false, browserName=internet explorer, enableElementCacheCleanup=true, unexpectedAlertBehaviour=dismiss, webdriver.remote.sessionid=7edd0958-d530-4ee2-8d55-3eab81ba8f75, version=11, pageLoadStrategy=normal, ie.usePerProcessProxy=false, cssSelectorsEnabled=true, ignoreProtectedModeSettings=true, requireWindowFocus=false, initialBrowserUrl=http://localhost:35103/, handlesAlerts=true, ie.forceCreateProcessApi=false, nativeEvents=true, browserAttachTimeout=0, ie.browserCommandLineSwitches=, takesScreenshot=true}]
[DEBUG][2015-11-27 19:39:31,011][com.java.SeleniumDriver] [ 1561] - Unable to get the Platform Error list from Hash Map.
[ERROR][2015-11-27 19:39:31,011][com.java.SeleniumDriver] [ 1157] - 
[INFO ][2015-11-27 19:39:31,011][com.java.SeleniumDriver] [  796] - ------------------------------------------
[INFO ][2015-11-27 19:39:31,011][com.java.SeleniumDriver] [  797] - Test case being Executed: 2
[INFO ][2015-11-27 19:39:31,011][com.java.SeleniumDriver] [  808] - Test step:3
[INFO ][2015-11-27 19:39:31,011][com.java.SeleniumDriver] [  820] - Datavalue is----------Concept#2:1-2
[INFO ][2015-11-27 19:39:31,011][com.java.SeleniumDriver] [  844] - DataField : test
[INFO ][2015-11-27 19:39:31,011][com.java.SeleniumDriver] [  846] - DataValue : Concept#2:1-2
[INFO ][2015-11-27 19:39:31,011][com.java.SeleniumDriver] [  852] - <In Set values of the page>
[INFO ][2015-11-27 19:39:31,011][com.java.SeleniumDriver] [  855] - {Data Fields & Data Values Exist}
[INFO ][2015-11-27 19:39:31,011][com.java.SeleniumDriver] [  857] - --------------------------setting values-----------------------------
[INFO ][2015-11-27 19:39:31,011][com.java.SeleniumDriver] [  860] - Action Type : ExecuteTestCase
[INFO ][2015-11-27 19:39:31,011][com.java.TestType] [  432] - The Concept sheet name is ---------- Concept
[INFO ][2015-11-27 19:39:31,011][com.java.TestType] [  435] - The Concept ID  is ---------- 2
[DEBUG][2015-11-27 19:39:31,011][com.java.TestType] [  439] - Steps being executted in the Concept are: 1:2
[INFO ][2015-11-27 19:39:31,011][com.java.TestType] [  446] - Test data details path ---------- D:\BankersDashboard\TestInputs\TestData.xls
[INFO ][2015-11-27 19:39:31,042][com.java.TestType] [  477] -  str(1) = 2
[INFO ][2015-11-27 19:39:31,042][com.java.TestType] [  480] - Test case Id is---2
[INFO ][2015-11-27 19:39:31,042][com.java.TestType] [  482] - 2
[INFO ][2015-11-27 19:39:31,042][com.java.TestType] [  477] -  str(2) = 1
[INFO ][2015-11-27 19:39:31,042][com.java.TestType] [  529] - row values are--------{1=com.java.Objects.TestDataDetails@fff988}
[INFO ][2015-11-27 19:39:31,042][com.java.TestType] [  477] -  str(1) = 2
[INFO ][2015-11-27 19:39:31,042][com.java.TestType] [  480] - Test case Id is---2
[INFO ][2015-11-27 19:39:31,042][com.java.TestType] [  482] - 2
[INFO ][2015-11-27 19:39:31,042][com.java.TestType] [  477] -  str(2) = 2
[INFO ][2015-11-27 19:39:31,042][com.java.TestType] [  529] - row values are--------{1=com.java.Objects.TestDataDetails@fff988, 2=com.java.Objects.TestDataDetails@1167bb8}
[INFO ][2015-11-27 19:39:31,042][com.java.TestType] [  477] -  str(1) = 2
[INFO ][2015-11-27 19:39:31,042][com.java.TestType] [  480] - Test case Id is---2
[INFO ][2015-11-27 19:39:31,042][com.java.TestType] [  482] - 2
[INFO ][2015-11-27 19:39:31,042][com.java.TestType] [  477] -  str(2) = 3
[INFO ][2015-11-27 19:39:31,042][com.java.TestType] [  529] - row values are--------{1=com.java.Objects.TestDataDetails@fff988, 2=com.java.Objects.TestDataDetails@1167bb8, 3=com.java.Objects.TestDataDetails@ed913b}
[INFO ][2015-11-27 19:39:31,042][com.java.TestType] [ 9266] - Looping 1TCID = 2
[DEBUG][2015-11-27 19:39:31,042][com.java.TestType] [ 9307] - Concept ID:2 :: Step being Executed: 2::1
[INFO ][2015-11-27 19:39:31,042][com.java.TestType] [ 9345] - dataFields : BNK//select[@id='bank']
[DEBUG][2015-11-27 19:39:31,042][com.java.TestType] [ 9351] - <In Set values of the page>
[DEBUG][2015-11-27 19:39:31,052][com.java.TestType] [ 9356] - {Data Fields & Data Values Exist}
[INFO ][2015-11-27 19:39:31,052][com.java.TestType] [ 9362] - --------------------------setting values-----------------------------
[INFO ][2015-11-27 19:39:31,052][com.java.TestType] [ 9365] - Action Type : Select
[INFO ][2015-11-27 19:39:31,052][com.java.TestType] [ 4791] - value = PFC
[ERROR][2015-11-27 19:39:31,592][com.java.TestType] [ 5005] - Unable to perform Action Select null
[INFO ][2015-11-27 19:39:31,592][com.java.TestType] [ 9384] -  RESULT false
[INFO ][2015-11-27 19:39:31,592][com.java.TestType] [ 9422] - ?   F A I L   ?
[DEBUG][2015-11-27 19:39:31,592][com.java.TestType] [ 9425] - Browser Type : IE10
[INFO ][2015-11-27 19:39:31,602][com.java.SeleniumDriver] [  869] -  RESULT false
[INFO ][2015-11-27 19:39:31,602][com.java.SeleniumDriver] [  916] - ?   F A I L   ?
[INFO ][2015-11-27 19:39:31,602][com.java.SeleniumDriver] [  924] - Browser Type : IE10
[INFO ][2015-11-27 19:39:31,602][com.java.SeleniumDriver] [  925] - Adding Failed case2
[WARN ][2015-11-27 19:39:31,643][com.java.SeleniumDriver] [  985] - Source 'D:\BankersDashboard\TestReports\112715' exists but is a directory
[INFO ][2015-11-27 19:39:31,643][com.java.SeleniumDriver] [ 1039] - failedCases = 1,1,1-2,2
[ERROR][2015-11-27 19:39:31,643][com.java.SeleniumDriver] [ 1536] - Platform Errors : Our apologies...::We have encountered an issue with your request.::Our apologies?:We encountered an issue with your request.
[INFO ][2015-11-27 19:39:31,643][com.java.SeleniumDriver] [ 1540] - Length =3
[ERROR][2015-11-27 19:39:31,643][com.java.SeleniumDriver] [ 1543] - Error 0 = Our apologies...
[ERROR][2015-11-27 19:39:32,163][com.java.SeleniumDriver] [ 1557] - Unable to get browser (WARNING: The server did not provide any stacktrace information)
Command duration or timeout: 12 milliseconds
Build info: version: '2.48.2', revision: '41bccdd', time: '2015-10-09 19:59:12'
System info: host: 'FVTIII421F1D', ip: '172.17.68.83', os.name: 'Windows 7', os.arch: 'x86', os.version: '6.1', java.version: '1.7.0_55'
Session ID: 2e6eee6b-80b3-43a3-8722-0c449ba471ea
Driver info: org.openqa.selenium.ie.InternetExplorerDriver
Capabilities [{platform=WINDOWS, javascriptEnabled=true, elementScrollBehavior=0, ignoreZoomSetting=true, enablePersistentHover=true, ie.ensureCleanSession=false, browserName=internet explorer, enableElementCacheCleanup=true, unexpectedAlertBehaviour=dismiss, version=11, pageLoadStrategy=normal, ie.usePerProcessProxy=false, cssSelectorsEnabled=true, ignoreProtectedModeSettings=true, requireWindowFocus=false, initialBrowserUrl=http://localhost:35103/, handlesAlerts=true, ie.forceCreateProcessApi=false, nativeEvents=true, browserAttachTimeout=0, ie.browserCommandLineSwitches=, takesScreenshot=true}]
Command duration or timeout: 520 milliseconds
Build info: version: '2.48.2', revision: '41bccdd', time: '2015-10-09 19:59:12'
System info: host: 'FVTIII438F1D', ip: '172.17.68.34', os.name: 'Windows 7', os.arch: 'x86', os.version: '6.1', java.version: '1.7.0_55'
Session ID: 7edd0958-d530-4ee2-8d55-3eab81ba8f75
Driver info: org.openqa.selenium.remote.RemoteWebDriver
Capabilities [{platform=WINDOWS, javascriptEnabled=true, elementScrollBehavior=0, ignoreZoomSetting=true, enablePersistentHover=true, ie.ensureCleanSession=false, browserName=internet explorer, enableElementCacheCleanup=true, unexpectedAlertBehaviour=dismiss, webdriver.remote.sessionid=7edd0958-d530-4ee2-8d55-3eab81ba8f75, version=11, pageLoadStrategy=normal, ie.usePerProcessProxy=false, cssSelectorsEnabled=true, ignoreProtectedModeSettings=true, requireWindowFocus=false, initialBrowserUrl=http://localhost:35103/, handlesAlerts=true, ie.forceCreateProcessApi=false, nativeEvents=true, browserAttachTimeout=0, ie.browserCommandLineSwitches=, takesScreenshot=true}]
[INFO ][2015-11-27 19:39:32,163][com.java.SeleniumDriver] [ 1559] - FindPlatformErrors exception: Unable to get browser (WARNING: The server did not provide any stacktrace information)
Command duration or timeout: 12 milliseconds
Build info: version: '2.48.2', revision: '41bccdd', time: '2015-10-09 19:59:12'
System info: host: 'FVTIII421F1D', ip: '172.17.68.83', os.name: 'Windows 7', os.arch: 'x86', os.version: '6.1', java.version: '1.7.0_55'
Session ID: 2e6eee6b-80b3-43a3-8722-0c449ba471ea
Driver info: org.openqa.selenium.ie.InternetExplorerDriver
Capabilities [{platform=WINDOWS, javascriptEnabled=true, elementScrollBehavior=0, ignoreZoomSetting=true, enablePersistentHover=true, ie.ensureCleanSession=false, browserName=internet explorer, enableElementCacheCleanup=true, unexpectedAlertBehaviour=dismiss, version=11, pageLoadStrategy=normal, ie.usePerProcessProxy=false, cssSelectorsEnabled=true, ignoreProtectedModeSettings=true, requireWindowFocus=false, initialBrowserUrl=http://localhost:35103/, handlesAlerts=true, ie.forceCreateProcessApi=false, nativeEvents=true, browserAttachTimeout=0, ie.browserCommandLineSwitches=, takesScreenshot=true}]
Command duration or timeout: 520 milliseconds
Build info: version: '2.48.2', revision: '41bccdd', time: '2015-10-09 19:59:12'
System info: host: 'FVTIII438F1D', ip: '172.17.68.34', os.name: 'Windows 7', os.arch: 'x86', os.version: '6.1', java.version: '1.7.0_55'
Session ID: 7edd0958-d530-4ee2-8d55-3eab81ba8f75
Driver info: org.openqa.selenium.remote.RemoteWebDriver
Capabilities [{platform=WINDOWS, javascriptEnabled=true, elementScrollBehavior=0, ignoreZoomSetting=true, enablePersistentHover=true, ie.ensureCleanSession=false, browserName=internet explorer, enableElementCacheCleanup=true, unexpectedAlertBehaviour=dismiss, webdriver.remote.sessionid=7edd0958-d530-4ee2-8d55-3eab81ba8f75, version=11, pageLoadStrategy=normal, ie.usePerProcessProxy=false, cssSelectorsEnabled=true, ignoreProtectedModeSettings=true, requireWindowFocus=false, initialBrowserUrl=http://localhost:35103/, handlesAlerts=true, ie.forceCreateProcessApi=false, nativeEvents=true, browserAttachTimeout=0, ie.browserCommandLineSwitches=, takesScreenshot=true}]
[DEBUG][2015-11-27 19:39:32,163][com.java.SeleniumDriver] [ 1561] - Unable to get the Platform Error list from Hash Map.
[ERROR][2015-11-27 19:39:32,163][com.java.SeleniumDriver] [ 1157] - 
[INFO ][2015-11-27 19:39:32,163][com.java.SeleniumDriver] [  796] - ------------------------------------------
[INFO ][2015-11-27 19:39:32,163][com.java.SeleniumDriver] [  797] - Test case being Executed: 2
[INFO ][2015-11-27 19:39:32,163][com.java.SeleniumDriver] [  808] - Test step:4
[INFO ][2015-11-27 19:39:32,163][com.java.SeleniumDriver] [  820] - Datavalue is----------null
[DEBUG][2015-11-27 19:39:32,163][com.java.SeleniumDriver] [  838] - Exception: null
[INFO ][2015-11-27 19:39:32,163][com.java.SeleniumDriver] [  844] - DataField : //span[@class="icon-stats"]&&//a[@data-id="Manage"]
[INFO ][2015-11-27 19:39:32,163][com.java.SeleniumDriver] [  846] - DataValue : 
[INFO ][2015-11-27 19:39:32,163][com.java.SeleniumDriver] [  852] - <In Set values of the page>
[INFO ][2015-11-27 19:39:32,163][com.java.SeleniumDriver] [  855] - {Data Fields & Data Values Exist}
[INFO ][2015-11-27 19:39:32,163][com.java.SeleniumDriver] [  857] - --------------------------setting values-----------------------------
[INFO ][2015-11-27 19:39:32,163][com.java.SeleniumDriver] [  860] - Action Type : MOUSEOVER
[ERROR][2015-11-27 19:39:32,734][com.java.TestType] [ 1842] - exception value : Unable to get browser (WARNING: The server did not provide any stacktrace information)
Command duration or timeout: 13 milliseconds
Build info: version: '2.48.2', revision: '41bccdd', time: '2015-10-09 19:59:12'
System info: host: 'FVTIII421F1D', ip: '172.17.68.83', os.name: 'Windows 7', os.arch: 'x86', os.version: '6.1', java.version: '1.7.0_55'
Session ID: 2e6eee6b-80b3-43a3-8722-0c449ba471ea
Driver info: org.openqa.selenium.ie.InternetExplorerDriver
Capabilities [{platform=WINDOWS, javascriptEnabled=true, elementScrollBehavior=0, ignoreZoomSetting=true, enablePersistentHover=true, ie.ensureCleanSession=false, browserName=internet explorer, enableElementCacheCleanup=true, unexpectedAlertBehaviour=dismiss, version=11, pageLoadStrategy=normal, ie.usePerProcessProxy=false, cssSelectorsEnabled=true, ignoreProtectedModeSettings=true, requireWindowFocus=false, initialBrowserUrl=http://localhost:35103/, handlesAlerts=true, ie.forceCreateProcessApi=false, nativeEvents=true, browserAttachTimeout=0, ie.browserCommandLineSwitches=, takesScreenshot=true}]
Command duration or timeout: 561 milliseconds
Build info: version: '2.48.2', revision: '41bccdd', time: '2015-10-09 19:59:12'
System info: host: 'FVTIII438F1D', ip: '172.17.68.34', os.name: 'Windows 7', os.arch: 'x86', os.version: '6.1', java.version: '1.7.0_55'
Session ID: 7edd0958-d530-4ee2-8d55-3eab81ba8f75
Driver info: org.openqa.selenium.remote.RemoteWebDriver
Capabilities [{platform=WINDOWS, javascriptEnabled=true, elementScrollBehavior=0, ignoreZoomSetting=true, enablePersistentHover=true, ie.ensureCleanSession=false, browserName=internet explorer, enableElementCacheCleanup=true, unexpectedAlertBehaviour=dismiss, webdriver.remote.sessionid=7edd0958-d530-4ee2-8d55-3eab81ba8f75, version=11, pageLoadStrategy=normal, ie.usePerProcessProxy=false, cssSelectorsEnabled=true, ignoreProtectedModeSettings=true, requireWindowFocus=false, initialBrowserUrl=http://localhost:35103/, handlesAlerts=true, ie.forceCreateProcessApi=false, nativeEvents=true, browserAttachTimeout=0, ie.browserCommandLineSwitches=, takesScreenshot=true}]
[INFO ][2015-11-27 19:39:32,734][com.java.SeleniumDriver] [  869] -  RESULT false
[INFO ][2015-11-27 19:39:32,734][com.java.SeleniumDriver] [  916] - ?   F A I L   ?
[INFO ][2015-11-27 19:39:32,734][com.java.SeleniumDriver] [  924] - Browser Type : IE10
[INFO ][2015-11-27 19:39:32,734][com.java.SeleniumDriver] [  925] - Adding Failed case2
[WARN ][2015-11-27 19:39:32,775][com.java.SeleniumDriver] [  985] - Source 'D:\BankersDashboard\TestReports\112715' exists but is a directory
[INFO ][2015-11-27 19:39:32,775][com.java.SeleniumDriver] [ 1039] - failedCases = 1,1,1-2,2,2
[ERROR][2015-11-27 19:39:32,775][com.java.SeleniumDriver] [ 1536] - Platform Errors : Our apologies...::We have encountered an issue with your request.::Our apologies?:We encountered an issue with your request.
[INFO ][2015-11-27 19:39:32,775][com.java.SeleniumDriver] [ 1540] - Length =3
[ERROR][2015-11-27 19:39:32,775][com.java.SeleniumDriver] [ 1543] - Error 0 = Our apologies...
[ERROR][2015-11-27 19:39:33,305][com.java.SeleniumDriver] [ 1557] - Unable to get browser (WARNING: The server did not provide any stacktrace information)
Command duration or timeout: 13 milliseconds
Build info: version: '2.48.2', revision: '41bccdd', time: '2015-10-09 19:59:12'
System info: host: 'FVTIII421F1D', ip: '172.17.68.83', os.name: 'Windows 7', os.arch: 'x86', os.version: '6.1', java.version: '1.7.0_55'
Session ID: 2e6eee6b-80b3-43a3-8722-0c449ba471ea
Driver info: org.openqa.selenium.ie.InternetExplorerDriver
Capabilities [{platform=WINDOWS, javascriptEnabled=true, elementScrollBehavior=0, ignoreZoomSetting=true, enablePersistentHover=true, ie.ensureCleanSession=false, browserName=internet explorer, enableElementCacheCleanup=true, unexpectedAlertBehaviour=dismiss, version=11, pageLoadStrategy=normal, ie.usePerProcessProxy=false, cssSelectorsEnabled=true, ignoreProtectedModeSettings=true, requireWindowFocus=false, initialBrowserUrl=http://localhost:35103/, handlesAlerts=true, ie.forceCreateProcessApi=false, nativeEvents=true, browserAttachTimeout=0, ie.browserCommandLineSwitches=, takesScreenshot=true}]
Command duration or timeout: 530 milliseconds
Build info: version: '2.48.2', revision: '41bccdd', time: '2015-10-09 19:59:12'
System info: host: 'FVTIII438F1D', ip: '172.17.68.34', os.name: 'Windows 7', os.arch: 'x86', os.version: '6.1', java.version: '1.7.0_55'
Session ID: 7edd0958-d530-4ee2-8d55-3eab81ba8f75
Driver info: org.openqa.selenium.remote.RemoteWebDriver
Capabilities [{platform=WINDOWS, javascriptEnabled=true, elementScrollBehavior=0, ignoreZoomSetting=true, enablePersistentHover=true, ie.ensureCleanSession=false, browserName=internet explorer, enableElementCacheCleanup=true, unexpectedAlertBehaviour=dismiss, webdriver.remote.sessionid=7edd0958-d530-4ee2-8d55-3eab81ba8f75, version=11, pageLoadStrategy=normal, ie.usePerProcessProxy=false, cssSelectorsEnabled=true, ignoreProtectedModeSettings=true, requireWindowFocus=false, initialBrowserUrl=http://localhost:35103/, handlesAlerts=true, ie.forceCreateProcessApi=false, nativeEvents=true, browserAttachTimeout=0, ie.browserCommandLineSwitches=, takesScreenshot=true}]
[INFO ][2015-11-27 19:39:33,315][com.java.SeleniumDriver] [ 1559] - FindPlatformErrors exception: Unable to get browser (WARNING: The server did not provide any stacktrace information)
Command duration or timeout: 13 milliseconds
Build info: version: '2.48.2', revision: '41bccdd', time: '2015-10-09 19:59:12'
System info: host: 'FVTIII421F1D', ip: '172.17.68.83', os.name: 'Windows 7', os.arch: 'x86', os.version: '6.1', java.version: '1.7.0_55'
Session ID: 2e6eee6b-80b3-43a3-8722-0c449ba471ea
Driver info: org.openqa.selenium.ie.InternetExplorerDriver
Capabilities [{platform=WINDOWS, javascriptEnabled=true, elementScrollBehavior=0, ignoreZoomSetting=true, enablePersistentHover=true, ie.ensureCleanSession=false, browserName=internet explorer, enableElementCacheCleanup=true, unexpectedAlertBehaviour=dismiss, version=11, pageLoadStrategy=normal, ie.usePerProcessProxy=false, cssSelectorsEnabled=true, ignoreProtectedModeSettings=true, requireWindowFocus=false, initialBrowserUrl=http://localhost:35103/, handlesAlerts=true, ie.forceCreateProcessApi=false, nativeEvents=true, browserAttachTimeout=0, ie.browserCommandLineSwitches=, takesScreenshot=true}]
Command duration or timeout: 530 milliseconds
Build info: version: '2.48.2', revision: '41bccdd', time: '2015-10-09 19:59:12'
System info: host: 'FVTIII438F1D', ip: '172.17.68.34', os.name: 'Windows 7', os.arch: 'x86', os.version: '6.1', java.version: '1.7.0_55'
Session ID: 7edd0958-d530-4ee2-8d55-3eab81ba8f75
Driver info: org.openqa.selenium.remote.RemoteWebDriver
Capabilities [{platform=WINDOWS, javascriptEnabled=true, elementScrollBehavior=0, ignoreZoomSetting=true, enablePersistentHover=true, ie.ensureCleanSession=false, browserName=internet explorer, enableElementCacheCleanup=true, unexpectedAlertBehaviour=dismiss, webdriver.remote.sessionid=7edd0958-d530-4ee2-8d55-3eab81ba8f75, version=11, pageLoadStrategy=normal, ie.usePerProcessProxy=false, cssSelectorsEnabled=true, ignoreProtectedModeSettings=true, requireWindowFocus=false, initialBrowserUrl=http://localhost:35103/, handlesAlerts=true, ie.forceCreateProcessApi=false, nativeEvents=true, browserAttachTimeout=0, ie.browserCommandLineSwitches=, takesScreenshot=true}]
[DEBUG][2015-11-27 19:39:33,315][com.java.SeleniumDriver] [ 1561] - Unable to get the Platform Error list from Hash Map.
[ERROR][2015-11-27 19:39:33,315][com.java.SeleniumDriver] [ 1157] - 
[INFO ][2015-11-27 19:39:33,317][com.java.SeleniumDriver] [  796] - ------------------------------------------
[INFO ][2015-11-27 19:39:33,317][com.java.SeleniumDriver] [  797] - Test case being Executed: 2
[INFO ][2015-11-27 19:39:33,317][com.java.SeleniumDriver] [  808] - Test step:5
[INFO ][2015-11-27 19:39:33,317][com.java.SeleniumDriver] [  820] - Datavalue is----------null
[DEBUG][2015-11-27 19:39:33,337][com.java.SeleniumDriver] [  838] - Exception: null
[INFO ][2015-11-27 19:39:33,337][com.java.SeleniumDriver] [  844] - DataField : BTNdivHelpText
[INFO ][2015-11-27 19:39:33,337][com.java.SeleniumDriver] [  846] - DataValue : 
[INFO ][2015-11-27 19:39:33,337][com.java.SeleniumDriver] [  852] - <In Set values of the page>
[INFO ][2015-11-27 19:39:33,337][com.java.SeleniumDriver] [  855] - {Data Fields & Data Values Exist}
[INFO ][2015-11-27 19:39:33,337][com.java.SeleniumDriver] [  857] - --------------------------setting values-----------------------------
[INFO ][2015-11-27 19:39:33,337][com.java.SeleniumDriver] [  860] - Action Type : WAITFORELEMENT
[DEBUG][2015-11-27 19:39:37,949][com.java.TestType] [ 5700] - divHelpText   :: Element not Found
[INFO ][2015-11-27 19:39:37,949][com.java.SeleniumDriver] [  869] -  RESULT false
[INFO ][2015-11-27 19:39:37,949][com.java.SeleniumDriver] [  916] - ?   F A I L   ?
[INFO ][2015-11-27 19:39:37,949][com.java.SeleniumDriver] [  924] - Browser Type : IE10
[INFO ][2015-11-27 19:39:37,949][com.java.SeleniumDriver] [  925] - Adding Failed case2
[WARN ][2015-11-27 19:39:37,981][com.java.SeleniumDriver] [  985] - Source 'D:\BankersDashboard\TestReports\112715' exists but is a directory
[INFO ][2015-11-27 19:39:37,981][com.java.SeleniumDriver] [ 1039] - failedCases = 1,1,1-2,2,2,2
[ERROR][2015-11-27 19:39:37,981][com.java.SeleniumDriver] [ 1536] - Platform Errors : Our apologies...::We have encountered an issue with your request.::Our apologies?:We encountered an issue with your request.
[INFO ][2015-11-27 19:39:37,981][com.java.SeleniumDriver] [ 1540] - Length =3
[ERROR][2015-11-27 19:39:37,981][com.java.SeleniumDriver] [ 1543] - Error 0 = Our apologies...
[ERROR][2015-11-27 19:39:38,491][com.java.SeleniumDriver] [ 1557] - Unable to get browser (WARNING: The server did not provide any stacktrace information)
Command duration or timeout: 13 milliseconds
Build info: version: '2.48.2', revision: '41bccdd', time: '2015-10-09 19:59:12'
System info: host: 'FVTIII421F1D', ip: '172.17.68.83', os.name: 'Windows 7', os.arch: 'x86', os.version: '6.1', java.version: '1.7.0_55'
Session ID: 2e6eee6b-80b3-43a3-8722-0c449ba471ea
Driver info: org.openqa.selenium.ie.InternetExplorerDriver
Capabilities [{platform=WINDOWS, javascriptEnabled=true, elementScrollBehavior=0, ignoreZoomSetting=true, enablePersistentHover=true, ie.ensureCleanSession=false, browserName=internet explorer, enableElementCacheCleanup=true, unexpectedAlertBehaviour=dismiss, version=11, pageLoadStrategy=normal, ie.usePerProcessProxy=false, cssSelectorsEnabled=true, ignoreProtectedModeSettings=true, requireWindowFocus=false, initialBrowserUrl=http://localhost:35103/, handlesAlerts=true, ie.forceCreateProcessApi=false, nativeEvents=true, browserAttachTimeout=0, ie.browserCommandLineSwitches=, takesScreenshot=true}]
Command duration or timeout: 510 milliseconds
Build info: version: '2.48.2', revision: '41bccdd', time: '2015-10-09 19:59:12'
System info: host: 'FVTIII438F1D', ip: '172.17.68.34', os.name: 'Windows 7', os.arch: 'x86', os.version: '6.1', java.version: '1.7.0_55'
Session ID: 7edd0958-d530-4ee2-8d55-3eab81ba8f75
Driver info: org.openqa.selenium.remote.RemoteWebDriver
Capabilities [{platform=WINDOWS, javascriptEnabled=true, elementScrollBehavior=0, ignoreZoomSetting=true, enablePersistentHover=true, ie.ensureCleanSession=false, browserName=internet explorer, enableElementCacheCleanup=true, unexpectedAlertBehaviour=dismiss, webdriver.remote.sessionid=7edd0958-d530-4ee2-8d55-3eab81ba8f75, version=11, pageLoadStrategy=normal, ie.usePerProcessProxy=false, cssSelectorsEnabled=true, ignoreProtectedModeSettings=true, requireWindowFocus=false, initialBrowserUrl=http://localhost:35103/, handlesAlerts=true, ie.forceCreateProcessApi=false, nativeEvents=true, browserAttachTimeout=0, ie.browserCommandLineSwitches=, takesScreenshot=true}]
[INFO ][2015-11-27 19:39:38,491][com.java.SeleniumDriver] [ 1559] - FindPlatformErrors exception: Unable to get browser (WARNING: The server did not provide any stacktrace information)
Command duration or timeout: 13 milliseconds
Build info: version: '2.48.2', revision: '41bccdd', time: '2015-10-09 19:59:12'
System info: host: 'FVTIII421F1D', ip: '172.17.68.83', os.name: 'Windows 7', os.arch: 'x86', os.version: '6.1', java.version: '1.7.0_55'
Session ID: 2e6eee6b-80b3-43a3-8722-0c449ba471ea
Driver info: org.openqa.selenium.ie.InternetExplorerDriver
Capabilities [{platform=WINDOWS, javascriptEnabled=true, elementScrollBehavior=0, ignoreZoomSetting=true, enablePersistentHover=true, ie.ensureCleanSession=false, browserName=internet explorer, enableElementCacheCleanup=true, unexpectedAlertBehaviour=dismiss, version=11, pageLoadStrategy=normal, ie.usePerProcessProxy=false, cssSelectorsEnabled=true, ignoreProtectedModeSettings=true, requireWindowFocus=false, initialBrowserUrl=http://localhost:35103/, handlesAlerts=true, ie.forceCreateProcessApi=false, nativeEvents=true, browserAttachTimeout=0, ie.browserCommandLineSwitches=, takesScreenshot=true}]
Command duration or timeout: 510 milliseconds
Build info: version: '2.48.2', revision: '41bccdd', time: '2015-10-09 19:59:12'
System info: host: 'FVTIII438F1D', ip: '172.17.68.34', os.name: 'Windows 7', os.arch: 'x86', os.version: '6.1', java.version: '1.7.0_55'
Session ID: 7edd0958-d530-4ee2-8d55-3eab81ba8f75
Driver info: org.openqa.selenium.remote.RemoteWebDriver
Capabilities [{platform=WINDOWS, javascriptEnabled=true, elementScrollBehavior=0, ignoreZoomSetting=true, enablePersistentHover=true, ie.ensureCleanSession=false, browserName=internet explorer, enableElementCacheCleanup=true, unexpectedAlertBehaviour=dismiss, webdriver.remote.sessionid=7edd0958-d530-4ee2-8d55-3eab81ba8f75, version=11, pageLoadStrategy=normal, ie.usePerProcessProxy=false, cssSelectorsEnabled=true, ignoreProtectedModeSettings=true, requireWindowFocus=false, initialBrowserUrl=http://localhost:35103/, handlesAlerts=true, ie.forceCreateProcessApi=false, nativeEvents=true, browserAttachTimeout=0, ie.browserCommandLineSwitches=, takesScreenshot=true}]
[DEBUG][2015-11-27 19:39:38,491][com.java.SeleniumDriver] [ 1561] - Unable to get the Platform Error list from Hash Map.
[ERROR][2015-11-27 19:39:38,492][com.java.SeleniumDriver] [ 1157] - 
[INFO ][2015-11-27 19:39:38,492][com.java.SeleniumDriver] [  796] - ------------------------------------------
[INFO ][2015-11-27 19:39:38,492][com.java.SeleniumDriver] [  797] - Test case being Executed: 2
[INFO ][2015-11-27 19:39:38,492][com.java.SeleniumDriver] [  808] - Test step:6
[INFO ][2015-11-27 19:39:38,492][com.java.SeleniumDriver] [  820] - Datavalue is----------Manage Projections
[INFO ][2015-11-27 19:39:38,492][com.java.SeleniumDriver] [  844] - DataField : XPH//span[@class="ui-dialog-title"]
[INFO ][2015-11-27 19:39:38,492][com.java.SeleniumDriver] [  846] - DataValue : Manage Projections
[INFO ][2015-11-27 19:39:38,492][com.java.SeleniumDriver] [  852] - <In Set values of the page>
[INFO ][2015-11-27 19:39:38,492][com.java.SeleniumDriver] [  855] - {Data Fields & Data Values Exist}
[INFO ][2015-11-27 19:39:38,492][com.java.SeleniumDriver] [  857] - --------------------------setting values-----------------------------
[INFO ][2015-11-27 19:39:38,492][com.java.SeleniumDriver] [  860] - Action Type : VERIFY
[INFO ][2015-11-27 19:39:38,492][com.java.TestType] [ 5976] - field= XPH//span[@class="ui-dialog-title"] value= Manage Projections
[INFO ][2015-11-27 19:39:38,492][com.java.TestType] [ 4791] - value = Manage Projections
[ERROR][2015-11-27 19:39:39,035][com.java.TestType] [ 6464] - Element  not found :Manage Projections
[INFO ][2015-11-27 19:39:39,035][com.java.SeleniumDriver] [  869] -  RESULT false
[INFO ][2015-11-27 19:39:39,035][com.java.SeleniumDriver] [  916] - ?   F A I L   ?
[INFO ][2015-11-27 19:39:39,035][com.java.SeleniumDriver] [  924] - Browser Type : IE10
[INFO ][2015-11-27 19:39:39,035][com.java.SeleniumDriver] [  925] - Adding Failed case2
[WARN ][2015-11-27 19:39:39,066][com.java.SeleniumDriver] [  985] - Source 'D:\BankersDashboard\TestReports\112715' exists but is a directory
[INFO ][2015-11-27 19:39:39,066][com.java.SeleniumDriver] [ 1039] - failedCases = 1,1,1-2,2,2,2,2
[ERROR][2015-11-27 19:39:39,066][com.java.SeleniumDriver] [ 1536] - Platform Errors : Our apologies...::We have encountered an issue with your request.::Our apologies?:We encountered an issue with your request.
[INFO ][2015-11-27 19:39:39,066][com.java.SeleniumDriver] [ 1540] - Length =3
[ERROR][2015-11-27 19:39:39,066][com.java.SeleniumDriver] [ 1543] - Error 0 = Our apologies...
[ERROR][2015-11-27 19:39:39,596][com.java.SeleniumDriver] [ 1557] - Unable to get browser (WARNING: The server did not provide any stacktrace information)
Command duration or timeout: 12 milliseconds
Build info: version: '2.48.2', revision: '41bccdd', time: '2015-10-09 19:59:12'
System info: host: 'FVTIII421F1D', ip: '172.17.68.83', os.name: 'Windows 7', os.arch: 'x86', os.version: '6.1', java.version: '1.7.0_55'
Session ID: 2e6eee6b-80b3-43a3-8722-0c449ba471ea
Driver info: org.openqa.selenium.ie.InternetExplorerDriver
Capabilities [{platform=WINDOWS, javascriptEnabled=true, elementScrollBehavior=0, ignoreZoomSetting=true, enablePersistentHover=true, ie.ensureCleanSession=false, browserName=internet explorer, enableElementCacheCleanup=true, unexpectedAlertBehaviour=dismiss, version=11, pageLoadStrategy=normal, ie.usePerProcessProxy=false, cssSelectorsEnabled=true, ignoreProtectedModeSettings=true, requireWindowFocus=false, initialBrowserUrl=http://localhost:35103/, handlesAlerts=true, ie.forceCreateProcessApi=false, nativeEvents=true, browserAttachTimeout=0, ie.browserCommandLineSwitches=, takesScreenshot=true}]
Command duration or timeout: 530 milliseconds
Build info: version: '2.48.2', revision: '41bccdd', time: '2015-10-09 19:59:12'
System info: host: 'FVTIII438F1D', ip: '172.17.68.34', os.name: 'Windows 7', os.arch: 'x86', os.version: '6.1', java.version: '1.7.0_55'
Session ID: 7edd0958-d530-4ee2-8d55-3eab81ba8f75
Driver info: org.openqa.selenium.remote.RemoteWebDriver
Capabilities [{platform=WINDOWS, javascriptEnabled=true, elementScrollBehavior=0, ignoreZoomSetting=true, enablePersistentHover=true, ie.ensureCleanSession=false, browserName=internet explorer, enableElementCacheCleanup=true, unexpectedAlertBehaviour=dismiss, webdriver.remote.sessionid=7edd0958-d530-4ee2-8d55-3eab81ba8f75, version=11, pageLoadStrategy=normal, ie.usePerProcessProxy=false, cssSelectorsEnabled=true, ignoreProtectedModeSettings=true, requireWindowFocus=false, initialBrowserUrl=http://localhost:35103/, handlesAlerts=true, ie.forceCreateProcessApi=false, nativeEvents=true, browserAttachTimeout=0, ie.browserCommandLineSwitches=, takesScreenshot=true}]
[INFO ][2015-11-27 19:39:39,596][com.java.SeleniumDriver] [ 1559] - FindPlatformErrors exception: Unable to get browser (WARNING: The server did not provide any stacktrace information)
Command duration or timeout: 12 milliseconds
Build info: version: '2.48.2', revision: '41bccdd', time: '2015-10-09 19:59:12'
System info: host: 'FVTIII421F1D', ip: '172.17.68.83', os.name: 'Windows 7', os.arch: 'x86', os.version: '6.1', java.version: '1.7.0_55'
Session ID: 2e6eee6b-80b3-43a3-8722-0c449ba471ea
Driver info: org.openqa.selenium.ie.InternetExplorerDriver
Capabilities [{platform=WINDOWS, javascriptEnabled=true, elementScrollBehavior=0, ignoreZoomSetting=true, enablePersistentHover=true, ie.ensureCleanSession=false, browserName=internet explorer, enableElementCacheCleanup=true, unexpectedAlertBehaviour=dismiss, version=11, pageLoadStrategy=normal, ie.usePerProcessProxy=false, cssSelectorsEnabled=true, ignoreProtectedModeSettings=true, requireWindowFocus=false, initialBrowserUrl=http://localhost:35103/, handlesAlerts=true, ie.forceCreateProcessApi=false, nativeEvents=true, browserAttachTimeout=0, ie.browserCommandLineSwitches=, takesScreenshot=true}]
Command duration or timeout: 530 milliseconds
Build info: version: '2.48.2', revision: '41bccdd', time: '2015-10-09 19:59:12'
System info: host: 'FVTIII438F1D', ip: '172.17.68.34', os.name: 'Windows 7', os.arch: 'x86', os.version: '6.1', java.version: '1.7.0_55'
Session ID: 7edd0958-d530-4ee2-8d55-3eab81ba8f75
Driver info: org.openqa.selenium.remote.RemoteWebDriver
Capabilities [{platform=WINDOWS, javascriptEnabled=true, elementScrollBehavior=0, ignoreZoomSetting=true, enablePersistentHover=true, ie.ensureCleanSession=false, browserName=internet explorer, enableElementCacheCleanup=true, unexpectedAlertBehaviour=dismiss, webdriver.remote.sessionid=7edd0958-d530-4ee2-8d55-3eab81ba8f75, version=11, pageLoadStrategy=normal, ie.usePerProcessProxy=false, cssSelectorsEnabled=true, ignoreProtectedModeSettings=true, requireWindowFocus=false, initialBrowserUrl=http://localhost:35103/, handlesAlerts=true, ie.forceCreateProcessApi=false, nativeEvents=true, browserAttachTimeout=0, ie.browserCommandLineSwitches=, takesScreenshot=true}]
[DEBUG][2015-11-27 19:39:39,596][com.java.SeleniumDriver] [ 1561] - Unable to get the Platform Error list from Hash Map.
[ERROR][2015-11-27 19:39:39,596][com.java.SeleniumDriver] [ 1157] - 
[INFO ][2015-11-27 19:39:39,596][com.java.SeleniumDriver] [  796] - ------------------------------------------
[INFO ][2015-11-27 19:39:39,596][com.java.SeleniumDriver] [  797] - Test case being Executed: 2
[INFO ][2015-11-27 19:39:39,596][com.java.SeleniumDriver] [  808] - Test step:7
[INFO ][2015-11-27 19:39:39,596][com.java.SeleniumDriver] [  820] - Datavalue is----------null
[DEBUG][2015-11-27 19:39:39,596][com.java.SeleniumDriver] [  838] - Exception: null
[INFO ][2015-11-27 19:39:39,596][com.java.SeleniumDriver] [  844] - DataField : BTNframeDialogContent
[INFO ][2015-11-27 19:39:39,596][com.java.SeleniumDriver] [  846] - DataValue : 
[INFO ][2015-11-27 19:39:39,596][com.java.SeleniumDriver] [  852] - <In Set values of the page>
[INFO ][2015-11-27 19:39:39,596][com.java.SeleniumDriver] [  855] - {Data Fields & Data Values Exist}
[INFO ][2015-11-27 19:39:39,596][com.java.SeleniumDriver] [  857] - --------------------------setting values-----------------------------
[INFO ][2015-11-27 19:39:39,596][com.java.SeleniumDriver] [  860] - Action Type : SELECTFRAME
[ERROR][2015-11-27 19:39:40,127][com.java.TestType] [ 5041] - Exception: null
[INFO ][2015-11-27 19:39:40,127][com.java.SeleniumDriver] [  869] -  RESULT false
[INFO ][2015-11-27 19:39:40,127][com.java.SeleniumDriver] [  916] - ?   F A I L   ?
[INFO ][2015-11-27 19:39:40,127][com.java.SeleniumDriver] [  924] - Browser Type : IE10
[INFO ][2015-11-27 19:39:40,127][com.java.SeleniumDriver] [  925] - Adding Failed case2
[WARN ][2015-11-27 19:39:40,178][com.java.SeleniumDriver] [  985] - Source 'D:\BankersDashboard\TestReports\112715' exists but is a directory
[INFO ][2015-11-27 19:39:40,178][com.java.SeleniumDriver] [ 1039] - failedCases = 1,1,1-2,2,2,2,2,2
[ERROR][2015-11-27 19:39:40,178][com.java.SeleniumDriver] [ 1536] - Platform Errors : Our apologies...::We have encountered an issue with your request.::Our apologies?:We encountered an issue with your request.
[INFO ][2015-11-27 19:39:40,178][com.java.SeleniumDriver] [ 1540] - Length =3
[ERROR][2015-11-27 19:39:40,178][com.java.SeleniumDriver] [ 1543] - Error 0 = Our apologies...
[ERROR][2015-11-27 19:39:40,698][com.java.SeleniumDriver] [ 1557] - Unable to get browser (WARNING: The server did not provide any stacktrace information)
Command duration or timeout: 12 milliseconds
Build info: version: '2.48.2', revision: '41bccdd', time: '2015-10-09 19:59:12'
System info: host: 'FVTIII421F1D', ip: '172.17.68.83', os.name: 'Windows 7', os.arch: 'x86', os.version: '6.1', java.version: '1.7.0_55'
Session ID: 2e6eee6b-80b3-43a3-8722-0c449ba471ea
Driver info: org.openqa.selenium.ie.InternetExplorerDriver
Capabilities [{platform=WINDOWS, javascriptEnabled=true, elementScrollBehavior=0, ignoreZoomSetting=true, enablePersistentHover=true, ie.ensureCleanSession=false, browserName=internet explorer, enableElementCacheCleanup=true, unexpectedAlertBehaviour=dismiss, version=11, pageLoadStrategy=normal, ie.usePerProcessProxy=false, cssSelectorsEnabled=true, ignoreProtectedModeSettings=true, requireWindowFocus=false, initialBrowserUrl=http://localhost:35103/, handlesAlerts=true, ie.forceCreateProcessApi=false, nativeEvents=true, browserAttachTimeout=0, ie.browserCommandLineSwitches=, takesScreenshot=true}]
Command duration or timeout: 520 milliseconds
Build info: version: '2.48.2', revision: '41bccdd', time: '2015-10-09 19:59:12'
System info: host: 'FVTIII438F1D', ip: '172.17.68.34', os.name: 'Windows 7', os.arch: 'x86', os.version: '6.1', java.version: '1.7.0_55'
Session ID: 7edd0958-d530-4ee2-8d55-3eab81ba8f75
Driver info: org.openqa.selenium.remote.RemoteWebDriver
Capabilities [{platform=WINDOWS, javascriptEnabled=true, elementScrollBehavior=0, ignoreZoomSetting=true, enablePersistentHover=true, ie.ensureCleanSession=false, browserName=internet explorer, enableElementCacheCleanup=true, unexpectedAlertBehaviour=dismiss, webdriver.remote.sessionid=7edd0958-d530-4ee2-8d55-3eab81ba8f75, version=11, pageLoadStrategy=normal, ie.usePerProcessProxy=false, cssSelectorsEnabled=true, ignoreProtectedModeSettings=true, requireWindowFocus=false, initialBrowserUrl=http://localhost:35103/, handlesAlerts=true, ie.forceCreateProcessApi=false, nativeEvents=true, browserAttachTimeout=0, ie.browserCommandLineSwitches=, takesScreenshot=true}]
[INFO ][2015-11-27 19:39:40,699][com.java.SeleniumDriver] [ 1559] - FindPlatformErrors exception: Unable to get browser (WARNING: The server did not provide any stacktrace information)
Command duration or timeout: 12 milliseconds
Build info: version: '2.48.2', revision: '41bccdd', time: '2015-10-09 19:59:12'
System info: host: 'FVTIII421F1D', ip: '172.17.68.83', os.name: 'Windows 7', os.arch: 'x86', os.version: '6.1', java.version: '1.7.0_55'
Session ID: 2e6eee6b-80b3-43a3-8722-0c449ba471ea
Driver info: org.openqa.selenium.ie.InternetExplorerDriver
Capabilities [{platform=WINDOWS, javascriptEnabled=true, elementScrollBehavior=0, ignoreZoomSetting=true, enablePersistentHover=true, ie.ensureCleanSession=false, browserName=internet explorer, enableElementCacheCleanup=true, unexpectedAlertBehaviour=dismiss, version=11, pageLoadStrategy=normal, ie.usePerProcessProxy=false, cssSelectorsEnabled=true, ignoreProtectedModeSettings=true, requireWindowFocus=false, initialBrowserUrl=http://localhost:35103/, handlesAlerts=true, ie.forceCreateProcessApi=false, nativeEvents=true, browserAttachTimeout=0, ie.browserCommandLineSwitches=, takesScreenshot=true}]
Command duration or timeout: 520 milliseconds
Build info: version: '2.48.2', revision: '41bccdd', time: '2015-10-09 19:59:12'
System info: host: 'FVTIII438F1D', ip: '172.17.68.34', os.name: 'Windows 7', os.arch: 'x86', os.version: '6.1', java.version: '1.7.0_55'
Session ID: 7edd0958-d530-4ee2-8d55-3eab81ba8f75
Driver info: org.openqa.selenium.remote.RemoteWebDriver
Capabilities [{platform=WINDOWS, javascriptEnabled=true, elementScrollBehavior=0, ignoreZoomSetting=true, enablePersistentHover=true, ie.ensureCleanSession=false, browserName=internet explorer, enableElementCacheCleanup=true, unexpectedAlertBehaviour=dismiss, webdriver.remote.sessionid=7edd0958-d530-4ee2-8d55-3eab81ba8f75, version=11, pageLoadStrategy=normal, ie.usePerProcessProxy=false, cssSelectorsEnabled=true, ignoreProtectedModeSettings=true, requireWindowFocus=false, initialBrowserUrl=http://localhost:35103/, handlesAlerts=true, ie.forceCreateProcessApi=false, nativeEvents=true, browserAttachTimeout=0, ie.browserCommandLineSwitches=, takesScreenshot=true}]
[DEBUG][2015-11-27 19:39:40,699][com.java.SeleniumDriver] [ 1561] - Unable to get the Platform Error list from Hash Map.
[ERROR][2015-11-27 19:39:40,699][com.java.SeleniumDriver] [ 1157] - 
[INFO ][2015-11-27 19:39:40,699][com.java.SeleniumDriver] [  796] - ------------------------------------------
[INFO ][2015-11-27 19:39:40,699][com.java.SeleniumDriver] [  797] - Test case being Executed: 2
[INFO ][2015-11-27 19:39:40,699][com.java.SeleniumDriver] [  808] - Test step:8
[INFO ][2015-11-27 19:39:40,699][com.java.SeleniumDriver] [  820] - Datavalue is----------index:1
[INFO ][2015-11-27 19:39:40,699][com.java.SeleniumDriver] [  844] - DataField : COBddlProjections
[INFO ][2015-11-27 19:39:40,699][com.java.SeleniumDriver] [  846] - DataValue : index:1
[INFO ][2015-11-27 19:39:40,699][com.java.SeleniumDriver] [  852] - <In Set values of the page>
[INFO ][2015-11-27 19:39:40,699][com.java.SeleniumDriver] [  855] - {Data Fields & Data Values Exist}
[INFO ][2015-11-27 19:39:40,699][com.java.SeleniumDriver] [  857] - --------------------------setting values-----------------------------
[INFO ][2015-11-27 19:39:40,699][com.java.SeleniumDriver] [  860] - Action Type : SELECT
[INFO ][2015-11-27 19:39:40,699][com.java.TestType] [ 4791] - value = 1
[ERROR][2015-11-27 19:39:41,249][com.java.TestType] [ 5005] - Unable to perform Action Select null
[INFO ][2015-11-27 19:39:41,249][com.java.SeleniumDriver] [  869] -  RESULT false
[INFO ][2015-11-27 19:39:41,249][com.java.SeleniumDriver] [  916] - ?   F A I L   ?
[INFO ][2015-11-27 19:39:41,249][com.java.SeleniumDriver] [  924] - Browser Type : IE10
[INFO ][2015-11-27 19:39:41,249][com.java.SeleniumDriver] [  925] - Adding Failed case2
[WARN ][2015-11-27 19:39:41,290][com.java.SeleniumDriver] [  985] - Source 'D:\BankersDashboard\TestReports\112715' exists but is a directory
[INFO ][2015-11-27 19:39:41,290][com.java.SeleniumDriver] [ 1039] - failedCases = 1,1,1-2,2,2,2,2,2,2
[ERROR][2015-11-27 19:39:41,290][com.java.SeleniumDriver] [ 1536] - Platform Errors : Our apologies...::We have encountered an issue with your request.::Our apologies?:We encountered an issue with your request.
[INFO ][2015-11-27 19:39:41,290][com.java.SeleniumDriver] [ 1540] - Length =3
[ERROR][2015-11-27 19:39:41,290][com.java.SeleniumDriver] [ 1543] - Error 0 = Our apologies...
[ERROR][2015-11-27 19:39:41,790][com.java.SeleniumDriver] [ 1557] - Unable to get browser (WARNING: The server did not provide any stacktrace information)
Command duration or timeout: 3 milliseconds
Build info: version: '2.48.2', revision: '41bccdd', time: '2015-10-09 19:59:12'
System info: host: 'FVTIII421F1D', ip: '172.17.68.83', os.name: 'Windows 7', os.arch: 'x86', os.version: '6.1', java.version: '1.7.0_55'
Session ID: 2e6eee6b-80b3-43a3-8722-0c449ba471ea
Driver info: org.openqa.selenium.ie.InternetExplorerDriver
Capabilities [{platform=WINDOWS, javascriptEnabled=true, elementScrollBehavior=0, ignoreZoomSetting=true, enablePersistentHover=true, ie.ensureCleanSession=false, browserName=internet explorer, enableElementCacheCleanup=true, unexpectedAlertBehaviour=dismiss, version=11, pageLoadStrategy=normal, ie.usePerProcessProxy=false, cssSelectorsEnabled=true, ignoreProtectedModeSettings=true, requireWindowFocus=false, initialBrowserUrl=http://localhost:35103/, handlesAlerts=true, ie.forceCreateProcessApi=false, nativeEvents=true, browserAttachTimeout=0, ie.browserCommandLineSwitches=, takesScreenshot=true}]
Command duration or timeout: 500 milliseconds
Build info: version: '2.48.2', revision: '41bccdd', time: '2015-10-09 19:59:12'
System info: host: 'FVTIII438F1D', ip: '172.17.68.34', os.name: 'Windows 7', os.arch: 'x86', os.version: '6.1', java.version: '1.7.0_55'
Session ID: 7edd0958-d530-4ee2-8d55-3eab81ba8f75
Driver info: org.openqa.selenium.remote.RemoteWebDriver
Capabilities [{platform=WINDOWS, javascriptEnabled=true, elementScrollBehavior=0, ignoreZoomSetting=true, enablePersistentHover=true, ie.ensureCleanSession=false, browserName=internet explorer, enableElementCacheCleanup=true, unexpectedAlertBehaviour=dismiss, webdriver.remote.sessionid=7edd0958-d530-4ee2-8d55-3eab81ba8f75, version=11, pageLoadStrategy=normal, ie.usePerProcessProxy=false, cssSelectorsEnabled=true, ignoreProtectedModeSettings=true, requireWindowFocus=false, initialBrowserUrl=http://localhost:35103/, handlesAlerts=true, ie.forceCreateProcessApi=false, nativeEvents=true, browserAttachTimeout=0, ie.browserCommandLineSwitches=, takesScreenshot=true}]
[INFO ][2015-11-27 19:39:41,790][com.java.SeleniumDriver] [ 1559] - FindPlatformErrors exception: Unable to get browser (WARNING: The server did not provide any stacktrace information)
Command duration or timeout: 3 milliseconds
Build info: version: '2.48.2', revision: '41bccdd', time: '2015-10-09 19:59:12'
System info: host: 'FVTIII421F1D', ip: '172.17.68.83', os.name: 'Windows 7', os.arch: 'x86', os.version: '6.1', java.version: '1.7.0_55'
Session ID: 2e6eee6b-80b3-43a3-8722-0c449ba471ea
Driver info: org.openqa.selenium.ie.InternetExplorerDriver
Capabilities [{platform=WINDOWS, javascriptEnabled=true, elementScrollBehavior=0, ignoreZoomSetting=true, enablePersistentHover=true, ie.ensureCleanSession=false, browserName=internet explorer, enableElementCacheCleanup=true, unexpectedAlertBehaviour=dismiss, version=11, pageLoadStrategy=normal, ie.usePerProcessProxy=false, cssSelectorsEnabled=true, ignoreProtectedModeSettings=true, requireWindowFocus=false, initialBrowserUrl=http://localhost:35103/, handlesAlerts=true, ie.forceCreateProcessApi=false, nativeEvents=true, browserAttachTimeout=0, ie.browserCommandLineSwitches=, takesScreenshot=true}]
Command duration or timeout: 500 milliseconds
Build info: version: '2.48.2', revision: '41bccdd', time: '2015-10-09 19:59:12'
System info: host: 'FVTIII438F1D', ip: '172.17.68.34', os.name: 'Windows 7', os.arch: 'x86', os.version: '6.1', java.version: '1.7.0_55'
Session ID: 7edd0958-d530-4ee2-8d55-3eab81ba8f75
Driver info: org.openqa.selenium.remote.RemoteWebDriver
Capabilities [{platform=WINDOWS, javascriptEnabled=true, elementScrollBehavior=0, ignoreZoomSetting=true, enablePersistentHover=true, ie.ensureCleanSession=false, browserName=internet explorer, enableElementCacheCleanup=true, unexpectedAlertBehaviour=dismiss, webdriver.remote.sessionid=7edd0958-d530-4ee2-8d55-3eab81ba8f75, version=11, pageLoadStrategy=normal, ie.usePerProcessProxy=false, cssSelectorsEnabled=true, ignoreProtectedModeSettings=true, requireWindowFocus=false, initialBrowserUrl=http://localhost:35103/, handlesAlerts=true, ie.forceCreateProcessApi=false, nativeEvents=true, browserAttachTimeout=0, ie.browserCommandLineSwitches=, takesScreenshot=true}]
[DEBUG][2015-11-27 19:39:41,790][com.java.SeleniumDriver] [ 1561] - Unable to get the Platform Error list from Hash Map.
[ERROR][2015-11-27 19:39:41,790][com.java.SeleniumDriver] [ 1157] - 
[INFO ][2015-11-27 19:39:41,790][com.java.SeleniumDriver] [  796] - ------------------------------------------
[INFO ][2015-11-27 19:39:41,790][com.java.SeleniumDriver] [  797] - Test case being Executed: 2
[INFO ][2015-11-27 19:39:41,790][com.java.SeleniumDriver] [  808] - Test step:9
[INFO ][2015-11-27 19:39:41,790][com.java.SeleniumDriver] [  820] - Datavalue is----------SelectedProjection
[INFO ][2015-11-27 19:39:41,790][com.java.SeleniumDriver] [  844] - DataField : SLBddlProjections
[INFO ][2015-11-27 19:39:41,790][com.java.SeleniumDriver] [  846] - DataValue : SelectedProjection
[INFO ][2015-11-27 19:39:41,790][com.java.SeleniumDriver] [  852] - <In Set values of the page>
[INFO ][2015-11-27 19:39:41,790][com.java.SeleniumDriver] [  855] - {Data Fields & Data Values Exist}
[INFO ][2015-11-27 19:39:41,790][com.java.SeleniumDriver] [  857] - --------------------------setting values-----------------------------
[INFO ][2015-11-27 19:39:41,790][com.java.SeleniumDriver] [  860] - Action Type : STOREVALUE
[INFO ][2015-11-27 19:39:41,790][com.java.TestType] [ 7153] - field= SLBddlProjections
[DEBUG][2015-11-27 19:39:42,311][com.java.TestType] [ 7240] - Error occured while storing the value form:: ddlProjections
[INFO ][2015-11-27 19:39:42,311][com.java.SeleniumDriver] [  869] -  RESULT false
[INFO ][2015-11-27 19:39:42,311][com.java.SeleniumDriver] [  916] - ?   F A I L   ?
[INFO ][2015-11-27 19:39:42,311][com.java.SeleniumDriver] [  924] - Browser Type : IE10
[INFO ][2015-11-27 19:39:42,311][com.java.SeleniumDriver] [  925] - Adding Failed case2
[WARN ][2015-11-27 19:39:42,362][com.java.SeleniumDriver] [  985] - Source 'D:\BankersDashboard\TestReports\112715' exists but is a directory
[INFO ][2015-11-27 19:39:42,362][com.java.SeleniumDriver] [ 1039] - failedCases = 1,1,1-2,2,2,2,2,2,2,2
[ERROR][2015-11-27 19:39:42,362][com.java.SeleniumDriver] [ 1536] - Platform Errors : Our apologies...::We have encountered an issue with your request.::Our apologies?:We encountered an issue with your request.
[INFO ][2015-11-27 19:39:42,362][com.java.SeleniumDriver] [ 1540] - Length =3
[ERROR][2015-11-27 19:39:42,362][com.java.SeleniumDriver] [ 1543] - Error 0 = Our apologies...
[ERROR][2015-11-27 19:39:42,872][com.java.SeleniumDriver] [ 1557] - Unable to get browser (WARNING: The server did not provide any stacktrace information)
Command duration or timeout: 12 milliseconds
Build info: version: '2.48.2', revision: '41bccdd', time: '2015-10-09 19:59:12'
System info: host: 'FVTIII421F1D', ip: '172.17.68.83', os.name: 'Windows 7', os.arch: 'x86', os.version: '6.1', java.version: '1.7.0_55'
Session ID: 2e6eee6b-80b3-43a3-8722-0c449ba471ea
Driver info: org.openqa.selenium.ie.InternetExplorerDriver
Capabilities [{platform=WINDOWS, javascriptEnabled=true, elementScrollBehavior=0, ignoreZoomSetting=true, enablePersistentHover=true, ie.ensureCleanSession=false, browserName=internet explorer, enableElementCacheCleanup=true, unexpectedAlertBehaviour=dismiss, version=11, pageLoadStrategy=normal, ie.usePerProcessProxy=false, cssSelectorsEnabled=true, ignoreProtectedModeSettings=true, requireWindowFocus=false, initialBrowserUrl=http://localhost:35103/, handlesAlerts=true, ie.forceCreateProcessApi=false, nativeEvents=true, browserAttachTimeout=0, ie.browserCommandLineSwitches=, takesScreenshot=true}]
Command duration or timeout: 510 milliseconds
Build info: version: '2.48.2', revision: '41bccdd', time: '2015-10-09 19:59:12'
System info: host: 'FVTIII438F1D', ip: '172.17.68.34', os.name: 'Windows 7', os.arch: 'x86', os.version: '6.1', java.version: '1.7.0_55'
Session ID: 7edd0958-d530-4ee2-8d55-3eab81ba8f75
Driver info: org.openqa.selenium.remote.RemoteWebDriver
Capabilities [{platform=WINDOWS, javascriptEnabled=true, elementScrollBehavior=0, ignoreZoomSetting=true, enablePersistentHover=true, ie.ensureCleanSession=false, browserName=internet explorer, enableElementCacheCleanup=true, unexpectedAlertBehaviour=dismiss, webdriver.remote.sessionid=7edd0958-d530-4ee2-8d55-3eab81ba8f75, version=11, pageLoadStrategy=normal, ie.usePerProcessProxy=false, cssSelectorsEnabled=true, ignoreProtectedModeSettings=true, requireWindowFocus=false, initialBrowserUrl=http://localhost:35103/, handlesAlerts=true, ie.forceCreateProcessApi=false, nativeEvents=true, browserAttachTimeout=0, ie.browserCommandLineSwitches=, takesScreenshot=true}]
[INFO ][2015-11-27 19:39:42,882][com.java.SeleniumDriver] [ 1559] - FindPlatformErrors exception: Unable to get browser (WARNING: The server did not provide any stacktrace information)
Command duration or timeout: 12 milliseconds
Build info: version: '2.48.2', revision: '41bccdd', time: '2015-10-09 19:59:12'
System info: host: 'FVTIII421F1D', ip: '172.17.68.83', os.name: 'Windows 7', os.arch: 'x86', os.version: '6.1', java.version: '1.7.0_55'
Session ID: 2e6eee6b-80b3-43a3-8722-0c449ba471ea
Driver info: org.openqa.selenium.ie.InternetExplorerDriver
Capabilities [{platform=WINDOWS, javascriptEnabled=true, elementScrollBehavior=0, ignoreZoomSetting=true, enablePersistentHover=true, ie.ensureCleanSession=false, browserName=internet explorer, enableElementCacheCleanup=true, unexpectedAlertBehaviour=dismiss, version=11, pageLoadStrategy=normal, ie.usePerProcessProxy=false, cssSelectorsEnabled=true, ignoreProtectedModeSettings=true, requireWindowFocus=false, initialBrowserUrl=http://localhost:35103/, handlesAlerts=true, ie.forceCreateProcessApi=false, nativeEvents=true, browserAttachTimeout=0, ie.browserCommandLineSwitches=, takesScreenshot=true}]
Command duration or timeout: 510 milliseconds
Build info: version: '2.48.2', revision: '41bccdd', time: '2015-10-09 19:59:12'
System info: host: 'FVTIII438F1D', ip: '172.17.68.34', os.name: 'Windows 7', os.arch: 'x86', os.version: '6.1', java.version: '1.7.0_55'
Session ID: 7edd0958-d530-4ee2-8d55-3eab81ba8f75
Driver info: org.openqa.selenium.remote.RemoteWebDriver
Capabilities [{platform=WINDOWS, javascriptEnabled=true, elementScrollBehavior=0, ignoreZoomSetting=true, enablePersistentHover=true, ie.ensureCleanSession=false, browserName=internet explorer, enableElementCacheCleanup=true, unexpectedAlertBehaviour=dismiss, webdriver.remote.sessionid=7edd0958-d530-4ee2-8d55-3eab81ba8f75, version=11, pageLoadStrategy=normal, ie.usePerProcessProxy=false, cssSelectorsEnabled=true, ignoreProtectedModeSettings=true, requireWindowFocus=false, initialBrowserUrl=http://localhost:35103/, handlesAlerts=true, ie.forceCreateProcessApi=false, nativeEvents=true, browserAttachTimeout=0, ie.browserCommandLineSwitches=, takesScreenshot=true}]
[DEBUG][2015-11-27 19:39:42,882][com.java.SeleniumDriver] [ 1561] - Unable to get the Platform Error list from Hash Map.
[ERROR][2015-11-27 19:39:42,882][com.java.SeleniumDriver] [ 1157] - 
[INFO ][2015-11-27 19:39:42,883][com.java.SeleniumDriver] [  796] - ------------------------------------------
[INFO ][2015-11-27 19:39:42,883][com.java.SeleniumDriver] [  797] - Test case being Executed: 2
[INFO ][2015-11-27 19:39:42,883][com.java.SeleniumDriver] [  808] - Test step:10
[INFO ][2015-11-27 19:39:42,883][com.java.SeleniumDriver] [  820] - Datavalue is----------null
[DEBUG][2015-11-27 19:39:42,883][com.java.SeleniumDriver] [  838] - Exception: null
[INFO ][2015-11-27 19:39:42,883][com.java.SeleniumDriver] [  844] - DataField : BTNparent
[INFO ][2015-11-27 19:39:42,883][com.java.SeleniumDriver] [  846] - DataValue : 
[INFO ][2015-11-27 19:39:42,883][com.java.SeleniumDriver] [  852] - <In Set values of the page>
[INFO ][2015-11-27 19:39:42,883][com.java.SeleniumDriver] [  855] - {Data Fields & Data Values Exist}
[INFO ][2015-11-27 19:39:42,883][com.java.SeleniumDriver] [  857] - --------------------------setting values-----------------------------
[INFO ][2015-11-27 19:39:42,883][com.java.SeleniumDriver] [  860] - Action Type : SELECTFRAME
[ERROR][2015-11-27 19:39:42,933][com.java.TestType] [ 5041] - Exception: Unable to get browser (WARNING: The server did not provide any stacktrace information)
Command duration or timeout: 13 milliseconds
Build info: version: '2.48.2', revision: '41bccdd', time: '2015-10-09 19:59:12'
System info: host: 'FVTIII421F1D', ip: '172.17.68.83', os.name: 'Windows 7', os.arch: 'x86', os.version: '6.1', java.version: '1.7.0_55'
Session ID: 2e6eee6b-80b3-43a3-8722-0c449ba471ea
Driver info: org.openqa.selenium.ie.InternetExplorerDriver
Capabilities [{platform=WINDOWS, javascriptEnabled=true, elementScrollBehavior=0, ignoreZoomSetting=true, enablePersistentHover=true, ie.ensureCleanSession=false, browserName=internet explorer, enableElementCacheCleanup=true, unexpectedAlertBehaviour=dismiss, version=11, pageLoadStrategy=normal, ie.usePerProcessProxy=false, cssSelectorsEnabled=true, ignoreProtectedModeSettings=true, requireWindowFocus=false, initialBrowserUrl=http://localhost:35103/, handlesAlerts=true, ie.forceCreateProcessApi=false, nativeEvents=true, browserAttachTimeout=0, ie.browserCommandLineSwitches=, takesScreenshot=true}]
Command duration or timeout: 50 milliseconds
Build info: version: '2.48.2', revision: '41bccdd', time: '2015-10-09 19:59:12'
System info: host: 'FVTIII438F1D', ip: '172.17.68.34', os.name: 'Windows 7', os.arch: 'x86', os.version: '6.1', java.version: '1.7.0_55'
Session ID: 7edd0958-d530-4ee2-8d55-3eab81ba8f75
Driver info: org.openqa.selenium.remote.RemoteWebDriver
Capabilities [{platform=WINDOWS, javascriptEnabled=true, elementScrollBehavior=0, ignoreZoomSetting=true, enablePersistentHover=true, ie.ensureCleanSession=false, browserName=internet explorer, enableElementCacheCleanup=true, unexpectedAlertBehaviour=dismiss, webdriver.remote.sessionid=7edd0958-d530-4ee2-8d55-3eab81ba8f75, version=11, pageLoadStrategy=normal, ie.usePerProcessProxy=false, cssSelectorsEnabled=true, ignoreProtectedModeSettings=true, requireWindowFocus=false, initialBrowserUrl=http://localhost:35103/, handlesAlerts=true, ie.forceCreateProcessApi=false, nativeEvents=true, browserAttachTimeout=0, ie.browserCommandLineSwitches=, takesScreenshot=true}]
[INFO ][2015-11-27 19:39:42,933][com.java.SeleniumDriver] [  869] -  RESULT false
[INFO ][2015-11-27 19:39:42,933][com.java.SeleniumDriver] [  916] - ?   F A I L   ?
[INFO ][2015-11-27 19:39:42,933][com.java.SeleniumDriver] [  924] - Browser Type : IE10
[INFO ][2015-11-27 19:39:42,933][com.java.SeleniumDriver] [  925] - Adding Failed case2
[WARN ][2015-11-27 19:39:42,973][com.java.SeleniumDriver] [  985] - Source 'D:\BankersDashboard\TestReports\112715' exists but is a directory
[INFO ][2015-11-27 19:39:42,973][com.java.SeleniumDriver] [ 1039] - failedCases = 1,1,1-2,2,2,2,2,2,2,2,2
[ERROR][2015-11-27 19:39:42,973][com.java.SeleniumDriver] [ 1536] - Platform Errors : Our apologies...::We have encountered an issue with your request.::Our apologies?:We encountered an issue with your request.
[INFO ][2015-11-27 19:39:42,973][com.java.SeleniumDriver] [ 1540] - Length =3
[ERROR][2015-11-27 19:39:42,973][com.java.SeleniumDriver] [ 1543] - Error 0 = Our apologies...
[ERROR][2015-11-27 19:39:43,553][com.java.SeleniumDriver] [ 1557] - Unable to get browser (WARNING: The server did not provide any stacktrace information)
Command duration or timeout: 12 milliseconds
Build info: version: '2.48.2', revision: '41bccdd', time: '2015-10-09 19:59:12'
System info: host: 'FVTIII421F1D', ip: '172.17.68.83', os.name: 'Windows 7', os.arch: 'x86', os.version: '6.1', java.version: '1.7.0_55'
Session ID: 2e6eee6b-80b3-43a3-8722-0c449ba471ea
Driver info: org.openqa.selenium.ie.InternetExplorerDriver
Capabilities [{platform=WINDOWS, javascriptEnabled=true, elementScrollBehavior=0, ignoreZoomSetting=true, enablePersistentHover=true, ie.ensureCleanSession=false, browserName=internet explorer, enableElementCacheCleanup=true, unexpectedAlertBehaviour=dismiss, version=11, pageLoadStrategy=normal, ie.usePerProcessProxy=false, cssSelectorsEnabled=true, ignoreProtectedModeSettings=true, requireWindowFocus=false, initialBrowserUrl=http://localhost:35103/, handlesAlerts=true, ie.forceCreateProcessApi=false, nativeEvents=true, browserAttachTimeout=0, ie.browserCommandLineSwitches=, takesScreenshot=true}]
Command duration or timeout: 580 milliseconds
Build info: version: '2.48.2', revision: '41bccdd', time: '2015-10-09 19:59:12'
System info: host: 'FVTIII438F1D', ip: '172.17.68.34', os.name: 'Windows 7', os.arch: 'x86', os.version: '6.1', java.version: '1.7.0_55'
Session ID: 7edd0958-d530-4ee2-8d55-3eab81ba8f75
Driver info: org.openqa.selenium.remote.RemoteWebDriver
Capabilities [{platform=WINDOWS, javascriptEnabled=true, elementScrollBehavior=0, ignoreZoomSetting=true, enablePersistentHover=true, ie.ensureCleanSession=false, browserName=internet explorer, enableElementCacheCleanup=true, unexpectedAlertBehaviour=dismiss, webdriver.remote.sessionid=7edd0958-d530-4ee2-8d55-3eab81ba8f75, version=11, pageLoadStrategy=normal, ie.usePerProcessProxy=false, cssSelectorsEnabled=true, ignoreProtectedModeSettings=true, requireWindowFocus=false, initialBrowserUrl=http://localhost:35103/, handlesAlerts=true, ie.forceCreateProcessApi=false, nativeEvents=true, browserAttachTimeout=0, ie.browserCommandLineSwitches=, takesScreenshot=true}]
[INFO ][2015-11-27 19:39:43,553][com.java.SeleniumDriver] [ 1559] - FindPlatformErrors exception: Unable to get browser (WARNING: The server did not provide any stacktrace information)
Command duration or timeout: 12 milliseconds
Build info: version: '2.48.2', revision: '41bccdd', time: '2015-10-09 19:59:12'
System info: host: 'FVTIII421F1D', ip: '172.17.68.83', os.name: 'Windows 7', os.arch: 'x86', os.version: '6.1', java.version: '1.7.0_55'
Session ID: 2e6eee6b-80b3-43a3-8722-0c449ba471ea
Driver info: org.openqa.selenium.ie.InternetExplorerDriver
Capabilities [{platform=WINDOWS, javascriptEnabled=true, elementScrollBehavior=0, ignoreZoomSetting=true, enablePersistentHover=true, ie.ensureCleanSession=false, browserName=internet explorer, enableElementCacheCleanup=true, unexpectedAlertBehaviour=dismiss, version=11, pageLoadStrategy=normal, ie.usePerProcessProxy=false, cssSelectorsEnabled=true, ignoreProtectedModeSettings=true, requireWindowFocus=false, initialBrowserUrl=http://localhost:35103/, handlesAlerts=true, ie.forceCreateProcessApi=false, nativeEvents=true, browserAttachTimeout=0, ie.browserCommandLineSwitches=, takesScreenshot=true}]
Command duration or timeout: 580 milliseconds
Build info: version: '2.48.2', revision: '41bccdd', time: '2015-10-09 19:59:12'
System info: host: 'FVTIII438F1D', ip: '172.17.68.34', os.name: 'Windows 7', os.arch: 'x86', os.version: '6.1', java.version: '1.7.0_55'
Session ID: 7edd0958-d530-4ee2-8d55-3eab81ba8f75
Driver info: org.openqa.selenium.remote.RemoteWebDriver
Capabilities [{platform=WINDOWS, javascriptEnabled=true, elementScrollBehavior=0, ignoreZoomSetting=true, enablePersistentHover=true, ie.ensureCleanSession=false, browserName=internet explorer, enableElementCacheCleanup=true, unexpectedAlertBehaviour=dismiss, webdriver.remote.sessionid=7edd0958-d530-4ee2-8d55-3eab81ba8f75, version=11, pageLoadStrategy=normal, ie.usePerProcessProxy=false, cssSelectorsEnabled=true, ignoreProtectedModeSettings=true, requireWindowFocus=false, initialBrowserUrl=http://localhost:35103/, handlesAlerts=true, ie.forceCreateProcessApi=false, nativeEvents=true, browserAttachTimeout=0, ie.browserCommandLineSwitches=, takesScreenshot=true}]
[DEBUG][2015-11-27 19:39:43,553][com.java.SeleniumDriver] [ 1561] - Unable to get the Platform Error list from Hash Map.
[ERROR][2015-11-27 19:39:43,553][com.java.SeleniumDriver] [ 1157] - 
[INFO ][2015-11-27 19:39:43,553][com.java.SeleniumDriver] [  796] - ------------------------------------------
[INFO ][2015-11-27 19:39:43,553][com.java.SeleniumDriver] [  797] - Test case being Executed: 2
[INFO ][2015-11-27 19:39:43,553][com.java.SeleniumDriver] [  808] - Test step:11
[INFO ][2015-11-27 19:39:43,553][com.java.SeleniumDriver] [  820] - Datavalue is----------null
[DEBUG][2015-11-27 19:39:43,553][com.java.SeleniumDriver] [  838] - Exception: null
[INFO ][2015-11-27 19:39:43,553][com.java.SeleniumDriver] [  844] - DataField : HDN//span[@class="ui-button-text" and contains(text(),'Continue')]
[INFO ][2015-11-27 19:39:43,553][com.java.SeleniumDriver] [  846] - DataValue : 
[INFO ][2015-11-27 19:39:43,553][com.java.SeleniumDriver] [  852] - <In Set values of the page>
[INFO ][2015-11-27 19:39:43,553][com.java.SeleniumDriver] [  855] - {Data Fields & Data Values Exist}
[INFO ][2015-11-27 19:39:43,553][com.java.SeleniumDriver] [  857] - --------------------------setting values-----------------------------
[INFO ][2015-11-27 19:39:43,553][com.java.SeleniumDriver] [  860] - Action Type : CLICK
[INFO ][2015-11-27 19:39:43,553][com.java.TestType] [ 5119] - Field ::HDN//span[@class="ui-button-text" and contains(text(),'Continue')]
