[INFO ][2015-10-28 14:11:43,874][com.java.SeleniumDriver] [  213] - Execute Failed Casesfalse
[INFO ][2015-10-28 14:11:43,874][com.java.SeleniumDriver] [  214] - Browser: IE11
[INFO ][2015-10-28 14:11:43,874][com.java.SeleniumDriver] [  215] - [1, 2, 3, 4, 5, 6, 7, 8, 9, 10, 11, 12, 13, 14, 15]
[INFO ][2015-10-28 14:11:43,874][com.java.SeleniumDriver] [  216] - Total TestCases:15
[INFO ][2015-10-28 14:11:43,875][com.java.SeleniumDriver] [  217] -  Reading Properties from Property File 
[DEBUG][2015-10-28 14:11:43,875][com.java.SeleniumDriver] [  238] - url : https://clients.xuat.bankersdashboard.com
[INFO ][2015-10-28 14:11:43,876][com.java.ImportnExport.ExportTestResultsExcel] [  116] - Time Stamp Wed Oct 28 02:11:43 IST 2015
[INFO ][2015-10-28 14:11:43,876][com.java.ImportnExport.ExportTestResultsExcel] [  175] - OUT FILE : D:\BankersDashboard/TestReports/Test Results_BankersDashBoard_102815_141143_IE11_Bank of North Carolina.xls
[INFO ][2015-10-28 14:11:43,903][com.java.ImportnExport.ExportTestResultsExcel] [  180] - Test Result file is created
[DEBUG][2015-10-28 14:11:44,002][com.java.SeleniumDriver] [  425] - Hub ip address is-------172.17.68.34
[INFO ][2015-10-28 14:11:44,003][com.java.SeleniumDriver] [  451] - Grid URL:http://172.17.68.34:4444/wd/hub
[INFO ][2015-10-28 14:11:44,003][com.java.SeleniumDriver] [  452] - Capability:Capabilities [{platform=ANY, ensureCleanSession=true, ignoreProtectedModeSettings=true, acceptSslCerts=true, ignoreZoomSetting=true, browserName=internet explorer, browserstack.ie.noFlash=true, version=Node1}]
[ERROR][2015-10-28 14:11:45,295][com.java.SeleniumDriver] [  496] - Unable invoke browser in grid:Could not start a new session. Possible causes are invalid address of the remote server or browser start-up failure.
Build info: version: '2.48.2', revision: '41bccdd', time: '2015-10-09 19:59:12'
System info: host: 'FVTIII438F1D', ip: '172.17.68.34', os.name: 'Windows 7', os.arch: 'x86', os.version: '6.1', java.version: '1.7.0_55'
Driver info: driver.version: SeleniumDriver
[INFO ][2015-10-28 14:11:45,295][com.java.SeleniumDriver] [  498] - Executing on local machine
[INFO ][2015-10-28 14:11:56,009][com.java.SeleniumDriver] [  248] - IE11is opened
[INFO ][2015-10-28 14:11:56,704][com.java.SeleniumDriver] [  752] - Test cases to be executed are: [1, 2, 3, 4, 5, 6, 7, 8, 9, 10, 11, 12, 13, 14, 15]
[INFO ][2015-10-28 14:11:56,704][com.java.ImportnExport.ImportTestDataDetailsExcel] [   49] - test data details path===== D:\BankersDashboard\TestInputs\TestData.xls
[INFO ][2015-10-28 14:11:57,508][com.java.SeleniumDriver] [  790] - ------------------------------------------
[INFO ][2015-10-28 14:11:57,508][com.java.SeleniumDriver] [  791] - Test case being Executed: 1
[INFO ][2015-10-28 14:11:57,538][com.java.SeleniumDriver] [  802] - Test step:1
[INFO ][2015-10-28 14:11:57,538][com.java.SeleniumDriver] [  814] - Datavalue is----------naresh.nayini111.00000
[INFO ][2015-10-28 14:11:57,538][com.java.SeleniumDriver] [  838] - DataField : TXTusername
[INFO ][2015-10-28 14:11:57,539][com.java.SeleniumDriver] [  840] - DataValue : naresh.nayini111.00000
[INFO ][2015-10-28 14:11:57,539][com.java.SeleniumDriver] [  846] - <In Set values of the page>
[INFO ][2015-10-28 14:11:57,539][com.java.SeleniumDriver] [  849] - {Data Fields & Data Values Exist}
[INFO ][2015-10-28 14:11:57,539][com.java.SeleniumDriver] [  851] - --------------------------setting values-----------------------------
[INFO ][2015-10-28 14:11:57,539][com.java.SeleniumDriver] [  854] - Action Type : CLEARANDENTER
[INFO ][2015-10-28 14:11:57,556][com.java.TestType] [ 2981] - value = naresh.nayini111.00000
[INFO ][2015-10-28 14:12:02,379][com.java.SeleniumDriver] [  863] -  RESULT true
[INFO ][2015-10-28 14:12:02,379][com.java.SeleniumDriver] [ 1068] - ?   P A S S   ?
[INFO ][2015-10-28 14:12:02,379][com.java.SeleniumDriver] [  790] - ------------------------------------------
[INFO ][2015-10-28 14:12:02,379][com.java.SeleniumDriver] [  791] - Test case being Executed: 1
[INFO ][2015-10-28 14:12:02,379][com.java.SeleniumDriver] [  802] - Test step:2
[INFO ][2015-10-28 14:12:02,379][com.java.SeleniumDriver] [  814] - Datavalue is----------Password1*
[INFO ][2015-10-28 14:12:02,380][com.java.SeleniumDriver] [  838] - DataField : TXTpassword
[INFO ][2015-10-28 14:12:02,380][com.java.SeleniumDriver] [  840] - DataValue : Password1*
[INFO ][2015-10-28 14:12:02,380][com.java.SeleniumDriver] [  846] - <In Set values of the page>
[INFO ][2015-10-28 14:12:02,380][com.java.SeleniumDriver] [  849] - {Data Fields & Data Values Exist}
[INFO ][2015-10-28 14:12:02,380][com.java.SeleniumDriver] [  851] - --------------------------setting values-----------------------------
[INFO ][2015-10-28 14:12:02,380][com.java.SeleniumDriver] [  854] - Action Type : CLEARANDENTER
[INFO ][2015-10-28 14:12:02,380][com.java.TestType] [ 2981] - value = Password1*
[INFO ][2015-10-28 14:12:07,275][com.java.SeleniumDriver] [  863] -  RESULT true
[INFO ][2015-10-28 14:12:07,276][com.java.SeleniumDriver] [ 1068] - ?   P A S S   ?
[INFO ][2015-10-28 14:12:07,276][com.java.SeleniumDriver] [  790] - ------------------------------------------
[INFO ][2015-10-28 14:12:07,276][com.java.SeleniumDriver] [  791] - Test case being Executed: 1
[INFO ][2015-10-28 14:12:07,276][com.java.SeleniumDriver] [  802] - Test step:3
[INFO ][2015-10-28 14:12:07,276][com.java.SeleniumDriver] [  814] - Datavalue is----------null
[DEBUG][2015-10-28 14:12:07,276][com.java.SeleniumDriver] [  832] - Exception: null
[INFO ][2015-10-28 14:12:07,276][com.java.SeleniumDriver] [  838] - DataField : XPH//button[@type='submit']
[INFO ][2015-10-28 14:12:07,276][com.java.SeleniumDriver] [  840] - DataValue : 
[INFO ][2015-10-28 14:12:07,277][com.java.SeleniumDriver] [  846] - <In Set values of the page>
[INFO ][2015-10-28 14:12:07,277][com.java.SeleniumDriver] [  849] - {Data Fields & Data Values Exist}
[INFO ][2015-10-28 14:12:07,277][com.java.SeleniumDriver] [  851] - --------------------------setting values-----------------------------
[INFO ][2015-10-28 14:12:07,277][com.java.SeleniumDriver] [  854] - Action Type : Click
[INFO ][2015-10-28 14:12:07,277][com.java.TestType] [ 3251] - Field ::XPH//button[@type='submit']
[INFO ][2015-10-28 14:12:08,299][com.java.TestType] [ 3302] - BEFORE CLICK
[INFO ][2015-10-28 14:12:09,184][com.java.TestType] [ 3308] - Unable to click the object Login
[INFO ][2015-10-28 14:12:09,184][com.java.SeleniumDriver] [  863] -  RESULT true
[INFO ][2015-10-28 14:12:09,184][com.java.SeleniumDriver] [ 1068] - ?   P A S S   ?
[INFO ][2015-10-28 14:12:09,184][com.java.SeleniumDriver] [  790] - ------------------------------------------
[INFO ][2015-10-28 14:12:09,184][com.java.SeleniumDriver] [  791] - Test case being Executed: 1
[INFO ][2015-10-28 14:12:09,184][com.java.SeleniumDriver] [  802] - Test step:4
[INFO ][2015-10-28 14:12:09,184][com.java.SeleniumDriver] [  814] - Datavalue is----------1
[INFO ][2015-10-28 14:12:09,184][com.java.SeleniumDriver] [  838] - DataField : XPH//*[@id='loginbox']/form/span
[INFO ][2015-10-28 14:12:09,184][com.java.SeleniumDriver] [  840] - DataValue : 1
[INFO ][2015-10-28 14:12:09,185][com.java.SeleniumDriver] [  846] - <In Set values of the page>
[INFO ][2015-10-28 14:12:09,185][com.java.SeleniumDriver] [  849] - {Data Fields & Data Values Exist}
[INFO ][2015-10-28 14:12:09,185][com.java.SeleniumDriver] [  851] - --------------------------setting values-----------------------------
[INFO ][2015-10-28 14:12:09,185][com.java.SeleniumDriver] [  854] - Action Type : WaitForElement
[INFO ][2015-10-28 14:12:09,231][com.java.SeleniumDriver] [  863] -  RESULT true
[INFO ][2015-10-28 14:12:09,232][com.java.SeleniumDriver] [ 1068] - ?   P A S S   ?
[INFO ][2015-10-28 14:12:09,232][com.java.SeleniumDriver] [  790] - ------------------------------------------
[INFO ][2015-10-28 14:12:09,232][com.java.SeleniumDriver] [  791] - Test case being Executed: 1
[INFO ][2015-10-28 14:12:09,232][com.java.SeleniumDriver] [  802] - Test step:5
[INFO ][2015-10-28 14:12:09,232][com.java.SeleniumDriver] [  814] - Datavalue is----------Your username and/or password is incorrect.
[INFO ][2015-10-28 14:12:09,232][com.java.SeleniumDriver] [  838] - DataField : XPH//*[@id='loginbox']/form/span
[INFO ][2015-10-28 14:12:09,232][com.java.SeleniumDriver] [  840] - DataValue : Your username and/or password is incorrect.
[INFO ][2015-10-28 14:12:09,232][com.java.SeleniumDriver] [  846] - <In Set values of the page>
[INFO ][2015-10-28 14:12:09,232][com.java.SeleniumDriver] [  849] - {Data Fields & Data Values Exist}
[INFO ][2015-10-28 14:12:09,232][com.java.SeleniumDriver] [  851] - --------------------------setting values-----------------------------
[INFO ][2015-10-28 14:12:09,233][com.java.SeleniumDriver] [  854] - Action Type : Verify
[INFO ][2015-10-28 14:12:09,233][com.java.TestType] [ 3890] - field= XPH//*[@id='loginbox']/form/span value= Your username and/or password is incorrect.
[INFO ][2015-10-28 14:12:09,242][com.java.TestType] [ 2981] - value = Your username and/or password is incorrect.
[INFO ][2015-10-28 14:12:09,393][com.java.SeleniumDriver] [  863] -  RESULT true
[INFO ][2015-10-28 14:12:09,393][com.java.SeleniumDriver] [ 1068] - ?   P A S S   ?
[DEBUG][2015-10-28 14:12:09,393][com.java.SeleniumDriver] [ 1170] - Case found
[DEBUG][2015-10-28 14:12:09,393][com.java.SeleniumDriver] [ 1175] - Incrementing ReportCounters[0]:1
[INFO ][2015-10-28 14:12:09,393][com.java.SeleniumDriver] [ 1194] - The results are-------------------[1, 1, Invalid Login case, Pass, , Wed Oct 28 14:12:02 IST 2015, 1, 2, Invalid Login case, Pass, , Wed Oct 28 14:12:07 IST 2015, 1, 3, Invalid Login case, Pass, , Wed Oct 28 14:12:09 IST 2015, 1, 4, Invalid Login case, Pass, , Wed Oct 28 14:12:09 IST 2015, 1, 5, Invalid Login case, Pass, , Wed Oct 28 14:12:09 IST 2015]
[INFO ][2015-10-28 14:12:09,393][com.java.SeleniumDriver] [ 1198] - End time is-------27 sec
[INFO ][2015-10-28 14:12:09,393][com.java.SeleniumDriver] [ 1199] - The results are-------------------[1, 1, Invalid Login case, Pass, , Wed Oct 28 14:12:02 IST 2015, 1, 2, Invalid Login case, Pass, , Wed Oct 28 14:12:07 IST 2015, 1, 3, Invalid Login case, Pass, , Wed Oct 28 14:12:09 IST 2015, 1, 4, Invalid Login case, Pass, , Wed Oct 28 14:12:09 IST 2015, 1, 5, Invalid Login case, Pass, , Wed Oct 28 14:12:09 IST 2015]
[DEBUG][2015-10-28 14:12:09,393][com.java.ImportnExport.ExportTestResultsExcel] [  222] - testResultPath = D:\BankersDashboard/TestReports/Test Results_BankersDashBoard_102815_141143_IE11_Bank of North Carolina.xls
[DEBUG][2015-10-28 14:12:09,394][com.java.ImportnExport.ExportTestResultsExcel] [  223] - browser is------------IE11
[DEBUG][2015-10-28 14:12:09,442][com.java.ImportnExport.ExportTestResultsExcel] [  270] - result.size() = 30
[DEBUG][2015-10-28 14:12:09,442][com.java.ImportnExport.ExportTestResultsExcel] [  274] - No of rows in sheet=1
[DEBUG][2015-10-28 14:12:09,443][com.java.ImportnExport.ExportTestResultsExcel] [  301] - ..in export..1
[DEBUG][2015-10-28 14:12:09,443][com.java.ImportnExport.ExportTestResultsExcel] [  301] - ..in export..Invalid Login case
[DEBUG][2015-10-28 14:12:09,443][com.java.ImportnExport.ExportTestResultsExcel] [  301] - ..in export..Pass
[DEBUG][2015-10-28 14:12:09,443][com.java.ImportnExport.ExportTestResultsExcel] [  301] - ..in export..
[DEBUG][2015-10-28 14:12:09,443][com.java.ImportnExport.ExportTestResultsExcel] [  301] - ..in export..Wed Oct 28 14:12:02 IST 2015
[INFO ][2015-10-28 14:12:09,445][com.java.SeleniumDriver] [ 1257] - out loop:0 size:15 TestCases:[1, 2, 3, 4, 5, 6, 7, 8, 9, 10, 11, 12, 13, 14, 15] testcases:[1, 2, 3, 4, 5, 6, 7, 8, 9, 10, 11, 12, 13, 14, 15]
[INFO ][2015-10-28 14:12:09,445][com.java.ImportnExport.ImportTestDataDetailsExcel] [   49] - test data details path===== D:\BankersDashboard\TestInputs\TestData.xls
[INFO ][2015-10-28 14:12:10,463][com.java.SeleniumDriver] [  790] - ------------------------------------------
[INFO ][2015-10-28 14:12:10,463][com.java.SeleniumDriver] [  791] - Test case being Executed: 2
[INFO ][2015-10-28 14:12:10,463][com.java.SeleniumDriver] [  802] - Test step:1
[INFO ][2015-10-28 14:12:10,463][com.java.SeleniumDriver] [  814] - Datavalue is----------Concept#1:1-14
[INFO ][2015-10-28 14:12:10,463][com.java.SeleniumDriver] [  838] - DataField : test
[INFO ][2015-10-28 14:12:10,464][com.java.SeleniumDriver] [  840] - DataValue : Concept#1:1-14
[INFO ][2015-10-28 14:12:10,464][com.java.SeleniumDriver] [  846] - <In Set values of the page>
[INFO ][2015-10-28 14:12:10,464][com.java.SeleniumDriver] [  849] - {Data Fields & Data Values Exist}
[INFO ][2015-10-28 14:12:10,464][com.java.SeleniumDriver] [  851] - --------------------------setting values-----------------------------
[INFO ][2015-10-28 14:12:10,464][com.java.SeleniumDriver] [  854] - Action Type : ExecuteTestCase
[INFO ][2015-10-28 14:12:10,464][com.java.TestType] [  353] - The Concept sheet name is ---------- Concept
[INFO ][2015-10-28 14:12:10,464][com.java.TestType] [  355] - The Concept ID  is ---------- 1
[DEBUG][2015-10-28 14:12:10,464][com.java.TestType] [  357] - Steps being executted in the Concept are: 1:14
[INFO ][2015-10-28 14:12:10,464][com.java.TestType] [  361] - Test data details path ---------- D:\BankersDashboard\TestInputs\TestData.xls
[INFO ][2015-10-28 14:12:10,496][com.java.TestType] [  385] -  str(1) = 1
[INFO ][2015-10-28 14:12:10,496][com.java.TestType] [  388] - Test case Id is---1
[INFO ][2015-10-28 14:12:10,496][com.java.TestType] [  390] - 1
[INFO ][2015-10-28 14:12:10,496][com.java.TestType] [  385] -  str(2) = 1
[INFO ][2015-10-28 14:12:10,498][com.java.TestType] [  435] - row values are--------{1=com.java.Objects.TestDataDetails@ab0028}
[INFO ][2015-10-28 14:12:10,498][com.java.TestType] [  385] -  str(1) = 1
[INFO ][2015-10-28 14:12:10,498][com.java.TestType] [  388] - Test case Id is---1
[INFO ][2015-10-28 14:12:10,498][com.java.TestType] [  390] - 1
[INFO ][2015-10-28 14:12:10,498][com.java.TestType] [  385] -  str(2) = 2
[INFO ][2015-10-28 14:12:10,499][com.java.TestType] [  435] - row values are--------{1=com.java.Objects.TestDataDetails@ab0028, 2=com.java.Objects.TestDataDetails@152327c}
[INFO ][2015-10-28 14:12:10,499][com.java.TestType] [  385] -  str(1) = 1
[INFO ][2015-10-28 14:12:10,499][com.java.TestType] [  388] - Test case Id is---1
[INFO ][2015-10-28 14:12:10,499][com.java.TestType] [  390] - 1
[INFO ][2015-10-28 14:12:10,499][com.java.TestType] [  385] -  str(2) = 3
[INFO ][2015-10-28 14:12:10,500][com.java.TestType] [  435] - row values are--------{1=com.java.Objects.TestDataDetails@ab0028, 2=com.java.Objects.TestDataDetails@152327c, 3=com.java.Objects.TestDataDetails@177d5f5}
[INFO ][2015-10-28 14:12:10,500][com.java.TestType] [  385] -  str(1) = 1
[INFO ][2015-10-28 14:12:10,500][com.java.TestType] [  388] - Test case Id is---1
[INFO ][2015-10-28 14:12:10,500][com.java.TestType] [  390] - 1
[INFO ][2015-10-28 14:12:10,500][com.java.TestType] [  385] -  str(2) = 4
[INFO ][2015-10-28 14:12:10,503][com.java.TestType] [  435] - row values are--------{1=com.java.Objects.TestDataDetails@ab0028, 2=com.java.Objects.TestDataDetails@152327c, 3=com.java.Objects.TestDataDetails@177d5f5, 4=com.java.Objects.TestDataDetails@47898f}
[INFO ][2015-10-28 14:12:10,503][com.java.TestType] [  385] -  str(1) = 1
[INFO ][2015-10-28 14:12:10,503][com.java.TestType] [  388] - Test case Id is---1
[INFO ][2015-10-28 14:12:10,503][com.java.TestType] [  390] - 1
[INFO ][2015-10-28 14:12:10,503][com.java.TestType] [  385] -  str(2) = 5
[INFO ][2015-10-28 14:12:10,504][com.java.TestType] [  435] - row values are--------{1=com.java.Objects.TestDataDetails@ab0028, 2=com.java.Objects.TestDataDetails@152327c, 3=com.java.Objects.TestDataDetails@177d5f5, 4=com.java.Objects.TestDataDetails@47898f, 5=com.java.Objects.TestDataDetails@564290}
[INFO ][2015-10-28 14:12:10,504][com.java.TestType] [  385] -  str(1) = 1
[INFO ][2015-10-28 14:12:10,504][com.java.TestType] [  388] - Test case Id is---1
[INFO ][2015-10-28 14:12:10,504][com.java.TestType] [  390] - 1
[INFO ][2015-10-28 14:12:10,504][com.java.TestType] [  385] -  str(2) = 6
[INFO ][2015-10-28 14:12:10,505][com.java.TestType] [  435] - row values are--------{1=com.java.Objects.TestDataDetails@ab0028, 2=com.java.Objects.TestDataDetails@152327c, 3=com.java.Objects.TestDataDetails@177d5f5, 4=com.java.Objects.TestDataDetails@47898f, 5=com.java.Objects.TestDataDetails@564290, 6=com.java.Objects.TestDataDetails@15867fa}
[INFO ][2015-10-28 14:12:10,505][com.java.TestType] [  385] -  str(1) = 1
[INFO ][2015-10-28 14:12:10,505][com.java.TestType] [  388] - Test case Id is---1
[INFO ][2015-10-28 14:12:10,505][com.java.TestType] [  390] - 1
[INFO ][2015-10-28 14:12:10,505][com.java.TestType] [  385] -  str(2) = 7
[INFO ][2015-10-28 14:12:10,506][com.java.TestType] [  435] - row values are--------{1=com.java.Objects.TestDataDetails@ab0028, 2=com.java.Objects.TestDataDetails@152327c, 3=com.java.Objects.TestDataDetails@177d5f5, 4=com.java.Objects.TestDataDetails@47898f, 5=com.java.Objects.TestDataDetails@564290, 6=com.java.Objects.TestDataDetails@15867fa, 7=com.java.Objects.TestDataDetails@37114f}
[INFO ][2015-10-28 14:12:10,506][com.java.TestType] [  385] -  str(1) = 1
[INFO ][2015-10-28 14:12:10,506][com.java.TestType] [  388] - Test case Id is---1
[INFO ][2015-10-28 14:12:10,506][com.java.TestType] [  390] - 1
[INFO ][2015-10-28 14:12:10,506][com.java.TestType] [  385] -  str(2) = 8
[INFO ][2015-10-28 14:12:10,507][com.java.TestType] [  435] - row values are--------{1=com.java.Objects.TestDataDetails@ab0028, 2=com.java.Objects.TestDataDetails@152327c, 3=com.java.Objects.TestDataDetails@177d5f5, 4=com.java.Objects.TestDataDetails@47898f, 5=com.java.Objects.TestDataDetails@564290, 6=com.java.Objects.TestDataDetails@15867fa, 7=com.java.Objects.TestDataDetails@37114f, 8=com.java.Objects.TestDataDetails@cc1102}
[INFO ][2015-10-28 14:12:10,507][com.java.TestType] [  385] -  str(1) = 1
[INFO ][2015-10-28 14:12:10,507][com.java.TestType] [  388] - Test case Id is---1
[INFO ][2015-10-28 14:12:10,507][com.java.TestType] [  390] - 1
[INFO ][2015-10-28 14:12:10,507][com.java.TestType] [  385] -  str(2) = 9
[INFO ][2015-10-28 14:12:10,508][com.java.TestType] [  435] - row values are--------{1=com.java.Objects.TestDataDetails@ab0028, 2=com.java.Objects.TestDataDetails@152327c, 3=com.java.Objects.TestDataDetails@177d5f5, 4=com.java.Objects.TestDataDetails@47898f, 5=com.java.Objects.TestDataDetails@564290, 6=com.java.Objects.TestDataDetails@15867fa, 7=com.java.Objects.TestDataDetails@37114f, 8=com.java.Objects.TestDataDetails@cc1102, 9=com.java.Objects.TestDataDetails@1e219e2}
[INFO ][2015-10-28 14:12:10,508][com.java.TestType] [  385] -  str(1) = 1
[INFO ][2015-10-28 14:12:10,508][com.java.TestType] [  388] - Test case Id is---1
[INFO ][2015-10-28 14:12:10,508][com.java.TestType] [  390] - 1
[INFO ][2015-10-28 14:12:10,508][com.java.TestType] [  385] -  str(2) = 10
[INFO ][2015-10-28 14:12:10,509][com.java.TestType] [  435] - row values are--------{1=com.java.Objects.TestDataDetails@ab0028, 2=com.java.Objects.TestDataDetails@152327c, 3=com.java.Objects.TestDataDetails@177d5f5, 4=com.java.Objects.TestDataDetails@47898f, 5=com.java.Objects.TestDataDetails@564290, 6=com.java.Objects.TestDataDetails@15867fa, 7=com.java.Objects.TestDataDetails@37114f, 8=com.java.Objects.TestDataDetails@cc1102, 9=com.java.Objects.TestDataDetails@1e219e2, 10=com.java.Objects.TestDataDetails@147e045}
[INFO ][2015-10-28 14:12:10,509][com.java.TestType] [  385] -  str(1) = 1
[INFO ][2015-10-28 14:12:10,509][com.java.TestType] [  388] - Test case Id is---1
[INFO ][2015-10-28 14:12:10,509][com.java.TestType] [  390] - 1
[INFO ][2015-10-28 14:12:10,509][com.java.TestType] [  385] -  str(2) = 11
[INFO ][2015-10-28 14:12:10,510][com.java.TestType] [  435] - row values are--------{1=com.java.Objects.TestDataDetails@ab0028, 2=com.java.Objects.TestDataDetails@152327c, 3=com.java.Objects.TestDataDetails@177d5f5, 4=com.java.Objects.TestDataDetails@47898f, 5=com.java.Objects.TestDataDetails@564290, 6=com.java.Objects.TestDataDetails@15867fa, 7=com.java.Objects.TestDataDetails@37114f, 8=com.java.Objects.TestDataDetails@cc1102, 9=com.java.Objects.TestDataDetails@1e219e2, 10=com.java.Objects.TestDataDetails@147e045, 11=com.java.Objects.TestDataDetails@1e7f95c}
[INFO ][2015-10-28 14:12:10,510][com.java.TestType] [  385] -  str(1) = 1
[INFO ][2015-10-28 14:12:10,510][com.java.TestType] [  388] - Test case Id is---1
[INFO ][2015-10-28 14:12:10,510][com.java.TestType] [  390] - 1
[INFO ][2015-10-28 14:12:10,510][com.java.TestType] [  385] -  str(2) = 12
[INFO ][2015-10-28 14:12:10,511][com.java.TestType] [  435] - row values are--------{1=com.java.Objects.TestDataDetails@ab0028, 2=com.java.Objects.TestDataDetails@152327c, 3=com.java.Objects.TestDataDetails@177d5f5, 4=com.java.Objects.TestDataDetails@47898f, 5=com.java.Objects.TestDataDetails@564290, 6=com.java.Objects.TestDataDetails@15867fa, 7=com.java.Objects.TestDataDetails@37114f, 8=com.java.Objects.TestDataDetails@cc1102, 9=com.java.Objects.TestDataDetails@1e219e2, 10=com.java.Objects.TestDataDetails@147e045, 11=com.java.Objects.TestDataDetails@1e7f95c, 12=com.java.Objects.TestDataDetails@87dc72}
[INFO ][2015-10-28 14:12:10,511][com.java.TestType] [  385] -  str(1) = 1
[INFO ][2015-10-28 14:12:10,511][com.java.TestType] [  388] - Test case Id is---1
[INFO ][2015-10-28 14:12:10,511][com.java.TestType] [  390] - 1
[INFO ][2015-10-28 14:12:10,511][com.java.TestType] [  385] -  str(2) = 13
[INFO ][2015-10-28 14:12:10,512][com.java.TestType] [  435] - row values are--------{1=com.java.Objects.TestDataDetails@ab0028, 2=com.java.Objects.TestDataDetails@152327c, 3=com.java.Objects.TestDataDetails@177d5f5, 4=com.java.Objects.TestDataDetails@47898f, 5=com.java.Objects.TestDataDetails@564290, 6=com.java.Objects.TestDataDetails@15867fa, 7=com.java.Objects.TestDataDetails@37114f, 8=com.java.Objects.TestDataDetails@cc1102, 9=com.java.Objects.TestDataDetails@1e219e2, 10=com.java.Objects.TestDataDetails@147e045, 11=com.java.Objects.TestDataDetails@1e7f95c, 12=com.java.Objects.TestDataDetails@87dc72, 13=com.java.Objects.TestDataDetails@a70c8f}
[INFO ][2015-10-28 14:12:10,512][com.java.TestType] [  385] -  str(1) = 1
[INFO ][2015-10-28 14:12:10,512][com.java.TestType] [  388] - Test case Id is---1
[INFO ][2015-10-28 14:12:10,512][com.java.TestType] [  390] - 1
[INFO ][2015-10-28 14:12:10,512][com.java.TestType] [  385] -  str(2) = 14
[INFO ][2015-10-28 14:12:10,513][com.java.TestType] [  435] - row values are--------{1=com.java.Objects.TestDataDetails@ab0028, 2=com.java.Objects.TestDataDetails@152327c, 3=com.java.Objects.TestDataDetails@177d5f5, 4=com.java.Objects.TestDataDetails@47898f, 5=com.java.Objects.TestDataDetails@564290, 6=com.java.Objects.TestDataDetails@15867fa, 7=com.java.Objects.TestDataDetails@37114f, 8=com.java.Objects.TestDataDetails@cc1102, 9=com.java.Objects.TestDataDetails@1e219e2, 10=com.java.Objects.TestDataDetails@147e045, 11=com.java.Objects.TestDataDetails@1e7f95c, 12=com.java.Objects.TestDataDetails@87dc72, 13=com.java.Objects.TestDataDetails@a70c8f, 14=com.java.Objects.TestDataDetails@457b62}
[INFO ][2015-10-28 14:12:10,513][com.java.TestType] [ 6330] - Looping 1TCID = 1
[DEBUG][2015-10-28 14:12:10,514][com.java.TestType] [ 6341] - Concept ID:1 :: Step being Executed: 1::1
[INFO ][2015-10-28 14:12:10,514][com.java.TestType] [ 6374] - dataFields : TXTusername
[DEBUG][2015-10-28 14:12:10,514][com.java.TestType] [ 6379] - <In Set values of the page>
[DEBUG][2015-10-28 14:12:10,514][com.java.TestType] [ 6383] - {Data Fields & Data Values Exist}
[INFO ][2015-10-28 14:12:10,514][com.java.TestType] [ 6387] - --------------------------setting values-----------------------------
[INFO ][2015-10-28 14:12:10,514][com.java.TestType] [ 6390] - Action Type : CLEARANDENTER
[INFO ][2015-10-28 14:12:10,514][com.java.TestType] [ 2981] - value = valuelabs.ie11.33527
[INFO ][2015-10-28 14:12:15,411][com.java.TestType] [ 6401] -  RESULT true
[INFO ][2015-10-28 14:12:15,411][com.java.TestType] [ 6505] - ?   P A S S   ?
[DEBUG][2015-10-28 14:12:15,411][com.java.TestType] [ 6341] - Concept ID:1 :: Step being Executed: 1::2
[INFO ][2015-10-28 14:12:15,411][com.java.TestType] [ 6374] - dataFields : TXTpassword
[DEBUG][2015-10-28 14:12:15,411][com.java.TestType] [ 6379] - <In Set values of the page>
[DEBUG][2015-10-28 14:12:15,412][com.java.TestType] [ 6383] - {Data Fields & Data Values Exist}
[INFO ][2015-10-28 14:12:15,412][com.java.TestType] [ 6387] - --------------------------setting values-----------------------------
[INFO ][2015-10-28 14:12:15,412][com.java.TestType] [ 6390] - Action Type : CLEARANDENTER
[INFO ][2015-10-28 14:12:15,412][com.java.TestType] [ 2981] - value = Password1*
[INFO ][2015-10-28 14:12:20,449][com.java.TestType] [ 6401] -  RESULT true
[INFO ][2015-10-28 14:12:20,449][com.java.TestType] [ 6505] - ?   P A S S   ?
[DEBUG][2015-10-28 14:12:20,449][com.java.TestType] [ 6341] - Concept ID:1 :: Step being Executed: 1::3
[ERROR][2015-10-28 14:12:20,449][com.java.TestType] [ 6369] - Exception: null
[INFO ][2015-10-28 14:12:20,449][com.java.TestType] [ 6374] - dataFields : XPH//button[@type='submit']
[DEBUG][2015-10-28 14:12:20,449][com.java.TestType] [ 6379] - <In Set values of the page>
[DEBUG][2015-10-28 14:12:20,449][com.java.TestType] [ 6383] - {Data Fields & Data Values Exist}
[INFO ][2015-10-28 14:12:20,449][com.java.TestType] [ 6387] - --------------------------setting values-----------------------------
[INFO ][2015-10-28 14:12:20,450][com.java.TestType] [ 6390] - Action Type : Click
[INFO ][2015-10-28 14:12:20,450][com.java.TestType] [ 3251] - Field ::XPH//button[@type='submit']
[INFO ][2015-10-28 14:12:21,450][com.java.TestType] [ 3302] - BEFORE CLICK
[INFO ][2015-10-28 14:12:32,291][com.java.TestType] [ 3308] - Unable to click the object Login
[INFO ][2015-10-28 14:12:32,291][com.java.TestType] [ 6401] -  RESULT true
[INFO ][2015-10-28 14:12:32,291][com.java.TestType] [ 6505] - ?   P A S S   ?
[DEBUG][2015-10-28 14:12:32,291][com.java.TestType] [ 6341] - Concept ID:1 :: Step being Executed: 1::4
[INFO ][2015-10-28 14:12:32,291][com.java.TestType] [ 6374] - dataFields : LNKLogout
[DEBUG][2015-10-28 14:12:32,291][com.java.TestType] [ 6379] - <In Set values of the page>
[DEBUG][2015-10-28 14:12:32,291][com.java.TestType] [ 6383] - {Data Fields & Data Values Exist}
[INFO ][2015-10-28 14:12:32,291][com.java.TestType] [ 6387] - --------------------------setting values-----------------------------
[INFO ][2015-10-28 14:12:32,292][com.java.TestType] [ 6390] - Action Type : WaitForElement
[INFO ][2015-10-28 14:12:32,325][com.java.TestType] [ 6401] -  RESULT true
[INFO ][2015-10-28 14:12:32,325][com.java.TestType] [ 6505] - ?   P A S S   ?
[DEBUG][2015-10-28 14:12:32,325][com.java.TestType] [ 6341] - Concept ID:1 :: Step being Executed: 1::13
[INFO ][2015-10-28 14:12:32,325][com.java.TestType] [ 6374] - dataFields : LGN
[DEBUG][2015-10-28 14:12:32,325][com.java.TestType] [ 6379] - <In Set values of the page>
[DEBUG][2015-10-28 14:12:32,325][com.java.TestType] [ 6383] - {Data Fields & Data Values Exist}
[INFO ][2015-10-28 14:12:32,325][com.java.TestType] [ 6387] - --------------------------setting values-----------------------------
[INFO ][2015-10-28 14:12:32,325][com.java.TestType] [ 6390] - Action Type : Verify
[INFO ][2015-10-28 14:12:32,326][com.java.TestType] [ 3890] - field= LGN value= Username
[INFO ][2015-10-28 14:12:32,326][com.java.TestType] [ 2981] - value = Username
[INFO ][2015-10-28 14:12:32,480][com.java.TestType] [ 6401] -  RESULT true
[INFO ][2015-10-28 14:12:32,480][com.java.TestType] [ 6505] - ?   P A S S   ?
[DEBUG][2015-10-28 14:12:32,480][com.java.TestType] [ 6341] - Concept ID:1 :: Step being Executed: 1::14
[INFO ][2015-10-28 14:12:32,480][com.java.TestType] [ 6374] - dataFields : LNK
[DEBUG][2015-10-28 14:12:32,480][com.java.TestType] [ 6379] - <In Set values of the page>
[DEBUG][2015-10-28 14:12:32,480][com.java.TestType] [ 6383] - {Data Fields & Data Values Exist}
[INFO ][2015-10-28 14:12:32,480][com.java.TestType] [ 6387] - --------------------------setting values-----------------------------
[INFO ][2015-10-28 14:12:32,480][com.java.TestType] [ 6390] - Action Type : Verify
[INFO ][2015-10-28 14:12:32,481][com.java.TestType] [ 3890] - field= LNK value= Logout
[INFO ][2015-10-28 14:12:32,481][com.java.TestType] [ 2981] - value = Logout
[INFO ][2015-10-28 14:12:32,514][com.java.TestType] [ 6401] -  RESULT true
[INFO ][2015-10-28 14:12:32,514][com.java.TestType] [ 6505] - ?   P A S S   ?
[INFO ][2015-10-28 14:12:32,514][com.java.TestType] [ 6558] - Looping End......
[INFO ][2015-10-28 14:12:32,518][com.java.SeleniumDriver] [  863] -  RESULT true
[INFO ][2015-10-28 14:12:32,518][com.java.SeleniumDriver] [ 1068] - ?   P A S S   ?
[INFO ][2015-10-28 14:12:32,518][com.java.SeleniumDriver] [  790] - ------------------------------------------
[INFO ][2015-10-28 14:12:32,518][com.java.SeleniumDriver] [  791] - Test case being Executed: 2
[INFO ][2015-10-28 14:12:32,518][com.java.SeleniumDriver] [  802] - Test step:2
[INFO ][2015-10-28 14:12:32,518][com.java.SeleniumDriver] [  814] - Datavalue is----------Concept#2:1-2
[INFO ][2015-10-28 14:12:32,518][com.java.SeleniumDriver] [  838] - DataField : test
[INFO ][2015-10-28 14:12:32,518][com.java.SeleniumDriver] [  840] - DataValue : Concept#2:1-2
[INFO ][2015-10-28 14:12:32,518][com.java.SeleniumDriver] [  846] - <In Set values of the page>
[INFO ][2015-10-28 14:12:32,518][com.java.SeleniumDriver] [  849] - {Data Fields & Data Values Exist}
[INFO ][2015-10-28 14:12:32,518][com.java.SeleniumDriver] [  851] - --------------------------setting values-----------------------------
[INFO ][2015-10-28 14:12:32,518][com.java.SeleniumDriver] [  854] - Action Type : ExecuteTestCase
[INFO ][2015-10-28 14:12:32,519][com.java.TestType] [  353] - The Concept sheet name is ---------- Concept
[INFO ][2015-10-28 14:12:32,519][com.java.TestType] [  355] - The Concept ID  is ---------- 2
[DEBUG][2015-10-28 14:12:32,519][com.java.TestType] [  357] - Steps being executted in the Concept are: 1:2
[INFO ][2015-10-28 14:12:32,519][com.java.TestType] [  361] - Test data details path ---------- D:\BankersDashboard\TestInputs\TestData.xls
[INFO ][2015-10-28 14:12:32,551][com.java.TestType] [  385] -  str(1) = 2
[INFO ][2015-10-28 14:12:32,551][com.java.TestType] [  388] - Test case Id is---2
[INFO ][2015-10-28 14:12:32,551][com.java.TestType] [  390] - 2
[INFO ][2015-10-28 14:12:32,551][com.java.TestType] [  385] -  str(2) = 1
[INFO ][2015-10-28 14:12:32,553][com.java.TestType] [  435] - row values are--------{1=com.java.Objects.TestDataDetails@27d3e}
[INFO ][2015-10-28 14:12:32,553][com.java.TestType] [  385] -  str(1) = 2
[INFO ][2015-10-28 14:12:32,553][com.java.TestType] [  388] - Test case Id is---2
[INFO ][2015-10-28 14:12:32,553][com.java.TestType] [  390] - 2
[INFO ][2015-10-28 14:12:32,553][com.java.TestType] [  385] -  str(2) = 2
[INFO ][2015-10-28 14:12:32,554][com.java.TestType] [  435] - row values are--------{1=com.java.Objects.TestDataDetails@27d3e, 2=com.java.Objects.TestDataDetails@8fc202}
[INFO ][2015-10-28 14:12:32,554][com.java.TestType] [ 6330] - Looping 1TCID = 2
[DEBUG][2015-10-28 14:12:32,554][com.java.TestType] [ 6341] - Concept ID:2 :: Step being Executed: 2::1
[INFO ][2015-10-28 14:12:32,554][com.java.TestType] [ 6374] - dataFields : BNK//select[@id='bank']
[DEBUG][2015-10-28 14:12:32,554][com.java.TestType] [ 6379] - <In Set values of the page>
[DEBUG][2015-10-28 14:12:32,554][com.java.TestType] [ 6383] - {Data Fields & Data Values Exist}
[INFO ][2015-10-28 14:12:32,554][com.java.TestType] [ 6387] - --------------------------setting values-----------------------------
[INFO ][2015-10-28 14:12:32,554][com.java.TestType] [ 6390] - Action Type : Select
[INFO ][2015-10-28 14:12:32,555][com.java.TestType] [ 2981] - value = PFC
[INFO ][2015-10-28 14:12:32,818][com.java.TestType] [ 6401] -  RESULT true
[INFO ][2015-10-28 14:12:32,818][com.java.TestType] [ 6505] - ?   P A S S   ?
[DEBUG][2015-10-28 14:12:32,818][com.java.TestType] [ 6341] - Concept ID:2 :: Step being Executed: 2::2
[INFO ][2015-10-28 14:12:32,818][com.java.TestType] [ 6374] - dataFields : LNKLogout
[DEBUG][2015-10-28 14:12:32,818][com.java.TestType] [ 6379] - <In Set values of the page>
[DEBUG][2015-10-28 14:12:32,818][com.java.TestType] [ 6383] - {Data Fields & Data Values Exist}
[INFO ][2015-10-28 14:12:32,818][com.java.TestType] [ 6387] - --------------------------setting values-----------------------------
[INFO ][2015-10-28 14:12:32,818][com.java.TestType] [ 6390] - Action Type : WaitForElement
[INFO ][2015-10-28 14:12:32,851][com.java.TestType] [ 6401] -  RESULT true
[INFO ][2015-10-28 14:12:32,851][com.java.TestType] [ 6505] - ?   P A S S   ?
[INFO ][2015-10-28 14:12:32,851][com.java.TestType] [ 6558] - Looping End......
[INFO ][2015-10-28 14:12:32,855][com.java.SeleniumDriver] [  863] -  RESULT true
[INFO ][2015-10-28 14:12:32,855][com.java.SeleniumDriver] [ 1068] - ?   P A S S   ?
[DEBUG][2015-10-28 14:12:32,855][com.java.SeleniumDriver] [ 1170] - Case found
[DEBUG][2015-10-28 14:12:32,855][com.java.SeleniumDriver] [ 1175] - Incrementing ReportCounters[0]:2
[INFO ][2015-10-28 14:12:32,855][com.java.SeleniumDriver] [ 1194] - The results are-------------------[2, 1, Valid Login, Pass, , Wed Oct 28 14:12:32 IST 2015, 2, 2, Valid Login, Pass, , Wed Oct 28 14:12:32 IST 2015]
[INFO ][2015-10-28 14:12:32,855][com.java.SeleniumDriver] [ 1198] - End time is-------51 sec
[INFO ][2015-10-28 14:12:32,855][com.java.SeleniumDriver] [ 1199] - The results are-------------------[2, 1, Valid Login, Pass, , Wed Oct 28 14:12:32 IST 2015, 2, 2, Valid Login, Pass, , Wed Oct 28 14:12:32 IST 2015]
[DEBUG][2015-10-28 14:12:32,855][com.java.ImportnExport.ExportTestResultsExcel] [  222] - testResultPath = D:\BankersDashboard/TestReports/Test Results_BankersDashBoard_102815_141143_IE11_Bank of North Carolina.xls
[DEBUG][2015-10-28 14:12:32,855][com.java.ImportnExport.ExportTestResultsExcel] [  223] - browser is------------IE11
[DEBUG][2015-10-28 14:12:32,857][com.java.ImportnExport.ExportTestResultsExcel] [  270] - result.size() = 12
[DEBUG][2015-10-28 14:12:32,857][com.java.ImportnExport.ExportTestResultsExcel] [  274] - No of rows in sheet=2
[DEBUG][2015-10-28 14:12:32,858][com.java.ImportnExport.ExportTestResultsExcel] [  301] - ..in export..2
[DEBUG][2015-10-28 14:12:32,858][com.java.ImportnExport.ExportTestResultsExcel] [  301] - ..in export..Valid Login
[DEBUG][2015-10-28 14:12:32,858][com.java.ImportnExport.ExportTestResultsExcel] [  301] - ..in export..Pass
[DEBUG][2015-10-28 14:12:32,858][com.java.ImportnExport.ExportTestResultsExcel] [  301] - ..in export..
[DEBUG][2015-10-28 14:12:32,858][com.java.ImportnExport.ExportTestResultsExcel] [  301] - ..in export..Wed Oct 28 14:12:32 IST 2015
[INFO ][2015-10-28 14:12:32,859][com.java.SeleniumDriver] [ 1257] - out loop:1 size:15 TestCases:[1, 2, 3, 4, 5, 6, 7, 8, 9, 10, 11, 12, 13, 14, 15] testcases:[1, 2, 3, 4, 5, 6, 7, 8, 9, 10, 11, 12, 13, 14, 15]
[INFO ][2015-10-28 14:12:32,859][com.java.ImportnExport.ImportTestDataDetailsExcel] [   49] - test data details path===== D:\BankersDashboard\TestInputs\TestData.xls
